(relay)    19    10    1034.4    1    1033.0    124    1
(advertise)    11    1034.6    10    1
(relay)    17    3    1057.41    1    1052.01    126    1
(advertise)    11    1058.21    3    1
(relay)    17    15    1079.63    1    1066.03    126    1
(advertise)    11    1080.43    15    1
(relay)    17    9    1101.84    1    1096.04    126    1
(advertise)    11    1102.84    9    1
(relay)    17    45    1125.85    1    1098.05    125    1
(relay)    14    8    1126.25    1    1091.05    125    2
(advertise)    11    1126.45    45    1
(advertise)    11    1150.27    8    1
(relay)    19    6    1171.68    1    1084.03    121    1
(advertise)    11    1172.28    6    1
(relay)    19    32    1196.09    1    1157.09    123    1
(advertise)    11    1196.89    32    1
(relay)    17    46    1198.5    1    1166.0    124    1
(advertise)    11    1219.1    46    1
(relay)    42    42    1229.72    1    1229.12    127    1
(advertise)    11    1241.72    42    1
(relay)    17    41    1266.13    1    1245.3    125    1
(advertise)    11    1266.33    41    1
(relay)    19    20    1339.54    1    1338.16    126    1
(advertise)    11    1339.74    20    1
(relay)    12    12    1371.16    1    1370.17    127    1
(advertise)    11    1371.36    12    1
(relay)    17    34    1420.57    1    1419.16    126    1
(advertise)    11    1420.77    34    1
(relay)    14    14    1433.78    1    1433.2    127    1
(advertise)    11    1443.38    14    1
(relay)    17    43    1496.2    1    1495.12    125    1
(advertise)    11    1496.4    43    1
(relay)    14    1    1523.01    2    1504    122    1
(advertise)    11    1523.41    1    2
(relay)    14    21    1545.82    1    1534.02    122    1
(advertise)    11    1546.42    21    1
(relay)    19    38    1566.63    1    1540.2    119    1
(advertise)    11    1568.63    38    1
(relay)    19    24    1589.85    1    1568.06    125    1
(advertise)    11    1591.45    24    1
(generate)    11    1602.06    [31]    1
(relay)    19    19    1603.67    1    1603.06    127    1
(advertise)    11    1615.67    19    1
(relay)    19    35    1633.69    1    1578.05    121    1
(advertise)    11    1637.89    35    1
(relay)    19    26    1654.3    1    1640.1    126    1
(advertise)    11    1660.1    26    1
(relay)    19    18    1675.51    1    1643.11    125    1
(advertise)    11    1682.91    18    1
(relay)    17    17    1691.73    1    1691.1    127    1
(relay)    19    5    1702.73    1    1639.07    122    2
(advertise)    11    1705.93    17    1
(relay)    17    47    1707.74    1    1676.09    125    2
(relay)    44    44    1725.14    1    1724.13    127    3
(advertise)    11    1727.74    5    1
(advertise)    11    1750.35    47    1
(relay)    17    2    1755.96    2    1742    124    2
(relay)    4    4    1767.16    1    1767.15    127    3
(advertise)    11    1772.36    44    1
(advertise)    11    1795.58    2    2
(relay)    12    0    1814.19    1    1676.1    123    2
(advertise)    11    1817.39    4    1
(advertise)    11    1840.2    0    1
(relay)    19    40    1857.22    1    1706.07    121    1
(relay)    4    48    1857.82    1    1832.62    126    2
(advertise)    11    1862.62    40    1
(relay)    17    13    1864.43    1    1853.16    126    2
(relay)    4    16    1879.63    1    1839.0    126    3
(advertise)    11    1883.63    48    1
(advertise)    11    1905.84    13    1
(relay)    17    7    1908.66    1    1867.0    126    2
(relay)    19    29    1923.46    1    1790.16    123    3
(advertise)    11    1926.86    16    1
(advertise)    11    1950.07    7    1
(relay)    19    22    1969.48    1    1850.03    125    2
(advertise)    11    1973.68    29    1
(advertise)    11    1995.29    22    1
(relay)    19    39    2014.11    1    1941.02    121    1
(advertise)    11    2016.31    39    1
(relay)    19    23    2040.52    1    1986.09    124    1
(advertise)    11    2040.72    23    1
(relay)    17    3    2064.13    2    2052.08    126    1
(advertise)    11    2064.33    3    2
(relay)    14    36    2073.75    1    1967.07    122    1
(advertise)    11    2086.75    36    1
(relay)    44    10    2089.16    2    2033.13    124    1
(advertise)    11    2108.36    10    2
(relay)    19    8    2129.57    2    2091.17    125    1
(relay)    17    9    2129.77    2    2096.31    126    2
(advertise)    11    2130.37    8    2
(advertise)    11    2151.39    9    2
(relay)    19    6    2153.6    2    2084.09    120    1
(advertise)    11    2173.2    6    2
(relay)    19    32    2197.21    2    2157.17    123    1
(advertise)    11    2197.41    32    2
(relay)    17    46    2217.02    2    2166.01    124    1
(advertise)    11    2220.42    46    2
(relay)    42    42    2229.84    2    2229.22    127    1
(relay)    17    25    2240.64    2    2239.19    126    2
(advertise)    11    2244.44    42    2
(advertise)    11    2266.25    25    2
(relay)    17    41    2284.26    2    2245.32    124    1
(advertise)    11    2288.46    41    2
(relay)    19    30    2331.28    2    2312.28    122    1
(advertise)    11    2331.48    30    2
(relay)    12    20    2353.29    2    2338.3    126    1
(advertise)    11    2353.49    20    2
(relay)    12    12    2370.5    2    2370.32    127    1
(advertise)    11    2376.1    12    2
(relay)    17    34    2420.72    2    2419.28    126    1
(advertise)    11    2420.92    34    2
(relay)    14    14    2434.33    2    2433.34    127    1
(advertise)    11    2442.73    14    2
(relay)    14    21    2537.14    2    2534.13    123    1
(advertise)    11    2537.34    21    2
(relay)    44    38    2560.35    2    2540.31    120    1
(advertise)    11    2560.55    38    2
(relay)    19    24    2582.37    2    2568.19    126    1
(advertise)    11    2583.37    24    2
(generate)    11    2602.18    [31]    2
(relay)    19    19    2604.79    2    2604.21    127    1
(advertise)    11    2606.79    19    2
(relay)    19    35    2629.01    2    2578.17    119    1
(advertise)    11    2629.81    35    2
(relay)    14    26    2671.42    2    2640.23    126    1
(advertise)    11    2671.62    26    2
(relay)    17    17    2691.83    2    2691.21    127    1
(relay)    14    18    2693.43    2    2643.23    124    2
(advertise)    11    2694.03    17    2
(advertise)    11    2716.24    18    2
(relay)    12    5    2717.46    2    2639.21    121    1
(relay)    44    44    2725.26    2    2724.26    127    2
(advertise)    11    2738.46    5    2
(advertise)    11    2760.47    44    2
(relay)    4    0    2763.48    2    2676.19    120    1
(relay)    4    4    2767.88    2    2767.28    127    2
(advertise)    11    2783.48    0    2
(relay)    17    2    2785.3    3    2742    124    2
(relay)    19    40    2806.7    2    2706.21    121    3
(advertise)    11    2806.9    4    2
(relay)    14    29    2828.31    2    2790.3    121    3
(advertise)    11    2829.91    2    3
(advertise)    11    2851.12    40    2
(relay)    19    48    2853.74    2    2832.75    126    2
(advertise)    11    2873.74    29    2
(relay)    19    16    2876.15    2    2839.12    126    2
(relay)    17    13    2876.35    2    2853.28    126    3
(advertise)    11    2895.75    48    2
(relay)    17    7    2900.16    2    2867.11    126    3
(relay)    12    22    2913.76    2    2850.15    124    4
(advertise)    11    2917.36    16    2
(advertise)    11    2939.37    13    2
(advertise)    11    2961.99    7    2
(advertise)    11    2985.2    22    2
(relay)    12    27    2986.61    2    2897.16    121    1
(advertise)    11    3007.41    27    2
(relay)    19    33    3010.03    2    2937.17    123    1
(advertise)    11    3030.63    33    2
(relay)    19    23    3033.04    2    2986.21    124    1
(advertise)    11    3051.84    23    2
(relay)    19    39    3055.85    2    2941.11    121    1
(advertise)    11    3072.85    39    2
(relay)    17    15    3075.47    3    3066.8    126    1
(relay)    19    10    3077.27    3    3033.25    125    2
(advertise)    11    3094.87    15    3
(advertise)    11    3117.68    10    3
(relay)    19    36    3121.29    2    2967.39    122    1
(advertise)    11    3139.49    36    2
(relay)    19    8    3143.1    3    3091.29    125    1
(advertise)    11    3161.5    8    3
(relay)    17    9    3166.12    3    3096.41    125    1
(relay)    44    37    3167.52    2    2984.19    121    2
(advertise)    11    3182.72    9    3
(advertise)    11    3204.93    37    2
(relay)    17    45    3209.94    3    3098.23    124    1
(relay)    4    32    3211.74    3    3157.28    122    2
(advertise)    11    3227.94    45    3
(relay)    42    42    3229.96    3    3229.34    127    2
(relay)    19    6    3236.56    3    3084.19    121    3
(advertise)    11    3248.96    32    3
(relay)    17    46    3256.77    3    3166.03    124    3
(advertise)    11    3270.37    42    3
(relay)    17    25    3277.38    3    3239.28    126    3
(advertise)    11    3293.78    6    3
(advertise)    11    3315.8    46    3
(relay)    17    41    3322.61    3    3245.4    125    2
(advertise)    11    3338.01    25    3
(relay)    14    30    3339.82    3    3312.37    121    2
(advertise)    11    3361.62    41    3
(relay)    12    12    3370.63    3    3370.45    127    2
(advertise)    11    3383.63    30    3
(relay)    14    20    3385.25    3    3338.42    125    2
(advertise)    11    3405.45    12    3
(advertise)    11    3428.26    20    3
(relay)    17    34    3431.87    3    3419.4    126    1
(relay)    14    14    3434.67    3    3433.69    127    2
(advertise)    11    3449.27    34    3
(advertise)    11    3470.29    14    3
(relay)    17    43    3499.7    3    3495.34    125    1
(advertise)    11    3499.9    43    3
(relay)    14    1    3526.31    4    3504    123    1
(advertise)    11    3526.91    1    4
(relay)    19    21    3547.93    3    3534.26    123    1
(advertise)    11    3549.13    21    3
(relay)    19    38    3570.34    3    3540.42    121    1
(advertise)    11    3572.14    38    3
(relay)    19    24    3592.55    3    3568.35    126    1
(advertise)    11    3593.35    24    3
(generate)    11    3602.36    [31]    3
(relay)    19    19    3605.38    3    3604.36    127    1
(advertise)    11    3615.58    19    3
(relay)    19    35    3636.19    3    3578.31    120    1
(advertise)    11    3638.79    35    3
(relay)    19    26    3657.6    3    3640.4    126    1
(advertise)    11    3659.8    26    3
(relay)    19    18    3681.82    3    3643.39    124    1
(advertise)    11    3682.22    18    3
(relay)    17    17    3692.03    3    3691.38    127    1
(advertise)    11    3704.23    17    3
(relay)    17    47    3709.84    3    3676.36    124    1
(relay)    44    44    3724.44    3    3724.42    127    2
(advertise)    11    3726.24    47    3
(advertise)    11    3749.66    44    3
(relay)    19    5    3750.87    3    3639.35    122    1
(relay)    4    4    3768.07    3    3767.44    127    2
(advertise)    11    3772.47    5    3
(advertise)    11    3795.08    4    3
(relay)    17    2    3798.09    4    3742    124    1
(relay)    14    0    3815.89    3    3676.35    122    2
(advertise)    11    3817.09    2    4
(relay)    19    48    3838.91    3    3832.91    126    2
(advertise)    11    3839.11    0    3
(relay)    19    40    3860.92    3    3706.31    120    2
(advertise)    11    3861.72    48    3
(relay)    17    13    3863.93    3    3853.46    126    2
(advertise)    11    3882.93    40    3
(relay)    19    16    3887.75    3    3839.69    125    2
(advertise)    11    3904.95    13    3
(relay)    17    7    3907.36    3    3867.28    126    2
(relay)    19    29    3907.96    3    3790.44    123    3
(advertise)    11    3926.76    16    3
(relay)    19    22    3931.17    3    3850.92    125    3
(advertise)    11    3947.97    7    3
(advertise)    11    3969.79    29    3
(advertise)    11    3991.4    22    3
(relay)    19    27    3998.21    3    3897.33    124    1
(advertise)    11    4013.01    27    3
(relay)    19    28    4019.82    3    3862.27    121    1
(advertise)    11    4034.02    28    3
(relay)    4    33    4043.64    3    3937.32    121    1
(advertise)    11    4056.04    33    3
(relay)    17    3    4063.85    4    4052.35    126    1
(relay)    19    10    4064.85    4    4033.4    125    2
(advertise)    11    4079.05    3    4
(relay)    19    23    4085.06    3    3986.39    124    2
(advertise)    11    4101.06    10    4
(relay)    17    15    4107.68    4    4066.97    126    2
(advertise)    11    4123.28    23    3
(relay)    17    9    4129.69    4    4096.6    126    2
(relay)    19    39    4131.49    3    3941.23    121    3
(relay)    12    8    4145.09    4    4091.45    125    4
(advertise)    11    4145.49    15    4
(advertise)    11    4168.9    9    4
(advertise)    11    4191.12    39    3
(relay)    17    45    4193.33    4    4098.41    125    2
(advertise)    11    4214.13    8    4
(relay)    44    36    4218.34    3    3967.52    119    2
(relay)    42    42    4230.14    4    4229.52    127    3
(advertise)    11    4235.94    45    4
(relay)    19    37    4242.95    3    3984.33    121    3
(advertise)    11    4257.75    36    3
(relay)    17    46    4261.37    4    4166.04    124    3
(advertise)    11    4278.97    42    4
(relay)    17    25    4282.58    4    4239.45    126    3
(advertise)    11    4301.18    37    3
(relay)    19    6    4311.39    4    4084.31    121    3
(advertise)    11    4322.59    46    4
(relay)    19    32    4333.41    4    4157.44    123    3
(advertise)    11    4345.61    25    4
(relay)    17    41    4349.02    4    4245.57    125    3
(advertise)    11    4370.22    6    4
(relay)    19    20    4377.23    4    4338.62    126    3
(advertise)    11    4393.43    32    4
(advertise)    11    4414.85    41    4
(relay)    4    12    4421.26    4    4370.63    126    2
(relay)    12    30    4433.26    4    4312.52    122    3
(relay)    14    14    4434.86    4    4433.86    127    4
(advertise)    11    4435.86    20    4
(relay)    17    34    4437.27    4    4419.58    2    4
(advertise)    11    4459.67    12    4
(advertise)    11    4480.88    30    4
(advertise)    11    4503.1    14    4
(heartbeat)    31    1    4381.2    11    4504.91    127    0
(advertise)    11    4525.31    34    4
(relay)    17    43    4530.32    4    4495.52    4    2
(relay)    4    1    4537.12    5    4504    122    3
(advertise)    11    4549.92    31    1
(relay)    12    21    4556.54    4    4534.46    1    3
(advertise)    11    4573.54    43    4
(relay)    19    24    4582.75    4    4568.55    4    3
(advertise)    11    4595.75    1    5
(generate)    11    4602.56    [31]    4
(relay)    19    19    4606.58    4    4605.56    6    2
(advertise)    11    4617.18    24    4
(advertise)    11    4638.79    19    4
(relay)    19    26    4650.2    4    4640.59    4    1
(advertise)    11    4662.2    26    4
(relay)    19    18    4675.41    4    4643.58    3    1
(advertise)    11    4684.41    18    4
(relay)    17    17    4692.63    4    4691.54    4    1
(advertise)    11    4706.43    17    4
(relay)    17    47    4708.84    4    4676.5    5    1
(relay)    44    44    4724.64    4    4724.6    7    2
(advertise)    11    4728.44    47    4
(advertise)    11    4752.25    44    4
(relay)    4    4    4768.27    4    4767.63    7    1
(advertise)    11    4774.67    4    4
(relay)    17    13    4854.88    4    4853.56    4    1
(advertise)    11    4855.08    13    4
(relay)    42    16    4856.89    4    4839.87    5    1
(advertise)    11    4876.09    16    4
(relay)    12    22    4877.91    4    4851.11    2    1
(advertise)    11    4897.31    22    4
(relay)    12    23    4987.72    4    4986.56    1    1
(relay)    19    10    5036.32    5    5033.6    1    1
(relay)    17    3    5054.72    5    5052.38    2    1
(advertise)    11    5054.92    3    5
(relay)    14    8    5093.73    5    5091.62    1    1
(relay)    17    9    5099.13    5    5096.61    4    1
(advertise)    11    5099.33    9    5
(relay)    17    45    5120.74    5    5098.83    5    1
(advertise)    11    5121.34    45    5
(relay)    42    42    5230.56    5    5229.53    7    1
(advertise)    11    5230.76    42    5
(relay)    17    25    5255.77    5    5239.64    2    1
(advertise)    11    5256.37    25    5
(relay)    17    41    5275.98    5    5245.7    4    1
(advertise)    11    5278.18    41    5
(relay)    12    20    5340.0    5    5338.66    4    1
(advertise)    11    5340.2    20    5
(relay)    12    12    5370.81    5    5370.64    7    1
(advertise)    11    5371.01    12    5
(relay)    17    34    5422.02    5    5419.69    2    1
(advertise)    11    5422.22    34    5
(relay)    14    14    5435.04    5    5434.05    6    1
(advertise)    11    5444.64    14    5
(relay)    42    1    5509.65    6    5504    122    1
(advertise)    11    5509.85    1    6
(relay)    12    21    5536.26    5    5534.57    1    1
(relay)    19    24    5570.06    5    5568.7    4    1
(advertise)    11    5570.26    24    5
(generate)    11    5602.67    [31]    5
(relay)    19    19    5606.69    5    5605.67    6    1
(advertise)    11    5606.89    19    5
(relay)    19    26    5641.1    5    5640.75    4    1
(advertise)    11    5641.3    26    5
(relay)    19    18    5670.71    5    5643.69    3    1
(advertise)    11    5670.91    18    5
(relay)    17    17    5692.73    5    5691.65    4    1
(advertise)    11    5693.53    17    5
(relay)    17    47    5694.94    5    5676.54    5    1
(advertise)    11    5716.34    47    5
(relay)    44    44    5724.75    5    5724.7    7    1
(advertise)    11    5738.75    44    5
(relay)    12    0    5767.77    5    5677.31    1    1
(relay)    4    4    5768.37    5    5767.71    7    1
(advertise)    11    5768.57    4    5
(relay)    17    13    5854.78    5    5853.64    4    1
(advertise)    11    5854.98    13    5
(relay)    14    16    5856.59    5    5839.99    5    1
(advertise)    11    5877.19    16    5
(relay)    17    7    5878.4    5    5867.49    3    1
(relay)    14    22    5880.6    5    5851.12    3    2
(advertise)    11    5899.6    7    5
(advertise)    11    5922.62    22    5
(relay)    12    23    5987.63    5    5986.57    1    1
(relay)    17    3    6054.83    6    6052.45    2    1
(advertise)    11    6055.03    3    6
(relay)    17    15    6074.84    6    6067.1    3    1
(advertise)    11    6077.44    15    6
(relay)    17    9    6097.46    6    6096.69    4    1
(advertise)    11    6098.86    9    6
(relay)    4    8    6100.07    6    6091.64    1    1
(relay)    17    45    6120.67    6    6098.85    5    1
(advertise)    11    6121.07    45    6
(relay)    17    46    6166.68    6    6166.06    5    1
(advertise)    11    6166.88    46    6
(relay)    42    42    6230.9    6    6229.83    7    1
(advertise)    11    6231.1    42    6
(relay)    17    25    6254.31    6    6239.71    2    1
(advertise)    11    6254.71    25    6
(relay)    17    41    6277.32    6    6245.87    4    1
(advertise)    11    6278.32    41    6
(relay)    12    20    6340.33    6    6338.81    4    1
(advertise)    11    6340.53    20    6
(relay)    12    12    6370.95    6    6370.79    7    1
(advertise)    11    6371.15    12    6
(relay)    17    34    6422.16    6    6419.78    2    1
(advertise)    11    6422.36    34    6
(relay)    14    14    6434.17    6    6434.16    6    1
(advertise)    11    6444.17    14    6
(relay)    14    1    6506.99    7    6504    123    1
(advertise)    11    6507.19    1    7
(relay)    19    21    6536.2    6    6534.72    1    1
(relay)    19    24    6570.2    6    6568.85    4    1
(advertise)    11    6570.4    24    6
(generate)    11    6602.81    [31]    6
(relay)    19    19    6606.83    6    6605.8    6    1
(advertise)    11    6607.03    19    6
(relay)    19    26    6641.64    6    6640.9    4    1
(advertise)    11    6641.84    26    6
(relay)    19    18    6672.65    6    6643.83    3    1
(advertise)    11    6672.85    18    6
(relay)    17    17    6692.86    6    6691.76    4    1
(advertise)    11    6693.86    17    6
(relay)    17    47    6697.28    6    6676.57    5    1
(advertise)    11    6714.88    47    6
(relay)    44    44    6724.89    6    6724.8    7    1
(advertise)    11    6737.89    44    6
(relay)    14    0    6759.9    6    6677.44    1    1
(relay)    4    4    6768.9    6    6767.81    7    1
(advertise)    11    6769.1    4    6
(relay)    44    48    6834.52    6    6833.32    6    1
(advertise)    11    6834.72    48    6
(relay)    14    16    6856.53    6    6840.13    5    1
(advertise)    11    6856.93    16    6
(relay)    17    13    6859.34    6    6853.72    4    1
(relay)    4    22    6880.34    6    6851.15    2    2
(advertise)    11    6880.54    13    6
(advertise)    11    6902.76    22    6
(relay)    19    23    6987.77    6    6986.75    1    1
(relay)    17    3    7054.77    7    7052.55    2    1
(advertise)    11    7054.97    3    7
(relay)    17    15    7075.18    7    7067.21    3    1
(advertise)    11    7078.58    15    7
(relay)    17    9    7098.19    7    7096.8    4    1
(relay)    19    8    7100.99    7    7091.67    1    2
(advertise)    11    7101.59    9    7
(relay)    17    45    7121.41    7    7099.1    5    1
(advertise)    11    7122.81    45    7
(relay)    17    46    7166.82    7    7166.18    5    1
(advertise)    11    7167.02    46    7
(relay)    42    42    7231.03    7    7229.94    7    1
(advertise)    11    7231.23    42    7
(relay)    17    25    7254.25    7    7239.81    2    1
(advertise)    11    7254.65    25    7
(relay)    17    41    7275.46    7    7245.89    4    1
(advertise)    11    7276.46    41    7
(relay)    12    12    7371.47    7    7370.92    7    1
(advertise)    11    7371.67    12    7
(relay)    17    34    7421.49    7    7419.86    2    1
(advertise)    11    7421.69    34    7
(relay)    14    14    7434.5    7    7434.34    6    1
(advertise)    11    7443.7    14    7
(relay)    17    43    7499.31    7    7495.91    4    1
(advertise)    11    7499.51    43    7
(relay)    44    1    7521.52    8    7504    122    1
(advertise)    11    7522.12    1    8
(relay)    12    21    7546.14    7    7534.86    1    1
(relay)    19    24    7570.74    7    7569.03    4    1
(advertise)    11    7570.94    24    7
(generate)    11    7602.95    [31]    7
(relay)    44    19    7624.76    7    7605.96    5    1
(advertise)    11    7624.96    19    7
(relay)    19    26    7642.38    7    7641.08    4    1
(advertise)    11    7646.38    26    7
(relay)    19    18    7671.99    7    7643.96    3    1
(advertise)    11    7672.39    18    7
(relay)    17    17    7693.0    7    7691.9    4    1
(advertise)    11    7694.4    17    7
(relay)    17    47    7696.62    7    7676.6    5    1
(advertise)    11    7717.02    47    7
(relay)    44    44    7725.03    7    7724.92    7    1
(advertise)    11    7740.63    44    7
(relay)    4    4    7769.04    7    7767.94    7    1
(advertise)    11    7769.24    4    7
(relay)    19    48    7834.85    7    7833.44    6    1
(advertise)    11    7835.05    48    7
(relay)    12    16    7857.47    7    7840.27    5    1
(advertise)    11    7857.67    16    7
(relay)    42    22    7878.88    7    7851.15    2    1
(advertise)    11    7879.68    22    7
(relay)    17    7    7899.49    7    7867.71    3    1
(advertise)    11    7902.49    7    7
(relay)    12    33    7943.51    7    7937.89    1    1
(relay)    12    23    7989.31    7    7986.94    1    1
(relay)    14    10    8036.91    8    8034.48    1    1
(relay)    17    3    8054.11    8    8052.66    2    1
(advertise)    11    8054.31    3    8
(relay)    17    15    8074.72    8    8067.34    3    1
(advertise)    11    8076.72    15    8
(relay)    17    9    8098.13    8    8096.92    4    1
(advertise)    11    8098.33    9    8
(relay)    44    8    8099.55    8    8091.67    1    1
(relay)    17    46    8166.95    8    8166.25    5    1
(advertise)    11    8167.15    46    8
(relay)    42    42    8231.16    8    8230.05    7    1
(advertise)    11    8231.36    42    8
(relay)    17    25    8240.37    8    8239.92    2    1
(advertise)    11    8253.97    25    8
(relay)    17    41    8263.58    8    8245.91    4    1
(advertise)    11    8274.98    41    8
(relay)    19    20    8339.4    8    8339.1    4    1
(advertise)    11    8339.6    20    8
(relay)    12    12    8371.61    8    8371.08    7    1
(advertise)    11    8371.81    12    8
(heartbeat)    31    2    8381.21    11    8396.62    5    5
(advertise)    11    8397.22    31    2
(relay)    17    34    8420.64    8    8420.0    2    1
(advertise)    11    8420.84    34    8
(relay)    14    14    8434.65    8    8434.49    5    1
(advertise)    11    8442.85    14    8
(relay)    12    21    8538.26    8    8535.0    1    1
(relay)    19    24    8571.46    8    8569.15    4    1
(advertise)    11    8571.66    24    8
(generate)    11    8603.08    [31]    8
(relay)    19    19    8606.09    8    8606.06    6    1
(advertise)    11    8606.29    19    8
(relay)    19    26    8642.5    8    8641.22    3    1
(advertise)    11    8642.7    26    8
(relay)    14    18    8670.51    8    8644.26    1    1
(relay)    17    47    8680.11    8    8676.61    5    1
(advertise)    11    8680.31    47    8
(relay)    17    17    8692.13    8    8692.02    4    1
(advertise)    11    8701.33    17    8
(relay)    44    44    8725.54    8    8725.01    7    1
(advertise)    11    8725.94    44    8
(relay)    19    0    8735.95    8    8677.71    1    1
(relay)    4    4    8768.95    8    8768.02    7    1
(advertise)    11    8769.15    4    8
(relay)    17    13    8856.17    8    8853.92    4    1
(advertise)    11    8856.37    13    8
(relay)    44    16    8857.58    8    8840.37    5    1
(advertise)    11    8877.58    16    8
(relay)    19    22    8879.99    8    8851.32    2    1
(advertise)    11    8900.39    22    8
(relay)    14    33    8951.21    8    8938.02    1    1
(relay)    12    23    8990.01    8    8987.13    1    1
(relay)    14    10    9036.21    9    9034.66    1    1
(relay)    17    3    9053.21    9    9052.72    2    1
(advertise)    11    9053.41    3    9
(relay)    17    15    9077.42    9    9067.42    3    1
(advertise)    11    9077.62    15    9
(relay)    17    9    9100.03    9    9097.01    4    1
(advertise)    11    9100.43    9    9
(relay)    44    8    9101.64    9    9091.83    1    1
(relay)    17    45    9123.24    9    9100.34    5    1
(advertise)    11    9124.24    45    9
(relay)    17    46    9167.46    9    9166.26    5    1
(advertise)    11    9167.66    46    9
(relay)    42    42    9230.27    9    9230.14    7    1
(advertise)    11    9230.47    42    9
(relay)    17    25    9254.48    9    9240.02    2    1
(advertise)    11    9255.48    25    9
(relay)    17    41    9276.9    9    9246.1    4    1
(advertise)    11    9279.1    41    9
(relay)    19    20    9339.71    9    9339.27    4    1
(advertise)    11    9339.91    20    9
(relay)    12    12    9371.72    9    9371.17    6    1
(advertise)    11    9371.92    12    9
(relay)    17    34    9420.54    9    9420.09    2    1
(advertise)    11    9420.74    34    9
(relay)    14    14    9434.75    9    9434.61    5    1
(advertise)    11    9442.15    14    9
(relay)    14    21    9538.96    9    9535.15    1    1
(relay)    14    24    9570.76    9    9569.28    3    1
(advertise)    11    9570.96    24    9
(generate)    11    9603.17    [31]    9
(relay)    19    19    9606.39    9    9606.19    6    1
(advertise)    11    9606.59    19    9
(relay)    19    26    9643.2    9    9641.36    3    1
(advertise)    11    9643.4    26    9
(relay)    14    18    9673.01    9    9644.39    1    1
(relay)    17    17    9692.21    9    9692.12    4    1
(advertise)    11    9692.41    17    9
(relay)    19    0    9714.43    9    9677.91    1    1
(relay)    44    44    9725.63    9    9725.07    7    1
(advertise)    11    9725.83    44    9
(relay)    17    2    9753.04    10    9742    124    1
(advertise)    11    9753.24    2    10
(relay)    42    4    9776.05    9    9768.1    6    1
(advertise)    11    9777.25    4    9
(relay)    14    48    9835.67    9    9833.63    5    1
(advertise)    11    9835.87    48    9
(relay)    19    16    9856.88    9    9840.51    5    1
(advertise)    11    9858.28    16    9
(relay)    19    22    9878.29    9    9852.31    2    1
(advertise)    11    9880.29    22    9
(relay)    17    7    9903.91    9    9867.9    3    1
(advertise)    11    9904.11    7    9
(relay)    12    33    9965.12    9    9938.13    1    1
(relay)    19    23    9991.32    9    9987.28    1    1
(relay)    14    10    10036.52    10    10034.85    1    1
(relay)    17    3    10053.12    10    10052.81    2    1
(advertise)    11    10053.32    3    10
(relay)    17    15    10074.53    10    10067.52    3    1
(advertise)    11    10074.73    15    10
(relay)    14    8    10096.94    10    10092.03    2    1
(advertise)    11    10097.94    8    10
(relay)    17    9    10100.16    10    10097.12    4    1
(advertise)    11    10120.36    9    10
(relay)    17    45    10123.77    10    10100.39    5    1
(advertise)    11    10142.97    45    10
(relay)    17    46    10168.38    10    10166.27    5    1
(advertise)    11    10168.58    46    10
(relay)    42    42    10230.4    10    10230.23    7    1
(advertise)    11    10230.6    42    10
(relay)    17    25    10252.81    10    10240.1    2    1
(advertise)    11    10253.01    25    10
(relay)    17    41    10274.02    10    10246.11    4    1
(advertise)    11    10275.82    41    10
(relay)    12    20    10340.64    10    10339.39    4    1
(advertise)    11    10340.84    20    10
(relay)    12    12    10372.25    10    10371.31    6    1
(advertise)    11    10372.45    12    10
(relay)    17    34    10420.66    10    10420.16    2    1
(advertise)    11    10420.86    34    10
(relay)    14    14    10435.27    10    10434.75    5    1
(advertise)    11    10442.27    14    10
(relay)    19    1    10505.29    11    10504    123    1
(advertise)    11    10505.49    1    11
(relay)    19    21    10539.3    10    10535.24    1    1
(relay)    19    24    10571.9    10    10569.44    4    1
(advertise)    11    10572.1    24    10
(generate)    11    10603.31    [31]    10
(relay)    19    19    10606.53    10    10606.33    6    1
(advertise)    11    10606.73    19    10
(relay)    19    26    10643.74    10    10641.51    3    1
(advertise)    11    10643.94    26    10
(relay)    42    18    10670.75    10    10644.53    1    1
(relay)    17    47    10677.55    10    10676.72    5    1
(advertise)    11    10677.75    47    10
(relay)    17    17    10692.37    10    10692.26    4    1
(advertise)    11    10698.77    17    10
(relay)    44    44    10725.78    10    10725.2    7    1
(advertise)    11    10725.98    44    10
(relay)    17    2    10755.19    11    10742    124    1
(advertise)    11    10755.39    2    11
(relay)    4    4    10768.4    10    10768.22    7    1
(advertise)    11    10777.4    4    10
(relay)    19    48    10836.22    10    10833.73    5    1
(advertise)    11    10836.42    48    10
(relay)    14    16    10855.23    10    10840.63    5    1
(advertise)    11    10857.43    16    10
(relay)    17    13    10860.44    10    10854.17    4    1
(relay)    14    22    10879.44    10    10852.34    2    2
(advertise)    11    10879.64    13    10
(advertise)    11    10900.86    22    10
(relay)    17    7    10904.67    10    10868.02    3    1
(advertise)    11    10922.87    7    10
(relay)    12    23    10991.08    10    10987.3    1    1
(relay)    14    10    11035.68    11    11034.89    1    1
(relay)    17    3    11053.28    11    11052.92    2    1
(advertise)    11    11053.48    3    11
(relay)    17    15    11074.7    11    11067.65    3    1
(advertise)    11    11075.5    15    11
(relay)    44    8    11098.51    11    11092.08    1    1
(relay)    17    9    11099.31    11    11097.26    4    1
(advertise)    11    11099.51    9    11
(relay)    17    45    11121.32    11    11101.46    4    1
(advertise)    11    11121.72    45    11
(relay)    17    46    11168.33    11    11166.29    5    1
(advertise)    11    11168.53    46    11
(relay)    42    42    11230.55    11    11230.35    7    1
(advertise)    11    11230.75    42    11
(relay)    17    25    11253.76    11    11240.21    2    1
(advertise)    11    11254.76    25    11
(relay)    17    41    11276.57    11    11246.12    3    1
(advertise)    11    11276.77    41    11
(relay)    12    20    11340.79    11    11339.54    4    1
(advertise)    11    11340.99    20    11
(relay)    12    12    11372.4    11    11371.46    6    1
(advertise)    11    11372.6    12    11
(relay)    17    34    11421.61    11    11420.27    2    1
(advertise)    11    11421.81    34    11
(relay)    14    14    11435.43    11    11434.9    5    1
(advertise)    11    11444.83    14    11
(relay)    17    43    11496.84    11    11496.16    4    1
(advertise)    11    11497.04    43    11
(relay)    12    1    11521.05    12    11504    123    1
(advertise)    11    11521.45    1    12
(relay)    14    21    11544.06    11    11535.41    1    1
(generate)    11    11603.46    [31]    11
(relay)    19    19    11607.08    11    11606.48    6    1
(advertise)    11    11607.28    19    11
(relay)    19    26    11643.89    11    11641.67    3    1
(advertise)    11    11644.09    26    11
(relay)    19    18    11670.9    11    11644.66    2    1
(advertise)    11    11671.1    18    11
(relay)    17    47    11677.52    11    11676.79    5    1
(advertise)    11    11692.72    47    11
(relay)    19    0    11719.93    11    11678.16    1    1
(relay)    44    44    11726.33    11    11725.32    7    1
(advertise)    11    11726.53    44    11
(relay)    4    4    11768.34    11    11768.33    7    1
(advertise)    11    11768.54    4    11
(relay)    17    13    11854.76    11    11854.24    4    1
(advertise)    11    11854.96    13    11
(relay)    42    16    11856.37    11    11840.76    5    1
(advertise)    11    11877.17    16    11
(relay)    42    22    11899.78    11    11852.35    1    1
(relay)    19    33    11950.58    11    11938.42    1    1
(relay)    12    23    11992.38    11    11987.49    1    1
(relay)    14    10    12036.38    12    12034.91    1    1
(relay)    17    3    12054.18    12    12052.97    2    1
(advertise)    11    12054.38    3    12
(relay)    17    15    12076.19    12    12067.73    3    1
(advertise)    11    12077.59    15    12
(relay)    17    9    12100.21    12    12097.35    4    1
(relay)    44    8    12100.81    12    12092.1    1    2
(advertise)    11    12101.41    9    12
(relay)    17    45    12120.42    12    12101.48    5    1
(advertise)    11    12123.82    45    12
(relay)    17    46    12168.83    12    12166.35    5    1
(advertise)    11    12169.03    46    12
(relay)    42    42    12230.65    12    12230.46    7    1
(advertise)    11    12230.85    42    12
(relay)    17    25    12253.26    12    12240.28    2    1
(advertise)    11    12253.46    25    12
(relay)    17    41    12276.07    12    12246.14    4    1
(advertise)    11    12276.47    41    12
(relay)    12    20    12340.89    12    12339.71    4    1
(advertise)    11    12341.09    20    12
(relay)    12    12    12372.7    12    12371.62    6    1
(advertise)    11    12372.9    12    12
(heartbeat)    31    3    12381.23    11    12396.31    3    5
(advertise)    11    12397.31    31    3
(relay)    17    34    12421.72    12    12420.36    2    1
(advertise)    11    12422.12    34    12
(relay)    14    14    12435.54    12    12435.03    5    1
(advertise)    11    12445.74    14    12
(relay)    17    43    12496.75    12    12496.19    4    1
(advertise)    11    12496.95    43    12
(relay)    19    1    12521.76    13    12504    123    1
(advertise)    11    12521.96    1    13
(relay)    19    24    12570.18    12    12569.77    3    1
(advertise)    11    12570.38    24    12
(generate)    11    12603.59    [31]    12
(relay)    19    19    12607.2    12    12606.63    5    1
(advertise)    11    12607.4    19    12
(relay)    19    26    12644.02    12    12641.85    3    1
(advertise)    11    12644.22    26    12
(relay)    12    18    12670.43    12    12644.8    2    1
(advertise)    11    12670.83    18    12
(relay)    17    47    12677.64    12    12676.82    4    1
(advertise)    11    12692.04    47    12
(relay)    17    17    12693.25    12    12692.52    4    1
(advertise)    11    12715.25    17    12
(relay)    44    44    12726.47    12    12725.46    6    1
(advertise)    11    12738.47    44    12
(relay)    4    4    12768.48    12    12768.47    7    1
(advertise)    11    12768.68    4    12
(relay)    17    13    12854.69    12    12854.32    4    1
(advertise)    11    12854.89    13    12
(relay)    42    16    12856.51    12    12840.87    5    1
(relay)    17    7    12877.71    12    12868.21    3    2
(advertise)    11    12878.51    16    12
(relay)    19    22    12899.72    12    12852.37    2    2
(advertise)    11    12901.52    7    12
(advertise)    11    12923.73    22    12
(relay)    12    33    12948.35    12    12938.58    1    1
(relay)    12    23    12992.15    12    12987.49    1    1
(relay)    14    10    13036.75    13    13035.1    1    1
(relay)    17    3    13054.35    13    13053.06    2    1
(advertise)    11    13054.55    3    13
(relay)    17    15    13075.96    13    13067.85    3    1
(advertise)    11    13076.96    15    13
(relay)    17    9    13099.57    13    13097.45    4    1
(advertise)    11    13099.97    9    13
(relay)    42    8    13101.38    13    13092.11    1    1
(relay)    17    46    13169.78    13    13166.48    4    1
(advertise)    11    13169.98    46    13
(relay)    42    42    13231.2    13    13230.6    7    1
(advertise)    11    13231.4    42    13
(relay)    17    25    13255.01    13    13240.39    2    1
(advertise)    11    13255.81    25    13
(relay)    12    20    13341.82    13    13339.86    4    1
(advertise)    11    13342.02    20    13
(relay)    12    12    13372.84    13    13371.75    6    1
(advertise)    11    13373.04    12    13
(relay)    17    34    13421.65    13    13420.45    2    1
(advertise)    11    13421.85    34    13
(relay)    14    14    13436.06    13    13435.13    5    1
(advertise)    11    13443.26    14    13
(relay)    17    43    13498.48    13    13496.24    4    1
(advertise)    11    13498.68    43    13
(relay)    14    21    13538.89    13    13535.69    1    1
(relay)    12    24    13570.69    13    13569.92    2    1
(advertise)    11    13570.89    24    13
(generate)    11    13603.7    [31]    13
(relay)    19    19    13607.31    13    13606.73    5    1
(advertise)    11    13607.51    19    13
(relay)    19    26    13643.33    13    13641.96    3    1
(advertise)    11    13643.53    26    13
(relay)    19    18    13671.94    13    13644.88    2    1
(advertise)    11    13672.14    18    13
(relay)    17    47    13678.75    13    13676.86    4    1
(relay)    17    17    13693.15    13    13692.61    4    2
(advertise)    11    13694.75    47    13
(advertise)    11    13715.97    17    13
(relay)    44    44    13726.58    13    13725.55    6    1
(advertise)    11    13737.98    44    13
(relay)    14    0    13740.79    13    13678.47    1    1
(relay)    4    4    13769.19    13    13768.56    7    1
(advertise)    11    13769.39    4    13
(relay)    17    13    13855.61    13    13854.39    4    1
(advertise)    11    13855.81    13    13
(relay)    12    16    13857.22    13    13840.95    5    1
(relay)    17    7    13876.62    13    13868.29    3    2
(advertise)    11    13876.82    16    13
(advertise)    11    13900.43    7    13
(relay)    14    22    13903.84    13    13852.51    1    1
(relay)    12    33    13952.24    13    13938.64    1    1
(relay)    19    23    13991.24    13    13987.63    1    1
(relay)    14    10    14037.24    14    14035.25    1    1
(relay)    17    3    14054.44    14    14053.1    2    1
(advertise)    11    14054.64    3    14
(relay)    17    15    14077.26    14    14067.93    3    1
(advertise)    11    14078.26    15    14
(relay)    17    9    14098.87    14    14097.52    4    1
(advertise)    11    14101.27    9    14
(relay)    17    46    14169.88    14    14166.51    4    1
(advertise)    11    14170.08    46    14
(relay)    42    42    14231.3    14    14230.68    7    1
(advertise)    11    14231.5    42    14
(relay)    17    25    14254.31    14    14240.43    2    1
(advertise)    11    14254.71    25    14
(relay)    17    41    14275.72    14    14246.21    4    1
(advertise)    11    14276.52    41    14
(relay)    19    20    14342.14    14    14340.0    4    1
(advertise)    11    14342.34    20    14
(relay)    12    12    14371.95    14    14371.89    6    1
(advertise)    11    14372.15    12    14
(relay)    17    34    14422.16    14    14420.49    2    1
(advertise)    11    14422.36    34    14
(relay)    14    14    14436.37    14    14435.28    5    1
(advertise)    11    14443.77    14    14
(relay)    17    43    14498.19    14    14496.25    4    1
(advertise)    11    14498.39    43    14
(relay)    19    1    14523.2    15    14504    123    1
(advertise)    11    14523.4    1    15
(relay)    19    21    14544.21    14    14535.79    1    1
(relay)    19    24    14571.01    14    14570.07    3    1
(advertise)    11    14571.21    24    14
(generate)    11    14603.83    [31]    14
(relay)    19    19    14607.84    14    14606.89    5    1
(advertise)    11    14608.04    19    14
(relay)    19    26    14642.65    14    14642.11    3    1
(advertise)    11    14642.85    26    14
(relay)    17    47    14678.87    14    14676.92    4    1
(advertise)    11    14679.07    47    14
(relay)    17    17    14693.28    14    14692.75    4    1
(advertise)    11    14701.88    17    14
(relay)    44    44    14725.69    14    14725.64    6    1
(advertise)    11    14725.89    44    14
(relay)    19    0    14737.1    14    14678.62    1    1
(relay)    17    2    14750.5    15    14742    124    1
(advertise)    11    14751.1    2    15
(relay)    4    4    14769.32    14    14768.67    7    1
(advertise)    11    14772.52    4    14
(relay)    44    48    14834.73    14    14834.12    5    1
(advertise)    11    14834.93    48    14
(relay)    44    16    14856.34    14    14841.08    5    1
(relay)    17    13    14857.54    14    14854.51    4    2
(advertise)    11    14857.94    16    14
(advertise)    11    14879.76    13    14
(relay)    44    22    14882.17    14    14852.68    1    1
(relay)    17    7    14902.57    14    14868.42    3    1
(advertise)    11    14903.17    7    14
(relay)    12    23    14989.78    14    14987.81    1    1
(relay)    19    10    15037.38    15    15035.41    1    1
(relay)    17    3    15054.98    15    15053.2    2    1
(advertise)    11    15055.18    3    15
(relay)    17    15    15078.4    15    15068.06    3    1
(advertise)    11    15078.6    15    15
(relay)    17    9    15098.81    15    15097.62    4    1
(advertise)    11    15100.21    9    15
(relay)    14    8    15102.02    15    15092.44    2    1
(relay)    17    45    15122.02    15    15102.45    3    2
(advertise)    11    15122.62    8    15
(advertise)    11    15145.43    45    15
(relay)    17    46    15169.85    15    15166.52    4    1
(advertise)    11    15170.45    46    15
(relay)    42    42    15231.26    15    15230.8    7    1
(advertise)    11    15231.46    42    15
(relay)    17    25    15254.27    15    15240.54    2    1
(advertise)    11    15254.87    25    15
(relay)    17    41    15275.49    15    15246.26    4    1
(advertise)    11    15278.09    41    15
(relay)    14    20    15341.7    15    15340.15    3    1
(advertise)    11    15341.9    20    15
(relay)    12    12    15372.11    15    15372.03    6    1
(advertise)    11    15372.31    12    15
(relay)    17    34    15422.73    15    15420.59    2    1
(advertise)    11    15422.93    34    15
(relay)    14    14    15436.54    15    15435.44    5    1
(advertise)    11    15444.54    14    15
(relay)    17    43    15499.55    15    15496.3    3    1
(advertise)    11    15499.75    43    15
(relay)    4    1    15524.56    16    15504    122    1
(advertise)    11    15524.96    1    16
(relay)    19    24    15571.58    15    15570.21    3    1
(advertise)    11    15571.78    24    15
(generate)    11    15603.99    [31]    15
(relay)    19    19    15608.0    15    15607.06    5    1
(advertise)    11    15608.2    19    15
(relay)    19    26    15642.82    15    15642.28    3    1
(advertise)    11    15643.02    26    15
(relay)    19    18    15673.03    15    15645.07    1    1
(relay)    17    47    15679.03    15    15676.98    4    1
(advertise)    11    15679.23    47    15
(relay)    17    17    15693.84    15    15692.9    4    1
(advertise)    11    15702.24    17    15
(relay)    44    44    15725.86    15    15725.78    6    1
(advertise)    11    15726.06    44    15
(relay)    17    2    15752.07    16    15742    123    1
(advertise)    11    15752.27    2    16
(relay)    19    0    15759.08    15    15678.75    1    1
(relay)    4    4    15769.28    15    15768.8    7    1
(advertise)    11    15773.48    4    15
(relay)    17    13    15855.89    15    15854.59    4    1
(advertise)    11    15856.09    13    15
(relay)    44    16    15857.31    15    15841.19    5    1
(relay)    17    7    15877.71    15    15868.52    3    2
(advertise)    11    15878.51    16    15
(advertise)    11    15900.72    7    15
(relay)    44    22    15901.93    15    15852.86    1    1
(relay)    14    33    15974.33    15    15938.95    1    1
(relay)    12    23    15994.93    15    15988.2    1    1
(relay)    14    10    16038.33    16    16035.43    1    1
(relay)    17    3    16055.53    16    16053.28    2    1
(advertise)    11    16055.73    3    16
(relay)    12    8    16093.35    16    16092.6    2    1
(advertise)    11    16093.55    8    16
(relay)    17    9    16100.96    16    16097.69    4    1
(advertise)    11    16115.76    9    16
(relay)    17    45    16123.17    16    16102.51    4    1
(advertise)    11    16138.77    45    16
(relay)    17    46    16167.39    16    16166.53    4    1
(advertise)    11    16167.59    46    16
(relay)    42    42    16232.0    16    16230.91    7    1
(advertise)    11    16232.2    42    16
(relay)    17    25    16256.81    16    16240.63    2    1
(advertise)    11    16257.01    25    16
(relay)    17    41    16279.22    16    16246.29    3    1
(advertise)    11    16280.22    41    16
(relay)    19    20    16341.44    16    16340.31    4    1
(advertise)    11    16341.64    20    16
(relay)    12    12    16372.25    16    16372.17    6    1
(advertise)    11    16372.45    12    16
(heartbeat)    31    4    16381.24    11    16397.86    3    5
(advertise)    11    16398.46    31    4
(relay)    17    34    16422.88    16    16420.7    2    1
(advertise)    11    16423.08    34    16
(relay)    14    14    16436.69    16    16435.59    5    1
(advertise)    11    16445.29    14    16
(relay)    19    24    16571.7    16    16570.38    3    1
(advertise)    11    16571.9    24    16
(generate)    11    16604.12    [31]    16
(relay)    19    19    16608.13    16    16607.19    5    1
(advertise)    11    16608.33    19    16
(relay)    19    26    16643.34    16    16642.43    3    1
(advertise)    11    16643.54    26    16
(relay)    12    18    16675.95    16    16645.21    2    1
(advertise)    11    16676.15    18    16
(relay)    17    47    16680.37    16    16677.04    4    1
(relay)    17    17    16693.97    16    16693.02    4    2
(advertise)    11    16697.37    47    16
(advertise)    11    16720.18    17    16
(relay)    44    44    16725.99    16    16725.89    6    1
(advertise)    11    16742.19    44    16
(relay)    4    4    16769.81    16    16768.88    6    1
(advertise)    11    16770.21    4    16
(relay)    17    13    16856.42    16    16854.66    4    1
(advertise)    11    16856.62    13    16
(relay)    12    16    16858.23    16    16841.3    5    1
(relay)    17    7    16878.03    16    16868.62    3    2
(advertise)    11    16878.63    16    16
(relay)    44    22    16879.85    16    16852.88    1    2
(advertise)    11    16900.45    7    16
(relay)    12    33    16952.06    16    16939.1    1    1
(relay)    12    23    16989.46    16    16988.24    1    1
(relay)    14    10    17039.06    17    17035.62    1    1
(relay)    17    3    17055.46    17    17053.34    2    1
(advertise)    11    17055.66    3    17
(relay)    17    15    17075.67    17    17068.24    3    1
(advertise)    11    17078.87    15    17
(relay)    17    9    17100.08    17    17097.75    4    1
(advertise)    11    17100.68    9    17
(relay)    19    8    17101.9    17    17092.77    2    1
(advertise)    11    17123.7    8    17
(relay)    17    46    17167.31    17    17166.55    4    1
(advertise)    11    17167.51    46    17
(relay)    42    42    17231.92    17    17231.01    6    1
(advertise)    11    17232.12    42    17
(relay)    17    25    17257.74    17    17240.69    2    1
(advertise)    11    17257.94    25    17
(relay)    17    41    17280.95    17    17246.49    4    1
(advertise)    11    17281.75    41    17
(relay)    12    20    17340.76    17    17340.46    4    1
(advertise)    11    17340.96    20    17
(relay)    12    12    17372.78    17    17372.29    6    1
(advertise)    11    17372.98    12    17
(relay)    17    34    17422.99    17    17420.75    2    1
(advertise)    11    17423.19    34    17
(relay)    14    14    17435.8    17    17435.72    5    1
(advertise)    11    17445.0    14    17
(relay)    19    21    17538.01    17    17536.21    1    1
(relay)    19    24    17572.21    17    17570.5    3    1
(advertise)    11    17572.41    24    17
(generate)    11    17604.23    [31]    17
(relay)    19    19    17608.24    17    17607.31    5    1
(advertise)    11    17608.44    19    17
(relay)    19    26    17643.85    17    17642.58    3    1
(advertise)    11    17644.05    26    17
(relay)    19    18    17673.07    17    17645.31    2    1
(advertise)    11    17673.27    18    17
(relay)    17    47    17680.48    17    17677.06    4    1
(relay)    17    17    17694.08    17    17693.11    4    2
(advertise)    11    17696.08    47    17
(advertise)    11    17717.29    17    17
(relay)    44    44    17726.11    17    17725.98    6    1
(advertise)    11    17741.31    44    17
(relay)    4    4    17769.92    17    17768.99    6    1
(advertise)    11    17770.32    4    17
(relay)    12    48    17835.53    17    17834.39    5    1
(advertise)    11    17835.73    48    17
(relay)    12    16    17857.34    17    17841.4    5    1
(advertise)    11    17858.34    16    17
(relay)    17    13    17863.96    17    17854.75    4    1
(relay)    19    22    17879.96    17    17853.04    2    2
(advertise)    11    17881.76    13    17
(advertise)    11    17905.17    22    17
(relay)    17    7    17911.18    17    17868.69    3    1
(advertise)    11    17926.38    7    17
(relay)    14    33    17952.0    17    17939.25    1    1
(relay)    19    23    17990.8    17    17988.42    1    1
(relay)    19    10    18038.4    18    18035.78    1    1
(relay)    17    3    18055.6    18    18053.42    2    1
(advertise)    11    18055.8    3    18
(relay)    17    15    18076.81    18    18068.33    3    1
(advertise)    11    18077.81    15    18
(relay)    17    9    18099.22    18    18097.84    4    1
(advertise)    11    18099.62    9    18
(relay)    12    8    18100.84    18    18092.91    2    1
(advertise)    11    18123.04    8    18
(relay)    17    46    18167.45    18    18166.65    4    1
(advertise)    11    18167.65    46    18
(relay)    42    42    18232.06    18    18231.12    6    1
(advertise)    11    18232.26    42    18
(relay)    17    25    18255.07    18    18240.76    2    1
(advertise)    11    18255.27    25    18
(relay)    17    41    18277.89    18    18246.68    4    1
(advertise)    11    18278.29    41    18
(relay)    12    20    18341.1    18    18340.56    4    1
(advertise)    11    18341.3    20    18
(relay)    12    12    18372.91    18    18372.42    6    1
(advertise)    11    18373.11    12    18
(relay)    17    34    18421.33    18    18420.81    2    1
(advertise)    11    18421.53    34    18
(relay)    14    14    18435.94    18    18435.87    5    1
(advertise)    11    18444.54    14    18
(relay)    17    43    18500.35    18    18496.72    4    1
(advertise)    11    18500.55    43    18
(relay)    19    24    18572.77    18    18570.66    3    1
(advertise)    11    18572.97    24    18
(generate)    11    18604.38    [31]    18
(relay)    19    19    18607.59    18    18607.47    5    1
(advertise)    11    18607.79    19    18
(relay)    19    26    18644.0    18    18642.72    3    1
(advertise)    11    18644.2    26    18
(relay)    14    18    18673.22    18    18645.4    1    1
(relay)    17    47    18680.62    18    18677.1    4    1
(advertise)    11    18680.82    47    18
(relay)    17    17    18693.43    18    18693.24    4    1
(advertise)    11    18703.23    17    18
(relay)    44    44    18726.64    18    18726.08    6    1
(advertise)    11    18726.84    44    18
(relay)    17    2    18755.06    19    18742    124    1
(advertise)    11    18755.26    2    19
(relay)    19    0    18760.87    18    18679.2    1    1
(relay)    4    4    18770.07    18    18769.11    6    1
(advertise)    11    18776.27    4    18
(relay)    17    13    18857.08    18    18854.83    4    1
(advertise)    11    18857.28    13    18
(relay)    4    16    18858.7    18    18841.53    5    1
(relay)    17    7    18877.7    18    18868.79    3    2
(advertise)    11    18878.5    16    18
(advertise)    11    18900.91    7    18
(relay)    12    22    18902.12    18    18853.19    2    1
(advertise)    11    18922.32    22    18
(relay)    19    23    18990.73    18    18988.61    1    1
(relay)    14    10    19037.33    19    19035.79    1    1
(relay)    17    3    19053.73    19    19053.52    2    1
(advertise)    11    19053.93    3    19
(relay)    17    15    19075.95    19    19068.43    3    1
(advertise)    11    19076.35    15    19
(relay)    14    8    19098.96    19    19093.1    2    1
(advertise)    11    19099.56    8    19
(relay)    17    45    19124.57    19    19102.85    4    1
(advertise)    11    19124.97    45    19
(relay)    17    46    19167.19    19    19166.66    4    1
(advertise)    11    19167.39    46    19
(relay)    42    42    19231.4    19    19231.22    6    1
(advertise)    11    19231.6    42    19
(relay)    17    25    19254.21    19    19240.86    2    1
(advertise)    11    19255.21    25    19
(relay)    17    41    19278.83    19    19246.88    4    1
(advertise)    11    19279.03    41    19
(relay)    19    20    19341.04    19    19340.69    4    1
(advertise)    11    19341.24    20    19
(relay)    12    12    19373.05    19    19372.54    6    1
(advertise)    11    19373.25    12    19
(relay)    17    34    19421.26    19    19420.91    2    1
(advertise)    11    19421.46    34    19
(relay)    14    14    19436.08    19    19436.03    5    1
(advertise)    11    19444.48    14    19
(relay)    14    1    19505.09    20    19504    123    1
(advertise)    11    19505.29    1    20
(relay)    12    21    19539.9    19    19536.48    1    1
(relay)    14    24    19572.3    19    19570.84    2    1
(advertise)    11    19572.5    24    19
(generate)    11    19604.52    [31]    19
(relay)    19    19    19607.73    19    19607.62    5    1
(advertise)    11    19607.93    19    19
(relay)    19    26    19644.54    19    19642.89    3    1
(advertise)    11    19644.74    26    19
(relay)    19    18    19672.16    19    19645.51    2    1
(advertise)    11    19672.36    18    19
(relay)    17    17    19693.37    19    19693.36    4    1
(advertise)    11    19695.97    17    19
(relay)    44    44    19726.78    19    19726.18    6    1
(advertise)    11    19726.98    44    19
(relay)    17    2    19755.19    20    19742    124    1
(advertise)    11    19755.59    2    20
(relay)    4    4    19770.21    19    19769.2    6    1
(advertise)    11    19776.81    4    19
(relay)    17    13    19857.22    19    19854.92    4    1
(advertise)    11    19857.42    13    19
(relay)    12    16    19858.63    19    19841.63    5    1
(relay)    17    7    19879.03    19    19868.9    3    2
(advertise)    11    19879.63    16    19
(advertise)    11    19900.65    7    19
(relay)    42    22    19904.26    19    19853.21    1    1
(relay)    19    33    19950.66    19    19939.47    1    1
(relay)    19    23    19991.26    19    19988.63    1    1
(relay)    14    10    20037.26    20    20035.8    1    1
(relay)    17    3    20053.86    20    20053.6    2    1
(advertise)    11    20054.06    3    20
(relay)    17    15    20076.67    20    20068.53    3    1
(advertise)    11    20077.07    15    20
(relay)    19    8    20099.49    20    20093.13    1    1
(relay)    17    45    20123.49    20    20102.89    4    1
(advertise)    11    20123.69    45    20
(relay)    17    46    20168.7    20    20166.68    4    1
(advertise)    11    20168.9    46    20
(relay)    42    42    20231.51    20    20231.33    6    1
(advertise)    11    20231.71    42    20
(relay)    17    25    20254.72    20    20240.94    2    1
(advertise)    11    20254.92    25    20
(relay)    17    41    20278.34    20    20247.06    2    1
(advertise)    11    20279.34    41    20
(relay)    12    12    20373.75    20    20372.65    6    1
(advertise)    11    20373.95    12    20
(heartbeat)    31    5    20381.25    11    20399.96    3    5
(advertise)    11    20400.36    31    5
(relay)    17    34    20421.78    20    20421.0    2    1
(advertise)    11    20424.38    34    20
(relay)    14    14    20436.79    20    20436.17    5    1
(advertise)    11    20445.59    14    20
(relay)    17    43    20497.6    20    20497.1    4    1
(advertise)    11    20497.8    43    20
(relay)    44    1    20519.42    21    20504    122    1
(advertise)    11    20521.02    1    21
(relay)    12    21    20541.43    20    20536.6    1    1
(relay)    12    24    20572.63    20    20571.01    2    1
(advertise)    11    20572.83    24    20
(generate)    11    20604.64    [31]    20
(relay)    19    19    20607.85    20    20607.78    5    1
(advertise)    11    20608.05    19    20
(relay)    19    26    20645.27    20    20643.02    3    1
(advertise)    11    20645.47    26    20
(relay)    19    18    20672.28    20    20645.63    2    1
(advertise)    11    20672.68    18    20
(relay)    17    47    20677.89    20    20677.22    4    1
(relay)    17    17    20693.49    20    20693.47    4    2
(advertise)    11    20693.89    47    20
(advertise)    11    20715.91    17    20
(relay)    44    44    20726.92    20    20726.29    6    1
(advertise)    11    20738.52    44    20
(relay)    4    4    20769.33    20    20769.32    6    1
(advertise)    11    20769.53    4    20
(relay)    17    13    20855.35    20    20854.99    4    1
(advertise)    11    20855.55    13    20
(relay)    4    16    20856.96    20    20841.76    4    1
(relay)    17    7    20876.76    20    20868.99    3    2
(advertise)    11    20877.56    16    20
(advertise)    11    20898.77    7    20
(relay)    4    22    20900.58    20    20853.24    1    1
(relay)    19    23    21002.18    20    20988.69    1    1
(relay)    14    10    21036.58    21    21035.83    1    1
(relay)    17    3    21053.98    21    21053.64    2    1
(advertise)    11    21054.18    3    21
(relay)    17    15    21076.6    21    21068.61    3    1
(advertise)    11    21077.4    15    21
(relay)    4    8    21100.61    21    21093.13    1    1
(relay)    17    9    21101.81    21    21098.04    4    1
(advertise)    11    21102.21    9    21
(relay)    17    45    21123.82    21    21102.93    3    1
(advertise)    11    21124.62    45    21
(relay)    17    46    21168.84    21    21166.69    4    1
(advertise)    11    21169.04    46    21
(relay)    42    42    21231.65    21    21231.47    6    1
(advertise)    11    21231.85    42    21
(relay)    17    25    21254.06    21    21241.03    2    1
(advertise)    11    21255.66    25    21
(relay)    12    20    21342.08    21    21340.92    4    1
(advertise)    11    21342.28    20    21
(relay)    12    12    21373.89    21    21372.82    6    1
(advertise)    11    21374.09    12    21
(relay)    17    34    21421.9    21    21421.07    2    1
(advertise)    11    21422.1    34    21
(relay)    14    14    21436.91    21    21436.34    5    1
(advertise)    11    21443.11    14    21
(relay)    12    1    21505.93    22    21504    123    1
(advertise)    11    21506.13    1    22
(relay)    12    21    21541.14    21    21536.74    1    1
(relay)    19    24    21572.54    21    21571.16    3    1
(advertise)    11    21572.74    24    21
(generate)    11    21604.75    [31]    21
(relay)    19    19    21608.57    21    21607.92    5    1
(advertise)    11    21608.77    19    21
(relay)    19    26    21645.38    21    21643.17    3    1
(advertise)    11    21645.58    26    21
(relay)    19    18    21674.59    21    21645.73    2    1
(advertise)    11    21674.79    18    21
(relay)    17    47    21678.01    21    21677.23    4    1
(relay)    17    17    21693.61    21    21693.56    4    2
(advertise)    11    21695.81    47    21
(advertise)    11    21717.22    17    21
(relay)    44    44    21727.43    21    21726.4    6    1
(advertise)    11    21740.43    44    21
(relay)    17    2    21765.44    22    21742    123    1
(advertise)    11    21766.04    2    22
(relay)    4    4    21769.46    21    21769.44    6    1
(advertise)    11    21787.46    4    21
(relay)    17    13    21855.47    21    21855.09    4    1
(advertise)    11    21855.67    13    21
(relay)    19    16    21857.48    21    21841.89    4    1
(advertise)    11    21877.28    16    21
(relay)    19    22    21901.7    21    21853.24    2    1
(advertise)    11    21901.9    22    21
(relay)    12    33    21988.91    21    21939.76    1    1
(relay)    19    23    22010.91    21    21988.71    1    1
(relay)    19    10    22036.51    22    22035.84    1    1
(relay)    17    3    22054.91    22    22053.68    2    1
(advertise)    11    22055.11    3    22
(relay)    17    15    22076.92    22    22068.69    3    1
(advertise)    11    22077.12    15    22
(relay)    44    8    22100.54    22    22093.14    1    1
(relay)    17    9    22101.74    22    22098.13    4    1
(advertise)    11    22101.94    9    22
(relay)    17    45    22123.75    22    22102.95    4    1
(advertise)    11    22124.55    45    22
(relay)    17    46    22168.76    22    22166.72    4    1
(advertise)    11    22168.96    46    22
(relay)    42    42    22231.57    22    22231.57    6    1
(advertise)    11    22231.77    42    22
(relay)    17    25    22253.99    22    22241.08    2    1
(advertise)    11    22254.79    25    22
(relay)    17    41    22276.6    22    22247.09    4    1
(advertise)    11    22277.8    41    22
(relay)    19    20    22342.41    22    22341.06    4    1
(advertise)    11    22342.61    20    22
(relay)    12    12    22374.03    22    22372.98    6    1
(advertise)    11    22374.23    12    22
(relay)    17    34    22422.44    22    22421.13    2    1
(advertise)    11    22422.64    34    22
(relay)    14    14    22437.05    22    22436.47    5    1
(advertise)    11    22446.05    14    22
(relay)    17    43    22498.87    22    22497.11    3    1
(advertise)    11    22499.07    43    22
(relay)    12    1    22521.68    23    22504    123    1
(advertise)    11    22522.48    1    23
(relay)    12    21    22545.29    22    22536.88    1    1
(relay)    19    24    22571.69    22    22571.31    3    1
(advertise)    11    22571.89    24    22
(generate)    11    22604.9    [31]    22
(relay)    19    19    22608.72    22    22608.1    5    1
(advertise)    11    22608.92    19    22
(relay)    19    26    22645.53    22    22643.31    3    1
(advertise)    11    22645.73    26    22
(relay)    19    18    22672.54    22    22645.84    2    1
(advertise)    11    22672.74    18    22
(relay)    17    47    22677.96    22    22677.27    4    1
(relay)    17    17    22694.16    22    22693.68    4    2
(advertise)    11    22694.76    47    22
(advertise)    11    22716.17    17    22
(relay)    44    44    22727.58    22    22726.53    6    1
(advertise)    11    22737.18    44    22
(relay)    12    0    22767.6    22    22679.99    1    1
(relay)    4    4    22769.6    22    22769.57    6    1
(advertise)    11    22769.8    4    22
(relay)    44    48    22835.61    22    22834.97    5    1
(advertise)    11    22835.81    48    22
(relay)    42    16    22856.42    22    22842.01    4    1
(advertise)    11    22857.02    16    22
(relay)    17    13    22859.23    22    22855.19    4    1
(relay)    19    22    22878.83    22    22853.43    2    2
(advertise)    11    22880.43    13    22
(advertise)    11    22901.45    22    22
(relay)    12    23    22993.46    22    22988.88    1    1
(relay)    19    10    23037.46    23    23036.03    1    1
(relay)    17    3    23055.06    23    23053.79    2    1
(advertise)    11    23055.26    3    23
(relay)    17    15    23077.07    23    23068.8    3    1
(advertise)    11    23078.67    15    23
(relay)    17    9    23100.69    23    23098.23    4    1
(advertise)    11    23101.89    9    23
(relay)    14    8    23103.3    23    23093.33    2    1
(relay)    17    45    23121.9    23    23103.0    3    2
(advertise)    11    23123.7    8    23
(advertise)    11    23144.71    45    23
(relay)    17    46    23170.33    23    23166.79    4    1
(advertise)    11    23170.93    46    23
(relay)    42    42    23232.34    23    23231.7    6    1
(advertise)    11    23232.54    42    23
(relay)    17    25    23257.15    23    23241.16    2    1
(advertise)    11    23257.35    25    23
(relay)    17    41    23279.76    23    23247.27    4    1
(advertise)    11    23279.96    41    23
(relay)    12    12    23374.18    23    23373.16    6    1
(advertise)    11    23374.38    12    23
(relay)    17    34    23422.39    23    23421.2    2    1
(advertise)    11    23422.59    34    23
(relay)    14    14    23437.6    23    23436.62    5    1
(advertise)    11    23444.2    14    23
(relay)    17    43    23499.22    23    23497.31    4    1
(advertise)    11    23499.42    43    23
(relay)    14    21    23540.03    23    23536.96    1    1
(relay)    19    24    23571.83    23    23571.46    3    1
(advertise)    11    23572.03    24    23
(generate)    11    23605.04    [31]    23
(relay)    19    19    23608.86    23    23608.22    5    1
(advertise)    11    23609.06    19    23
(relay)    19    26    23644.87    23    23643.46    3    1
(advertise)    11    23645.07    26    23
(relay)    19    18    23665.68    23    23645.93    1    1
(relay)    17    47    23679.28    23    23677.3    4    1
(advertise)    11    23679.48    47    23
(relay)    17    17    23694.29    23    23693.8    4    1
(advertise)    11    23701.09    17    23
(relay)    44    44    23727.71    23    23726.63    6    1
(advertise)    11    23727.91    44    23
(relay)    17    2    23755.32    24    23742    123    1
(advertise)    11    23755.72    2    24
(relay)    4    4    23770.13    23    23769.68    6    1
(advertise)    11    23777.73    4    23
(relay)    44    48    23835.75    23    23835.07    5    1
(advertise)    11    23835.95    48    23
(relay)    19    16    23857.36    23    23842.13    4    1
(advertise)    11    23858.96    16    23
(relay)    17    13    23860.17    23    23855.29    4    1
(relay)    12    22    23881.57    23    23853.58    2    2
(advertise)    11    23881.97    13    23
(advertise)    11    23904.79    22    23
(relay)    19    23    23992.6    23    23988.89    1    1
(relay)    14    10    24038.4    24    24036.22    1    1
(relay)    17    3    24055.2    24    24053.85    2    1
(advertise)    11    24055.4    3    24
(relay)    17    15    24077.41    24    24068.9    3    1
(advertise)    11    24079.21    15    24
(relay)    17    9    24098.82    24    24098.28    4    1
(relay)    4    8    24101.02    24    24093.46    1    2
(advertise)    11    24102.02    9    24
(relay)    17    45    24124.04    24    24103.44    2    1
(advertise)    11    24124.24    45    24
(relay)    17    46    24170.25    24    24166.81    4    1
(advertise)    11    24170.45    46    24
(relay)    42    42    24232.26    24    24231.78    6    1
(advertise)    11    24232.46    42    24
(relay)    17    25    24255.28    24    24241.21    2    1
(advertise)    11    24255.48    25    24
(relay)    12    12    24373.29    24    24373.25    6    1
(advertise)    11    24373.49    12    24
(heartbeat)    31    6    24381.27    11    24398.5    3    5
(advertise)    11    24398.9    31    6
(relay)    17    34    24423.32    24    24421.28    2    1
(advertise)    11    24423.52    34    24
(relay)    14    14    24437.73    24    24436.75    5    1
(advertise)    11    24445.13    14    24
(relay)    19    1    24508.14    25    24504    123    1
(advertise)    11    24508.34    1    25
(relay)    14    21    24540.15    24    24537.1    1    1
(relay)    19    24    24572.35    24    24571.58    3    1
(advertise)    11    24572.55    24    24
(generate)    11    24605.17    [31]    24
(relay)    19    19    24609.38    24    24608.35    5    1
(advertise)    11    24609.58    19    24
(relay)    19    26    24643.99    24    24643.6    3    1
(advertise)    11    24644.19    26    24
(relay)    19    18    24665.21    24    24646.03    1    1
(relay)    17    47    24679.41    24    24677.36    4    1
(advertise)    11    24679.61    47    24
(relay)    17    17    24694.42    24    24693.93    4    1
(advertise)    11    24702.42    17    24
(relay)    44    44    24726.83    24    24726.71    6    1
(advertise)    11    24727.43    44    24
(relay)    19    0    24730.25    24    24680.32    1    1
(relay)    17    2    24752.65    25    24742    124    1
(advertise)    11    24752.85    2    25
(relay)    4    4    24770.26    24    24769.76    6    1
(advertise)    11    24775.66    4    24
(relay)    19    48    24835.47    24    24835.14    5    1
(advertise)    11    24835.67    48    24
(relay)    44    16    24858.08    24    24842.22    4    1
(advertise)    11    24858.28    16    24
(relay)    14    22    24882.7    24    24853.76    2    1
(advertise)    11    24882.9    22    24
(relay)    17    7    24902.31    24    24869.37    3    1
(advertise)    11    24905.11    7    24
(relay)    12    33    24957.72    24    24940.16    1    1
(relay)    12    23    24990.72    24    24988.89    1    1
(relay)    19    10    25038.32    25    25036.23    1    1
(relay)    17    3    25055.72    25    25053.95    2    1
(advertise)    11    25055.92    3    25
(relay)    17    15    25079.14    25    25069.0    3    1
(advertise)    11    25079.34    15    25
(relay)    17    9    25099.55    25    25098.4    4    1
(advertise)    11    25101.35    9    25
(relay)    19    8    25102.56    25    25093.65    1    1
(relay)    17    45    25124.56    25    25104.3    4    1
(advertise)    11    25124.76    45    25
(relay)    17    46    25170.38    25    25166.82    4    1
(advertise)    11    25170.58    46    25
(relay)    42    42    25232.39    25    25231.89    6    1
(advertise)    11    25232.59    42    25
(relay)    17    25    25257.0    25    25241.32    2    1
(advertise)    11    25257.2    25    25
(relay)    17    41    25279.01    25    25247.34    4    1
(advertise)    11    25279.41    41    25
(relay)    19    20    25343.83    25    25341.47    4    1
(advertise)    11    25344.03    20    25
(relay)    12    12    25373.44    25    25373.4    6    1
(advertise)    11    25373.64    12    25
(relay)    17    34    25423.65    25    25421.39    2    1
(advertise)    11    25423.85    34    25
(relay)    14    14    25437.87    25    25436.91    5    1
(advertise)    11    25445.07    14    25
(relay)    17    43    25499.28    25    25497.36    4    1
(advertise)    11    25499.48    43    25
(relay)    12    1    25523.09    26    25504    123    1
(advertise)    11    25523.29    1    26
(relay)    12    21    25543.31    25    25537.23    1    1
(relay)    19    24    25573.11    25    25571.76    3    1
(advertise)    11    25573.31    24    25
(generate)    11    25605.32    [31]    25
(relay)    19    19    25609.53    25    25608.53    5    1
(advertise)    11    25609.73    19    25
(relay)    19    26    25644.14    25    25643.75    3    1
(advertise)    11    25644.34    26    25
(relay)    19    18    25676.56    25    25646.14    1    1
(relay)    17    47    25679.56    25    25677.41    4    1
(advertise)    11    25679.76    47    25
(relay)    17    17    25695.17    25    25694.08    4    1
(advertise)    11    25702.57    17    25
(relay)    44    44    25726.98    25    25726.84    6    1
(advertise)    11    25727.18    44    25
(relay)    14    0    25741.6    25    25680.46    1    1
(relay)    17    2    25753.0    26    25742    124    1
(advertise)    11    25753.4    2    26
(relay)    4    4    25770.41    25    25769.89    6    1
(advertise)    11    25774.81    4    25
(relay)    12    48    25836.02    25    25835.25    5    1
(advertise)    11    25836.22    48    25
(relay)    4    16    25858.24    25    25842.38    4    1
(advertise)    11    25858.64    16    25
(relay)    19    22    25881.65    25    25853.94    2    1
(advertise)    11    25881.85    22    25
(relay)    14    33    25965.06    25    25940.25    1    1
(relay)    12    23    25990.46    25    25988.89    1    1
(relay)    19    10    26038.66    26    26036.23    1    1
(relay)    17    3    26056.26    26    26054.05    2    1
(advertise)    11    26056.46    3    26
(relay)    17    15    26077.47    26    26069.09    3    1
(advertise)    11    26078.07    15    26
(relay)    17    9    26099.09    26    26098.49    4    1
(relay)    12    8    26099.49    26    26093.81    2    2
(advertise)    11    26101.09    9    26
(advertise)    11    26123.1    8    26
(relay)    17    46    26167.51    26    26166.83    4    1
(advertise)    11    26167.91    46    26
(relay)    42    42    26232.93    26    26231.99    6    1
(advertise)    11    26233.13    42    26
(relay)    17    41    26279.74    26    26247.37    3    1
(advertise)    11    26279.94    41    26
(relay)    19    20    26343.15    26    26341.61    4    1
(advertise)    11    26343.35    20    26
(relay)    12    12    26373.57    26    26373.55    6    1
(advertise)    11    26373.77    12    26
(relay)    17    34    26423.78    26    26421.5    2    1
(advertise)    11    26423.98    34    26
(relay)    17    43    26500.79    26    26497.38    4    1
(advertise)    11    26500.99    43    26
(relay)    12    1    26524.6    27    26504    123    1
(advertise)    11    26524.8    1    27
(relay)    12    21    26545.82    26    26537.39    1    1
(relay)    19    24    26573.62    26    26571.92    3    1
(advertise)    11    26573.82    24    26
(generate)    11    26605.43    [31]    26
(relay)    19    19    26609.64    26    26608.69    5    1
(advertise)    11    26609.84    19    26
(relay)    19    26    26644.86    26    26643.89    3    1
(advertise)    11    26645.06    26    26
(relay)    19    18    26674.87    26    26646.25    2    1
(advertise)    11    26675.07    18    26
(relay)    17    47    26681.08    26    26677.45    4    1
(relay)    17    17    26695.28    26    26694.21    4    2
(advertise)    11    26698.68    47    26
(relay)    19    0    26722.3    26    26680.62    1    2
(advertise)    11    26722.9    17    26
(relay)    44    44    26727.11    26    26726.95    6    1
(advertise)    11    26744.71    44    26
(relay)    4    4    26770.92    26    26769.99    6    1
(advertise)    11    26771.12    4    26
(relay)    14    48    26836.53    26    26835.36    5    1
(advertise)    11    26836.73    48    26
(relay)    19    16    26858.75    26    26842.49    4    1
(advertise)    11    26859.35    16    26
(relay)    17    13    26861.36    26    26855.6    4    1
(relay)    19    22    26880.96    26    26854.13    2    2
(advertise)    11    26882.96    13    26
(relay)    17    7    26884.17    26    26869.58    3    2
(advertise)    11    26905.17    22    26
(advertise)    11    26928.59    7    26
(relay)    19    33    26953.0    26    26940.37    1    1
(relay)    19    23    26990.0    26    26989.08    1    1
(relay)    19    10    27040.0    27    27036.26    1    1
(relay)    17    3    27056.2    27    27054.13    2    1
(advertise)    11    27056.4    3    27
(relay)    17    15    27078.41    27    27069.17    3    1
(advertise)    11    27079.41    15    27
(relay)    17    9    27099.83    27    27098.53    4    1
(advertise)    11    27100.43    9    27
(relay)    42    8    27101.64    27    27093.82    1    1
(relay)    17    46    27167.64    27    27166.88    4    1
(advertise)    11    27167.84    46    27
(relay)    42    42    27233.05    27    27232.12    6    1
(advertise)    11    27233.25    42    27
(relay)    17    25    27256.66    27    27241.52    2    1
(advertise)    11    27258.06    25    27
(relay)    17    41    27278.88    27    27247.38    4    1
(advertise)    11    27279.48    41    27
(relay)    19    20    27342.09    27    27341.78    4    1
(advertise)    11    27342.29    20    27
(relay)    12    12    27374.3    27    27373.72    6    1
(advertise)    11    27374.5    12    27
(relay)    17    34    27423.92    27    27421.59    2    1
(advertise)    11    27424.12    34    27
(relay)    14    14    27437.33    27    27437.23    5    1
(advertise)    11    27446.53    14    27
(relay)    17    43    27501.14    27    27497.4    4    1
(advertise)    11    27501.34    43    27
(relay)    4    1    27524.36    28    27504    122    1
(advertise)    11    27524.56    1    28
(relay)    19    24    27573.97    27    27572.05    3    1
(advertise)    11    27574.17    24    27
(generate)    11    27605.58    [31]    27
(relay)    19    19    27608.99    27    27608.88    5    1
(advertise)    11    27609.19    19    27
(relay)    19    26    27645.21    27    27644.01    3    1
(advertise)    11    27645.41    26    27
(relay)    19    18    27674.42    27    27646.34    2    1
(advertise)    11    27674.62    18    27
(relay)    17    47    27680.83    27    27677.51    4    1
(relay)    17    17    27695.43    27    27694.33    4    2
(advertise)    11    27696.83    47    27
(advertise)    11    27718.65    17    27
(relay)    44    44    27727.26    27    27727.07    6    1
(advertise)    11    27741.26    44    27
(relay)    14    0    27765.87    27    27680.72    1    1
(relay)    4    4    27771.07    27    27770.11    6    1
(advertise)    11    27771.27    4    27
(relay)    19    48    27836.69    27    27835.49    5    1
(advertise)    11    27836.89    48    27
(relay)    44    16    27858.7    27    27842.61    4    1
(relay)    17    13    27860.5    27    27855.7    4    2
(advertise)    11    27860.7    16    27
(relay)    4    22    27879.51    27    27854.3    1    2
(relay)    17    7    27882.91    27    27869.68    3    3
(advertise)    11    27883.71    13    27
(advertise)    11    27904.72    7    27
(relay)    19    23    27990.94    27    27989.51    1    1
(relay)    14    10    28039.94    28    28036.45    1    1
(relay)    17    3    28056.34    28    28054.21    2    1
(advertise)    11    28056.54    3    28
(relay)    17    15    28077.15    28    28069.27    3    1
(advertise)    11    28078.75    15    28
(relay)    14    8    28100.96    28    28094.01    2    1
(advertise)    11    28101.76    8    28
(relay)    17    45    28125.98    28    28104.44    3    1
(advertise)    11    28126.58    45    28
(relay)    17    46    28167.79    28    28166.99    4    1
(advertise)    11    28167.99    46    28
(relay)    42    42    28233.2    28    28232.24    6    1
(advertise)    11    28233.4    42    28
(relay)    17    25    28256.62    28    28241.61    2    1
(advertise)    11    28257.22    25    28
(relay)    17    41    28278.23    28    28247.41    4    1
(advertise)    11    28280.43    41    28
(relay)    19    20    28342.24    28    28341.88    4    1
(advertise)    11    28342.44    20    28
(relay)    12    12    28374.45    28    28373.88    6    1
(advertise)    11    28374.65    12    28
(heartbeat)    31    7    28381.28    11    28400.87    3    4
(advertise)    11    28401.07    31    7
(relay)    17    34    28422.68    28    28421.68    2    1
(advertise)    11    28424.08    34    28
(relay)    14    14    28437.49    28    28437.41    5    1
(advertise)    11    28447.69    14    28
(relay)    17    43    28501.31    28    28497.46    3    1
(advertise)    11    28501.51    43    28
(relay)    14    21    28540.32    28    28537.65    1    1
(relay)    19    24    28574.32    28    28572.19    3    1
(advertise)    11    28574.52    24    28
(generate)    11    28605.73    [31]    28
(relay)    19    19    28609.15    28    28609.01    5    1
(advertise)    11    28609.35    19    28
(relay)    19    26    28645.36    28    28644.15    3    1
(advertise)    11    28645.56    26    28
(relay)    19    18    28673.97    28    28646.44    1    1
(relay)    17    47    28680.77    28    28677.56    4    1
(advertise)    11    28680.97    47    28
(relay)    17    17    28694.58    28    28694.46    4    1
(advertise)    11    28702.18    17    28
(relay)    44    44    28727.8    28    28727.2    6    1
(advertise)    11    28728.0    44    28
(relay)    17    2    28755.01    29    28742    124    1
(advertise)    11    28755.21    2    29
(relay)    19    0    28761.22    28    28680.91    1    1
(relay)    4    4    28771.22    28    28770.25    6    1
(advertise)    11    28777.42    4    28
(relay)    19    48    28837.24    28    28835.59    5    1
(advertise)    11    28837.44    48    28
(relay)    44    16    28859.65    28    28842.74    4    1
(advertise)    11    28860.45    16    28
(relay)    17    13    28862.06    28    28855.81    4    1
(relay)    44    22    28881.26    28    28854.48    1    2
(advertise)    11    28881.86    13    28
(relay)    12    23    28992.08    28    28989.51    1    1
(relay)    14    10    29038.08    29    29036.47    1    1
(relay)    17    3    29054.68    29    29054.32    2    1
(advertise)    11    29054.88    3    29
(relay)    17    15    29076.49    29    29069.38    3    1
(advertise)    11    29077.69    15    29
(relay)    17    9    29100.1    29    29098.73    4    1
(advertise)    11    29100.5    9    29
(relay)    42    8    29102.11    29    29094.18    1    1
(relay)    17    45    29123.11    29    29104.5    4    1
(advertise)    11    29123.91    45    29
(relay)    17    46    29167.73    29    29167.0    4    1
(advertise)    11    29167.93    46    29
(relay)    42    42    29232.54    29    29232.38    6    1
(advertise)    11    29232.74    42    29
(relay)    17    25    29254.55    29    29241.72    2    1
(advertise)    11    29254.95    25    29
(relay)    17    41    29279.57    29    29247.45    3    1
(advertise)    11    29279.97    41    29
(relay)    12    12    29374.58    29    29374.05    6    1
(advertise)    11    29374.78    12    29
(relay)    17    34    29422.19    29    29421.77    2    1
(advertise)    11    29422.39    34    29
(relay)    14    14    29437.61    29    29437.57    5    1
(advertise)    11    29444.81    14    29
(relay)    17    43    29499.82    29    29497.49    3    1
(advertise)    11    29500.02    43    29
(relay)    12    21    29541.23    29    29537.78    1    1
(relay)    19    24    29574.43    29    29572.33    3    1
(advertise)    11    29574.63    24    29
(generate)    11    29605.84    [31]    29
(relay)    19    19    29609.26    29    29609.12    5    1
(advertise)    11    29609.46    19    29
(relay)    19    26    29646.07    29    29644.3    3    1
(advertise)    11    29646.27    26    29
(relay)    19    18    29674.28    29    29646.54    2    1
(advertise)    11    29674.48    18    29
(relay)    17    47    29679.7    29    29677.61    1    1
(relay)    17    17    29694.7    29    29694.57    4    1
(advertise)    11    29696.1    17    29
(relay)    44    44    29727.91    29    29727.29    6    1
(advertise)    11    29728.11    44    29
(relay)    17    2    29755.92    30    29742    124    1
(advertise)    11    29756.12    2    30
(relay)    4    4    29770.54    29    29770.35    6    1
(advertise)    11    29778.14    4    29
(relay)    17    13    29857.95    29    29855.86    4    1
(advertise)    11    29858.15    13    29
(relay)    44    16    29859.76    29    29842.78    4    1
(relay)    17    7    29878.76    29    29869.86    3    2
(advertise)    11    29881.36    16    29
(advertise)    11    29902.57    7    29
(relay)    4    22    29904.79    29    29854.66    1    1
(relay)    12    33    29949.19    29    29940.8    1    1
(relay)    19    23    29992.59    29    29989.68    1    1
