(relay)    1    1    504.6    1    504    127    1
(advertise)    21    504.8    1    1
(relay)    32    10    1033.61    1    1033.0    125    1
(advertise)    21    1033.81    10    1
(relay)    23    3    1062.43    1    1052.01    121    1
(advertise)    21    1062.63    3    1
(relay)    23    15    1087.44    1    1066.03    121    1
(advertise)    21    1087.64    15    1
(relay)    32    6    1110.25    1    1084.03    123    1
(advertise)    21    1112.05    6    1
(relay)    33    8    1134.47    1    1091.05    125    1
(advertise)    21    1135.07    8    1
(relay)    23    9    1156.08    1    1096.04    121    1
(advertise)    21    1157.48    9    1
(relay)    23    45    1178.69    1    1098.05    119    1
(relay)    33    32    1179.69    1    1157.09    126    2
(advertise)    21    1180.29    45    1
(advertise)    21    1203.1    32    1
(relay)    23    46    1223.92    1    1166.0    118    1
(advertise)    21    1227.32    46    1
(relay)    23    41    1271.33    1    1245.3    120    1
(advertise)    21    1271.53    41    1
(relay)    32    30    1313.74    1    1312.14    125    1
(advertise)    21    1313.94    30    1
(relay)    23    20    1341.16    1    1338.16    125    1
(advertise)    21    1341.56    20    1
(relay)    23    12    1371.97    1    1370.17    124    1
(advertise)    21    1372.17    12    1
(relay)    23    34    1424.98    1    1419.16    121    1
(advertise)    21    1425.18    34    1
(relay)    23    14    1448.8    1    1433.2    122    1
(advertise)    21    1449.4    14    1
(relay)    1    1    1504.61    2    1504    127    1
(advertise)    21    1504.81    1    2
(generate)    21    1534.02    [31]    1
(relay)    32    38    1561.43    1    1540.2    123    1
(advertise)    21    1561.63    38    1
(relay)    32    35    1586.45    1    1578.05    125    1
(advertise)    21    1586.85    35    1
(relay)    23    19    1609.86    1    1603.06    124    1
(advertise)    21    1610.26    19    1
(relay)    32    5    1640.67    1    1639.07    125    1
(advertise)    21    1640.87    5    1
(relay)    23    18    1663.89    1    1643.11    126    1
(advertise)    21    1664.69    18    1
(relay)    0    0    1676.7    1    1676.1    127    1
(relay)    23    11    1686.7    1    1602.06    123    2
(advertise)    21    1687.1    0    1
(advertise)    21    1708.91    11    1
(relay)    23    26    1711.53    1    1640.1    125    1
(advertise)    21    1730.33    26    1
(relay)    32    40    1751.94    1    1706.07    123    1
(advertise)    21    1752.74    40    1
(relay)    23    17    1760.75    1    1691.1    122    1
(advertise)    21    1773.95    17    1
(relay)    32    29    1794.76    1    1790.16    126    1
(advertise)    21    1796.76    29    1
(relay)    23    44    1806.58    1    1724.13    122    1
(advertise)    21    1819.38    44    1
(relay)    32    47    1840.19    1    1676.09    119    1
(advertise)    21    1841.99    47    1
(relay)    32    22    1862.6    1    1850.03    125    1
(advertise)    21    1863.0    22    1
(relay)    32    4    1885.62    1    1767.15    122    1
(advertise)    21    1887.42    4    1
(relay)    32    27    1907.63    1    1897.04    126    1
(advertise)    21    1908.43    27    1
(relay)    32    16    1951.64    1    1839.0    123    1
(advertise)    21    1951.84    16    1
(relay)    23    48    1959.46    1    1832.62    124    1
(advertise)    21    1975.26    48    1
(relay)    23    23    1987.07    1    1986.09    127    1
(relay)    32    39    1996.07    1    1941.02    123    2
(advertise)    21    1997.67    23    1
(advertise)    21    2019.88    39    1
(relay)    23    36    2024.69    1    1967.07    124    1
(advertise)    21    2043.09    36    1
(relay)    23    13    2047.71    1    1853.16    121    1
(advertise)    21    2064.31    13    1
(relay)    23    7    2069.72    1    1867.0    121    1
(relay)    32    10    2081.52    2    2033.13    125    2
(advertise)    21    2089.72    7    1
(advertise)    21    2110.73    10    2
(relay)    23    8    2112.55    2    2091.17    125    1
(advertise)    21    2134.55    8    2
(relay)    32    6    2146.96    2    2084.09    124    1
(relay)    23    3    2157.36    2    2052.08    121    2
(advertise)    21    2158.16    6    2
(relay)    23    32    2179.77    2    2157.17    126    2
(advertise)    21    2180.17    3    2
(relay)    32    9    2198.19    2    2096.31    120    2
(advertise)    21    2201.39    32    2
(advertise)    21    2223.4    9    2
(relay)    23    46    2226.41    2    2166.01    119    1
(advertise)    21    2245.61    46    2
(relay)    23    42    2249.82    2    2229.22    123    1
(advertise)    21    2268.02    42    2
(relay)    23    25    2271.84    2    2239.19    121    1
(advertise)    21    2290.24    25    2
(relay)    23    41    2292.85    2    2245.32    119    1
(advertise)    21    2312.85    41    2
(relay)    32    30    2327.86    2    2312.28    125    1
(advertise)    21    2334.86    30    2
(relay)    32    20    2353.08    2    2338.3    124    1
(advertise)    21    2357.28    20    2
(relay)    23    12    2374.29    2    2370.32    124    1
(advertise)    21    2379.09    12    2
(relay)    23    14    2446.9    2    2433.34    123    1
(advertise)    21    2447.1    14    2
(relay)    1    1    2504.51    3    2504    127    1
(advertise)    21    2504.71    1    3
(generate)    21    2534.13    [31]    2
(relay)    32    38    2558.74    2    2540.31    124    1
(advertise)    21    2558.94    38    2
(relay)    32    35    2581.75    2    2578.17    125    1
(relay)    23    24    2582.15    2    2568.19    125    2
(advertise)    21    2582.75    35    2
(advertise)    21    2605.17    24    2
(relay)    32    26    2653.58    2    2640.23    124    1
(advertise)    21    2653.78    26    2
(relay)    0    0    2676.79    2    2676.19    127    1
(advertise)    21    2677.99    0    2
(relay)    32    18    2699.01    2    2643.23    124    1
(relay)    23    19    2700.81    2    2604.21    123    2
(advertise)    21    2701.41    18    2
(advertise)    21    2722.62    19    2
(relay)    23    5    2745.63    2    2639.21    124    1
(advertise)    21    2746.23    5    2
(relay)    32    44    2764.84    2    2724.26    122    1
(advertise)    21    2769.24    44    2
(relay)    32    40    2789.06    2    2706.21    124    1
(advertise)    21    2791.66    40    2
(relay)    32    29    2811.87    2    2790.3    126    1
(relay)    23    4    2812.67    2    2767.28    123    2
(advertise)    21    2813.27    29    2
(advertise)    21    2835.48    4    2
(relay)    32    22    2855.7    2    2850.15    125    1
(advertise)    21    2859.5    22    2
(relay)    23    48    2882.11    2    2832.75    124    1
(advertise)    21    2882.51    48    2
(relay)    23    2    2902.32    3    2742    118    1
(advertise)    21    2905.32    2    3
(relay)    23    16    2923.54    2    2839.12    124    1
(relay)    32    27    2926.54    2    2897.16    126    2
(advertise)    21    2928.74    16    2
(relay)    33    33    2937.75    2    2937.17    127    2
(advertise)    21    2949.75    27    2
(advertise)    21    2972.36    33    2
(relay)    23    23    2987.17    2    2986.21    127    1
(relay)    23    13    2992.17    2    2853.28    121    2
(advertise)    21    2994.17    23    2
(advertise)    21    3015.79    13    2
(relay)    33    7    3030.6    2    2867.11    120    1
(relay)    23    39    3037.4    2    2941.11    123    2
(advertise)    21    3039.4    7    2
(relay)    23    36    3061.01    2    2967.39    124    2
(advertise)    21    3062.21    39    2
(advertise)    21    3084.03    36    2
(relay)    23    8    3103.24    3    3091.29    126    1
(advertise)    21    3106.24    8    3
(relay)    23    37    3125.45    2    2984.19    124    1
(advertise)    21    3128.45    37    2
(relay)    23    15    3147.27    3    3066.8    121    1
(advertise)    21    3149.47    15    3
(relay)    32    10    3151.68    3    3033.25    124    1
(relay)    32    32    3158.28    3    3157.28    127    2
(advertise)    21    3170.48    10    3
(relay)    32    6    3173.09    3    3084.19    124    2
(advertise)    21    3192.89    32    3
(relay)    23    9    3214.7    3    3096.41    120    2
(advertise)    21    3216.3    6    3
(advertise)    21    3238.72    9    3
(relay)    23    45    3259.33    3    3098.23    119    1
(advertise)    21    3259.93    45    3
(relay)    23    42    3280.74    3    3229.34    123    1
(advertise)    21    3283.14    42    3
(relay)    32    30    3314.96    3    3312.37    125    1
(advertise)    21    3315.16    30    3
(relay)    23    20    3341.97    3    3338.42    125    1
(advertise)    21    3342.17    20    3
(relay)    32    46    3364.18    3    3166.03    118    1
(advertise)    21    3365.18    46    3
(relay)    23    12    3410.0    3    3370.45    123    1
(advertise)    21    3410.2    12    3
(relay)    23    41    3432.01    3    3245.4    120    1
(advertise)    21    3433.21    41    3
(relay)    23    14    3454.22    3    3433.69    123    1
(advertise)    21    3456.22    14    3
(relay)    23    34    3475.63    3    3419.4    121    1
(advertise)    21    3478.83    34    3
(relay)    1    1    3505.05    4    3504    127    1
(advertise)    21    3505.25    1    4
(generate)    21    3534.26    [31]    3
(relay)    32    38    3559.07    3    3540.42    124    1
(advertise)    21    3559.27    38    3
(relay)    32    35    3582.49    3    3578.31    125    1
(advertise)    21    3583.09    35    3
(relay)    32    24    3606.3    3    3568.35    123    1
(advertise)    21    3607.5    24    3
(relay)    23    19    3628.51    3    3604.36    124    1
(advertise)    21    3630.31    19    3
(relay)    23    18    3649.93    3    3643.39    126    1
(advertise)    21    3651.33    18    3
(relay)    23    26    3671.94    3    3640.4    125    1
(advertise)    21    3673.14    26    3
(relay)    0    0    3676.95    3    3676.35    127    1
(relay)    23    11    3694.95    3    3602.36    123    2
(advertise)    21    3695.35    0    3
(advertise)    21    3716.96    11    3
(relay)    23    5    3737.78    3    3639.35    124    1
(advertise)    21    3738.18    5    3
(relay)    23    17    3759.59    3    3691.38    122    1
(advertise)    21    3761.59    17    3
(relay)    32    40    3765.0    3    3706.31    124    1
(advertise)    21    3783.4    40    3
(relay)    23    47    3802.82    3    3676.36    119    1
(advertise)    21    3804.62    47    3
(relay)    32    29    3808.63    3    3790.44    126    1
(advertise)    21    3827.03    29    3
(relay)    23    44    3847.04    3    3724.42    122    1
(advertise)    21    3850.04    44    3
(relay)    23    22    3870.46    3    3850.92    126    1
(advertise)    21    3872.06    22    3
(relay)    23    4    3892.87    3    3767.44    123    1
(advertise)    21    3893.27    4    3
(relay)    32    28    3895.88    3    3862.27    125    1
(advertise)    21    3917.48    28    3
(relay)    33    33    3937.89    3    3937.32    127    1
(relay)    23    27    3938.29    3    3897.33    126    2
(advertise)    21    3938.49    33    3
(advertise)    21    3960.11    27    3
(relay)    33    16    3963.32    3    3839.69    123    1
(advertise)    21    3982.32    16    3
(relay)    33    48    3985.13    3    3832.91    122    1
(relay)    23    23    3986.53    3    3986.39    127    2
(advertise)    21    4003.33    48    3
(advertise)    21    4024.55    23    3
(relay)    23    2    4027.56    4    3742    119    1
(advertise)    21    4047.76    2    4
(relay)    23    39    4050.77    3    3941.23    123    1
(advertise)    21    4068.77    39    3
(relay)    23    36    4093.19    3    3967.52    123    1
(advertise)    21    4093.39    36    3
(relay)    23    8    4115.0    4    4091.45    126    1
(advertise)    21    4115.4    8    4
(relay)    32    7    4117.01    3    3867.28    119    1
(advertise)    21    4136.41    7    3
(relay)    32    37    4138.82    3    3984.33    125    1
(relay)    0    10    4139.22    4    4033.4    124    2
(relay)    32    32    4158.42    4    4157.44    127    3
(advertise)    21    4159.02    37    3
(advertise)    21    4181.04    10    4
(advertise)    21    4202.25    32    4
(relay)    32    6    4204.46    4    4084.31    124    1
(relay)    23    3    4204.86    4    4052.35    121    2
(advertise)    21    4223.26    6    4
(advertise)    21    4244.28    3    4
(relay)    23    15    4249.49    4    4066.97    121    1
(advertise)    21    4266.69    15    4
(relay)    23    9    4272.3    4    4096.6    121    1
(advertise)    21    4288.7    9    4
(relay)    23    42    4305.32    4    4229.52    123    1
(advertise)    21    4310.12    42    4
(relay)    23    45    4329.73    4    4098.41    120    1
(advertise)    21    4332.33    45    4
(relay)    32    30    4352.74    4    4312.52    125    1
(relay)    23    20    4352.94    4    4338.62    125    2
(advertise)    21    4354.94    30    4
(advertise)    21    4376.95    20    4
(heartbeat)    31    1    4381.2    21    4395.57    127    0
(relay)    23    46    4398.17    4    4166.04    119    2
(advertise)    21    4398.57    31    1
(advertise)    21    4420.78    46    4
(relay)    32    12    4438.99    4    4370.63    123    1
(advertise)    21    4441.99    12    4
(relay)    32    25    4460.61    4    4239.45    120    1
(advertise)    21    4464.41    25    4
(relay)    23    41    4484.62    4    4245.57    120    1
(advertise)    21    4486.02    41    4
(relay)    1    1    4505.03    5    4504    127    1
(advertise)    21    4508.03    1    5
(relay)    33    14    4515.45    4    4433.86    122    1
(advertise)    21    4530.05    14    4
(generate)    21    4534.46    [31]    4
(relay)    32    38    4553.07    4    4540.57    2    1
(advertise)    21    4554.07    38    4
(relay)    23    24    4600.08    4    4568.55    3    1
(advertise)    21    4600.28    24    4
(relay)    23    19    4620.5    4    4605.56    3    1
(relay)    32    35    4622.7    4    4578.46    2    2
(advertise)    21    4623.3    19    4
(advertise)    21    4645.71    35    4
(relay)    23    11    4665.52    4    4602.56    3    1
(relay)    32    5    4666.32    4    4639.5    1    2
(advertise)    21    4667.32    11    4
(relay)    0    0    4677.74    4    4676.75    5    1
(advertise)    21    4688.34    0    4
(relay)    0    26    4692.15    4    4640.59    1    1
(relay)    23    18    4755.75    4    4643.58    3    1
(advertise)    21    4755.95    18    4
(relay)    23    44    4778.56    4    4724.6    3    1
(advertise)    21    4778.96    44    4
(relay)    23    40    4799.58    4    4706.41    1    1
(relay)    23    4    4821.58    4    4767.63    3    1
(advertise)    21    4821.78    4    4
(relay)    23    29    4844.19    4    4790.61    1    1
(relay)    23    48    4866.79    4    4833.08    4    1
(advertise)    21    4866.99    48    4
(relay)    23    22    4888.6    4    4851.11    4    1
(advertise)    21    4891.0    22    4
(relay)    23    16    4910.21    4    4839.87    2    1
(relay)    32    27    4912.61    4    4897.52    2    2
(advertise)    21    4913.61    16    4
(advertise)    21    4935.23    27    4
(relay)    33    33    4938.04    4    4937.49    5    1
(relay)    32    28    4956.24    4    4862.4    1    2
(advertise)    21    4958.24    33    4
(relay)    23    23    4986.65    4    4986.56    4    1
(advertise)    21    4986.85    23    4
(relay)    32    39    5002.07    4    4941.27    2    1
(advertise)    21    5008.67    39    4
(relay)    23    36    5023.08    4    4967.67    1    1
(relay)    23    10    5045.68    5    5033.6    1    1
(relay)    23    37    5067.88    4    4984.48    1    1
(relay)    23    8    5092.08    5    5091.62    3    1
(advertise)    21    5092.28    8    5
(relay)    23    6    5116.09    5    5084.47    1    1
(relay)    23    32    5158.89    5    5157.62    3    1
(advertise)    21    5159.09    32    5
(relay)    32    30    5315.71    5    5312.54    2    1
(advertise)    21    5315.91    30    5
(relay)    23    20    5341.12    5    5338.66    3    1
(advertise)    21    5341.52    20    5
(relay)    23    12    5372.53    5    5370.64    4    1
(advertise)    21    5372.73    12    5
(relay)    23    14    5434.94    5    5434.05    3    1
(advertise)    21    5435.14    14    5
(relay)    1    1    5504.96    6    5504    127    1
(advertise)    21    5505.16    1    6
(generate)    21    5534.57    [31]    5
(relay)    32    38    5560.58    5    5540.76    2    1
(advertise)    21    5560.78    38    5
(relay)    32    35    5584.0    5    5578.62    2    1
(relay)    23    24    5584.8    5    5568.7    3    2
(advertise)    21    5585.8    35    5
(advertise)    21    5607.81    24    5
(relay)    23    11    5628.02    5    5602.67    2    1
(advertise)    21    5629.82    11    5
(relay)    23    18    5651.04    5    5643.69    4    1
(advertise)    21    5651.24    18    5
(relay)    32    5    5675.65    5    5639.66    2    1
(relay)    23    26    5676.05    5    5640.75    2    2
(advertise)    21    5676.45    5    5
(relay)    0    0    5678.26    5    5677.31    5    2
(advertise)    21    5697.86    26    5
(advertise)    21    5719.67    0    5
(relay)    32    40    5743.89    5    5706.41    1    1
(relay)    23    44    5766.29    5    5724.7    3    1
(advertise)    21    5766.49    44    5
(relay)    32    29    5792.3    5    5790.64    2    1
(advertise)    21    5792.5    29    5
(relay)    23    4    5815.11    5    5767.71    2    1
(advertise)    21    5815.71    4    5
(relay)    23    48    5836.73    5    5833.22    4    1
(advertise)    21    5839.13    48    5
(relay)    23    22    5859.14    5    5851.12    4    1
(advertise)    21    5861.74    22    5
(relay)    23    16    5881.95    5    5839.99    2    1
(advertise)    21    5883.15    16    5
(relay)    32    28    5884.57    5    5863.17    2    1
(advertise)    21    5904.57    28    5
(relay)    23    27    5926.98    5    5897.56    2    1
(advertise)    21    5927.38    27    5
(relay)    33    33    5938.19    5    5937.63    5    1
(advertise)    21    5949.39    33    5
(relay)    23    39    5976.6    5    5941.44    1    1
(relay)    23    23    5986.6    5    5986.57    4    1
(advertise)    21    5986.8    23    5
(relay)    23    36    6019.82    5    5967.83    1    1
(relay)    23    10    6041.82    6    6033.64    1    1
(relay)    32    37    6044.42    5    5984.66    2    1
(advertise)    21    6044.62    37    5
(relay)    32    6    6087.43    6    6084.64    1    1
(relay)    23    8    6092.83    6    6091.64    3    1
(advertise)    21    6093.03    8    6
(relay)    32    32    6157.84    6    6157.81    4    1
(advertise)    21    6158.04    32    6
(relay)    23    42    6233.86    6    6229.83    3    1
(advertise)    21    6234.06    42    6
(relay)    32    30    6316.07    6    6312.71    2    1
(advertise)    21    6316.27    30    6
(relay)    23    20    6339.48    6    6338.81    3    1
(advertise)    21    6339.88    20    6
(relay)    23    12    6373.9    6    6370.79    4    1
(advertise)    21    6374.1    12    6
(relay)    23    14    6435.91    6    6434.16    1    1
(relay)    1    1    6504.91    7    6504    127    1
(advertise)    21    6505.11    1    7
(generate)    21    6534.72    [31]    6
(relay)    32    38    6559.73    6    6540.92    2    1
(advertise)    21    6559.93    38    6
(relay)    23    24    6571.35    6    6568.85    3    1
(advertise)    21    6583.15    24    6
(relay)    23    35    6602.96    6    6578.79    1    1
(relay)    23    11    6624.16    6    6602.81    3    1
(advertise)    21    6624.36    11    6
(relay)    23    19    6646.37    6    6605.8    3    1
(advertise)    21    6646.97    19    6
(relay)    32    5    6668.99    6    6639.8    2    1
(relay)    23    18    6669.39    6    6643.83    4    2
(advertise)    21    6669.99    5    6
(relay)    0    0    6678.4    6    6677.44    5    2
(relay)    23    26    6690.4    6    6640.9    2    3
(advertise)    21    6694.0    18    6
(advertise)    21    6715.41    0    6
(advertise)    21    6737.43    26    6
(relay)    32    40    6758.04    6    6706.6    2    1
(advertise)    21    6760.64    40    6
(relay)    0    44    6782.05    6    6724.8    1    1
(relay)    32    29    6804.45    6    6790.67    2    1
(advertise)    21    6804.65    29    6
(relay)    0    4    6827.66    6    6767.81    2    1
(advertise)    21    6828.66    4    6
(relay)    32    48    6851.28    6    6833.32    3    1
(advertise)    21    6852.08    48    6
(relay)    32    28    6872.89    6    6863.28    2    1
(advertise)    21    6874.49    28    6
(relay)    32    22    6894.5    6    6851.15    3    1
(advertise)    21    6896.9    22    6
(relay)    32    27    6916.52    6    6897.99    2    1
(advertise)    21    6918.92    27    6
(relay)    33    33    6938.73    6    6937.77    5    1
(relay)    32    16    6939.13    6    6840.13    1    2
(advertise)    21    6941.53    33    6
(relay)    23    23    6986.94    6    6986.75    4    1
(advertise)    21    6987.14    23    6
(relay)    23    36    7011.36    6    6967.94    1    1
(relay)    32    6    7087.56    7    7084.8    1    1
(relay)    23    8    7092.96    7    7091.67    3    1
(advertise)    21    7093.16    8    7
(relay)    32    32    7157.97    7    7157.83    4    1
(advertise)    21    7158.17    32    7
(relay)    23    42    7232.98    7    7229.94    3    1
(advertise)    21    7233.18    42    7
(relay)    32    30    7316.19    7    7312.81    2    1
(advertise)    21    7316.39    30    7
(relay)    23    20    7339.81    7    7338.96    3    1
(advertise)    21    7340.21    20    7
(relay)    23    12    7374.02    7    7370.92    4    1
(advertise)    21    7374.22    12    7
(relay)    23    14    7435.43    7    7434.34    3    1
(advertise)    21    7435.63    14    7
(relay)    1    1    7505.05    8    7504    127    1
(advertise)    21    7505.25    1    8
(generate)    21    7534.86    [31]    7
(relay)    32    38    7561.87    7    7541.07    2    1
(advertise)    21    7562.07    38    7
(relay)    32    35    7585.09    7    7578.87    2    1
(advertise)    21    7585.29    35    7
(relay)    32    24    7606.1    7    7569.03    2    1
(advertise)    21    7606.5    24    7
(relay)    32    11    7630.11    7    7602.95    2    1
(advertise)    21    7630.71    11    7
(relay)    23    19    7652.32    7    7605.96    3    1
(advertise)    21    7652.72    19    7
(relay)    23    18    7676.34    7    7643.96    4    1
(relay)    32    26    7677.14    7    7641.08    2    2
(advertise)    21    7677.34    18    7
(relay)    0    0    7678.55    7    7677.58    5    2
(advertise)    21    7699.15    26    7
(advertise)    21    7721.36    0    7
(relay)    32    40    7742.38    7    7706.75    2    1
(advertise)    21    7743.78    40    7
(relay)    23    44    7767.19    7    7724.92    3    1
(advertise)    21    7767.39    44    7
(relay)    23    4    7787.8    7    7767.94    3    1
(advertise)    21    7788.8    4    7
(relay)    23    29    7813.22    7    7791.08    1    1
(relay)    23    48    7838.22    7    7833.44    4    1
(advertise)    21    7838.42    48    7
(relay)    23    22    7860.63    7    7851.15    4    1
(advertise)    21    7861.83    22    7
(relay)    23    16    7881.24    7    7840.27    3    1
(advertise)    21    7882.84    16    7
(relay)    23    27    7905.65    7    7898.18    2    1
(advertise)    21    7906.45    27    7
(relay)    33    33    7938.87    7    7937.89    5    1
(advertise)    21    7939.07    33    7
(relay)    23    23    7987.48    7    7986.94    4    1
(advertise)    21    7987.68    23    7
(relay)    23    36    8011.49    7    7968.05    1    1
(relay)    23    10    8037.49    8    8034.48    1    1
(relay)    23    8    8092.89    8    8091.67    3    1
(advertise)    21    8093.09    8    8
(relay)    32    32    8158.11    8    8158.02    4    1
(advertise)    21    8158.31    32    8
(relay)    23    42    8232.32    8    8230.05    3    1
(advertise)    21    8232.52    42    8
(relay)    32    30    8315.53    8    8312.95    2    1
(advertise)    21    8315.73    30    8
(relay)    23    20    8339.75    8    8339.1    3    1
(advertise)    21    8341.15    20    8
(relay)    23    12    8373.76    8    8371.08    4    1
(advertise)    21    8373.96    12    8
(heartbeat)    31    2    8381.21    21    8397.37    3    3
(advertise)    21    8397.57    31    2
(relay)    23    14    8435.78    8    8434.49    2    1
(advertise)    21    8435.98    14    8
(generate)    21    8535.0    [31]    8
(relay)    32    38    8561.81    8    8541.23    2    1
(advertise)    21    8562.01    38    8
(relay)    23    24    8583.62    8    8569.15    3    1
(advertise)    21    8584.42    24    8
(relay)    32    35    8606.24    8    8579.0    1    1
(relay)    23    19    8627.64    8    8606.06    3    1
(advertise)    21    8627.84    19    8
(relay)    23    18    8649.65    8    8644.26    3    1
(advertise)    21    8651.25    18    8
(relay)    23    26    8670.66    8    8641.22    2    1
(advertise)    21    8672.46    26    8
(relay)    0    0    8677.88    8    8677.71    5    1
(advertise)    21    8694.08    0    8
(relay)    32    5    8696.09    8    8640.04    2    1
(advertise)    21    8716.09    5    8
(relay)    32    40    8739.1    8    8706.92    2    1
(advertise)    21    8740.3    40    8
(relay)    23    44    8761.71    8    8725.01    3    1
(advertise)    21    8762.11    44    8
(relay)    23    4    8782.93    8    8768.02    3    1
(advertise)    21    8783.33    4    8
(relay)    32    29    8805.34    8    8791.27    2    1
(advertise)    21    8805.94    29    8
(relay)    23    48    8837.55    8    8833.53    3    1
(advertise)    21    8837.75    48    8
(relay)    32    22    8859.37    8    8851.32    2    1
(advertise)    21    8859.57    22    8
(relay)    32    16    8882.58    8    8840.37    2    1
(advertise)    21    8882.78    16    8
(relay)    23    27    8905.99    8    8898.37    2    1
(advertise)    21    8906.79    27    8
(relay)    23    28    8928.41    8    8863.51    1    1
(relay)    33    33    8939.01    8    8938.02    5    1
(advertise)    21    8939.21    33    8
(relay)    32    36    8973.62    8    8968.17    2    1
(advertise)    21    8973.82    36    8
(relay)    23    23    8987.63    8    8987.13    4    1
(advertise)    21    8995.23    23    8
(relay)    32    6    9089.04    9    9085.08    1    1
(relay)    23    8    9093.04    9    9091.83    3    1
(advertise)    21    9093.24    8    9
(relay)    32    32    9158.66    9    9158.02    4    1
(advertise)    21    9158.86    32    9
(relay)    23    42    9231.27    9    9230.14    3    1
(advertise)    21    9231.47    42    9
(relay)    32    30    9314.48    9    9313.02    2    1
(advertise)    21    9314.68    30    9
(relay)    23    20    9340.5    9    9339.27    3    1
(advertise)    21    9340.7    20    9
(relay)    23    12    9375.11    9    9371.17    3    1
(advertise)    21    9375.31    12    9
(relay)    23    14    9436.32    9    9434.61    2    1
(advertise)    21    9436.52    14    9
(relay)    1    1    9504.14    10    9504    127    1
(advertise)    21    9504.34    1    10
(generate)    21    9535.15    [31]    9
(relay)    32    38    9562.76    9    9541.37    2    1
(advertise)    21    9562.96    38    9
(relay)    23    24    9584.97    9    9569.28    3    1
(advertise)    21    9585.17    24    9
(relay)    23    11    9606.79    9    9603.17    1    1
(relay)    23    19    9629.19    9    9606.19    3    1
(advertise)    21    9629.39    19    9
(relay)    23    18    9651.2    9    9644.39    3    1
(advertise)    21    9651.4    18    9
(relay)    23    26    9671.41    9    9641.36    1    1
(relay)    0    0    9678.01    9    9677.91    5    1
(advertise)    21    9678.21    0    9
(relay)    32    40    9739.23    9    9707.09    1    1
(relay)    23    2    9761.43    10    9742    119    1
(advertise)    21    9761.63    2    10
(relay)    23    4    9782.84    9    9768.1    3    1
(advertise)    21    9783.04    4    9
(relay)    32    29    9829.45    9    9791.44    2    1
(advertise)    21    9829.65    29    9
(relay)    23    48    9849.47    9    9833.63    3    1
(advertise)    21    9853.27    48    9
(relay)    23    22    9872.48    9    9852.31    3    1
(advertise)    21    9875.08    22    9
(relay)    23    16    9894.89    9    9840.51    3    1
(advertise)    21    9896.69    16    9
(relay)    23    28    9919.31    9    9863.61    1    1
(relay)    33    33    9938.31    9    9938.13    5    1
(advertise)    21    9938.71    33    9
(relay)    23    27    9940.92    9    9898.56    2    1
(advertise)    21    9960.32    27    9
(relay)    23    39    9985.73    9    9942.05    1    1
(relay)    23    23    9987.93    9    9987.28    4    1
(advertise)    21    9988.13    23    9
(relay)    23    36    10013.94    9    9968.24    1    1
(relay)    23    10    10037.14    10    10034.85    1    1
(relay)    32    37    10055.94    9    9985.07    2    1
(advertise)    21    10056.14    37    9
(relay)    23    8    10093.76    10    10092.03    3    1
(advertise)    21    10093.96    8    10
(relay)    23    6    10118.17    10    10085.24    1    1
(relay)    32    32    10158.57    10    10158.04    4    1
(advertise)    21    10158.77    32    10
(relay)    32    42    10231.78    10    10230.23    2    1
(advertise)    21    10231.98    42    10
(relay)    23    20    10341.0    10    10339.39    3    1
(advertise)    21    10341.2    20    10
(relay)    23    12    10376.21    10    10371.31    3    1
(advertise)    21    10376.41    12    10
(relay)    23    14    10438.62    10    10434.75    1    1
(relay)    1    1    10504.02    11    10504    127    1
(advertise)    21    10504.22    1    11
(generate)    21    10535.24    [31]    10
(relay)    32    38    10563.05    10    10541.4    2    1
(advertise)    21    10563.25    38    10
(relay)    32    35    10584.86    10    10579.2    2    1
(advertise)    21    10586.26    35    10
(relay)    32    24    10608.47    10    10569.44    2    1
(advertise)    21    10608.67    24    10
(relay)    23    11    10630.89    10    10603.31    1    1
(relay)    32    5    10643.49    10    10640.24    2    1
(advertise)    21    10643.69    5    10
(relay)    23    19    10652.1    10    10606.33    3    1
(advertise)    21    10666.9    19    10
(relay)    0    0    10678.11    10    10678.0    5    1
(advertise)    21    10689.11    0    10
(relay)    23    18    10697.73    10    10644.53    3    1
(relay)    32    26    10707.73    10    10641.51    1    2
(advertise)    21    10711.53    18    10
(relay)    32    40    10750.94    10    10707.11    2    1
(advertise)    21    10751.14    40    10
(relay)    32    44    10781.95    10    10725.2    2    1
(advertise)    21    10782.15    44    10
(relay)    32    29    10803.17    10    10791.46    2    1
(advertise)    21    10804.17    29    10
(relay)    23    2    10806.58    11    10742    119    1
(advertise)    21    10826.78    2    11
(relay)    23    4    10828.39    10    10768.22    3    1
(advertise)    21    10849.39    4    10
(relay)    32    28    10870.0    10    10863.74    2    1
(advertise)    21    10870.6    28    10
(relay)    23    22    10872.42    10    10852.34    3    1
(advertise)    21    10891.82    22    10
(relay)    32    27    10914.43    10    10898.59    2    1
(advertise)    21    10915.83    27    10
(relay)    23    16    10917.84    10    10840.63    3    1
(relay)    33    33    10938.44    10    10938.28    5    2
(advertise)    21    10938.84    16    10
(advertise)    21    10961.46    33    10
(relay)    32    39    10984.47    10    10942.07    2    1
(advertise)    21    10985.07    39    10
(relay)    23    23    10987.88    10    10987.3    4    1
(advertise)    21    11006.88    23    10
(relay)    32    36    11028.3    10    10968.38    2    1
(advertise)    21    11028.9    36    10
(relay)    32    37    11050.51    10    10985.6    1    1
(relay)    23    10    11051.71    11    11034.89    1    1
(relay)    23    8    11094.31    11    11092.08    3    1
(advertise)    21    11094.51    8    11
(relay)    32    6    11117.72    11    11085.26    1    1
(relay)    32    32    11158.52    11    11158.04    4    1
(advertise)    21    11158.72    32    11
(relay)    23    42    11232.73    11    11230.35    3    1
(advertise)    21    11232.93    42    11
(relay)    32    30    11313.95    11    11313.26    2    1
(advertise)    21    11314.15    30    11
(relay)    23    20    11341.96    11    11339.54    3    1
(advertise)    21    11342.36    20    11
(relay)    23    12    11374.57    11    11371.46    2    1
(advertise)    21    11374.77    12    11
(relay)    23    14    11438.39    11    11434.9    2    1
(advertise)    21    11438.59    14    11
(relay)    1    1    11504.6    12    11504    127    1
(advertise)    21    11504.8    1    12
(generate)    21    11535.41    [31]    11
(relay)    32    38    11561.43    11    11541.58    2    1
(advertise)    21    11561.63    38    11
(relay)    32    35    11582.44    11    11579.31    2    1
(advertise)    21    11582.64    35    11
(relay)    32    24    11606.45    11    11569.62    2    1
(advertise)    21    11606.85    24    11
(relay)    23    19    11630.86    11    11606.48    3    1
(advertise)    21    11631.06    19    11
(relay)    23    18    11651.08    11    11644.66    3    1
(advertise)    21    11653.68    18    11
(relay)    23    5    11672.89    11    11640.36    1    1
(relay)    0    0    11678.29    11    11678.16    5    1
(advertise)    21    11678.69    0    11
(relay)    23    26    11694.3    11    11641.67    2    1
(advertise)    21    11702.5    26    11
(relay)    23    44    11744.12    11    11725.32    3    1
(advertise)    21    11744.32    44    11
(relay)    23    4    11770.93    11    11768.33    3    1
(advertise)    21    11771.33    4    11
(relay)    23    29    11807.14    11    11791.46    1    1
(relay)    23    48    11835.94    11    11833.83    3    1
(advertise)    21    11836.14    48    11
(relay)    23    22    11858.76    11    11852.35    3    1
(advertise)    21    11860.36    22    11
(relay)    23    16    11882.37    11    11840.76    3    1
(advertise)    21    11882.97    16    11
(relay)    23    28    11904.38    11    11863.85    1    1
(relay)    23    27    11926.38    11    11898.61    2    1
(advertise)    21    11926.58    27    11
(relay)    33    33    11938.59    11    11938.42    5    1
(advertise)    21    11949.39    33    11
(relay)    32    36    11974.81    11    11968.48    2    1
(advertise)    21    11975.01    36    11
(relay)    23    23    11988.42    11    11987.49    4    1
(advertise)    21    11999.22    23    11
(relay)    32    37    12018.03    11    11985.69    1    1
(relay)    32    10    12039.03    12    12034.91    1    1
(relay)    23    8    12094.43    12    12092.1    3    1
(advertise)    21    12094.63    8    12
(relay)    32    32    12158.65    12    12158.04    4    1
(advertise)    21    12158.85    32    12
(relay)    23    42    12233.46    12    12230.46    3    1
(advertise)    21    12233.66    42    12
(relay)    32    30    12314.87    12    12313.37    2    1
(advertise)    21    12315.07    30    12
(relay)    23    20    12342.29    12    12339.71    3    1
(advertise)    21    12342.49    20    12
(relay)    23    12    12373.5    12    12371.62    3    1
(advertise)    21    12373.7    12    12
(heartbeat)    31    3    12381.23    21    12396.11    3    3
(advertise)    21    12396.51    31    3
(relay)    23    14    12438.92    12    12435.03    2    1
(advertise)    21    12439.12    14    12
(relay)    1    1    12504.54    13    12504    127    1
(advertise)    21    12504.74    1    13
(generate)    21    12535.55    [31]    12
(relay)    32    38    12561.76    12    12541.77    2    1
(advertise)    21    12561.96    38    12
(relay)    23    24    12570.58    12    12569.77    2    1
(advertise)    21    12583.98    24    12
(relay)    32    35    12606.79    12    12579.42    2    1
(relay)    23    11    12607.19    12    12603.59    1    2
(advertise)    21    12607.59    35    12
(relay)    23    19    12630.4    12    12606.63    2    1
(advertise)    21    12630.8    19    12
(relay)    23    18    12650.62    12    12644.8    3    1
(advertise)    21    12652.42    18    12
(relay)    32    5    12654.43    12    12640.45    2    1
(relay)    23    26    12673.43    12    12641.85    2    2
(advertise)    21    12675.43    5    12
(relay)    0    0    12678.84    12    12678.31    5    2
(advertise)    21    12697.04    26    12
(advertise)    21    12719.05    0    12
(relay)    32    40    12722.87    12    12707.46    2    1
(advertise)    21    12741.07    40    12
(relay)    23    44    12765.28    12    12725.46    2    1
(advertise)    21    12765.88    44    12
(relay)    23    4    12788.29    12    12768.47    3    1
(advertise)    21    12788.49    4    12
(relay)    32    29    12813.51    12    12791.61    2    1
(advertise)    21    12813.91    29    12
(relay)    23    48    12836.12    12    12833.92    3    1
(advertise)    21    12839.12    48    12
(relay)    23    22    12858.93    12    12852.37    3    1
(advertise)    21    12861.73    22    12
(relay)    23    16    12881.35    12    12840.87    3    1
(advertise)    21    12883.35    16    12
(relay)    23    27    12902.96    12    12898.63    2    1
(relay)    32    28    12903.96    12    12863.94    2    2
(advertise)    21    12905.56    27    12
(advertise)    21    12927.17    28    12
(relay)    33    33    12938.78    12    12938.58    5    1
(advertise)    21    12949.38    33    12
(relay)    32    36    12974.8    12    12968.55    2    1
(advertise)    21    12975.0    36    12
(relay)    23    23    12988.41    12    12987.49    4    1
(advertise)    21    12996.01    23    12
(relay)    32    10    13036.42    13    13035.1    1    1
(relay)    32    6    13089.62    13    13085.6    1    1
(relay)    23    8    13093.42    13    13092.11    3    1
(advertise)    21    13093.62    8    13
(relay)    32    32    13159.04    13    13158.06    4    1
(advertise)    21    13159.24    32    13
(relay)    23    42    13234.05    13    13230.6    3    1
(advertise)    21    13234.25    42    13
(relay)    32    30    13315.46    13    13313.44    2    1
(advertise)    21    13315.66    30    13
(relay)    23    20    13343.08    13    13339.86    3    1
(advertise)    21    13343.48    20    13
(relay)    0    12    13374.09    13    13371.75    1    1
(relay)    23    14    13440.29    13    13435.13    1    1
(generate)    21    13535.69    [31]    13
(relay)    32    38    13560.5    13    13541.94    2    1
(advertise)    21    13560.7    38    13
(relay)    23    24    13583.91    13    13569.92    2    1
(advertise)    21    13584.11    24    13
(relay)    23    35    13608.33    13    13579.45    1    1
(relay)    23    19    13630.93    13    13606.73    2    1
(advertise)    21    13631.13    19    13
(relay)    23    18    13652.14    13    13644.88    3    1
(advertise)    21    13653.74    18    13
(relay)    23    26    13674.15    13    13641.96    1    1
(relay)    0    0    13678.95    13    13678.47    5    1
(advertise)    21    13679.15    0    13
(relay)    32    40    13741.77    13    13707.63    1    1
(relay)    23    44    13762.57    13    13725.55    2    1
(advertise)    21    13762.77    44    13
(relay)    23    4    13787.18    13    13768.56    3    1
(advertise)    21    13787.38    4    13
(relay)    23    29    13811.59    13    13791.79    1    1
(relay)    23    48    13834.99    13    13834.01    3    1
(advertise)    21    13835.19    48    13
(relay)    23    22    13858.41    13    13852.51    3    1
(advertise)    21    13859.21    22    13
(relay)    32    28    13881.42    13    13864.0    2    1
(advertise)    21    13881.82    28    13
(relay)    0    16    13884.03    13    13840.95    2    1
(advertise)    21    13902.83    16    13
(relay)    32    27    13924.24    13    13898.8    2    1
(advertise)    21    13924.44    27    13
(relay)    33    33    13939.26    13    13938.64    5    1
(advertise)    21    13945.46    33    13
(relay)    32    39    13968.47    13    13942.58    2    1
(advertise)    21    13968.67    39    13
(relay)    23    23    13988.68    13    13987.63    4    1
(advertise)    21    13989.68    23    13
(relay)    33    36    14011.5    13    13968.64    1    1
(relay)    32    37    14032.5    13    13985.85    1    1
(relay)    32    10    14057.5    14    14035.25    1    1
(relay)    23    8    14093.5    14    14092.25    3    1
(advertise)    21    14093.7    8    14
(relay)    32    32    14159.31    14    14158.21    4    1
(advertise)    21    14159.51    32    14
(relay)    23    42    14235.12    14    14230.68    3    1
(advertise)    21    14235.32    42    14
(relay)    32    30    14315.34    14    14313.51    2    1
(advertise)    21    14315.54    30    14
(relay)    23    20    14344.15    14    14340.0    3    1
(advertise)    21    14344.35    20    14
(relay)    23    14    14438.16    14    14435.28    2    1
(advertise)    21    14438.36    14    14
(relay)    1    1    14504.97    15    14504    127    1
(advertise)    21    14505.17    1    15
(generate)    21    14535.79    [31]    14
(relay)    32    38    14561.0    14    14542.12    2    1
(advertise)    21    14561.2    38    14
(relay)    32    35    14583.81    14    14579.54    2    1
(advertise)    21    14585.01    35    14
(relay)    32    24    14606.83    14    14570.07    1    1
(relay)    23    19    14629.03    14    14606.89    2    1
(advertise)    21    14629.23    19    14
(relay)    23    18    14650.24    14    14644.96    3    1
(advertise)    21    14651.64    18    14
(relay)    23    26    14673.45    14    14642.11    2    1
(advertise)    21    14674.45    26    14
(relay)    0    0    14679.27    14    14678.62    5    1
(advertise)    21    14695.67    0    14
(relay)    32    5    14717.88    14    14640.57    1    1
(relay)    32    40    14741.08    14    14707.64    2    1
(advertise)    21    14741.28    40    14
(relay)    23    44    14785.49    14    14725.64    1    1
(relay)    32    29    14807.49    14    14791.97    2    1
(advertise)    21    14807.69    29    14
(relay)    23    2    14809.7    15    14742    119    1
(advertise)    21    14829.3    2    15
(relay)    32    4    14852.32    14    14768.67    2    1
(advertise)    21    14852.72    4    14
(relay)    23    48    14875.13    14    14834.12    2    1
(advertise)    21    14875.33    48    14
(relay)    32    28    14896.74    14    14864.08    2    1
(advertise)    21    14897.74    28    14
(relay)    33    22    14899.36    14    14852.68    1    1
(relay)    32    27    14918.36    14    14898.8    2    1
(relay)    23    16    14919.16    14    14841.08    3    2
(advertise)    21    14919.96    27    14
(relay)    33    33    14939.37    14    14938.77    5    2
(advertise)    21    14940.97    16    14
(advertise)    21    14963.18    33    14
(relay)    32    39    14983.0    14    14942.59    1    1
(relay)    23    23    14988.0    14    14987.81    4    1
(advertise)    21    14988.2    23    14
(relay)    32    37    15028.81    14    14985.94    2    1
(advertise)    21    15029.01    37    14
(relay)    23    10    15056.62    15    15035.41    1    1
(relay)    23    6    15087.42    15    15085.96    1    1
(relay)    23    8    15111.02    15    15092.44    3    1
(advertise)    21    15111.22    8    15
(relay)    32    32    15159.43    15    15158.4    4    1
(advertise)    21    15159.63    32    15
(relay)    23    42    15235.65    15    15230.8    3    1
(advertise)    21    15235.85    42    15
(relay)    32    30    15316.66    15    15313.61    2    1
(advertise)    21    15316.86    30    15
(relay)    23    20    15342.67    15    15340.15    3    1
(advertise)    21    15342.87    20    15
(relay)    32    12    15373.49    15    15372.03    2    1
(advertise)    21    15373.69    12    15
(relay)    23    14    15437.5    15    15435.44    2    1
(advertise)    21    15437.7    14    15
(relay)    1    1    15504.91    16    15504    127    1
(advertise)    21    15505.11    1    16
(generate)    21    15535.93    [31]    15
(relay)    32    38    15560.94    15    15542.31    2    1
(advertise)    21    15561.14    38    15
(relay)    32    35    15584.15    15    15579.65    2    1
(advertise)    21    15584.55    35    15
(relay)    32    24    15605.76    15    15570.21    1    1
(relay)    32    5    15641.76    15    15640.68    2    1
(advertise)    21    15641.96    5    15
(relay)    23    18    15665.38    15    15645.07    3    1
(advertise)    21    15665.78    18    15
(relay)    0    0    15679.79    15    15678.75    5    1
(relay)    23    19    15687.39    15    15607.06    2    2
(relay)    32    26    15688.19    15    15642.28    1    3
(advertise)    21    15690.59    0    15
(advertise)    21    15712.4    19    15
(relay)    32    40    15752.82    15    15707.81    2    1
(advertise)    21    15753.02    40    15
(relay)    23    44    15777.03    15    15725.78    2    1
(advertise)    21    15777.83    44    15
(relay)    23    2    15797.44    16    15742    118    1
(advertise)    21    15799.24    2    16
(relay)    32    29    15801.66    15    15792.14    2    1
(advertise)    21    15821.06    29    15
(relay)    23    4    15842.27    15    15768.8    3    1
(advertise)    21    15843.27    4    15
(relay)    23    48    15864.48    15    15834.22    3    1
(advertise)    21    15864.88    48    15
(relay)    33    22    15886.89    15    15852.86    2    1
(advertise)    21    15888.89    22    15
(relay)    32    28    15891.51    15    15864.18    2    1
(relay)    23    16    15906.91    15    15841.19    3    2
(advertise)    21    15910.91    28    15
(advertise)    21    15932.12    16    15
(relay)    33    33    15939.53    15    15938.95    5    1
(relay)    23    27    15951.13    15    15898.83    2    2
(advertise)    21    15953.33    33    15
(advertise)    21    15976.75    27    15
(relay)    23    23    15988.36    15    15988.2    4    1
(advertise)    21    15998.56    23    15
(relay)    23    39    15999.77    15    15942.78    1    1
(relay)    23    10    16037.77    16    16035.43    1    1
(relay)    32    36    16047.17    15    15968.82    2    1
(advertise)    21    16047.37    36    15
(relay)    32    37    16069.79    15    15986.05    2    1
(advertise)    21    16069.99    37    15
(relay)    23    8    16103.4    16    16092.6    3    1
(advertise)    21    16103.6    8    16
(relay)    32    6    16125.81    16    16086.13    1    1
(relay)    32    32    16158.61    16    16158.42    4    1
(advertise)    21    16158.81    32    16
(relay)    23    42    16235.82    16    16230.91    3    1
(advertise)    21    16236.02    42    16
(relay)    32    30    16316.64    16    16313.73    2    1
(advertise)    21    16316.84    30    16
(relay)    32    20    16342.85    16    16340.31    2    1
(advertise)    21    16343.05    20    16
(relay)    23    12    16374.06    16    16372.17    3    1
(advertise)    21    16374.26    12    16
(heartbeat)    31    4    16381.24    21    16397.68    3    3
(advertise)    21    16398.48    31    4
(relay)    23    14    16437.69    16    16435.59    2    1
(advertise)    21    16437.89    14    16
(relay)    1    1    16505.1    17    16504    127    1
(advertise)    21    16505.3    1    17
(generate)    21    16536.12    [31]    16
(relay)    32    38    16560.13    16    16542.5    2    1
(advertise)    21    16560.33    38    16
(relay)    23    24    16583.74    16    16570.38    2    1
(advertise)    21    16583.94    24    16
(relay)    23    35    16606.55    16    16579.75    1    1
(relay)    23    11    16628.15    16    16604.12    1    1
(relay)    32    5    16642.35    16    16640.78    2    1
(advertise)    21    16642.55    5    16
(relay)    23    18    16672.97    16    16645.21    3    1
(advertise)    21    16673.17    18    16
(relay)    0    0    16679.98    16    16678.94    5    1
(relay)    23    19    16694.18    16    16607.19    1    2
(advertise)    21    16695.18    0    16
(relay)    23    26    16715.39    16    16642.43    1    1
(relay)    23    44    16765.19    16    16725.89    2    1
(advertise)    21    16765.39    44    16
(relay)    23    4    16786.41    16    16768.88    2    1
(advertise)    21    16788.61    4    16
(relay)    23    29    16809.62    16    16792.16    1    1
(relay)    23    48    16837.42    16    16834.32    3    1
(advertise)    21    16837.62    48    16
(relay)    23    22    16860.03    16    16852.88    3    1
(advertise)    21    16860.63    22    16
(relay)    23    16    16881.45    16    16841.3    3    1
(advertise)    21    16882.65    16    16
(relay)    23    27    16903.26    16    16898.9    2    1
(advertise)    21    16904.46    27    16
(relay)    23    28    16925.07    16    16864.28    1    1
(relay)    33    33    16940.07    16    16939.1    5    1
(advertise)    21    16940.27    33    16
(relay)    32    39    16970.28    16    16942.97    2    1
(advertise)    21    16970.48    39    16
(relay)    23    23    16988.3    16    16988.24    4    1
(advertise)    21    16991.9    23    16
(relay)    32    37    17015.91    16    16986.16    2    1
(advertise)    21    17016.11    37    16
(relay)    23    10    17038.72    17    17035.62    1    1
(relay)    32    6    17088.52    17    17086.29    2    1
(advertise)    21    17088.72    6    17
(relay)    23    8    17111.34    17    17092.77    3    1
(advertise)    21    17111.54    8    17
(relay)    32    32    17158.75    17    17158.59    4    1
(advertise)    21    17158.95    32    17
(relay)    23    42    17234.16    17    17231.01    2    1
(advertise)    21    17234.36    42    17
(relay)    32    30    17317.18    17    17313.81    2    1
(advertise)    21    17317.38    30    17
(relay)    23    20    17341.39    17    17340.46    3    1
(advertise)    21    17341.59    20    17
(relay)    23    14    17437.2    17    17435.72    1    1
(relay)    1    1    17505.0    18    17504    127    1
(advertise)    21    17505.2    1    18
(generate)    21    17536.21    [31]    17
(relay)    32    38    17562.83    17    17542.67    2    1
(advertise)    21    17563.03    38    17
(relay)    32    35    17586.44    17    17579.82    2    1
(advertise)    21    17587.44    35    17
(relay)    32    24    17607.65    17    17570.5    1    1
(relay)    23    19    17631.45    17    17607.31    2    1
(advertise)    21    17631.65    19    17
(relay)    23    18    17653.47    17    17645.31    3    1
(advertise)    21    17653.67    18    17
(relay)    32    5    17675.68    17    17640.85    2    1
(advertise)    21    17675.88    5    17
(relay)    0    0    17680.09    17    17679.04    5    1
(relay)    32    26    17695.89    17    17642.58    1    2
(advertise)    21    17698.29    0    17
(relay)    23    44    17745.91    17    17725.98    2    1
(advertise)    21    17746.11    44    17
(relay)    23    4    17772.92    17    17768.99    2    1
(advertise)    21    17773.12    4    17
(relay)    32    29    17794.13    17    17792.32    2    1
(advertise)    21    17795.53    29    17
(relay)    23    48    17838.14    17    17834.39    3    1
(advertise)    21    17838.34    48    17
(relay)    23    22    17860.36    17    17853.04    3    1
(advertise)    21    17861.76    22    17
(relay)    23    16    17882.77    17    17841.4    2    1
(advertise)    21    17883.37    16    17
(relay)    23    27    17906.98    17    17899.06    2    1
(advertise)    21    17907.18    27    17
(relay)    32    28    17908.6    17    17864.34    2    1
(advertise)    21    17929.8    28    17
(relay)    33    33    17940.21    17    17939.25    5    1
(advertise)    21    17952.01    33    17
(relay)    23    36    17973.82    17    17969.01    1    1
(relay)    23    23    17989.02    17    17988.42    4    1
(advertise)    21    17989.22    23    17
(relay)    32    37    18018.04    17    17986.23    2    1
(advertise)    21    18018.24    37    17
(relay)    23    10    18041.05    18    18035.78    1    1
(relay)    32    6    18088.25    18    18086.46    2    1
(advertise)    21    18088.45    6    18
(relay)    23    8    18110.86    18    18092.91    3    1
(advertise)    21    18111.06    8    18
(relay)    32    32    18158.87    18    18158.76    4    1
(advertise)    21    18159.07    32    18
(relay)    23    42    18233.29    18    18231.12    2    1
(advertise)    21    18233.49    42    18
(relay)    32    30    18316.3    18    18313.88    2    1
(advertise)    21    18316.5    30    18
(relay)    23    20    18341.11    18    18340.56    3    1
(advertise)    21    18341.31    20    18
(relay)    23    12    18375.53    18    18372.42    3    1
(advertise)    21    18375.73    12    18
(relay)    23    14    18436.94    18    18435.87    1    1
(generate)    21    18536.34    [31]    18
(relay)    32    38    18561.95    18    18542.85    2    1
(advertise)    21    18562.15    38    18
(relay)    23    24    18584.57    18    18570.66    2    1
(relay)    32    35    18584.97    18    18579.91    1    2
(advertise)    21    18585.17    24    18
(relay)    23    11    18606.38    18    18604.38    1    1
(relay)    23    19    18629.78    18    18607.47    1    1
(relay)    32    5    18643.58    18    18641.14    2    1
(advertise)    21    18643.78    5    18
(relay)    23    18    18673.99    18    18645.4    3    1
(advertise)    21    18674.19    18    18
(relay)    0    0    18679.2    18    18679.2    5    1
(advertise)    21    18696.4    0    18
(relay)    32    40    18740.82    18    18708.38    2    1
(advertise)    21    18741.02    40    18
(relay)    23    44    18765.43    18    18726.08    2    1
(advertise)    21    18765.83    44    18
(relay)    23    2    18785.64    19    18742    118    1
(advertise)    21    18788.24    2    19
(relay)    23    4    18808.66    18    18769.11    2    1
(advertise)    21    18810.46    4    18
(relay)    32    29    18811.87    18    18792.46    2    1
(advertise)    21    18831.87    29    18
(relay)    23    48    18854.48    18    18834.49    3    1
(advertise)    21    18855.48    48    18
(relay)    23    22    18876.7    18    18853.19    2    1
(advertise)    21    18878.1    22    18
(relay)    23    16    18900.31    18    18841.53    3    1
(advertise)    21    18900.91    16    18
(relay)    23    27    18922.72    18    18899.07    2    1
(advertise)    21    18922.92    27    18
(relay)    33    33    18940.33    18    18939.37    5    1
(advertise)    21    18943.93    33    18
(relay)    23    23    18989.15    18    18988.61    4    1
(advertise)    21    18989.35    23    18
(relay)    23    39    19011.96    18    18943.3    1    1
(relay)    32    37    19033.16    18    18986.31    2    1
(advertise)    21    19033.36    37    18
(relay)    0    28    19052.97    18    18864.41    1    1
(relay)    32    10    19055.97    19    19035.79    1    1
(relay)    32    36    19078.17    18    18969.09    1    1
(relay)    23    8    19094.37    19    19093.1    3    1
(advertise)    21    19094.57    8    19
(relay)    32    6    19124.39    19    19086.64    2    1
(advertise)    21    19124.59    6    19
(relay)    32    32    19159.4    19    19158.91    4    1
(advertise)    21    19159.6    32    19
(relay)    23    42    19232.41    19    19231.22    2    1
(advertise)    21    19232.61    42    19
(relay)    32    30    19315.63    19    19313.97    2    1
(advertise)    21    19315.83    30    19
(relay)    0    20    19343.64    19    19340.69    1    1
(relay)    23    12    19376.24    19    19372.54    3    1
(advertise)    21    19376.44    12    19
(relay)    23    14    19438.05    19    19436.03    2    1
(advertise)    21    19438.25    14    19
(relay)    1    1    19504.06    20    19504    127    1
(advertise)    21    19504.26    1    20
(generate)    21    19536.48    [31]    19
(relay)    32    38    19562.89    19    19542.86    2    1
(advertise)    21    19563.09    38    19
(relay)    32    24    19609.5    19    19570.84    1    1
(relay)    23    11    19610.1    19    19604.52    1    1
(relay)    23    19    19631.9    19    19607.62    2    1
(advertise)    21    19632.1    19    19
(relay)    23    18    19655.52    19    19645.51    3    1
(advertise)    21    19655.92    18    19
(relay)    23    26    19676.73    19    19642.89    2    1
(relay)    32    5    19677.33    19    19641.24    2    2
(advertise)    21    19678.33    26    19
(relay)    0    0    19679.54    19    19679.42    5    2
(advertise)    21    19699.34    5    19
(advertise)    21    19721.96    0    19
(relay)    32    40    19744.77    19    19708.58    2    1
(advertise)    21    19744.97    40    19
(relay)    23    4    19790.38    19    19769.2    2    1
(advertise)    21    19790.58    4    19
(relay)    32    29    19812.59    19    19792.65    2    1
(advertise)    21    19812.99    29    19
(relay)    23    48    19839.41    19    19834.59    3    1
(advertise)    21    19839.61    48    19
(relay)    23    22    19860.62    19    19853.21    3    1
(advertise)    21    19862.02    22    19
(relay)    23    16    19883.23    19    19841.63    3    1
(advertise)    21    19885.03    16    19
(relay)    23    27    19905.25    19    19899.11    2    1
(advertise)    21    19907.65    27    19
(relay)    23    28    19928.06    19    19864.51    1    1
(relay)    33    33    19939.66    19    19939.47    5    1
(advertise)    21    19939.86    33    19
(relay)    23    39    19972.67    19    19943.5    1    1
(relay)    23    23    19989.27    19    19988.63    4    1
(advertise)    21    19989.47    23    19
(relay)    23    36    20016.09    19    19969.19    1    1
(relay)    23    37    20036.69    19    19986.42    1    1
(relay)    23    10    20061.29    20    20035.8    1    1
(relay)    32    6    20090.89    20    20086.82    2    1
(advertise)    21    20091.09    6    20
(relay)    23    8    20112.9    20    20093.13    3    1
(advertise)    21    20113.7    8    20
(relay)    32    32    20159.51    20    20158.91    4    1
(advertise)    21    20159.71    32    20
(relay)    23    42    20232.72    20    20231.33    2    1
(advertise)    21    20232.92    42    20
(relay)    23    20    20342.54    20    20340.78    3    1
(advertise)    21    20342.74    20    20
(relay)    23    12    20376.75    20    20372.65    3    1
(advertise)    21    20376.95    12    20
(heartbeat)    31    5    20381.25    21    20399.76    3    3
(advertise)    21    20401.36    31    5
(relay)    23    14    20438.58    20    20436.17    2    1
(advertise)    21    20438.78    14    20
(relay)    1    1    20504.19    21    20504    127    1
(advertise)    21    20504.39    1    21
(generate)    21    20536.6    [31]    20
(relay)    32    38    20564.22    20    20542.87    2    1
(advertise)    21    20564.42    38    20
(relay)    32    35    20585.63    20    20580.1    2    1
(advertise)    21    20587.23    35    20
(relay)    32    24    20609.04    20    20571.01    1    1
(relay)    23    11    20631.64    20    20604.64    1    1
(relay)    32    5    20644.24    20    20641.32    2    1
(advertise)    21    20644.44    5    20
(relay)    23    19    20654.85    20    20607.78    2    1
(advertise)    21    20668.05    19    20
(relay)    0    0    20679.67    20    20679.51    5    1
(advertise)    21    20689.87    0    20
(relay)    23    18    20697.68    20    20645.63    3    1
(advertise)    21    20710.88    18    20
(relay)    32    26    20732.29    20    20643.02    1    1
(relay)    32    40    20756.29    20    20708.6    2    1
(advertise)    21    20756.49    40    20
(relay)    23    44    20783.31    20    20726.29    2    1
(advertise)    21    20783.51    44    20
(relay)    23    4    20805.12    20    20769.32    2    1
(advertise)    21    20806.72    4    20
(relay)    33    29    20828.53    20    20792.83    1    1
(relay)    23    48    20850.53    20    20834.72    2    1
(advertise)    21    20850.73    48    20
(relay)    23    22    20872.95    20    20853.24    3    1
(relay)    32    28    20873.95    20    20864.59    2    2
(advertise)    21    20874.15    22    20
(advertise)    21    20896.16    28    20
(relay)    23    16    20917.77    20    20841.76    2    1
(advertise)    21    20918.77    16    20
(relay)    32    27    20939.38    20    20899.16    2    1
(advertise)    21    20939.78    27    20
(relay)    32    33    20961.8    20    20939.61    4    1
(advertise)    21    20962.0    33    20
(relay)    23    23    20989.61    20    20988.69    4    1
(advertise)    21    20989.81    23    20
(relay)    23    36    21023.02    20    20969.26    1    1
(relay)    23    10    21048.82    21    21035.83    1    1
(relay)    32    37    21053.82    20    20986.48    2    1
(advertise)    21    21054.02    37    20
(relay)    32    6    21092.24    21    21086.84    1    1
(relay)    23    8    21095.44    21    21093.13    3    1
(advertise)    21    21095.64    8    21
(relay)    32    32    21159.45    21    21158.93    4    1
(advertise)    21    21159.65    32    21
(relay)    23    42    21233.46    21    21231.47    2    1
(advertise)    21    21233.66    42    21
(relay)    32    30    21315.28    21    21314.13    2    1
(advertise)    21    21315.48    30    21
(relay)    23    20    21343.09    21    21340.92    3    1
(advertise)    21    21343.49    20    21
(relay)    23    12    21375.9    21    21372.82    2    1
(advertise)    21    21376.1    12    21
(relay)    23    14    21439.91    21    21436.34    2    1
(advertise)    21    21440.11    14    21
(relay)    1    1    21504.53    22    21504    127    1
(advertise)    21    21504.73    1    22
(generate)    21    21536.74    [31]    21
(relay)    32    38    21563.15    21    21543.05    2    1
(advertise)    21    21563.35    38    21
(relay)    32    35    21585.77    21    21580.14    2    1
(advertise)    21    21585.97    35    21
(relay)    32    24    21609.18    21    21571.16    1    1
(relay)    23    11    21630.18    21    21604.75    1    1
(relay)    32    5    21644.58    21    21641.36    2    1
(advertise)    21    21644.78    5    21
(relay)    23    19    21652.79    21    21607.92    2    1
(advertise)    21    21668.99    19    21
(relay)    0    0    21680.41    21    21679.85    5    1
(advertise)    21    21693.41    0    21
(relay)    23    18    21698.62    21    21645.73    3    1
(relay)    32    26    21712.82    21    21643.17    1    2
(advertise)    21    21714.42    18    21
(relay)    32    40    21758.63    21    21708.77    2    1
(advertise)    21    21758.83    40    21
(relay)    23    44    21766.04    21    21726.4    2    1
(advertise)    21    21780.64    44    21
(relay)    32    29    21802.46    21    21793.01    2    1
(advertise)    21    21804.06    29    21
(relay)    23    2    21811.27    22    21742    117    1
(advertise)    21    21826.47    2    22
(relay)    32    4    21850.28    21    21769.44    1    1
(relay)    32    28    21873.28    21    21864.65    2    1
(advertise)    21    21873.48    28    21
(relay)    23    48    21875.9    21    21834.82    3    1
(advertise)    21    21896.5    48    21
(relay)    23    22    21898.71    21    21853.24    3    1
(advertise)    21    21919.11    22    21
(relay)    32    27    21938.72    21    21899.2    1    1
(relay)    33    33    21939.92    21    21939.76    5    1
(advertise)    21    21940.12    33    21
(relay)    32    39    21984.74    21    21943.69    2    1
(advertise)    21    21984.94    39    21
(relay)    23    23    21989.75    21    21988.71    4    1
(advertise)    21    22007.55    23    21
(relay)    32    37    22028.96    21    21986.54    2    1
(advertise)    21    22029.36    37    21
(relay)    23    10    22051.57    22    22035.84    1    1
(relay)    23    8    22095.37    22    22093.14    3    1
(advertise)    21    22095.57    8    22
(relay)    32    32    22159.59    22    22159.09    4    1
(advertise)    21    22159.79    32    22
(relay)    23    42    22234.4    22    22231.57    2    1
(advertise)    21    22234.6    42    22
(relay)    32    30    22315.81    22    22314.19    2    1
(advertise)    21    22316.01    30    22
(relay)    23    20    22343.43    22    22341.06    3    1
(advertise)    21    22343.63    20    22
(relay)    23    12    22375.04    22    22372.98    3    1
(advertise)    21    22375.24    12    22
(relay)    23    14    22440.25    22    22436.47    2    1
(advertise)    21    22440.45    14    22
(relay)    1    1    22504.47    23    22504    127    1
(advertise)    21    22504.67    1    23
(generate)    21    22536.88    [31]    22
(relay)    32    38    22563.69    22    22543.24    2    1
(advertise)    21    22563.89    38    22
(relay)    32    35    22585.1    22    22580.22    2    1
(advertise)    21    22587.5    35    22
(relay)    32    24    22607.12    22    22571.31    1    1
(relay)    23    11    22633.12    22    22604.9    1    1
(relay)    32    5    22642.92    22    22641.44    2    1
(advertise)    21    22643.12    5    22
(relay)    23    19    22653.73    22    22608.1    2    1
(advertise)    21    22665.93    19    22
(relay)    0    0    22680.54    22    22679.99    5    1
(advertise)    21    22687.14    0    22
(relay)    23    18    22697.76    22    22645.84    3    1
(advertise)    21    22709.16    18    22
(relay)    23    26    22719.17    22    22643.31    1    1
(relay)    32    40    22737.77    22    22708.96    1    1
(relay)    23    4    22787.57    22    22769.57    2    1
(advertise)    21    22787.77    4    22
(relay)    23    44    22811.18    22    22726.53    1    1
(relay)    33    29    22812.58    22    22793.18    1    1
(relay)    23    48    22836.38    22    22834.97    3    1
(advertise)    21    22836.58    48    22
(relay)    23    22    22858.6    22    22853.43    3    1
(advertise)    21    22859.6    22    22
(relay)    23    16    22881.81    22    22842.01    2    1
(advertise)    21    22882.61    16    22
(relay)    23    27    22903.02    22    22899.43    2    1
(advertise)    21    22904.62    27    22
(relay)    33    33    22940.03    22    22939.9    5    1
(advertise)    21    22940.23    33    22
(relay)    32    39    22975.05    22    22943.87    2    1
(advertise)    21    22975.25    39    22
(relay)    23    23    22989.86    22    22988.88    4    1
(advertise)    21    22996.66    23    22
(relay)    23    36    23016.47    22    22969.38    1    1
(relay)    23    10    23040.27    23    23036.03    1    1
(relay)    32    37    23042.67    22    22986.6    2    1
(advertise)    21    23042.87    37    22
(relay)    23    8    23094.69    23    23093.33    3    1
(advertise)    21    23094.89    8    23
(relay)    32    32    23160.3    23    23159.27    4    1
(advertise)    21    23160.5    32    23
(relay)    23    42    23235.11    23    23231.7    2    1
(advertise)    21    23235.31    42    23
(relay)    32    30    23315.93    23    23314.25    2    1
(advertise)    21    23316.13    30    23
(relay)    23    20    23343.74    23    23341.19    3    1
(advertise)    21    23344.14    20    23
(relay)    23    14    23440.75    23    23436.62    2    1
(advertise)    21    23440.95    14    23
(generate)    21    23536.96    [31]    23
(relay)    32    38    23561.98    23    23543.43    2    1
(advertise)    21    23562.18    38    23
(relay)    23    24    23585.59    23    23571.46    2    1
(relay)    32    35    23586.19    23    23580.26    2    2
(advertise)    21    23586.59    24    23
(advertise)    21    23609.4    35    23
(relay)    32    19    23633.02    23    23608.22    1    1
(relay)    32    5    23654.02    23    23641.49    2    1
(advertise)    21    23654.22    5    23
(relay)    23    26    23656.63    23    23643.46    2    1
(advertise)    21    23675.23    26    23
(relay)    0    0    23680.64    23    23680.14    5    1
(advertise)    21    23698.24    0    23
(relay)    23    18    23703.46    23    23645.93    2    1
(advertise)    21    23719.26    18    23
(relay)    32    40    23741.87    23    23709.16    2    1
(advertise)    21    23742.07    40    23
(relay)    23    44    23768.08    23    23726.63    1    1
(relay)    23    2    23790.48    24    23742    118    1
(advertise)    21    23790.68    2    24
(relay)    32    29    23795.09    23    23793.33    2    1
(advertise)    21    23812.29    29    23
(relay)    32    4    23815.51    23    23769.68    1    1
(relay)    23    48    23854.51    23    23835.07    3    1
(advertise)    21    23854.71    48    23
(relay)    23    22    23876.12    23    23853.58    3    1
(advertise)    21    23877.12    22    23
(relay)    23    16    23898.33    23    23842.13    2    1
(advertise)    21    23899.33    16    23
(relay)    23    27    23919.55    23    23899.44    1    1
(relay)    33    33    23940.55    23    23940.01    5    1
(advertise)    21    23940.75    33    23
(relay)    32    36    23972.56    23    23969.43    2    1
(advertise)    21    23972.76    36    23
(relay)    23    23    23989.97    23    23988.89    4    1
(advertise)    21    23995.37    23    23
(relay)    23    37    24015.59    23    23986.64    1    1
(relay)    23    10    24037.59    24    24036.22    1    1
(relay)    23    8    24094.79    24    24093.46    3    1
(advertise)    21    24094.99    8    24
(relay)    32    32    24160.4    24    24159.38    4    1
(advertise)    21    24160.6    32    24
(relay)    23    42    24236.41    24    24231.78    2    1
(advertise)    21    24236.61    42    24
(relay)    32    30    24316.42    24    24314.3    2    1
(advertise)    21    24316.62    30    24
(relay)    23    20    24345.04    24    24341.3    3    1
(advertise)    21    24345.44    20    24
(relay)    32    12    24374.25    24    24373.25    2    1
(advertise)    21    24374.65    12    24
(heartbeat)    31    6    24381.27    21    24396.66    3    3
(advertise)    21    24397.66    31    6
(relay)    23    14    24439.68    24    24436.75    2    1
(advertise)    21    24439.88    14    24
(relay)    1    1    24505.09    25    24504    127    1
(advertise)    21    24505.29    1    25
(generate)    21    24537.1    [31]    24
(relay)    32    38    24563.92    24    24543.61    2    1
(advertise)    21    24564.12    38    24
(relay)    32    35    24585.33    24    24580.32    2    1
(advertise)    21    24585.53    35    24
(relay)    32    24    24607.34    24    24571.58    1    1
(relay)    23    11    24610.94    24    24605.17    1    1
(relay)    32    5    24642.14    24    24641.55    2    1
(advertise)    21    24642.34    5    24
(relay)    23    18    24666.15    24    24646.03    3    1
(advertise)    21    24667.15    18    24
(relay)    0    0    24680.97    24    24680.32    5    1
(relay)    32    26    24687.77    24    24643.6    1    2
(advertise)    21    24689.37    0    24
(relay)    32    40    24732.78    24    24709.31    2    1
(advertise)    21    24732.98    40    24
(relay)    23    44    24756.19    24    24726.71    2    1
(advertise)    21    24756.99    44    24
(relay)    23    2    24779.41    25    24742    119    1
(advertise)    21    24779.81    2    25
(relay)    23    4    24801.42    24    24769.76    2    1
(advertise)    21    24802.02    4    24
(relay)    23    29    24821.83    24    24793.52    1    1
(relay)    23    48    24844.43    24    24835.14    3    1
(advertise)    21    24844.63    48    24
(relay)    23    22    24867.05    24    24853.76    3    1
(advertise)    21    24867.45    22    24
(relay)    23    16    24888.46    24    24842.22    2    1
(advertise)    21    24889.86    16    24
(relay)    23    27    24908.67    24    24900.27    2    1
(advertise)    21    24913.27    27    24
(relay)    23    28    24932.48    24    24864.83    1    1
(relay)    33    33    24940.68    24    24940.16    5    1
(advertise)    21    24940.88    33    24
(relay)    32    39    24978.7    24    24944.05    2    1
(advertise)    21    24978.9    39    24
(relay)    23    23    24988.91    24    24988.89    4    1
(advertise)    21    25000.11    23    24
(relay)    23    10    25044.72    25    25036.23    1    1
(relay)    32    6    25089.32    25    25087.6    1    1
(relay)    23    8    25094.12    25    25093.65    3    1
(advertise)    21    25094.32    8    25
(relay)    32    32    25160.34    25    25159.4    4    1
(advertise)    21    25160.54    32    25
(relay)    23    42    25235.95    25    25231.89    2    1
(advertise)    21    25236.15    42    25
(relay)    32    30    25317.16    25    25314.36    2    1
(advertise)    21    25317.36    30    25
(relay)    23    20    25343.58    25    25341.47    3    1
(advertise)    21    25343.78    20    25
(relay)    23    12    25374.79    25    25373.4    3    1
(advertise)    21    25374.99    12    25
(relay)    23    14    25439.0    25    25436.91    2    1
(advertise)    21    25439.2    14    25
(relay)    1    1    25505.01    26    25504    127    1
(advertise)    21    25505.21    1    26
(generate)    21    25537.23    [31]    25
(relay)    32    38    25563.24    25    25543.79    2    1
(advertise)    21    25563.44    38    25
(relay)    32    35    25584.65    25    25580.38    2    1
(advertise)    21    25586.25    35    25
(relay)    32    24    25609.87    25    25571.76    1    1
(relay)    32    5    25642.87    25    25641.61    2    1
(advertise)    21    25643.07    5    25
(relay)    23    18    25665.88    25    25646.14    3    1
(advertise)    21    25666.88    18    25
(relay)    0    0    25681.49    25    25680.46    5    1
(advertise)    21    25689.09    0    25
(relay)    23    26    25690.31    25    25643.75    2    1
(advertise)    21    25711.31    26    25
(relay)    32    40    25735.92    25    25709.48    2    1
(advertise)    21    25736.32    40    25
(relay)    23    44    25757.33    25    25726.84    2    1
(advertise)    21    25759.13    44    25
(relay)    23    2    25789.34    26    25742    119    1
(advertise)    21    25789.54    2    26
(relay)    23    4    25809.96    25    25769.89    2    1
(relay)    32    29    25810.96    25    25793.53    2    2
(advertise)    21    25811.76    4    25
(advertise)    21    25833.37    29    25
(relay)    23    48    25852.98    25    25835.25    3    1
(advertise)    21    25855.38    48    25
(relay)    23    22    25874.4    25    25853.94    3    1
(advertise)    21    25877.6    22    25
(relay)    23    16    25895.01    25    25842.38    2    1
(relay)    32    28    25899.01    25    25864.9    2    2
(advertise)    21    25900.41    16    25
(advertise)    21    25923.82    28    25
(relay)    23    27    25939.04    25    25900.29    1    1
(relay)    33    33    25940.84    25    25940.25    5    1
(advertise)    21    25946.84    33    25
(relay)    23    39    25984.85    25    25944.23    1    1
(relay)    23    23    25989.05    25    25988.89    4    1
(advertise)    21    25989.25    23    25
(relay)    32    36    26032.66    25    25969.58    1    1
(relay)    23    10    26038.86    26    26036.23    1    1
(relay)    32    37    26054.66    25    25986.79    2    1
(advertise)    21    26054.86    37    25
(relay)    23    8    26094.27    26    26093.81    3    1
(advertise)    21    26094.47    8    26
(relay)    32    6    26116.69    26    26087.76    2    1
(advertise)    21    26117.49    6    26
(relay)    32    32    26159.7    26    26159.59    4    1
(advertise)    21    26159.9    32    26
(relay)    23    42    26236.51    26    26231.99    2    1
(advertise)    21    26236.71    42    26
(relay)    32    30    26317.33    26    26314.43    2    1
(advertise)    21    26317.53    30    26
(relay)    23    20    26343.74    26    26341.61    3    1
(advertise)    21    26344.34    20    26
(relay)    23    12    26375.35    26    26373.55    3    1
(advertise)    21    26375.55    12    26
(relay)    23    14    26439.17    26    26437.08    2    1
(advertise)    21    26439.37    14    26
(relay)    1    1    26504.98    27    26504    127    1
(advertise)    21    26505.18    1    27
(generate)    21    26537.39    [31]    26
(relay)    32    38    26564.4    26    26543.97    2    1
(advertise)    21    26564.6    38    26
(relay)    23    24    26586.62    26    26571.92    2    1
(relay)    32    35    26587.42    26    26580.46    2    2
(advertise)    21    26588.02    24    26
(advertise)    21    26610.23    35    26
(relay)    23    19    26629.44    26    26608.69    2    1
(advertise)    21    26633.24    19    26
(relay)    23    18    26651.46    26    26646.25    3    1
(relay)    32    5    26654.26    26    26641.68    2    2
(advertise)    21    26655.26    18    26
(relay)    23    26    26674.87    26    26643.89    1    2
(advertise)    21    26678.27    5    26
(relay)    0    0    26681.68    26    26680.62    5    1
(advertise)    21    26700.68    0    26
(relay)    32    40    26726.9    26    26709.68    1    1
(relay)    23    44    26748.9    26    26726.95    2    1
(advertise)    21    26749.1    44    26
(relay)    23    4    26775.91    26    26769.99    2    1
(advertise)    21    26776.31    4    26
(relay)    32    29    26798.52    26    26793.69    2    1
(advertise)    21    26798.72    29    26
(relay)    23    22    26861.73    26    26854.13    3    1
(advertise)    21    26861.93    22    26
(relay)    23    16    26883.35    26    26842.49    2    1
(advertise)    21    26886.35    16    26
(relay)    23    27    26904.36    26    26900.34    2    1
(advertise)    21    26908.36    27    26
(relay)    23    28    26925.97    26    26864.97    1    1
(relay)    33    33    26941.37    26    26940.37    5    1
(advertise)    21    26941.57    33    26
(relay)    32    36    26973.79    26    26969.65    2    1
(advertise)    21    26973.99    36    26
(relay)    23    23    26989.2    26    26989.08    4    1
(advertise)    21    26996.6    23    26
(relay)    23    37    27017.61    26    26986.85    1    1
(relay)    23    10    27041.01    27    27036.26    1    1
(relay)    23    6    27090.61    27    27087.93    1    1
(relay)    23    8    27112.41    27    27093.82    3    1
(advertise)    21    27112.61    8    27
(relay)    32    32    27159.63    27    27159.59    4    1
(advertise)    21    27159.83    32    27
(relay)    23    42    27235.24    27    27232.12    2    1
(advertise)    21    27235.44    42    27
(relay)    32    30    27317.85    27    27314.52    2    1
(advertise)    21    27318.05    30    27
(relay)    23    20    27343.06    27    27341.78    3    1
(advertise)    21    27343.26    20    27
(relay)    23    12    27375.88    27    27373.72    3    1
(advertise)    21    27376.08    12    27
(relay)    23    14    27438.09    27    27437.23    2    1
(advertise)    21    27438.29    14    27
(relay)    1    1    27505.1    28    27504    127    1
(advertise)    21    27505.3    1    28
(generate)    21    27537.52    [31]    27
(relay)    32    38    27564.73    27    27544.14    2    1
(advertise)    21    27564.93    38    27
(relay)    32    35    27587.34    27    27580.54    2    1
(advertise)    21    27587.54    35    27
(relay)    23    24    27588.76    27    27572.05    2    1
(advertise)    21    27610.36    24    27
(relay)    23    11    27631.77    27    27605.58    1    1
(relay)    32    5    27643.97    27    27641.77    2    1
(advertise)    21    27644.17    5    27
(relay)    23    19    27653.18    27    27608.88    1    1
(relay)    0    0    27681.78    27    27680.72    5    1
(advertise)    21    27681.98    0    27
(relay)    23    18    27697.99    27    27646.34    3    1
(advertise)    21    27702.99    18    27
(relay)    23    26    27719.41    27    27644.01    1    1
(relay)    32    40    27727.01    27    27709.86    2    1
(advertise)    21    27727.21    40    27
(relay)    23    44    27785.02    27    27727.07    2    1
(advertise)    21    27785.22    44    27
(relay)    23    4    27806.43    27    27770.11    2    1
(advertise)    21    27806.83    4    27
(relay)    23    29    27836.25    27    27793.84    1    1
(relay)    23    48    27857.85    27    27835.49    1    1
(relay)    32    22    27858.05    27    27854.3    2    1
(advertise)    21    27858.25    22    27
(relay)    32    28    27881.86    27    27865.06    2    1
(advertise)    21    27882.46    28    27
(relay)    32    27    27906.47    27    27900.34    2    1
(advertise)    21    27907.07    27    27
(relay)    23    16    27923.49    27    27842.61    1    1
(relay)    33    33    27941.49    27    27940.47    5    1
(advertise)    21    27941.69    33    27
(relay)    32    39    27967.3    27    27944.58    2    1
(advertise)    21    27967.5    39    27
(relay)    23    23    27990.11    27    27989.51    4    1
(advertise)    21    27992.11    23    27
(relay)    32    37    28015.52    27    27988.15    2    1
(advertise)    21    28015.72    37    27
(relay)    23    10    28040.14    28    28036.45    1    1
(relay)    32    6    28090.14    28    28088.09    2    1
(advertise)    21    28090.34    6    28
(relay)    23    8    28113.75    28    28094.01    3    1
(advertise)    21    28114.55    8    28
(relay)    32    32    28159.76    28    28159.75    4    1
(advertise)    21    28159.96    32    28
(relay)    23    42    28234.58    28    28232.24    2    1
(advertise)    21    28234.78    42    28
(relay)    32    30    28316.99    28    28314.59    2    1
(advertise)    21    28317.19    30    28
(relay)    23    20    28342.4    28    28341.88    3    1
(advertise)    21    28342.8    20    28
(relay)    23    12    28376.62    28    28373.88    3    1
(advertise)    21    28376.82    12    28
(heartbeat)    31    7    28381.28    21    28400.23    3    3
(advertise)    21    28400.83    31    7
(relay)    23    14    28439.24    28    28437.41    2    1
(advertise)    21    28439.44    14    28
(generate)    21    28537.65    [31]    28
(relay)    32    38    28564.07    28    28544.32    2    1
(advertise)    21    28564.27    38    28
(relay)    32    35    28587.68    28    28580.61    1    1
(relay)    0    24    28588.88    28    28572.19    1    1
(relay)    23    11    28609.88    28    28605.73    1    1
(relay)    23    19    28632.28    28    28609.01    2    1
(advertise)    21    28632.48    19    28
(relay)    23    26    28676.89    28    28644.15    2    1
(advertise)    21    28677.09    26    28
(relay)    0    0    28681.11    28    28680.91    5    1
(advertise)    21    28700.51    0    28
(relay)    32    18    28720.72    28    28646.44    1    1
(relay)    32    40    28745.72    28    28710.03    2    1
(advertise)    21    28745.92    40    28
(relay)    23    44    28769.33    28    28727.2    2    1
(advertise)    21    28769.73    44    28
(relay)    23    2    28791.95    29    28742    119    1
(advertise)    21    28792.75    2    29
(relay)    32    29    28815.56    28    28794.19    2    1
(advertise)    21    28815.96    29    28
(relay)    33    4    28839.57    28    28770.25    1    1
(relay)    0    48    28858.57    28    28835.59    1    1
(relay)    23    22    28880.37    28    28854.48    3    1
(advertise)    21    28880.57    22    28
(relay)    32    28    28881.78    28    28865.13    2    1
(advertise)    21    28901.58    28    28
(relay)    23    16    28925.2    28    28842.74    2    1
(advertise)    21    28925.6    16    28
(relay)    33    33    28941.61    28    28940.64    5    1
(relay)    23    27    28947.41    28    28900.34    2    2
(advertise)    21    28948.61    33    28
(relay)    32    39    28969.62    28    28944.78    2    2
(advertise)    21    28971.42    27    28
(relay)    23    23    28990.04    28    28989.51    4    2
(advertise)    21    28992.44    39    28
(advertise)    21    29013.45    23    28
(relay)    32    36    29015.46    28    28969.81    2    1
(advertise)    21    29034.86    36    28
(relay)    32    37    29038.08    28    28988.22    2    1
(relay)    23    10    29039.08    29    29036.47    1    2
(advertise)    21    29057.08    37    28
(relay)    23    8    29095.49    29    29094.18    3    1
(advertise)    21    29095.69    8    29
(relay)    32    32    29160.5    29    29159.94    4    1
(advertise)    21    29160.7    32    29
(relay)    32    30    29316.31    29    29314.69    2    1
(advertise)    21    29316.51    30    29
(relay)    23    20    29343.33    29    29342.05    3    1
(advertise)    21    29343.53    20    29
(relay)    23    12    29377.74    29    29374.05    3    1
(advertise)    21    29377.94    12    29
(relay)    23    14    29439.35    29    29437.57    2    1
(advertise)    21    29439.55    14    29
(relay)    1    1    29504.17    30    29504    127    1
(advertise)    21    29504.37    1    30
(generate)    21    29537.78    [31]    29
(relay)    32    38    29564.79    29    29544.51    2    1
(advertise)    21    29564.99    38    29
(relay)    32    35    29586.21    29    29580.69    2    1
(advertise)    21    29586.41    35    29
(relay)    23    11    29608.22    29    29605.84    1    1
(relay)    32    24    29609.22    29    29572.33    1    1
(relay)    23    19    29632.42    29    29609.12    2    1
(advertise)    21    29632.62    19    29
(relay)    23    18    29655.03    29    29646.54    3    1
(advertise)    21    29655.43    18    29
(relay)    23    26    29676.04    29    29644.3    1    1
(relay)    0    5    29677.84    29    29641.93    1    1
(relay)    0    0    29681.24    29    29681.05    5    1
(advertise)    21    29681.44    0    29
(relay)    32    40    29743.06    29    29710.2    2    1
(advertise)    21    29743.26    40    29
(relay)    23    2    29767.47    30    29742    119    1
(advertise)    21    29768.07    2    30
(relay)    23    44    29788.88    29    29727.29    2    1
(advertise)    21    29789.68    44    29
(relay)    23    4    29811.5    29    29770.35    2    1
(advertise)    21    29812.3    4    29
(relay)    32    29    29814.31    29    29794.38    2    1
(advertise)    21    29836.51    29    29
(relay)    23    48    29857.72    29    29835.67    3    1
(advertise)    21    29857.92    48    29
(relay)    23    22    29879.94    29    29854.66    3    1
(advertise)    21    29880.94    22    29
(relay)    23    27    29903.15    29    29900.36    2    1
(advertise)    21    29904.55    27    29
(relay)    23    16    29926.76    29    29842.78    2    1
(advertise)    21    29927.36    16    29
(relay)    33    33    29941.77    29    29940.8    5    1
(advertise)    21    29948.57    33    29
(relay)    23    23    29990.19    29    29989.68    4    1
(advertise)    21    29990.39    23    29
