(relay)    29    1    507.0    1    504    124    1
(advertise)    28    507.2    1    1
(relay)    29    10    1034.21    1    1033.0    125    1
(advertise)    28    1034.41    10    1
(relay)    29    3    1063.43    1    1052.01    120    1
(advertise)    28    1063.63    3    1
(relay)    6    6    1085.04    1    1084.03    127    1
(advertise)    28    1086.84    6    1
(relay)    29    8    1132.65    1    1091.05    125    1
(advertise)    28    1132.85    8    1
(relay)    29    9    1156.27    1    1096.04    120    1
(advertise)    28    1156.67    9    1
(relay)    29    32    1179.48    1    1157.09    126    1
(advertise)    28    1180.08    32    1
(relay)    29    45    1202.29    1    1098.05    118    1
(advertise)    28    1203.09    45    1
(relay)    29    46    1226.1    1    1166.0    117    1
(advertise)    28    1226.3    46    1
(relay)    29    42    1249.72    1    1229.12    122    1
(advertise)    28    1250.72    42    1
(relay)    29    41    1272.13    1    1245.3    119    1
(advertise)    28    1272.73    41    1
(relay)    30    30    1312.74    1    1312.14    127    1
(advertise)    28    1312.94    30    1
(relay)    29    20    1341.96    1    1338.16    124    1
(advertise)    28    1342.16    20    1
(relay)    29    12    1372.37    1    1370.17    123    1
(advertise)    28    1372.57    12    1
(relay)    29    34    1426.18    1    1419.16    120    1
(advertise)    28    1426.38    34    1
(relay)    29    14    1448.8    1    1433.2    122    1
(advertise)    28    1449.8    14    1
(relay)    29    1    1507.01    2    1504    124    1
(advertise)    28    1507.21    1    2
(relay)    29    21    1537.42    1    1534.02    125    1
(advertise)    28    1537.62    21    1
(relay)    38    38    1541.23    1    1540.2    127    1
(advertise)    28    1559.63    38    1
(relay)    30    35    1582.05    1    1578.05    126    1
(advertise)    28    1583.85    35    1
(relay)    29    19    1612.26    1    1603.06    122    1
(advertise)    28    1612.46    19    1
(relay)    5    5    1639.07    1    1639.07    127    1
(advertise)    28    1639.27    5    1
(relay)    29    26    1663.69    1    1640.1    124    1
(advertise)    28    1664.09    26    1
(relay)    29    11    1686.9    1    1602.06    122    1
(advertise)    28    1687.3    11    1
(relay)    29    18    1709.31    1    1643.11    124    1
(relay)    5    40    1709.71    1    1706.07    126    2
(advertise)    28    1710.31    18    1
(advertise)    28    1732.53    40    1
(relay)    29    0    1752.14    1    1676.1    125    1
(advertise)    28    1753.94    0    1
(relay)    29    17    1773.55    1    1691.1    121    1
(advertise)    28    1776.95    17    1
(relay)    29    29    1791.16    1    1790.16    127    1
(relay)    29    44    1795.36    1    1724.13    122    2
(advertise)    28    1798.16    29    1
(advertise)    28    1822.38    44    1
(relay)    29    47    1837.59    1    1676.09    119    1
(advertise)    28    1843.99    47    1
(generate)    28    1862.0    [1]    1
(relay)    37    22    1863.42    1    1850.03    124    1
(advertise)    28    1866.22    22    1
(relay)    29    4    1885.03    1    1767.15    122    1
(advertise)    28    1887.23    4    1
(relay)    29    27    1927.64    1    1897.04    126    1
(advertise)    28    1927.84    27    1
(relay)    39    39    1941.66    1    1941.02    127    1
(advertise)    28    1950.06    39    1
(relay)    36    36    1968.07    1    1967.07    127    1
(advertise)    28    1971.27    36    1
(relay)    37    37    1985.08    1    1984.08    127    1
(advertise)    28    1994.68    37    1
(relay)    37    48    2001.09    1    1832.62    121    1
(advertise)    28    2017.49    48    1
(relay)    29    13    2040.11    1    1853.16    120    1
(advertise)    28    2042.51    13    1
(relay)    29    23    2062.72    1    1986.09    125    1
(advertise)    28    2065.52    23    1
(relay)    29    10    2084.93    2    2033.13    125    1
(advertise)    28    2087.33    10    2
(relay)    38    6    2089.75    2    2084.09    126    1
(relay)    29    7    2105.15    1    1867.0    119    2
(advertise)    28    2109.75    6    2
(advertise)    28    2131.36    7    1
(relay)    29    8    2149.57    2    2091.17    125    1
(advertise)    28    2154.97    8    2
(relay)    29    3    2172.79    2    2052.08    120    1
(advertise)    28    2177.79    3    2
(relay)    29    32    2194.2    2    2157.17    126    1
(advertise)    28    2199.6    32    2
(relay)    29    9    2215.81    2    2096.31    120    1
(advertise)    28    2221.01    9    2
(relay)    29    46    2237.42    2    2166.01    117    1
(advertise)    28    2242.22    46    2
(relay)    29    42    2259.64    2    2229.22    122    1
(advertise)    28    2263.64    42    2
(relay)    29    25    2281.85    2    2239.19    120    1
(advertise)    28    2285.05    25    2
(relay)    29    41    2305.46    2    2245.32    118    1
(advertise)    28    2307.66    41    2
(relay)    30    30    2312.88    2    2312.28    127    1
(advertise)    28    2331.68    30    2
(relay)    29    20    2351.89    2    2338.3    124    1
(advertise)    28    2354.69    20    2
(relay)    29    12    2374.9    2    2370.32    123    1
(advertise)    28    2378.7    12    2
(relay)    5    14    2446.71    2    2433.34    121    1
(advertise)    28    2447.11    14    2
(relay)    29    1    2507.73    3    2504    124    1
(advertise)    28    2507.93    1    3
(relay)    29    21    2536.54    2    2534.13    125    1
(advertise)    28    2536.74    21    2
(relay)    38    38    2540.35    2    2540.31    127    1
(advertise)    28    2559.95    38    2
(relay)    38    35    2579.17    2    2578.17    126    1
(advertise)    28    2582.97    35    2
(relay)    29    24    2608.38    2    2568.19    122    1
(advertise)    28    2609.38    24    2
(relay)    29    11    2631.79    2    2602.18    122    1
(advertise)    28    2632.59    11    2
(relay)    5    5    2639.21    2    2639.21    127    1
(advertise)    28    2654.41    5    2
(relay)    29    26    2676.62    2    2640.23    124    1
(advertise)    28    2677.02    26    2
(relay)    29    18    2699.43    2    2643.23    124    1
(advertise)    28    2699.63    18    2
(relay)    29    19    2721.04    2    2604.21    122    1
(advertise)    28    2721.64    19    2
(relay)    39    40    2722.86    2    2706.21    126    1
(advertise)    28    2742.86    40    2
(relay)    29    44    2788.47    2    2724.26    122    1
(advertise)    28    2788.67    44    2
(relay)    29    29    2791.28    2    2790.3    127    1
(advertise)    28    2811.28    29    2
(relay)    29    4    2829.7    2    2767.28    121    1
(advertise)    28    2833.7    4    2
(relay)    29    22    2855.31    2    2850.15    125    1
(advertise)    28    2856.11    22    2
(generate)    28    2862.12    [1]    2
(relay)    29    2    2897.94    3    2742    118    1
(advertise)    28    2898.14    2    3
(relay)    29    48    2918.55    2    2832.75    122    1
(advertise)    28    2920.55    48    2
(relay)    29    16    2940.56    2    2839.12    122    1
(relay)    39    39    2941.76    2    2941.11    127    2
(advertise)    28    2942.56    16    2
(relay)    29    27    2964.77    2    2897.16    125    2
(advertise)    28    2965.57    39    2
(relay)    36    36    2968.39    2    2967.39    127    2
(relay)    37    37    2985.19    2    2984.19    127    3
(relay)    29    13    2987.19    2    2853.28    120    4
(advertise)    28    2987.99    27    2
(advertise)    28    3009.0    36    2
(advertise)    28    3030.81    37    2
(relay)    29    33    3051.03    2    2937.17    125    2
(advertise)    28    3051.83    13    2
(advertise)    28    3074.04    33    2
(relay)    6    6    3084.25    3    3084.19    127    1
(relay)    29    23    3095.25    2    2986.21    124    2
(advertise)    28    3096.05    6    3
(relay)    29    10    3117.67    3    3033.25    125    2
(advertise)    28    3117.87    23    2
(advertise)    28    3140.28    10    3
(relay)    29    8    3164.89    3    3091.29    125    1
(advertise)    28    3165.69    8    3
(relay)    29    15    3188.1    3    3066.8    120    1
(advertise)    28    3188.7    15    3
(relay)    29    32    3211.32    3    3157.28    126    1
(advertise)    28    3211.72    32    3
(relay)    29    9    3233.53    3    3096.41    119    1
(advertise)    28    3234.93    9    3
(relay)    5    45    3259.54    3    3098.23    117    1
(advertise)    28    3259.94    45    3
(relay)    29    42    3283.16    3    3229.34    122    1
(advertise)    28    3285.56    42    3
(relay)    30    30    3312.97    3    3312.37    127    1
(advertise)    28    3313.37    30    3
(relay)    29    20    3342.58    3    3338.42    124    1
(advertise)    28    3342.78    20    3
(relay)    29    46    3365.6    3    3166.03    118    1
(advertise)    28    3367.0    46    3
(relay)    29    25    3389.21    3    3239.28    120    1
(advertise)    28    3389.81    25    3
(relay)    29    12    3411.62    3    3370.45    123    1
(advertise)    28    3412.42    12    3
(relay)    29    41    3433.63    3    3245.4    118    1
(advertise)    28    3436.03    41    3
(relay)    29    14    3455.05    3    3433.69    122    1
(advertise)    28    3457.85    14    3
(relay)    29    34    3477.86    3    3419.4    119    1
(advertise)    28    3478.86    34    3
(relay)    29    1    3507.87    4    3504    124    1
(advertise)    28    3508.07    1    4
(relay)    29    21    3535.89    3    3534.26    125    1
(advertise)    28    3536.09    21    3
(relay)    38    38    3540.5    3    3540.42    127    1
(advertise)    28    3557.5    38    3
(relay)    38    35    3579.51    3    3578.31    126    1
(advertise)    28    3580.11    35    3
(relay)    29    24    3605.53    3    3568.35    123    1
(advertise)    28    3605.73    24    3
(relay)    29    19    3630.14    3    3604.36    123    1
(advertise)    28    3630.74    19    3
(relay)    5    5    3639.35    3    3639.35    127    1
(advertise)    28    3653.15    5    3
(relay)    29    18    3675.76    3    3643.39    124    1
(advertise)    28    3675.96    18    3
(relay)    29    0    3699.38    3    3676.35    125    1
(advertise)    28    3699.58    0    3
(relay)    29    11    3719.79    3    3602.36    122    1
(advertise)    28    3721.59    11    3
(relay)    36    40    3723.4    3    3706.31    126    1
(advertise)    28    3744.6    40    3
(relay)    29    17    3765.22    3    3691.38    121    1
(advertise)    28    3766.42    17    3
(relay)    29    29    3791.43    3    3790.44    127    1
(advertise)    28    3791.63    29    3
(relay)    29    47    3829.04    3    3676.36    118    1
(advertise)    28    3829.24    47    3
(relay)    29    44    3853.86    3    3724.42    121    1
(advertise)    28    3855.06    44    3
(generate)    28    3862.27    [1]    3
(relay)    29    22    3898.48    3    3850.92    125    1
(advertise)    28    3898.68    22    3
(relay)    29    27    3920.89    3    3897.33    126    1
(advertise)    28    3921.29    27    3
(relay)    39    39    3941.71    3    3941.23    127    1
(relay)    29    4    3942.91    3    3767.44    121    2
(advertise)    28    3943.71    39    3
(advertise)    28    3965.32    4    3
(relay)    37    37    3984.53    3    3984.33    127    1
(relay)    29    33    3986.13    3    3937.32    125    2
(advertise)    28    3986.53    37    3
(relay)    38    36    3988.55    3    3967.52    126    2
(relay)    29    48    4007.95    3    3832.91    122    3
(advertise)    28    4010.15    33    3
(advertise)    28    4032.76    36    3
(relay)    29    16    4053.77    3    3839.69    122    2
(advertise)    28    4054.37    48    3
(advertise)    28    4076.99    16    3
(relay)    6    6    4084.4    4    4084.31    127    1
(advertise)    28    4098.2    6    4
(relay)    36    2    4108.21    4    3742    117    1
(advertise)    28    4119.41    2    4
(relay)    29    7    4166.02    3    3867.28    118    1
(advertise)    28    4166.22    7    3
(relay)    29    10    4190.04    4    4033.4    125    1
(advertise)    28    4190.44    10    4
(relay)    29    8    4212.65    4    4091.45    125    1
(advertise)    28    4213.05    8    4
(relay)    29    32    4234.46    4    4157.44    126    1
(advertise)    28    4234.86    32    4
(relay)    29    3    4255.28    4    4052.35    118    1
(advertise)    28    4256.28    3    4
(relay)    29    15    4277.29    4    4066.97    119    1
(advertise)    28    4277.49    15    4
(relay)    29    9    4300.7    4    4096.6    119    1
(advertise)    28    4300.9    9    4
(relay)    30    30    4313.52    4    4312.52    127    1
(advertise)    28    4323.12    30    4
(relay)    29    42    4324.33    4    4229.52    122    1
(advertise)    28    4346.13    42    4
(relay)    29    45    4366.74    4    4098.41    119    1
(advertise)    28    4368.54    45    4
(relay)    29    20    4389.55    4    4338.62    123    1
(advertise)    28    4391.15    20    4
(heartbeat)    31    1    4381.2    28    4412.97    127    0
(advertise)    28    4413.77    31    1
(relay)    29    46    4436.18    4    4166.04    118    1
(advertise)    28    4438.78    46    4
(relay)    29    25    4460.59    4    4239.45    120    1
(advertise)    28    4460.79    25    4
(relay)    29    41    4484.41    4    4245.57    119    1
(advertise)    28    4485.01    41    4
(relay)    29    14    4507.82    4    4433.86    122    1
(advertise)    28    4508.02    14    4
(relay)    29    1    4530.23    5    4504    124    1
(advertise)    28    4532.43    1    5
(relay)    38    38    4540.65    4    4540.57    5    1
(advertise)    28    4553.65    38    4
(relay)    29    21    4578.46    4    4534.46    2    1
(advertise)    28    4578.66    21    4
(relay)    29    35    4601.67    4    4578.46    3    1
(advertise)    28    4601.87    35    4
(relay)    29    24    4621.88    4    4568.55    2    1
(advertise)    28    4623.68    24    4
(relay)    5    5    4639.5    4    4639.5    4    1
(advertise)    28    4644.9    5    4
(relay)    29    19    4666.31    4    4605.56    1    1
(relay)    29    11    4688.51    4    4602.56    2    1
(advertise)    28    4688.71    11    4
(relay)    5    40    4710.12    4    4706.41    4    1
(advertise)    28    4710.32    40    4
(relay)    37    18    4731.34    4    4643.58    1    1
(relay)    29    0    4756.74    4    4676.75    3    1
(advertise)    28    4756.94    0    4
(relay)    29    26    4779.75    4    4640.59    2    1
(advertise)    28    4780.55    26    4
(relay)    29    29    4791.56    4    4790.61    3    1
(relay)    29    44    4801.16    4    4724.6    2    2
(advertise)    28    4804.36    29    4
(advertise)    28    4826.18    44    4
(relay)    29    4    4839.19    4    4767.63    2    1
(advertise)    28    4847.99    4    4
(relay)    29    48    4861.8    4    4833.08    3    1
(generate)    28    4862.4    [1]    4
(advertise)    28    4871.21    48    4
(relay)    29    22    4882.63    4    4851.11    3    1
(advertise)    28    4893.43    22    4
(relay)    29    27    4926.84    4    4897.52    2    1
(advertise)    28    4927.04    27    4
(relay)    39    39    4941.85    4    4941.27    5    1
(advertise)    28    4948.25    39    4
(relay)    36    36    4968.67    4    4967.67    4    1
(advertise)    28    4971.87    36    4
(relay)    37    37    4984.68    4    4984.48    4    1
(relay)    29    33    4994.08    4    4937.49    2    2
(advertise)    28    4994.88    37    4
(advertise)    28    5017.89    33    4
(relay)    29    23    5062.91    4    4986.56    2    1
(advertise)    28    5063.11    23    4
(relay)    29    10    5083.12    5    5033.6    1    1
(relay)    6    6    5084.52    5    5084.47    5    1
(advertise)    28    5085.52    6    5
(relay)    29    8    5129.93    5    5091.62    2    1
(advertise)    28    5130.13    8    5
(relay)    29    32    5158.14    5    5157.62    3    1
(advertise)    28    5158.34    32    5
(relay)    30    30    5313.56    5    5312.54    4    1
(advertise)    28    5313.76    30    5
(relay)    29    20    5341.17    5    5338.66    2    1
(advertise)    28    5341.57    20    5
(relay)    29    12    5373.38    5    5370.64    3    1
(advertise)    28    5373.58    12    5
(relay)    29    14    5435.6    5    5434.05    1    1
(relay)    29    1    5508.4    6    5504    124    1
(advertise)    28    5508.6    1    6
(relay)    29    21    5535.41    5    5534.57    3    1
(advertise)    28    5535.61    21    5
(relay)    38    38    5540.82    5    5540.76    5    1
(advertise)    28    5558.82    38    5
(relay)    37    35    5580.64    5    5578.62    3    1
(advertise)    28    5581.04    35    5
(relay)    29    11    5629.25    5    5602.67    2    1
(advertise)    28    5629.45    11    5
(relay)    5    5    5640.26    5    5639.66    4    1
(advertise)    28    5651.66    5    5
(relay)    29    19    5673.87    5    5605.67    2    1
(advertise)    28    5674.67    19    5
(relay)    5    18    5696.69    5    5643.69    1    1
(relay)    39    40    5706.89    5    5706.41    4    1
(advertise)    28    5707.09    40    5
(relay)    29    0    5764.5    5    5677.31    2    1
(advertise)    28    5764.7    0    5
(relay)    29    29    5790.71    5    5790.64    3    1
(advertise)    28    5791.11    29    5
(relay)    29    4    5808.53    5    5767.71    2    1
(advertise)    28    5813.33    4    5
(relay)    29    48    5838.34    5    5833.22    2    1
(advertise)    28    5838.74    48    5
(relay)    29    22    5861.15    5    5851.12    2    1
(advertise)    28    5861.95    22    5
(generate)    28    5863.17    [1]    5
(relay)    29    16    5905.98    5    5839.99    2    1
(advertise)    28    5906.18    16    5
(relay)    29    27    5928.19    5    5897.56    2    1
(advertise)    28    5928.99    27    5
(relay)    39    39    5942.4    5    5941.44    5    1
(advertise)    28    5950.8    39    5
(relay)    36    36    5968.02    5    5967.83    4    1
(advertise)    28    5972.02    36    5
(relay)    37    37    5984.83    5    5984.66    4    1
(advertise)    28    5994.63    37    5
(relay)    29    23    6043.04    5    5986.57    2    1
(advertise)    28    6043.24    23    5
(relay)    29    10    6063.66    6    6033.64    1    1
(relay)    6    6    6084.66    6    6084.64    5    1
(advertise)    28    6084.86    6    6
(relay)    29    8    6110.07    6    6091.64    2    1
(advertise)    28    6110.47    8    6
(relay)    29    32    6158.08    6    6157.81    3    1
(advertise)    28    6158.28    32    6
(relay)    29    42    6234.3    6    6229.83    2    1
(advertise)    28    6234.5    42    6
(relay)    30    30    6313.71    6    6312.71    4    1
(advertise)    28    6313.91    30    6
(relay)    29    20    6340.72    6    6338.81    2    1
(advertise)    28    6341.12    20    6
(relay)    29    12    6375.13    6    6370.79    2    1
(advertise)    28    6375.33    12    6
(relay)    29    1    6507.75    7    6504    124    1
(advertise)    28    6507.95    1    7
(relay)    29    21    6536.16    6    6534.72    2    1
(advertise)    28    6536.36    21    6
(relay)    38    38    6541.37    6    6540.92    5    1
(advertise)    28    6557.37    38    6
(relay)    37    35    6580.99    6    6578.79    3    1
(advertise)    28    6581.59    35    6
(relay)    29    24    6602.2    6    6568.85    1    1
(relay)    29    11    6626.2    6    6602.81    1    1
(relay)    5    5    6640.4    6    6639.8    4    1
(advertise)    28    6640.6    5    6
(relay)    29    19    6671.01    6    6605.8    1    1
(relay)    29    0    6692.41    6    6677.44    3    1
(advertise)    28    6692.61    0    6
(relay)    29    18    6713.43    6    6643.83    2    1
(advertise)    28    6714.03    18    6
(relay)    37    40    6715.64    6    6706.6    4    1
(advertise)    28    6735.84    40    6
(relay)    29    26    6759.65    6    6640.9    1    1
(relay)    29    44    6783.65    6    6724.8    1    1
(relay)    29    29    6790.85    6    6790.67    3    1
(advertise)    28    6791.05    29    6
(relay)    29    48    6851.66    6    6833.32    3    1
(advertise)    28    6851.86    48    6
(generate)    28    6863.28    [1]    6
(relay)    29    22    6895.69    6    6851.15    2    1
(advertise)    28    6895.89    22    6
(relay)    29    16    6920.1    6    6840.13    2    1
(advertise)    28    6920.7    16    6
(relay)    39    39    6942.52    6    6941.58    5    1
(advertise)    28    6943.52    39    6
(relay)    29    33    6964.73    6    6937.77    2    1
(relay)    36    27    6964.93    6    6897.99    1    2
(advertise)    28    6966.53    33    6
(relay)    36    36    6968.14    6    6967.94    4    1
(relay)    37    37    6984.94    6    6984.76    4    2
(advertise)    28    6989.54    36    6
(advertise)    28    7010.56    37    6
(relay)    29    10    7053.77    7    7034.47    1    1
(relay)    6    6    7085.37    7    7084.8    5    1
(advertise)    28    7085.57    6    7
(relay)    29    8    7112.58    7    7091.67    2    1
(advertise)    28    7112.78    8    7
(relay)    29    32    7158.19    7    7157.83    3    1
(advertise)    28    7158.39    32    7
(relay)    29    42    7232.81    7    7229.94    1    1
(relay)    30    30    7313.81    7    7312.81    4    1
(advertise)    28    7314.01    30    7
(relay)    29    20    7340.62    7    7338.96    1    1
(relay)    29    12    7374.62    7    7370.92    3    1
(advertise)    28    7374.82    12    7
(relay)    29    14    7435.83    7    7434.34    1    1
(relay)    29    1    7505.83    8    7504    124    1
(advertise)    28    7506.03    1    8
(relay)    29    21    7536.45    7    7534.86    3    1
(advertise)    28    7536.65    21    7
(relay)    38    38    7541.66    7    7541.07    5    1
(advertise)    28    7558.86    38    7
(relay)    37    35    7581.47    7    7578.87    3    1
(advertise)    28    7581.87    35    7
(relay)    29    24    7606.49    7    7569.03    1    1
(relay)    29    11    7630.49    7    7602.95    2    1
(advertise)    28    7630.69    11    7
(relay)    5    5    7640.5    7    7639.9    4    1
(advertise)    28    7653.3    5    7
(relay)    29    26    7677.31    7    7641.08    2    1
(advertise)    28    7677.51    26    7
(relay)    29    18    7698.32    7    7643.96    2    1
(advertise)    28    7698.92    18    7
(relay)    30    40    7721.74    7    7706.75    4    1
(advertise)    28    7722.34    40    7
(relay)    29    44    7768.55    7    7724.92    2    1
(advertise)    28    7768.75    44    7
(relay)    29    4    7789.96    7    7767.94    2    1
(advertise)    28    7790.76    4    7
(relay)    29    48    7839.38    7    7833.44    3    1
(advertise)    28    7839.58    48    7
(relay)    29    22    7863.19    7    7851.15    3    1
(generate)    28    7863.39    [1]    7
(advertise)    28    7864.8    22    7
(relay)    29    16    7883.22    7    7840.27    2    1
(advertise)    28    7887.42    16    7
(relay)    29    27    7904.63    7    7898.18    2    1
(advertise)    28    7909.43    27    7
(relay)    29    33    7941.44    7    7937.89    3    1
(advertise)    28    7941.64    33    7
(relay)    39    39    7942.85    7    7941.73    5    1
(advertise)    28    7963.05    39    7
(relay)    36    36    7968.07    7    7968.05    4    1
(advertise)    28    7985.87    36    7
(relay)    39    37    7990.88    7    7984.87    3    1
(advertise)    28    8007.08    37    7
(relay)    29    23    8034.49    7    7986.94    2    1
(advertise)    28    8034.69    23    7
(relay)    29    10    8054.51    8    8034.48    1    1
(relay)    6    6    8085.51    8    8084.94    5    1
(advertise)    28    8085.71    6    8
(relay)    29    8    8093.72    8    8091.67    2    1
(advertise)    28    8109.32    8    8
(relay)    29    32    8158.33    8    8158.02    3    1
(advertise)    28    8158.53    32    8
(relay)    29    42    8231.95    8    8230.05    2    1
(advertise)    28    8232.15    42    8
(relay)    30    30    8313.96    8    8312.95    4    1
(advertise)    28    8314.16    30    8
(relay)    29    20    8340.97    8    8339.1    1    1
(relay)    29    12    8375.17    8    8371.08    3    1
(advertise)    28    8375.37    12    8
(heartbeat)    31    2    8381.21    28    8396.78    2    2
(advertise)    28    8397.18    31    2
(relay)    29    21    8536.6    8    8535.0    3    1
(advertise)    28    8536.8    21    8
(relay)    38    38    8541.81    8    8541.23    5    1
(advertise)    28    8558.01    38    8
(relay)    37    35    8581.62    8    8579.0    3    1
(advertise)    28    8581.82    35    8
(relay)    29    24    8607.64    8    8569.15    1    1
(relay)    29    19    8631.44    8    8606.06    2    1
(advertise)    28    8631.64    19    8
(relay)    5    5    8640.65    8    8640.04    4    1
(advertise)    28    8654.05    5    8
(relay)    29    26    8676.46    8    8641.22    1    1
(relay)    29    18    8697.86    8    8644.26    1    1
(relay)    5    40    8708.26    8    8706.92    4    1
(advertise)    28    8708.46    40    8
(relay)    29    0    8743.48    8    8677.71    2    1
(advertise)    28    8743.68    0    8
(relay)    29    44    8766.29    8    8725.01    1    1
(relay)    29    4    8786.49    8    8768.02    1    1
(relay)    29    29    8791.29    8    8791.27    3    1
(advertise)    28    8791.49    29    8
(relay)    29    48    8838.9    8    8833.53    2    1
(advertise)    28    8839.1    48    8
(relay)    29    22    8861.11    8    8851.32    2    1
(generate)    28    8863.51    [1]    8
(advertise)    28    8864.73    22    8
(relay)    29    16    8907.14    8    8840.37    2    1
(advertise)    28    8907.34    16    8
(relay)    29    27    8928.95    8    8898.37    2    1
(advertise)    28    8930.15    27    8
(relay)    39    39    8942.97    8    8941.88    5    1
(relay)    29    33    8951.17    8    8938.02    2    2
(advertise)    28    8951.37    39    8
(relay)    36    36    8968.18    8    8968.17    4    2
(advertise)    28    8973.38    33    8
(relay)    37    37    8985.59    8    8984.99    4    2
(advertise)    28    8994.39    36    8
(advertise)    28    9015.61    37    8
(relay)    29    10    9037.22    9    9034.66    1    1
(relay)    6    6    9085.62    9    9085.08    5    1
(advertise)    28    9085.82    6    9
(relay)    29    8    9113.63    9    9091.83    1    1
(relay)    29    32    9159.43    9    9158.02    3    1
(advertise)    28    9159.63    32    9
(relay)    29    42    9231.84    9    9230.14    1    1
(relay)    30    30    9313.04    9    9313.02    4    1
(advertise)    28    9313.24    30    9
(relay)    29    20    9341.26    9    9339.27    2    1
(advertise)    28    9341.46    20    9
(relay)    29    12    9376.67    9    9371.17    2    1
(advertise)    28    9376.87    12    9
(relay)    29    1    9505.08    10    9504    124    1
(advertise)    28    9505.28    1    10
(relay)    29    21    9537.3    9    9535.15    3    1
(advertise)    28    9537.5    21    9
(relay)    38    38    9541.91    9    9541.37    5    1
(advertise)    28    9558.51    38    9
(relay)    36    35    9580.32    9    9579.08    3    1
(advertise)    28    9580.72    35    9
(relay)    29    19    9630.74    9    9606.19    1    1
(relay)    5    5    9641.14    9    9640.11    4    1
(advertise)    28    9641.34    5    9
(relay)    29    18    9673.35    9    9644.39    1    1
(relay)    29    26    9694.55    9    9641.36    1    1
(relay)    38    40    9708.15    9    9707.09    4    1
(advertise)    28    9708.35    40    9
(relay)    29    0    9716.16    9    9677.91    3    1
(advertise)    28    9731.16    0    9
(relay)    29    44    9761.38    9    9725.07    2    1
(advertise)    28    9761.58    44    9
(relay)    29    2    9783.59    10    9742    117    1
(advertise)    28    9784.59    2    10
(relay)    29    29    9792.0    9    9791.44    3    1
(relay)    29    4    9805.2    9    9768.1    1    2
(advertise)    28    9806.2    29    9
(relay)    29    48    9851.41    9    9833.63    1    1
(generate)    28    9863.61    [1]    9
(relay)    29    22    9897.43    9    9852.31    2    1
(advertise)    28    9897.63    22    9
(relay)    29    16    9920.44    9    9840.51    2    1
(advertise)    28    9920.84    16    9
(relay)    39    39    9942.05    9    9942.05    5    1
(advertise)    28    9942.45    39    9
(relay)    29    27    9964.67    9    9898.56    1    1
(relay)    36    36    9968.87    9    9968.24    4    1
(advertise)    28    9969.07    36    9
(relay)    37    37    9985.68    9    9985.07    4    1
(relay)    29    33    9987.08    9    9938.13    3    2
(advertise)    28    9990.28    37    9
(advertise)    28    10013.49    33    9
(relay)    29    23    10054.31    9    9987.28    2    1
(advertise)    28    10054.51    23    9
(relay)    29    10    10076.92    10    10034.85    1    1
(relay)    6    6    10085.72    10    10085.24    5    1
(advertise)    28    10085.92    6    10
(relay)    29    8    10119.73    10    10092.03    2    1
(advertise)    28    10119.93    8    10
(relay)    29    32    10159.34    10    10158.04    3    1
(advertise)    28    10159.54    32    10
(relay)    29    42    10231.76    10    10230.23    2    1
(advertise)    28    10231.96    42    10
(relay)    30    30    10313.17    10    10313.14    4    1
(advertise)    28    10313.37    30    10
(relay)    29    20    10341.98    10    10339.39    2    1
(advertise)    28    10342.18    20    10
(relay)    29    12    10378.2    10    10371.31    1    1
(relay)    29    1    10505.4    11    10504    124    1
(advertise)    28    10505.6    1    11
(relay)    29    21    10537.61    10    10535.24    3    1
(advertise)    28    10537.81    21    10
(relay)    38    38    10542.42    10    10541.4    5    1
(advertise)    28    10559.62    38    10
(relay)    38    35    10580.44    10    10579.2    3    1
(advertise)    28    10581.24    35    10
(relay)    29    24    10608.25    10    10569.44    2    1
(advertise)    28    10608.65    24    10
(relay)    5    5    10641.26    10    10640.24    4    1
(advertise)    28    10641.46    5    10
(relay)    29    19    10665.47    10    10606.33    1    1
(relay)    29    0    10688.67    10    10678.0    3    1
(advertise)    28    10688.87    0    10
(relay)    39    40    10711.09    10    10707.11    4    1
(advertise)    28    10711.89    40    10
(relay)    29    26    10713.3    10    10641.51    1    1
(relay)    29    18    10756.5    10    10644.53    1    1
(relay)    29    44    10782.3    10    10725.2    2    1
(advertise)    28    10782.5    44    10
(relay)    29    29    10791.91    10    10791.46    3    1
(advertise)    28    10803.71    29    10
(relay)    29    2    10805.73    11    10742    118    1
(advertise)    28    10827.13    2    11
(relay)    29    4    10846.34    10    10768.22    1    1
(generate)    28    10863.74    [1]    10
(relay)    29    22    10892.15    10    10852.34    2    1
(advertise)    28    10892.35    22    10
(relay)    29    27    10915.57    10    10898.59    2    1
(advertise)    28    10915.77    27    10
(relay)    29    16    10936.58    10    10840.63    2    1
(advertise)    28    10937.78    16    10
(relay)    39    39    10942.19    10    10942.07    5    1
(relay)    29    33    10959.79    10    10938.28    3    2
(advertise)    28    10959.99    39    10
(relay)    36    36    10969.0    10    10968.38    4    2
(advertise)    28    10982.4    33    10
(relay)    37    37    10986.22    10    10985.6    4    2
(advertise)    28    11003.42    36    10
(advertise)    28    11026.03    37    10
(relay)    29    10    11074.24    11    11034.89    1    1
(relay)    6    6    11086.24    11    11085.26    5    1
(advertise)    28    11086.44    6    11
(relay)    29    8    11118.26    11    11092.08    1    1
(relay)    29    32    11159.46    11    11158.04    3    1
(advertise)    28    11159.66    32    11
(relay)    29    42    11233.67    11    11230.35    2    1
(advertise)    28    11233.87    42    11
(relay)    30    30    11313.28    11    11313.26    4    1
(advertise)    28    11313.48    30    11
(relay)    29    20    11342.5    11    11339.54    2    1
(advertise)    28    11342.7    20    11
(relay)    29    12    11375.71    11    11371.46    1    1
(relay)    29    14    11439.91    11    11434.9    1    1
(relay)    29    1    11505.91    12    11504    124    1
(advertise)    28    11506.11    1    12
(relay)    29    21    11538.32    11    11535.41    3    1
(advertise)    28    11538.52    21    11
(relay)    38    38    11542.53    11    11541.58    5    1
(advertise)    28    11561.93    38    11
(relay)    6    35    11580.15    11    11579.31    2    1
(advertise)    28    11583.55    35    11
(relay)    29    24    11606.36    11    11569.62    2    1
(advertise)    28    11607.16    24    11
(relay)    29    19    11632.17    11    11606.48    2    1
(advertise)    28    11632.37    19    11
(relay)    5    5    11641.39    11    11640.36    4    1
(advertise)    28    11653.59    5    11
(relay)    29    0    11698.2    11    11678.16    3    1
(advertise)    28    11698.4    0    11
(relay)    6    40    11708.81    11    11707.29    4    1
(advertise)    28    11720.01    40    11
(relay)    29    44    11762.23    11    11725.32    1    1
(relay)    29    4    11785.23    11    11768.33    1    1
(relay)    29    29    11792.03    11    11791.46    3    1
(advertise)    28    11792.23    29    11
(relay)    29    48    11836.64    11    11833.83    1    1
(relay)    29    22    11859.04    11    11852.35    2    1
(advertise)    28    11859.24    22    11
(generate)    28    11863.85    [1]    11
(relay)    29    27    11903.66    11    11898.61    2    1
(advertise)    28    11903.86    27    11
(relay)    29    16    11923.88    11    11840.76    1    1
(relay)    39    39    11942.28    11    11942.22    5    1
(advertise)    28    11942.48    39    11
(relay)    29    33    11950.89    11    11938.42    3    1
(advertise)    28    11964.49    33    11
(relay)    36    36    11969.1    11    11968.48    4    1
(relay)    37    37    11986.7    11    11985.69    4    2
(advertise)    28    11987.1    36    11
(advertise)    28    12010.32    37    11
(relay)    29    23    12018.73    11    11987.49    2    1
(advertise)    28    12032.33    23    11
(relay)    29    10    12041.34    12    12034.91    1    1
(relay)    6    6    12086.34    12    12085.42    5    1
(advertise)    28    12086.54    6    12
(relay)    29    8    12095.36    12    12092.1    2    1
(advertise)    28    12107.96    8    12
(relay)    29    32    12159.77    12    12158.04    3    1
(advertise)    28    12159.97    32    12
(relay)    29    42    12234.18    12    12230.46    2    1
(advertise)    28    12234.38    42    12
(relay)    30    30    12313.99    12    12313.37    4    1
(advertise)    28    12314.19    30    12
(relay)    29    12    12373.81    12    12371.62    2    1
(advertise)    28    12374.01    12    12
(heartbeat)    31    3    12381.23    28    12395.02    2    2
(advertise)    28    12395.42    31    3
(relay)    29    14    12440.43    12    12435.03    1    1
(relay)    29    1    12506.83    13    12504    124    1
(advertise)    28    12507.03    1    13
(relay)    29    21    12538.85    12    12535.55    3    1
(advertise)    28    12539.05    21    12
(relay)    38    38    12542.86    12    12541.77    5    1
(advertise)    28    12562.26    38    12
(relay)    38    35    12580.07    12    12579.42    3    1
(advertise)    28    12583.27    35    12
(relay)    5    5    12641.49    12    12640.45    4    1
(advertise)    28    12641.69    5    12
(relay)    29    18    12678.7    12    12644.8    1    1
(relay)    29    40    12710.3    12    12707.46    3    1
(advertise)    28    12710.5    40    12
(relay)    29    0    12743.91    12    12678.31    2    1
(advertise)    28    12744.11    0    12
(relay)    29    4    12790.32    12    12768.47    1    1
(relay)    29    29    12792.12    12    12791.61    3    1
(advertise)    28    12792.32    29    12
(relay)    29    48    12837.74    12    12833.92    1    1
(relay)    29    22    12860.94    12    12852.37    1    1
(generate)    28    12863.94    [1]    12
(relay)    29    16    12905.95    12    12840.87    1    1
(relay)    29    27    12927.35    12    12898.63    2    1
(advertise)    28    12927.55    27    12
(relay)    39    39    12942.56    12    12942.4    5    1
(advertise)    28    12948.96    39    12
(relay)    36    36    12969.18    12    12968.55    4    1
(relay)    36    33    12972.18    12    12938.58    1    2
(advertise)    28    12972.38    36    12
(relay)    37    37    12986.79    12    12985.78    4    1
(advertise)    28    12993.59    37    12
(relay)    29    23    13016.6    12    12987.49    2    1
(advertise)    28    13017.2    23    12
(relay)    29    10    13039.22    13    13035.1    1    1
(relay)    6    6    13086.62    13    13085.6    5    1
(advertise)    28    13086.82    6    13
(relay)    29    8    13111.43    13    13092.11    2    1
(advertise)    28    13111.63    8    13
(relay)    29    32    13160.24    13    13158.06    3    1
(advertise)    28    13160.44    32    13
(relay)    29    42    13235.65    13    13230.6    1    1
(relay)    30    30    13314.05    13    13313.44    4    1
(advertise)    28    13314.25    30    13
(relay)    29    20    13345.07    13    13339.86    1    1
(relay)    29    12    13372.87    13    13371.75    2    1
(advertise)    28    13373.07    12    13
(relay)    29    21    13538.28    13    13535.69    3    1
(advertise)    28    13538.48    21    13
(relay)    38    38    13542.89    13    13541.94    5    1
(advertise)    28    13561.09    38    13
(relay)    38    35    13580.31    13    13579.45    3    1
(advertise)    28    13582.91    35    13
(relay)    29    24    13605.52    13    13569.92    1    1
(relay)    29    19    13632.12    13    13606.73    1    1
(relay)    5    5    13640.52    13    13640.48    4    1
(advertise)    28    13640.72    5    13
(relay)    29    26    13676.13    13    13641.96    1    1
(relay)    29    18    13698.73    13    13644.88    1    1
(relay)    38    40    13709.73    13    13707.63    4    1
(advertise)    28    13709.93    40    13
(relay)    29    0    13720.95    13    13678.47    3    1
(advertise)    28    13731.95    0    13
(relay)    29    4    13788.56    13    13768.56    2    1
(advertise)    28    13788.76    4    13
(relay)    29    29    13792.77    13    13791.79    3    1
(advertise)    28    13809.97    29    13
(relay)    29    48    13835.78    13    13834.01    1    1
(relay)    29    22    13859.18    13    13852.51    2    1
(advertise)    28    13859.38    22    13
(generate)    28    13864.0    [1]    13
(relay)    29    27    13901.81    13    13898.8    2    1
(advertise)    28    13902.01    27    13
(relay)    39    39    13943.22    13    13942.58    5    1
(advertise)    28    13943.42    39    13
(relay)    29    33    13966.04    13    13938.64    3    1
(advertise)    28    13966.44    33    13
(relay)    36    36    13969.65    13    13968.64    4    1
(relay)    37    37    13986.85    13    13985.85    4    2
(advertise)    28    13988.65    36    13
(advertise)    28    14010.86    37    13
(relay)    29    23    14030.28    13    13987.63    1    1
(relay)    29    10    14058.28    14    14035.25    1    1
(relay)    6    6    14085.88    14    14085.78    5    1
(advertise)    28    14086.08    6    14
(relay)    29    8    14092.89    14    14092.25    2    1
(advertise)    28    14107.49    8    14
(relay)    29    32    14160.3    14    14158.21    3    1
(advertise)    28    14160.5    32    14
(relay)    29    42    14236.71    14    14230.68    2    1
(advertise)    28    14236.91    42    14
(relay)    30    30    14314.13    14    14313.51    4    1
(advertise)    28    14314.33    30    14
(relay)    29    20    14344.94    14    14340.0    2    1
(advertise)    28    14345.14    20    14
(relay)    29    14    14438.75    14    14435.28    1    1
(relay)    29    1    14507.55    15    14504    124    1
(advertise)    28    14507.75    1    15
(relay)    29    21    14537.57    14    14535.79    3    1
(advertise)    28    14537.77    21    14
(relay)    38    38    14542.18    14    14542.12    5    1
(advertise)    28    14559.58    38    14
(relay)    38    35    14580.79    14    14579.54    3    1
(advertise)    28    14580.99    35    14
(relay)    29    24    14607.21    14    14570.07    1    1
(relay)    29    19    14629.61    14    14606.89    1    1
(relay)    5    5    14640.61    14    14640.57    4    1
(advertise)    28    14640.81    5    14
(relay)    29    18    14675.22    14    14644.96    1    1
(relay)    29    26    14697.42    14    14642.11    1    1
(relay)    5    40    14709.02    14    14707.64    4    1
(advertise)    28    14709.22    40    14
(relay)    29    0    14718.83    14    14678.62    3    1
(advertise)    28    14730.43    0    14
(relay)    29    44    14785.84    14    14725.64    1    1
(relay)    29    29    14793.04    14    14791.97    3    1
(advertise)    28    14793.24    29    14
(relay)    29    2    14806.46    15    14742    118    1
(advertise)    28    14816.86    2    15
(relay)    29    4    14851.87    14    14768.67    2    1
(advertise)    28    14852.07    4    14
(generate)    28    14864.08    [1]    14
(relay)    29    22    14895.7    14    14852.68    1    1
(relay)    29    27    14917.1    14    14898.8    2    1
(advertise)    28    14917.3    27    14
(relay)    29    33    14942.11    14    14938.77    3    1
(advertise)    28    14942.51    33    14
(relay)    6    39    14944.12    14    14942.59    4    1
(advertise)    28    14964.52    39    14
(relay)    36    36    14969.74    14    14968.72    4    1
(relay)    37    37    14986.14    14    14985.94    4    2
(advertise)    28    14987.34    36    14
(advertise)    28    15008.95    37    14
(relay)    29    23    15033.76    14    14987.81    2    1
(advertise)    28    15034.16    23    14
(relay)    29    10    15057.37    15    15035.41    1    1
(relay)    6    6    15085.97    15    15085.96    5    1
(advertise)    28    15086.17    6    15
(relay)    29    8    15112.19    15    15092.44    2    1
(advertise)    28    15112.39    8    15
(relay)    29    32    15159.8    15    15158.4    3    1
(advertise)    28    15160.0    32    15
(relay)    29    42    15237.41    15    15230.8    2    1
(advertise)    28    15237.61    42    15
(relay)    30    30    15314.23    15    15313.61    4    1
(advertise)    28    15314.43    30    15
(relay)    29    20    15343.24    15    15340.15    2    1
(advertise)    28    15343.44    20    15
(relay)    29    12    15373.85    15    15372.03    2    1
(advertise)    28    15374.05    12    15
(relay)    29    14    15437.47    15    15435.44    1    1
(relay)    29    1    15507.67    16    15504    124    1
(advertise)    28    15507.87    1    16
(relay)    29    21    15537.48    15    15535.93    3    1
(advertise)    28    15537.68    21    15
(relay)    38    38    15542.49    15    15542.31    5    1
(advertise)    28    15559.69    38    15
(relay)    38    35    15580.9    15    15579.65    3    1
(advertise)    28    15581.5    35    15
(relay)    5    5    15640.72    15    15640.68    4    1
(advertise)    28    15640.92    5    15
(relay)    29    18    15667.53    15    15645.07    1    1
(relay)    29    26    15688.93    15    15642.28    1    1
(relay)    5    40    15708.13    15    15707.81    4    1
(advertise)    28    15708.33    40    15
(relay)    29    0    15730.94    15    15678.75    3    1
(advertise)    28    15732.14    0    15
(relay)    29    29    15793.16    15    15792.14    3    1
(advertise)    28    15793.36    29    15
(relay)    29    2    15807.57    16    15742    117    1
(advertise)    28    15815.97    2    16
(relay)    29    4    15848.18    15    15768.8    1    1
(generate)    28    15864.18    [1]    15
(relay)    29    48    15893.6    15    15834.22    1    1
(relay)    29    27    15915.0    15    15898.83    2    1
(advertise)    28    15915.2    27    15
(relay)    29    16    15938.21    15    15841.19    2    1
(advertise)    28    15938.41    16    15
(relay)    39    39    15943.42    15    15942.78    5    1
(relay)    29    22    15960.82    15    15852.86    1    2
(advertise)    28    15961.62    39    15
(relay)    36    36    15969.83    15    15968.82    4    1
(advertise)    28    15984.23    36    15
(relay)    37    37    15986.25    15    15986.05    4    1
(advertise)    28    16005.65    37    15
(relay)    29    33    16027.46    15    15938.95    2    1
(advertise)    28    16029.26    33    15
(relay)    29    23    16071.67    15    15988.2    2    1
(advertise)    28    16071.87    23    15
(relay)    6    6    16086.29    16    16086.13    5    1
(advertise)    28    16093.09    6    16
(relay)    29    8    16138.9    16    16092.6    2    1
(advertise)    28    16139.1    8    16
(relay)    29    32    16160.71    16    16158.42    3    1
(advertise)    28    16161.91    32    16
(relay)    29    42    16237.93    16    16230.91    2    1
(advertise)    28    16238.13    42    16
(relay)    30    30    16314.74    16    16313.73    4    1
(advertise)    28    16314.94    30    16
(relay)    29    20    16341.75    16    16340.31    2    1
(advertise)    28    16342.15    20    16
(relay)    29    12    16375.16    16    16372.17    1    1
(heartbeat)    31    4    16381.24    28    16396.76    2    2
(advertise)    28    16396.96    31    4
(relay)    29    21    16536.78    16    16536.12    3    1
(advertise)    28    16536.98    21    16
(relay)    38    38    16542.59    16    16542.5    5    1
(advertise)    28    16558.59    38    16
(relay)    39    35    16581.4    16    16579.75    3    1
(advertise)    28    16581.8    35    16
(relay)    29    24    16606.62    16    16570.38    1    1
(relay)    5    5    16641.42    16    16640.78    4    1
(advertise)    28    16641.62    5    16
(relay)    29    18    16674.83    16    16645.21    1    1
(relay)    29    26    16696.23    16    16642.43    1    1
(relay)    29    0    16717.43    16    16678.94    3    1
(advertise)    28    16717.63    0    16
(relay)    29    44    16766.24    16    16725.89    1    1
(relay)    29    4    16787.64    16    16768.88    1    1
(relay)    29    29    16792.24    16    16792.16    3    1
(advertise)    28    16792.44    29    16
(relay)    29    48    16837.86    16    16834.32    2    1
(advertise)    28    16838.06    48    16
(relay)    29    22    16860.67    16    16852.88    2    1
(advertise)    28    16861.27    22    16
(generate)    28    16864.28    [1]    16
(relay)    29    16    16905.29    16    16841.3    2    1
(advertise)    28    16905.49    16    16
(relay)    29    27    16926.71    16    16898.9    2    1
(advertise)    28    16927.31    27    16
(relay)    39    39    16943.92    16    16942.97    5    1
(advertise)    28    16949.32    39    16
(relay)    36    36    16969.13    16    16968.93    4    1
(advertise)    28    16970.73    36    16
(relay)    37    37    16986.35    16    16986.16    4    1
(advertise)    28    16994.95    37    16
(relay)    29    23    17016.16    16    16988.24    2    1
(advertise)    28    17018.96    23    16
(relay)    29    10    17043.77    17    17035.62    1    1
(relay)    6    6    17086.37    17    17086.29    5    1
(advertise)    28    17086.57    6    17
(relay)    29    8    17111.79    17    17092.77    2    1
(advertise)    28    17112.39    8    17
(relay)    29    32    17159.0    17    17158.59    3    1
(advertise)    28    17159.2    32    17
(relay)    29    42    17234.61    17    17231.01    1    1
(relay)    30    30    17314.81    17    17313.81    4    1
(advertise)    28    17315.01    30    17
(relay)    29    20    17342.42    17    17340.46    1    1
(relay)    29    1    17507.02    18    17504    124    1
(advertise)    28    17507.22    1    18
(relay)    29    21    17537.24    17    17536.21    3    1
(advertise)    28    17537.44    21    17
(relay)    38    38    17543.25    17    17542.67    5    1
(advertise)    28    17558.45    38    17
(relay)    36    35    17582.86    17    17579.82    3    1
(advertise)    28    17583.06    35    17
(relay)    29    24    17606.08    17    17570.5    1    1
(relay)    29    19    17633.28    17    17607.31    1    1
(relay)    5    5    17641.48    17    17640.85    4    1
(advertise)    28    17641.68    5    17
(relay)    29    18    17677.09    17    17645.31    1    1
(relay)    29    26    17698.89    17    17642.58    1    1
(relay)    29    0    17721.49    17    17679.04    3    1
(advertise)    28    17721.69    0    17
(relay)    29    4    17772.9    17    17768.99    1    1
(relay)    29    29    17792.5    17    17792.32    3    1
(advertise)    28    17792.7    29    17
(relay)    29    48    17838.52    17    17834.39    2    1
(advertise)    28    17838.72    48    17
(relay)    29    22    17861.33    17    17853.04    2    1
(advertise)    28    17862.13    22    17
(generate)    28    17864.34    [1]    17
(relay)    29    16    17905.75    17    17841.4    2    1
(advertise)    28    17905.95    16    17
(relay)    29    27    17927.97    17    17899.06    2    1
(advertise)    28    17929.77    27    17
(relay)    39    39    17944.18    17    17943.12    5    1
(advertise)    28    17951.18    39    17
(relay)    36    36    17969.19    17    17969.01    4    1
(advertise)    28    17972.19    36    17
(relay)    37    37    17986.41    17    17986.23    4    1
(advertise)    28    17995.21    37    17
(relay)    29    23    18016.42    17    17988.42    2    1
(advertise)    28    18018.22    23    17
(relay)    6    6    18087.03    18    18086.46    5    1
(advertise)    28    18087.23    6    18
(relay)    29    8    18111.45    18    18092.91    2    1
(advertise)    28    18112.25    8    18
(relay)    29    32    18159.26    18    18158.76    3    1
(advertise)    28    18159.46    32    18
(relay)    30    30    18314.87    18    18313.88    4    1
(advertise)    28    18315.07    30    18
(relay)    29    20    18342.48    18    18340.56    2    1
(advertise)    28    18342.68    20    18
(relay)    29    12    18376.5    18    18372.42    2    1
(advertise)    28    18376.7    12    18
(relay)    29    21    18537.91    18    18536.34    3    1
(advertise)    28    18538.11    21    18
(relay)    38    38    18543.32    18    18542.85    5    1
(advertise)    28    18559.52    38    18
(relay)    38    35    18582.14    18    18579.91    3    1
(advertise)    28    18583.14    35    18
(relay)    29    24    18608.75    18    18570.66    1    1
(relay)    5    5    18641.75    18    18641.14    4    1
(advertise)    28    18641.95    5    18
(relay)    29    26    18675.36    18    18642.72    1    1
(relay)    29    0    18696.56    18    18679.2    3    1
(advertise)    28    18696.76    0    18
(relay)    6    40    18708.98    18    18708.38    4    1
(relay)    29    18    18717.98    18    18645.4    1    2
(advertise)    28    18719.18    40    18
(relay)    29    2    18788.99    19    18742    116    1
(advertise)    28    18789.19    2    19
(relay)    29    29    18792.6    18    18792.46    3    1
(advertise)    28    18813.2    29    18
(relay)    29    48    18856.41    18    18834.49    1    1
(generate)    28    18864.41    [1]    18
(relay)    29    22    18901.23    18    18853.19    2    1
(advertise)    28    18901.43    22    18
(relay)    29    27    18923.64    18    18899.07    2    1
(advertise)    28    18924.04    27    18
(relay)    39    39    18944.25    18    18943.3    5    1
(advertise)    28    18946.45    39    18
(relay)    36    16    18967.87    18    18841.53    1    1
(relay)    29    33    18968.47    18    18939.37    3    1
(relay)    36    36    18969.27    18    18969.09    4    2
(advertise)    28    18969.47    33    18
(relay)    37    37    18986.88    18    18986.31    4    2
(advertise)    28    18992.28    36    18
(advertise)    28    19014.89    37    18
(relay)    29    23    19037.51    18    18988.61    2    1
(advertise)    28    19038.11    23    18
(relay)    29    10    19080.72    19    19035.79    1    1
(relay)    6    6    19087.12    19    19086.64    5    1
(advertise)    28    19087.32    6    19
(relay)    29    8    19125.73    19    19093.1    1    1
(relay)    29    32    19159.73    19    19158.91    3    1
(advertise)    28    19159.93    32    19
(relay)    30    30    19314.14    19    19313.97    4    1
(advertise)    28    19314.34    30    19
(relay)    29    20    19342.96    19    19340.69    2    1
(advertise)    28    19343.16    20    19
(relay)    29    12    19377.97    19    19372.54    2    1
(advertise)    28    19378.17    12    19
(relay)    29    1    19504.98    20    19504    124    1
(advertise)    28    19505.18    1    20
(relay)    29    21    19538.4    19    19536.48    3    1
(advertise)    28    19538.6    21    19
(relay)    38    38    19543.41    19    19542.86    5    1
(advertise)    28    19560.61    38    19
(relay)    6    35    19582.42    19    19580.01    2    1
(advertise)    28    19582.62    35    19
(relay)    29    24    19609.64    19    19570.84    1    1
(relay)    29    19    19632.64    19    19607.62    1    1
(relay)    5    5    19642.24    19    19641.24    4    1
(advertise)    28    19642.44    5    19
(relay)    29    18    19697.65    19    19645.51    1    1
(relay)    6    40    19709.65    19    19708.58    4    1
(advertise)    28    19709.85    40    19
(relay)    29    44    19747.26    19    19726.18    1    1
(relay)    29    2    19768.06    20    19742    118    1
(advertise)    28    19768.26    2    20
(relay)    29    4    19789.07    19    19769.2    1    1
(relay)    29    29    19793.27    19    19792.65    3    1
(advertise)    28    19793.87    29    19
(relay)    29    48    19840.49    19    19834.59    2    1
(advertise)    28    19840.69    48    19
(relay)    29    22    19861.7    19    19853.21    2    1
(advertise)    28    19862.9    22    19
(generate)    28    19864.51    [1]    19
(relay)    29    16    19906.93    19    19841.63    2    1
(advertise)    28    19907.13    16    19
(relay)    29    27    19931.94    19    19899.11    2    1
(advertise)    28    19932.14    27    19
(relay)    39    39    19943.55    19    19943.5    5    1
(advertise)    28    19955.75    39    19
(relay)    36    36    19969.37    19    19969.19    4    1
(relay)    29    33    19975.77    19    19939.47    2    2
(advertise)    28    19977.77    36    19
(relay)    37    37    19986.98    19    19986.42    4    2
(advertise)    28    19999.38    33    19
(advertise)    28    20021.79    37    19
(relay)    29    23    20040.0    19    19988.63    2    1
(advertise)    28    20045.2    23    19
(relay)    6    6    20087.42    20    20086.82    5    1
(advertise)    28    20087.62    6    20
(relay)    29    8    20114.83    20    20093.13    1    1
(relay)    29    32    20160.23    20    20158.91    3    1
(advertise)    28    20160.43    32    20
(relay)    30    30    20314.24    20    20314.07    4    1
(advertise)    28    20314.44    30    20
(relay)    29    20    20343.66    20    20340.78    1    1
(relay)    29    12    20378.06    20    20372.65    2    1
(advertise)    28    20378.26    12    20
(heartbeat)    31    5    20381.25    28    20399.27    2    2
(advertise)    28    20399.67    31    5
(relay)    29    14    20439.28    20    20436.17    1    1
(relay)    29    1    20505.48    21    20504    124    1
(advertise)    28    20505.68    1    21
(relay)    29    21    20539.3    20    20536.6    3    1
(advertise)    28    20539.5    21    20
(relay)    38    38    20543.91    20    20542.87    5    1
(advertise)    28    20562.71    38    20
(relay)    38    35    20580.52    20    20580.1    3    1
(advertise)    28    20584.72    35    20
(relay)    29    24    20609.53    20    20571.01    1    1
(relay)    5    5    20642.33    20    20641.32    4    1
(advertise)    28    20642.53    5    20
(relay)    29    0    20688.15    20    20679.51    3    1
(advertise)    28    20688.35    0    20
(relay)    36    40    20709.96    20    20708.6    4    1
(advertise)    28    20710.16    40    20
(relay)    29    18    20733.57    20    20645.63    1    1
(relay)    29    29    20793.37    20    20792.83    3    1
(advertise)    28    20793.57    29    20
(generate)    28    20864.59    [1]    20
(relay)    29    22    20887.4    20    20853.24    2    1
(advertise)    28    20887.6    22    20
(relay)    29    16    20911.81    20    20841.76    1    1
(relay)    29    27    20933.61    20    20899.16    2    1
(advertise)    28    20933.81    27    20
(relay)    39    39    20943.63    20    20943.51    5    1
(advertise)    28    20956.03    39    20
(relay)    36    36    20969.84    20    20969.26    4    1
(relay)    29    33    20978.04    20    20939.61    3    2
(advertise)    28    20979.44    36    20
(relay)    37    37    20987.05    20    20986.48    4    2
(advertise)    28    21000.85    33    20
(advertise)    28    21023.26    37    20
(relay)    29    23    21046.68    20    20988.69    2    1
(advertise)    28    21047.68    23    20
(relay)    29    10    21068.49    21    21035.83    1    1
(relay)    6    6    21087.89    21    21086.84    5    1
(advertise)    28    21088.09    6    21
(relay)    29    8    21113.7    21    21093.13    1    1
(relay)    29    32    21160.1    21    21158.93    3    1
(advertise)    28    21160.3    32    21
(relay)    29    42    21234.32    21    21231.47    1    1
(relay)    30    30    21314.32    21    21314.13    4    1
(advertise)    28    21314.52    30    21
(relay)    29    20    21343.53    21    21340.92    2    1
(advertise)    28    21343.73    20    21
(relay)    29    12    21376.34    21    21372.82    1    1
(relay)    29    14    21440.74    21    21436.34    1    1
(relay)    29    21    21539.94    21    21536.74    3    1
(advertise)    28    21540.14    21    21
(relay)    38    38    21544.16    21    21543.05    5    1
(advertise)    28    21563.16    38    21
(relay)    38    35    21580.57    21    21580.14    3    1
(advertise)    28    21584.37    35    21
(relay)    29    24    21609.98    21    21571.16    1    1
(relay)    5    5    21642.38    21    21641.36    4    1
(advertise)    28    21642.58    5    21
(relay)    29    19    21664.59    21    21607.92    1    1
(relay)    29    0    21690.19    21    21679.85    3    1
(advertise)    28    21690.39    0    21
(relay)    38    40    21710.01    21    21708.77    4    1
(advertise)    28    21711.41    40    21
(relay)    29    18    21753.42    21    21645.73    1    1
(relay)    29    29    21793.62    21    21793.01    3    1
(advertise)    28    21793.82    29    21
(relay)    29    2    21806.83    22    21742    115    1
(advertise)    28    21815.23    2    22
(relay)    29    4    21849.85    21    21769.44    1    1
(generate)    28    21864.65    [1]    21
(relay)    29    48    21893.66    21    21834.82    1    1
(relay)    29    22    21914.66    21    21853.24    2    1
(advertise)    28    21914.86    22    21
(relay)    29    27    21936.87    21    21899.2    2    1
(advertise)    28    21937.47    27    21
(relay)    39    39    21943.89    21    21943.69    5    1
(advertise)    28    21959.49    39    21
(relay)    36    36    21969.9    21    21969.32    4    1
(advertise)    28    21982.1    36    21
(relay)    29    33    21983.71    21    21939.76    3    1
(relay)    37    37    21987.51    21    21986.54    4    2
(advertise)    28    22004.71    33    21
(advertise)    28    22026.92    37    21
(relay)    29    10    22053.14    22    22035.84    1    1
(relay)    6    6    22088.14    22    22087.04    5    1
(advertise)    28    22088.34    6    22
(relay)    29    8    22096.55    22    22093.14    2    1
(advertise)    28    22109.35    8    22
(relay)    29    32    22160.96    22    22159.09    3    1
(advertise)    28    22161.16    32    22
(relay)    30    30    22314.78    22    22314.19    4    1
(advertise)    28    22314.98    30    22
(relay)    29    20    22344.99    22    22341.06    2    1
(advertise)    28    22345.19    20    22
(relay)    29    12    22375.2    22    22372.98    2    1
(advertise)    28    22375.4    12    22
(relay)    29    14    22442.02    22    22436.47    1    1
(relay)    29    1    22505.82    23    22504    124    1
(advertise)    28    22506.02    1    23
(relay)    29    21    22540.43    22    22536.88    3    1
(advertise)    28    22540.63    21    22
(relay)    38    38    22544.24    22    22543.24    5    1
(advertise)    28    22562.64    38    22
(relay)    30    35    22583.85    22    22580.22    3    1
(advertise)    28    22584.85    35    22
(relay)    5    5    22642.47    22    22641.44    4    1
(advertise)    28    22642.67    5    22
(relay)    29    19    22663.08    22    22608.1    1    1
(relay)    29    0    22691.08    22    22679.99    3    1
(advertise)    28    22691.28    0    22
(relay)    38    40    22711.09    22    22708.96    4    1
(advertise)    28    22712.29    40    22
(relay)    29    26    22714.51    22    22643.31    1    1
(relay)    29    18    22758.51    22    22645.84    1    1
(relay)    29    44    22789.71    22    22726.53    1    1
(relay)    29    29    22793.71    22    22793.18    3    1
(advertise)    28    22793.91    29    22
(relay)    29    48    22836.92    22    22834.97    1    1
(relay)    29    22    22861.12    22    22853.43    1    1
(generate)    28    22864.72    [1]    22
(relay)    29    16    22906.53    22    22842.01    1    1
(relay)    29    27    22927.53    22    22899.43    2    1
(advertise)    28    22927.73    27    22
(relay)    39    39    22943.95    22    22943.87    5    1
(advertise)    28    22949.75    39    22
(relay)    29    33    22950.96    22    22939.9    3    1
(relay)    36    36    22969.96    22    22969.38    4    2
(advertise)    28    22970.96    33    22
(relay)    37    37    22987.57    22    22986.6    4    2
(advertise)    28    22993.37    36    22
(advertise)    28    23015.38    37    22
(relay)    29    10    23060.0    23    23036.03    1    1
(relay)    6    6    23088.2    23    23087.23    5    1
(advertise)    28    23088.4    6    23
(relay)    29    8    23112.61    23    23093.33    2    1
(advertise)    28    23113.01    8    23
(relay)    29    32    23161.62    23    23159.27    3    1
(advertise)    28    23161.82    32    23
(relay)    29    42    23235.84    23    23231.7    1    1
(relay)    30    30    23314.84    23    23314.25    4    1
(advertise)    28    23315.04    30    23
(relay)    29    20    23345.45    23    23341.19    2    1
(advertise)    28    23345.65    20    23
(relay)    29    12    23374.26    23    23373.16    2    1
(advertise)    28    23374.46    12    23
(relay)    29    14    23442.08    23    23436.62    1    1
(relay)    29    21    23539.68    23    23536.96    3    1
(advertise)    28    23539.88    21    23
(relay)    38    38    23544.49    23    23543.43    5    1
(advertise)    28    23562.49    38    23
(relay)    38    35    23581.5    23    23580.26    3    1
(advertise)    28    23584.3    35    23
(relay)    29    19    23633.11    23    23608.22    1    1
(relay)    5    5    23641.51    23    23641.49    4    1
(advertise)    28    23641.71    5    23
(relay)    29    0    23700.73    23    23680.14    3    1
(advertise)    28    23700.93    0    23
(relay)    6    40    23711.34    23    23709.16    4    1
(advertise)    28    23723.54    40    23
(relay)    29    2    23791.75    24    23742    117    1
(advertise)    28    23791.95    2    24
(relay)    29    29    23794.37    23    23793.33    3    1
(advertise)    28    23813.97    29    23
(relay)    29    48    23855.58    23    23835.07    1    1
(generate)    28    23864.78    [1]    23
(relay)    29    22    23900.59    23    23853.58    1    1
(relay)    29    16    23920.99    23    23842.13    1    1
(relay)    29    33    23943.99    23    23940.01    3    1
(advertise)    28    23944.19    33    23
(relay)    36    36    23970.41    23    23969.43    4    1
(advertise)    28    23971.01    36    23
(relay)    37    37    23987.62    23    23986.64    4    1
(advertise)    28    23993.02    37    23
(relay)    29    23    24014.23    23    23988.89    2    1
(advertise)    28    24016.03    23    23
(relay)    29    10    24041.04    24    24036.22    1    1
(relay)    6    6    24087.44    24    24087.4    5    1
(advertise)    28    24087.64    6    24
(relay)    29    8    24109.86    24    24093.46    2    1
(advertise)    28    24110.66    8    24
(relay)    29    32    24161.47    24    24159.38    3    1
(advertise)    28    24161.67    32    24
(relay)    29    42    24238.08    24    24231.78    1    1
(relay)    30    30    24314.88    24    24314.3    4    1
(advertise)    28    24315.08    30    24
(relay)    29    20    24345.9    24    24341.3    2    1
(advertise)    28    24346.1    20    24
(relay)    29    12    24374.51    24    24373.25    2    1
(advertise)    28    24374.71    12    24
(heartbeat)    31    6    24381.27    28    24396.52    2    3
(advertise)    28    24396.92    31    6
(relay)    29    14    24439.94    24    24436.75    1    1
(relay)    29    21    24538.74    24    24537.1    3    1
(advertise)    28    24538.94    21    24
(relay)    38    38    24543.75    24    24543.61    5    1
(advertise)    28    24560.95    38    24
(relay)    38    35    24581.56    24    24580.32    3    1
(advertise)    28    24583.96    35    24
(relay)    29    24    24608.97    24    24571.58    1    1
(relay)    5    5    24641.57    24    24641.55    4    1
(advertise)    28    24641.77    5    24
(relay)    29    18    24667.19    24    24646.03    1    1
(relay)    29    26    24689.99    24    24643.6    1    1
(relay)    5    40    24710.59    24    24709.31    4    1
(advertise)    28    24710.79    40    24
(relay)    29    2    24781.6    25    24742    117    1
(advertise)    28    24781.8    2    25
(relay)    29    29    24794.61    24    24793.52    3    1
(advertise)    28    24804.01    29    24
(relay)    29    48    24847.03    24    24835.14    1    1
(generate)    28    24864.83    [1]    24
(relay)    29    16    24892.24    24    24842.22    1    1
(relay)    29    22    24912.84    24    24853.76    1    1
(relay)    29    27    24934.64    24    24900.27    2    1
(advertise)    28    24934.84    27    24
(relay)    39    39    24944.65    24    24944.05    5    1
(relay)    29    33    24955.85    24    24940.16    3    2
(advertise)    28    24956.05    39    24
(relay)    36    36    24970.47    24    24969.49    4    2
(advertise)    28    24978.67    33    24
(advertise)    28    24999.68    36    24
(relay)    36    37    25003.09    24    24986.7    3    1
(advertise)    28    25022.09    37    24
(relay)    29    23    25043.5    24    24988.89    2    1
(advertise)    28    25044.5    23    24
(relay)    29    10    25065.12    25    25036.23    1    1
(relay)    6    6    25087.72    25    25087.6    5    1
(advertise)    28    25087.92    6    25
(relay)    29    8    25112.53    25    25093.65    1    1
(relay)    29    32    25160.73    25    25159.4    3    1
(advertise)    28    25160.93    32    25
(relay)    29    42    25237.54    25    25231.89    1    1
(relay)    30    30    25314.94    25    25314.36    4    1
(advertise)    28    25315.14    30    25
(relay)    29    20    25344.96    25    25341.47    2    1
(advertise)    28    25345.16    20    25
(relay)    29    12    25374.97    25    25373.4    2    1
(advertise)    28    25375.17    12    25
(relay)    29    14    25439.18    25    25436.91    1    1
(relay)    29    1    25507.78    26    25504    124    1
(advertise)    28    25507.98    1    26
(relay)    29    21    25539.0    25    25537.23    3    1
(advertise)    28    25539.2    21    25
(relay)    38    38    25543.81    25    25543.79    5    1
(advertise)    28    25560.61    38    25
(relay)    39    35    25581.62    25    25580.38    3    1
(advertise)    28    25584.62    35    25
(relay)    29    24    25609.03    25    25571.76    1    1
(relay)    5    5    25641.63    25    25641.61    4    1
(advertise)    28    25641.83    5    25
(relay)    29    18    25668.05    25    25646.14    1    1
(relay)    29    0    25692.65    25    25680.46    3    1
(advertise)    28    25692.85    0    25
(relay)    6    40    25710.86    25    25709.48    4    1
(relay)    29    26    25712.86    25    25643.75    1    2
(advertise)    28    25715.86    40    25
(relay)    29    44    25783.87    25    25726.84    1    1
(relay)    29    29    25794.47    25    25793.53    3    1
(advertise)    28    25794.67    29    25
(relay)    29    2    25804.49    26    25742    117    1
(advertise)    28    25815.89    2    26
(relay)    29    48    25856.3    25    25835.25    1    1
(generate)    28    25864.9    [1]    25
(relay)    29    22    25900.71    25    25853.94    2    1
(advertise)    28    25900.91    22    25
(relay)    29    27    25923.53    25    25900.29    2    1
(advertise)    28    25923.93    27    25
(relay)    39    39    25944.74    25    25944.23    5    1
(advertise)    28    25945.34    39    25
(relay)    29    16    25946.95    25    25842.38    1    1
(relay)    36    36    25970.75    25    25969.58    4    1
(advertise)    28    25971.35    36    25
(relay)    37    37    25986.96    25    25986.79    4    1
(advertise)    28    25992.96    37    25
(relay)    29    23    26060.18    25    25988.89    2    1
(advertise)    28    26060.38    23    25
(relay)    29    10    26081.19    26    26036.23    1    1
(relay)    6    6    26087.79    26    26087.76    5    1
(advertise)    28    26087.99    6    26
(relay)    29    32    26160.0    26    26159.59    3    1
(advertise)    28    26160.2    32    26
(relay)    29    42    26238.02    26    26231.99    1    1
(relay)    30    30    26315.42    26    26314.43    4    1
(advertise)    28    26315.62    30    26
(relay)    29    20    26343.63    26    26341.61    2    1
(advertise)    28    26343.83    20    26
(relay)    29    12    26375.84    26    26373.55    2    1
(advertise)    28    26376.04    12    26
(relay)    29    14    26439.26    26    26437.08    1    1
(relay)    29    1    26508.46    27    26504    124    1
(advertise)    28    26508.66    1    27
(relay)    29    21    26538.07    26    26537.39    3    1
(advertise)    28    26538.27    21    26
(relay)    38    38    26544.08    26    26543.97    5    1
(advertise)    28    26560.08    38    26
(relay)    38    35    26582.49    26    26580.46    3    1
(advertise)    28    26583.29    35    26
(relay)    5    5    26642.31    26    26641.68    4    1
(advertise)    28    26642.51    5    26
(relay)    29    18    26678.52    26    26646.25    1    1
(relay)    29    0    26701.32    26    26680.62    3    1
(advertise)    28    26701.52    0    26
(relay)    6    40    26710.33    26    26709.68    4    1
(advertise)    28    26723.33    40    26
(relay)    29    29    26793.75    26    26793.69    3    1
(advertise)    28    26793.95    29    26
(relay)    29    48    26839.76    26    26835.36    1    1
(relay)    29    22    26863.36    26    26854.13    2    1
(advertise)    28    26863.56    22    26
(generate)    28    26864.97    [1]    26
(relay)    29    27    26906.19    26    26900.34    2    1
(advertise)    28    26906.39    27    26
(relay)    39    39    26945.4    26    26944.4    5    1
(advertise)    28    26945.6    39    26
(relay)    29    33    26952.01    26    26940.37    2    1
(advertise)    28    26967.61    33    26
(relay)    36    36    26969.82    26    26969.65    4    1
(relay)    37    37    26987.02    26    26986.85    4    2
(advertise)    28    26989.62    36    26
(advertise)    28    27012.44    37    26
(relay)    29    23    27017.05    26    26989.08    2    1
(advertise)    28    27033.85    23    26
(relay)    29    10    27042.66    27    27036.26    1    1
(relay)    6    6    27088.06    27    27087.93    5    1
(advertise)    28    27088.26    6    27
(relay)    29    8    27113.88    27    27093.82    2    1
(advertise)    28    27114.08    8    27
(relay)    29    32    27159.89    27    27159.59    3    1
(advertise)    28    27160.09    32    27
(relay)    29    42    27235.5    27    27232.12    1    1
(relay)    30    30    27315.5    27    27314.52    4    1
(advertise)    28    27315.7    30    27
(relay)    29    20    27343.12    27    27341.78    2    1
(advertise)    28    27343.32    20    27
(relay)    29    12    27376.93    27    27373.72    2    1
(advertise)    28    27377.13    12    27
(relay)    29    1    27506.74    28    27504    124    1
(advertise)    28    27506.94    1    28
(relay)    29    21    27538.75    27    27537.52    3    1
(advertise)    28    27538.95    21    27
(relay)    38    38    27544.77    27    27544.14    5    1
(advertise)    28    27560.17    38    27
(relay)    38    35    27582.78    27    27580.54    3    1
(advertise)    28    27584.78    35    27
(relay)    29    24    27609.59    27    27572.05    1    1
(relay)    5    5    27642.39    27    27641.77    4    1
(advertise)    28    27642.59    5    27
(relay)    29    0    27683.21    27    27680.72    3    1
(advertise)    28    27683.41    0    27
(relay)    29    18    27704.22    27    27646.34    1    1
(relay)    38    40    27710.22    27    27709.86    4    1
(advertise)    28    27711.02    40    27
(relay)    29    26    27747.43    27    27644.01    1    1
(relay)    29    29    27794.03    27    27793.84    3    1
(advertise)    28    27794.23    29    27
(relay)    29    4    27813.85    27    27770.11    1    1
(relay)    29    22    27858.05    27    27854.3    2    1
(advertise)    28    27858.25    22    27
(generate)    28    27865.06    [1]    27
(relay)    29    27    27902.07    27    27900.34    2    1
(advertise)    28    27902.27    27    27
(relay)    29    33    27943.48    27    27940.47    3    1
(advertise)    28    27943.68    33    27
(relay)    39    39    27945.5    27    27944.58    5    1
(advertise)    28    27964.7    39    27
(relay)    36    36    27969.91    27    27969.74    4    1
(advertise)    28    27986.91    36    27
(relay)    37    37    27988.32    27    27988.15    4    1
(advertise)    28    28008.12    37    27
(relay)    29    10    28040.94    28    28036.45    1    1
(relay)    6    6    28088.74    28    28088.09    5    1
(advertise)    28    28088.94    6    28
(relay)    29    8    28113.75    28    28094.01    2    1
(advertise)    28    28114.35    8    28
(relay)    29    32    28160.16    28    28159.75    3    1
(advertise)    28    28160.36    32    28
(relay)    30    30    28315.58    28    28314.59    4    1
(advertise)    28    28315.78    30    28
(relay)    29    20    28343.39    28    28341.88    2    1
(advertise)    28    28343.59    20    28
(relay)    29    12    28378.0    28    28373.88    2    1
(advertise)    28    28378.2    12    28
(heartbeat)    31    7    28381.28    28    28400.81    2    3
(advertise)    28    28402.41    31    7
(relay)    29    14    28439.43    28    28437.41    1    1
(relay)    29    21    28539.43    28    28537.65    3    1
(advertise)    28    28539.63    21    28
(relay)    38    38    28544.84    28    28544.32    5    1
(advertise)    28    28561.24    38    28
(relay)    38    35    28582.65    28    28580.61    3    1
(advertise)    28    28583.85    35    28
(relay)    29    24    28607.07    28    28572.19    1    1
(relay)    5    5    28642.47    28    28641.84    4    1
(advertise)    28    28642.67    5    28
(relay)    29    0    28699.28    28    28680.91    3    1
(advertise)    28    28699.48    0    28
(relay)    37    40    28721.09    28    28710.03    4    1
(relay)    29    18    28721.49    28    28646.44    1    2
(advertise)    28    28723.49    40    28
(relay)    29    2    28793.11    29    28742    117    1
(advertise)    28    28793.31    2    29
(relay)    5    29    28816.32    28    28794.19    2    1
(advertise)    28    28817.52    29    28
(relay)    29    4    28848.33    28    28770.25    1    1
(generate)    28    28865.13    [1]    28
(relay)    29    22    28892.34    28    28854.48    2    1
(advertise)    28    28892.54    22    28
(relay)    29    27    28915.76    28    28900.34    2    1
(advertise)    28    28916.16    27    28
(relay)    29    16    28938.37    28    28842.74    1    1
(relay)    39    39    28945.77    28    28944.78    5    1
(advertise)    28    28945.97    39    28
(relay)    36    36    28969.98    28    28969.81    4    1
(advertise)    28    28970.18    36    28
(relay)    29    33    28984.0    28    28940.64    3    1
(relay)    37    37    28988.8    28    28988.22    4    2
(advertise)    28    28992.2    33    28
(advertise)    28    29014.21    37    28
(relay)    29    23    29049.02    28    28989.51    2    1
(advertise)    28    29049.22    23    28
(relay)    29    10    29071.04    29    29036.47    1    1
(relay)    6    6    29088.84    29    29088.28    5    1
(advertise)    28    29089.04    6    29
(relay)    29    8    29096.65    29    29094.18    2    1
(advertise)    28    29111.05    8    29
(relay)    29    32    29161.26    29    29159.94    3    1
(advertise)    28    29161.46    32    29
(relay)    29    42    29234.07    29    29232.38    1    1
(relay)    30    30    29314.87    29    29314.69    4    1
(advertise)    28    29315.07    30    29
(relay)    29    20    29344.09    29    29342.05    2    1
(advertise)    28    29344.29    20    29
(relay)    29    12    29379.1    29    29374.05    2    1
(advertise)    28    29379.3    12    29
(relay)    29    14    29439.91    29    29437.57    1    1
(relay)    29    21    29539.91    29    29537.78    3    1
(advertise)    28    29540.11    21    29
(relay)    38    38    29545.13    29    29544.51    5    1
(advertise)    28    29563.13    38    29
(relay)    29    35    29584.14    29    29580.69    3    1
(advertise)    28    29584.74    35    29
(relay)    29    24    29609.35    29    29572.33    1    1
(relay)    5    5    29642.95    29    29641.93    4    1
(advertise)    28    29643.15    5    29
(relay)    29    18    29675.37    29    29646.54    1    1
(relay)    29    26    29697.37    29    29644.3    1    1
(relay)    37    40    29711.17    29    29710.2    4    1
(advertise)    28    29711.37    40    29
(relay)    29    0    29719.58    29    29681.05    3    1
(advertise)    28    29735.18    0    29
(relay)    29    44    29768.39    29    29727.29    1    1
(relay)    29    2    29792.19    30    29742    116    1
(advertise)    28    29792.39    2    30
(relay)    29    29    29795.0    29    29794.38    3    1
(advertise)    28    29814.4    29    29
(relay)    29    4    29838.22    29    29770.35    1    1
(relay)    29    48    29860.02    29    29835.67    1    1
(generate)    28    29865.22    [1]    29
(relay)    29    22    29905.23    29    29854.66    1    1
(relay)    29    27    29929.63    29    29900.36    2    1
(advertise)    28    29929.83    27    29
(relay)    39    39    29945.04    29    29944.97    5    1
(advertise)    28    29953.84    39    29
(relay)    36    36    29970.06    29    29969.88    4    1
(relay)    29    33    29973.46    29    29940.8    2    2
(advertise)    28    29977.06    36    29
(relay)    37    37    29988.87    29    29988.3    4    2
(advertise)    28    29999.67    33    29
