(relay)    27    1    506.2    1    504    125    1
(advertise)    29    506.4    1    1
(relay)    27    10    1033.81    1    1033.0    126    1
(advertise)    29    1034.01    10    1
(relay)    27    3    1062.63    1    1052.01    121    1
(advertise)    29    1062.83    3    1
(relay)    28    6    1086.84    1    1084.03    126    1
(advertise)    29    1087.24    6    1
(relay)    27    8    1131.85    1    1091.05    126    1
(advertise)    29    1132.05    8    1
(relay)    27    9    1154.47    1    1096.04    121    1
(advertise)    29    1155.27    9    1
(relay)    32    32    1158.08    1    1157.09    127    1
(advertise)    29    1178.48    32    1
(relay)    27    45    1195.69    1    1098.05    119    1
(advertise)    29    1202.09    45    1
(relay)    27    46    1223.9    1    1166.0    118    1
(advertise)    29    1225.5    46    1
(relay)    27    42    1247.12    1    1229.12    123    1
(advertise)    29    1248.72    42    1
(relay)    27    41    1270.13    1    1245.3    120    1
(advertise)    29    1271.13    41    1
(relay)    30    30    1312.74    1    1312.14    127    1
(advertise)    29    1312.94    30    1
(relay)    27    20    1340.76    1    1338.16    125    1
(advertise)    29    1340.96    20    1
(relay)    27    12    1371.97    1    1370.17    124    1
(advertise)    29    1372.17    12    1
(relay)    27    34    1424.98    1    1419.16    121    1
(advertise)    29    1425.18    34    1
(relay)    27    14    1447.6    1    1433.2    123    1
(advertise)    29    1447.8    14    1
(relay)    27    1    1506.21    2    1504    125    1
(advertise)    29    1506.41    1    2
(relay)    32    21    1536.22    1    1534.02    126    1
(advertise)    29    1536.42    21    1
(relay)    5    38    1560.83    1    1540.2    125    1
(advertise)    29    1561.03    38    1
(relay)    35    35    1578.65    1    1578.05    127    1
(advertise)    29    1585.65    35    1
(relay)    27    19    1610.86    1    1603.06    123    1
(advertise)    29    1611.26    19    1
(relay)    5    5    1639.07    1    1639.07    127    1
(advertise)    29    1639.27    5    1
(relay)    27    26    1663.29    1    1640.1    125    1
(advertise)    29    1663.49    26    1
(relay)    27    11    1684.5    1    1602.06    123    1
(advertise)    29    1686.3    11    1
(relay)    32    18    1688.51    1    1643.11    125    1
(advertise)    29    1708.31    18    1
(relay)    5    40    1709.53    1    1706.07    126    1
(relay)    32    0    1709.73    1    1676.1    126    2
(advertise)    29    1729.73    40    1
(advertise)    29    1751.94    0    1
(relay)    27    17    1770.75    1    1691.1    122    1
(advertise)    29    1772.95    17    1
(generate)    29    1790.16    [31]    1
(relay)    27    44    1792.58    1    1724.13    123    1
(advertise)    29    1794.38    44    1
(relay)    27    47    1837.19    1    1676.09    120    1
(advertise)    29    1837.39    47    1
(relay)    27    22    1860.8    1    1850.03    126    1
(advertise)    29    1861.6    22    1
(relay)    27    4    1883.62    1    1767.15    123    1
(advertise)    29    1884.02    4    1
(relay)    37    28    1885.43    1    1862.0    126    1
(relay)    27    27    1898.03    1    1897.04    127    2
(advertise)    29    1905.23    28    1
(advertise)    29    1927.44    27    1
(relay)    28    39    1950.66    1    1941.02    126    1
(advertise)    29    1950.86    39    1
(relay)    36    36    1968.07    1    1967.07    127    1
(advertise)    29    1973.47    36    1
(relay)    32    48    1974.68    1    1832.62    123    1
(relay)    37    37    1985.08    1    1984.08    127    2
(advertise)    29    1995.68    48    1
(relay)    27    13    2015.49    1    1853.16    121    2
(relay)    32    23    2016.49    1    1986.09    126    3
(advertise)    29    2017.29    37    1
(advertise)    29    2039.51    13    1
(relay)    27    10    2060.52    2    2033.13    126    2
(advertise)    29    2061.72    23    1
(relay)    27    7    2081.93    1    1867.0    120    2
(advertise)    29    2083.93    10    2
(relay)    5    6    2089.95    2    2084.09    126    2
(relay)    27    8    2103.95    2    2091.17    126    3
(advertise)    29    2104.95    7    1
(advertise)    29    2127.36    6    2
(advertise)    29    2148.57    8    2
(relay)    27    3    2151.79    2    2052.08    121    1
(relay)    32    32    2158.19    2    2157.17    127    2
(advertise)    29    2171.79    3    2
(advertise)    29    2194.0    32    2
(relay)    27    9    2197.81    2    2096.31    121    1
(advertise)    29    2215.21    9    2
(relay)    32    46    2227.22    2    2166.01    118    1
(advertise)    29    2236.42    46    2
(relay)    27    42    2250.84    2    2229.22    123    1
(advertise)    29    2258.64    42    2
(relay)    27    25    2272.25    2    2239.19    121    1
(advertise)    29    2281.65    25    2
(relay)    27    41    2293.86    2    2245.32    119    1
(advertise)    29    2304.86    41    2
(relay)    30    30    2312.88    2    2312.28    127    1
(advertise)    29    2326.48    30    2
(relay)    27    20    2350.69    2    2338.3    125    1
(advertise)    29    2350.89    20    2
(relay)    27    12    2374.1    2    2370.32    124    1
(advertise)    29    2374.7    12    2
(relay)    27    14    2446.11    2    2433.34    123    1
(advertise)    29    2446.31    14    2
(relay)    27    1    2506.53    3    2504    125    1
(advertise)    29    2506.73    1    3
(relay)    32    21    2535.34    2    2534.13    126    1
(advertise)    29    2535.54    21    2
(relay)    5    38    2557.35    2    2540.31    126    1
(advertise)    29    2558.35    38    2
(relay)    35    35    2578.77    2    2578.17    127    1
(advertise)    29    2580.57    35    2
(relay)    32    24    2607.18    2    2568.19    123    1
(advertise)    29    2607.38    24    2
(relay)    27    11    2629.79    2    2602.18    123    1
(advertise)    29    2631.59    11    2
(relay)    5    5    2639.21    2    2639.21    127    1
(relay)    27    26    2651.21    2    2640.23    125    2
(advertise)    29    2654.81    5    2
(relay)    27    18    2672.22    2    2643.23    125    2
(advertise)    29    2676.02    26    2
(advertise)    29    2698.43    18    2
(relay)    27    19    2717.04    2    2604.21    123    1
(relay)    32    0    2719.64    2    2676.19    125    2
(advertise)    29    2720.84    19    2
(relay)    37    40    2722.06    2    2706.21    126    2
(advertise)    29    2744.26    0    2
(relay)    27    44    2760.47    2    2724.26    123    2
(advertise)    29    2766.47    40    2
(advertise)    29    2787.48    44    2
(generate)    29    2790.3    [31]    2
(relay)    27    4    2829.31    2    2767.28    122    1
(advertise)    29    2829.51    4    2
(relay)    27    22    2854.52    2    2850.15    126    1
(advertise)    29    2854.72    22    2
(relay)    28    28    2863.14    2    2862.12    127    1
(advertise)    29    2875.94    28    2
(relay)    27    2    2877.15    3    2742    119    1
(relay)    32    48    2882.95    2    2832.75    123    2
(advertise)    29    2896.95    2    3
(advertise)    29    2918.36    48    2
(relay)    27    16    2920.97    2    2839.12    123    1
(relay)    32    27    2926.97    2    2897.16    126    2
(advertise)    29    2939.97    16    2
(relay)    27    13    2943.39    2    2853.28    121    2
(advertise)    29    2963.79    27    2
(relay)    28    39    2966.6    2    2941.11    126    2
(relay)    36    36    2968.4    2    2967.39    127    3
(relay)    32    33    2971.2    2    2937.17    126    4
(relay)    37    37    2984.2    2    2984.19    127    5
(advertise)    29    2986.2    13    2
(advertise)    29    3007.41    39    2
(relay)    32    23    3017.63    2    2986.21    125    4
(advertise)    29    3028.43    36    2
(advertise)    29    3050.04    33    2
(advertise)    29    3071.65    37    2
(relay)    27    10    3081.87    3    3033.25    126    2
(advertise)    29    3095.07    23    2
(relay)    28    6    3096.28    3    3084.19    126    2
(advertise)    29    3117.08    10    3
(relay)    27    8    3125.89    3    3091.29    126    2
(advertise)    29    3140.69    6    3
(relay)    27    15    3150.3    3    3066.8    121    2
(relay)    32    32    3158.3    3    3157.28    127    3
(advertise)    29    3163.9    8    3
(advertise)    29    3187.92    15    3
(advertise)    29    3210.73    32    3
(relay)    27    9    3216.34    3    3096.41    120    1
(advertise)    29    3232.54    9    3
(relay)    27    45    3258.56    3    3098.23    119    1
(advertise)    29    3258.96    45    3
(relay)    27    42    3281.97    3    3229.34    123    1
(advertise)    29    3282.97    42    3
(relay)    30    30    3313.38    3    3312.37    127    1
(advertise)    29    3313.58    30    3
(relay)    27    20    3341.4    3    3338.42    125    1
(advertise)    29    3341.6    20    3
(relay)    27    46    3363.61    3    3166.03    119    1
(advertise)    29    3365.41    46    3
(relay)    27    25    3386.62    3    3239.28    121    1
(advertise)    29    3388.62    25    3
(relay)    27    12    3408.23    3    3370.45    124    1
(advertise)    29    3410.63    12    3
(relay)    32    41    3431.85    3    3245.4    119    1
(advertise)    29    3432.65    41    3
(relay)    27    14    3453.06    3    3433.69    123    1
(advertise)    29    3454.86    14    3
(relay)    27    34    3474.47    3    3419.4    120    1
(advertise)    29    3477.27    34    3
(relay)    27    1    3506.69    4    3504    125    1
(advertise)    29    3506.89    1    4
(relay)    32    21    3535.5    3    3534.26    126    1
(advertise)    29    3535.7    21    3
(relay)    5    38    3557.71    3    3540.42    126    1
(advertise)    29    3558.51    38    3
(relay)    35    35    3578.93    3    3578.31    127    1
(advertise)    29    3581.13    35    3
(relay)    27    24    3604.34    3    3568.35    124    1
(advertise)    29    3604.54    24    3
(relay)    27    19    3629.35    3    3604.36    124    1
(advertise)    29    3629.95    19    3
(relay)    5    5    3639.36    3    3639.35    127    1
(advertise)    29    3651.36    5    3
(relay)    27    18    3674.18    3    3643.39    125    1
(advertise)    29    3675.18    18    3
(relay)    32    0    3696.99    3    3676.35    126    1
(advertise)    29    3698.39    0    3
(relay)    27    11    3716.8    3    3602.36    123    1
(advertise)    29    3719.6    11    3
(relay)    37    40    3722.42    3    3706.31    126    1
(advertise)    29    3740.62    40    3
(relay)    27    17    3763.03    3    3691.38    122    1
(advertise)    29    3764.63    17    3
(generate)    29    3790.44    [31]    3
(relay)    27    47    3828.66    3    3676.36    119    1
(advertise)    29    3828.86    47    3
(relay)    27    44    3853.07    3    3724.42    122    1
(advertise)    29    3853.27    44    3
(relay)    28    28    3863.28    3    3862.27    127    1
(relay)    27    22    3875.48    3    3850.92    126    2
(advertise)    29    3875.88    28    3
(relay)    27    27    3897.49    3    3897.33    127    2
(advertise)    29    3898.29    22    3
(relay)    32    4    3918.71    3    3767.44    122    2
(advertise)    29    3920.31    27    3
(advertise)    29    3942.32    4    3
(relay)    28    39    3944.73    3    3941.23    126    1
(relay)    32    33    3961.93    3    3937.32    126    2
(relay)    27    48    3964.73    3    3832.91    123    3
(advertise)    29    3964.93    39    3
(relay)    36    36    3968.55    3    3967.52    127    3
(relay)    32    16    3982.75    3    3839.69    123    4
(relay)    37    37    3984.35    3    3984.33    127    5
(advertise)    29    3985.95    33    3
(advertise)    29    4007.76    48    3
(advertise)    29    4028.77    36    3
(relay)    27    2    4033.99    4    3742    119    3
(relay)    32    23    4048.79    3    3986.39    126    4
(advertise)    29    4052.79    16    3
(advertise)    29    4076.2    37    3
(relay)    36    6    4084.81    4    4084.31    126    3
(advertise)    29    4098.41    2    4
(relay)    32    7    4117.02    3    3867.28    119    3
(relay)    27    10    4121.02    4    4033.4    126    4
(advertise)    29    4122.02    23    3
(relay)    27    8    4142.84    4    4091.45    126    4
(advertise)    29    4144.64    6    4
(relay)    32    32    4157.45    4    4157.44    127    4
(advertise)    29    4165.85    7    3
(advertise)    29    4189.86    10    4
(advertise)    29    4212.08    8    4
(relay)    32    3    4227.69    4    4052.35    119    2
(advertise)    29    4233.49    32    4
(relay)    32    15    4250.5    4    4066.97    120    2
(advertise)    29    4255.1    3    4
(relay)    32    9    4274.12    4    4096.6    120    2
(advertise)    29    4277.12    15    4
(advertise)    29    4300.13    9    4
(relay)    27    42    4306.34    4    4229.52    123    1
(relay)    30    30    4313.54    4    4312.52    127    2
(advertise)    29    4323.14    42    4
(relay)    27    45    4329.15    4    4098.41    120    2
(advertise)    29    4345.55    30    4
(advertise)    29    4366.57    45    4
(relay)    27    20    4371.38    4    4338.62    124    1
(heartbeat)    31    1    4381.2    29    4381.78    127    0
(advertise)    29    4388.98    20    4
(advertise)    29    4411.99    31    1
(relay)    27    46    4415.21    4    4166.04    119    1
(advertise)    29    4436.01    46    4
(relay)    27    25    4460.02    4    4239.45    121    1
(advertise)    29    4460.42    25    4
(relay)    27    41    4483.63    4    4245.57    120    1
(advertise)    29    4483.83    41    4
(relay)    27    14    4506.45    4    4433.86    123    1
(advertise)    29    4506.85    14    4
(relay)    32    1    4529.06    5    4504    125    1
(advertise)    29    4530.06    1    5
(relay)    30    38    4552.47    4    4540.57    4    1
(advertise)    29    4552.67    38    4
(relay)    32    21    4577.08    4    4534.46    3    1
(advertise)    29    4577.88    21    4
(relay)    35    35    4579.5    4    4578.46    4    1
(relay)    27    24    4598.9    4    4568.55    3    2
(advertise)    29    4600.7    35    4
(advertise)    29    4621.71    24    4
(relay)    5    5    4640.12    4    4639.5    4    1
(relay)    27    19    4640.92    4    4605.56    2    2
(advertise)    29    4644.12    5    4
(advertise)    29    4665.74    19    4
(relay)    27    11    4685.35    4    4602.56    3    1
(advertise)    29    4687.55    11    4
(relay)    27    18    4706.36    4    4643.58    3    1
(relay)    37    40    4709.76    4    4706.41    4    2
(advertise)    29    4710.56    18    4
(relay)    32    0    4712.18    4    4676.75    4    2
(relay)    27    26    4727.98    4    4640.59    3    3
(advertise)    29    4732.78    40    4
(advertise)    29    4756.19    0    4
(advertise)    29    4778.8    26    4
(generate)    29    4790.61    [31]    4
(relay)    27    44    4794.23    4    4724.6    3    1
(advertise)    29    4801.03    44    4
(relay)    27    4    4838.44    4    4767.63    3    1
(advertise)    29    4838.64    4    4
(relay)    27    48    4859.85    4    4833.08    4    1
(advertise)    29    4860.85    48    4
(relay)    27    22    4882.07    4    4851.11    4    1
(advertise)    29    4882.47    22    4
(relay)    30    28    4887.48    4    4862.4    3    1
(relay)    27    27    4897.68    4    4897.52    3    2
(relay)    27    16    4903.28    4    4839.87    2    3
(advertise)    29    4905.08    28    4
(advertise)    29    4926.29    27    4
(advertise)    29    4948.11    16    4
(relay)    28    39    4949.32    4    4941.27    4    1
(relay)    27    33    4956.72    4    4937.49    3    2
(relay)    36    36    4967.72    4    4967.67    4    3
(advertise)    29    4970.92    39    4
(relay)    37    37    4984.53    4    4984.48    4    3
(advertise)    29    4993.93    33    4
(relay)    27    23    5000.74    4    4986.56    3    3
(advertise)    29    5016.34    36    4
(advertise)    29    5039.96    37    4
(relay)    27    10    5043.77    5    5033.6    2    2
(advertise)    29    5061.97    23    4
(advertise)    29    5082.98    10    5
(relay)    30    6    5085.4    5    5084.47    4    1
(relay)    27    8    5092.4    5    5091.62    3    2
(advertise)    29    5105.2    6    5
(advertise)    29    5129.01    8    5
(relay)    32    32    5157.82    5    5157.62    4    1
(advertise)    29    5158.02    32    5
(relay)    30    30    5313.64    5    5312.54    4    1
(advertise)    29    5313.84    30    5
(relay)    27    20    5340.85    5    5338.66    3    1
(advertise)    29    5341.05    20    5
(relay)    27    12    5372.66    5    5370.64    4    1
(advertise)    29    5372.86    12    5
(relay)    27    14    5435.27    5    5434.05    2    1
(advertise)    29    5435.47    14    5
(relay)    32    1    5507.29    6    5504    125    1
(advertise)    29    5507.49    1    6
(relay)    32    21    5535.1    5    5534.57    4    1
(advertise)    29    5535.3    21    5
(relay)    5    38    5558.11    5    5540.76    4    1
(advertise)    29    5558.51    38    5
(relay)    35    35    5579.73    5    5578.62    4    1
(advertise)    29    5580.73    35    5
(relay)    32    24    5604.94    5    5568.7    2    1
(advertise)    29    5605.74    24    5
(relay)    27    11    5627.75    5    5602.67    3    1
(advertise)    29    5629.15    11    5
(relay)    5    5    5640.17    5    5639.66    4    1
(relay)    27    19    5649.97    5    5605.67    3    2
(advertise)    29    5650.37    5    5
(advertise)    29    5672.78    19    5
(relay)    27    18    5693.39    5    5643.69    3    1
(advertise)    29    5695.59    18    5
(relay)    28    40    5707.2    5    5706.41    3    1
(advertise)    29    5716.6    40    5
(relay)    27    0    5763.22    5    5677.31    3    1
(advertise)    29    5763.42    0    5
(relay)    32    44    5767.43    5    5724.7    2    1
(advertise)    29    5785.23    44    5
(generate)    29    5790.64    [31]    5
(relay)    27    4    5806.46    5    5767.71    3    1
(advertise)    29    5808.46    4    5
(relay)    32    48    5837.67    5    5833.22    3    1
(advertise)    29    5837.87    48    5
(relay)    32    22    5859.88    5    5851.12    3    1
(advertise)    29    5860.08    22    5
(relay)    28    28    5864.3    5    5863.17    4    1
(advertise)    29    5881.7    28    5
(relay)    27    16    5893.91    5    5839.99    3    1
(relay)    27    27    5897.71    5    5897.56    3    2
(advertise)    29    5905.91    16    5
(advertise)    29    5927.72    27    5
(relay)    27    33    5950.33    5    5937.63    3    1
(relay)    28    39    5951.73    5    5941.44    4    2
(advertise)    29    5952.33    33    5
(relay)    36    36    5967.95    5    5967.83    4    2
(advertise)    29    5975.15    39    5
(relay)    37    37    5984.76    5    5984.66    4    2
(advertise)    29    5996.56    36    5
(relay)    32    23    5999.57    5    5986.57    3    2
(advertise)    29    6019.77    37    5
(advertise)    29    6041.99    23    5
(relay)    27    10    6061.4    6    6033.64    2    1
(advertise)    29    6063.6    10    6
(relay)    35    6    6085.81    6    6084.64    3    1
(advertise)    29    6087.01    6    6
(relay)    27    8    6109.03    6    6091.64    3    1
(advertise)    29    6109.43    8    6
(relay)    32    32    6157.84    6    6157.81    4    1
(advertise)    29    6158.04    32    6
(relay)    27    42    6233.05    6    6229.83    3    1
(advertise)    29    6233.25    42    6
(relay)    30    30    6313.66    6    6312.71    4    1
(advertise)    29    6313.86    30    6
(relay)    27    20    6340.48    6    6338.81    3    1
(advertise)    29    6340.68    20    6
(relay)    27    12    6374.29    6    6370.79    3    1
(advertise)    29    6374.49    12    6
(relay)    27    1    6506.5    7    6504    125    1
(advertise)    29    6506.7    1    7
(relay)    27    21    6535.92    6    6534.72    3    1
(advertise)    29    6536.12    21    6
(relay)    28    38    6557.93    6    6540.92    4    1
(advertise)    29    6558.33    38    6
(relay)    35    35    6579.74    6    6578.79    4    1
(advertise)    29    6581.14    35    6
(relay)    32    24    6582.96    6    6568.85    2    1
(advertise)    29    6602.16    24    6
(relay)    32    11    6625.17    6    6602.81    2    1
(advertise)    29    6626.17    11    6
(relay)    5    5    6640.38    6    6639.8    4    1
(relay)    32    19    6647.58    6    6605.8    2    2
(advertise)    29    6648.58    5    6
(advertise)    29    6669.99    19    6
(relay)    32    0    6690.41    6    6677.44    4    1
(relay)    27    18    6691.81    6    6643.83    3    2
(advertise)    29    6692.41    0    6
(advertise)    29    6713.42    18    6
(relay)    37    40    6716.03    6    6706.6    4    1
(relay)    32    26    6734.43    6    6640.9    2    2
(advertise)    29    6736.43    40    6
(advertise)    29    6758.65    26    6
(relay)    32    44    6782.66    6    6724.8    2    1
(advertise)    29    6783.46    44    6
(generate)    29    6790.67    [31]    6
(relay)    32    4    6828.69    6    6767.81    1    1
(relay)    27    48    6850.49    6    6833.32    4    1
(advertise)    29    6850.69    48    6
(relay)    28    28    6863.3    6    6863.28    4    1
(advertise)    29    6871.7    28    6
(relay)    32    22    6895.11    6    6851.15    3    1
(advertise)    29    6895.51    22    6
(relay)    27    16    6897.32    6    6840.13    3    1
(relay)    27    27    6898.52    6    6897.99    3    2
(advertise)    29    6919.52    16    6
(relay)    27    33    6941.54    6    6937.77    3    2
(advertise)    29    6942.54    27    6
(relay)    37    39    6944.35    6    6941.58    4    2
(advertise)    29    6964.55    33    6
(relay)    36    36    6967.96    6    6967.94    4    2
(relay)    37    37    6985.36    6    6984.76    4    3
(advertise)    29    6986.96    39    6
(advertise)    29    7008.98    36    6
(advertise)    29    7030.39    37    6
(relay)    27    10    7052.8    7    7034.47    2    1
(advertise)    29    7053.6    10    7
(relay)    35    6    7086.42    7    7084.8    3    1
(advertise)    29    7086.62    6    7
(relay)    27    8    7111.23    7    7091.67    3    1
(advertise)    29    7111.63    8    7
(relay)    32    32    7157.84    7    7157.83    4    1
(advertise)    29    7158.04    32    7
(relay)    27    42    7232.45    7    7229.94    2    1
(advertise)    29    7232.65    42    7
(relay)    30    30    7313.87    7    7312.81    4    1
(advertise)    29    7314.07    30    7
(relay)    32    20    7340.28    7    7338.96    2    1
(advertise)    29    7340.48    20    7
(relay)    27    12    7373.89    7    7370.92    4    1
(advertise)    29    7374.09    12    7
(relay)    32    14    7435.51    7    7434.34    2    1
(advertise)    29    7435.71    14    7
(relay)    32    1    7505.52    8    7504    125    1
(advertise)    29    7505.72    1    8
(relay)    32    21    7535.73    7    7534.86    4    1
(advertise)    29    7535.93    21    7
(relay)    28    38    7559.95    7    7541.07    4    1
(advertise)    29    7560.55    38    7
(relay)    35    35    7579.96    7    7578.87    4    1
(advertise)    29    7581.56    35    7
(relay)    32    24    7605.97    7    7569.03    2    1
(advertise)    29    7606.37    24    7
(relay)    27    11    7629.78    7    7602.95    3    1
(advertise)    29    7629.98    11    7
(relay)    5    5    7640.4    7    7639.9    4    1
(advertise)    29    7652.2    5    7
(relay)    27    26    7675.61    7    7641.08    3    1
(advertise)    29    7676.21    26    7
(relay)    27    18    7697.82    7    7643.96    3    1
(advertise)    29    7698.22    18    7
(relay)    35    40    7721.24    7    7706.75    4    1
(advertise)    29    7722.04    40    7
(relay)    27    44    7767.25    7    7724.92    3    1
(advertise)    29    7767.45    44    7
(relay)    27    4    7789.46    7    7767.94    3    1
(advertise)    29    7789.86    4    7
(generate)    29    7791.08    [31]    7
(relay)    27    48    7838.09    7    7833.44    4    1
(advertise)    29    7838.29    48    7
(relay)    27    22    7860.7    7    7851.15    4    1
(advertise)    29    7862.1    22    7
(relay)    27    16    7882.51    7    7840.27    3    1
(advertise)    29    7883.11    16    7
(relay)    27    27    7898.73    7    7898.18    3    1
(advertise)    29    7904.13    27    7
(relay)    32    33    7940.14    7    7937.89    4    1
(advertise)    29    7940.34    33    7
(relay)    28    39    7963.15    7    7941.73    4    1
(advertise)    29    7964.55    39    7
(relay)    36    36    7968.17    7    7968.05    4    1
(relay)    37    37    7985.37    7    7984.87    4    2
(relay)    27    23    7988.37    7    7986.94    3    3
(advertise)    29    7989.37    36    7
(advertise)    29    8012.18    37    7
(advertise)    29    8033.39    23    7
(relay)    27    10    8037.21    8    8034.48    2    1
(advertise)    29    8054.41    10    8
(relay)    27    8    8093.02    8    8091.67    3    1
(advertise)    29    8093.22    8    8
(relay)    32    32    8158.03    8    8158.02    4    1
(advertise)    29    8158.23    32    8
(relay)    27    42    8231.64    8    8230.05    3    1
(advertise)    29    8231.84    42    8
(relay)    30    30    8313.06    8    8312.95    4    1
(advertise)    29    8313.26    30    8
(relay)    32    20    8340.67    8    8339.1    2    1
(advertise)    29    8340.87    20    8
(relay)    27    12    8374.48    8    8371.08    4    1
(advertise)    29    8374.68    12    8
(heartbeat)    31    2    8381.21    29    8382.3    1    1
(advertise)    29    8395.7    31    2
(relay)    32    21    8535.91    8    8535.0    4    1
(advertise)    29    8536.11    21    8
(relay)    35    38    8558.52    8    8541.23    4    1
(advertise)    29    8559.92    38    8
(relay)    37    35    8580.54    8    8579.0    3    1
(advertise)    29    8583.54    35    8
(relay)    32    24    8584.75    8    8569.15    2    1
(relay)    27    11    8605.55    8    8603.08    1    2
(advertise)    29    8607.55    24    8
(relay)    27    19    8628.36    8    8606.06    3    1
(advertise)    29    8630.96    19    8
(relay)    5    5    8640.97    8    8640.04    4    1
(relay)    27    26    8650.77    8    8641.22    2    2
(advertise)    29    8653.17    5    8
(relay)    27    18    8672.39    8    8644.26    2    2
(advertise)    29    8675.39    26    8
(advertise)    29    8697.8    18    8
(relay)    37    40    8708.01    8    8706.92    4    1
(relay)    27    0    8716.61    8    8677.71    3    2
(advertise)    29    8719.01    40    8
(advertise)    29    8742.43    0    8
(relay)    32    44    8762.24    8    8725.01    2    1
(advertise)    29    8765.24    44    8
(relay)    32    4    8783.45    8    8768.02    2    1
(advertise)    29    8786.45    4    8
(generate)    29    8791.27    [31]    8
(relay)    27    48    8837.68    8    8833.53    3    1
(advertise)    29    8837.88    48    8
(relay)    27    22    8858.29    8    8851.32    3    1
(advertise)    29    8861.09    22    8
(relay)    28    28    8863.7    8    8863.51    4    1
(relay)    27    16    8881.3    8    8840.37    3    2
(advertise)    29    8885.3    28    8
(relay)    27    27    8898.92    8    8898.37    3    2
(advertise)    29    8906.52    16    8
(advertise)    29    8927.93    27    8
(relay)    27    33    8950.74    8    8938.02    3    1
(advertise)    29    8951.14    33    8
(relay)    36    36    8968.36    8    8968.17    4    1
(advertise)    29    8972.96    36    8
(relay)    37    37    8985.57    8    8984.99    4    1
(advertise)    29    8995.17    37    8
(relay)    27    10    9035.98    9    9034.66    2    1
(advertise)    29    9036.18    10    9
(relay)    35    6    9087.4    9    9085.08    3    1
(advertise)    29    9087.6    6    9
(relay)    32    8    9110.41    9    9091.83    2    1
(advertise)    29    9112.61    8    9
(relay)    32    32    9158.62    9    9158.02    4    1
(advertise)    29    9158.82    32    9
(relay)    32    42    9231.63    9    9230.14    2    1
(advertise)    29    9231.83    42    9
(relay)    30    30    9313.05    9    9313.02    4    1
(advertise)    29    9313.25    30    9
(relay)    27    20    9340.46    9    9339.27    3    1
(advertise)    29    9340.66    20    9
(relay)    27    12    9375.47    9    9371.17    3    1
(advertise)    29    9375.67    12    9
(relay)    32    14    9436.69    9    9434.61    1    1
(relay)    27    1    9504.69    10    9504    125    1
(advertise)    29    9504.89    1    10
(relay)    32    21    9536.5    9    9535.15    4    1
(advertise)    29    9536.7    21    9
(relay)    28    38    9559.51    9    9541.37    4    1
(advertise)    29    9560.31    38    9
(relay)    35    35    9579.13    9    9579.08    4    1
(advertise)    29    9581.53    35    9
(relay)    32    24    9608.54    9    9569.28    1    1
(relay)    27    19    9629.94    9    9606.19    2    1
(advertise)    29    9630.14    19    9
(relay)    5    5    9641.15    9    9640.11    4    1
(advertise)    29    9651.75    5    9
(relay)    27    18    9653.17    9    9644.39    2    1
(advertise)    29    9673.17    18    9
(relay)    27    26    9674.58    9    9641.36    2    1
(relay)    32    0    9678.58    9    9677.91    4    2
(advertise)    29    9694.38    26    9
(relay)    28    40    9708.99    9    9707.09    3    2
(advertise)    29    9715.59    0    9
(advertise)    29    9737.0    40    9
(relay)    27    44    9760.42    9    9725.07    3    1
(advertise)    29    9761.22    44    9
(relay)    27    2    9782.63    10    9742    118    1
(advertise)    29    9783.43    2    10
(generate)    29    9791.44    [31]    9
(relay)    27    4    9804.46    9    9768.1    2    1
(advertise)    29    9804.66    4    9
(relay)    32    48    9851.07    9    9833.63    2    1
(advertise)    29    9851.27    48    9
(relay)    28    28    9863.68    9    9863.61    4    1
(relay)    27    22    9873.48    9    9852.31    3    2
(advertise)    29    9874.48    28    9
(relay)    27    16    9895.7    9    9840.51    3    2
(advertise)    29    9896.9    22    9
(advertise)    29    9919.51    16    9
(relay)    28    39    9942.52    9    9942.05    4    1
(relay)    32    27    9942.92    9    9898.56    2    2
(advertise)    29    9943.12    39    9
(advertise)    29    9964.53    27    9
(relay)    32    33    9965.75    9    9938.13    4    1
(relay)    36    36    9968.75    9    9968.24    4    2
(relay)    37    37    9985.55    9    9985.07    4    3
(advertise)    29    9986.55    33    9
(advertise)    29    10008.96    36    9
(relay)    32    23    10012.77    9    9987.28    3    2
(advertise)    29    10031.77    37    9
(relay)    27    10    10035.39    10    10034.85    2    2
(advertise)    29    10054.19    23    9
(advertise)    29    10076.4    10    10
(relay)    5    6    10087.41    10    10085.24    4    1
(relay)    27    8    10094.21    10    10092.03    3    2
(advertise)    29    10097.41    6    10
(advertise)    29    10119.63    8    10
(relay)    32    32    10158.64    10    10158.04    4    1
(advertise)    29    10158.84    32    10
(relay)    27    42    10231.45    10    10230.23    3    1
(advertise)    29    10231.65    42    10
(relay)    30    30    10313.26    10    10313.14    4    1
(advertise)    29    10313.46    30    10
(relay)    27    20    10341.28    10    10339.39    3    1
(advertise)    29    10341.48    20    10
(relay)    27    12    10376.89    10    10371.31    2    1
(advertise)    29    10377.09    12    10
(relay)    27    1    10505.1    11    10504    125    1
(advertise)    29    10505.3    1    11
(relay)    32    21    10536.92    10    10535.24    4    1
(advertise)    29    10537.12    21    10
(relay)    30    38    10560.13    10    10541.4    4    1
(advertise)    29    10560.53    38    10
(relay)    35    35    10579.34    10    10579.2    4    1
(advertise)    29    10583.74    35    10
(relay)    27    24    10607.36    10    10569.44    3    1
(advertise)    29    10607.76    24    10
(relay)    27    11    10630.57    10    10603.31    1    1
(relay)    5    5    10641.17    10    10640.24    4    1
(advertise)    29    10641.37    5    10
(relay)    32    19    10663.58    10    10606.33    2    1
(advertise)    29    10665.38    19    10
(relay)    32    0    10685.19    10    10678.0    4    1
(advertise)    29    10688.59    0    10
(relay)    27    26    10696.01    10    10641.51    2    1
(relay)    35    40    10710.81    10    10707.11    4    2
(advertise)    29    10712.81    26    10
(relay)    27    18    10718.02    10    10644.53    2    2
(advertise)    29    10734.82    40    10
(advertise)    29    10756.43    18    10
(relay)    27    44    10781.65    10    10725.2    3    1
(advertise)    29    10781.85    44    10
(generate)    29    10791.46    [31]    10
(relay)    27    2    10803.47    11    10742    119    1
(advertise)    29    10805.27    2    11
(relay)    32    4    10846.09    10    10768.22    2    1
(advertise)    29    10846.29    4    10
(relay)    28    28    10863.9    10    10863.74    4    1
(advertise)    29    10868.5    28    10
(relay)    27    22    10870.71    10    10852.34    3    1
(advertise)    29    10891.51    22    10
(relay)    27    27    10899.52    10    10898.59    3    1
(advertise)    29    10914.52    27    10
(relay)    27    16    10915.94    10    10840.63    3    1
(advertise)    29    10936.54    16    10
(relay)    32    33    10956.55    10    10938.28    4    1
(advertise)    29    10959.75    33    10
(relay)    36    39    10961.16    10    10942.07    4    1
(relay)    36    36    10968.96    10    10968.38    4    2
(advertise)    29    10983.16    39    10
(relay)    37    37    10986.58    10    10985.6    4    2
(advertise)    29    11004.58    36    10
(advertise)    29    11027.79    37    10
(relay)    27    10    11073.4    11    11034.89    2    1
(advertise)    29    11073.6    10    11
(relay)    35    6    11087.82    11    11085.26    3    1
(relay)    32    8    11095.62    11    11092.08    2    2
(advertise)    29    11096.82    6    11
(advertise)    29    11118.23    8    11
(relay)    32    32    11158.64    11    11158.04    4    1
(advertise)    29    11158.84    32    11
(relay)    27    42    11232.85    11    11230.35    3    1
(advertise)    29    11233.05    42    11
(relay)    30    30    11313.27    11    11313.26    4    1
(advertise)    29    11313.47    30    11
(relay)    27    20    11341.68    11    11339.54    3    1
(advertise)    29    11341.88    20    11
(relay)    27    12    11374.49    11    11371.46    2    1
(advertise)    29    11374.69    12    11
(relay)    27    14    11439.11    11    11434.9    2    1
(advertise)    29    11439.31    14    11
(relay)    32    1    11505.12    12    11504    125    1
(advertise)    29    11505.32    1    12
(relay)    32    21    11537.13    11    11535.41    4    1
(advertise)    29    11537.33    21    11
(relay)    37    38    11559.15    11    11541.58    4    1
(advertise)    29    11559.95    38    11
(relay)    35    35    11579.36    11    11579.31    4    1
(advertise)    29    11581.56    35    11
(relay)    27    24    11604.97    11    11569.62    3    1
(advertise)    29    11605.77    24    11
(relay)    27    19    11630.38    11    11606.48    3    1
(advertise)    29    11631.18    19    11
(relay)    5    5    11641.4    11    11640.36    4    1
(advertise)    29    11653.8    5    11
(relay)    27    18    11677.41    11    11644.66    1    1
(relay)    32    0    11697.41    11    11678.16    4    1
(advertise)    29    11697.61    0    11
(relay)    32    26    11719.22    11    11641.67    1    1
(relay)    28    40    11721.02    11    11707.29    3    1
(advertise)    29    11721.22    40    11
(relay)    32    44    11761.84    11    11725.32    2    1
(advertise)    29    11762.04    44    11
(relay)    32    4    11783.65    11    11768.33    2    1
(advertise)    29    11784.65    4    11
(generate)    29    11791.46    [31]    11
(relay)    27    48    11836.28    11    11833.83    2    1
(advertise)    29    11836.48    48    11
(relay)    27    22    11858.69    11    11852.35    3    1
(advertise)    29    11858.89    22    11
(relay)    28    28    11864.5    11    11863.85    4    1
(advertise)    29    11880.5    28    11
(relay)    27    27    11899.51    11    11898.61    3    1
(advertise)    29    11902.71    27    11
(relay)    32    16    11906.73    11    11840.76    2    1
(advertise)    29    11923.73    16    11
(relay)    32    33    11950.14    11    11938.42    4    1
(advertise)    29    11950.74    33    11
(relay)    36    36    11968.95    11    11968.48    4    1
(advertise)    29    11972.95    36    11
(relay)    37    37    11986.77    11    11985.69    4    1
(relay)    27    23    11996.17    11    11987.49    3    2
(advertise)    29    11996.57    37    11
(advertise)    29    12018.58    23    11
(relay)    27    10    12039.19    12    12034.91    2    1
(advertise)    29    12041.19    10    12
(relay)    27    8    12094.21    12    12092.1    3    1
(advertise)    29    12094.41    8    12
(relay)    32    32    12159.02    12    12158.04    4    1
(advertise)    29    12159.22    32    12
(relay)    27    42    12233.43    12    12230.46    3    1
(advertise)    29    12233.63    42    12
(relay)    30    30    12313.84    12    12313.37    4    1
(advertise)    29    12314.04    30    12
(relay)    27    12    12373.46    12    12371.62    3    1
(advertise)    29    12373.66    12    12
(heartbeat)    31    3    12381.23    29    12381.27    1    1
(advertise)    29    12394.87    31    3
(relay)    27    14    12439.28    12    12435.03    2    1
(advertise)    29    12439.48    14    12
(relay)    27    1    12506.1    13    12504    125    1
(advertise)    29    12506.3    1    13
(relay)    32    21    12537.71    12    12535.55    4    1
(advertise)    29    12537.91    21    12
(relay)    30    38    12560.12    12    12541.77    4    1
(advertise)    29    12560.32    38    12
(relay)    35    35    12579.94    12    12579.42    4    1
(advertise)    29    12581.54    35    12
(relay)    27    24    12584.55    12    12569.77    1    1
(relay)    27    11    12629.55    12    12603.59    1    1
(relay)    32    19    12632.55    12    12606.63    1    1
(relay)    5    5    12640.55    12    12640.45    4    1
(advertise)    29    12640.75    5    12
(relay)    32    18    12677.96    12    12644.8    2    1
(advertise)    29    12678.16    18    12
(relay)    32    26    12700.57    12    12641.85    1    1
(relay)    35    40    12709.17    12    12707.46    4    1
(advertise)    29    12709.37    40    12
(relay)    32    0    12743.59    12    12678.31    3    1
(advertise)    29    12743.79    0    12
(relay)    32    44    12766.2    12    12725.46    1    1
(relay)    32    4    12789.6    12    12768.47    2    1
(advertise)    29    12789.8    4    12
(generate)    29    12791.61    [31]    12
(relay)    32    48    12837.43    12    12833.92    2    1
(advertise)    29    12837.63    48    12
(relay)    32    22    12860.04    12    12852.37    2    1
(advertise)    29    12860.44    22    12
(relay)    28    28    12864.45    12    12863.94    4    1
(relay)    32    16    12882.05    12    12840.87    2    2
(advertise)    29    12882.85    28    12
(relay)    27    27    12899.67    12    12898.63    3    2
(advertise)    29    12904.87    16    12
(advertise)    29    12927.28    27    12
(relay)    27    33    12947.89    12    12938.58    3    1
(advertise)    29    12949.29    33    12
(relay)    36    36    12969.5    12    12968.55    4    1
(advertise)    29    12972.1    36    12
(relay)    37    37    12986.72    12    12985.78    4    1
(advertise)    29    12994.32    37    12
(relay)    32    23    12996.13    12    12987.49    3    1
(advertise)    29    13016.53    23    12
(relay)    27    10    13036.14    13    13035.1    2    1
(advertise)    29    13038.74    10    13
(relay)    5    6    13087.16    13    13085.6    3    1
(advertise)    29    13087.36    6    13
(relay)    27    8    13110.57    13    13092.11    3    1
(advertise)    29    13111.37    8    13
(relay)    32    32    13158.98    13    13158.06    4    1
(advertise)    29    13159.18    32    13
(relay)    32    42    13235.0    13    13230.6    2    1
(advertise)    29    13235.2    42    13
(relay)    30    30    13314.01    13    13313.44    4    1
(advertise)    29    13314.21    30    13
(relay)    32    20    13343.82    13    13339.86    2    1
(advertise)    29    13344.02    20    13
(relay)    27    12    13372.63    13    13371.75    3    1
(advertise)    29    13372.83    12    13
(relay)    32    21    13537.05    13    13535.69    4    1
(advertise)    29    13537.25    21    13
(relay)    35    38    13559.46    13    13541.94    4    1
(advertise)    29    13560.06    38    13
(relay)    35    35    13580.07    13    13579.45    4    1
(advertise)    29    13582.27    35    13
(relay)    27    24    13583.89    13    13569.92    2    1
(advertise)    29    13604.49    24    13
(relay)    27    19    13630.5    13    13606.73    2    1
(advertise)    29    13631.1    19    13
(relay)    5    5    13640.51    13    13640.48    4    1
(relay)    27    26    13652.91    13    13641.96    2    2
(advertise)    29    13653.51    5    13
(advertise)    29    13675.53    26    13
(relay)    27    18    13676.74    13    13644.88    2    1
(relay)    32    0    13679.94    13    13678.47    4    2
(advertise)    29    13697.74    18    13
(relay)    28    40    13710.95    13    13707.63    3    2
(advertise)    29    13719.95    0    13
(advertise)    29    13741.36    40    13
(relay)    32    44    13763.38    13    13725.55    1    1
(relay)    27    4    13787.38    13    13768.56    3    1
(advertise)    29    13787.58    4    13
(generate)    29    13791.79    [31]    13
(relay)    27    48    13835.4    13    13834.01    2    1
(advertise)    29    13835.6    48    13
(relay)    27    22    13858.42    13    13852.51    3    1
(advertise)    29    13858.62    22    13
(relay)    28    28    13864.63    13    13864.0    4    1
(advertise)    29    13879.63    28    13
(relay)    27    27    13898.84    13    13898.8    3    1
(advertise)    29    13900.84    27    13
(relay)    35    39    13943.66    13    13942.58    4    1
(advertise)    29    13943.86    39    13
(relay)    32    33    13945.67    13    13938.64    4    1
(advertise)    29    13965.07    33    13
(relay)    36    36    13969.68    13    13968.64    4    1
(advertise)    29    13986.08    36    13
(relay)    36    37    13989.49    13    13985.85    3    1
(advertise)    29    14007.89    37    13
(relay)    27    23    14009.11    13    13987.63    2    1
(advertise)    29    14029.71    23    13
(relay)    27    10    14056.92    14    14035.25    2    1
(advertise)    29    14057.32    10    14
(relay)    27    8    14092.53    14    14092.25    3    1
(advertise)    29    14092.73    8    14
(relay)    32    32    14159.15    14    14158.21    4    1
(advertise)    29    14159.35    32    14
(relay)    27    42    14235.56    14    14230.68    3    1
(advertise)    29    14235.76    42    14
(relay)    30    30    14313.97    14    14313.51    4    1
(advertise)    29    14314.17    30    14
(relay)    27    20    14343.79    14    14340.0    3    1
(advertise)    29    14343.99    20    14
(relay)    27    14    14437.4    14    14435.28    2    1
(advertise)    29    14437.8    14    14
(relay)    32    1    14506.41    15    14504    125    1
(advertise)    29    14506.61    1    15
(relay)    32    21    14537.22    14    14535.79    4    1
(advertise)    29    14537.42    21    14
(relay)    5    38    14559.84    14    14542.12    4    1
(advertise)    29    14560.04    38    14
(relay)    35    35    14580.05    14    14579.54    4    1
(advertise)    29    14581.25    35    14
(relay)    27    24    14606.06    14    14570.07    2    1
(advertise)    29    14606.26    24    14
(relay)    27    19    14628.88    14    14606.89    2    1
(advertise)    29    14629.48    19    14
(relay)    5    5    14640.69    14    14640.57    4    1
(relay)    27    11    14651.09    14    14603.83    1    2
(advertise)    29    14651.69    5    14
(relay)    32    18    14653.7    14    14644.96    2    1
(relay)    27    26    14672.3    14    14642.11    2    2
(advertise)    29    14674.7    18    14
(advertise)    29    14696.32    26    14
(relay)    32    0    14697.53    14    14678.62    4    1
(relay)    5    40    14708.13    14    14707.64    4    2
(advertise)    29    14718.73    0    14
(advertise)    29    14740.54    40    14
(relay)    27    44    14784.55    14    14725.64    2    1
(advertise)    29    14784.75    44    14
(generate)    29    14791.97    [31]    14
(relay)    27    2    14805.18    15    14742    119    1
(advertise)    29    14806.38    2    15
(relay)    27    4    14851.19    14    14768.67    3    1
(advertise)    29    14851.39    4    14
(relay)    28    28    14865.01    14    14864.08    4    1
(advertise)    29    14872.61    28    14
(relay)    32    22    14875.62    14    14852.68    2    1
(advertise)    29    14895.62    22    14
(relay)    27    27    14898.83    14    14898.8    3    1
(advertise)    29    14917.03    27    14
(relay)    32    33    14940.05    14    14938.77    4    1
(advertise)    29    14941.65    33    14
(relay)    32    16    14962.46    14    14841.08    1    1
(relay)    28    39    14965.46    14    14942.59    3    1
(advertise)    29    14966.46    39    14
(relay)    36    36    14969.67    14    14968.72    4    1
(relay)    37    37    14986.07    14    14985.94    4    2
(advertise)    29    14988.67    36    14
(relay)    32    23    15005.08    14    14987.81    3    2
(advertise)    29    15012.08    37    14
(advertise)    29    15033.3    23    14
(relay)    27    10    15055.91    15    15035.41    2    1
(advertise)    29    15056.31    10    15
(relay)    28    6    15086.32    15    15085.96    4    1
(advertise)    29    15086.52    6    15
(relay)    27    8    15111.14    15    15092.44    3    1
(advertise)    29    15111.54    8    15
(relay)    32    32    15158.55    15    15158.4    4    1
(advertise)    29    15158.75    32    15
(relay)    27    42    15236.16    15    15230.8    3    1
(advertise)    29    15236.36    42    15
(relay)    30    30    15314.58    15    15313.61    4    1
(advertise)    29    15314.78    30    15
(relay)    27    20    15341.99    15    15340.15    3    1
(advertise)    29    15342.19    20    15
(relay)    27    12    15373.6    15    15372.03    3    1
(advertise)    29    15373.8    12    15
(relay)    27    14    15437.21    15    15435.44    2    1
(advertise)    29    15437.41    14    15
(relay)    32    1    15506.43    16    15504    125    1
(advertise)    29    15506.63    1    16
(relay)    32    21    15537.24    15    15535.93    4    1
(advertise)    29    15537.44    21    15
(relay)    37    38    15559.25    15    15542.31    4    1
(advertise)    29    15559.45    38    15
(relay)    35    35    15580.67    15    15579.65    4    1
(advertise)    29    15581.87    35    15
(relay)    32    24    15605.88    15    15570.21    1    1
(relay)    27    11    15627.68    15    15603.99    1    1
(relay)    5    5    15641.28    15    15640.68    4    1
(advertise)    29    15641.48    5    15
(relay)    32    18    15666.49    15    15645.07    2    1
(advertise)    29    15666.89    18    15
(relay)    27    26    15673.51    15    15642.28    2    1
(advertise)    29    15687.91    26    15
(relay)    5    40    15708.12    15    15707.81    4    1
(relay)    32    0    15708.92    15    15678.75    4    2
(advertise)    29    15709.32    40    15
(relay)    27    19    15717.13    15    15607.06    1    2
(advertise)    29    15730.93    0    15
(relay)    32    44    15778.94    15    15725.78    1    1
(generate)    29    15792.14    [31]    15
(relay)    27    2    15807.36    16    15742    118    1
(advertise)    29    15807.56    2    16
(relay)    32    4    15847.37    15    15768.8    2    1
(advertise)    29    15847.57    4    15
(relay)    28    28    15865.18    15    15864.18    4    1
(relay)    32    48    15869.18    15    15834.22    2    2
(advertise)    29    15869.78    28    15
(advertise)    29    15893.4    48    15
(relay)    27    27    15899.01    15    15898.83    3    1
(relay)    27    16    15900.21    15    15841.19    3    2
(relay)    32    22    15913.41    15    15852.86    2    3
(advertise)    29    15914.81    27    15
(advertise)    29    15937.62    16    15
(advertise)    29    15959.84    22    15
(relay)    30    39    15961.45    15    15942.78    4    1
(relay)    36    36    15968.85    15    15968.82    4    2
(relay)    27    33    15974.05    15    15938.95    3    3
(advertise)    29    15983.05    39    15
(relay)    37    37    15986.06    15    15986.05    4    3
(advertise)    29    16004.66    36    15
(relay)    27    23    16017.87    15    15988.2    3    3
(advertise)    29    16026.87    33    15
(advertise)    29    16049.49    37    15
(relay)    27    10    16060.7    16    16035.43    2    2
(advertise)    29    16071.5    23    15
(advertise)    29    16093.51    10    16
(relay)    35    6    16094.93    16    16086.13    3    1
(relay)    27    8    16103.33    16    16092.6    3    2
(advertise)    29    16115.73    6    16
(advertise)    29    16137.94    8    16
(relay)    32    32    16158.55    16    16158.42    4    1
(advertise)    29    16160.55    32    16
(relay)    27    42    16236.77    16    16230.91    3    1
(advertise)    29    16236.97    42    16
(relay)    30    30    16314.78    16    16313.73    4    1
(advertise)    29    16314.98    30    16
(relay)    27    20    16341.39    16    16340.31    3    1
(advertise)    29    16341.59    20    16
(relay)    32    12    16374.4    16    16372.17    2    1
(advertise)    29    16374.6    12    16
(heartbeat)    31    4    16381.24    29    16381.82    1    1
(advertise)    29    16396.22    31    4
(relay)    27    14    16438.03    16    16435.59    1    1
(relay)    32    21    16536.43    16    16536.12    4    1
(advertise)    29    16536.63    21    16
(relay)    35    38    16558.64    16    16542.5    4    1
(advertise)    29    16559.24    38    16
(relay)    35    35    16580.86    16    16579.75    4    1
(advertise)    29    16581.86    35    16
(relay)    27    24    16605.47    16    16570.38    2    1
(advertise)    29    16605.67    24    16
(relay)    27    11    16626.68    16    16604.12    1    1
(relay)    5    5    16641.28    16    16640.78    4    1
(advertise)    29    16641.48    5    16
(relay)    27    19    16671.3    16    16607.19    1    1
(relay)    32    18    16673.7    16    16645.21    2    1
(advertise)    29    16673.9    18    16
(relay)    27    26    16692.51    16    16642.43    2    1
(relay)    32    0    16694.91    16    16678.94    4    2
(advertise)    29    16695.31    26    16
(advertise)    29    16717.32    0    16
(relay)    27    44    16765.13    16    16725.89    2    1
(advertise)    29    16765.33    44    16
(relay)    27    4    16786.35    16    16768.88    2    1
(advertise)    29    16786.55    4    16
(generate)    29    16792.16    [31]    16
(relay)    27    48    16837.17    16    16834.32    3    1
(advertise)    29    16837.37    48    16
(relay)    27    22    16859.39    16    16852.88    3    1
(advertise)    29    16859.59    22    16
(relay)    28    28    16865.2    16    16864.28    4    1
(relay)    27    16    16880.6    16    16841.3    3    2
(advertise)    29    16881.8    28    16
(relay)    27    27    16899.01    16    16898.9    3    2
(advertise)    29    16905.21    16    16
(advertise)    29    16926.23    27    16
(relay)    30    39    16949.04    16    16942.97    4    1
(advertise)    29    16950.04    39    16
(relay)    36    36    16969.05    16    16968.93    4    1
(advertise)    29    16972.65    36    16
(relay)    37    37    16986.26    16    16986.16    4    1
(relay)    32    23    16993.06    16    16988.24    3    2
(advertise)    29    16994.66    37    16
(advertise)    29    17015.68    23    16
(relay)    27    10    17041.89    17    17035.62    2    1
(advertise)    29    17042.69    10    17
(relay)    5    6    17087.5    17    17086.29    4    1
(advertise)    29    17087.7    6    17
(relay)    27    8    17111.12    17    17092.77    3    1
(advertise)    29    17111.32    8    17
(relay)    32    32    17158.73    17    17158.59    4    1
(advertise)    29    17158.93    32    17
(relay)    27    42    17233.34    17    17231.01    2    1
(advertise)    29    17233.54    42    17
(relay)    30    30    17314.76    17    17313.81    4    1
(advertise)    29    17314.96    30    17
(relay)    32    20    17341.77    17    17340.46    2    1
(advertise)    29    17342.37    20    17
(relay)    27    12    17376.58    17    17372.29    1    1
(relay)    32    1    17505.78    18    17504    125    1
(advertise)    29    17505.98    1    18
(relay)    32    21    17536.99    17    17536.21    4    1
(advertise)    29    17537.19    21    17
(relay)    28    38    17559.01    17    17542.67    4    1
(advertise)    29    17561.21    38    17
(relay)    35    35    17580.82    17    17579.82    4    1
(advertise)    29    17584.22    35    17
(relay)    27    24    17586.23    17    17570.5    2    1
(advertise)    29    17606.03    24    17
(relay)    27    19    17631.45    17    17607.31    2    1
(advertise)    29    17632.65    19    17
(relay)    5    5    17641.46    17    17640.85    4    1
(relay)    32    18    17654.46    17    17645.31    2    2
(advertise)    29    17654.86    5    17
(advertise)    29    17676.07    18    17
(relay)    27    26    17677.89    17    17642.58    2    1
(advertise)    29    17698.89    26    17
(relay)    32    0    17718.5    17    17679.04    4    1
(advertise)    29    17720.9    0    17
(relay)    27    4    17771.71    17    17768.99    2    1
(advertise)    29    17771.91    4    17
(generate)    29    17792.32    [31]    17
(relay)    27    48    17837.74    17    17834.39    3    1
(advertise)    29    17837.94    48    17
(relay)    27    22    17859.55    17    17853.04    3    1
(advertise)    29    17860.35    22    17
(relay)    28    28    17864.36    17    17864.34    4    1
(relay)    27    16    17881.56    17    17841.4    3    2
(advertise)    29    17882.36    28    17
(relay)    27    27    17899.58    17    17899.06    3    2
(advertise)    29    17905.18    16    17
(advertise)    29    17927.39    27    17
(relay)    36    39    17950.2    17    17943.12    4    1
(advertise)    29    17950.8    39    17
(relay)    36    36    17969.02    17    17969.01    4    1
(advertise)    29    17972.42    36    17
(relay)    37    37    17986.83    17    17986.23    4    1
(advertise)    29    17994.63    37    17
(relay)    32    23    17996.44    17    17988.42    3    1
(advertise)    29    18015.84    23    17
(relay)    32    10    18041.45    18    18035.78    1    1
(relay)    37    6    18087.25    18    18086.46    4    1
(advertise)    29    18087.45    6    18
(relay)    27    8    18110.27    18    18092.91    3    1
(advertise)    29    18110.47    8    18
(relay)    32    32    18158.88    18    18158.76    4    1
(advertise)    29    18159.08    32    18
(relay)    27    42    18232.89    18    18231.12    1    1
(relay)    30    30    18313.89    18    18313.88    4    1
(advertise)    29    18314.09    30    18
(relay)    27    20    18342.11    18    18340.56    3    1
(advertise)    29    18342.31    20    18
(relay)    27    12    18375.72    18    18372.42    3    1
(advertise)    29    18375.92    12    18
(relay)    27    14    18437.53    18    18435.87    1    1
(relay)    32    21    18537.13    18    18536.34    4    1
(advertise)    29    18537.33    21    18
(relay)    35    38    18559.75    18    18542.85    4    1
(advertise)    29    18559.95    38    18
(relay)    36    35    18582.36    18    18579.91    3    1
(advertise)    29    18582.56    35    18
(relay)    27    24    18608.37    18    18570.66    2    1
(advertise)    29    18608.57    24    18
(relay)    27    19    18630.38    18    18607.47    1    1
(relay)    5    5    18642.18    18    18641.14    4    1
(advertise)    29    18642.38    5    18
(relay)    27    26    18674.2    18    18642.72    2    1
(advertise)    29    18674.4    26    18
(relay)    32    0    18695.41    18    18679.2    4    1
(advertise)    29    18696.41    0    18
(relay)    27    18    18698.02    18    18645.4    2    1
(advertise)    29    18717.42    18    18
(relay)    36    40    18719.44    18    18708.38    4    1
(advertise)    29    18739.04    40    18
(relay)    32    44    18766.05    18    18726.08    1    1
(relay)    32    2    18788.65    19    18742    117    1
(advertise)    29    18788.85    2    19
(generate)    29    18792.46    [31]    18
(relay)    32    4    18833.68    18    18769.11    1    1
(relay)    27    48    18855.28    18    18834.49    2    1
(advertise)    29    18855.48    48    18
(relay)    28    28    18864.49    18    18864.41    4    1
(relay)    27    22    18876.29    18    18853.19    3    2
(advertise)    29    18877.49    28    18
(relay)    27    27    18899.7    18    18899.07    3    2
(advertise)    29    18900.7    22    18
(advertise)    29    18922.71    27    18
(relay)    27    16    18925.33    18    18841.53    3    1
(relay)    32    33    18944.53    18    18939.37    4    2
(relay)    36    39    18944.93    18    18943.3    4    3
(advertise)    29    18946.13    16    18
(advertise)    29    18968.34    33    18
(relay)    37    37    18986.95    18    18986.31    4    2
(relay)    32    23    18989.35    18    18988.61    3    3
(advertise)    29    18991.55    39    18
(relay)    28    36    18992.77    18    18969.09    3    3
(advertise)    29    19014.97    37    18
(advertise)    29    19036.58    23    18
(relay)    27    10    19055.59    19    19035.79    2    2
(advertise)    29    19058.59    36    18
(advertise)    29    19080.21    10    19
(relay)    30    6    19088.22    19    19086.64    4    1
(relay)    32    8    19100.82    19    19093.1    2    2
(advertise)    29    19101.42    6    19
(advertise)    29    19124.63    8    19
(relay)    32    32    19159.44    19    19158.91    4    1
(advertise)    29    19159.64    32    19
(relay)    27    42    19233.66    19    19231.22    1    1
(relay)    30    30    19314.06    19    19313.97    4    1
(advertise)    29    19314.26    30    19
(relay)    27    20    19342.27    19    19340.69    3    1
(advertise)    29    19342.47    20    19
(relay)    27    12    19376.68    19    19372.54    3    1
(advertise)    29    19376.88    12    19
(relay)    32    14    19438.3    19    19436.03    1    1
(relay)    27    1    19504.7    20    19504    125    1
(advertise)    29    19504.9    1    20
(relay)    32    21    19537.71    19    19536.48    4    1
(advertise)    29    19537.91    21    19
(relay)    36    38    19560.72    19    19542.86    4    1
(advertise)    29    19560.92    38    19
(relay)    35    35    19580.14    19    19580.01    4    1
(advertise)    29    19582.74    35    19
(relay)    27    24    19609.15    19    19570.84    2    1
(advertise)    29    19609.55    24    19
(relay)    27    19    19631.76    19    19607.62    2    1
(advertise)    29    19632.16    19    19
(relay)    5    5    19642.17    19    19641.24    4    1
(advertise)    29    19653.97    5    19
(relay)    32    26    19656.19    19    19642.89    1    1
(relay)    27    18    19697.39    19    19645.51    2    1
(advertise)    29    19697.59    18    19
(relay)    37    40    19709.6    19    19708.58    4    1
(advertise)    29    19719.2    40    19
(relay)    27    44    19745.81    19    19726.18    2    1
(advertise)    29    19746.21    44    19
(relay)    27    2    19767.43    20    19742    119    1
(advertise)    29    19768.03    2    20
(relay)    27    4    19788.84    19    19769.2    2    1
(advertise)    29    19789.04    4    19
(generate)    29    19792.65    [31]    19
(relay)    27    48    19839.27    19    19834.59    3    1
(advertise)    29    19839.47    48    19
(relay)    27    22    19859.88    19    19853.21    3    1
(advertise)    29    19861.68    22    19
(relay)    28    28    19864.69    19    19864.51    4    1
(relay)    27    16    19882.49    19    19841.63    3    2
(advertise)    29    19883.69    28    19
(relay)    27    27    19899.7    19    19899.11    3    2
(advertise)    29    19906.3    16    19
(advertise)    29    19930.92    27    19
(relay)    5    39    19943.93    19    19943.5    4    1
(relay)    27    33    19949.53    19    19939.47    3    2
(advertise)    29    19953.93    39    19
(relay)    36    36    19969.74    19    19969.19    4    2
(advertise)    29    19975.14    33    19
(relay)    37    37    19986.96    19    19986.42    4    2
(relay)    27    23    19993.56    19    19988.63    3    3
(advertise)    29    19997.36    36    19
(advertise)    29    20018.97    37    19
(advertise)    29    20039.98    23    19
(relay)    27    10    20062.0    20    20035.8    1    1
(relay)    5    6    20089.0    20    20086.82    4    1
(advertise)    29    20089.2    6    20
(relay)    32    8    20113.41    20    20093.13    2    1
(advertise)    29    20113.81    8    20
(relay)    32    32    20159.42    20    20158.91    4    1
(advertise)    29    20159.62    32    20
(relay)    32    42    20233.43    20    20231.33    1    1
(relay)    30    30    20314.23    20    20314.07    4    1
(advertise)    29    20314.43    30    20
(relay)    32    20    20342.85    20    20340.78    2    1
(advertise)    29    20343.05    20    20
(relay)    27    12    20376.86    20    20372.65    3    1
(advertise)    29    20377.06    12    20
(heartbeat)    31    5    20381.25    29    20398.27    1    1
(advertise)    29    20399.07    31    5
(relay)    27    14    20438.49    20    20436.17    2    1
(advertise)    29    20438.69    14    20
(relay)    27    1    20505.1    21    20504    125    1
(advertise)    29    20505.3    1    21
(relay)    32    21    20538.51    20    20536.6    4    1
(advertise)    29    20538.71    21    20
(relay)    37    38    20561.53    20    20542.87    4    1
(advertise)    29    20561.73    38    20
(relay)    35    35    20580.14    20    20580.1    4    1
(advertise)    29    20582.74    35    20
(relay)    27    24    20608.75    20    20571.01    2    1
(advertise)    29    20608.95    24    20
(relay)    27    11    20632.96    20    20604.64    1    1
(relay)    5    5    20642.36    20    20641.32    4    1
(advertise)    29    20642.56    5    20
(relay)    32    19    20665.58    20    20607.78    1    1
(relay)    32    0    20687.78    20    20679.51    4    1
(advertise)    29    20687.98    0    20
(relay)    27    26    20700.79    20    20643.02    2    1
(relay)    32    18    20709.19    20    20645.63    2    2
(advertise)    29    20709.99    26    20
(relay)    35    40    20711.8    20    20708.6    4    2
(advertise)    29    20732.6    18    20
(advertise)    29    20754.82    40    20
(relay)    32    44    20784.23    20    20726.29    1    1
(generate)    29    20792.83    [31]    20
(relay)    27    4    20831.64    20    20769.32    1    1
(relay)    32    48    20851.64    20    20834.72    1    1
(relay)    28    28    20865.04    20    20864.59    4    1
(advertise)    29    20865.24    28    20
(relay)    27    22    20876.86    20    20853.24    3    1
(advertise)    29    20886.86    22    20
(relay)    27    16    20898.67    20    20841.76    2    1
(relay)    27    27    20900.27    20    20899.16    3    2
(advertise)    29    20910.87    16    20
(advertise)    29    20933.48    27    20
(relay)    30    39    20943.89    20    20943.51    4    1
(advertise)    29    20954.69    39    20
(relay)    32    33    20961.71    20    20939.61    4    1
(relay)    36    36    20969.91    20    20969.26    4    2
(advertise)    29    20977.51    33    20
(relay)    37    37    20987.52    20    20986.48    4    2
(relay)    27    23    21000.12    20    20988.69    3    3
(advertise)    29    21000.52    36    20
(advertise)    29    21022.33    37    20
(advertise)    29    21046.55    23    20
(relay)    27    10    21064.96    21    21035.83    2    1
(advertise)    29    21067.96    10    21
(relay)    35    6    21090.17    21    21086.84    3    1
(advertise)    29    21090.57    6    21
(relay)    32    8    21113.19    21    21093.13    2    1
(advertise)    29    21113.59    8    21
(relay)    32    32    21159.4    21    21158.93    4    1
(advertise)    29    21159.6    32    21
(relay)    27    42    21233.61    21    21231.47    2    1
(advertise)    29    21233.81    42    21
(relay)    30    30    21314.62    21    21314.13    4    1
(advertise)    29    21314.82    30    21
(relay)    27    20    21342.84    21    21340.92    3    1
(advertise)    29    21343.04    20    21
(relay)    27    12    21375.05    21    21372.82    2    1
(advertise)    29    21375.25    12    21
(relay)    27    14    21440.06    21    21436.34    2    1
(advertise)    29    21440.26    14    21
(relay)    32    21    21538.68    21    21536.74    4    1
(advertise)    29    21538.88    21    21
(relay)    37    38    21560.69    21    21543.05    4    1
(advertise)    29    21561.49    38    21
(relay)    35    35    21580.3    21    21580.14    4    1
(advertise)    29    21584.7    35    21
(relay)    27    24    21608.32    21    21571.16    2    1
(advertise)    29    21609.52    24    21
(relay)    27    11    21630.53    21    21604.75    1    1
(relay)    5    5    21642.33    21    21641.36    4    1
(advertise)    29    21642.53    5    21
(relay)    27    19    21651.94    21    21607.92    2    1
(advertise)    29    21664.54    19    21
(relay)    32    0    21688.95    21    21679.85    4    1
(advertise)    29    21689.55    0    21
(relay)    27    26    21696.17    21    21643.17    2    1
(advertise)    29    21710.77    26    21
(relay)    36    40    21712.18    21    21708.77    4    1
(advertise)    29    21732.18    40    21
(relay)    32    18    21734.59    21    21645.73    2    1
(advertise)    29    21753.39    18    21
(relay)    32    44    21781.01    21    21726.4    1    1
(generate)    29    21793.01    [31]    21
(relay)    27    2    21805.62    22    21742    116    1
(advertise)    29    21805.82    2    22
(relay)    27    4    21849.63    21    21769.44    2    1
(advertise)    29    21849.83    4    21
(relay)    28    28    21865.25    21    21864.65    4    1
(advertise)    29    21870.85    28    21
(relay)    27    48    21873.66    21    21834.82    2    1
(advertise)    29    21892.66    48    21
(relay)    27    22    21895.07    21    21853.24    3    1
(relay)    27    27    21900.27    21    21899.2    3    2
(advertise)    29    21913.67    22    21
(advertise)    29    21936.68    27    21
(relay)    27    16    21937.9    21    21841.89    1    1
(relay)    30    39    21959.7    21    21943.69    4    1
(advertise)    29    21959.9    39    21
(relay)    32    33    21962.11    21    21939.76    4    1
(relay)    36    36    21969.91    21    21969.32    4    2
(advertise)    29    21982.71    33    21
(relay)    37    37    21987.52    21    21986.54    4    2
(advertise)    29    22004.92    36    21
(advertise)    29    22026.14    37    21
(relay)    27    10    22052.35    22    22035.84    2    1
(advertise)    29    22052.55    10    22
(relay)    27    8    22095.36    22    22093.14    3    1
(advertise)    29    22095.56    8    22
(relay)    32    32    22160.18    22    22159.09    4    1
(advertise)    29    22160.38    32    22
(relay)    32    42    22234.59    22    22231.57    1    1
(relay)    30    30    22314.79    22    22314.19    4    1
(advertise)    29    22314.99    30    22
(relay)    27    20    22343.8    22    22341.06    3    1
(advertise)    29    22344.0    20    22
(relay)    27    12    22374.81    22    22372.98    3    1
(advertise)    29    22375.01    12    22
(relay)    27    14    22440.83    22    22436.47    2    1
(advertise)    29    22441.03    14    22
(relay)    32    1    22505.04    23    22504    125    1
(advertise)    29    22505.24    1    23
(relay)    32    21    22539.25    22    22536.88    4    1
(advertise)    29    22539.45    21    22
(relay)    35    38    22561.67    22    22543.24    4    1
(advertise)    29    22562.07    38    22
(relay)    35    35    22580.68    22    22580.22    4    1
(advertise)    29    22584.08    35    22
(relay)    32    24    22607.69    22    22571.31    1    1
(relay)    27    11    22630.09    22    22604.9    1    1
(relay)    5    5    22641.49    22    22641.44    4    1
(advertise)    29    22641.69    5    22
(relay)    27    19    22652.51    22    22608.1    2    1
(advertise)    29    22662.91    19    22
(relay)    32    0    22690.32    22    22679.99    4    1
(advertise)    29    22690.52    0    22
(relay)    27    26    22698.13    22    22643.31    2    1
(relay)    28    40    22713.33    22    22708.96    3    2
(advertise)    29    22713.53    26    22
(advertise)    29    22735.54    40    22
(relay)    27    18    22741.36    22    22645.84    2    1
(advertise)    29    22758.36    18    22
(relay)    32    4    22788.77    22    22769.57    1    1
(relay)    27    44    22788.97    22    22726.53    2    1
(advertise)    29    22789.17    44    22
(generate)    29    22793.18    [31]    22
(relay)    32    48    22836.6    22    22834.97    2    1
(advertise)    29    22836.8    48    22
(relay)    32    22    22860.21    22    22853.43    2    1
(advertise)    29    22860.61    22    22
(relay)    28    28    22865.22    22    22864.72    4    1
(advertise)    29    22882.62    28    22
(relay)    27    16    22899.24    22    22842.01    2    1
(relay)    27    27    22900.44    22    22899.43    3    2
(advertise)    29    22905.44    16    22
(advertise)    29    22927.45    27    22
(relay)    32    33    22940.66    22    22939.9    4    1
(relay)    37    39    22949.66    22    22943.87    4    2
(advertise)    29    22950.46    33    22
(relay)    36    36    22970.47    22    22969.38    4    2
(advertise)    29    22973.27    39    22
(relay)    37    37    22987.69    22    22986.6    4    2
(advertise)    29    22996.89    36    22
(advertise)    29    23019.9    37    22
(relay)    27    10    23059.31    23    23036.03    2    1
(advertise)    29    23059.51    10    23
(relay)    35    6    23088.93    23    23087.23    3    1
(advertise)    29    23089.33    6    23
(relay)    27    8    23111.94    23    23093.33    3    1
(advertise)    29    23112.54    8    23
(relay)    32    32    23160.35    23    23159.27    4    1
(advertise)    29    23160.55    32    23
(relay)    27    42    23235.17    23    23231.7    2    1
(advertise)    29    23235.37    42    23
(relay)    30    30    23314.78    23    23314.25    4    1
(advertise)    29    23314.98    30    23
(relay)    27    20    23344.19    23    23341.19    3    1
(advertise)    29    23344.39    20    23
(relay)    27    12    23374.0    23    23373.16    3    1
(advertise)    29    23374.2    12    23
(relay)    27    14    23440.82    23    23436.62    2    1
(advertise)    29    23441.02    14    23
(relay)    32    21    23538.23    23    23536.96    4    1
(advertise)    29    23538.63    21    23
(relay)    30    38    23561.04    23    23543.43    4    1
(advertise)    29    23561.64    38    23
(relay)    35    35    23580.86    23    23580.26    4    1
(advertise)    29    23584.86    35    23
(relay)    27    11    23610.67    23    23605.04    1    1
(relay)    27    19    23631.87    23    23608.22    2    1
(advertise)    29    23632.07    19    23
(relay)    5    5    23641.68    23    23641.49    4    1
(advertise)    29    23653.48    5    23
(relay)    32    26    23677.1    23    23643.46    1    1
(relay)    32    0    23699.5    23    23680.14    4    1
(advertise)    29    23699.7    0    23
(relay)    32    18    23720.71    23    23645.93    1    1
(relay)    5    40    23723.51    23    23709.16    4    1
(advertise)    29    23723.71    40    23
(relay)    27    44    23765.92    23    23726.63    1    1
(relay)    27    2    23790.52    24    23742    118    1
(advertise)    29    23790.72    2    24
(generate)    29    23793.33    [31]    23
(relay)    27    4    23811.95    23    23769.68    2    1
(advertise)    29    23812.95    4    23
(relay)    32    48    23854.76    23    23835.07    2    1
(advertise)    29    23854.96    48    23
(relay)    28    28    23865.37    23    23864.78    4    1
(advertise)    29    23877.17    28    23
(relay)    32    22    23878.59    23    23853.58    2    1
(advertise)    29    23899.59    22    23
(relay)    27    16    23901.0    23    23842.13    2    1
(advertise)    29    23920.8    16    23
(relay)    32    33    23940.81    23    23940.01    4    1
(advertise)    29    23943.41    33    23
(relay)    36    36    23970.43    23    23969.43    4    1
(advertise)    29    23970.83    36    23
(relay)    37    37    23987.64    23    23986.64    4    1
(relay)    27    23    23992.84    23    23988.89    3    2
(advertise)    29    23993.04    37    23
(advertise)    29    24014.05    23    23
(relay)    27    10    24039.86    24    24036.22    2    1
(advertise)    29    24040.46    10    24
(relay)    30    6    24088.48    24    24087.4    2    1
(advertise)    29    24088.68    6    24
(relay)    27    8    24093.89    24    24093.46    3    1
(advertise)    29    24109.69    8    24
(relay)    32    32    24160.3    24    24159.38    4    1
(advertise)    29    24160.5    32    24
(relay)    27    42    24236.92    24    24231.78    2    1
(advertise)    29    24237.12    42    24
(relay)    30    30    24314.93    24    24314.3    4    1
(advertise)    29    24315.13    30    24
(relay)    27    20    24344.74    24    24341.3    3    1
(advertise)    29    24344.94    20    24
(relay)    27    12    24374.16    24    24373.25    3    1
(advertise)    29    24374.36    12    24
(heartbeat)    31    6    24381.27    29    24381.77    1    2
(advertise)    29    24395.97    31    6
(relay)    27    14    24438.78    24    24436.75    2    1
(advertise)    29    24438.98    14    24
(relay)    32    21    24538.39    24    24537.1    4    1
(advertise)    29    24538.59    21    24
(relay)    36    38    24562.41    24    24543.61    4    1
(advertise)    29    24562.81    38    24
(relay)    35    35    24580.82    24    24580.32    4    1
(advertise)    29    24584.02    35    24
(relay)    27    24    24587.63    24    24571.58    2    1
(advertise)    29    24608.03    24    24
(relay)    27    11    24631.85    24    24605.17    1    1
(relay)    5    5    24641.65    24    24641.55    4    1
(advertise)    29    24641.85    5    24
(relay)    32    18    24666.26    24    24646.03    2    1
(advertise)    29    24666.66    18    24
(relay)    27    26    24677.27    24    24643.6    2    1
(advertise)    29    24689.07    26    24
(relay)    32    0    24709.09    24    24680.32    4    1
(relay)    5    40    24709.69    24    24709.31    4    2
(advertise)    29    24710.09    0    24
(advertise)    29    24732.3    40    24
(relay)    32    44    24756.91    24    24726.71    1    1
(relay)    32    2    24780.31    25    24742    118    1
(advertise)    29    24780.51    2    25
(generate)    29    24793.52    [31]    24
(relay)    32    4    24823.34    24    24769.76    1    1
(relay)    32    48    24846.34    24    24835.14    2    1
(advertise)    29    24846.54    48    24
(relay)    28    28    24865.75    24    24864.83    4    1
(advertise)    29    24868.15    28    24
(relay)    27    16    24877.36    24    24842.22    2    1
(advertise)    29    24891.16    16    24
(relay)    27    22    24899.18    24    24853.76    2    1
(relay)    27    27    24900.38    24    24900.27    3    2
(advertise)    29    24912.78    22    24
(advertise)    29    24933.99    27    24
(relay)    32    33    24955.0    24    24940.16    4    1
(advertise)    29    24955.2    33    24
(relay)    37    39    24956.42    24    24944.05    4    1
(relay)    36    36    24970.42    24    24969.49    4    2
(advertise)    29    24976.22    39    24
(relay)    37    37    24986.83    24    24986.7    4    2
(relay)    27    23    24998.83    24    24988.89    3    3
(advertise)    29    25000.03    36    24
(advertise)    29    25021.64    37    24
(advertise)    29    25042.85    23    24
(relay)    27    10    25044.07    25    25036.23    2    1
(advertise)    29    25064.07    10    25
(relay)    35    6    25088.28    25    25087.6    3    1
(advertise)    29    25088.88    6    25
(relay)    32    8    25111.09    25    25093.65    2    1
(advertise)    29    25111.89    8    25
(relay)    32    32    25159.51    25    25159.4    4    1
(advertise)    29    25159.71    32    25
(relay)    27    42    25236.32    25    25231.89    2    1
(advertise)    29    25236.52    42    25
(relay)    30    30    25315.33    25    25314.36    4    1
(advertise)    29    25315.53    30    25
(relay)    27    20    25343.55    25    25341.47    3    1
(advertise)    29    25343.95    20    25
(relay)    27    12    25374.76    25    25373.4    3    1
(advertise)    29    25374.96    12    25
(relay)    27    14    25438.97    25    25436.91    2    1
(advertise)    29    25439.17    14    25
(relay)    32    1    25506.58    26    25504    125    1
(advertise)    29    25506.78    1    26
(relay)    32    21    25538.6    25    25537.23    4    1
(advertise)    29    25538.8    21    25
(relay)    36    38    25560.81    25    25543.79    4    1
(advertise)    29    25561.81    38    25
(relay)    35    35    25581.42    25    25580.38    4    1
(advertise)    29    25583.02    35    25
(relay)    27    24    25607.64    25    25571.76    2    1
(advertise)    29    25608.04    24    25
(relay)    27    11    25628.25    25    25605.32    1    1
(relay)    5    5    25642.25    25    25641.61    4    1
(advertise)    29    25642.45    5    25
(relay)    27    19    25649.86    25    25608.53    1    1
(relay)    32    18    25666.86    25    25646.14    2    1
(advertise)    29    25667.46    18    25
(relay)    32    0    25691.48    25    25680.46    4    1
(advertise)    29    25691.68    0    25
(relay)    27    26    25694.69    25    25643.75    2    1
(advertise)    29    25712.69    26    25
(relay)    36    40    25713.9    25    25709.48    4    1
(advertise)    29    25735.1    40    25
(relay)    27    44    25782.71    25    25726.84    2    1
(advertise)    29    25782.91    44    25
(relay)    32    2    25789.73    26    25742    118    1
(generate)    29    25793.53    [31]    25
(advertise)    29    25804.34    2    26
(relay)    32    4    25833.55    25    25769.89    1    1
(relay)    32    48    25855.55    25    25835.25    2    1
(advertise)    29    25855.75    48    25
(relay)    28    28    25865.97    25    25864.9    4    1
(advertise)    29    25876.77    28    25
(relay)    27    22    25888.78    25    25853.94    3    1
(relay)    27    27    25900.38    25    25900.29    3    2
(advertise)    29    25900.58    22    25
(relay)    27    16    25911.19    25    25842.38    2    2
(advertise)    29    25922.99    27    25
(relay)    36    39    25946.01    25    25944.23    4    2
(advertise)    29    25946.41    16    25
(relay)    27    33    25963.22    25    25940.25    3    2
(advertise)    29    25969.42    39    25
(relay)    5    36    25970.83    25    25969.58    3    2
(relay)    37    37    25986.83    25    25986.79    4    3
(advertise)    29    25992.83    33    25
(relay)    27    23    26005.04    25    25988.89    3    3
(advertise)    29    26016.04    36    25
(advertise)    29    26037.46    37    25
(relay)    27    10    26047.67    26    26036.23    2    2
(advertise)    29    26059.07    23    25
(advertise)    29    26081.08    10    26
(relay)    5    6    26088.7    26    26087.76    4    1
(advertise)    29    26102.3    6    26
(relay)    32    32    26159.71    26    26159.59    4    1
(advertise)    29    26159.91    32    26
(relay)    27    42    26236.72    26    26231.99    2    1
(advertise)    29    26236.92    42    26
(relay)    30    30    26315.54    26    26314.43    4    1
(advertise)    29    26315.74    30    26
(relay)    27    20    26343.35    26    26341.61    3    1
(advertise)    29    26343.55    20    26
(relay)    27    12    26375.16    26    26373.55    3    1
(advertise)    29    26375.36    12    26
(relay)    27    14    26438.97    26    26437.08    2    1
(advertise)    29    26439.17    14    26
(relay)    32    1    26507.19    27    26504    125    1
(advertise)    29    26507.39    1    27
(relay)    32    21    26537.8    26    26537.39    4    1
(advertise)    29    26538.0    21    26
(relay)    37    38    26561.41    26    26543.97    4    1
(advertise)    29    26562.41    38    26
(relay)    35    35    26581.43    26    26580.46    4    1
(advertise)    29    26583.63    35    26
(relay)    27    24    26606.44    26    26571.92    1    1
(relay)    27    19    26629.64    26    26608.69    1    1
(relay)    5    5    26642.24    26    26641.68    4    1
(advertise)    29    26642.44    5    26
(relay)    27    11    26653.25    26    26605.43    1    1
(relay)    32    18    26677.25    26    26646.25    2    1
(advertise)    29    26677.45    18    26
(relay)    32    0    26697.47    26    26680.62    4    1
(advertise)    29    26701.27    0    26
(relay)    28    40    26724.08    26    26709.68    3    1
(advertise)    29    26725.88    40    26
(relay)    32    44    26749.69    26    26726.95    1    1
(relay)    32    4    26777.49    26    26769.99    1    1
(generate)    29    26793.69    [31]    26
(relay)    27    48    26839.1    26    26835.36    2    1
(advertise)    29    26839.3    48    26
(relay)    27    22    26861.52    26    26854.13    3    1
(advertise)    29    26862.32    22    26
(relay)    28    28    26865.93    26    26864.97    4    1
(relay)    27    16    26883.73    26    26842.49    1    2
(advertise)    29    26884.53    28    26
(relay)    27    27    26900.34    26    26900.34    3    1
(advertise)    29    26906.14    27    26
(relay)    27    33    26950.76    26    26940.37    3    1
(advertise)    29    26950.96    33    26
(relay)    36    36    26969.77    26    26969.65    4    1
(advertise)    29    26971.97    36    26
(relay)    37    37    26986.98    26    26986.85    4    1
(advertise)    29    26993.98    37    26
(relay)    27    23    26996.0    26    26989.08    3    1
(advertise)    29    27016.6    23    26
(relay)    27    10    27040.81    27    27036.26    2    1
(advertise)    29    27041.61    10    27
(relay)    5    6    27089.22    27    27087.93    4    1
(advertise)    29    27089.42    6    27
(relay)    27    8    27112.63    27    27093.82    3    1
(advertise)    29    27113.23    8    27
(relay)    32    32    27159.65    27    27159.59    4    1
(advertise)    29    27159.85    32    27
(relay)    27    42    27234.26    27    27232.12    2    1
(advertise)    29    27234.46    42    27
(relay)    30    30    27315.47    27    27314.52    4    1
(advertise)    29    27315.67    30    27
(relay)    27    20    27342.89    27    27341.78    3    1
(advertise)    29    27343.09    20    27
(relay)    27    12    27376.1    27    27373.72    3    1
(advertise)    29    27376.3    12    27
(relay)    32    14    27438.31    27    27437.23    1    1
(relay)    32    1    27505.51    28    27504    125    1
(advertise)    29    27505.71    1    28
(relay)    32    21    27538.53    27    27537.52    4    1
(advertise)    29    27538.73    21    27
(relay)    28    38    27560.74    27    27544.14    4    1
(advertise)    29    27562.94    38    27
(relay)    35    35    27581.55    27    27580.54    4    1
(advertise)    29    27584.75    35    27
(relay)    27    24    27608.56    27    27572.05    2    1
(advertise)    29    27609.56    24    27
(relay)    27    19    27632.38    27    27608.88    1    1
(relay)    5    5    27642.38    27    27641.77    4    1
(advertise)    29    27642.58    5    27
(relay)    27    11    27655.99    27    27605.58    1    1
(relay)    32    0    27681.99    27    27680.72    4    1
(advertise)    29    27682.19    0    27
(relay)    27    18    27699.4    27    27646.34    2    1
(advertise)    29    27704.2    18    27
(relay)    5    40    27710.82    27    27709.86    4    1
(relay)    27    26    27722.42    27    27644.01    2    2
(advertise)    29    27725.42    40    27
(advertise)    29    27746.83    26    27
(relay)    32    44    27786.24    27    27727.07    1    1
(generate)    29    27793.84    [31]    27
(relay)    27    4    27813.06    27    27770.11    2    1
(advertise)    29    27813.26    4    27
(relay)    27    22    27856.87    27    27854.3    3    1
(advertise)    29    27857.07    22    27
(relay)    28    28    27865.08    27    27865.06    4    1
(advertise)    29    27879.28    28    27
(relay)    27    27    27900.89    27    27900.34    3    1
(advertise)    29    27901.49    27    27
(relay)    32    33    27942.31    27    27940.47    4    1
(advertise)    29    27942.51    33    27
(relay)    35    39    27965.72    27    27944.58    4    1
(advertise)    29    27965.92    39    27
(relay)    36    36    27969.93    27    27969.74    4    1
(relay)    37    37    27988.73    27    27988.15    4    2
(advertise)    29    27989.53    36    27
(relay)    27    23    27991.55    27    27989.51    1    2
(advertise)    29    28013.35    37    27
(relay)    27    10    28039.76    28    28036.45    2    1
(advertise)    29    28039.96    10    28
(relay)    37    6    28088.97    28    28088.09    4    1
(advertise)    29    28089.17    6    28
(relay)    27    8    28111.99    28    28094.01    3    1
(advertise)    29    28112.79    8    28
(relay)    32    32    28159.8    28    28159.75    4    1
(advertise)    29    28160.0    32    28
(relay)    32    42    28235.61    28    28232.24    1    1
(relay)    30    30    28314.61    28    28314.59    4    1
(advertise)    29    28314.81    30    28
(relay)    27    20    28343.02    28    28341.88    3    1
(advertise)    29    28343.22    20    28
(relay)    27    12    28377.24    28    28373.88    3    1
(advertise)    29    28377.44    12    28
(heartbeat)    31    7    28381.28    29    28382.25    1    2
(advertise)    29    28399.85    31    7
(relay)    27    14    28439.06    28    28437.41    2    1
(advertise)    29    28439.26    14    28
(relay)    32    21    28538.68    28    28537.65    4    1
(advertise)    29    28538.88    21    28
(relay)    36    38    28561.69    28    28544.32    4    1
(advertise)    29    28561.89    38    28
(relay)    5    35    28582.5    28    28580.61    3    1
(advertise)    29    28583.3    35    28
(relay)    27    24    28606.52    28    28572.19    2    1
(advertise)    29    28606.92    24    28
(relay)    27    11    28628.33    28    28605.73    1    1
(relay)    32    19    28633.93    28    28609.01    1    1
(relay)    5    5    28642.93    28    28641.84    4    1
(advertise)    29    28643.13    5    28
(relay)    32    26    28677.74    28    28644.15    1    1
(relay)    32    0    28698.94    28    28680.91    4    1
(advertise)    29    28699.14    0    28
(relay)    27    18    28715.15    28    28646.44    2    1
(advertise)    29    28720.95    18    28
(relay)    35    40    28722.37    28    28710.03    4    1
(advertise)    29    28743.77    40    28
(relay)    32    44    28770.58    28    28727.2    1    1
(relay)    32    2    28792.78    29    28742    118    1
(advertise)    29    28792.98    2    29
(generate)    29    28794.19    [31]    28
(relay)    27    4    28847.21    28    28770.25    2    1
(advertise)    29    28847.41    4    28
(relay)    32    48    28859.22    28    28835.59    1    1
(relay)    28    28    28865.22    28    28865.13    4    1
(advertise)    29    28870.62    28    28
(relay)    27    22    28890.43    28    28854.48    3    1
(advertise)    29    28891.83    22    28
(relay)    27    27    28900.85    28    28900.34    3    1
(advertise)    29    28915.25    27    28
(relay)    27    16    28935.06    28    28842.74    2    1
(advertise)    29    28937.46    16    28
(relay)    5    39    28945.67    28    28944.78    4    1
(relay)    32    33    28947.47    28    28940.64    4    2
(advertise)    29    28961.07    39    28
(relay)    36    36    28969.88    28    28969.81    4    2
(advertise)    29    28983.48    33    28
(relay)    37    37    28988.7    28    28988.22    4    2
(relay)    32    23    28991.9    28    28989.51    3    3
(advertise)    29    29005.1    36    28
(advertise)    29    29027.31    37    28
(advertise)    29    29048.92    23    28
(relay)    27    10    29065.14    29    29036.47    2    1
(advertise)    29    29070.54    10    29
(relay)    27    8    29095.95    29    29094.18    3    1
(advertise)    29    29096.15    8    29
(relay)    32    32    29160.56    29    29159.94    4    1
(advertise)    29    29160.76    32    29
(relay)    27    42    29233.78    29    29232.38    2    1
(advertise)    29    29233.98    42    29
(relay)    30    30    29314.79    29    29314.69    4    1
(advertise)    29    29314.99    30    29
(relay)    27    20    29343.4    29    29342.05    3    1
(advertise)    29    29343.6    20    29
(relay)    27    12    29377.81    29    29374.05    3    1
(advertise)    29    29378.01    12    29
(relay)    27    14    29439.23    29    29437.57    2    1
(advertise)    29    29439.43    14    29
(relay)    32    21    29539.24    29    29537.78    4    1
(advertise)    29    29539.44    21    29
(relay)    35    38    29562.45    29    29544.51    4    1
(advertise)    29    29563.05    38    29
(relay)    35    35    29580.87    29    29580.69    4    1
(advertise)    29    29584.07    35    29
(relay)    27    24    29609.08    29    29572.33    2    1
(advertise)    29    29609.28    24    29
(relay)    32    19    29633.89    29    29609.12    1    1
(relay)    5    5    29642.89    29    29641.93    4    1
(advertise)    29    29643.09    5    29
(relay)    27    18    29675.11    29    29646.54    2    1
(advertise)    29    29675.31    18    29
(relay)    27    26    29696.92    29    29644.3    2    1
(advertise)    29    29697.32    26    29
(relay)    32    0    29701.13    29    29681.05    4    1
(relay)    37    40    29711.13    29    29710.2    4    2
(advertise)    29    29718.93    0    29
(advertise)    29    29741.34    40    29
(relay)    27    44    29767.96    29    29727.29    2    1
(advertise)    29    29768.36    44    29
(relay)    27    2    29789.77    30    29742    117    1
(advertise)    29    29791.57    2    30
(generate)    29    29794.38    [31]    29
(relay)    27    4    29837.0    29    29770.35    2    1
(advertise)    29    29837.2    4    29
(relay)    27    48    29858.61    29    29835.67    2    1
(advertise)    29    29860.01    48    29
(relay)    28    28    29865.22    29    29865.22    4    1
(advertise)    29    29881.42    28    29
(relay)    32    22    29883.04    29    29854.66    2    1
(relay)    27    27    29900.84    29    29900.36    3    2
(relay)    27    16    29904.04    29    29842.78    2    3
(advertise)    29    29904.64    22    29
(advertise)    29    29928.65    27    29
(relay)    27    33    29948.26    29    29940.8    3    2
(advertise)    29    29951.26    16    29
(relay)    37    39    29952.47    29    29944.97    4    2
(relay)    36    36    29970.47    29    29969.88    4    3
(advertise)    29    29972.87    33    29
(relay)    37    37    29988.89    29    29988.3    4    3
(relay)    27    23    29990.89    29    29989.68    3    4
(advertise)    29    29993.89    39    29
