(relay)    27    1    505.6    1    504    125    1
(advertise)    32    505.8    1    1
(relay)    27    10    1033.21    1    1033.0    126    1
(advertise)    32    1033.41    10    1
(relay)    27    3    1062.23    1    1052.01    121    1
(advertise)    32    1062.63    3    1
(relay)    27    15    1087.24    1    1066.03    121    1
(advertise)    32    1087.64    15    1
(relay)    27    6    1108.45    1    1084.03    124    1
(advertise)    32    1110.05    6    1
(relay)    27    8    1131.27    1    1091.05    126    1
(advertise)    32    1132.67    8    1
(relay)    27    9    1154.08    1    1096.04    121    1
(advertise)    32    1155.88    9    1
(generate)    32    1157.09    [31]    1
(relay)    23    45    1178.7    1    1098.05    119    1
(advertise)    32    1179.3    45    1
(relay)    33    46    1224.32    1    1166.0    117    1
(advertise)    32    1224.52    46    1
(relay)    27    42    1246.73    1    1229.12    123    1
(advertise)    32    1247.53    42    1
(relay)    27    41    1270.94    1    1245.3    120    1
(advertise)    32    1272.34    41    1
(relay)    29    30    1312.96    1    1312.14    126    1
(advertise)    32    1313.16    30    1
(relay)    27    20    1340.37    1    1338.16    125    1
(advertise)    32    1340.57    20    1
(relay)    27    34    1424.58    1    1419.16    121    1
(advertise)    32    1424.78    34    1
(relay)    27    14    1448.4    1    1433.2    123    1
(advertise)    32    1449.6    14    1
(relay)    27    1    1506.21    2    1504    125    1
(advertise)    32    1506.41    1    2
(relay)    21    21    1535.02    1    1534.02    127    1
(advertise)    32    1535.22    21    1
(relay)    29    38    1561.03    1    1540.2    124    1
(advertise)    32    1561.23    38    1
(relay)    29    35    1585.65    1    1578.05    126    1
(advertise)    32    1585.85    35    1
(relay)    23    19    1609.46    1    1603.06    124    1
(advertise)    32    1610.86    19    1
(relay)    29    5    1640.27    1    1639.07    126    1
(advertise)    32    1640.47    5    1
(relay)    27    26    1662.89    1    1640.1    125    1
(relay)    23    18    1663.89    1    1643.11    126    2
(advertise)    32    1664.09    26    1
(relay)    0    0    1676.1    1    1676.1    127    2
(relay)    27    11    1684.5    1    1602.06    123    3
(advertise)    32    1687.5    18    1
(advertise)    32    1708.71    0    1
(advertise)    32    1730.13    11    1
(relay)    27    40    1749.34    1    1706.07    124    1
(advertise)    32    1751.74    40    1
(relay)    23    17    1760.15    1    1691.1    122    1
(advertise)    32    1772.75    17    1
(relay)    29    29    1790.76    1    1790.16    127    1
(relay)    27    44    1792.16    1    1724.13    123    2
(advertise)    32    1793.76    29    1
(advertise)    32    1818.58    44    1
(relay)    27    47    1837.19    1    1676.09    120    1
(advertise)    32    1839.99    47    1
(relay)    27    22    1860.8    1    1850.03    126    1
(advertise)    32    1862.0    22    1
(relay)    27    4    1883.22    1    1767.15    123    1
(advertise)    32    1884.62    4    1
(relay)    27    27    1898.03    1    1897.04    127    1
(advertise)    32    1906.63    27    1
(relay)    27    16    1950.84    1    1839.0    124    1
(advertise)    32    1951.04    16    1
(relay)    23    48    1959.46    1    1832.62    124    1
(relay)    27    39    1973.26    1    1941.02    124    2
(advertise)    32    1973.66    48    1
(relay)    23    23    1987.07    1    1986.09    127    2
(relay)    27    36    1994.87    1    1967.07    125    3
(advertise)    32    1995.07    39    1
(relay)    27    13    2015.48    1    1853.16    121    3
(advertise)    32    2016.48    23    1
(advertise)    32    2037.49    36    1
(advertise)    32    2058.71    13    1
(relay)    27    10    2060.12    2    2033.13    126    1
(relay)    23    7    2069.32    1    1867.0    121    2
(advertise)    32    2080.52    10    2
(advertise)    32    2102.13    7    1
(relay)    27    8    2103.95    2    2091.17    126    1
(advertise)    32    2123.35    8    2
(relay)    29    6    2127.36    2    2084.09    125    1
(advertise)    32    2146.36    6    2
(relay)    27    3    2151.37    2    2052.08    121    1
(generate)    32    2157.17    [31]    2
(advertise)    32    2167.39    3    2
(relay)    27    9    2197.8    2    2096.31    121    1
(advertise)    32    2198.0    9    2
(relay)    23    46    2226.41    2    2166.01    119    1
(advertise)    32    2226.61    46    2
(relay)    23    42    2249.42    2    2229.22    123    1
(advertise)    32    2250.22    42    2
(relay)    23    25    2272.64    2    2239.19    121    1
(advertise)    32    2273.24    25    2
(relay)    23    41    2292.85    2    2245.32    119    1
(advertise)    32    2295.45    41    2
(relay)    29    30    2327.06    2    2312.28    126    1
(advertise)    32    2327.26    30    2
(relay)    27    20    2351.48    2    2338.3    125    1
(advertise)    32    2352.08    20    2
(relay)    27    12    2374.09    2    2370.32    124    1
(advertise)    32    2374.69    12    2
(relay)    27    1    2506.1    3    2504    125    1
(advertise)    32    2506.3    1    3
(relay)    21    21    2535.11    2    2534.13    127    1
(advertise)    32    2535.31    21    2
(relay)    29    38    2558.53    2    2540.31    125    1
(advertise)    32    2558.73    38    2
(relay)    29    35    2580.74    2    2578.17    126    1
(advertise)    32    2581.14    35    2
(relay)    21    24    2605.75    2    2568.19    124    1
(advertise)    32    2606.15    24    2
(relay)    27    11    2630.57    2    2602.18    123    1
(advertise)    32    2630.77    11    2
(relay)    27    26    2650.78    2    2640.23    125    1
(advertise)    32    2653.38    26    2
(relay)    29    5    2654.99    2    2639.21    126    1
(relay)    27    18    2671.79    2    2643.23    125    2
(advertise)    32    2676.39    5    2
(relay)    21    0    2678.61    2    2676.19    126    2
(advertise)    32    2698.01    18    2
(relay)    23    19    2700.22    2    2604.21    123    2
(advertise)    32    2719.62    0    2
(advertise)    32    2742.83    19    2
(relay)    27    44    2760.04    2    2724.26    123    1
(advertise)    32    2764.24    44    2
(relay)    29    40    2767.06    2    2706.21    125    1
(advertise)    32    2788.06    40    2
(relay)    29    29    2790.87    2    2790.3    127    1
(advertise)    32    2810.87    29    2
(relay)    23    4    2813.48    2    2767.28    123    1
(advertise)    32    2833.08    4    2
(relay)    27    22    2854.5    2    2850.15    126    1
(advertise)    32    2855.1    22    2
(relay)    23    48    2881.71    2    2832.75    124    1
(advertise)    32    2881.91    48    2
(relay)    29    2    2897.92    3    2742    118    1
(relay)    27    27    2898.32    2    2897.16    127    2
(advertise)    32    2904.92    2    3
(relay)    27    16    2920.54    2    2839.12    123    2
(advertise)    32    2926.34    27    2
(relay)    33    33    2937.35    2    2937.17    127    2
(relay)    27    13    2942.95    2    2853.28    121    3
(advertise)    32    2948.15    16    2
(advertise)    32    2970.16    33    2
(relay)    33    23    2987.57    2    2986.21    126    2
(advertise)    32    2992.97    13    2
(relay)    29    39    3007.59    2    2941.11    125    2
(advertise)    32    3016.99    23    2
(relay)    29    36    3028.6    2    2967.39    126    2
(relay)    33    7    3030.2    2    2867.11    120    3
(advertise)    32    3039.4    39    2
(advertise)    32    3061.41    36    2
(relay)    29    37    3072.63    2    2984.19    126    2
(advertise)    32    3083.43    7    2
(relay)    23    8    3103.24    3    3091.29    126    2
(advertise)    32    3106.64    37    2
(relay)    29    10    3117.25    3    3033.25    125    2
(advertise)    32    3129.25    8    3
(relay)    29    6    3141.27    3    3084.19    125    2
(relay)    23    15    3146.87    3    3066.8    121    3
(advertise)    32    3150.67    10    3
(generate)    32    3157.28    [31]    3
(advertise)    32    3172.89    6    3
(advertise)    32    3194.3    15    3
(relay)    23    9    3214.72    3    3096.41    120    1
(advertise)    32    3216.52    9    3
(relay)    29    45    3259.93    3    3098.23    118    1
(advertise)    32    3260.13    45    3
(relay)    23    42    3280.74    3    3229.34    123    1
(advertise)    32    3281.94    42    3
(relay)    29    30    3314.16    3    3312.37    126    1
(advertise)    32    3314.36    30    3
(relay)    23    20    3341.97    3    3338.42    125    1
(advertise)    32    3342.17    20    3
(relay)    27    46    3363.58    3    3166.03    119    1
(advertise)    32    3363.98    46    3
(relay)    27    25    3386.2    3    3239.28    121    1
(advertise)    32    3387.4    25    3
(relay)    27    12    3407.81    3    3370.45    124    1
(advertise)    32    3410.01    12    3
(relay)    27    41    3431.62    3    3245.4    120    1
(advertise)    32    3431.82    41    3
(relay)    23    14    3454.23    3    3433.69    123    1
(advertise)    32    3455.03    14    3
(relay)    27    34    3474.05    3    3419.4    120    1
(advertise)    32    3478.05    34    3
(relay)    23    1    3505.26    4    3504    126    1
(advertise)    32    3505.46    1    4
(relay)    21    21    3535.27    3    3534.26    127    1
(advertise)    32    3535.47    21    3
(relay)    29    38    3558.69    3    3540.42    125    1
(advertise)    32    3558.89    38    3
(relay)    29    35    3581.7    3    3578.31    126    1
(advertise)    32    3581.9    35    3
(relay)    27    24    3604.31    3    3568.35    124    1
(advertise)    32    3605.31    24    3
(relay)    23    19    3629.33    3    3604.36    124    1
(advertise)    32    3629.53    19    3
(relay)    23    18    3649.94    3    3643.39    126    1
(advertise)    32    3650.74    18    3
(relay)    23    26    3671.95    3    3640.4    125    1
(advertise)    32    3672.95    26    3
(relay)    0    0    3676.96    3    3676.35    127    1
(relay)    23    11    3694.96    3    3602.36    123    2
(advertise)    32    3695.96    0    3
(advertise)    32    3720.18    11    3
(relay)    23    5    3737.79    3    3639.35    124    1
(relay)    29    40    3740.79    3    3706.31    125    2
(advertise)    32    3742.39    5    3
(relay)    23    17    3759.6    3    3691.38    122    2
(advertise)    32    3764.4    40    3
(advertise)    32    3786.02    17    3
(relay)    29    29    3791.43    3    3790.44    127    1
(relay)    23    47    3803.63    3    3676.36    119    2
(advertise)    32    3808.43    29    3
(advertise)    32    3832.04    47    3
(relay)    23    44    3847.06    3    3724.42    122    1
(advertise)    32    3853.06    44    3
(relay)    23    22    3870.07    3    3850.92    126    1
(advertise)    32    3874.27    22    3
(relay)    29    28    3876.88    3    3862.27    126    1
(relay)    23    4    3893.68    3    3767.44    123    2
(advertise)    32    3895.68    28    3
(relay)    27    27    3898.29    3    3897.33    127    2
(advertise)    32    3918.09    4    3
(relay)    33    33    3937.91    3    3937.32    127    2
(advertise)    32    3939.31    27    3
(relay)    27    16    3942.52    3    3839.69    124    2
(advertise)    32    3960.92    33    3
(relay)    27    48    3964.73    3    3832.91    123    2
(relay)    29    39    3965.93    3    3941.23    125    3
(advertise)    32    3982.73    16    3
(relay)    23    23    3987.35    3    3986.39    127    3
(advertise)    32    4005.15    48    3
(advertise)    32    4026.76    39    3
(relay)    29    36    4029.37    3    3967.52    126    2
(relay)    27    2    4033.37    4    3742    119    3
(advertise)    32    4047.77    23    3
(advertise)    32    4070.99    36    3
(relay)    23    7    4072.2    3    3867.28    120    2
(relay)    29    37    4077.2    3    3984.33    126    3
(advertise)    32    4093.2    2    4
(relay)    23    8    4115.01    4    4091.45    126    3
(advertise)    32    4116.41    7    3
(relay)    27    10    4121.02    4    4033.4    126    3
(advertise)    32    4137.82    37    3
(relay)    29    6    4145.64    4    4084.31    125    3
(generate)    32    4157.44    [31]    4
(advertise)    32    4161.65    8    4
(advertise)    32    4182.66    10    4
(advertise)    32    4203.88    6    4
(relay)    0    3    4226.49    4    4052.35    120    1
(advertise)    32    4226.69    3    4
(relay)    23    15    4249.5    4    4066.97    121    1
(advertise)    32    4250.3    15    4
(relay)    23    9    4272.32    4    4096.6    121    1
(advertise)    32    4273.52    9    4
(relay)    23    42    4305.33    4    4229.52    123    1
(advertise)    32    4305.53    42    4
(relay)    27    45    4329.14    4    4098.41    120    1
(advertise)    32    4329.54    45    4
(relay)    29    30    4346.55    4    4312.52    126    1
(advertise)    32    4352.55    30    4
(relay)    23    20    4353.77    4    4338.62    125    1
(advertise)    32    4373.97    20    4
(heartbeat)    31    1    4381.2    32    4393.58    127    0
(advertise)    32    4394.98    31    1
(relay)    23    46    4398.19    4    4166.04    119    1
(advertise)    32    4416.79    46    4
(relay)    27    12    4438.01    4    4370.63    124    1
(advertise)    32    4438.81    12    4
(relay)    27    25    4459.62    4    4239.45    121    1
(advertise)    32    4460.42    25    4
(relay)    27    41    4483.63    4    4245.57    120    1
(advertise)    32    4485.03    41    4
(relay)    27    14    4506.45    4    4433.86    123    1
(advertise)    32    4507.45    14    4
(relay)    21    1    4509.06    5    4504    126    1
(advertise)    32    4528.86    1    5
(relay)    29    38    4552.67    4    4540.57    3    1
(advertise)    32    4552.87    38    4
(relay)    33    21    4557.48    4    4534.46    4    1
(advertise)    32    4576.08    21    4
(relay)    27    24    4598.9    4    4568.55    3    1
(advertise)    32    4599.5    24    4
(relay)    29    35    4601.71    4    4578.46    3    1
(relay)    23    19    4621.31    4    4605.56    3    2
(advertise)    32    4622.51    35    4
(advertise)    32    4643.72    19    4
(relay)    27    5    4662.14    4    4639.5    2    1
(relay)    23    11    4665.54    4    4602.56    3    2
(advertise)    32    4665.74    5    4
(relay)    0    0    4677.35    4    4676.75    5    2
(relay)    23    26    4688.35    4    4640.59    2    3
(advertise)    32    4688.55    11    4
(relay)    27    18    4707.16    4    4643.58    3    3
(advertise)    32    4712.16    0    4
(relay)    29    40    4732.78    4    4706.41    3    3
(advertise)    32    4733.78    26    4
(advertise)    32    4756.39    18    4
(relay)    23    44    4778.6    4    4724.6    3    2
(advertise)    32    4779.0    40    4
(relay)    29    29    4791.61    4    4790.61    3    2
(advertise)    32    4801.01    44    4
(relay)    23    4    4821.63    4    4767.63    3    2
(advertise)    32    4822.43    29    4
(advertise)    32    4845.04    4    4
(relay)    27    48    4859.45    4    4833.08    4    1
(advertise)    32    4867.25    48    4
(relay)    27    22    4882.87    4    4851.11    4    1
(advertise)    32    4890.27    22    4
(relay)    27    27    4897.68    4    4897.52    3    1
(relay)    27    16    4903.28    4    4839.87    2    2
(relay)    29    28    4905.08    4    4862.4    2    3
(advertise)    32    4912.48    27    4
(advertise)    32    4933.49    16    4
(relay)    33    33    4938.11    4    4937.49    5    2
(advertise)    32    4955.31    28    4
(relay)    29    39    4971.92    4    4941.27    3    2
(advertise)    32    4978.72    33    4
(relay)    23    23    4986.73    4    4986.56    4    2
(advertise)    32    5001.93    39    4
(relay)    29    36    5016.34    4    4967.67    3    2
(advertise)    32    5024.34    23    4
(relay)    29    37    5040.56    4    4984.48    3    2
(relay)    27    10    5043.36    5    5033.6    2    3
(advertise)    32    5046.56    36    4
(advertise)    32    5068.97    37    4
(advertise)    32    5091.18    10    5
(relay)    0    8    5092.6    5    5091.62    2    1
(relay)    29    6    5105.2    5    5084.47    3    2
(advertise)    32    5115.0    8    5
(advertise)    32    5136.61    6    5
(generate)    32    5157.62    [31]    5
(relay)    29    30    5314.44    5    5312.54    3    1
(advertise)    32    5314.64    30    5
(relay)    27    20    5341.65    5    5338.66    3    1
(advertise)    32    5341.85    20    5
(relay)    23    14    5435.86    5    5434.05    3    1
(advertise)    32    5436.06    14    5
(relay)    21    1    5506.07    6    5504    126    1
(advertise)    32    5506.27    1    6
(relay)    21    21    5534.69    5    5534.57    5    1
(advertise)    32    5535.09    21    5
(relay)    29    38    5558.7    5    5540.76    3    1
(advertise)    32    5560.1    38    5
(relay)    29    35    5581.31    5    5578.62    3    1
(advertise)    32    5582.91    35    5
(relay)    23    24    5584.33    5    5568.7    3    1
(advertise)    32    5604.93    24    5
(relay)    27    11    5627.74    5    5602.67    3    1
(advertise)    32    5629.34    11    5
(relay)    27    19    5649.95    5    5605.67    3    1
(relay)    29    5    5650.95    5    5639.66    3    2
(relay)    23    18    5651.15    5    5643.69    4    3
(advertise)    32    5651.35    19    5
(advertise)    32    5674.57    5    5
(relay)    0    0    5677.78    5    5677.31    5    2
(advertise)    32    5696.78    18    5
(relay)    0    26    5698.59    5    5640.75    1    2
(relay)    29    40    5716.79    5    5706.41    2    3
(advertise)    32    5720.19    0    5
(advertise)    32    5743.2    40    5
(relay)    23    44    5765.82    5    5724.7    3    1
(advertise)    32    5766.42    44    5
(relay)    29    29    5791.63    5    5790.64    3    1
(advertise)    32    5792.23    29    5
(relay)    27    4    5806.44    5    5767.71    3    1
(advertise)    32    5815.44    4    5
(relay)    23    48    5836.66    5    5833.22    4    1
(advertise)    32    5837.06    48    5
(relay)    23    22    5858.67    5    5851.12    4    1
(advertise)    32    5858.87    22    5
(relay)    29    28    5882.68    5    5863.17    3    1
(relay)    23    16    5883.08    5    5839.99    2    2
(advertise)    32    5884.48    28    5
(relay)    27    27    5897.7    5    5897.56    3    2
(advertise)    32    5907.9    16    5
(advertise)    32    5929.31    27    5
(relay)    33    33    5938.12    5    5937.63    5    1
(advertise)    32    5953.12    33    5
(relay)    29    39    5976.13    5    5941.44    3    1
(advertise)    32    5976.93    39    5
(relay)    23    23    5986.75    5    5986.57    4    1
(relay)    29    36    5996.75    5    5967.83    3    2
(advertise)    32    5998.95    23    5
(relay)    29    37    6020.36    5    5984.66    3    2
(advertise)    32    6022.16    36    5
(relay)    23    10    6041.77    6    6033.64    1    2
(advertise)    32    6043.37    37    5
(relay)    29    6    6087.19    6    6084.64    2    1
(advertise)    32    6087.39    6    6
(relay)    23    8    6092.4    6    6091.64    3    1
(advertise)    32    6110.0    8    6
(generate)    32    6157.81    [31]    6
(relay)    29    42    6234.43    6    6229.83    2    1
(advertise)    32    6234.63    42    6
(relay)    29    30    6314.84    6    6312.71    3    1
(advertise)    32    6315.04    30    6
(relay)    23    20    6340.45    6    6338.81    3    1
(advertise)    32    6341.05    20    6
(relay)    23    12    6373.86    6    6370.79    4    1
(advertise)    32    6374.06    12    6
(relay)    23    14    6436.08    6    6434.16    1    1
(relay)    27    1    6507.28    7    6504    125    1
(advertise)    32    6507.48    1    7
(relay)    21    21    6534.89    6    6534.72    5    1
(advertise)    32    6535.09    21    6
(relay)    29    38    6558.9    6    6540.92    3    1
(advertise)    32    6559.1    38    6
(relay)    23    24    6571.32    6    6568.85    3    1
(advertise)    32    6581.92    24    6
(relay)    27    35    6602.73    6    6578.79    2    1
(advertise)    32    6603.33    35    6
(relay)    23    11    6624.14    6    6602.81    3    1
(advertise)    32    6624.54    11    6
(relay)    23    19    6646.36    6    6605.8    3    1
(advertise)    32    6646.96    19    6
(relay)    29    5    6649.17    6    6639.8    3    1
(advertise)    32    6667.97    5    6
(relay)    0    0    6678.38    6    6677.44    5    1
(advertise)    32    6690.38    0    6
(relay)    27    18    6692.59    6    6643.83    3    1
(advertise)    32    6711.59    18    6
(relay)    27    26    6714.81    6    6640.9    3    1
(advertise)    32    6733.81    26    6
(relay)    29    40    6737.02    6    6706.6    3    1
(advertise)    32    6757.02    40    6
(relay)    23    44    6781.83    6    6724.8    3    1
(advertise)    32    6782.63    44    6
(relay)    29    29    6791.65    6    6790.67    3    1
(advertise)    32    6804.45    29    6
(relay)    0    4    6827.66    6    6767.81    2    1
(advertise)    32    6828.06    4    6
(relay)    27    48    6850.07    6    6833.32    4    1
(advertise)    32    6850.27    48    6
(relay)    29    28    6872.69    6    6863.28    3    1
(advertise)    32    6872.89    28    6
(relay)    23    22    6874.1    6    6851.15    4    1
(advertise)    32    6894.5    22    6
(relay)    27    27    6898.11    6    6897.99    3    1
(advertise)    32    6915.91    27    6
(relay)    29    16    6920.12    6    6840.13    2    1
(advertise)    32    6938.12    16    6
(relay)    0    33    6939.54    6    6937.77    4    1
(advertise)    32    6959.34    33    6
(relay)    23    23    6986.75    6    6986.75    4    1
(advertise)    32    6987.15    23    6
(relay)    29    36    7009.56    6    6967.94    3    1
(advertise)    32    7010.96    36    6
(relay)    29    37    7030.98    6    6984.76    3    1
(advertise)    32    7033.98    37    6
(relay)    27    10    7053.59    7    7034.47    2    1
(advertise)    32    7055.39    10    7
(relay)    29    6    7086.8    7    7084.8    2    1
(advertise)    32    7087.0    6    7
(relay)    23    8    7092.42    7    7091.67    3    1
(advertise)    32    7110.42    8    7
(generate)    32    7157.83    [31]    7
(relay)    23    42    7233.04    7    7229.94    3    1
(advertise)    32    7233.24    42    7
(relay)    29    30    7315.05    7    7312.81    3    1
(advertise)    32    7315.25    30    7
(relay)    23    20    7339.67    7    7338.96    3    1
(advertise)    32    7340.27    20    7
(relay)    27    12    7373.88    7    7370.92    4    1
(advertise)    32    7374.08    12    7
(relay)    23    14    7435.29    7    7434.34    3    1
(advertise)    32    7435.49    14    7
(relay)    0    1    7505.31    8    7504    126    1
(advertise)    32    7505.51    1    8
(relay)    21    21    7534.92    7    7534.86    5    1
(advertise)    32    7535.12    21    7
(relay)    29    38    7561.13    7    7541.07    3    1
(advertise)    32    7561.33    38    7
(relay)    29    35    7582.55    7    7578.87    3    1
(advertise)    32    7584.15    35    7
(relay)    23    24    7585.96    7    7569.03    3    1
(advertise)    32    7605.96    24    7
(relay)    27    11    7629.37    7    7602.95    3    1
(advertise)    32    7629.57    11    7
(relay)    23    19    7652.38    7    7605.96    3    1
(advertise)    32    7652.58    19    7
(relay)    27    26    7675.6    7    7641.08    3    1
(advertise)    32    7676.2    26    7
(relay)    21    18    7678.41    7    7643.96    3    1
(relay)    0    0    7678.61    7    7677.58    5    2
(advertise)    32    7699.21    18    7
(advertise)    32    7720.82    0    7
(relay)    29    40    7722.04    7    7706.75    3    1
(advertise)    32    7741.84    40    7
(relay)    27    44    7767.45    7    7724.92    3    1
(advertise)    32    7767.65    44    7
(relay)    23    4    7787.66    7    7767.94    3    1
(advertise)    32    7791.46    4    7
(relay)    27    29    7812.48    7    7791.08    2    1
(advertise)    32    7813.08    29    7
(relay)    27    48    7837.69    7    7833.44    4    1
(advertise)    32    7838.09    48    7
(relay)    23    22    7860.7    7    7851.15    4    1
(advertise)    32    7861.5    22    7
(relay)    23    16    7881.11    7    7840.27    3    1
(advertise)    32    7883.11    16    7
(relay)    27    27    7898.33    7    7898.18    3    1
(advertise)    32    7906.13    27    7
(relay)    33    33    7938.94    7    7937.89    5    1
(advertise)    32    7939.14    33    7
(relay)    27    39    7966.75    7    7941.73    2    1
(advertise)    32    7966.95    39    7
(relay)    23    23    7986.97    7    7986.94    4    1
(advertise)    32    7988.57    23    7
(relay)    27    36    8010.78    7    7968.05    2    1
(advertise)    32    8011.78    36    7
(relay)    27    10    8037.19    8    8034.48    2    1
(advertise)    32    8037.79    10    8
(relay)    27    8    8093.21    8    8091.67    3    1
(advertise)    32    8093.41    8    8
(generate)    32    8158.02    [31]    8
(relay)    27    42    8232.43    8    8230.05    3    1
(advertise)    32    8232.63    42    8
(relay)    29    30    8314.24    8    8312.95    3    1
(advertise)    32    8314.44    30    8
(relay)    23    20    8339.66    8    8339.1    3    1
(advertise)    32    8340.06    20    8
(relay)    23    12    8373.87    8    8371.08    4    1
(advertise)    32    8374.07    12    8
(heartbeat)    31    2    8381.21    32    8396.08    2    2
(advertise)    32    8396.68    31    2
(relay)    23    14    8435.7    8    8434.49    2    1
(advertise)    32    8435.9    14    8
(relay)    21    21    8535.11    8    8535.0    5    1
(advertise)    32    8535.31    21    8
(relay)    29    38    8560.52    8    8541.23    3    1
(advertise)    32    8560.72    38    8
(relay)    23    24    8583.74    8    8569.15    3    1
(relay)    29    35    8584.54    8    8579.0    2    2
(advertise)    32    8584.74    24    8
(relay)    27    11    8605.55    8    8603.08    1    2
(advertise)    32    8605.95    35    8
(relay)    23    19    8627.76    8    8606.06    3    1
(advertise)    32    8628.76    19    8
(relay)    23    18    8649.37    8    8644.26    3    1
(relay)    27    26    8650.37    8    8641.22    2    2
(advertise)    32    8652.57    18    8
(relay)    29    5    8653.79    8    8640.04    3    2
(advertise)    32    8673.79    26    8
(relay)    0    0    8678.8    8    8677.71    5    2
(advertise)    32    8695.8    5    8
(advertise)    32    8717.01    0    8
(relay)    29    40    8719.63    8    8706.92    3    1
(advertise)    32    8738.03    40    8
(relay)    23    44    8761.84    8    8725.01    3    1
(advertise)    32    8762.24    44    8
(relay)    23    4    8782.85    8    8768.02    3    1
(advertise)    32    8783.45    4    8
(relay)    29    29    8791.47    8    8791.27    3    1
(advertise)    32    8804.87    29    8
(relay)    27    48    8837.88    8    8833.53    3    1
(advertise)    32    8838.08    48    8
(relay)    27    22    8859.09    8    8851.32    3    1
(advertise)    32    8859.29    22    8
(relay)    27    16    8880.9    8    8840.37    3    1
(advertise)    32    8882.5    16    8
(relay)    29    28    8885.32    8    8863.51    3    1
(relay)    27    27    8899.12    8    8898.37    3    2
(advertise)    32    8906.52    28    8
(advertise)    32    8929.53    27    8
(relay)    33    33    8938.94    8    8938.02    5    1
(advertise)    32    8950.94    33    8
(relay)    29    36    8973.16    8    8968.17    3    1
(advertise)    32    8973.56    36    8
(relay)    23    23    8987.77    8    8987.13    4    1
(advertise)    32    8995.17    23    8
(relay)    27    10    9036.78    9    9034.66    2    1
(advertise)    32    9036.98    10    9
(relay)    29    6    9088.2    9    9085.08    2    1
(advertise)    32    9088.4    6    9
(relay)    23    8    9093.01    9    9091.83    3    1
(advertise)    32    9109.41    8    9
(generate)    32    9158.02    [31]    9
(relay)    23    42    9231.23    9    9230.14    3    1
(advertise)    32    9231.43    42    9
(relay)    29    30    9314.25    9    9313.02    3    1
(advertise)    32    9314.45    30    9
(relay)    23    20    9340.26    9    9339.27    3    1
(advertise)    32    9340.46    20    9
(relay)    23    12    9374.47    9    9371.17    3    1
(advertise)    32    9374.67    12    9
(relay)    23    14    9435.89    9    9434.61    2    1
(advertise)    32    9436.09    14    9
(relay)    27    1    9504.7    10    9504    125    1
(advertise)    32    9504.9    1    10
(relay)    21    21    9535.71    9    9535.15    5    1
(advertise)    32    9535.91    21    9
(relay)    29    38    9561.33    9    9541.37    3    1
(advertise)    32    9561.73    38    9
(relay)    29    35    9582.54    9    9579.08    3    1
(advertise)    32    9585.54    35    9
(relay)    0    24    9586.75    9    9569.28    2    1
(relay)    23    11    9606.75    9    9603.17    1    2
(advertise)    32    9607.95    24    9
(relay)    23    19    9629.17    9    9606.19    3    1
(advertise)    32    9630.37    19    9
(relay)    23    18    9651.18    9    9644.39    3    1
(advertise)    32    9651.58    18    9
(relay)    23    26    9672.39    9    9641.36    1    1
(relay)    0    0    9677.99    9    9677.91    5    1
(advertise)    32    9678.39    0    9
(relay)    29    40    9738.0    9    9707.09    2    1
(advertise)    32    9738.2    40    9
(relay)    27    44    9761.22    9    9725.07    3    1
(advertise)    32    9761.62    44    9
(relay)    27    2    9782.23    10    9742    118    1
(relay)    23    4    9782.83    9    9768.1    3    2
(advertise)    32    9783.83    2    10
(relay)    29    29    9791.64    9    9791.44    3    2
(advertise)    32    9806.24    4    9
(advertise)    32    9828.26    29    9
(relay)    23    48    9850.47    9    9833.63    3    1
(advertise)    32    9850.87    48    9
(relay)    23    22    9872.48    9    9852.31    3    1
(advertise)    32    9873.28    22    9
(relay)    29    28    9874.7    9    9863.61    3    1
(relay)    23    16    9894.9    9    9840.51    3    2
(advertise)    32    9896.3    28    9
(relay)    27    27    9899.11    9    9898.56    3    2
(advertise)    32    9918.91    16    9
(relay)    33    33    9939.12    9    9938.13    5    2
(advertise)    32    9942.92    27    9
(relay)    29    39    9944.13    9    9942.05    3    2
(advertise)    32    9965.13    33    9
(relay)    23    23    9987.75    9    9987.28    4    2
(advertise)    32    9988.55    39    9
(relay)    29    36    10009.96    9    9968.24    3    2
(advertise)    32    10011.76    23    9
(relay)    29    37    10032.77    9    9985.07    3    2
(advertise)    32    10033.37    36    9
(relay)    27    10    10036.19    10    10034.85    2    2
(advertise)    32    10055.79    37    9
(advertise)    32    10079.2    10    10
(relay)    23    8    10093.21    10    10092.03    3    1
(relay)    29    6    10098.41    10    10085.24    3    2
(advertise)    32    10100.61    8    10
(advertise)    32    10123.03    6    10
(generate)    32    10158.04    [31]    10
(relay)    27    42    10231.45    10    10230.23    3    1
(advertise)    32    10231.65    42    10
(relay)    29    30    10313.66    10    10313.14    3    1
(advertise)    32    10313.86    30    10
(relay)    23    20    10340.88    10    10339.39    3    1
(advertise)    32    10341.08    20    10
(relay)    23    12    10376.29    10    10371.31    3    1
(advertise)    32    10376.49    12    10
(relay)    23    14    10438.5    10    10434.75    1    1
(relay)    27    1    10504.7    11    10504    125    1
(advertise)    32    10504.9    1    11
(relay)    21    21    10535.72    10    10535.24    5    1
(advertise)    32    10535.92    21    10
(relay)    29    38    10561.53    10    10541.4    3    1
(advertise)    32    10562.13    38    10
(relay)    29    35    10583.94    10    10579.2    3    1
(advertise)    32    10584.74    35    10
(relay)    23    24    10586.16    10    10569.44    3    1
(advertise)    32    10607.76    24    10
(relay)    27    11    10630.17    10    10603.31    1    1
(relay)    29    5    10642.37    10    10640.24    3    1
(advertise)    32    10642.57    5    10
(relay)    23    19    10652.18    10    10606.33    3    1
(advertise)    32    10663.58    19    10
(relay)    0    0    10678.19    10    10678.0    5    1
(advertise)    32    10684.59    0    10
(relay)    27    26    10695.61    10    10641.51    2    1
(relay)    23    18    10697.21    10    10644.53    3    2
(advertise)    32    10707.21    26    10
(advertise)    32    10729.02    18    10
(relay)    29    40    10735.83    10    10707.11    3    1
(advertise)    32    10750.83    40    10
(relay)    27    44    10781.25    10    10725.2    3    1
(advertise)    32    10781.45    44    10
(relay)    29    29    10792.06    10    10791.46    3    1
(advertise)    32    10802.66    29    10
(relay)    29    2    10805.87    11    10742    118    1
(advertise)    32    10825.07    2    11
(relay)    23    4    10828.49    10    10768.22    3    1
(advertise)    32    10846.09    4    10
(relay)    29    28    10868.7    10    10863.74    3    1
(advertise)    32    10869.5    28    10
(relay)    23    22    10871.91    10    10852.34    3    1
(advertise)    32    10891.91    22    10
(relay)    27    27    10899.12    10    10898.59    3    1
(advertise)    32    10913.32    27    10
(relay)    27    16    10915.94    10    10840.63    3    1
(advertise)    32    10934.94    16    10
(relay)    33    33    10939.35    10    10938.28    5    1
(advertise)    32    10955.95    33    10
(relay)    29    39    10983.76    10    10942.07    3    1
(advertise)    32    10983.96    39    10
(relay)    23    23    10987.78    10    10987.3    4    1
(relay)    29    36    11005.58    10    10968.38    3    2
(advertise)    32    11005.98    23    10
(advertise)    32    11028.19    36    10
(relay)    27    37    11029.8    10    10985.6    2    1
(advertise)    32    11050.0    37    10
(relay)    23    10    11051.22    11    11034.89    1    1
(relay)    23    8    11094.42    11    11092.08    3    1
(advertise)    32    11094.62    8    11
(relay)    29    6    11097.83    11    11085.26    2    1
(advertise)    32    11117.63    6    11
(generate)    32    11158.04    [31]    11
(relay)    23    42    11232.25    11    11230.35    3    1
(advertise)    32    11232.45    42    11
(relay)    29    30    11313.67    11    11313.26    3    1
(advertise)    32    11313.87    30    11
(relay)    27    20    11341.68    11    11339.54    3    1
(advertise)    32    11341.88    20    11
(relay)    27    12    11374.49    11    11371.46    2    1
(advertise)    32    11374.69    12    11
(relay)    23    14    11438.31    11    11434.9    2    1
(advertise)    32    11438.51    14    11
(relay)    23    1    11504.32    12    11504    126    1
(advertise)    32    11504.52    1    12
(relay)    21    21    11535.93    11    11535.41    5    1
(advertise)    32    11536.13    21    11
(relay)    29    38    11560.95    11    11541.58    3    1
(advertise)    32    11561.35    38    11
(relay)    29    35    11581.76    11    11579.31    3    1
(advertise)    32    11582.36    35    11
(relay)    27    24    11604.97    11    11569.62    3    1
(advertise)    32    11605.97    24    11
(relay)    27    19    11629.98    11    11606.48    3    1
(advertise)    32    11630.58    19    11
(relay)    23    18    11652.0    11    11644.66    3    1
(advertise)    32    11654.2    18    11
(relay)    27    5    11655.61    11    11640.36    2    1
(advertise)    32    11675.21    5    11
(relay)    0    0    11678.22    11    11678.16    5    1
(relay)    23    26    11694.22    11    11641.67    2    2
(advertise)    32    11696.82    0    11
(advertise)    32    11718.24    26    11
(relay)    29    40    11722.25    11    11707.29    2    1
(advertise)    32    11739.25    40    11
(relay)    23    44    11745.06    11    11725.32    3    1
(advertise)    32    11761.66    44    11
(relay)    23    4    11770.48    11    11768.33    3    1
(advertise)    32    11783.08    4    11
(relay)    29    29    11792.09    11    11791.46    3    1
(advertise)    32    11806.69    29    11
(relay)    23    48    11836.9    11    11833.83    3    1
(advertise)    32    11837.1    48    11
(relay)    27    22    11858.31    11    11852.35    3    1
(advertise)    32    11860.11    22    11
(relay)    29    28    11881.13    11    11863.85    3    1
(relay)    27    16    11881.53    11    11840.76    3    2
(advertise)    32    11882.33    28    11
(relay)    27    27    11899.14    11    11898.61    3    2
(advertise)    32    11905.74    16    11
(advertise)    32    11927.95    27    11
(relay)    33    33    11938.57    11    11938.42    5    1
(advertise)    32    11949.57    33    11
(relay)    29    36    11973.58    11    11968.48    3    1
(advertise)    32    11974.18    36    11
(relay)    23    23    11987.99    11    11987.49    4    1
(advertise)    32    11996.79    23    11
(relay)    27    37    12017.41    11    11985.69    2    1
(advertise)    32    12017.81    37    11
(relay)    27    10    12038.82    12    12034.91    2    1
(advertise)    32    12039.02    10    12
(relay)    27    8    12094.23    12    12092.1    3    1
(advertise)    32    12094.43    8    12
(generate)    32    12158.04    [31]    12
(relay)    0    42    12234.46    12    12230.46    2    1
(advertise)    32    12234.66    42    12
(relay)    29    30    12314.07    12    12313.37    3    1
(advertise)    32    12314.27    30    12
(relay)    23    20    12341.68    12    12339.71    3    1
(advertise)    32    12341.88    20    12
(relay)    27    12    12374.3    12    12371.62    3    1
(advertise)    32    12374.5    12    12
(heartbeat)    31    3    12381.23    32    12394.91    2    2
(advertise)    32    12396.11    31    3
(relay)    23    14    12438.32    12    12435.03    2    1
(advertise)    32    12438.52    14    12
(relay)    27    1    12506.14    13    12504    125    1
(advertise)    32    12506.34    1    13
(relay)    21    21    12536.55    12    12535.55    5    1
(advertise)    32    12536.75    21    12
(relay)    29    38    12561.36    12    12541.77    3    1
(advertise)    32    12561.76    38    12
(relay)    23    24    12570.57    12    12569.77    2    1
(relay)    29    35    12581.57    12    12579.42    3    2
(advertise)    32    12582.97    24    12
(advertise)    32    12606.19    35    12
(relay)    23    11    12607.4    12    12603.59    1    1
(relay)    23    19    12630.4    12    12606.63    2    1
(advertise)    32    12631.6    19    12
(relay)    29    5    12641.81    12    12640.45    3    1
(relay)    23    18    12651.41    12    12644.8    3    2
(advertise)    32    12654.41    5    12
(relay)    23    26    12673.03    12    12641.85    2    2
(advertise)    32    12677.43    18    12
(advertise)    32    12699.64    26    12
(relay)    29    40    12709.85    12    12707.46    3    1
(relay)    23    0    12719.65    12    12678.31    4    2
(advertise)    32    12721.85    40    12
(advertise)    32    12743.47    0    12
(relay)    23    44    12764.88    12    12725.46    2    1
(advertise)    32    12765.68    44    12
(relay)    23    4    12788.29    12    12768.47    3    1
(advertise)    32    12788.69    4    12
(relay)    29    29    12792.1    12    12791.61    3    1
(advertise)    32    12812.5    29    12
(relay)    23    48    12836.12    12    12833.92    3    1
(advertise)    32    12837.32    48    12
(relay)    23    22    12858.53    12    12852.37    3    1
(advertise)    32    12859.53    22    12
(relay)    23    16    12880.94    12    12840.87    3    1
(advertise)    32    12881.14    16    12
(relay)    29    28    12883.36    12    12863.94    3    1
(relay)    27    27    12899.56    12    12898.63    3    2
(advertise)    32    12902.96    28    12
(advertise)    32    12926.17    27    12
(relay)    33    33    12938.78    12    12938.58    5    1
(advertise)    32    12948.18    33    12
(relay)    29    36    12972.6    12    12968.55    3    1
(advertise)    32    12973.8    36    12
(relay)    23    23    12988.41    12    12987.49    4    1
(advertise)    32    12995.01    23    12
(relay)    27    10    13035.62    13    13035.1    2    1
(advertise)    32    13035.82    10    13
(relay)    29    6    13088.43    13    13085.6    2    1
(advertise)    32    13088.63    6    13
(relay)    23    8    13094.25    13    13092.11    3    1
(advertise)    32    13110.65    8    13
(generate)    32    13158.06    [31]    13
(relay)    23    42    13234.07    13    13230.6    3    1
(advertise)    32    13234.27    42    13
(relay)    29    30    13314.69    13    13313.44    3    1
(advertise)    32    13314.89    30    13
(relay)    23    20    13342.7    13    13339.86    3    1
(advertise)    32    13342.9    20    13
(relay)    27    12    13373.51    13    13371.75    3    1
(advertise)    32    13373.71    12    13
(relay)    23    14    13440.13    13    13435.13    1    1
(relay)    21    21    13536.73    13    13535.69    5    1
(advertise)    32    13536.93    21    13
(relay)    29    38    13560.14    13    13541.94    3    1
(advertise)    32    13560.34    38    13
(relay)    29    35    13582.35    13    13579.45    3    1
(advertise)    32    13584.15    35    13
(relay)    29    24    13604.96    13    13569.92    1    1
(relay)    23    19    13630.76    13    13606.73    2    1
(advertise)    32    13630.96    19    13
(relay)    23    18    13652.18    13    13644.88    3    1
(advertise)    32    13652.58    18    13
(relay)    23    26    13673.79    13    13641.96    1    1
(relay)    0    0    13678.99    13    13678.47    5    1
(advertise)    32    13679.39    0    13
(relay)    29    40    13741.4    13    13707.63    2    1
(advertise)    32    13741.6    40    13
(relay)    23    44    13762.22    13    13725.55    2    1
(advertise)    32    13762.82    44    13
(relay)    23    4    13786.63    13    13768.56    3    1
(advertise)    32    13787.23    4    13
(relay)    29    29    13792.44    13    13791.79    3    1
(advertise)    32    13810.84    29    13
(relay)    23    48    13835.06    13    13834.01    3    1
(advertise)    32    13835.46    48    13
(relay)    27    22    13858.27    13    13852.51    3    1
(advertise)    32    13859.47    22    13
(relay)    29    28    13880.28    13    13864.0    3    1
(advertise)    32    13880.48    28    13
(relay)    23    16    13882.09    13    13840.95    3    1
(relay)    27    27    13899.89    13    13898.8    3    2
(advertise)    32    13902.49    16    13
(advertise)    32    13924.11    27    13
(relay)    33    33    13938.72    13    13938.64    5    1
(relay)    29    39    13943.92    13    13942.58    3    2
(advertise)    32    13945.12    33    13
(advertise)    32    13967.53    39    13
(relay)    29    36    13987.15    13    13968.64    3    1
(relay)    23    23    13988.55    13    13987.63    4    2
(advertise)    32    13988.95    36    13
(relay)    29    37    14007.96    13    13985.85    2    2
(advertise)    32    14010.16    23    13
(advertise)    32    14031.97    37    13
(relay)    27    10    14056.39    14    14035.25    2    1
(advertise)    32    14056.59    10    14
(relay)    27    8    14093.4    14    14092.25    3    1
(advertise)    32    14093.6    8    14
(generate)    32    14158.21    [31]    14
(relay)    23    42    14234.62    14    14230.68    3    1
(advertise)    32    14234.82    42    14
(relay)    29    30    14314.64    14    14313.51    3    1
(advertise)    32    14314.84    30    14
(relay)    27    20    14343.65    14    14340.0    3    1
(advertise)    32    14343.85    20    14
(relay)    33    14    14438.46    14    14435.28    1    1
(relay)    23    1    14505.26    15    14504    126    1
(advertise)    32    14505.46    1    15
(relay)    21    21    14536.88    14    14535.79    5    1
(advertise)    32    14537.08    21    14
(relay)    29    38    14560.09    14    14542.12    3    1
(advertise)    32    14560.89    38    14
(relay)    29    35    14581.9    14    14579.54    3    1
(advertise)    32    14583.3    35    14
(relay)    27    24    14605.52    14    14570.07    2    1
(advertise)    32    14605.92    24    14
(relay)    23    19    14630.13    14    14606.89    2    1
(advertise)    32    14631.13    19    14
(relay)    23    18    14650.34    14    14644.96    3    1
(relay)    27    11    14650.54    14    14603.83    1    2
(advertise)    32    14653.14    18    14
(relay)    27    26    14672.15    14    14642.11    2    1
(advertise)    32    14675.55    26    14
(relay)    0    0    14679.17    14    14678.62    5    1
(advertise)    32    14696.57    0    14
(relay)    27    5    14717.38    14    14640.57    2    1
(advertise)    32    14717.78    5    14
(relay)    29    40    14740.59    14    14707.64    3    1
(advertise)    32    14740.99    40    14
(relay)    27    44    14784.01    14    14725.64    2    1
(advertise)    32    14784.21    44    14
(relay)    29    29    14793.02    14    14791.97    3    1
(relay)    27    2    14806.22    15    14742    119    2
(advertise)    32    14807.42    29    14
(advertise)    32    14829.43    2    15
(relay)    27    4    14851.05    14    14768.67    3    1
(advertise)    32    14851.85    4    14
(relay)    27    22    14872.46    14    14852.68    3    1
(relay)    29    28    14873.26    14    14864.08    3    2
(advertise)    32    14874.46    22    14
(relay)    21    48    14875.87    14    14834.12    1    2
(advertise)    32    14896.67    28    14
(relay)    27    27    14899.88    14    14898.8    3    1
(advertise)    32    14918.28    27    14
(relay)    33    33    14939.3    14    14938.77    5    1
(advertise)    32    14939.5    33    14
(relay)    21    16    14941.51    14    14841.08    2    1
(advertise)    32    14961.51    16    14
(relay)    29    39    14966.92    14    14942.59    2    1
(advertise)    32    14982.92    39    14
(relay)    23    23    14988.74    14    14987.81    4    1
(advertise)    32    15004.94    23    14
(relay)    29    37    15012.15    14    14985.94    3    1
(advertise)    32    15028.35    37    14
(relay)    27    10    15055.36    15    15035.41    2    1
(advertise)    32    15055.76    10    15
(relay)    29    6    15087.58    15    15085.96    3    1
(advertise)    32    15087.78    6    15
(relay)    27    8    15110.79    15    15092.44    3    1
(advertise)    32    15111.39    8    15
(generate)    32    15158.4    [31]    15
(relay)    23    42    15235.21    15    15230.8    3    1
(advertise)    32    15235.41    42    15
(relay)    29    30    15315.43    15    15313.61    3    1
(advertise)    32    15315.63    30    15
(relay)    23    20    15342.64    15    15340.15    3    1
(advertise)    32    15342.84    20    15
(relay)    27    12    15373.05    15    15372.03    3    1
(advertise)    32    15373.25    12    15
(relay)    23    1    15505.27    16    15504    126    1
(advertise)    32    15505.47    1    16
(relay)    21    21    15536.88    15    15535.93    5    1
(advertise)    32    15537.08    21    15
(relay)    29    38    15559.49    15    15542.31    3    1
(advertise)    32    15560.29    38    15
(relay)    29    35    15582.51    15    15579.65    3    1
(advertise)    32    15583.51    35    15
(relay)    23    24    15584.72    15    15570.21    2    1
(advertise)    32    15604.72    24    15
(relay)    27    11    15628.73    15    15603.99    1    1
(relay)    29    5    15641.53    15    15640.68    3    1
(advertise)    32    15641.73    5    15
(relay)    23    18    15665.34    15    15645.07    3    1
(advertise)    32    15665.94    18    15
(relay)    27    26    15672.96    15    15642.28    2    1
(relay)    0    0    15679.36    15    15678.75    5    2
(relay)    23    19    15686.96    15    15607.06    2    3
(advertise)    32    15687.16    26    15
(advertise)    32    15708.77    0    15
(relay)    29    40    15710.38    15    15707.81    3    2
(advertise)    32    15730.98    19    15
(advertise)    32    15752.2    40    15
(relay)    23    44    15776.61    15    15725.78    2    1
(advertise)    32    15778.01    44    15
(relay)    29    29    15793.22    15    15792.14    3    1
(relay)    23    2    15798.22    16    15742    118    2
(advertise)    32    15801.62    29    15
(advertise)    32    15824.64    2    16
(relay)    23    4    15842.25    15    15768.8    3    1
(advertise)    32    15846.85    4    15
(relay)    23    48    15864.06    15    15834.22    3    1
(advertise)    32    15868.26    48    15
(relay)    29    28    15870.87    15    15864.18    3    1
(relay)    23    22    15886.07    15    15852.86    3    2
(advertise)    32    15891.47    28    15
(relay)    27    16    15900.09    15    15841.19    3    2
(advertise)    32    15912.89    22    15
(relay)    29    27    15914.9    15    15898.83    2    2
(advertise)    32    15934.5    16    15
(relay)    33    33    15939.51    15    15938.95    5    2
(advertise)    32    15956.11    27    15
(advertise)    32    15978.13    33    15
(relay)    29    39    15984.14    15    15942.78    3    1
(relay)    23    23    15989.14    15    15988.2    4    2
(advertise)    32    15999.34    39    15
(relay)    29    36    16004.75    15    15968.82    3    2
(advertise)    32    16023.15    23    15
(relay)    23    10    16037.37    16    16035.43    1    2
(advertise)    32    16046.17    36    15
(relay)    29    37    16050.58    15    15986.05    3    1
(advertise)    32    16069.78    37    15
(relay)    27    8    16102.79    16    16092.6    3    1
(advertise)    32    16102.99    8    16
(relay)    29    6    16116.2    16    16086.13    2    1
(advertise)    32    16125.2    6    16
(generate)    32    16158.42    [31]    16
(relay)    23    42    16235.83    16    16230.91    3    1
(advertise)    32    16236.03    42    16
(relay)    29    30    16315.44    16    16313.73    3    1
(advertise)    32    16315.64    30    16
(relay)    27    20    16342.26    16    16340.31    3    1
(advertise)    32    16342.66    20    16
(relay)    23    12    16373.67    16    16372.17    3    1
(advertise)    32    16373.87    12    16
(heartbeat)    31    4    16381.24    32    16396.88    2    2
(advertise)    32    16397.08    31    4
(relay)    23    14    16438.5    16    16435.59    2    1
(advertise)    32    16438.7    14    16
(relay)    23    1    16506.11    17    16504    126    1
(advertise)    32    16506.31    1    17
(relay)    21    21    16536.12    16    16536.12    5    1
(advertise)    32    16536.32    21    16
(relay)    29    38    16559.33    16    16542.5    3    1
(advertise)    32    16559.53    38    16
(relay)    29    35    16582.35    16    16579.75    3    1
(advertise)    32    16583.15    35    16
(relay)    0    24    16584.76    16    16570.38    1    1
(relay)    27    11    16626.56    16    16604.12    1    1
(relay)    29    5    16641.56    16    16640.78    3    1
(advertise)    32    16641.76    5    16
(relay)    27    19    16670.97    16    16607.19    1    1
(relay)    23    18    16672.57    16    16645.21    3    1
(advertise)    32    16672.77    18    16
(relay)    0    0    16679.59    16    16678.94    5    1
(relay)    27    26    16693.39    16    16642.43    2    2
(advertise)    32    16694.79    0    16
(advertise)    32    16718.0    26    16
(relay)    23    44    16764.61    16    16725.89    2    1
(advertise)    32    16764.81    44    16
(relay)    27    4    16787.43    16    16768.88    2    1
(advertise)    32    16787.83    4    16
(relay)    29    29    16793.24    16    16792.16    3    1
(advertise)    32    16810.24    29    16
(relay)    27    48    16837.25    16    16834.32    3    1
(advertise)    32    16837.65    48    16
(relay)    27    22    16859.06    16    16852.88    3    1
(advertise)    32    16859.66    22    16
(relay)    27    16    16881.48    16    16841.3    3    1
(advertise)    32    16882.48    16    16
(relay)    27    27    16899.09    16    16898.9    3    1
(relay)    27    28    16901.69    16    16864.28    2    2
(advertise)    32    16903.69    27    16
(advertise)    32    16926.7    28    16
(relay)    33    33    16939.72    16    16939.1    5    1
(advertise)    32    16948.92    33    16
(relay)    29    39    16950.53    16    16942.97    3    1
(advertise)    32    16970.13    39    16
(relay)    23    23    16988.34    16    16988.24    4    1
(advertise)    32    16992.54    23    16
(relay)    29    37    16994.96    16    16986.16    3    1
(advertise)    32    17015.36    37    16
(relay)    23    10    17038.17    17    17035.62    1    1
(relay)    29    6    17087.77    17    17086.29    3    1
(advertise)    32    17087.97    6    17
(relay)    27    8    17110.78    17    17092.77    3    1
(advertise)    32    17110.98    8    17
(generate)    32    17158.59    [31]    17
(relay)    29    42    17234.61    17    17231.01    1    1
(relay)    29    30    17316.01    17    17313.81    3    1
(advertise)    32    17316.21    30    17
(relay)    23    20    17341.42    17    17340.46    3    1
(advertise)    32    17341.62    20    17
(relay)    27    12    17376.63    17    17372.29    1    1
(relay)    23    14    17437.23    17    17435.72    1    1
(relay)    0    1    17505.43    18    17504    126    1
(advertise)    32    17505.63    1    18
(relay)    21    21    17536.25    17    17536.21    5    1
(advertise)    32    17536.45    21    17
(relay)    29    38    17561.86    17    17542.67    3    1
(advertise)    32    17562.26    38    17
(relay)    29    35    17585.27    17    17579.82    3    1
(advertise)    32    17585.47    35    17
(relay)    23    24    17587.49    17    17570.5    2    1
(advertise)    32    17607.49    24    17
(relay)    23    19    17630.9    17    17607.31    2    1
(advertise)    32    17631.5    19    17
(relay)    23    18    17653.31    17    17645.31    3    1
(advertise)    32    17653.51    18    17
(relay)    29    5    17655.32    17    17640.85    3    1
(advertise)    32    17674.72    5    17
(relay)    27    26    17677.94    17    17642.58    2    1
(relay)    0    0    17680.14    17    17679.04    5    2
(advertise)    32    17695.74    26    17
(advertise)    32    17717.95    0    17
(relay)    23    44    17745.76    17    17725.98    2    1
(advertise)    32    17745.96    44    17
(relay)    27    4    17772.58    17    17768.99    2    1
(advertise)    32    17772.98    4    17
(relay)    29    29    17792.39    17    17792.32    3    1
(advertise)    32    17793.99    29    17
(relay)    27    48    17837.4    17    17834.39    3    1
(advertise)    32    17837.6    48    17
(relay)    27    22    17860.62    17    17853.04    3    1
(advertise)    32    17861.22    22    17
(relay)    27    16    17881.63    17    17841.4    3    1
(relay)    29    28    17882.43    17    17864.34    3    2
(advertise)    32    17884.03    16    17
(relay)    27    27    17899.24    17    17899.06    3    2
(advertise)    32    17908.04    28    17
(advertise)    32    17929.05    27    17
(relay)    33    33    17939.87    17    17939.25    5    1
(advertise)    32    17951.07    33    17
(relay)    29    36    17972.48    17    17969.01    3    1
(advertise)    32    17973.88    36    17
(relay)    23    23    17988.49    17    17988.42    4    1
(relay)    29    37    17994.69    17    17986.23    3    2
(advertise)    32    17995.89    23    17
(advertise)    32    18017.11    37    17
(relay)    27    10    18039.92    18    18035.78    2    1
(advertise)    32    18041.32    10    18
(relay)    29    6    18087.53    18    18086.46    3    1
(advertise)    32    18087.73    6    18
(relay)    27    8    18109.75    18    18092.91    3    1
(advertise)    32    18110.35    8    18
(generate)    32    18158.76    [31]    18
(relay)    27    42    18233.77    18    18231.12    1    1
(relay)    29    30    18315.17    18    18313.88    3    1
(advertise)    32    18315.37    30    18
(relay)    23    20    18341.18    18    18340.56    3    1
(advertise)    32    18342.18    20    18
(relay)    27    12    18375.2    18    18372.42    3    1
(advertise)    32    18375.4    12    18
(relay)    23    14    18437.01    18    18435.87    1    1
(relay)    21    21    18536.41    18    18536.34    5    1
(advertise)    32    18536.61    21    18
(relay)    29    38    18560.42    18    18542.85    3    1
(advertise)    32    18561.02    38    18
(relay)    29    35    18583.64    18    18579.91    2    1
(advertise)    32    18583.84    35    18
(relay)    21    24    18586.25    18    18570.66    1    1
(relay)    23    11    18606.25    18    18604.38    1    1
(relay)    23    19    18629.25    18    18607.47    1    1
(relay)    29    5    18642.85    18    18641.14    3    1
(advertise)    32    18643.05    5    18
(relay)    23    18    18674.06    18    18645.4    3    1
(advertise)    32    18674.26    18    18
(relay)    29    26    18675.48    18    18642.72    1    1
(relay)    0    0    18680.28    18    18679.2    5    1
(advertise)    32    18695.28    0    18
(relay)    29    40    18739.69    18    18708.38    3    1
(advertise)    32    18739.89    40    18
(relay)    23    44    18765.5    18    18726.08    2    1
(advertise)    32    18765.9    44    18
(relay)    23    2    18785.51    19    18742    118    1
(advertise)    32    18788.51    2    19
(relay)    29    29    18792.53    18    18792.46    3    1
(relay)    23    4    18808.13    18    18769.11    2    2
(advertise)    32    18811.33    29    18
(advertise)    32    18832.74    4    18
(relay)    23    48    18854.55    18    18834.49    3    1
(advertise)    32    18855.95    48    18
(relay)    27    22    18876.37    18    18853.19    3    1
(advertise)    32    18878.37    22    18
(relay)    27    27    18899.18    18    18899.07    3    1
(relay)    23    16    18899.78    18    18841.53    3    2
(advertise)    32    18900.78    27    18
(advertise)    32    18921.99    16    18
(relay)    33    33    18940.41    18    18939.37    5    1
(relay)    23    28    18944.01    18    18864.41    1    2
(advertise)    32    18944.41    33    18
(relay)    23    23    18988.62    18    18988.61    4    1
(advertise)    32    18988.82    23    18
(relay)    29    39    18991.63    18    18943.3    3    1
(advertise)    32    19011.23    39    18
(relay)    29    37    19015.44    18    18986.31    3    1
(advertise)    32    19032.24    37    18
(relay)    27    10    19055.66    19    19035.79    2    1
(advertise)    32    19055.86    10    19
(relay)    29    36    19058.67    18    18969.09    2    1
(advertise)    32    19077.67    36    18
(relay)    23    8    19094.48    19    19093.1    3    1
(advertise)    32    19099.88    8    19
(relay)    29    6    19101.9    19    19086.64    3    1
(advertise)    32    19123.3    6    19
(generate)    32    19158.91    [31]    19
(relay)    27    42    19233.72    19    19231.22    1    1
(relay)    29    30    19315.32    19    19313.97    3    1
(advertise)    32    19315.52    30    19
(relay)    27    20    19341.74    19    19340.69    3    1
(advertise)    32    19341.94    20    19
(relay)    23    12    19375.75    19    19372.54    3    1
(advertise)    32    19375.95    12    19
(relay)    23    14    19437.56    19    19436.03    2    1
(advertise)    32    19437.76    14    19
(relay)    29    1    19505.17    20    19504    124    1
(advertise)    32    19505.37    1    20
(relay)    21    21    19536.99    19    19536.48    5    1
(advertise)    32    19537.19    21    19
(relay)    29    38    19561.4    19    19542.86    3    1
(advertise)    32    19561.8    38    19
(relay)    29    35    19583.81    19    19580.01    3    1
(advertise)    32    19585.21    35    19
(relay)    27    24    19608.63    19    19570.84    2    1
(advertise)    32    19609.03    24    19
(relay)    27    19    19631.24    19    19607.62    2    1
(advertise)    32    19631.64    19    19
(relay)    27    26    19654.05    19    19642.89    2    1
(relay)    29    5    19655.05    19    19641.24    3    2
(advertise)    32    19655.25    26    19
(relay)    21    18    19656.87    19    19645.51    2    2
(advertise)    32    19677.27    5    19
(relay)    0    0    19680.48    19    19679.42    5    2
(advertise)    32    19699.48    18    19
(relay)    29    40    19719.69    19    19708.58    3    2
(advertise)    32    19720.89    0    19
(advertise)    32    19743.7    40    19
(relay)    29    44    19747.32    19    19726.18    1    1
(relay)    27    2    19768.32    20    19742    119    1
(advertise)    32    19768.52    2    20
(relay)    27    4    19788.33    19    19769.2    2    1
(advertise)    32    19789.53    4    19
(relay)    29    29    19792.74    19    19792.65    3    1
(advertise)    32    19811.94    29    19
(relay)    21    48    19840.76    19    19834.59    2    1
(advertise)    32    19840.96    48    19
(relay)    27    22    19860.77    19    19853.21    3    1
(advertise)    32    19863.17    22    19
(relay)    27    16    19881.98    19    19841.63    3    1
(relay)    29    28    19883.98    19    19864.51    3    2
(advertise)    32    19885.18    16    19
(relay)    27    27    19899.6    19    19899.11    3    2
(advertise)    32    19907.6    28    19
(advertise)    32    19929.01    27    19
(relay)    33    33    19940.42    19    19939.47    5    1
(advertise)    32    19952.02    33    19
(relay)    27    39    19971.63    19    19943.5    2    1
(advertise)    32    19975.03    39    19
(relay)    23    23    19989.25    19    19988.63    4    1
(advertise)    32    19996.65    23    19
(relay)    29    36    19997.86    19    19969.19    3    1
(advertise)    32    20019.66    36    19
(relay)    27    37    20036.27    19    19986.42    2    1
(advertise)    32    20041.07    37    19
(relay)    23    10    20060.69    20    20035.8    1    1
(relay)    29    6    20089.69    20    20086.82    3    1
(advertise)    32    20089.89    6    20
(relay)    23    8    20112.9    20    20093.13    3    1
(advertise)    32    20113.3    8    20
(generate)    32    20158.91    [31]    20
(relay)    23    42    20232.73    20    20231.33    2    1
(advertise)    32    20232.93    42    20
(relay)    29    30    20314.54    20    20314.07    3    1
(advertise)    32    20314.94    30    20
(relay)    23    20    20342.15    20    20340.78    3    1
(advertise)    32    20342.35    20    20
(relay)    23    12    20376.76    20    20372.65    3    1
(advertise)    32    20376.96    12    20
(heartbeat)    31    5    20381.25    32    20399.18    2    2
(advertise)    32    20400.58    31    5
(relay)    27    14    20438.39    20    20436.17    2    1
(advertise)    32    20438.59    14    20
(relay)    27    1    20504.8    21    20504    125    1
(advertise)    32    20505.0    1    21
(relay)    21    21    20537.22    20    20536.6    5    1
(advertise)    32    20537.42    21    20
(relay)    29    38    20562.83    20    20542.87    3    1
(advertise)    32    20563.23    38    20
(relay)    29    35    20583.84    20    20580.1    3    1
(advertise)    32    20585.44    35    20
(relay)    27    24    20608.26    20    20571.01    2    1
(advertise)    32    20608.46    24    20
(relay)    23    11    20631.27    20    20604.64    1    1
(relay)    29    5    20643.07    20    20641.32    3    1
(advertise)    32    20643.27    5    20
(relay)    23    19    20654.88    20    20607.78    2    1
(advertise)    32    20665.48    19    20
(relay)    0    0    20679.69    20    20679.51    5    1
(advertise)    32    20687.29    0    20
(relay)    23    18    20697.31    20    20645.63    3    1
(relay)    27    26    20700.31    20    20643.02    2    2
(advertise)    32    20708.71    18    20
(advertise)    32    20731.32    26    20
(relay)    29    40    20755.73    20    20708.6    3    1
(advertise)    32    20756.13    40    20
(relay)    23    44    20782.95    20    20726.29    2    1
(advertise)    32    20783.75    44    20
(relay)    29    29    20792.96    20    20792.83    3    1
(advertise)    32    20804.76    29    20
(relay)    33    4    20806.97    20    20769.32    1    1
(relay)    23    48    20851.37    20    20834.72    2    1
(advertise)    32    20851.57    48    20
(relay)    29    28    20865.39    20    20864.59    3    1
(relay)    23    22    20872.59    20    20853.24    3    2
(advertise)    32    20873.39    28    20
(advertise)    32    20894.4    22    20
(relay)    27    16    20898.21    20    20841.76    2    1
(relay)    27    27    20899.81    20    20899.16    3    2
(advertise)    32    20917.21    16    20
(advertise)    32    20939.22    27    20
(relay)    33    33    20940.64    20    20939.61    5    1
(relay)    29    39    20954.84    20    20943.51    3    2
(advertise)    32    20961.24    33    20
(advertise)    32    20984.25    39    20
(relay)    23    23    20989.26    20    20988.69    4    1
(relay)    29    36    21001.06    20    20969.26    3    2
(advertise)    32    21007.06    23    20
(relay)    29    37    21023.28    20    20986.48    3    2
(advertise)    32    21030.08    36    20
(relay)    23    10    21048.89    21    21035.83    1    2
(advertise)    32    21053.29    37    20
(relay)    29    6    21091.1    21    21086.84    2    1
(advertise)    32    21091.3    6    21
(relay)    23    8    21095.32    21    21093.13    3    1
(advertise)    32    21113.12    8    21
(generate)    32    21158.93    [31]    21
(relay)    27    42    21233.34    21    21231.47    2    1
(advertise)    32    21233.54    42    21
(relay)    29    30    21314.95    21    21314.13    3    1
(advertise)    32    21315.15    30    21
(relay)    27    20    21342.97    21    21340.92    3    1
(advertise)    32    21343.17    20    21
(relay)    21    14    21440.58    21    21436.34    1    1
(relay)    23    1    21504.38    22    21504    126    1
(advertise)    32    21504.58    1    22
(relay)    21    21    21537.39    21    21536.74    5    1
(advertise)    32    21537.59    21    21
(relay)    29    38    21562.41    21    21543.05    3    1
(advertise)    32    21563.01    38    21
(relay)    29    35    21584.82    21    21580.14    3    1
(advertise)    32    21585.62    35    21
(relay)    27    24    21608.43    21    21571.16    2    1
(advertise)    32    21608.63    24    21
(relay)    23    11    21629.65    21    21604.75    1    1
(relay)    29    5    21643.45    21    21641.36    3    1
(advertise)    32    21643.65    5    21
(relay)    27    19    21652.86    21    21607.92    2    1
(advertise)    32    21665.66    19    21
(relay)    0    0    21679.87    21    21679.85    5    1
(advertise)    32    21688.47    0    21
(relay)    27    26    21696.28    21    21643.17    2    1
(relay)    23    18    21698.68    21    21645.73    3    2
(advertise)    32    21711.88    26    21
(relay)    29    40    21733.1    21    21708.77    3    2
(advertise)    32    21734.5    18    21
(advertise)    32    21758.51    40    21
(relay)    23    44    21766.12    21    21726.4    2    1
(advertise)    32    21780.52    44    21
(relay)    29    29    21793.54    21    21793.01    3    1
(advertise)    32    21801.54    29    21
(relay)    27    2    21805.15    22    21742    116    1
(advertise)    32    21823.55    2    22
(relay)    27    4    21849.76    21    21769.44    2    1
(advertise)    32    21850.16    4    21
(relay)    29    28    21870.98    21    21864.65    3    1
(advertise)    32    21872.78    28    21
(relay)    23    48    21875.99    21    21834.82    3    1
(advertise)    32    21894.19    48    21
(relay)    23    22    21898.2    21    21853.24    3    1
(advertise)    32    21915.4    22    21
(relay)    29    27    21936.81    21    21899.2    2    1
(relay)    27    16    21937.81    21    21841.89    1    2
(advertise)    32    21938.61    27    21
(relay)    33    33    21939.83    21    21939.76    5    1
(relay)    29    39    21960.03    21    21943.69    3    2
(advertise)    32    21961.43    33    21
(advertise)    32    21983.64    39    21
(relay)    23    23    21989.25    21    21988.71    4    1
(advertise)    32    22005.85    23    21
(relay)    29    37    22026.27    21    21986.54    3    1
(advertise)    32    22028.87    37    21
(relay)    23    10    22051.08    22    22035.84    1    1
(relay)    33    8    22095.68    22    22093.14    2    1
(advertise)    32    22095.88    8    22
(generate)    32    22159.09    [31]    22
(relay)    23    42    22233.91    22    22231.57    2    1
(advertise)    32    22234.11    42    22
(relay)    29    30    22315.12    22    22314.19    3    1
(advertise)    32    22315.32    30    22
(relay)    23    20    22342.93    22    22341.06    3    1
(advertise)    32    22343.13    20    22
(relay)    27    12    22375.74    22    22372.98    3    1
(advertise)    32    22375.94    12    22
(relay)    23    14    22439.76    22    22436.47    2    1
(advertise)    32    22439.96    14    22
(relay)    23    1    22504.37    23    22504    126    1
(advertise)    32    22504.57    1    23
(relay)    21    21    22537.98    22    22536.88    5    1
(advertise)    32    22538.18    21    22
(relay)    29    38    22563.0    22    22543.24    3    1
(advertise)    32    22563.6    38    22
(relay)    29    35    22584.21    22    22580.22    3    1
(advertise)    32    22584.61    35    22
(relay)    23    24    22587.42    22    22571.31    2    1
(advertise)    32    22606.62    24    22
(relay)    27    11    22630.04    22    22604.9    1    1
(relay)    29    5    22642.64    22    22641.44    3    1
(advertise)    32    22642.84    5    22
(relay)    27    19    22653.45    22    22608.1    2    1
(advertise)    32    22666.25    19    22
(relay)    0    0    22680.06    22    22679.99    5    1
(advertise)    32    22689.86    0    22
(relay)    23    18    22697.87    22    22645.84    3    1
(advertise)    32    22712.87    18    22
(relay)    29    26    22714.09    22    22643.31    1    1
(relay)    29    40    22736.49    22    22708.96    2    1
(advertise)    32    22737.69    40    22
(relay)    23    4    22787.5    22    22769.57    2    1
(advertise)    32    22787.7    4    22
(relay)    29    44    22789.71    22    22726.53    1    1
(relay)    29    29    22793.71    22    22793.18    3    1
(advertise)    32    22809.91    29    22
(relay)    23    48    22836.33    22    22834.97    3    1
(advertise)    32    22836.53    48    22
(relay)    23    22    22858.14    22    22853.43    3    1
(advertise)    32    22859.74    22    22
(relay)    23    16    22881.35    22    22842.01    2    1
(advertise)    32    22882.55    16    22
(relay)    27    27    22900.37    22    22899.43    3    1
(advertise)    32    22903.77    27    22
(relay)    33    33    22939.98    22    22939.9    5    1
(advertise)    32    22940.18    33    22
(relay)    29    39    22973.79    22    22943.87    3    1
(advertise)    32    22973.99    39    22
(relay)    23    23    22989.8    22    22988.88    4    1
(advertise)    32    22997.4    23    22
(relay)    27    36    23016.22    22    22969.38    2    1
(relay)    29    37    23020.02    22    22986.6    3    2
(advertise)    32    23020.62    36    22
(relay)    23    10    23039.83    23    23036.03    1    2
(advertise)    32    23042.03    37    22
(relay)    29    6    23090.24    23    23087.23    2    1
(advertise)    32    23090.44    6    23
(relay)    23    8    23095.46    23    23093.33    3    1
(advertise)    32    23112.86    8    23
(generate)    32    23159.27    [31]    23
(relay)    33    42    23236.28    23    23231.7    1    1
(relay)    29    30    23315.08    23    23314.25    3    1
(advertise)    32    23315.28    30    23
(relay)    23    20    23343.3    23    23341.19    3    1
(advertise)    32    23343.5    20    23
(relay)    27    12    23375.11    23    23373.16    3    1
(advertise)    32    23375.31    12    23
(relay)    23    14    23440.72    23    23436.62    2    1
(advertise)    32    23440.92    14    23
(relay)    21    21    23537.93    23    23536.96    5    1
(advertise)    32    23538.13    21    23
(relay)    29    38    23561.75    23    23543.43    3    1
(advertise)    32    23561.95    38    23
(relay)    29    35    23584.96    23    23580.26    3    1
(advertise)    32    23585.56    35    23
(relay)    21    24    23587.17    23    23571.46    1    1
(relay)    27    11    23610.17    23    23605.04    1    1
(relay)    27    19    23632.77    23    23608.22    2    1
(advertise)    32    23632.97    19    23
(relay)    29    5    23653.59    23    23641.49    3    1
(advertise)    32    23653.99    5    23
(relay)    23    26    23656.6    23    23643.46    2    1
(advertise)    32    23676.4    26    23
(relay)    0    0    23680.61    23    23680.14    5    1
(advertise)    32    23698.41    0    23
(relay)    23    18    23703.03    23    23645.93    2    1
(advertise)    32    23720.63    18    23
(relay)    29    40    23724.64    23    23709.16    3    1
(advertise)    32    23741.84    40    23
(relay)    27    44    23765.45    23    23726.63    1    1
(relay)    29    29    23793.85    23    23793.33    3    1
(advertise)    32    23794.05    29    23
(relay)    27    4    23812.86    23    23769.68    2    1
(advertise)    32    23815.46    4    23
(relay)    23    48    23854.08    23    23835.07    3    1
(advertise)    32    23854.28    48    23
(relay)    23    22    23875.49    23    23853.58    3    1
(advertise)    32    23877.49    22    23
(relay)    23    16    23898.3    23    23842.13    2    1
(advertise)    32    23899.5    16    23
(relay)    23    27    23919.52    23    23899.44    1    1
(relay)    33    33    23940.12    23    23940.01    5    1
(advertise)    32    23940.32    33    23
(relay)    29    36    23971.33    23    23969.43    3    1
(advertise)    32    23971.53    36    23
(relay)    23    23    23989.94    23    23988.89    4    1
(advertise)    32    23994.14    23    23
(relay)    27    37    24015.16    23    23986.64    2    1
(advertise)    32    24018.16    37    23
(relay)    23    10    24037.17    24    24036.22    1    1
(relay)    29    6    24089.77    24    24087.4    1    1
(relay)    27    8    24094.77    24    24093.46    3    1
(advertise)    32    24094.97    8    24
(generate)    32    24159.38    [31]    24
(relay)    23    42    24235.99    24    24231.78    2    1
(advertise)    32    24236.19    42    24
(relay)    29    30    24315.61    24    24314.3    3    1
(advertise)    32    24315.81    30    24
(relay)    27    20    24344.82    24    24341.3    3    1
(advertise)    32    24345.22    20    24
(relay)    27    12    24374.03    24    24373.25    3    1
(advertise)    32    24374.23    12    24
(heartbeat)    31    6    24381.27    32    24395.65    2    2
(advertise)    32    24397.05    31    6
(relay)    33    14    24439.86    24    24436.75    1    1
(relay)    23    1    24505.46    25    24504    126    1
(advertise)    32    24505.66    1    25
(relay)    21    21    24538.07    24    24537.1    5    1
(advertise)    32    24538.27    21    24
(relay)    29    38    24562.89    24    24543.61    3    1
(advertise)    32    24563.29    38    24
(relay)    29    35    24584.5    24    24580.32    3    1
(advertise)    32    24584.7    35    24
(relay)    23    24    24585.91    24    24571.58    2    1
(advertise)    32    24606.31    24    24
(relay)    23    11    24610.92    24    24605.17    1    1
(relay)    29    5    24641.92    24    24641.55    3    1
(advertise)    32    24642.12    5    24
(relay)    23    18    24665.54    24    24646.03    3    1
(advertise)    32    24665.74    18    24
(relay)    27    26    24677.35    24    24643.6    2    1
(relay)    0    0    24680.95    24    24680.32    5    2
(advertise)    32    24686.75    26    24
(advertise)    32    24708.96    0    24
(relay)    29    40    24732.38    24    24709.31    3    1
(advertise)    32    24732.78    40    24
(relay)    23    44    24755.59    24    24726.71    2    1
(advertise)    32    24756.39    44    24
(relay)    23    2    24779.0    25    24742    119    1
(advertise)    32    24779.4    2    25
(relay)    29    29    24794.62    24    24793.52    3    1
(relay)    23    4    24801.42    24    24769.76    2    2
(advertise)    32    24802.22    29    24
(advertise)    32    24823.23    4    24
(relay)    23    48    24843.84    24    24835.14    3    1
(advertise)    32    24845.84    48    24
(relay)    23    22    24866.65    24    24853.76    3    1
(advertise)    32    24868.05    22    24
(relay)    27    16    24877.07    24    24842.22    2    1
(advertise)    32    24889.27    16    24
(relay)    27    27    24901.28    24    24900.27    3    1
(advertise)    32    24910.88    27    24
(relay)    27    28    24920.29    24    24864.83    2    1
(advertise)    32    24932.29    28    24
(relay)    33    33    24940.71    24    24940.16    5    1
(advertise)    32    24953.91    33    24
(relay)    29    39    24977.32    24    24944.05    3    1
(advertise)    32    24977.72    39    24
(relay)    23    23    24989.93    24    24988.89    4    1
(advertise)    32    24999.73    23    24
(relay)    27    36    25020.95    24    24969.49    2    1
(advertise)    32    25021.35    36    24
(relay)    27    10    25043.76    25    25036.23    2    1
(advertise)    32    25044.16    10    25
(relay)    29    6    25088.97    25    25087.6    2    1
(advertise)    32    25089.17    6    25
(relay)    23    8    25093.98    25    25093.65    3    1
(advertise)    32    25110.58    8    25
(generate)    32    25159.4    [31]    25
(relay)    23    42    25235.41    25    25231.89    2    1
(advertise)    32    25235.61    42    25
(relay)    29    30    25316.02    25    25314.36    3    1
(advertise)    32    25316.22    30    25
(relay)    33    20    25344.64    25    25341.47    2    1
(advertise)    32    25344.84    20    25
(relay)    23    1    25505.45    26    25504    126    1
(advertise)    32    25505.65    1    26
(relay)    21    21    25538.26    25    25537.23    5    1
(advertise)    32    25538.46    21    25
(relay)    29    38    25561.88    25    25543.79    3    1
(advertise)    32    25562.68    38    25
(relay)    29    35    25583.49    25    25580.38    3    1
(advertise)    32    25583.69    35    25
(relay)    27    24    25607.7    25    25571.76    2    1
(advertise)    32    25608.9    24    25
(relay)    27    11    25629.11    25    25605.32    1    1
(relay)    29    5    25642.51    25    25641.61    3    1
(advertise)    32    25642.71    5    25
(relay)    27    19    25649.53    25    25608.53    1    1
(relay)    23    18    25665.93    25    25646.14    3    1
(advertise)    32    25666.33    18    25
(relay)    0    0    25680.94    25    25680.46    5    1
(advertise)    32    25690.54    0    25
(relay)    27    26    25694.75    25    25643.75    2    1
(advertise)    32    25711.95    26    25
(relay)    29    40    25735.17    25    25709.48    3    1
(advertise)    32    25735.37    40    25
(relay)    23    44    25757.38    25    25726.84    2    1
(advertise)    32    25757.58    44    25
(relay)    23    2    25789.39    26    25742    119    1
(advertise)    32    25789.59    2    26
(relay)    29    29    25794.61    25    25793.53    3    1
(relay)    23    4    25809.81    25    25769.89    2    2
(advertise)    32    25810.81    29    25
(advertise)    32    25833.02    4    25
(relay)    23    48    25853.03    25    25835.25    3    1
(advertise)    32    25854.63    48    25
(relay)    23    22    25874.44    25    25853.94    3    1
(advertise)    32    25875.84    22    25
(relay)    29    28    25877.86    25    25864.9    3    1
(relay)    23    16    25895.86    25    25842.38    2    2
(advertise)    32    25898.86    28    25
(advertise)    32    25921.27    16    25
(relay)    29    27    25923.08    25    25900.29    2    1
(relay)    33    33    25940.88    25    25940.25    5    2
(advertise)    32    25943.48    27    25
(advertise)    32    25964.7    33    25
(relay)    29    39    25970.51    25    25944.23    3    1
(advertise)    32    25986.91    39    25
(relay)    23    23    25989.92    25    25988.89    4    1
(advertise)    32    26010.52    23    25
(relay)    29    36    26016.14    25    25969.58    2    1
(advertise)    32    26032.14    36    25
(relay)    29    37    26037.95    25    25986.79    3    1
(relay)    23    10    26038.55    26    26036.23    1    2
(advertise)    32    26053.75    37    25
(relay)    23    8    26094.16    26    26093.81    3    1
(advertise)    32    26094.36    8    26
(relay)    29    6    26102.37    26    26087.76    3    1
(advertise)    32    26116.17    6    26
(generate)    32    26159.59    [31]    26
(relay)    27    42    26236.8    26    26231.99    2    1
(advertise)    32    26237.0    42    26
(relay)    29    30    26316.21    26    26314.43    3    1
(advertise)    32    26316.41    30    26
(relay)    27    20    26344.23    26    26341.61    3    1
(advertise)    32    26344.63    20    26
(relay)    23    12    26375.04    26    26373.55    3    1
(advertise)    32    26375.24    12    26
(relay)    27    14    26439.85    26    26437.08    2    1
(advertise)    32    26440.05    14    26
(relay)    0    1    26506.07    27    26504    126    1
(advertise)    32    26506.27    1    27
(relay)    21    21    26537.48    26    26537.39    5    1
(advertise)    32    26537.68    21    26
(relay)    29    38    26562.89    26    26543.97    3    1
(advertise)    32    26563.89    38    26
(relay)    29    35    26584.1    26    26580.46    3    1
(relay)    23    24    26586.3    26    26571.92    2    2
(advertise)    32    26586.5    35    26
(advertise)    32    26608.12    24    26
(relay)    23    19    26629.33    26    26608.69    2    1
(advertise)    32    26631.33    19    26
(relay)    29    5    26642.54    26    26641.68    3    1
(relay)    23    18    26650.94    26    26646.25    3    2
(relay)    27    11    26653.34    26    26605.43    1    3
(advertise)    32    26653.74    5    26
(relay)    23    26    26674.56    26    26643.89    1    3
(advertise)    32    26676.16    18    26
(relay)    0    0    26681.17    26    26680.62    5    1
(advertise)    32    26697.37    0    26
(relay)    29    40    26725.98    26    26709.68    2    1
(advertise)    32    26726.38    40    26
(relay)    23    44    26749.0    26    26726.95    2    1
(advertise)    32    26749.2    44    26
(relay)    23    4    26776.01    26    26769.99    2    1
(advertise)    32    26776.41    4    26
(relay)    29    29    26794.62    26    26793.69    3    1
(advertise)    32    26798.42    29    26
(relay)    27    48    26839.03    26    26835.36    2    1
(advertise)    32    26839.23    48    26
(relay)    27    22    26861.05    26    26854.13    3    1
(advertise)    32    26862.65    22    26
(relay)    23    16    26884.26    26    26842.49    2    1
(advertise)    32    26884.46    16    26
(relay)    27    27    26900.47    26    26900.34    3    1
(advertise)    32    26907.07    27    26
(relay)    27    28    26908.29    26    26864.97    2    1
(advertise)    32    26929.29    28    26
(relay)    33    33    26940.9    26    26940.37    5    1
(advertise)    32    26950.7    33    26
(relay)    29    36    26972.91    26    26969.65    3    1
(advertise)    32    26973.71    36    26
(relay)    23    23    26989.13    26    26989.08    4    1
(relay)    29    37    26994.13    26    26986.85    3    2
(advertise)    32    26997.33    23    26
(advertise)    32    27019.14    37    26
(relay)    27    10    27040.35    27    27036.26    2    1
(advertise)    32    27042.55    10    27
(relay)    29    6    27089.56    27    27087.93    3    1
(advertise)    32    27089.76    6    27
(relay)    27    8    27112.18    27    27093.82    3    1
(advertise)    32    27112.78    8    27
(generate)    32    27159.59    [31]    27
(relay)    27    42    27235.0    27    27232.12    2    1
(advertise)    32    27235.2    42    27
(relay)    29    30    27316.62    27    27314.52    3    1
(advertise)    32    27316.82    30    27
(relay)    27    20    27342.83    27    27341.78    3    1
(advertise)    32    27343.43    20    27
(relay)    27    12    27376.24    27    27373.72    3    1
(advertise)    32    27376.44    12    27
(relay)    23    14    27438.06    27    27437.23    2    1
(advertise)    32    27438.26    14    27
(relay)    0    1    27505.27    28    27504    126    1
(advertise)    32    27505.47    1    28
(relay)    21    21    27537.68    27    27537.52    5    1
(advertise)    32    27537.88    21    27
(relay)    29    38    27563.49    27    27544.14    3    1
(advertise)    32    27564.09    38    27
(relay)    29    35    27585.71    27    27580.54    3    1
(advertise)    32    27586.31    35    27
(relay)    27    24    27609.32    27    27572.05    2    1
(advertise)    32    27609.72    24    27
(relay)    23    11    27631.33    27    27605.58    1    1
(relay)    27    19    27631.93    27    27608.88    1    1
(relay)    29    5    27643.13    27    27641.77    3    1
(advertise)    32    27643.33    5    27
(relay)    0    0    27681.75    27    27680.72    5    1
(advertise)    32    27681.95    0    27
(relay)    23    18    27698.96    27    27646.34    3    1
(advertise)    32    27703.16    18    27
(relay)    23    26    27718.97    27    27644.01    1    1
(relay)    29    40    27725.57    27    27709.86    3    1
(advertise)    32    27726.37    40    27
(relay)    23    44    27785.99    27    27727.07    2    1
(advertise)    32    27786.19    44    27
(relay)    29    29    27794.0    27    27793.84    3    1
(relay)    23    4    27806.4    27    27770.11    2    2
(advertise)    32    27808.4    29    27
(advertise)    32    27832.41    4    27
(relay)    27    22    27856.82    27    27854.3    3    1
(advertise)    32    27857.02    22    27
(relay)    29    28    27880.44    27    27865.06    3    1
(advertise)    32    27881.84    28    27
(relay)    27    27    27900.45    27    27900.34    3    1
(advertise)    32    27905.85    27    27
(relay)    23    16    27923.46    27    27842.61    1    1
(relay)    33    33    27941.06    27    27940.47    5    1
(advertise)    32    27941.26    33    27
(relay)    29    39    27966.88    27    27944.58    3    1
(advertise)    32    27967.08    39    27
(relay)    0    23    27992.09    27    27989.51    3    1
(advertise)    32    27992.29    23    27
(relay)    29    37    28013.9    27    27988.15    3    1
(advertise)    32    28014.9    37    27
(relay)    27    10    28039.72    28    28036.45    2    1
(advertise)    32    28039.92    10    28
(relay)    29    6    28089.33    28    28088.09    3    1
(advertise)    32    28089.53    6    28
(relay)    27    8    28111.54    28    28094.01    3    1
(advertise)    32    28112.94    8    28
(generate)    32    28159.75    [31]    28
(relay)    23    42    28235.37    28    28232.24    2    1
(advertise)    32    28235.57    42    28
(relay)    29    30    28315.78    28    28314.59    3    1
(advertise)    32    28315.98    30    28
(relay)    21    20    28342.99    28    28341.88    2    1
(advertise)    32    28343.19    20    28
(relay)    23    12    28376.61    28    28373.88    3    1
(advertise)    32    28376.81    12    28
(heartbeat)    31    7    28381.28    32    28399.02    2    2
(advertise)    32    28399.22    31    7
(relay)    27    14    28438.63    28    28437.41    2    1
(advertise)    32    28438.83    14    28
(relay)    21    21    28537.85    28    28537.65    5    1
(advertise)    32    28538.05    21    28
(relay)    29    38    28562.46    28    28544.32    3    1
(advertise)    32    28563.06    38    28
(relay)    29    35    28584.27    28    28580.61    2    1
(advertise)    32    28586.67    35    28
(relay)    23    24    28588.48    28    28572.19    2    1
(advertise)    32    28608.68    24    28
(relay)    23    11    28609.9    28    28605.73    1    1
(relay)    23    19    28631.9    28    28609.01    2    1
(advertise)    32    28633.3    19    28
(relay)    29    5    28643.71    28    28641.84    3    1
(advertise)    32    28654.31    5    28
(relay)    23    26    28676.92    28    28644.15    2    1
(advertise)    32    28677.72    26    28
(relay)    0    0    28681.94    28    28680.91    5    1
(advertise)    32    28698.94    0    28
(relay)    27    18    28714.75    28    28646.44    2    1
(advertise)    32    28720.15    18    28
(relay)    29    40    28744.36    28    28710.03    3    1
(advertise)    32    28744.76    40    28
(relay)    23    44    28770.18    28    28727.2    2    1
(advertise)    32    28770.58    44    28
(relay)    23    2    28791.99    29    28742    119    1
(advertise)    32    28792.19    2    29
(relay)    29    29    28794.2    28    28794.19    3    1
(advertise)    32    28815.0    29    28
(relay)    33    4    28839.21    28    28770.25    1    1
(relay)    23    48    28859.01    28    28835.59    2    1
(advertise)    32    28859.21    48    28
(relay)    29    28    28871.63    28    28865.13    3    1
(relay)    23    22    28880.43    28    28854.48    3    2
(advertise)    32    28881.63    28    28
(relay)    27    27    28900.44    28    28900.34    3    2
(advertise)    32    28903.24    22    28
(advertise)    32    28924.65    27    28
(relay)    0    16    28925.87    28    28842.74    1    1
(relay)    33    33    28941.67    28    28940.64    5    1
(advertise)    32    28947.47    33    28
(relay)    29    39    28962.08    28    28944.78    3    1
(advertise)    32    28969.48    39    28
(relay)    23    23    28989.69    28    28989.51    4    1
(advertise)    32    28991.29    23    28
(relay)    29    36    29005.71    28    28969.81    3    1
(advertise)    32    29014.31    36    28
(relay)    29    37    29028.32    28    28988.22    3    1
(advertise)    32    29037.12    37    28
(relay)    23    10    29039.13    29    29036.47    1    1
(relay)    27    8    29095.33    29    29094.18    3    1
(advertise)    32    29095.53    8    29
(generate)    32    29159.94    [31]    29
(relay)    29    30    29315.96    29    29314.69    3    1
(advertise)    32    29316.16    30    29
(relay)    27    20    29343.17    29    29342.05    3    1
(advertise)    32    29343.37    20    29
(relay)    27    12    29377.18    29    29374.05    3    1
(advertise)    32    29377.38    12    29
(relay)    27    14    29438.8    29    29437.57    2    1
(advertise)    32    29439.0    14    29
(relay)    21    21    29538.41    29    29537.78    5    1
(advertise)    32    29538.61    21    29
(relay)    29    38    29563.62    29    29544.51    3    1
(advertise)    32    29563.82    38    29
(relay)    29    35    29585.04    29    29580.69    3    1
(advertise)    32    29586.04    35    29
(relay)    23    24    29587.65    29    29572.33    2    1
(relay)    23    11    29608.25    29    29605.84    1    2
(advertise)    32    29609.05    24    29
(relay)    23    19    29632.46    29    29609.12    2    1
(advertise)    32    29632.86    19    29
(relay)    29    5    29643.67    29    29641.93    3    1
(advertise)    32    29655.07    5    29
(relay)    21    18    29656.49    29    29646.54    2    1
(relay)    23    26    29676.89    29    29644.3    1    2
(advertise)    32    29677.29    18    29
(relay)    0    0    29682.1    29    29681.05    5    1
(advertise)    32    29700.5    0    29
(relay)    29    40    29741.91    29    29710.2    3    1
(advertise)    32    29742.11    40    29
(relay)    23    2    29768.33    30    29742    119    1
(advertise)    32    29768.73    2    30
(relay)    23    44    29788.94    29    29727.29    2    1
(advertise)    32    29790.94    44    29
(relay)    29    29    29794.55    29    29794.38    3    1
(relay)    23    4    29811.55    29    29770.35    2    2
(advertise)    32    29813.75    29    29
(advertise)    32    29836.37    4    29
(relay)    23    48    29858.58    29    29835.67    3    1
(advertise)    32    29859.78    48    29
(relay)    23    22    29879.99    29    29854.66    3    1
(advertise)    32    29882.39    22    29
(relay)    27    27    29901.0    29    29900.36    3    1
(relay)    27    16    29903.6    29    29842.78    2    2
(advertise)    32    29905.4    27    29
(advertise)    32    29927.42    16    29
(relay)    33    33    29941.83    29    29940.8    5    1
(advertise)    32    29950.23    33    29
(relay)    23    23    29990.24    29    29989.68    4    1
(advertise)    32    29990.44    23    29
(relay)    29    39    29994.46    29    29944.97    3    1
