(relay)    28    10    1034.6    1    1033.0    124    1
(advertise)    39    1034.8    10    1
(relay)    5    3    1064.61    1    1052.01    119    1
(advertise)    39    1064.81    3    1
(relay)    6    6    1085.03    1    1084.03    127    1
(advertise)    39    1087.23    6    1
(relay)    40    8    1133.84    1    1091.05    123    1
(advertise)    39    1134.04    8    1
(relay)    35    9    1156.65    1    1096.04    119    1
(advertise)    39    1157.65    9    1
(relay)    28    32    1181.07    1    1157.09    125    1
(advertise)    39    1181.67    32    1
(relay)    30    45    1202.68    1    1098.05    117    1
(advertise)    39    1205.28    45    1
(relay)    37    46    1226.49    1    1166.0    116    1
(advertise)    39    1228.29    46    1
(relay)    5    42    1250.5    1    1229.12    121    1
(advertise)    39    1251.7    42    1
(relay)    30    41    1273.32    1    1245.3    118    1
(advertise)    39    1274.12    41    1
(relay)    30    30    1312.33    1    1312.14    127    1
(advertise)    39    1312.53    30    1
(relay)    37    20    1342.54    1    1338.16    123    1
(advertise)    39    1342.74    20    1
(relay)    40    12    1374.76    1    1370.17    121    1
(advertise)    39    1374.96    12    1
(relay)    40    34    1427.77    1    1419.16    118    1
(advertise)    39    1427.97    34    1
(relay)    5    14    1450.38    1    1433.2    121    1
(advertise)    39    1450.58    14    1
(relay)    38    38    1541.2    1    1540.2    127    1
(advertise)    39    1541.4    38    1
(relay)    35    35    1578.21    1    1578.05    127    1
(advertise)    39    1578.41    35    1
(relay)    40    19    1613.82    1    1603.06    120    1
(advertise)    39    1614.02    19    1
(relay)    5    5    1640.03    1    1639.07    127    1
(advertise)    39    1640.43    5    1
(relay)    6    26    1664.85    1    1640.1    122    1
(advertise)    39    1665.65    26    1
(relay)    35    11    1688.26    1    1602.06    121    1
(advertise)    39    1688.86    11    1
(relay)    40    40    1707.07    1    1706.07    127    1
(advertise)    39    1709.87    40    1
(relay)    28    18    1711.29    1    1643.11    123    1
(advertise)    39    1730.89    18    1
(relay)    30    0    1752.9    1    1676.1    124    1
(advertise)    39    1753.5    0    1
(relay)    37    17    1775.71    1    1691.1    120    1
(advertise)    39    1777.51    17    1
(relay)    37    29    1797.33    1    1790.16    126    1
(advertise)    39    1800.13    29    1
(relay)    37    44    1818.94    1    1724.13    121    1
(advertise)    39    1821.54    44    1
(relay)    37    47    1839.55    1    1676.09    118    1
(advertise)    39    1842.75    47    1
(relay)    28    28    1862.56    1    1862.0    127    1
(relay)    37    22    1863.36    1    1850.03    124    2
(advertise)    39    1867.76    28    1
(relay)    28    4    1888.18    1    1767.15    121    2
(advertise)    39    1890.78    22    1
(advertise)    39    1913.79    4    1
(relay)    28    27    1928.0    1    1897.04    125    1
(advertise)    39    1937.2    27    1
(generate)    39    1941.02    [31]    1
(relay)    36    36    1967.63    1    1967.07    127    1
(advertise)    39    1967.83    36    1
(relay)    37    37    1985.04    1    1984.08    127    1
(advertise)    39    1990.24    37    1
(relay)    37    48    2001.86    1    1832.62    121    1
(advertise)    39    2012.26    48    1
(relay)    35    13    2041.27    1    1853.16    119    1
(advertise)    39    2041.47    13    1
(relay)    30    23    2063.48    1    1986.09    124    1
(advertise)    39    2064.08    23    1
(relay)    6    6    2085.09    2    2084.09    127    1
(advertise)    39    2085.69    6    2
(relay)    35    10    2086.91    2    2033.13    124    1
(advertise)    39    2107.91    10    2
(relay)    6    7    2132.32    1    1867.0    117    1
(advertise)    39    2132.72    7    1
(relay)    37    8    2154.93    2    2091.17    124    1
(advertise)    39    2155.33    8    2
(relay)    36    3    2174.55    2    2052.08    119    1
(advertise)    39    2176.75    3    2
(relay)    30    32    2196.76    2    2157.17    125    1
(advertise)    39    2199.96    32    2
(relay)    37    9    2219.97    2    2096.31    119    1
(advertise)    39    2222.57    9    2
(relay)    28    46    2242.79    2    2166.01    116    1
(advertise)    39    2244.59    46    2
(relay)    37    42    2262.8    2    2229.22    121    1
(advertise)    39    2266.6    42    2
(relay)    28    25    2285.21    2    2239.19    119    1
(advertise)    39    2287.61    25    2
(relay)    28    41    2308.22    2    2245.32    117    1
(advertise)    39    2309.42    41    2
(relay)    30    30    2312.84    2    2312.28    127    1
(advertise)    39    2331.44    30    2
(relay)    30    20    2353.05    2    2338.3    123    1
(advertise)    39    2353.65    20    2
(relay)    30    12    2375.06    2    2370.32    122    1
(advertise)    39    2376.86    12    2
(relay)    5    14    2447.68    2    2433.34    121    1
(advertise)    39    2447.88    14    2
(relay)    40    1    2509.29    3    2504    122    1
(advertise)    39    2509.49    1    3
(relay)    5    21    2536.9    2    2534.13    124    1
(advertise)    39    2537.1    21    2
(relay)    38    38    2541.31    2    2540.31    127    1
(advertise)    39    2558.11    38    2
(relay)    35    35    2578.73    2    2578.17    127    1
(advertise)    39    2580.13    35    2
(relay)    35    24    2609.54    2    2568.19    121    1
(advertise)    39    2609.74    24    2
(relay)    5    11    2632.95    2    2602.18    121    1
(advertise)    39    2634.35    11    2
(relay)    5    5    2639.37    2    2639.21    127    1
(advertise)    39    2656.17    5    2
(relay)    28    26    2677.58    2    2640.23    123    1
(advertise)    39    2679.78    26    2
(relay)    28    18    2700.59    2    2643.23    123    1
(advertise)    39    2701.19    18    2
(relay)    40    40    2707.21    2    2706.21    127    1
(advertise)    39    2722.61    40    2
(relay)    5    19    2744.42    2    2604.21    121    1
(advertise)    39    2745.62    19    2
(relay)    6    29    2811.83    2    2790.3    125    1
(advertise)    39    2812.03    29    2
(relay)    5    4    2831.84    2    2767.28    120    1
(advertise)    39    2836.24    4    2
(relay)    35    22    2856.26    2    2850.15    124    1
(advertise)    39    2857.66    22    2
(relay)    28    28    2862.67    2    2862.12    127    1
(advertise)    39    2881.67    28    2
(relay)    28    2    2899.08    3    2742    117    1
(advertise)    39    2904.08    2    3
(relay)    28    48    2920.7    2    2832.75    121    1
(advertise)    39    2927.1    48    2
(generate)    39    2941.11    [31]    2
(relay)    28    16    2943.12    2    2839.12    121    1
(advertise)    39    2949.32    16    2
(relay)    37    37    2985.14    2    2984.19    127    1
(advertise)    39    2985.34    37    2
(relay)    6    36    2987.75    2    2967.39    126    1
(relay)    36    27    2988.15    2    2897.16    124    2
(advertise)    39    3009.35    36    2
(advertise)    39    3030.36    27    2
(relay)    35    13    3032.57    2    2853.28    119    1
(advertise)    39    3052.37    13    2
(relay)    37    33    3054.99    2    2937.17    124    1
(advertise)    39    3074.99    33    2
(relay)    6    6    3085.2    3    3084.19    127    1
(advertise)    39    3096.0    6    3
(relay)    35    23    3102.81    2    2986.21    123    1
(advertise)    39    3118.41    23    2
(relay)    37    10    3130.23    3    3033.25    124    1
(advertise)    39    3139.83    10    3
(relay)    28    8    3166.64    3    3091.29    124    1
(advertise)    39    3166.84    8    3
(relay)    28    15    3188.85    3    3066.8    119    1
(advertise)    39    3190.45    15    3
(relay)    5    32    3213.67    3    3157.28    125    1
(advertise)    39    3213.87    32    3
(relay)    30    9    3235.08    3    3096.41    118    1
(advertise)    39    3236.88    9    3
(relay)    5    45    3260.29    3    3098.23    117    1
(advertise)    39    3260.69    45    3
(relay)    37    42    3283.7    3    3229.34    121    1
(advertise)    39    3283.9    42    3
(relay)    30    30    3312.92    3    3312.37    127    1
(advertise)    39    3313.12    30    3
(relay)    37    46    3366.13    3    3166.03    117    1
(advertise)    39    3366.33    46    3
(relay)    35    25    3389.54    3    3239.28    119    1
(advertise)    39    3390.14    25    3
(relay)    28    12    3413.16    3    3370.45    122    1
(advertise)    39    3413.36    12    3
(relay)    30    41    3435.77    3    3245.4    117    1
(advertise)    39    3436.57    41    3
(relay)    35    14    3456.58    3    3433.69    121    1
(advertise)    39    3458.18    14    3
(relay)    28    34    3479.4    3    3419.4    118    1
(advertise)    39    3479.6    34    3
(relay)    40    21    3538.41    3    3534.26    123    1
(advertise)    39    3538.61    21    3
(relay)    38    38    3540.42    3    3540.42    127    1
(advertise)    39    3560.82    38    3
(relay)    35    35    3578.83    3    3578.31    127    1
(advertise)    39    3583.83    35    3
(relay)    5    24    3607.05    3    3568.35    122    1
(advertise)    39    3607.45    24    3
(relay)    30    19    3630.46    3    3604.36    122    1
(advertise)    39    3630.66    19    3
(relay)    5    5    3639.47    3    3639.35    127    1
(advertise)    39    3653.27    5    3
(relay)    30    18    3677.09    3    3643.39    123    1
(advertise)    39    3677.29    18    3
(relay)    28    0    3700.5    3    3676.35    124    1
(advertise)    39    3701.3    0    3
(relay)    40    40    3707.31    3    3706.31    127    1
(relay)    28    11    3721.71    3    3602.36    121    2
(advertise)    39    3722.31    40    3
(advertise)    39    3745.93    11    3
(relay)    30    17    3765.94    3    3691.38    120    1
(advertise)    39    3768.14    17    3
(relay)    30    29    3792.95    3    3790.44    126    1
(advertise)    39    3793.15    29    3
(relay)    5    47    3829.76    3    3676.36    117    1
(advertise)    39    3829.96    47    3
(relay)    5    44    3855.18    3    3724.42    120    1
(advertise)    39    3855.38    44    3
(relay)    28    28    3862.79    3    3862.27    127    1
(advertise)    39    3878.59    28    3
(relay)    28    22    3899.6    3    3850.92    124    1
(advertise)    39    3902.4    22    3
(relay)    28    27    3921.42    3    3897.33    125    1
(advertise)    39    3925.42    27    3
(generate)    39    3941.23    [31]    3
(relay)    28    4    3966.24    3    3767.44    120    1
(advertise)    39    3966.44    4    3
(relay)    36    36    3968.66    3    3967.52    127    1
(relay)    37    37    3985.26    3    3984.33    127    2
(advertise)    39    3989.26    36    3
(relay)    28    33    4010.27    3    3937.32    124    2
(advertise)    39    4010.67    37    3
(advertise)    39    4033.08    33    3
(relay)    36    48    4034.89    3    3832.91    121    1
(advertise)    39    4056.49    48    3
(relay)    37    16    4057.91    3    3839.69    121    1
(advertise)    39    4078.51    16    3
(relay)    6    6    4084.32    4    4084.31    127    1
(advertise)    39    4102.72    6    4
(relay)    36    2    4107.73    4    3742    117    1
(advertise)    39    4126.33    2    4
(relay)    40    7    4168.35    3    3867.28    116    1
(advertise)    39    4168.55    7    3
(relay)    28    10    4190.56    4    4033.4    124    1
(advertise)    39    4191.16    10    4
(relay)    37    8    4213.37    4    4091.45    124    1
(advertise)    39    4214.77    8    4
(relay)    37    32    4235.39    4    4157.44    125    1
(advertise)    39    4236.99    32    4
(relay)    30    3    4258.0    4    4052.35    117    1
(advertise)    39    4259.0    3    4
(relay)    28    15    4277.61    4    4066.97    118    1
(advertise)    39    4280.21    15    4
(relay)    28    9    4301.42    4    4096.6    118    1
(advertise)    39    4302.22    9    4
(relay)    30    30    4313.04    4    4312.52    127    1
(advertise)    39    4323.44    30    4
(relay)    30    42    4325.65    4    4229.52    121    1
(advertise)    39    4347.45    42    4
(relay)    30    45    4367.06    4    4098.41    118    1
(advertise)    39    4368.86    45    4
(relay)    5    20    4390.28    4    4338.62    122    1
(advertise)    39    4390.48    20    4
(heartbeat)    31    1    4381.2    39    4413.89    127    0
(advertise)    39    4414.89    31    1
(relay)    5    46    4437.9    4    4166.04    117    1
(advertise)    39    4438.1    46    4
(relay)    30    25    4461.12    4    4239.45    119    1
(advertise)    39    4461.32    25    4
(relay)    37    41    4485.33    4    4245.57    118    1
(advertise)    39    4485.93    41    4
(relay)    5    14    4509.34    4    4433.86    121    1
(advertise)    39    4509.54    14    4
(relay)    37    1    4531.35    5    4504    123    1
(advertise)    39    4531.55    1    5
(relay)    38    38    4540.57    4    4540.57    5    1
(advertise)    39    4553.77    38    4
(relay)    35    35    4578.98    4    4578.46    4    1
(advertise)    39    4579.18    35    4
(relay)    35    24    4622.99    4    4568.55    1    1
(relay)    5    5    4639.59    4    4639.5    4    1
(advertise)    39    4639.79    5    4
(relay)    35    11    4689.61    4    4602.56    1    1
(relay)    40    40    4707.41    4    4706.41    5    1
(advertise)    39    4707.61    40    4
(relay)    37    18    4731.22    4    4643.58    1    1
(relay)    36    26    4781.42    4    4640.59    1    1
(relay)    5    44    4803.02    4    4724.6    1    1
(relay)    37    29    4804.02    4    4790.61    2    1
(advertise)    39    4804.22    29    4
(relay)    5    4    4845.83    4    4767.63    1    1
(relay)    35    48    4863.83    4    4833.08    2    1
(advertise)    39    4864.03    48    4
(relay)    35    22    4885.65    4    4851.11    2    1
(advertise)    39    4886.65    22    4
(relay)    30    28    4888.46    4    4862.4    3    1
(advertise)    39    4909.86    28    4
(relay)    28    27    4927.67    4    4897.52    1    1
(generate)    39    4941.27    [31]    4
(relay)    36    36    4968.68    4    4967.67    4    1
(advertise)    39    4968.88    36    4
(relay)    37    37    4984.5    4    4984.48    4    1
(advertise)    39    4989.9    37    4
(relay)    37    33    5006.91    4    4937.49    1    1
(relay)    5    23    5063.31    4    4986.56    1    1
(relay)    6    6    5084.51    5    5084.47    5    1
(advertise)    39    5084.71    6    5
(relay)    28    32    5159.32    5    5157.62    2    1
(advertise)    39    5159.52    32    5
(relay)    30    30    5313.14    5    5312.54    4    1
(advertise)    39    5313.34    30    5
(relay)    5    20    5342.35    5    5338.66    1    1
(relay)    40    12    5374.35    5    5370.64    1    1
(relay)    6    1    5511.15    6    5504    122    1
(advertise)    39    5511.35    1    6
(relay)    38    38    5540.76    5    5540.76    5    1
(advertise)    39    5540.96    38    5
(relay)    35    35    5579.18    5    5578.62    4    1
(advertise)    39    5579.38    35    5
(relay)    5    5    5639.79    5    5639.66    4    1
(advertise)    39    5639.99    5    5
(relay)    36    19    5674.2    5    5605.67    1    1
(relay)    5    18    5697.6    5    5643.69    1    1
(relay)    40    40    5706.6    5    5706.41    5    1
(advertise)    39    5706.8    40    5
(relay)    5    29    5792.01    5    5790.64    2    1
(advertise)    39    5792.21    29    5
(relay)    5    4    5812.03    5    5767.71    1    1
(relay)    36    48    5839.63    5    5833.22    1    1
(relay)    37    22    5862.43    5    5851.12    1    1
(relay)    28    28    5864.23    5    5863.17    4    1
(advertise)    39    5864.43    28    5
(relay)    28    16    5906.24    5    5839.99    1    1
(relay)    35    27    5929.24    5    5897.56    1    1
(generate)    39    5941.44    [31]    5
(relay)    36    36    5968.85    5    5967.83    4    1
(advertise)    39    5969.05    36    5
(relay)    37    37    5984.67    5    5984.66    4    1
(advertise)    39    5991.07    37    5
(relay)    37    23    6044.48    5    5986.57    1    1
(relay)    6    6    6084.68    6    6084.64    5    1
(advertise)    39    6084.88    6    6
(relay)    5    8    6110.69    6    6091.64    1    1
(relay)    40    32    6159.69    6    6157.81    1    1
(relay)    30    30    6313.69    6    6312.71    4    1
(advertise)    39    6313.89    30    6
(relay)    28    20    6341.31    6    6338.81    1    1
(relay)    37    12    6375.71    6    6370.79    1    1
(relay)    5    1    6507.91    7    6504    123    1
(advertise)    39    6508.11    1    7
(relay)    35    21    6536.72    6    6534.72    1    1
(relay)    38    38    6540.92    6    6540.92    5    1
(advertise)    39    6541.12    38    6
(relay)    35    35    6579.33    6    6578.79    4    1
(advertise)    39    6579.53    35    6
(relay)    5    5    6639.94    6    6639.8    4    1
(advertise)    39    6640.14    5    6
(relay)    40    0    6694.96    6    6677.44    1    1
(relay)    40    40    6706.76    6    6706.6    5    1
(advertise)    39    6706.96    40    6
(relay)    28    18    6714.17    6    6643.83    1    1
(relay)    38    29    6792.97    6    6790.67    1    1
(relay)    6    48    6853.17    6    6833.32    1    1
(relay)    28    28    6864.37    6    6863.28    4    1
(advertise)    39    6864.57    28    6
(relay)    37    22    6897.78    6    6851.15    1    1
(relay)    37    16    6921.58    6    6840.13    1    1
(generate)    39    6941.58    [31]    6
(relay)    35    27    6965.4    6    6897.99    1    1
(relay)    5    33    6966.8    6    6937.77    1    1
(relay)    36    36    6969.0    6    6967.94    4    1
(advertise)    39    6969.2    36    6
(relay)    37    37    6984.81    6    6984.76    4    1
(advertise)    39    6991.61    37    6
(relay)    6    6    7084.82    7    7084.8    5    1
(advertise)    39    7085.02    6    7
(relay)    37    8    7113.24    7    7091.67    1    1
(relay)    30    30    7313.84    7    7312.81    4    1
(advertise)    39    7314.04    30    7
(relay)    37    1    7508.05    8    7504    123    1
(advertise)    39    7508.25    1    8
(relay)    40    21    7537.06    7    7534.86    1    1
(relay)    38    38    7541.26    7    7541.07    5    1
(advertise)    39    7541.46    38    7
(relay)    35    35    7579.87    7    7578.87    4    1
(advertise)    39    7580.07    35    7
(relay)    5    5    7640.49    7    7639.9    4    1
(advertise)    39    7640.69    5    7
(relay)    36    26    7679.1    7    7641.08    1    1
(relay)    5    18    7698.7    7    7643.96    1    1
(relay)    40    40    7706.9    7    7706.75    5    1
(advertise)    39    7707.1    40    7
(relay)    37    44    7769.51    7    7724.92    1    1
(relay)    40    48    7840.91    7    7833.44    1    1
(relay)    5    22    7863.71    7    7851.15    2    1
(advertise)    39    7863.91    22    7
(relay)    30    16    7884.53    7    7840.27    1    1
(relay)    30    27    7905.53    7    7898.18    1    1
(generate)    39    7941.73    [31]    7
(relay)    36    36    7968.14    7    7968.05    4    1
(advertise)    39    7968.34    36    7
(relay)    37    37    7984.95    7    7984.87    4    1
(advertise)    39    7990.35    37    7
(relay)    6    6    8084.97    8    8084.94    5    1
(advertise)    39    8085.17    6    8
(relay)    35    8    8094.38    8    8091.67    1    1
(relay)    30    30    8313.98    8    8312.95    4    1
(advertise)    39    8314.18    30    8
(relay)    40    12    8377.19    8    8371.08    1    1
(heartbeat)    31    2    8381.21    39    8398.19    3    3
(advertise)    39    8398.39    31    2
(relay)    38    38    8541.8    8    8541.23    5    1
(advertise)    39    8542.0    38    8
(relay)    35    35    8580.02    8    8579.0    4    1
(advertise)    39    8580.22    35    8
(relay)    35    19    8632.43    8    8606.06    1    1
(relay)    5    5    8640.63    8    8640.04    4    1
(advertise)    39    8640.83    5    8
(relay)    40    40    8707.04    8    8706.92    5    1
(advertise)    39    8707.24    40    8
(relay)    35    29    8791.86    8    8791.27    2    1
(advertise)    39    8792.06    29    8
(relay)    37    48    8839.67    8    8833.53    1    1
(relay)    5    22    8862.47    8    8851.32    1    1
(relay)    28    28    8864.67    8    8863.51    4    1
(advertise)    39    8864.87    28    8
(relay)    5    16    8908.28    8    8840.37    1    1
(relay)    30    27    8930.08    8    8898.37    1    1
(generate)    39    8941.88    [31]    8
(relay)    36    36    8968.3    8    8968.17    4    1
(advertise)    39    8968.5    36    8
(relay)    28    33    8973.51    8    8938.02    1    1
(relay)    37    37    8985.11    8    8984.99    4    1
(advertise)    39    8992.11    37    8
(relay)    6    6    9085.72    9    9085.08    5    1
(advertise)    39    9085.92    6    9
(relay)    30    30    9313.93    9    9313.02    4    1
(advertise)    39    9314.13    30    9
(relay)    28    20    9341.55    9    9339.27    1    1
(relay)    40    21    9538.95    9    9535.15    1    1
(relay)    38    38    9541.95    9    9541.37    5    1
(advertise)    39    9542.15    38    9
(relay)    35    35    9580.16    9    9579.08    4    1
(advertise)    39    9580.36    35    9
(relay)    5    5    9640.57    9    9640.11    4    1
(advertise)    39    9640.77    5    9
(relay)    40    40    9707.19    9    9707.09    5    1
(advertise)    39    9707.39    40    9
(relay)    36    0    9729.8    9    9677.91    2    1
(advertise)    39    9731.0    0    9
(relay)    37    2    9784.21    10    9742    116    1
(advertise)    39    9784.41    2    10
(relay)    30    29    9807.03    9    9791.44    2    1
(advertise)    39    9807.43    29    9
(relay)    28    28    9863.64    9    9863.61    4    1
(advertise)    39    9863.84    28    9
(relay)    35    22    9899.05    9    9852.31    1    1
(relay)    37    16    9921.25    9    9840.51    1    1
(generate)    39    9942.05    [31]    9
(relay)    36    36    9968.27    9    9968.24    4    1
(advertise)    39    9968.47    36    9
(relay)    37    37    9985.68    9    9985.07    4    1
(advertise)    39    9989.68    37    9
(relay)    37    33    9992.29    9    9938.13    2    1
(advertise)    39    10011.49    33    9
(relay)    5    23    10054.9    9    9987.28    1    1
(relay)    6    6    10085.7    10    10085.24    5    1
(advertise)    39    10085.9    6    10
(relay)    28    8    10121.12    10    10092.03    1    1
(relay)    37    32    10159.72    10    10158.04    2    1
(advertise)    39    10159.92    32    10
(relay)    35    42    10231.93    10    10230.23    1    1
(relay)    30    30    10313.33    10    10313.14    4    1
(advertise)    39    10313.53    30    10
(relay)    5    20    10342.94    10    10339.39    1    1
(relay)    38    1    10505.94    11    10504    122    1
(advertise)    39    10506.14    1    11
(relay)    28    21    10538.56    10    10535.24    2    1
(advertise)    39    10538.76    21    10
(relay)    38    38    10541.97    10    10541.4    5    1
(advertise)    39    10561.57    38    10
(relay)    35    35    10579.38    10    10579.2    4    1
(advertise)    39    10582.98    35    10
(relay)    36    24    10608.4    10    10569.44    1    1
(relay)    5    5    10641.2    10    10640.24    4    1
(advertise)    39    10641.4    5    10
(relay)    5    0    10689.41    10    10678.0    2    1
(advertise)    39    10689.61    0    10
(relay)    40    40    10707.62    10    10707.11    5    1
(advertise)    39    10710.62    40    10
(relay)    28    44    10782.63    10    10725.2    1    1
(relay)    37    29    10804.63    10    10791.46    2    1
(advertise)    39    10804.83    29    10
(relay)    28    2    10828.05    11    10742    117    1
(advertise)    39    10828.45    2    11
(relay)    28    28    10863.86    10    10863.74    4    1
(advertise)    39    10864.06    28    10
(relay)    35    22    10893.27    10    10852.34    1    1
(relay)    35    27    10917.07    10    10898.59    1    1
(relay)    28    16    10938.87    10    10840.63    1    1
(generate)    39    10942.07    [31]    10
(relay)    36    36    10968.49    10    10968.38    4    1
(advertise)    39    10968.69    36    10
(relay)    36    33    10982.3    10    10938.28    2    1
(relay)    37    37    10986.1    10    10985.6    4    2
(advertise)    39    10989.9    33    10
(advertise)    39    11011.91    37    10
(relay)    6    6    11085.73    11    11085.26    5    1
(advertise)    39    11085.93    6    11
(relay)    37    42    11233.34    11    11230.35    1    1
(relay)    30    30    11313.34    11    11313.26    4    1
(advertise)    39    11313.54    30    11
(relay)    38    38    11542.55    11    11541.58    5    1
(advertise)    39    11542.75    38    11
(relay)    35    35    11579.36    11    11579.31    4    1
(advertise)    39    11579.56    35    11
(relay)    35    24    11606.98    11    11569.62    1    1
(relay)    5    5    11641.38    11    11640.36    4    1
(advertise)    39    11641.58    5    11
(relay)    38    0    11699.59    11    11678.16    1    1
(relay)    40    40    11707.79    11    11707.29    5    1
(advertise)    39    11707.99    40    11
(relay)    38    29    11793.4    11    11791.46    1    1
(relay)    35    22    11859.2    11    11852.35    1    1
(relay)    28    28    11864.0    11    11863.85    4    1
(advertise)    39    11864.2    28    11
(relay)    28    27    11904.82    11    11898.61    1    1
(generate)    39    11942.22    [31]    11
(relay)    30    33    11964.23    11    11938.42    2    1
(advertise)    39    11964.43    33    11
(relay)    36    36    11969.04    11    11968.48    4    1
(advertise)    39    11986.24    36    11
(relay)    30    37    12007.46    11    11985.69    3    1
(advertise)    39    12009.06    37    11
(relay)    35    23    12028.07    11    11987.49    1    1
(relay)    6    6    12086.47    12    12085.42    5    1
(advertise)    39    12086.67    6    12
(relay)    35    8    12096.68    12    12092.1    1    1
(relay)    5    32    12160.88    12    12158.04    2    1
(advertise)    39    12161.08    32    12
(relay)    30    30    12313.49    12    12313.37    4    1
(advertise)    39    12313.69    30    12
(relay)    5    12    12374.91    12    12371.62    1    1
(heartbeat)    31    3    12381.23    39    12395.51    3    3
(advertise)    39    12395.71    31    3
(relay)    6    21    12541.52    12    12535.55    1    1
(relay)    38    38    12542.72    12    12541.77    5    1
(advertise)    39    12542.92    38    12
(relay)    35    35    12579.53    12    12579.42    4    1
(advertise)    39    12579.73    35    12
(relay)    5    5    12641.55    12    12640.45    4    1
(advertise)    39    12641.75    5    12
(relay)    40    40    12707.96    12    12707.46    5    1
(advertise)    39    12708.16    40    12
(relay)    37    0    12744.57    12    12678.31    1    1
(relay)    5    29    12793.37    12    12791.61    2    1
(advertise)    39    12793.57    29    12
(relay)    28    28    12864.59    12    12863.94    4    1
(advertise)    39    12864.79    28    12
(generate)    39    12942.4    [31]    12
(relay)    36    36    12969.01    12    12968.55    4    1
(advertise)    39    12969.21    36    12
(relay)    36    33    12972.02    12    12938.58    1    1
(relay)    37    37    12986.82    12    12985.78    4    1
(advertise)    39    12991.42    37    12
(relay)    28    23    13017.24    12    12987.49    1    1
(relay)    6    6    13086.64    13    13085.6    5    1
(advertise)    39    13086.84    6    13
(relay)    37    32    13160.85    13    13158.06    2    1
(advertise)    39    13161.05    32    13
(relay)    30    30    13314.06    13    13313.44    4    1
(advertise)    39    13314.26    30    13
(relay)    37    12    13374.08    13    13371.75    1    1
(relay)    5    21    13538.68    13    13535.69    2    1
(advertise)    39    13538.88    21    13
(relay)    38    38    13542.89    13    13541.94    5    1
(advertise)    39    13561.29    38    13
(relay)    35    35    13579.5    13    13579.45    4    1
(advertise)    39    13583.5    35    13
(relay)    5    5    13640.52    13    13640.48    4    1
(advertise)    39    13640.72    5    13
(relay)    40    40    13708.73    13    13707.63    5    1
(advertise)    39    13708.93    40    13
(relay)    30    0    13731.54    13    13678.47    2    1
(advertise)    39    13731.94    0    13
(relay)    36    29    13810.35    13    13791.79    2    1
(advertise)    39    13810.55    29    13
(relay)    28    28    13864.57    13    13864.0    4    1
(advertise)    39    13864.77    28    13
(relay)    28    27    13902.98    13    13898.8    1    1
(generate)    39    13942.58    [31]    13
(relay)    35    33    13966.39    13    13938.64    2    1
(advertise)    39    13966.59    33    13
(relay)    36    36    13969.21    13    13968.64    4    1
(relay)    37    37    13986.81    13    13985.85    4    2
(advertise)    39    13987.61    36    13
(advertise)    39    14010.22    37    13
(relay)    6    6    14086.83    14    14085.78    5    1
(advertise)    39    14087.03    6    14
(relay)    5    8    14107.25    14    14092.25    1    1
(relay)    35    32    14161.85    14    14158.21    2    1
(advertise)    39    14162.05    32    14
(relay)    28    42    14237.66    14    14230.68    1    1
(relay)    30    30    14314.06    14    14313.51    4    1
(advertise)    39    14314.26    30    14
(relay)    35    20    14346.47    14    14340.0    1    1
(relay)    28    1    14508.27    15    14504    123    1
(advertise)    39    14508.47    1    15
(relay)    35    21    14539.88    14    14535.79    2    1
(advertise)    39    14540.08    21    14
(relay)    38    38    14542.3    14    14542.12    5    1
(advertise)    39    14562.9    38    14
(relay)    35    35    14580.11    14    14579.54    4    1
(advertise)    39    14584.91    35    14
(relay)    5    5    14640.72    14    14640.57    4    1
(advertise)    39    14640.92    5    14
(relay)    40    40    14708.74    14    14707.64    5    1
(advertise)    39    14708.94    40    14
(relay)    28    0    14730.55    14    14678.62    2    1
(advertise)    39    14731.95    0    14
(relay)    40    29    14795.56    14    14791.97    1    1
(relay)    35    2    14814.56    15    14742    117    1
(advertise)    39    14814.76    2    15
(relay)    28    28    14864.58    14    14864.08    4    1
(advertise)    39    14864.78    28    14
(relay)    5    27    14917.99    14    14898.8    1    1
(generate)    39    14942.59    [31]    14
(relay)    36    33    14943.8    14    14938.77    2    1
(advertise)    39    14944.0    33    14
(relay)    36    36    14969.81    14    14968.72    4    1
(advertise)    39    14970.01    36    14
(relay)    37    37    14987.03    14    14985.94    4    1
(advertise)    39    14993.23    37    14
(relay)    37    23    15034.44    14    14987.81    1    1
(relay)    6    6    15086.04    15    15085.96    5    1
(advertise)    39    15086.24    6    15
(relay)    35    8    15112.65    15    15092.44    1    1
(relay)    5    32    15160.05    15    15158.4    2    1
(advertise)    39    15160.25    32    15
(relay)    30    30    15314.27    15    15313.61    4    1
(advertise)    39    15314.47    30    15
(relay)    5    20    15343.48    15    15340.15    1    1
(relay)    35    12    15374.48    15    15372.03    1    1
(relay)    38    38    15542.48    15    15542.31    5    1
(advertise)    39    15542.68    38    15
(relay)    35    35    15580.29    15    15579.65    4    1
(advertise)    39    15580.49    35    15
(relay)    5    5    15640.71    15    15640.68    4    1
(advertise)    39    15640.91    5    15
(relay)    40    40    15708.72    15    15707.81    5    1
(advertise)    39    15708.92    40    15
(relay)    35    0    15731.33    15    15678.75    2    1
(advertise)    39    15732.53    0    15
(relay)    5    29    15793.54    15    15792.14    2    1
(advertise)    39    15793.74    29    15
(relay)    5    2    15813.56    16    15742    116    1
(advertise)    39    15816.16    2    16
(relay)    28    28    15865.17    15    15864.18    4    1
(advertise)    39    15865.37    28    15
(relay)    5    27    15915.58    15    15898.83    1    1
(relay)    36    16    15939.38    15    15841.19    1    1
(generate)    39    15942.78    [31]    15
(relay)    36    36    15969.8    15    15968.82    4    1
(advertise)    39    15970.0    36    15
(relay)    37    37    15986.21    15    15986.05    4    1
(advertise)    39    15992.21    37    15
(relay)    5    33    16028.82    15    15938.95    1    1
(relay)    35    23    16072.62    15    15988.2    1    1
(relay)    6    6    16086.22    16    16086.13    5    1
(advertise)    39    16086.42    6    16
(relay)    37    32    16162.64    16    16158.42    2    1
(advertise)    39    16162.84    32    16
(relay)    5    42    16238.25    16    16230.91    1    1
(relay)    30    30    16314.65    16    16313.73    4    1
(advertise)    39    16314.85    30    16
(relay)    28    20    16342.26    16    16340.31    1    1
(heartbeat)    31    4    16381.24    39    16397.86    3    3
(advertise)    39    16398.06    31    4
(relay)    38    38    16542.67    16    16542.5    5    1
(advertise)    39    16542.87    38    16
(relay)    35    35    16580.29    16    16579.75    4    1
(advertise)    39    16580.49    35    16
(relay)    5    5    16640.9    16    16640.78    4    1
(advertise)    39    16641.1    5    16
(relay)    40    40    16708.11    16    16708.0    5    1
(advertise)    39    16708.31    40    16
(relay)    28    0    16717.73    16    16678.94    2    1
(advertise)    39    16730.13    0    16
(relay)    30    29    16792.94    16    16792.16    2    1
(advertise)    39    16793.14    29    16
(relay)    35    48    16838.95    16    16834.32    1    1
(relay)    35    22    16862.15    16    16852.88    1    1
(relay)    28    28    16865.35    16    16864.28    4    1
(advertise)    39    16865.55    28    16
(relay)    37    16    16906.17    16    16841.3    1    1
(relay)    30    27    16927.57    16    16898.9    1    1
(generate)    39    16942.97    [31]    16
(relay)    36    36    16969.98    16    16968.93    4    1
(advertise)    39    16970.18    36    16
(relay)    37    37    16986.19    16    16986.16    4    1
(advertise)    39    16992.19    37    16
(relay)    30    23    17017.2    16    16988.24    1    1
(relay)    6    6    17086.4    17    17086.29    5    1
(advertise)    39    17086.6    6    17
(relay)    37    8    17112.62    17    17092.77    1    1
(relay)    40    32    17159.82    17    17158.59    1    1
(relay)    30    30    17314.82    17    17313.81    4    1
(advertise)    39    17315.02    30    17
(relay)    5    1    17507.23    18    17504    123    1
(advertise)    39    17507.43    1    18
(relay)    38    21    17538.64    17    17536.21    1    1
(relay)    38    38    17543.24    17    17542.67    5    1
(advertise)    39    17543.44    38    17
(relay)    35    35    17580.86    17    17579.82    4    1
(advertise)    39    17581.06    35    17
(relay)    5    5    17641.47    17    17640.85    4    1
(advertise)    39    17641.67    5    17
(relay)    40    40    17708.28    17    17708.2    5    1
(advertise)    39    17708.48    40    17
(relay)    28    0    17721.7    17    17679.04    2    1
(advertise)    39    17731.7    0    17
(relay)    40    29    17793.11    17    17792.32    1    1
(relay)    5    48    17839.71    17    17834.39    1    1
(relay)    5    22    17861.91    17    17853.04    1    1
(relay)    28    28    17865.31    17    17864.34    4    1
(advertise)    39    17865.51    28    17
(relay)    35    16    17906.32    17    17841.4    1    1
(relay)    37    27    17929.32    17    17899.06    1    1
(generate)    39    17943.12    [31]    17
(relay)    36    36    17969.13    17    17969.01    4    1
(advertise)    39    17969.33    36    17
(relay)    37    37    17986.35    17    17986.23    4    1
(advertise)    39    17990.35    37    17
(relay)    5    23    18017.56    17    17988.42    1    1
(relay)    6    6    18086.96    18    18086.46    5    1
(advertise)    39    18087.16    6    18
(relay)    28    8    18113.17    18    18092.91    1    1
(relay)    37    32    18159.37    18    18158.76    2    1
(advertise)    39    18159.57    32    18
(relay)    30    30    18314.99    18    18313.88    4    1
(advertise)    39    18315.19    30    18
(relay)    37    20    18342.6    18    18340.56    1    1
(relay)    5    12    18377.6    18    18372.42    1    1
(relay)    37    21    18538.0    18    18536.34    2    1
(advertise)    39    18538.2    21    18
(relay)    38    38    18543.41    18    18542.85    5    1
(advertise)    39    18559.61    38    18
(relay)    35    35    18580.83    18    18579.91    4    1
(advertise)    39    18581.83    35    18
(relay)    5    5    18641.64    18    18641.14    4    1
(advertise)    39    18641.84    5    18
(relay)    38    0    18697.45    18    18679.2    1    1
(relay)    40    40    18708.45    18    18708.38    5    1
(advertise)    39    18708.65    40    18
(relay)    38    2    18789.86    19    18742    114    1
(advertise)    39    18790.06    2    19
(relay)    37    29    18811.08    18    18792.46    2    1
(advertise)    39    18814.68    29    18
(relay)    28    28    18864.49    18    18864.41    4    1
(advertise)    39    18864.69    28    18
(relay)    35    27    18924.5    18    18899.07    1    1
(generate)    39    18943.3    [31]    18
(relay)    35    16    18966.32    18    18841.53    1    1
(relay)    36    36    18969.32    18    18969.09    4    1
(advertise)    39    18969.52    36    18
(relay)    37    37    18986.93    18    18986.31    4    1
(relay)    35    33    18988.93    18    18939.37    2    2
(advertise)    39    18993.93    37    18
(advertise)    39    19014.94    33    18
(relay)    36    23    19038.76    18    18988.61    1    1
(relay)    6    6    19087.16    19    19086.64    5    1
(advertise)    39    19087.36    6    19
(relay)    5    32    19160.37    19    19158.91    2    1
(advertise)    39    19160.57    32    19
(relay)    30    30    19313.98    19    19313.97    4    1
(advertise)    39    19314.18    30    19
(relay)    35    20    19343.59    19    19340.69    1    1
(relay)    37    12    19378.79    19    19372.54    1    1
(relay)    40    1    19505.79    20    19504    122    1
(advertise)    39    19505.99    1    20
(relay)    38    38    19543.41    19    19542.86    5    1
(advertise)    39    19543.61    38    19
(relay)    35    35    19581.02    19    19580.01    4    1
(advertise)    39    19581.22    35    19
(relay)    5    5    19641.83    19    19641.24    4    1
(advertise)    39    19642.03    5    19
(relay)    40    40    19709.05    19    19708.58    5    1
(advertise)    39    19709.25    40    19
(relay)    35    2    19769.26    20    19742    117    1
(advertise)    39    19769.46    2    20
(relay)    35    29    19792.87    19    19792.65    2    1
(advertise)    39    19793.07    29    19
(relay)    37    22    19862.29    19    19853.21    1    1
(relay)    28    28    19864.69    19    19864.51    4    1
(advertise)    39    19864.89    28    19
(relay)    36    16    19907.9    19    19841.63    1    1
(relay)    37    27    19934.3    19    19899.11    1    1
(generate)    39    19943.5    [31]    19
(relay)    36    36    19969.31    19    19969.19    4    1
(advertise)    39    19969.51    36    19
(relay)    36    33    19976.32    19    19939.47    1    1
(relay)    37    37    19986.92    19    19986.42    4    1
(advertise)    39    19991.52    37    19
(relay)    28    23    20045.34    19    19988.63    1    1
(relay)    6    6    20087.34    20    20086.82    5    1
(advertise)    39    20087.54    6    20
(relay)    37    32    20160.35    20    20158.91    2    1
(advertise)    39    20160.55    32    20
(relay)    30    30    20314.16    20    20314.07    4    1
(advertise)    39    20314.36    30    20
(heartbeat)    31    5    20381.25    39    20399.78    3    3
(advertise)    39    20399.98    31    5
(relay)    40    1    20506.39    21    20504    122    1
(advertise)    39    20506.59    1    21
(relay)    5    21    20540.4    20    20536.6    2    1
(advertise)    39    20540.6    21    20
(relay)    38    38    20543.42    20    20542.87    5    1
(advertise)    39    20563.22    38    20
(relay)    35    35    20580.23    20    20580.1    4    1
(advertise)    39    20584.83    35    20
(relay)    5    5    20642.24    20    20641.32    4    1
(advertise)    39    20642.44    5    20
(relay)    5    0    20688.85    20    20679.51    2    1
(advertise)    39    20689.05    0    20
(relay)    40    40    20709.07    20    20708.6    5    1
(advertise)    39    20711.87    40    20
(relay)    37    29    20793.68    20    20792.83    2    1
(advertise)    39    20793.88    29    20
(relay)    28    28    20864.69    20    20864.59    4    1
(advertise)    39    20864.89    28    20
(relay)    5    22    20888.71    20    20853.24    1    1
(generate)    39    20943.51    [31]    20
(relay)    36    36    20969.72    20    20969.26    4    1
(advertise)    39    20969.92    36    20
(relay)    37    37    20986.93    20    20986.48    4    1
(relay)    38    33    20991.53    20    20939.61    1    2
(advertise)    39    20993.33    37    20
(relay)    5    23    21047.35    20    20988.69    1    1
(relay)    6    6    21087.95    21    21086.84    5    1
(advertise)    39    21088.15    6    21
(relay)    30    30    21314.16    21    21314.13    4    1
(advertise)    39    21314.36    30    21
(relay)    35    20    21344.17    21    21340.92    1    1
(relay)    37    21    21540.57    21    21536.74    2    1
(advertise)    39    21540.77    21    21
(relay)    38    38    21543.98    21    21543.05    5    1
(advertise)    39    21562.78    38    21
(relay)    35    35    21580.2    21    21580.14    4    1
(advertise)    39    21585.0    35    21
(relay)    5    5    21642.41    21    21641.36    4    1
(advertise)    39    21642.61    5    21
(relay)    35    0    21690.22    21    21679.85    2    1
(advertise)    39    21690.42    0    21
(relay)    40    40    21709.24    21    21708.77    5    1
(advertise)    39    21712.84    40    21
(relay)    35    29    21794.25    21    21793.01    2    1
(advertise)    39    21794.45    29    21
(relay)    37    2    21816.46    22    21742    114    1
(advertise)    39    21817.06    2    22
(relay)    28    28    21864.68    21    21864.65    4    1
(advertise)    39    21864.88    28    21
(relay)    5    22    21915.09    21    21853.24    1    1
(relay)    36    27    21937.09    21    21899.2    1    1
(generate)    39    21943.69    [31]    21
(relay)    36    36    21969.9    21    21969.32    4    1
(advertise)    39    21970.1    36    21
(relay)    36    33    21984.11    21    21939.76    2    1
(relay)    37    37    21987.51    21    21986.54    4    2
(advertise)    39    21991.51    33    21
(advertise)    39    22013.73    37    21
(relay)    6    6    22088.14    22    22087.04    5    1
(advertise)    39    22088.34    6    22
(relay)    35    8    22097.75    22    22093.14    1    1
(relay)    5    32    22162.15    22    22159.09    2    1
(advertise)    39    22162.35    32    22
(relay)    30    30    22314.37    22    22314.19    4    1
(advertise)    39    22314.57    30    22
(relay)    28    20    22346.38    22    22341.06    1    1
(relay)    35    12    22376.18    22    22372.98    1    1
(relay)    38    1    22507.18    23    22504    122    1
(advertise)    39    22507.38    1    23
(relay)    40    21    22542.79    22    22536.88    1    1
(relay)    38    38    22544.19    22    22543.24    5    1
(advertise)    39    22544.39    38    22
(relay)    35    35    22580.41    22    22580.22    4    1
(advertise)    39    22580.61    35    22
(relay)    5    5    22642.42    22    22641.44    4    1
(advertise)    39    22642.62    5    22
(relay)    6    0    22692.43    22    22679.99    1    1
(relay)    40    40    22710.03    22    22708.96    5    1
(advertise)    39    22710.23    40    22
(relay)    5    29    22795.04    22    22793.18    2    1
(advertise)    39    22795.24    29    22
(relay)    28    28    22865.26    22    22864.72    4    1
(advertise)    39    22865.46    28    22
(generate)    39    22943.87    [31]    22
(relay)    36    36    22969.88    22    22969.38    4    1
(advertise)    39    22970.08    36    22
(relay)    28    33    22971.5    22    22939.9    2    1
(relay)    37    37    22987.7    22    22986.6    4    2
(advertise)    39    22993.1    33    22
(advertise)    39    23016.51    37    22
(relay)    6    6    23088.32    23    23087.23    5    1
(advertise)    39    23088.52    6    23
(relay)    30    8    23113.34    23    23093.33    1    1
(relay)    35    32    23162.54    23    23159.27    2    1
(advertise)    39    23162.74    32    23
(relay)    30    30    23314.75    23    23314.25    4    1
(advertise)    39    23314.95    30    23
(relay)    37    20    23346.16    23    23341.19    1    1
(relay)    37    12    23375.56    23    23373.16    1    1
(relay)    5    21    23539.76    23    23536.96    2    1
(advertise)    39    23539.96    21    23
(relay)    38    38    23544.37    23    23543.43    5    1
(advertise)    39    23561.17    38    23
(relay)    35    35    23580.79    23    23580.26    4    1
(advertise)    39    23582.99    35    23
(relay)    5    5    23641.6    23    23641.49    4    1
(advertise)    39    23641.8    5    23
(relay)    35    0    23701.61    23    23680.14    2    1
(advertise)    39    23701.81    0    23
(relay)    40    40    23710.23    23    23709.16    5    1
(advertise)    39    23723.83    40    23
(relay)    35    2    23792.64    24    23742    116    1
(advertise)    39    23792.84    2    24
(relay)    37    29    23813.85    23    23793.33    2    1
(advertise)    39    23815.25    29    23
(relay)    28    28    23865.27    23    23864.78    4    1
(advertise)    39    23865.47    28    23
(generate)    39    23943.88    [31]    23
(relay)    36    36    23970.49    23    23969.43    4    1
(advertise)    39    23970.69    36    23
(relay)    37    37    23987.7    23    23986.64    4    1
(advertise)    39    23991.7    37    23
(relay)    35    23    24015.92    23    23988.89    1    1
(relay)    6    6    24087.52    24    24087.4    5    1
(advertise)    39    24087.72    6    24
(relay)    37    8    24110.53    24    24093.46    1    1
(relay)    30    30    24314.93    24    24314.3    4    1
(advertise)    39    24315.13    30    24
(relay)    5    20    24346.54    24    24341.3    1    1
(relay)    36    12    24375.14    24    24373.25    1    1
(heartbeat)    31    6    24381.27    39    24397.34    3    4
(advertise)    39    24397.54    31    6
(relay)    38    38    24543.76    24    24543.61    5    1
(advertise)    39    24543.96    38    24
(relay)    35    35    24580.97    24    24580.32    4    1
(advertise)    39    24581.17    35    24
(relay)    5    5    24641.58    24    24641.55    4    1
(advertise)    39    24641.78    5    24
(relay)    40    40    24710.4    24    24709.31    5    1
(advertise)    39    24710.6    40    24
(relay)    38    2    24783.61    25    24742    115    1
(advertise)    39    24783.81    2    25
(relay)    30    29    24803.82    24    24793.52    2    1
(advertise)    39    24804.82    29    24
(relay)    28    28    24865.43    24    24864.83    4    1
(advertise)    39    24865.63    28    24
(generate)    39    24944.05    [31]    24
(relay)    36    36    24970.46    24    24969.49    4    1
(advertise)    39    24970.66    36    24
(relay)    28    33    24979.67    24    24940.16    2    1
(relay)    37    37    24986.87    24    24986.7    4    2
(advertise)    39    24993.47    33    24
(advertise)    39    25016.89    37    24
(relay)    28    23    25045.1    24    24988.89    1    1
(relay)    6    6    25087.7    25    25087.6    5    1
(advertise)    39    25087.9    6    25
(relay)    5    32    25161.11    25    25159.4    2    1
(advertise)    39    25161.31    32    25
(relay)    30    30    25314.93    25    25314.36    4    1
(advertise)    39    25315.13    30    25
(relay)    5    20    25345.34    25    25341.47    1    1
(relay)    35    12    25375.54    25    25373.4    1    1
(relay)    38    38    25543.94    25    25543.79    5    1
(advertise)    39    25544.14    38    25
(relay)    35    35    25580.95    25    25580.38    4    1
(advertise)    39    25581.15    35    25
(relay)    5    5    25641.76    25    25641.61    4    1
(advertise)    39    25641.96    5    25
(relay)    40    40    25709.58    25    25709.48    5    1
(advertise)    39    25709.78    40    25
(relay)    5    29    25794.79    25    25793.53    2    1
(advertise)    39    25794.99    29    25
(relay)    30    2    25816.4    26    25742    116    1
(advertise)    39    25817.6    2    26
(relay)    28    28    25865.82    25    25864.9    4    1
(advertise)    39    25866.02    28    25
(relay)    37    27    25924.03    25    25900.29    1    1
(generate)    39    25944.23    [31]    25
(relay)    36    36    25970.64    25    25969.58    4    1
(advertise)    39    25970.84    36    25
(relay)    37    37    25986.86    25    25986.79    4    1
(advertise)    39    25993.06    37    25
(relay)    5    23    26060.27    25    25988.89    1    1
(relay)    6    6    26087.87    26    26087.76    5    1
(advertise)    39    26088.07    6    26
(relay)    40    32    26160.68    26    26159.59    1    1
(relay)    30    30    26315.48    26    26314.43    4    1
(advertise)    39    26315.68    30    26
(relay)    5    20    26344.29    26    26341.61    1    1
(relay)    35    12    26376.09    26    26373.55    1    1
(relay)    5    1    26508.69    27    26504    123    1
(advertise)    39    26508.89    1    27
(relay)    5    21    26538.91    26    26537.39    2    1
(advertise)    39    26539.11    21    26
(relay)    38    38    26544.12    26    26543.97    5    1
(advertise)    39    26560.52    38    26
(relay)    35    35    26581.53    26    26580.46    4    1
(advertise)    39    26582.33    35    26
(relay)    5    5    26642.15    26    26641.68    4    1
(advertise)    39    26642.35    5    26
(relay)    40    40    26709.76    26    26709.68    5    1
(advertise)    39    26709.96    40    26
(relay)    36    29    26794.37    26    26793.69    2    1
(advertise)    39    26794.57    29    26
(relay)    28    28    26865.99    26    26864.97    4    1
(advertise)    39    26866.19    28    26
(relay)    28    27    26906.4    26    26900.34    1    1
(generate)    39    26944.4    [31]    26
(relay)    5    33    26967.61    26    26940.37    1    1
(relay)    36    36    26969.81    26    26969.65    4    1
(advertise)    39    26970.01    36    26
(relay)    37    37    26987.02    26    26986.85    4    1
(advertise)    39    26992.82    37    26
(relay)    37    23    27017.84    26    26989.08    1    1
(relay)    6    6    27088.04    27    27087.93    5    1
(advertise)    39    27088.24    6    27
(relay)    35    8    27114.85    27    27093.82    1    1
(relay)    35    32    27160.05    27    27159.59    2    1
(advertise)    39    27160.25    32    27
(relay)    30    30    27315.46    27    27314.52    4    1
(advertise)    39    27315.66    30    27
(relay)    5    1    27506.88    28    27504    123    1
(advertise)    39    27507.08    1    28
(relay)    35    21    27539.29    27    27537.52    2    1
(advertise)    39    27539.49    21    27
(relay)    38    38    27544.7    27    27544.14    5    1
(advertise)    39    27562.5    38    27
(relay)    35    35    27581.52    27    27580.54    4    1
(advertise)    39    27585.72    35    27
(relay)    5    5    27642.33    27    27641.77    4    1
(advertise)    39    27642.53    5    27
(relay)    5    0    27683.54    27    27680.72    2    1
(advertise)    39    27683.74    0    27
(relay)    40    40    27709.95    27    27709.86    5    1
(advertise)    39    27710.95    40    27
(relay)    28    28    27865.97    27    27865.06    4    1
(advertise)    39    27866.17    28    27
(relay)    35    27    27902.38    27    27900.34    1    1
(generate)    39    27944.58    [31]    27
(relay)    36    36    27969.79    27    27969.74    4    1
(advertise)    39    27969.99    36    27
(relay)    37    37    27988.21    27    27988.15    4    1
(advertise)    39    27992.41    37    27
(relay)    6    6    28088.62    28    28088.09    5    1
(advertise)    39    28088.82    6    28
(relay)    36    8    28114.63    28    28094.01    1    1
(relay)    5    32    28161.03    28    28159.75    2    1
(advertise)    39    28161.23    32    28
(relay)    30    30    28315.65    28    28314.59    4    1
(advertise)    39    28315.85    30    28
(relay)    5    20    28344.26    28    28341.88    1    1
(relay)    5    12    28379.06    28    28373.88    1    1
(heartbeat)    31    7    28381.28    39    28401.46    3    4
(advertise)    39    28401.66    31    7
(relay)    37    21    28539.87    28    28537.65    2    1
(advertise)    39    28540.07    21    28
(relay)    38    38    28544.88    28    28544.32    5    1
(advertise)    39    28562.28    38    28
(relay)    35    35    28581.7    28    28580.61    4    1
(advertise)    39    28584.7    35    28
(relay)    5    5    28642.31    28    28641.84    4    1
(advertise)    39    28642.51    5    28
(relay)    40    40    28710.12    28    28710.03    5    1
(advertise)    39    28710.32    40    28
(relay)    5    2    28793.74    29    28742    116    1
(advertise)    39    28793.94    2    29
(relay)    5    29    28816.15    28    28794.19    2    1
(advertise)    39    28816.95    29    28
(relay)    28    28    28865.16    28    28865.13    4    1
(advertise)    39    28865.36    28    28
(relay)    35    22    28892.58    28    28854.48    1    1
(relay)    5    27    28918.38    28    28900.34    1    1
(generate)    39    28944.78    [31]    28
(relay)    36    36    28969.99    28    28969.81    4    1
(advertise)    39    28970.19    36    28
(relay)    36    33    28984.4    28    28940.64    2    1
(relay)    37    37    28988.8    28    28988.22    4    2
(advertise)    39    28991.6    33    28
(advertise)    39    29013.81    37    28
(relay)    37    23    29050.23    28    28989.51    1    1
(relay)    6    6    29088.83    29    29088.28    5    1
(advertise)    39    29089.03    6    29
(relay)    35    8    29097.64    29    29094.18    1    1
(relay)    35    32    29161.04    29    29159.94    2    1
(advertise)    39    29161.24    32    29
(relay)    30    30    29314.85    29    29314.69    4    1
(advertise)    39    29315.05    30    29
(relay)    37    20    29344.47    29    29342.05    1    1
(relay)    37    12    29379.67    29    29374.05    1    1
(relay)    6    21    29541.67    29    29537.78    1    1
(relay)    38    38    29545.07    29    29544.51    5    1
(advertise)    39    29545.27    38    29
(relay)    35    35    29581.68    29    29580.69    4    1
(advertise)    39    29581.88    35    29
(relay)    5    5    29642.49    29    29641.93    4    1
(advertise)    39    29642.69    5    29
(relay)    40    40    29710.71    29    29710.2    5    1
(advertise)    39    29710.91    40    29
(relay)    37    0    29732.92    29    29681.05    2    1
(advertise)    39    29733.12    0    29
(relay)    35    2    29792.13    30    29742    115    1
(advertise)    39    29792.33    2    30
(relay)    37    29    29813.34    29    29794.38    2    1
(advertise)    39    29814.34    29    29
(relay)    28    28    29865.36    29    29865.22    4    1
(advertise)    39    29865.56    28    29
(generate)    39    29944.97    [31]    29
(relay)    36    36    29969.98    29    29969.88    4    1
(advertise)    39    29970.18    36    29
(relay)    36    33    29973.4    29    29940.8    1    1
(relay)    37    37    29988.8    29    29988.3    4    1
(advertise)    39    29992.4    37    29
