(relay)    39    10    1034.8    1    1033.0    123    1
(advertise)    40    1035.0    10    1
(relay)    5    3    1064.61    1    1052.01    119    1
(advertise)    40    1064.81    3    1
(relay)    6    6    1085.03    1    1084.03    127    1
(advertise)    40    1085.83    6    1
(relay)    5    8    1133.44    1    1091.05    124    1
(advertise)    40    1133.64    8    1
(relay)    35    9    1156.65    1    1096.04    119    1
(advertise)    40    1158.05    9    1
(relay)    5    32    1181.87    1    1157.09    125    1
(advertise)    40    1182.27    32    1
(relay)    30    45    1202.68    1    1098.05    117    1
(advertise)    40    1205.28    45    1
(relay)    37    46    1226.49    1    1166.0    116    1
(advertise)    40    1227.09    46    1
(relay)    5    42    1250.5    1    1229.12    121    1
(advertise)    40    1251.1    42    1
(relay)    30    41    1273.32    1    1245.3    118    1
(advertise)    40    1273.52    41    1
(relay)    30    30    1312.33    1    1312.14    127    1
(advertise)    40    1312.53    30    1
(relay)    37    20    1342.54    1    1338.16    123    1
(advertise)    40    1342.74    20    1
(relay)    5    12    1373.56    1    1370.17    122    1
(advertise)    40    1373.76    12    1
(relay)    5    34    1426.97    1    1419.16    119    1
(advertise)    40    1427.17    34    1
(relay)    5    14    1450.38    1    1433.2    121    1
(advertise)    40    1451.38    14    1
(relay)    38    38    1541.2    1    1540.2    127    1
(advertise)    40    1541.4    38    1
(relay)    35    35    1578.21    1    1578.05    127    1
(advertise)    40    1578.41    35    1
(relay)    5    19    1613.02    1    1603.06    121    1
(advertise)    40    1613.22    19    1
(relay)    5    5    1640.03    1    1639.07    127    1
(advertise)    40    1640.23    5    1
(relay)    37    26    1664.25    1    1640.1    123    1
(advertise)    40    1664.85    26    1
(relay)    35    11    1688.26    1    1602.06    121    1
(advertise)    40    1689.06    11    1
(generate)    40    1706.07    [31]    1
(relay)    37    18    1731.49    1    1643.11    123    1
(advertise)    40    1731.69    18    1
(relay)    30    0    1752.9    1    1676.1    124    1
(advertise)    40    1754.1    0    1
(relay)    37    17    1775.71    1    1691.1    120    1
(advertise)    40    1776.31    17    1
(relay)    37    29    1797.33    1    1790.16    126    1
(advertise)    40    1798.53    29    1
(relay)    37    44    1818.94    1    1724.13    121    1
(advertise)    40    1819.74    44    1
(relay)    37    47    1839.55    1    1676.09    118    1
(advertise)    40    1841.35    47    1
(relay)    37    22    1863.36    1    1850.03    124    1
(advertise)    40    1864.36    22    1
(relay)    39    28    1868.38    1    1862.0    126    1
(advertise)    40    1885.98    28    1
(relay)    35    4    1907.99    1    1767.15    121    1
(advertise)    40    1908.19    4    1
(relay)    35    27    1930.0    1    1897.04    125    1
(advertise)    40    1931.4    27    1
(relay)    39    39    1941.02    1    1941.02    127    1
(advertise)    40    1954.22    39    1
(relay)    36    36    1967.63    1    1967.07    127    1
(advertise)    40    1976.43    36    1
(relay)    37    37    1985.04    1    1984.08    127    1
(advertise)    40    1998.64    37    1
(relay)    37    48    2001.86    1    1832.62    121    1
(advertise)    40    2021.46    48    1
(relay)    35    13    2041.27    1    1853.16    119    1
(advertise)    40    2043.27    13    1
(relay)    30    23    2063.48    1    1986.09    124    1
(advertise)    40    2064.68    23    1
(relay)    6    6    2085.09    2    2084.09    127    1
(relay)    30    10    2086.09    2    2033.13    124    2
(advertise)    40    2086.69    6    2
(advertise)    40    2109.51    10    2
(relay)    35    7    2131.92    1    1867.0    118    1
(advertise)    40    2132.12    7    1
(relay)    37    8    2154.93    2    2091.17    124    1
(advertise)    40    2155.53    8    2
(relay)    36    3    2174.55    2    2052.08    119    1
(advertise)    40    2177.75    3    2
(relay)    30    32    2196.76    2    2157.17    125    1
(advertise)    40    2199.36    32    2
(relay)    37    9    2219.97    2    2096.31    119    1
(advertise)    40    2220.57    9    2
(relay)    36    46    2243.39    2    2166.01    116    1
(advertise)    40    2243.99    46    2
(relay)    37    42    2262.8    2    2229.22    121    1
(advertise)    40    2267.2    42    2
(relay)    37    25    2285.61    2    2239.19    118    1
(advertise)    40    2289.01    25    2
(relay)    5    41    2308.62    2    2245.32    117    1
(advertise)    40    2310.22    41    2
(relay)    30    30    2312.84    2    2312.28    127    1
(advertise)    40    2333.44    30    2
(relay)    30    20    2353.05    2    2338.3    123    1
(advertise)    40    2355.85    20    2
(relay)    30    12    2375.06    2    2370.32    122    1
(advertise)    40    2378.26    12    2
(relay)    5    14    2447.68    2    2433.34    121    1
(advertise)    40    2447.88    14    2
(relay)    5    1    2508.49    3    2504    123    1
(advertise)    40    2508.69    1    3
(relay)    5    21    2536.9    2    2534.13    124    1
(advertise)    40    2537.1    21    2
(relay)    38    38    2541.31    2    2540.31    127    1
(advertise)    40    2559.31    38    2
(relay)    35    35    2578.73    2    2578.17    127    1
(advertise)    40    2582.13    35    2
(relay)    35    24    2609.54    2    2568.19    121    1
(advertise)    40    2609.74    24    2
(relay)    5    11    2632.95    2    2602.18    121    1
(advertise)    40    2634.75    11    2
(relay)    5    5    2639.37    2    2639.21    127    1
(advertise)    40    2658.57    5    2
(relay)    35    26    2677.78    2    2640.23    123    1
(advertise)    40    2680.78    26    2
(relay)    37    18    2701.19    2    2643.23    123    1
(advertise)    40    2703.39    18    2
(generate)    40    2706.21    [31]    2
(relay)    5    19    2744.42    2    2604.21    121    1
(advertise)    40    2744.62    19    2
(relay)    6    29    2811.83    2    2790.3    125    1
(advertise)    40    2812.03    29    2
(relay)    5    4    2831.84    2    2767.28    120    1
(advertise)    40    2833.04    4    2
(relay)    35    22    2856.26    2    2850.15    124    1
(advertise)    40    2857.66    22    2
(relay)    36    28    2878.07    2    2862.12    126    1
(advertise)    40    2881.07    28    2
(relay)    36    2    2900.08    3    2742    117    1
(advertise)    40    2903.08    2    3
(relay)    37    48    2920.9    2    2832.75    121    1
(advertise)    40    2926.5    48    2
(relay)    39    39    2941.71    2    2941.11    127    1
(relay)    37    16    2944.11    2    2839.12    121    2
(advertise)    40    2948.11    39    2
(advertise)    40    2971.92    16    2
(relay)    37    37    2985.14    2    2984.19    127    1
(relay)    6    36    2987.74    2    2967.39    126    2
(relay)    36    27    2988.14    2    2897.16    124    3
(advertise)    40    2992.94    37    2
(advertise)    40    3016.15    36    2
(relay)    35    13    3032.56    2    2853.28    119    2
(advertise)    40    3037.96    27    2
(relay)    37    33    3055.17    2    2937.17    124    2
(advertise)    40    3059.57    13    2
(advertise)    40    3082.19    33    2
(relay)    6    6    3085.2    3    3084.19    127    1
(relay)    35    23    3102.8    2    2986.21    123    2
(advertise)    40    3103.2    6    3
(advertise)    40    3127.61    23    2
(relay)    37    10    3130.23    3    3033.25    124    1
(advertise)    40    3150.63    10    3
(relay)    30    8    3167.24    3    3091.29    124    1
(advertise)    40    3172.64    8    3
(relay)    6    15    3189.25    3    3066.8    118    1
(advertise)    40    3194.05    15    3
(relay)    30    32    3212.27    3    3157.28    125    1
(advertise)    40    3218.27    32    3
(relay)    30    9    3235.08    3    3096.41    118    1
(advertise)    40    3241.28    9    3
(relay)    5    45    3260.29    3    3098.23    117    1
(advertise)    40    3263.09    45    3
(relay)    37    42    3283.7    3    3229.34    121    1
(advertise)    40    3284.3    42    3
(relay)    30    30    3312.92    3    3312.37    127    1
(advertise)    40    3313.12    30    3
(relay)    37    46    3366.13    3    3166.03    117    1
(advertise)    40    3366.33    46    3
(relay)    35    25    3389.54    3    3239.28    119    1
(advertise)    40    3389.74    25    3
(relay)    37    12    3412.96    3    3370.45    122    1
(advertise)    40    3413.76    12    3
(relay)    30    41    3435.77    3    3245.4    117    1
(advertise)    40    3436.17    41    3
(relay)    35    14    3456.58    3    3433.69    121    1
(advertise)    40    3458.58    14    3
(relay)    36    34    3480.0    3    3419.4    118    1
(advertise)    40    3480.8    34    3
(relay)    5    21    3537.01    3    3534.26    124    1
(advertise)    40    3537.21    21    3
(relay)    38    38    3540.42    3    3540.42    127    1
(advertise)    40    3560.82    38    3
(relay)    35    35    3578.83    3    3578.31    127    1
(advertise)    40    3582.03    35    3
(relay)    5    24    3607.05    3    3568.35    122    1
(advertise)    40    3607.25    24    3
(relay)    30    19    3630.46    3    3604.36    122    1
(advertise)    40    3631.06    19    3
(relay)    5    5    3639.47    3    3639.35    127    1
(advertise)    40    3653.87    5    3
(relay)    30    18    3677.09    3    3643.39    123    1
(advertise)    40    3677.49    18    3
(relay)    35    0    3701.5    3    3676.35    124    1
(advertise)    40    3702.3    0    3
(generate)    40    3706.31    [31]    3
(relay)    37    11    3743.73    3    3602.36    121    1
(advertise)    40    3743.93    11    3
(relay)    30    17    3765.94    3    3691.38    120    1
(advertise)    40    3766.14    17    3
(relay)    30    29    3792.95    3    3790.44    126    1
(advertise)    40    3793.35    29    3
(relay)    5    47    3829.76    3    3676.36    117    1
(advertise)    40    3829.96    47    3
(relay)    5    44    3855.18    3    3724.42    120    1
(advertise)    40    3855.58    44    3
(relay)    30    28    3877.99    3    3862.27    126    1
(advertise)    40    3878.19    28    3
(relay)    30    22    3900.0    3    3850.92    124    1
(advertise)    40    3900.2    22    3
(relay)    30    27    3922.02    3    3897.33    125    1
(advertise)    40    3923.62    27    3
(relay)    39    39    3941.83    3    3941.23    127    1
(advertise)    40    3946.03    39    3
(relay)    30    4    3968.24    3    3767.44    120    1
(relay)    36    36    3968.64    3    3967.52    127    2
(advertise)    40    3969.84    4    3
(relay)    37    37    3985.26    3    3984.33    127    2
(advertise)    40    3990.86    36    3
(relay)    35    33    4012.27    3    3937.32    124    2
(advertise)    40    4012.87    37    3
(relay)    36    48    4034.88    3    3832.91    121    2
(advertise)    40    4035.28    33    3
(advertise)    40    4056.29    48    3
(relay)    37    16    4057.91    3    3839.69    121    1
(advertise)    40    4078.71    16    3
(relay)    6    6    4084.32    4    4084.31    127    1
(advertise)    40    4099.72    6    4
(relay)    36    2    4107.73    4    3742    117    1
(advertise)    40    4121.73    2    4
(relay)    5    7    4167.15    3    3867.28    117    1
(advertise)    40    4167.35    7    3
(relay)    38    10    4190.76    4    4033.4    123    1
(advertise)    40    4191.36    10    4
(relay)    37    8    4213.37    4    4091.45    124    1
(advertise)    40    4214.77    8    4
(relay)    37    32    4235.39    4    4157.44    125    1
(advertise)    40    4236.99    32    4
(relay)    37    3    4257.2    4    4052.35    117    1
(advertise)    40    4258.2    3    4
(relay)    37    15    4278.61    4    4066.97    118    1
(advertise)    40    4279.81    15    4
(relay)    37    9    4301.82    4    4096.6    118    1
(advertise)    40    4302.22    9    4
(relay)    30    30    4313.04    4    4312.52    127    1
(advertise)    40    4324.24    30    4
(relay)    30    42    4325.65    4    4229.52    121    1
(advertise)    40    4346.65    42    4
(relay)    30    45    4367.06    4    4098.41    118    1
(advertise)    40    4367.66    45    4
(relay)    5    20    4390.28    4    4338.62    122    1
(advertise)    40    4390.68    20    4
(heartbeat)    31    1    4381.2    40    4413.89    127    0
(advertise)    40    4415.29    31    1
(relay)    5    46    4437.9    4    4166.04    117    1
(advertise)    40    4438.5    46    4
(relay)    36    25    4460.92    4    4239.45    119    1
(advertise)    40    4463.12    25    4
(relay)    37    41    4485.33    4    4245.57    118    1
(advertise)    40    4485.53    41    4
(relay)    5    14    4509.34    4    4433.86    121    1
(advertise)    40    4509.54    14    4
(relay)    30    1    4530.55    5    4504    123    1
(advertise)    40    4532.15    1    5
(relay)    38    38    4540.57    4    4540.57    5    1
(advertise)    40    4554.57    38    4
(relay)    35    35    4578.98    4    4578.46    4    1
(advertise)    40    4579.18    35    4
(relay)    35    24    4622.99    4    4568.55    1    1
(relay)    5    5    4639.59    4    4639.5    4    1
(advertise)    40    4639.79    5    4
(relay)    35    11    4689.61    4    4602.56    1    1
(generate)    40    4706.41    [31]    4
(relay)    37    18    4731.22    4    4643.58    1    1
(relay)    36    26    4781.42    4    4640.59    1    1
(relay)    30    29    4801.42    4    4790.61    2    1
(advertise)    40    4801.62    29    4
(relay)    5    44    4803.03    4    4724.6    1    1
(relay)    5    4    4845.83    4    4767.63    1    1
(relay)    30    48    4863.43    4    4833.08    2    1
(advertise)    40    4863.63    48    4
(relay)    35    22    4885.65    4    4851.11    2    1
(advertise)    40    4887.05    22    4
(relay)    30    28    4888.46    4    4862.4    3    1
(advertise)    40    4909.46    28    4
(relay)    35    27    4929.27    4    4897.52    1    1
(relay)    39    39    4941.87    4    4941.27    5    1
(advertise)    40    4942.07    39    4
(relay)    36    36    4968.68    4    4967.67    4    1
(advertise)    40    4968.88    36    4
(relay)    37    37    4984.5    4    4984.48    4    1
(advertise)    40    4989.9    37    4
(relay)    37    33    5006.91    4    4937.49    1    1
(relay)    5    23    5063.31    4    4986.56    1    1
(relay)    6    6    5084.51    5    5084.47    5    1
(advertise)    40    5084.71    6    5
(relay)    5    8    5130.72    5    5091.62    1    1
(relay)    5    32    5159.72    5    5157.62    2    1
(advertise)    40    5159.92    32    5
(relay)    30    30    5313.54    5    5312.54    4    1
(advertise)    40    5313.74    30    5
(relay)    5    20    5342.35    5    5338.66    1    1
(relay)    37    12    5373.95    5    5370.64    2    1
(advertise)    40    5374.15    12    5
(relay)    6    1    5511.16    6    5504    122    1
(advertise)    40    5511.36    1    6
(relay)    38    38    5540.78    5    5540.76    5    1
(advertise)    40    5540.98    38    5
(relay)    35    35    5579.19    5    5578.62    4    1
(advertise)    40    5579.39    35    5
(relay)    5    5    5639.8    5    5639.66    4    1
(advertise)    40    5640.0    5    5
(relay)    36    19    5674.21    5    5605.67    1    1
(relay)    5    18    5697.61    5    5643.69    1    1
(generate)    40    5706.41    [31]    5
(relay)    5    0    5765.63    5    5677.31    1    1
(relay)    5    29    5792.03    5    5790.64    2    1
(advertise)    40    5792.23    29    5
(relay)    5    4    5812.04    5    5767.71    1    1
(relay)    36    48    5839.64    5    5833.22    1    1
(relay)    37    22    5862.44    5    5851.12    1    1
(relay)    37    28    5883.44    5    5863.17    3    1
(advertise)    40    5883.64    28    5
(relay)    37    16    5906.45    5    5839.99    1    1
(relay)    30    27    5928.85    5    5897.56    1    1
(relay)    39    39    5942.05    5    5941.44    5    1
(advertise)    40    5942.25    39    5
(relay)    36    36    5968.87    5    5967.83    4    1
(advertise)    40    5969.07    36    5
(relay)    37    37    5984.68    5    5984.66    4    1
(advertise)    40    5992.28    37    5
(relay)    6    6    6084.69    6    6084.64    5    1
(advertise)    40    6084.89    6    6
(relay)    5    8    6110.71    6    6091.64    1    1
(relay)    36    32    6159.31    6    6157.81    2    1
(advertise)    40    6159.51    32    6
(relay)    30    30    6313.72    6    6312.71    4    1
(advertise)    40    6313.92    30    6
(relay)    35    20    6341.53    6    6338.81    1    1
(relay)    37    12    6375.73    6    6370.79    1    1
(relay)    5    1    6507.93    7    6504    123    1
(advertise)    40    6508.13    1    7
(relay)    35    21    6536.74    6    6534.72    1    1
(relay)    38    38    6540.94    6    6540.92    5    1
(advertise)    40    6541.14    38    6
(relay)    35    35    6579.76    6    6578.79    4    1
(advertise)    40    6579.96    35    6
(relay)    5    5    6640.37    6    6639.8    4    1
(advertise)    40    6640.57    5    6
(relay)    5    0    6693.58    6    6677.44    2    1
(advertise)    40    6693.78    0    6
(generate)    40    6706.6    [31]    6
(relay)    35    18    6736.61    6    6643.83    1    1
(relay)    38    29    6793.01    6    6790.67    1    1
(relay)    6    48    6853.21    6    6833.32    1    1
(relay)    30    28    6875.01    6    6863.28    3    1
(advertise)    40    6875.21    28    6
(relay)    5    22    6896.22    6    6851.15    1    1
(relay)    35    16    6921.22    6    6840.13    1    1
(relay)    39    39    6942.62    6    6941.58    5    1
(advertise)    40    6942.82    39    6
(relay)    35    27    6965.24    6    6897.99    1    1
(relay)    5    33    6966.84    6    6937.77    1    1
(relay)    36    36    6969.04    6    6967.94    4    1
(advertise)    40    6969.44    36    6
(relay)    37    37    6984.85    6    6984.76    4    1
(advertise)    40    6990.65    37    6
(relay)    6    6    7084.86    7    7084.8    5    1
(advertise)    40    7085.06    6    7
(relay)    35    8    7113.47    7    7091.67    1    1
(relay)    30    30    7313.87    7    7312.81    4    1
(advertise)    40    7314.07    30    7
(relay)    5    1    7507.09    8    7504    123    1
(advertise)    40    7507.29    1    8
(relay)    5    21    7536.7    7    7534.86    2    1
(advertise)    40    7536.9    21    7
(relay)    38    38    7541.11    7    7541.07    5    1
(advertise)    40    7558.71    38    7
(relay)    35    35    7579.93    7    7578.87    4    1
(advertise)    40    7581.93    35    7
(relay)    5    11    7630.74    7    7602.95    1    1
(relay)    5    5    7640.54    7    7639.9    4    1
(advertise)    40    7640.74    5    7
(relay)    37    26    7678.75    7    7641.08    1    1
(relay)    5    18    7698.55    7    7643.96    1    1
(generate)    40    7706.75    [31]    7
(relay)    37    44    7769.57    7    7724.92    1    1
(relay)    36    4    7790.57    7    7767.94    1    1
(relay)    5    48    7840.17    7    7833.44    2    1
(advertise)    40    7840.37    48    7
(relay)    5    22    7863.78    7    7851.15    2    1
(advertise)    40    7864.98    22    7
(relay)    30    16    7884.59    7    7840.27    1    1
(relay)    30    27    7905.99    7    7898.18    1    1
(relay)    5    39    7964.39    7    7941.73    3    1
(advertise)    40    7964.59    39    7
(relay)    36    36    7968.2    7    7968.05    4    1
(relay)    37    37    7985.0    7    7984.87    4    2
(advertise)    40    7986.2    36    7
(advertise)    40    8007.22    37    7
(relay)    6    6    8085.03    8    8084.94    5    1
(advertise)    40    8085.23    6    8
(relay)    35    8    8094.44    8    8091.67    1    1
(relay)    5    42    8233.04    8    8230.05    1    1
(relay)    30    30    8314.04    8    8312.95    4    1
(advertise)    40    8314.24    30    8
(relay)    5    12    8376.46    8    8371.08    2    1
(advertise)    40    8376.66    12    8
(heartbeat)    31    2    8381.21    40    8398.87    3    3
(advertise)    40    8399.67    31    2
(relay)    38    38    8541.88    8    8541.23    5    1
(advertise)    40    8542.08    38    8
(relay)    35    35    8580.1    8    8579.0    4    1
(advertise)    40    8580.3    35    8
(relay)    35    19    8632.51    8    8606.06    1    1
(relay)    5    5    8640.51    8    8640.04    4    1
(advertise)    40    8640.71    5    8
(generate)    40    8706.92    [31]    8
(relay)    5    0    8744.13    8    8677.71    1    1
(relay)    35    29    8791.93    8    8791.27    2    1
(advertise)    40    8792.13    29    8
(relay)    37    48    8839.75    8    8833.53    1    1
(relay)    5    22    8862.55    8    8851.32    1    1
(relay)    6    28    8865.75    8    8863.51    3    1
(advertise)    40    8865.95    28    8
(relay)    5    16    8908.36    8    8840.37    1    1
(relay)    30    27    8930.16    8    8898.37    1    1
(relay)    39    39    8942.96    8    8941.88    5    1
(advertise)    40    8943.16    39    8
(relay)    36    36    8968.17    8    8968.17    4    1
(advertise)    40    8968.77    36    8
(relay)    37    37    8985.19    8    8984.99    4    1
(advertise)    40    8991.19    37    8
(relay)    6    6    9085.6    9    9085.08    5    1
(advertise)    40    9085.8    6    9
(relay)    5    32    9159.61    9    9158.02    2    1
(advertise)    40    9159.81    32    9
(relay)    30    30    9314.03    9    9313.02    4    1
(advertise)    40    9314.23    30    9
(relay)    36    20    9341.44    9    9339.27    1    1
(relay)    37    21    9538.24    9    9535.15    2    1
(advertise)    40    9538.44    21    9
(relay)    38    38    9541.85    9    9541.37    5    1
(advertise)    40    9560.65    38    9
(relay)    35    35    9580.06    9    9579.08    4    1
(advertise)    40    9582.26    35    9
(relay)    5    5    9640.68    9    9640.11    4    1
(advertise)    40    9640.88    5    9
(generate)    40    9707.09    [31]    9
(relay)    37    0    9730.1    9    9677.91    2    1
(advertise)    40    9730.3    0    9
(relay)    5    44    9762.52    9    9725.07    1    1
(relay)    37    2    9784.32    10    9742    116    1
(advertise)    40    9784.52    2    10
(relay)    36    29    9806.73    9    9791.44    2    1
(advertise)    40    9807.93    29    9
(relay)    35    28    9874.94    9    9863.61    2    1
(advertise)    40    9875.14    28    9
(relay)    35    22    9899.16    9    9852.31    1    1
(relay)    37    16    9921.16    9    9840.51    1    1
(relay)    39    39    9943.16    9    9942.05    5    1
(advertise)    40    9943.36    39    9
(relay)    36    36    9968.37    9    9968.24    4    1
(advertise)    40    9968.77    36    9
(relay)    37    37    9985.58    9    9985.07    4    1
(advertise)    40    9990.78    37    9
(relay)    37    33    9992.2    9    9938.13    2    1
(advertise)    40    10014.4    33    9
(relay)    5    23    10055.01    9    9987.28    1    1
(relay)    6    6    10085.81    10    10085.24    5    1
(advertise)    40    10086.01    6    10
(relay)    5    8    10120.82    10    10092.03    1    1
(relay)    37    32    10159.62    10    10158.04    2    1
(advertise)    40    10159.82    32    10
(relay)    30    30    10313.23    10    10313.14    4    1
(advertise)    40    10313.43    30    10
(relay)    5    20    10343.05    10    10339.39    1    1
(relay)    5    21    10538.85    10    10535.24    2    1
(advertise)    40    10539.05    21    10
(relay)    38    38    10541.86    10    10541.4    5    1
(advertise)    40    10561.26    38    10
(relay)    35    35    10579.27    10    10579.2    4    1
(advertise)    40    10583.07    35    10
(relay)    35    24    10608.49    10    10569.44    1    1
(relay)    5    5    10641.29    10    10640.24    4    1
(advertise)    40    10641.49    5    10
(relay)    5    0    10689.3    10    10678.0    2    1
(advertise)    40    10689.5    0    10
(generate)    40    10707.11    [31]    10
(relay)    5    44    10782.73    10    10725.2    1    1
(relay)    5    29    10804.33    10    10791.46    2    1
(advertise)    40    10804.53    29    10
(relay)    30    2    10829.34    11    10742    116    1
(advertise)    40    10829.74    2    11
(relay)    5    28    10864.55    10    10863.74    3    1
(advertise)    40    10864.75    28    10
(relay)    35    22    10893.36    10    10852.34    1    1
(relay)    37    27    10916.76    10    10898.59    1    1
(relay)    35    16    10938.96    10    10840.63    1    1
(relay)    39    39    10942.16    10    10942.07    5    1
(advertise)    40    10942.36    39    10
(relay)    36    36    10968.98    10    10968.38    4    1
(advertise)    40    10969.38    36    10
(relay)    36    33    10982.39    10    10938.28    2    1
(relay)    37    37    10986.19    10    10985.6    4    2
(advertise)    40    10990.59    33    10
(advertise)    40    11011.8    37    10
(relay)    6    6    11085.82    11    11085.26    5    1
(advertise)    40    11086.02    6    11
(relay)    37    42    11233.43    11    11230.35    1    1
(relay)    30    30    11313.43    11    11313.26    4    1
(advertise)    40    11313.63    30    11
(relay)    6    1    11506.04    12    11504    122    1
(advertise)    40    11506.24    1    12
(relay)    38    38    11542.66    11    11541.58    5    1
(advertise)    40    11542.86    38    11
(relay)    35    35    11579.47    11    11579.31    4    1
(advertise)    40    11579.67    35    11
(relay)    5    24    11607.48    11    11569.62    1    1
(relay)    36    19    11633.68    11    11606.48    1    1
(relay)    5    5    11641.28    11    11640.36    4    1
(advertise)    40    11641.48    5    11
(relay)    38    0    11699.49    11    11678.16    1    1
(generate)    40    11707.29    [31]    11
(relay)    38    29    11793.31    11    11791.46    1    1
(relay)    5    22    11859.71    11    11852.35    1    1
(relay)    38    28    11864.11    11    11863.85    3    1
(advertise)    40    11864.31    28    11
(relay)    37    27    11905.12    11    11898.61    1    1
(relay)    39    39    11942.32    11    11942.22    5    1
(advertise)    40    11942.52    39    11
(relay)    30    33    11964.13    11    11938.42    2    1
(advertise)    40    11965.73    33    11
(relay)    36    36    11968.95    11    11968.48    4    1
(relay)    37    37    11986.35    11    11985.69    4    2
(advertise)    40    11989.95    36    11
(advertise)    40    12012.56    37    11
(relay)    35    23    12027.97    11    11987.49    1    1
(relay)    6    6    12086.37    12    12085.42    5    1
(advertise)    40    12086.57    6    12
(relay)    35    8    12096.79    12    12092.1    1    1
(relay)    35    32    12160.39    12    12158.04    2    1
(advertise)    40    12160.59    32    12
(relay)    30    30    12313.4    12    12313.37    4    1
(advertise)    40    12313.6    30    12
(relay)    5    12    12375.01    12    12371.62    1    1
(heartbeat)    31    3    12381.23    40    12396.81    3    3
(advertise)    40    12397.01    31    3
(relay)    6    21    12541.42    12    12535.55    1    1
(relay)    38    38    12542.82    12    12541.77    5    1
(advertise)    40    12543.02    38    12
(relay)    35    35    12579.44    12    12579.42    4    1
(advertise)    40    12579.64    35    12
(relay)    5    5    12641.45    12    12640.45    4    1
(advertise)    40    12641.65    5    12
(generate)    40    12707.46    [31]    12
(relay)    37    0    12744.48    12    12678.31    1    1
(relay)    5    29    12793.48    12    12791.61    2    1
(advertise)    40    12793.68    29    12
(relay)    6    28    12864.69    12    12863.94    3    1
(advertise)    40    12864.89    28    12
(relay)    35    27    12927.5    12    12898.63    1    1
(relay)    39    39    12942.5    12    12942.4    5    1
(advertise)    40    12942.7    39    12
(relay)    36    36    12969.12    12    12968.55    4    1
(advertise)    40    12969.32    36    12
(relay)    36    33    12972.13    12    12938.58    1    1
(relay)    37    37    12986.73    12    12985.78    4    1
(advertise)    40    12991.53    37    12
(relay)    37    23    13017.74    12    12987.49    1    1
(relay)    6    6    13086.54    13    13085.6    5    1
(advertise)    40    13086.74    6    13
(relay)    35    8    13111.95    13    13092.11    1    1
(relay)    37    32    13160.75    13    13158.06    2    1
(advertise)    40    13160.95    32    13
(relay)    30    30    13313.97    13    13313.44    4    1
(advertise)    40    13314.17    30    13
(relay)    37    12    13374.18    13    13371.75    1    1
(relay)    5    21    13538.58    13    13535.69    2    1
(advertise)    40    13538.78    21    13
(relay)    38    38    13542.99    13    13541.94    5    1
(advertise)    40    13559.99    38    13
(relay)    35    35    13580.01    13    13579.45    4    1
(advertise)    40    13582.01    35    13
(relay)    5    5    13640.62    13    13640.48    4    1
(advertise)    40    13640.82    5    13
(generate)    40    13707.63    [31]    13
(relay)    30    0    13731.65    13    13678.47    2    1
(advertise)    40    13731.85    0    13
(relay)    36    29    13810.46    13    13791.79    2    1
(advertise)    40    13810.66    29    13
(relay)    35    28    13881.47    13    13864.0    2    1
(advertise)    40    13881.67    28    13
(relay)    35    27    13903.28    13    13898.8    1    1
(relay)    39    39    13943.08    13    13942.58    5    1
(advertise)    40    13943.28    39    13
(relay)    35    33    13966.3    13    13938.64    2    1
(advertise)    40    13966.5    33    13
(relay)    36    36    13969.71    13    13968.64    4    1
(relay)    37    37    13986.91    13    13985.85    4    2
(advertise)    40    13988.71    36    13
(advertise)    40    14010.72    37    13
(relay)    6    6    14086.74    14    14085.78    5    1
(advertise)    40    14086.94    6    14
(relay)    5    8    14107.15    14    14092.25    1    1
(relay)    35    32    14161.75    14    14158.21    2    1
(advertise)    40    14161.95    32    14
(relay)    5    42    14237.36    14    14230.68    1    1
(relay)    30    30    14314.16    14    14313.51    4    1
(advertise)    40    14314.36    30    14
(relay)    35    20    14346.38    14    14340.0    1    1
(relay)    35    1    14507.78    15    14504    123    1
(advertise)    40    14507.98    1    15
(relay)    5    21    14538.79    14    14535.79    2    1
(advertise)    40    14538.99    21    14
(relay)    38    38    14542.2    14    14542.12    5    1
(advertise)    40    14561.6    38    14
(relay)    35    35    14580.01    14    14579.54    4    1
(advertise)    40    14583.81    35    14
(relay)    5    5    14640.63    14    14640.57    4    1
(advertise)    40    14640.83    5    14
(generate)    40    14707.64    [31]    14
(relay)    38    0    14730.85    14    14678.62    1    1
(relay)    37    29    14794.45    14    14791.97    2    1
(advertise)    40    14794.65    29    14
(relay)    35    2    14814.47    15    14742    117    1
(advertise)    40    14817.27    2    15
(relay)    36    28    14874.28    14    14864.08    3    1
(advertise)    40    14874.48    28    14
(relay)    5    27    14917.89    14    14898.8    1    1
(relay)    39    39    14943.29    14    14942.59    5    1
(advertise)    40    14943.49    39    14
(relay)    39    33    14944.71    14    14938.77    1    1
(relay)    36    36    14969.71    14    14968.72    4    1
(advertise)    40    14970.11    36    14
(relay)    37    37    14986.92    14    14985.94    4    1
(advertise)    40    14992.12    37    14
(relay)    37    23    15034.53    14    14987.81    1    1
(relay)    6    6    15086.13    15    15085.96    5    1
(advertise)    40    15086.33    6    15
(relay)    37    8    15112.54    15    15092.44    1    1
(relay)    5    32    15159.94    15    15158.4    2    1
(advertise)    40    15160.14    32    15
(relay)    30    30    15314.16    15    15313.61    4    1
(advertise)    40    15314.36    30    15
(relay)    5    20    15343.37    15    15340.15    1    1
(relay)    35    12    15374.37    15    15372.03    1    1
(relay)    38    38    15542.37    15    15542.31    5    1
(advertise)    40    15542.57    38    15
(relay)    35    35    15580.18    15    15579.65    4    1
(advertise)    40    15580.38    35    15
(relay)    5    5    15640.8    15    15640.68    4    1
(advertise)    40    15641.0    5    15
(generate)    40    15707.81    [31]    15
(relay)    35    0    15731.42    15    15678.75    2    1
(advertise)    40    15731.62    0    15
(relay)    5    29    15793.44    15    15792.14    2    1
(advertise)    40    15793.64    29    15
(relay)    5    2    15813.65    16    15742    116    1
(advertise)    40    15815.45    2    16
(relay)    6    28    15865.86    15    15864.18    3    1
(advertise)    40    15866.06    28    15
(relay)    5    27    15915.67    15    15898.83    1    1
(relay)    36    16    15939.27    15    15841.19    1    1
(relay)    39    39    15943.27    15    15942.78    5    1
(advertise)    40    15943.47    39    15
(relay)    36    36    15969.89    15    15968.82    4    1
(advertise)    40    15970.09    36    15
(relay)    37    37    15986.1    15    15986.05    4    1
(advertise)    40    15993.7    37    15
(relay)    36    33    16028.11    15    15938.95    1    1
(relay)    6    6    16086.31    16    16086.13    5    1
(advertise)    40    16086.51    6    16
(relay)    36    32    16161.93    16    16158.42    2    1
(advertise)    40    16162.13    32    16
(relay)    5    42    16238.34    16    16230.91    1    1
(relay)    30    30    16314.74    16    16313.73    4    1
(advertise)    40    16314.94    30    16
(relay)    37    20    16343.15    16    16340.31    1    1
(heartbeat)    31    4    16381.24    40    16397.95    3    3
(advertise)    40    16398.15    31    4
(relay)    38    38    16542.57    16    16542.5    5    1
(advertise)    40    16542.77    38    16
(relay)    35    35    16580.38    16    16579.75    4    1
(advertise)    40    16580.58    35    16
(relay)    5    5    16640.79    16    16640.78    4    1
(advertise)    40    16640.99    5    16
(generate)    40    16708.0    [31]    16
(relay)    36    0    16729.82    16    16678.94    2    1
(advertise)    40    16730.02    0    16
(relay)    5    29    16792.43    16    16792.16    2    1
(advertise)    40    16792.63    29    16
(relay)    35    48    16838.84    16    16834.32    1    1
(relay)    36    22    16862.84    16    16852.88    1    1
(relay)    6    28    16866.44    16    16864.28    3    1
(advertise)    40    16866.64    28    16
(relay)    30    16    16905.66    16    16841.3    1    1
(relay)    30    27    16927.66    16    16898.9    1    1
(relay)    39    39    16944.06    16    16942.97    5    1
(advertise)    40    16944.26    39    16
(relay)    36    36    16969.87    16    16968.93    4    1
(advertise)    40    16970.47    36    16
(relay)    37    37    16986.28    16    16986.16    4    1
(advertise)    40    16993.48    37    16
(relay)    30    23    17017.3    16    16988.24    1    1
(relay)    6    6    17086.3    17    17086.29    5    1
(advertise)    40    17086.5    6    17
(relay)    37    8    17112.51    17    17092.77    1    1
(relay)    37    32    17159.51    17    17158.59    2    1
(advertise)    40    17159.71    32    17
(relay)    30    30    17314.72    17    17313.81    4    1
(advertise)    40    17314.92    30    17
(relay)    5    1    17507.13    18    17504    123    1
(advertise)    40    17507.33    1    18
(relay)    37    21    17537.75    17    17536.21    2    1
(advertise)    40    17537.95    21    17
(relay)    38    38    17543.16    17    17542.67    5    1
(advertise)    40    17558.96    38    17
(relay)    35    35    17580.77    17    17579.82    4    1
(advertise)    40    17581.37    35    17
(relay)    5    5    17641.39    17    17640.85    4    1
(advertise)    40    17641.59    5    17
(generate)    40    17708.2    [31]    17
(relay)    37    0    17730.01    17    17679.04    2    1
(advertise)    40    17730.21    0    17
(relay)    37    29    17792.63    17    17792.32    2    1
(advertise)    40    17792.83    29    17
(relay)    5    48    17839.64    17    17834.39    1    1
(relay)    5    22    17861.84    17    17853.04    1    1
(relay)    39    28    17866.44    17    17864.34    3    1
(advertise)    40    17866.64    28    17
(relay)    35    16    17906.25    17    17841.4    1    1
(relay)    37    27    17929.25    17    17899.06    1    1
(relay)    39    39    17944.05    17    17943.12    5    1
(advertise)    40    17944.25    39    17
(relay)    36    36    17969.06    17    17969.01    4    1
(advertise)    40    17969.46    36    17
(relay)    37    37    17986.28    17    17986.23    4    1
(advertise)    40    17991.48    37    17
(relay)    36    23    18017.09    17    17988.42    1    1
(relay)    6    6    18087.09    18    18086.46    5    1
(advertise)    40    18087.29    6    18
(relay)    35    8    18111.7    18    18092.91    1    1
(relay)    37    32    18159.3    18    18158.76    2    1
(advertise)    40    18159.5    32    18
(relay)    30    30    18314.92    18    18313.88    4    1
(advertise)    40    18315.12    30    18
(relay)    37    20    18342.53    18    18340.56    1    1
(relay)    35    12    18377.13    18    18372.42    1    1
(relay)    37    21    18538.13    18    18536.34    2    1
(advertise)    40    18538.33    21    18
(relay)    38    38    18543.34    18    18542.85    5    1
(advertise)    40    18561.54    38    18
(relay)    35    35    18580.96    18    18579.91    4    1
(advertise)    40    18584.16    35    18
(relay)    5    5    18641.77    18    18641.14    4    1
(advertise)    40    18641.97    5    18
(relay)    38    0    18697.38    18    18679.2    1    1
(generate)    40    18708.38    [31]    18
(relay)    38    2    18789.79    19    18742    114    1
(advertise)    40    18789.99    2    19
(relay)    37    29    18811.01    18    18792.46    2    1
(advertise)    40    18812.01    29    18
(relay)    5    28    18865.02    18    18864.41    3    1
(advertise)    40    18865.22    28    18
(relay)    35    27    18924.43    18    18899.07    1    1
(relay)    39    39    18944.23    18    18943.3    5    1
(advertise)    40    18944.43    39    18
(relay)    35    16    18966.25    18    18841.53    1    1
(relay)    36    36    18969.25    18    18969.09    4    1
(advertise)    40    18969.45    36    18
(relay)    37    37    18986.86    18    18986.31    4    1
(relay)    35    33    18989.06    18    18939.37    2    2
(advertise)    40    18991.66    37    18
(advertise)    40    19013.27    33    18
(relay)    36    23    19038.69    18    18988.61    1    1
(relay)    6    6    19087.29    19    19086.64    5    1
(advertise)    40    19087.49    6    19
(relay)    5    32    19160.5    19    19158.91    2    1
(advertise)    40    19160.7    32    19
(relay)    30    30    19314.11    19    19313.97    4    1
(advertise)    40    19314.31    30    19
(relay)    5    20    19343.72    19    19340.69    1    1
(relay)    5    12    19379.32    19    19372.54    1    1
(relay)    37    1    19505.52    20    19504    123    1
(advertise)    40    19505.72    1    20
(relay)    38    38    19543.34    19    19542.86    5    1
(advertise)    40    19543.54    38    19
(relay)    35    35    19580.95    19    19580.01    4    1
(advertise)    40    19581.15    35    19
(relay)    5    5    19641.76    19    19641.24    4    1
(advertise)    40    19641.96    5    19
(generate)    40    19708.58    [31]    19
(relay)    38    2    19769.99    20    19742    115    1
(advertise)    40    19770.19    2    20
(relay)    5    29    19794.0    19    19792.65    2    1
(advertise)    40    19794.8    29    19
(relay)    37    22    19862.22    19    19853.21    1    1
(relay)    30    28    19887.42    19    19864.51    2    1
(advertise)    40    19887.62    28    19
(relay)    35    16    19907.63    19    19841.63    1    1
(relay)    37    27    19934.43    19    19899.11    1    1
(relay)    39    39    19943.63    19    19943.5    5    1
(advertise)    40    19943.83    39    19
(relay)    36    36    19969.24    19    19969.19    4    1
(advertise)    40    19969.44    36    19
(relay)    36    33    19976.45    19    19939.47    1    1
(relay)    37    37    19987.05    19    19986.42    4    1
(advertise)    40    19990.65    37    19
(relay)    30    23    20048.07    19    19988.63    1    1
(relay)    6    6    20087.47    20    20086.82    5    1
(advertise)    40    20087.67    6    20
(relay)    35    32    20160.68    20    20158.91    2    1
(advertise)    40    20160.88    32    20
(relay)    30    30    20314.09    20    20314.07    4    1
(advertise)    40    20314.29    30    20
(heartbeat)    31    5    20381.25    40    20400.71    3    3
(advertise)    40    20400.91    31    5
(relay)    35    1    20505.92    21    20504    123    1
(advertise)    40    20506.12    1    21
(relay)    35    21    20539.93    20    20536.6    2    1
(advertise)    40    20540.13    21    20
(relay)    38    38    20543.95    20    20542.87    5    1
(advertise)    40    20561.35    38    20
(relay)    35    35    20580.16    20    20580.1    4    1
(advertise)    40    20583.16    35    20
(relay)    5    5    20642.37    20    20641.32    4    1
(advertise)    40    20642.57    5    20
(relay)    5    0    20688.78    20    20679.51    2    1
(advertise)    40    20688.98    0    20
(generate)    40    20708.6    [31]    20
(relay)    37    29    20793.81    20    20792.83    2    1
(advertise)    40    20794.01    29    20
(relay)    5    28    20865.42    20    20864.59    3    1
(advertise)    40    20865.62    28    20
(relay)    5    22    20888.64    20    20853.24    1    1
(relay)    5    27    20933.84    20    20899.16    1    1
(relay)    39    39    20943.64    20    20943.51    5    1
(advertise)    40    20943.84    39    20
(relay)    36    36    20969.85    20    20969.26    4    1
(advertise)    40    20970.65    36    20
(relay)    37    37    20987.06    20    20986.48    4    1
(relay)    38    33    20991.46    20    20939.61    1    2
(advertise)    40    20992.06    37    20
(relay)    5    23    21047.28    20    20988.69    1    1
(relay)    6    6    21087.88    21    21086.84    5    1
(advertise)    40    21088.08    6    21
(relay)    30    30    21314.29    21    21314.13    4    1
(advertise)    40    21314.49    30    21
(relay)    5    20    21344.9    21    21340.92    1    1
(relay)    37    21    21540.5    21    21536.74    2    1
(advertise)    40    21540.7    21    21
(relay)    38    38    21544.11    21    21543.05    5    1
(advertise)    40    21563.51    38    21
(relay)    35    35    21580.33    21    21580.14    4    1
(advertise)    40    21586.73    35    21
(relay)    5    5    21642.34    21    21641.36    4    1
(advertise)    40    21642.54    5    21
(relay)    37    0    21690.55    21    21679.85    2    1
(advertise)    40    21690.75    0    21
(generate)    40    21708.77    [31]    21
(relay)    5    29    21794.78    21    21793.01    2    1
(advertise)    40    21794.98    29    21
(relay)    36    2    21816.59    22    21742    114    1
(advertise)    40    21817.19    2    22
(relay)    5    22    21915.01    21    21853.24    1    1
(relay)    36    27    21937.01    21    21899.2    1    1
(relay)    39    39    21943.81    21    21943.69    5    1
(advertise)    40    21944.01    39    21
(relay)    36    36    21969.82    21    21969.32    4    1
(advertise)    40    21970.22    36    21
(relay)    36    33    21984.03    21    21939.76    2    1
(relay)    37    37    21987.63    21    21986.54    4    2
(advertise)    40    21992.03    33    21
(advertise)    40    22013.64    37    21
(relay)    6    6    22088.06    22    22087.04    5    1
(advertise)    40    22088.26    6    22
(relay)    35    8    22097.67    22    22093.14    1    1
(relay)    5    32    22162.07    22    22159.09    2    1
(advertise)    40    22162.27    32    22
(relay)    30    30    22314.28    22    22314.19    4    1
(advertise)    40    22314.48    30    22
(relay)    35    20    22345.7    22    22341.06    1    1
(relay)    38    1    22507.1    23    22504    122    1
(advertise)    40    22507.3    1    23
(relay)    35    21    22541.51    22    22536.88    2    1
(advertise)    40    22541.71    21    22
(relay)    38    38    22544.32    22    22543.24    5    1
(advertise)    40    22563.92    38    22
(relay)    35    35    22580.34    22    22580.22    4    1
(advertise)    40    22585.74    35    22
(relay)    5    5    22642.55    22    22641.44    4    1
(advertise)    40    22642.75    5    22
(relay)    6    0    22692.56    22    22679.99    1    1
(generate)    40    22708.96    [31]    22
(relay)    5    29    22794.97    22    22793.18    2    1
(advertise)    40    22795.17    29    22
(relay)    37    28    22865.59    22    22864.72    3    1
(advertise)    40    22865.79    28    22
(relay)    39    39    22944.0    22    22943.87    5    1
(advertise)    40    22944.2    39    22
(relay)    36    36    22970.01    22    22969.38    4    1
(advertise)    40    22970.61    36    22
(relay)    37    33    22972.03    22    22939.9    2    1
(relay)    37    37    22987.63    22    22986.6    4    2
(advertise)    40    22993.23    33    22
(advertise)    40    23016.64    37    22
(relay)    6    6    23088.25    23    23087.23    5    1
(advertise)    40    23088.45    6    23
(relay)    35    8    23113.67    23    23093.33    1    1
(relay)    35    32    23162.47    23    23159.27    2    1
(advertise)    40    23162.67    32    23
(relay)    30    30    23314.88    23    23314.25    4    1
(advertise)    40    23315.08    30    23
(relay)    37    20    23346.09    23    23341.19    1    1
(relay)    35    12    23374.89    23    23373.16    1    1
(relay)    5    21    23539.89    23    23536.96    2    1
(advertise)    40    23540.09    21    23
(relay)    38    38    23544.5    23    23543.43    5    1
(advertise)    40    23563.3    38    23
(relay)    35    35    23580.72    23    23580.26    4    1
(advertise)    40    23584.92    35    23
(relay)    5    5    23641.53    23    23641.49    4    1
(advertise)    40    23641.73    5    23
(relay)    30    0    23702.14    23    23680.14    2    1
(advertise)    40    23702.34    0    23
(generate)    40    23709.16    [31]    23
(relay)    30    2    23793.17    24    23742    116    1
(advertise)    40    23793.37    2    24
(relay)    37    29    23813.78    23    23793.33    2    1
(advertise)    40    23815.58    29    23
(relay)    35    28    23866.8    23    23864.78    2    1
(advertise)    40    23867.0    28    23
(relay)    38    33    23945.01    23    23940.01    1    1
(relay)    36    36    23970.41    23    23969.43    4    1
(advertise)    40    23970.61    36    23
(relay)    37    37    23987.62    23    23986.64    4    1
(advertise)    40    23993.02    37    23
(relay)    35    23    24015.83    23    23988.89    1    1
(relay)    6    6    24087.43    24    24087.4    5    1
(advertise)    40    24087.63    6    24
(relay)    37    8    24110.65    24    24093.46    1    1
(relay)    30    30    24314.85    24    24314.3    4    1
(advertise)    40    24315.05    30    24
(relay)    5    20    24346.46    24    24341.3    1    1
(relay)    36    12    24375.26    24    24373.25    1    1
(heartbeat)    31    6    24381.27    40    24397.26    3    4
(advertise)    40    24397.46    31    6
(relay)    6    21    24540.27    24    24537.1    1    1
(relay)    38    38    24543.67    24    24543.61    5    1
(advertise)    40    24543.87    38    24
(relay)    35    35    24580.89    24    24580.32    4    1
(advertise)    40    24581.09    35    24
(relay)    5    5    24641.7    24    24641.55    4    1
(advertise)    40    24641.9    5    24
(generate)    40    24709.31    [31]    24
(relay)    35    2    24782.53    25    24742    116    1
(advertise)    40    24782.73    2    25
(relay)    30    29    24803.74    24    24793.52    2    1
(advertise)    40    24804.94    29    24
(relay)    38    28    24865.95    24    24864.83    3    1
(advertise)    40    24866.15    28    24
(relay)    37    27    24934.96    24    24900.27    1    1
(relay)    39    39    24944.56    24    24944.05    5    1
(advertise)    40    24944.76    39    24
(relay)    36    36    24970.58    24    24969.49    4    1
(advertise)    40    24970.98    36    24
(relay)    36    33    24981.59    24    24940.16    1    1
(relay)    36    37    25002.99    24    24986.7    3    1
(advertise)    40    25003.19    37    24
(relay)    5    23    25045.4    24    24988.89    1    1
(relay)    6    6    25087.6    25    25087.6    5    1
(advertise)    40    25087.8    6    25
(relay)    5    32    25161.02    25    25159.4    2    1
(advertise)    40    25161.22    32    25
(relay)    30    30    25314.83    25    25314.36    4    1
(advertise)    40    25315.03    30    25
(relay)    5    20    25345.24    25    25341.47    1    1
(relay)    5    12    25375.84    25    25373.4    1    1
(relay)    38    38    25543.84    25    25543.79    5    1
(advertise)    40    25544.04    38    25
(relay)    35    35    25580.86    25    25580.38    4    1
(advertise)    40    25581.06    35    25
(relay)    5    5    25641.67    25    25641.61    4    1
(advertise)    40    25641.87    5    25
(generate)    40    25709.48    [31]    25
(relay)    5    29    25794.89    25    25793.53    2    1
(advertise)    40    25795.09    29    25
(relay)    5    2    25815.91    26    25742    116    1
(advertise)    40    25816.51    2    26
(relay)    35    28    25867.92    25    25864.9    2    1
(advertise)    40    25868.12    28    25
(relay)    37    27    25924.13    25    25900.29    1    1
(relay)    39    39    25944.73    25    25944.23    5    1
(advertise)    40    25944.93    39    25
(relay)    36    36    25970.55    25    25969.58    4    1
(advertise)    40    25970.95    36    25
(relay)    37    37    25986.96    25    25986.79    4    1
(advertise)    40    25993.96    37    25
(relay)    5    23    26060.37    25    25988.89    1    1
(relay)    6    6    26087.77    26    26087.76    5    1
(advertise)    40    26087.97    6    26
(relay)    5    32    26160.19    26    26159.59    2    1
(advertise)    40    26160.39    32    26
(relay)    30    30    26315.4    26    26314.43    4    1
(advertise)    40    26315.6    30    26
(relay)    5    20    26344.21    26    26341.61    1    1
(relay)    37    12    26376.41    26    26373.55    1    1
(relay)    5    1    26508.61    27    26504    123    1
(advertise)    40    26508.81    1    27
(relay)    5    21    26539.02    26    26537.39    2    1
(advertise)    40    26539.22    21    26
(relay)    38    38    26544.04    26    26543.97    5    1
(advertise)    40    26561.44    38    26
(relay)    35    35    26581.45    26    26580.46    4    1
(advertise)    40    26586.45    35    26
(relay)    5    5    26642.26    26    26641.68    4    1
(advertise)    40    26642.46    5    26
(generate)    40    26709.68    [31]    26
(relay)    36    29    26794.29    26    26793.69    2    1
(advertise)    40    26794.49    29    26
(relay)    30    28    26884.7    26    26864.97    3    1
(advertise)    40    26884.9    28    26
(relay)    30    27    26906.92    26    26900.34    1    1
(relay)    39    39    26945.32    26    26944.4    5    1
(advertise)    40    26945.52    39    26
(relay)    5    33    26967.53    26    26940.37    1    1
(relay)    36    36    26969.73    26    26969.65    4    1
(advertise)    40    26969.93    36    26
(relay)    37    37    26986.94    26    26986.85    4    1
(advertise)    40    26992.74    37    26
(relay)    37    23    27017.75    26    26989.08    1    1
(relay)    6    6    27088.55    27    27087.93    5    1
(advertise)    40    27088.75    6    27
(relay)    35    8    27114.97    27    27093.82    1    1
(relay)    30    30    27315.57    27    27314.52    4    1
(advertise)    40    27315.77    30    27
(relay)    37    20    27343.78    27    27341.78    1    1
(relay)    5    1    27506.98    28    27504    123    1
(advertise)    40    27507.18    1    28
(relay)    35    21    27539.79    27    27537.52    2    1
(advertise)    40    27539.99    21    27
(relay)    38    38    27544.61    27    27544.14    5    1
(advertise)    40    27561.81    38    27
(relay)    35    35    27581.62    27    27580.54    4    1
(advertise)    40    27584.82    35    27
(relay)    5    5    27642.23    27    27641.77    4    1
(advertise)    40    27642.43    5    27
(relay)    5    0    27683.65    27    27680.72    2    1
(advertise)    40    27683.85    0    27
(generate)    40    27709.86    [31]    27
(relay)    5    28    27879.27    27    27865.06    3    1
(advertise)    40    27879.47    28    27
(relay)    35    27    27902.48    27    27900.34    1    1
(relay)    39    39    27945.68    27    27944.58    5    1
(advertise)    40    27945.88    39    27
(relay)    36    36    27969.9    27    27969.74    4    1
(advertise)    40    27970.1    36    27
(relay)    37    37    27988.31    27    27988.15    4    1
(advertise)    40    27991.11    37    27
(relay)    6    6    28088.72    28    28088.09    5    1
(advertise)    40    28088.92    6    28
(relay)    36    8    28114.54    28    28094.01    1    1
(relay)    35    32    28160.34    28    28159.75    2    1
(advertise)    40    28160.54    32    28
(relay)    30    30    28315.55    28    28314.59    4    1
(advertise)    40    28315.75    30    28
(relay)    35    20    28343.56    28    28341.88    1    1
(relay)    5    12    28379.56    28    28373.88    1    1
(heartbeat)    31    7    28381.28    40    28401.36    3    4
(advertise)    40    28401.56    31    7
(relay)    37    21    28539.78    28    28537.65    2    1
(advertise)    40    28539.98    21    28
(relay)    38    38    28544.79    28    28544.32    5    1
(advertise)    40    28560.99    38    28
(relay)    35    35    28581.6    28    28580.61    4    1
(advertise)    40    28584.4    35    28
(relay)    5    5    28642.41    28    28641.84    4    1
(advertise)    40    28642.61    5    28
(generate)    40    28710.03    [31]    28
(relay)    5    2    28793.84    29    28742    116    1
(advertise)    40    28794.04    2    29
(relay)    5    29    28816.25    28    28794.19    2    1
(advertise)    40    28816.65    29    28
(relay)    6    28    28866.67    28    28865.13    3    1
(advertise)    40    28866.87    28    28
(relay)    37    22    28892.88    28    28854.48    1    1
(relay)    30    27    28916.68    28    28900.34    1    1
(relay)    39    39    28945.88    28    28944.78    5    1
(advertise)    40    28946.08    39    28
(relay)    36    36    28969.89    28    28969.81    4    1
(advertise)    40    28970.49    36    28
(relay)    36    33    28984.31    28    28940.64    2    1
(relay)    37    37    28988.71    28    28988.22    4    2
(advertise)    40    28994.31    33    28
(advertise)    40    29016.12    37    28
(relay)    37    23    29050.13    28    28989.51    1    1
(relay)    6    6    29088.93    29    29088.28    5    1
(advertise)    40    29089.13    6    29
(relay)    35    8    29097.54    29    29094.18    1    1
(relay)    30    30    29314.74    29    29314.69    4    1
(advertise)    40    29314.94    30    29
(relay)    37    12    29379.76    29    29374.05    1    1
(relay)    6    21    29541.76    29    29537.78    1    1
(relay)    38    38    29545.16    29    29544.51    5    1
(advertise)    40    29545.36    38    29
(relay)    35    35    29580.77    29    29580.69    4    1
(advertise)    40    29580.97    35    29
(relay)    5    5    29642.98    29    29641.93    4    1
(advertise)    40    29643.18    5    29
(generate)    40    29710.2    [31]    29
(relay)    37    0    29733.41    29    29681.05    2    1
(advertise)    40    29733.61    0    29
(relay)    35    2    29792.62    30    29742    115    1
(advertise)    40    29792.82    2    30
(relay)    37    29    29813.44    29    29794.38    2    1
(advertise)    40    29814.04    29    29
(relay)    35    28    29882.25    29    29865.22    2    1
(advertise)    40    29882.45    28    29
(relay)    39    39    29945.06    29    29944.97    5    1
(advertise)    40    29945.26    39    29
(relay)    36    36    29970.47    29    29969.88    4    1
(advertise)    40    29970.67    36    29
(relay)    37    37    29988.89    29    29988.3    4    1
(advertise)    40    29991.89    37    29
(relay)    5    33    29996.1    29    29940.8    1    1
