(relay)    16    10    1034.8    1    1033.0    125    1
(advertise)    42    1035.0    10    1
(relay)    11    3    1059.21    1    1052.01    125    1
(advertise)    42    1060.21    3    1
(relay)    11    15    1081.43    1    1066.03    125    1
(advertise)    42    1083.23    15    1
(relay)    11    9    1103.04    1    1096.04    125    1
(advertise)    42    1104.24    9    1
(relay)    14    8    1126.85    1    1091.05    125    1
(advertise)    42    1127.05    8    1
(relay)    19    45    1150.27    1    1098.05    123    1
(advertise)    42    1151.47    45    1
(relay)    19    6    1171.68    1    1084.03    121    1
(advertise)    42    1174.68    6    1
(relay)    48    32    1194.89    1    1157.09    123    1
(advertise)    42    1197.09    32    1
(relay)    11    46    1219.7    1    1166.0    123    1
(advertise)    42    1220.1    46    1
(generate)    42    1229.12    [31]    1
(relay)    11    41    1266.53    1    1245.3    124    1
(advertise)    42    1266.73    41    1
(relay)    12    20    1340.34    1    1338.16    126    1
(advertise)    42    1340.54    20    1
(relay)    12    12    1370.36    1    1370.17    127    1
(advertise)    42    1370.56    12    1
(relay)    11    34    1421.77    1    1419.16    125    1
(advertise)    42    1421.97    34    1
(relay)    14    14    1434.18    1    1433.2    127    1
(advertise)    42    1443.38    14    1
(relay)    11    43    1497.0    1    1495.12    124    1
(advertise)    42    1497.2    43    1
(relay)    16    1    1523.21    2    1504    122    1
(advertise)    42    1523.41    1    2
(relay)    14    21    1545.02    1    1534.02    122    1
(advertise)    42    1545.82    21    1
(relay)    48    38    1566.83    1    1540.2    119    1
(advertise)    42    1567.83    38    1
(relay)    19    24    1589.85    1    1568.06    125    1
(advertise)    42    1590.25    24    1
(relay)    11    11    1603.06    1    1602.06    127    1
(relay)    19    19    1604.06    1    1603.06    127    2
(advertise)    42    1613.46    11    1
(relay)    19    35    1632.87    1    1578.05    121    2
(advertise)    42    1635.67    19    1
(relay)    19    26    1654.89    1    1640.1    126    2
(advertise)    42    1657.29    35    1
(relay)    19    18    1676.1    1    1643.11    125    2
(advertise)    42    1679.5    26    1
(advertise)    42    1702.91    18    1
(relay)    11    17    1706.93    1    1691.1    126    1
(relay)    14    5    1722.13    1    1639.07    122    2
(relay)    44    44    1724.33    1    1724.13    127    3
(advertise)    42    1725.33    17    1
(advertise)    42    1746.34    5    1
(relay)    11    47    1750.95    1    1676.09    124    2
(relay)    4    4    1767.75    1    1767.15    127    3
(advertise)    42    1768.15    44    1
(relay)    48    0    1789.36    1    1676.1    123    3
(advertise)    42    1789.76    47    1
(relay)    11    2    1796.58    2    1742    123    3
(advertise)    42    1811.58    4    1
(relay)    48    48    1832.79    1    1832.62    127    3
(advertise)    42    1833.59    0    1
(relay)    16    16    1839.6    1    1839.0    127    3
(advertise)    42    1856.0    2    2
(relay)    19    40    1857.82    1    1706.07    121    3
(advertise)    42    1877.62    48    1
(advertise)    42    1900.83    16    1
(relay)    11    13    1906.04    1    1853.16    125    2
(advertise)    42    1921.84    40    1
(relay)    19    29    1924.06    1    1790.16    123    2
(advertise)    42    1942.86    13    1
(relay)    11    7    1950.67    1    1867.0    125    2
(advertise)    42    1965.47    29    1
(relay)    19    22    1969.88    1    1850.03    125    2
(advertise)    42    1989.08    7    1
(advertise)    42    2010.49    22    1
(relay)    16    39    2012.91    1    1941.02    121    1
(advertise)    42    2033.31    39    1
(relay)    19    23    2040.52    1    1986.09    124    1
(advertise)    42    2054.52    23    1
(relay)    16    36    2064.73    1    1967.07    122    1
(relay)    11    3    2065.33    2    2052.08    125    2
(advertise)    42    2076.93    36    1
(relay)    16    10    2085.75    2    2033.13    125    2
(advertise)    42    2099.35    3    2
(advertise)    42    2122.56    10    2
(relay)    11    8    2130.97    2    2091.17    124    1
(advertise)    42    2144.17    8    2
(relay)    11    9    2152.39    2    2096.31    125    1
(relay)    16    6    2152.79    2    2084.09    120    2
(advertise)    42    2166.99    9    2
(advertise)    42    2189.2    6    2
(relay)    19    32    2197.61    2    2157.17    123    1
(advertise)    42    2213.01    32    2
(relay)    11    46    2221.02    2    2166.01    123    1
(generate)    42    2229.22    [31]    2
(advertise)    42    2234.24    46    2
(relay)    11    25    2266.25    2    2239.19    125    1
(advertise)    42    2266.45    25    2
(relay)    11    41    2289.06    2    2245.32    123    1
(advertise)    42    2289.46    41    2
(relay)    16    30    2331.48    2    2312.28    122    1
(advertise)    42    2331.68    30    2
(relay)    12    20    2352.49    2    2338.3    126    1
(advertise)    42    2354.29    20    2
(relay)    12    12    2370.5    2    2370.32    127    1
(advertise)    42    2376.5    12    2
(relay)    11    34    2421.92    2    2419.28    125    1
(advertise)    42    2422.12    34    2
(relay)    14    14    2433.53    2    2433.34    127    1
(advertise)    42    2443.93    14    2
(relay)    14    21    2536.34    2    2534.13    123    1
(advertise)    42    2536.54    21    2
(relay)    44    38    2560.75    2    2540.31    120    1
(advertise)    42    2561.15    38    2
(relay)    19    24    2582.37    2    2568.19    126    1
(advertise)    42    2583.77    24    2
(relay)    11    11    2603.18    2    2602.18    127    1
(relay)    19    19    2605.18    2    2604.21    127    2
(advertise)    42    2605.78    11    2
(relay)    19    35    2627.99    2    2578.17    119    2
(advertise)    42    2628.59    19    2
(relay)    16    26    2651.01    2    2640.23    126    2
(advertise)    42    2652.61    35    2
(advertise)    42    2675.02    26    2
(relay)    14    18    2693.83    2    2643.23    124    1
(advertise)    42    2697.43    18    2
(relay)    14    5    2716.04    2    2639.21    122    1
(advertise)    42    2721.64    5    2
(relay)    44    44    2724.26    2    2724.26    127    1
(advertise)    42    2743.26    44    2
(relay)    16    0    2762.07    2    2676.19    121    1
(advertise)    42    2765.27    0    2
(relay)    4    4    2768.28    2    2767.28    127    1
(advertise)    42    2787.48    4    2
(relay)    19    40    2805.9    2    2706.21    121    1
(advertise)    42    2809.1    40    2
(relay)    16    29    2828.51    2    2790.3    122    1
(advertise)    42    2830.31    29    2
(relay)    48    48    2833.32    2    2832.75    127    1
(relay)    16    16    2839.72    2    2839.12    127    2
(relay)    14    2    2849.92    3    2742    122    3
(advertise)    42    2851.52    48    2
(advertise)    42    2874.14    16    2
(relay)    48    22    2896.75    2    2850.15    124    2
(advertise)    42    2898.15    2    3
(advertise)    42    2922.96    22    2
(relay)    11    13    2939.97    2    2853.28    125    1
(advertise)    42    2947.37    13    2
(relay)    11    7    2962.99    2    2867.11    125    1
(advertise)    42    2969.59    7    2
(relay)    12    27    2985.8    2    2897.16    121    1
(advertise)    42    2991.8    27    2
(relay)    19    33    3010.41    2    2937.17    123    1
(advertise)    42    3012.81    33    2
(relay)    19    23    3033.03    2    2986.21    124    1
(advertise)    42    3036.03    23    2
(relay)    16    39    3055.64    2    2941.11    121    1
(advertise)    42    3060.24    39    2
(relay)    19    10    3076.45    3    3033.25    125    1
(advertise)    42    3083.45    10    3
(relay)    11    15    3094.87    3    3066.8    125    1
(relay)    16    36    3100.27    2    2967.39    122    2
(advertise)    42    3104.67    15    3
(relay)    48    8    3122.48    3    3091.29    125    2
(advertise)    42    3126.88    36    2
(advertise)    42    3150.89    8    3
(relay)    48    37    3166.3    2    2984.19    122    1
(advertise)    42    3173.3    37    2
(relay)    11    9    3182.72    3    3096.41    124    1
(relay)    16    32    3189.72    3    3157.28    123    2
(advertise)    42    3194.92    9    3
(advertise)    42    3216.93    32    3
(relay)    11    45    3228.94    3    3098.23    123    1
(generate)    42    3229.34    [31]    3
(relay)    48    6    3233.76    3    3084.19    121    2
(advertise)    42    3240.96    45    3
(advertise)    42    3263.37    6    3
(relay)    11    46    3316.78    3    3166.03    123    1
(advertise)    42    3316.98    46    3
(relay)    48    30    3318.4    3    3312.37    122    1
(advertise)    42    3338.4    30    3
(relay)    19    25    3359.21    3    3239.28    124    1
(advertise)    42    3361.21    25    3
(relay)    12    12    3371.02    3    3370.45    127    1
(relay)    19    41    3381.02    3    3245.4    123    2
(advertise)    42    3384.62    12    3
(relay)    19    20    3403.43    3    3338.42    125    2
(advertise)    42    3406.63    41    3
(advertise)    42    3427.85    20    3
(relay)    14    14    3433.86    3    3433.69    127    1
(relay)    11    34    3449.46    3    3419.4    125    2
(advertise)    42    3450.26    14    3
(advertise)    42    3472.47    34    3
(relay)    11    43    3500.89    3    3495.34    124    1
(advertise)    42    3501.09    43    3
(relay)    14    1    3525.5    4    3504    123    1
(advertise)    42    3525.7    1    4
(relay)    14    21    3548.71    3    3534.26    123    1
(advertise)    42    3550.11    21    3
(relay)    48    38    3570.53    3    3540.42    121    1
(advertise)    42    3571.33    38    3
(relay)    19    24    3592.94    3    3568.35    126    1
(advertise)    42    3593.94    24    3
(relay)    11    11    3603.35    3    3602.36    127    1
(relay)    19    19    3605.35    3    3604.36    127    2
(advertise)    42    3615.95    11    3
(relay)    19    35    3636.16    3    3578.31    120    2
(advertise)    42    3639.36    19    3
(relay)    19    26    3657.98    3    3640.4    126    2
(advertise)    42    3660.58    35    3
(relay)    19    18    3682.19    3    3643.39    124    2
(advertise)    42    3683.79    26    3
(relay)    11    17    3704.4    3    3691.38    126    2
(advertise)    42    3705.6    18    3
(relay)    44    44    3724.42    3    3724.42    127    2
(relay)    11    47    3726.42    3    3676.36    123    3
(advertise)    42    3727.82    17    3
(relay)    48    5    3748.03    3    3639.35    122    3
(advertise)    42    3749.23    44    3
(relay)    4    4    3768.44    3    3767.44    127    3
(advertise)    42    3771.64    47    3
(advertise)    42    3792.66    5    3
(advertise)    42    3813.67    4    3
(relay)    14    0    3815.88    3    3676.35    122    1
(relay)    48    48    3833.48    3    3832.91    127    2
(advertise)    42    3835.48    0    3
(advertise)    42    3858.49    48    3
(relay)    19    40    3861.31    3    3706.31    120    1
(advertise)    42    3879.91    40    3
(relay)    19    16    3886.92    3    3839.69    125    1
(advertise)    42    3902.52    16    3
(relay)    19    29    3908.13    3    3790.44    123    1
(advertise)    42    3925.73    29    3
(relay)    19    22    3931.75    3    3850.92    125    1
(advertise)    42    3948.55    22    3
(relay)    16    2    3953.96    4    3742    120    1
(relay)    44    7    3954.76    3    3867.28    124    2
(advertise)    42    3974.56    2    4
(advertise)    42    3996.37    7    3
(relay)    19    27    3998.39    3    3897.33    124    1
(advertise)    42    4018.59    27    3
(relay)    19    28    4020.4    3    3862.27    121    1
(advertise)    42    4039.8    28    3
(relay)    19    33    4042.81    3    3937.32    122    1
(advertise)    42    4061.01    33    3
(relay)    19    10    4064.02    4    4033.4    125    1
(relay)    11    3    4079.22    4    4052.35    125    2
(advertise)    42    4082.22    10    4
(relay)    19    23    4085.24    3    3986.39    124    2
(advertise)    42    4104.84    3    4
(advertise)    42    4126.85    23    3
(relay)    19    39    4132.06    3    3941.23    121    1
(relay)    48    8    4135.26    4    4091.45    125    2
(relay)    11    15    4146.46    4    4066.97    125    3
(advertise)    42    4149.06    39    3
(relay)    11    9    4169.08    4    4096.6    125    3
(advertise)    42    4170.08    8    4
(relay)    16    36    4179.29    3    3967.52    120    3
(advertise)    42    4191.29    15    4
(advertise)    42    4213.3    9    4
(generate)    42    4229.52    [31]    4
(advertise)    42    4235.33    36    3
(relay)    11    45    4236.94    4    4098.41    124    1
(relay)    16    37    4246.34    3    3984.33    121    2
(advertise)    42    4256.94    45    4
(advertise)    42    4279.15    37    3
(relay)    19    6    4311.77    4    4084.31    121    1
(advertise)    42    4311.97    6    4
(relay)    11    46    4323.58    4    4166.04    123    1
(relay)    19    32    4332.58    4    4157.44    123    2
(advertise)    42    4333.98    46    4
(relay)    11    25    4345.79    4    4239.45    125    2
(relay)    48    20    4354.39    4    4338.62    126    3
(advertise)    42    4355.99    32    4
(relay)    12    12    4371.21    4    4370.63    127    3
(advertise)    42    4377.61    25    4
(advertise)    42    4400.62    20    4
(relay)    11    41    4415.83    4    4245.57    124    2
(advertise)    42    4422.83    12    4
(relay)    12    30    4432.45    4    4312.52    122    2
(relay)    14    14    4434.05    4    4433.86    127    3
(advertise)    42    4444.05    41    4
(advertise)    42    4466.66    30    4
(advertise)    42    4488.67    14    4
(heartbeat)    31    1    4381.2    42    4504.88    127    0
(advertise)    42    4510.68    31    1
(relay)    11    34    4525.5    4    4419.58    1    1
(relay)    48    1    4536.5    5    4504    123    1
(advertise)    42    4536.7    1    5
(relay)    12    21    4556.91    4    4534.46    1    1
(relay)    11    43    4574.51    4    4495.52    3    1
(advertise)    42    4574.71    43    4
(relay)    12    24    4600.12    4    4568.55    3    1
(advertise)    42    4600.72    24    4
(relay)    11    11    4602.74    4    4602.56    7    1
(relay)    19    19    4605.74    4    4605.56    6    2
(advertise)    42    4623.14    11    4
(advertise)    42    4644.75    19    4
(relay)    11    26    4663.16    4    4640.59    3    1
(advertise)    42    4665.76    26    4
(relay)    19    18    4675.78    4    4643.58    3    1
(advertise)    42    4687.78    18    4
(relay)    11    17    4706.59    4    4691.54    3    1
(advertise)    42    4709.79    17    4
(relay)    44    44    4725.2    4    4724.6    7    1
(relay)    11    47    4729.0    4    4676.5    4    2
(advertise)    42    4733.0    44    4
(advertise)    42    4754.01    47    4
(relay)    4    4    4768.63    4    4767.63    7    1
(advertise)    42    4775.43    4    4
(relay)    48    48    4833.64    4    4833.08    7    1
(advertise)    42    4833.84    48    4
(relay)    16    16    4840.45    4    4839.87    6    1
(relay)    11    13    4856.05    4    4853.56    3    2
(advertise)    42    4856.25    16    4
(relay)    16    22    4863.07    4    4851.11    3    2
(advertise)    42    4878.87    13    4
(advertise)    42    4901.28    22    4
(relay)    16    10    5036.49    5    5033.6    1    1
(relay)    11    3    5055.09    5    5052.38    1    1
(relay)    12    8    5093.09    5    5091.62    2    1
(advertise)    42    5093.29    8    5
(relay)    11    9    5099.91    5    5096.61    3    1
(advertise)    42    5115.91    9    5
(relay)    11    45    5122.32    5    5098.83    4    1
(advertise)    42    5137.12    45    5
(generate)    42    5229.53    [31]    5
(relay)    11    25    5256.54    5    5239.64    1    1
(relay)    11    41    5278.74    5    5245.7    3    1
(advertise)    42    5278.94    41    5
(relay)    11    20    5340.36    5    5338.66    3    1
(advertise)    42    5340.56    20    5
(relay)    12    12    5371.17    5    5370.64    7    1
(advertise)    42    5371.37    12    5
(relay)    11    34    5422.38    5    5419.69    1    1
(relay)    14    14    5434.18    5    5434.05    6    1
(advertise)    42    5434.38    14    5
(relay)    48    1    5508.4    6    5504    123    1
(advertise)    42    5508.6    1    6
(relay)    12    21    5536.61    5    5534.57    1    1
(relay)    19    24    5570.41    5    5568.7    4    1
(advertise)    42    5570.61    24    5
(relay)    11    11    5602.82    5    5602.67    7    1
(advertise)    42    5603.02    11    5
(relay)    19    19    5605.84    5    5605.67    6    1
(advertise)    42    5625.44    19    5
(relay)    19    26    5641.65    5    5640.75    4    1
(advertise)    42    5648.45    26    5
(relay)    19    18    5671.06    5    5643.69    3    1
(advertise)    42    5673.26    18    5
(relay)    11    17    5693.67    5    5691.65    3    1
(advertise)    42    5694.67    17    5
(relay)    11    47    5716.49    5    5676.54    4    1
(advertise)    42    5718.29    47    5
(relay)    44    44    5725.3    5    5724.7    7    1
(advertise)    42    5739.7    44    5
(relay)    48    0    5767.91    5    5677.31    1    1
(relay)    4    4    5768.71    5    5767.71    7    1
(advertise)    42    5768.91    4    5
(relay)    48    48    5833.73    5    5833.22    7    1
(advertise)    42    5833.93    48    5
(relay)    16    16    5840.94    5    5839.99    6    1
(relay)    11    13    5855.94    5    5853.64    3    2
(advertise)    42    5856.34    16    5
(relay)    48    22    5878.35    5    5851.12    3    2
(advertise)    42    5879.35    13    5
(advertise)    42    5902.57    22    5
(relay)    48    23    5988.38    5    5986.57    1    1
(relay)    11    3    6055.18    6    6052.45    1    1
(relay)    11    15    6077.58    6    6067.1    2    1
(advertise)    42    6077.78    15    6
(relay)    48    8    6093.59    6    6091.64    2    1
(advertise)    42    6098.99    8    6
(relay)    11    45    6122.0    6    6098.85    4    1
(advertise)    42    6123.0    45    6
(relay)    11    46    6167.02    6    6166.06    4    1
(advertise)    42    6167.22    46    6
(generate)    42    6229.83    [31]    6
(relay)    11    25    6254.84    6    6239.71    1    1
(relay)    11    41    6278.84    6    6245.87    3    1
(advertise)    42    6279.04    41    6
(relay)    12    20    6339.46    6    6338.81    4    1
(advertise)    42    6339.66    20    6
(relay)    12    12    6371.27    6    6370.79    7    1
(advertise)    42    6371.47    12    6
(relay)    11    34    6422.48    6    6419.78    1    1
(relay)    14    14    6434.28    6    6434.16    6    1
(advertise)    42    6434.48    14    6
(relay)    14    1    6506.1    7    6504    123    1
(advertise)    42    6506.3    1    7
(relay)    14    21    6537.11    6    6534.72    1    1
(relay)    19    24    6570.51    6    6568.85    4    1
(advertise)    42    6570.71    24    6
(relay)    11    11    6602.92    6    6602.81    7    1
(advertise)    42    6603.12    11    6
(relay)    19    19    6605.93    6    6605.8    6    1
(advertise)    42    6626.13    19    6
(relay)    19    26    6642.15    6    6640.9    4    1
(advertise)    42    6650.35    26    6
(relay)    19    18    6672.96    6    6643.83    3    1
(advertise)    42    6673.76    18    6
(relay)    11    17    6693.97    6    6691.76    3    1
(advertise)    42    6695.77    17    6
(relay)    11    47    6715.39    6    6676.57    4    1
(advertise)    42    6717.19    47    6
(relay)    44    44    6725.4    6    6724.8    7    1
(advertise)    42    6739.6    44    6
(relay)    48    0    6741.01    6    6677.44    1    1
(relay)    4    4    6768.81    6    6767.81    7    1
(advertise)    42    6769.01    4    6
(relay)    48    48    6834.23    6    6833.32    7    1
(advertise)    42    6834.43    48    6
(relay)    16    16    6841.04    6    6840.13    6    1
(advertise)    42    6856.64    16    6
(relay)    16    22    6877.85    6    6851.15    3    1
(advertise)    42    6879.45    22    6
(relay)    19    13    6899.66    6    6853.72    2    1
(advertise)    42    6901.86    13    6
(relay)    48    33    6944.08    6    6937.77    1    1
(relay)    48    23    6988.68    6    6986.75    1    1
(relay)    19    10    7037.68    7    7034.47    1    1
(relay)    11    3    7055.08    7    7052.55    1    1
(relay)    11    15    7079.08    7    7067.21    2    1
(advertise)    42    7079.28    15    7
(relay)    48    8    7093.69    7    7091.67    2    1
(advertise)    42    7102.49    8    7
(relay)    19    9    7123.5    7    7096.8    2    1
(relay)    11    45    7123.9    7    7099.1    4    2
(advertise)    42    7125.5    9    7
(advertise)    42    7147.72    45    7
(relay)    11    46    7167.53    7    7166.18    4    1
(advertise)    42    7170.33    46    7
(generate)    42    7229.94    [31]    7
(relay)    11    25    7255.16    7    7239.81    1    1
(relay)    11    41    7276.96    7    7245.89    3    1
(advertise)    42    7277.16    41    7
(relay)    48    20    7339.77    7    7338.96    4    1
(advertise)    42    7339.97    20    7
(relay)    12    12    7371.38    7    7370.92    7    1
(advertise)    42    7371.58    12    7
(relay)    11    34    7421.79    7    7419.86    1    1
(relay)    14    14    7434.39    7    7434.34    6    1
(advertise)    42    7434.59    14    7
(relay)    11    43    7499.61    7    7495.91    3    1
(advertise)    42    7499.81    43    7
(relay)    48    1    7506.42    8    7504    123    1
(advertise)    42    7521.62    1    8
(relay)    48    21    7537.43    7    7534.86    1    1
(relay)    19    24    7571.23    7    7569.03    4    1
(advertise)    42    7571.43    24    7
(relay)    11    11    7603.05    7    7602.95    7    1
(advertise)    42    7603.25    11    7
(relay)    19    19    7606.06    7    7605.96    6    1
(advertise)    42    7625.66    19    7
(relay)    19    26    7642.27    7    7641.08    4    1
(advertise)    42    7648.87    26    7
(relay)    19    18    7672.09    7    7643.96    3    1
(advertise)    42    7672.29    18    7
(relay)    11    17    7694.5    7    7691.9    3    1
(advertise)    42    7695.3    17    7
(relay)    11    47    7717.51    7    7676.6    4    1
(advertise)    42    7718.31    47    7
(relay)    44    44    7725.52    7    7724.92    7    1
(advertise)    42    7740.92    44    7
(relay)    4    4    7767.94    7    7767.94    7    1
(advertise)    42    7768.14    4    7
(relay)    48    48    7834.35    7    7833.44    7    1
(advertise)    42    7834.55    48    7
(relay)    16    16    7841.36    7    7840.27    6    1
(advertise)    42    7856.16    16    7
(relay)    16    22    7878.58    7    7851.15    3    1
(advertise)    42    7878.78    22    7
(relay)    11    7    7902.99    7    7867.71    2    1
(advertise)    42    7903.19    7    7
(relay)    48    33    7942.6    7    7937.89    1    1
(relay)    16    23    7989.2    7    7986.94    1    1
(relay)    14    10    8037.0    8    8034.48    1    1
(relay)    11    3    8054.4    8    8052.66    1    1
(relay)    11    15    8077.2    8    8067.34    2    1
(advertise)    42    8077.4    15    8
(relay)    48    8    8094.22    8    8091.67    2    1
(relay)    11    9    8099.42    8    8096.92    3    2
(advertise)    42    8100.02    8    8
(advertise)    42    8121.23    9    8
(relay)    11    46    8167.64    8    8166.25    4    1
(advertise)    42    8167.84    46    8
(generate)    42    8230.05    [31]    8
(relay)    11    25    8254.47    8    8239.92    1    1
(relay)    11    41    8275.47    8    8245.91    3    1
(advertise)    42    8275.67    41    8
(relay)    48    20    8340.48    8    8339.1    4    1
(advertise)    42    8340.68    20    8
(relay)    12    12    8372.09    8    8371.08    7    1
(advertise)    42    8372.29    12    8
(heartbeat)    31    2    8381.21    42    8398.71    5    5
(advertise)    42    8399.11    31    2
(relay)    11    34    8420.92    8    8420.0    1    1
(relay)    14    14    8435.12    8    8434.49    5    1
(advertise)    42    8435.32    14    8
(relay)    48    21    8537.93    8    8535.0    1    1
(relay)    19    24    8571.53    8    8569.15    4    1
(advertise)    42    8571.73    24    8
(relay)    11    11    8603.15    8    8603.08    5    1
(advertise)    42    8603.35    11    8
(relay)    19    19    8606.16    8    8606.06    6    1
(advertise)    42    8625.36    19    8
(relay)    19    26    8642.97    8    8641.22    3    1
(advertise)    42    8646.77    26    8
(relay)    14    18    8669.58    8    8644.26    1    1
(relay)    11    47    8680.38    8    8676.61    4    1
(advertise)    42    8680.58    47    8
(relay)    11    17    8701.8    8    8692.02    3    1
(advertise)    42    8702.0    17    8
(relay)    44    44    8725.61    8    8725.01    7    1
(advertise)    42    8725.81    44    8
(relay)    19    0    8736.42    8    8677.71    1    1
(relay)    4    4    8768.02    8    8768.02    7    1
(advertise)    42    8768.22    4    8
(relay)    48    48    8834.44    8    8833.53    6    1
(advertise)    42    8834.64    48    8
(relay)    16    16    8841.45    8    8840.37    6    1
(advertise)    42    8856.05    16    8
(relay)    14    22    8881.26    8    8851.32    2    1
(advertise)    42    8881.66    22    8
(relay)    12    13    8883.08    8    8853.92    2    1
(advertise)    42    8905.08    13    8
(relay)    14    33    8950.29    8    8938.02    1    1
(relay)    19    23    8989.69    8    8987.13    1    1
(relay)    14    10    9035.49    9    9034.66    1    1
(relay)    11    3    9053.49    9    9052.72    1    1
(relay)    11    15    9078.09    9    9067.42    2    1
(advertise)    42    9078.29    15    9
(relay)    16    8    9094.5    9    9091.83    2    1
(advertise)    42    9102.1    8    9
(relay)    14    9    9123.31    9    9097.01    2    1
(advertise)    42    9124.71    9    9
(relay)    11    46    9168.13    9    9166.26    4    1
(advertise)    42    9168.33    46    9
(generate)    42    9230.14    [31]    9
(relay)    11    25    9255.95    9    9240.02    1    1
(relay)    11    41    9280.15    9    9246.1    3    1
(advertise)    42    9280.35    41    9
(relay)    11    20    9340.37    9    9339.27    3    1
(advertise)    42    9340.57    20    9
(relay)    12    12    9372.18    9    9371.17    6    1
(advertise)    42    9372.38    12    9
(relay)    11    34    9421.19    9    9420.09    1    1
(relay)    14    14    9435.19    9    9434.61    5    1
(advertise)    42    9435.39    14    9
(relay)    48    21    9539.81    9    9535.15    1    1
(relay)    14    24    9570.01    9    9569.28    3    1
(advertise)    42    9570.21    24    9
(relay)    11    11    9603.82    9    9603.17    5    1
(advertise)    42    9604.02    11    9
(relay)    19    19    9606.83    9    9606.19    6    1
(advertise)    42    9625.23    19    9
(relay)    19    26    9643.65    9    9641.36    3    1
(advertise)    42    9646.85    26    9
(relay)    16    18    9672.46    9    9644.39    1    1
(relay)    11    17    9693.06    9    9692.12    3    1
(advertise)    42    9693.26    17    9
(relay)    19    0    9714.47    9    9677.91    1    1
(relay)    44    44    9726.07    9    9725.07    7    1
(advertise)    42    9726.27    44    9
(relay)    11    2    9753.28    10    9742    123    1
(advertise)    42    9753.48    2    10
(relay)    4    4    9768.1    9    9768.1    7    1
(advertise)    42    9775.9    4    9
(relay)    48    48    9834.71    9    9833.63    6    1
(advertise)    42    9834.91    48    9
(relay)    16    16    9840.52    9    9840.51    6    1
(advertise)    42    9856.92    16    9
(relay)    19    22    9878.74    9    9852.31    2    1
(advertise)    42    9879.34    22    9
(relay)    11    7    9905.15    9    9867.9    2    1
(advertise)    42    9905.35    7    9
(relay)    48    33    9965.96    9    9938.13    1    1
(relay)    19    23    9991.76    9    9987.28    1    1
(relay)    16    10    10035.36    10    10034.85    1    1
(relay)    11    3    10053.96    10    10052.81    1    1
(relay)    11    15    10075.36    10    10067.52    2    1
(advertise)    42    10075.56    15    10
(relay)    48    8    10095.58    10    10092.03    2    1
(advertise)    42    10097.78    8    10
(relay)    11    9    10120.39    10    10097.12    3    1
(advertise)    42    10120.59    9    10
(relay)    11    45    10143.6    10    10100.39    4    1
(advertise)    42    10144.4    45    10
(relay)    11    46    10169.61    10    10166.27    4    1
(advertise)    42    10169.81    46    10
(generate)    42    10230.23    [31]    10
(relay)    11    25    10253.64    10    10240.1    1    1
(relay)    11    41    10276.84    10    10246.11    3    1
(advertise)    42    10277.04    41    10
(relay)    11    20    10341.45    10    10339.39    3    1
(advertise)    42    10341.65    20    10
(relay)    12    12    10372.27    10    10371.31    6    1
(advertise)    42    10372.47    12    10
(relay)    11    34    10421.48    10    10420.16    1    1
(relay)    14    14    10435.28    10    10434.75    5    1
(advertise)    42    10435.48    14    10
(relay)    48    1    10506.29    11    10504    123    1
(advertise)    42    10506.49    1    11
(relay)    19    21    10539.71    10    10535.24    1    1
(relay)    48    24    10570.31    10    10569.44    3    1
(advertise)    42    10570.51    24    10
(relay)    11    11    10603.92    10    10603.31    5    1
(advertise)    42    10604.12    11    10
(relay)    19    19    10606.93    10    10606.33    6    1
(advertise)    42    10626.13    19    10
(relay)    19    26    10643.74    10    10641.51    3    1
(advertise)    42    10649.34    26    10
(relay)    19    18    10670.16    10    10644.53    2    1
(advertise)    42    10670.56    18    10
(relay)    11    47    10677.77    10    10676.72    4    1
(advertise)    42    10692.37    47    10
(relay)    11    17    10699.38    10    10692.26    3    1
(advertise)    42    10714.58    17    10
(relay)    44    44    10726.2    10    10725.2    7    1
(advertise)    42    10737.2    44    10
(relay)    11    2    10755.41    11    10742    123    1
(advertise)    42    10758.41    2    11
(relay)    4    4    10768.22    10    10768.22    7    1
(advertise)    42    10780.42    4    10
(relay)    48    48    10833.84    10    10833.73    6    1
(advertise)    42    10834.04    48    10
(relay)    16    16    10840.65    10    10840.63    6    1
(advertise)    42    10857.85    16    10
(relay)    16    22    10879.06    10    10852.34    2    1
(advertise)    42    10879.46    22    10
(relay)    19    13    10901.67    10    10854.17    2    1
(advertise)    42    10903.87    13    10
(relay)    11    7    10922.89    10    10868.02    2    1
(advertise)    42    10927.29    7    10
(relay)    16    23    10991.1    10    10987.3    1    1
(relay)    16    10    11035.9    11    11034.89    1    1
(relay)    11    3    11054.1    11    11052.92    1    1
(relay)    11    15    11076.5    11    11067.65    2    1
(advertise)    42    11076.7    15    11
(relay)    48    8    11094.51    11    11092.08    2    1
(advertise)    42    11099.51    8    11
(relay)    11    45    11121.73    11    11101.46    3    1
(advertise)    42    11122.13    45    11
(relay)    11    46    11169.54    11    11166.29    4    1
(advertise)    42    11169.74    46    11
(generate)    42    11230.35    [31]    11
(relay)    11    25    11255.77    11    11240.21    1    1
(relay)    11    41    11277.77    11    11246.12    2    1
(advertise)    42    11277.97    41    11
(relay)    12    20    11341.18    11    11339.54    4    1
(advertise)    42    11341.38    20    11
(relay)    12    12    11371.59    11    11371.46    6    1
(advertise)    42    11371.79    12    11
(relay)    11    34    11422.4    11    11420.27    1    1
(relay)    14    14    11436.0    11    11434.9    5    1
(advertise)    42    11436.2    14    11
(relay)    11    43    11497.62    11    11496.16    3    1
(advertise)    42    11497.82    43    11
(relay)    12    1    11521.43    12    11504    123    1
(advertise)    42    11521.83    1    12
(relay)    14    21    11544.24    11    11535.41    1    1
(relay)    16    24    11570.04    11    11569.62    3    1
(advertise)    42    11570.24    24    11
(relay)    11    11    11604.06    11    11603.46    5    1
(advertise)    42    11604.26    11    11
(relay)    19    19    11607.07    11    11606.48    6    1
(advertise)    42    11626.67    19    11
(relay)    19    26    11643.08    11    11641.67    3    1
(advertise)    42    11649.08    26    11
(relay)    19    18    11671.3    11    11644.66    2    1
(advertise)    42    11673.1    18    11
(relay)    11    47    11693.31    11    11676.79    4    1
(advertise)    42    11695.31    47    11
(relay)    48    0    11720.12    11    11678.16    1    1
(relay)    44    44    11726.32    11    11725.32    7    1
(advertise)    42    11726.52    44    11
(relay)    4    4    11768.93    11    11768.33    7    1
(advertise)    42    11769.13    4    11
(relay)    48    48    11833.95    11    11833.83    6    1
(advertise)    42    11834.15    48    11
(relay)    16    16    11840.76    11    11840.76    6    1
(relay)    11    13    11855.56    11    11854.24    3    2
(advertise)    42    11856.36    16    11
(advertise)    42    11877.57    13    11
(relay)    48    22    11878.79    11    11852.35    2    1
(advertise)    42    11899.19    22    11
(relay)    19    33    11951.0    11    11938.42    1    1
(relay)    14    10    12036.8    12    12034.91    1    1
(relay)    11    3    12055.0    12    12052.97    1    1
(relay)    11    15    12078.6    12    12067.73    2    1
(advertise)    42    12078.8    15    12
(relay)    48    8    12093.61    12    12092.1    2    1
(advertise)    42    12100.61    8    12
(relay)    12    9    12121.83    12    12097.35    2    1
(advertise)    42    12122.83    9    12
(relay)    11    45    12124.44    12    12101.48    4    1
(advertise)    42    12144.84    45    12
(relay)    11    46    12170.05    12    12166.35    4    1
(advertise)    42    12170.25    46    12
(generate)    42    12230.46    [31]    12
(relay)    11    25    12254.48    12    12240.28    1    1
(relay)    11    41    12276.48    12    12246.14    3    1
(advertise)    42    12276.68    41    12
(relay)    48    20    12341.89    12    12339.71    4    1
(advertise)    42    12342.09    20    12
(relay)    12    12    12371.7    12    12371.62    6    1
(advertise)    42    12371.9    12    12
(heartbeat)    31    3    12381.23    42    12398.52    5    5
(advertise)    42    12399.32    31    3
(relay)    11    34    12423.13    12    12420.36    1    1
(relay)    14    14    12436.13    12    12435.03    5    1
(advertise)    42    12436.33    14    12
(relay)    11    43    12497.54    12    12496.19    3    1
(advertise)    42    12497.74    43    12
(relay)    19    1    12522.36    13    12504    123    1
(advertise)    42    12522.76    1    13
(relay)    19    24    12570.17    12    12569.77    3    1
(advertise)    42    12570.37    24    12
(relay)    11    11    12604.58    12    12603.59    5    1
(advertise)    42    12604.78    11    12
(relay)    19    19    12607.59    12    12606.63    5    1
(advertise)    42    12626.79    19    12
(relay)    19    26    12643.21    12    12641.85    3    1
(advertise)    42    12649.81    26    12
(relay)    12    18    12670.82    12    12644.8    2    1
(advertise)    42    12673.22    18    12
(relay)    11    47    12693.03    12    12676.82    3    1
(advertise)    42    12696.03    47    12
(relay)    11    17    12716.25    12    12692.52    3    1
(advertise)    42    12718.65    17    12
(relay)    44    44    12725.66    12    12725.46    6    1
(advertise)    42    12740.06    44    12
(relay)    4    4    12769.07    12    12768.47    7    1
(advertise)    42    12769.27    4    12
(relay)    48    48    12834.09    12    12833.92    6    1
(advertise)    42    12834.29    48    12
(relay)    16    16    12840.9    12    12840.87    6    1
(relay)    11    13    12855.5    12    12854.32    3    2
(advertise)    42    12856.3    16    12
(advertise)    42    12877.71    13    12
(relay)    19    22    12899.72    12    12852.37    2    1
(advertise)    42    12900.52    22    12
(relay)    11    7    12901.74    12    12868.21    2    1
(advertise)    42    12923.54    7    12
(relay)    12    33    12948.75    12    12938.58    1    1
(relay)    48    23    12991.15    12    12987.49    1    1
(relay)    14    10    13037.35    13    13035.1    1    1
(relay)    11    3    13055.55    13    13053.06    1    1
(relay)    11    15    13077.95    13    13067.85    2    1
(advertise)    42    13078.15    15    13
(relay)    48    8    13092.76    13    13092.11    2    1
(relay)    11    9    13100.16    13    13097.45    3    2
(advertise)    42    13100.36    8    13
(advertise)    42    13121.38    9    13
(relay)    11    46    13170.99    13    13166.48    3    1
(advertise)    42    13171.19    46    13
(generate)    42    13230.6    [31]    13
(relay)    11    25    13256.82    13    13240.39    1    1
(relay)    12    12    13371.82    13    13371.75    6    1
(advertise)    42    13372.02    12    13
(relay)    11    34    13422.83    13    13420.45    1    1
(relay)    14    14    13436.23    13    13435.13    5    1
(advertise)    42    13436.43    14    13
(relay)    11    43    13499.24    13    13496.24    3    1
(advertise)    42    13499.44    43    13
(relay)    14    21    13538.05    13    13535.69    1    1
(relay)    14    24    13571.65    13    13569.92    2    1
(advertise)    42    13571.85    24    13
(relay)    11    11    13604.67    13    13603.7    5    1
(advertise)    42    13604.87    11    13
(relay)    19    19    13607.68    13    13606.73    5    1
(advertise)    42    13626.28    19    13
(relay)    19    26    13642.49    13    13641.96    3    1
(advertise)    42    13648.69    26    13
(relay)    19    18    13672.31    13    13644.88    2    1
(advertise)    42    13673.91    18    13
(relay)    11    47    13695.72    13    13676.86    3    1
(advertise)    42    13697.72    47    13
(relay)    11    17    13716.13    13    13692.61    3    1
(advertise)    42    13718.73    17    13
(relay)    16    0    13720.55    13    13678.47    1    1
(relay)    44    44    13725.75    13    13725.55    6    1
(advertise)    42    13739.75    44    13
(relay)    4    4    13769.16    13    13768.56    7    1
(advertise)    42    13769.36    4    13
(relay)    48    48    13834.57    13    13834.01    6    1
(advertise)    42    13834.77    48    13
(relay)    16    16    13841.58    13    13840.95    6    1
(relay)    11    13    13856.38    13    13854.39    3    2
(advertise)    42    13857.98    16    13
(advertise)    42    13880.6    13    13
(relay)    11    7    13900.61    13    13868.29    2    1
(relay)    12    22    13901.61    13    13852.51    1    2
(advertise)    42    13903.81    7    13
(relay)    48    33    13953.22    13    13938.64    1    1
(relay)    12    23    13991.22    13    13987.63    1    1
(relay)    14    10    14037.42    14    14035.25    1    1
(relay)    11    3    14055.62    14    14053.1    1    1
(relay)    11    15    14078.42    14    14067.93    2    1
(advertise)    42    14078.62    15    14
(relay)    48    8    14093.04    14    14092.25    2    1
(advertise)    42    14100.64    8    14
(relay)    14    9    14122.25    14    14097.52    2    1
(advertise)    42    14122.85    9    14
(relay)    11    46    14170.26    14    14166.51    3    1
(advertise)    42    14170.46    46    14
(generate)    42    14230.68    [31]    14
(relay)    11    25    14254.89    14    14240.43    1    1
(relay)    11    41    14276.69    14    14246.21    3    1
(advertise)    42    14276.89    41    14
(relay)    48    20    14341.3    14    14340.0    4    1
(advertise)    42    14341.5    20    14
(relay)    12    12    14371.91    14    14371.89    6    1
(advertise)    42    14372.11    12    14
(relay)    11    34    14423.33    14    14420.49    1    1
(relay)    14    14    14435.33    14    14435.28    5    1
(advertise)    42    14435.53    14    14
(relay)    11    43    14499.34    14    14496.25    3    1
(advertise)    42    14499.54    43    14
(relay)    19    1    14523.15    15    14504    123    1
(advertise)    42    14523.35    1    15
(relay)    19    21    14543.37    14    14535.79    1    1
(relay)    19    24    14571.37    14    14570.07    3    1
(advertise)    42    14571.57    24    14
(relay)    11    11    14604.78    14    14603.83    5    1
(advertise)    42    14604.98    11    14
(relay)    19    19    14607.99    14    14606.89    5    1
(advertise)    42    14625.99    19    14
(relay)    19    26    14642.61    14    14642.11    3    1
(advertise)    42    14647.81    26    14
(relay)    19    18    14674.02    14    14644.96    1    1
(relay)    11    47    14680.02    14    14676.92    3    1
(advertise)    42    14680.22    47    14
(relay)    11    17    14702.83    14    14692.75    3    1
(advertise)    42    14703.83    17    14
(relay)    44    44    14725.84    14    14725.64    6    1
(advertise)    42    14726.44    44    14
(relay)    19    0    14737.46    14    14678.62    1    1
(relay)    11    2    14751.66    15    14742    123    1
(advertise)    42    14751.86    2    15
(relay)    4    4    14769.67    14    14768.67    7    1
(advertise)    42    14773.87    4    14
(relay)    48    48    14834.68    14    14834.12    6    1
(advertise)    42    14834.88    48    14
(relay)    16    16    14841.7    14    14841.08    6    1
(advertise)    42    14857.1    16    14
(relay)    48    22    14880.51    14    14852.68    2    1
(relay)    11    13    14880.91    14    14854.51    3    2
(advertise)    42    14881.51    22    14
(advertise)    42    14903.32    13    14
(relay)    14    23    14992.14    14    14987.81    1    1
(relay)    19    10    15037.94    15    15035.41    1    1
(relay)    11    3    15056.14    15    15053.2    1    1
(relay)    11    15    15078.74    15    15068.06    2    1
(advertise)    42    15078.94    15    15
(relay)    48    8    15093.55    15    15092.44    2    1
(advertise)    42    15100.55    8    15
(relay)    14    9    15126.36    15    15097.62    2    1
(advertise)    42    15126.56    9    15
(relay)    11    45    15146.37    15    15102.45    2    1
(advertise)    42    15148.57    45    15
(relay)    11    46    15170.59    15    15166.52    3    1
(advertise)    42    15171.19    46    15
(generate)    42    15230.8    [31]    15
(relay)    11    25    15255.01    15    15240.54    1    1
(relay)    11    41    15278.61    15    15246.26    3    1
(advertise)    42    15278.81    41    15
(relay)    4    20    15341.03    15    15340.15    3    1
(advertise)    42    15341.23    20    15
(relay)    12    12    15372.64    15    15372.03    6    1
(advertise)    42    15372.84    12    15
(relay)    11    34    15423.85    15    15420.59    1    1
(relay)    14    14    15435.45    15    15435.44    5    1
(advertise)    42    15435.65    14    15
(relay)    11    43    15500.67    15    15496.3    2    1
(advertise)    42    15500.87    43    15
(relay)    48    1    15508.08    16    15504    123    1
(advertise)    42    15523.08    1    16
(relay)    19    24    15571.49    15    15570.21    3    1
(advertise)    42    15571.69    24    15
(relay)    11    11    15604.9    15    15603.99    5    1
(advertise)    42    15605.1    11    15
(relay)    19    19    15607.32    15    15607.06    5    1
(advertise)    42    15627.52    19    15
(relay)    19    26    15643.13    15    15642.28    3    1
(advertise)    42    15648.53    26    15
(relay)    12    18    15673.74    15    15645.07    2    1
(advertise)    42    15674.34    18    15
(relay)    11    47    15680.16    15    15676.98    3    1
(advertise)    42    15695.56    47    15
(relay)    11    17    15702.37    15    15692.9    3    1
(advertise)    42    15717.57    17    15
(relay)    44    44    15725.98    15    15725.78    6    1
(advertise)    42    15739.18    44    15
(relay)    11    2    15752.8    16    15742    122    1
(relay)    19    0    15759.6    15    15678.75    1    2
(advertise)    42    15760.8    2    16
(relay)    4    4    15769.81    15    15768.8    7    1
(advertise)    42    15782.01    4    15
(relay)    48    48    15834.82    15    15834.22    6    1
(advertise)    42    15835.02    48    15
(relay)    16    16    15841.83    15    15841.19    6    1
(advertise)    42    15856.03    16    15
(relay)    11    13    15857.25    15    15854.59    3    1
(advertise)    42    15878.25    13    15
(relay)    16    22    15901.06    15    15852.86    2    1
(advertise)    42    15902.06    22    15
(relay)    14    33    15973.27    15    15938.95    1    1
(relay)    48    23    15995.27    15    15988.2    1    1
(relay)    14    10    16039.07    16    16035.43    1    1
(relay)    11    3    16056.67    16    16053.28    1    1
(relay)    11    8    16094.27    16    16092.6    1    1
(relay)    11    9    16116.27    16    16097.69    3    1
(advertise)    42    16116.47    9    16
(relay)    11    45    16139.69    16    16102.51    3    1
(advertise)    42    16140.49    45    16
(relay)    11    46    16167.7    16    16166.53    3    1
(advertise)    42    16167.9    46    16
(generate)    42    16230.91    [31]    16
(relay)    11    25    16257.13    16    16240.63    1    1
(relay)    11    41    16280.73    16    16246.29    2    1
(advertise)    42    16280.93    41    16
(relay)    4    20    16340.94    16    16340.31    3    1
(advertise)    42    16341.14    20    16
(relay)    12    12    16372.75    16    16372.17    6    1
(advertise)    42    16372.95    12    16
(heartbeat)    31    4    16381.24    42    16399.56    5    5
(advertise)    42    16399.76    31    4
(relay)    11    34    16423.18    16    16420.7    1    1
(relay)    14    14    16435.78    16    16435.59    5    1
(advertise)    42    16435.98    14    16
(relay)    19    24    16572.19    16    16570.38    3    1
(advertise)    42    16572.39    24    16
(relay)    11    11    16604.2    16    16604.12    5    1
(advertise)    42    16604.4    11    16
(relay)    19    19    16607.22    16    16607.19    5    1
(advertise)    42    16628.42    19    16
(relay)    11    26    16644.03    16    16642.43    2    1
(advertise)    42    16650.23    26    16
(relay)    16    18    16675.84    16    16645.21    2    1
(advertise)    42    16676.04    18    16
(relay)    11    47    16697.46    16    16677.04    3    1
(advertise)    42    16697.66    47    16
(relay)    11    17    16720.67    16    16693.02    3    1
(advertise)    42    16721.27    17    16
(relay)    44    44    16726.48    16    16725.89    6    1
(advertise)    42    16744.48    44    16
(relay)    4    4    16769.89    16    16768.88    6    1
(advertise)    42    16770.09    4    16
(relay)    48    48    16834.91    16    16834.32    6    1
(advertise)    42    16835.11    48    16
(relay)    16    16    16842.32    16    16841.3    6    1
(advertise)    42    16858.32    16    16
(relay)    19    22    16878.33    16    16852.88    2    1
(advertise)    42    16880.73    22    16
(relay)    48    13    16900.15    16    16854.66    1    1
(relay)    11    7    16901.15    16    16868.62    2    1
(advertise)    42    16903.15    7    16
(relay)    48    33    16950.96    16    16939.1    1    1
(relay)    12    23    16989.96    16    16988.24    1    1
(relay)    11    3    17055.76    17    17053.34    1    1
(relay)    11    15    17079.36    17    17068.24    2    1
(advertise)    42    17079.56    15    17
(relay)    48    8    17094.97    17    17092.77    2    1
(relay)    11    9    17101.37    17    17097.75    3    2
(advertise)    42    17101.97    8    17
(advertise)    42    17123.19    9    17
(relay)    11    46    17167.6    17    17166.55    3    1
(advertise)    42    17167.8    46    17
(generate)    42    17231.01    [31]    17
(relay)    11    25    17258.02    17    17240.69    1    1
(relay)    11    41    17282.22    17    17246.49    3    1
(advertise)    42    17282.42    41    17
(relay)    11    20    17341.24    17    17340.46    3    1
(advertise)    42    17341.44    20    17
(relay)    12    12    17372.85    17    17372.29    6    1
(advertise)    42    17373.05    12    17
(relay)    11    34    17423.26    17    17420.75    1    1
(relay)    14    14    17435.86    17    17435.72    5    1
(advertise)    42    17436.06    14    17
(relay)    48    1    17506.28    18    17504    123    1
(advertise)    42    17506.48    1    18
(relay)    19    21    17538.49    17    17536.21    1    1
(relay)    19    24    17572.69    17    17570.5    3    1
(advertise)    42    17572.89    24    17
(relay)    11    11    17604.3    17    17604.23    5    1
(advertise)    42    17604.5    11    17
(relay)    19    19    17607.32    17    17607.31    5    1
(advertise)    42    17625.72    19    17
(relay)    19    26    17643.93    17    17642.58    3    1
(advertise)    42    17647.13    26    17
(relay)    48    18    17672.54    17    17645.31    2    1
(advertise)    42    17673.14    18    17
(relay)    11    47    17696.15    17    17677.06    3    1
(advertise)    42    17696.95    47    17
(relay)    11    17    17717.77    17    17693.11    3    1
(advertise)    42    17719.17    17    17
(relay)    44    44    17726.58    17    17725.98    6    1
(advertise)    42    17741.38    44    17
(relay)    4    4    17769.19    17    17768.99    6    1
(advertise)    42    17769.59    4    17
(relay)    48    48    17835.41    17    17834.39    6    1
(advertise)    42    17835.61    48    17
(relay)    16    16    17842.42    17    17841.4    6    1
(advertise)    42    17858.62    16    17
(relay)    48    22    17880.43    17    17853.04    2    1
(advertise)    42    17880.63    22    17
(relay)    11    13    17881.85    17    17854.75    3    1
(advertise)    42    17904.25    13    17
(relay)    11    7    17927.46    17    17868.69    2    1
(advertise)    42    17927.86    7    17
(relay)    14    33    17951.07    17    17939.25    1    1
(relay)    19    23    17991.27    17    17988.42    1    1
(relay)    11    3    18055.87    18    18053.42    1    1
(relay)    11    15    18078.27    18    18068.33    2    1
(advertise)    42    18078.47    15    18
(relay)    16    8    18095.28    18    18092.91    2    1
(relay)    11    9    18100.68    18    18097.84    3    2
(advertise)    42    18101.08    8    18
(advertise)    42    18123.1    9    18
(relay)    11    46    18168.11    18    18166.65    3    1
(advertise)    42    18168.31    46    18
(generate)    42    18231.12    [31]    18
(relay)    11    25    18255.74    18    18240.76    1    1
(relay)    11    41    18278.94    18    18246.68    3    1
(advertise)    42    18279.14    41    18
(relay)    14    20    18342.15    18    18340.56    3    1
(advertise)    42    18342.35    20    18
(relay)    12    12    18373.36    18    18372.42    6    1
(advertise)    42    18373.56    12    18
(relay)    11    34    18421.58    18    18420.81    1    1
(relay)    14    14    18436.38    18    18435.87    5    1
(advertise)    42    18436.58    14    18
(relay)    11    43    18500.59    18    18496.72    3    1
(advertise)    42    18500.79    43    18
(relay)    48    21    18539.4    18    18536.34    1    1
(relay)    19    24    18572.8    18    18570.66    3    1
(advertise)    42    18573.0    24    18
(relay)    11    11    18604.41    18    18604.38    5    1
(advertise)    42    18604.61    11    18
(relay)    19    19    18607.63    18    18607.47    5    1
(advertise)    42    18627.63    19    18
(relay)    19    26    18644.44    18    18642.72    3    1
(advertise)    42    18649.04    26    18
(relay)    14    18    18672.25    18    18645.4    1    1
(relay)    11    47    18680.85    18    18677.1    3    1
(advertise)    42    18681.05    47    18
(relay)    11    17    18703.87    18    18693.24    3    1
(advertise)    42    18704.27    17    18
(relay)    44    44    18726.68    18    18726.08    6    1
(advertise)    42    18726.88    44    18
(relay)    11    2    18756.29    19    18742    123    1
(advertise)    42    18756.49    2    19
(relay)    4    4    18769.31    18    18769.11    6    1
(advertise)    42    18779.51    4    18
(relay)    48    48    18835.52    18    18834.49    6    1
(advertise)    42    18835.72    48    18
(relay)    16    16    18842.53    18    18841.53    6    1
(advertise)    42    18857.13    16    18
(relay)    19    13    18877.94    18    18854.83    2    1
(advertise)    42    18878.54    13    18
(relay)    48    22    18900.76    18    18853.19    2    1
(advertise)    42    18900.96    22    18
(relay)    12    23    18991.17    18    18988.61    1    1
(relay)    14    10    19036.37    19    19035.79    1    1
(relay)    11    3    19053.97    19    19053.52    1    1
(relay)    11    15    19076.97    19    19068.43    2    1
(advertise)    42    19077.17    15    19
(relay)    16    8    19095.58    19    19093.1    2    1
(advertise)    42    19099.38    8    19
(relay)    11    45    19125.0    19    19102.85    3    1
(advertise)    42    19125.2    45    19
(relay)    11    46    19168.01    19    19166.66    3    1
(advertise)    42    19168.21    46    19
(generate)    42    19231.22    [31]    19
(relay)    11    25    19255.84    19    19240.86    1    1
(relay)    11    41    19280.04    19    19246.88    3    1
(advertise)    42    19280.24    41    19
(relay)    19    20    19341.45    19    19340.69    4    1
(advertise)    42    19341.65    20    19
(relay)    12    12    19373.46    19    19372.54    6    1
(advertise)    42    19373.66    12    19
(relay)    11    34    19422.07    19    19420.91    1    1
(relay)    14    14    19436.67    19    19436.03    5    1
(advertise)    42    19436.87    14    19
(relay)    11    1    19505.49    20    19504    122    1
(advertise)    42    19505.69    1    20
(relay)    14    24    19571.3    19    19570.84    2    1
(advertise)    42    19571.5    24    19
(relay)    11    11    19605.11    19    19604.52    5    1
(advertise)    42    19605.31    11    19
(relay)    19    19    19608.13    19    19607.62    5    1
(advertise)    42    19628.13    19    19
(relay)    19    26    19645.14    19    19642.89    3    1
(advertise)    42    19651.14    26    19
(relay)    19    18    19671.35    19    19645.51    2    1
(advertise)    42    19672.95    18    19
(relay)    11    17    19696.57    19    19693.36    3    1
(advertise)    42    19696.77    17    19
(relay)    44    44    19727.18    19    19726.18    6    1
(advertise)    42    19727.38    44    19
(relay)    11    2    19755.79    20    19742    123    1
(advertise)    42    19755.99    2    20
(relay)    4    4    19769.4    19    19769.2    6    1
(advertise)    42    19778.0    4    19
(relay)    48    48    19835.62    19    19834.59    6    1
(advertise)    42    19835.82    48    19
(relay)    16    16    19841.63    19    19841.63    6    1
(relay)    11    13    19857.43    19    19854.92    3    2
(advertise)    42    19858.43    16    19
(relay)    19    22    19880.04    19    19853.21    2    2
(advertise)    42    19881.04    13    19
(relay)    11    7    19901.66    19    19868.9    2    2
(advertise)    42    19903.66    22    19
(advertise)    42    19925.87    7    19
(relay)    16    33    19949.88    19    19939.47    1    1
(relay)    48    23    19992.28    19    19988.63    1    1
(relay)    14    10    20036.28    20    20035.8    1    1
(relay)    11    3    20054.68    20    20053.6    1    1
(relay)    11    15    20077.68    20    20068.53    2    1
(advertise)    42    20077.88    15    20
(relay)    48    8    20096.5    20    20093.13    2    1
(advertise)    42    20100.3    8    20
(relay)    11    45    20123.71    20    20102.89    3    1
(advertise)    42    20124.91    45    20
(relay)    11    46    20169.52    20    20166.68    3    1
(advertise)    42    20169.72    46    20
(generate)    42    20231.33    [31]    20
(relay)    11    25    20255.55    20    20240.94    1    1
(relay)    11    41    20280.35    20    20247.06    1    1
(relay)    48    20    20342.55    20    20340.78    4    1
(advertise)    42    20342.75    20    20
(relay)    12    12    20373.76    20    20372.65    6    1
(advertise)    42    20373.96    12    20
(heartbeat)    31    5    20381.25    42    20399.37    4    5
(advertise)    42    20399.77    31    5
(relay)    11    34    20424.99    20    20421.0    1    1
(relay)    14    14    20436.79    20    20436.17    5    1
(advertise)    42    20436.99    14    20
(relay)    11    43    20498.0    20    20497.1    3    1
(advertise)    42    20498.2    43    20
(relay)    16    1    20505.61    21    20504    123    1
(advertise)    42    20520.61    1    21
(relay)    16    21    20541.03    20    20536.6    1    1
(relay)    14    24    20572.03    20    20571.01    2    1
(advertise)    42    20572.23    24    20
(relay)    11    11    20605.24    20    20604.64    5    1
(advertise)    42    20605.44    11    20
(relay)    19    19    20608.25    20    20607.78    5    1
(advertise)    42    20628.45    19    20
(relay)    19    26    20645.26    20    20643.02    3    1
(advertise)    42    20651.06    26    20
(relay)    19    18    20672.28    20    20645.63    2    1
(advertise)    42    20674.48    18    20
(relay)    11    47    20694.49    20    20677.22    3    1
(advertise)    42    20696.89    47    20
(relay)    11    17    20716.9    20    20693.47    3    1
(advertise)    42    20718.5    17    20
(relay)    44    44    20727.32    20    20726.29    6    1
(advertise)    42    20740.32    44    20
(relay)    4    4    20769.33    20    20769.32    6    1
(advertise)    42    20769.53    4    20
(relay)    48    48    20834.74    20    20834.72    6    1
(advertise)    42    20834.94    48    20
(relay)    16    16    20841.96    20    20841.76    5    1
(relay)    11    13    20855.56    20    20854.99    3    2
(advertise)    42    20858.16    16    20
(advertise)    42    20880.77    13    20
(relay)    16    22    20882.78    20    20853.24    2    1
(relay)    11    7    20899.78    20    20868.99    2    2
(advertise)    42    20904.18    22    20
(advertise)    42    20926.99    7    20
(relay)    48    23    21002.41    20    20988.69    1    1
(relay)    11    3    21054.81    21    21053.64    1    1
(relay)    11    15    21078.41    21    21068.61    2    1
(advertise)    42    21078.61    15    21
(relay)    48    8    21095.62    21    21093.13    2    1
(advertise)    42    21099.82    8    21
(relay)    11    9    21102.43    21    21098.04    3    1
(advertise)    42    21122.03    9    21
(relay)    11    45    21124.65    21    21102.93    2    1
(advertise)    42    21144.85    45    21
(relay)    11    46    21170.06    21    21166.69    3    1
(advertise)    42    21170.46    46    21
(generate)    42    21231.47    [31]    21
(relay)    11    25    21256.69    21    21241.03    1    1
(relay)    12    20    21342.09    21    21340.92    4    1
(advertise)    42    21342.29    20    21
(relay)    11    34    21422.7    21    21421.07    1    1
(relay)    14    14    21437.3    21    21436.34    5    1
(advertise)    42    21437.5    14    21
(relay)    12    1    21506.31    22    21504    123    1
(advertise)    42    21506.51    1    22
(relay)    48    21    21540.72    21    21536.74    1    1
(relay)    19    24    21571.52    21    21571.16    3    1
(advertise)    42    21571.72    24    21
(relay)    11    11    21605.34    21    21604.75    5    1
(advertise)    42    21605.54    11    21
(relay)    19    19    21608.55    21    21607.92    5    1
(advertise)    42    21626.55    19    21
(relay)    19    26    21644.36    21    21643.17    3    1
(advertise)    42    21647.76    26    21
(relay)    19    18    21675.18    21    21645.73    2    1
(advertise)    42    21675.78    18    21
(relay)    11    47    21696.39    21    21677.23    3    1
(advertise)    42    21698.19    47    21
(relay)    11    17    21718.2    21    21693.56    3    1
(advertise)    42    21721.4    17    21
(relay)    44    44    21727.42    21    21726.4    6    1
(advertise)    42    21743.02    44    21
(relay)    11    2    21766.63    22    21742    122    1
(advertise)    42    21766.83    2    22
(relay)    4    4    21770.04    21    21769.44    6    1
(advertise)    42    21789.04    4    21
(relay)    48    48    21834.85    21    21834.82    6    1
(advertise)    42    21835.05    48    21
(relay)    16    16    21842.07    21    21841.89    5    1
(relay)    11    13    21856.27    21    21855.09    3    2
(advertise)    42    21856.67    16    21
(advertise)    42    21877.88    13    21
(relay)    19    22    21902.09    21    21853.24    2    1
(advertise)    42    21902.69    22    21
(relay)    19    23    22009.91    21    21988.71    1    1
(relay)    19    10    22037.11    22    22035.84    1    1
(relay)    11    3    22055.71    22    22053.68    1    1
(relay)    11    15    22078.11    22    22068.69    2    1
(advertise)    42    22078.31    15    22
(relay)    48    8    22094.92    22    22093.14    2    1
(advertise)    42    22099.92    8    22
(relay)    11    9    22102.13    22    22098.13    3    1
(advertise)    42    22120.93    9    22
(relay)    11    45    22125.15    22    22102.95    3    1
(advertise)    42    22142.35    45    22
(relay)    11    46    22169.96    22    22166.72    3    1
(advertise)    42    22170.16    46    22
(generate)    42    22231.57    [31]    22
(relay)    11    25    22255.78    22    22241.08    1    1
(relay)    11    41    22277.98    22    22247.09    3    1
(advertise)    42    22278.18    41    22
(relay)    19    20    22342.8    22    22341.06    4    1
(advertise)    42    22343.0    20    22
(relay)    12    12    22373.01    22    22372.98    6    1
(advertise)    42    22373.21    12    22
(relay)    11    34    22423.22    22    22421.13    1    1
(relay)    14    14    22437.42    22    22436.47    5    1
(advertise)    42    22437.62    14    22
(relay)    11    43    22499.64    22    22497.11    2    1
(advertise)    42    22499.84    43    22
(relay)    16    1    22506.45    23    22504    123    1
(advertise)    42    22522.05    1    23
(relay)    48    21    22541.46    22    22536.88    1    1
(relay)    48    24    22572.46    22    22571.31    2    1
(advertise)    42    22572.66    24    22
(relay)    11    11    22605.88    22    22604.9    5    1
(advertise)    42    22606.08    11    22
(relay)    19    19    22609.09    22    22608.1    5    1
(advertise)    42    22627.49    19    22
(relay)    19    26    22644.7    22    22643.31    3    1
(advertise)    42    22649.5    26    22
(relay)    19    18    22673.11    22    22645.84    2    1
(advertise)    42    22673.51    18    22
(relay)    11    47    22695.73    22    22677.27    3    1
(advertise)    42    22696.13    47    22
(relay)    11    17    22717.14    22    22693.68    3    1
(advertise)    42    22717.74    17    22
(relay)    44    44    22726.55    22    22726.53    6    1
(advertise)    42    22739.55    44    22
(relay)    48    0    22767.97    22    22679.99    1    1
(relay)    4    4    22770.17    22    22769.57    6    1
(advertise)    42    22770.37    4    22
(relay)    48    48    22834.98    22    22834.97    6    1
(advertise)    42    22835.18    48    22
(relay)    16    16    22842.19    22    22842.01    5    1
(advertise)    42    22856.39    16    22
(relay)    19    22    22879.21    22    22853.43    2    1
(advertise)    42    22879.41    22    22
(relay)    11    13    22881.62    22    22855.19    3    1
(advertise)    42    22902.02    13    22
(relay)    48    33    22942.23    22    22939.9    1    1
(relay)    48    23    22992.63    22    22988.88    1    1
(relay)    19    10    23038.03    23    23036.03    1    1
(relay)    11    3    23056.23    23    23053.79    1    1
(relay)    11    15    23079.63    23    23068.8    2    1
(advertise)    42    23079.83    15    23
(relay)    16    8    23094.04    23    23093.33    2    1
(advertise)    42    23102.04    8    23
(relay)    14    9    23124.46    23    23098.23    2    1
(advertise)    42    23125.06    9    23
(relay)    11    45    23145.67    23    23103.0    2    1
(advertise)    42    23146.47    45    23
(relay)    11    46    23171.88    23    23166.79    3    1
(advertise)    42    23172.08    46    23
(generate)    42    23231.7    [31]    23
(relay)    11    25    23258.31    23    23241.16    1    1
(relay)    11    41    23280.11    23    23247.27    3    1
(advertise)    42    23280.31    41    23
(relay)    48    20    23342.52    23    23341.19    4    1
(advertise)    42    23342.72    20    23
(relay)    12    12    23373.34    23    23373.16    6    1
(advertise)    42    23373.54    12    23
(relay)    11    34    23423.55    23    23421.2    1    1
(relay)    14    14    23437.55    23    23436.62    5    1
(advertise)    42    23437.75    14    23
(relay)    11    43    23499.96    23    23497.31    3    1
(advertise)    42    23500.16    43    23
(relay)    14    21    23539.17    23    23536.96    1    1
(relay)    19    24    23572.37    23    23571.46    3    1
(advertise)    42    23572.57    24    23
(relay)    11    11    23605.99    23    23605.04    5    1
(advertise)    42    23606.19    11    23
(relay)    19    19    23609.2    23    23608.22    5    1
(advertise)    42    23627.8    19    23
(relay)    19    26    23644.01    23    23643.46    3    1
(advertise)    42    23649.21    26    23
(relay)    19    18    23666.23    23    23645.93    1    1
(relay)    11    47    23680.03    23    23677.3    3    1
(advertise)    42    23680.23    47    23
(relay)    11    17    23702.04    23    23693.8    3    1
(advertise)    42    23703.24    17    23
(relay)    44    44    23726.65    23    23726.63    6    1
(advertise)    42    23727.65    44    23
(relay)    11    2    23756.27    24    23742    122    1
(advertise)    42    23756.47    2    24
(relay)    4    4    23770.28    23    23769.68    6    1
(advertise)    42    23778.68    4    23
(relay)    48    48    23835.69    23    23835.07    6    1
(advertise)    42    23835.89    48    23
(relay)    16    16    23842.7    23    23842.13    5    1
(advertise)    42    23858.3    16    23
(relay)    16    22    23881.12    23    23853.58    2    1
(advertise)    42    23881.32    22    23
(relay)    48    23    23991.53    23    23988.89    1    1
(relay)    14    10    24038.53    24    24036.22    1    1
(relay)    11    3    24056.33    24    24053.85    1    1
(relay)    11    15    24079.33    24    24068.9    2    1
(advertise)    42    24079.53    15    24
(relay)    48    8    24094.54    24    24093.46    2    1
(advertise)    42    24102.14    8    24
(relay)    11    45    24124.76    24    24103.44    1    1
(relay)    44    9    24127.16    24    24098.28    2    1
(advertise)    42    24127.36    9    24
(relay)    11    46    24170.57    24    24166.81    3    1
(advertise)    42    24170.77    46    24
(generate)    42    24231.78    [31]    24
(relay)    11    25    24255.6    24    24241.21    1    1
(relay)    48    20    24342.6    24    24341.3    4    1
(advertise)    42    24342.8    20    24
(relay)    12    12    24373.41    24    24373.25    6    1
(advertise)    42    24373.61    12    24
(heartbeat)    31    6    24381.27    42    24398.82    4    5
(advertise)    42    24399.82    31    6
(relay)    11    34    24424.43    24    24421.28    1    1
(relay)    14    14    24436.83    24    24436.75    5    1
(advertise)    42    24437.03    14    24
(relay)    19    1    24508.45    25    24504    123    1
(advertise)    42    24508.65    1    25
(relay)    14    21    24539.26    24    24537.1    1    1
(relay)    19    24    24572.86    24    24571.58    3    1
(advertise)    42    24573.06    24    24
(relay)    11    11    24606.27    24    24605.17    5    1
(advertise)    42    24606.47    11    24
(relay)    19    19    24609.29    24    24608.35    5    1
(advertise)    42    24627.89    19    24
(relay)    19    26    24644.1    24    24643.6    3    1
(advertise)    42    24649.1    26    24
(relay)    19    18    24665.71    24    24646.03    1    1
(relay)    11    47    24680.71    24    24677.36    3    1
(advertise)    42    24680.91    47    24
(relay)    11    17    24703.53    24    24693.93    3    1
(advertise)    42    24704.33    17    24
(relay)    44    44    24726.74    24    24726.71    6    1
(advertise)    42    24726.94    44    24
(relay)    19    0    24730.35    24    24680.32    1    1
(relay)    11    2    24753.35    25    24742    123    1
(advertise)    42    24753.55    2    25
(relay)    4    4    24770.76    24    24769.76    6    1
(advertise)    42    24774.56    4    24
(relay)    48    48    24835.78    24    24835.14    6    1
(advertise)    42    24835.98    48    24
(relay)    16    16    24842.79    24    24842.22    5    1
(advertise)    42    24858.39    16    24
(relay)    16    22    24882.6    24    24853.76    2    1
(advertise)    42    24882.8    22    24
(relay)    11    7    24905.22    24    24869.37    2    1
(advertise)    42    24906.22    7    24
(relay)    19    33    24957.83    24    24940.16    1    1
(relay)    48    23    24989.63    24    24988.89    1    1
(relay)    19    10    25038.83    25    25036.23    1    1
(relay)    11    3    25057.03    25    25053.95    1    1
(relay)    11    15    25079.43    25    25069.0    2    1
(advertise)    42    25079.63    15    25
(relay)    16    8    25094.64    25    25093.65    2    1
(advertise)    42    25101.44    8    25
(relay)    44    9    25125.06    25    25098.4    2    1
(relay)    11    45    25125.26    25    25104.3    3    2
(advertise)    42    25125.46    9    25
(advertise)    42    25147.67    45    25
(relay)    11    46    25170.68    25    25166.82    3    1
(advertise)    42    25171.68    46    25
(generate)    42    25231.89    [31]    25
(relay)    11    25    25257.31    25    25241.32    1    1
(relay)    11    41    25279.91    25    25247.34    3    1
(advertise)    42    25280.11    41    25
(relay)    48    20    25341.92    25    25341.47    4    1
(advertise)    42    25342.12    20    25
(relay)    12    12    25373.93    25    25373.4    6    1
(advertise)    42    25374.13    12    25
(relay)    11    34    25424.95    25    25421.39    1    1
(relay)    14    14    25436.95    25    25436.91    5    1
(advertise)    42    25437.15    14    25
(relay)    11    43    25500.56    25    25497.36    3    1
(advertise)    42    25500.76    43    25
(relay)    48    1    25508.17    26    25504    123    1
(advertise)    42    25523.57    1    26
(relay)    16    21    25539.39    25    25537.23    1    1
(relay)    19    24    25572.99    25    25571.76    3    1
(advertise)    42    25573.19    24    25
(relay)    11    11    25606.4    25    25605.32    5    1
(advertise)    42    25606.6    11    25
(relay)    19    19    25608.61    25    25608.53    5    1
(advertise)    42    25628.61    19    25
(relay)    19    26    25644.62    25    25643.75    3    1
(advertise)    42    25649.62    26    25
(relay)    19    18    25677.04    25    25646.14    1    1
(relay)    11    47    25680.84    25    25677.41    3    1
(advertise)    42    25681.04    47    25
(relay)    11    17    25702.65    25    25694.08    3    1
(advertise)    42    25704.05    17    25
(relay)    48    0    25726.06    25    25680.46    1    1
(relay)    44    44    25726.86    25    25726.84    6    1
(advertise)    42    25727.46    44    25
(relay)    11    2    25753.88    26    25742    123    1
(advertise)    42    25754.08    2    26
(relay)    4    4    25770.89    25    25769.89    6    1
(advertise)    42    25775.89    4    25
(relay)    48    48    25835.9    25    25835.25    6    1
(advertise)    42    25836.1    48    25
(relay)    16    16    25842.92    25    25842.38    5    1
(advertise)    42    25858.32    16    25
(relay)    19    22    25880.73    25    25853.94    2    1
(advertise)    42    25881.53    22    25
(relay)    48    33    25964.14    25    25940.25    1    1
(relay)    48    23    25990.74    25    25988.89    1    1
(relay)    19    10    26039.14    26    26036.23    1    1
(relay)    11    3    26057.54    26    26054.05    1    1
(relay)    11    15    26078.14    26    26069.09    2    1
(advertise)    42    26078.34    15    26
(relay)    16    8    26094.95    26    26093.81    2    1
(advertise)    42    26099.95    8    26
(relay)    11    9    26101.57    26    26098.49    3    1
(advertise)    42    26121.57    9    26
(relay)    11    46    26167.98    26    26166.83    3    1
(advertise)    42    26168.18    46    26
(generate)    42    26231.99    [31]    26
(relay)    11    41    26280.41    26    26247.37    2    1
(advertise)    42    26280.61    41    26
(relay)    11    20    26343.42    26    26341.61    3    1
(advertise)    42    26343.62    20    26
(relay)    12    12    26374.03    26    26373.55    6    1
(advertise)    42    26374.23    12    26
(relay)    11    34    26424.05    26    26421.5    1    1
(relay)    14    14    26437.25    26    26437.08    5    1
(advertise)    42    26437.45    14    26
(relay)    11    43    26502.06    26    26497.38    3    1
(advertise)    42    26502.26    43    26
(relay)    12    1    26523.67    27    26504    123    1
(advertise)    42    26525.87    1    27
(relay)    12    21    26546.28    26    26537.39    1    1
(relay)    19    24    26574.08    26    26571.92    3    1
(advertise)    42    26574.28    24    26
(relay)    11    11    26605.5    26    26605.43    5    1
(advertise)    42    26605.7    11    26
(relay)    19    19    26608.71    26    26608.69    5    1
(advertise)    42    26626.91    19    26
(relay)    19    26    26645.32    26    26643.89    3    1
(advertise)    42    26649.72    26    26
(relay)    48    18    26674.94    26    26646.25    2    1
(advertise)    42    26675.14    18    26
(relay)    11    47    26698.75    26    26677.45    3    1
(advertise)    42    26698.95    47    26
(relay)    19    0    26722.76    26    26680.62    1    1
(relay)    11    17    26723.36    26    26694.21    3    1
(advertise)    42    26723.76    17    26
(relay)    44    44    26727.58    26    26726.95    6    1
(advertise)    42    26745.78    44    26
(relay)    4    4    26770.99    26    26769.99    6    1
(advertise)    42    26771.39    4    26
(relay)    48    48    26836.0    26    26835.36    6    1
(advertise)    42    26836.2    48    26
(relay)    16    16    26843.41    26    26842.49    5    1
(advertise)    42    26860.61    16    26
(relay)    19    22    26880.03    26    26854.13    2    1
(advertise)    42    26881.83    22    26
(relay)    11    13    26883.04    26    26855.6    3    1
(advertise)    42    26905.24    13    26
(relay)    11    7    26929.65    26    26869.58    2    1
(advertise)    42    26929.85    7    26
(relay)    48    33    26952.27    26    26940.37    1    1
(relay)    48    23    26991.07    26    26989.08    1    1
(relay)    16    10    27039.47    27    27036.26    1    1
(relay)    11    3    27056.47    27    27054.13    1    1
(relay)    11    15    27079.87    27    27069.17    2    1
(advertise)    42    27080.07    15    27
(relay)    16    8    27095.68    27    27093.82    2    1
(relay)    11    9    27100.88    27    27098.53    3    2
(advertise)    42    27101.08    8    27
(advertise)    42    27122.49    9    27
(relay)    11    46    27167.91    27    27166.88    3    1
(advertise)    42    27168.11    46    27
(generate)    42    27232.12    [31]    27
(relay)    11    25    27258.13    27    27241.52    1    1
(relay)    11    41    27279.93    27    27247.38    3    1
(advertise)    42    27280.13    41    27
(relay)    48    20    27342.74    27    27341.78    4    1
(advertise)    42    27342.94    20    27
(relay)    12    12    27374.36    27    27373.72    6    1
(advertise)    42    27374.56    12    27
(relay)    11    34    27424.17    27    27421.59    1    1
(relay)    14    14    27437.37    27    27437.23    5    1
(advertise)    42    27437.57    14    27
(relay)    11    43    27501.38    27    27497.4    3    1
(advertise)    42    27501.58    43    27
(relay)    16    1    27523.6    28    27504    123    1
(advertise)    42    27524.4    1    28
(relay)    16    21    27546.81    27    27537.52    1    1
(relay)    19    24    27574.41    27    27572.05    3    1
(advertise)    42    27574.61    24    27
(relay)    11    11    27605.62    27    27605.58    5    1
(advertise)    42    27605.82    11    27
(relay)    19    19    27609.04    27    27608.88    5    1
(advertise)    42    27628.84    19    27
(relay)    19    26    27645.25    27    27644.01    3    1
(advertise)    42    27650.25    26    27
(relay)    19    18    27674.46    27    27646.34    2    1
(advertise)    42    27675.06    18    27
(relay)    11    47    27696.87    27    27677.51    3    1
(advertise)    42    27698.67    47    27
(relay)    11    17    27719.29    27    27694.33    3    1
(advertise)    42    27722.09    17    27
(relay)    44    44    27727.7    27    27727.07    6    1
(advertise)    42    27743.7    44    27
(relay)    14    0    27765.71    27    27680.72    1    1
(relay)    4    4    27770.31    27    27770.11    6    1
(advertise)    42    27770.71    4    27
(relay)    48    48    27836.53    27    27835.49    6    1
(advertise)    42    27836.73    48    27
(relay)    16    16    27843.54    27    27842.61    5    1
(advertise)    42    27858.94    16    27
(relay)    16    22    27878.75    27    27854.3    2    1
(advertise)    42    27881.55    22    27
(relay)    11    13    27883.77    27    27855.7    3    1
(advertise)    42    27903.17    13    27
(relay)    11    7    27905.18    27    27869.68    2    1
(advertise)    42    27925.58    7    27
(relay)    19    23    27991.39    27    27989.51    1    1
(relay)    11    3    28056.59    28    28054.21    1    1
(relay)    11    15    28079.39    28    28069.27    2    1
(advertise)    42    28079.59    15    28
(relay)    48    8    28096.6    28    28094.01    2    1
(advertise)    42    28102.6    8    28
(relay)    11    45    28127.62    28    28104.44    2    1
(advertise)    42    28128.02    45    28
(relay)    11    46    28168.63    28    28166.99    3    1
(advertise)    42    28168.83    46    28
(generate)    42    28232.24    [31]    28
(relay)    11    25    28257.86    28    28241.61    1    1
(relay)    11    41    28281.46    28    28247.41    3    1
(advertise)    42    28281.66    41    28
(relay)    48    20    28343.27    28    28341.88    4    1
(advertise)    42    28343.47    20    28
(relay)    12    12    28374.88    28    28373.88    6    1
(advertise)    42    28375.08    12    28
(heartbeat)    31    7    28381.28    42    28400.3    4    5
(advertise)    42    28400.7    31    7
(relay)    11    34    28424.11    28    28421.68    1    1
(relay)    14    14    28437.91    28    28437.41    5    1
(advertise)    42    28438.11    14    28
(relay)    11    43    28501.52    28    28497.46    2    1
(advertise)    42    28501.72    43    28
(relay)    48    21    28540.93    28    28537.65    1    1
(relay)    19    24    28574.33    28    28572.19    3    1
(advertise)    42    28574.53    24    28
(relay)    11    11    28605.75    28    28605.73    5    1
(advertise)    42    28605.95    11    28
(relay)    19    19    28609.16    28    28609.01    5    1
(advertise)    42    28627.36    19    28
(relay)    19    26    28645.77    28    28644.15    3    1
(advertise)    42    28648.57    26    28
(relay)    48    18    28673.39    28    28646.44    2    1
(advertise)    42    28674.19    18    28
(relay)    11    47    28681.0    28    28677.56    3    1
(advertise)    42    28696.0    47    28
(relay)    11    17    28702.81    28    28694.46    3    1
(advertise)    42    28717.01    17    28
(relay)    44    44    28727.83    28    28727.2    6    1
(advertise)    42    28739.23    44    28
(relay)    11    2    28756.24    29    28742    123    1
(advertise)    42    28760.44    2    29
(relay)    12    0    28761.65    28    28680.91    1    1
(relay)    4    4    28770.45    28    28770.25    6    1
(advertise)    42    28782.65    4    28
(relay)    48    48    28836.66    28    28835.59    6    1
(advertise)    42    28836.86    48    28
(relay)    16    16    28843.68    28    28842.74    5    1
(advertise)    42    28859.08    16    28
(relay)    16    22    28880.89    28    28854.48    2    1
(advertise)    42    28881.69    22    28
(relay)    12    13    28905.3    28    28855.81    2    1
(advertise)    42    28906.5    13    28
(relay)    14    23    28991.72    28    28989.51    1    1
(relay)    14    10    29037.12    29    29036.47    1    1
(relay)    11    3    29054.92    29    29054.32    1    1
(relay)    11    15    29078.32    29    29069.38    2    1
(advertise)    42    29078.52    15    29
(relay)    16    8    29096.73    29    29094.18    2    1
(advertise)    42    29101.53    8    29
(relay)    14    9    29123.74    29    29098.73    2    1
(advertise)    42    29124.14    9    29
(relay)    12    45    29145.56    29    29104.5    2    1
(advertise)    42    29146.76    45    29
(relay)    11    46    29168.57    29    29167.0    3    1
(advertise)    42    29169.17    46    29
(generate)    42    29232.38    [31]    29
(relay)    11    25    29255.59    29    29241.72    1    1
(relay)    11    41    29280.99    29    29247.45    2    1
(advertise)    42    29281.19    41    29
(relay)    48    20    29343.61    29    29342.05    4    1
(advertise)    42    29343.81    20    29
(relay)    12    12    29375.02    29    29374.05    6    1
(advertise)    42    29375.22    12    29
(relay)    11    34    29422.43    29    29421.77    1    1
(relay)    14    14    29438.03    29    29437.57    5    1
(advertise)    42    29438.23    14    29
(relay)    11    43    29500.05    29    29497.49    2    1
(advertise)    42    29500.25    43    29
(relay)    14    21    29540.86    29    29537.78    1    1
(relay)    19    24    29573.66    29    29572.33    3    1
(advertise)    42    29573.86    24    29
(relay)    11    11    29606.47    29    29605.84    5    1
(advertise)    42    29606.67    11    29
(relay)    19    19    29609.69    29    29609.12    5    1
(advertise)    42    29629.89    19    29
(relay)    19    26    29646.5    29    29644.3    3    1
(advertise)    42    29653.9    26    29
(relay)    14    18    29673.11    29    29646.54    1    1
(relay)    11    17    29696.71    29    29694.57    3    1
(advertise)    42    29696.91    17    29
(relay)    44    44    29728.32    29    29727.29    6    1
(advertise)    42    29728.52    44    29
(relay)    11    2    29756.14    30    29742    123    1
(advertise)    42    29756.54    2    30
(relay)    4    4    29770.55    29    29770.35    6    1
(advertise)    42    29777.75    4    29
(relay)    48    48    29836.76    29    29835.67    6    1
(advertise)    42    29836.96    48    29
(relay)    48    16    29843.18    29    29842.78    4    1
(relay)    11    13    29858.38    29    29855.86    3    2
(advertise)    42    29858.78    16    29
(advertise)    42    29881.39    13    29
(relay)    19    22    29902.8    29    29854.66    2    1
(advertise)    42    29903.6    22    29
(relay)    4    7    29926.62    29    29869.86    1    1
(relay)    16    33    29948.02    29    29940.8    1    1
(relay)    48    23    29992.82    29    29989.68    1    1
