(relay)    2    2    743.0    1    742    127    1
(advertise)    47    743.2    2    1
(relay)    13    10    1035.21    1    1033.0    121    1
(advertise)    47    1035.41    10    1
(relay)    13    3    1058.03    1    1052.01    125    1
(advertise)    47    1058.43    3    1
(relay)    13    15    1080.04    1    1066.03    126    1
(advertise)    47    1080.44    15    1
(relay)    45    45    1099.05    1    1098.05    127    1
(advertise)    47    1102.05    45    1
(relay)    41    9    1104.47    1    1096.04    126    1
(advertise)    47    1124.07    9    1
(relay)    13    8    1152.48    1    1091.05    122    1
(advertise)    47    1152.68    8    1
(relay)    46    46    1166.49    1    1166.0    127    1
(advertise)    47    1177.29    46    1
(relay)    13    6    1197.7    1    1084.03    116    1
(advertise)    47    1198.9    6    1
(relay)    13    32    1220.12    1    1157.09    120    1
(advertise)    47    1220.32    32    1
(relay)    13    25    1243.33    1    1239.1    125    1
(advertise)    47    1244.53    25    1
(relay)    41    41    1245.94    1    1245.3    127    1
(advertise)    47    1266.14    41    1
(relay)    13    20    1341.96    1    1338.16    123    1
(advertise)    47    1342.16    20    1
(relay)    13    14    1446.77    1    1433.2    124    1
(advertise)    47    1446.97    14    1
(relay)    43    43    1495.18    1    1495.12    127    1
(advertise)    47    1495.38    43    1
(relay)    13    1    1526.0    2    1504    119    1
(advertise)    47    1526.2    1    2
(relay)    13    21    1550.41    1    1534.02    119    1
(advertise)    47    1551.41    21    1
(relay)    13    38    1571.42    1    1540.2    116    1
(advertise)    47    1573.82    38    1
(relay)    13    24    1594.63    1    1568.06    122    1
(advertise)    47    1595.03    24    1
(relay)    41    11    1619.85    1    1602.06    124    1
(advertise)    47    1620.05    11    1
(relay)    13    19    1639.86    1    1603.06    124    1
(advertise)    47    1642.66    19    1
(relay)    13    35    1661.07    1    1578.05    118    1
(advertise)    47    1665.47    35    1
(generate)    47    1676.09    [31]    1
(relay)    13    17    1706.1    1    1691.1    126    1
(advertise)    47    1706.3    17    1
(relay)    13    5    1731.51    1    1639.07    119    1
(advertise)    47    1731.71    5    1
(relay)    2    2    1742.13    2    1742    127    1
(advertise)    47    1753.93    2    2
(relay)    13    44    1780.54    1    1724.13    124    1
(advertise)    47    1780.94    44    1
(relay)    13    4    1820.75    1    1767.15    124    1
(advertise)    47    1820.95    4    1
(relay)    13    0    1842.16    1    1676.1    120    1
(advertise)    47    1843.76    0    1
(relay)    13    13    1853.18    1    1853.16    127    1
(advertise)    47    1865.58    13    1
(relay)    13    7    1868.79    1    1867.0    126    1
(advertise)    47    1886.99    7    1
(relay)    13    40    1892.4    1    1706.07    118    1
(advertise)    47    1909.0    40    1
(relay)    13    48    1930.02    1    1832.62    123    1
(advertise)    47    1931.22    48    1
(relay)    13    16    1953.83    1    1839.0    123    1
(advertise)    47    1955.83    16    1
(relay)    13    29    1976.64    1    1790.16    120    1
(advertise)    47    1977.64    29    1
(relay)    13    22    1999.46    1    1850.03    122    1
(advertise)    47    2000.66    22    1
(relay)    13    39    2022.07    1    1941.02    118    1
(advertise)    47    2022.27    39    1
(relay)    13    23    2043.88    1    1986.09    121    1
(advertise)    47    2044.88    23    1
(relay)    13    3    2064.89    2    2052.08    125    1
(advertise)    47    2068.09    3    2
(relay)    13    15    2086.31    2    2066.71    126    1
(advertise)    47    2090.91    15    2
(relay)    45    45    2099.12    2    2098.12    127    1
(relay)    13    9    2107.92    2    2096.31    126    2
(advertise)    47    2112.32    45    2
(advertise)    47    2134.93    9    2
(relay)    13    36    2152.15    1    1967.07    118    1
(advertise)    47    2157.55    36    1
(relay)    46    46    2166.96    2    2166.01    127    1
(relay)    13    8    2175.76    2    2091.17    121    2
(advertise)    47    2180.16    46    2
(advertise)    47    2201.77    8    2
(relay)    13    6    2219.99    2    2084.09    117    1
(advertise)    47    2224.79    6    2
(relay)    41    41    2245.8    2    2245.32    127    1
(relay)    13    25    2246.4    2    2239.19    125    2
(advertise)    47    2248.0    41    2
(advertise)    47    2270.01    25    2
(relay)    13    42    2288.22    2    2229.22    124    1
(advertise)    47    2291.42    42    2
(relay)    13    30    2333.64    2    2312.28    119    1
(advertise)    47    2333.84    30    2
(relay)    13    20    2358.65    2    2338.3    123    1
(advertise)    47    2358.85    20    2
(relay)    41    12    2380.06    2    2370.32    123    1
(advertise)    47    2381.86    12    2
(relay)    13    14    2446.48    2    2433.34    124    1
(advertise)    47    2446.68    14    2
(relay)    43    43    2495.69    2    2495.18    127    1
(advertise)    47    2495.89    43    2
(relay)    13    21    2540.7    2    2534.13    120    1
(advertise)    47    2540.9    21    2
(relay)    13    38    2561.91    2    2540.31    117    1
(advertise)    47    2563.11    38    2
(relay)    13    24    2585.53    2    2568.19    123    1
(advertise)    47    2585.93    24    2
(relay)    13    11    2607.74    2    2602.18    125    1
(advertise)    47    2608.54    11    2
(relay)    13    19    2630.15    2    2604.21    124    1
(advertise)    47    2630.55    19    2
(relay)    13    35    2650.17    2    2578.17    116    1
(advertise)    47    2652.37    35    2
(relay)    13    26    2674.58    2    2640.23    123    1
(advertise)    47    2674.98    26    2
(generate)    47    2676.19    [31]    2
(relay)    13    17    2697.81    2    2691.21    126    1
(advertise)    47    2698.41    17    2
(relay)    13    18    2740.42    2    2643.23    121    1
(advertise)    47    2740.62    18    2
(relay)    2    2    2742.03    3    2742    127    1
(relay)    13    5    2762.23    2    2639.21    117    2
(advertise)    47    2763.03    2    3
(advertise)    47    2786.04    5    2
(relay)    13    44    2805.26    2    2724.26    124    1
(advertise)    47    2807.86    44    2
(relay)    13    0    2826.07    2    2676.19    117    1
(advertise)    47    2829.27    0    2
(relay)    13    4    2848.08    2    2767.28    123    1
(advertise)    47    2850.88    4    2
(relay)    13    13    2853.9    2    2853.28    127    1
(relay)    13    40    2871.1    2    2706.21    117    2
(advertise)    47    2871.9    13    2
(advertise)    47    2892.91    40    2
(relay)    41    7    2920.32    2    2867.11    125    1
(advertise)    47    2920.52    7    2
(relay)    13    29    2924.14    2    2790.3    118    1
(advertise)    47    2943.14    29    2
(relay)    13    48    2947.95    2    2832.75    123    1
(advertise)    47    2964.35    48    2
(relay)    13    16    2969.36    2    2839.12    123    1
(advertise)    47    2986.76    16    2
(relay)    13    22    2992.17    2    2850.15    121    1
(advertise)    47    3009.57    22    2
(relay)    41    27    3031.39    2    2897.16    117    1
(advertise)    47    3033.19    27    2
(relay)    13    23    3054.0    2    2986.21    121    1
(advertise)    47    3055.2    23    2
(relay)    13    15    3078.41    3    3066.8    126    1
(advertise)    47    3079.61    15    3
(relay)    43    3    3084.63    3    3052.17    124    1
(relay)    45    45    3098.23    3    3098.23    127    2
(advertise)    47    3101.43    3    3
(relay)    13    39    3121.04    2    2941.11    118    2
(relay)    41    9    3123.44    3    3096.41    126    3
(advertise)    47    3123.84    45    3
(advertise)    47    3146.05    39    2
(advertise)    47    3167.07    9    3
(relay)    45    46    3168.28    3    3166.03    126    1
(relay)    13    36    3186.68    2    2967.39    119    2
(advertise)    47    3189.48    46    3
(advertise)    47    3210.49    36    2
(relay)    13    8    3231.3    3    3091.29    121    1
(advertise)    47    3231.5    8    3
(relay)    41    41    3246.32    3    3245.4    127    1
(advertise)    47    3254.52    41    3
(relay)    43    37    3264.53    2    2984.19    117    1
(advertise)    47    3276.73    37    2
(relay)    41    25    3279.14    3    3239.28    124    1
(advertise)    47    3299.34    25    3
(relay)    41    32    3303.56    3    3157.28    118    1
(advertise)    47    3321.56    32    3
(relay)    13    42    3347.17    3    3229.34    124    1
(advertise)    47    3347.57    42    3
(relay)    13    6    3368.18    3    3084.19    118    1
(advertise)    47    3369.58    6    3
(relay)    13    30    3389.6    3    3312.37    118    1
(advertise)    47    3393.0    30    3
(relay)    13    12    3412.01    3    3370.45    124    1
(advertise)    47    3415.41    12    3
(relay)    13    34    3434.02    3    3419.4    125    1
(advertise)    47    3437.42    34    3
(relay)    13    20    3455.23    3    3338.42    122    1
(advertise)    47    3460.43    20    3
(relay)    13    14    3476.45    3    3433.69    124    1
(advertise)    47    3483.45    14    3
(relay)    43    43    3495.86    3    3495.34    127    1
(advertise)    47    3506.86    43    3
(relay)    13    1    3530.27    4    3504    120    1
(advertise)    47    3530.87    1    4
(relay)    13    21    3551.09    3    3534.26    120    1
(advertise)    47    3552.89    21    3
(relay)    41    38    3575.7    3    3540.42    117    1
(advertise)    47    3576.3    38    3
(relay)    13    24    3597.31    3    3568.35    123    1
(advertise)    47    3598.31    24    3
(relay)    13    11    3621.13    3    3602.36    125    1
(advertise)    47    3621.33    11    3
(relay)    13    19    3642.14    3    3604.36    124    1
(advertise)    47    3643.34    19    3
(relay)    13    26    3664.15    3    3640.4    123    1
(advertise)    47    3667.55    26    3
(generate)    47    3676.36    [31]    3
(relay)    13    18    3709.58    3    3643.39    121    1
(advertise)    47    3709.78    18    3
(relay)    13    17    3731.99    3    3691.38    126    1
(advertise)    47    3732.19    17    3
(relay)    2    2    3742.0    4    3742    127    1
(relay)    13    44    3755.4    3    3724.42    124    2
(advertise)    47    3755.8    2    4
(advertise)    47    3777.82    44    3
(relay)    13    5    3800.43    3    3639.35    119    1
(advertise)    47    3800.83    5    3
(relay)    13    4    3821.24    3    3767.44    124    1
(advertise)    47    3822.24    4    3
(relay)    13    0    3843.46    3    3676.35    119    1
(advertise)    47    3844.06    0    3
(relay)    13    13    3854.07    3    3853.46    127    1
(advertise)    47    3865.67    13    3
(relay)    41    7    3890.68    3    3867.28    125    1
(advertise)    47    3891.08    7    3
(relay)    41    48    3912.29    3    3832.91    122    1
(advertise)    47    3912.49    48    3
(relay)    13    40    3930.51    3    3706.31    117    1
(advertise)    47    3934.71    40    3
(relay)    13    16    3954.12    3    3839.69    122    1
(advertise)    47    3956.32    16    3
(relay)    13    29    3977.13    3    3790.44    120    1
(advertise)    47    3979.33    29    3
(relay)    13    22    3997.15    3    3850.92    122    1
(advertise)    47    4001.75    22    3
(relay)    13    27    4021.16    3    3897.33    121    1
(advertise)    47    4023.36    27    3
(relay)    13    28    4043.37    3    3862.27    118    1
(advertise)    47    4044.37    28    3
(relay)    13    3    4064.99    4    4052.35    125    1
(advertise)    47    4066.79    3    4
(relay)    13    33    4087.0    3    3937.32    118    1
(advertise)    47    4088.4    33    3
(relay)    45    45    4098.41    4    4098.41    127    1
(relay)    13    15    4109.81    4    4066.97    124    2
(advertise)    47    4110.61    45    4
(advertise)    47    4131.82    15    4
(relay)    13    9    4133.44    4    4096.6    126    1
(advertise)    47    4152.84    9    4
(relay)    46    46    4167.05    4    4166.04    127    1
(advertise)    47    4174.65    46    4
(relay)    13    10    4176.06    4    4033.4    122    1
(advertise)    47    4196.26    10    4
(relay)    13    23    4220.48    3    3986.39    120    1
(advertise)    47    4222.08    23    3
(relay)    13    39    4241.89    3    3941.23    118    1
(advertise)    47    4243.89    39    3
(relay)    41    41    4246.5    4    4245.57    127    1
(relay)    13    8    4263.7    4    4091.45    122    2
(advertise)    47    4265.3    41    4
(advertise)    47    4287.12    8    4
(relay)    13    25    4307.73    4    4239.45    125    1
(advertise)    47    4308.13    25    4
(relay)    13    36    4329.54    3    3967.52    116    1
(advertise)    47    4330.34    36    3
(relay)    41    42    4354.15    4    4229.52    123    1
(advertise)    47    4354.75    42    4
(relay)    13    37    4375.97    3    3984.33    118    1
(advertise)    47    4377.57    37    3
(relay)    13    6    4399.38    4    4084.31    118    1
(advertise)    47    4399.58    6    4
(heartbeat)    31    1    4381.2    47    4423.39    127    0
(advertise)    47    4424.39    31    1
(relay)    13    34    4444.41    4    4419.58    1    1
(relay)    13    12    4465.81    4    4370.63    123    1
(advertise)    47    4466.01    12    4
(relay)    41    30    4488.02    4    4312.52    118    1
(advertise)    47    4488.22    30    4
(relay)    43    43    4496.03    4    4495.52    6    1
(advertise)    47    4509.23    43    4
(relay)    43    14    4532.05    4    4433.86    122    1
(advertise)    47    4532.25    14    4
(relay)    13    1    4599.06    5    4504    119    1
(advertise)    47    4599.26    1    5
(relay)    43    11    4620.87    4    4602.56    4    1
(advertise)    47    4623.67    11    4
(relay)    43    19    4642.68    4    4605.56    2    1
(advertise)    47    4645.88    19    4
(relay)    13    26    4667.7    4    4640.59    1    1
(generate)    47    4676.5    [31]    4
(relay)    13    17    4712.31    4    4691.54    3    1
(advertise)    47    4712.51    17    4
(relay)    2    2    4742.12    5    4742    127    1
(advertise)    47    4742.32    2    5
(relay)    13    44    4754.34    4    4724.6    4    1
(advertise)    47    4764.54    44    4
(relay)    13    4    4778.75    4    4767.63    4    1
(advertise)    47    4787.75    4    4
(relay)    13    13    4854.16    4    4853.56    5    1
(advertise)    47    4854.36    13    4
(relay)    13    7    4869.58    4    4867.39    3    1
(advertise)    47    4876.78    7    4
(relay)    13    16    4897.79    4    4839.87    2    1
(advertise)    47    4900.39    16    4
(relay)    13    15    5069.2    5    5067.01    3    1
(advertise)    47    5069.4    15    5
(relay)    13    9    5097.41    5    5096.61    4    1
(advertise)    47    5097.61    9    5
(relay)    45    45    5098.83    5    5098.83    7    1
(advertise)    47    5119.03    45    5
(relay)    46    46    5166.24    5    5166.05    7    1
(advertise)    47    5166.64    46    5
(relay)    13    42    5234.05    5    5229.53    4    1
(advertise)    47    5234.25    42    5
(relay)    41    41    5246.67    5    5245.7    6    1
(advertise)    47    5256.27    41    5
(relay)    13    12    5371.88    5    5370.64    4    1
(advertise)    47    5372.08    12    5
(relay)    13    14    5445.69    5    5434.05    3    1
(advertise)    47    5445.89    14    5
(relay)    43    43    5496.31    5    5495.71    6    1
(advertise)    47    5496.51    43    5
(relay)    13    1    5518.92    6    5504    119    1
(advertise)    47    5520.52    1    6
(relay)    13    24    5572.33    5    5568.7    1    1
(relay)    13    11    5605.93    5    5602.67    5    1
(advertise)    47    5606.13    11    5
(relay)    13    26    5650.54    5    5640.75    1    1
(generate)    47    5676.54    [31]    5
(relay)    13    17    5699.96    5    5691.65    3    1
(advertise)    47    5700.16    17    5
(relay)    13    44    5740.77    5    5724.7    4    1
(advertise)    47    5740.97    44    5
(relay)    13    4    5771.78    5    5767.71    4    1
(advertise)    47    5771.98    4    5
(relay)    13    13    5854.2    5    5853.64    5    1
(advertise)    47    5854.4    13    5
(relay)    13    7    5869.61    5    5867.49    3    1
(advertise)    47    5876.41    7    5
(relay)    43    15    6068.82    6    6067.1    2    1
(advertise)    47    6069.02    15    6
(relay)    41    9    6097.04    6    6096.69    4    1
(advertise)    47    6097.24    9    6
(relay)    45    45    6098.85    6    6098.85    7    1
(advertise)    47    6118.45    45    6
(relay)    46    46    6166.26    6    6166.06    7    1
(advertise)    47    6166.46    46    6
(relay)    13    42    6234.27    6    6229.83    4    1
(advertise)    47    6234.47    42    6
(relay)    41    41    6246.89    6    6245.87    6    1
(advertise)    47    6256.89    41    6
(relay)    13    25    6278.7    6    6239.71    1    1
(relay)    13    12    6373.1    6    6370.79    4    1
(advertise)    47    6373.3    12    6
(relay)    13    14    6445.71    6    6434.16    3    1
(advertise)    47    6445.91    14    6
(relay)    43    43    6496.93    6    6495.91    6    1
(advertise)    47    6497.13    43    6
(relay)    13    1    6520.54    7    6504    120    1
(advertise)    47    6520.74    1    7
(relay)    13    24    6572.35    6    6568.85    1    1
(relay)    13    11    6605.95    6    6602.81    5    1
(advertise)    47    6606.15    11    6
(relay)    13    26    6643.77    6    6640.9    1    1
(generate)    47    6676.57    [31]    6
(relay)    43    17    6699.98    6    6691.76    2    1
(advertise)    47    6700.18    17    6
(relay)    13    44    6739.79    6    6724.8    4    1
(advertise)    47    6739.99    44    6
(relay)    13    4    6772.6    6    6767.81    4    1
(advertise)    47    6772.8    4    6
(relay)    13    48    6836.62    6    6833.32    3    1
(advertise)    47    6836.82    48    6
(relay)    13    13    6854.63    6    6853.72    5    1
(advertise)    47    6859.23    13    6
(relay)    13    7    6869.64    6    6867.59    3    1
(advertise)    47    6881.84    7    6
(relay)    13    16    6890.06    6    6840.13    2    1
(advertise)    47    6906.26    16    6
(relay)    13    15    7067.67    7    7067.21    3    1
(advertise)    47    7067.87    15    7
(relay)    41    9    7097.68    7    7096.8    4    1
(advertise)    47    7097.88    9    7
(relay)    45    45    7099.7    7    7099.1    7    1
(advertise)    47    7120.7    45    7
(relay)    46    46    7166.31    7    7166.18    7    1
(advertise)    47    7166.51    46    7
(relay)    13    42    7234.72    7    7229.94    4    1
(advertise)    47    7234.92    42    7
(relay)    41    41    7245.93    7    7245.89    6    1
(advertise)    47    7256.33    41    7
(relay)    13    25    7279.15    7    7239.81    1    1
(relay)    13    12    7373.55    7    7370.92    4    1
(advertise)    47    7373.75    12    7
(relay)    13    34    7422.36    7    7419.86    1    1
(relay)    13    14    7446.36    7    7434.34    3    1
(advertise)    47    7446.56    14    7
(relay)    43    43    7496.97    7    7495.91    6    1
(advertise)    47    7497.17    43    7
(relay)    13    1    7523.39    8    7504    119    1
(advertise)    47    7523.59    1    8
(relay)    13    24    7573.4    7    7569.03    1    1
(relay)    43    19    7627.6    7    7605.96    1    1
(relay)    13    26    7650.4    7    7641.08    1    1
(generate)    47    7676.6    [31]    7
(relay)    13    17    7699.21    7    7691.9    3    1
(advertise)    47    7699.41    17    7
(relay)    13    4    7773.03    7    7767.94    4    1
(advertise)    47    7773.23    4    7
(relay)    13    48    7837.04    7    7833.44    3    1
(advertise)    47    7837.24    48    7
(relay)    13    13    7854.85    7    7853.83    5    1
(advertise)    47    7861.45    13    7
(relay)    13    7    7869.86    7    7867.71    3    1
(advertise)    47    7884.86    7    7
(relay)    13    16    7891.88    7    7840.27    2    1
(advertise)    47    7907.28    16    7
(relay)    13    3    8055.09    8    8052.66    1    1
(relay)    13    15    8076.09    8    8067.34    3    1
(advertise)    47    8076.29    15    8
(relay)    13    9    8098.5    8    8096.92    4    1
(advertise)    47    8098.7    9    8
(relay)    13    45    8121.32    8    8099.1    6    1
(advertise)    47    8121.52    45    8
(relay)    46    46    8166.33    8    8166.25    7    1
(advertise)    47    8166.53    46    8
(relay)    13    25    8240.74    8    8239.92    1    1
(relay)    41    41    8245.94    8    8245.91    6    1
(advertise)    47    8246.14    41    8
(relay)    13    20    8340.36    8    8339.1    1    1
(relay)    13    12    8373.76    8    8371.08    4    1
(advertise)    47    8373.96    12    8
(relay)    13    34    8420.97    8    8420.0    1    1
(relay)    41    14    8444.97    8    8434.49    1    1
(relay)    43    43    8496.97    8    8495.93    6    1
(advertise)    47    8497.17    43    8
(relay)    13    24    8575.18    8    8569.15    1    1
(relay)    13    11    8603.78    8    8603.08    3    1
(advertise)    47    8603.98    11    8
(relay)    13    19    8625.59    8    8606.06    3    1
(advertise)    47    8626.39    19    8
(generate)    47    8676.61    [31]    8
(relay)    13    17    8699.22    8    8692.02    3    1
(advertise)    47    8699.42    17    8
(relay)    13    44    8727.83    8    8725.01    4    1
(advertise)    47    8728.03    44    8
(relay)    2    2    8742.65    9    8742    127    1
(advertise)    47    8750.25    2    9
(relay)    13    4    8772.66    8    8768.02    4    1
(advertise)    47    8773.46    4    8
(relay)    13    13    8854.87    8    8853.92    5    1
(advertise)    47    8855.07    13    8
(relay)    13    7    8869.09    8    8867.8    3    1
(advertise)    47    8876.49    7    8
(relay)    13    16    8900.5    8    8840.37    2    1
(advertise)    47    8901.3    16    8
(relay)    13    3    9053.71    9    9052.72    1    1
(relay)    13    15    9076.31    9    9067.42    3    1
(advertise)    47    9076.51    15    9
(relay)    13    9    9098.52    9    9097.01    4    1
(advertise)    47    9098.92    9    9
(relay)    45    45    9100.94    9    9100.34    7    1
(advertise)    47    9120.54    45    9
(relay)    46    46    9166.35    9    9166.26    7    1
(advertise)    47    9166.55    46    9
(relay)    13    42    9231.16    9    9230.14    4    1
(advertise)    47    9231.36    42    9
(relay)    41    41    9246.18    9    9246.1    6    1
(advertise)    47    9252.58    41    9
(relay)    13    25    9274.59    9    9240.02    1    1
(relay)    13    20    9340.59    9    9339.27    1    1
(relay)    13    12    9374.39    9    9371.17    3    1
(advertise)    47    9374.59    12    9
(relay)    13    34    9421.0    9    9420.09    1    1
(relay)    43    14    9445.4    9    9434.61    1    1
(relay)    43    43    9497.0    9    9495.94    6    1
(advertise)    47    9497.2    43    9
(relay)    13    11    9603.82    9    9603.17    3    1
(advertise)    47    9604.02    11    9
(relay)    13    19    9628.43    9    9606.19    3    1
(advertise)    47    9628.83    19    9
(generate)    47    9676.64    [31]    9
(relay)    13    17    9699.26    9    9692.12    3    1
(advertise)    47    9699.46    17    9
(relay)    13    44    9727.87    9    9725.07    4    1
(advertise)    47    9728.07    44    9
(relay)    2    2    9743.08    10    9742    127    1
(advertise)    47    9750.08    2    10
(relay)    13    4    9778.29    9    9768.1    3    1
(advertise)    47    9778.49    4    9
(relay)    13    48    9839.31    9    9833.63    2    1
(advertise)    47    9839.51    48    9
(relay)    13    13    9855.12    9    9854.03    5    1
(advertise)    47    9860.72    13    9
(relay)    13    7    9868.33    9    9867.9    3    1
(advertise)    47    9882.93    7    9
(relay)    13    16    9893.35    9    9840.51    2    1
(advertise)    47    9907.75    16    9
(relay)    13    3    10053.36    10    10052.81    1    1
(relay)    13    15    10074.76    10    10067.52    3    1
(advertise)    47    10074.96    15    10
(relay)    13    9    10098.57    10    10097.12    4    1
(advertise)    47    10099.57    9    10
(relay)    45    45    10101.39    10    10100.39    7    1
(advertise)    47    10122.99    45    10
(relay)    46    46    10166.8    10    10166.27    7    1
(advertise)    47    10167.0    46    10
(relay)    13    42    10231.21    10    10230.23    4    1
(advertise)    47    10231.41    42    10
(relay)    41    41    10246.22    10    10246.11    6    1
(advertise)    47    10252.82    41    10
(relay)    13    25    10274.04    10    10240.1    1    1
(relay)    13    20    10342.84    10    10339.39    1    1
(relay)    13    12    10376.04    10    10371.31    3    1
(advertise)    47    10376.24    12    10
(relay)    13    34    10421.05    10    10420.16    1    1
(relay)    13    14    10445.05    10    10434.75    2    1
(advertise)    47    10445.25    14    10
(relay)    43    43    10496.26    10    10496.14    6    1
(advertise)    47    10496.46    43    10
(relay)    41    1    10518.48    11    10504    119    1
(advertise)    47    10519.28    1    11
(relay)    13    24    10575.69    10    10569.44    1    1
(relay)    13    11    10603.89    10    10603.31    3    1
(advertise)    47    10604.09    11    10
(relay)    13    19    10627.5    10    10606.33    3    1
(advertise)    47    10627.7    19    10
(generate)    47    10676.72    [31]    10
(relay)    13    17    10698.13    10    10692.26    3    1
(advertise)    47    10698.33    17    10
(relay)    13    44    10728.74    10    10725.2    4    1
(advertise)    47    10728.94    44    10
(relay)    2    2    10742.95    11    10742    127    1
(advertise)    47    10750.95    2    11
(relay)    13    4    10778.37    10    10768.22    4    1
(advertise)    47    10778.57    4    10
(relay)    13    48    10839.98    10    10833.73    2    1
(advertise)    47    10840.18    48    10
(relay)    13    13    10854.19    10    10854.17    5    1
(advertise)    47    10862.99    13    10
(relay)    13    7    10868.41    10    10868.02    3    1
(advertise)    47    10886.21    7    10
(relay)    13    16    10891.42    10    10840.63    2    1
(advertise)    47    10909.42    16    10
(relay)    13    3    11053.43    11    11052.92    1    1
(relay)    13    15    11075.03    11    11067.65    3    1
(advertise)    47    11075.23    15    11
(relay)    43    9    11099.45    11    11097.26    4    1
(advertise)    47    11099.65    9    11
(relay)    45    45    11102.46    11    11101.46    7    1
(advertise)    47    11121.46    45    11
(relay)    46    46    11166.87    11    11166.29    7    1
(advertise)    47    11167.07    46    11
(relay)    13    42    11231.28    11    11230.35    4    1
(advertise)    47    11231.48    42    11
(relay)    41    41    11246.7    11    11246.12    6    1
(advertise)    47    11252.5    41    11
(relay)    13    20    11343.11    11    11339.54    1    1
(relay)    13    12    11376.11    11    11371.46    3    1
(advertise)    47    11376.31    12    11
(relay)    13    14    11447.32    11    11434.9    2    1
(advertise)    47    11447.52    14    11
(relay)    43    43    11496.34    11    11496.16    6    1
(advertise)    47    11496.54    43    11
(relay)    13    1    11523.95    12    11504    120    1
(advertise)    47    11524.15    1    12
(relay)    13    11    11605.56    11    11603.46    3    1
(advertise)    47    11605.76    11    11
(relay)    41    19    11629.98    11    11606.48    2    1
(advertise)    47    11630.38    19    11
(generate)    47    11676.79    [31]    11
(relay)    13    17    11699.2    11    11692.4    3    1
(advertise)    47    11699.4    17    11
(relay)    13    44    11730.01    11    11725.32    4    1
(advertise)    47    11730.21    44    11
(relay)    13    4    11769.23    11    11768.33    4    1
(advertise)    47    11769.43    4    11
(relay)    13    13    11854.44    11    11854.24    5    1
(advertise)    47    11854.64    13    11
(relay)    13    7    11868.65    11    11868.12    3    1
(advertise)    47    11876.65    7    11
(relay)    13    15    12069.07    12    12067.73    3    1
(advertise)    47    12069.27    15    12
(relay)    45    45    12102.48    12    12101.48    7    1
(advertise)    47    12102.68    45    12
(relay)    46    46    12166.89    12    12166.35    7    1
(advertise)    47    12167.09    46    12
(relay)    41    42    12232.71    12    12230.46    3    1
(advertise)    47    12232.91    42    12
(relay)    41    41    12246.72    12    12246.14    6    1
(advertise)    47    12255.52    41    12
(relay)    13    25    12277.73    12    12240.28    1    1
(relay)    13    20    12343.13    12    12339.71    1    1
(relay)    13    12    12376.33    12    12371.62    3    1
(advertise)    47    12376.53    12    12
(heartbeat)    31    3    12381.23    47    12398.34    5    5
(advertise)    47    12398.74    31    3
(relay)    13    14    12449.76    12    12435.03    2    1
(advertise)    47    12449.96    14    12
(relay)    43    43    12496.37    12    12496.19    6    1
(advertise)    47    12496.57    43    12
(relay)    13    1    12524.38    13    12504    120    1
(advertise)    47    12524.58    1    13
(relay)    13    11    12605.6    12    12603.59    3    1
(advertise)    47    12605.8    11    12
(relay)    13    19    12629.61    12    12606.63    2    1
(advertise)    47    12630.21    19    12
(generate)    47    12676.82    [31]    12
(relay)    13    17    12699.84    12    12692.52    3    1
(advertise)    47    12700.04    17    12
(relay)    13    44    12741.25    12    12725.46    3    1
(advertise)    47    12741.45    44    12
(relay)    13    4    12769.86    12    12768.47    4    1
(advertise)    47    12770.06    4    12
(relay)    13    13    12854.47    12    12854.32    5    1
(advertise)    47    12854.67    13    12
(relay)    13    7    12869.49    12    12868.21    3    1
(advertise)    47    12876.49    7    12
(relay)    13    16    12901.5    12    12840.87    2    1
(advertise)    47    12901.7    16    12
(relay)    13    15    13069.11    13    13067.85    3    1
(advertise)    47    13069.31    15    13
(relay)    43    9    13098.73    13    13097.45    4    1
(advertise)    47    13098.93    9    13
(relay)    45    45    13102.54    13    13101.54    6    1
(advertise)    47    13119.94    45    13
(relay)    46    46    13167.55    13    13166.48    6    1
(advertise)    47    13167.75    46    13
(relay)    13    42    13233.37    13    13230.6    4    1
(advertise)    47    13233.57    42    13
(relay)    41    41    13246.78    13    13246.19    6    1
(advertise)    47    13255.98    41    13
(relay)    13    25    13275.79    13    13240.39    1    1
(relay)    13    20    13345.39    13    13339.86    1    1
(relay)    13    12    13373.79    13    13371.75    3    1
(advertise)    47    13373.99    12    13
(relay)    13    14    13446.8    13    13435.13    2    1
(advertise)    47    13447.0    14    13
(relay)    43    43    13496.82    13    13496.24    6    1
(advertise)    47    13497.02    43    13
(relay)    13    11    13605.63    13    13603.7    3    1
(advertise)    47    13605.83    11    13
(relay)    13    19    13628.44    13    13606.73    2    1
(advertise)    47    13628.84    19    13
(generate)    47    13676.86    [31]    13
(relay)    13    17    13699.07    13    13692.61    3    1
(advertise)    47    13699.27    17    13
(relay)    13    44    13738.68    13    13725.55    3    1
(advertise)    47    13738.88    44    13
(relay)    2    2    13742.1    14    13742    127    1
(advertise)    47    13760.3    2    14
(relay)    13    4    13784.31    13    13768.56    4    1
(advertise)    47    13784.51    4    13
(relay)    13    13    13854.92    13    13854.39    5    1
(advertise)    47    13855.12    13    13
(relay)    13    7    13869.53    13    13868.29    3    1
(advertise)    47    13877.33    7    13
(relay)    13    16    13899.95    13    13840.95    2    1
(advertise)    47    13900.75    16    13
(relay)    13    3    14055.56    14    14053.1    1    1
(relay)    13    15    14077.16    14    14067.93    3    1
(advertise)    47    14077.36    15    14
(relay)    13    9    14099.37    14    14097.52    4    1
(advertise)    47    14101.37    9    14
(relay)    45    45    14102.59    14    14102.39    6    1
(advertise)    47    14122.79    45    14
(relay)    46    46    14167.6    14    14166.51    6    1
(advertise)    47    14167.8    46    14
(relay)    13    42    14233.41    14    14230.68    4    1
(advertise)    47    14233.61    42    14
(relay)    41    41    14247.23    14    14246.21    6    1
(advertise)    47    14256.23    41    14
(relay)    13    25    14277.84    14    14240.43    1    1
(relay)    13    20    14345.84    14    14340.0    1    1
(relay)    13    12    14372.84    14    14371.89    3    1
(advertise)    47    14373.04    12    14
(relay)    13    34    14422.45    14    14420.49    1    1
(relay)    13    14    14447.85    14    14435.28    2    1
(advertise)    47    14448.05    14    14
(relay)    43    43    14496.86    14    14496.25    6    1
(advertise)    47    14497.06    43    14
(relay)    13    1    14527.08    15    14504    120    1
(advertise)    47    14527.28    1    15
(relay)    13    11    14607.29    14    14603.83    3    1
(advertise)    47    14607.49    11    14
(relay)    13    19    14630.5    14    14606.89    2    1
(advertise)    47    14631.7    19    14
(generate)    47    14676.92    [31]    14
(relay)    13    17    14701.73    14    14692.75    3    1
(advertise)    47    14701.93    17    14
(relay)    41    44    14727.94    14    14725.64    2    1
(advertise)    47    14728.14    44    14
(relay)    2    2    14742.16    15    14742    127    1
(advertise)    47    14749.76    2    15
(relay)    13    4    14774.57    14    14768.67    4    1
(advertise)    47    14774.77    4    14
(relay)    13    48    14835.58    14    14834.12    2    1
(advertise)    47    14835.78    48    14
(relay)    13    13    14854.99    14    14854.51    5    1
(advertise)    47    14856.79    13    14
(relay)    13    7    14869.61    14    14868.42    3    1
(advertise)    47    14879.01    7    14
(relay)    13    16    14892.42    14    14841.08    2    1
(advertise)    47    14902.02    16    14
(relay)    13    15    15070.43    15    15068.06    3    1
(advertise)    47    15070.63    15    15
(relay)    45    45    15102.45    15    15102.45    6    1
(advertise)    47    15102.65    45    15
(relay)    46    46    15167.46    15    15166.52    6    1
(advertise)    47    15167.66    46    15
(relay)    13    42    15233.27    15    15230.8    4    1
(advertise)    47    15233.47    42    15
(relay)    41    41    15247.29    15    15246.26    6    1
(advertise)    47    15255.69    41    15
(relay)    13    25    15277.1    15    15240.54    1    1
(relay)    13    12    15372.9    15    15372.03    3    1
(advertise)    47    15373.1    12    15
(relay)    13    14    15445.11    15    15435.44    2    1
(advertise)    47    15445.31    14    15
(relay)    43    43    15496.92    15    15496.3    6    1
(advertise)    47    15497.12    43    15
(relay)    13    1    15528.54    16    15504    119    1
(advertise)    47    15528.74    1    16
(relay)    13    11    15607.55    15    15603.99    3    1
(advertise)    47    15607.75    11    15
(relay)    13    19    15628.96    15    15607.06    2    1
(advertise)    47    15629.36    19    15
(generate)    47    15676.98    [31]    15
(relay)    13    17    15700.99    15    15692.9    3    1
(advertise)    47    15701.19    17    15
(relay)    13    44    15726.8    15    15725.78    3    1
(advertise)    47    15727.2    44    15
(relay)    2    2    15742.02    16    15742    127    1
(advertise)    47    15748.22    2    16
(relay)    13    4    15777.63    15    15768.8    4    1
(advertise)    47    15777.83    4    15
(relay)    13    13    15855.04    15    15854.59    5    1
(advertise)    47    15855.24    13    15
(relay)    13    7    15870.85    15    15868.52    3    1
(advertise)    47    15877.45    7    15
(relay)    13    16    15898.47    15    15841.19    2    1
(advertise)    47    15898.67    16    15
(relay)    13    15    16070.48    16    16068.16    3    1
(advertise)    47    16070.68    15    16
(relay)    13    9    16098.49    16    16097.69    4    1
(advertise)    47    16099.09    9    16
(relay)    45    45    16102.51    16    16102.51    6    1
(advertise)    47    16120.11    45    16
(relay)    46    46    16166.72    16    16166.53    6    1
(advertise)    47    16166.92    46    16
(relay)    13    42    16235.73    16    16230.91    4    1
(advertise)    47    16235.93    42    16
(relay)    41    41    16247.35    16    16246.29    6    1
(advertise)    47    16258.55    41    16
(relay)    13    25    16281.16    16    16240.63    1    1
(relay)    13    12    16372.96    16    16372.17    3    1
(advertise)    47    16373.16    12    16
(heartbeat)    31    4    16381.24    47    16397.57    4    5
(advertise)    47    16398.17    31    4
(relay)    13    14    16446.78    16    16435.59    2    1
(advertise)    47    16446.98    14    16
(relay)    43    43    16497.4    16    16496.34    6    1
(advertise)    47    16497.6    43    16
(relay)    13    11    16607.61    16    16604.12    3    1
(advertise)    47    16607.81    11    16
(relay)    13    19    16631.22    16    16607.19    2    1
(advertise)    47    16632.22    19    16
(generate)    47    16677.04    [31]    16
(relay)    13    17    16702.25    16    16693.02    3    1
(advertise)    47    16702.45    17    16
(relay)    2    2    16742.46    17    16742    127    1
(advertise)    47    16742.66    2    17
(relay)    13    44    16744.48    16    16725.89    3    1
(advertise)    47    16764.28    44    16
(relay)    13    4    16773.89    16    16768.88    3    1
(advertise)    47    16786.09    4    16
(relay)    13    13    16855.3    16    16854.66    5    1
(advertise)    47    16855.5    13    16
(relay)    13    7    16870.91    16    16868.62    3    1
(advertise)    47    16877.51    7    16
(relay)    13    3    17056.73    17    17053.34    1    1
(relay)    13    15    17077.73    17    17068.24    3    1
(advertise)    47    17077.93    15    17
(relay)    13    9    17100.34    17    17097.75    4    1
(advertise)    47    17100.54    9    17
(relay)    45    45    17103.35    17    17102.75    6    1
(advertise)    47    17121.75    45    17
(relay)    46    46    17166.57    17    17166.55    6    1
(advertise)    47    17166.77    46    17
(relay)    13    42    17235.58    17    17231.01    3    1
(advertise)    47    17235.78    42    17
(relay)    43    41    17246.79    17    17246.49    5    1
(advertise)    47    17259.99    41    17
(relay)    13    25    17279.41    17    17240.69    1    1
(relay)    13    20    17341.61    17    17340.46    1    1
(relay)    13    12    17375.21    17    17372.29    3    1
(advertise)    47    17375.41    12    17
(relay)    13    34    17423.22    17    17420.75    1    1
(relay)    13    14    17447.42    17    17435.72    2    1
(advertise)    47    17447.62    14    17
(relay)    43    43    17497.63    17    17496.52    6    1
(advertise)    47    17497.83    43    17
(relay)    43    11    17606.84    17    17604.23    1    1
(relay)    13    19    17628.84    17    17607.31    2    1
(advertise)    47    17629.04    19    17
(generate)    47    17677.06    [31]    17
(relay)    13    17    17699.67    17    17693.11    3    1
(advertise)    47    17699.87    17    17
(relay)    13    44    17743.48    17    17725.98    3    1
(advertise)    47    17743.68    44    17
(relay)    13    4    17773.7    17    17768.99    3    1
(advertise)    47    17773.9    4    17
(relay)    13    48    17837.91    17    17834.39    2    1
(advertise)    47    17838.11    48    17
(relay)    13    13    17855.72    17    17854.75    5    1
(advertise)    47    17862.32    13    17
(relay)    13    7    17870.94    17    17868.69    3    1
(advertise)    47    17883.74    7    17
(relay)    13    16    17891.15    17    17841.4    2    1
(advertise)    47    17904.75    16    17
(relay)    13    3    18055.96    18    18053.42    1    1
(relay)    13    15    18076.56    18    18068.33    3    1
(advertise)    47    18076.76    15    18
(relay)    13    9    18099.37    18    18097.84    4    1
(advertise)    47    18100.77    9    18
(relay)    45    45    18103.39    18    18102.8    6    1
(advertise)    47    18123.99    45    18
(relay)    46    46    18166.8    18    18166.65    6    1
(advertise)    47    18167.0    46    18
(relay)    13    42    18235.61    18    18231.12    3    1
(advertise)    47    18235.81    42    18
(relay)    41    41    18246.83    18    18246.68    6    1
(advertise)    47    18257.43    41    18
(relay)    13    25    18278.04    18    18240.76    1    1
(relay)    13    20    18342.04    18    18340.56    1    1
(relay)    13    12    18375.24    18    18372.42    3    1
(advertise)    47    18375.44    12    18
(relay)    13    14    18445.85    18    18435.87    2    1
(advertise)    47    18446.05    14    18
(relay)    43    43    18497.67    18    18496.72    6    1
(advertise)    47    18497.87    43    18
(relay)    13    11    18605.08    18    18604.38    3    1
(advertise)    47    18605.28    11    18
(relay)    13    19    18627.09    18    18607.47    2    1
(advertise)    47    18627.69    19    18
(generate)    47    18677.1    [31]    18
(relay)    13    17    18702.72    18    18693.24    3    1
(advertise)    47    18702.92    17    18
(relay)    13    44    18728.93    18    18726.08    3    1
(advertise)    47    18729.13    44    18
(relay)    2    2    18742.54    19    18742    127    1
(advertise)    47    18750.54    2    19
(relay)    13    4    18779.16    18    18769.11    2    1
(advertise)    47    18779.36    4    18
(relay)    13    13    18855.77    18    18854.83    5    1
(advertise)    47    18855.97    13    18
(relay)    13    7    18869.18    18    18868.79    3    1
(advertise)    47    18879.18    7    18
(relay)    13    16    18902.6    18    18841.53    2    1
(advertise)    47    18903.0    16    18
(relay)    13    15    19068.81    19    19068.43    3    1
(advertise)    47    19069.01    15    19
(relay)    13    9    19099.42    19    19097.91    4    1
(advertise)    47    19099.62    9    19
(relay)    45    45    19103.43    19    19102.85    6    1
(advertise)    47    19121.03    45    19
(relay)    46    46    19166.85    19    19166.66    6    1
(advertise)    47    19167.05    46    19
(relay)    13    42    19232.46    19    19231.22    3    1
(advertise)    47    19232.66    42    19
(relay)    41    41    19247.07    19    19246.88    6    1
(advertise)    47    19254.47    41    19
(relay)    13    25    19276.49    19    19240.86    1    1
(relay)    13    20    19342.09    19    19340.69    1    1
(relay)    13    12    19375.29    19    19372.54    3    1
(advertise)    47    19375.49    12    19
(relay)    13    14    19446.5    19    19436.03    2    1
(advertise)    47    19446.7    14    19
(relay)    43    43    19497.91    19    19496.91    6    1
(advertise)    47    19498.11    43    19
(relay)    13    1    19521.33    20    19504    120    1
(advertise)    47    19522.13    1    20
(relay)    13    11    19605.34    19    19604.52    3    1
(advertise)    47    19605.54    11    19
(relay)    13    19    19629.15    19    19607.62    2    1
(advertise)    47    19629.35    19    19
(generate)    47    19677.16    [31]    19
(relay)    43    17    19701.58    19    19693.36    2    1
(advertise)    47    19701.78    17    19
(relay)    13    44    19728.99    19    19726.18    3    1
(advertise)    47    19729.19    44    19
(relay)    2    2    19743.0    20    19742    127    1
(advertise)    47    19751.0    2    20
(relay)    13    4    19778.22    19    19769.2    3    1
(advertise)    47    19778.42    4    19
(relay)    13    13    19855.83    19    19854.92    5    1
(advertise)    47    19856.03    13    19
(relay)    13    7    19869.24    19    19868.9    3    1
(advertise)    47    19879.44    7    19
(relay)    13    15    20068.86    20    20068.53    3    1
(advertise)    47    20069.06    15    20
(relay)    13    9    20099.27    20    20097.98    4    1
(advertise)    47    20099.47    9    20
(relay)    45    45    20103.88    20    20102.89    6    1
(advertise)    47    20121.68    45    20
(relay)    46    46    20167.29    20    20166.68    6    1
(advertise)    47    20167.49    46    20
(relay)    13    42    20232.51    20    20231.33    3    1
(advertise)    47    20232.71    42    20
(relay)    41    41    20247.12    20    20247.06    6    1
(advertise)    47    20254.12    41    20
(relay)    13    25    20276.33    20    20240.94    1    1
(relay)    13    12    20377.53    20    20372.65    3    1
(advertise)    47    20377.73    12    20
(heartbeat)    31    5    20381.25    47    20400.75    4    5
(advertise)    47    20401.15    31    5
(relay)    13    34    20423.36    20    20421.0    1    1
(relay)    13    14    20447.76    20    20436.17    2    1
(advertise)    47    20447.96    14    20
(relay)    43    43    20497.17    20    20497.1    6    1
(advertise)    47    20497.37    43    20
(relay)    13    1    20522.99    21    20504    119    1
(advertise)    47    20523.39    1    21
(relay)    13    11    20605.4    20    20604.64    3    1
(advertise)    47    20605.6    11    20
(relay)    13    19    20627.41    20    20607.78    2    1
(advertise)    47    20628.81    19    20
(generate)    47    20677.22    [31]    20
(relay)    41    17    20699.64    20    20693.47    2    1
(advertise)    47    20699.84    17    20
(relay)    13    44    20742.05    20    20726.29    3    1
(advertise)    47    20742.25    44    20
(relay)    13    4    20770.26    20    20769.32    3    1
(advertise)    47    20770.66    4    20
(relay)    13    13    20855.08    20    20854.99    5    1
(advertise)    47    20855.28    13    20
(relay)    13    7    20869.29    20    20868.99    3    1
(advertise)    47    20876.29    7    20
(relay)    13    3    21054.7    21    21053.64    1    1
(relay)    43    9    21100.3    21    21098.04    4    1
(advertise)    47    21100.5    9    21
(relay)    45    45    21103.92    21    21102.93    6    1
(advertise)    47    21123.32    45    21
(relay)    46    46    21167.33    21    21166.69    6    1
(advertise)    47    21167.53    46    21
(relay)    13    42    21232.54    21    21231.47    3    1
(advertise)    47    21232.74    42    21
(relay)    41    41    21247.55    21    21247.07    6    1
(advertise)    47    21255.35    41    21
(relay)    13    25    21277.37    21    21241.03    1    1
(relay)    13    20    21344.37    21    21340.92    1    1
(relay)    13    12    21377.57    21    21372.82    3    1
(advertise)    47    21377.77    12    21
(relay)    13    34    21422.18    21    21421.07    1    1
(relay)    41    14    21446.98    21    21436.34    1    1
(relay)    43    43    21497.18    21    21497.1    6    1
(advertise)    47    21497.38    43    21
(relay)    13    1    21518.99    22    21504    120    1
(advertise)    47    21519.99    1    22
(relay)    13    11    21606.81    21    21604.75    3    1
(advertise)    47    21607.01    11    21
(relay)    13    19    21630.02    21    21607.92    2    1
(advertise)    47    21630.62    19    21
(generate)    47    21677.23    [31]    21
(relay)    43    17    21699.05    21    21693.56    2    1
(advertise)    47    21699.25    17    21
(relay)    2    2    21743.06    22    21742    127    1
(advertise)    47    21743.26    2    22
(relay)    13    4    21790.27    21    21769.44    3    1
(advertise)    47    21790.47    4    21
(relay)    13    13    21855.28    21    21855.09    5    1
(advertise)    47    21855.48    13    21
(relay)    13    7    21869.5    21    21869.06    3    1
(advertise)    47    21878.3    7    21
(relay)    13    3    22055.71    22    22053.68    1    1
(relay)    13    15    22076.91    22    22068.69    3    1
(advertise)    47    22077.11    15    22
(relay)    13    9    22100.32    22    22098.13    4    1
(advertise)    47    22102.12    9    22
(relay)    45    45    22103.94    22    22102.95    6    1
(advertise)    47    22124.34    45    22
(relay)    46    46    22167.35    22    22166.72    6    1
(advertise)    47    22167.55    46    22
(relay)    13    42    22233.36    22    22231.57    3    1
(advertise)    47    22233.56    42    22
(relay)    41    41    22247.58    22    22247.09    6    1
(advertise)    47    22254.58    41    22
(relay)    13    25    22278.59    22    22241.08    1    1
(relay)    13    20    22344.59    22    22341.06    1    1
(relay)    13    12    22377.59    22    22372.98    3    1
(advertise)    47    22377.79    12    22
(relay)    13    34    22423.4    22    22421.13    1    1
(relay)    13    14    22450.2    22    22436.47    2    1
(advertise)    47    22450.4    14    22
(relay)    43    43    22497.21    22    22497.11    6    1
(advertise)    47    22497.41    43    22
(relay)    13    1    22524.43    23    22504    120    1
(advertise)    47    22524.83    1    23
(relay)    13    11    22606.84    22    22604.9    3    1
(advertise)    47    22607.04    11    22
(relay)    13    19    22629.45    22    22608.1    2    1
(advertise)    47    22629.85    19    22
(generate)    47    22677.27    [31]    22
(relay)    13    17    22699.48    22    22693.68    3    1
(advertise)    47    22699.68    17    22
(relay)    13    44    22740.49    22    22726.53    3    1
(advertise)    47    22740.69    44    22
(relay)    13    4    22770.51    22    22769.57    3    1
(advertise)    47    22770.71    4    22
(relay)    13    48    22836.52    22    22834.97    2    1
(advertise)    47    22836.72    48    22
(relay)    13    13    22855.33    22    22855.19    5    1
(advertise)    47    22859.13    13    22
(relay)    13    7    22870.54    22    22869.16    3    1
(advertise)    47    22880.14    7    22
(relay)    13    16    22892.96    22    22842.01    1    1
(relay)    13    3    23055.76    23    23053.79    1    1
(relay)    41    15    23070.96    23    23068.8    2    1
(advertise)    47    23071.16    15    23
(relay)    43    9    23099.77    23    23098.23    4    1
(advertise)    47    23099.97    9    23
(relay)    45    45    23103.18    23    23103.0    6    1
(advertise)    47    23122.38    45    23
(relay)    46    46    23167.8    23    23166.79    6    1
(advertise)    47    23168.0    46    23
(relay)    13    42    23234.41    23    23231.7    3    1
(advertise)    47    23234.61    42    23
(relay)    41    41    23247.82    23    23247.27    6    1
(advertise)    47    23256.02    41    23
(relay)    13    25    23279.84    23    23241.16    1    1
(relay)    13    12    23375.04    23    23373.16    3    1
(advertise)    47    23375.24    12    23
(relay)    13    34    23423.05    23    23421.2    1    1
(relay)    13    14    23448.45    23    23436.62    2    1
(advertise)    47    23448.65    14    23
(relay)    43    43    23497.86    23    23497.31    6    1
(advertise)    47    23498.06    43    23
(relay)    13    11    23607.07    23    23605.04    3    1
(advertise)    47    23607.27    11    23
(relay)    13    19    23630.69    23    23608.22    2    1
(advertise)    47    23631.29    19    23
(generate)    47    23677.3    [31]    23
(relay)    13    17    23699.91    23    23693.8    3    1
(advertise)    47    23700.11    17    23
(relay)    13    44    23731.53    23    23726.63    3    1
(advertise)    47    23731.73    44    23
(relay)    2    2    23742.14    24    23742    127    1
(advertise)    47    23753.54    2    24
(relay)    13    4    23779.95    23    23769.68    3    1
(advertise)    47    23780.15    4    23
(relay)    13    48    23836.57    23    23835.07    2    1
(advertise)    47    23836.77    48    23
(relay)    13    13    23855.78    23    23855.29    5    1
(advertise)    47    23859.18    13    23
(relay)    13    7    23870.59    23    23869.26    3    1
(advertise)    47    23880.19    7    23
(relay)    13    3    24056.4    24    24053.85    1    1
(relay)    13    15    24079.4    24    24068.9    3    1
(advertise)    47    24079.6    15    24
(relay)    41    9    24099.22    24    24098.28    4    1
(advertise)    47    24101.42    9    24
(relay)    45    45    24103.63    24    24103.44    6    1
(advertise)    47    24123.83    45    24
(relay)    46    46    24167.84    24    24166.81    6    1
(advertise)    47    24168.04    46    24
(relay)    13    42    24234.46    24    24231.78    3    1
(advertise)    47    24234.66    42    24
(relay)    41    41    24248.27    24    24247.29    6    1
(advertise)    47    24257.07    41    24
(relay)    13    12    24374.08    24    24373.25    3    1
(advertise)    47    24374.28    12    24
(heartbeat)    31    6    24381.27    47    24399.3    4    5
(advertise)    47    24400.1    31    6
(relay)    13    34    24424.31    24    24421.28    1    1
(relay)    43    14    24449.31    24    24436.75    1    1
(relay)    43    43    24497.91    24    24497.34    6    1
(advertise)    47    24498.11    43    24
(relay)    13    1    24520.12    25    24504    120    1
(advertise)    47    24520.92    1    25
(relay)    13    11    24608.53    24    24605.17    3    1
(advertise)    47    24608.73    11    24
(relay)    13    19    24632.35    24    24608.35    2    1
(advertise)    47    24632.75    19    24
(generate)    47    24677.36    [31]    24
(relay)    13    17    24700.37    24    24693.93    3    1
(advertise)    47    24700.57    17    24
(relay)    13    44    24728.19    24    24726.71    3    1
(advertise)    47    24728.39    44    24
(relay)    2    2    24742.2    25    24742    127    1
(advertise)    47    24750.6    2    25
(relay)    13    4    24778.41    24    24769.76    3    1
(advertise)    47    24778.61    4    24
(relay)    13    48    24836.43    24    24835.14    2    1
(advertise)    47    24836.63    48    24
(relay)    13    13    24856.04    24    24855.39    5    1
(advertise)    47    24859.84    13    24
(relay)    13    7    24870.85    24    24869.37    3    1
(advertise)    47    24882.85    7    24
(relay)    13    16    24892.46    24    24842.22    1    1
(relay)    13    3    25057.06    25    25053.95    1    1
(relay)    13    15    25080.06    25    25069.0    3    1
(advertise)    47    25080.26    15    25
(relay)    13    9    25101.28    25    25098.4    4    1
(advertise)    47    25102.48    9    25
(relay)    45    45    25104.49    25    25104.3    6    1
(advertise)    47    25125.29    45    25
(relay)    46    46    25167.9    25    25166.82    6    1
(advertise)    47    25168.1    46    25
(relay)    13    42    25235.52    25    25231.89    3    1
(advertise)    47    25235.72    42    25
(relay)    41    41    25248.33    25    25247.34    6    1
(advertise)    47    25258.53    41    25
(relay)    13    25    25277.54    25    25241.32    1    1
(relay)    13    20    25347.34    25    25341.47    1    1
(relay)    43    12    25375.14    25    25373.4    2    1
(advertise)    47    25375.34    12    25
(relay)    13    34    25424.96    25    25421.39    1    1
(relay)    13    14    25446.56    25    25436.91    1    1
(relay)    43    43    25497.96    25    25497.36    6    1
(advertise)    47    25498.16    43    25
(relay)    43    1    25526.77    26    25504    119    1
(advertise)    47    25526.97    1    26
(relay)    13    11    25608.58    25    25605.32    3    1
(advertise)    47    25608.78    11    25
(relay)    13    19    25629.79    25    25608.53    2    1
(advertise)    47    25631.39    19    25
(generate)    47    25677.41    [31]    25
(relay)    13    17    25700.42    25    25694.08    3    1
(advertise)    47    25700.62    17    25
(relay)    13    44    25728.03    25    25726.84    3    1
(advertise)    47    25728.43    44    25
(relay)    2    2    25742.05    26    25742    127    1
(advertise)    47    25750.45    2    26
(relay)    13    4    25778.46    25    25769.89    3    1
(advertise)    47    25778.86    4    25
(relay)    13    48    25838.27    25    25835.25    2    1
(advertise)    47    25838.47    48    25
(relay)    13    13    25856.09    25    25855.51    5    1
(advertise)    47    25860.09    13    25
(relay)    13    7    25871.7    25    25869.49    3    1
(advertise)    47    25882.1    7    25
(relay)    13    3    26057.31    26    26054.05    1    1
(relay)    43    15    26071.51    26    26069.09    2    1
(advertise)    47    26071.71    15    26
(relay)    41    9    26098.72    26    26098.49    4    1
(advertise)    47    26098.92    9    26
(relay)    45    45    26104.94    26    26104.35    6    1
(advertise)    47    26121.74    45    26
(relay)    46    46    26166.95    26    26166.83    6    1
(advertise)    47    26167.15    46    26
(relay)    13    42    26236.36    26    26231.99    3    1
(advertise)    47    26236.56    42    26
(relay)    41    41    26248.38    26    26247.37    6    1
(advertise)    47    26257.58    41    26
(relay)    13    25    26281.59    26    26241.43    1    1
(relay)    13    20    26344.99    26    26341.61    1    1
(relay)    13    12    26375.39    26    26373.55    3    1
(advertise)    47    26375.59    12    26
(relay)    13    34    26425.0    26    26421.5    1    1
(relay)    43    43    26498.4    26    26497.38    6    1
(advertise)    47    26498.6    43    26
(relay)    13    1    26526.82    27    26504    119    1
(advertise)    47    26527.02    1    27
(relay)    13    11    26608.63    26    26605.43    3    1
(advertise)    47    26608.83    11    26
(relay)    13    19    26629.84    26    26608.69    2    1
(advertise)    47    26630.04    19    26
(generate)    47    26677.45    [31]    26
(relay)    13    17    26702.07    26    26694.21    3    1
(advertise)    47    26702.27    17    26
(relay)    2    2    26742.48    27    26742    127    1
(advertise)    47    26742.68    2    27
(relay)    13    44    26746.69    26    26726.95    3    1
(advertise)    47    26765.89    44    26
(relay)    13    4    26774.51    26    26769.99    3    1
(advertise)    47    26788.11    4    26
(relay)    13    48    26838.72    26    26835.36    2    1
(advertise)    47    26838.92    48    26
(relay)    13    13    26856.53    26    26855.6    5    1
(advertise)    47    26860.93    13    26
(relay)    13    7    26871.75    26    26869.58    3    1
(advertise)    47    26881.95    7    26
(relay)    13    3    27057.36    27    27054.13    1    1
(relay)    13    15    27079.16    27    27069.17    3    1
(advertise)    47    27079.36    15    27
(relay)    43    9    27099.97    27    27098.53    4    1
(advertise)    47    27101.37    9    27
(relay)    45    45    27104.98    27    27104.4    6    1
(advertise)    47    27122.78    45    27
(relay)    46    46    27167.0    27    27166.88    6    1
(advertise)    47    27167.2    46    27
(relay)    13    42    27236.61    27    27232.12    3    1
(advertise)    47    27236.81    42    27
(relay)    41    41    27247.42    27    27247.38    6    1
(advertise)    47    27259.22    41    27
(relay)    13    25    27283.84    27    27241.52    1    1
(relay)    13    20    27343.04    27    27341.78    1    1
(relay)    13    12    27376.44    27    27373.72    3    1
(advertise)    47    27376.64    12    27
(relay)    13    34    27424.25    27    27421.59    1    1
(relay)    13    14    27447.45    27    27437.23    2    1
(advertise)    47    27447.65    14    27
(relay)    43    43    27498.46    27    27497.4    6    1
(advertise)    47    27498.66    43    27
(relay)    13    1    27525.48    28    27504    119    1
(advertise)    47    27525.88    1    28
(relay)    13    11    27607.09    27    27605.58    3    1
(advertise)    47    27607.29    11    27
(relay)    13    19    27629.3    27    27608.88    2    1
(advertise)    47    27630.7    19    27
(generate)    47    27677.51    [31]    27
(relay)    13    17    27702.53    27    27694.33    3    1
(advertise)    47    27702.73    17    27
(relay)    13    44    27743.14    27    27727.07    3    1
(advertise)    47    27743.34    44    27
(relay)    13    4    27774.75    27    27770.11    3    1
(advertise)    47    27774.95    4    27
(relay)    13    48    27838.77    27    27835.49    2    1
(advertise)    47    27838.97    48    27
(relay)    13    13    27856.78    27    27855.7    5    1
(advertise)    47    27860.78    13    27
(relay)    13    7    27871.99    27    27869.68    3    1
(advertise)    47    27882.19    7    27
(relay)    13    3    28055.81    28    28054.21    1    1
(relay)    43    15    28078.41    28    28069.27    2    1
(advertise)    47    28078.61    15    28
(relay)    41    9    28101.42    28    28098.62    4    1
(advertise)    47    28102.42    9    28
(relay)    45    45    28105.03    28    28104.44    6    1
(advertise)    47    28125.03    45    28
(relay)    46    46    28167.04    28    28166.99    6    1
(advertise)    47    28167.24    46    28
(relay)    13    42    28235.86    28    28232.24    3    1
(advertise)    47    28236.06    42    28
(relay)    41    41    28247.47    28    28247.41    6    1
(advertise)    47    28259.07    41    28
(relay)    13    25    28280.68    28    28241.61    1    1
(relay)    13    20    28343.08    28    28341.88    1    1
(relay)    13    12    28376.68    28    28373.88    3    1
(advertise)    47    28376.88    12    28
(heartbeat)    31    7    28381.28    47    28402.3    4    5
(advertise)    47    28402.5    31    7
(relay)    13    34    28423.51    28    28421.68    1    1
(relay)    13    14    28450.31    28    28437.41    2    1
(advertise)    47    28450.51    14    28
(relay)    43    43    28498.52    28    28497.46    6    1
(advertise)    47    28498.72    43    28
(relay)    13    11    28606.34    28    28605.73    3    1
(advertise)    47    28606.54    11    28
(relay)    13    19    28628.95    28    28609.01    2    1
(advertise)    47    28629.75    19    28
(generate)    47    28677.56    [31]    28
(relay)    41    17    28702.77    28    28694.46    2    1
(advertise)    47    28702.97    17    28
(relay)    13    44    28729.99    28    28727.2    3    1
(advertise)    47    28730.19    44    28
(relay)    2    2    28742.6    29    28742    127    1
(advertise)    47    28754.2    2    29
(relay)    13    4    28779.21    28    28770.25    3    1
(advertise)    47    28779.41    4    28
(relay)    13    48    28840.43    28    28835.59    2    1
(advertise)    47    28840.63    48    28
(relay)    13    13    28856.84    28    28855.81    5    1
(advertise)    47    28862.04    13    28
(relay)    13    7    28882.45    28    28869.79    2    1
(advertise)    47    28885.05    7    28
(relay)    13    15    29069.67    29    29069.38    3    1
(advertise)    47    29069.87    15    29
(relay)    41    9    29099.88    29    29098.73    4    1
(advertise)    47    29100.08    9    29
(relay)    45    45    29105.49    29    29104.5    6    1
(advertise)    47    29121.09    45    29
(relay)    46    46    29167.5    29    29167.0    6    1
(advertise)    47    29167.7    46    29
(relay)    13    42    29233.32    29    29232.38    3    1
(advertise)    47    29233.52    42    29
(relay)    41    41    29247.53    29    29247.45    6    1
(advertise)    47    29257.53    41    29
(relay)    13    25    29277.34    29    29241.72    1    1
(relay)    13    12    29377.14    29    29374.05    3    1
(advertise)    47    29377.34    12    29
(relay)    13    14    29446.76    29    29437.57    2    1
(advertise)    47    29446.96    14    29
(relay)    43    43    29497.57    29    29497.49    6    1
(advertise)    47    29497.77    43    29
(relay)    13    11    29606.38    29    29605.84    3    1
(advertise)    47    29606.58    11    29
(relay)    13    19    29630.4    29    29609.12    2    1
(advertise)    47    29630.6    19    29
(generate)    47    29677.61    [31]    29
(relay)    13    17    29702.82    29    29694.57    3    1
(advertise)    47    29703.02    17    29
(relay)    13    44    29730.43    29    29727.29    3    1
(advertise)    47    29730.63    44    29
(relay)    2    2    29743.05    30    29742    127    1
(advertise)    47    29754.05    2    30
(relay)    13    4    29779.06    29    29770.35    3    1
(advertise)    47    29779.26    4    29
(relay)    13    13    29855.87    29    29855.86    5    1
(advertise)    47    29856.07    13    29
(relay)    13    7    29870.09    29    29869.86    3    1
(advertise)    47    29879.69    7    29
(relay)    13    16    29901.3    29    29842.78    1    1
