(relay)    28    10    1034.6    1    1033.0    124    1
(advertise)    6    1034.8    10    1
(relay)    5    3    1064.61    1    1052.01    119    1
(advertise)    6    1064.81    3    1
(generate)    6    1084.03    [31]    1
(relay)    40    8    1133.64    1    1091.05    123    1
(advertise)    6    1133.84    8    1
(relay)    37    9    1156.85    1    1096.04    119    1
(advertise)    6    1157.85    9    1
(relay)    28    32    1181.07    1    1157.09    125    1
(advertise)    6    1182.07    32    1
(relay)    30    45    1202.68    1    1098.05    117    1
(advertise)    6    1204.08    45    1
(relay)    37    46    1226.09    1    1166.0    116    1
(advertise)    6    1228.89    46    1
(relay)    5    42    1250.5    1    1229.12    121    1
(advertise)    6    1251.9    42    1
(relay)    30    41    1273.32    1    1245.3    118    1
(advertise)    6    1275.12    41    1
(relay)    30    30    1312.33    1    1312.14    127    1
(advertise)    6    1312.53    30    1
(relay)    37    20    1342.54    1    1338.16    123    1
(advertise)    6    1342.74    20    1
(relay)    40    12    1374.76    1    1370.17    121    1
(advertise)    6    1374.96    12    1
(relay)    40    34    1427.77    1    1419.16    118    1
(advertise)    6    1427.97    34    1
(relay)    5    14    1450.38    1    1433.2    121    1
(advertise)    6    1451.78    14    1
(relay)    38    38    1541.2    1    1540.2    127    1
(advertise)    6    1541.4    38    1
(relay)    30    35    1581.61    1    1578.05    126    1
(advertise)    6    1581.81    35    1
(relay)    40    19    1613.82    1    1603.06    120    1
(advertise)    6    1614.02    19    1
(relay)    5    5    1640.03    1    1639.07    127    1
(advertise)    6    1640.43    5    1
(relay)    5    26    1664.45    1    1640.1    123    1
(advertise)    6    1664.65    26    1
(relay)    30    11    1688.66    1    1602.06    121    1
(advertise)    6    1688.86    11    1
(relay)    40    40    1706.67    1    1706.07    127    1
(advertise)    6    1710.07    40    1
(relay)    28    18    1711.29    1    1643.11    123    1
(advertise)    6    1732.49    18    1
(relay)    30    0    1752.9    1    1676.1    124    1
(advertise)    6    1756.9    0    1
(relay)    37    17    1775.71    1    1691.1    120    1
(advertise)    6    1780.51    17    1
(relay)    37    29    1796.93    1    1790.16    126    1
(advertise)    6    1801.73    29    1
(relay)    37    44    1818.94    1    1724.13    121    1
(advertise)    6    1823.74    44    1
(relay)    37    47    1839.55    1    1676.09    118    1
(advertise)    6    1845.55    47    1
(relay)    28    28    1862.56    1    1862.0    127    1
(relay)    37    22    1863.36    1    1850.03    124    2
(advertise)    6    1866.56    28    1
(relay)    28    4    1887.78    1    1767.15    121    2
(advertise)    6    1888.38    22    1
(advertise)    6    1910.19    4    1
(relay)    28    27    1928.0    1    1897.04    125    1
(advertise)    6    1931.4    27    1
(relay)    39    39    1941.02    1    1941.02    127    1
(advertise)    6    1954.62    39    1
(relay)    36    36    1967.63    1    1967.07    127    1
(advertise)    6    1977.43    36    1
(relay)    37    37    1985.04    1    1984.08    127    1
(advertise)    6    2000.64    37    1
(relay)    37    48    2001.86    1    1832.62    121    1
(advertise)    6    2024.26    48    1
(relay)    30    13    2041.27    1    1853.16    119    1
(advertise)    6    2045.47    13    1
(relay)    30    23    2063.48    1    1986.09    124    1
(advertise)    6    2066.68    23    1
(generate)    6    2084.09    [31]    2
(relay)    30    10    2086.11    2    2033.13    124    1
(advertise)    6    2089.31    10    2
(relay)    28    7    2131.52    1    1867.0    118    1
(advertise)    6    2131.72    7    1
(relay)    37    8    2154.93    2    2091.17    124    1
(advertise)    6    2155.53    8    2
(relay)    36    3    2174.55    2    2052.08    119    1
(advertise)    6    2176.95    3    2
(relay)    30    32    2196.76    2    2157.17    125    1
(advertise)    6    2198.76    32    2
(relay)    37    9    2219.57    2    2096.31    119    1
(advertise)    6    2220.17    9    2
(relay)    28    46    2242.79    2    2166.01    116    1
(advertise)    6    2243.59    46    2
(relay)    37    42    2262.8    2    2229.22    121    1
(advertise)    6    2265.8    42    2
(relay)    28    25    2285.21    2    2239.19    119    1
(advertise)    6    2288.01    25    2
(relay)    28    41    2307.82    2    2245.32    117    1
(advertise)    6    2309.62    41    2
(relay)    30    30    2312.44    2    2312.28    127    1
(advertise)    6    2330.64    30    2
(relay)    30    20    2353.05    2    2338.3    123    1
(advertise)    6    2354.05    20    2
(relay)    30    12    2375.06    2    2370.32    122    1
(advertise)    6    2378.46    12    2
(relay)    5    14    2447.68    2    2433.34    121    1
(advertise)    6    2447.88    14    2
(relay)    40    1    2509.29    3    2504    122    1
(advertise)    6    2509.49    1    3
(relay)    5    21    2536.9    2    2534.13    124    1
(advertise)    6    2537.5    21    2
(relay)    38    38    2541.31    2    2540.31    127    1
(advertise)    6    2558.91    38    2
(relay)    38    35    2578.73    2    2578.17    126    1
(advertise)    6    2581.93    35    2
(relay)    5    11    2632.94    2    2602.18    121    1
(advertise)    6    2633.14    11    2
(relay)    5    5    2640.15    2    2639.21    127    1
(advertise)    6    2655.15    5    2
(relay)    28    26    2677.77    2    2640.23    123    1
(advertise)    6    2679.17    26    2
(relay)    28    18    2700.18    2    2643.23    123    1
(advertise)    6    2700.98    18    2
(relay)    40    40    2707.19    2    2706.21    127    1
(advertise)    6    2722.99    40    2
(relay)    5    19    2744.41    2    2604.21    121    1
(advertise)    6    2746.01    19    2
(relay)    37    29    2810.62    2    2790.3    126    1
(advertise)    6    2810.82    29    2
(relay)    5    4    2831.83    2    2767.28    120    1
(advertise)    6    2832.63    4    2
(relay)    28    22    2856.84    2    2850.15    124    1
(advertise)    6    2857.64    22    2
(relay)    28    28    2862.66    2    2862.12    127    1
(advertise)    6    2879.06    28    2
(relay)    28    2    2899.07    3    2742    117    1
(advertise)    6    2900.27    2    3
(relay)    28    48    2920.68    2    2832.75    121    1
(advertise)    6    2921.28    48    2
(relay)    39    39    2941.3    2    2941.11    127    1
(relay)    28    16    2942.7    2    2839.12    121    2
(advertise)    6    2943.1    39    2
(advertise)    6    2964.71    16    2
(relay)    36    36    2968.12    2    2967.39    127    1
(relay)    37    37    2985.12    2    2984.19    127    2
(advertise)    6    2986.72    36    2
(relay)    36    27    2988.14    2    2897.16    124    2
(advertise)    6    3010.14    37    2
(advertise)    6    3033.75    27    2
(relay)    5    13    3037.56    2    2853.28    119    1
(relay)    37    33    3055.16    2    2937.17    124    2
(advertise)    6    3055.76    13    2
(advertise)    6    3076.77    33    2
(generate)    6    3084.19    [31]    3
(relay)    5    23    3105.2    2    2986.21    123    1
(advertise)    6    3105.4    23    2
(relay)    37    10    3130.21    3    3033.25    124    1
(advertise)    6    3130.41    10    3
(relay)    28    8    3166.63    3    3091.29    124    1
(advertise)    6    3166.83    8    3
(relay)    28    15    3188.84    3    3066.8    119    1
(advertise)    6    3189.24    15    3
(relay)    5    32    3213.25    3    3157.28    125    1
(advertise)    6    3213.45    32    3
(relay)    30    9    3235.07    3    3096.41    118    1
(advertise)    6    3235.47    9    3
(relay)    5    45    3260.28    3    3098.23    117    1
(advertise)    6    3260.68    45    3
(relay)    37    42    3283.69    3    3229.34    121    1
(advertise)    6    3284.89    42    3
(relay)    30    30    3312.9    3    3312.37    127    1
(advertise)    6    3313.1    30    3
(relay)    37    46    3366.12    3    3166.03    117    1
(advertise)    6    3366.32    46    3
(relay)    37    25    3389.33    3    3239.28    119    1
(advertise)    6    3389.53    25    3
(relay)    36    12    3412.34    3    3370.45    122    1
(advertise)    6    3412.74    12    3
(relay)    30    41    3435.76    3    3245.4    117    1
(advertise)    6    3436.56    41    3
(relay)    30    14    3456.77    3    3433.69    121    1
(advertise)    6    3458.77    14    3
(relay)    28    34    3478.98    3    3419.4    118    1
(advertise)    6    3479.98    34    3
(relay)    40    21    3538.4    3    3534.26    123    1
(advertise)    6    3538.6    21    3
(relay)    38    38    3541.41    3    3540.42    127    1
(advertise)    6    3562.01    38    3
(relay)    38    35    3579.62    3    3578.31    126    1
(advertise)    6    3584.22    35    3
(relay)    5    24    3607.03    3    3568.35    122    1
(advertise)    6    3607.43    24    3
(relay)    30    19    3631.25    3    3604.36    122    1
(advertise)    6    3631.45    19    3
(relay)    5    5    3639.46    3    3639.35    127    1
(advertise)    6    3653.26    5    3
(relay)    30    18    3677.07    3    3643.39    123    1
(advertise)    6    3677.47    18    3
(relay)    28    0    3700.49    3    3676.35    124    1
(advertise)    6    3700.69    0    3
(relay)    40    40    3707.3    3    3706.31    127    1
(relay)    28    11    3722.5    3    3602.36    121    2
(advertise)    6    3722.9    40    3
(advertise)    6    3745.11    11    3
(relay)    30    17    3765.93    3    3691.38    120    1
(advertise)    6    3767.13    17    3
(relay)    30    29    3792.94    3    3790.44    126    1
(advertise)    6    3793.14    29    3
(relay)    5    47    3829.75    3    3676.36    117    1
(advertise)    6    3829.95    47    3
(relay)    5    44    3855.16    3    3724.42    120    1
(advertise)    6    3855.36    44    3
(relay)    28    28    3862.78    3    3862.27    127    1
(advertise)    6    3876.78    28    3
(relay)    28    22    3899.59    3    3850.92    124    1
(advertise)    6    3900.19    22    3
(relay)    28    27    3921.4    3    3897.33    125    1
(advertise)    6    3924.2    27    3
(relay)    39    39    3941.82    3    3941.23    127    1
(advertise)    6    3945.22    39    3
(relay)    28    4    3966.23    3    3767.44    120    1
(advertise)    6    3967.43    4    3
(relay)    36    36    3968.64    3    3967.52    127    1
(relay)    37    37    3985.24    3    3984.33    127    2
(advertise)    6    3989.64    36    3
(relay)    28    33    4010.26    3    3937.32    124    2
(advertise)    6    4011.86    37    3
(relay)    36    48    4034.87    3    3832.91    121    2
(advertise)    6    4036.27    33    3
(relay)    37    16    4058.08    3    3839.69    121    2
(advertise)    6    4058.48    48    3
(advertise)    6    4080.69    16    3
(generate)    6    4084.31    [31]    4
(relay)    36    2    4107.72    4    3742    117    1
(advertise)    6    4107.92    2    4
(relay)    40    7    4168.33    3    3867.28    116    1
(advertise)    6    4168.53    7    3
(relay)    28    10    4190.55    4    4033.4    124    1
(advertise)    6    4191.35    10    4
(relay)    37    8    4213.36    4    4091.45    124    1
(advertise)    6    4214.36    8    4
(relay)    37    32    4234.97    4    4157.44    125    1
(advertise)    6    4236.97    32    4
(relay)    30    3    4257.99    4    4052.35    117    1
(advertise)    6    4259.19    3    4
(relay)    28    15    4277.6    4    4066.97    118    1
(advertise)    6    4282.2    15    4
(relay)    28    9    4301.41    4    4096.6    118    1
(advertise)    6    4303.61    9    4
(relay)    30    30    4313.02    4    4312.52    127    1
(advertise)    6    4325.02    30    4
(relay)    36    42    4346.84    4    4229.52    120    1
(advertise)    6    4347.04    42    4
(relay)    30    45    4367.05    4    4098.41    118    1
(advertise)    6    4369.85    45    4
(relay)    5    20    4390.26    4    4338.62    122    1
(advertise)    6    4391.06    20    4
(heartbeat)    31    1    4381.2    6    4413.48    127    0
(advertise)    6    4414.08    31    1
(relay)    5    46    4437.89    4    4166.04    117    1
(advertise)    6    4438.69    46    4
(relay)    30    25    4461.1    4    4239.45    119    1
(advertise)    6    4461.7    25    4
(relay)    37    41    4485.32    4    4245.57    118    1
(advertise)    6    4486.12    41    4
(relay)    5    14    4509.33    4    4433.86    121    1
(advertise)    6    4511.13    14    4
(relay)    30    1    4531.34    5    4504    123    1
(advertise)    6    4532.74    1    5
(relay)    38    38    4540.75    4    4540.57    5    1
(advertise)    6    4554.95    38    4
(relay)    28    35    4602.97    4    4578.46    2    1
(advertise)    6    4603.17    35    4
(relay)    5    24    4624.58    4    4568.55    1    1
(relay)    5    5    4639.58    4    4639.5    4    1
(advertise)    6    4639.78    5    4
(relay)    40    40    4707.39    4    4706.41    5    1
(advertise)    6    4707.59    40    4
(relay)    37    18    4731.21    4    4643.58    1    1
(relay)    36    26    4781.41    4    4640.59    1    1
(relay)    30    29    4802.41    4    4790.61    2    1
(advertise)    6    4802.61    29    4
(relay)    37    44    4825.82    4    4724.6    1    1
(relay)    30    4    4840.02    4    4767.63    1    1
(relay)    39    48    4864.62    4    4833.08    1    1
(relay)    40    22    4888.02    4    4851.11    1    1
(relay)    30    28    4888.42    4    4862.4    3    1
(advertise)    6    4888.62    28    4
(relay)    28    27    4927.23    4    4897.52    1    1
(relay)    39    39    4941.83    4    4941.27    5    1
(advertise)    6    4942.03    39    4
(relay)    36    36    4968.65    4    4967.67    4    1
(advertise)    6    4969.05    36    4
(relay)    37    37    4985.46    4    4984.48    4    1
(advertise)    6    4992.26    37    4
(relay)    37    33    5007.07    4    4937.49    1    1
(relay)    5    23    5063.27    4    4986.56    1    1
(generate)    6    5084.47    [31]    5
(relay)    28    32    5159.28    5    5157.62    2    1
(advertise)    6    5159.48    32    5
(relay)    30    30    5313.1    5    5312.54    4    1
(advertise)    6    5313.3    30    5
(relay)    5    20    5342.31    5    5338.66    1    1
(relay)    40    12    5374.31    5    5370.64    1    1
(relay)    30    1    5509.91    6    5504    123    1
(advertise)    6    5510.11    1    6
(relay)    38    38    5540.92    5    5540.76    5    1
(advertise)    6    5541.12    38    5
(relay)    5    35    5580.74    5    5578.62    3    1
(advertise)    6    5580.94    35    5
(relay)    5    5    5639.75    5    5639.66    4    1
(advertise)    6    5639.95    5    5
(relay)    36    19    5674.16    5    5605.67    1    1
(relay)    5    18    5697.76    5    5643.69    1    1
(relay)    40    40    5707.36    5    5706.41    5    1
(advertise)    6    5707.56    40    5
(relay)    5    29    5791.98    5    5790.64    2    1
(advertise)    6    5792.18    29    5
(relay)    5    4    5811.99    5    5767.71    1    1
(relay)    36    48    5839.59    5    5833.22    1    1
(relay)    37    22    5862.39    5    5851.12    1    1
(relay)    28    28    5864.19    5    5863.17    4    1
(advertise)    6    5864.39    28    5
(relay)    28    16    5906.2    5    5839.99    1    1
(relay)    5    27    5931.2    5    5897.56    1    1
(relay)    39    39    5942.0    5    5941.44    5    1
(advertise)    6    5942.2    39    5
(relay)    36    36    5968.81    5    5967.83    4    1
(advertise)    6    5969.01    36    5
(relay)    37    37    5984.83    5    5984.66    4    1
(advertise)    6    5991.43    37    5
(generate)    6    6084.64    [31]    6
(relay)    5    8    6110.65    6    6091.64    1    1
(relay)    40    32    6160.65    6    6157.81    1    1
(relay)    30    30    6313.25    6    6312.71    4    1
(advertise)    6    6313.45    30    6
(relay)    28    20    6342.27    6    6338.81    1    1
(relay)    37    12    6375.67    6    6370.79    1    1
(relay)    5    1    6507.87    7    6504    123    1
(advertise)    6    6508.07    1    7
(relay)    5    21    6537.08    6    6534.72    1    1
(relay)    38    38    6541.08    6    6540.92    5    1
(advertise)    6    6541.28    38    6
(relay)    36    35    6580.89    6    6578.79    3    1
(advertise)    6    6581.09    35    6
(relay)    5    5    6639.91    6    6639.8    4    1
(advertise)    6    6640.11    5    6
(relay)    40    0    6694.92    6    6677.44    1    1
(relay)    40    40    6706.72    6    6706.6    5    1
(advertise)    6    6706.92    40    6
(relay)    28    18    6714.13    6    6643.83    1    1
(relay)    38    29    6793.93    6    6790.67    1    1
(relay)    36    48    6851.93    6    6833.32    2    1
(advertise)    6    6852.13    48    6
(relay)    28    28    6864.34    6    6863.28    4    1
(advertise)    6    6874.94    28    6
(relay)    5    22    6896.36    6    6851.15    1    1
(relay)    28    16    6921.36    6    6840.13    1    1
(relay)    39    39    6942.16    6    6941.58    5    1
(advertise)    6    6942.36    39    6
(relay)    36    27    6965.77    6    6897.99    1    1
(relay)    5    33    6966.77    6    6937.77    1    1
(relay)    36    36    6968.97    6    6967.94    4    1
(advertise)    6    6969.17    36    6
(relay)    37    37    6984.78    6    6984.76    4    1
(advertise)    6    6990.18    37    6
(generate)    6    7084.8    [31]    7
(relay)    37    8    7113.21    7    7091.67    1    1
(relay)    30    30    7313.81    7    7312.81    4    1
(advertise)    6    7314.01    30    7
(relay)    40    1    7508.22    8    7504    122    1
(advertise)    6    7508.42    1    8
(relay)    40    21    7537.04    7    7534.86    1    1
(relay)    38    38    7541.24    7    7541.07    5    1
(advertise)    6    7541.44    38    7
(relay)    37    35    7581.45    7    7578.87    3    1
(advertise)    6    7581.65    35    7
(relay)    5    5    7640.06    7    7639.9    4    1
(advertise)    6    7640.26    5    7
(relay)    36    26    7679.07    7    7641.08    1    1
(relay)    5    18    7699.47    7    7643.96    1    1
(relay)    40    40    7706.87    7    7706.75    5    1
(advertise)    6    7707.07    40    7
(relay)    37    44    7769.49    7    7724.92    1    1
(relay)    30    4    7792.09    7    7767.94    1    1
(relay)    40    48    7840.89    7    7833.44    1    1
(relay)    5    22    7863.89    7    7851.15    2    1
(advertise)    6    7864.09    22    7
(relay)    30    16    7884.5    7    7840.27    1    1
(relay)    30    27    7905.5    7    7898.18    1    1
(relay)    28    39    7964.1    7    7941.73    4    1
(advertise)    6    7964.3    39    7
(relay)    36    36    7969.11    7    7968.05    4    1
(relay)    37    37    7984.91    7    7984.87    4    2
(advertise)    6    7986.51    36    7
(advertise)    6    8009.13    37    7
(relay)    30    23    8035.94    7    7986.94    1    1
(generate)    6    8084.94    [31]    8
(relay)    37    8    8106.95    8    8091.67    1    1
(relay)    28    42    8233.35    8    8230.05    1    1
(relay)    30    30    8313.95    8    8312.95    4    1
(advertise)    6    8314.15    30    8
(relay)    40    12    8377.17    8    8371.08    1    1
(heartbeat)    31    2    8381.21    6    8398.17    3    3
(advertise)    6    8398.37    31    2
(relay)    38    38    8541.38    8    8541.23    5    1
(advertise)    6    8541.58    38    8
(relay)    37    35    8581.59    8    8579.0    3    1
(advertise)    6    8581.79    35    8
(relay)    5    5    8640.6    8    8640.04    4    1
(advertise)    6    8640.8    5    8
(relay)    40    40    8707.02    8    8706.92    5    1
(advertise)    6    8707.22    40    8
(relay)    37    0    8744.03    8    8677.71    1    1
(relay)    40    29    8792.43    8    8791.27    1    1
(relay)    37    48    8839.23    8    8833.53    1    1
(relay)    5    22    8862.43    8    8851.32    1    1
(relay)    28    28    8864.63    8    8863.51    4    1
(advertise)    6    8864.83    28    8
(relay)    5    16    8908.24    8    8840.37    1    1
(relay)    30    27    8929.64    8    8898.37    1    1
(relay)    39    39    8942.84    8    8941.88    5    1
(advertise)    6    8943.04    39    8
(relay)    36    36    8968.26    8    8968.17    4    1
(advertise)    6    8969.06    36    8
(relay)    28    33    8973.47    8    8938.02    1    1
(relay)    37    37    8985.07    8    8984.99    4    1
(advertise)    6    8991.67    37    8
(generate)    6    9085.08    [31]    9
(relay)    40    32    9160.1    9    9158.02    1    1
(relay)    30    30    9314.1    9    9313.02    4    1
(advertise)    6    9314.3    30    9
(relay)    5    20    9341.91    9    9339.27    1    1
(relay)    36    12    9376.91    9    9371.17    1    1
(relay)    40    21    9538.91    9    9535.15    1    1
(relay)    38    38    9541.91    9    9541.37    5    1
(advertise)    6    9542.11    38    9
(relay)    28    35    9581.72    9    9579.08    2    1
(advertise)    6    9581.92    35    9
(relay)    5    5    9640.74    9    9640.11    4    1
(advertise)    6    9640.94    5    9
(relay)    40    40    9707.15    9    9707.09    5    1
(advertise)    6    9707.35    40    9
(relay)    40    0    9730.76    9    9677.91    1    1
(relay)    28    44    9762.76    9    9725.07    1    1
(relay)    37    2    9784.36    10    9742    116    1
(advertise)    6    9784.56    2    10
(relay)    30    29    9806.97    9    9791.44    2    1
(advertise)    6    9807.17    29    9
(relay)    40    28    9875.19    9    9863.61    1    1
(relay)    37    16    9920.79    9    9840.51    1    1
(relay)    39    39    9942.99    9    9942.05    5    1
(advertise)    6    9943.19    39    9
(relay)    36    36    9968.4    9    9968.24    4    1
(advertise)    6    9969.0    36    9
(relay)    37    37    9985.61    9    9985.07    4    1
(advertise)    6    9991.21    37    9
(relay)    37    33    9992.43    9    9938.13    2    1
(advertise)    6    10013.43    33    9
(relay)    5    23    10055.04    9    9987.28    1    1
(generate)    6    10085.24    [31]    10
(relay)    37    32    10159.25    10    10158.04    2    1
(advertise)    6    10159.45    32    10
(relay)    30    30    10314.07    10    10313.14    4    1
(advertise)    6    10314.27    30    10
(relay)    5    1    10506.08    11    10504    123    1
(advertise)    6    10506.28    1    11
(relay)    5    21    10538.89    10    10535.24    2    1
(advertise)    6    10539.09    21    10
(relay)    38    38    10541.9    10    10541.4    5    1
(advertise)    6    10561.5    38    10
(relay)    38    35    10581.32    10    10579.2    3    1
(advertise)    6    10583.52    35    10
(relay)    37    24    10608.13    10    10569.44    1    1
(relay)    5    5    10640.73    10    10640.24    4    1
(advertise)    6    10640.93    5    10
(relay)    5    0    10689.34    10    10678.0    2    1
(advertise)    6    10689.54    0    10
(relay)    40    40    10707.76    10    10707.11    5    1
(advertise)    6    10711.56    40    10
(relay)    28    44    10782.57    10    10725.2    1    1
(relay)    37    29    10804.57    10    10791.46    2    1
(advertise)    6    10804.77    29    10
(relay)    28    2    10828.18    11    10742    117    1
(advertise)    6    10828.58    2    11
(relay)    28    28    10863.8    10    10863.74    4    1
(advertise)    6    10864.0    28    10
(relay)    30    27    10917.41    10    10898.59    1    1
(relay)    28    16    10938.81    10    10840.63    1    1
(relay)    39    39    10943.01    10    10942.07    5    1
(advertise)    6    10943.21    39    10
(relay)    36    36    10968.42    10    10968.38    4    1
(advertise)    6    10969.22    36    10
(relay)    36    33    10982.43    10    10938.28    2    1
(relay)    37    37    10986.23    10    10985.6    4    2
(advertise)    6    10991.43    33    10
(advertise)    6    11015.25    37    10
(generate)    6    11085.26    [31]    11
(relay)    37    42    11233.27    11    11230.35    1    1
(relay)    30    30    11313.27    11    11313.26    4    1
(advertise)    6    11313.47    30    11
(relay)    36    1    11505.69    12    11504    123    1
(advertise)    6    11505.89    1    12
(relay)    38    38    11542.1    11    11541.58    5    1
(advertise)    6    11542.3    38    11
(relay)    40    35    11579.91    11    11579.31    3    1
(advertise)    6    11580.11    35    11
(relay)    5    24    11607.33    11    11569.62    1    1
(relay)    5    5    11641.33    11    11640.36    4    1
(advertise)    6    11641.53    5    11
(relay)    38    0    11699.54    11    11678.16    1    1
(relay)    40    40    11707.94    11    11707.29    5    1
(advertise)    6    11708.14    40    11
(relay)    38    29    11793.35    11    11791.46    1    1
(relay)    5    22    11859.75    11    11852.35    1    1
(relay)    28    28    11863.95    11    11863.85    4    1
(advertise)    6    11864.15    28    11
(relay)    28    27    11904.36    11    11898.61    1    1
(relay)    39    39    11942.36    11    11942.22    5    1
(advertise)    6    11942.56    39    11
(relay)    30    33    11963.78    11    11938.42    2    1
(advertise)    6    11965.38    33    11
(relay)    36    36    11968.99    11    11968.48    4    1
(relay)    37    37    11986.39    11    11985.69    4    2
(advertise)    6    11986.79    36    11
(advertise)    6    12008.8    37    11
(relay)    36    23    12020.62    11    11987.49    1    1
(generate)    6    12085.42    [31]    12
(relay)    28    8    12109.03    12    12092.1    1    1
(relay)    5    32    12160.83    12    12158.04    2    1
(advertise)    6    12161.03    32    12
(relay)    30    30    12313.44    12    12313.37    4    1
(advertise)    6    12313.64    30    12
(heartbeat)    31    3    12381.23    6    12395.46    3    3
(advertise)    6    12395.66    31    3
(relay)    5    21    12540.27    12    12535.55    2    1
(advertise)    6    12540.47    21    12
(relay)    38    38    12542.68    12    12541.77    5    1
(advertise)    6    12562.88    38    12
(relay)    40    35    12579.69    12    12579.42    3    1
(advertise)    6    12584.69    35    12
(relay)    5    5    12641.51    12    12640.45    4    1
(advertise)    6    12641.71    5    12
(relay)    40    40    12707.92    12    12707.46    5    1
(advertise)    6    12708.12    40    12
(relay)    37    0    12745.33    12    12678.31    1    1
(relay)    5    29    12793.53    12    12791.61    2    1
(advertise)    6    12793.73    29    12
(relay)    28    28    12863.95    12    12863.94    4    1
(advertise)    6    12864.15    28    12
(relay)    39    39    12942.56    12    12942.4    5    1
(advertise)    6    12942.76    39    12
(relay)    36    36    12969.17    12    12968.55    4    1
(advertise)    6    12969.77    36    12
(relay)    36    33    12972.19    12    12938.58    1    1
(relay)    37    37    12986.39    12    12985.78    4    1
(advertise)    6    12990.79    37    12
(relay)    36    23    13016.8    12    12987.49    1    1
(generate)    6    13085.6    [31]    13
(relay)    5    8    13111.61    13    13092.11    1    1
(relay)    37    32    13160.41    13    13158.06    2    1
(advertise)    6    13160.61    32    13
(relay)    30    30    13313.62    13    13313.44    4    1
(advertise)    6    13313.82    30    13
(relay)    5    12    13374.44    13    13371.75    1    1
(relay)    5    21    13538.64    13    13535.69    2    1
(advertise)    6    13538.84    21    13
(relay)    38    38    13542.85    13    13541.94    5    1
(advertise)    6    13560.25    38    13
(relay)    38    35    13579.86    13    13579.45    3    1
(advertise)    6    13581.86    35    13
(relay)    5    5    13641.48    13    13640.48    4    1
(advertise)    6    13641.68    5    13
(relay)    40    40    13708.69    13    13707.63    5    1
(advertise)    6    13708.89    40    13
(relay)    30    0    13732.5    13    13678.47    2    1
(advertise)    6    13732.7    0    13
(relay)    37    4    13789.12    13    13768.56    1    1
(relay)    36    29    13810.32    13    13791.79    2    1
(advertise)    6    13810.52    29    13
(relay)    28    28    13864.53    13    13864.0    4    1
(advertise)    6    13864.73    28    13
(relay)    28    27    13902.94    13    13898.8    1    1
(relay)    39    39    13942.74    13    13942.58    5    1
(advertise)    6    13942.94    39    13
(relay)    38    33    13967.35    13    13938.64    1    1
(relay)    36    36    13969.15    13    13968.64    4    1
(advertise)    6    13969.35    36    13
(relay)    37    37    13986.77    13    13985.85    4    1
(advertise)    6    13991.77    37    13
(generate)    6    14085.78    [31]    14
(relay)    5    8    14107.19    14    14092.25    1    1
(relay)    5    32    14161.39    14    14158.21    2    1
(advertise)    6    14161.59    32    14
(relay)    30    30    14314.01    14    14313.51    4    1
(advertise)    6    14314.21    30    14
(relay)    5    20    14346.02    14    14340.0    1    1
(relay)    28    1    14508.22    15    14504    123    1
(advertise)    6    14508.42    1    15
(relay)    40    21    14540.03    14    14535.79    1    1
(relay)    38    38    14543.03    14    14542.12    5    1
(advertise)    6    14543.23    38    14
(relay)    38    35    14580.85    14    14579.54    3    1
(advertise)    6    14581.05    35    14
(relay)    5    5    14640.66    14    14640.57    4    1
(advertise)    6    14640.86    5    14
(relay)    40    40    14708.67    14    14707.64    5    1
(advertise)    6    14708.87    40    14
(relay)    28    0    14730.48    14    14678.62    2    1
(advertise)    6    14732.28    0    14
(relay)    40    29    14795.7    14    14791.97    1    1
(relay)    38    2    14816.1    15    14742    116    1
(advertise)    6    14816.3    2    15
(relay)    5    4    14852.91    14    14768.67    1    1
(relay)    28    28    14864.71    14    14864.08    4    1
(advertise)    6    14864.91    28    14
(relay)    5    27    14917.92    14    14898.8    1    1
(relay)    39    39    14943.32    14    14942.59    5    1
(advertise)    6    14943.52    39    14
(relay)    39    33    14944.74    14    14938.77    1    1
(relay)    36    36    14969.74    14    14968.72    4    1
(advertise)    6    14969.94    36    14
(relay)    37    37    14986.95    14    14985.94    4    1
(advertise)    6    14991.95    37    14
(relay)    37    23    15034.56    14    14987.81    1    1
(generate)    6    15085.96    [31]    15
(relay)    36    8    15111.78    15    15092.44    1    1
(relay)    5    32    15159.98    15    15158.4    2    1
(advertise)    6    15160.18    32    15
(relay)    30    30    15314.19    15    15313.61    4    1
(advertise)    6    15314.39    30    15
(relay)    5    20    15343.4    15    15340.15    1    1
(relay)    5    12    15374.8    15    15372.03    1    1
(relay)    38    38    15542.4    15    15542.31    5    1
(advertise)    6    15542.6    38    15
(relay)    38    35    15580.81    15    15579.65    3    1
(advertise)    6    15581.01    35    15
(relay)    5    5    15640.83    15    15640.68    4    1
(advertise)    6    15641.03    5    15
(relay)    40    40    15708.84    15    15707.81    5    1
(advertise)    6    15709.04    40    15
(relay)    40    0    15731.65    15    15678.75    1    1
(relay)    5    29    15793.45    15    15792.14    2    1
(advertise)    6    15793.65    29    15
(relay)    5    2    15813.67    16    15742    116    1
(advertise)    6    15815.47    2    16
(relay)    28    28    15864.68    15    15864.18    4    1
(advertise)    6    15864.88    28    15
(relay)    5    27    15915.69    15    15898.83    1    1
(relay)    36    16    15939.29    15    15841.19    1    1
(relay)    39    39    15943.29    15    15942.78    5    1
(advertise)    6    15943.49    39    15
(relay)    36    36    15969.91    15    15968.82    4    1
(advertise)    6    15970.11    36    15
(relay)    37    37    15987.12    15    15986.05    4    1
(advertise)    6    15991.32    37    15
(relay)    5    33    16028.73    15    15938.95    1    1
(generate)    6    16086.13    [31]    16
(relay)    40    32    16163.14    16    16158.42    1    1
(relay)    5    42    16238.34    16    16230.91    1    1
(relay)    30    30    16314.34    16    16313.73    4    1
(advertise)    6    16314.54    30    16
(relay)    28    20    16343.16    16    16340.31    1    1
(heartbeat)    31    4    16381.24    6    16397.96    3    3
(advertise)    6    16398.16    31    4
(relay)    38    38    16542.57    16    16542.5    5    1
(advertise)    6    16542.77    38    16
(relay)    28    35    16582.38    16    16579.75    2    1
(advertise)    6    16582.58    35    16
(relay)    5    5    16640.8    16    16640.78    4    1
(advertise)    6    16641.0    5    16
(relay)    40    40    16708.01    16    16708.0    5    1
(advertise)    6    16708.21    40    16
(relay)    28    0    16717.82    16    16678.94    2    1
(advertise)    6    16730.42    0    16
(relay)    39    29    16794.24    16    16792.16    1    1
(relay)    28    22    16862.24    16    16852.88    1    1
(relay)    28    28    16865.24    16    16864.28    4    1
(advertise)    6    16865.44    28    16
(relay)    36    16    16905.85    16    16841.3    1    1
(relay)    30    27    16927.65    16    16898.9    1    1
(relay)    39    39    16943.45    16    16942.97    5    1
(advertise)    6    16943.65    39    16
(relay)    36    36    16969.86    16    16968.93    4    1
(advertise)    6    16970.86    36    16
(relay)    37    37    16986.27    16    16986.16    4    1
(advertise)    6    16992.47    37    16
(relay)    30    23    17017.29    16    16988.24    1    1
(generate)    6    17086.29    [31]    17
(relay)    37    8    17112.5    17    17092.77    1    1
(relay)    40    32    17159.9    17    17158.59    1    1
(relay)    30    30    17314.9    17    17313.81    4    1
(advertise)    6    17315.1    30    17
(relay)    5    1    17507.11    18    17504    123    1
(advertise)    6    17507.31    1    18
(relay)    38    21    17538.53    17    17536.21    1    1
(relay)    38    38    17542.73    17    17542.67    5    1
(advertise)    6    17542.93    38    17
(relay)    40    35    17582.34    17    17579.82    3    1
(advertise)    6    17582.54    35    17
(relay)    5    5    17641.35    17    17640.85    4    1
(advertise)    6    17641.55    5    17
(relay)    40    40    17708.37    17    17708.2    5    1
(advertise)    6    17708.57    40    17
(relay)    28    0    17721.78    17    17679.04    2    1
(advertise)    6    17729.58    0    17
(relay)    37    29    17792.59    17    17792.32    2    1
(advertise)    6    17792.79    29    17
(relay)    5    48    17839.6    17    17834.39    1    1
(relay)    5    22    17862.0    17    17853.04    1    1
(relay)    28    28    17865.4    17    17864.34    4    1
(advertise)    6    17865.6    28    17
(relay)    28    16    17906.02    17    17841.4    1    1
(relay)    37    27    17929.42    17    17899.06    1    1
(relay)    39    39    17944.22    17    17943.12    5    1
(advertise)    6    17944.42    39    17
(relay)    36    36    17969.03    17    17969.01    4    1
(advertise)    6    17969.43    36    17
(relay)    37    37    17986.24    17    17986.23    4    1
(advertise)    6    17990.64    37    17
(relay)    5    23    18017.66    17    17988.42    1    1
(generate)    6    18086.46    [31]    18
(relay)    37    8    18111.87    18    18092.91    1    1
(relay)    30    30    18314.87    18    18313.88    4    1
(advertise)    6    18315.07    30    18
(relay)    37    20    18342.68    18    18340.56    1    1
(relay)    5    12    18377.68    18    18372.42    1    1
(relay)    37    21    18537.68    18    18536.34    2    1
(advertise)    6    18537.88    21    18
(relay)    38    38    18543.5    18    18542.85    5    1
(advertise)    6    18560.5    38    18
(relay)    38    35    18582.11    18    18579.91    3    1
(advertise)    6    18583.51    35    18
(relay)    5    5    18641.72    18    18641.14    4    1
(advertise)    6    18641.92    5    18
(relay)    38    0    18697.33    18    18679.2    1    1
(relay)    40    40    18708.53    18    18708.38    5    1
(advertise)    6    18708.73    40    18
(relay)    38    2    18789.75    19    18742    114    1
(advertise)    6    18789.95    2    19
(relay)    37    29    18810.96    18    18792.46    2    1
(advertise)    6    18811.36    29    18
(relay)    28    28    18865.37    18    18864.41    4    1
(advertise)    6    18865.57    28    18
(relay)    36    27    18924.39    18    18899.07    1    1
(relay)    39    39    18944.39    18    18943.3    5    1
(advertise)    6    18944.59    39    18
(relay)    36    16    18967.8    18    18841.53    1    1
(relay)    36    36    18969.2    18    18969.09    4    1
(advertise)    6    18969.6    36    18
(relay)    37    37    18986.41    18    18986.31    4    1
(relay)    5    33    18991.81    18    18939.37    2    2
(advertise)    6    18992.21    37    18
(advertise)    6    19014.03    33    18
(relay)    36    23    19038.84    18    18988.61    1    1
(generate)    6    19086.64    [31]    19
(relay)    5    32    19160.45    19    19158.91    2    1
(advertise)    6    19160.65    32    19
(relay)    30    30    19315.06    19    19313.97    4    1
(advertise)    6    19315.26    30    19
(relay)    37    12    19378.08    19    19372.54    1    1
(relay)    40    1    19505.88    20    19504    122    1
(advertise)    6    19506.08    1    20
(relay)    38    38    19543.49    19    19542.86    5    1
(advertise)    6    19543.69    38    19
(relay)    40    35    19582.1    19    19580.01    3    1
(advertise)    6    19582.3    35    19
(relay)    5    5    19641.72    19    19641.24    4    1
(advertise)    6    19641.92    5    19
(relay)    40    40    19708.73    19    19708.58    5    1
(advertise)    6    19708.93    40    19
(relay)    38    2    19770.14    20    19742    115    1
(advertise)    6    19770.54    2    20
(relay)    5    29    19793.56    19    19792.65    2    1
(advertise)    6    19794.16    29    19
(relay)    37    22    19862.17    19    19853.21    1    1
(relay)    28    28    19864.57    19    19864.51    4    1
(advertise)    6    19864.77    28    19
(relay)    28    16    19907.58    19    19841.63    1    1
(relay)    37    27    19934.38    19    19899.11    1    1
(relay)    39    39    19944.58    19    19943.5    5    1
(advertise)    6    19944.78    39    19
(relay)    36    36    19969.19    19    19969.19    4    1
(advertise)    6    19969.39    36    19
(relay)    36    33    19975.81    19    19939.47    1    1
(relay)    37    37    19987.01    19    19986.42    4    1
(advertise)    6    19992.61    37    19
(relay)    5    23    20040.22    19    19988.63    1    1
(generate)    6    20086.82    [31]    20
(relay)    37    32    20160.03    20    20158.91    2    1
(advertise)    6    20160.23    32    20
(relay)    30    30    20314.25    20    20314.07    4    1
(advertise)    6    20314.45    30    20
(heartbeat)    31    5    20381.25    6    20400.66    3    3
(advertise)    6    20400.86    31    5
(relay)    28    1    20505.87    21    20504    123    1
(advertise)    6    20506.07    1    21
(relay)    5    21    20540.49    20    20536.6    2    1
(advertise)    6    20540.69    21    20
(relay)    38    38    20543.5    20    20542.87    5    1
(advertise)    6    20561.7    38    20
(relay)    38    35    20581.51    20    20580.1    3    1
(advertise)    6    20584.11    35    20
(relay)    5    5    20641.92    20    20641.32    4    1
(advertise)    6    20642.12    5    20
(relay)    5    0    20688.74    20    20679.51    2    1
(advertise)    6    20688.94    0    20
(relay)    40    40    20709.15    20    20708.6    5    1
(advertise)    6    20710.55    40    20
(relay)    37    29    20793.76    20    20792.83    2    1
(advertise)    6    20793.96    29    20
(relay)    28    28    20864.78    20    20864.59    4    1
(advertise)    6    20864.98    28    20
(relay)    30    22    20888.39    20    20853.24    1    1
(relay)    39    39    20943.59    20    20943.51    5    1
(advertise)    6    20943.79    39    20
(relay)    36    36    20969.4    20    20969.26    4    1
(advertise)    6    20969.6    36    20
(relay)    36    33    20979.62    20    20939.61    2    1
(relay)    37    37    20987.02    20    20986.48    4    2
(advertise)    6    20992.82    33    20
(advertise)    6    21014.23    37    20
(relay)    5    23    21047.44    20    20988.69    1    1
(generate)    6    21086.84    [31]    21
(relay)    30    30    21314.25    21    21314.13    4    1
(advertise)    6    21314.45    30    21
(relay)    5    20    21344.87    21    21340.92    1    1
(relay)    37    21    21540.07    21    21536.74    2    1
(advertise)    6    21540.27    21    21
(relay)    38    38    21544.08    21    21543.05    5    1
(advertise)    6    21561.88    38    21
(relay)    38    35    21580.49    21    21580.14    3    1
(advertise)    6    21583.29    35    21
(relay)    5    5    21642.31    21    21641.36    4    1
(advertise)    6    21642.51    5    21
(relay)    37    0    21689.92    21    21679.85    2    1
(advertise)    6    21690.12    0    21
(relay)    40    40    21709.33    21    21708.77    5    1
(advertise)    6    21711.33    40    21
(relay)    5    29    21794.75    21    21793.01    2    1
(advertise)    6    21794.95    29    21
(relay)    36    2    21816.76    22    21742    114    1
(advertise)    6    21818.16    2    22
(relay)    28    28    21864.77    21    21864.65    4    1
(advertise)    6    21864.97    28    21
(relay)    5    22    21914.98    21    21853.24    1    1
(relay)    36    27    21936.98    21    21899.2    1    1
(relay)    39    39    21943.78    21    21943.69    5    1
(advertise)    6    21943.98    39    21
(relay)    36    36    21969.8    21    21969.32    4    1
(advertise)    6    21970.0    36    21
(relay)    36    33    21984.01    21    21939.76    2    1
(relay)    37    37    21987.01    21    21986.54    4    2
(advertise)    6    21991.01    33    21
(advertise)    6    22013.22    37    21
(generate)    6    22087.04    [31]    22
(relay)    36    8    22110.85    22    22093.14    1    1
(relay)    5    32    22162.05    22    22159.09    2    1
(advertise)    6    22162.25    32    22
(relay)    30    30    22314.26    22    22314.19    4    1
(advertise)    6    22314.46    30    22
(relay)    38    1    22507.28    23    22504    122    1
(advertise)    6    22507.48    1    23
(relay)    40    21    22542.69    22    22536.88    1    1
(relay)    38    38    22544.29    22    22543.24    5    1
(advertise)    6    22544.49    38    22
(relay)    38    35    22580.5    22    22580.22    3    1
(advertise)    6    22580.7    35    22
(relay)    5    5    22642.51    22    22641.44    4    1
(advertise)    6    22642.71    5    22
(relay)    5    0    22691.73    22    22679.99    2    1
(advertise)    6    22691.93    0    22
(relay)    40    40    22709.54    22    22708.96    5    1
(advertise)    6    22712.94    40    22
(relay)    5    29    22794.95    22    22793.18    2    1
(advertise)    6    22795.15    29    22
(relay)    28    28    22865.37    22    22864.72    4    1
(advertise)    6    22865.57    28    22
(relay)    39    39    22943.98    22    22943.87    5    1
(advertise)    6    22944.18    39    22
(relay)    36    36    22969.99    22    22969.38    4    1
(advertise)    6    22970.19    36    22
(relay)    28    33    22971.61    22    22939.9    2    1
(relay)    37    37    22987.61    22    22986.6    4    2
(advertise)    6    22993.21    33    22
(advertise)    6    23015.42    37    22
(generate)    6    23087.23    [31]    23
(relay)    30    8    23113.44    23    23093.33    1    1
(relay)    30    30    23314.84    23    23314.25    4    1
(advertise)    6    23315.04    30    23
(relay)    37    20    23346.06    23    23341.19    1    1
(relay)    5    12    23374.46    23    23373.16    1    1
(relay)    5    21    23539.86    23    23536.96    2    1
(advertise)    6    23540.06    21    23
(relay)    38    38    23544.47    23    23543.43    5    1
(advertise)    6    23561.07    38    23
(relay)    38    35    23581.08    23    23580.26    3    1
(advertise)    6    23583.28    35    23
(relay)    5    5    23642.5    23    23641.49    4    1
(advertise)    6    23642.7    5    23
(relay)    39    0    23702.31    23    23680.14    1    1
(relay)    40    40    23710.11    23    23709.16    5    1
(advertise)    6    23710.31    40    23
(relay)    30    2    23792.72    24    23742    116    1
(advertise)    6    23792.92    2    24
(relay)    37    29    23813.74    23    23793.33    2    1
(advertise)    6    23814.34    29    23
(relay)    28    28    23865.35    23    23864.78    4    1
(advertise)    6    23865.55    28    23
(relay)    37    33    23943.76    23    23940.01    2    1
(advertise)    6    23943.96    33    23
(relay)    36    36    23969.97    23    23969.43    4    1
(advertise)    6    23970.17    36    23
(relay)    37    37    23987.59    23    23986.64    4    1
(advertise)    6    23993.59    37    23
(relay)    28    23    24016.2    23    23988.89    1    1
(generate)    6    24087.4    [31]    24
(relay)    37    8    24110.61    24    24093.46    1    1
(relay)    30    30    24314.81    24    24314.3    4    1
(advertise)    6    24315.01    30    24
(relay)    5    20    24346.43    24    24341.3    1    1
(relay)    37    12    24375.03    24    24373.25    1    1
(heartbeat)    31    6    24381.27    6    24397.23    3    4
(advertise)    6    24397.43    31    6
(relay)    5    21    24539.84    24    24537.1    2    1
(advertise)    6    24540.04    21    24
(relay)    38    38    24544.65    24    24543.61    5    1
(advertise)    6    24562.25    38    24
(relay)    39    35    24581.87    24    24580.32    3    1
(advertise)    6    24584.87    35    24
(relay)    5    5    24641.68    24    24641.55    4    1
(advertise)    6    24641.88    5    24
(relay)    40    40    24710.29    24    24709.31    5    1
(advertise)    6    24710.49    40    24
(relay)    39    2    24784.3    25    24742    114    1
(advertise)    6    24784.5    2    25
(relay)    30    29    24803.92    24    24793.52    2    1
(advertise)    6    24807.92    29    24
(relay)    28    28    24865.33    24    24864.83    4    1
(advertise)    6    24865.53    28    24
(relay)    37    27    24934.34    24    24900.27    1    1
(relay)    39    39    24944.54    24    24944.05    5    1
(advertise)    6    24944.74    39    24
(relay)    36    36    24970.56    24    24969.49    4    1
(advertise)    6    24970.96    36    24
(relay)    28    33    24979.77    24    24940.16    2    1
(relay)    37    37    24987.77    24    24986.7    4    2
(advertise)    6    24991.97    33    24
(advertise)    6    25014.78    37    24
(relay)    28    23    25045.0    24    24988.89    1    1
(generate)    6    25087.6    [31]    25
(relay)    5    32    25161.21    25    25159.4    2    1
(advertise)    6    25161.41    32    25
(relay)    30    30    25314.82    25    25314.36    4    1
(advertise)    6    25315.02    30    25
(relay)    5    20    25345.43    25    25341.47    1    1
(relay)    5    12    25375.83    25    25373.4    1    1
(relay)    38    38    25543.83    25    25543.79    5    1
(advertise)    6    25544.03    38    25
(relay)    37    35    25582.45    25    25580.38    3    1
(advertise)    6    25582.65    35    25
(relay)    5    5    25641.66    25    25641.61    4    1
(advertise)    6    25641.86    5    25
(relay)    40    40    25710.47    25    25709.48    5    1
(advertise)    6    25710.67    40    25
(relay)    5    29    25794.89    25    25793.53    2    1
(advertise)    6    25795.09    29    25
(relay)    30    2    25816.3    26    25742    116    1
(advertise)    6    25817.1    2    26
(relay)    28    28    25865.51    25    25864.9    4    1
(advertise)    6    25865.71    28    25
(relay)    37    27    25923.73    25    25900.29    1    1
(relay)    39    39    25944.73    25    25944.23    5    1
(advertise)    6    25944.93    39    25
(relay)    36    36    25970.54    25    25969.58    4    1
(advertise)    6    25970.94    36    25
(relay)    37    37    25986.95    25    25986.79    4    1
(advertise)    6    25993.15    37    25
(relay)    5    23    26060.36    25    25988.89    1    1
(generate)    6    26087.76    [31]    26
(relay)    40    32    26161.58    26    26159.59    1    1
(relay)    30    30    26314.98    26    26314.43    4    1
(advertise)    6    26315.18    30    26
(relay)    5    20    26345.19    26    26341.61    1    1
(relay)    37    12    26375.79    26    26373.55    1    1
(relay)    5    1    26508.59    27    26504    123    1
(advertise)    6    26508.79    1    27
(relay)    5    21    26539.0    26    26537.39    2    1
(advertise)    6    26539.2    21    26
(relay)    38    38    26544.02    26    26543.97    5    1
(advertise)    6    26561.82    38    26
(relay)    38    35    26582.23    26    26580.46    3    1
(advertise)    6    26582.83    35    26
(relay)    5    5    26641.84    26    26641.68    4    1
(advertise)    6    26642.04    5    26
(relay)    40    40    26709.86    26    26709.68    5    1
(advertise)    6    26710.06    40    26
(relay)    36    29    26795.27    26    26793.69    2    1
(advertise)    6    26795.47    29    26
(relay)    28    28    26865.88    26    26864.97    4    1
(advertise)    6    26866.08    28    26
(relay)    28    27    26906.49    26    26900.34    1    1
(relay)    39    39    26944.89    26    26944.4    5    1
(advertise)    6    26945.09    39    26
(relay)    5    33    26967.51    26    26940.37    1    1
(relay)    36    36    26970.71    26    26969.65    4    1
(advertise)    6    26971.31    36    26
(relay)    37    37    26986.92    26    26986.85    4    1
(advertise)    6    26992.32    37    26
(relay)    37    23    27017.73    26    26989.08    1    1
(generate)    6    27087.93    [31]    27
(relay)    5    8    27115.15    27    27093.82    1    1
(relay)    39    32    27160.55    27    27159.59    1    1
(relay)    30    30    27315.55    27    27314.52    4    1
(advertise)    6    27315.75    30    27
(relay)    37    20    27343.76    27    27341.78    1    1
(relay)    5    1    27506.96    28    27504    123    1
(advertise)    6    27507.16    1    28
(relay)    40    21    27540.17    27    27537.52    1    1
(relay)    38    38    27544.17    27    27544.14    5    1
(advertise)    6    27544.37    38    27
(relay)    38    35    27582.79    27    27580.54    3    1
(advertise)    6    27582.99    35    27
(relay)    5    5    27642.4    27    27641.77    4    1
(advertise)    6    27642.6    5    27
(relay)    5    0    27683.61    27    27680.72    2    1
(advertise)    6    27683.81    0    27
(relay)    40    40    27710.02    27    27709.86    5    1
(advertise)    6    27710.22    40    27
(relay)    28    28    27866.04    27    27865.06    4    1
(advertise)    6    27866.24    28    27
(relay)    5    27    27902.25    27    27900.34    1    1
(relay)    39    39    27945.65    27    27944.58    5    1
(advertise)    6    27945.85    39    27
(relay)    36    36    27969.86    27    27969.74    4    1
(advertise)    6    27970.26    36    27
(relay)    37    37    27988.28    27    27988.15    4    1
(advertise)    6    27992.48    37    27
(generate)    6    28088.09    [31]    28
(relay)    36    8    28114.1    28    28094.01    1    1
(relay)    40    32    28160.7    28    28159.75    1    1
(relay)    30    30    28315.5    28    28314.59    4    1
(advertise)    6    28315.7    30    28
(relay)    5    12    28379.12    28    28373.88    1    1
(heartbeat)    31    7    28381.28    6    28401.32    3    4
(advertise)    6    28401.52    31    7
(relay)    37    21    28539.73    28    28537.65    2    1
(advertise)    6    28539.93    21    28
(relay)    38    38    28544.94    28    28544.32    5    1
(advertise)    6    28560.94    38    28
(relay)    38    35    28582.75    28    28580.61    3    1
(advertise)    6    28584.15    35    28
(relay)    5    5    28642.37    28    28641.84    4    1
(advertise)    6    28642.57    5    28
(relay)    40    40    28710.18    28    28710.03    5    1
(advertise)    6    28710.38    40    28
(relay)    5    2    28793.79    29    28742    116    1
(advertise)    6    28793.99    2    29
(relay)    5    29    28816.21    28    28794.19    2    1
(advertise)    6    28816.41    29    28
(relay)    28    28    28866.22    28    28865.13    4    1
(advertise)    6    28866.42    28    28
(relay)    37    22    28892.23    28    28854.48    1    1
(relay)    37    27    28917.03    28    28900.34    1    1
(relay)    39    39    28945.83    28    28944.78    5    1
(advertise)    6    28946.03    39    28
(relay)    36    36    28969.85    28    28969.81    4    1
(advertise)    6    28970.25    36    28
(relay)    36    33    28983.86    28    28940.64    2    1
(relay)    37    37    28988.86    28    28988.22    4    2
(advertise)    6    28991.46    33    28
(advertise)    6    29012.87    37    28
(relay)    37    23    29050.08    28    28989.51    1    1
(generate)    6    29088.28    [31]    29
(relay)    37    8    29111.1    29    29094.18    1    1
(relay)    30    30    29315.7    29    29314.69    4    1
(advertise)    6    29315.9    30    29
(relay)    37    20    29344.11    29    29342.05    1    1
(relay)    37    12    29379.71    29    29374.05    1    1
(relay)    5    21    29540.91    29    29537.78    2    1
(advertise)    6    29541.11    21    29
(relay)    38    38    29545.12    29    29544.51    5    1
(advertise)    6    29563.92    38    29
(relay)    40    35    29581.94    29    29580.69    3    1
(advertise)    6    29586.94    35    29
(relay)    5    5    29642.55    29    29641.93    4    1
(advertise)    6    29642.75    5    29
(relay)    40    40    29710.76    29    29710.2    5    1
(advertise)    6    29710.96    40    29
(relay)    37    0    29732.98    29    29681.05    2    1
(advertise)    6    29733.98    0    29
(relay)    40    2    29792.99    30    29742    114    1
(advertise)    6    29793.19    2    30
(relay)    37    29    29813.4    29    29794.38    2    1
(advertise)    6    29815.6    29    29
(relay)    28    28    29865.41    29    29865.22    4    1
(advertise)    6    29865.61    28    29
(relay)    39    39    29946.03    29    29944.97    5    1
(advertise)    6    29946.23    39    29
(relay)    36    36    29970.04    29    29969.88    4    1
(advertise)    6    29970.64    36    29
(relay)    36    33    29973.45    29    29940.8    1    1
(relay)    37    37    29988.85    29    29988.3    4    1
(advertise)    6    29992.65    37    29
