(relay)    11    4    1036.8    1    1036.0    126    1
(advertise)    10    1037.0    4    1
(relay)    17    25    1106.01    1    1105.01    125    1
(advertise)    10    1106.21    25    1
(relay)    17    17    1126.63    1    1126.03    127    1
(advertise)    10    1127.43    17    1
(relay)    11    32    1152.84    1    1105.01    116    1
(advertise)    10    1153.04    32    1
(relay)    11    12    1175.05    1    1160.05    126    1
(advertise)    10    1175.85    12    1
(relay)    11    27    1196.07    1    1132.04    123    1
(advertise)    10    1198.07    27    1
(relay)    17    48    1219.48    1    1121.03    120    1
(relay)    9    8    1220.08    1    1216.08    126    2
(advertise)    10    1220.88    48    1
(advertise)    10    1243.29    8    1
(relay)    9    9    1259.1    1    1258.09    127    1
(advertise)    10    1266.1    9    1
(relay)    17    19    1291.32    1    1268.09    123    1
(advertise)    10    1291.52    19    1
(relay)    9    15    1314.33    1    1294.32    125    1
(advertise)    10    1314.73    15    1
(relay)    11    47    1341.94    1    1282.12    121    1
(advertise)    10    1342.34    47    1
(relay)    11    11    1344.16    1    1343.16    127    1
(advertise)    10    1363.56    11    1
(relay)    11    38    1385.17    1    1306.12    120    1
(advertise)    10    1387.97    38    1
(relay)    17    29    1405.98    1    1358.16    123    1
(relay)    11    20    1408.18    1    1385.17    124    2
(advertise)    10    1409.18    29    1
(relay)    17    23    1428.6    1    1367.17    125    2
(advertise)    10    1430.8    20    1
(relay)    3    3    1446.01    1    1445.01    127    2
(advertise)    10    1452.01    23    1
(relay)    9    36    1472.42    1    1345.16    122    2
(advertise)    10    1473.42    3    1
(advertise)    10    1494.83    36    1
(relay)    11    13    1498.45    1    1429.18    123    1
(advertise)    10    1516.05    13    1
(relay)    9    2    1518.06    1    1452.02    124    1
(relay)    3    6    1523.66    1    1464.18    124    2
(advertise)    10    1538.06    2    1
(advertise)    10    1560.87    6    1
(relay)    17    43    1591.29    1    1541.06    121    1
(advertise)    10    1591.49    43    1
(relay)    17    22    1614.1    1    1599.1    124    1
(advertise)    10    1614.3    22    1
(relay)    17    41    1644.91    1    1642.11    121    1
(advertise)    10    1645.11    41    1
(relay)    11    45    1670.33    1    1655.13    121    1
(advertise)    10    1670.53    45    1
(relay)    11    31    1694.54    1    1687.13    123    1
(advertise)    10    1695.54    31    1
(relay)    9    35    1719.75    1    1660.13    121    1
(advertise)    10    1719.95    35    1
(relay)    9    5    1741.16    1    1703.15    123    1
(advertise)    10    1741.96    5    1
(relay)    17    30    1765.18    1    1735.16    122    1
(advertise)    10    1765.58    30    1
(relay)    9    7    1789.79    1    1780.0    125    1
(relay)    17    44    1790.39    1    1725.15    120    2
(advertise)    10    1791.59    7    1
(relay)    9    14    1811.0    1    1787.0    124    2
(advertise)    10    1813.6    44    1
(advertise)    10    1836.62    14    1
(relay)    9    21    1857.63    1    1841.03    123    1
(advertise)    10    1858.23    21    1
(relay)    9    42    1879.24    1    1748.13    120    1
(advertise)    10    1880.24    42    1
(relay)    9    16    1899.86    1    1898.06    126    1
(advertise)    10    1902.66    16    1
(relay)    11    18    1904.07    1    1898.06    126    1
(relay)    9    28    1922.87    1    1838.03    122    2
(advertise)    10    1926.47    18    1
(relay)    9    33    1946.28    1    1841.0    121    2
(advertise)    10    1949.28    28    1
(relay)    17    40    1972.89    1    1868.04    122    2
(advertise)    10    1974.29    33    1
(generate)    10    1979.11    [24]    1
(relay)    9    1    1989.12    1    1941.09    125    2
(relay)    17    37    1992.92    1    1917.07    123    3
(advertise)    10    1996.32    40    1
(relay)    17    26    2017.13    1    1919.06    124    3
(advertise)    10    2019.33    1    1
(relay)    11    4    2036.95    2    2036.12    126    3
(advertise)    10    2042.55    37    1
(advertise)    10    2063.56    26    1
(relay)    9    46    2077.37    1    1947.08    120    2
(relay)    11    34    2079.57    1    1971.07    122    3
(advertise)    10    2085.97    4    2
(advertise)    10    2107.59    46    1
(relay)    17    17    2126.8    2    2126.19    127    2
(advertise)    10    2130.4    34    1
(relay)    9    39    2144.01    1    1999.12    121    2
(relay)    11    25    2147.01    2    2105.17    125    3
(advertise)    10    2154.21    17    2
(advertise)    10    2176.62    39    1
(advertise)    10    2198.44    25    2
(relay)    9    8    2232.85    2    2216.25    126    1
(advertise)    10    2233.05    8    2
(relay)    3    12    2243.06    2    2160.21    124    1
(advertise)    10    2256.66    12    2
(relay)    9    9    2259.28    2    2258.25    127    1
(relay)    17    48    2278.28    2    2121.13    120    2
(advertise)    10    2279.48    9    2
(relay)    3    27    2286.09    2    2132.17    121    2
(advertise)    10    2301.69    48    2
(relay)    11    32    2322.9    2    2105.39    122    2
(advertise)    10    2323.9    27    2
(relay)    9    15    2326.32    2    2294.48    125    2
(relay)    11    11    2345.52    2    2344.52    127    3
(advertise)    10    2346.92    32    2
(advertise)    10    2368.33    15    2
(relay)    9    29    2372.94    2    2358.32    123    2
(relay)    11    19    2386.74    2    2268.26    125    3
(advertise)    10    2391.54    11    2
(advertise)    10    2413.15    29    2
(relay)    11    38    2432.17    2    2306.26    122    2
(advertise)    10    2435.17    19    2
(relay)    3    3    2445.38    2    2445.19    127    2
(relay)    11    20    2453.58    2    2385.33    124    3
(advertise)    10    2457.78    38    2
(relay)    9    2    2460.39    2    2452.19    126    3
(advertise)    10    2479.39    3    2
(relay)    17    23    2481.21    2    2367.33    125    3
(relay)    11    47    2497.01    2    2282.28    121    4
(advertise)    10    2502.01    20    2
(relay)    11    13    2520.22    2    2429.35    125    4
(advertise)    10    2524.62    2    2
(relay)    3    36    2530.63    2    2345.32    118    4
(advertise)    10    2547.83    23    2
(advertise)    10    2569.04    47    2
(advertise)    10    2590.06    13    2
(relay)    3    6    2597.67    2    2464.29    124    2
(advertise)    10    2611.47    36    2
(advertise)    10    2632.48    6    2
(relay)    3    0    2641.5    2    2364.33    120    1
(advertise)    10    2653.7    0    2
(relay)    11    43    2674.51    2    2541.23    117    1
(advertise)    10    2675.31    43    2
(relay)    9    22    2681.72    2    2599.26    124    1
(advertise)    10    2697.32    22    2
(relay)    3    41    2721.14    2    2642.3    119    1
(advertise)    10    2721.34    41    2
(relay)    11    5    2742.95    2    2703.32    125    1
(advertise)    10    2744.95    5    2
(relay)    9    31    2747.96    2    2687.31    123    1
(relay)    11    45    2763.96    2    2656.51    117    2
(advertise)    10    2766.96    31    2
(advertise)    10    2788.57    45    2
(relay)    9    30    2791.39    2    2735.35    124    1
(advertise)    10    2810.59    30    2
(relay)    11    35    2832.2    2    2660.28    113    1
(advertise)    10    2833.2    35    2
(relay)    11    44    2854.01    2    2725.32    120    1
(advertise)    10    2855.61    44    2
(relay)    9    7    2857.23    2    2780.17    125    1
(relay)    11    33    2877.23    2    2841.2    121    2
(advertise)    10    2878.03    7    2
(relay)    9    14    2899.24    2    2787.17    124    2
(advertise)    10    2899.44    33    2
(advertise)    10    2920.65    14    2
(relay)    9    16    2922.47    2    2898.24    126    1
(relay)    11    40    2942.67    2    2868.23    118    2
(advertise)    10    2944.07    16    2
(advertise)    10    2966.08    40    2
(relay)    17    18    2971.89    2    2898.45    126    1
(generate)    10    2979.29    [24]    2
(advertise)    10    2987.3    18    2
(relay)    9    21    2989.52    2    2841.2    123    1
(relay)    17    42    2992.92    2    2748.27    118    2
(advertise)    10    3009.52    21    2
(relay)    11    26    3030.53    2    2919.24    124    2
(advertise)    10    3031.73    42    2
(advertise)    10    3054.54    26    2
(relay)    3    1    3059.16    2    2941.28    125    1
(advertise)    10    3076.56    1    2
(relay)    11    4    3096.37    3    3036.32    126    1
(advertise)    10    3099.57    4    3
(relay)    9    37    3100.78    2    2917.27    123    1
(relay)    11    34    3118.18    2    2971.24    122    2
(advertise)    10    3120.98    37    2
(relay)    17    17    3127.0    3    3126.37    127    2
(relay)    17    28    3128.2    2    2838.19    116    3
(advertise)    10    3144.4    34    2
(advertise)    10    3166.81    17    3
(advertise)    10    3190.62    28    2
(relay)    11    39    3210.03    2    2999.29    123    1
(relay)    9    46    3210.43    2    2947.28    116    2
(advertise)    10    3212.03    39    2
(relay)    11    12    3233.45    3    3160.4    126    2
(advertise)    10    3233.65    46    2
(relay)    17    25    3255.26    3    3105.37    125    2
(advertise)    10    3256.66    12    3
(relay)    9    9    3258.47    3    3258.45    127    2
(relay)    9    8    3277.47    3    3216.42    126    3
(advertise)    10    3278.07    25    3
(advertise)    10    3300.49    9    3
(relay)    11    27    3320.7    3    3132.36    123    2
(advertise)    10    3323.3    8    3
(relay)    9    15    3342.91    3    3294.66    125    2
(relay)    11    11    3344.91    3    3344.71    127    3
(advertise)    10    3345.51    27    3
(relay)    11    19    3363.73    3    3268.45    125    3
(advertise)    10    3366.73    15    3
(relay)    9    32    3387.14    3    3106.18    116    3
(advertise)    10    3389.74    11    3
(advertise)    10    3411.35    19    3
(advertise)    10    3433.56    32    3
(relay)    3    3    3445.38    3    3445.38    127    1
(relay)    9    0    3452.78    3    3364.51    124    2
(advertise)    10    3454.58    3    3
(relay)    17    48    3460.19    3    3121.33    120    2
(relay)    9    23    3475.19    3    3367.53    125    3
(relay)    11    20    3477.19    3    3385.51    124    4
(advertise)    10    3477.39    0    3
(relay)    3    2    3478.8    3    3452.58    126    4
(advertise)    10    3499.4    48    3
(advertise)    10    3520.42    23    3
(relay)    11    47    3522.03    3    3282.46    121    3
(advertise)    10    3542.03    20    3
(advertise)    10    3565.04    2    3
(relay)    17    38    3570.66    3    3306.46    122    2
(relay)    9    29    3586.46    3    3358.51    123    3
(advertise)    10    3587.46    47    3
(advertise)    10    3608.47    38    3
(relay)    3    6    3609.88    3    3464.49    124    2
(advertise)    10    3629.88    29    3
(relay)    11    36    3633.49    3    3345.51    118    2
(relay)    17    13    3638.89    3    3429.54    123    3
(advertise)    10    3652.09    6    3
(advertise)    10    3673.31    36    3
(advertise)    10    3695.52    13    3
(relay)    9    22    3718.53    3    3599.46    124    1
(advertise)    10    3718.73    22    3
(relay)    11    5    3722.75    3    3703.52    125    1
(advertise)    10    3741.75    5    3
(relay)    17    43    3749.16    3    3541.42    119    1
(advertise)    10    3764.36    43    3
(relay)    9    31    3786.77    3    3687.49    123    1
(advertise)    10    3786.97    31    3
(relay)    11    41    3790.39    3    3642.48    121    1
(advertise)    10    3809.99    41    3
(relay)    9    7    3833.8    3    3780.37    125    1
(advertise)    10    3834.0    7    3
(relay)    11    45    3835.81    3    3656.69    117    1
(relay)    17    30    3839.01    3    3735.55    124    2
(advertise)    10    3856.41    45    3
(advertise)    10    3877.82    30    3
(relay)    11    33    3899.64    3    3841.4    121    1
(advertise)    10    3899.84    33    3
(relay)    17    35    3904.45    3    3660.47    121    1
(relay)    9    14    3920.25    3    3787.36    124    2
(advertise)    10    3922.65    35    3
(advertise)    10    3943.66    14    3
(relay)    11    18    3947.88    3    3898.64    124    1
(relay)    9    44    3964.88    3    3725.52    120    2
(advertise)    10    3965.28    18    3
(relay)    17    16    3971.49    3    3898.44    126    2
(generate)    10    3979.49    [24]    3
(advertise)    10    3986.5    44    3
(advertise)    10    4009.32    16    3
(relay)    3    1    4012.33    3    3941.46    125    1
(advertise)    10    4031.73    1    3
(relay)    11    26    4034.34    3    3919.44    124    1
(advertise)    10    4052.94    26    3
(relay)    3    42    4057.75    3    3748.44    118    1
(advertise)    10    4074.15    42    3
(relay)    17    21    4081.17    3    3841.4    123    1
(advertise)    10    4097.57    21    3
(relay)    11    4    4100.78    4    4036.52    126    1
(advertise)    10    4120.38    4    4
(relay)    11    40    4122.59    3    3868.42    120    1
(relay)    9    37    4123.59    3    3917.45    123    2
(relay)    17    17    4127.39    4    4126.38    127    3
(advertise)    10    4142.39    40    3
(advertise)    10    4163.61    37    3
(advertise)    10    4185.42    17    4
(relay)    11    34    4187.03    3    3971.44    122    1
(advertise)    10    4206.43    34    3
(relay)    11    12    4208.85    4    4160.59    126    1
(relay)    9    28    4211.45    3    3838.39    122    2
(relay)    17    25    4213.65    4    4105.57    125    3
(advertise)    10    4228.65    12    4
(advertise)    10    4249.66    28    3
(relay)    9    9    4258.67    4    4258.63    127    2
(advertise)    10    4271.67    25    4
(relay)    11    46    4274.08    3    3947.48    122    2
(relay)    9    8    4281.68    4    4216.62    126    3
(advertise)    10    4293.68    9    4
(relay)    11    39    4296.5    3    3999.49    123    3
(advertise)    10    4315.9    46    3
(advertise)    10    4338.91    8    4
(relay)    11    27    4340.12    4    4132.55    123    2
(relay)    11    11    4344.92    4    4344.91    127    3
(advertise)    10    4359.92    39    3
(advertise)    10    4381.94    27    4
(relay)    9    15    4391.35    4    4294.86    125    2
(advertise)    10    4404.35    11    4
(relay)    11    19    4407.36    4    4268.65    125    2
(advertise)    10    4425.56    15    4
(relay)    3    3    4445.58    4    4445.58    127    2
(advertise)    10    4447.78    19    4
(relay)    17    32    4457.79    4    4106.37    122    2
(relay)    9    0    4458.19    4    4364.7    124    3
(advertise)    10    4468.79    3    4
(relay)    11    48    4476.0    4    4121.52    120    3
(advertise)    10    4490.6    32    4
(relay)    3    2    4501.81    4    4452.78    126    3
(advertise)    10    4512.81    0    4
(relay)    17    23    4525.63    4    4367.71    125    3
(advertise)    10    4534.63    48    4
(relay)    11    20    4543.04    4    4385.68    124    3
(advertise)    10    4556.84    2    4
(relay)    11    38    4566.85    4    4306.66    122    3
(advertise)    10    4580.05    23    4
(relay)    9    29    4594.27    4    4358.71    123    3
(advertise)    10    4603.87    20    4
(relay)    11    13    4611.28    4    4429.71    125    3
(advertise)    10    4626.28    38    4
(relay)    11    47    4632.29    4    4282.66    121    3
(relay)    9    36    4639.69    4    4345.7    122    4
(advertise)    10    4648.69    29    4
(advertise)    10    4670.91    13    4
(relay)    11    6    4676.92    4    4464.68    124    3
(advertise)    10    4693.92    47    4
(heartbeat)    24    1    4430.2    10    4703.53    127    0
(advertise)    10    4717.53    36    4
(advertise)    10    4738.94    6    4
(advertise)    10    4762.56    24    1
(relay)    17    22    4769.57    4    4599.65    1    1
(relay)    11    5    4787.77    4    4703.71    125    1
(advertise)    10    4787.97    5    4
(relay)    11    41    4811.18    4    4642.49    1    1
(relay)    9    43    4814.58    4    4541.61    121    1
(advertise)    10    4814.98    43    4
(relay)    11    45    4835.4    4    4656.89    1    1
(relay)    3    7    4838.2    4    4780.57    3    1
(advertise)    10    4840.0    7    4
(relay)    17    30    4881.41    4    4735.94    1    1
(relay)    3    14    4894.41    4    4787.54    1    1
(relay)    11    33    4898.81    4    4841.6    1    1
(relay)    3    35    4919.21    4    4660.65    119    1
(advertise)    10    4919.41    35    4
(relay)    11    18    4921.22    4    4898.84    1    1
(relay)    3    1    4944.82    4    4941.65    5    1
(relay)    11    26    4945.22    4    4919.64    1    2
(advertise)    10    4946.42    1    4
(relay)    9    16    4950.64    4    4898.64    3    1
(advertise)    10    4968.24    16    4
(relay)    9    21    4972.25    4    4841.6    1    1
(generate)    10    4979.65    [24]    4
(relay)    3    4    5038.86    5    5036.64    5    1
(advertise)    10    5039.06    4    5
(relay)    11    40    5055.07    4    4868.62    1    1
(relay)    3    42    5062.07    4    4748.64    1    1
(relay)    11    34    5076.67    4    4971.64    1    1
(relay)    9    28    5082.67    4    4838.58    1    1
(relay)    11    25    5125.27    5    5105.77    1    1
(relay)    17    17    5127.87    5    5126.78    3    1
(advertise)    10    5128.07    17    5
(relay)    9    44    5149.29    4    4725.72    1    1
(relay)    3    12    5161.89    5    5160.73    3    1
(advertise)    10    5162.09    12    5
(relay)    11    27    5167.3    5    5132.73    1    1
(relay)    9    37    5171.5    4    4917.64    1    1
(relay)    11    48    5212.7    5    5121.66    1    1
(relay)    11    32    5235.9    5    5106.57    1    1
(relay)    9    8    5238.9    5    5216.73    3    1
(advertise)    10    5239.1    8    5
(relay)    9    9    5258.91    5    5258.83    5    1
(advertise)    10    5260.71    9    5
(relay)    3    19    5286.73    5    5268.82    1    1
(relay)    9    15    5299.73    5    5295.02    1    1
(relay)    11    11    5345.33    5    5345.08    5    1
(advertise)    10    5345.53    11    5
(relay)    3    0    5373.94    5    5364.71    5    1
(advertise)    10    5374.14    0    5
(relay)    3    20    5403.95    5    5385.74    1    1
(relay)    9    23    5415.55    5    5367.72    1    1
(relay)    3    13    5431.15    5    5429.77    3    1
(advertise)    10    5431.35    13    5
(relay)    9    29    5435.97    5    5358.72    1    1
(relay)    3    3    5445.77    5    5445.64    7    1
(advertise)    10    5452.37    3    5
(relay)    3    2    5455.18    5    5452.79    5    1
(advertise)    10    5474.58    2    5
(relay)    3    6    5481.19    5    5464.87    5    1
(advertise)    10    5495.99    6    5
(relay)    9    36    5545.4    5    5345.79    1    1
(relay)    3    43    5546.2    5    5541.63    1    1
(relay)    9    22    5611.0    5    5599.7    1    1
(relay)    11    41    5646.6    5    5642.67    1    1
(relay)    9    35    5667.4    5    5660.66    1    1
(relay)    11    45    5672.0    5    5657.08    1    1
(relay)    3    5    5704.6    5    5703.9    7    1
(advertise)    10    5704.8    5    5
(relay)    11    44    5760.82    5    5725.83    1    1
(relay)    9    42    5762.82    5    5748.7    3    1
(advertise)    10    5763.02    42    5
(relay)    9    7    5784.23    5    5780.75    5    1
(advertise)    10    5785.43    7    5
(relay)    9    14    5806.24    5    5787.71    3    1
(advertise)    10    5809.04    14    5
(relay)    17    30    5836.26    5    5736.03    1    1
(relay)    9    28    5844.66    5    5838.68    1    1
(relay)    11    33    5850.86    5    5841.69    1    1
(relay)    9    21    5867.66    5    5841.61    1    1
(relay)    11    40    5873.86    5    5868.73    1    1
(relay)    11    18    5899.46    5    5899.01    3    1
(advertise)    10    5899.66    18    5
(relay)    3    16    5901.27    5    5898.69    1    1
(relay)    11    26    5924.67    5    5919.73    1    1
(relay)    3    1    5944.67    5    5941.8    5    1
(advertise)    10    5944.87    1    5
(generate)    10    5979.68    [24]    5
(relay)    17    37    6034.7    5    5917.74    1    1
(relay)    11    4    6038.3    6    6036.64    5    1
(advertise)    10    6038.5    4    6
(relay)    17    34    6056.51    5    5971.72    1    1
(relay)    11    39    6062.71    5    5999.57    1    1
(relay)    11    25    6107.91    6    6105.91    1    1
(relay)    17    17    6127.91    6    6126.96    3    1
(advertise)    10    6128.11    17    6
(relay)    11    32    6129.72    6    6107.81    1    1
(relay)    17    48    6151.32    6    6121.67    1    1
(relay)    11    27    6151.52    6    6132.9    1    1
(relay)    3    12    6161.72    6    6160.79    3    1
(advertise)    10    6161.92    12    6
(relay)    9    8    6218.93    6    6216.8    5    1
(advertise)    10    6219.13    8    6
(relay)    9    9    6259.15    6    6259.02    5    1
(advertise)    10    6259.35    9    6
(relay)    11    19    6282.96    6    6268.82    3    1
(advertise)    10    6283.16    19    6
(relay)    17    15    6305.77    6    6295.19    3    1
(advertise)    10    6306.77    15    6
(relay)    11    11    6345.19    6    6345.09    5    1
(advertise)    10    6345.39    11    6
(relay)    9    0    6369.4    6    6364.73    5    1
(advertise)    10    6369.6    0    6
(relay)    11    20    6396.01    6    6385.79    3    1
(advertise)    10    6396.21    20    6
(relay)    9    29    6418.63    6    6358.79    1    1
(relay)    11    13    6431.63    6    6429.89    5    1
(advertise)    10    6431.83    13    6
(relay)    3    3    6446.24    6    6445.73    7    1
(advertise)    10    6454.84    3    6
(relay)    9    2    6461.85    6    6452.84    5    1
(advertise)    10    6479.45    2    6
(relay)    9    6    6505.06    6    6465.06    3    1
(advertise)    10    6505.46    6    6
(relay)    9    43    6545.68    6    6541.72    3    1
(advertise)    10    6545.88    43    6
(relay)    17    22    6601.69    6    6599.72    1    1
(relay)    11    41    6647.69    6    6642.74    1    1
(relay)    17    35    6670.49    6    6660.74    1    1
(relay)    11    45    6675.89    6    6657.14    1    1
(relay)    11    5    6704.49    6    6703.98    7    1
(advertise)    10    6704.69    5    6
(relay)    11    44    6741.5    6    6725.84    1    1
(relay)    3    42    6761.1    6    6748.87    1    1
(relay)    9    30    6781.5    6    6736.22    1    1
(relay)    3    7    6785.1    6    6780.83    3    1
(advertise)    10    6785.3    7    6
(relay)    3    14    6808.72    6    6787.76    1    1
(relay)    9    21    6847.32    6    6841.7    1    1
(relay)    11    33    6861.52    6    6841.87    1    1
(relay)    9    28    6869.12    6    6838.7    1    1
(relay)    11    40    6881.52    6    6868.78    1    1
(relay)    9    16    6900.12    6    6898.83    3    1
(advertise)    10    6900.32    16    6
(relay)    11    18    6903.33    6    6899.2    3    1
(advertise)    10    6922.33    18    6
(relay)    3    1    6945.74    6    6941.89    5    1
(advertise)    10    6945.94    1    6
(relay)    11    26    6947.56    6    6919.82    1    1
(relay)    9    37    6968.96    6    6917.76    1    1
(generate)    10    6979.76    [24]    6
(relay)    11    34    7013.37    6    6971.79    1    1
(relay)    3    4    7038.97    7    7036.66    5    1
(advertise)    10    7039.17    4    7
(relay)    11    25    7108.38    7    7105.98    1    1
(relay)    17    17    7127.98    7    7127.06    3    1
(advertise)    10    7128.18    17    7
(relay)    11    32    7130.99    7    7107.95    1    1
(relay)    11    48    7152.19    7    7121.86    1    1
(relay)    3    12    7181.79    7    7160.87    3    1
(advertise)    10    7181.99    12    7
(relay)    11    27    7197.01    7    7133.04    1    1
(relay)    9    8    7219.01    7    7216.87    5    1
(advertise)    10    7219.21    8    7
(relay)    9    9    7259.82    7    7259.2    5    1
(advertise)    10    7260.02    9    7
(relay)    11    19    7286.23    7    7268.86    3    1
(advertise)    10    7286.63    19    7
(relay)    11    47    7309.25    7    7282.96    1    1
(relay)    3    15    7310.25    7    7295.36    1    1
(relay)    11    11    7345.65    7    7345.14    5    1
(advertise)    10    7345.85    11    7
(relay)    9    23    7371.06    7    7367.9    1    1
(relay)    3    0    7372.06    7    7364.76    5    1
(advertise)    10    7372.26    0    7
(relay)    11    20    7399.07    7    7385.82    1    1
(relay)    9    29    7418.87    7    7358.82    1    1
(relay)    11    13    7430.67    7    7430.0    5    1
(advertise)    10    7430.87    13    7
(relay)    3    3    7446.29    7    7445.82    7    1
(advertise)    10    7452.09    3    7
(relay)    3    2    7454.5    7    7452.89    5    1
(advertise)    10    7474.7    2    7
(relay)    11    6    7502.31    7    7465.06    3    1
(advertise)    10    7502.51    6    7
(relay)    9    43    7546.12    7    7541.8    3    1
(advertise)    10    7546.32    43    7
(relay)    17    22    7601.74    7    7599.78    1    1
(relay)    11    41    7648.34    7    7642.8    1    1
(relay)    9    35    7668.94    7    7660.83    1    1
(relay)    17    45    7674.14    7    7657.19    1    1
(relay)    3    5    7705.14    7    7704.08    7    1
(advertise)    10    7705.34    5    7
(relay)    17    30    7764.55    7    7736.23    1    1
(relay)    11    44    7769.35    7    7725.85    1    1
(relay)    3    7    7783.15    7    7780.89    3    1
(advertise)    10    7783.35    7    7
(relay)    3    14    7807.16    7    7787.76    1    1
(relay)    9    42    7834.96    7    7749.06    1    1
(relay)    11    33    7846.96    7    7842.04    1    1
(relay)    9    21    7856.16    7    7841.81    1    1
(relay)    11    40    7872.76    7    7868.83    1    1
(relay)    9    28    7877.36    7    7838.9    1    1
(relay)    11    18    7900.36    7    7899.37    3    1
(advertise)    10    7900.56    18    7
(relay)    17    16    7920.98    7    7898.93    3    1
(advertise)    10    7921.78    16    7
(relay)    9    1    7945.19    7    7941.96    5    1
(advertise)    10    7945.39    1    7
(generate)    10    7979.8    [24]    7
(relay)    11    34    8012.62    7    7971.85    1    1
(relay)    11    4    8038.02    8    8036.67    5    1
(advertise)    10    8038.42    4    8
(relay)    11    25    8108.63    8    8106.07    1    1
(relay)    17    17    8128.23    8    8127.15    3    1
(advertise)    10    8128.43    17    8
(relay)    17    32    8131.44    8    8108.11    1    1
(relay)    3    12    8163.04    8    8160.92    3    1
(advertise)    10    8163.24    12    8
(relay)    11    48    8175.05    8    8121.89    1    1
(relay)    17    27    8208.85    8    8133.58    1    1
(relay)    9    8    8218.45    8    8216.93    5    1
(advertise)    10    8218.65    8    8
(relay)    9    9    8259.87    8    8259.35    5    1
(advertise)    10    8260.07    9    8
(relay)    17    19    8285.08    8    8268.9    3    1
(advertise)    10    8285.28    19    8
(relay)    9    15    8309.29    8    8295.52    3    1
(advertise)    10    8309.49    15    8
(relay)    11    11    8345.71    8    8345.16    5    1
(advertise)    10    8345.91    11    8
(relay)    9    23    8371.12    8    8367.99    1    1
(relay)    3    0    8372.52    8    8364.95    5    1
(advertise)    10    8372.72    0    8
(relay)    11    20    8398.33    8    8385.85    3    1
(advertise)    10    8398.53    20    8
(relay)    11    13    8431.35    8    8430.06    5    1
(advertise)    10    8431.55    13    8
(heartbeat)    24    2    8430.21    10    8435.76    4    4
(relay)    3    3    8446.36    8    8445.9    7    2
(advertise)    10    8454.56    24    2
(relay)    3    2    8456.57    8    8452.92    5    2
(relay)    9    29    8459.77    8    8358.85    1    3
(relay)    11    6    8477.77    8    8465.25    5    4
(advertise)    10    8478.17    3    8
(advertise)    10    8502.18    2    8
(advertise)    10    8523.6    6    8
(relay)    9    43    8571.61    8    8541.91    1    1
(relay)    9    22    8600.81    8    8599.88    1    1
(relay)    17    41    8649.81    8    8642.88    1    1
(relay)    3    5    8705.61    8    8704.15    7    1
(advertise)    10    8705.81    5    8
(relay)    17    30    8742.62    8    8737.62    1    1
(relay)    17    42    8765.62    8    8749.25    3    1
(advertise)    10    8765.82    42    8
(relay)    9    7    8787.84    8    8780.99    5    1
(advertise)    10    8789.04    7    8
(relay)    9    14    8811.85    8    8787.82    3    1
(advertise)    10    8812.65    14    8
(relay)    17    21    8846.86    8    8841.94    1    1
(relay)    11    33    8847.86    8    8842.06    1    1
(relay)    9    28    8869.46    8    8838.93    1    1
(relay)    17    40    8871.66    8    8868.89    1    1
(relay)    17    16    8900.66    8    8899.08    3    1
(advertise)    10    8900.86    16    8
(relay)    17    26    8926.48    8    8920.01    1    1
(relay)    3    1    8943.68    8    8942.06    5    1
(advertise)    10    8943.88    1    8
(relay)    9    37    8968.29    8    8917.82    1    1
(relay)    11    34    8978.49    8    8971.93    1    1
(generate)    10    8979.89    [24]    8
(relay)    17    46    9017.3    8    8947.93    1    1
(relay)    3    4    9037.1    9    9036.71    5    1
(advertise)    10    9037.3    4    9
(relay)    11    39    9084.51    8    8999.8    1    1
(relay)    17    17    9127.31    9    9127.27    3    1
(advertise)    10    9127.51    17    9
(relay)    17    32    9132.33    9    9108.29    1    1
(relay)    11    48    9155.33    9    9121.91    1    1
(relay)    11    27    9177.33    9    9133.73    1    1
(relay)    3    12    9179.73    9    9161.01    3    1
(advertise)    10    9179.93    12    9
(relay)    9    8    9217.34    9    9216.99    5    1
(advertise)    10    9217.54    8    9
(relay)    9    9    9260.15    9    9259.54    5    1
(advertise)    10    9260.35    9    9
(relay)    11    19    9287.17    9    9268.92    3    1
(advertise)    10    9287.37    19    9
(relay)    11    47    9308.38    9    9283.08    1    1
(relay)    9    15    9309.78    9    9295.71    1    1
(relay)    11    11    9345.78    9    9345.17    5    1
(advertise)    10    9345.98    11    9
(relay)    9    36    9370.19    9    9346.1    1    1
(relay)    3    0    9372.19    9    9365.15    5    1
(advertise)    10    9372.39    0    9
(relay)    9    29    9413.21    9    9358.85    1    1
(relay)    11    13    9431.61    9    9430.17    5    1
(advertise)    10    9431.81    13    9
(relay)    3    3    9446.62    9    9445.99    5    1
(relay)    17    20    9446.82    9    9385.89    3    2
(advertise)    10    9454.42    3    9
(relay)    9    2    9456.63    9    9452.97    5    2
(advertise)    10    9477.23    20    9
(relay)    3    6    9480.84    9    9465.25    5    2
(advertise)    10    9499.64    2    9
(advertise)    10    9522.26    6    9
(relay)    11    43    9550.07    9    9542.03    1    1
(relay)    17    22    9602.07    9    9599.92    1    1
(relay)    11    41    9649.87    9    9642.95    1    1
(relay)    9    35    9664.87    9    9661.01    1    1
(relay)    11    45    9674.67    9    9657.34    1    1
(relay)    11    5    9706.07    9    9704.28    7    1
(advertise)    10    9706.27    5    9
(relay)    17    42    9762.48    9    9749.43    3    1
(advertise)    10    9762.68    42    9
(relay)    9    7    9785.3    9    9781.09    3    1
(advertise)    10    9785.5    7    9
(relay)    3    14    9809.11    9    9787.86    1    1
(relay)    17    28    9842.91    9    9839.32    1    1
(relay)    11    33    9846.11    9    9842.24    1    1
(relay)    9    21    9865.11    9    9842.04    1    1
(relay)    11    40    9872.31    9    9868.94    1    1
(relay)    9    16    9900.51    9    9899.2    3    1
(advertise)    10    9900.71    16    9
(relay)    11    26    9925.52    9    9920.08    1    1
(relay)    9    37    9942.92    9    9917.83    1    1
(relay)    3    1    9943.52    9    9942.16    5    1
(advertise)    10    9943.72    1    9
(relay)    17    18    9954.54    9    9899.6    3    1
(advertise)    10    9966.34    18    9
(generate)    10    9979.95    [24]    9
(relay)    11    34    10013.56    9    9971.98    1    1
(relay)    3    4    10037.16    10    10036.73    5    1
(advertise)    10    10037.36    4    10
(relay)    17    39    10089.18    9    9999.98    1    1
(relay)    11    25    10109.58    10    10106.29    1    1
(relay)    17    17    10127.58    10    10127.39    3    1
(advertise)    10    10127.78    17    10
(relay)    11    32    10154.39    10    10108.63    1    1
(relay)    11    48    10177.39    10    10121.92    1    1
(relay)    3    12    10182.39    10    10161.07    3    1
(advertise)    10    10182.59    12    10
(relay)    11    27    10200.0    10    10133.86    1    1
(relay)    9    8    10217.4    10    10217.09    5    1
(advertise)    10    10217.6    8    10
(relay)    9    9    10260.21    10    10259.73    5    1
(advertise)    10    10260.41    9    10
(relay)    11    19    10286.43    10    10268.95    3    1
(advertise)    10    10286.63    19    10
(relay)    17    15    10316.04    10    10295.88    3    1
(advertise)    10    10316.24    15    10
(relay)    11    11    10345.65    10    10345.18    5    1
(advertise)    10    10345.85    11    10
(relay)    17    23    10371.47    10    10368.17    1    1
(relay)    3    0    10375.07    10    10365.15    5    1
(advertise)    10    10375.27    0    10
(relay)    11    20    10403.08    10    10385.9    3    1
(advertise)    10    10403.28    20    10
(relay)    17    29    10415.69    10    10358.87    1    1
(relay)    11    13    10431.69    10    10430.24    5    1
(advertise)    10    10431.89    13    10
(relay)    3    3    10447.11    10    10446.09    5    1
(advertise)    10    10454.11    3    10
(relay)    11    2    10476.72    10    10453.0    3    1
(advertise)    10    10477.12    2    10
(relay)    3    6    10497.13    10    10465.45    5    1
(advertise)    10    10500.33    6    10
(relay)    9    43    10549.54    10    10542.06    3    1
(advertise)    10    10549.74    43    10
(relay)    9    22    10602.16    10    10599.97    1    1
(relay)    17    45    10693.96    10    10657.41    1    1
(relay)    3    5    10706.36    10    10704.38    7    1
(advertise)    10    10706.56    5    10
(relay)    17    42    10758.37    10    10749.61    3    1
(advertise)    10    10758.57    42    10
(relay)    9    30    10782.58    10    10737.78    1    1
(relay)    3    7    10783.98    10    10781.18    3    1
(advertise)    10    10784.18    7    10
(relay)    3    14    10809.4    10    10787.87    1    1
(relay)    9    21    10848.0    10    10842.1    1    1
(relay)    9    28    10871.4    10    10839.32    1    1
(relay)    11    40    10876.0    10    10869.01    1    1
(relay)    9    16    10901.8    10    10899.34    3    1
(advertise)    10    10902.0    16    10
(relay)    17    18    10940.81    10    10899.79    3    1
(advertise)    10    10941.01    18    10
(relay)    11    26    10945.62    10    10920.15    1    1
(relay)    3    1    10963.42    10    10942.24    5    1
(advertise)    10    10963.62    1    10
(generate)    10    10980.04    [24]    10
(relay)    17    34    11027.45    10    10972.04    1    1
(relay)    3    4    11037.05    11    11036.75    5    1
(advertise)    10    11037.25    4    11
(relay)    17    25    11108.26    11    11106.61    1    1
(relay)    17    17    11127.66    11    11127.51    3    1
(advertise)    10    11127.86    17    11
(relay)    11    32    11151.87    11    11108.98    1    1
(relay)    11    27    11174.67    11    11133.98    1    1
(relay)    3    12    11181.07    11    11161.1    3    1
(advertise)    10    11181.27    12    11
(relay)    9    8    11217.49    11    11217.15    5    1
(advertise)    10    11217.69    8    11
(relay)    9    9    11260.9    11    11259.89    5    1
(advertise)    10    11261.1    9    11
(relay)    11    19    11285.51    11    11268.99    3    1
(advertise)    10    11286.11    19    11
(relay)    9    15    11308.53    11    11296.03    3    1
(advertise)    10    11309.53    15    11
(relay)    11    11    11346.14    11    11345.18    5    1
(advertise)    10    11346.34    11    11
(relay)    9    0    11372.55    11    11365.34    5    1
(advertise)    10    11372.75    0    11
(relay)    9    36    11394.77    11    11346.19    1    1
(relay)    11    20    11398.37    11    11385.92    3    1
(advertise)    10    11398.57    20    11
(relay)    11    13    11432.78    11    11430.35    5    1
(advertise)    10    11432.98    13    11
(relay)    3    3    11447.19    11    11446.19    5    1
(advertise)    10    11454.79    3    11
(relay)    3    2    11457.2    11    11453.04    5    1
(relay)    17    29    11462.8    11    11358.87    1    2
(advertise)    10    11476.8    2    11
(relay)    3    6    11498.62    11    11465.65    5    1
(advertise)    10    11499.02    6    11
(relay)    11    43    11550.43    11    11542.12    1    1
(relay)    9    22    11602.43    11    11600.04    1    1
(relay)    17    41    11646.83    11    11643.08    1    1
(relay)    9    35    11669.63    11    11661.1    1    1
(relay)    11    45    11674.03    11    11657.47    1    1
(relay)    11    5    11706.83    11    11704.45    7    1
(advertise)    10    11707.03    5    11
(relay)    17    44    11739.04    11    11726.28    3    1
(advertise)    10    11739.24    44    11
(relay)    9    7    11782.86    11    11781.24    5    1
(advertise)    10    11783.06    7    11
(relay)    9    14    11805.67    11    11787.9    3    1
(advertise)    10    11807.47    14    11
(relay)    9    42    11827.28    11    11749.81    3    1
(advertise)    10    11830.48    42    11
(relay)    9    21    11850.5    11    11842.19    1    1
(relay)    17    33    11854.9    11    11842.42    1    1
(relay)    11    40    11873.1    11    11869.08    1    1
(relay)    9    28    11873.9    11    11839.36    1    1
(relay)    11    18    11901.5    11    11899.82    3    1
(advertise)    10    11901.7    18    11
(relay)    3    16    11903.51    11    11899.44    1    1
(relay)    11    26    11926.31    11    11920.21    1    1
(relay)    3    1    11943.91    11    11942.33    5    1
(advertise)    10    11944.11    1    11
(relay)    11    34    11977.72    11    11972.08    1    1
(generate)    10    11980.12    [24]    11
(relay)    17    46    12011.93    11    11947.98    1    1
(relay)    3    4    12038.13    12    12036.77    5    1
(advertise)    10    12038.33    4    12
(relay)    11    39    12080.15    11    12000.35    1    1
(relay)    17    25    12108.55    12    12106.74    1    1
(relay)    17    17    12128.15    12    12127.62    3    1
(advertise)    10    12128.35    17    12
(relay)    17    32    12132.36    12    12109.15    1    1
(relay)    11    27    12157.96    12    12134.08    1    1
(relay)    11    12    12179.76    12    12161.19    5    1
(advertise)    10    12179.96    12    12
(relay)    9    8    12218.57    12    12217.24    5    1
(advertise)    10    12218.77    8    12
(relay)    9    9    12260.99    12    12259.9    5    1
(advertise)    10    12261.19    9    12
(relay)    17    19    12286.2    12    12269.03    3    1
(advertise)    10    12286.4    19    12
(relay)    17    47    12308.61    12    12283.34    1    1
(relay)    9    15    12310.01    12    12296.03    3    1
(advertise)    10    12310.81    15    12
(relay)    11    11    12346.23    12    12345.21    5    1
(advertise)    10    12346.43    11    12
(relay)    3    0    12370.84    12    12365.34    5    1
(advertise)    10    12371.84    0    12
(relay)    17    23    12376.65    12    12368.32    1    1
(relay)    9    29    12395.65    12    12358.89    1    1
(relay)    3    20    12399.65    12    12385.94    1    1
(relay)    11    13    12433.05    12    12430.45    5    1
(advertise)    10    12433.25    13    12
(relay)    3    3    12447.26    12    12446.27    5    1
(advertise)    10    12455.46    3    12
(heartbeat)    24    3    12430.23    10    12463.88    2    4
(advertise)    10    12477.68    24    3
(relay)    11    6    12503.09    12    12465.83    5    1
(advertise)    10    12503.29    6    12
(relay)    17    2    12532.3    12    12453.08    1    1
(relay)    9    43    12552.7    12    12542.22    1    1
(relay)    17    41    12645.9    12    12643.17    1    1
(relay)    9    35    12663.9    12    12661.19    1    1
(relay)    11    45    12670.5    12    12657.77    1    1
(relay)    3    5    12707.9    12    12704.55    5    1
(advertise)    10    12708.1    5    12
(relay)    9    44    12735.92    12    12726.3    1    1
(relay)    9    30    12760.72    12    12738.72    1    1
(relay)    9    42    12782.52    12    12749.99    1    1
(relay)    3    7    12801.72    12    12781.38    3    1
(advertise)    10    12801.92    7    12
(relay)    3    14    12825.13    12    12787.93    1    1
(relay)    17    33    12844.13    12    12842.6    1    1
(relay)    9    28    12849.93    12    12839.4    1    1
(relay)    9    21    12870.93    12    12842.27    1    1
(relay)    9    16    12901.73    12    12899.61    3    1
(advertise)    10    12901.93    16    12
(relay)    17    18    12931.74    12    12899.98    3    1
(advertise)    10    12931.94    18    12
(relay)    11    26    12946.96    12    12920.29    1    1
(relay)    9    1    12954.56    12    12942.38    5    1
(advertise)    10    12954.96    1    12
(relay)    17    37    12976.57    12    12918.08    1    1
(generate)    10    12980.17    [24]    12
(relay)    11    34    13013.38    12    12972.13    1    1
(relay)    11    4    13037.58    13    13036.79    5    1
(advertise)    10    13037.78    4    13
(relay)    17    25    13107.39    13    13106.84    1    1
(relay)    17    17    13128.19    13    13127.73    3    1
(advertise)    10    13128.39    17    13
(relay)    17    32    13131.41    13    13109.32    1    1
(relay)    3    12    13165.81    13    13161.21    3    1
(advertise)    10    13166.01    12    13
(relay)    11    27    13175.82    13    13134.18    1    1
(relay)    17    48    13190.02    13    13121.95    1    1
(relay)    9    8    13218.62    13    13217.3    5    1
(advertise)    10    13218.82    8    13
(relay)    9    9    13261.03    13    13260.09    5    1
(advertise)    10    13261.23    9    13
(relay)    17    19    13286.25    13    13269.22    3    1
(advertise)    10    13286.85    19    13
(relay)    9    15    13309.46    13    13296.03    3    1
(advertise)    10    13309.86    15    13
(relay)    11    11    13346.47    13    13345.37    5    1
(advertise)    10    13346.67    11    13
(relay)    9    0    13371.69    13    13365.53    5    1
(advertise)    10    13371.89    0    13
(relay)    17    36    13375.9    13    13346.35    1    1
(relay)    9    23    13394.7    13    13368.42    1    1
(relay)    11    20    13397.3    13    13385.97    3    1
(advertise)    10    13398.1    20    13
(relay)    11    13    13433.51    13    13430.56    5    1
(advertise)    10    13433.71    13    13
(relay)    9    29    13437.72    13    13359.04    1    1
(relay)    3    3    13446.52    13    13446.35    5    1
(relay)    3    2    13453.52    13    13453.12    5    2
(advertise)    10    13456.92    3    13
(advertise)    10    13478.14    2    13
(relay)    11    6    13501.95    13    13465.98    5    1
(advertise)    10    13502.15    6    13
(relay)    9    43    13547.36    13    13542.31    1    1
(relay)    9    22    13604.16    13    13600.18    1    1
(relay)    17    41    13644.96    13    13643.24    1    1
(relay)    17    35    13667.76    13    13661.28    1    1
(relay)    11    45    13671.56    13    13657.8    1    1
(relay)    3    5    13707.96    13    13704.6    5    1
(advertise)    10    13708.16    5    13
(relay)    11    44    13739.18    13    13726.5    1    1
(relay)    17    42    13761.38    13    13750.17    1    1
(relay)    9    7    13784.58    13    13781.48    5    1
(advertise)    10    13784.78    7    13
(relay)    9    14    13805.59    13    13787.98    3    1
(advertise)    10    13806.99    14    13
(relay)    9    28    13844.2    13    13839.43    1    1
(relay)    17    33    13845.4    13    13842.77    1    1
(relay)    9    21    13871.4    13    13842.54    1    1
(relay)    9    16    13900.0    13    13899.7    3    1
(advertise)    10    13900.2    16    13
(relay)    11    18    13904.02    13    13900.16    1    1
(relay)    17    26    13925.22    13    13920.33    1    1
(relay)    9    1    13944.42    13    13942.46    5    1
(advertise)    10    13944.62    1    13
(relay)    9    37    13968.23    13    13918.25    1    1
(relay)    11    34    13979.03    13    13972.15    1    1
(generate)    10    13980.23    [24]    13
(relay)    11    46    14023.64    13    13948.2    1    1
(relay)    3    4    14038.04    14    14036.8    5    1
(advertise)    10    14038.24    4    14
(relay)    11    25    14108.25    14    14106.94    1    1
(relay)    17    17    14128.45    14    14127.81    3    1
(advertise)    10    14128.65    17    14
(relay)    17    32    14132.27    14    14109.46    1    1
(relay)    11    48    14173.67    14    14122.13    1    1
(relay)    17    27    14175.87    14    14134.25    1    1
(relay)    3    12    14179.27    14    14161.33    3    1
(advertise)    10    14179.47    12    14
(relay)    9    8    14218.68    14    14217.4    5    1
(advertise)    10    14218.88    8    14
(relay)    9    9    14260.29    14    14260.24    5    1
(advertise)    10    14260.49    9    14
(relay)    9    19    14285.31    14    14269.24    1    1
(relay)    9    15    14306.91    14    14296.21    3    1
(advertise)    10    14307.11    15    14
(relay)    11    11    14345.72    14    14345.55    5    1
(advertise)    10    14345.92    11    14
(relay)    17    23    14370.13    14    14368.46    1    1
(relay)    3    0    14372.93    14    14365.7    5    1
(advertise)    10    14373.13    0    14
(relay)    11    20    14397.95    14    14385.98    1    1
(relay)    9    36    14416.55    14    14346.41    1    1
(relay)    11    13    14433.95    14    14430.66    5    1
(advertise)    10    14434.15    13    14
(relay)    3    3    14446.56    14    14446.41    5    1
(advertise)    10    14455.36    3    14
(relay)    17    29    14457.37    14    14359.04    1    1
(relay)    11    6    14479.97    14    14466.17    5    1
(advertise)    10    14480.97    6    14
(relay)    9    2    14485.18    14    14453.14    5    1
(advertise)    10    14502.18    2    14
(relay)    9    43    14553.0    14    14542.41    1    1
(relay)    9    22    14604.2    14    14600.24    1    1
(relay)    9    35    14666.0    14    14661.37    1    1
(relay)    11    45    14673.0    14    14657.88    1    1
(relay)    3    5    14706.4    14    14704.68    5    1
(advertise)    10    14706.6    5    14
(relay)    9    44    14739.81    14    14726.52    1    1
(relay)    9    7    14784.41    14    14781.55    5    1
(advertise)    10    14784.61    7    14
(relay)    17    42    14806.82    14    14750.37    1    1
(relay)    3    14    14810.82    14    14788.0    1    1
(relay)    9    21    14851.62    14    14842.61    1    1
(relay)    11    33    14854.22    14    14842.78    1    1
(relay)    9    28    14874.82    14    14839.43    1    1
(relay)    11    40    14878.22    14    14869.24    1    1
(relay)    9    16    14900.22    14    14899.87    3    1
(advertise)    10    14900.42    16    14
(relay)    11    18    14901.64    14    14900.3    3    1
(advertise)    10    14922.84    18    14
(relay)    3    1    14944.65    14    14942.55    5    1
(advertise)    10    14945.45    1    14
(relay)    11    34    14978.86    14    14972.18    1    1
(generate)    10    14980.26    [24]    14
(relay)    17    26    14983.08    14    14920.38    1    1
(relay)    11    4    15038.68    15    15036.81    5    1
(advertise)    10    15038.88    4    15
(relay)    17    39    15078.09    14    15000.89    1    1
(relay)    11    25    15108.29    15    15107.05    1    1
(relay)    17    17    15128.89    15    15127.91    3    1
(advertise)    10    15129.09    17    15
(relay)    17    32    15133.3    15    15109.62    1    1
(relay)    11    48    15152.9    15    15122.32    1    1
(relay)    3    12    15163.5    15    15161.41    3    1
(advertise)    10    15163.7    12    15
(relay)    11    27    15173.51    15    15134.35    1    1
(relay)    9    8    15219.71    15    15217.43    5    1
(advertise)    10    15219.91    8    15
(relay)    9    9    15260.53    15    15260.43    5    1
(advertise)    10    15260.73    9    15
(relay)    11    19    15283.54    15    15269.26    3    1
(advertise)    10    15283.74    19    15
(relay)    11    47    15305.55    15    15283.61    1    1
(relay)    9    15    15306.55    15    15296.39    3    1
(advertise)    10    15307.35    15    15
(relay)    11    11    15345.57    15    15345.55    5    1
(advertise)    10    15345.77    11    15
(relay)    9    0    15371.78    15    15365.86    5    1
(advertise)    10    15371.98    0    15
(relay)    17    23    15373.19    15    15368.53    1    1
(relay)    11    20    15399.19    15    15385.99    3    1
(advertise)    10    15399.39    20    15
(relay)    9    29    15424.01    15    15359.22    1    1
(relay)    11    13    15433.41    15    15430.74    5    1
(advertise)    10    15433.61    13    15
(relay)    3    3    15446.62    15    15446.48    5    1
(advertise)    10    15456.42    3    15
(relay)    3    2    15458.43    15    15453.15    5    1
(advertise)    10    15479.43    2    15
(relay)    11    6    15518.44    15    15466.36    1    1
(relay)    9    43    15544.44    15    15542.5    1    1
(relay)    17    22    15605.24    15    15600.3    1    1
(relay)    11    41    15646.24    15    15643.39    1    1
(relay)    9    35    15666.64    15    15661.44    1    1
(relay)    11    45    15674.04    15    15657.94    1    1
(relay)    11    5    15707.44    15    15704.76    5    1
(advertise)    10    15707.64    5    15
(relay)    9    42    15760.26    15    15750.53    1    1
(relay)    11    44    15763.86    15    15726.54    1    1
(relay)    9    30    15782.66    15    15739.69    1    1
(relay)    3    7    15787.06    15    15781.66    3    1
(advertise)    10    15787.26    7    15
(relay)    9    14    15827.67    15    15788.05    3    1
(advertise)    10    15827.87    14    15
(relay)    17    33    15846.28    15    15842.78    1    1
(relay)    9    21    15853.08    15    15842.69    1    1
(relay)    9    28    15875.08    15    15839.44    1    1
(relay)    11    40    15876.68    15    15869.27    1    1
(relay)    9    16    15900.48    15    15899.94    3    1
(advertise)    10    15900.68    16    15
(relay)    9    37    15924.3    15    15918.61    1    1
(relay)    11    26    15925.5    15    15920.41    1    1
(relay)    3    1    15945.5    15    15942.6    5    1
(advertise)    10    15945.7    1    15
(relay)    17    18    15959.51    15    15900.46    3    1
(advertise)    10    15967.51    18    15
(generate)    10    15980.32    [24]    15
(relay)    11    34    16014.94    15    15972.22    1    1
(relay)    3    4    16039.14    16    16037.02    5    1
(advertise)    10    16039.34    4    16
(relay)    11    25    16108.75    16    16107.14    1    1
(relay)    17    17    16128.95    16    16128.0    3    1
(advertise)    10    16129.15    17    16
(relay)    17    32    16136.76    16    16109.8    1    1
(relay)    11    48    16153.16    16    16122.32    1    1
(relay)    11    27    16175.36    16    16134.41    1    1
(relay)    3    12    16179.96    16    16161.48    3    1
(advertise)    10    16180.16    12    16
(relay)    9    8    16219.57    16    16217.47    5    1
(advertise)    10    16219.77    8    16
(relay)    9    9    16260.79    16    16260.6    5    1
(advertise)    10    16260.99    9    16
(relay)    11    19    16284.8    16    16269.45    3    1
(advertise)    10    16286.0    19    16
(relay)    11    47    16307.61    16    16283.69    1    1
(relay)    3    15    16309.01    16    16296.58    1    1
(relay)    11    11    16345.61    16    16345.57    5    1
(advertise)    10    16345.81    11    16
(relay)    9    0    16369.03    16    16366.03    5    1
(advertise)    10    16369.43    0    16
(relay)    9    29    16395.04    16    16359.39    1    1
(relay)    11    20    16396.64    16    16386.18    3    1
(advertise)    10    16397.24    20    16
(relay)    3    13    16432.05    16    16430.83    3    1
(advertise)    10    16432.25    13    16
(heartbeat)    24    4    16430.24    10    16441.87    2    4
(relay)    3    3    16446.67    16    16446.54    5    2
(advertise)    10    16453.87    24    4
(advertise)    10    16476.48    3    16
(relay)    9    2    16482.49    16    16453.15    5    1
(advertise)    10    16500.09    2    16
(relay)    17    6    16528.7    16    16466.54    3    1
(advertise)    10    16528.9    6    16
(relay)    17    43    16553.52    16    16542.6    1    1
(relay)    17    22    16602.32    16    16600.4    1    1
(relay)    11    41    16647.12    16    16643.46    1    1
(relay)    17    35    16668.32    16    16661.53    1    1
(relay)    11    45    16674.12    16    16658.02    1    1
(relay)    3    5    16705.52    16    16704.83    5    1
(advertise)    10    16705.72    5    16
(relay)    17    42    16759.13    16    16750.73    1    1
(relay)    11    44    16762.33    16    16726.56    1    1
(relay)    9    7    16783.73    16    16781.75    5    1
(advertise)    10    16783.93    7    16
(relay)    9    14    16806.34    16    16788.1    3    1
(advertise)    10    16806.74    14    16
(relay)    11    33    16846.96    16    16842.96    1    1
(relay)    9    21    16847.96    16    16842.77    1    1
(relay)    9    28    16870.16    16    16839.46    1    1
(relay)    11    40    16874.36    16    16869.34    1    1
(relay)    17    16    16900.96    16    16900.09    3    1
(advertise)    10    16901.16    16    16
(relay)    17    18    16922.37    16    16901.85    3    1
(advertise)    10    16922.57    18    16
(relay)    3    1    16946.58    16    16942.69    5    1
(advertise)    10    16947.38    1    16
(relay)    11    26    16948.8    16    16920.46    1    1
(generate)    10    16980.4    [24]    16
(relay)    11    34    17015.21    16    16972.27    1    1
(relay)    11    4    17039.01    17    17037.02    5    1
(advertise)    10    17039.21    4    17
(relay)    17    17    17129.02    17    17128.09    3    1
(advertise)    10    17129.22    17    17
(relay)    17    32    17134.43    17    17109.96    1    1
(relay)    11    48    17153.03    17    17122.51    1    1
(relay)    11    27    17175.03    17    17134.72    1    1
(relay)    3    12    17183.03    17    17161.56    3    1
(advertise)    10    17183.23    12    17
(relay)    9    8    17219.65    17    17217.53    5    1
(advertise)    10    17219.85    8    17
(relay)    9    9    17261.26    17    17260.74    5    1
(advertise)    10    17261.46    9    17
(relay)    17    19    17285.87    17    17269.49    3    1
(advertise)    10    17286.07    19    17
(relay)    11    47    17307.49    17    17283.8    1    1
(relay)    9    15    17309.69    17    17296.76    3    1
(advertise)    10    17310.29    15    17
(relay)    11    11    17345.7    17    17345.6    5    1
(advertise)    10    17345.9    11    17
(relay)    9    0    17369.71    17    17366.04    5    1
(advertise)    10    17371.51    0    17
(relay)    17    23    17377.13    17    17368.69    1    1
(relay)    11    20    17395.73    17    17386.22    3    1
(advertise)    10    17395.93    20    17
(relay)    11    13    17432.54    17    17430.94    5    1
(advertise)    10    17432.74    13    17
(relay)    3    3    17447.15    17    17446.62    5    1
(advertise)    10    17454.95    3    17
(relay)    3    2    17459.16    17    17453.17    5    1
(advertise)    10    17477.96    2    17
(relay)    11    6    17499.78    17    17466.55    5    1
(advertise)    10    17500.58    6    17
(relay)    9    22    17602.19    17    17600.47    1    1
(relay)    9    35    17669.79    17    17661.62    1    1
(relay)    3    5    17705.59    17    17704.93    5    1
(advertise)    10    17705.79    5    17
(relay)    17    30    17781.0    17    17740.05    1    1
(relay)    3    7    17784.0    17    17781.85    3    1
(advertise)    10    17784.2    7    17
(relay)    3    14    17809.02    17    17788.12    1    1
(relay)    9    28    17850.22    17    17839.48    1    1
(relay)    11    33    17854.42    17    17843.12    1    1
(relay)    11    40    17874.62    17    17869.38    1    1
(relay)    9    16    17901.62    17    17900.23    3    1
(advertise)    10    17901.82    16    17
(relay)    11    18    17925.63    17    17901.99    3    1
(advertise)    10    17925.83    18    17
(relay)    17    26    17927.64    17    17920.52    1    1
(relay)    9    1    17949.64    17    17942.74    5    1
(advertise)    10    17950.84    1    17
(relay)    17    37    17973.46    17    17918.62    1    1
(generate)    10    17980.46    [24]    17
(relay)    11    34    18012.07    17    17972.3    1    1
(relay)    17    46    18018.67    17    17948.3    1    1
(relay)    3    4    18038.27    18    18037.03    5    1
(advertise)    10    18038.47    4    18
(relay)    11    25    18109.88    18    18107.28    1    1
(relay)    17    17    18129.08    18    18128.16    3    1
(advertise)    10    18129.28    17    18
(relay)    17    32    18131.89    18    18110.07    1    1
(relay)    3    12    18163.89    18    18161.61    3    1
(advertise)    10    18164.09    12    18
(relay)    11    48    18178.51    18    18122.51    1    1
(relay)    17    27    18210.31    18    18135.01    1    1
(relay)    9    8    18220.51    18    18217.57    3    1
(advertise)    10    18220.91    8    18
(relay)    9    9    18261.52    18    18260.91    5    1
(advertise)    10    18261.72    9    18
(relay)    17    19    18286.53    18    18269.65    3    1
(advertise)    10    18286.93    19    18
(relay)    9    15    18310.35    18    18296.92    3    1
(advertise)    10    18311.55    15    18
(relay)    11    11    18346.36    18    18345.77    5    1
(advertise)    10    18346.56    11    18
(relay)    3    0    18372.17    18    18366.24    5    1
(relay)    17    23    18372.37    18    18368.8    1    2
(advertise)    10    18372.77    0    18
(relay)    11    20    18398.99    18    18386.23    3    1
(advertise)    10    18399.19    20    18
(relay)    9    36    18422.4    18    18346.69    1    1
(relay)    11    13    18432.2    18    18430.99    5    1
(advertise)    10    18432.4    13    18
(relay)    3    3    18447.21    18    18446.7    5    1
(advertise)    10    18453.41    3    18
(relay)    3    2    18455.22    18    18453.2    5    1
(relay)    9    29    18466.42    18    18360.57    1    2
(advertise)    10    18476.62    2    18
(relay)    3    6    18500.04    18    18466.72    5    1
(advertise)    10    18501.04    6    18
(relay)    17    43    18552.05    18    18542.96    1    1
(relay)    9    22    18601.65    18    18600.52    1    1
(relay)    11    41    18649.65    18    18643.59    1    1
(relay)    17    35    18671.85    18    18661.72    1    1
(relay)    11    5    18706.05    18    18704.98    5    1
(advertise)    10    18706.25    5    18
(relay)    11    44    18756.86    18    18726.6    1    1
(relay)    9    42    18760.46    18    18750.89    1    1
(relay)    3    7    18783.26    18    18781.92    3    1
(advertise)    10    18783.46    7    18
(relay)    17    30    18800.28    18    18740.21    1    1
(relay)    3    14    18808.08    18    18788.13    1    1
(relay)    9    21    18852.08    18    18843.49    1    1
(relay)    11    33    18867.68    18    18843.31    1    1
(relay)    9    28    18874.88    18    18839.52    1    1
(relay)    11    40    18890.08    18    18869.42    1    1
(relay)    9    16    18901.68    18    18900.38    3    1
(advertise)    10    18901.88    16    18
(relay)    11    18    18934.49    18    18902.14    3    1
(advertise)    10    18934.69    18    18
(relay)    11    26    18955.7    18    18920.58    1    1
(relay)    3    1    18957.7    18    18942.8    5    1
(advertise)    10    18957.9    1    18
(relay)    9    37    18979.52    18    18918.77    1    1
(generate)    10    18980.52    [24]    18
(relay)    11    34    19022.53    18    18972.32    1    1
(relay)    3    4    19037.53    19    19037.04    5    1
(advertise)    10    19037.73    4    19
(relay)    11    25    19110.54    19    19107.33    1    1
(relay)    17    17    19128.34    19    19128.26    3    1
(advertise)    10    19128.54    17    19
(relay)    17    32    19133.15    19    19110.22    1    1
(relay)    17    48    19174.55    19    19122.71    1    1
(relay)    3    12    19179.75    19    19161.63    3    1
(advertise)    10    19179.95    12    19
(relay)    11    27    19199.17    19    19135.11    1    1
(relay)    9    8    19217.97    19    19217.61    5    1
(advertise)    10    19218.17    8    19
(relay)    9    9    19261.58    19    19261.08    5    1
(advertise)    10    19261.78    9    19
(relay)    11    19    19287.39    19    19269.67    3    1
(advertise)    10    19287.79    19    19
(relay)    11    15    19313.61    19    19297.11    1    1
(relay)    11    11    19346.61    19    19345.96    5    1
(advertise)    10    19346.81    11    19
(relay)    3    0    19375.22    19    19366.41    5    1
(advertise)    10    19375.42    0    19
(relay)    3    20    19402.23    19    19386.42    1    1
(relay)    11    13    19432.63    19    19431.05    5    1
(advertise)    10    19432.83    13    19
(relay)    3    3    19447.25    19    19446.76    5    1
(advertise)    10    19455.05    3    19
(relay)    3    2    19457.66    19    19453.22    5    1
(relay)    9    29    19460.06    19    19360.74    1    2
(advertise)    10    19478.06    2    19
(relay)    11    6    19505.87    19    19466.91    3    1
(advertise)    10    19506.47    6    19
(relay)    17    43    19569.28    19    19543.05    1    1
(relay)    17    22    19602.08    19    19600.58    1    1
(relay)    11    41    19650.48    19    19643.65    1    1
(relay)    9    35    19665.68    19    19661.8    1    1
(relay)    11    5    19706.88    19    19705.02    5    1
(advertise)    10    19707.08    5    19
(relay)    11    44    19744.5    19    19726.61    1    1
(relay)    9    42    19758.3    19    19751.08    1    1
(relay)    9    30    19781.9    19    19740.32    1    1
(relay)    3    7    19784.1    19    19781.98    3    1
(advertise)    10    19784.3    7    19
(relay)    3    14    19808.51    19    19788.13    1    1
(relay)    9    21    19847.11    19    19843.57    1    1
(relay)    17    33    19857.91    19    19843.49    1    1
(relay)    9    28    19870.11    19    19839.54    1    1
(relay)    11    40    19882.11    19    19869.47    1    1
(relay)    9    16    19902.71    19    19900.55    3    1
(advertise)    10    19902.91    16    19
(relay)    11    18    19905.92    19    19902.25    3    1
(advertise)    10    19927.72    18    19
(relay)    9    1    19945.34    19    19943.09    5    1
(relay)    11    26    19948.54    19    19920.64    1    2
(advertise)    10    19950.54    1    19
(generate)    10    19980.55    [24]    19
(relay)    11    34    19995.96    19    19972.37    1    1
(relay)    3    4    20037.56    20    20037.22    5    1
(advertise)    10    20037.76    4    20
(relay)    11    39    20060.98    19    20001.6    1    1
(relay)    11    25    20110.98    20    20107.42    1    1
(relay)    17    17    20128.38    20    20128.36    3    1
(advertise)    10    20128.58    17    20
(relay)    17    32    20132.19    20    20110.35    1    1
(relay)    11    27    20155.79    20    20135.21    1    1
(relay)    11    12    20177.79    20    20161.67    5    1
(advertise)    10    20177.99    12    20
(relay)    9    8    20218.2    20    20217.67    5    1
(advertise)    10    20218.4    8    20
(relay)    9    9    20262.21    20    20261.27    5    1
(advertise)    10    20262.41    9    20
(relay)    11    19    20287.03    20    20269.86    3    1
(advertise)    10    20287.63    19    20
(relay)    17    47    20308.04    20    20284.06    1    1
(relay)    9    15    20311.04    20    20297.13    3    1
(advertise)    10    20311.24    15    20
(relay)    11    11    20346.45    20    20345.97    5    1
(advertise)    10    20346.65    11    20
(relay)    9    23    20372.87    20    20369.0    1    1
(relay)    3    0    20374.27    20    20366.6    5    1
(advertise)    10    20374.47    0    20
(relay)    17    36    20396.88    20    20346.86    1    1
(relay)    3    20    20403.48    20    20386.44    1    1
(relay)    11    13    20432.68    20    20431.12    5    1
(advertise)    10    20432.88    13    20
(relay)    9    29    20437.29    20    20360.93    1    1
(relay)    3    3    20447.89    20    20446.82    5    1
(advertise)    10    20454.89    3    20
(heartbeat)    24    5    20430.25    10    20464.51    2    4
(advertise)    10    20476.71    24    5
(relay)    11    2    20501.32    20    20453.22    3    1
(advertise)    10    20501.92    2    20
(relay)    3    6    20523.13    20    20467.11    5    1
(advertise)    10    20524.13    6    20
(relay)    9    43    20572.54    20    20543.13    1    1
(relay)    9    22    20602.54    20    20600.65    1    1
(relay)    11    41    20650.34    20    20643.74    1    1
(relay)    17    35    20671.94    20    20661.9    1    1
(relay)    11    5    20706.54    20    20705.13    5    1
(advertise)    10    20706.74    5    20
(relay)    9    30    20743.36    20    20740.63    1    1
(relay)    9    42    20767.96    20    20751.24    1    1
(relay)    3    7    20785.56    20    20782.12    3    1
(advertise)    10    20785.76    7    20
(relay)    3    14    20809.17    20    20788.17    1    1
(relay)    9    28    20843.17    20    20839.73    1    1
(relay)    11    33    20846.77    20    20843.49    1    1
(relay)    11    40    20872.17    20    20869.53    1    1
(relay)    9    16    20902.97    20    20900.68    3    1
(advertise)    10    20903.17    16    20
(relay)    9    37    20926.58    20    20919.1    1    1
(relay)    3    18    20926.98    20    20902.4    1    1
(relay)    17    26    20953.38    20    20920.7    1    1
(relay)    9    1    20972.98    20    20943.17    3    1
(advertise)    10    20973.18    1    20
(generate)    10    20980.6    [24]    20
(relay)    17    34    20997.21    20    20972.38    1    1
(relay)    3    4    21037.61    21    21037.23    5    1
(advertise)    10    21037.81    4    21
(relay)    17    39    21063.02    20    21001.99    1    1
(relay)    17    25    21109.22    21    21107.5    1    1
(relay)    17    17    21128.62    21    21128.48    3    1
(advertise)    10    21128.82    17    21
(relay)    17    32    21131.24    21    21110.54    1    1
(relay)    17    48    21177.04    21    21123.05    1    1
(relay)    11    27    21177.44    21    21135.29    1    1
(relay)    3    12    21182.64    21    21161.74    3    1
(advertise)    10    21182.84    12    21
(relay)    9    8    21218.25    21    21217.74    5    1
(advertise)    10    21218.45    8    21
(relay)    9    9    21262.46    21    21261.46    5    1
(advertise)    10    21262.66    9    21
(relay)    17    19    21288.47    21    21269.86    3    1
(advertise)    10    21288.67    19    21
(relay)    9    15    21310.09    21    21297.32    3    1
(relay)    17    47    21310.29    21    21284.16    1    2
(advertise)    10    21310.89    15    21
(relay)    11    11    21346.9    21    21345.97    5    1
(advertise)    10    21347.1    11    21
(relay)    17    23    21372.31    21    21369.04    1    1
(relay)    3    0    21372.51    21    21366.78    5    1
(advertise)    10    21373.71    0    21
(relay)    9    36    21394.53    21    21346.92    1    1
(relay)    3    20    21399.13    21    21386.48    1    1
(relay)    11    13    21433.73    21    21431.21    5    1
(advertise)    10    21433.93    13    21
(relay)    3    3    21447.94    21    21446.9    5    1
(advertise)    10    21455.74    3    21
(relay)    3    2    21456.95    21    21453.25    5    1
(relay)    9    29    21457.35    21    21361.03    1    2
(advertise)    10    21477.55    2    21
(relay)    3    6    21479.37    21    21467.12    5    1
(advertise)    10    21500.37    6    21
(relay)    9    43    21554.18    21    21543.18    1    1
(relay)    9    22    21602.98    21    21600.71    1    1
(relay)    17    41    21648.38    21    21643.8    1    1
(relay)    9    35    21663.98    21    21661.96    1    1
(relay)    11    5    21707.98    21    21705.23    5    1
(advertise)    10    21708.18    5    21
(relay)    17    30    21743.79    21    21740.76    1    1
(relay)    9    42    21777.59    21    21751.4    1    1
(relay)    3    7    21785.59    21    21782.22    3    1
(advertise)    10    21785.79    7    21
(relay)    3    14    21810.6    21    21788.36    1    1
(relay)    9    28    21843.8    21    21839.74    1    1
(relay)    17    33    21846.2    21    21843.67    1    1
(relay)    9    21    21870.4    21    21843.69    1    1
(relay)    11    40    21872.6    21    21869.58    1    1
(relay)    9    16    21903.2    21    21900.83    3    1
(advertise)    10    21903.4    16    21
(relay)    9    37    21935.02    21    21919.1    1    1
(relay)    17    18    21936.02    21    21902.54    3    1
(advertise)    10    21936.22    18    21
(relay)    11    26    21950.03    21    21920.73    1    1
(relay)    11    1    21971.03    21    21943.26    3    1
(advertise)    10    21971.23    1    21
(generate)    10    21980.64    [24]    21
(relay)    11    34    22014.66    21    21972.41    1    1
(relay)    11    4    22038.06    22    22037.25    5    1
(advertise)    10    22038.26    4    22
(relay)    11    39    22083.27    21    22002.0    1    1
(relay)    17    25    22109.67    22    22107.55    1    1
(relay)    17    17    22129.07    22    22128.57    3    1
(advertise)    10    22129.27    17    22
(relay)    17    32    22133.28    22    22110.66    1    1
(relay)    17    48    22176.08    22    22123.22    1    1
(relay)    11    27    22177.28    22    22135.37    1    1
(relay)    3    12    22181.68    22    22161.79    3    1
(advertise)    10    22181.88    12    22
(relay)    9    8    22219.3    22    22217.8    5    1
(advertise)    10    22219.5    8    22
(relay)    9    9    22262.71    22    22261.65    5    1
(advertise)    10    22262.91    9    22
(relay)    17    19    22287.72    22    22270.04    3    1
(advertise)    10    22289.32    19    22
(relay)    9    15    22298.13    22    22297.51    3    1
(advertise)    10    22311.33    15    22
(relay)    11    11    22347.15    22    22346.15    5    1
(advertise)    10    22347.35    11    22
(relay)    9    23    22372.16    22    22369.09    1    1
(relay)    11    20    22388.56    22    22386.68    3    1
(advertise)    10    22388.76    20    22
(relay)    9    0    22394.37    22    22366.95    5    1
(advertise)    10    22410.77    0    22
(relay)    11    13    22436.99    22    22431.29    3    1
(advertise)    10    22437.19    13    22
(relay)    9    29    22440.2    22    22361.2    1    1
(relay)    3    3    22448.0    22    22446.98    5    1
(advertise)    10    22460.0    3    22
(relay)    3    6    22481.61    22    22467.29    5    1
(advertise)    10    22482.41    6    22
(relay)    9    2    22484.43    22    22453.27    5    1
(advertise)    10    22505.03    2    22
(relay)    17    43    22551.44    22    22543.27    1    1
(relay)    17    22    22604.24    22    22600.77    1    1
(relay)    17    35    22664.84    22    22662.03    1    1
(relay)    11    5    22708.44    22    22705.29    5    1
(advertise)    10    22708.64    5    22
(relay)    17    42    22765.85    22    22751.58    1    1
(relay)    3    7    22786.65    22    22782.26    3    1
(advertise)    10    22786.85    7    22
(relay)    3    14    22809.46    22    22788.37    1    1
(relay)    9    21    22845.86    22    22843.72    1    1
(relay)    9    28    22869.66    22    22839.94    1    1
(relay)    17    40    22875.26    22    22869.81    1    1
(relay)    3    16    22903.66    22    22900.93    1    1
(relay)    11    18    22904.06    22    22902.65    3    1
(advertise)    10    22904.26    18    22
(relay)    11    26    22928.68    22    22920.76    1    1
(relay)    17    1    22948.68    22    22943.35    3    1
(advertise)    10    22948.88    1    22
(relay)    17    37    22972.89    22    22919.28    1    1
(relay)    11    34    22979.49    22    22972.42    1    1
(generate)    10    22980.69    [24]    22
(relay)    11    46    23024.1    22    22948.36    1    1
(relay)    3    4    23038.7    23    23037.27    5    1
(advertise)    10    23038.9    4    23
(relay)    11    39    23073.72    22    23002.17    1    1
(relay)    17    25    23108.52    23    23107.63    1    1
(relay)    17    17    23129.12    23    23128.65    3    1
(advertise)    10    23129.32    17    23
(relay)    17    32    23131.33    23    23110.8    1    1
(relay)    11    48    23176.73    23    23123.41    1    1
(relay)    3    12    23180.73    23    23161.83    3    1
(advertise)    10    23180.93    12    23
(relay)    17    27    23202.94    23    23135.4    1    1
(relay)    9    8    23219.14    23    23217.83    5    1
(advertise)    10    23219.34    8    23
(relay)    9    9    23262.76    23    23261.82    5    1
(advertise)    10    23262.96    9    23
(relay)    17    19    23288.37    23    23270.2    3    1
(advertise)    10    23288.77    19    23
(relay)    11    47    23310.38    23    23284.33    1    1
(relay)    3    15    23311.38    23    23297.68    1    1
(relay)    11    11    23347.38    23    23346.32    5    1
(advertise)    10    23347.58    11    23
(relay)    3    0    23372.59    23    23367.13    5    1
(advertise)    10    23372.79    0    23
(relay)    17    23    23377.81    23    23369.15    1    1
(relay)    11    20    23396.21    23    23386.71    1    1
(relay)    9    29    23420.01    23    23361.38    1    1
(relay)    11    13    23434.41    23    23431.39    5    1
(advertise)    10    23434.61    13    23
(relay)    3    3    23447.22    23    23447.04    5    1
(advertise)    10    23455.82    3    23
(relay)    9    2    23462.63    23    23453.29    5    1
(advertise)    10    23477.23    2    23
(relay)    3    6    23504.05    23    23467.46    5    1
(advertise)    10    23504.25    6    23
(relay)    9    43    23546.26    23    23543.35    1    1
(relay)    17    22    23604.66    23    23600.79    1    1
(relay)    11    41    23646.66    23    23643.91    1    1
(relay)    9    35    23665.26    23    23662.1    1    1
(relay)    3    5    23708.86    23    23705.42    5    1
(advertise)    10    23709.06    5    23
(relay)    9    44    23737.27    23    23726.69    1    1
(relay)    9    42    23760.67    23    23751.75    1    1
(relay)    17    30    23761.07    23    23741.71    1    1
(relay)    17    7    23805.47    23    23782.34    1    1
(relay)    3    14    23807.67    23    23788.39    1    1
(relay)    9    28    23850.27    23    23839.96    1    1
(relay)    11    33    23853.07    23    23843.85    1    1
(relay)    9    21    23871.67    23    23843.81    1    1
(relay)    11    40    23876.47    23    23869.87    1    1
(relay)    9    16    23901.67    23    23901.11    3    1
(advertise)    10    23901.87    16    23
(relay)    11    18    23926.09    23    23902.79    1    1
(relay)    3    1    23945.49    23    23943.42    5    1
(advertise)    10    23945.69    1    23
(relay)    11    26    23948.3    23    23920.8    1    1
(generate)    10    23980.7    [24]    23
(relay)    11    34    23990.51    23    23972.44    1    1
(relay)    11    4    24038.31    24    24037.45    5    1
(advertise)    10    24038.51    4    24
(relay)    11    25    24108.92    24    24107.64    1    1
(relay)    17    17    24129.32    24    24128.75    3    1
(advertise)    10    24129.52    17    24
(relay)    17    32    24130.74    24    24110.91    1    1
(relay)    17    48    24174.94    24    24123.61    1    1
(relay)    3    12    24182.94    24    24161.91    3    1
(advertise)    10    24183.14    12    24
(relay)    11    27    24198.15    24    24135.46    1    1
(relay)    9    8    24219.15    24    24217.91    5    1
(advertise)    10    24219.35    8    24
(relay)    9    9    24262.16    24    24261.99    5    1
(advertise)    10    24262.36    9    24
(relay)    17    19    24288.18    24    24270.39    3    1
(advertise)    10    24288.58    19    24
(relay)    3    15    24309.99    24    24297.86    1    1
(relay)    11    47    24312.79    24    24284.4    1    1
(relay)    11    11    24346.59    24    24346.5    5    1
(advertise)    10    24346.79    11    24
(relay)    9    23    24371.2    24    24369.27    1    1
(relay)    3    0    24373.6    24    24367.14    5    1
(advertise)    10    24374.0    0    24
(relay)    11    20    24397.42    24    24386.71    3    1
(advertise)    10    24397.62    20    24
(heartbeat)    24    6    24430.27    10    24438.83    2    4
(advertise)    10    24439.03    24    6
(relay)    3    3    24447.24    24    24447.08    5    1
(advertise)    10    24460.84    3    24
(relay)    11    13    24464.05    24    24431.47    3    1
(advertise)    10    24483.05    13    24
(relay)    17    6    24506.07    24    24467.65    3    1
(advertise)    10    24506.27    6    24
(relay)    11    2    24511.08    24    24453.48    3    1
(advertise)    10    24527.88    2    24
(relay)    9    43    24545.89    24    24543.45    1    1
(relay)    9    22    24604.89    24    24600.82    1    1
(relay)    9    35    24667.09    24    24662.19    1    1
(relay)    3    5    24707.29    24    24705.52    5    1
(advertise)    10    24707.49    5    24
(relay)    9    42    24783.31    24    24751.76    1    1
(relay)    3    7    24788.31    24    24782.42    3    1
(advertise)    10    24788.51    7    24
(relay)    3    14    24810.12    24    24788.4    1    1
(relay)    11    33    24846.32    24    24844.02    1    1
(relay)    9    28    24847.72    24    24839.98    1    1
(relay)    9    21    24870.12    24    24843.88    1    1
(relay)    11    40    24875.72    24    24869.92    1    1
(relay)    9    16    24901.52    24    24901.24    3    1
(advertise)    10    24901.72    16    24
(relay)    11    18    24924.73    24    24902.93    3    1
(advertise)    10    24924.93    18    24
(relay)    11    26    24947.15    24    24920.88    1    1
(relay)    3    1    24948.35    24    24943.49    5    1
(advertise)    10    24948.75    1    24
(generate)    10    24980.76    [24]    24
(relay)    17    37    24999.57    24    24919.46    1    1
(relay)    3    4    25039.57    25    25037.46    5    1
(advertise)    10    25039.77    4    25
(relay)    11    25    25108.98    25    25107.73    1    1
(relay)    17    17    25129.78    25    25128.82    3    1
(advertise)    10    25129.98    17    25
(relay)    17    32    25154.6    25    25111.08    1    1
(relay)    3    12    25180.2    25    25162.01    3    1
(advertise)    10    25180.4    12    25
(relay)    11    27    25199.21    25    25135.55    1    1
(relay)    9    8    25220.21    25    25217.95    5    1
(advertise)    10    25220.41    8    25
(relay)    9    9    25262.22    25    25262.16    5    1
(advertise)    10    25262.42    9    25
(relay)    17    19    25287.64    25    25270.57    3    1
(advertise)    10    25288.04    19    25
(relay)    17    15    25311.05    25    25298.04    3    1
(advertise)    10    25311.65    15    25
(relay)    11    11    25346.86    25    25346.69    5    1
(advertise)    10    25347.06    11    25
(relay)    3    0    25371.68    25    25367.32    5    1
(advertise)    10    25372.28    0    25
(relay)    11    20    25397.69    25    25386.75    3    1
(advertise)    10    25397.89    20    25
(relay)    11    13    25434.3    25    25431.58    5    1
(advertise)    10    25434.5    13    25
(relay)    3    3    25447.31    25    25447.16    5    1
(relay)    9    2    25456.51    25    25453.49    5    2
(advertise)    10    25457.71    3    25
(advertise)    10    25480.33    2    25
(relay)    3    6    25503.54    25    25467.67    5    1
(advertise)    10    25503.74    6    25
(relay)    17    43    25545.55    25    25543.54    1    1
(relay)    17    22    25605.75    25    25600.86    1    1
(relay)    11    41    25647.15    25    25644.04    1    1
(relay)    9    35    25668.75    25    25662.23    1    1
(relay)    3    5    25706.35    25    25705.6    5    1
(advertise)    10    25706.55    5    25
(relay)    17    42    25759.17    25    25751.9    1    1
(relay)    17    30    25781.77    25    25741.96    1    1
(relay)    3    7    25786.97    25    25782.51    3    1
(advertise)    10    25787.17    7    25
(relay)    3    14    25809.78    25    25788.41    1    1
(relay)    11    33    25848.18    25    25844.2    1    1
(relay)    9    21    25849.18    25    25843.93    1    1
(relay)    9    28    25873.18    25    25840.17    1    1
(relay)    11    40    25876.18    25    25869.97    1    1
(relay)    9    16    25901.78    25    25901.36    3    1
(advertise)    10    25901.98    16    25
(relay)    17    18    25940.59    25    25903.05    3    1
(advertise)    10    25940.79    18    25
(relay)    17    26    25963.61    25    25920.92    1    1
(relay)    3    1    25965.01    25    25943.58    5    1
(advertise)    10    25965.61    1    25
(generate)    10    25980.82    [24]    25
(relay)    17    37    25984.83    25    25920.65    1    1
(relay)    3    4    26039.63    26    26037.47    5    1
(advertise)    10    26039.83    4    26
(relay)    17    34    26055.04    25    25972.47    1    1
(relay)    17    39    26077.04    25    26002.69    1    1
(relay)    11    25    26109.04    26    26107.85    1    1
(relay)    17    17    26129.84    26    26128.91    3    1
(advertise)    10    26130.04    17    26
(relay)    17    32    26144.26    26    26111.24    1    1
(relay)    11    48    26174.46    26    26123.97    1    1
(relay)    3    12    26182.66    26    26162.04    3    1
(advertise)    10    26182.86    12    26
(relay)    11    27    26196.67    26    26135.61    1    1
(relay)    9    8    26220.27    26    26218.01    5    1
(advertise)    10    26220.47    8    26
(relay)    9    9    26262.48    26    26262.32    5    1
(advertise)    10    26262.68    9    26
(relay)    11    19    26288.7    26    26270.76    3    1
(advertise)    10    26289.1    19    26
(relay)    3    15    26313.11    26    26298.19    1    1
(relay)    11    11    26346.91    26    26346.87    5    1
(advertise)    10    26347.11    11    26
(relay)    9    0    26371.12    26    26367.51    5    1
(relay)    17    36    26371.52    26    26347.16    1    2
(advertise)    10    26371.92    0    26
(relay)    9    23    26395.74    26    26369.38    1    1
(relay)    11    20    26398.54    26    26386.94    3    1
(advertise)    10    26398.74    20    26
(relay)    3    13    26432.95    26    26431.65    3    1
(advertise)    10    26433.15    13    26
(relay)    3    3    26447.76    26    26447.22    5    1
(advertise)    10    26454.36    3    26
(relay)    3    2    26455.57    26    26453.51    5    1
(advertise)    10    26476.57    2    26
(relay)    11    6    26502.19    26    26467.85    5    1
(advertise)    10    26502.39    6    26
(relay)    9    22    26603.2    26    26600.9    1    1
(relay)    11    41    26647.6    26    26644.1    1    1
(relay)    17    35    26670.0    26    26663.13    1    1
(relay)    3    5    26706.4    26    26705.68    5    1
(advertise)    10    26706.6    5    26
(relay)    17    42    26759.81    26    26751.91    1    1
(relay)    9    30    26781.21    26    26742.06    1    1
(relay)    3    7    26786.21    26    26782.54    3    1
(advertise)    10    26786.41    7    26
(relay)    3    14    26810.63    26    26788.59    1    1
(relay)    11    33    26848.43    26    26844.39    1    1
(relay)    9    21    26849.63    26    26843.97    1    1
(relay)    11    40    26874.23    26    26869.99    1    1
(relay)    9    28    26891.63    26    26840.19    1    1
(relay)    11    18    26904.23    26    26903.19    3    1
(advertise)    10    26904.43    18    26
(relay)    9    16    26913.24    26    26901.5    3    1
(advertise)    10    26926.44    16    26
(relay)    3    1    26952.25    26    26943.64    5    1
(advertise)    10    26952.45    1    26
(generate)    10    26980.87    [24]    26
(relay)    9    37    27002.88    26    26921.21    1    1
(relay)    11    34    27012.68    26    26973.68    1    1
(relay)    11    4    27039.28    27    27037.49    5    1
(advertise)    10    27039.48    4    27
(relay)    17    25    27110.29    27    27107.96    1    1
(relay)    17    17    27129.89    27    27128.98    3    1
(advertise)    10    27130.09    17    27
(relay)    17    32    27133.3    27    27111.38    1    1
(relay)    11    48    27152.3    27    27123.98    1    1
(relay)    11    27    27174.3    27    27135.68    1    1
(relay)    3    12    27182.3    27    27162.07    3    1
(advertise)    10    27182.5    12    27
(relay)    9    8    27220.32    27    27218.05    5    1
(advertise)    10    27220.52    8    27
(relay)    9    9    27263.13    27    27262.5    5    1
(advertise)    10    27263.33    9    27
(relay)    11    19    27286.14    27    27270.91    3    1
(advertise)    10    27286.34    19    27
(relay)    3    15    27303.16    27    27298.3    1    1
(relay)    11    11    27347.16    27    27347.01    5    1
(advertise)    10    27347.36    11    27
(relay)    9    0    27370.77    27    27367.66    5    1
(advertise)    10    27370.97    0    27
(relay)    17    23    27372.58    27    27369.47    1    1
(relay)    11    20    27397.18    27    27386.95    3    1
(advertise)    10    27398.18    20    27
(relay)    3    13    27433.2    27    27431.72    3    1
(advertise)    10    27433.4    13    27
(relay)    3    3    27447.81    27    27447.28    5    1
(relay)    3    2    27456.61    27    27453.53    5    2
(advertise)    10    27457.01    3    27
(advertise)    10    27478.62    2    27
(relay)    11    6    27499.63    27    27468.02    5    1
(advertise)    10    27501.23    6    27
(relay)    17    43    27547.85    27    27543.74    1    1
(relay)    17    22    27603.05    27    27600.95    1    1
(relay)    17    41    27650.45    27    27644.19    1    1
(relay)    9    35    27671.45    27    27663.22    1    1
(relay)    17    5    27707.05    27    27705.75    3    1
(advertise)    10    27707.25    5    27
(relay)    9    42    27763.06    27    27752.09    1    1
(relay)    17    30    27767.46    27    27742.85    1    1
(relay)    3    7    27786.26    27    27782.6    3    1
(advertise)    10    27786.46    7    27
(relay)    3    14    27811.07    27    27788.77    1    1
(relay)    9    21    27850.67    27    27844.02    1    1
(relay)    11    33    27855.07    27    27844.58    1    1
(relay)    9    28    27871.47    27    27840.22    1    1
(relay)    11    40    27876.67    27    27870.03    1    1
(relay)    9    16    27902.87    27    27901.58    3    1
(advertise)    10    27903.07    16    27
(relay)    11    18    27925.89    27    27903.33    1    1
(relay)    11    26    27949.09    27    27920.99    1    1
(relay)    9    1    27962.49    27    27943.72    5    1
(advertise)    10    27962.69    1    27
(generate)    10    27980.9    [24]    27
(relay)    17    37    27984.71    27    27921.36    1    1
(relay)    11    34    28016.51    27    27973.7    1    1
(relay)    11    4    28039.31    28    28037.5    5    1
(advertise)    10    28039.51    4    28
(relay)    11    39    28079.53    27    28003.05    1    1
(relay)    11    25    28110.73    28    28108.06    1    1
(relay)    17    17    28129.13    28    28129.03    3    1
(advertise)    10    28129.33    17    28
(relay)    17    32    28134.14    28    28111.49    1    1
(relay)    11    48    28153.94    28    28124.17    1    1
(relay)    11    27    28177.34    28    28135.75    1    1
(relay)    3    12    28181.54    28    28162.09    3    1
(advertise)    10    28181.74    12    28
(relay)    9    8    28219.35    28    28218.09    5    1
(advertise)    10    28219.55    8    28
(relay)    9    9    28263.16    28    28262.69    5    1
(advertise)    10    28263.36    9    28
(relay)    11    19    28287.78    28    28270.93    3    1
(advertise)    10    28288.18    19    28
(relay)    3    15    28304.39    28    28298.44    1    1
(relay)    17    47    28309.19    28    28284.76    1    1
(relay)    11    11    28347.79    28    28347.2    5    1
(advertise)    10    28347.99    11    28
(relay)    9    0    28373.2    28    28367.84    5    1
(advertise)    10    28373.4    0    28
(relay)    17    23    28376.22    28    28369.55    1    1
(relay)    9    36    28397.82    28    28347.3    1    1
(relay)    11    20    28400.82    28    28386.96    3    1
(advertise)    10    28401.02    20    28
(relay)    11    13    28433.03    28    28431.81    5    1
(advertise)    10    28433.23    13    28
(relay)    3    3    28447.84    28    28447.32    5    1
(heartbeat)    24    7    28430.28    10    28455.04    2    2
(relay)    3    2    28455.24    28    28453.55    5    3
(advertise)    10    28457.64    3    28
(relay)    9    29    28464.46    28    28361.76    1    3
(advertise)    10    28481.86    24    7
(relay)    11    6    28501.07    28    28468.22    5    3
(advertise)    10    28503.07    2    28
(advertise)    10    28524.08    6    28
(relay)    9    43    28575.49    28    28543.84    1    1
(relay)    9    22    28601.89    28    28601.01    1    1
(relay)    9    35    28670.09    28    28663.32    1    1
(relay)    11    5    28706.89    28    28705.85    5    1
(advertise)    10    28707.09    5    28
(relay)    9    7    28783.51    28    28782.66    5    1
(advertise)    10    28783.71    7    28
(relay)    9    14    28805.92    28    28788.78    3    1
(advertise)    10    28806.72    14    28
(relay)    9    30    28828.93    28    28743.0    1    1
(relay)    17    33    28850.73    28    28844.77    1    1
(relay)    9    21    28850.93    28    28844.09    1    1
(relay)    11    40    28874.53    28    28870.11    1    1
(relay)    17    42    28874.73    28    28752.27    1    1
(relay)    9    28    28897.13    28    28840.25    1    1
(relay)    11    18    28904.33    28    28903.49    3    1
(advertise)    10    28904.53    18    28
(relay)    9    16    28919.55    28    28901.76    3    1
(advertise)    10    28926.75    16    28
(relay)    11    26    28929.36    28    28921.05    1    1
(relay)    3    1    28951.76    28    28943.8    5    1
(advertise)    10    28951.96    1    28
(generate)    10    28980.97    [24]    28
(relay)    11    34    28993.79    28    28973.73    1    1
(relay)    17    37    29028.99    28    28921.53    1    1
(relay)    11    46    29036.39    28    28948.64    1    1
(relay)    3    4    29037.99    29    29037.53    5    1
(advertise)    10    29038.19    4    29
(relay)    11    39    29081.6    28    29003.24    1    1
(relay)    11    25    29110.8    29    29108.17    1    1
(relay)    17    17    29129.2    29    29129.15    3    1
(advertise)    10    29129.4    17    29
(relay)    11    32    29153.81    29    29111.68    1    1
(relay)    17    48    29155.01    29    29124.18    1    1
(relay)    17    27    29180.01    29    29135.84    1    1
(relay)    3    12    29184.21    29    29162.19    3    1
(advertise)    10    29184.41    12    29
(relay)    9    8    29218.62    29    29218.14    5    1
(advertise)    10    29218.82    8    29
(relay)    9    9    29263.24    29    29262.71    5    1
(advertise)    10    29263.44    9    29
(relay)    11    19    29289.25    29    29270.94    3    1
(advertise)    10    29289.45    19    29
(relay)    11    47    29310.46    29    29284.86    1    1
(relay)    17    15    29312.26    29    29298.61    3    1
(advertise)    10    29313.06    15    29
(relay)    11    11    29347.88    29    29347.24    5    1
(advertise)    10    29348.08    11    29
(relay)    3    0    29372.89    29    29368.01    5    1
(advertise)    10    29373.29    0    29
(relay)    11    20    29400.3    29    29386.99    3    1
(advertise)    10    29400.5    20    29
(relay)    9    36    29416.92    29    29347.4    1    1
(relay)    11    13    29433.72    29    29431.9    5    1
(advertise)    10    29433.92    13    29
(relay)    3    3    29447.93    29    29447.4    5    1
(advertise)    10    29456.13    3    29
(relay)    3    2    29457.34    29    29453.57    5    1
(relay)    17    29    29460.34    29    29361.95    1    2
(advertise)    10    29478.34    2    29
(relay)    3    6    29480.95    29    29468.23    5    1
(advertise)    10    29500.15    6    29
(relay)    17    43    29554.57    29    29543.93    1    1
(relay)    9    22    29602.37    29    29601.05    1    1
(relay)    11    41    29650.37    29    29644.29    1    1
(relay)    9    35    29666.97    29    29663.39    1    1
(relay)    3    5    29707.97    29    29705.95    5    1
(advertise)    10    29708.17    5    29
(relay)    9    42    29758.58    29    29752.42    1    1
(relay)    9    30    29782.38    29    29743.15    1    1
(relay)    3    7    29785.58    29    29782.75    3    1
(advertise)    10    29785.78    7    29
(relay)    3    14    29810.39    29    29788.81    1    1
(relay)    9    28    29846.59    29    29840.27    1    1
(relay)    17    33    29854.59    29    29844.77    1    1
(relay)    9    21    29870.19    29    29844.18    1    1
(relay)    11    40    29877.79    29    29870.17    1    1
(relay)    9    16    29903.59    29    29901.91    3    1
(advertise)    10    29903.79    16    29
(relay)    11    18    29905.41    29    29903.67    3    1
(advertise)    10    29926.01    18    29
(relay)    9    1    29948.42    29    29943.87    5    1
(relay)    11    26    29949.02    29    29921.07    1    2
(advertise)    10    29949.62    1    29
(generate)    10    29981.03    [24]    29
(relay)    11    34    29994.65    29    29973.74    1    1
