(relay)    12    4    1036.6    1    1036.0    125    1
(advertise)    13    1036.8    4    1
(relay)    12    25    1105.81    1    1105.01    124    1
(advertise)    13    1106.01    25    1
(relay)    12    17    1130.83    1    1126.03    124    1
(advertise)    13    1131.03    17    1
(relay)    20    27    1152.64    1    1132.04    126    1
(advertise)    13    1153.44    27    1
(relay)    12    12    1161.05    1    1160.05    127    1
(relay)    20    48    1174.65    1    1121.03    123    2
(advertise)    13    1176.45    12    1
(advertise)    13    1198.47    48    1
(relay)    12    8    1245.68    1    1216.08    123    1
(advertise)    13    1245.88    8    1
(relay)    12    9    1270.49    1    1258.09    124    1
(advertise)    13    1270.69    9    1
(relay)    12    19    1293.3    1    1268.09    122    1
(advertise)    13    1293.9    19    1
(relay)    20    15    1317.92    1    1294.32    122    1
(advertise)    13    1318.12    15    1
(relay)    20    47    1340.33    1    1282.12    122    1
(advertise)    13    1340.53    47    1
(relay)    20    38    1363.14    1    1306.12    121    1
(relay)    12    11    1363.74    1    1343.16    126    2
(advertise)    13    1364.74    38    1
(relay)    20    20    1385.36    1    1385.17    127    2
(advertise)    13    1386.96    11    1
(relay)    20    36    1405.97    1    1345.16    119    2
(advertise)    13    1408.37    20    1
(generate)    13    1429.18    [24]    1
(advertise)    13    1430.4    36    1
(relay)    12    29    1453.61    1    1358.16    120    1
(advertise)    13    1455.01    29    1
(relay)    6    6    1464.22    1    1464.18    127    1
(relay)    20    23    1476.02    1    1367.17    118    2
(advertise)    13    1476.82    6    1
(relay)    12    3    1497.23    1    1445.01    124    2
(advertise)    13    1498.03    23    1
(advertise)    13    1520.85    3    1
(relay)    6    2    1564.66    1    1452.02    119    1
(advertise)    13    1564.86    2    1
(relay)    6    43    1595.27    1    1541.06    116    1
(advertise)    13    1595.47    43    1
(relay)    20    22    1618.29    1    1599.1    121    1
(advertise)    13    1618.69    22    1
(relay)    20    41    1644.3    1    1642.11    124    1
(advertise)    13    1644.5    41    1
(relay)    20    45    1669.91    1    1655.13    120    1
(advertise)    13    1670.11    45    1
(relay)    12    31    1695.33    1    1687.13    122    1
(advertise)    13    1695.73    31    1
(relay)    12    5    1719.34    1    1703.15    126    1
(advertise)    13    1719.74    5    1
(relay)    12    35    1740.95    1    1660.13    118    1
(advertise)    13    1741.35    35    1
(relay)    12    30    1767.16    1    1735.16    119    1
(advertise)    13    1767.56    30    1
(relay)    12    44    1793.18    1    1725.15    117    1
(advertise)    13    1793.38    44    1
(relay)    20    7    1815.39    1    1780.0    120    1
(advertise)    13    1816.79    7    1
(relay)    12    14    1838.2    1    1787.0    121    1
(advertise)    13    1839.2    14    1
(relay)    12    21    1861.62    1    1841.03    120    1
(advertise)    13    1861.82    21    1
(relay)    12    42    1883.83    1    1748.13    117    1
(advertise)    13    1884.03    42    1
(relay)    20    33    1886.24    1    1841.0    124    1
(advertise)    13    1906.64    33    1
(relay)    12    16    1928.06    1    1898.06    123    1
(advertise)    13    1929.66    16    1
(relay)    6    28    1953.87    1    1838.03    117    1
(advertise)    13    1954.07    28    1
(relay)    12    26    1975.88    1    1919.06    125    1
(advertise)    13    1976.08    26    1
(relay)    20    18    1996.29    1    1898.06    121    1
(advertise)    13    1998.29    18    1
(relay)    20    34    2016.71    1    1971.07    125    1
(relay)    12    10    2019.71    1    1979.11    125    2
(advertise)    13    2021.11    34    1
(relay)    20    37    2041.92    1    1917.07    120    2
(advertise)    13    2042.52    10    1
(relay)    12    4    2065.13    2    2036.12    125    2
(advertise)    13    2065.53    37    1
(relay)    20    46    2085.55    1    1947.08    121    2
(advertise)    13    2087.95    4    2
(relay)    12    40    2108.36    1    1868.04    117    2
(advertise)    13    2109.56    46    1
(advertise)    13    2131.97    40    1
(relay)    20    27    2133.59    2    2132.17    126    1
(advertise)    13    2153.79    27    2
(relay)    20    39    2156.4    1    1999.12    122    1
(relay)    12    12    2161.2    2    2160.21    127    2
(advertise)    13    2176.2    39    1
(relay)    20    1    2177.41    1    1941.09    112    2
(advertise)    13    2197.81    12    2
(relay)    20    25    2199.02    2    2105.17    124    2
(relay)    12    17    2219.62    2    2126.19    124    3
(advertise)    13    2220.62    1    1
(advertise)    13    2243.84    25    2
(relay)    20    32    2246.05    2    2105.39    123    2
(advertise)    13    2265.85    17    2
(relay)    20    48    2267.46    2    2121.13    123    2
(advertise)    13    2289.26    32    2
(advertise)    13    2310.48    48    2
(relay)    20    19    2312.29    2    2268.26    126    1
(relay)    6    8    2315.89    2    2216.25    121    2
(advertise)    13    2332.89    19    2
(advertise)    13    2354.3    8    2
(relay)    12    11    2355.52    2    2344.52    126    1
(relay)    20    9    2357.72    2    2258.25    122    2
(advertise)    13    2376.12    11    2
(relay)    20    20    2385.53    2    2385.33    127    2
(advertise)    13    2398.13    9    2
(relay)    20    38    2403.54    2    2306.26    121    2
(advertise)    13    2420.14    20    2
(relay)    12    15    2422.95    2    2294.48    122    2
(generate)    13    2429.35    [24]    2
(advertise)    13    2442.57    38    2
(relay)    20    47    2452.58    2    2282.28    120    2
(advertise)    13    2463.58    15    2
(advertise)    13    2485.59    47    2
(relay)    20    36    2497.41    2    2345.32    119    1
(advertise)    13    2507.81    36    2
(relay)    12    29    2511.42    2    2358.32    120    1
(advertise)    13    2530.22    29    2
(relay)    12    6    2533.03    2    2464.29    125    1
(relay)    20    23    2550.43    2    2367.33    122    2
(advertise)    13    2552.83    6    2
(advertise)    13    2573.84    23    2
(relay)    12    3    2575.86    2    2445.19    124    1
(advertise)    13    2595.86    3    2
(relay)    20    0    2616.67    2    2364.33    115    1
(advertise)    13    2618.67    0    2
(relay)    12    2    2624.08    2    2452.19    123    1
(advertise)    13    2642.68    2    2
(relay)    20    43    2671.1    2    2541.23    116    1
(advertise)    13    2671.5    43    2
(relay)    12    41    2694.51    2    2642.3    122    1
(advertise)    13    2694.91    41    2
(relay)    12    5    2715.92    2    2703.32    126    1
(advertise)    13    2717.92    5    2
(relay)    20    45    2719.54    2    2656.51    120    1
(relay)    12    22    2737.34    2    2599.26    121    2
(advertise)    13    2740.34    45    2
(advertise)    13    2763.55    22    2
(relay)    12    31    2785.96    2    2687.31    120    1
(advertise)    13    2786.56    31    2
(relay)    20    30    2807.97    2    2735.35    121    1
(advertise)    13    2808.57    30    2
(relay)    20    35    2827.99    2    2660.28    116    1
(advertise)    13    2830.99    35    2
(relay)    20    33    2851.6    2    2841.2    124    1
(advertise)    13    2854.0    33    2
(relay)    20    40    2874.21    2    2868.23    123    1
(advertise)    13    2876.21    40    2
(relay)    20    44    2897.23    2    2725.32    119    1
(advertise)    13    2898.23    44    2
(relay)    20    14    2918.04    2    2787.17    121    1
(advertise)    13    2919.84    14    2
(relay)    20    18    2942.65    2    2898.45    125    1
(advertise)    13    2942.85    18    2
(relay)    6    7    2944.87    2    2780.17    120    1
(advertise)    13    2964.47    7    2
(relay)    20    42    2966.88    2    2748.27    117    1
(advertise)    13    2987.48    42    2
(relay)    12    16    3008.49    2    2898.24    123    1
(advertise)    13    3010.69    16    2
(relay)    20    34    3031.1    2    2971.24    125    1
(advertise)    13    3032.1    34    2
(relay)    6    26    3033.72    2    2919.24    123    1
(advertise)    13    3054.12    26    2
(relay)    12    21    3074.13    2    2841.2    118    1
(relay)    20    28    3075.93    2    2838.19    115    2
(advertise)    13    3076.13    21    2
(relay)    12    10    3096.34    2    2979.29    123    2
(advertise)    13    3098.94    28    2
(relay)    12    4    3119.76    3    3036.32    125    2
(advertise)    13    3119.96    10    2
(relay)    20    37    3140.97    2    2917.27    120    2
(advertise)    13    3141.37    4    3
(relay)    12    12    3161.38    3    3160.4    127    2
(advertise)    13    3162.98    37    2
(relay)    6    1    3168.2    2    2941.28    122    2
(advertise)    13    3185.0    12    3
(relay)    20    25    3205.01    3    3105.37    124    2
(advertise)    13    3208.61    1    2
(relay)    20    39    3226.42    2    2999.29    122    2
(advertise)    13    3230.42    25    3
(advertise)    13    3252.43    39    2
(relay)    6    17    3276.45    3    3126.37    122    1
(advertise)    13    3276.85    17    3
(relay)    20    32    3294.26    3    3106.18    123    1
(advertise)    13    3299.06    32    3
(relay)    20    48    3317.67    3    3121.33    123    1
(relay)    12    19    3319.27    3    3268.45    126    2
(advertise)    13    3320.07    48    3
(advertise)    13    3341.29    19    3
(relay)    6    27    3364.5    3    3132.36    120    1
(advertise)    13    3364.7    27    3
(relay)    20    9    3383.71    3    3258.45    122    1
(relay)    20    20    3386.11    3    3385.51    127    2
(advertise)    13    3386.71    9    3
(relay)    12    11    3406.93    3    3344.71    126    2
(advertise)    13    3408.93    20    3
(generate)    13    3429.54    [24]    3
(advertise)    13    3431.55    11    3
(relay)    6    8    3453.96    3    3216.42    121    1
(advertise)    13    3454.56    8    3
(relay)    6    6    3464.58    3    3464.49    127    1
(relay)    20    47    3469.98    3    3282.46    122    2
(relay)    12    15    3474.18    3    3294.66    122    3
(advertise)    13    3476.58    6    3
(advertise)    13    3499.79    47    3
(relay)    20    38    3514.8    3    3306.46    121    2
(advertise)    13    3521.6    15    3
(advertise)    13    3544.02    38    3
(relay)    20    36    3556.83    3    3345.51    119    1
(relay)    12    3    3562.03    3    3445.38    124    2
(advertise)    13    3565.23    36    3
(advertise)    13    3587.04    3    3
(relay)    20    29    3601.26    3    3358.51    120    1
(advertise)    13    3609.86    29    3
(relay)    6    2    3615.27    3    3452.58    123    1
(advertise)    13    3632.87    2    3
(relay)    20    23    3643.48    3    3367.53    122    1
(advertise)    13    3653.88    23    3
(relay)    6    0    3659.89    3    3364.51    121    1
(advertise)    13    3674.89    0    3
(relay)    6    5    3705.71    3    3703.52    126    1
(advertise)    13    3705.91    5    3
(relay)    20    41    3710.32    3    3642.48    124    1
(advertise)    13    3727.72    41    3
(relay)    12    43    3739.73    3    3541.42    118    1
(advertise)    13    3749.93    43    3
(relay)    20    22    3779.75    3    3599.46    121    1
(advertise)    13    3779.95    22    3
(relay)    20    45    3802.96    3    3656.69    120    1
(advertise)    13    3803.96    45    3
(relay)    12    31    3807.17    3    3687.49    122    1
(advertise)    13    3826.57    31    3
(relay)    20    33    3856.19    3    3841.4    124    1
(advertise)    13    3856.39    33    3
(relay)    20    44    3879.8    3    3725.52    119    1
(advertise)    13    3880.6    44    3
(relay)    20    30    3924.61    3    3735.55    121    1
(advertise)    13    3924.81    30    3
(relay)    12    18    3927.42    3    3898.64    125    1
(advertise)    13    3946.82    18    3
(relay)    12    35    3950.24    3    3660.47    118    1
(advertise)    13    3969.84    35    3
(relay)    20    40    3991.45    3    3868.42    123    1
(advertise)    13    3994.25    40    3
(relay)    12    26    4016.66    3    3919.44    125    1
(advertise)    13    4017.26    26    3
(relay)    20    14    4037.28    3    3787.36    121    1
(advertise)    13    4039.48    14    3
(relay)    20    42    4058.89    3    3748.44    117    1
(relay)    12    10    4060.49    3    3979.49    125    2
(advertise)    13    4060.69    42    3
(relay)    20    34    4080.3    3    3971.44    125    2
(advertise)    13    4083.3    10    3
(relay)    20    16    4102.52    3    3898.44    123    2
(advertise)    13    4104.52    34    3
(relay)    6    4    4110.53    4    4036.52    125    2
(advertise)    13    4125.93    16    3
(relay)    20    46    4146.54    3    3947.48    121    2
(advertise)    13    4148.14    4    4
(relay)    12    12    4161.55    4    4160.59    127    2
(relay)    20    27    4167.35    4    4132.55    126    3
(advertise)    13    4169.95    46    3
(relay)    12    1    4172.57    3    3941.46    122    3
(advertise)    13    4190.97    12    4
(relay)    12    21    4195.38    3    3841.4    120    3
(advertise)    13    4213.18    27    4
(relay)    12    39    4217.99    3    3999.49    122    3
(relay)    20    37    4234.19    3    3917.45    120    4
(advertise)    13    4236.39    1    3
(advertise)    13    4259.01    21    3
(advertise)    13    4280.22    39    3
(advertise)    13    4302.23    37    3
(relay)    12    17    4305.85    4    4126.38    124    1
(advertise)    13    4323.25    17    4
(relay)    12    19    4327.46    4    4268.65    126    1
(advertise)    13    4344.46    19    4
(relay)    12    28    4349.47    3    3838.39    119    1
(advertise)    13    4367.07    28    3
(relay)    12    11    4370.48    4    4344.91    126    1
(relay)    20    20    4386.28    4    4385.68    127    2
(advertise)    13    4388.68    11    4
(relay)    20    25    4390.9    4    4105.57    122    2
(relay)    12    32    4392.9    4    4106.37    123    3
(advertise)    13    4410.3    20    4
(generate)    13    4429.71    [24]    4
(advertise)    13    4433.12    25    4
(relay)    12    9    4436.34    4    4258.63    124    2
(advertise)    13    4454.14    32    4
(relay)    12    48    4457.75    4    4121.52    121    2
(relay)    6    6    4465.15    4    4464.68    127    3
(advertise)    13    4476.15    9    4
(relay)    20    38    4498.76    4    4306.66    121    3
(advertise)    13    4498.96    48    4
(relay)    12    15    4503.58    4    4294.86    122    3
(advertise)    13    4520.58    6    4
(relay)    20    36    4541.19    4    4345.7    119    3
(advertise)    13    4542.59    38    4
(relay)    12    3    4547.0    4    4445.58    124    3
(relay)    20    8    4562.8    4    4216.62    121    4
(advertise)    13    4564.8    15    4
(relay)    20    29    4586.41    4    4358.71    118    4
(advertise)    13    4587.41    36    4
(advertise)    13    4609.43    3    4
(advertise)    13    4631.24    8    4
(relay)    6    2    4644.05    4    4452.78    123    2
(advertise)    13    4653.25    29    4
(relay)    12    0    4655.67    4    4364.7    121    2
(advertise)    13    4674.87    2    4
(advertise)    13    4696.88    0    4
(heartbeat)    24    1    4430.2    13    4700.49    127    0
(advertise)    13    4719.49    24    1
(relay)    6    5    4737.71    4    4703.71    126    1
(relay)    20    41    4740.91    4    4642.49    4    2
(advertise)    13    4741.11    5    4
(advertise)    13    4762.92    41    4
(relay)    12    23    4767.73    4    4367.71    120    1
(advertise)    13    4784.13    23    4
(relay)    20    43    4807.94    4    4541.61    118    1
(advertise)    13    4808.14    43    4
(relay)    12    47    4813.36    4    4282.66    118    1
(advertise)    13    4830.36    47    4
(relay)    20    26    4925.37    4    4919.64    2    1
(advertise)    13    4925.57    26    4
(relay)    6    35    4934.18    4    4660.65    116    1
(advertise)    13    4946.58    35    4
(relay)    20    40    4949.0    4    4868.62    2    1
(advertise)    13    4968.0    40    4
(relay)    12    1    4970.61    4    4941.65    2    1
(advertise)    13    4990.21    1    4
(relay)    12    10    5000.42    4    4979.65    2    1
(relay)    20    34    5009.82    4    4971.64    4    2
(advertise)    13    5013.02    10    4
(advertise)    13    5035.04    34    4
(relay)    12    4    5101.25    5    5036.64    4    1
(advertise)    13    5101.45    4    5
(relay)    20    27    5134.86    5    5132.73    4    1
(advertise)    13    5135.06    27    5
(relay)    12    12    5160.87    5    5160.73    6    1
(advertise)    13    5161.07    12    5
(relay)    20    48    5182.49    5    5121.66    4    1
(advertise)    13    5183.29    48    5
(relay)    12    19    5269.3    5    5268.82    4    1
(advertise)    13    5269.5    19    5
(relay)    20    47    5292.11    5    5282.77    2    1
(advertise)    13    5293.91    47    5
(relay)    12    11    5345.53    5    5345.08    4    1
(advertise)    13    5345.73    11    5
(relay)    6    0    5376.34    5    5364.71    2    1
(advertise)    13    5376.54    0    5
(relay)    20    20    5386.35    5    5385.74    6    1
(advertise)    13    5399.75    20    5
(generate)    13    5429.77    [24]    5
(relay)    20    3    5464.58    5    5445.64    2    1
(advertise)    13    5464.78    3    5
(relay)    12    6    5479.59    5    5464.87    6    1
(advertise)    13    5486.39    6    5
(relay)    12    2    5502.8    5    5452.79    2    1
(advertise)    13    5508.4    2    5
(relay)    20    41    5645.42    5    5642.67    4    1
(advertise)    13    5645.62    41    5
(relay)    6    5    5704.23    5    5703.9    8    1
(advertise)    13    5704.43    5    5
(relay)    12    7    5804.84    5    5780.75    2    1
(advertise)    13    5805.04    7    5
(relay)    12    33    5845.06    5    5841.69    2    1
(advertise)    13    5845.26    33    5
(relay)    12    40    5873.27    5    5868.73    2    1
(advertise)    13    5873.47    40    5
(relay)    20    18    5900.08    5    5899.01    2    1
(advertise)    13    5900.28    18    5
(relay)    20    26    5922.9    5    5919.73    2    1
(advertise)    13    5923.1    26    5
(relay)    12    1    5949.51    5    5941.8    2    1
(advertise)    13    5949.71    1    5
(relay)    12    10    5980.72    5    5979.68    4    1
(advertise)    13    5980.92    10    5
(relay)    20    34    6004.33    5    5971.72    4    1
(advertise)    13    6004.93    34    5
(relay)    12    4    6039.55    6    6036.64    4    1
(advertise)    13    6039.75    4    6
(relay)    20    27    6135.16    6    6132.9    4    1
(advertise)    13    6135.36    27    6
(relay)    12    12    6160.97    6    6160.79    6    1
(advertise)    13    6161.37    12    6
(relay)    20    48    6185.19    6    6121.67    2    1
(advertise)    13    6185.79    48    6
(relay)    12    8    6222.0    6    6216.8    2    1
(advertise)    13    6222.2    8    6
(relay)    12    9    6260.21    6    6259.02    2    1
(advertise)    13    6260.41    9    6
(relay)    20    19    6270.03    6    6268.82    4    1
(advertise)    13    6283.63    19    6
(relay)    20    47    6296.44    6    6282.89    2    1
(advertise)    13    6305.24    47    6
(relay)    12    11    6345.45    6    6345.09    4    1
(advertise)    13    6345.65    11    6
(relay)    12    0    6371.66    6    6364.73    2    1
(advertise)    13    6371.86    0    6
(relay)    20    20    6386.28    6    6385.79    6    1
(advertise)    13    6392.88    20    6
(generate)    13    6429.89    [24]    6
(relay)    6    3    6457.1    6    6445.73    4    1
(advertise)    13    6457.3    3    6
(relay)    6    6    6465.52    6    6465.06    8    1
(advertise)    13    6479.12    6    6
(relay)    12    2    6502.93    6    6452.84    2    1
(advertise)    13    6504.13    2    6
(relay)    20    41    6645.54    6    6642.74    4    1
(advertise)    13    6645.74    41    6
(relay)    20    5    6704.96    6    6703.98    6    1
(advertise)    13    6705.16    5    6
(relay)    20    33    6845.97    6    6841.87    2    1
(advertise)    13    6846.17    33    6
(relay)    12    40    6880.18    6    6868.78    2    1
(advertise)    13    6880.38    40    6
(relay)    20    18    6903.19    6    6899.2    2    1
(advertise)    13    6903.79    18    6
(relay)    12    26    6925.81    6    6919.82    2    1
(advertise)    13    6927.01    26    6
(relay)    6    1    6952.62    6    6941.89    2    1
(advertise)    13    6953.22    1    6
(relay)    12    10    6981.63    6    6979.76    2    1
(advertise)    13    6981.83    10    6
(relay)    20    34    6991.85    6    6971.79    4    1
(advertise)    13    7006.05    34    6
(relay)    6    4    7040.26    7    7036.66    4    1
(advertise)    13    7040.46    4    7
(relay)    20    48    7132.07    7    7121.86    4    1
(advertise)    13    7132.27    48    7
(relay)    20    27    7153.49    7    7133.04    4    1
(advertise)    13    7156.29    27    7
(relay)    12    12    7160.9    7    7160.87    6    1
(advertise)    13    7178.3    12    7
(relay)    12    8    7239.31    7    7216.87    2    1
(advertise)    13    7239.51    8    7
(relay)    12    9    7262.32    7    7259.2    2    1
(advertise)    13    7262.52    9    7
(relay)    20    19    7270.14    7    7268.86    4    1
(advertise)    13    7284.34    19    7
(relay)    20    47    7296.95    7    7282.96    2    1
(advertise)    13    7308.35    47    7
(relay)    12    11    7345.56    7    7345.14    4    1
(advertise)    13    7345.76    11    7
(relay)    12    0    7374.38    7    7364.76    2    1
(advertise)    13    7374.58    0    7
(relay)    20    20    7386.79    7    7385.82    6    1
(advertise)    13    7396.19    20    7
(generate)    13    7430.0    [24]    7
(relay)    12    3    7455.02    7    7445.82    4    1
(advertise)    13    7455.22    3    7
(relay)    6    6    7465.63    7    7465.06    8    1
(advertise)    13    7477.23    6    7
(relay)    12    2    7478.84    7    7452.89    2    1
(advertise)    13    7498.44    2    7
(relay)    20    41    7645.65    7    7642.8    4    1
(advertise)    13    7645.85    41    7
(relay)    12    5    7704.67    7    7704.08    8    1
(advertise)    13    7704.87    5    7
(relay)    20    33    7846.88    7    7842.04    2    1
(advertise)    13    7847.08    33    7
(relay)    20    40    7871.29    7    7868.83    2    1
(advertise)    13    7871.49    40    7
(relay)    20    18    7901.31    7    7899.37    2    1
(advertise)    13    7901.51    18    7
(relay)    20    26    7923.92    7    7919.93    2    1
(advertise)    13    7924.92    26    7
(relay)    20    34    7994.73    7    7971.85    4    1
(advertise)    13    7994.93    34    7
(relay)    6    4    8040.15    8    8036.67    4    1
(advertise)    13    8040.35    4    8
(relay)    20    48    8133.56    8    8121.89    4    1
(advertise)    13    8133.76    48    8
(relay)    12    12    8160.97    8    8160.92    6    1
(advertise)    13    8161.17    12    8
(relay)    12    27    8198.38    8    8133.58    2    1
(advertise)    13    8198.58    27    8
(relay)    20    19    8270.2    8    8268.9    4    1
(advertise)    13    8270.4    19    8
(relay)    20    47    8297.01    8    8283.02    2    1
(advertise)    13    8298.01    47    8
(relay)    12    11    8345.42    8    8345.16    4    1
(advertise)    13    8345.62    11    8
(relay)    12    0    8374.44    8    8364.95    2    1
(advertise)    13    8374.64    0    8
(relay)    20    20    8386.85    8    8385.85    6    1
(advertise)    13    8395.85    20    8
(generate)    13    8430.06    [24]    8
(heartbeat)    24    2    8430.21    13    8453.08    5    5
(advertise)    13    8453.28    24    2
(relay)    6    6    8465.89    8    8465.25    8    1
(advertise)    13    8474.49    6    8
(relay)    6    2    8499.9    8    8452.92    2    1
(advertise)    13    8500.1    2    8
(relay)    20    41    8646.51    8    8642.88    4    1
(advertise)    13    8646.71    41    8
(relay)    20    5    8705.53    8    8704.15    6    1
(advertise)    13    8705.73    5    8
(relay)    12    7    8789.74    8    8780.99    2    1
(advertise)    13    8789.94    7    8
(relay)    20    33    8846.55    8    8842.06    2    1
(advertise)    13    8846.75    33    8
(relay)    20    40    8870.57    8    8868.89    2    1
(advertise)    13    8870.97    40    8
(relay)    20    18    8901.98    8    8899.56    2    1
(advertise)    13    8902.18    18    8
(relay)    12    26    8925.39    8    8920.01    2    1
(advertise)    13    8925.79    26    8
(relay)    6    1    8948.41    8    8942.06    2    1
(advertise)    13    8949.41    1    8
(relay)    20    34    8977.22    8    8971.93    4    1
(advertise)    13    8977.42    34    8
(relay)    12    10    9001.43    8    8979.89    2    1
(advertise)    13    9001.63    10    8
(relay)    6    4    9038.24    9    9036.71    4    1
(advertise)    13    9038.44    4    9
(relay)    20    48    9130.26    9    9121.91    4    1
(advertise)    13    9130.46    48    9
(relay)    20    27    9152.87    9    9133.73    4    1
(advertise)    13    9154.27    27    9
(relay)    12    12    9161.48    9    9161.01    6    1
(advertise)    13    9175.28    12    9
(relay)    12    9    9262.3    9    9259.54    2    1
(advertise)    13    9262.5    9    9
(relay)    20    19    9270.51    9    9268.92    4    1
(advertise)    13    9285.11    19    9
(relay)    20    47    9298.92    9    9283.08    2    1
(advertise)    13    9306.52    47    9
(relay)    12    11    9346.34    9    9345.17    4    1
(advertise)    13    9346.54    11    9
(relay)    12    0    9375.55    9    9365.15    2    1
(advertise)    13    9375.75    0    9
(relay)    20    20    9386.96    9    9385.89    6    1
(advertise)    13    9398.56    20    9
(generate)    13    9430.17    [24]    9
(relay)    12    3    9456.19    9    9445.99    2    1
(advertise)    13    9456.39    3    9
(relay)    6    6    9466.2    9    9465.25    8    1
(advertise)    13    9480.4    6    9
(relay)    20    41    9647.21    9    9642.95    4    1
(advertise)    13    9647.41    41    9
(relay)    12    5    9705.43    9    9704.28    8    1
(advertise)    13    9705.63    5    9
(relay)    20    33    9844.04    9    9842.24    2    1
(advertise)    13    9844.24    33    9
(relay)    20    40    9871.65    9    9868.94    2    1
(advertise)    13    9871.85    40    9
(relay)    20    18    9902.07    9    9899.6    2    1
(advertise)    13    9902.27    18    9
(relay)    12    26    9925.28    9    9920.08    2    1
(advertise)    13    9925.48    26    9
(relay)    12    1    9947.09    9    9942.16    2    1
(advertise)    13    9947.49    1    9
(relay)    20    34    9990.31    9    9971.98    4    1
(advertise)    13    9990.51    34    9
(relay)    12    4    10037.72    10    10036.73    4    1
(advertise)    13    10037.92    4    10
(relay)    20    48    10130.53    10    10121.92    4    1
(advertise)    13    10130.73    48    10
(relay)    20    27    10152.14    10    10133.86    4    1
(advertise)    13    10153.74    27    10
(relay)    12    12    10161.56    10    10161.07    6    1
(advertise)    13    10177.76    12    10
(relay)    12    19    10270.77    10    10268.95    4    1
(advertise)    13    10270.97    19    10
(relay)    20    47    10298.18    10    10283.2    2    1
(advertise)    13    10298.38    47    10
(relay)    12    11    10346.4    10    10345.18    4    1
(advertise)    13    10346.6    11    10
(relay)    6    0    10379.01    10    10365.15    2    1
(advertise)    13    10379.21    0    10
(relay)    20    20    10386.82    10    10385.9    6    1
(advertise)    13    10402.42    20    10
(generate)    13    10430.24    [24]    10
(relay)    12    3    10457.05    10    10446.09    2    1
(advertise)    13    10457.25    3    10
(relay)    6    6    10466.46    10    10465.45    8    1
(advertise)    13    10478.26    6    10
(relay)    12    2    10501.27    10    10453.0    2    1
(advertise)    13    10502.27    2    10
(relay)    20    41    10647.69    10    10643.02    4    1
(advertise)    13    10647.89    41    10
(relay)    12    5    10705.9    10    10704.38    8    1
(advertise)    13    10706.1    5    10
(relay)    20    33    10843.51    10    10842.42    2    1
(advertise)    13    10843.71    33    10
(relay)    20    40    10872.33    10    10869.01    2    1
(advertise)    13    10872.73    40    10
(relay)    12    18    10902.54    10    10899.79    2    1
(advertise)    13    10902.74    18    10
(relay)    20    26    10927.15    10    10920.15    2    1
(advertise)    13    10928.15    26    10
(relay)    6    1    10965.37    10    10942.24    2    1
(advertise)    13    10965.57    1    10
(relay)    20    34    10976.58    10    10972.04    4    1
(advertise)    13    10987.18    34    10
(relay)    12    10    11011.99    10    10980.04    2    1
(advertise)    13    11012.99    10    10
(relay)    6    4    11037.6    11    11036.75    4    1
(advertise)    13    11038.2    4    11
(relay)    20    48    11130.42    11    11121.92    4    1
(advertise)    13    11130.62    48    11
(relay)    20    27    11153.23    11    11133.98    4    1
(advertise)    13    11153.63    27    11
(relay)    12    12    11161.64    11    11161.1    6    1
(advertise)    13    11175.64    12    11
(relay)    12    8    11218.46    11    11217.15    2    1
(advertise)    13    11218.66    8    11
(relay)    12    9    11263.67    11    11259.89    2    1
(advertise)    13    11263.87    9    11
(relay)    20    19    11271.28    11    11268.99    4    1
(advertise)    13    11285.68    19    11
(relay)    20    47    11296.5    11    11283.31    2    1
(advertise)    13    11308.1    47    11
(relay)    12    11    11346.51    11    11345.18    4    1
(advertise)    13    11346.71    11    11
(relay)    12    0    11376.12    11    11365.34    2    1
(advertise)    13    11376.32    0    11
(relay)    20    20    11385.93    11    11385.92    6    1
(advertise)    13    11397.33    20    11
(generate)    13    11430.35    [24]    11
(relay)    12    3    11457.16    11    11446.19    2    1
(advertise)    13    11457.36    3    11
(relay)    6    6    11466.57    11    11465.65    8    1
(advertise)    13    11479.57    6    11
(relay)    6    2    11500.79    11    11453.04    2    1
(advertise)    13    11503.39    2    11
(relay)    20    41    11645.6    11    11643.08    2    1
(advertise)    13    11645.8    41    11
(relay)    20    5    11707.81    11    11704.45    6    1
(advertise)    13    11708.01    5    11
(relay)    12    7    11784.63    11    11781.24    2    1
(advertise)    13    11784.83    7    11
(relay)    12    33    11843.44    11    11842.42    2    1
(advertise)    13    11843.64    33    11
(relay)    20    40    11872.45    11    11869.08    2    1
(advertise)    13    11872.65    40    11
(relay)    12    18    11902.86    11    11899.82    2    1
(advertise)    13    11903.06    18    11
(relay)    20    26    11924.28    11    11920.21    2    1
(advertise)    13    11925.48    26    11
(relay)    6    1    11944.49    11    11942.33    2    1
(advertise)    13    11946.49    1    11
(relay)    20    34    11974.9    11    11972.08    4    1
(advertise)    13    11975.1    34    11
(relay)    6    4    12037.92    12    12036.77    4    1
(advertise)    13    12038.12    4    12
(relay)    20    48    12130.33    12    12121.94    4    1
(advertise)    13    12130.53    48    12
(relay)    20    27    12153.54    12    12134.08    4    1
(advertise)    13    12154.74    27    12
(relay)    12    12    12162.16    12    12161.19    6    1
(advertise)    13    12176.16    12    12
(relay)    12    9    12264.17    12    12259.9    2    1
(advertise)    13    12264.37    9    12
(relay)    20    19    12271.98    12    12269.03    2    1
(advertise)    13    12285.58    19    12
(relay)    20    47    12294.39    12    12283.34    2    1
(advertise)    13    12308.59    47    12
(relay)    12    11    12347.41    12    12345.21    4    1
(advertise)    13    12347.61    11    12
(relay)    6    0    12373.62    12    12365.34    2    1
(advertise)    13    12374.02    0    12
(relay)    20    20    12386.03    12    12385.94    6    1
(advertise)    13    12396.43    20    12
(generate)    13    12430.45    [24]    12
(relay)    12    3    12459.06    12    12446.27    2    1
(advertise)    13    12459.26    3    12
(relay)    6    6    12465.87    12    12465.83    8    1
(advertise)    13    12481.67    6    12
(heartbeat)    24    3    12430.23    13    12505.29    5    5
(advertise)    13    12505.89    24    3
(relay)    20    41    12644.7    12    12643.17    2    1
(advertise)    13    12644.9    41    12
(relay)    12    5    12706.71    12    12704.55    6    1
(advertise)    13    12706.91    5    12
(relay)    20    33    12844.72    12    12842.6    2    1
(advertise)    13    12844.92    33    12
(relay)    20    40    12873.14    12    12869.16    2    1
(advertise)    13    12873.34    40    12
(relay)    20    18    12902.75    12    12899.98    2    1
(advertise)    13    12902.95    18    12
(relay)    20    26    12924.76    12    12920.29    2    1
(advertise)    13    12924.96    26    12
(relay)    6    1    12957.78    12    12942.38    2    1
(advertise)    13    12957.98    1    12
(relay)    20    34    12975.99    12    12972.13    4    1
(advertise)    13    12980.79    34    12
(relay)    12    10    13006.4    12    12980.17    2    1
(advertise)    13    13006.6    10    12
(relay)    12    4    13038.42    13    13036.79    4    1
(advertise)    13    13038.62    4    13
(relay)    20    27    13135.43    13    13134.18    4    1
(advertise)    13    13135.63    27    13
(relay)    20    48    13160.44    13    13121.95    4    1
(advertise)    13    13160.84    48    13
(relay)    12    12    13162.25    13    13161.21    6    1
(advertise)    13    13182.05    12    13
(relay)    12    8    13221.07    13    13217.3    2    1
(advertise)    13    13221.27    8    13
(relay)    12    9    13264.68    13    13260.09    2    1
(advertise)    13    13264.88    9    13
(relay)    20    19    13270.49    13    13269.22    4    1
(advertise)    13    13285.89    19    13
(relay)    20    47    13296.31    13    13283.44    2    1
(advertise)    13    13308.71    47    13
(relay)    12    11    13347.52    13    13345.37    4    1
(advertise)    13    13347.72    11    13
(relay)    12    0    13373.53    13    13365.53    2    1
(advertise)    13    13373.73    0    13
(relay)    20    20    13386.15    13    13385.97    6    1
(advertise)    13    13396.95    20    13
(generate)    13    13430.56    [24]    13
(relay)    12    3    13458.17    13    13446.35    2    1
(advertise)    13    13458.37    3    13
(relay)    6    6    13465.98    13    13465.98    8    1
(relay)    12    2    13479.78    13    13453.12    2    2
(advertise)    13    13481.78    6    13
(advertise)    13    13503.8    2    13
(relay)    20    41    13644.21    13    13643.24    4    1
(advertise)    13    13644.41    41    13
(relay)    20    5    13709.22    13    13704.6    4    1
(advertise)    13    13709.42    5    13
(relay)    12    7    13787.84    13    13781.48    2    1
(advertise)    13    13788.04    7    13
(relay)    12    33    13844.85    13    13842.77    2    1
(advertise)    13    13845.05    33    13
(relay)    20    40    13874.46    13    13869.19    2    1
(advertise)    13    13874.66    40    13
(relay)    20    18    13902.88    13    13900.16    2    1
(advertise)    13    13903.08    18    13
(relay)    12    26    13924.29    13    13920.33    2    1
(advertise)    13    13924.89    26    13
(relay)    6    1    13949.7    13    13942.46    2    1
(advertise)    13    13949.9    1    13
(relay)    20    34    13975.71    13    13972.15    4    1
(advertise)    13    13975.91    34    13
(relay)    12    10    13999.53    13    13980.23    2    1
(advertise)    13    14000.53    10    13
(relay)    6    4    14038.74    14    14036.8    4    1
(advertise)    13    14038.94    4    14
(relay)    20    48    14130.95    14    14122.13    4    1
(advertise)    13    14131.15    48    14
(relay)    20    27    14153.97    14    14134.25    4    1
(advertise)    13    14154.17    27    14
(relay)    12    12    14162.38    14    14161.33    6    1
(advertise)    13    14176.38    12    14
(relay)    12    9    14263.99    14    14260.24    2    1
(advertise)    13    14264.19    9    14
(relay)    20    19    14269.61    14    14269.24    4    1
(advertise)    13    14286.41    19    14
(relay)    12    11    14347.82    14    14345.55    4    1
(advertise)    13    14348.02    11    14
(relay)    12    0    14373.63    14    14365.7    2    1
(advertise)    13    14374.03    0    14
(relay)    20    20    14386.44    14    14385.98    6    1
(advertise)    13    14397.24    20    14
(generate)    13    14430.66    [24]    14
(relay)    12    3    14456.87    14    14446.41    2    1
(advertise)    13    14457.07    3    14
(relay)    6    6    14466.28    14    14466.17    8    1
(advertise)    13    14478.28    6    14
(relay)    6    2    14501.7    14    14453.14    2    1
(advertise)    13    14501.9    2    14
(relay)    20    41    14645.31    14    14643.3    4    1
(advertise)    13    14645.51    41    14
(relay)    6    5    14706.72    14    14704.68    6    1
(advertise)    13    14706.92    5    14
(relay)    12    7    14787.54    14    14781.55    2    1
(advertise)    13    14787.74    7    14
(relay)    12    33    14853.35    14    14842.78    2    1
(advertise)    13    14853.55    33    14
(relay)    12    40    14876.36    14    14869.24    2    1
(advertise)    13    14876.96    40    14
(relay)    20    26    14926.57    14    14920.38    2    1
(advertise)    13    14926.77    26    14
(relay)    6    1    14946.79    14    14942.55    2    1
(advertise)    13    14948.99    1    14
(relay)    20    34    14976.2    14    14972.18    4    1
(advertise)    13    14976.4    34    14
(relay)    12    4    15039.01    15    15036.81    4    1
(advertise)    13    15039.21    4    15
(relay)    20    48    15132.23    15    15122.32    4    1
(advertise)    13    15132.43    48    15
(relay)    20    27    15155.04    15    15134.35    4    1
(advertise)    13    15155.64    27    15
(relay)    12    12    15162.45    15    15161.41    6    1
(advertise)    13    15178.65    12    15
(relay)    12    8    15222.47    15    15217.43    2    1
(advertise)    13    15222.67    8    15
(relay)    12    19    15269.88    15    15269.26    4    1
(advertise)    13    15270.08    19    15
(relay)    20    47    15295.29    15    15283.61    2    1
(advertise)    13    15295.49    47    15
(relay)    12    11    15346.7    15    15345.55    2    1
(advertise)    13    15346.9    11    15
(relay)    12    0    15372.92    15    15365.86    2    1
(advertise)    13    15373.12    0    15
(relay)    20    20    15386.53    15    15385.99    6    1
(advertise)    13    15395.33    20    15
(generate)    13    15430.74    [24]    15
(relay)    6    3    15454.56    15    15446.48    2    1
(advertise)    13    15454.76    3    15
(relay)    6    6    15466.97    15    15466.36    8    1
(advertise)    13    15477.17    6    15
(relay)    12    2    15500.18    15    15453.15    2    1
(advertise)    13    15501.38    2    15
(relay)    20    41    15645.4    15    15643.39    4    1
(advertise)    13    15645.6    41    15
(relay)    6    5    15706.01    15    15704.76    6    1
(advertise)    13    15706.21    5    15
(relay)    12    33    15846.22    15    15842.78    2    1
(advertise)    13    15846.42    33    15
(relay)    12    18    15901.03    15    15900.46    2    1
(advertise)    13    15901.23    18    15
(relay)    12    26    15925.05    15    15920.41    2    1
(advertise)    13    15925.25    26    15
(relay)    6    1    15949.86    15    15942.6    2    1
(advertise)    13    15950.26    1    15
(relay)    20    34    15993.27    15    15972.22    4    1
(advertise)    13    15993.47    34    15
(relay)    20    4    16042.29    16    16037.02    2    1
(advertise)    13    16042.49    4    16
(relay)    20    48    16132.5    16    16122.32    4    1
(advertise)    13    16132.7    48    16
(relay)    20    27    16154.51    16    16134.41    4    1
(advertise)    13    16154.71    27    16
(relay)    12    12    16161.53    16    16161.48    6    1
(advertise)    13    16177.13    12    16
(relay)    12    8    16222.74    16    16217.47    2    1
(advertise)    13    16222.94    8    16
(relay)    12    9    16261.75    16    16260.6    2    1
(advertise)    13    16261.95    9    16
(relay)    20    19    16270.16    16    16269.45    4    1
(advertise)    13    16283.96    19    16
(relay)    20    47    16298.38    16    16283.69    2    1
(advertise)    13    16305.98    47    16
(relay)    12    11    16345.99    16    16345.57    4    1
(advertise)    13    16346.19    11    16
(relay)    12    0    16371.2    16    16366.03    2    1
(advertise)    13    16371.4    0    16
(relay)    20    20    16386.82    16    16386.18    6    1
(advertise)    13    16393.42    20    16
(generate)    13    16430.83    [24]    16
(relay)    12    3    16454.64    16    16446.54    2    1
(advertise)    13    16454.84    3    16
(heartbeat)    24    4    16430.24    13    16457.26    5    7
(relay)    6    6    16467.06    16    16466.54    8    2
(advertise)    13    16477.66    24    4
(advertise)    13    16499.87    6    16
(relay)    12    2    16524.28    16    16453.15    2    1
(advertise)    13    16524.68    2    16
(relay)    20    41    16645.69    16    16643.46    4    1
(advertise)    13    16645.89    41    16
(relay)    12    5    16705.11    16    16704.83    6    1
(advertise)    13    16705.31    5    16
(relay)    20    33    16846.72    16    16842.96    2    1
(advertise)    13    16846.92    33    16
(relay)    20    40    16872.33    16    16869.34    2    1
(advertise)    13    16873.13    40    16
(relay)    20    26    16922.35    16    16920.46    2    1
(advertise)    13    16922.55    26    16
(relay)    20    18    16944.56    16    16901.85    2    1
(advertise)    13    16944.76    18    16
(relay)    6    1    16950.17    16    16942.69    2    1
(advertise)    13    16966.57    1    16
(relay)    20    34    16988.19    16    16972.27    4    1
(advertise)    13    16989.99    34    16
(relay)    12    4    17040.4    17    17037.02    4    1
(advertise)    13    17040.6    4    17
(relay)    20    48    17134.01    17    17122.51    4    1
(advertise)    13    17134.21    48    17
(relay)    20    27    17155.02    17    17134.72    4    1
(advertise)    13    17156.22    27    17
(relay)    12    12    17161.64    17    17161.56    6    1
(advertise)    13    17177.44    12    17
(relay)    12    8    17222.85    17    17217.53    2    1
(advertise)    13    17223.05    8    17
(relay)    12    9    17262.06    17    17260.74    2    1
(advertise)    13    17262.26    9    17
(relay)    20    19    17270.68    17    17269.49    4    1
(advertise)    13    17285.28    19    17
(relay)    20    47    17298.09    17    17283.8    2    1
(advertise)    13    17306.69    47    17
(relay)    12    11    17345.9    17    17345.6    4    1
(advertise)    13    17346.1    11    17
(relay)    12    0    17373.12    17    17366.04    2    1
(advertise)    13    17373.32    0    17
(relay)    20    20    17386.73    17    17386.22    6    1
(advertise)    13    17394.93    20    17
(generate)    13    17430.94    [24]    17
(relay)    12    3    17456.35    17    17446.62    2    1
(advertise)    13    17456.55    3    17
(relay)    6    6    17467.17    17    17466.55    8    1
(advertise)    13    17477.57    6    17
(relay)    12    2    17503.18    17    17453.17    2    1
(advertise)    13    17503.38    2    17
(relay)    20    41    17647.19    17    17643.53    4    1
(advertise)    13    17647.39    41    17
(relay)    20    5    17706.41    17    17704.93    4    1
(advertise)    13    17706.61    5    17
(relay)    20    33    17847.22    17    17843.12    2    1
(advertise)    13    17847.42    33    17
(relay)    20    40    17871.63    17    17869.38    2    1
(advertise)    13    17871.83    40    17
(relay)    12    18    17903.85    17    17901.99    2    1
(advertise)    13    17904.05    18    17
(relay)    12    26    17927.06    17    17920.52    2    1
(advertise)    13    17928.26    26    17
(relay)    20    34    17991.27    17    17972.3    4    1
(advertise)    13    17991.47    34    17
(relay)    6    4    18040.48    18    18037.03    4    1
(advertise)    13    18040.68    4    18
(relay)    20    48    18135.1    18    18122.51    4    1
(advertise)    13    18135.3    48    18
(relay)    12    12    18161.71    18    18161.61    6    1
(advertise)    13    18161.91    12    18
(relay)    6    19    18287.32    18    18269.65    2    1
(advertise)    13    18287.52    19    18
(relay)    20    47    18298.94    18    18283.9    2    1
(advertise)    13    18309.94    47    18
(relay)    12    11    18346.15    18    18345.77    4    1
(advertise)    13    18346.35    11    18
(relay)    12    0    18373.96    18    18366.24    2    1
(advertise)    13    18374.16    0    18
(relay)    20    20    18387.18    18    18386.23    6    1
(advertise)    13    18395.38    20    18
(generate)    13    18430.99    [24]    18
(relay)    12    3    18457.2    18    18446.7    2    1
(advertise)    13    18457.4    3    18
(relay)    6    6    18467.21    18    18466.72    8    1
(advertise)    13    18478.41    6    18
(relay)    6    2    18501.63    18    18453.2    2    1
(advertise)    13    18501.83    2    18
(relay)    20    41    18647.44    18    18643.59    4    1
(advertise)    13    18647.64    41    18
(relay)    12    5    18705.45    18    18704.98    6    1
(advertise)    13    18705.65    5    18
(relay)    20    40    18870.87    18    18869.42    2    1
(advertise)    13    18871.07    40    18
(relay)    12    18    18914.28    18    18902.14    2    1
(advertise)    13    18914.48    18    18
(relay)    20    26    18929.29    18    18920.58    2    1
(advertise)    13    18936.89    26    18
(relay)    20    34    18989.71    18    18972.32    4    1
(advertise)    13    18989.91    34    18
(relay)    6    4    19038.52    19    19037.04    4    1
(advertise)    13    19038.72    4    19
(relay)    20    48    19132.93    19    19122.71    4    1
(advertise)    13    19133.13    48    19
(relay)    20    27    19153.94    19    19135.11    4    1
(advertise)    13    19154.74    27    19
(relay)    12    12    19162.16    19    19161.63    6    1
(advertise)    13    19178.36    12    19
(relay)    12    9    19264.37    19    19261.08    2    1
(advertise)    13    19264.57    9    19
(relay)    20    19    19271.38    19    19269.67    4    1
(advertise)    13    19285.98    19    19
(relay)    20    47    19298.4    19    19284.0    2    1
(advertise)    13    19310.0    47    19
(relay)    12    11    19347.21    19    19345.96    4    1
(advertise)    13    19347.41    11    19
(relay)    12    0    19378.22    19    19366.41    2    1
(advertise)    13    19378.42    0    19
(relay)    20    20    19387.44    19    19386.42    6    1
(advertise)    13    19399.64    20    19
(generate)    13    19431.05    [24]    19
(relay)    12    3    19457.26    19    19446.76    2    1
(advertise)    13    19457.46    3    19
(relay)    6    6    19467.87    19    19466.91    8    1
(advertise)    13    19479.67    6    19
(relay)    20    41    19647.89    19    19643.65    4    1
(advertise)    13    19648.09    41    19
(relay)    12    5    19706.5    19    19705.02    6    1
(advertise)    13    19706.7    5    19
(relay)    20    33    19845.31    19    19843.49    2    1
(advertise)    13    19845.51    33    19
(relay)    20    40    19872.73    19    19869.47    2    1
(advertise)    13    19872.93    40    19
(relay)    12    18    19904.34    19    19902.25    2    1
(advertise)    13    19904.54    18    19
(relay)    20    26    19927.15    19    19920.64    2    1
(advertise)    13    19929.75    26    19
(relay)    6    1    19952.77    19    19943.09    2    1
(advertise)    13    19953.97    1    19
(relay)    20    34    19976.18    19    19972.37    4    1
(advertise)    13    19977.18    34    19
(relay)    6    4    20037.79    20    20037.22    4    1
(advertise)    13    20037.99    4    20
(relay)    20    48    20130.8    20    20122.88    4    1
(advertise)    13    20131.0    48    20
(relay)    20    27    20154.02    20    20135.21    4    1
(advertise)    13    20154.62    27    20
(relay)    12    12    20162.23    20    20161.67    6    1
(advertise)    13    20176.63    12    20
(relay)    12    9    20264.44    20    20261.27    2    1
(advertise)    13    20264.64    9    20
(relay)    20    19    20271.66    20    20269.86    4    1
(advertise)    13    20286.06    19    20
(relay)    20    47    20298.67    20    20284.06    2    1
(advertise)    13    20308.07    47    20
(relay)    12    11    20347.28    20    20345.97    4    1
(advertise)    13    20347.48    11    20
(relay)    12    0    20378.5    20    20366.6    2    1
(advertise)    13    20378.7    0    20
(relay)    20    20    20387.51    20    20386.44    6    1
(advertise)    13    20400.91    20    20
(generate)    13    20431.12    [24]    20
(heartbeat)    24    5    20430.25    13    20457.33    5    7
(advertise)    13    20457.53    24    5
(relay)    6    3    20459.55    20    20446.82    2    1
(relay)    6    6    20468.15    20    20467.11    8    2
(advertise)    13    20480.95    3    20
(advertise)    13    20501.96    6    20
(relay)    6    2    20525.57    20    20453.22    2    1
(advertise)    13    20526.17    2    20
(relay)    20    41    20647.59    20    20643.74    4    1
(advertise)    13    20647.79    41    20
(relay)    12    5    20706.4    20    20705.13    6    1
(advertise)    13    20706.6    5    20
(relay)    20    33    20844.61    20    20843.49    2    1
(advertise)    13    20844.81    33    20
(relay)    20    40    20872.23    20    20869.53    2    1
(advertise)    13    20872.63    40    20
(relay)    12    18    20905.24    20    20902.4    2    1
(advertise)    13    20905.44    18    20
(relay)    20    26    20929.85    20    20920.7    2    1
(advertise)    13    20930.25    26    20
(relay)    20    34    20974.46    20    20972.38    4    1
(advertise)    13    20974.66    34    20
(relay)    6    4    21038.28    21    21037.23    4    1
(advertise)    13    21038.48    4    21
(relay)    20    48    21131.29    21    21123.05    4    1
(advertise)    13    21131.49    48    21
(relay)    20    27    21153.9    21    21135.29    4    1
(advertise)    13    21155.5    27    21
(relay)    12    12    21162.32    21    21161.74    6    1
(advertise)    13    21176.52    12    21
(relay)    12    9    21268.73    21    21261.46    2    1
(advertise)    13    21268.93    9    21
(relay)    20    19    21272.14    21    21269.86    4    1
(advertise)    13    21291.74    19    21
(relay)    20    47    21298.56    21    21284.16    2    1
(advertise)    13    21313.36    47    21
(relay)    12    11    21347.37    21    21345.97    4    1
(advertise)    13    21347.57    11    21
(relay)    6    0    21375.78    21    21366.78    2    1
(advertise)    13    21375.98    0    21
(relay)    20    20    21386.59    21    21386.48    6    1
(advertise)    13    21396.99    20    21
(generate)    13    21431.21    [24]    21
(relay)    6    3    21458.02    21    21446.9    2    1
(advertise)    13    21458.22    3    21
(relay)    6    6    21468.03    21    21467.12    8    1
(advertise)    13    21480.03    6    21
(relay)    12    2    21502.65    21    21453.25    2    1
(advertise)    13    21503.65    2    21
(relay)    20    41    21646.26    21    21643.8    2    1
(advertise)    13    21646.46    41    21
(relay)    12    5    21706.47    21    21705.23    6    1
(advertise)    13    21706.67    5    21
(relay)    20    33    21844.89    21    21843.67    2    1
(advertise)    13    21845.09    33    21
(relay)    12    40    21872.7    21    21869.58    2    1
(advertise)    13    21872.9    40    21
(relay)    20    18    21905.31    21    21902.54    2    1
(advertise)    13    21905.51    18    21
(relay)    20    26    21929.52    21    21920.73    2    1
(advertise)    13    21929.92    26    21
(relay)    6    1    21960.74    21    21943.26    2    1
(advertise)    13    21960.94    1    21
(relay)    20    34    21995.15    21    21972.41    4    1
(advertise)    13    21995.35    34    21
(relay)    12    4    22037.96    22    22037.25    4    1
(advertise)    13    22038.16    4    22
(relay)    20    48    22130.98    22    22123.22    4    1
(advertise)    13    22131.18    48    22
(relay)    20    27    22152.59    22    22135.37    4    1
(advertise)    13    22154.39    27    22
(relay)    12    12    22162.4    22    22161.79    6    1
(advertise)    13    22176.4    12    22
(relay)    12    9    22266.82    22    22261.65    2    1
(advertise)    13    22267.02    9    22
(relay)    20    19    22271.23    22    22270.04    4    1
(advertise)    13    22290.83    19    22
(relay)    20    47    22295.24    22    22284.24    2    1
(advertise)    13    22312.64    47    22
(relay)    12    11    22348.45    22    22346.15    4    1
(advertise)    13    22348.65    11    22
(relay)    20    20    22386.87    22    22386.68    6    1
(advertise)    13    22387.07    20    22
(relay)    12    0    22413.48    22    22366.95    2    1
(advertise)    13    22414.28    0    22
(generate)    13    22431.29    [24]    22
(relay)    6    3    22461.11    22    22446.98    2    1
(advertise)    13    22461.31    3    22
(relay)    6    6    22467.32    22    22467.29    8    1
(advertise)    13    22484.92    6    22
(relay)    12    2    22507.13    22    22453.27    2    1
(advertise)    13    22508.73    2    22
(relay)    20    41    22645.35    22    22643.86    2    1
(advertise)    13    22645.55    41    22
(relay)    20    5    22709.56    22    22705.29    4    1
(advertise)    13    22709.76    5    22
(relay)    12    33    22845.17    22    22843.84    2    1
(advertise)    13    22845.37    33    22
(relay)    20    40    22874.18    22    22869.81    2    1
(advertise)    13    22874.38    40    22
(relay)    20    18    22905.2    22    22902.65    2    1
(advertise)    13    22905.4    18    22
(relay)    20    26    22926.21    22    22920.76    2    1
(advertise)    13    22928.01    26    22
(relay)    6    1    22952.22    22    22943.35    2    1
(advertise)    13    22953.02    1    22
(relay)    20    34    22977.24    22    22972.42    4    1
(advertise)    13    22977.84    34    22
(relay)    20    4    23046.65    23    23037.27    2    1
(advertise)    13    23046.85    4    23
(relay)    20    48    23131.46    23    23123.41    4    1
(advertise)    13    23131.66    48    23
(relay)    20    27    23154.28    23    23135.4    4    1
(advertise)    13    23154.88    27    23
(relay)    12    12    23162.89    23    23161.83    6    1
(advertise)    13    23177.29    12    23
(relay)    12    8    23221.7    23    23217.83    2    1
(advertise)    13    23221.9    8    23
(relay)    12    9    23266.31    23    23261.82    2    1
(advertise)    13    23266.51    9    23
(relay)    20    19    23271.53    23    23270.2    4    1
(advertise)    13    23288.93    19    23
(relay)    20    47    23297.14    23    23284.33    2    1
(advertise)    13    23310.14    47    23
(relay)    12    11    23348.55    23    23346.32    4    1
(advertise)    13    23348.75    11    23
(relay)    12    0    23373.57    23    23367.13    2    1
(advertise)    13    23373.97    0    23
(relay)    20    20    23386.78    23    23386.71    6    1
(advertise)    13    23395.98    20    23
(generate)    13    23431.39    [24]    23
(relay)    12    3    23457.61    23    23447.04    2    1
(advertise)    13    23457.81    3    23
(relay)    6    6    23467.62    23    23467.46    8    1
(advertise)    13    23480.22    6    23
(relay)    12    2    23481.63    23    23453.29    2    1
(advertise)    13    23501.43    2    23
(relay)    20    41    23644.84    23    23643.91    4    1
(advertise)    13    23645.04    41    23
(relay)    6    5    23707.86    23    23705.42    6    1
(advertise)    13    23708.06    5    23
(relay)    20    33    23845.87    23    23843.85    2    1
(advertise)    13    23846.07    33    23
(relay)    20    40    23874.28    23    23869.87    2    1
(advertise)    13    23874.48    40    23
(relay)    12    18    23905.3    23    23902.79    2    1
(advertise)    13    23905.5    18    23
(relay)    12    26    23927.11    23    23920.8    2    1
(advertise)    13    23927.91    26    23
(relay)    12    1    23951.72    23    23943.42    2    1
(advertise)    13    23951.92    1    23
(relay)    20    34    23977.94    23    23972.44    4    1
(advertise)    13    23978.14    34    23
(relay)    12    4    24038.95    24    24037.45    4    1
(advertise)    13    24039.15    4    24
(relay)    20    48    24133.16    24    24123.61    4    1
(advertise)    13    24133.36    48    24
(relay)    20    27    24156.57    24    24135.46    4    1
(advertise)    13    24156.77    27    24
(relay)    12    12    24162.99    24    24161.91    6    1
(advertise)    13    24178.19    12    24
(relay)    12    19    24271.0    24    24270.39    4    1
(advertise)    13    24271.2    19    24
(relay)    12    47    24296.41    24    24284.4    2    1
(advertise)    13    24296.81    47    24
(relay)    12    11    24348.83    24    24346.5    4    1
(advertise)    13    24349.03    11    24
(relay)    12    0    24374.64    24    24367.14    2    1
(advertise)    13    24374.84    0    24
(relay)    20    20    24386.85    24    24386.71    6    1
(advertise)    13    24396.85    20    24
(generate)    13    24431.47    [24]    24
(heartbeat)    24    6    24430.27    13    24453.28    5    7
(advertise)    13    24453.48    24    6
(relay)    6    6    24467.69    24    24467.65    8    1
(relay)    6    3    24475.09    24    24447.08    2    2
(advertise)    13    24477.89    6    24
(advertise)    13    24499.1    3    24
(relay)    6    2    24512.32    24    24453.48    2    1
(advertise)    13    24521.32    2    24
(relay)    20    41    24645.93    24    24643.98    4    1
(advertise)    13    24646.13    41    24
(relay)    6    5    24706.94    24    24705.52    6    1
(advertise)    13    24707.14    5    24
(relay)    12    33    24846.56    24    24844.02    2    1
(advertise)    13    24846.76    33    24
(relay)    20    40    24875.57    24    24869.92    2    1
(advertise)    13    24875.77    40    24
(relay)    12    18    24904.78    24    24902.93    2    1
(advertise)    13    24904.98    18    24
(relay)    20    26    24926.6    24    24920.88    2    1
(advertise)    13    24927.8    26    24
(relay)    12    1    24951.41    24    24943.49    2    1
(advertise)    13    24951.61    1    24
(relay)    20    34    24978.02    24    24972.46    4    1
(advertise)    13    24978.22    34    24
(relay)    12    10    25016.83    24    24980.76    2    1
(advertise)    13    25017.03    10    24
(relay)    12    4    25041.05    25    25037.46    4    1
(advertise)    13    25041.25    4    25
(relay)    20    48    25132.46    25    25123.78    4    1
(advertise)    13    25132.66    48    25
(relay)    20    27    25155.07    25    25135.55    4    1
(advertise)    13    25156.47    27    25
(relay)    12    12    25163.09    25    25162.01    6    1
(advertise)    13    25177.49    12    25
(relay)    12    9    25265.5    25    25262.16    2    1
(advertise)    13    25265.7    9    25
(relay)    20    19    25271.31    25    25270.57    4    1
(advertise)    13    25287.11    19    25
(relay)    20    47    25297.13    25    25284.46    2    1
(advertise)    13    25309.33    47    25
(relay)    12    11    25348.14    25    25346.69    4    1
(advertise)    13    25348.34    11    25
(relay)    12    0    25373.15    25    25367.32    2    1
(advertise)    13    25373.75    0    25
(relay)    20    20    25387.36    25    25386.75    6    1
(advertise)    13    25394.76    20    25
(generate)    13    25431.58    [24]    25
(relay)    6    3    25459.39    25    25447.16    2    1
(advertise)    13    25459.59    3    25
(relay)    6    6    25467.8    25    25467.67    8    1
(advertise)    13    25481.6    6    25
(relay)    12    2    25505.02    25    25453.49    2    1
(advertise)    13    25505.82    2    25
(relay)    20    41    25645.83    25    25644.04    4    1
(advertise)    13    25646.03    41    25
(relay)    6    5    25706.84    25    25705.6    6    1
(advertise)    13    25707.04    5    25
(relay)    12    33    25847.66    25    25844.2    2    1
(advertise)    13    25847.86    33    25
(relay)    20    26    25927.67    25    25920.92    2    1
(advertise)    13    25927.87    26    25
(relay)    6    1    25966.88    25    25943.58    2    1
(advertise)    13    25967.08    1    25
(relay)    20    34    25976.69    25    25972.47    4    1
(advertise)    13    25989.29    34    25
(relay)    12    10    26012.11    25    25980.82    2    1
(advertise)    13    26012.31    10    25
(relay)    12    4    26040.72    26    26037.47    4    1
(advertise)    13    26040.92    4    26
(relay)    20    48    26134.53    26    26123.97    4    1
(advertise)    13    26134.73    48    26
(relay)    20    27    26156.75    26    26135.61    4    1
(advertise)    13    26158.95    27    26
(relay)    12    12    26162.16    26    26162.04    6    1
(advertise)    13    26181.16    12    26
(relay)    12    9    26265.77    26    26262.32    2    1
(advertise)    13    26265.97    9    26
(relay)    20    19    26271.59    26    26270.76    4    1
(advertise)    13    26287.19    19    26
(relay)    20    47    26299.0    26    26284.56    2    1
(advertise)    13    26308.8    47    26
(relay)    12    11    26347.21    26    26346.87    4    1
(advertise)    13    26347.41    11    26
(relay)    12    0    26373.82    26    26367.51    2    1
(advertise)    13    26374.22    0    26
(relay)    20    20    26387.44    26    26386.94    6    1
(advertise)    13    26398.04    20    26
(generate)    13    26431.65    [24]    26
(relay)    12    3    26457.26    26    26447.22    2    1
(advertise)    13    26457.46    3    26
(relay)    6    6    26468.48    26    26467.85    8    1
(advertise)    13    26479.68    6    26
(relay)    6    2    26501.49    26    26453.51    2    1
(advertise)    13    26502.49    2    26
(relay)    20    41    26646.3    26    26644.1    4    1
(advertise)    13    26646.5    41    26
(relay)    6    5    26705.92    26    26705.68    6    1
(advertise)    13    26706.12    5    26
(relay)    12    33    26848.13    26    26844.39    2    1
(advertise)    13    26848.33    33    26
(relay)    20    40    26871.94    26    26869.99    2    1
(advertise)    13    26872.94    40    26
(relay)    12    18    26903.95    26    26903.19    2    1
(advertise)    13    26904.15    18    26
(relay)    20    26    26928.57    26    26920.94    2    1
(advertise)    13    26928.77    26    26
(relay)    12    34    27012.78    26    26973.68    2    1
(advertise)    13    27012.98    34    26
(relay)    12    4    27040.59    27    27037.49    4    1
(advertise)    13    27040.99    4    27
(relay)    20    48    27134.21    27    27123.98    4    1
(advertise)    13    27134.41    48    27
(relay)    20    27    27156.62    27    27135.68    4    1
(advertise)    13    27156.82    27    27
(relay)    12    12    27162.23    27    27162.07    6    1
(advertise)    13    27178.23    12    27
(relay)    12    8    27223.45    27    27218.05    2    1
(advertise)    13    27223.65    8    27
(relay)    20    19    27272.46    27    27270.91    4    1
(advertise)    13    27272.66    19    27
(relay)    20    47    27299.07    27    27284.66    2    1
(advertise)    13    27299.67    47    27
(relay)    12    11    27347.48    27    27347.01    4    1
(advertise)    13    27347.68    11    27
(relay)    12    0    27372.7    27    27367.66    2    1
(advertise)    13    27372.9    0    27
(relay)    20    20    27387.51    27    27386.95    6    1
(advertise)    13    27394.91    20    27
(generate)    13    27431.72    [24]    27
(relay)    12    3    27456.74    27    27447.28    2    1
(advertise)    13    27456.94    3    27
(relay)    6    6    27468.55    27    27468.02    8    1
(advertise)    13    27479.75    6    27
(relay)    6    2    27502.16    27    27453.53    2    1
(advertise)    13    27502.76    2    27
(relay)    20    41    27647.98    27    27644.19    4    1
(advertise)    13    27648.18    41    27
(relay)    12    5    27706.19    27    27705.75    6    1
(advertise)    13    27706.39    5    27
(relay)    20    33    27848.6    27    27844.58    2    1
(advertise)    13    27848.8    33    27
(relay)    20    40    27872.41    27    27870.03    2    1
(advertise)    13    27873.21    40    27
(relay)    20    18    27905.03    27    27903.33    2    1
(advertise)    13    27905.23    18    27
(relay)    20    26    27928.64    27    27920.99    2    1
(advertise)    13    27929.64    26    27
(relay)    20    34    27992.45    27    27973.7    4    1
(advertise)    13    27992.65    34    27
(relay)    6    4    28039.27    28    28037.5    4    1
(advertise)    13    28039.47    4    28
(relay)    20    48    28133.28    28    28124.17    4    1
(advertise)    13    28133.48    48    28
(relay)    20    27    28153.69    28    28135.75    4    1
(advertise)    13    28154.89    27    28
(relay)    12    12    28162.11    28    28162.09    6    1
(advertise)    13    28176.31    12    28
(relay)    12    8    28222.72    28    28218.09    2    1
(advertise)    13    28222.92    8    28
(relay)    12    9    28265.13    28    28262.69    2    1
(advertise)    13    28265.33    9    28
(relay)    20    19    28272.74    28    28270.93    4    1
(advertise)    13    28288.14    19    28
(relay)    12    47    28310.56    28    28284.76    2    1
(advertise)    13    28310.96    47    28
(relay)    12    11    28347.97    28    28347.2    4    1
(advertise)    13    28348.17    11    28
(relay)    12    0    28376.58    28    28367.84    2    1
(advertise)    13    28376.78    0    28
(relay)    20    20    28388.0    28    28386.96    6    1
(advertise)    13    28401.6    20    28
(generate)    13    28431.81    [24]    28
(relay)    6    3    28458.82    28    28447.32    2    1
(advertise)    13    28459.02    3    28
(relay)    6    6    28468.84    28    28468.22    8    1
(advertise)    13    28481.24    6    28
(relay)    12    2    28524.45    28    28453.55    2    1
(advertise)    13    28524.65    2    28
(relay)    20    41    28648.06    28    28644.26    4    1
(advertise)    13    28648.26    41    28
(relay)    12    5    28706.27    28    28705.85    6    1
(advertise)    13    28706.47    5    28
(relay)    20    33    28846.69    28    28844.77    2    1
(advertise)    13    28846.89    33    28
(relay)    20    40    28872.3    28    28870.11    2    1
(advertise)    13    28872.7    40    28
(relay)    12    18    28905.31    28    28903.49    2    1
(advertise)    13    28905.51    18    28
(relay)    20    26    28929.93    28    28921.05    2    1
(advertise)    13    28930.13    26    28
(relay)    12    1    28954.54    28    28943.8    2    1
(advertise)    13    28955.94    1    28
(relay)    20    34    28979.35    28    28973.73    4    1
(advertise)    13    28979.75    34    28
(relay)    12    4    29038.97    29    29037.53    4    1
(advertise)    13    29039.17    4    29
(relay)    20    48    29133.98    29    29124.18    4    1
(advertise)    13    29134.18    48    29
(relay)    20    27    29156.59    29    29135.84    4    1
(advertise)    13    29156.99    27    29
(relay)    12    12    29162.8    29    29162.19    6    1
(advertise)    13    29178.8    12    29
(relay)    12    9    29265.42    29    29262.71    2    1
(advertise)    13    29265.62    9    29
(relay)    20    19    29272.63    29    29270.94    4    1
(advertise)    13    29288.83    19    29
(relay)    20    47    29300.24    29    29284.86    2    1
(advertise)    13    29310.84    47    29
(relay)    12    11    29348.66    29    29347.24    4    1
(advertise)    13    29348.86    11    29
(relay)    12    0    29376.27    29    29368.01    2    1
(advertise)    13    29376.47    0    29
(relay)    20    20    29388.08    29    29386.99    6    1
(advertise)    13    29397.68    20    29
(generate)    13    29431.9    [24]    29
(relay)    12    3    29457.31    29    29447.4    2    1
(advertise)    13    29457.51    3    29
(relay)    6    6    29469.32    29    29468.23    8    1
(advertise)    13    29479.72    6    29
(relay)    20    41    29648.73    29    29644.29    4    1
(advertise)    13    29648.93    41    29
(relay)    6    5    29707.15    29    29705.95    6    1
(advertise)    13    29707.35    5    29
(relay)    20    33    29846.76    29    29844.77    2    1
(advertise)    13    29846.96    33    29
(relay)    20    40    29876.57    29    29870.17    2    1
(advertise)    13    29876.77    40    29
(relay)    12    18    29905.79    29    29903.67    2    1
(advertise)    13    29906.39    18    29
(relay)    12    26    29929.4    29    29921.07    2    1
(advertise)    13    29930.4    26    29
(relay)    12    1    29951.61    29    29943.87    2    1
(advertise)    13    29952.01    1    29
(relay)    20    34    29975.63    29    29973.74    4    1
(advertise)    13    29976.03    34    29
