(main)    4    1    1036.0    24    1037.0
(main)    25    1    1105.01    24    1105.2
(main)    32    1    1105.01    24    1105.6
(main)    17    1    1126.03    24    1126.2
(main)    48    1    1121.03    24    1154.4
(main)    27    1    1132.04    24    1173.2
(main)    12    1    1160.05    24    1196.2
(main)    8    1    1216.08    24    1245.0
(main)    9    1    1258.09    24    1268.6
(main)    19    1    1268.09    24    1271.2
(main)    15    1    1294.32    24    1314.6
(main)    38    1    1306.12    24    1317.2
(main)    47    1    1282.12    24    1339.2
(main)    23    1    1367.17    24    1368.2
(main)    11    1    1343.16    24    1380.4
(main)    36    1    1345.16    24    1382.6
(main)    29    1    1358.16    24    1383.6
(main)    20    1    1385.17    24    1451.8
(main)    3    1    1445.01    24    1496.0
(main)    13    1    1429.18    24    1499.4
(main)    2    1    1452.02    24    1520.6
(main)    6    1    1464.18    24    1544.4
(main)    43    1    1541.06    24    1589.2
(main)    22    1    1599.1    24    1612.8
(main)    41    1    1642.11    24    1644.0
(main)    45    1    1655.13    24    1666.0
(main)    31    1    1687.13    24    1687.6
(main)    5    1    1703.15    24    1720.4
(main)    35    1    1660.13    24    1722.4
(main)    30    1    1735.16    24    1765.2
(main)    44    1    1725.15    24    1788.4
(main)    42    1    1748.13    24    1811.6
(main)    7    1    1780.0    24    1812.0
(main)    14    1    1787.0    24    1837.4
(main)    21    1    1841.03    24    1859.8
(main)    33    1    1841.0    24    1879.6
(main)    16    1    1898.06    24    1904.2
(main)    28    1    1838.03    24    1904.6
(main)    18    1    1898.06    24    1911.0
(main)    40    1    1868.04    24    1932.2
(main)    37    1    1917.07    24    1971.2
(main)    26    1    1919.06    24    1978.6
(main)    46    1    1947.08    24    2035.8
(main)    1    1    1941.09    24    2036.4
(main)    10    1    1979.11    24    2039.8
(main)    34    1    1971.07    24    2068.4
(main)    39    1    1999.12    24    2084.8
(main)    25    2    2105.17    24    2105.2
(main)    17    2    2126.19    24    2126.8
(main)    4    2    2036.12    24    2128.2
(main)    32    2    2105.39    24    2173.4
(main)    27    2    2132.17    24    2203.0
(main)    48    2    2121.13    24    2216.4
(main)    8    2    2216.25    24    2234.0
(main)    12    2    2160.21    24    2257.0
(main)    9    2    2258.25    24    2283.0
(main)    15    2    2294.48    24    2325.8
(main)    19    2    2268.26    24    2339.4
(main)    38    2    2306.26    24    2346.6
(main)    29    2    2358.32    24    2360.8
(main)    23    2    2367.33    24    2367.4
(main)    11    2    2344.52    24    2403.6
(main)    47    2    2282.28    24    2425.2
(main)    36    2    2345.32    24    2449.6
(main)    20    2    2385.33    24    2491.2
(main)    3    2    2445.19    24    2525.4
(main)    13    2    2429.35    24    2535.4
(main)    0    2    2364.33    24    2539.6
(main)    2    2    2452.19    24    2568.8
(main)    6    2    2464.29    24    2613.0
(main)    22    2    2599.26    24    2625.2
(main)    43    2    2541.23    24    2646.8
(main)    31    2    2687.31    24    2687.8
(main)    41    2    2642.3    24    2691.2
(main)    45    2    2656.51    24    2702.6
(main)    30    2    2735.35    24    2746.2
(main)    5    2    2703.32    24    2771.4
(main)    35    2    2660.28    24    2811.6
(main)    44    2    2725.32    24    2837.0
(main)    14    2    2787.17    24    2858.4
(main)    42    2    2748.27    24    2860.6
(main)    33    2    2841.2    24    2871.4
(main)    28    2    2838.19    24    2909.2
(main)    7    2    2780.17    24    2926.2
(main)    40    2    2868.23    24    2931.2
(main)    18    2    2898.45    24    2938.0
(main)    16    2    2898.24    24    2950.2
(main)    26    2    2919.24    24    2978.6
(main)    21    2    2841.2    24    2990.6
(main)    37    2    2917.27    24    2999.6
(main)    39    2    2999.29    24    3045.8
(main)    10    2    2979.29    24    3060.8
(main)    46    2    2947.28    24    3090.2
(main)    25    3    3105.37    24    3105.4
(main)    1    2    2941.28    24    3122.8
(main)    17    3    3126.37    24    3127.0
(main)    34    2    2971.24    24    3157.0
(main)    4    3    3036.32    24    3170.8
(main)    32    3    3106.18    24    3179.0
(main)    27    3    3132.36    24    3224.8
(main)    12    3    3160.4    24    3276.8
(main)    48    3    3121.33    24    3291.8
(main)    9    3    3258.45    24    3323.2
(main)    38    3    3306.46    24    3360.2
(main)    19    3    3268.45    24    3361.0
(main)    23    3    3367.53    24    3367.6
(main)    8    3    3216.42    24    3368.6
(main)    47    3    3282.46    24    3382.2
(main)    15    3    3294.66    24    3414.0
(main)    11    3    3344.71    24    3437.8
(main)    29    3    3358.51    24    3472.2
(main)    36    3    3345.51    24    3475.2
(main)    20    3    3385.51    24    3492.4
(main)    3    3    3445.38    24    3504.0
(main)    0    3    3364.51    24    3525.4
(main)    13    3    3429.54    24    3601.2
(main)    22    3    3599.46    24    3605.8
(main)    2    3    3452.58    24    3615.2
(main)    43    3    3541.42    24    3627.6
(main)    6    3    3464.49    24    3646.6
(main)    31    3    3687.49    24    3688.0
(main)    30    3    3735.55    24    3752.0
(main)    41    3    3642.48    24    3757.8
(main)    45    3    3656.69    24    3768.6
(main)    5    3    3703.52    24    3773.2
(main)    35    3    3660.47    24    3795.0
(main)    7    3    3780.37    24    3861.4
(main)    33    3    3841.4    24    3879.0
(main)    44    3    3725.52    24    3882.6
(main)    14    3    3787.36    24    3908.0
(main)    18    3    3898.64    24    3921.6
(main)    42    3    3748.44    24    3927.2
(main)    16    3    3898.44    24    3952.2
(main)    26    3    3919.44    24    3966.0
(main)    21    3    3841.4    24    3973.8
(main)    40    3    3868.42    24    3993.4
(main)    37    3    3917.45    24    4015.0
(main)    10    3    3979.49    24    4036.4
(main)    28    3    3838.39    24    4062.6
(main)    46    3    3947.48    24    4084.2
(main)    1    3    3941.46    24    4103.0
(main)    25    4    4105.57    24    4105.6
(main)    34    3    3971.44    24    4120.8
(main)    17    4    4126.38    24    4127.0
(main)    39    3    3999.49    24    4164.2
(main)    4    4    4036.52    24    4191.6
(main)    32    4    4106.37    24    4214.6
(main)    27    4    4132.55    24    4272.2
(main)    12    4    4160.59    24    4300.6
(main)    9    4    4258.63    24    4321.6
(main)    48    4    4121.52    24    4325.0
(main)    8    4    4216.62    24    4365.8
(main)    38    4    4306.66    24    4366.4
(main)    23    4    4367.71    24    4367.8
(main)    19    4    4268.65    24    4412.4
(main)    15    4    4294.86    24    4419.4
(main)    47    4    4282.66    24    4435.41
(main)    29    4    4358.71    24    4455.61
(main)    11    4    4344.91    24    4482.01
(main)    3    4    4445.58    24    4570.21
(main)    36    4    4345.7    24    4572.01
(main)    0    4    4364.7    24    4593.41
(main)    20    4    4385.68    24    4603.41
(main)    2    4    4452.78    24    4615.01
(main)    22    4    4599.65    24    4681.41
(main)    31    4    4687.69    24    4688.61
(main)    41    4    4642.49    24    4695.21
(main)    43    4    4541.61    24    4700.01
(main)    45    4    4656.89    24    4720.21
(main)    13    4    4429.71    24    4760.21
(main)    30    4    4735.94    24    4791.81
(main)    6    4    4464.68    24    4793.81
(main)    5    4    4703.71    24    4837.61
(main)    35    4    4660.65    24    4855.01
(main)    14    4    4787.54    24    4921.01
(main)    7    4    4780.57    24    4926.61
(main)    44    4    4725.72    24    4938.81
(main)    42    4    4748.64    24    4959.81
(main)    18    4    4898.84    24    4960.81
(main)    33    4    4841.6    24    4980.81
(main)    26    4    4919.64    24    4983.41
(main)    16    4    4898.64    24    4993.41
(main)    40    4    4868.62    24    5003.81
(main)    37    4    4917.64    24    5023.01
(main)    1    4    4941.65    24    5060.41
(main)    21    4    4841.6    24    5081.61
(main)    28    4    4838.58    24    5089.61
(main)    34    4    4971.64    24    5093.61
(main)    10    4    4979.65    24    5104.21
(main)    25    5    5105.77    24    5105.81
(main)    17    5    5126.78    24    5127.41
(main)    39    4    4999.5    24    5134.61
(main)    46    4    4947.67    24    5161.61
(main)    4    5    5036.64    24    5181.81
(main)    32    5    5106.57    24    5203.81
(main)    27    5    5132.73    24    5247.41
(main)    12    5    5160.73    24    5258.81
(main)    48    5    5121.66    24    5291.21
(main)    8    5    5216.73    24    5295.81
(main)    9    5    5258.83    24    5319.01
(main)    19    5    5268.82    24    5336.41
(main)    47    5    5282.77    24    5342.21
(main)    38    5    5306.78    24    5363.41
(main)    23    5    5367.72    24    5367.81
(main)    15    5    5295.02    24    5389.01
(main)    11    5    5345.08    24    5402.81
(main)    20    5    5385.74    24    5425.41
(main)    29    5    5358.72    24    5432.01
(main)    0    5    5364.71    24    5435.81
(main)    36    5    5345.79    24    5466.41
(main)    13    5    5429.77    24    5469.01
(main)    3    5    5445.64    24    5491.61
(main)    2    5    5452.79    24    5514.81
(main)    6    5    5464.87    24    5538.61
(main)    43    5    5541.63    24    5585.61
(main)    22    5    5599.7    24    5621.81
(main)    41    5    5642.67    24    5645.21
(main)    45    5    5657.08    24    5668.01
(main)    35    5    5660.66    24    5680.21
(main)    31    5    5687.89    24    5688.81
(main)    5    5    5703.9    24    5714.61
(main)    44    5    5725.83    24    5756.81
(main)    30    5    5736.03    24    5778.61
(main)    42    5    5748.7    24    5792.41
(main)    7    5    5780.75    24    5813.61
(main)    14    5    5787.71    24    5831.81
(main)    28    5    5838.68    24    5854.01
(main)    40    5    5868.73    24    5872.01
(main)    33    5    5841.69    24    5876.61
(main)    21    5    5841.61    24    5898.61
(main)    18    5    5899.01    24    5899.61
(main)    26    5    5919.73    24    5921.21
(main)    16    5    5898.69    24    5924.01
(main)    37    5    5917.74    24    5934.01
(main)    1    5    5941.8    24    5969.61
(main)    46    5    5947.72    24    5978.21
(main)    10    5    5979.68    24    6011.41
(main)    34    5    5971.72    24    6020.61
(main)    39    5    5999.57    24    6032.41
(main)    4    6    6036.64    24    6079.61
(main)    25    6    6105.91    24    6106.41
(main)    32    6    6107.81    24    6109.21
(main)    17    6    6126.96    24    6127.61
(main)    48    6    6121.67    24    6137.81
(main)    27    6    6132.9    24    6159.21
(main)    12    6    6160.79    24    6172.21
(main)    9    6    6259.02    24    6259.61
(main)    19    6    6268.82    24    6281.21
(main)    15    6    6295.19    24    6297.21
(main)    47    6    6282.89    24    6303.21
(main)    38    6    6306.83    24    6333.21
(main)    11    6    6345.09    24    6354.81
(main)    23    6    6367.84    24    6370.21
(main)    36    6    6345.84    24    6372.21
(main)    0    6    6364.73    24    6391.41
(main)    29    6    6358.79    24    6400.41
(main)    20    6    6385.79    24    6414.81
(main)    13    6    6429.89    24    6443.21
(main)    2    6    6452.84    24    6465.21
(main)    3    6    6445.73    24    6481.41
(main)    6    6    6465.06    24    6488.41
(main)    43    6    6541.72    24    6543.81
(main)    22    6    6599.72    24    6601.01
(main)    41    6    6642.74    24    6645.61
(main)    45    6    6657.14    24    6671.81
(main)    31    6    6687.98    24    6689.01
(main)    35    6    6660.74    24    6695.21
(main)    5    6    6703.98    24    6715.41
(main)    44    6    6725.84    24    6727.61
(main)    30    6    6736.22    24    6751.21
(main)    42    6    6748.87    24    6766.01
(main)    7    6    6780.83    24    6806.21
(main)    14    6    6787.76    24    6829.21
(main)    21    6    6841.7    24    6852.21
(main)    33    6    6841.87    24    6857.81
(main)    28    6    6838.7    24    6874.01
(main)    40    6    6868.78    24    6879.21
(main)    18    6    6899.2    24    6901.41
(main)    16    6    6898.83    24    6919.41
(main)    26    6    6919.82    24    6925.21
(main)    37    6    6917.76    24    6963.61
(main)    1    6    6941.89    24    6984.61
(main)    46    6    6947.9    24    7005.61
(main)    10    6    6979.76    24    7013.41
(main)    34    6    6971.79    24    7034.61
(main)    39    6    6999.76    24    7062.21
(main)    25    7    7105.98    24    7106.61
(main)    32    7    7107.95    24    7109.41
(main)    17    7    7127.06    24    7127.61
(main)    48    7    7121.86    24    7133.61
(main)    27    7    7133.04    24    7178.21
(main)    12    7    7160.87    24    7197.81
(main)    8    7    7216.87    24    7220.81
(main)    9    7    7259.2    24    7260.41
(main)    19    7    7268.86    24    7284.01
(main)    47    7    7282.96    24    7305.01
(main)    15    7    7295.36    24    7312.01
(main)    38    7    7306.86    24    7328.41
(main)    11    7    7345.14    24    7355.41
(main)    23    7    7367.9    24    7368.01
(main)    36    7    7345.89    24    7372.81
(main)    20    7    7385.82    24    7396.01
(main)    0    7    7364.76    24    7400.21
(main)    29    7    7358.82    24    7401.21
(main)    13    7    7430.0    24    7433.21
(main)    3    7    7445.82    24    7457.01
(main)    2    7    7452.89    24    7479.01
(main)    6    7    7465.06    24    7501.61
(main)    43    7    7541.8    24    7544.61
(main)    22    7    7599.78    24    7601.01
(main)    41    7    7642.8    24    7647.01
(main)    45    7    7657.19    24    7669.01
(main)    35    7    7660.83    24    7672.01
(main)    31    7    7688.16    24    7689.21
(main)    5    7    7704.08    24    7706.01
(main)    30    7    7736.23    24    7742.81
(main)    44    7    7725.85    24    7763.81
(main)    42    7    7749.06    24    7790.61
(main)    7    7    7780.89    24    7807.61
(main)    14    7    7787.76    24    7830.41
(main)    33    7    7842.04    24    7844.41
(main)    40    7    7868.83    24    7871.01
(main)    21    7    7841.81    24    7894.21
(main)    18    7    7899.37    24    7900.21
(main)    28    7    7838.9    24    7915.41
(main)    16    7    7898.93    24    7920.61
(main)    26    7    7919.93    24    7922.61
(main)    37    7    7917.81    24    7944.61
(main)    46    7    7947.91    24    7987.41
(main)    1    7    7941.96    24    7988.01
(main)    10    7    7979.8    24    8010.41
(main)    34    7    7971.85    24    8011.61
(main)    39    7    7999.76    24    8032.61
(main)    4    8    8036.67    24    8058.81
(main)    25    8    8106.07    24    8106.61
(main)    32    8    8108.11    24    8119.61
(main)    17    8    8127.15    24    8127.61
(main)    48    8    8121.89    24    8150.81
(main)    12    8    8160.92    24    8164.01
(main)    27    8    8133.58    24    8175.21
(main)    8    8    8216.93    24    8220.61
(main)    9    8    8259.35    24    8260.41
(main)    19    8    8268.9    24    8284.21
(main)    47    8    8283.02    24    8306.81
(main)    38    8    8306.91    24    8329.01
(main)    15    8    8295.52    24    8331.41
(main)    11    8    8345.16    24    8346.21
(main)    23    8    8367.99    24    8368.01
(main)    36    8    8345.97    24    8373.01
(main)    0    8    8364.95    24    8392.21
(main)    29    8    8358.85    24    8394.61
(main)    20    8    8385.85    24    8415.21
(main)    13    8    8430.06    24    8456.83
(main)    6    8    8465.25    24    8504.43
(main)    3    8    8445.9    24    8506.43
(main)    2    8    8452.92    24    8531.03
(main)    43    8    8541.91    24    8552.23
(main)    22    8    8599.88    24    8601.43
(main)    41    8    8642.88    24    8647.43
(main)    35    8    8660.91    24    8670.83
(main)    45    8    8657.28    24    8671.83
(main)    31    8    8688.25    24    8689.23
(main)    5    8    8704.15    24    8705.63
(main)    30    8    8737.62    24    8740.03
(main)    42    8    8749.25    24    8765.23
(main)    44    8    8725.87    24    8774.23
(main)    7    8    8780.99    24    8789.23
(main)    33    8    8842.06    24    8844.83
(main)    21    8    8841.94    24    8846.43
(main)    40    8    8868.89    24    8871.23
(main)    28    8    8838.93    24    8889.63
(main)    16    8    8899.08    24    8900.03
(main)    18    8    8899.56    24    8920.63
(main)    26    8    8920.01    24    8926.03
(main)    37    8    8917.82    24    8941.63
(main)    1    8    8942.06    24    8948.03
(main)    46    8    8947.93    24    8983.83
(main)    10    8    8979.89    24    8992.03
(main)    34    8    8971.93    24    9026.43
(main)    4    9    9036.71    24    9041.43
(main)    39    8    8999.8    24    9048.03
(main)    25    9    9106.21    24    9106.83
(main)    32    9    9108.29    24    9122.23
(main)    48    9    9121.91    24    9127.63
(main)    17    9    9127.27    24    9128.23
(main)    27    9    9133.73    24    9176.83
(main)    12    9    9161.01    24    9200.23
(main)    8    9    9216.99    24    9219.63
(main)    9    9    9259.54    24    9260.63
(main)    19    9    9268.92    24    9286.03
(main)    47    9    9283.08    24    9289.63
(main)    15    9    9295.71    24    9312.43
(main)    38    9    9306.98    24    9329.83
(main)    11    9    9345.17    24    9354.63
(main)    23    9    9368.1    24    9368.63
(main)    36    9    9346.1    24    9375.23
(main)    29    9    9358.85    24    9397.63
(main)    0    9    9365.15    24    9401.03
(main)    20    9    9385.89    24    9418.63
(main)    13    9    9430.17    24    9442.83
(main)    2    9    9452.97    24    9465.23
(main)    3    9    9445.99    24    9466.23
(main)    6    9    9465.25    24    9489.03
(main)    43    9    9542.03    24    9546.63
(main)    22    9    9599.92    24    9600.23
(main)    41    9    9642.95    24    9647.23
(main)    45    9    9657.34    24    9669.43
(main)    35    9    9661.01    24    9671.23
(main)    5    9    9704.28    24    9715.63
(main)    31    9    9688.37    24    9715.83
(main)    30    9    9737.63    24    9739.63
(main)    44    9    9725.89    24    9761.23
(main)    42    9    9749.43    24    9763.23
(main)    7    9    9781.09    24    9785.03
(main)    14    9    9787.86    24    9828.23
(main)    28    9    9839.32    24    9843.63
(main)    33    9    9842.24    24    9844.63
(main)    40    9    9868.94    24    9870.83
(main)    21    9    9842.04    24    9873.23
(main)    18    9    9899.6    24    9901.03
(main)    16    9    9899.2    24    9918.03
(main)    26    9    9920.08    24    9922.43
(main)    37    9    9917.83    24    9942.43
(main)    1    9    9942.16    24    9963.43
(main)    46    9    9947.97    24    9990.83
(main)    10    9    9979.95    24    10007.63
(main)    34    9    9971.98    24    10012.03
(main)    39    9    9999.98    24    10035.03
(main)    4    10    10036.73    24    10040.23
(main)    25    10    10106.29    24    10106.83
(main)    32    10    10108.63    24    10110.83
(main)    48    10    10121.92    24    10127.63
(main)    17    10    10127.39    24    10128.43
(main)    27    10    10133.86    24    10175.83
(main)    12    10    10161.07    24    10184.63
(main)    8    10    10217.09    24    10218.83
(main)    9    10    10259.73    24    10261.83
(main)    19    10    10268.95    24    10285.03
(main)    47    10    10283.2    24    10307.43
(main)    38    10    10307.01    24    10311.43
(main)    15    10    10295.88    24    10316.83
(main)    11    10    10345.18    24    10346.63
(main)    36    10    10346.14    24    10348.63
(main)    23    10    10368.17    24    10368.63
(main)    29    10    10358.87    24    10372.23
(main)    0    10    10365.15    24    10394.23
(main)    20    10    10385.9    24    10417.43
(main)    13    10    10430.24    24    10462.23
(main)    3    10    10446.09    24    10464.23
(main)    6    10    10465.45    24    10484.83
(main)    2    10    10453.0    24    10506.83
(main)    43    10    10542.06    24    10546.63
(main)    22    10    10599.97    24    10600.83
(main)    41    10    10643.02    24    10647.23
(main)    45    10    10657.41    24    10670.83
(main)    35    10    10661.05    24    10671.03
(main)    31    10    10688.48    24    10688.63
(main)    5    10    10704.38    24    10714.03
(main)    44    10    10726.08    24    10736.83
(main)    30    10    10737.78    24    10739.83
(main)    42    10    10749.61    24    10759.23
(main)    7    10    10781.18    24    10802.63
(main)    14    10    10787.87    24    10825.63
(main)    21    10    10842.1    24    10848.03
(main)    33    10    10842.42    24    10853.43
(main)    28    10    10839.32    24    10868.23
(main)    40    10    10869.01    24    10876.43
(main)    16    10    10899.34    24    10901.23
(main)    18    10    10899.79    24    10901.63
(main)    37    10    10918.02    24    10939.83
(main)    26    10    10920.15    24    10945.43
(main)    46    10    10947.98    24    10960.83
(main)    1    10    10942.24    24    10984.83
(main)    10    10    10980.04    24    10993.83
(main)    34    10    10972.04    24    11004.83
(main)    39    10    11000.16    24    11027.83
(main)    4    11    11036.75    24    11048.63
(main)    25    11    11106.61    24    11107.63
(main)    32    11    11108.98    24    11110.23
(main)    17    11    11127.51    24    11128.43
(main)    48    11    11121.92    24    11134.03
(main)    27    11    11133.98    24    11169.03
(main)    12    11    11161.1    24    11197.83
(main)    8    11    11217.15    24    11219.03
(main)    9    11    11259.89    24    11262.23
(main)    19    11    11268.99    24    11285.83
(main)    47    11    11283.31    24    11307.23
(main)    38    11    11307.07    24    11328.83
(main)    15    11    11296.03    24    11329.23
(main)    11    11    11345.18    24    11352.23
(main)    23    11    11368.22    24    11368.83
(main)    36    11    11346.19    24    11374.83
(main)    0    11    11365.34    24    11375.23
(main)    29    11    11358.87    24    11396.43
(main)    20    11    11385.92    24    11417.63
(main)    13    11    11430.35    24    11442.03
(main)    2    11    11453.04    24    11482.63
(main)    3    11    11446.19    24    11486.23
(main)    6    11    11465.65    24    11508.43
(main)    43    11    11542.12    24    11546.63
(main)    22    11    11600.04    24    11600.83
(main)    41    11    11643.08    24    11646.03
(main)    45    11    11657.47    24    11667.83
(main)    35    11    11661.1    24    11669.23
(main)    31    11    11688.52    24    11688.63
(main)    5    11    11704.45    24    11714.83
(main)    44    11    11726.28    24    11738.63
(main)    30    11    11738.54    24    11762.43
(main)    7    11    11781.24    24    11783.43
(main)    42    11    11749.81    24    11784.83
(main)    14    11    11787.9    24    11831.23
(main)    33    11    11842.42    24    11848.63
(main)    21    11    11842.19    24    11854.03
(main)    40    11    11869.08    24    11871.23
(main)    28    11    11839.36    24    11875.43
(main)    16    11    11899.44    24    11901.23
(main)    18    11    11899.82    24    11918.03
(main)    26    11    11920.21    24    11943.83
(main)    37    11    11918.04    24    11946.23
(main)    1    11    11942.33    24    11966.43
(main)    10    11    11980.12    24    11988.03
(main)    46    11    11947.98    24    12005.43
(main)    34    11    11972.08    24    12027.43
(main)    39    11    12000.35    24    12034.43
(main)    4    12    12036.77    24    12053.83
(main)    25    12    12106.74    24    12107.83
(main)    32    12    12109.15    24    12118.63
(main)    48    12    12121.94    24    12125.03
(main)    17    12    12127.62    24    12127.63
(main)    27    12    12134.08    24    12176.03
(main)    12    12    12161.19    24    12183.63
(main)    8    12    12217.24    24    12219.23
(main)    9    12    12259.9    24    12262.63
(main)    19    12    12269.03    24    12286.43
(main)    47    12    12283.34    24    12308.03
(main)    15    12    12296.03    24    12310.83
(main)    38    12    12307.13    24    12330.23
(main)    11    12    12345.21    24    12354.43
(main)    23    12    12368.32    24    12369.23
(main)    36    12    12346.25    24    12377.43
(main)    0    12    12365.34    24    12394.83
(main)    29    12    12358.89    24    12395.63
(main)    20    12    12385.94    24    12416.63
(main)    13    12    12430.45    24    12465.84
(main)    2    12    12453.08    24    12488.24
(main)    6    12    12465.83    24    12504.44
(main)    3    12    12446.27    24    12508.44
(main)    43    12    12542.22    24    12546.24
(main)    22    12    12600.1    24    12601.44
(main)    41    12    12643.17    24    12645.24
(main)    45    12    12657.77    24    12666.64
(main)    35    12    12661.19    24    12668.44
(main)    31    12    12688.63    24    12688.64
(main)    5    12    12704.55    24    12708.84
(main)    44    12    12726.3    24    12735.24
(main)    30    12    12738.72    24    12756.84
(main)    42    12    12749.99    24    12779.64
(main)    14    12    12787.93    24    12802.04
(main)    7    12    12781.38    24    12805.64
(main)    33    12    12842.6    24    12843.24
(main)    28    12    12839.4    24    12845.64
(main)    21    12    12842.27    24    12869.04
(main)    40    12    12869.16    24    12890.64
(main)    16    12    12899.61    24    12908.64
(main)    18    12    12899.98    24    12912.24
(main)    26    12    12920.29    24    12935.04
(main)    37    12    12918.08    24    12935.44
(main)    46    12    12948.0    24    12957.44
(main)    1    12    12942.38    24    12980.44
(main)    34    12    12972.13    24    13025.04
(main)    10    12    12980.17    24    13025.84
(main)    39    12    13000.53    24    13047.44
(main)    4    13    13036.79    24    13064.64
(main)    25    13    13106.84    24    13107.84
(main)    32    13    13109.32    24    13113.44
(main)    17    13    13127.73    24    13127.84
(main)    48    13    13121.95    24    13145.04
(main)    12    13    13161.21    24    13167.64
(main)    27    13    13134.18    24    13168.64
(main)    8    13    13217.3    24    13219.44
(main)    9    13    13260.09    24    13263.44
(main)    19    13    13269.22    24    13286.44
(main)    47    13    13283.44    24    13307.24
(main)    15    13    13296.03    24    13309.04
(main)    38    13    13307.19    24    13328.64
(main)    11    13    13345.37    24    13354.44
(main)    23    13    13368.42    24    13369.44
(main)    36    13    13346.35    24    13372.24
(main)    29    13    13359.04    24    13373.24
(main)    0    13    13365.53    24    13398.84
(main)    20    13    13385.97    24    13422.64
(main)    13    13    13430.56    24    13460.44
(main)    3    13    13446.35    24    13488.24
(main)    2    13    13453.12    24    13496.04
(main)    6    13    13465.98    24    13502.84
(main)    43    13    13542.31    24    13544.44
(main)    22    13    13600.18    24    13601.84
(main)    41    13    13643.24    24    13645.24
(main)    35    13    13661.28    24    13667.24
(main)    45    13    13657.8    24    13667.84
(main)    31    13    13688.67    24    13689.24
(main)    5    13    13704.6    24    13714.04
(main)    44    13    13726.5    24    13738.84
(main)    30    13    13738.84    24    13759.04
(main)    42    13    13750.17    24    13760.84
(main)    7    13    13781.48    24    13786.04
(main)    14    13    13787.98    24    13808.24
(main)    33    13    13842.77    24    13844.24
(main)    28    13    13839.43    24    13867.84
(main)    21    13    13842.54    24    13871.24
(main)    40    13    13869.19    24    13892.64
(main)    16    13    13899.7    24    13901.04
(main)    26    13    13920.33    24    13924.84
(main)    37    13    13918.25    24    13931.84
(main)    1    13    13942.46    24    13947.44
(main)    46    13    13948.2    24    13955.24
(main)    34    13    13972.15    24    13993.84
(main)    39    13    14000.72    24    14002.24
(main)    10    13    13980.23    24    14003.24
(main)    4    14    14036.8    24    14059.04
(main)    25    14    14106.94    24    14107.04
(main)    32    14    14109.46    24    14109.84
(main)    48    14    14122.13    24    14126.24
(main)    17    14    14127.81    24    14127.84
(main)    27    14    14134.25    24    14175.64
(main)    12    14    14161.33    24    14197.04
(main)    8    14    14217.4    24    14220.24
(main)    9    14    14260.24    24    14261.84
(main)    19    14    14269.24    24    14283.84
(main)    47    14    14283.53    24    14305.24
(main)    15    14    14296.21    24    14308.44
(main)    38    14    14307.22    24    14328.24
(main)    11    14    14345.55    24    14348.04
(main)    23    14    14368.46    24    14370.24
(main)    36    14    14346.41    24    14371.24
(main)    0    14    14365.7    24    14375.04
(main)    29    14    14359.04    24    14393.84
(main)    20    14    14385.98    24    14396.24
(main)    13    14    14430.66    24    14442.64
(main)    3    14    14446.41    24    14465.64
(main)    2    14    14453.14    24    14486.04
(main)    6    14    14466.17    24    14488.04
(main)    43    14    14542.41    24    14544.64
(main)    22    14    14600.24    24    14602.04
(main)    41    14    14643.3    24    14645.44
(main)    35    14    14661.37    24    14667.44
(main)    45    14    14657.88    24    14668.84
(main)    31    14    14688.7    24    14689.24
(main)    44    14    14726.52    24    14735.24
(main)    5    14    14704.68    24    14736.24
(main)    30    14    14738.95    24    14780.04
(main)    42    14    14750.37    24    14782.04
(main)    7    14    14781.55    24    14785.84
(main)    14    14    14788.0    24    14829.64
(main)    33    14    14842.78    24    14851.64
(main)    21    14    14842.61    24    14852.24
(main)    28    14    14839.43    24    14874.04
(main)    40    14    14869.24    24    14874.64
(main)    16    14    14899.87    24    14917.04
(main)    18    14    14900.3    24    14920.24
(main)    1    14    14942.55    24    14956.84
(main)    37    14    14918.44    24    14957.44
(main)    26    14    14920.38    24    14980.84
(main)    46    14    14948.22    24    14981.44
(main)    10    14    14980.26    24    15005.44
(main)    34    14    14972.18    24    15032.84
(main)    4    15    15036.81    24    15040.04
(main)    39    14    15000.89    24    15071.04
(main)    25    15    15107.05    24    15107.24
(main)    32    15    15109.62    24    15122.04
(main)    17    15    15127.91    24    15128.44
(main)    48    15    15122.32    24    15154.24
(main)    12    15    15161.41    24    15165.04
(main)    27    15    15134.35    24    15187.24
(main)    8    15    15217.43    24    15220.64
(main)    9    15    15260.43    24    15262.04
(main)    19    15    15269.26    24    15283.64
(main)    47    15    15283.61    24    15287.04
(main)    15    15    15296.39    24    15308.64
(main)    38    15    15307.22    24    15328.64
(main)    11    15    15345.55    24    15358.24
(main)    23    15    15368.53    24    15368.64
(main)    36    15    15346.47    24    15375.64
(main)    0    15    15365.86    24    15394.24
(main)    20    15    15385.99    24    15396.84
(main)    29    15    15359.22    24    15403.64
(main)    13    15    15430.74    24    15437.04
(main)    3    15    15446.48    24    15458.44
(main)    2    15    15453.15    24    15469.04
(main)    6    15    15466.36    24    15512.64
(main)    43    15    15542.5    24    15543.84
(main)    22    15    15600.3    24    15602.44
(main)    41    15    15643.39    24    15645.24
(main)    35    15    15661.44    24    15670.64
(main)    45    15    15657.94    24    15671.44
(main)    31    15    15688.79    24    15689.84
(main)    5    15    15704.76    24    15709.04
(main)    44    15    15726.54    24    15735.44
(main)    30    15    15739.69    24    15759.04
(main)    42    15    15750.53    24    15780.44
(main)    7    15    15781.66    24    15808.24
(main)    14    15    15788.05    24    15829.64
(main)    33    15    15842.78    24    15844.84
(main)    21    15    15842.69    24    15853.64
(main)    40    15    15869.27    24    15874.04
(main)    28    15    15839.44    24    15874.64
(main)    18    15    15900.46    24    15900.84
(main)    37    15    15918.61    24    15921.04
(main)    26    15    15920.41    24    15926.04
(main)    16    15    15899.94    24    15936.84
(main)    1    15    15942.6    24    15949.24
(main)    46    15    15948.24    24    15990.64
(main)    10    15    15980.32    24    15996.84
(main)    34    15    15972.22    24    16013.64
(main)    39    15    16001.07    24    16019.64
(main)    4    16    16037.02    24    16041.24
(main)    25    16    16107.14    24    16107.24
(main)    32    16    16109.8    24    16111.04
(main)    17    16    16128.0    24    16128.64
(main)    48    16    16122.32    24    16129.64
(main)    27    16    16134.41    24    16153.84
(main)    12    16    16161.48    24    16195.24
(main)    8    16    16217.47    24    16221.64
(main)    9    16    16260.6    24    16261.84
(main)    19    16    16269.45    24    16283.64
(main)    47    16    16283.69    24    16307.64
(main)    15    16    16296.58    24    16329.84
(main)    38    16    16307.26    24    16330.24
(main)    11    16    16345.57    24    16351.24
(main)    23    16    16368.59    24    16368.64
(main)    0    16    16366.03    24    16372.64
(main)    36    16    16346.54    24    16374.24
(main)    29    16    16359.39    24    16396.84
(main)    20    16    16386.18    24    16419.84
(main)    13    16    16430.83    24    16463.45
(main)    3    16    16446.54    24    16485.45
(main)    6    16    16466.54    24    16504.65
(main)    2    16    16453.15    24    16508.65
(main)    43    16    16542.6    24    16544.85
(main)    22    16    16600.4    24    16602.45
(main)    41    16    16643.46    24    16645.85
(main)    35    16    16661.53    24    16667.85
(main)    45    16    16658.02    24    16669.25
(main)    31    16    16688.91    24    16689.85
(main)    5    16    16704.83    24    16713.25
(main)    44    16    16726.56    24    16728.45
(main)    30    16    16739.88    24    16751.85
(main)    42    16    16750.73    24    16758.65
(main)    7    16    16781.75    24    16801.85
(main)    14    16    16788.1    24    16824.25
(main)    33    16    16842.96    24    16845.05
(main)    21    16    16842.77    24    16871.45
(main)    40    16    16869.34    24    16872.65
(main)    28    16    16839.46    24    16873.45
(main)    16    16    16900.09    24    16900.45
(main)    18    16    16901.85    24    16922.25
(main)    37    16    16918.62    24    16936.45
(main)    26    16    16920.46    24    16946.25
(main)    1    16    16942.69    24    16981.05
(main)    46    16    16948.28    24    16988.65
(main)    34    16    16972.27    24    17011.05
(main)    10    16    16980.4    24    17013.25
(main)    39    16    17001.26    24    17047.85
(main)    4    17    17037.02    24    17058.85
(main)    25    17    17107.22    24    17107.85
(main)    32    17    17109.96    24    17111.25
(main)    17    17    17128.09    24    17128.65
(main)    48    17    17122.51    24    17130.45
(main)    12    17    17161.56    24    17197.65
(main)    8    17    17217.53    24    17222.25
(main)    9    17    17260.74    24    17261.25
(main)    19    17    17269.49    24    17284.05
(main)    47    17    17283.8    24    17305.65
(main)    38    17    17307.3    24    17327.65
(main)    15    17    17296.76    24    17331.85
(main)    11    17    17345.6    24    17350.65
(main)    23    17    17368.69    24    17368.85
(main)    36    17    17346.63    24    17373.05
(main)    0    17    17366.04    24    17374.05
(main)    20    17    17386.22    24    17395.25
(main)    29    17    17360.4    24    17417.85
(main)    13    17    17430.94    24    17432.25
(main)    3    17    17446.62    24    17456.45
(main)    2    17    17453.17    24    17480.05
(main)    6    17    17466.55    24    17503.45
(main)    43    17    17542.7    24    17544.85
(main)    22    17    17600.47    24    17601.85
(main)    41    17    17643.53    24    17647.45
(main)    45    17    17658.08    24    17670.85
(main)    35    17    17661.62    24    17672.05
(main)    31    17    17688.98    24    17690.05
(main)    5    17    17704.93    24    17706.05
(main)    44    17    17726.58    24    17740.05
(main)    42    17    17750.89    24    17760.25
(main)    30    17    17740.05    24    17763.25
(main)    7    17    17781.85    24    17802.65
(main)    14    17    17788.12    24    17826.65
(main)    33    17    17843.12    24    17848.85
(main)    28    17    17839.48    24    17853.65
(main)    40    17    17869.38    24    17871.05
(main)    21    17    17843.45    24    17882.85
(main)    16    17    17900.23    24    17902.05
(main)    18    17    17901.99    24    17902.85
(main)    26    17    17920.52    24    17924.85
(main)    37    17    17918.62    24    17939.65
(main)    1    17    17942.74    24    17950.25
(main)    46    17    17948.3    24    17981.45
(main)    10    17    17980.46    24    17995.65
(main)    34    17    17972.3    24    18026.85
(main)    4    18    18037.03    24    18041.05
(main)    39    17    18001.26    24    18050.25
(main)    25    18    18107.28    24    18107.85
(main)    32    18    18110.07    24    18111.85
(main)    17    18    18128.16    24    18129.25
(main)    48    18    18122.51    24    18130.05
(main)    12    18    18161.61    24    18164.85
(main)    27    18    18135.01    24    18175.65
(main)    8    18    18217.57    24    18223.45
(main)    9    18    18260.91    24    18261.85
(main)    19    18    18269.65    24    18284.85
(main)    47    18    18283.9    24    18307.85
(main)    15    18    18296.92    24    18310.65
(main)    38    18    18307.34    24    18330.05
(main)    11    18    18345.77    24    18347.05
(main)    23    18    18368.8    24    18369.45
(main)    36    18    18346.69    24    18373.85
(main)    0    18    18366.24    24    18395.85
(main)    29    18    18360.57    24    18396.65
(main)    20    18    18386.23    24    18397.25
(main)    13    18    18430.99    24    18440.05
(main)    3    18    18446.7    24    18462.65
(main)    2    18    18453.2    24    18485.85
(main)    6    18    18466.72    24    18507.05
(main)    43    18    18542.96    24    18546.45
(main)    22    18    18600.52    24    18600.85
(main)    41    18    18643.59    24    18647.65
(main)    45    18    18658.15    24    18671.25
(main)    35    18    18661.72    24    18672.25
(main)    31    18    18689.06    24    18689.25
(main)    5    18    18704.98    24    18706.45
(main)    44    18    18726.6    24    18753.25
(main)    30    18    18740.21    24    18774.25
(main)    42    18    18750.89    24    18797.25
(main)    7    18    18781.92    24    18822.05
(main)    14    18    18788.13    24    18843.45
(main)    33    18    18843.31    24    18846.65
(main)    21    18    18843.49    24    18866.25
(main)    40    18    18869.42    24    18870.25
(main)    28    18    18839.52    24    18870.65
(main)    18    18    18902.14    24    18903.45
(main)    26    18    18920.58    24    18924.65
(main)    16    18    18900.38    24    18933.05
(main)    37    18    18918.77    24    18935.65
(main)    46    18    18948.3    24    18971.65
(main)    1    18    18942.8    24    18978.05
(main)    34    18    18972.32    24    18994.45
(main)    39    18    19001.45    24    19016.85
(main)    10    18    18980.52    24    19022.65
(main)    4    19    19037.04    24    19042.45
(main)    25    19    19107.33    24    19107.85
(main)    32    19    19110.22    24    19112.45
(main)    17    19    19128.26    24    19129.25
(main)    48    19    19122.71    24    19154.45
(main)    27    19    19135.11    24    19179.05
(main)    12    19    19161.63    24    19196.45
(main)    8    19    19217.61    24    19219.85
(main)    9    19    19261.08    24    19262.65
(main)    19    19    19269.67    24    19287.25
(main)    47    19    19284.0    24    19310.25
(main)    38    19    19307.39    24    19332.05
(main)    15    19    19297.11    24    19332.45
(main)    11    19    19345.96    24    19347.05
(main)    23    19    19368.9    24    19369.45
(main)    36    19    19346.78    24    19376.05
(main)    0    19    19366.41    24    19378.45
(main)    29    19    19360.74    24    19399.45
(main)    20    19    19386.42    24    19401.65
(main)    13    19    19431.05    24    19437.45
(main)    3    19    19446.76    24    19467.45
(main)    6    19    19466.91    24    19491.25
(main)    2    19    19453.22    24    19505.65
(main)    43    19    19543.05    24    19547.05
(main)    22    19    19600.58    24    19601.05
(main)    41    19    19643.65    24    19650.85
(main)    35    19    19661.8    24    19666.25
(main)    45    19    19658.21    24    19671.25
(main)    31    19    19689.13    24    19689.25
(main)    5    19    19705.02    24    19707.25
(main)    44    19    19726.61    24    19739.85
(main)    30    19    19740.32    24    19761.45
(main)    42    19    19751.08    24    19762.65
(main)    7    19    19781.98    24    19805.65
(main)    14    19    19788.13    24    19829.85
(main)    21    19    19843.57    24    19853.25
(main)    33    19    19843.49    24    19855.65
(main)    40    19    19869.47    24    19876.05
(main)    28    19    19839.54    24    19876.45
(main)    18    19    19902.25    24    19903.45
(main)    16    19    19900.55    24    19922.85
(main)    26    19    19920.64    24    19925.05
(main)    37    19    19918.93    24    19926.65
(main)    46    19    19948.31    24    19950.25
(main)    1    19    19943.09    24    19966.85
(main)    34    19    19972.37    24    19992.65
(main)    10    19    19980.55    24    20011.05
(main)    39    19    20001.6    24    20014.45
(main)    4    20    20037.22    24    20054.45
(main)    25    20    20107.42    24    20108.45
(main)    32    20    20110.35    24    20112.65
(main)    48    20    20122.88    24    20128.25
(main)    17    20    20128.36    24    20150.25
(main)    27    20    20135.21    24    20151.05
(main)    12    20    20161.67    24    20179.65
(main)    8    20    20217.67    24    20219.25
(main)    9    20    20261.27    24    20263.25
(main)    19    20    20269.86    24    20288.25
(main)    47    20    20284.06    24    20308.65
(main)    15    20    20297.13    24    20310.65
(main)    38    20    20307.42    24    20331.45
(main)    11    20    20345.97    24    20352.85
(main)    36    20    20346.86    24    20353.45
(main)    23    20    20369.0    24    20370.05
(main)    29    20    20360.93    24    20376.05
(main)    20    20    20386.44    24    20398.05
(main)    0    20    20366.6    24    20421.25
(main)    13    20    20431.12    24    20463.07
(main)    2    20    20453.22    24    20495.07
(main)    3    20    20446.82    24    20496.87
(main)    6    20    20467.11    24    20505.27
(main)    43    20    20543.13    24    20547.47
(main)    22    20    20600.65    24    20601.07
(main)    41    20    20643.74    24    20648.47
(main)    45    20    20658.29    24    20669.67
(main)    35    20    20661.9    24    20671.47
(main)    31    20    20689.2    24    20689.27
(main)    5    20    20705.13    24    20709.67
(main)    44    20    20726.64    24    20737.87
(main)    30    20    20740.63    24    20742.87
(main)    42    20    20751.24    24    20761.67
(main)    7    20    20782.12    24    20786.67
(main)    14    20    20788.17    24    20817.07
(main)    28    20    20839.73    24    20845.07
(main)    33    20    20843.49    24    20866.27
(main)    21    20    20843.61    24    20867.67
(main)    40    20    20869.53    24    20871.07
(main)    16    20    20900.68    24    20902.07
(main)    18    20    20902.4    24    20903.67
(main)    37    20    20919.1    24    20926.07
(main)    26    20    20920.7    24    20949.07
(main)    1    20    20943.17    24    20971.27
(main)    34    20    20972.38    24    20994.87
(main)    10    20    20980.6    24    20997.87
(main)    46    20    20948.33    24    21017.07
(main)    39    20    21001.99    24    21021.07
(main)    4    21    21037.23    24    21040.47
(main)    25    21    21107.5    24    21108.47
(main)    32    21    21110.54    24    21112.67
(main)    17    21    21128.48    24    21128.67
(main)    48    21    21123.05    24    21153.07
(main)    27    21    21135.29    24    21177.07
(main)    12    21    21161.74    24    21199.87
(main)    8    21    21217.74    24    21219.07
(main)    9    21    21261.46    24    21263.47
(main)    19    21    21269.86    24    21287.07
(main)    47    21    21284.16    24    21290.87
(main)    15    21    21297.32    24    21310.87
(main)    38    21    21307.48    24    21332.07
(main)    11    21    21345.97    24    21348.07
(main)    23    21    21369.04    24    21370.07
(main)    36    21    21346.92    24    21372.27
(main)    20    21    21386.48    24    21388.27
(main)    29    21    21361.03    24    21393.47
(main)    0    21    21366.78    24    21394.07
(main)    13    21    21431.21    24    21434.87
(main)    3    21    21446.9    24    21459.67
(main)    2    21    21453.25    24    21486.67
(main)    6    21    21467.12    24    21504.27
(main)    43    21    21543.18    24    21548.07
(main)    22    21    21600.71    24    21602.07
(main)    41    21    21643.8    24    21647.67
(main)    35    21    21661.96    24    21667.87
(main)    45    21    21658.36    24    21668.67
(main)    31    21    21689.33    24    21689.87
(main)    5    21    21705.23    24    21708.67
(main)    44    21    21726.65    24    21732.67
(main)    30    21    21740.76    24    21743.07
(main)    42    21    21751.4    24    21776.07
(main)    7    21    21782.22    24    21798.87
(main)    14    21    21788.36    24    21823.27
(main)    33    21    21843.67    24    21845.67
(main)    28    21    21839.74    24    21869.87
(main)    21    21    21843.69    24    21871.27
(main)    40    21    21869.58    24    21872.07
(main)    18    21    21902.54    24    21904.87
(main)    16    21    21900.83    24    21912.27
(main)    37    21    21919.1    24    21933.67
(main)    26    21    21920.73    24    21948.87
(main)    46    21    21948.35    24    21954.87
(main)    1    21    21943.26    24    21977.47
(main)    10    21    21980.64    24    22004.07
(main)    34    21    21972.41    24    22024.27
(main)    4    22    22037.25    24    22039.67
(main)    39    21    22002.0    24    22045.87
(main)    25    22    22107.55    24    22108.47
(main)    32    22    22110.66    24    22125.27
(main)    48    22    22123.22    24    22126.27
(main)    17    22    22128.57    24    22128.67
(main)    27    22    22135.37    24    22174.67
(main)    12    22    22161.79    24    22197.27
(main)    8    22    22217.8    24    22220.07
(main)    9    22    22261.65    24    22264.47
(main)    19    22    22270.04    24    22287.27
(main)    15    22    22297.51    24    22311.07
(main)    38    22    22307.51    24    22336.27
(main)    11    22    22346.15    24    22348.67
(main)    23    22    22369.09    24    22370.07
(main)    36    22    22346.94    24    22374.47
(main)    20    22    22386.68    24    22388.27
(main)    29    22    22361.2    24    22395.07
(main)    0    22    22366.95    24    22418.27
(main)    13    22    22431.29    24    22453.67
(main)    3    22    22446.98    24    22474.47
(main)    6    22    22467.29    24    22495.67
(main)    2    22    22453.27    24    22518.67
(main)    43    22    22543.27    24    22547.07
(main)    22    22    22600.77    24    22602.07
(main)    41    22    22643.86    24    22647.67
(main)    35    22    22662.03    24    22664.27
(main)    45    22    22658.42    24    22668.47
(main)    31    22    22689.41    24    22689.87
(main)    5    22    22705.29    24    22710.87
(main)    44    22    22726.67    24    22739.67
(main)    30    22    22741.52    24    22761.27
(main)    42    22    22751.58    24    22761.67
(main)    7    22    22782.26    24    22788.87
(main)    14    22    22788.37    24    22813.47
(main)    33    22    22843.84    24    22844.67
(main)    21    22    22843.72    24    22850.87
(main)    28    22    22839.94    24    22873.87
(main)    40    22    22869.81    24    22874.87
(main)    18    22    22902.65    24    22917.87
(main)    26    22    22920.76    24    22938.67
(main)    37    22    22919.28    24    22940.07
(main)    1    22    22943.35    24    22948.27
(main)    16    22    22900.93    24    22962.47
(main)    34    22    22972.42    24    22996.27
(main)    46    22    22948.36    24    23005.87
(main)    10    22    22980.69    24    23015.67
(main)    39    22    23002.17    24    23059.47
(main)    4    23    23037.27    24    23062.67
(main)    25    23    23107.63    24    23107.67
(main)    32    23    23110.8    24    23116.87
(main)    48    23    23123.41    24    23126.67
(main)    17    23    23128.65    24    23128.67
(main)    27    23    23135.4    24    23180.47
(main)    12    23    23161.83    24    23182.27
(main)    8    23    23217.83    24    23219.67
(main)    9    23    23261.82    24    23265.07
(main)    19    23    23270.2    24    23287.47
(main)    47    23    23284.33    24    23308.67
(main)    38    23    23307.53    24    23330.67
(main)    15    23    23297.68    24    23333.87
(main)    11    23    23346.32    24    23356.47
(main)    23    23    23369.15    24    23369.27
(main)    36    23    23347.02    24    23375.27
(main)    20    23    23386.71    24    23388.67
(main)    29    23    23361.38    24    23397.67
(main)    0    23    23367.13    24    23422.27
(main)    13    23    23431.39    24    23436.67
(main)    3    23    23447.04    24    23459.47
(main)    2    23    23453.29    24    23481.07
(main)    6    23    23467.46    24    23483.47
(main)    43    23    23543.35    24    23556.87
(main)    22    23    23600.79    24    23602.07
(main)    41    23    23643.91    24    23645.07
(main)    35    23    23662.1    24    23663.87
(main)    45    23    23658.48    24    23669.87
(main)    31    23    23689.92    24    23690.47
(main)    5    23    23705.42    24    23710.67
(main)    44    23    23726.69    24    23735.67
(main)    30    23    23741.71    24    23757.67
(main)    42    23    23751.75    24    23779.87
(main)    7    23    23782.34    24    23803.87
(main)    14    23    23788.39    24    23826.47
(main)    28    23    23839.96    24    23847.47
(main)    33    23    23843.85    24    23850.87
(main)    21    23    23843.81    24    23869.07
(main)    40    23    23869.87    24    23873.47
(main)    18    23    23902.79    24    23904.87
(main)    16    23    23901.11    24    23911.87
(main)    26    23    23920.8    24    23926.87
(main)    46    23    23948.37    24    23953.47
(main)    37    23    23919.29    24    23965.07
(main)    34    23    23972.44    24    23977.87
(main)    1    23    23943.42    24    23981.47
(main)    10    23    23980.7    24    24012.47
(main)    4    24    24037.45    24    24039.47
(main)    39    23    24002.34    24    24054.07
(main)    25    24    24107.64    24    24107.67
(main)    32    24    24110.91    24    24111.27
(main)    17    24    24128.75    24    24129.27
(main)    48    24    24123.61    24    24139.47
(main)    27    24    24135.46    24    24153.27
(main)    12    24    24161.91    24    24195.87
(main)    8    24    24217.91    24    24220.07
(main)    9    24    24261.99    24    24263.87
(main)    19    24    24270.39    24    24287.07
(main)    47    24    24284.4    24    24288.27
(main)    15    24    24297.86    24    24310.87
(main)    38    24    24307.57    24    24332.87
(main)    11    24    24346.5    24    24349.07
(main)    23    24    24369.27    24    24369.47
(main)    36    24    24347.06    24    24375.27
(main)    0    24    24367.14    24    24376.47
(main)    29    24    24361.41    24    24397.07
(main)    20    24    24386.71    24    24398.07
(main)    13    24    24431.47    24    24454.48
(main)    2    24    24453.48    24    24480.28
(main)    6    24    24467.65    24    24481.08
(main)    3    24    24447.08    24    24484.68
(main)    43    24    24543.45    24    24545.68
(main)    22    24    24600.82    24    24603.08
(main)    41    24    24643.98    24    24645.88
(main)    35    24    24662.19    24    24667.68
(main)    45    24    24658.55    24    24668.88
(main)    31    24    24690.03    24    24691.08
(main)    5    24    24705.52    24    24709.68
(main)    44    24    24726.93    24    24732.28
(main)    30    24    24741.88    24    24754.28
(main)    42    24    24751.76    24    24777.28
(main)    14    24    24788.4    24    24804.28
(main)    7    24    24782.42    24    24806.48
(main)    28    24    24839.98    24    24842.48
(main)    33    24    24844.02    24    24846.88
(main)    21    24    24843.88    24    24874.28
(main)    40    24    24869.92    24    24887.08
(main)    18    24    24902.93    24    24912.28
(main)    16    24    24901.24    24    24916.68
(main)    37    24    24919.46    24    24935.08
(main)    26    24    24920.88    24    24935.48
(main)    46    24    24948.39    24    24963.08
(main)    1    24    24943.49    24    24985.48
(main)    10    24    24980.76    24    25007.88
(main)    34    24    24972.46    24    25023.08
(main)    4    25    25037.46    24    25042.68
(main)    39    24    25002.53    24    25045.88
(main)    25    25    25107.73    24    25107.88
(main)    17    25    25128.82    24    25129.28
(main)    32    25    25111.08    24    25133.08
(main)    48    25    25123.78    24    25153.48
(main)    27    25    25135.55    24    25177.28
(main)    12    25    25162.01    24    25180.68
(main)    8    25    25217.95    24    25221.28
(main)    9    25    25262.16    24    25262.88
(main)    19    25    25270.57    24    25287.28
(main)    15    25    25298.04    24    25309.88
(main)    47    25    25284.46    24    25310.08
(main)    38    25    25307.63    24    25335.88
(main)    11    25    25346.69    24    25348.28
(main)    36    25    25347.11    24    25355.88
(main)    23    25    25369.33    24    25369.48
(main)    29    25    25361.56    24    25378.28
(main)    0    25    25367.32    24    25398.08
(main)    20    25    25386.75    24    25420.68
(main)    13    25    25431.58    24    25436.28
(main)    2    25    25453.49    24    25458.88
(main)    3    25    25447.16    24    25481.48
(main)    6    25    25467.67    24    25487.48
(main)    43    25    25543.54    24    25544.88
(main)    22    25    25600.86    24    25603.08
(main)    41    25    25644.04    24    25645.68
(main)    35    25    25662.23    24    25670.08
(main)    45    25    25658.61    24    25671.28
(main)    31    25    25690.05    24    25691.08
(main)    5    25    25705.6    24    25707.88
(main)    44    25    25726.95    24    25735.28
(main)    42    25    25751.9    24    25758.68
(main)    30    25    25741.96    24    25760.08
(main)    7    25    25782.51    24    25803.88
(main)    14    25    25788.41    24    25827.48
(main)    33    25    25844.2    24    25846.28
(main)    21    25    25843.93    24    25850.28
(main)    28    25    25840.17    24    25873.68
(main)    40    25    25869.97    24    25874.68
(main)    18    25    25903.05    24    25903.68
(main)    16    25    25901.36    24    25917.48
(main)    26    25    25920.92    24    25950.28
(main)    37    25    25920.65    24    25964.48
(main)    1    25    25943.58    24    25985.88
(main)    34    25    25972.47    24    25996.68
(main)    46    25    25948.41    24    26007.68
(main)    39    25    26002.69    24    26019.48
(main)    10    25    25980.82    24    26030.68
(main)    4    26    26037.47    24    26085.08
(main)    25    26    26107.85    24    26108.48
(main)    32    26    26111.24    24    26112.68
(main)    17    26    26128.91    24    26129.88
(main)    48    26    26123.97    24    26131.08
(main)    27    26    26135.61    24    26175.28
(main)    12    26    26162.04    24    26197.68
(main)    8    26    26218.01    24    26221.48
(main)    9    26    26262.32    24    26263.88
(main)    19    26    26270.76    24    26272.88
(main)    47    26    26284.56    24    26288.28
(main)    15    26    26298.19    24    26315.08
(main)    38    26    26307.68    24    26318.48
(main)    11    26    26346.87    24    26347.48
(main)    36    26    26347.16    24    26355.48
(main)    23    26    26369.38    24    26369.88
(main)    29    26    26361.74    24    26377.08
(main)    0    26    26367.51    24    26394.08
(main)    20    26    26386.94    24    26417.48
(main)    13    26    26431.65    24    26439.28
(main)    2    26    26453.51    24    26457.48
(main)    3    26    26447.22    24    26462.88
(main)    6    26    26467.85    24    26486.08
(main)    43    26    26543.65    24    26545.28
(main)    22    26    26600.9    24    26603.08
(main)    41    26    26644.1    24    26646.28
(main)    45    26    26658.66    24    26668.88
(main)    35    26    26663.13    24    26669.08
(main)    31    26    26691.11    24    26692.08
(main)    5    26    26705.68    24    26707.08
(main)    44    26    26726.96    24    26733.88
(main)    30    26    26742.06    24    26757.28
(main)    42    26    26751.91    24    26759.88
(main)    7    26    26782.54    24    26805.28
(main)    14    26    26788.59    24    26828.88
(main)    33    26    26844.39    24    26851.28
(main)    21    26    26843.97    24    26867.88
(main)    40    26    26869.99    24    26872.68
(main)    28    26    26840.19    24    26873.28
(main)    18    26    26903.19    24    26919.68
(main)    16    26    26901.5    24    26921.28
(main)    37    26    26921.21    24    26937.88
(main)    26    26    26920.94    24    26961.08
(main)    1    26    26943.64    24    26964.48
(main)    46    26    26948.61    24    26983.48
(main)    10    26    26980.87    24    26986.48
(main)    34    26    26973.68    24    27027.08
(main)    39    26    27002.86    24    27049.28
(main)    4    27    27037.49    24    27052.68
(main)    25    27    27107.96    24    27108.48
(main)    32    27    27111.38    24    27112.68
(main)    17    27    27128.98    24    27130.08
(main)    48    27    27123.98    24    27154.28
(main)    27    27    27135.68    24    27176.28
(main)    12    27    27162.07    24    27197.08
(main)    8    27    27218.05    24    27222.88
(main)    9    27    27262.5    24    27264.28
(main)    19    27    27270.91    24    27285.88
(main)    47    27    27284.66    24    27308.48
(main)    15    27    27298.3    24    27311.08
(main)    38    27    27307.91    24    27330.08
(main)    11    27    27347.01    24    27348.08
(main)    23    27    27369.47    24    27370.08
(main)    36    27    27347.23    24    27374.88
(main)    0    27    27367.66    24    27380.08
(main)    29    27    27361.75    24    27396.28
(main)    20    27    27386.95    24    27402.68
(main)    13    27    27431.72    24    27444.88
(main)    2    27    27453.53    24    27458.08
(main)    3    27    27447.28    24    27460.48
(main)    6    27    27468.02    24    27506.68
(main)    43    27    27543.74    24    27546.08
(main)    22    27    27600.95    24    27602.28
(main)    41    27    27644.19    24    27649.88
(main)    45    27    27658.73    24    27672.08
(main)    35    27    27663.22    24    27674.88
(main)    31    27    27691.2    24    27691.28
(main)    5    27    27705.75    24    27706.88
(main)    44    27    27726.98    24    27740.48
(main)    30    27    27742.85    24    27763.28
(main)    42    27    27752.09    24    27784.28
(main)    7    27    27782.6    24    27789.28
(main)    14    27    27788.77    24    27828.68
(main)    21    27    27844.02    24    27852.08
(main)    33    27    27844.58    24    27854.48
(main)    28    27    27840.22    24    27875.48
(main)    40    27    27870.03    24    27876.88
(main)    18    27    27903.33    24    27904.08
(main)    16    27    27901.58    24    27917.88
(main)    37    27    27921.36    24    27942.88
(main)    26    27    27920.99    24    27947.88
(main)    46    27    27948.63    24    27984.88
(main)    1    27    27943.72    24    27988.28
(main)    34    27    27973.7    24    28009.08
(main)    10    27    27980.9    24    28028.48
(main)    39    27    28003.05    24    28031.48
(main)    4    28    28037.5    24    28049.48
(main)    25    28    28108.06    24    28108.68
(main)    32    28    28111.49    24    28123.08
(main)    17    28    28129.03    24    28130.08
(main)    48    28    28124.17    24    28143.28
(main)    27    28    28135.75    24    28186.48
(main)    12    28    28162.09    24    28197.48
(main)    8    28    28218.09    24    28222.48
(main)    9    28    28262.69    24    28264.08
(main)    19    28    28270.93    24    28287.28
(main)    47    28    28284.76    24    28310.08
(main)    15    28    28298.44    24    28313.48
(main)    38    28    28307.92    24    28331.88
(main)    11    28    28347.2    24    28351.88
(main)    23    28    28369.55    24    28370.08
(main)    36    28    28347.3    24    28376.28
(main)    29    28    28361.76    24    28397.68
(main)    0    28    28367.84    24    28398.28
(main)    20    28    28386.96    24    28400.08
(main)    13    28    28431.81    24    28465.29
(main)    6    28    28468.22    24    28487.89
(main)    2    28    28453.55    24    28491.69
(main)    3    28    28447.32    24    28508.69
(main)    43    28    28543.84    24    28547.09
(main)    22    28    28601.01    24    28601.29
(main)    41    28    28644.26    24    28648.29
(main)    35    28    28663.32    24    28671.29
(main)    45    28    28658.81    24    28672.09
(main)    31    28    28691.27    24    28691.29
(main)    5    28    28705.85    24    28707.49
(main)    44    28    28727.17    24    28740.89
(main)    30    28    28743.0    24    28762.09
(main)    42    28    28752.27    24    28782.29
(main)    7    28    28782.66    24    28784.09
(main)    14    28    28788.78    24    28808.09
(main)    33    28    28844.77    24    28847.29
(main)    40    28    28870.11    24    28870.89
(main)    21    28    28844.09    24    28873.49
(main)    28    28    28840.25    24    28895.29
(main)    18    28    28903.49    24    28904.89
(main)    26    28    28921.05    24    28926.69
(main)    16    28    28901.76    24    28941.29
(main)    37    28    28921.53    24    28961.49
(main)    1    28    28943.8    24    28984.49
(main)    46    28    28948.64    24    28987.89
(main)    39    28    29003.24    24    29010.09
(main)    34    28    28973.73    24    29017.29
(main)    10    28    28980.97    24    29048.49
(main)    4    29    29037.53    24    29070.49
(main)    25    29    29108.17    24    29109.09
(main)    32    29    29111.68    24    29113.89
(main)    17    29    29129.15    24    29129.29
(main)    48    29    29124.18    24    29130.29
(main)    27    29    29135.84    24    29176.09
(main)    12    29    29162.19    24    29198.29
(main)    8    29    29218.14    24    29220.89
(main)    9    29    29262.71    24    29265.49
(main)    19    29    29270.94    24    29288.29
(main)    47    29    29284.86    24    29292.09
(main)    15    29    29298.61    24    29312.29
(main)    38    29    29307.96    24    29330.49
(main)    11    29    29347.24    24    29349.49
(main)    23    29    29369.64    24    29370.69
(main)    36    29    29347.4    24    29377.29
(main)    0    29    29368.01    24    29380.69
(main)    29    29    29361.95    24    29395.49
(main)    20    29    29386.99    24    29401.89
(main)    13    29    29431.9    24    29437.89
(main)    3    29    29447.4    24    29468.09
(main)    2    29    29453.57    24    29487.09
(main)    6    29    29468.23    24    29487.69
(main)    43    29    29543.93    24    29547.89
(main)    22    29    29601.05    24    29601.49
(main)    41    29    29644.29    24    29648.69
(main)    45    29    29658.87    24    29670.69
(main)    31    29    29691.35    24    29691.49
(main)    35    29    29663.39    24    29695.69
(main)    5    29    29705.95    24    29708.69
(main)    44    29    29727.19    24    29730.69
(main)    42    29    29752.42    24    29759.49
(main)    30    29    29743.15    24    29772.49
(main)    7    29    29782.75    24    29806.29
(main)    14    29    29788.81    24    29829.89
(main)    28    29    29840.27    24    29850.09
(main)    33    29    29844.77    24    29853.29
(main)    21    29    29844.18    24    29869.49
(main)    40    29    29870.17    24    29873.09
(main)    18    29    29903.67    24    29904.89
(main)    16    29    29901.91    24    29918.89
(main)    26    29    29921.07    24    29927.09
(main)    37    29    29922.9    24    29945.49
(main)    1    29    29943.87    24    29967.89
(main)    46    29    29948.66    24    29989.29
