(relay)    34    4    1038.6    1    1036.0    121    1
(advertise)    27    1038.8    4    1
(relay)    26    25    1105.21    1    1105.01    126    1
(advertise)    27    1105.41    25    1
(relay)    26    17    1128.63    1    1126.03    124    1
(relay)    34    48    1129.23    1    1121.03    125    2
(advertise)    27    1130.03    17    1
(generate)    27    1132.04    [24]    1
(advertise)    27    1153.05    48    1
(relay)    20    12    1195.27    1    1160.05    125    1
(advertise)    27    1195.47    12    1
(relay)    20    8    1248.08    1    1216.08    121    1
(advertise)    27    1248.28    8    1
(relay)    26    19    1269.69    1    1268.09    126    1
(advertise)    27    1270.49    19    1
(relay)    20    9    1293.3    1    1258.09    122    1
(advertise)    27    1294.5    9    1
(relay)    26    47    1317.12    1    1282.12    124    1
(advertise)    27    1317.92    47    1
(relay)    26    38    1341.93    1    1306.12    123    1
(advertise)    27    1342.13    38    1
(relay)    26    15    1365.34    1    1294.32    120    1
(relay)    34    36    1366.34    1    1345.16    121    2
(advertise)    27    1366.74    15    1
(relay)    20    11    1383.16    1    1343.16    124    2
(relay)    20    20    1385.36    1    1385.17    127    3
(advertise)    27    1389.56    36    1
(relay)    34    23    1410.97    1    1367.17    120    3
(advertise)    27    1411.97    11    1
(relay)    20    13    1431.98    1    1429.18    126    3
(advertise)    27    1434.38    20    1
(advertise)    27    1458.2    23    1
(relay)    34    29    1477.01    1    1358.16    120    2
(advertise)    27    1482.21    13    1
(relay)    20    6    1498.62    1    1464.18    125    2
(advertise)    27    1505.02    29    1
(relay)    20    3    1520.43    1    1445.01    122    2
(advertise)    27    1528.03    6    1
(advertise)    27    1549.25    3    1
(relay)    20    2    1563.66    1    1452.02    119    1
(advertise)    27    1571.06    2    1
(relay)    34    43    1594.87    1    1541.06    120    1
(advertise)    27    1595.27    43    1
(relay)    26    22    1617.89    1    1599.1    121    1
(advertise)    27    1619.29    22    1
(relay)    34    41    1643.1    1    1642.11    126    1
(advertise)    27    1643.7    41    1
(relay)    34    45    1668.71    1    1655.13    122    1
(advertise)    27    1668.91    45    1
(relay)    26    31    1693.53    1    1687.13    124    1
(advertise)    27    1693.93    31    1
(relay)    26    5    1721.34    1    1703.15    124    1
(advertise)    27    1721.54    5    1
(relay)    26    35    1742.35    1    1660.13    116    1
(advertise)    27    1743.55    35    1
(relay)    26    30    1768.16    1    1735.16    119    1
(advertise)    27    1768.76    30    1
(relay)    26    44    1793.38    1    1725.15    117    1
(advertise)    27    1793.58    44    1
(relay)    26    7    1815.19    1    1780.0    120    1
(advertise)    27    1817.79    7    1
(relay)    26    33    1862.0    1    1841.0    126    1
(advertise)    27    1862.2    33    1
(relay)    20    21    1864.22    1    1841.03    118    1
(advertise)    27    1884.22    21    1
(relay)    26    42    1885.83    1    1748.13    115    1
(advertise)    27    1906.23    42    1
(relay)    26    40    1907.44    1    1868.04    125    1
(relay)    26    26    1919.24    1    1919.06    127    2
(advertise)    27    1928.24    40    1
(advertise)    27    1949.26    26    1
(relay)    34    18    1954.67    1    1898.06    123    1
(relay)    26    16    1955.67    1    1898.06    121    2
(advertise)    27    1970.27    18    1
(relay)    34    34    1972.08    1    1971.07    127    2
(relay)    20    28    1974.08    1    1838.03    115    3
(advertise)    27    1991.68    16    1
(advertise)    27    2013.49    34    1
(relay)    34    46    2021.31    1    1947.08    123    2
(advertise)    27    2037.11    28    1
(relay)    20    37    2041.92    1    1917.07    120    2
(advertise)    27    2059.32    46    1
(relay)    20    10    2063.33    1    1979.11    123    2
(advertise)    27    2083.33    37    1
(relay)    34    39    2095.55    1    1999.12    124    2
(advertise)    27    2104.35    10    1
(relay)    20    4    2107.36    2    2036.12    123    2
(advertise)    27    2126.76    39    1
(generate)    27    2132.17    [24]    2
(relay)    34    1    2139.79    1    1941.09    114    2
(relay)    26    25    2141.39    2    2105.17    126    3
(advertise)    27    2148.39    4    2
(advertise)    27    2170.4    1    1
(relay)    34    32    2185.41    2    2105.39    125    2
(advertise)    27    2191.81    25    2
(advertise)    27    2214.42    32    2
(relay)    20    12    2221.84    2    2160.21    125    1
(relay)    34    48    2228.44    2    2121.13    125    2
(advertise)    27    2238.04    12    2
(advertise)    27    2259.65    48    2
(relay)    20    17    2288.66    2    2126.19    122    1
(advertise)    27    2288.86    17    2
(relay)    26    19    2300.68    2    2268.26    126    1
(advertise)    27    2310.08    19    2
(relay)    20    8    2334.89    2    2216.25    121    1
(advertise)    27    2335.09    8    2
(relay)    34    47    2338.1    2    2282.28    124    1
(relay)    20    9    2356.7    2    2258.25    122    2
(advertise)    27    2357.3    47    2
(advertise)    27    2378.72    9    2
(relay)    34    38    2381.33    2    2306.26    123    1
(relay)    20    20    2385.33    2    2385.33    127    2
(advertise)    27    2401.93    38    2
(advertise)    27    2423.94    20    2
(relay)    20    13    2431.55    2    2429.35    126    1
(relay)    26    11    2432.55    2    2344.52    124    2
(advertise)    27    2446.15    13    2
(relay)    34    36    2467.17    2    2345.32    121    2
(advertise)    27    2467.77    11    2
(relay)    20    15    2474.18    2    2294.48    122    2
(advertise)    27    2488.78    36    2
(advertise)    27    2511.79    15    2
(relay)    20    29    2519.21    2    2358.32    120    1
(advertise)    27    2533.81    29    2
(relay)    20    23    2550.42    2    2367.33    122    1
(advertise)    27    2555.02    23    2
(relay)    20    6    2572.43    2    2464.29    123    1
(advertise)    27    2576.43    6    2
(relay)    34    0    2577.64    2    2364.33    117    1
(relay)    20    3    2593.44    2    2445.19    122    2
(advertise)    27    2599.24    0    2
(advertise)    27    2621.66    3    2
(relay)    34    41    2642.87    2    2642.3    126    1
(relay)    20    2    2643.27    2    2452.19    121    2
(advertise)    27    2643.47    41    2
(advertise)    27    2665.68    2    2
(relay)    20    43    2671.1    2    2541.23    116    1
(advertise)    27    2687.1    43    2
(relay)    34    45    2711.71    2    2656.51    122    1
(advertise)    27    2712.11    45    2
(relay)    34    31    2732.12    2    2687.31    124    1
(advertise)    27    2733.12    31    2
(relay)    20    5    2741.94    2    2703.32    124    1
(advertise)    27    2754.74    5    2
(relay)    34    22    2777.95    2    2599.26    119    1
(advertise)    27    2778.15    22    2
(relay)    34    30    2800.76    2    2735.35    123    1
(advertise)    27    2800.96    30    2
(relay)    34    35    2822.57    2    2660.28    118    1
(advertise)    27    2824.57    35    2
(relay)    34    33    2844.19    2    2841.2    126    1
(advertise)    27    2845.59    33    2
(relay)    34    40    2871.8    2    2868.23    125    1
(advertise)    27    2872.0    40    2
(relay)    26    44    2879.21    2    2725.32    121    1
(advertise)    27    2893.61    44    2
(relay)    20    14    2918.03    2    2787.17    121    1
(advertise)    27    2918.43    14    2
(relay)    26    42    2922.24    2    2748.27    119    1
(advertise)    27    2941.04    42    2
(relay)    20    18    2942.65    2    2898.45    125    1
(relay)    34    26    2961.25    2    2919.24    123    2
(advertise)    27    2962.65    18    2
(relay)    34    34    2972.27    2    2971.24    127    2
(advertise)    27    2983.87    26    2
(advertise)    27    3004.88    34    2
(relay)    20    7    3009.09    2    2780.17    118    1
(advertise)    27    3026.29    7    2
(relay)    26    28    3028.5    2    2838.19    117    1
(advertise)    27    3049.9    28    2
(relay)    20    16    3053.52    2    2898.24    121    1
(advertise)    27    3071.52    16    2
(relay)    34    37    3094.93    2    2917.27    122    1
(advertise)    27    3095.93    37    2
(relay)    20    10    3097.74    2    2979.29    123    1
(advertise)    27    3117.34    10    2
(relay)    20    21    3119.56    2    2841.2    116    1
(generate)    27    3132.36    [24]    3
(advertise)    27    3138.97    21    2
(relay)    26    46    3159.18    2    2947.28    123    1
(advertise)    27    3160.58    46    2
(relay)    26    25    3181.2    3    3105.37    126    1
(advertise)    27    3181.8    25    3
(relay)    20    4    3183.41    3    3036.32    123    1
(relay)    34    32    3184.61    3    3106.18    125    2
(advertise)    27    3204.61    4    3
(relay)    34    48    3207.42    3    3121.33    125    2
(relay)    20    39    3226.82    2    2999.29    122    3
(advertise)    27    3227.22    32    3
(relay)    20    12    3249.03    3    3160.4    125    3
(advertise)    27    3250.03    48    3
(relay)    20    1    3270.05    2    2941.28    120    3
(advertise)    27    3272.65    39    2
(advertise)    27    3296.86    12    3
(relay)    26    17    3312.27    3    3126.37    124    2
(advertise)    27    3320.67    1    2
(relay)    26    19    3333.69    3    3268.45    126    2
(advertise)    27    3342.69    17    3
(advertise)    27    3363.7    19    3
(relay)    20    9    3383.71    3    3258.45    122    1
(relay)    20    20    3386.11    3    3385.51    127    2
(advertise)    27    3386.71    9    3
(relay)    26    47    3401.33    3    3282.46    124    2
(advertise)    27    3407.73    20    3
(relay)    20    11    3426.74    3    3344.71    124    2
(advertise)    27    3429.94    47    3
(relay)    34    38    3432.55    3    3306.46    123    2
(relay)    20    13    3447.75    3    3429.54    126    3
(advertise)    27    3453.75    11    3
(advertise)    27    3475.16    38    3
(relay)    34    36    3476.58    3    3345.51    121    2
(relay)    20    8    3491.98    3    3216.42    119    3
(advertise)    27    3498.78    13    3
(advertise)    27    3520.79    36    3
(relay)    20    6    3535.0    3    3464.49    125    2
(advertise)    27    3542.0    8    3
(relay)    34    29    3546.02    3    3358.51    122    2
(advertise)    27    3563.02    6    3
(relay)    26    15    3577.63    3    3294.66    120    2
(advertise)    27    3584.03    29    3
(advertise)    27    3605.44    15    3
(relay)    20    3    3622.46    3    3445.38    122    1
(advertise)    27    3628.86    3    3
(relay)    26    23    3641.27    3    3367.53    122    1
(advertise)    27    3649.87    23    3
(relay)    20    2    3666.48    3    3452.58    121    1
(advertise)    27    3673.68    2    3
(relay)    34    41    3680.89    3    3642.48    126    1
(relay)    26    43    3686.69    3    3541.42    120    2
(relay)    20    0    3687.89    3    3364.51    119    3
(advertise)    27    3695.69    41    3
(advertise)    27    3718.11    43    3
(relay)    20    5    3732.72    3    3703.52    124    2
(advertise)    27    3739.52    0    3
(advertise)    27    3762.33    5    3
(relay)    34    45    3767.15    3    3656.69    122    1
(relay)    26    31    3774.15    3    3687.49    124    2
(relay)    20    22    3779.75    3    3599.46    121    3
(advertise)    27    3784.55    45    3
(advertise)    27    3806.56    31    3
(advertise)    27    3827.57    22    3
(relay)    34    33    3853.79    3    3841.4    126    1
(advertise)    27    3854.39    33    3
(relay)    34    44    3876.4    3    3725.52    121    1
(advertise)    27    3877.6    44    3
(relay)    26    30    3885.81    3    3735.55    123    1
(advertise)    27    3899.21    30    3
(relay)    20    7    3902.22    3    3780.37    120    1
(relay)    26    26    3920.02    3    3919.44    127    2
(relay)    34    40    3920.42    3    3868.42    125    3
(advertise)    27    3921.22    7    3
(advertise)    27    3943.24    26    3
(relay)    34    35    3944.65    3    3660.47    118    2
(relay)    26    18    3952.65    3    3898.64    125    3
(advertise)    27    3965.25    40    3
(relay)    34    34    3972.46    3    3971.44    127    3
(advertise)    27    3987.66    35    3
(relay)    26    42    3995.28    3    3748.44    119    3
(advertise)    27    4010.88    18    3
(advertise)    27    4034.69    34    3
(relay)    20    14    4037.7    3    3787.36    121    2
(relay)    34    46    4052.5    3    3947.48    123    3
(advertise)    27    4056.9    42    3
(advertise)    27    4077.92    14    3
(advertise)    27    4099.73    46    3
(relay)    26    16    4106.34    3    3898.44    123    1
(advertise)    27    4121.14    16    3
(relay)    20    10    4123.95    3    3979.49    123    1
(relay)    34    37    4124.95    3    3917.45    122    2
(relay)    26    39    4128.35    3    3999.49    124    3
(generate)    27    4132.55    [24]    4
(advertise)    27    4142.17    10    3
(advertise)    27    4163.78    37    3
(relay)    34    48    4167.99    4    4121.52    125    2
(advertise)    27    4188.19    39    3
(relay)    20    1    4189.61    3    3941.46    120    2
(advertise)    27    4211.41    48    4
(advertise)    27    4233.22    1    3
(relay)    34    28    4237.63    3    3838.39    119    1
(relay)    26    32    4241.63    4    4106.37    125    2
(advertise)    27    4254.43    28    3
(advertise)    27    4276.65    32    4
(relay)    20    12    4278.66    4    4160.59    125    1
(relay)    26    4    4284.86    4    4036.52    123    2
(advertise)    27    4299.86    12    4
(relay)    20    21    4301.47    3    3841.4    118    2
(relay)    34    25    4302.07    4    4105.57    124    3
(advertise)    27    4321.07    4    4
(relay)    20    19    4323.28    4    4268.65    126    3
(advertise)    27    4342.68    21    3
(relay)    26    17    4349.1    4    4126.38    124    3
(advertise)    27    4366.1    25    4
(relay)    20    20    4386.31    4    4385.68    127    3
(advertise)    27    4389.11    19    4
(relay)    34    47    4390.52    4    4282.66    124    3
(advertise)    27    4410.52    17    4
(relay)    34    38    4432.74    4    4306.66    123    3
(advertise)    27    4433.34    20    4
(advertise)    27    4454.55    47    4
(advertise)    27    4475.76    38    4
(relay)    26    11    4481.18    4    4344.91    124    1
(advertise)    27    4497.38    11    4
(relay)    34    36    4499.99    4    4345.7    121    1
(advertise)    27    4518.39    36    4
(relay)    20    9    4520.0    4    4258.63    122    1
(advertise)    27    4540.4    9    4
(relay)    34    29    4543.81    4    4358.71    120    1
(advertise)    27    4562.81    29    4
(heartbeat)    24    1    4430.2    27    4572.03    127    0
(advertise)    27    4584.83    24    1
(relay)    34    23    4589.04    4    4367.71    118    1
(relay)    26    8    4595.84    4    4216.62    121    2
(advertise)    27    4608.04    23    4
(relay)    20    3    4628.85    4    4445.58    122    2
(advertise)    27    4629.05    8    4
(relay)    26    15    4638.07    4    4294.86    120    2
(advertise)    27    4650.47    3    4
(relay)    20    6    4652.08    4    4464.68    123    2
(relay)    34    41    4653.48    4    4642.49    6    3
(advertise)    27    4672.68    15    4
(advertise)    27    4696.09    6    4
(relay)    20    0    4717.31    4    4364.7    119    2
(advertise)    27    4718.51    41    4
(relay)    34    45    4722.12    4    4656.89    2    2
(advertise)    27    4739.92    0    4
(advertise)    27    4761.53    45    4
(relay)    34    43    4767.54    4    4541.61    120    1
(relay)    26    2    4768.34    4    4452.78    121    2
(advertise)    27    4783.34    43    4
(relay)    20    5    4786.36    4    4703.71    124    2
(relay)    26    13    4789.36    4    4429.71    122    3
(advertise)    27    4806.76    2    4
(advertise)    27    4828.37    5    4
(relay)    34    44    4835.98    4    4725.72    2    2
(advertise)    27    4849.98    13    4
(relay)    26    33    4858.4    4    4841.6    4    2
(advertise)    27    4873.6    44    4
(advertise)    27    4896.21    33    4
(relay)    26    26    4920.22    4    4919.64    4    1
(advertise)    27    4920.62    26    4
(relay)    34    40    4924.24    4    4868.62    4    1
(advertise)    27    4942.24    40    4
(relay)    26    35    4949.45    4    4660.65    114    1
(advertise)    27    4964.85    35    4
(relay)    34    42    4968.66    4    4748.64    2    1
(relay)    34    34    4971.66    4    4971.64    6    2
(advertise)    27    4987.06    42    4
(advertise)    27    5008.47    34    4
(relay)    34    46    5015.49    4    4947.67    2    1
(advertise)    27    5030.49    46    4
(relay)    26    39    5095.5    4    4999.5    2    1
(advertise)    27    5095.7    39    4
(relay)    20    4    5102.71    5    5036.64    2    1
(relay)    26    25    5117.71    5    5105.77    2    2
(advertise)    27    5118.91    4    5
(relay)    34    48    5124.13    5    5121.66    6    2
(generate)    27    5132.73    [24]    5
(advertise)    27    5140.34    25    5
(relay)    20    12    5161.35    5    5160.73    4    2
(advertise)    27    5163.35    48    5
(relay)    34    32    5168.17    5    5106.57    2    2
(advertise)    27    5184.37    12    5
(advertise)    27    5205.58    32    5
(relay)    34    47    5285.19    5    5282.77    4    1
(advertise)    27    5285.39    47    5
(relay)    34    19    5308.0    5    5268.82    2    1
(advertise)    27    5309.4    19    5
(relay)    20    11    5346.02    5    5345.08    2    1
(advertise)    27    5346.22    11    5
(relay)    20    20    5386.23    5    5385.74    6    1
(advertise)    27    5386.43    20    5
(relay)    20    13    5430.24    5    5429.77    6    1
(advertise)    27    5430.44    13    5
(relay)    20    3    5464.66    5    5445.64    2    1
(advertise)    27    5464.86    3    5
(relay)    26    6    5487.07    5    5464.87    4    1
(advertise)    27    5488.07    6    5
(relay)    34    43    5544.88    5    5541.63    2    1
(advertise)    27    5545.08    43    5
(relay)    34    41    5643.9    5    5642.67    6    1
(advertise)    27    5644.1    41    5
(relay)    26    45    5671.51    5    5657.08    2    1
(advertise)    27    5671.71    45    5
(relay)    26    5    5704.92    5    5703.9    6    1
(advertise)    27    5705.12    5    5
(relay)    34    44    5739.93    5    5725.83    2    1
(advertise)    27    5740.13    44    5
(relay)    34    42    5765.55    5    5748.7    2    1
(advertise)    27    5765.75    42    5
(relay)    34    33    5843.56    5    5841.69    4    1
(advertise)    27    5843.76    33    5
(relay)    26    40    5870.77    5    5868.73    4    1
(advertise)    27    5870.97    40    5
(relay)    26    18    5899.99    5    5899.01    2    1
(advertise)    27    5900.19    18    5
(relay)    26    26    5920.2    5    5919.73    4    1
(advertise)    27    5921.2    26    5
(relay)    34    46    5966.21    5    5947.72    2    1
(advertise)    27    5966.41    46    5
(relay)    34    34    5971.83    5    5971.72    6    1
(relay)    26    10    5981.03    5    5979.68    2    2
(advertise)    27    5988.03    34    5
(advertise)    27    6010.24    10    5
(relay)    34    39    6014.65    5    5999.57    2    1
(advertise)    27    6033.25    39    5
(relay)    20    4    6041.86    6    6036.64    2    1
(advertise)    27    6055.06    4    6
(relay)    26    25    6107.08    6    6105.91    2    1
(advertise)    27    6107.28    25    6
(relay)    34    32    6110.29    6    6107.81    2    1
(advertise)    27    6129.49    32    6
(generate)    27    6132.9    [24]    6
(relay)    20    12    6162.12    6    6160.79    4    1
(advertise)    27    6162.32    12    6
(relay)    26    48    6174.53    6    6121.67    4    1
(advertise)    27    6183.73    48    6
(relay)    26    19    6270.34    6    6268.82    4    1
(advertise)    27    6270.54    19    6
(relay)    34    47    6294.36    6    6282.89    4    1
(advertise)    27    6294.76    47    6
(relay)    20    11    6346.17    6    6345.09    2    1
(advertise)    27    6346.37    11    6
(relay)    20    20    6386.78    6    6385.79    6    1
(advertise)    27    6386.98    20    6
(relay)    20    13    6430.39    6    6429.89    6    1
(advertise)    27    6430.59    13    6
(relay)    20    3    6457.81    6    6445.73    2    1
(advertise)    27    6458.01    3    6
(relay)    20    6    6481.02    6    6465.06    4    1
(advertise)    27    6481.62    6    6
(relay)    34    43    6545.23    6    6541.72    2    1
(advertise)    27    6545.43    43    6
(relay)    34    41    6644.05    6    6642.74    6    1
(advertise)    27    6644.25    41    6
(relay)    34    45    6672.46    6    6657.14    2    1
(advertise)    27    6672.66    45    6
(relay)    20    5    6704.87    6    6703.98    6    1
(advertise)    27    6705.07    5    6
(relay)    34    44    6731.09    6    6725.84    2    1
(advertise)    27    6731.49    44    6
(relay)    34    42    6758.7    6    6748.87    2    1
(advertise)    27    6758.9    42    6
(relay)    34    33    6843.51    6    6841.87    4    1
(advertise)    27    6843.71    33    6
(relay)    26    40    6869.52    6    6868.78    4    1
(advertise)    27    6870.12    40    6
(relay)    26    18    6902.54    6    6899.2    2    1
(advertise)    27    6902.74    18    6
(relay)    26    26    6920.35    6    6919.82    4    1
(advertise)    27    6923.75    26    6
(relay)    34    46    6969.16    6    6947.9    2    1
(advertise)    27    6969.36    46    6
(relay)    34    34    6971.98    6    6971.79    6    1
(advertise)    27    6990.98    34    6
(relay)    34    39    7001.99    6    6999.76    2    1
(advertise)    27    7012.99    39    6
(relay)    20    4    7042.8    7    7036.66    2    1
(advertise)    27    7043.0    4    7
(relay)    26    25    7108.22    7    7105.98    2    1
(advertise)    27    7108.42    25    7
(relay)    34    48    7124.83    7    7121.86    6    1
(advertise)    27    7129.83    48    7
(relay)    26    32    7131.04    7    7107.95    2    1
(generate)    27    7133.04    [24]    7
(advertise)    27    7151.85    32    7
(relay)    20    12    7179.67    7    7160.87    4    1
(advertise)    27    7180.07    12    7
(relay)    34    19    7271.68    7    7268.86    2    1
(advertise)    27    7271.88    19    7
(relay)    34    47    7293.49    7    7282.96    4    1
(advertise)    27    7294.69    47    7
(relay)    20    11    7347.11    7    7345.14    2    1
(advertise)    27    7347.31    11    7
(relay)    20    20    7386.92    7    7385.82    6    1
(advertise)    27    7387.12    20    7
(relay)    20    13    7430.33    7    7430.0    6    1
(advertise)    27    7430.53    13    7
(relay)    20    3    7456.35    7    7445.82    2    1
(advertise)    27    7456.75    3    7
(relay)    20    6    7480.76    7    7465.06    6    1
(advertise)    27    7481.36    6    7
(relay)    34    43    7545.97    7    7541.8    2    1
(advertise)    27    7546.17    43    7
(relay)    34    41    7644.18    7    7642.8    6    1
(advertise)    27    7644.38    41    7
(relay)    34    45    7671.8    7    7657.19    2    1
(advertise)    27    7672.0    45    7
(relay)    20    5    7705.01    7    7704.08    6    1
(advertise)    27    7705.21    5    7
(relay)    34    44    7767.82    7    7725.85    2    1
(advertise)    27    7768.02    44    7
(relay)    34    42    7790.44    7    7749.06    2    1
(advertise)    27    7790.64    42    7
(relay)    26    33    7844.45    7    7842.04    4    1
(advertise)    27    7844.65    33    7
(relay)    34    40    7870.46    7    7868.83    4    1
(advertise)    27    7870.86    40    7
(relay)    26    18    7901.08    7    7899.37    2    1
(advertise)    27    7901.28    18    7
(relay)    26    26    7920.89    7    7919.93    4    1
(advertise)    27    7923.69    26    7
(relay)    34    46    7970.7    7    7947.91    2    1
(advertise)    27    7970.9    46    7
(relay)    34    34    7972.11    7    7971.85    6    1
(advertise)    27    7993.31    34    7
(relay)    26    39    8019.73    7    7999.76    2    1
(advertise)    27    8019.93    39    7
(relay)    20    4    8040.74    8    8036.67    2    1
(advertise)    27    8041.94    4    8
(relay)    26    25    8108.15    8    8106.07    2    1
(advertise)    27    8108.35    25    8
(relay)    34    48    8125.37    8    8121.89    6    1
(relay)    26    32    8129.77    8    8108.11    2    2
(advertise)    27    8132.37    48    8
(generate)    27    8133.58    [24]    8
(advertise)    27    8153.59    32    8
(relay)    20    12    8162.61    8    8160.92    4    1
(advertise)    27    8174.61    12    8
(relay)    34    19    8271.62    8    8268.9    2    1
(advertise)    27    8271.82    19    8
(relay)    34    47    8293.83    8    8283.02    4    1
(advertise)    27    8294.03    47    8
(relay)    20    11    8347.04    8    8345.16    2    1
(advertise)    27    8347.24    11    8
(relay)    20    20    8386.86    8    8385.85    6    1
(advertise)    27    8387.06    20    8
(relay)    20    13    8431.47    8    8430.06    6    1
(advertise)    27    8431.67    13    8
(heartbeat)    24    2    8430.21    27    8453.68    3    3
(advertise)    27    8454.48    24    2
(relay)    20    6    8479.5    8    8465.25    6    1
(advertise)    27    8480.9    6    8
(relay)    26    3    8529.51    8    8445.9    2    1
(advertise)    27    8529.71    3    8
(relay)    34    43    8546.52    8    8541.91    2    1
(advertise)    27    8551.12    43    8
(relay)    34    41    8644.54    8    8642.88    6    1
(advertise)    27    8644.74    41    8
(relay)    26    45    8671.15    8    8657.28    2    1
(advertise)    27    8671.35    45    8
(relay)    26    5    8705.96    8    8704.15    6    1
(advertise)    27    8706.16    5    8
(relay)    34    44    8740.97    8    8725.87    2    1
(advertise)    27    8741.17    44    8
(relay)    34    42    8796.79    8    8749.25    2    1
(advertise)    27    8796.99    42    8
(relay)    34    33    8844.2    8    8842.06    4    1
(advertise)    27    8844.4    33    8
(relay)    26    40    8869.81    8    8868.89    4    1
(advertise)    27    8870.21    40    8
(relay)    20    18    8902.03    8    8899.56    2    1
(advertise)    27    8902.23    18    8
(relay)    26    26    8921.04    8    8920.01    4    1
(advertise)    27    8923.44    26    8
(relay)    34    46    8952.25    8    8947.93    2    1
(advertise)    27    8952.45    46    8
(relay)    34    34    8972.47    8    8971.93    6    1
(advertise)    27    8976.47    34    8
(relay)    34    39    9003.28    8    8999.8    2    1
(advertise)    27    9003.48    39    8
(relay)    20    4    9038.89    9    9036.71    2    1
(advertise)    27    9039.09    4    9
(relay)    26    25    9108.5    9    9106.21    2    1
(advertise)    27    9108.7    25    9
(relay)    34    48    9124.32    9    9121.91    6    1
(advertise)    27    9129.92    48    9
(generate)    27    9133.73    [24]    9
(relay)    34    32    9146.74    9    9108.29    2    1
(advertise)    27    9152.94    32    9
(relay)    20    12    9176.76    9    9161.01    4    1
(advertise)    27    9177.16    12    9
(relay)    20    19    9270.97    9    9268.92    4    1
(advertise)    27    9271.17    19    9
(relay)    34    47    9296.78    9    9283.08    4    1
(advertise)    27    9296.98    47    9
(relay)    20    11    9347.8    9    9345.17    2    1
(advertise)    27    9348.0    11    9
(relay)    20    20    9386.81    9    9385.89    6    1
(advertise)    27    9387.01    20    9
(relay)    20    13    9431.42    9    9430.17    6    1
(advertise)    27    9431.62    13    9
(relay)    20    6    9480.83    9    9465.25    6    1
(advertise)    27    9481.03    6    9
(relay)    34    43    9548.85    9    9542.03    2    1
(advertise)    27    9549.05    43    9
(relay)    34    41    9644.66    9    9642.95    6    1
(advertise)    27    9644.86    41    9
(relay)    26    45    9670.47    9    9657.34    2    1
(advertise)    27    9670.67    45    9
(relay)    34    5    9716.69    9    9704.28    4    1
(advertise)    27    9716.89    5    9
(relay)    34    44    9763.5    9    9725.89    2    1
(advertise)    27    9763.7    44    9
(relay)    26    42    9804.51    9    9749.43    2    1
(advertise)    27    9804.71    42    9
(relay)    26    33    9842.53    9    9842.24    4    1
(advertise)    27    9842.73    33    9
(relay)    34    40    9870.14    9    9868.94    4    1
(advertise)    27    9870.74    40    9
(relay)    20    18    9902.75    9    9899.6    2    1
(advertise)    27    9902.95    18    9
(relay)    26    26    9921.17    9    9920.08    4    1
(advertise)    27    9925.37    26    9
(relay)    34    46    9966.38    9    9947.97    2    1
(advertise)    27    9966.58    46    9
(relay)    34    34    9972.59    9    9971.98    6    1
(advertise)    27    9988.59    34    9
(relay)    34    39    10012.4    9    9999.98    2    1
(advertise)    27    10012.8    39    9
(relay)    20    4    10038.42    10    10036.73    2    1
(advertise)    27    10038.82    4    10
(relay)    26    25    10107.43    10    10106.29    2    1
(advertise)    27    10107.63    25    10
(relay)    34    48    10124.24    10    10121.92    6    1
(relay)    26    32    10127.64    10    10108.63    2    2
(advertise)    27    10130.04    48    10
(generate)    27    10133.86    [24]    10
(advertise)    27    10152.87    32    10
(relay)    20    12    10180.08    10    10161.07    4    1
(advertise)    27    10180.28    12    10
(relay)    26    19    10271.3    10    10268.95    4    1
(advertise)    27    10271.5    19    10
(relay)    34    47    10295.71    10    10283.2    4    1
(advertise)    27    10296.31    47    10
(relay)    26    11    10348.32    10    10345.18    2    1
(advertise)    27    10348.52    11    10
(relay)    20    20    10385.93    10    10385.9    6    1
(advertise)    27    10386.13    20    10
(relay)    20    13    10431.55    10    10430.24    6    1
(advertise)    27    10431.75    13    10
(relay)    20    6    10478.56    10    10465.45    6    1
(advertise)    27    10478.76    6    10
(relay)    34    43    10549.77    10    10542.06    2    1
(advertise)    27    10549.97    43    10
(relay)    34    41    10645.39    10    10643.02    6    1
(advertise)    27    10645.59    41    10
(relay)    34    45    10669.4    10    10657.41    2    1
(advertise)    27    10670.2    45    10
(relay)    20    5    10707.21    10    10704.38    6    1
(advertise)    27    10707.41    5    10
(relay)    34    44    10763.83    10    10726.08    2    1
(advertise)    27    10764.03    44    10
(relay)    34    42    10785.64    10    10749.61    2    1
(advertise)    27    10786.84    42    10
(relay)    26    33    10842.85    10    10842.42    4    1
(advertise)    27    10843.05    33    10
(relay)    34    40    10870.26    10    10869.01    4    1
(advertise)    27    10871.06    40    10
(relay)    26    18    10902.88    10    10899.79    2    1
(advertise)    27    10903.08    18    10
(relay)    26    26    10920.29    10    10920.15    4    1
(advertise)    27    10925.89    26    10
(relay)    34    46    10950.7    10    10947.98    2    1
(advertise)    27    10951.1    46    10
(relay)    34    34    10972.52    10    10972.04    6    1
(advertise)    27    10975.32    34    10
(relay)    26    39    11005.33    10    11000.16    2    1
(advertise)    27    11005.53    39    10
(relay)    20    4    11037.94    11    11036.75    2    1
(advertise)    27    11038.14    4    11
(relay)    26    25    11107.16    11    11106.61    2    1
(advertise)    27    11107.36    25    11
(relay)    34    48    11122.57    11    11121.92    6    1
(advertise)    27    11129.57    48    11
(generate)    27    11133.98    [24]    11
(relay)    34    32    11144.39    11    11108.98    2    1
(advertise)    27    11151.59    32    11
(relay)    20    12    11178.21    11    11161.1    4    1
(advertise)    27    11178.41    12    11
(relay)    34    19    11273.62    11    11268.99    2    1
(advertise)    27    11273.82    19    11
(relay)    26    47    11295.23    11    11283.31    4    1
(advertise)    27    11296.43    47    11
(relay)    20    11    11348.85    11    11345.18    2    1
(advertise)    27    11349.05    11    11
(relay)    20    20    11386.06    11    11385.92    6    1
(advertise)    27    11386.26    20    11
(relay)    20    13    11432.47    11    11430.35    6    1
(advertise)    27    11432.67    13    11
(relay)    20    6    11480.09    11    11465.65    6    1
(advertise)    27    11480.29    6    11
(relay)    26    43    11548.3    11    11542.12    2    1
(advertise)    27    11548.5    43    11
(relay)    26    41    11644.11    11    11643.08    4    1
(advertise)    27    11644.31    41    11
(relay)    34    45    11668.52    11    11657.47    2    1
(advertise)    27    11668.72    45    11
(relay)    34    5    11714.94    11    11704.45    4    1
(advertise)    27    11715.14    5    11
(relay)    34    44    11757.75    11    11726.28    2    1
(advertise)    27    11757.95    44    11
(relay)    34    42    11783.16    11    11749.81    2    1
(advertise)    27    11783.56    42    11
(relay)    26    33    11842.98    11    11842.42    4    1
(advertise)    27    11843.18    33    11
(relay)    34    40    11870.99    11    11869.08    4    1
(advertise)    27    11871.19    40    11
(relay)    26    26    11920.4    11    11920.21    4    1
(advertise)    27    11920.6    26    11
(relay)    34    34    11973.02    11    11972.08    6    1
(advertise)    27    11973.22    34    11
(relay)    20    4    12039.43    12    12036.77    2    1
(advertise)    27    12039.63    4    12
(relay)    26    39    12072.84    11    12000.35    2    1
(advertise)    27    12073.04    39    11
(relay)    26    25    12107.05    12    12106.74    2    1
(advertise)    27    12107.25    25    12
(relay)    34    48    12123.07    12    12121.94    6    1
(advertise)    27    12129.47    48    12
(generate)    27    12134.08    [24]    12
(relay)    34    32    12144.89    12    12109.15    2    1
(advertise)    27    12151.69    32    12
(relay)    20    12    12179.11    12    12161.19    4    1
(advertise)    27    12179.31    12    12
(relay)    26    19    12270.32    12    12269.03    4    1
(advertise)    27    12270.52    19    12
(relay)    26    47    12293.13    12    12283.34    4    1
(advertise)    27    12293.53    47    12
(relay)    20    11    12349.75    12    12345.21    2    1
(advertise)    27    12349.95    11    12
(relay)    20    20    12385.96    12    12385.94    6    1
(advertise)    27    12386.16    20    12
(relay)    20    13    12432.77    12    12430.45    6    1
(advertise)    27    12432.97    13    12
(heartbeat)    24    3    12430.23    27    12459.98    3    5
(advertise)    27    12460.38    24    3
(relay)    20    6    12485.6    12    12465.83    6    1
(advertise)    27    12486.0    6    12
(relay)    26    41    12644.01    12    12643.17    4    1
(advertise)    27    12644.21    41    12
(relay)    34    45    12669.22    12    12657.77    2    1
(advertise)    27    12669.62    45    12
(relay)    34    5    12717.84    12    12704.55    2    1
(advertise)    27    12718.04    5    12
(relay)    26    44    12737.85    12    12726.3    2    1
(advertise)    27    12739.45    44    12
(relay)    34    33    12843.46    12    12842.6    4    1
(advertise)    27    12843.66    33    12
(relay)    34    40    12871.28    12    12869.16    4    1
(advertise)    27    12871.48    40    12
(relay)    26    26    12920.29    12    12920.29    4    1
(advertise)    27    12920.49    26    12
(relay)    34    46    12951.5    12    12948.0    2    1
(advertise)    27    12951.7    46    12
(relay)    34    34    12973.11    12    12972.13    6    1
(advertise)    27    12973.91    34    12
(relay)    26    39    13003.13    12    13000.53    2    1
(advertise)    27    13003.33    39    12
(relay)    20    4    13039.74    13    13036.79    2    1
(advertise)    27    13039.94    4    13
(relay)    26    25    13107.15    13    13106.84    2    1
(advertise)    27    13107.35    25    13
(relay)    26    32    13129.77    13    13109.32    2    1
(advertise)    27    13129.97    32    13
(generate)    27    13134.18    [24]    13
(relay)    34    48    13157.99    13    13121.95    6    1
(advertise)    27    13158.19    48    13
(relay)    20    12    13182.81    13    13161.21    4    1
(advertise)    27    13183.21    12    13
(relay)    34    19    13271.22    13    13269.22    2    1
(advertise)    27    13271.42    19    13
(relay)    20    47    13296.63    13    13283.44    2    1
(advertise)    27    13297.23    47    13
(relay)    20    11    13350.04    13    13345.37    2    1
(advertise)    27    13350.24    11    13
(relay)    20    20    13386.46    13    13385.97    6    1
(advertise)    27    13386.66    20    13
(relay)    20    13    13432.87    13    13430.56    6    1
(advertise)    27    13433.07    13    13
(relay)    20    6    13483.08    13    13465.98    6    1
(advertise)    27    13483.28    6    13
(relay)    34    41    13643.5    13    13643.24    6    1
(advertise)    27    13643.7    41    13
(relay)    34    45    13669.71    13    13657.8    2    1
(advertise)    27    13669.91    45    13
(relay)    34    44    13737.72    13    13726.5    2    1
(advertise)    27    13737.92    44    13
(relay)    34    33    13843.74    13    13842.77    4    1
(advertise)    27    13843.94    33    13
(relay)    34    40    13871.95    13    13869.19    4    1
(advertise)    27    13872.15    40    13
(relay)    26    26    13920.36    13    13920.33    4    1
(advertise)    27    13920.56    26    13
(relay)    34    46    13951.97    13    13948.2    2    1
(advertise)    27    13952.17    46    13
(relay)    34    34    13973.19    13    13972.15    6    1
(advertise)    27    13973.39    34    13
(relay)    34    39    14003.2    13    14000.72    2    1
(advertise)    27    14003.4    39    13
(relay)    20    4    14040.21    14    14036.8    2    1
(advertise)    27    14040.41    4    14
(relay)    26    25    14108.23    14    14106.94    2    1
(advertise)    27    14108.43    25    14
(relay)    34    48    14123.64    14    14122.13    6    1
(advertise)    27    14129.64    48    14
(generate)    27    14134.25    [24]    14
(relay)    34    32    14146.27    14    14109.46    2    1
(advertise)    27    14152.27    32    14
(relay)    20    12    14177.08    14    14161.33    4    1
(advertise)    27    14177.28    12    14
(relay)    26    19    14269.89    14    14269.24    4    1
(advertise)    27    14270.09    19    14
(relay)    34    47    14294.3    14    14283.53    2    1
(advertise)    27    14295.1    47    14
(relay)    26    11    14348.52    14    14345.55    2    1
(advertise)    27    14348.72    11    14
(relay)    20    20    14386.53    14    14385.98    6    1
(advertise)    27    14386.73    20    14
(relay)    26    13    14433.74    14    14430.66    4    1
(advertise)    27    14433.94    13    14
(relay)    20    6    14479.56    14    14466.17    6    1
(advertise)    27    14479.76    6    14
(relay)    34    41    14644.17    14    14643.3    6    1
(advertise)    27    14644.37    41    14
(relay)    34    45    14670.78    14    14657.88    2    1
(advertise)    27    14671.18    45    14
(relay)    20    5    14707.4    14    14704.68    4    1
(advertise)    27    14707.6    5    14
(relay)    34    44    14738.01    14    14726.52    2    1
(advertise)    27    14738.21    44    14
(relay)    20    33    14854.22    14    14842.78    2    1
(advertise)    27    14854.42    33    14
(relay)    34    40    14871.83    14    14869.24    4    1
(advertise)    27    14876.43    40    14
(relay)    26    18    14901.85    14    14900.3    2    1
(advertise)    27    14902.05    18    14
(relay)    26    26    14920.86    14    14920.38    4    1
(advertise)    27    14925.06    26    14
(relay)    34    46    14953.67    14    14948.22    2    1
(advertise)    27    14953.87    46    14
(relay)    34    34    14973.29    14    14972.18    6    1
(advertise)    27    14974.89    34    14
(relay)    34    39    15002.3    14    15000.89    2    1
(advertise)    27    15002.5    39    14
(relay)    20    4    15041.51    15    15036.81    2    1
(advertise)    27    15041.71    4    15
(relay)    26    25    15108.33    15    15107.05    2    1
(advertise)    27    15108.53    25    15
(relay)    34    48    15124.74    15    15122.32    6    1
(advertise)    27    15130.54    48    15
(generate)    27    15134.35    [24]    15
(relay)    34    32    15169.56    15    15109.62    2    1
(advertise)    27    15169.76    32    15
(relay)    20    12    15178.98    15    15161.41    4    1
(advertise)    27    15191.58    12    15
(relay)    20    19    15269.79    15    15269.26    4    1
(advertise)    27    15269.99    19    15
(relay)    34    47    15293.6    15    15283.61    4    1
(advertise)    27    15293.8    47    15
(relay)    20    20    15386.62    15    15385.99    6    1
(advertise)    27    15386.82    20    15
(relay)    20    13    15431.03    15    15430.74    6    1
(advertise)    27    15431.23    13    15
(relay)    20    6    15478.64    15    15466.36    6    1
(advertise)    27    15478.84    6    15
(relay)    34    41    15644.26    15    15643.39    6    1
(advertise)    27    15644.46    41    15
(relay)    20    5    15706.47    15    15704.76    4    1
(advertise)    27    15706.67    5    15
(relay)    34    44    15762.08    15    15726.54    2    1
(advertise)    27    15762.28    44    15
(relay)    34    33    15844.49    15    15842.78    4    1
(advertise)    27    15844.69    33    15
(relay)    20    18    15901.11    15    15900.46    2    1
(advertise)    27    15901.31    18    15
(relay)    26    26    15920.92    15    15920.41    4    1
(advertise)    27    15923.72    26    15
(relay)    26    46    15968.33    15    15948.24    2    1
(advertise)    27    15968.53    46    15
(relay)    34    34    15972.35    15    15972.22    6    1
(advertise)    27    15992.35    34    15
(relay)    34    39    16014.76    15    16001.07    2    1
(advertise)    27    16015.76    39    15
(relay)    26    4    16042.17    16    16037.02    2    1
(advertise)    27    16042.97    4    16
(relay)    26    25    16108.39    16    16107.14    2    1
(advertise)    27    16108.59    25    16
(relay)    34    48    16124.8    16    16122.32    6    1
(advertise)    27    16130.4    48    16
(relay)    26    32    16131.61    16    16109.8    2    1
(generate)    27    16134.41    [24]    16
(advertise)    27    16152.42    32    16
(relay)    20    12    16178.44    16    16161.48    4    1
(advertise)    27    16178.64    12    16
(relay)    34    19    16271.85    16    16269.45    2    1
(advertise)    27    16272.05    19    16
(relay)    34    47    16296.46    16    16283.69    4    1
(advertise)    27    16296.86    47    16
(relay)    20    11    16346.68    16    16345.57    2    1
(advertise)    27    16346.88    11    16
(relay)    20    20    16387.29    16    16386.18    6    1
(advertise)    27    16387.49    20    16
(relay)    20    13    16431.3    16    16430.83    6    1
(advertise)    27    16431.5    13    16
(heartbeat)    24    4    16430.24    27    16455.32    3    13
(advertise)    27    16456.32    24    4
(relay)    26    6    16500.73    16    16466.54    4    1
(advertise)    27    16500.93    6    16
(relay)    34    41    16644.34    16    16643.46    6    1
(advertise)    27    16644.54    41    16
(relay)    34    45    16671.95    16    16658.02    2    1
(advertise)    27    16672.15    45    16
(relay)    20    5    16705.77    16    16704.83    4    1
(advertise)    27    16705.97    5    16
(relay)    34    44    16729.58    16    16726.56    2    1
(advertise)    27    16731.18    44    16
(relay)    34    33    16844.59    16    16842.96    4    1
(advertise)    27    16844.79    33    16
(relay)    26    40    16870.61    16    16869.34    4    1
(advertise)    27    16870.81    40    16
(relay)    26    26    16921.02    16    16920.46    4    1
(advertise)    27    16921.22    26    16
(relay)    26    18    16925.23    16    16901.85    2    1
(advertise)    27    16943.43    18    16
(relay)    26    46    16965.05    16    16948.28    2    1
(advertise)    27    16965.45    46    16
(relay)    34    34    16972.46    16    16972.27    6    1
(advertise)    27    16987.46    34    16
(relay)    34    39    17010.87    16    17001.26    2    1
(advertise)    27    17011.07    39    16
(relay)    20    4    17042.68    17    17037.02    2    1
(advertise)    27    17042.88    4    17
(relay)    26    25    17109.5    17    17107.22    2    1
(advertise)    27    17109.7    25    17
(relay)    34    48    17124.91    17    17122.51    6    1
(relay)    26    32    17130.51    17    17109.96    2    2
(advertise)    27    17131.71    48    17
(generate)    27    17134.72    [24]    17
(advertise)    27    17153.54    32    17
(relay)    20    12    17179.15    17    17161.56    4    1
(advertise)    27    17179.35    12    17
(relay)    34    19    17271.76    17    17269.49    2    1
(advertise)    27    17271.96    19    17
(relay)    34    47    17295.78    17    17283.8    4    1
(advertise)    27    17296.38    47    17
(relay)    20    11    17347.39    17    17345.6    2    1
(advertise)    27    17347.59    11    17
(relay)    20    20    17387.2    17    17386.22    6    1
(advertise)    27    17387.4    20    17
(relay)    20    13    17431.41    17    17430.94    6    1
(advertise)    27    17431.61    13    17
(relay)    20    6    17479.83    17    17466.55    6    1
(advertise)    27    17480.03    6    17
(relay)    34    41    17645.24    17    17643.53    6    1
(advertise)    27    17645.44    41    17
(relay)    34    45    17673.65    17    17658.08    2    1
(advertise)    27    17673.85    45    17
(relay)    26    5    17706.67    17    17704.93    4    1
(advertise)    27    17706.87    5    17
(relay)    34    33    17844.88    17    17843.12    4    1
(advertise)    27    17845.08    33    17
(relay)    26    40    17870.69    17    17869.38    4    1
(advertise)    27    17871.09    40    17
(relay)    20    18    17904.11    17    17901.99    2    1
(advertise)    27    17904.31    18    17
(relay)    26    26    17921.52    17    17920.52    4    1
(advertise)    27    17926.32    26    17
(relay)    34    46    17968.73    17    17948.3    2    1
(advertise)    27    17968.93    46    17
(relay)    34    34    17972.34    17    17972.3    6    1
(advertise)    27    17989.94    34    17
(relay)    34    39    18016.16    17    18001.26    2    1
(advertise)    27    18016.36    39    17
(relay)    20    4    18040.97    18    18037.03    2    1
(advertise)    27    18041.97    4    18
(relay)    26    25    18109.58    18    18107.28    2    1
(advertise)    27    18109.78    25    18
(relay)    34    48    18125.2    18    18122.51    6    1
(relay)    26    32    18129.6    18    18110.07    2    2
(advertise)    27    18133.8    48    18
(generate)    27    18135.01    [24]    18
(advertise)    27    18156.02    32    18
(relay)    20    12    18163.04    18    18161.61    4    1
(advertise)    27    18180.24    12    18
(relay)    20    19    18270.85    18    18269.65    4    1
(advertise)    27    18271.05    19    18
(relay)    34    47    18296.06    18    18283.9    4    1
(advertise)    27    18296.86    47    18
(relay)    20    11    18347.47    18    18345.77    2    1
(advertise)    27    18347.67    11    18
(relay)    20    20    18387.29    18    18386.23    6    1
(advertise)    27    18387.49    20    18
(relay)    20    13    18432.3    18    18430.99    6    1
(advertise)    27    18432.5    13    18
(relay)    20    6    18480.71    18    18466.72    6    1
(advertise)    27    18480.91    6    18
(relay)    34    41    18645.53    18    18643.59    6    1
(advertise)    27    18645.73    41    18
(relay)    26    45    18670.74    18    18658.15    2    1
(advertise)    27    18670.94    45    18
(relay)    20    5    18706.75    18    18704.98    4    1
(advertise)    27    18706.95    5    18
(relay)    34    44    18734.17    18    18726.6    2    1
(advertise)    27    18734.57    44    18
(relay)    26    33    18844.78    18    18843.31    4    1
(advertise)    27    18844.98    33    18
(relay)    26    40    18869.99    18    18869.42    4    1
(advertise)    27    18870.39    40    18
(relay)    26    18    18904.6    18    18902.14    2    1
(advertise)    27    18904.8    18    18
(relay)    26    26    18921.62    18    18920.58    4    1
(advertise)    27    18927.02    26    18
(relay)    34    46    18967.03    18    18948.3    2    1
(advertise)    27    18967.23    46    18
(relay)    34    34    18972.84    18    18972.32    6    1
(advertise)    27    18988.44    34    18
(relay)    34    39    19015.06    18    19001.45    2    1
(advertise)    27    19015.26    39    18
(relay)    20    4    19039.07    19    19037.04    2    1
(advertise)    27    19039.87    4    19
(relay)    26    25    19109.68    19    19107.33    2    1
(advertise)    27    19109.88    25    19
(relay)    34    48    19125.3    19    19122.71    6    1
(relay)    26    32    19130.5    19    19110.22    2    2
(advertise)    27    19132.5    48    19
(generate)    27    19135.11    [24]    19
(advertise)    27    19155.72    32    19
(relay)    20    12    19181.13    19    19161.63    4    1
(advertise)    27    19181.53    12    19
(relay)    20    19    19271.75    19    19269.67    4    1
(advertise)    27    19271.95    19    19
(relay)    34    47    19296.96    19    19284.0    4    1
(advertise)    27    19297.16    47    19
(relay)    20    11    19347.77    19    19345.96    2    1
(advertise)    27    19347.97    11    19
(relay)    20    20    19386.59    19    19386.42    6    1
(advertise)    27    19386.79    20    19
(relay)    20    13    19432.4    19    19431.05    6    1
(advertise)    27    19432.6    13    19
(relay)    20    6    19480.21    19    19466.91    6    1
(advertise)    27    19480.41    6    19
(relay)    34    41    19645.43    19    19643.65    6    1
(advertise)    27    19645.63    41    19
(relay)    26    45    19670.44    19    19658.21    2    1
(advertise)    27    19670.64    45    19
(relay)    26    5    19707.45    19    19705.02    4    1
(advertise)    27    19707.65    5    19
(relay)    34    44    19734.86    19    19726.61    2    1
(advertise)    27    19735.06    44    19
(relay)    26    33    19843.88    19    19843.49    4    1
(advertise)    27    19844.08    33    19
(relay)    34    40    19871.29    19    19869.47    4    1
(advertise)    27    19871.69    40    19
(relay)    26    18    19905.1    19    19902.25    2    1
(advertise)    27    19905.3    18    19
(relay)    26    26    19921.72    19    19920.64    4    1
(advertise)    27    19927.12    26    19
(relay)    26    46    19949.93    19    19948.31    2    1
(advertise)    27    19950.13    46    19
(relay)    34    34    19972.94    19    19972.37    6    1
(advertise)    27    19974.74    34    19
(relay)    26    39    20018.56    19    20001.6    2    1
(advertise)    27    20018.76    39    19
(relay)    20    4    20038.37    20    20037.22    2    1
(advertise)    27    20041.77    4    20
(relay)    26    25    20107.78    20    20107.42    2    1
(advertise)    27    20107.98    25    20
(relay)    34    48    20125.39    20    20122.88    6    1
(relay)    26    32    20129.79    20    20110.35    2    2
(advertise)    27    20130.39    48    20
(generate)    27    20135.21    [24]    20
(advertise)    27    20152.62    32    20
(relay)    20    12    20179.43    20    20161.67    4    1
(advertise)    27    20179.83    12    20
(relay)    20    19    20272.05    20    20269.86    4    1
(advertise)    27    20272.25    19    20
(relay)    26    47    20297.06    20    20284.06    4    1
(advertise)    27    20297.26    47    20
(relay)    20    11    20349.67    20    20345.97    2    1
(advertise)    27    20349.87    11    20
(relay)    20    20    20386.49    20    20386.44    6    1
(advertise)    27    20386.69    20    20
(relay)    20    13    20432.5    20    20431.12    6    1
(advertise)    27    20432.7    13    20
(heartbeat)    24    5    20430.25    27    20456.71    3    13
(advertise)    27    20456.91    24    5
(relay)    20    6    20503.32    20    20467.11    6    1
(advertise)    27    20503.52    6    20
(relay)    34    41    20645.94    20    20643.74    6    1
(advertise)    27    20646.14    41    20
(relay)    20    5    20708.75    20    20705.13    4    1
(advertise)    27    20708.95    5    20
(relay)    26    33    20843.96    20    20843.49    4    1
(advertise)    27    20844.16    33    20
(relay)    26    40    20871.78    20    20869.53    4    1
(advertise)    27    20871.98    40    20
(relay)    26    18    20905.39    20    20902.4    2    1
(advertise)    27    20905.59    18    20
(relay)    26    26    20920.8    20    20920.7    4    1
(advertise)    27    20928.2    26    20
(relay)    34    34    20973.02    20    20972.38    6    1
(advertise)    27    20973.22    34    20
(relay)    34    46    20979.23    20    20948.33    2    1
(advertise)    27    20995.63    46    20
(relay)    34    39    21018.24    20    21001.99    2    1
(advertise)    27    21018.84    39    20
(relay)    20    4    21039.65    21    21037.23    2    1
(advertise)    27    21040.45    4    21
(relay)    26    25    21107.87    21    21107.5    2    1
(advertise)    27    21108.07    25    21
(relay)    34    48    21123.68    21    21123.05    6    1
(relay)    26    32    21129.88    21    21110.54    2    2
(advertise)    27    21130.48    48    21
(generate)    27    21135.29    [24]    21
(advertise)    27    21153.91    32    21
(relay)    20    12    21179.12    21    21161.74    4    1
(advertise)    27    21179.52    12    21
(relay)    26    19    21271.93    21    21269.86    4    1
(advertise)    27    21272.13    19    21
(relay)    26    47    21297.55    21    21284.16    4    1
(advertise)    27    21298.15    47    21
(relay)    20    11    21349.96    21    21345.97    2    1
(advertise)    27    21350.16    11    21
(relay)    20    20    21386.57    21    21386.48    6    1
(advertise)    27    21386.77    20    21
(relay)    20    13    21433.58    21    21431.21    6    1
(advertise)    27    21433.78    13    21
(relay)    20    6    21480.4    21    21467.12    6    1
(advertise)    27    21480.6    6    21
(relay)    26    41    21644.81    21    21643.8    4    1
(advertise)    27    21645.01    41    21
(relay)    26    5    21709.02    21    21705.23    4    1
(advertise)    27    21709.22    5    21
(relay)    34    33    21844.24    21    21843.67    4    1
(advertise)    27    21844.44    33    21
(relay)    34    40    21871.25    21    21869.58    4    1
(advertise)    27    21871.45    40    21
(relay)    26    18    21905.66    21    21902.54    2    1
(advertise)    27    21905.86    18    21
(relay)    26    26    21920.88    21    21920.73    4    1
(advertise)    27    21928.88    26    21
(relay)    34    46    21970.29    21    21948.35    2    1
(advertise)    27    21970.49    46    21
(relay)    34    34    21973.5    21    21972.41    6    1
(advertise)    27    21992.9    34    21
(relay)    34    39    22015.31    21    22002.0    2    1
(advertise)    27    22015.91    39    21
(relay)    20    4    22039.53    22    22037.25    2    1
(advertise)    27    22039.93    4    22
(relay)    26    25    22107.94    22    22107.55    2    1
(advertise)    27    22108.14    25    22
(relay)    34    48    22124.35    22    22123.22    6    1
(advertise)    27    22129.95    48    22
(relay)    26    32    22131.17    22    22110.66    2    1
(generate)    27    22135.37    [24]    22
(advertise)    27    22151.38    32    22
(relay)    20    12    22177.59    22    22161.79    4    1
(advertise)    27    22177.79    12    22
(relay)    20    19    22270.41    22    22270.04    4    1
(advertise)    27    22270.61    19    22
(relay)    34    47    22293.82    22    22284.24    4    1
(advertise)    27    22294.22    47    22
(relay)    20    20    22386.83    22    22386.68    6    1
(advertise)    27    22387.03    20    22
(relay)    20    13    22433.44    22    22431.29    6    1
(advertise)    27    22433.64    13    22
(relay)    20    6    22484.86    22    22467.29    4    1
(advertise)    27    22485.06    6    22
(relay)    26    41    22644.87    22    22643.86    4    1
(advertise)    27    22645.07    41    22
(relay)    34    5    22717.88    22    22705.29    2    1
(advertise)    27    22718.08    5    22
(relay)    34    33    22844.7    22    22843.84    4    1
(advertise)    27    22844.9    33    22
(relay)    34    40    22872.11    22    22869.81    4    1
(advertise)    27    22872.31    40    22
(relay)    26    26    22920.92    22    22920.76    4    1
(advertise)    27    22921.12    26    22
(relay)    34    46    22950.94    22    22948.36    2    1
(advertise)    27    22951.14    46    22
(relay)    34    34    22973.35    22    22972.42    6    1
(advertise)    27    22974.95    34    22
(relay)    34    39    23005.16    22    23002.17    2    1
(advertise)    27    23005.36    39    22
(relay)    26    25    23108.57    23    23107.63    2    1
(advertise)    27    23108.77    25    23
(relay)    34    48    23124.59    23    23123.41    6    1
(advertise)    27    23129.99    48    23
(relay)    26    32    23131.2    23    23110.8    2    1
(generate)    27    23135.4    [24]    23
(advertise)    27    23151.61    32    23
(relay)    20    12    23177.83    23    23161.83    4    1
(advertise)    27    23178.43    12    23
(relay)    34    19    23272.24    23    23270.2    2    1
(advertise)    27    23272.44    19    23
(relay)    34    47    23295.65    23    23284.33    4    1
(advertise)    27    23296.25    47    23
(relay)    26    11    23356.67    23    23346.32    2    1
(advertise)    27    23356.87    11    23
(relay)    20    20    23387.28    23    23386.71    6    1
(advertise)    27    23387.48    20    23
(relay)    20    13    23433.49    23    23431.39    6    1
(advertise)    27    23433.69    13    23
(relay)    20    6    23481.5    23    23467.46    6    1
(advertise)    27    23481.7    6    23
(relay)    34    41    23644.32    23    23643.91    6    1
(advertise)    27    23644.52    41    23
(relay)    20    5    23708.93    23    23705.42    4    1
(advertise)    27    23709.13    5    23
(relay)    34    33    23844.74    23    23843.85    4    1
(advertise)    27    23844.94    33    23
(relay)    34    40    23872.36    23    23869.87    4    1
(advertise)    27    23872.56    40    23
(relay)    26    18    23904.37    23    23902.79    2    1
(advertise)    27    23904.57    18    23
(relay)    26    26    23921.38    23    23920.8    4    1
(advertise)    27    23925.58    26    23
(relay)    26    46    23953.6    23    23948.37    2    1
(advertise)    27    23954.0    46    23
(relay)    34    34    23973.41    23    23972.44    6    1
(advertise)    27    23975.81    34    23
(relay)    26    4    24040.22    24    24037.45    2    1
(advertise)    27    24040.42    4    24
(relay)    26    25    24109.03    24    24107.64    2    1
(advertise)    27    24109.23    25    24
(relay)    34    48    24125.85    24    24123.61    6    1
(relay)    26    32    24130.25    24    24110.91    2    2
(advertise)    27    24131.25    48    24
(generate)    27    24135.46    [24]    24
(advertise)    27    24153.67    32    24
(relay)    20    12    24179.49    24    24161.91    4    1
(advertise)    27    24179.69    12    24
(relay)    20    19    24270.7    24    24270.39    4    1
(advertise)    27    24270.9    19    24
(relay)    34    47    24295.31    24    24284.4    4    1
(advertise)    27    24295.51    47    24
(relay)    20    11    24349.33    24    24346.5    2    1
(advertise)    27    24349.53    11    24
(relay)    20    20    24387.34    24    24386.71    6    1
(advertise)    27    24387.54    20    24
(heartbeat)    24    6    24430.27    27    24434.35    3    13
(advertise)    27    24434.55    24    6
(relay)    26    13    24455.56    24    24431.47    4    1
(advertise)    27    24456.16    13    24
(relay)    20    6    24479.38    24    24467.65    6    1
(advertise)    27    24480.38    6    24
(relay)    34    41    24644.79    24    24643.98    6    1
(advertise)    27    24644.99    41    24
(relay)    20    5    24707.4    24    24705.52    4    1
(advertise)    27    24707.6    5    24
(relay)    20    33    24846.42    24    24844.02    2    1
(advertise)    27    24846.62    33    24
(relay)    26    40    24873.43    24    24869.92    4    1
(advertise)    27    24873.63    40    24
(relay)    20    18    24904.44    24    24902.93    2    1
(advertise)    27    24904.64    18    24
(relay)    26    26    24921.46    24    24920.88    4    1
(advertise)    27    24925.66    26    24
(relay)    34    46    24954.07    24    24948.39    2    1
(advertise)    27    24954.27    46    24
(relay)    34    34    24972.68    24    24972.46    6    1
(advertise)    27    24976.68    34    24
(relay)    34    39    25004.69    24    25002.53    2    1
(advertise)    27    25004.89    39    24
(relay)    20    4    25043.51    25    25037.46    2    1
(advertise)    27    25043.71    4    25
(relay)    26    25    25109.12    25    25107.73    2    1
(advertise)    27    25109.32    25    25
(relay)    34    48    25126.33    25    25123.78    6    1
(advertise)    27    25130.73    48    25
(relay)    26    32    25132.35    25    25111.08    2    1
(generate)    27    25135.55    [24]    25
(advertise)    27    25153.76    32    25
(relay)    20    12    25177.97    25    25162.01    4    1
(advertise)    27    25178.37    12    25
(relay)    26    19    25270.79    25    25270.57    4    1
(advertise)    27    25270.99    19    25
(relay)    34    47    25295.4    25    25284.46    4    1
(advertise)    27    25295.6    47    25
(relay)    20    20    25387.21    25    25386.75    6    1
(advertise)    27    25387.41    20    25
(relay)    20    13    25432.02    25    25431.58    6    1
(advertise)    27    25432.22    13    25
(relay)    20    6    25483.84    25    25467.67    6    1
(advertise)    27    25484.04    6    25
(relay)    34    41    25644.85    25    25644.04    6    1
(advertise)    27    25645.05    41    25
(relay)    20    5    25707.86    25    25705.6    4    1
(advertise)    27    25708.06    5    25
(relay)    34    33    25846.08    25    25844.2    4    1
(advertise)    27    25846.28    33    25
(relay)    26    40    25874.29    25    25869.97    2    1
(advertise)    27    25874.49    40    25
(relay)    26    18    25904.9    25    25903.05    2    1
(advertise)    27    25905.1    18    25
(relay)    26    26    25921.52    25    25920.92    4    1
(advertise)    27    25926.32    26    25
(relay)    34    46    25953.53    25    25948.41    2    1
(advertise)    27    25954.13    46    25
(relay)    34    34    25972.54    25    25972.47    6    1
(advertise)    27    25975.34    34    25
(relay)    34    39    26004.55    25    26002.69    2    1
(advertise)    27    26004.75    39    25
(relay)    20    4    26042.97    26    26037.47    2    1
(advertise)    27    26043.17    4    26
(relay)    26    25    26109.18    26    26107.85    2    1
(advertise)    27    26109.38    25    26
(relay)    34    48    26126.59    26    26123.97    6    1
(relay)    26    32    26131.99    26    26111.24    2    2
(advertise)    27    26132.19    48    26
(generate)    27    26135.61    [24]    26
(advertise)    27    26154.42    32    26
(relay)    20    12    26182.43    26    26162.04    4    1
(advertise)    27    26182.63    12    26
(relay)    20    19    26272.25    26    26270.76    4    1
(advertise)    27    26272.45    19    26
(relay)    34    47    26296.46    26    26284.56    4    1
(advertise)    27    26297.26    47    26
(relay)    20    11    26347.87    26    26346.87    2    1
(advertise)    27    26348.07    11    26
(relay)    20    20    26387.88    26    26386.94    6    1
(advertise)    27    26388.08    20    26
(relay)    20    13    26432.1    26    26431.65    6    1
(advertise)    27    26432.3    13    26
(relay)    20    6    26481.91    26    26467.85    6    1
(advertise)    27    26482.11    6    26
(relay)    34    41    26644.92    26    26644.1    6    1
(advertise)    27    26645.12    41    26
(relay)    20    5    26706.54    26    26705.68    4    1
(advertise)    27    26706.74    5    26
(relay)    34    33    26846.15    26    26844.39    4    1
(advertise)    27    26846.35    33    26
(relay)    26    40    26870.56    26    26869.99    4    1
(advertise)    27    26870.76    40    26
(relay)    20    18    26904.78    26    26903.19    2    1
(advertise)    27    26904.98    18    26
(relay)    26    26    26921.59    26    26920.94    4    1
(advertise)    27    26926.79    26    26
(relay)    34    46    26972.6    26    26948.61    2    1
(advertise)    27    26972.8    46    26
(relay)    26    34    27011.61    26    26973.68    4    1
(advertise)    27    27011.81    34    26
(relay)    34    39    27017.83    26    27002.86    2    1
(advertise)    27    27033.23    39    26
(relay)    20    4    27042.24    27    27037.49    2    1
(advertise)    27    27056.24    4    27
(relay)    26    25    27110.25    27    27107.96    2    1
(advertise)    27    27110.45    25    27
(relay)    34    48    27126.47    27    27123.98    6    1
(relay)    26    32    27131.27    27    27111.38    2    2
(advertise)    27    27133.07    48    27
(generate)    27    27135.68    [24]    27
(advertise)    27    27154.09    32    27
(relay)    20    12    27179.71    27    27162.07    4    1
(advertise)    27    27180.11    12    27
(relay)    26    19    27272.12    27    27270.91    4    1
(advertise)    27    27272.32    19    27
(relay)    34    47    27297.13    27    27284.66    4    1
(advertise)    27    27297.33    47    27
(relay)    26    11    27348.74    27    27347.01    2    1
(advertise)    27    27348.94    11    27
(relay)    20    20    27387.96    27    27386.95    6    1
(advertise)    27    27388.16    20    27
(relay)    20    13    27432.57    27    27431.72    6    1
(advertise)    27    27432.77    13    27
(relay)    20    6    27481.98    27    27468.02    6    1
(advertise)    27    27482.18    6    27
(relay)    34    41    27646.0    27    27644.19    6    1
(advertise)    27    27646.2    41    27
(relay)    26    5    27707.41    27    27705.75    4    1
(advertise)    27    27707.61    5    27
(relay)    34    33    27846.22    27    27844.58    4    1
(advertise)    27    27846.42    33    27
(relay)    26    40    27871.44    27    27870.03    4    1
(advertise)    27    27871.64    40    27
(relay)    26    18    27905.25    27    27903.33    2    1
(advertise)    27    27905.45    18    27
(relay)    26    26    27922.06    27    27920.99    4    1
(advertise)    27    27926.86    26    27
(relay)    26    46    27969.07    27    27948.63    2    1
(advertise)    27    27969.27    46    27
(relay)    34    34    27973.89    27    27973.7    6    1
(advertise)    27    27991.09    34    27
(relay)    34    39    28016.7    27    28003.05    2    1
(advertise)    27    28017.5    39    27
(relay)    20    4    28039.71    28    28037.5    2    1
(advertise)    27    28040.51    4    28
(relay)    26    25    28110.33    28    28108.06    2    1
(advertise)    27    28110.53    25    28
(relay)    34    48    28126.74    28    28124.17    6    1
(advertise)    27    28131.94    48    28
(generate)    27    28135.75    [24]    28
(relay)    34    32    28171.77    28    28111.49    2    1
(advertise)    27    28171.97    32    28
(relay)    20    12    28177.58    28    28162.09    4    1
(advertise)    27    28194.58    12    28
(relay)    26    19    28272.19    28    28270.93    4    1
(advertise)    27    28272.39    19    28
(relay)    34    47    28298.6    28    28284.76    4    1
(advertise)    27    28298.8    47    28
(relay)    20    11    28349.42    28    28347.2    2    1
(advertise)    27    28349.62    11    28
(relay)    20    20    28388.03    28    28386.96    6    1
(advertise)    27    28388.23    20    28
(relay)    20    13    28433.04    28    28431.81    6    1
(advertise)    27    28433.24    13    28
(heartbeat)    24    7    28430.28    27    28455.66    3    13
(advertise)    27    28456.46    24    7
(relay)    20    6    28482.87    28    28468.22    6    1
(advertise)    27    28483.07    6    28
(relay)    34    41    28646.08    28    28644.26    6    1
(advertise)    27    28646.28    41    28
(relay)    34    5    28716.9    28    28705.85    2    1
(advertise)    27    28717.1    5    28
(relay)    26    33    28845.11    28    28844.77    4    1
(advertise)    27    28845.31    33    28
(relay)    26    40    28870.92    28    28870.11    4    1
(advertise)    27    28871.52    40    28
(relay)    20    18    28905.93    28    28903.49    2    1
(advertise)    27    28906.13    18    28
(relay)    26    26    28922.15    28    28921.05    4    1
(advertise)    27    28928.15    26    28
(relay)    34    46    28955.96    28    28948.64    2    1
(advertise)    27    28956.16    46    28
(relay)    34    34    28974.37    28    28973.73    6    1
(advertise)    27    28978.57    34    28
(relay)    34    39    29007.19    28    29003.24    2    1
(advertise)    27    29007.39    39    28
(relay)    20    4    29039.6    29    29037.53    2    1
(advertise)    27    29039.8    4    29
(relay)    26    25    29110.41    29    29108.17    2    1
(advertise)    27    29110.61    25    29
(relay)    34    48    29126.63    29    29124.18    6    1
(relay)    26    32    29131.23    29    29111.68    2    2
(advertise)    27    29133.63    48    29
(generate)    27    29135.84    [24]    29
(advertise)    27    29155.65    32    29
(relay)    20    12    29181.06    29    29162.19    4    1
(advertise)    27    29181.46    12    29
(relay)    34    19    29275.08    29    29270.94    2    1
(advertise)    27    29275.28    19    29
(relay)    26    47    29298.29    29    29284.86    4    1
(advertise)    27    29298.89    47    29
(relay)    20    11    29350.1    29    29347.24    2    1
(advertise)    27    29350.3    11    29
(relay)    20    20    29387.12    29    29386.99    6    1
(advertise)    27    29387.32    20    29
(relay)    20    13    29433.13    29    29431.9    6    1
(advertise)    27    29433.33    13    29
(relay)    20    6    29480.14    29    29468.23    6    1
(advertise)    27    29480.34    6    29
(relay)    34    41    29646.16    29    29644.29    6    1
(advertise)    27    29646.36    41    29
(relay)    34    5    29717.57    29    29705.95    2    1
(advertise)    27    29717.77    5    29
(relay)    26    33    29845.18    29    29844.77    4    1
(advertise)    27    29845.38    33    29
(relay)    20    40    29876.99    29    29870.17    2    1
(advertise)    27    29877.19    40    29
(relay)    26    18    29906.41    29    29903.67    2    1
(advertise)    27    29906.61    18    29
(relay)    26    26    29922.02    29    29921.07    4    1
(advertise)    27    29928.02    26    29
(relay)    34    34    29974.23    29    29973.74    6    1
(advertise)    27    29974.43    34    29
(relay)    34    46    29998.85    29    29948.66    2    1
(advertise)    27    29999.65    46    29
