(relay)    33    4    1037.8    1    1036.0    122    1
(advertise)    34    1038.0    4    1
(relay)    27    25    1105.41    1    1105.01    125    1
(advertise)    34    1105.61    25    1
(relay)    41    48    1128.03    1    1121.03    126    1
(advertise)    34    1128.63    48    1
(relay)    27    17    1130.04    1    1126.03    123    1
(relay)    27    27    1132.64    1    1132.04    127    2
(advertise)    34    1149.84    17    1
(advertise)    34    1171.05    27    1
(relay)    27    12    1195.47    1    1160.05    124    1
(advertise)    34    1195.87    12    1
(relay)    33    8    1248.68    1    1216.08    120    1
(advertise)    34    1248.88    8    1
(relay)    27    19    1271.49    1    1268.09    125    1
(advertise)    34    1273.49    19    1
(relay)    33    9    1293.3    1    1258.09    121    1
(relay)    41    47    1295.5    1    1282.12    125    2
(advertise)    34    1296.9    9    1
(advertise)    34    1317.92    47    1
(relay)    33    38    1339.73    1    1306.12    124    1
(advertise)    34    1341.33    38    1
(relay)    41    36    1365.74    1    1345.16    122    1
(advertise)    34    1366.14    36    1
(relay)    27    15    1367.76    1    1294.32    119    1
(advertise)    34    1388.16    15    1
(relay)    41    23    1409.77    1    1367.17    121    1
(relay)    33    11    1409.97    1    1343.16    123    2
(advertise)    34    1410.37    23    1
(advertise)    34    1433.78    11    1
(relay)    27    20    1435.4    1    1385.17    126    1
(advertise)    34    1454.8    20    1
(relay)    33    29    1475.01    1    1358.16    121    1
(advertise)    34    1476.81    29    1
(relay)    27    13    1482.22    1    1429.18    125    1
(advertise)    34    1498.42    13    1
(relay)    33    3    1499.63    1    1445.01    119    1
(advertise)    34    1521.43    3    1
(relay)    27    6    1529.05    1    1464.18    124    1
(advertise)    34    1543.05    6    1
(relay)    33    2    1567.66    1    1452.02    118    1
(advertise)    34    1567.86    2    1
(relay)    33    43    1594.07    1    1541.06    121    1
(advertise)    34    1594.27    43    1
(relay)    33    22    1618.09    1    1599.1    122    1
(advertise)    34    1618.49    22    1
(relay)    41    41    1642.3    1    1642.11    127    1
(advertise)    34    1642.9    41    1
(relay)    41    45    1667.91    1    1655.13    123    1
(advertise)    34    1668.11    45    1
(relay)    33    31    1691.93    1    1687.13    125    1
(advertise)    34    1693.33    31    1
(relay)    33    5    1721.54    1    1703.15    123    1
(advertise)    34    1721.94    5    1
(relay)    41    35    1746.55    1    1660.13    113    1
(advertise)    34    1746.75    35    1
(relay)    33    44    1767.96    1    1725.15    122    1
(advertise)    34    1768.56    44    1
(relay)    41    42    1818.18    1    1748.13    118    1
(advertise)    34    1818.38    42    1
(relay)    33    7    1820.79    1    1780.0    119    1
(relay)    33    33    1841.19    1    1841.0    127    2
(advertise)    34    1842.39    7    1
(advertise)    34    1864.8    33    1
(relay)    27    21    1885.22    1    1841.03    117    1
(advertise)    34    1885.82    21    1
(relay)    33    40    1887.23    1    1868.04    126    1
(advertise)    34    1909.03    40    1
(relay)    33    26    1919.44    1    1919.06    126    1
(advertise)    34    1930.04    26    1
(relay)    33    18    1941.46    1    1898.06    124    1
(relay)    41    28    1952.86    1    1838.03    120    2
(advertise)    34    1954.06    18    1
(generate)    34    1971.07    [24]    1
(advertise)    34    1976.28    28    1
(relay)    33    16    1985.49    1    1898.06    120    1
(relay)    41    46    1996.49    1    1947.08    124    2
(advertise)    34    1999.29    16    1
(advertise)    34    2021.11    46    1
(relay)    33    37    2073.72    1    1917.07    123    1
(advertise)    34    2073.92    37    1
(relay)    41    39    2083.53    1    1999.12    125    1
(advertise)    34    2095.53    39    1
(relay)    27    10    2104.35    1    1979.11    122    1
(advertise)    34    2117.75    10    1
(relay)    41    1    2128.56    1    1941.09    115    1
(relay)    27    27    2132.76    2    2132.17    127    2
(relay)    33    32    2137.96    2    2105.39    126    3
(advertise)    34    2139.16    1    1
(relay)    27    4    2148.97    2    2036.12    122    3
(advertise)    34    2162.37    27    2
(relay)    41    48    2174.99    2    2121.13    126    3
(relay)    33    25    2182.39    2    2105.17    125    4
(advertise)    34    2185.39    32    2
(advertise)    34    2206.6    4    2
(advertise)    34    2227.81    48    2
(relay)    27    12    2238.62    2    2160.21    124    2
(advertise)    34    2248.82    25    2
(advertise)    34    2272.24    12    2
(relay)    41    17    2285.05    2    2126.19    119    1
(advertise)    34    2293.25    17    2
(relay)    27    19    2310.66    2    2268.26    125    1
(advertise)    34    2314.26    19    2
(relay)    41    47    2328.68    2    2282.28    125    1
(relay)    33    8    2335.68    2    2216.25    120    2
(advertise)    34    2337.08    47    2
(relay)    33    38    2357.89    2    2306.26    124    2
(advertise)    34    2358.69    8    2
(relay)    27    9    2378.9    2    2258.25    121    2
(advertise)    34    2381.3    38    2
(advertise)    34    2402.52    9    2
(relay)    33    15    2422.33    2    2294.48    121    1
(advertise)    34    2423.53    15    2
(relay)    27    20    2424.94    2    2385.33    126    1
(relay)    41    36    2441.54    2    2345.32    122    2
(advertise)    34    2445.54    20    2
(relay)    27    13    2447.15    2    2429.35    125    2
(relay)    33    11    2464.55    2    2344.52    123    3
(advertise)    34    2467.15    36    2
(advertise)    34    2489.17    13    2
(relay)    33    29    2507.18    2    2358.32    123    2
(advertise)    34    2510.38    11    2
(advertise)    34    2533.99    29    2
(relay)    33    23    2550.81    2    2367.33    121    1
(advertise)    34    2555.61    23    2
(relay)    33    0    2575.22    2    2364.33    118    1
(advertise)    34    2577.02    0    2
(relay)    33    6    2597.23    2    2464.29    122    1
(advertise)    34    2599.03    6    2
(relay)    33    3    2621.44    2    2445.19    121    1
(advertise)    34    2621.64    3    2
(relay)    41    41    2642.46    2    2642.3    127    1
(advertise)    34    2642.86    41    2
(relay)    33    2    2664.47    2    2452.19    120    1
(advertise)    34    2666.27    2    2
(relay)    33    43    2686.68    2    2541.23    119    1
(advertise)    34    2687.68    43    2
(relay)    33    45    2710.3    2    2656.51    123    1
(advertise)    34    2710.7    45    2
(relay)    33    31    2730.51    2    2687.31    125    1
(advertise)    34    2732.11    31    2
(relay)    33    5    2752.52    2    2703.32    123    1
(advertise)    34    2753.52    5    2
(relay)    33    22    2774.54    2    2599.26    120    1
(advertise)    34    2776.94    22    2
(relay)    33    30    2798.75    2    2735.35    124    1
(advertise)    34    2799.75    30    2
(relay)    33    35    2819.56    2    2660.28    119    1
(advertise)    34    2822.56    35    2
(relay)    33    33    2841.37    2    2841.2    127    1
(advertise)    34    2843.57    33    2
(relay)    33    40    2870.39    2    2868.23    126    1
(advertise)    34    2870.79    40    2
(relay)    33    42    2893.2    2    2748.27    120    1
(advertise)    34    2894.8    42    2
(relay)    27    14    2918.61    2    2787.17    120    1
(advertise)    34    2919.41    14    2
(relay)    41    26    2960.03    2    2919.24    124    1
(advertise)    34    2960.23    26    2
(relay)    27    18    2963.24    2    2898.45    124    1
(relay)    33    28    2966.24    2    2838.19    118    2
(generate)    34    2971.24    [24]    2
(advertise)    34    2984.25    18    2
(advertise)    34    3005.47    28    2
(relay)    27    7    3026.88    2    2780.17    117    1
(advertise)    34    3027.28    7    2
(relay)    33    39    3031.89    2    2999.29    125    1
(advertise)    34    3049.69    39    2
(relay)    27    16    3072.5    2    2898.24    120    1
(advertise)    34    3072.9    16    2
(relay)    33    37    3078.52    2    2917.27    123    1
(advertise)    34    3094.92    37    2
(relay)    33    46    3098.93    2    2947.28    124    1
(advertise)    34    3117.13    46    2
(relay)    27    27    3132.94    3    3132.36    127    1
(relay)    27    21    3139.54    2    2841.2    115    2
(advertise)    34    3140.14    27    3
(relay)    33    32    3143.36    3    3106.18    126    2
(relay)    41    48    3159.16    3    3121.33    126    3
(advertise)    34    3162.96    21    2
(relay)    33    10    3165.97    2    2979.29    122    3
(relay)    27    25    3181.97    3    3105.37    125    4
(advertise)    34    3184.57    32    3
(relay)    27    4    3204.78    3    3036.32    122    4
(advertise)    34    3206.78    48    3
(advertise)    34    3227.8    10    2
(advertise)    34    3249.41    25    3
(advertise)    34    3271.42    4    3
(relay)    27    12    3297.43    3    3160.4    124    1
(advertise)    34    3297.63    12    3
(relay)    33    1    3299.45    2    2941.28    117    1
(advertise)    34    3319.05    1    2
(relay)    33    17    3321.66    3    3126.37    123    1
(advertise)    34    3341.66    17    3
(relay)    41    47    3357.67    3    3282.46    125    1
(relay)    27    19    3363.87    3    3268.45    125    2
(advertise)    34    3364.47    47    3
(advertise)    34    3386.89    19    3
(relay)    27    20    3408.3    3    3385.51    126    1
(advertise)    34    3408.7    20    3
(relay)    33    38    3410.51    3    3306.46    124    1
(advertise)    34    3431.51    38    3
(relay)    27    11    3453.93    3    3344.71    123    1
(advertise)    34    3454.53    11    3
(relay)    41    36    3467.74    3    3345.51    122    1
(advertise)    34    3475.94    36    3
(relay)    27    13    3499.35    3    3429.54    125    1
(advertise)    34    3499.95    13    3
(relay)    41    8    3513.76    3    3216.42    118    1
(advertise)    34    3522.16    8    3
(relay)    33    29    3545.38    3    3358.51    123    1
(advertise)    34    3545.98    29    3
(relay)    41    9    3559.59    3    3258.45    119    1
(relay)    27    6    3563.19    3    3464.49    124    2
(advertise)    34    3568.79    9    3
(relay)    33    15    3590.6    3    3294.66    119    2
(advertise)    34    3591.8    6    3
(advertise)    34    3613.42    15    3
(relay)    27    3    3629.03    3    3445.38    121    1
(relay)    33    23    3635.23    3    3367.53    121    2
(advertise)    34    3637.43    3    3
(relay)    41    41    3642.64    3    3642.48    127    2
(relay)    33    43    3657.24    3    3541.42    121    3
(advertise)    34    3658.64    23    3
(relay)    27    2    3674.26    3    3452.58    120    3
(advertise)    34    3679.86    41    3
(advertise)    34    3701.47    43    3
(relay)    41    0    3713.08    3    3364.51    116    2
(advertise)    34    3722.48    2    3
(advertise)    34    3745.09    0    3
(relay)    41    45    3755.51    3    3656.69    123    1
(relay)    27    5    3762.91    3    3703.52    123    2
(advertise)    34    3766.11    45    3
(relay)    41    22    3777.32    3    3599.46    120    2
(advertise)    34    3787.12    5    3
(relay)    33    31    3790.53    3    3687.49    123    2
(advertise)    34    3809.13    22    3
(advertise)    34    3830.75    31    3
(relay)    33    33    3841.96    3    3841.4    127    1
(relay)    41    44    3843.36    3    3725.52    122    2
(advertise)    34    3853.16    33    3
(relay)    33    30    3856.97    3    3735.55    124    2
(advertise)    34    3875.37    44    3
(relay)    33    40    3879.79    3    3868.42    126    2
(relay)    41    35    3889.39    3    3660.47    119    3
(advertise)    34    3897.39    30    3
(advertise)    34    3919.8    40    3
(relay)    27    7    3921.41    3    3780.37    119    2
(relay)    27    26    3943.81    3    3919.44    126    3
(advertise)    34    3944.01    35    3
(relay)    41    42    3954.22    3    3748.44    120    3
(advertise)    34    3966.02    7    3
(generate)    34    3971.44    [24]    3
(advertise)    34    3987.05    26    3
(advertise)    34    4008.06    42    3
(relay)    33    18    4009.28    3    3898.64    124    1
(advertise)    34    4030.48    18    3
(relay)    41    46    4042.09    3    3947.48    124    1
(advertise)    34    4051.49    46    3
(relay)    27    14    4078.1    3    3787.36    120    1
(advertise)    34    4078.3    14    3
(relay)    41    39    4086.92    3    3999.49    125    1
(advertise)    34    4102.32    39    3
(relay)    41    37    4109.53    3    3917.45    123    1
(relay)    27    16    4121.73    3    3898.44    122    2
(advertise)    34    4124.33    37    3
(relay)    41    48    4131.74    4    4121.52    126    2
(relay)    27    27    4133.14    4    4132.55    127    3
(relay)    27    10    4143.14    3    3979.49    122    4
(advertise)    34    4145.54    16    3
(relay)    41    28    4153.55    3    3838.39    120    4
(relay)    33    32    4165.15    4    4106.37    126    5
(advertise)    34    4167.95    48    4
(advertise)    34    4190.57    27    4
(advertise)    34    4211.78    10    3
(relay)    27    1    4234.19    3    3941.46    119    3
(advertise)    34    4236.59    28    3
(relay)    33    25    4253.81    4    4105.57    125    3
(advertise)    34    4258.01    32    4
(advertise)    34    4280.22    1    3
(relay)    41    21    4285.23    3    3841.4    119    2
(relay)    27    12    4300.43    4    4160.59    124    3
(advertise)    34    4301.43    25    4
(relay)    27    4    4322.05    4    4036.52    122    3
(advertise)    34    4324.05    21    3
(advertise)    34    4346.06    12    4
(relay)    41    47    4353.67    4    4282.66    125    2
(advertise)    34    4367.67    4    4
(relay)    27    19    4389.68    4    4268.65    125    2
(advertise)    34    4389.88    47    4
(relay)    41    38    4398.7    4    4306.66    124    2
(relay)    33    17    4407.1    4    4126.38    123    3
(advertise)    34    4411.5    19    4
(advertise)    34    4432.71    38    4
(relay)    27    20    4434.32    4    4385.68    126    2
(advertise)    34    4453.72    17    4
(relay)    33    36    4473.94    4    4345.7    122    2
(advertise)    34    4476.74    20    4
(relay)    27    11    4498.35    4    4344.91    123    2
(advertise)    34    4498.95    36    4
(advertise)    34    4520.96    11    4
(relay)    41    29    4531.78    4    4358.71    121    1
(relay)    27    9    4540.58    4    4258.63    121    2
(advertise)    34    4543.78    29    4
(advertise)    34    4566.99    9    4
(relay)    41    23    4575.2    4    4367.71    119    1
(heartbeat)    24    1    4430.2    34    4582.8    127    0
(advertise)    34    4588.0    23    4
(advertise)    34    4609.41    24    1
(relay)    33    8    4628.03    4    4216.62    120    1
(advertise)    34    4631.43    8    4
(relay)    41    41    4642.64    4    4642.49    7    1
(advertise)    34    4652.84    41    4
(relay)    27    15    4673.25    4    4294.86    119    1
(advertise)    34    4676.25    15    4
(relay)    27    6    4697.07    4    4464.68    122    1
(relay)    41    45    4698.87    4    4656.89    3    2
(advertise)    34    4699.47    6    4
(relay)    33    3    4719.08    4    4445.58    121    2
(advertise)    34    4722.08    45    4
(relay)    41    43    4742.89    4    4541.61    121    2
(advertise)    34    4743.29    3    4
(advertise)    34    4766.51    43    4
(relay)    33    31    4783.92    4    4687.69    1    1
(relay)    41    0    4790.52    4    4364.7    114    1
(advertise)    34    4790.72    0    4
(relay)    27    2    4806.93    4    4452.78    120    1
(relay)    41    44    4812.73    4    4725.72    3    2
(advertise)    34    4813.93    2    4
(relay)    33    13    4826.74    4    4429.71    121    2
(relay)    27    5    4828.94    4    4703.71    123    3
(advertise)    34    4835.34    44    4
(relay)    33    33    4842.16    4    4841.6    5    3
(advertise)    34    4858.16    13    4
(relay)    41    40    4879.17    4    4868.62    5    3
(advertise)    34    4879.37    5    4
(advertise)    34    4901.38    33    4
(relay)    27    26    4921.2    4    4919.64    3    2
(advertise)    34    4923.6    40    4
(relay)    33    30    4941.61    4    4735.94    1    2
(advertise)    34    4946.61    26    4
(relay)    33    42    4963.22    4    4748.64    3    1
(relay)    27    35    4965.82    4    4660.65    113    2
(advertise)    34    4967.62    42    4
(generate)    34    4971.64    [24]    4
(relay)    33    18    4984.65    4    4898.84    1    2
(advertise)    34    4988.85    35    4
(relay)    41    46    5014.66    4    4947.67    3    1
(advertise)    34    5014.86    46    4
(relay)    41    39    5036.67    4    4999.5    1    1
(relay)    41    37    5059.87    4    4917.64    1    1
(relay)    27    4    5119.47    5    5036.64    1    1
(relay)    41    48    5122.87    5    5121.66    7    1
(advertise)    34    5123.07    48    5
(relay)    27    27    5133.69    5    5132.73    5    1
(relay)    33    32    5138.69    5    5106.57    3    2
(relay)    27    25    5141.29    5    5105.77    1    3
(advertise)    34    5146.29    27    5
(advertise)    34    5168.1    32    5
(relay)    27    12    5184.51    5    5160.73    3    1
(advertise)    34    5190.51    12    5
(relay)    33    28    5225.33    4    4838.58    1    1
(relay)    41    47    5284.53    5    5282.77    5    1
(advertise)    34    5284.73    47    5
(relay)    33    19    5291.74    5    5268.82    3    1
(advertise)    34    5306.94    19    5
(relay)    27    11    5346.35    5    5345.08    1    1
(relay)    27    20    5386.95    5    5385.74    5    1
(advertise)    34    5387.15    20    5
(relay)    27    13    5430.57    5    5429.77    5    1
(advertise)    34    5430.77    13    5
(relay)    33    3    5465.18    5    5445.64    1    1
(relay)    33    6    5487.98    5    5464.87    3    1
(advertise)    34    5488.18    6    5
(relay)    33    29    5511.99    5    5358.72    1    1
(relay)    41    43    5544.19    5    5541.63    3    1
(advertise)    34    5544.39    43    5
(relay)    41    41    5643.2    5    5642.67    7    1
(advertise)    34    5643.4    41    5
(relay)    41    45    5670.62    5    5657.08    3    1
(advertise)    34    5671.02    45    5
(relay)    33    31    5692.23    5    5687.89    1    1
(relay)    27    5    5705.23    5    5703.9    5    1
(advertise)    34    5705.43    5    5
(relay)    33    35    5735.04    5    5660.66    1    1
(relay)    41    44    5739.24    5    5725.83    3    1
(advertise)    34    5739.44    44    5
(relay)    41    42    5764.06    5    5748.7    3    1
(advertise)    34    5764.46    42    5
(relay)    33    30    5800.07    5    5736.03    1    1
(relay)    33    33    5842.27    5    5841.69    5    1
(advertise)    34    5842.47    33    5
(relay)    33    40    5870.08    5    5868.73    5    1
(advertise)    34    5870.28    40    5
(relay)    27    18    5900.3    5    5899.01    1    1
(relay)    33    26    5921.1    5    5919.73    3    1
(advertise)    34    5921.3    26    5
(relay)    33    37    5947.11    5    5917.74    1    1
(relay)    41    46    5965.91    5    5947.72    3    1
(advertise)    34    5966.11    46    5
(generate)    34    5971.72    [24]    5
(relay)    27    10    6010.73    5    5979.68    1    1
(relay)    41    39    6013.93    5    5999.57    3    1
(advertise)    34    6014.13    39    5
(relay)    27    4    6056.15    6    6036.64    1    1
(relay)    27    25    6107.75    6    6105.91    1    1
(relay)    33    32    6109.55    6    6107.81    3    1
(advertise)    34    6109.75    32    6
(relay)    41    48    6132.56    6    6121.67    7    1
(advertise)    34    6132.76    48    6
(relay)    27    27    6133.97    6    6132.9    5    1
(advertise)    34    6153.97    27    6
(relay)    27    12    6162.39    6    6160.79    3    1
(advertise)    34    6175.99    12    6
(relay)    27    19    6270.8    6    6268.82    3    1
(advertise)    34    6271.0    19    6
(relay)    41    47    6292.81    6    6282.89    5    1
(advertise)    34    6293.41    47    6
(relay)    33    38    6319.43    6    6306.83    1    1
(relay)    27    11    6346.43    6    6345.09    1    1
(relay)    27    20    6387.63    6    6385.79    5    1
(advertise)    34    6387.83    20    6
(relay)    33    29    6417.24    6    6358.79    1    1
(relay)    27    13    6430.64    6    6429.89    5    1
(advertise)    34    6430.84    13    6
(relay)    27    3    6458.65    6    6445.73    1    1
(relay)    27    6    6482.25    6    6465.06    3    1
(advertise)    34    6482.45    6    6
(relay)    41    43    6544.46    6    6541.72    3    1
(advertise)    34    6544.66    43    6
(relay)    41    41    6643.28    6    6642.74    7    1
(advertise)    34    6643.48    41    6
(relay)    41    45    6671.29    6    6657.14    3    1
(advertise)    34    6671.49    45    6
(relay)    33    31    6692.7    6    6687.98    1    1
(relay)    27    5    6705.1    6    6703.98    5    1
(advertise)    34    6705.3    5    6
(relay)    41    44    6730.12    6    6725.84    3    1
(advertise)    34    6730.52    44    6
(relay)    41    42    6757.53    6    6748.87    3    1
(advertise)    34    6757.73    42    6
(relay)    33    30    6759.54    6    6736.22    1    1
(relay)    33    33    6842.34    6    6841.87    5    1
(advertise)    34    6842.54    33    6
(relay)    33    40    6870.16    6    6868.78    5    1
(advertise)    34    6870.36    40    6
(relay)    27    18    6902.77    6    6899.2    1    1
(relay)    27    26    6924.37    6    6919.82    3    1
(advertise)    34    6924.57    26    6
(relay)    41    37    6947.38    6    6917.76    1    1
(relay)    41    46    6968.78    6    6947.9    3    1
(advertise)    34    6968.98    46    6
(generate)    34    6971.79    [24]    6
(relay)    33    28    6993.21    6    6838.7    1    1
(relay)    41    39    7001.21    6    6999.76    3    1
(advertise)    34    7001.41    39    6
(relay)    27    4    7044.02    7    7036.66    1    1
(relay)    33    25    7108.62    7    7105.98    1    1
(relay)    41    48    7123.62    7    7121.86    7    1
(advertise)    34    7123.82    48    7
(relay)    33    32    7131.63    7    7107.95    1    1
(relay)    27    27    7134.03    7    7133.04    5    1
(advertise)    34    7145.83    27    7
(relay)    27    12    7180.65    7    7160.87    3    1
(advertise)    34    7180.85    12    7
(relay)    33    19    7270.86    7    7268.86    3    1
(advertise)    34    7271.06    19    7
(relay)    41    47    7285.47    7    7282.96    5    1
(advertise)    34    7292.47    47    7
(relay)    33    38    7319.89    7    7306.86    1    1
(relay)    27    11    7347.49    7    7345.14    1    1
(relay)    27    20    7387.69    7    7385.82    5    1
(advertise)    34    7387.89    20    7
(relay)    27    13    7430.7    7    7430.0    5    1
(advertise)    34    7430.9    13    7
(relay)    27    3    7457.31    7    7445.82    1    1
(relay)    27    6    7482.31    7    7465.06    5    1
(advertise)    34    7482.51    6    7
(relay)    41    43    7545.12    7    7541.8    3    1
(advertise)    34    7545.32    43    7
(relay)    41    41    7643.34    7    7642.8    7    1
(advertise)    34    7643.54    41    7
(relay)    33    45    7670.55    7    7657.19    3    1
(advertise)    34    7670.75    45    7
(relay)    33    31    7695.56    7    7688.16    1    1
(relay)    27    5    7705.36    7    7704.08    5    1
(advertise)    34    7705.56    5    7
(relay)    33    30    7744.78    7    7736.23    1    1
(relay)    33    44    7767.58    7    7725.85    3    1
(advertise)    34    7767.78    44    7
(relay)    33    42    7789.39    7    7749.06    3    1
(advertise)    34    7790.39    42    7
(relay)    33    33    7843.0    7    7842.04    5    1
(advertise)    34    7843.2    33    7
(relay)    33    40    7870.02    7    7868.83    5    1
(advertise)    34    7870.22    40    7
(relay)    27    18    7901.43    7    7899.37    1    1
(relay)    27    26    7924.23    7    7919.93    3    1
(advertise)    34    7924.43    26    7
(relay)    33    37    7949.24    7    7917.81    1    1
(relay)    33    46    7970.24    7    7947.91    3    1
(advertise)    34    7970.44    46    7
(generate)    34    7971.85    [24]    7
(relay)    27    39    8020.47    7    7999.76    1    1
(relay)    27    4    8042.87    8    8036.67    1    1
(relay)    27    25    8108.87    8    8106.07    1    1
(relay)    41    48    8124.07    8    8121.89    7    1
(advertise)    34    8124.27    48    8
(relay)    27    27    8134.68    8    8133.58    5    1
(relay)    33    32    8144.28    8    8108.11    3    2
(advertise)    34    8145.68    27    8
(advertise)    34    8167.89    32    8
(relay)    27    12    8175.11    8    8160.92    3    1
(advertise)    34    8189.91    12    8
(relay)    33    19    8270.92    8    8268.9    3    1
(advertise)    34    8271.12    19    8
(relay)    41    47    8285.53    8    8283.02    5    1
(advertise)    34    8292.73    47    8
(relay)    33    38    8320.75    8    8306.91    1    1
(relay)    27    11    8347.35    8    8345.16    1    1
(relay)    27    20    8388.15    8    8385.85    5    1
(advertise)    34    8388.35    20    8
(relay)    33    29    8416.76    8    8358.85    1    1
(relay)    27    13    8431.76    8    8430.06    5    1
(advertise)    34    8431.96    13    8
(heartbeat)    24    2    8430.21    34    8454.97    4    4
(advertise)    34    8455.57    24    2
(relay)    27    6    8481.98    8    8465.25    5    1
(advertise)    34    8482.18    6    8
(relay)    33    3    8529.2    8    8445.9    1    1
(relay)    41    43    8545.8    8    8541.91    3    1
(advertise)    34    8546.0    43    8
(relay)    41    41    8643.41    8    8642.88    7    1
(advertise)    34    8643.61    41    8
(relay)    33    45    8671.02    8    8657.28    3    1
(advertise)    34    8671.22    45    8
(relay)    41    5    8707.44    8    8704.15    3    1
(advertise)    34    8707.64    5    8
(relay)    33    35    8731.05    8    8660.91    1    1
(relay)    41    44    8739.85    8    8725.87    3    1
(advertise)    34    8740.05    44    8
(relay)    33    30    8774.46    8    8737.62    1    1
(relay)    33    42    8796.06    8    8749.25    3    1
(advertise)    34    8796.26    42    8
(relay)    33    33    8843.08    8    8842.06    5    1
(advertise)    34    8843.28    33    8
(relay)    33    40    8869.29    8    8868.89    5    1
(advertise)    34    8869.49    40    8
(relay)    33    28    8897.1    8    8838.93    1    1
(relay)    27    18    8902.7    8    8899.56    1    1
(relay)    27    26    8923.9    8    8920.01    3    1
(advertise)    34    8924.1    26    8
(relay)    41    46    8951.91    8    8947.93    3    1
(advertise)    34    8952.11    46    8
(relay)    33    37    8962.33    8    8917.82    1    1
(generate)    34    8971.93    [24]    8
(relay)    41    39    9002.14    8    8999.8    3    1
(advertise)    34    9002.34    39    8
(relay)    27    4    9040.15    9    9036.71    1    1
(relay)    33    25    9109.15    9    9106.21    1    1
(relay)    41    48    9123.95    9    9121.91    7    1
(advertise)    34    9124.15    48    9
(relay)    33    32    9131.97    9    9108.29    3    1
(relay)    27    27    9134.77    9    9133.73    5    2
(advertise)    34    9146.57    32    9
(advertise)    34    9167.58    27    9
(relay)    27    12    9177.79    9    9161.01    3    1
(advertise)    34    9191.39    12    9
(relay)    41    19    9273.61    9    9268.92    1    1
(relay)    41    47    9295.41    9    9283.08    5    1
(advertise)    34    9295.61    47    9
(relay)    33    38    9319.42    9    9306.98    1    1
(relay)    27    11    9348.62    9    9345.17    1    1
(relay)    33    36    9358.42    9    9346.1    1    1
(relay)    27    20    9388.02    9    9385.89    5    1
(advertise)    34    9388.22    20    9
(relay)    27    13    9431.63    9    9430.17    5    1
(advertise)    34    9431.83    13    9
(relay)    27    6    9482.04    9    9465.25    5    1
(advertise)    34    9482.24    6    9
(relay)    41    43    9547.66    9    9542.03    3    1
(advertise)    34    9547.86    43    9
(relay)    41    41    9643.47    9    9642.95    7    1
(advertise)    34    9643.67    41    9
(relay)    33    45    9670.88    9    9657.34    3    1
(advertise)    34    9671.08    45    9
(relay)    33    31    9692.3    9    9688.37    1    1
(relay)    33    5    9715.9    9    9704.28    5    1
(advertise)    34    9716.1    5    9
(relay)    33    30    9742.11    9    9737.63    1    1
(relay)    41    44    9763.11    9    9725.89    3    1
(advertise)    34    9763.31    44    9
(relay)    27    42    9805.32    9    9749.43    1    1
(relay)    33    33    9843.32    9    9842.24    5    1
(advertise)    34    9843.52    33    9
(relay)    41    40    9869.34    9    9868.94    5    1
(advertise)    34    9869.54    40    9
(relay)    33    18    9902.75    9    9899.6    1    1
(relay)    33    26    9925.55    9    9920.08    3    1
(advertise)    34    9925.75    26    9
(relay)    33    37    9949.16    9    9917.83    1    1
(relay)    41    46    9965.56    9    9947.97    3    1
(advertise)    34    9965.76    46    9
(generate)    34    9971.98    [24]    9
(relay)    41    39    10011.19    9    9999.98    3    1
(advertise)    34    10011.39    39    9
(relay)    27    4    10039.0    10    10036.73    1    1
(relay)    33    25    10107.8    10    10106.29    1    1
(relay)    41    48    10124.0    10    10121.92    7    1
(advertise)    34    10124.2    48    10
(relay)    33    32    10129.41    10    10108.63    3    1
(relay)    27    27    10134.01    10    10133.86    5    2
(advertise)    34    10145.41    32    10
(advertise)    34    10166.43    27    10
(relay)    27    12    10180.84    10    10161.07    3    1
(advertise)    34    10187.84    12    10
(relay)    41    19    10273.85    10    10268.95    1    1
(relay)    41    47    10295.45    10    10283.2    5    1
(advertise)    34    10295.65    47    10
(relay)    33    38    10321.87    10    10307.01    1    1
(relay)    27    11    10349.07    10    10345.18    1    1
(relay)    41    36    10352.27    10    10346.14    1    1
(relay)    27    20    10387.07    10    10385.9    5    1
(advertise)    34    10387.27    20    10
(relay)    27    13    10432.28    10    10430.24    5    1
(advertise)    34    10432.48    13    10
(relay)    27    6    10479.69    10    10465.45    5    1
(advertise)    34    10479.89    6    10
(relay)    33    43    10548.51    10    10542.06    3    1
(advertise)    34    10548.71    43    10
(relay)    41    41    10644.12    10    10643.02    7    1
(advertise)    34    10644.32    41    10
(relay)    41    45    10668.73    10    10657.41    3    1
(advertise)    34    10669.33    45    10
(relay)    33    31    10691.14    10    10688.48    1    1
(relay)    27    5    10707.94    10    10704.38    5    1
(advertise)    34    10708.14    5    10
(relay)    33    30    10741.56    10    10737.78    1    1
(relay)    33    44    10763.36    10    10726.08    3    1
(advertise)    34    10763.56    44    10
(relay)    33    42    10784.37    10    10749.61    3    1
(advertise)    34    10785.17    42    10
(relay)    33    33    10843.38    10    10842.42    5    1
(advertise)    34    10843.58    33    10
(relay)    41    40    10869.4    10    10869.01    5    1
(advertise)    34    10869.8    40    10
(relay)    27    18    10903.81    10    10899.79    1    1
(relay)    27    26    10926.81    10    10920.15    3    1
(advertise)    34    10927.01    26    10
(relay)    41    46    10950.02    10    10947.98    3    1
(advertise)    34    10950.22    46    10
(generate)    34    10972.04    [24]    10
(relay)    33    39    11003.85    10    11000.16    3    1
(advertise)    34    11004.05    39    10
(relay)    27    4    11038.26    11    11036.75    1    1
(relay)    33    25    11108.26    11    11106.61    1    1
(relay)    41    48    11122.26    11    11121.92    7    1
(advertise)    34    11122.46    48    11
(relay)    33    32    11129.47    11    11108.98    3    1
(relay)    27    27    11134.07    11    11133.98    5    2
(advertise)    34    11143.87    32    11
(advertise)    34    11166.49    27    11
(relay)    27    12    11179.5    11    11161.1    3    1
(advertise)    34    11187.5    12    11
(relay)    33    19    11272.31    11    11268.99    3    1
(advertise)    34    11272.51    19    11
(relay)    41    47    11285.73    11    11283.31    5    1
(advertise)    34    11296.53    47    11
(relay)    33    38    11320.34    11    11307.07    1    1
(relay)    27    11    11349.54    11    11345.18    1    1
(relay)    27    20    11387.34    11    11385.92    5    1
(advertise)    34    11387.54    20    11
(relay)    33    29    11426.55    11    11358.87    1    1
(relay)    27    13    11433.15    11    11430.35    5    1
(advertise)    34    11433.35    13    11
(relay)    27    6    11480.37    11    11465.65    5    1
(advertise)    34    11480.57    6    11
(relay)    33    43    11548.78    11    11542.12    1    1
(relay)    41    41    11644.18    11    11643.08    7    1
(advertise)    34    11644.38    41    11
(relay)    33    45    11668.19    11    11657.47    3    1
(advertise)    34    11668.39    45    11
(relay)    33    31    11692.2    11    11688.52    1    1
(relay)    33    5    11713.8    11    11704.45    5    1
(advertise)    34    11714.0    5    11
(relay)    33    35    11735.22    11    11661.1    1    1
(relay)    41    44    11757.42    11    11726.28    3    1
(advertise)    34    11757.62    44    11
(relay)    33    30    11782.03    11    11738.54    1    1
(relay)    41    42    11782.43    11    11749.81    3    1
(advertise)    34    11782.63    42    11
(relay)    33    33    11842.44    11    11842.42    5    1
(advertise)    34    11842.64    33    11
(relay)    41    40    11869.86    11    11869.08    5    1
(advertise)    34    11870.46    40    11
(relay)    33    28    11895.07    11    11839.36    1    1
(relay)    33    18    11916.87    11    11899.82    1    1
(relay)    41    37    11921.27    11    11918.04    1    1
(relay)    27    26    11921.67    11    11920.21    3    1
(advertise)    34    11921.87    26    11
(generate)    34    11972.08    [24]    11
(relay)    33    39    12005.5    11    12000.35    1    1
(relay)    27    4    12039.7    12    12036.77    1    1
(relay)    33    25    12108.5    12    12106.74    1    1
(relay)    41    48    12122.3    12    12121.94    7    1
(advertise)    34    12122.5    48    12
(relay)    33    32    12128.91    12    12109.15    3    1
(relay)    27    27    12134.11    12    12134.08    5    2
(advertise)    34    12144.31    32    12
(advertise)    34    12166.92    27    12
(relay)    27    12    12180.33    12    12161.19    3    1
(advertise)    34    12189.13    12    12
(relay)    33    19    12270.55    12    12269.03    3    1
(advertise)    34    12270.75    19    12
(relay)    41    47    12293.16    12    12283.34    5    1
(advertise)    34    12293.96    47    12
(relay)    41    38    12315.37    12    12307.13    1    1
(relay)    27    11    12350.97    12    12345.21    1    1
(relay)    27    20    12386.17    12    12385.94    5    1
(advertise)    34    12386.37    20    12
(relay)    33    29    12409.59    12    12358.89    1    1
(relay)    27    13    12433.59    12    12430.45    5    1
(advertise)    34    12433.79    13    12
(heartbeat)    24    3    12430.23    34    12460.2    4    6
(advertise)    34    12460.8    24    3
(relay)    27    6    12486.01    12    12465.83    5    1
(advertise)    34    12486.21    6    12
(relay)    33    43    12545.83    12    12542.22    1    1
(relay)    41    41    12644.23    12    12643.17    7    1
(advertise)    34    12644.43    41    12
(relay)    33    45    12668.44    12    12657.77    3    1
(advertise)    34    12668.64    45    12
(relay)    33    31    12692.05    12    12688.63    1    1
(relay)    33    5    12716.65    12    12704.55    3    1
(advertise)    34    12716.85    5    12
(relay)    33    44    12738.66    12    12726.3    3    1
(advertise)    34    12739.66    44    12
(relay)    33    30    12760.68    12    12738.72    1    1
(relay)    41    42    12763.08    12    12749.99    1    1
(relay)    33    33    12842.68    12    12842.6    5    1
(advertise)    34    12842.88    33    12
(relay)    33    28    12869.49    12    12839.4    1    1
(relay)    41    40    12870.49    12    12869.16    5    1
(advertise)    34    12870.69    40    12
(relay)    33    18    12916.1    12    12899.98    1    1
(relay)    27    26    12920.5    12    12920.29    3    1
(advertise)    34    12920.7    26    12
(relay)    41    46    12950.72    12    12948.0    3    1
(advertise)    34    12950.92    46    12
(generate)    34    12972.13    [24]    12
(relay)    41    39    13003.14    12    13000.53    3    1
(advertise)    34    13003.34    39    12
(relay)    27    4    13040.56    13    13036.79    1    1
(relay)    27    25    13107.36    13    13106.84    1    1
(relay)    41    32    13118.76    13    13109.32    1    1
(relay)    27    27    13134.76    13    13134.18    5    1
(advertise)    34    13134.96    27    13
(relay)    41    48    13141.77    13    13121.95    7    1
(advertise)    34    13156.97    48    13
(relay)    27    12    13184.18    13    13161.21    3    1
(advertise)    34    13184.38    12    13
(relay)    33    19    13270.99    13    13269.22    3    1
(advertise)    34    13271.19    19    13
(relay)    33    47    13293.41    13    13283.44    5    1
(advertise)    34    13294.21    47    13
(relay)    33    38    13318.22    13    13307.19    1    1
(relay)    27    11    13351.22    13    13345.37    1    1
(relay)    27    20    13386.82    13    13385.97    5    1
(advertise)    34    13387.02    20    13
(relay)    27    13    13434.03    13    13430.56    5    1
(advertise)    34    13434.23    13    13
(relay)    27    6    13483.45    13    13465.98    5    1
(advertise)    34    13483.65    6    13
(relay)    33    43    13545.26    13    13542.31    1    1
(relay)    41    41    13643.26    13    13643.24    7    1
(advertise)    34    13643.46    41    13
(relay)    41    45    13668.67    13    13657.8    3    1
(advertise)    34    13669.07    45    13
(relay)    33    31    13692.29    13    13688.67    1    1
(relay)    33    5    13716.69    13    13704.6    1    1
(relay)    41    44    13737.49    13    13726.5    3    1
(advertise)    34    13737.69    44    13
(relay)    33    42    13762.3    13    13750.17    1    1
(relay)    33    30    13784.3    13    13738.84    1    1
(relay)    33    33    13842.9    13    13842.77    5    1
(advertise)    34    13843.1    33    13
(relay)    33    28    13870.11    13    13839.43    1    1
(relay)    41    40    13870.71    13    13869.19    5    1
(advertise)    34    13870.91    40    13
(relay)    33    18    13912.92    13    13900.16    1    1
(relay)    27    26    13920.72    13    13920.33    3    1
(advertise)    34    13920.92    26    13
(relay)    33    37    13933.94    13    13918.25    1    1
(relay)    41    46    13951.14    13    13948.2    3    1
(advertise)    34    13951.34    46    13
(generate)    34    13972.15    [24]    13
(relay)    41    39    14002.96    13    14000.72    3    1
(advertise)    34    14003.16    39    13
(relay)    27    4    14040.98    14    14036.8    1    1
(relay)    33    25    14108.18    14    14106.94    1    1
(relay)    41    48    14122.98    14    14122.13    7    1
(advertise)    34    14123.18    48    14
(relay)    33    32    14129.59    14    14109.46    3    1
(relay)    27    27    14134.79    14    14134.25    5    2
(advertise)    34    14145.19    32    14
(advertise)    34    14169.4    27    14
(relay)    27    12    14178.22    14    14161.33    3    1
(advertise)    34    14193.42    12    14
(relay)    41    19    14271.43    14    14269.24    1    1
(relay)    33    47    14293.63    14    14283.53    3    1
(advertise)    34    14293.83    47    14
(relay)    33    38    14317.24    14    14307.22    1    1
(relay)    27    11    14349.84    14    14345.55    1    1
(relay)    27    20    14386.84    14    14385.98    5    1
(advertise)    34    14387.04    20    14
(relay)    33    29    14413.25    14    14359.04    1    1
(relay)    27    13    14434.85    14    14430.66    3    1
(advertise)    34    14435.05    13    14
(relay)    27    6    14479.87    14    14466.17    5    1
(advertise)    34    14480.07    6    14
(relay)    33    43    14544.28    14    14542.41    1    1
(relay)    41    41    14643.48    14    14643.3    7    1
(advertise)    34    14643.68    41    14
(relay)    41    45    14670.09    14    14657.88    3    1
(advertise)    34    14670.29    45    14
(relay)    41    35    14694.91    14    14661.37    1    1
(relay)    33    31    14695.51    14    14688.7    1    1
(relay)    27    5    14708.51    14    14704.68    3    1
(advertise)    34    14708.71    5    14
(relay)    41    44    14737.32    14    14726.52    3    1
(advertise)    34    14737.52    44    14
(relay)    41    42    14760.73    14    14750.37    1    1
(relay)    33    30    14804.33    14    14738.95    1    1
(relay)    33    33    14843.33    14    14842.78    5    1
(advertise)    34    14843.53    33    14
(relay)    41    40    14870.55    14    14869.24    5    1
(advertise)    34    14870.75    40    14
(relay)    33    28    14897.96    14    14839.43    1    1
(relay)    27    18    14902.16    14    14900.3    1    1
(relay)    27    26    14925.16    14    14920.38    3    1
(advertise)    34    14925.36    26    14
(relay)    41    46    14952.17    14    14948.22    3    1
(advertise)    34    14952.57    46    14
(relay)    33    37    14964.58    14    14918.44    1    1
(generate)    34    14972.18    [24]    14
(relay)    41    39    15002.0    14    15000.89    3    1
(advertise)    34    15002.2    39    14
(relay)    27    4    15042.21    15    15036.81    1    1
(relay)    27    25    15108.61    15    15107.05    1    1
(relay)    41    48    15123.61    15    15122.32    7    1
(advertise)    34    15123.81    48    15
(relay)    27    27    15134.82    15    15134.35    5    1
(relay)    33    32    15144.82    15    15109.62    3    2
(advertise)    34    15146.42    27    15
(advertise)    34    15169.44    32    15
(relay)    27    12    15191.65    15    15161.41    3    1
(advertise)    34    15191.85    12    15
(relay)    33    19    15269.86    15    15269.26    3    1
(advertise)    34    15270.06    19    15
(relay)    41    47    15292.68    15    15283.61    5    1
(advertise)    34    15293.08    47    15
(relay)    41    38    15315.09    15    15307.22    1    1
(relay)    33    11    15373.69    15    15345.55    1    1
(relay)    27    20    15387.29    15    15385.99    5    1
(advertise)    34    15387.49    20    15
(relay)    33    29    15424.1    15    15359.22    1    1
(relay)    27    13    15432.3    15    15430.74    5    1
(advertise)    34    15432.5    13    15
(relay)    27    6    15479.31    15    15466.36    5    1
(advertise)    34    15479.51    6    15
(relay)    33    43    15544.93    15    15542.5    1    1
(relay)    41    41    15643.53    15    15643.39    7    1
(advertise)    34    15643.73    41    15
(relay)    41    45    15671.74    15    15657.94    3    1
(advertise)    34    15672.34    45    15
(relay)    33    31    15694.95    15    15688.79    1    1
(relay)    27    5    15707.75    15    15704.76    3    1
(advertise)    34    15707.95    5    15
(relay)    33    35    15738.57    15    15661.44    1    1
(relay)    33    44    15760.97    15    15726.54    3    1
(advertise)    34    15761.17    44    15
(relay)    33    42    15784.58    15    15750.53    1    1
(relay)    33    33    15843.38    15    15842.78    5    1
(advertise)    34    15843.58    33    15
(relay)    27    18    15901.39    15    15900.46    1    1
(relay)    33    26    15923.19    15    15920.41    3    1
(advertise)    34    15923.39    26    15
(relay)    33    37    15946.81    15    15918.61    1    1
(relay)    33    46    15968.81    15    15948.24    3    1
(advertise)    34    15969.01    46    15
(generate)    34    15972.22    [24]    15
(relay)    33    39    16014.03    15    16001.07    3    1
(advertise)    34    16014.23    39    15
(relay)    33    4    16043.44    16    16037.02    1    1
(relay)    33    25    16108.64    16    16107.14    1    1
(relay)    41    48    16123.64    16    16122.32    7    1
(advertise)    34    16123.84    48    16
(relay)    33    32    16129.86    16    16109.8    3    1
(relay)    27    27    16135.46    16    16134.41    5    2
(advertise)    34    16146.46    32    16
(advertise)    34    16169.47    27    16
(relay)    27    12    16178.68    16    16161.48    3    1
(advertise)    34    16191.48    12    16
(relay)    33    19    16271.1    16    16269.45    3    1
(advertise)    34    16271.3    19    16
(relay)    41    47    16294.11    16    16283.69    5    1
(advertise)    34    16295.51    47    16
(relay)    33    38    16319.32    16    16307.26    1    1
(relay)    27    11    16346.92    16    16345.57    1    1
(relay)    27    20    16388.12    16    16386.18    5    1
(advertise)    34    16388.32    20    16
(relay)    27    13    16432.54    16    16430.83    5    1
(advertise)    34    16432.74    13    16
(heartbeat)    24    4    16430.24    34    16455.75    4    12
(advertise)    34    16455.95    24    4
(relay)    33    6    16502.16    16    16466.54    3    1
(advertise)    34    16502.36    6    16
(relay)    41    43    16545.17    16    16542.6    1    1
(relay)    41    41    16643.57    16    16643.46    7    1
(advertise)    34    16643.77    41    16
(relay)    33    45    16670.79    16    16658.02    3    1
(advertise)    34    16670.99    45    16
(relay)    33    31    16694.0    16    16688.91    1    1
(relay)    41    35    16696.4    16    16661.53    1    1
(relay)    27    5    16706.0    16    16704.83    3    1
(advertise)    34    16706.2    5    16
(relay)    41    44    16728.81    16    16726.56    3    1
(advertise)    34    16729.01    44    16
(relay)    33    30    16762.03    16    16739.88    1    1
(relay)    41    42    16782.03    16    16750.73    1    1
(relay)    33    33    16843.43    16    16842.96    5    1
(advertise)    34    16843.63    33    16
(relay)    33    40    16870.64    16    16869.34    5    1
(advertise)    34    16870.84    40    16
(relay)    33    26    16921.65    16    16920.46    3    1
(advertise)    34    16921.85    26    16
(relay)    33    18    16943.87    16    16901.85    1    1
(relay)    27    46    16966.47    16    16948.28    1    1
(generate)    34    16972.27    [24]    16
(relay)    41    39    17010.08    16    17001.26    3    1
(advertise)    34    17010.28    39    16
(relay)    27    4    17043.89    17    17037.02    1    1
(relay)    33    25    17109.69    17    17107.22    1    1
(relay)    41    48    17123.69    17    17122.51    7    1
(advertise)    34    17123.89    48    17
(relay)    33    32    17133.1    17    17109.96    3    1
(relay)    27    27    17135.7    17    17134.72    5    2
(advertise)    34    17146.1    32    17
(advertise)    34    17167.12    27    17
(relay)    27    12    17179.53    17    17161.56    3    1
(advertise)    34    17190.93    12    17
(relay)    33    19    17270.94    17    17269.49    3    1
(advertise)    34    17271.14    19    17
(relay)    41    47    17294.56    17    17283.8    5    1
(advertise)    34    17294.76    47    17
(relay)    33    38    17320.77    17    17307.3    1    1
(relay)    27    11    17347.77    17    17345.6    1    1
(relay)    27    20    17387.97    17    17386.22    5    1
(advertise)    34    17388.17    20    17
(relay)    33    29    17419.38    17    17360.4    1    1
(relay)    27    13    17431.78    17    17430.94    5    1
(advertise)    34    17431.98    13    17
(relay)    27    6    17480.6    17    17466.55    5    1
(advertise)    34    17480.8    6    17
(relay)    41    43    17545.81    17    17542.7    1    1
(relay)    41    41    17644.01    17    17643.53    7    1
(advertise)    34    17644.21    41    17
(relay)    41    45    17672.22    17    17658.08    3    1
(advertise)    34    17672.62    45    17
(relay)    33    31    17695.43    17    17688.98    1    1
(relay)    27    5    17707.03    17    17704.93    3    1
(advertise)    34    17707.23    5    17
(relay)    33    44    17742.05    17    17726.58    1    1
(relay)    33    42    17768.25    17    17750.89    1    1
(relay)    33    33    17843.65    17    17843.12    5    1
(advertise)    34    17843.85    33    17
(relay)    33    40    17870.66    17    17869.38    5    1
(advertise)    34    17870.86    40    17
(relay)    33    18    17903.87    17    17901.99    1    1
(relay)    33    26    17926.47    17    17920.52    3    1
(advertise)    34    17926.67    26    17
(relay)    33    37    17949.89    17    17918.62    1    1
(relay)    41    46    17968.49    17    17948.3    3    1
(advertise)    34    17968.69    46    17
(generate)    34    17972.3    [24]    17
(relay)    41    39    18014.91    17    18001.26    3    1
(advertise)    34    18015.11    39    17
(relay)    27    4    18042.93    18    18037.03    1    1
(relay)    33    25    18109.93    18    18107.28    1    1
(relay)    41    48    18124.73    18    18122.51    7    1
(advertise)    34    18124.93    48    18
(relay)    33    32    18131.74    18    18110.07    3    1
(relay)    27    27    18135.94    18    18135.01    5    2
(advertise)    34    18148.34    32    18
(advertise)    34    18172.35    27    18
(relay)    27    12    18180.76    18    18161.61    3    1
(advertise)    34    18194.36    12    18
(relay)    41    19    18273.38    18    18269.65    1    1
(relay)    41    47    18294.78    18    18283.9    5    1
(advertise)    34    18294.98    47    18
(relay)    33    38    18321.39    18    18307.34    1    1
(relay)    27    11    18347.79    18    18345.77    1    1
(relay)    27    20    18388.59    18    18386.23    5    1
(advertise)    34    18388.79    20    18
(relay)    33    29    18414.0    18    18360.57    1    1
(relay)    27    13    18432.6    18    18430.99    5    1
(advertise)    34    18432.8    13    18
(relay)    27    6    18482.02    18    18466.72    5    1
(advertise)    34    18482.22    6    18
(relay)    33    43    18548.43    18    18542.96    1    1
(relay)    41    41    18644.23    18    18643.59    7    1
(advertise)    34    18644.43    41    18
(relay)    33    45    18671.44    18    18658.15    3    1
(advertise)    34    18671.84    45    18
(relay)    41    5    18708.06    18    18704.98    1    1
(relay)    33    35    18732.46    18    18661.72    1    1
(relay)    41    44    18733.06    18    18726.6    3    1
(advertise)    34    18733.26    44    18
(relay)    33    42    18799.87    18    18750.89    1    1
(relay)    33    33    18844.27    18    18843.31    5    1
(advertise)    34    18844.47    33    18
(relay)    41    40    18869.68    18    18869.42    5    1
(advertise)    34    18870.48    40    18
(relay)    33    18    18904.89    18    18902.14    1    1
(relay)    33    26    18925.89    18    18920.58    3    1
(advertise)    34    18926.09    26    18
(relay)    33    37    18948.11    18    18918.77    1    1
(relay)    41    46    18966.31    18    18948.3    3    1
(advertise)    34    18966.51    46    18
(generate)    34    18972.32    [24]    18
(relay)    33    39    19013.93    18    19001.45    3    1
(advertise)    34    19014.13    39    18
(relay)    27    4    19040.95    19    19037.04    1    1
(relay)    33    25    19110.15    19    19107.33    1    1
(relay)    41    48    19124.95    19    19122.71    7    1
(advertise)    34    19125.15    48    19
(relay)    33    32    19131.16    19    19110.22    3    1
(relay)    27    27    19136.16    19    19135.11    5    2
(advertise)    34    19146.56    32    19
(advertise)    34    19168.97    27    19
(relay)    27    12    19182.19    19    19161.63    3    1
(advertise)    34    19190.79    12    19
(relay)    33    19    19272.8    19    19269.67    3    1
(advertise)    34    19273.0    19    19
(relay)    41    47    19296.61    19    19284.0    5    1
(advertise)    34    19296.81    47    19
(relay)    33    38    19318.82    19    19307.39    1    1
(relay)    33    11    19348.82    19    19345.96    1    1
(relay)    27    20    19387.82    19    19386.42    5    1
(advertise)    34    19388.02    20    19
(relay)    33    29    19411.24    19    19360.74    1    1
(relay)    27    13    19432.64    19    19431.05    5    1
(advertise)    34    19432.84    13    19
(relay)    27    6    19481.45    19    19466.91    5    1
(advertise)    34    19481.65    6    19
(relay)    33    43    19548.86    19    19543.05    1    1
(relay)    41    41    19644.26    19    19643.65    7    1
(advertise)    34    19644.46    41    19
(relay)    33    45    19671.08    19    19658.21    3    1
(advertise)    34    19671.68    45    19
(relay)    33    31    19694.69    19    19689.13    1    1
(relay)    27    5    19708.29    19    19705.02    3    1
(advertise)    34    19708.49    5    19
(relay)    41    44    19733.3    19    19726.61    3    1
(advertise)    34    19733.9    44    19
(relay)    33    42    19763.12    19    19751.08    1    1
(relay)    33    33    19844.52    19    19843.49    5    1
(advertise)    34    19844.72    33    19
(relay)    41    40    19869.73    19    19869.47    5    1
(advertise)    34    19870.73    40    19
(relay)    33    18    19905.54    19    19902.25    1    1
(relay)    33    26    19927.94    19    19920.64    3    1
(advertise)    34    19928.14    26    19
(relay)    33    46    19949.55    19    19948.31    3    1
(advertise)    34    19950.55    46    19
(generate)    34    19972.37    [24]    19
(relay)    27    39    20019.78    19    20001.6    1    1
(relay)    27    4    20041.78    20    20037.22    1    1
(relay)    41    48    20125.18    20    20122.88    7    1
(advertise)    34    20125.38    48    20
(relay)    33    32    20131.59    20    20110.35    3    1
(relay)    27    27    20135.39    20    20135.21    5    2
(advertise)    34    20147.19    32    20
(advertise)    34    20170.61    27    20
(relay)    27    12    20180.42    20    20161.67    3    1
(advertise)    34    20192.82    12    20
(relay)    27    19    20272.83    20    20269.86    3    1
(advertise)    34    20273.03    19    20
(relay)    41    47    20297.25    20    20284.06    5    1
(advertise)    34    20297.85    47    20
(relay)    33    38    20322.86    20    20307.42    1    1
(relay)    27    11    20350.46    20    20345.97    1    1
(relay)    27    20    20387.66    20    20386.44    5    1
(advertise)    34    20387.86    20    20
(relay)    27    13    20433.27    20    20431.12    5    1
(advertise)    34    20433.47    13    20
(heartbeat)    24    5    20430.25    34    20457.28    4    14
(advertise)    34    20458.08    24    5
(relay)    27    6    20503.7    20    20467.11    5    1
(advertise)    34    20503.9    6    20
(relay)    41    41    20644.71    20    20643.74    7    1
(advertise)    34    20644.91    41    20
(relay)    33    45    20669.92    20    20658.29    1    1
(relay)    33    31    20695.92    20    20689.2    1    1
(relay)    27    5    20709.52    20    20705.13    3    1
(advertise)    34    20709.72    5    20
(relay)    41    35    20732.54    20    20661.9    1    1
(relay)    41    44    20755.34    20    20726.64    1    1
(relay)    41    42    20776.34    20    20751.24    1    1
(relay)    33    30    20809.54    20    20740.63    1    1
(relay)    33    33    20844.54    20    20843.49    5    1
(advertise)    34    20844.74    33    20
(relay)    41    40    20870.15    20    20869.53    5    1
(advertise)    34    20870.95    40    20
(relay)    33    18    20905.76    20    20902.4    1    1
(relay)    27    26    20929.16    20    20920.7    3    1
(advertise)    34    20929.36    26    20
(relay)    33    37    20954.38    20    20919.1    1    1
(generate)    34    20972.38    [24]    20
(relay)    33    46    20977.99    20    20948.33    3    1
(advertise)    34    20978.19    46    20
(relay)    41    39    21018.0    20    21001.99    3    1
(advertise)    34    21018.2    39    20
(relay)    27    4    21040.61    21    21037.23    1    1
(relay)    41    48    21123.41    21    21123.05    7    1
(advertise)    34    21123.61    48    21
(relay)    33    32    21129.83    21    21110.54    3    1
(relay)    27    27    21135.43    21    21135.29    5    2
(advertise)    34    21144.63    32    21
(advertise)    34    21165.64    27    21
(relay)    27    12    21180.45    21    21161.74    3    1
(advertise)    34    21186.65    12    21
(relay)    27    19    21273.07    21    21269.86    3    1
(advertise)    34    21273.27    19    21
(relay)    27    47    21298.28    21    21284.16    3    1
(advertise)    34    21298.48    47    21
(relay)    33    38    21321.49    21    21307.48    1    1
(relay)    27    11    21350.69    21    21345.97    1    1
(relay)    27    20    21387.69    21    21386.48    5    1
(advertise)    34    21387.89    20    21
(relay)    27    13    21434.31    21    21431.21    5    1
(advertise)    34    21434.51    13    21
(relay)    27    6    21480.72    21    21467.12    5    1
(advertise)    34    21480.92    6    21
(relay)    41    41    21644.73    21    21643.8    7    1
(advertise)    34    21644.93    41    21
(relay)    33    31    21692.94    21    21689.33    1    1
(relay)    27    5    21709.74    21    21705.23    3    1
(advertise)    34    21709.94    5    21
(relay)    33    35    21735.96    21    21661.96    1    1
(relay)    33    44    21757.36    21    21726.65    1    1
(relay)    41    42    21765.16    21    21751.4    1    1
(relay)    33    30    21778.76    21    21740.76    1    1
(relay)    33    33    21843.76    21    21843.67    5    1
(advertise)    34    21843.96    33    21
(relay)    41    40    21870.57    21    21869.58    5    1
(advertise)    34    21870.77    40    21
(relay)    27    18    21906.98    21    21902.54    1    1
(relay)    33    26    21928.78    21    21920.73    3    1
(advertise)    34    21928.98    26    21
(relay)    33    37    21952.2    21    21919.1    1    1
(relay)    41    46    21969.0    21    21948.35    3    1
(advertise)    34    21969.2    46    21
(generate)    34    21972.41    [24]    21
(relay)    41    39    22015.02    21    22002.0    3    1
(advertise)    34    22015.22    39    21
(relay)    27    4    22040.04    22    22037.25    1    1
(relay)    27    25    22109.24    22    22107.55    1    1
(relay)    41    48    22123.64    22    22123.22    7    1
(advertise)    34    22123.84    48    22
(relay)    27    27    22135.45    22    22135.37    5    1
(advertise)    34    22146.25    27    22
(relay)    33    32    22149.06    22    22110.66    3    1
(advertise)    34    22168.46    32    22
(relay)    27    12    22178.87    22    22161.79    3    1
(advertise)    34    22190.07    12    22
(relay)    41    19    22273.29    22    22270.04    1    1
(relay)    41    47    22293.49    22    22284.24    5    1
(advertise)    34    22293.69    47    22
(relay)    33    38    22317.9    22    22307.51    1    1
(relay)    33    11    22351.1    22    22346.15    1    1
(relay)    27    20    22387.1    22    22386.68    5    1
(advertise)    34    22387.3    20    22
(relay)    33    29    22411.51    22    22361.2    1    1
(relay)    27    13    22434.11    22    22431.29    5    1
(advertise)    34    22434.31    13    22
(relay)    33    6    22484.93    22    22467.29    3    1
(advertise)    34    22485.13    6    22
(relay)    41    43    22550.74    22    22543.27    1    1
(relay)    41    41    22644.94    22    22643.86    7    1
(advertise)    34    22645.14    41    22
(relay)    33    45    22670.15    22    22658.42    1    1
(relay)    33    31    22694.75    22    22689.41    1    1
(relay)    33    5    22716.75    22    22705.29    3    1
(advertise)    34    22716.95    5    22
(relay)    33    44    22740.77    22    22726.67    1    1
(relay)    41    42    22763.97    22    22751.58    1    1
(relay)    33    33    22843.97    22    22843.84    5    1
(advertise)    34    22844.17    33    22
(relay)    41    40    22870.98    22    22869.81    5    1
(advertise)    34    22871.18    40    22
(relay)    33    28    22895.99    22    22839.94    1    1
(relay)    33    18    22917.39    22    22902.65    1    1
(relay)    27    26    22921.19    22    22920.76    3    1
(advertise)    34    22921.39    26    22
(relay)    33    37    22937.8    22    22919.28    1    1
(relay)    41    46    22950.2    22    22948.36    3    1
(advertise)    34    22950.4    46    22
(generate)    34    22972.42    [24]    22
(relay)    41    39    23004.83    22    23002.17    3    1
(advertise)    34    23005.03    39    22
(relay)    33    4    23049.24    23    23037.27    1    1
(relay)    33    25    23108.44    23    23107.63    1    1
(relay)    41    48    23123.84    23    23123.41    7    1
(advertise)    34    23124.04    48    23
(relay)    33    32    23130.46    23    23110.8    3    1
(relay)    27    27    23135.86    23    23135.4    5    2
(advertise)    34    23145.66    32    23
(advertise)    34    23168.27    27    23
(relay)    27    12    23179.48    23    23161.83    3    1
(advertise)    34    23192.88    12    23
(relay)    33    19    23271.9    23    23270.2    3    1
(advertise)    34    23272.1    19    23
(relay)    33    47    23294.91    23    23284.33    5    1
(advertise)    34    23295.11    47    23
(relay)    33    38    23317.72    23    23307.53    1    1
(relay)    27    20    23387.52    23    23386.71    5    1
(advertise)    34    23387.72    20    23
(relay)    33    29    23412.13    23    23361.38    1    1
(relay)    27    13    23434.73    23    23431.39    5    1
(advertise)    34    23434.93    13    23
(relay)    27    6    23481.75    23    23467.46    5    1
(advertise)    34    23481.95    6    23
(relay)    33    43    23546.16    23    23543.35    1    1
(relay)    41    41    23643.96    23    23643.91    7    1
(advertise)    34    23644.16    41    23
(relay)    41    45    23667.17    23    23658.48    1    1
(relay)    33    31    23692.97    23    23689.92    1    1
(relay)    27    5    23710.17    23    23705.42    3    1
(advertise)    34    23710.37    5    23
(relay)    41    44    23733.99    23    23726.69    1    1
(relay)    41    42    23756.79    23    23751.75    1    1
(relay)    33    30    23779.79    23    23741.71    1    1
(relay)    33    33    23843.99    23    23843.85    5    1
(advertise)    34    23844.19    33    23
(relay)    41    40    23871.2    23    23869.87    5    1
(advertise)    34    23871.4    40    23
(relay)    33    18    23905.41    23    23902.79    1    1
(relay)    27    26    23925.61    23    23920.8    3    1
(advertise)    34    23925.81    26    23
(relay)    41    46    23951.83    23    23948.37    3    1
(advertise)    34    23952.83    46    23
(generate)    34    23972.44    [24]    23
(relay)    33    39    24003.25    23    24002.34    3    1
(advertise)    34    24003.45    39    23
(relay)    33    4    24041.26    24    24037.45    1    1
(relay)    33    25    24108.86    24    24107.64    1    1
(relay)    41    48    24125.06    24    24123.61    7    1
(advertise)    34    24125.26    48    24
(relay)    33    32    24132.08    24    24110.91    3    1
(relay)    27    27    24136.08    24    24135.46    5    2
(advertise)    34    24147.08    32    24
(advertise)    34    24169.29    27    24
(relay)    27    12    24180.7    24    24161.91    3    1
(advertise)    34    24191.3    12    24
(relay)    41    19    24272.52    24    24270.39    1    1
(relay)    33    47    24294.52    24    24284.4    5    1
(advertise)    34    24294.72    47    24
(relay)    33    38    24319.73    24    24307.57    1    1
(relay)    27    11    24350.53    24    24346.5    1    1
(relay)    27    20    24387.73    24    24386.71    5    1
(advertise)    34    24387.93    20    24
(heartbeat)    24    6    24430.27    34    24434.14    4    14
(advertise)    34    24434.34    24    6
(relay)    27    13    24456.36    24    24431.47    3    1
(advertise)    34    24457.16    13    24
(relay)    27    6    24480.57    24    24467.65    5    1
(advertise)    34    24481.37    6    24
(relay)    41    41    24643.98    24    24643.98    7    1
(advertise)    34    24644.18    41    24
(relay)    41    45    24670.39    24    24658.55    1    1
(relay)    41    35    24694.39    24    24662.19    1    1
(relay)    27    5    24708.59    24    24705.52    3    1
(advertise)    34    24708.79    5    24
(relay)    33    30    24755.21    24    24741.88    1    1
(relay)    41    42    24756.21    24    24751.76    1    1
(relay)    33    28    24843.41    24    24839.98    1    1
(relay)    33    33    24844.61    24    24844.02    5    1
(advertise)    34    24844.81    33    24
(relay)    27    40    24874.62    24    24869.92    3    1
(advertise)    34    24874.82    40    24
(relay)    27    18    24904.83    24    24902.93    1    1
(relay)    27    26    24925.83    24    24920.88    3    1
(advertise)    34    24926.03    26    24
(relay)    33    46    24952.85    24    24948.39    3    1
(advertise)    34    24953.05    46    24
(generate)    34    24972.46    [24]    24
(relay)    33    37    24976.07    24    24919.46    1    1
(relay)    41    39    25003.87    24    25002.53    3    1
(advertise)    34    25004.07    39    24
(relay)    27    4    25044.29    25    25037.46    1    1
(relay)    33    25    25108.89    25    25107.73    1    1
(relay)    41    48    25125.09    25    25123.78    7    1
(advertise)    34    25125.29    48    25
(relay)    33    32    25130.7    25    25111.08    3    1
(relay)    27    27    25136.1    25    25135.55    5    2
(advertise)    34    25146.3    32    25
(advertise)    34    25167.71    27    25
(relay)    27    12    25178.52    25    25162.01    3    1
(advertise)    34    25189.12    12    25
(relay)    41    19    25272.34    25    25270.57    1    1
(relay)    41    47    25294.74    25    25284.46    5    1
(advertise)    34    25294.94    47    25
(relay)    33    38    25317.35    25    25307.63    1    1
(relay)    33    11    25349.75    25    25346.69    1    1
(relay)    33    29    25379.15    25    25361.56    1    1
(relay)    27    20    25387.95    25    25386.75    5    1
(advertise)    34    25388.15    20    25
(relay)    27    13    25433.16    25    25431.58    5    1
(advertise)    34    25433.36    13    25
(relay)    27    6    25484.58    25    25467.67    5    1
(advertise)    34    25484.78    6    25
(relay)    33    43    25545.99    25    25543.54    1    1
(relay)    41    41    25644.19    25    25644.04    7    1
(advertise)    34    25644.39    41    25
(relay)    33    45    25672.2    25    25658.61    1    1
(relay)    33    5    25708.8    25    25705.6    3    1
(advertise)    34    25709.0    5    25
(relay)    33    35    25730.02    25    25662.23    1    1
(relay)    41    44    25743.22    25    25726.95    1    1
(relay)    41    42    25767.02    25    25751.9    1    1
(relay)    33    30    25795.42    25    25741.96    1    1
(relay)    33    33    25844.82    25    25844.2    5    1
(advertise)    34    25845.02    33    25
(relay)    33    40    25872.23    25    25869.97    5    1
(advertise)    34    25872.43    40    25
(relay)    33    18    25904.44    25    25903.05    1    1
(relay)    27    26    25926.84    25    25920.92    3    1
(advertise)    34    25927.04    26    25
(relay)    33    37    25951.65    25    25920.65    1    1
(relay)    41    46    25952.25    25    25948.41    3    1
(advertise)    34    25952.45    46    25
(generate)    34    25972.47    [24]    25
(relay)    41    39    26003.88    25    26002.69    3    1
(advertise)    34    26004.08    39    25
(relay)    27    4    26044.09    26    26037.47    1    1
(relay)    27    25    26109.89    26    26107.85    1    1
(relay)    41    48    26125.29    26    26123.97    7    1
(advertise)    34    26125.49    48    26
(relay)    27    27    26136.71    26    26135.61    5    1
(advertise)    34    26147.51    27    26
(relay)    27    32    26155.52    26    26111.24    1    1
(relay)    27    12    26182.72    26    26162.04    3    1
(advertise)    34    26182.92    12    26
(relay)    33    19    26272.33    26    26270.76    3    1
(advertise)    34    26272.53    19    26
(relay)    41    47    26294.75    26    26284.56    5    1
(advertise)    34    26295.55    47    26
(relay)    33    38    26321.56    26    26307.68    1    1
(relay)    27    11    26348.16    26    26346.87    1    1
(relay)    33    36    26356.56    26    26347.16    1    1
(relay)    33    29    26381.16    26    26361.74    1    1
(relay)    27    20    26388.56    26    26386.94    5    1
(advertise)    34    26388.76    20    26
(relay)    27    13    26433.37    26    26431.65    5    1
(advertise)    34    26433.57    13    26
(relay)    27    6    26482.58    26    26467.85    5    1
(advertise)    34    26482.78    6    26
(relay)    41    43    26546.2    26    26543.65    1    1
(relay)    41    41    26644.2    26    26644.1    7    1
(advertise)    34    26644.4    41    26
(relay)    41    45    26669.81    26    26658.66    1    1
(relay)    33    31    26694.01    26    26691.11    1    1
(relay)    27    5    26706.81    26    26705.68    3    1
(advertise)    34    26707.01    5    26
(relay)    41    44    26734.42    26    26726.96    1    1
(relay)    33    30    26759.22    26    26742.06    1    1
(relay)    41    42    26760.62    26    26751.91    1    1
(relay)    33    33    26845.02    26    26844.39    5    1
(advertise)    34    26845.22    33    26
(relay)    33    40    26871.24    26    26869.99    5    1
(advertise)    34    26871.44    40    26
(relay)    33    28    26897.05    26    26840.19    1    1
(relay)    27    18    26905.05    26    26903.19    1    1
(relay)    41    37    26925.65    26    26921.21    1    1
(relay)    27    26    26927.25    26    26920.94    3    1
(advertise)    34    26927.45    26    26
(relay)    41    46    26972.26    26    26948.61    3    1
(advertise)    34    26972.46    46    26
(generate)    34    26973.68    [24]    26
(relay)    41    39    27016.69    26    27002.86    3    1
(advertise)    34    27016.89    39    26
(relay)    27    4    27057.3    27    27037.49    1    1
(relay)    33    25    27110.5    27    27107.96    1    1
(relay)    41    48    27125.3    27    27123.98    7    1
(advertise)    34    27125.5    48    27
(relay)    33    32    27132.31    27    27111.38    3    1
(relay)    27    27    27136.71    27    27135.68    5    2
(advertise)    34    27148.51    32    27
(advertise)    34    27171.93    27    27
(relay)    27    12    27180.14    27    27162.07    3    1
(advertise)    34    27194.14    12    27
(relay)    27    19    27272.35    27    27270.91    3    1
(advertise)    34    27272.55    19    27
(relay)    41    47    27295.57    27    27284.66    5    1
(advertise)    34    27296.17    47    27
(relay)    33    38    27320.98    27    27307.91    1    1
(relay)    27    11    27348.98    27    27347.01    1    1
(relay)    27    20    27388.78    27    27386.95    5    1
(advertise)    34    27388.98    20    27
(relay)    33    29    27415.79    27    27361.75    1    1
(relay)    27    13    27432.79    27    27431.72    5    1
(advertise)    34    27432.99    13    27
(relay)    27    6    27482.81    27    27468.02    5    1
(advertise)    34    27483.01    6    27
(relay)    41    43    27546.42    27    27543.74    1    1
(relay)    41    41    27644.82    27    27644.19    7    1
(advertise)    34    27645.02    41    27
(relay)    41    45    27673.43    27    27658.73    1    1
(relay)    33    31    27696.03    27    27691.2    1    1
(relay)    27    5    27707.63    27    27705.75    3    1
(advertise)    34    27707.83    5    27
(relay)    33    44    27743.24    27    27726.98    1    1
(relay)    41    42    27766.84    27    27752.09    1    1
(relay)    33    33    27845.04    27    27844.58    5    1
(advertise)    34    27845.24    33    27
(relay)    33    40    27871.46    27    27870.03    5    1
(advertise)    34    27872.06    40    27
(relay)    33    18    27904.67    27    27903.33    1    1
(relay)    27    26    27927.47    27    27920.99    3    1
(advertise)    34    27927.67    26    27
(relay)    33    46    27968.88    27    27948.63    3    1
(advertise)    34    27969.08    46    27
(generate)    34    27973.7    [24]    27
(relay)    41    39    28015.51    27    28003.05    3    1
(advertise)    34    28015.71    39    27
(relay)    27    4    28041.52    28    28037.5    1    1
(relay)    27    25    28111.12    28    28108.06    1    1
(relay)    41    48    28126.52    28    28124.17    7    1
(advertise)    34    28126.72    48    28
(relay)    27    27    28136.74    28    28135.75    5    1
(relay)    33    32    28147.34    28    28111.49    3    2
(advertise)    34    28149.74    27    28
(advertise)    34    28171.15    32    28
(relay)    27    12    28195.16    28    28162.09    3    1
(advertise)    34    28195.96    12    28
(relay)    27    19    28272.97    28    28270.93    3    1
(advertise)    34    28273.17    19    28
(relay)    41    47    28295.99    28    28284.76    5    1
(advertise)    34    28297.59    47    28
(relay)    33    38    28321.0    28    28307.92    1    1
(relay)    27    11    28349.8    28    28347.2    1    1
(relay)    33    36    28378.4    28    28347.3    1    1
(relay)    27    20    28389.2    28    28386.96    5    1
(advertise)    34    28389.4    20    28
(relay)    33    29    28422.81    28    28361.76    1    1
(relay)    27    13    28433.41    28    28431.81    5    1
(advertise)    34    28433.61    13    28
(heartbeat)    24    7    28430.28    34    28457.03    4    14
(advertise)    34    28458.03    24    7
(relay)    27    6    28484.04    28    28468.22    5    1
(advertise)    34    28484.24    6    28
(relay)    33    43    28549.25    28    28543.84    1    1
(relay)    41    41    28644.85    28    28644.26    7    1
(advertise)    34    28645.05    41    28
(relay)    33    45    28672.47    28    28658.81    1    1
(relay)    33    31    28693.47    28    28691.27    1    1
(relay)    33    5    28716.07    28    28705.85    3    1
(advertise)    34    28716.27    5    28
(relay)    33    44    28742.48    28    28727.17    1    1
(relay)    41    42    28764.48    28    28752.27    1    1
(relay)    33    30    28785.88    28    28743.0    1    1
(relay)    33    33    28845.68    28    28844.77    5    1
(advertise)    34    28845.88    33    28
(relay)    27    40    28871.69    28    28870.11    3    1
(advertise)    34    28872.09    40    28
(relay)    27    18    28906.7    28    28903.49    1    1
(relay)    27    26    28929.1    28    28921.05    3    1
(advertise)    34    28929.3    26    28
(relay)    33    37    28952.32    28    28921.53    1    1
(relay)    41    46    28955.72    28    28948.64    3    1
(advertise)    34    28955.92    46    28
(generate)    34    28973.73    [24]    28
(relay)    41    39    29005.94    28    29003.24    3    1
(advertise)    34    29006.14    39    28
(relay)    27    4    29040.76    29    29037.53    1    1
(relay)    27    25    29111.76    29    29108.17    1    1
(relay)    41    48    29126.36    29    29124.18    7    1
(advertise)    34    29126.56    48    29
(relay)    33    32    29132.57    29    29111.68    3    1
(relay)    27    27    29136.77    29    29135.84    5    2
(advertise)    34    29148.97    32    29
(advertise)    34    29171.78    27    29
(relay)    27    12    29182.0    29    29162.19    3    1
(advertise)    34    29194.8    12    29
(relay)    33    19    29273.81    29    29270.94    3    1
(advertise)    34    29274.01    19    29
(relay)    41    47    29298.22    29    29284.86    5    1
(advertise)    34    29298.42    47    29
(relay)    33    38    29320.43    29    29307.96    1    1
(relay)    27    11    29350.83    29    29347.24    1    1
(relay)    27    20    29388.23    29    29386.99    5    1
(advertise)    34    29388.43    20    29
(relay)    33    29    29421.85    29    29361.95    1    1
(relay)    27    13    29433.45    29    29431.9    5    1
(advertise)    34    29433.65    13    29
(relay)    27    6    29481.26    29    29468.23    5    1
(advertise)    34    29481.46    6    29
(relay)    33    43    29550.07    29    29543.93    1    1
(relay)    41    41    29644.87    29    29644.29    7    1
(advertise)    34    29645.07    41    29
(relay)    41    45    29670.89    29    29658.87    1    1
(relay)    33    31    29693.49    29    29691.35    1    1
(relay)    33    5    29716.29    29    29705.95    3    1
(advertise)    34    29716.49    5    29
(relay)    33    35    29738.7    29    29663.39    1    1
(relay)    41    44    29743.5    29    29727.19    1    1
(relay)    41    42    29764.5    29    29752.42    1    1
(relay)    33    30    29807.1    29    29743.15    1    1
(relay)    33    33    29845.7    29    29844.77    5    1
(advertise)    34    29845.9    33    29
(relay)    41    40    29870.51    29    29870.17    5    1
(advertise)    34    29871.71    40    29
(relay)    33    18    29906.93    29    29903.67    1    1
(relay)    33    26    29928.73    29    29921.07    3    1
(advertise)    34    29928.93    26    29
(relay)    33    37    29953.34    29    29922.9    1    1
(generate)    34    29973.74    [24]    29
(relay)    33    46    29997.55    29    29948.66    3    1
(advertise)    34    29997.75    46    29
