(relay)    32    4    1037.6    1    1036.0    123    1
(advertise)    39    1037.8    4    1
(relay)    32    32    1105.21    1    1105.01    127    1
(advertise)    39    1105.41    32    1
(relay)    32    25    1107.03    1    1105.01    124    1
(advertise)    39    1127.63    25    1
(relay)    38    48    1153.44    1    1121.03    123    1
(advertise)    39    1153.84    48    1
(relay)    40    17    1173.25    1    1126.03    120    1
(relay)    38    27    1177.85    1    1132.04    122    2
(advertise)    39    1178.25    17    1
(relay)    32    12    1198.87    1    1160.05    123    2
(advertise)    39    1199.87    27    1
(advertise)    39    1222.08    12    1
(relay)    32    8    1247.89    1    1216.08    121    1
(advertise)    39    1248.09    8    1
(relay)    40    19    1271.7    1    1268.09    124    1
(advertise)    39    1272.3    19    1
(relay)    32    9    1293.32    1    1258.09    122    1
(relay)    40    47    1293.52    1    1282.12    126    2
(advertise)    39    1294.52    9    1
(relay)    38    38    1306.73    1    1306.12    127    2
(advertise)    39    1315.53    47    1
(advertise)    39    1337.74    38    1
(relay)    38    36    1358.56    1    1345.16    125    1
(advertise)    39    1360.56    36    1
(relay)    32    15    1361.77    1    1294.32    122    1
(advertise)    39    1382.77    15    1
(relay)    38    23    1406.78    1    1367.17    124    1
(advertise)    39    1406.98    23    1
(relay)    40    11    1430.2    1    1343.16    122    1
(advertise)    39    1430.4    11    1
(relay)    32    29    1451.41    1    1358.16    122    1
(advertise)    39    1451.61    29    1
(relay)    32    20    1472.82    1    1385.17    123    1
(advertise)    39    1474.02    20    1
(relay)    32    3    1498.83    1    1445.01    120    1
(advertise)    39    1499.03    3    1
(relay)    40    13    1501.65    1    1429.18    122    1
(advertise)    39    1521.85    13    1
(relay)    32    6    1544.86    1    1464.18    121    1
(advertise)    39    1545.66    6    1
(relay)    32    2    1566.47    1    1452.02    119    1
(advertise)    39    1568.07    2    1
(relay)    40    43    1594.89    1    1541.06    120    1
(advertise)    39    1595.69    43    1
(relay)    32    22    1616.5    1    1599.1    123    1
(advertise)    39    1620.1    22    1
(relay)    40    41    1643.31    1    1642.11    126    1
(advertise)    39    1643.71    41    1
(relay)    38    45    1665.93    1    1655.13    126    1
(advertise)    39    1666.53    45    1
(relay)    38    31    1689.34    1    1687.13    126    1
(advertise)    39    1689.74    31    1
(relay)    40    5    1720.95    1    1703.15    122    1
(advertise)    39    1721.15    5    1
(relay)    32    35    1743.56    1    1660.13    116    1
(advertise)    39    1743.76    35    1
(relay)    38    44    1746.18    1    1725.15    125    1
(advertise)    39    1766.38    44    1
(relay)    46    30    1791.59    1    1735.16    123    1
(advertise)    39    1791.99    30    1
(relay)    38    42    1815.0    1    1748.13    121    1
(advertise)    39    1815.6    42    1
(relay)    38    7    1836.82    1    1780.0    120    1
(advertise)    39    1837.82    7    1
(relay)    38    14    1858.03    1    1787.0    117    1
(advertise)    39    1858.83    14    1
(relay)    32    33    1861.64    1    1841.0    126    1
(relay)    40    40    1869.04    1    1868.04    127    2
(advertise)    39    1882.24    33    1
(relay)    38    28    1901.86    1    1838.03    123    2
(advertise)    39    1903.86    40    1
(relay)    40    26    1919.67    1    1919.06    125    2
(advertise)    39    1924.87    28    1
(relay)    32    18    1928.08    1    1898.06    125    2
(advertise)    39    1946.88    26    1
(advertise)    39    1969.29    18    1
(relay)    38    21    1970.91    1    1841.03    122    1
(relay)    38    16    1992.51    1    1898.06    121    2
(advertise)    39    1992.91    21    1
(generate)    39    1999.12    [24]    1
(advertise)    39    2015.33    16    1
(relay)    46    37    2017.15    1    1917.07    124    1
(advertise)    39    2038.35    37    1
(relay)    40    34    2073.76    1    1971.07    125    1
(advertise)    39    2073.96    34    1
(relay)    38    1    2081.37    1    1941.09    118    1
(advertise)    39    2095.97    1    1
(relay)    32    32    2105.59    2    2105.39    127    1
(advertise)    39    2117.19    32    2
(relay)    38    10    2127.8    1    1979.11    119    1
(advertise)    39    2138.6    10    1
(relay)    40    48    2160.61    2    2121.13    125    1
(advertise)    39    2161.01    48    2
(relay)    32    4    2172.42    2    2036.12    123    1
(advertise)    39    2185.02    4    2
(relay)    40    25    2204.44    2    2105.17    124    1
(advertise)    39    2207.04    25    2
(relay)    32    27    2241.85    2    2132.17    124    1
(advertise)    39    2242.05    27    2
(relay)    38    17    2262.26    2    2126.19    122    1
(advertise)    39    2263.46    17    2
(relay)    32    12    2284.68    2    2160.21    123    1
(advertise)    39    2286.28    12    2
(relay)    38    38    2306.89    2    2306.26    127    1
(relay)    32    8    2307.09    2    2216.25    121    2
(advertise)    39    2309.49    38    2
(relay)    40    47    2313.1    2    2282.28    126    2
(advertise)    39    2331.3    8    2
(relay)    32    19    2350.72    2    2268.26    124    2
(advertise)    39    2355.52    47    2
(relay)    38    36    2375.93    2    2345.32    125    2
(advertise)    39    2378.73    19    2
(relay)    32    9    2394.54    2    2258.25    118    2
(advertise)    39    2401.94    36    2
(relay)    32    15    2417.15    2    2294.48    122    2
(advertise)    39    2423.35    9    2
(advertise)    39    2444.97    15    2
(relay)    32    11    2459.58    2    2344.52    124    1
(relay)    38    29    2464.58    2    2358.32    124    2
(advertise)    39    2466.78    11    2
(advertise)    39    2489.79    29    2
(relay)    32    20    2504.81    2    2385.33    123    1
(relay)    38    23    2508.61    2    2367.33    124    2
(advertise)    39    2511.01    20    2
(relay)    32    13    2529.22    2    2429.35    122    2
(advertise)    39    2533.22    23    2
(relay)    38    0    2552.63    2    2364.33    119    2
(advertise)    39    2554.43    13    2
(advertise)    39    2576.44    0    2
(relay)    32    6    2598.46    2    2464.29    121    1
(advertise)    39    2598.66    6    2
(relay)    32    3    2619.67    2    2445.19    122    1
(advertise)    39    2620.07    3    2
(relay)    38    43    2623.08    2    2541.23    122    1
(advertise)    39    2643.08    43    2
(relay)    32    2    2645.1    2    2452.19    121    1
(advertise)    39    2664.5    2    2
(relay)    38    45    2670.11    2    2656.51    126    1
(advertise)    39    2685.71    45    2
(relay)    32    31    2711.52    2    2687.31    126    1
(advertise)    39    2711.92    31    2
(relay)    38    22    2713.74    2    2599.26    123    1
(relay)    46    41    2715.14    2    2642.3    124    2
(advertise)    39    2733.34    22    2
(advertise)    39    2756.35    41    2
(relay)    38    35    2757.76    2    2660.28    122    1
(relay)    32    5    2777.36    2    2703.32    122    2
(advertise)    39    2779.16    35    2
(relay)    46    44    2782.97    2    2725.32    125    2
(advertise)    39    2801.97    5    2
(advertise)    39    2824.59    44    2
(relay)    40    30    2841.2    2    2735.35    123    1
(advertise)    39    2846.2    30    2
(relay)    46    42    2850.61    2    2748.27    123    1
(relay)    32    33    2867.41    2    2841.2    126    2
(advertise)    39    2869.01    42    2
(advertise)    39    2890.23    33    2
(relay)    32    40    2910.24    2    2868.23    125    1
(advertise)    39    2911.64    40    2
(relay)    38    28    2914.05    2    2838.19    121    1
(relay)    40    26    2928.25    2    2919.24    125    2
(relay)    32    14    2932.25    2    2787.17    121    3
(advertise)    39    2932.65    28    2
(relay)    46    46    2947.87    2    2947.28    127    3
(advertise)    39    2954.67    26    2
(relay)    38    37    2959.28    2    2917.27    126    3
(advertise)    39    2976.68    14    2
(generate)    39    2999.29    [24]    2
(advertise)    39    3000.5    46    2
(advertise)    39    3021.52    37    2
(relay)    46    7    3050.93    2    2780.17    118    1
(advertise)    39    3051.13    7    2
(relay)    40    34    3064.34    2    2971.24    125    1
(relay)    38    18    3067.34    2    2898.45    123    2
(advertise)    39    3072.74    34    2
(advertise)    39    3095.16    18    2
(relay)    32    16    3105.57    2    2898.24    123    1
(relay)    32    32    3106.77    3    3106.18    127    2
(relay)    38    21    3113.37    2    2841.2    122    3
(advertise)    39    3116.37    16    2
(advertise)    39    3139.98    32    3
(relay)    32    10    3150.6    2    2979.29    123    2
(advertise)    39    3163.6    21    2
(relay)    40    48    3171.01    3    3121.33    125    2
(advertise)    39    3185.81    10    2
(relay)    32    27    3193.62    3    3132.36    124    2
(relay)    38    1    3205.42    2    2941.28    120    3
(advertise)    39    3208.02    48    3
(relay)    32    4    3215.83    3    3036.32    123    3
(advertise)    39    3231.43    27    3
(advertise)    39    3254.85    1    2
(relay)    40    25    3257.66    3    3105.37    124    2
(advertise)    39    3276.26    4    3
(relay)    32    17    3283.47    3    3126.37    124    2
(advertise)    39    3297.67    25    3
(relay)    46    47    3299.69    3    3282.46    126    2
(relay)    38    38    3307.09    3    3306.46    127    3
(advertise)    39    3318.69    17    3
(relay)    32    12    3340.1    3    3160.4    123    3
(advertise)    39    3341.1    47    3
(advertise)    39    3363.11    38    3
(advertise)    39    3385.13    12    3
(relay)    38    36    3407.14    3    3345.51    125    1
(advertise)    39    3408.14    36    3
(relay)    46    19    3409.55    3    3268.45    120    1
(relay)    38    8    3428.55    3    3216.42    121    2
(advertise)    39    3429.95    19    3
(relay)    32    9    3432.36    3    3258.45    122    2
(advertise)    39    3451.56    8    3
(relay)    40    20    3457.38    3    3385.51    123    2
(advertise)    39    3472.58    9    3
(relay)    32    11    3479.39    3    3344.71    124    2
(advertise)    39    3493.99    20    3
(relay)    38    29    3496.8    3    3358.51    124    2
(advertise)    39    3515.4    11    3
(advertise)    39    3537.02    29    3
(relay)    38    15    3538.63    3    3294.66    122    1
(relay)    40    13    3543.43    3    3429.54    122    2
(advertise)    39    3559.63    15    3
(advertise)    39    3583.04    13    3
(relay)    38    23    3585.06    3    3367.53    124    1
(advertise)    39    3605.86    23    3
(relay)    38    43    3607.67    3    3541.42    124    1
(relay)    38    0    3628.47    3    3364.51    119    2
(advertise)    39    3628.87    43    3
(relay)    32    6    3631.88    3    3464.49    121    2
(advertise)    39    3650.88    0    3
(relay)    32    3    3654.49    3    3445.38    122    2
(relay)    38    22    3672.89    3    3599.46    123    3
(advertise)    39    3673.89    6    3
(relay)    40    41    3678.51    3    3642.48    126    3
(relay)    38    45    3694.71    3    3656.69    126    4
(advertise)    39    3695.51    3    3
(advertise)    39    3717.12    22    3
(relay)    38    31    3736.53    3    3687.49    126    3
(advertise)    39    3738.13    41    3
(relay)    38    2    3758.15    3    3452.58    119    3
(advertise)    39    3760.75    45    3
(advertise)    39    3782.56    31    3
(relay)    46    44    3784.57    3    3725.52    125    2
(advertise)    39    3805.17    2    3
(relay)    46    35    3806.39    3    3660.47    122    2
(advertise)    39    3828.19    44    3
(relay)    32    5    3831.4    3    3703.52    122    2
(advertise)    39    3849.8    35    3
(relay)    32    30    3855.21    3    3735.55    125    2
(relay)    40    40    3869.41    3    3868.42    127    3
(advertise)    39    3872.41    5    3
(relay)    38    42    3887.02    3    3748.44    123    3
(advertise)    39    3894.62    30    3
(relay)    32    33    3897.64    3    3841.4    126    3
(advertise)    39    3917.04    40    3
(advertise)    39    3940.45    42    3
(relay)    46    46    3948.46    3    3947.48    127    2
(relay)    38    37    3958.26    3    3917.45    126    3
(advertise)    39    3962.26    33    3
(relay)    32    18    3965.28    3    3898.64    125    3
(relay)    40    26    3969.08    3    3919.44    125    4
(advertise)    39    3984.08    46    3
(relay)    40    7    3991.49    3    3780.37    116    4
(generate)    39    3999.49    [24]    3
(advertise)    39    4006.3    37    3
(relay)    38    28    4026.52    3    3838.39    123    4
(advertise)    39    4029.92    18    3
(relay)    38    14    4049.73    3    3787.36    121    4
(advertise)    39    4051.73    26    3
(advertise)    39    4072.94    7    3
(advertise)    39    4093.95    28    3
(relay)    40    34    4100.17    3    3971.44    125    2
(relay)    32    32    4106.97    4    4106.37    127    3
(advertise)    39    4115.37    14    3
(advertise)    39    4136.58    34    3
(relay)    38    16    4138.19    3    3898.44    123    2
(advertise)    39    4157.99    32    4
(relay)    40    48    4164.81    4    4121.52    125    2
(advertise)    39    4180.01    16    3
(relay)    32    10    4186.82    3    3979.49    123    2
(advertise)    39    4201.02    48    4
(relay)    38    21    4204.83    3    3841.4    122    2
(relay)    32    25    4209.63    4    4105.57    126    3
(advertise)    39    4224.03    10    3
(relay)    40    27    4230.65    4    4132.55    124    3
(advertise)    39    4246.45    21    3
(advertise)    39    4268.86    25    4
(relay)    46    1    4274.47    3    3941.46    116    2
(advertise)    39    4289.87    27    4
(relay)    38    38    4307.68    4    4306.66    127    2
(advertise)    39    4313.28    1    3
(relay)    40    47    4316.7    4    4282.66    126    2
(advertise)    39    4336.3    38    4
(relay)    32    17    4341.91    4    4126.38    124    2
(advertise)    39    4358.71    47    4
(advertise)    39    4379.72    17    4
(relay)    32    4    4385.54    4    4036.52    121    1
(advertise)    39    4401.14    4    4
(relay)    40    12    4403.35    4    4160.59    121    1
(advertise)    39    4422.35    12    4
(relay)    40    19    4446.56    4    4268.65    122    1
(advertise)    39    4447.36    19    4
(relay)    38    36    4448.58    4    4345.7    125    1
(advertise)    39    4468.38    36    4
(relay)    32    29    4473.59    4    4358.71    124    1
(advertise)    39    4490.79    29    4
(relay)    32    23    4496.0    4    4367.71    124    1
(advertise)    39    4512.6    23    4
(relay)    32    11    4517.21    4    4344.91    124    1
(advertise)    39    4535.41    11    4
(heartbeat)    24    1    4430.2    39    4536.63    127    0
(relay)    46    20    4543.23    4    4385.68    121    2
(advertise)    39    4557.63    24    1
(relay)    32    8    4564.64    4    4216.62    121    2
(advertise)    39    4578.84    20    4
(relay)    40    9    4581.05    4    4258.63    120    2
(advertise)    39    4600.85    8    4
(relay)    32    15    4612.27    4    4294.86    122    2
(advertise)    39    4622.47    9    4
(advertise)    39    4643.48    15    4
(relay)    40    41    4652.49    4    4642.49    6    1
(advertise)    39    4664.89    41    4
(relay)    38    45    4670.11    4    4656.89    6    1
(advertise)    39    4686.51    45    4
(relay)    38    43    4690.32    4    4541.61    124    1
(relay)    32    3    4699.52    4    4445.58    122    2
(advertise)    39    4708.12    43    4
(advertise)    39    4729.53    3    4
(relay)    38    31    4733.54    4    4687.69    2    1
(relay)    40    6    4740.94    4    4464.68    119    2
(advertise)    39    4750.74    31    4
(relay)    38    0    4756.76    4    4364.7    119    2
(advertise)    39    4773.56    6    4
(advertise)    39    4796.57    0    4
(relay)    38    44    4801.38    4    4725.72    6    1
(advertise)    39    4819.38    44    4
(relay)    40    13    4833.6    4    4429.71    120    1
(advertise)    39    4842.4    13    4
(relay)    38    30    4846.61    4    4735.94    2    1
(relay)    40    2    4856.01    4    4452.78    117    2
(advertise)    39    4865.81    30    4
(relay)    38    35    4868.62    4    4660.65    124    2
(relay)    40    40    4869.62    4    4868.62    6    3
(advertise)    39    4887.42    2    4
(relay)    40    42    4901.44    4    4748.64    4    3
(advertise)    39    4908.64    35    4
(relay)    32    33    4923.05    4    4841.6    4    3
(relay)    40    5    4925.25    4    4703.71    120    4
(advertise)    39    4930.85    40    4
(relay)    46    46    4948.66    4    4947.67    6    4
(advertise)    39    4952.06    42    4
(relay)    38    37    4956.27    4    4917.64    4    4
(advertise)    39    4975.07    33    4
(relay)    40    34    4993.09    4    4971.64    4    4
(advertise)    39    4997.89    5    4
(generate)    39    4999.5    [24]    4
(advertise)    39    5020.91    46    4
(relay)    32    18    5033.73    4    4898.84    2    3
(advertise)    39    5042.73    37    4
(relay)    32    26    5055.94    4    4919.64    2    3
(advertise)    39    5065.34    34    4
(advertise)    39    5086.75    18    4
(relay)    32    32    5107.17    5    5106.57    4    2
(advertise)    39    5109.97    26    4
(relay)    46    48    5124.18    5    5121.66    6    2
(advertise)    39    5132.18    32    5
(advertise)    39    5153.59    48    5
(relay)    32    28    5167.2    4    4838.58    2    1
(advertise)    39    5174.8    28    4
(relay)    32    25    5188.62    5    5105.77    2    1
(advertise)    39    5196.02    25    5
(relay)    40    27    5204.83    5    5132.73    2    1
(advertise)    39    5218.43    27    5
(relay)    32    4    5233.04    5    5036.64    2    1
(advertise)    39    5240.44    4    5
(relay)    46    47    5283.66    5    5282.77    6    1
(advertise)    39    5283.86    47    5
(relay)    40    19    5306.07    5    5268.82    2    1
(advertise)    39    5306.27    19    5
(relay)    46    38    5309.88    5    5306.78    2    1
(advertise)    39    5327.48    38    5
(relay)    40    20    5389.7    5    5385.74    2    1
(advertise)    39    5389.9    20    5
(relay)    32    11    5411.91    5    5345.08    2    1
(advertise)    39    5413.31    11    5
(relay)    40    13    5432.52    5    5429.77    2    1
(advertise)    39    5436.32    13    5
(relay)    32    6    5489.13    5    5464.87    2    1
(advertise)    39    5489.33    6    5
(relay)    32    29    5510.95    5    5358.72    2    1
(advertise)    39    5511.35    29    5
(relay)    46    43    5543.16    5    5541.63    6    1
(advertise)    39    5543.36    43    5
(relay)    40    41    5643.97    5    5642.67    6    1
(advertise)    39    5644.17    41    5
(relay)    38    45    5666.99    5    5657.08    6    1
(advertise)    39    5667.39    45    5
(relay)    32    31    5689.8    5    5687.89    2    1
(advertise)    39    5690.4    31    5
(relay)    46    35    5692.81    5    5660.66    2    1
(relay)    40    5    5707.21    5    5703.9    2    2
(advertise)    39    5712.61    35    5
(advertise)    39    5733.63    5    5
(relay)    38    44    5735.64    5    5725.83    6    1
(advertise)    39    5757.44    44    5
(relay)    46    42    5760.05    5    5748.7    6    1
(relay)    32    30    5779.85    5    5736.03    2    2
(advertise)    39    5780.25    42    5
(advertise)    39    5801.86    30    5
(relay)    32    33    5843.48    5    5841.69    4    1
(advertise)    39    5843.68    33    5
(relay)    38    28    5867.09    5    5838.68    2    1
(advertise)    39    5868.09    28    5
(relay)    32    40    5870.3    5    5868.73    4    1
(advertise)    39    5889.9    40    5
(relay)    32    18    5900.52    5    5899.01    2    1
(advertise)    39    5912.92    18    5
(relay)    46    37    5919.33    5    5917.74    2    1
(relay)    40    26    5921.93    5    5919.73    2    2
(advertise)    39    5935.93    37    5
(relay)    46    46    5948.74    5    5947.72    6    2
(advertise)    39    5957.94    26    5
(advertise)    39    5979.96    46    5
(relay)    40    34    5989.37    5    5971.72    4    1
(generate)    39    5999.57    [24]    5
(advertise)    39    6001.58    34    5
(relay)    32    10    6038.59    5    5979.68    2    1
(advertise)    39    6038.79    10    5
(relay)    32    25    6107.61    6    6105.91    2    1
(advertise)    39    6107.81    25    6
(relay)    40    32    6110.82    6    6107.81    2    1
(advertise)    39    6129.02    32    6
(relay)    46    48    6134.23    6    6121.67    6    1
(advertise)    39    6151.83    48    6
(relay)    32    27    6156.45    6    6132.9    2    1
(advertise)    39    6173.25    27    6
(relay)    32    19    6271.46    6    6268.82    2    1
(advertise)    39    6271.66    19    6
(relay)    46    47    6284.07    6    6282.89    6    1
(advertise)    39    6293.67    47    6
(relay)    38    38    6307.89    6    6306.83    4    1
(advertise)    39    6314.89    38    6
(relay)    46    36    6347.5    6    6345.84    2    1
(advertise)    39    6347.7    36    6
(relay)    32    11    6368.71    6    6345.09    2    1
(advertise)    39    6370.51    11    6
(relay)    40    20    6390.72    6    6385.79    2    1
(advertise)    39    6391.52    20    6
(relay)    32    29    6415.34    6    6358.79    2    1
(advertise)    39    6415.54    29    6
(relay)    40    13    6431.55    6    6429.89    2    1
(advertise)    39    6436.75    13    6
(relay)    32    6    6484.16    6    6465.06    2    1
(advertise)    39    6484.36    6    6
(relay)    46    43    6543.18    6    6541.72    6    1
(advertise)    39    6543.38    43    6
(relay)    40    41    6643.99    6    6642.74    6    1
(advertise)    39    6644.19    41    6
(relay)    46    45    6668.0    6    6657.14    6    1
(advertise)    39    6668.2    45    6
(relay)    38    31    6688.82    6    6687.98    2    1
(advertise)    39    6691.42    31    6
(relay)    40    5    6706.43    6    6703.98    2    1
(advertise)    39    6712.83    5    6
(relay)    46    44    6727.04    6    6725.84    6    1
(advertise)    39    6737.44    44    6
(relay)    32    30    6752.65    6    6736.22    2    1
(relay)    46    42    6753.85    6    6748.87    6    2
(advertise)    39    6760.45    30    6
(advertise)    39    6784.27    42    6
(relay)    32    33    6843.68    6    6841.87    4    1
(advertise)    39    6843.88    33    6
(relay)    40    40    6868.89    6    6868.78    6    1
(advertise)    39    6869.09    40    6
(relay)    32    18    6902.31    6    6899.2    2    1
(advertise)    39    6902.51    18    6
(relay)    38    37    6919.52    6    6917.76    4    1
(advertise)    39    6925.92    37    6
(relay)    46    46    6947.93    6    6947.9    6    1
(advertise)    39    6949.13    46    6
(relay)    32    28    6970.15    6    6838.7    2    1
(advertise)    39    6972.15    28    6
(generate)    39    6999.76    [24]    6
(relay)    40    34    7022.97    6    6971.79    4    1
(advertise)    39    7023.17    34    6
(relay)    32    25    7107.78    7    7105.98    2    1
(advertise)    39    7107.98    25    7
(relay)    40    48    7124.8    7    7121.86    6    1
(advertise)    39    7129.6    48    7
(relay)    40    27    7148.21    7    7133.04    2    1
(relay)    38    32    7152.01    7    7107.95    2    2
(advertise)    39    7152.61    27    7
(advertise)    39    7174.02    32    7
(relay)    32    19    7271.24    7    7268.86    2    1
(advertise)    39    7271.44    19    7
(relay)    46    47    7284.85    7    7282.96    6    1
(advertise)    39    7293.85    47    7
(relay)    38    38    7306.86    7    7306.86    4    1
(advertise)    39    7315.26    38    7
(relay)    46    36    7355.48    7    7345.89    2    1
(advertise)    39    7355.68    36    7
(relay)    32    11    7374.89    7    7345.14    2    1
(advertise)    39    7376.89    11    7
(relay)    38    29    7378.5    7    7358.82    2    1
(relay)    40    20    7390.7    7    7385.82    2    2
(advertise)    39    7401.1    29    7
(advertise)    39    7423.51    20    7
(relay)    40    13    7432.13    7    7430.0    2    1
(advertise)    39    7446.53    13    7
(relay)    32    3    7458.74    7    7445.82    2    1
(advertise)    39    7470.14    3    7
(relay)    40    6    7485.35    7    7465.06    2    1
(advertise)    39    7491.75    6    7
(relay)    46    43    7543.37    7    7541.8    6    1
(advertise)    39    7543.57    43    7
(relay)    40    41    7644.58    7    7642.8    6    1
(advertise)    39    7644.78    41    7
(relay)    40    45    7669.39    7    7657.19    4    1
(advertise)    39    7669.59    45    7
(relay)    38    31    7690.21    7    7688.16    2    1
(advertise)    39    7690.81    31    7
(relay)    46    35    7692.22    7    7660.83    2    1
(relay)    40    5    7706.82    7    7704.08    2    2
(advertise)    39    7713.62    35    7
(advertise)    39    7734.83    5    7
(relay)    32    30    7744.04    7    7736.23    2    1
(relay)    46    44    7745.84    7    7725.85    6    2
(advertise)    39    7758.04    30    7
(advertise)    39    7780.66    44    7
(relay)    46    42    7789.07    7    7749.06    6    1
(advertise)    39    7802.47    42    7
(relay)    32    33    7843.88    7    7842.04    4    1
(advertise)    39    7844.08    33    7
(relay)    40    40    7868.9    7    7868.83    6    1
(advertise)    39    7869.1    40    7
(relay)    32    18    7900.91    7    7899.37    2    1
(advertise)    39    7901.11    18    7
(relay)    38    37    7920.12    7    7917.81    4    1
(advertise)    39    7922.72    37    7
(relay)    32    26    7924.74    7    7919.93    2    1
(advertise)    39    7945.74    26    7
(relay)    46    46    7947.95    7    7947.91    6    1
(advertise)    39    7967.95    46    7
(generate)    39    7999.76    [24]    7
(relay)    38    34    8024.77    7    7971.85    2    1
(advertise)    39    8024.97    34    7
(relay)    32    4    8099.39    8    8036.67    2    1
(advertise)    39    8099.59    4    8
(relay)    32    32    8109.2    8    8108.11    4    1
(relay)    32    25    8119.6    8    8106.07    2    2
(advertise)    39    8121.2    32    8
(advertise)    39    8143.41    25    8
(relay)    46    48    8148.43    8    8121.89    4    1
(advertise)    39    8165.23    48    8
(relay)    32    27    8175.84    8    8133.58    2    1
(advertise)    39    8188.84    27    8
(relay)    40    19    8272.05    8    8268.9    2    1
(advertise)    39    8272.25    19    8
(relay)    46    47    8284.87    8    8283.02    6    1
(advertise)    39    8294.07    47    8
(relay)    38    38    8307.08    8    8306.91    4    1
(advertise)    39    8316.48    38    8
(relay)    46    36    8357.09    8    8345.97    2    1
(advertise)    39    8357.29    36    8
(relay)    32    11    8373.1    8    8345.16    2    1
(advertise)    39    8379.3    11    8
(relay)    38    29    8380.52    8    8358.85    2    1
(relay)    40    20    8390.92    8    8385.85    2    2
(advertise)    39    8401.92    29    8
(advertise)    39    8425.33    20    8
(relay)    40    13    8433.54    8    8430.06    2    1
(advertise)    39    8446.74    13    8
(heartbeat)    24    2    8430.21    39    8457.96    3    3
(advertise)    39    8467.76    24    2
(relay)    40    6    8484.97    8    8465.25    2    1
(advertise)    39    8490.37    6    8
(relay)    32    3    8528.98    8    8445.9    2    1
(advertise)    39    8529.18    3    8
(relay)    46    43    8544.2    8    8541.91    6    1
(advertise)    39    8552.4    43    8
(relay)    40    41    8645.01    8    8642.88    6    1
(advertise)    39    8645.21    41    8
(relay)    46    45    8667.42    8    8657.28    6    1
(advertise)    39    8669.42    45    8
(relay)    38    31    8691.43    8    8688.25    2    1
(advertise)    39    8692.63    31    8
(relay)    32    5    8706.45    8    8704.15    4    1
(advertise)    39    8713.85    5    8
(relay)    32    35    8730.06    8    8660.91    2    1
(advertise)    39    8735.86    35    8
(relay)    46    44    8737.87    8    8725.87    6    1
(relay)    32    30    8752.47    8    8737.62    2    2
(advertise)    39    8757.47    44    8
(relay)    46    42    8759.89    8    8749.25    6    2
(advertise)    39    8778.69    30    8
(advertise)    39    8800.5    42    8
(relay)    40    33    8843.51    8    8842.06    4    1
(advertise)    39    8843.71    33    8
(relay)    40    40    8868.93    8    8868.89    6    1
(advertise)    39    8869.33    40    8
(relay)    32    28    8896.34    8    8838.93    2    1
(advertise)    39    8896.74    28    8
(relay)    38    37    8920.15    8    8917.82    4    1
(advertise)    39    8920.55    37    8
(relay)    32    26    8943.36    8    8920.01    2    1
(advertise)    39    8943.56    26    8
(relay)    46    46    8947.98    8    8947.93    6    1
(advertise)    39    8965.58    46    8
(relay)    40    34    8975.39    8    8971.93    4    1
(advertise)    39    8987.59    34    8
(generate)    39    8999.8    [24]    8
(relay)    32    25    9107.82    9    9106.21    2    1
(advertise)    39    9108.02    25    9
(relay)    32    32    9109.23    9    9108.29    4    1
(relay)    40    48    9123.63    9    9121.91    6    2
(advertise)    39    9133.03    32    9
(advertise)    39    9155.24    48    9
(relay)    40    27    9169.66    9    9133.73    2    1
(advertise)    39    9179.86    27    9
(relay)    32    19    9272.87    9    9268.92    2    1
(advertise)    39    9273.07    19    9
(relay)    46    47    9284.88    9    9283.08    6    1
(advertise)    39    9294.08    47    9
(relay)    38    38    9307.09    9    9306.98    4    1
(advertise)    39    9316.69    38    9
(relay)    38    36    9355.91    9    9346.1    4    1
(advertise)    39    9356.11    36    9
(relay)    38    29    9378.72    9    9358.85    2    1
(advertise)    39    9378.92    29    9
(relay)    40    20    9388.93    9    9385.89    2    1
(advertise)    39    9400.93    20    9
(relay)    32    13    9433.15    9    9430.17    2    1
(advertise)    39    9433.35    13    9
(relay)    40    6    9482.16    9    9465.25    2    1
(advertise)    39    9482.36    6    9
(relay)    46    43    9545.17    9    9542.03    6    1
(advertise)    39    9545.37    43    9
(relay)    40    41    9644.99    9    9642.95    6    1
(advertise)    39    9645.19    41    9
(relay)    38    45    9667.6    9    9657.34    6    1
(advertise)    39    9668.6    45    9
(relay)    38    31    9691.01    9    9688.37    2    1
(advertise)    39    9692.21    31    9
(relay)    46    35    9714.23    9    9661.01    2    1
(advertise)    39    9714.83    35    9
(relay)    38    5    9719.04    9    9704.28    2    1
(advertise)    39    9737.04    5    9
(relay)    38    30    9741.25    9    9737.63    2    1
(advertise)    39    9758.25    30    9
(relay)    40    44    9761.06    9    9725.89    4    1
(advertise)    39    9780.46    44    9
(relay)    46    42    9802.08    9    9749.43    6    1
(advertise)    39    9802.48    42    9
(relay)    40    33    9842.69    9    9842.24    4    1
(advertise)    39    9842.89    33    9
(relay)    40    40    9869.5    9    9868.94    6    1
(advertise)    39    9869.7    40    9
(relay)    38    28    9893.12    9    9839.32    2    1
(advertise)    39    9893.32    28    9
(relay)    32    18    9902.13    9    9899.6    2    1
(advertise)    39    9914.53    18    9
(relay)    38    37    9919.94    9    9917.83    4    1
(relay)    32    26    9923.34    9    9920.08    2    2
(advertise)    39    9935.54    37    9
(relay)    46    46    9948.16    9    9947.97    6    2
(advertise)    39    9957.56    26    9
(advertise)    39    9978.97    46    9
(relay)    40    34    9988.58    9    9971.98    4    1
(generate)    39    9999.98    [24]    9
(advertise)    39    10001.19    34    9
(relay)    32    25    10107.61    10    10106.29    2    1
(advertise)    39    10107.81    25    10
(relay)    40    48    10123.62    10    10121.92    6    1
(advertise)    39    10130.62    48    10
(relay)    40    32    10147.83    10    10108.63    2    1
(advertise)    39    10152.03    32    10
(relay)    40    27    10169.45    10    10133.86    2    1
(advertise)    39    10173.85    27    10
(relay)    32    19    10273.06    10    10268.95    2    1
(advertise)    39    10273.26    19    10
(relay)    46    47    10284.07    10    10283.2    6    1
(advertise)    39    10295.47    47    10
(relay)    38    38    10307.09    10    10307.01    4    1
(advertise)    39    10318.49    38    10
(relay)    38    36    10349.7    10    10346.14    4    1
(advertise)    39    10349.9    36    10
(relay)    38    29    10371.91    10    10358.87    2    1
(advertise)    39    10372.31    29    10
(relay)    40    20    10388.92    10    10385.9    2    1
(advertise)    39    10394.52    20    10
(relay)    32    13    10434.94    10    10430.24    2    1
(advertise)    39    10435.14    13    10
(relay)    40    6    10479.55    10    10465.45    2    1
(advertise)    39    10479.75    6    10
(relay)    46    43    10545.36    10    10542.06    6    1
(advertise)    39    10545.56    43    10
(relay)    40    41    10644.18    10    10643.02    6    1
(advertise)    39    10644.38    41    10
(relay)    46    45    10666.19    10    10657.41    6    1
(advertise)    39    10666.59    45    10
(relay)    32    31    10690.0    10    10688.48    2    1
(advertise)    39    10690.2    31    10
(relay)    46    35    10693.82    10    10661.05    2    1
(relay)    40    5    10710.62    10    10704.38    2    2
(advertise)    39    10714.62    35    10
(advertise)    39    10736.23    5    10
(relay)    32    30    10740.04    10    10737.78    2    1
(relay)    46    44    10742.24    10    10726.08    6    2
(advertise)    39    10758.44    30    10
(relay)    46    42    10765.65    10    10749.61    6    2
(advertise)    39    10782.45    44    10
(advertise)    39    10804.67    42    10
(relay)    40    33    10842.88    10    10842.42    4    1
(advertise)    39    10843.08    33    10
(relay)    40    40    10869.49    10    10869.01    6    1
(advertise)    39    10869.69    40    10
(relay)    32    18    10902.91    10    10899.79    2    1
(advertise)    39    10903.11    18    10
(relay)    38    37    10918.52    10    10918.02    4    1
(advertise)    39    10925.72    37    10
(relay)    46    46    10948.53    10    10947.98    6    1
(advertise)    39    10949.13    46    10
(relay)    40    34    10975.75    10    10972.04    4    1
(advertise)    39    10975.95    34    10
(generate)    39    11000.16    [24]    10
(relay)    32    25    11107.77    11    11106.61    2    1
(advertise)    39    11107.97    25    11
(relay)    32    32    11109.18    11    11108.98    4    1
(relay)    40    48    11123.18    11    11121.92    6    2
(advertise)    39    11129.78    32    11
(advertise)    39    11151.4    48    11
(relay)    40    27    11170.01    11    11133.98    2    1
(advertise)    39    11173.81    27    11
(relay)    32    19    11272.82    11    11268.99    2    1
(advertise)    39    11273.02    19    11
(relay)    46    47    11284.44    11    11283.31    6    1
(advertise)    39    11294.04    47    11
(relay)    38    38    11307.65    11    11307.07    4    1
(advertise)    39    11315.25    38    11
(relay)    38    36    11355.66    11    11346.19    4    1
(advertise)    39    11355.86    36    11
(relay)    38    29    11377.88    11    11358.87    2    1
(advertise)    39    11378.28    29    11
(relay)    32    11    11379.49    11    11345.18    2    1
(relay)    40    20    11389.29    11    11385.92    2    2
(advertise)    39    11401.89    11    11
(advertise)    39    11423.9    20    11
(relay)    40    13    11436.11    11    11430.35    2    1
(advertise)    39    11445.11    13    11
(relay)    40    6    11481.33    11    11465.65    2    1
(advertise)    39    11481.53    6    11
(relay)    46    43    11544.54    11    11542.12    6    1
(advertise)    39    11544.74    43    11
(relay)    40    41    11643.55    11    11643.08    6    1
(advertise)    39    11643.75    41    11
(relay)    46    45    11666.77    11    11657.47    6    1
(advertise)    39    11667.37    45    11
(relay)    38    31    11690.58    11    11688.52    2    1
(advertise)    39    11690.78    31    11
(relay)    38    35    11711.99    11    11661.1    2    1
(advertise)    39    11712.39    35    11
(relay)    40    5    11715.41    11    11704.45    4    1
(advertise)    39    11733.41    5    11
(relay)    38    44    11756.82    11    11726.28    6    1
(advertise)    39    11757.22    44    11
(relay)    46    42    11779.63    11    11749.81    6    1
(advertise)    39    11780.43    42    11
(relay)    38    30    11803.44    11    11738.54    2    1
(advertise)    39    11803.64    30    11
(relay)    32    33    11842.66    11    11842.42    4    1
(advertise)    39    11842.86    33    11
(relay)    40    40    11869.67    11    11869.08    6    1
(advertise)    39    11869.87    40    11
(relay)    32    28    11892.68    11    11839.36    2    1
(advertise)    39    11894.08    28    11
(relay)    38    37    11918.3    11    11918.04    4    1
(advertise)    39    11918.5    37    11
(relay)    46    46    11948.51    11    11947.98    6    1
(advertise)    39    11948.71    46    11
(relay)    32    26    11971.32    11    11920.21    2    1
(advertise)    39    11972.32    26    11
(relay)    40    34    11975.14    11    11972.08    4    1
(advertise)    39    11994.74    34    11
(generate)    39    12000.35    [24]    11
(relay)    32    25    12107.96    12    12106.74    2    1
(advertise)    39    12108.16    25    12
(relay)    32    32    12109.37    12    12109.15    4    1
(relay)    46    48    12123.17    12    12121.94    6    2
(advertise)    39    12130.57    32    12
(advertise)    39    12153.79    48    12
(relay)    40    27    12172.4    12    12134.08    2    1
(advertise)    39    12175.6    27    12
(relay)    46    47    12284.81    12    12283.34    6    1
(advertise)    39    12285.01    47    12
(relay)    38    38    12307.63    12    12307.13    4    1
(advertise)    39    12307.83    38    12
(relay)    46    36    12350.64    12    12346.25    2    1
(advertise)    39    12350.84    36    12
(relay)    32    20    12387.45    12    12385.94    2    1
(advertise)    39    12387.65    20    12
(relay)    32    29    12408.67    12    12358.89    2    1
(advertise)    39    12411.07    29    12
(relay)    32    13    12436.48    12    12430.45    2    1
(advertise)    39    12436.68    13    12
(heartbeat)    24    3    12430.23    39    12450.49    3    9
(advertise)    39    12457.69    24    3
(relay)    32    6    12487.9    12    12465.83    2    1
(advertise)    39    12488.1    6    12
(relay)    38    43    12544.12    12    12542.22    4    1
(advertise)    39    12544.32    43    12
(relay)    40    41    12643.53    12    12643.17    6    1
(advertise)    39    12643.73    41    12
(relay)    38    45    12666.94    12    12657.77    6    1
(advertise)    39    12667.74    45    12
(relay)    38    31    12690.96    12    12688.63    2    1
(advertise)    39    12691.16    31    12
(relay)    38    35    12713.57    12    12661.19    2    1
(advertise)    39    12714.77    35    12
(relay)    40    5    12716.98    12    12704.55    2    1
(relay)    46    44    12728.78    12    12726.3    6    2
(advertise)    39    12737.38    5    12
(relay)    46    42    12752.8    12    12749.99    4    2
(relay)    32    30    12759.2    12    12738.72    2    3
(advertise)    39    12759.6    44    12
(advertise)    39    12781.01    42    12
(advertise)    39    12802.42    30    12
(relay)    32    33    12843.43    12    12842.6    4    1
(advertise)    39    12843.63    33    12
(relay)    32    28    12868.85    12    12839.4    2    1
(advertise)    39    12869.05    28    12
(relay)    40    40    12870.26    12    12869.16    6    1
(advertise)    39    12892.66    40    12
(relay)    32    18    12912.47    12    12899.98    2    1
(advertise)    39    12915.87    18    12
(relay)    38    37    12918.49    12    12918.08    4    1
(relay)    32    26    12936.89    12    12920.29    2    2
(advertise)    39    12938.29    37    12
(relay)    46    46    12948.5    12    12948.0    6    2
(advertise)    39    12960.9    26    12
(relay)    40    34    12975.51    12    12972.13    4    2
(advertise)    39    12982.71    46    12
(generate)    39    13000.53    [24]    12
(advertise)    39    13004.74    34    12
(relay)    32    4    13091.55    13    13036.79    2    1
(advertise)    39    13091.75    4    13
(relay)    32    32    13109.96    13    13109.32    4    1
(advertise)    39    13117.56    32    13
(relay)    46    48    13142.78    13    13121.95    6    1
(advertise)    39    13142.98    48    13
(relay)    40    27    13164.79    13    13134.18    2    1
(advertise)    39    13165.79    27    13
(relay)    40    19    13270.4    13    13269.22    2    1
(advertise)    39    13270.6    19    13
(relay)    46    47    13285.22    13    13283.44    6    1
(advertise)    39    13293.82    47    13
(relay)    38    38    13307.83    13    13307.19    4    1
(advertise)    39    13315.43    38    13
(relay)    38    36    13350.04    13    13346.35    2    1
(advertise)    39    13350.24    36    13
(relay)    32    11    13379.46    13    13345.37    2    1
(advertise)    39    13379.66    11    13
(relay)    40    20    13388.67    13    13385.97    2    1
(advertise)    39    13401.27    20    13
(relay)    32    29    13403.08    13    13359.04    2    1
(advertise)    39    13422.28    29    13
(relay)    40    13    13436.69    13    13430.56    2    1
(advertise)    39    13444.29    13    13
(relay)    32    6    13485.51    13    13465.98    2    1
(advertise)    39    13485.71    6    13
(relay)    38    43    13543.32    13    13542.31    4    1
(advertise)    39    13543.52    43    13
(relay)    40    41    13643.53    13    13643.24    6    1
(advertise)    39    13643.73    41    13
(relay)    38    45    13666.55    13    13657.8    6    1
(advertise)    39    13667.55    45    13
(relay)    38    31    13691.36    13    13688.67    2    1
(advertise)    39    13691.76    31    13
(relay)    32    5    13715.57    13    13704.6    2    1
(advertise)    39    13716.57    5    13
(relay)    38    44    13733.79    13    13726.5    6    1
(advertise)    39    13739.99    44    13
(relay)    38    30    13757.0    13    13738.84    2    1
(relay)    46    42    13759.8    13    13750.17    4    2
(advertise)    39    13762.2    30    13
(advertise)    39    13784.81    42    13
(relay)    32    33    13843.62    13    13842.77    4    1
(advertise)    39    13843.82    33    13
(relay)    32    28    13869.44    13    13839.43    2    1
(advertise)    39    13869.64    28    13
(relay)    46    40    13872.25    13    13869.19    4    1
(advertise)    39    13892.45    40    13
(relay)    38    37    13919.06    13    13918.25    4    1
(advertise)    39    13919.46    37    13
(relay)    46    46    13949.28    13    13948.2    6    1
(advertise)    39    13949.48    46    13
(relay)    32    26    13974.69    13    13920.33    2    1
(advertise)    39    13975.09    26    13
(relay)    46    34    13977.5    13    13972.15    2    1
(advertise)    39    13998.3    34    13
(generate)    39    14000.72    [24]    13
(relay)    32    25    14107.73    14    14106.94    2    1
(advertise)    39    14107.93    25    14
(relay)    32    32    14109.94    14    14109.46    4    1
(relay)    40    48    14123.54    14    14122.13    6    2
(advertise)    39    14129.54    32    14
(advertise)    39    14153.75    48    14
(relay)    40    27    14172.57    14    14134.25    2    1
(advertise)    39    14174.77    27    14
(relay)    40    19    14270.38    14    14269.24    2    1
(advertise)    39    14270.58    19    14
(relay)    46    47    14284.39    14    14283.53    6    1
(advertise)    39    14291.99    47    14
(relay)    38    38    14308.21    14    14307.22    4    1
(advertise)    39    14313.41    38    14
(relay)    46    36    14350.62    14    14346.41    2    1
(advertise)    39    14350.82    36    14
(relay)    40    20    14388.43    14    14385.98    2    1
(advertise)    39    14388.63    20    14
(relay)    32    29    14411.85    14    14359.04    2    1
(advertise)    39    14412.05    29    14
(relay)    40    13    14436.46    14    14430.66    2    1
(advertise)    39    14437.06    13    14
(relay)    40    6    14481.47    14    14466.17    2    1
(advertise)    39    14481.67    6    14
(relay)    38    43    14543.48    14    14542.41    4    1
(advertise)    39    14543.68    43    14
(relay)    40    41    14644.5    14    14643.3    6    1
(advertise)    39    14644.7    41    14
(relay)    38    45    14667.51    14    14657.88    6    1
(advertise)    39    14667.71    45    14
(relay)    38    35    14688.92    14    14661.37    4    1
(advertise)    39    14689.72    35    14
(relay)    32    31    14692.34    14    14688.7    2    1
(advertise)    39    14711.34    31    14
(relay)    38    44    14728.55    14    14726.52    6    1
(advertise)    39    14732.55    44    14
(relay)    32    5    14737.16    14    14704.68    2    1
(relay)    46    42    14753.16    14    14750.37    4    2
(advertise)    39    14754.16    5    14
(relay)    38    30    14775.78    14    14738.95    2    2
(advertise)    39    14776.58    42    14
(advertise)    39    14798.39    30    14
(relay)    32    33    14843.6    14    14842.78    4    1
(advertise)    39    14843.8    33    14
(relay)    40    40    14870.21    14    14869.24    6    1
(advertise)    39    14870.41    40    14
(relay)    32    28    14896.83    14    14839.43    2    1
(advertise)    39    14897.03    28    14
(relay)    38    37    14919.64    14    14918.44    4    1
(advertise)    39    14920.64    37    14
(relay)    32    26    14944.25    14    14920.38    2    1
(advertise)    39    14944.85    26    14
(relay)    46    46    14949.27    14    14948.22    6    1
(advertise)    39    14966.07    46    14
(relay)    40    34    14975.88    14    14972.18    4    1
(advertise)    39    14989.48    34    14
(generate)    39    15000.89    [24]    14
(relay)    32    4    15100.31    15    15036.81    2    1
(advertise)    39    15100.51    4    15
(relay)    32    32    15110.12    15    15109.62    4    1
(advertise)    39    15122.12    32    15
(relay)    32    25    15123.53    15    15107.05    2    1
(relay)    40    48    15125.53    15    15122.32    6    2
(advertise)    39    15143.33    25    15
(advertise)    39    15165.54    48    15
(relay)    32    27    15187.36    15    15134.35    2    1
(advertise)    39    15189.96    27    15
(relay)    46    47    15284.37    15    15283.61    6    1
(advertise)    39    15284.57    47    15
(relay)    38    38    15308.18    15    15307.22    4    1
(advertise)    39    15308.78    38    15
(relay)    38    36    15349.8    15    15346.47    2    1
(advertise)    39    15350.0    36    15
(relay)    32    11    15373.41    15    15345.55    2    1
(advertise)    39    15373.81    11    15
(relay)    40    20    15390.02    15    15385.99    2    1
(advertise)    39    15396.02    20    15
(relay)    32    29    15422.84    15    15359.22    2    1
(advertise)    39    15423.04    29    15
(relay)    40    13    15434.05    15    15430.74    2    1
(advertise)    39    15447.05    13    15
(relay)    32    6    15481.26    15    15466.36    2    1
(advertise)    39    15481.46    6    15
(relay)    46    43    15543.87    15    15542.5    4    1
(advertise)    39    15544.07    43    15
(relay)    40    41    15644.69    15    15643.39    6    1
(advertise)    39    15644.89    41    15
(relay)    46    45    15668.9    15    15657.94    6    1
(advertise)    39    15669.1    45    15
(relay)    38    31    15690.11    15    15688.79    2    1
(advertise)    39    15691.91    31    15
(relay)    38    35    15711.33    15    15661.44    4    1
(advertise)    39    15714.53    35    15
(relay)    38    44    15735.34    15    15726.54    6    1
(advertise)    39    15736.94    44    15
(relay)    38    42    15758.95    15    15750.53    4    1
(advertise)    39    15759.95    42    15
(relay)    32    30    15761.17    15    15739.69    2    1
(advertise)    39    15781.17    30    15
(relay)    46    33    15845.78    15    15842.78    2    1
(advertise)    39    15845.98    33    15
(relay)    38    28    15856.39    15    15839.44    2    1
(advertise)    39    15868.79    28    15
(relay)    38    40    15891.0    15    15869.27    2    1
(advertise)    39    15891.8    40    15
(relay)    32    18    15901.62    15    15900.46    2    1
(advertise)    39    15913.42    18    15
(relay)    38    37    15920.03    15    15918.61    4    1
(relay)    40    26    15923.83    15    15920.41    2    2
(advertise)    39    15935.63    37    15
(relay)    46    46    15949.24    15    15948.24    6    2
(advertise)    39    15957.04    26    15
(advertise)    39    15981.66    46    15
(relay)    32    34    15991.87    15    15972.22    4    1
(generate)    39    16001.07    [24]    15
(advertise)    39    16004.28    34    15
(relay)    32    4    16042.7    16    16037.02    2    1
(advertise)    39    16042.9    4    16
(relay)    32    25    16107.91    16    16107.14    2    1
(advertise)    39    16108.11    25    16
(relay)    32    32    16110.72    16    16109.8    4    1
(relay)    46    48    16124.92    16    16122.32    6    2
(advertise)    39    16129.52    32    16
(advertise)    39    16151.53    48    16
(relay)    32    27    16174.75    16    16134.41    2    1
(advertise)    39    16175.35    27    16
(relay)    32    19    16271.76    16    16269.45    2    1
(advertise)    39    16271.96    19    16
(relay)    46    47    16284.37    16    16283.69    6    1
(advertise)    39    16293.37    47    16
(relay)    38    38    16308.19    16    16307.26    4    1
(advertise)    39    16314.59    38    16
(relay)    38    36    16350.0    16    16346.54    2    1
(advertise)    39    16350.2    36    16
(relay)    32    29    16412.61    16    16359.39    2    1
(advertise)    39    16412.81    29    16
(relay)    40    13    16432.23    16    16430.83    2    1
(advertise)    39    16435.23    13    16
(heartbeat)    24    4    16430.24    39    16445.64    3    9
(advertise)    39    16458.04    24    4
(relay)    40    6    16502.25    16    16466.54    2    1
(advertise)    39    16502.45    6    16
(relay)    46    43    16544.06    16    16542.6    4    1
(advertise)    39    16544.26    43    16
(relay)    40    41    16644.88    16    16643.46    6    1
(advertise)    39    16645.08    41    16
(relay)    46    45    16667.49    16    16658.02    6    1
(advertise)    39    16668.09    45    16
(relay)    38    35    16688.7    16    16661.53    4    1
(advertise)    39    16689.5    35    16
(relay)    32    31    16691.32    16    16688.91    2    1
(advertise)    39    16711.92    31    16
(relay)    46    44    16727.73    16    16726.56    6    1
(advertise)    39    16733.93    44    16
(relay)    38    30    16753.54    16    16739.88    2    1
(advertise)    39    16756.94    30    16
(relay)    38    42    16779.16    16    16750.73    4    1
(advertise)    39    16779.56    42    16
(relay)    32    33    16844.57    16    16842.96    4    1
(advertise)    39    16844.77    33    16
(relay)    40    40    16869.38    16    16869.34    6    1
(advertise)    39    16869.58    40    16
(relay)    38    28    16872.79    16    16839.46    2    1
(advertise)    39    16890.79    28    16
(relay)    38    37    16920.41    16    16918.62    4    1
(advertise)    39    16920.81    37    16
(relay)    40    26    16923.02    16    16920.46    2    1
(advertise)    39    16941.82    26    16
(relay)    32    18    16944.43    16    16901.85    2    1
(relay)    46    46    16949.23    16    16948.28    6    2
(advertise)    39    16963.23    18    16
(advertise)    39    16984.25    46    16
(relay)    40    34    16987.86    16    16972.27    4    1
(generate)    39    17001.26    [24]    16
(advertise)    39    17005.27    34    16
(relay)    32    4    17077.09    17    17037.02    2    1
(advertise)    39    17077.29    4    17
(relay)    32    25    17108.9    17    17107.22    2    1
(advertise)    39    17109.1    25    17
(relay)    32    32    17110.91    17    17109.96    4    1
(relay)    46    48    17125.71    17    17122.51    6    2
(advertise)    39    17130.11    32    17
(advertise)    39    17153.12    48    17
(relay)    40    27    17170.54    17    17134.72    2    1
(advertise)    39    17174.54    27    17
(relay)    32    19    17271.75    17    17269.49    2    1
(advertise)    39    17271.95    19    17
(relay)    46    47    17285.56    17    17283.8    6    1
(advertise)    39    17295.16    47    17
(relay)    38    38    17308.38    17    17307.3    4    1
(advertise)    39    17316.18    38    17
(relay)    46    36    17348.99    17    17346.63    2    1
(advertise)    39    17349.19    36    17
(relay)    32    11    17351.4    17    17345.6    2    1
(advertise)    39    17372.0    11    17
(relay)    40    20    17391.02    17    17386.22    2    1
(advertise)    39    17394.62    20    17
(relay)    32    29    17418.23    17    17360.4    2    1
(advertise)    39    17418.63    29    17
(relay)    40    13    17433.24    17    17430.94    2    1
(advertise)    39    17441.04    13    17
(relay)    40    6    17483.65    17    17466.55    2    1
(advertise)    39    17483.85    6    17
(relay)    46    43    17544.07    17    17542.7    4    1
(advertise)    39    17544.27    43    17
(relay)    40    41    17645.28    17    17643.53    6    1
(advertise)    39    17645.48    41    17
(relay)    46    45    17669.09    17    17658.08    6    1
(advertise)    39    17669.49    45    17
(relay)    38    31    17692.31    17    17688.98    2    1
(advertise)    39    17692.91    31    17
(relay)    46    35    17717.72    17    17661.62    2    1
(advertise)    39    17717.92    35    17
(relay)    38    44    17739.53    17    17726.58    6    1
(advertise)    39    17739.73    44    17
(relay)    38    30    17761.15    17    17740.05    2    1
(advertise)    39    17761.75    30    17
(relay)    46    42    17763.76    17    17750.89    4    1
(advertise)    39    17782.76    42    17
(relay)    32    33    17844.97    17    17843.12    4    1
(advertise)    39    17845.17    33    17
(relay)    40    40    17869.38    17    17869.38    6    1
(advertise)    39    17869.58    40    17
(relay)    32    18    17903.6    17    17901.99    2    1
(advertise)    39    17903.8    18    17
(relay)    38    37    17920.81    17    17918.62    4    1
(advertise)    39    17926.81    37    17
(relay)    40    26    17928.22    17    17920.52    2    1
(relay)    46    46    17948.42    17    17948.3    6    2
(advertise)    39    17948.82    26    17
(advertise)    39    17970.04    46    17
(relay)    40    34    17991.65    17    17972.3    4    1
(advertise)    39    17992.05    34    17
(generate)    39    18001.26    [24]    17
(relay)    32    4    18082.88    18    18037.03    2    1
(advertise)    39    18083.08    4    18
(relay)    32    25    18109.29    18    18107.28    2    1
(advertise)    39    18109.69    25    18
(relay)    32    32    18111.1    18    18110.07    4    1
(relay)    46    48    18125.1    18    18122.51    6    2
(advertise)    39    18132.3    32    18
(advertise)    39    18154.11    48    18
(relay)    40    27    18175.53    18    18135.01    2    1
(advertise)    39    18177.73    27    18
(relay)    40    19    18272.34    18    18269.65    2    1
(advertise)    39    18272.54    19    18
(relay)    46    47    18285.55    18    18283.9    6    1
(advertise)    39    18294.55    47    18
(relay)    38    38    18307.37    18    18307.34    4    1
(advertise)    39    18315.57    38    18
(relay)    46    36    18349.18    18    18346.69    2    1
(advertise)    39    18349.38    36    18
(relay)    40    20    18392.19    18    18386.23    2    1
(advertise)    39    18392.39    20    18
(relay)    32    29    18412.41    18    18360.57    2    1
(advertise)    39    18414.81    29    18
(relay)    40    13    18434.42    18    18430.99    2    1
(advertise)    39    18436.62    13    18
(relay)    40    6    18484.63    18    18466.72    2    1
(advertise)    39    18484.83    6    18
(relay)    46    43    18546.24    18    18542.96    4    1
(advertise)    39    18546.44    43    18
(relay)    40    41    18645.86    18    18643.59    6    1
(advertise)    39    18646.06    41    18
(relay)    38    45    18668.67    18    18658.15    6    1
(advertise)    39    18669.27    45    18
(relay)    38    31    18690.68    18    18689.06    2    1
(advertise)    39    18692.08    31    18
(relay)    32    5    18707.1    18    18704.98    2    1
(advertise)    39    18714.5    5    18
(relay)    46    44    18729.11    18    18726.6    6    1
(relay)    32    35    18731.71    18    18661.72    2    2
(advertise)    39    18737.11    44    18
(advertise)    39    18760.12    35    18
(relay)    32    30    18774.54    18    18740.21    2    1
(advertise)    39    18782.94    30    18
(relay)    38    42    18796.75    18    18750.89    4    1
(advertise)    39    18805.35    42    18
(relay)    32    33    18844.56    18    18843.31    4    1
(advertise)    39    18844.76    33    18
(relay)    40    40    18869.57    18    18869.42    6    1
(advertise)    39    18869.77    40    18
(relay)    32    18    18903.99    18    18902.14    2    1
(advertise)    39    18904.19    18    18
(relay)    38    37    18921.0    18    18918.77    4    1
(advertise)    39    18926.0    37    18
(relay)    40    26    18927.61    18    18920.58    2    1
(advertise)    39    18948.41    26    18
(relay)    38    46    18950.03    18    18948.3    4    1
(advertise)    39    18970.23    46    18
(relay)    40    34    18990.64    18    18972.32    4    1
(advertise)    39    18991.44    34    18
(generate)    39    19001.45    [24]    18
(relay)    32    25    19109.07    19    19107.33    2    1
(advertise)    39    19109.27    25    19
(relay)    32    32    19111.28    19    19110.22    4    1
(relay)    46    48    19125.28    19    19122.71    6    2
(advertise)    39    19130.88    32    19
(advertise)    39    19152.69    48    19
(relay)    40    27    19176.5    19    19135.11    2    1
(advertise)    39    19176.9    27    19
(relay)    32    19    19273.92    19    19269.67    2    1
(advertise)    39    19274.12    19    19
(relay)    46    47    19285.73    19    19284.0    6    1
(advertise)    39    19295.13    47    19
(relay)    38    38    19307.54    19    19307.39    4    1
(advertise)    39    19316.94    38    19
(relay)    46    36    19348.96    19    19346.78    2    1
(advertise)    39    19349.16    36    19
(relay)    40    20    19387.77    19    19386.42    2    1
(advertise)    39    19387.97    20    19
(relay)    32    29    19410.78    19    19360.74    2    1
(advertise)    39    19410.98    29    19
(relay)    40    13    19434.6    19    19431.05    2    1
(advertise)    39    19435.4    13    19
(relay)    40    6    19481.41    19    19466.91    2    1
(advertise)    39    19481.61    6    19
(relay)    46    43    19546.42    19    19543.05    4    1
(advertise)    39    19546.62    43    19
(relay)    40    41    19645.83    19    19643.65    6    1
(advertise)    39    19646.03    41    19
(relay)    38    45    19669.05    19    19658.21    6    1
(advertise)    39    19669.45    45    19
(relay)    32    31    19692.06    19    19689.13    2    1
(advertise)    39    19693.06    31    19
(relay)    32    5    19716.07    19    19705.02    2    1
(advertise)    39    19716.27    5    19
(relay)    46    44    19729.29    19    19726.61    6    1
(advertise)    39    19739.29    44    19
(relay)    38    42    19754.1    19    19751.08    4    1
(advertise)    39    19761.7    42    19
(relay)    38    30    19776.11    19    19740.32    2    1
(advertise)    39    19784.91    30    19
(relay)    40    33    19843.93    19    19843.49    4    1
(advertise)    39    19844.13    33    19
(relay)    40    40    19869.94    19    19869.47    6    1
(advertise)    39    19870.34    40    19
(relay)    32    18    19904.75    19    19902.25    2    1
(advertise)    39    19904.95    18    19
(relay)    38    37    19921.16    19    19918.93    4    1
(advertise)    39    19926.36    37    19
(relay)    46    46    19948.38    19    19948.31    6    1
(advertise)    39    19948.58    46    19
(relay)    40    34    19975.79    19    19972.37    4    1
(advertise)    39    19976.19    34    19
(generate)    39    20001.6    [24]    19
(relay)    32    25    20108.62    20    20107.42    2    1
(advertise)    39    20108.82    25    20
(relay)    32    32    20110.43    20    20110.35    4    1
(relay)    40    48    20124.43    20    20122.88    6    2
(advertise)    39    20129.83    32    20
(advertise)    39    20151.24    48    20
(relay)    40    27    20173.66    20    20135.21    2    1
(advertise)    39    20174.26    27    20
(relay)    32    19    20274.27    20    20269.86    2    1
(advertise)    39    20274.47    19    20
(relay)    46    47    20286.08    20    20284.06    6    1
(advertise)    39    20296.88    47    20
(relay)    38    38    20307.49    20    20307.42    4    1
(advertise)    39    20318.89    38    20
(relay)    38    36    20350.31    20    20346.86    4    1
(advertise)    39    20350.51    36    20
(relay)    38    29    20373.52    20    20360.93    2    1
(advertise)    39    20374.52    29    20
(relay)    40    20    20387.73    20    20386.44    2    1
(advertise)    39    20395.73    20    20
(relay)    32    11    20410.15    20    20345.97    2    1
(advertise)    39    20418.35    11    20
(relay)    40    13    20434.76    20    20431.12    2    1
(advertise)    39    20440.56    13    20
(heartbeat)    24    5    20430.25    39    20442.97    3    11
(advertise)    39    20462.37    24    5
(relay)    46    43    20546.19    20    20543.13    4    1
(advertise)    39    20546.39    43    20
(relay)    40    41    20645.8    20    20643.74    6    1
(advertise)    39    20646.0    41    20
(relay)    38    45    20668.61    20    20658.29    4    1
(advertise)    39    20668.81    45    20
(relay)    38    31    20690.42    20    20689.2    2    1
(advertise)    39    20692.02    31    20
(relay)    38    35    20714.64    20    20661.9    4    1
(advertise)    39    20715.04    35    20
(relay)    38    44    20736.85    20    20726.64    4    1
(advertise)    39    20737.05    44    20
(relay)    38    42    20758.86    20    20751.24    4    1
(advertise)    39    20760.06    42    20
(relay)    32    30    20784.08    20    20740.63    2    1
(advertise)    39    20784.28    30    20
(relay)    40    33    20843.89    20    20843.49    4    1
(advertise)    39    20844.09    33    20
(relay)    38    28    20867.3    20    20839.73    2    1
(advertise)    39    20867.9    28    20
(relay)    40    40    20870.12    20    20869.53    6    1
(advertise)    39    20890.32    40    20
(relay)    32    18    20904.93    20    20902.4    2    1
(advertise)    39    20912.33    18    20
(relay)    38    37    20919.54    20    20919.1    4    1
(relay)    40    26    20929.54    20    20920.7    2    2
(advertise)    39    20935.34    37    20
(relay)    46    46    20948.95    20    20948.33    6    2
(advertise)    39    20956.95    26    20
(advertise)    39    20978.97    46    20
(relay)    40    34    20990.98    20    20972.38    4    1
(advertise)    39    21000.78    34    20
(generate)    39    21001.99    [24]    20
(relay)    32    4    21083.41    21    21037.23    2    1
(advertise)    39    21083.61    4    21
(relay)    32    25    21108.82    21    21107.5    2    1
(advertise)    39    21109.22    25    21
(relay)    32    32    21110.63    21    21110.54    4    1
(advertise)    39    21131.03    32    21
(relay)    32    48    21152.45    21    21123.05    4    1
(advertise)    39    21154.45    48    21
(relay)    40    27    21171.06    21    21135.29    2    1
(advertise)    39    21176.66    27    21
(relay)    40    19    21274.47    21    21269.86    2    1
(advertise)    39    21274.67    19    21
(relay)    46    47    21285.48    21    21284.16    6    1
(advertise)    39    21297.68    47    21
(relay)    38    38    21307.5    21    21307.48    4    1
(advertise)    39    21319.9    38    21
(relay)    46    36    21351.51    21    21346.92    2    1
(advertise)    39    21351.71    36    21
(relay)    32    11    21354.52    21    21345.97    2    1
(advertise)    39    21373.52    11    21
(relay)    38    29    21380.94    21    21361.03    2    1
(relay)    40    20    21387.74    21    21386.48    2    2
(advertise)    39    21395.14    29    21
(advertise)    39    21417.15    20    21
(relay)    32    13    21435.96    21    21431.21    2    1
(advertise)    39    21438.36    13    21
(relay)    40    6    21481.58    21    21467.12    2    1
(advertise)    39    21481.78    6    21
(relay)    38    43    21546.99    21    21543.18    4    1
(advertise)    39    21547.19    43    21
(relay)    40    41    21644.2    21    21643.8    6    1
(advertise)    39    21644.4    41    21
(relay)    38    45    21667.01    21    21658.36    4    1
(advertise)    39    21667.21    45    21
(relay)    32    31    21690.23    21    21689.33    2    1
(advertise)    39    21690.43    31    21
(relay)    38    35    21691.64    21    21661.96    4    1
(advertise)    39    21712.64    35    21
(relay)    32    5    21731.85    21    21705.23    2    1
(advertise)    39    21735.25    5    21
(relay)    46    44    21738.87    21    21726.65    4    1
(relay)    38    30    21753.47    21    21740.76    2    2
(advertise)    39    21757.67    44    21
(relay)    46    42    21762.68    21    21751.4    4    2
(advertise)    39    21779.08    30    21
(advertise)    39    21800.49    42    21
(relay)    46    33    21844.71    21    21843.67    2    1
(advertise)    39    21844.91    33    21
(relay)    38    28    21846.12    21    21839.74    2    1
(advertise)    39    21866.92    28    21
(relay)    40    40    21870.13    21    21869.58    6    1
(advertise)    39    21889.53    40    21
(relay)    32    18    21905.94    21    21902.54    2    1
(advertise)    39    21912.54    18    21
(relay)    38    37    21919.56    21    21919.1    4    1
(relay)    40    26    21928.16    21    21920.73    2    2
(advertise)    39    21935.36    37    21
(relay)    46    46    21948.97    21    21948.35    6    2
(advertise)    39    21958.17    26    21
(advertise)    39    21980.18    46    21
(relay)    40    34    21992.0    21    21972.41    4    1
(generate)    39    22002.0    [24]    21
(advertise)    39    22004.81    34    21
(relay)    32    4    22105.02    22    22037.25    2    1
(advertise)    39    22105.22    4    22
(relay)    32    32    22110.84    22    22110.66    4    1
(relay)    46    48    22124.44    22    22123.22    6    2
(advertise)    39    22127.44    32    22
(relay)    40    27    22148.45    22    22135.37    2    2
(advertise)    39    22148.65    48    22
(advertise)    39    22172.46    27    22
(relay)    40    19    22271.07    22    22270.04    2    1
(advertise)    39    22271.27    19    22
(relay)    46    47    22285.49    22    22284.24    6    1
(advertise)    39    22293.49    47    22
(relay)    38    38    22308.1    22    22307.51    4    1
(advertise)    39    22314.9    38    22
(relay)    46    36    22351.51    22    22346.94    2    1
(advertise)    39    22351.71    36    22
(relay)    32    20    22388.13    22    22386.68    2    1
(advertise)    39    22388.33    20    22
(relay)    32    29    22409.54    22    22361.2    2    1
(advertise)    39    22409.94    29    22
(relay)    40    13    22437.35    22    22431.29    2    1
(advertise)    39    22437.55    13    22
(relay)    32    6    22485.57    22    22467.29    2    1
(advertise)    39    22485.77    6    22
(relay)    38    43    22545.58    22    22543.27    2    1
(advertise)    39    22545.78    43    22
(relay)    40    41    22644.19    22    22643.86    6    1
(advertise)    39    22644.39    41    22
(relay)    46    45    22667.2    22    22658.42    4    1
(advertise)    39    22668.0    45    22
(relay)    38    31    22691.62    22    22689.41    2    1
(advertise)    39    22691.82    31    22
(relay)    32    5    22717.83    22    22705.29    2    1
(advertise)    39    22718.03    5    22
(relay)    38    44    22728.24    22    22726.67    4    1
(advertise)    39    22740.04    44    22
(relay)    46    42    22754.66    22    22751.58    4    1
(advertise)    39    22762.06    42    22
(relay)    32    30    22763.67    22    22741.52    2    1
(advertise)    39    22783.07    30    22
(relay)    32    33    22844.68    22    22843.84    4    1
(advertise)    39    22844.88    33    22
(relay)    40    40    22870.9    22    22869.81    6    1
(advertise)    39    22871.5    40    22
(relay)    32    28    22894.91    22    22839.94    2    1
(advertise)    39    22895.31    28    22
(relay)    38    37    22919.72    22    22919.28    4    1
(advertise)    39    22920.32    37    22
(relay)    32    26    22943.53    22    22920.76    2    1
(advertise)    39    22944.73    26    22
(relay)    46    46    22948.95    22    22948.36    6    1
(advertise)    39    22966.35    46    22
(relay)    40    34    22976.16    22    22972.42    4    1
(advertise)    39    22989.56    34    22
(generate)    39    23002.17    [24]    22
(relay)    32    25    23108.19    23    23107.63    2    1
(advertise)    39    23108.39    25    23
(relay)    32    32    23111.4    23    23110.8    4    1
(relay)    46    48    23124.6    23    23123.41    6    2
(advertise)    39    23130.0    32    23
(advertise)    39    23154.21    48    23
(relay)    32    27    23177.83    23    23135.4    2    1
(advertise)    39    23178.23    27    23
(relay)    40    19    23271.24    23    23270.2    2    1
(advertise)    39    23271.44    19    23
(relay)    46    47    23284.65    23    23284.33    6    1
(advertise)    39    23292.65    47    23
(relay)    38    38    23308.06    23    23307.53    4    1
(advertise)    39    23314.86    38    23
(relay)    46    36    23351.08    23    23347.02    2    1
(advertise)    39    23351.28    36    23
(relay)    40    20    23389.29    23    23386.71    2    1
(advertise)    39    23389.49    20    23
(relay)    32    29    23398.5    23    23361.38    2    1
(advertise)    39    23413.3    29    23
(relay)    32    13    23437.92    23    23431.39    2    1
(advertise)    39    23438.12    13    23
(relay)    40    6    23483.53    23    23467.46    2    1
(advertise)    39    23483.73    6    23
(relay)    38    43    23544.34    23    23543.35    4    1
(advertise)    39    23544.54    43    23
(relay)    40    41    23644.36    23    23643.91    6    1
(advertise)    39    23644.56    41    23
(relay)    46    45    23666.37    23    23658.48    4    1
(advertise)    39    23667.97    45    23
(relay)    32    31    23691.78    23    23689.92    2    1
(advertise)    39    23692.18    31    23
(relay)    32    5    23715.19    23    23705.42    2    1
(advertise)    39    23716.39    5    23
(relay)    38    44    23728.41    23    23726.69    4    1
(advertise)    39    23738.61    44    23
(relay)    38    42    23754.22    23    23751.75    4    1
(advertise)    39    23760.82    42    23
(relay)    38    30    23777.03    23    23741.71    2    1
(advertise)    39    23783.03    30    23
(relay)    32    33    23844.85    23    23843.85    4    1
(advertise)    39    23845.05    33    23
(relay)    38    28    23869.06    23    23839.96    2    1
(advertise)    39    23869.46    28    23
(relay)    40    40    23870.87    23    23869.87    6    1
(advertise)    39    23892.67    40    23
(relay)    32    18    23905.29    23    23902.79    2    1
(advertise)    39    23915.29    18    23
(relay)    46    37    23920.5    23    23919.29    2    1
(relay)    32    26    23927.5    23    23920.8    2    2
(advertise)    39    23936.5    37    23
(relay)    46    46    23948.91    23    23948.37    6    2
(advertise)    39    23961.11    26    23
(relay)    40    34    23975.92    23    23972.44    4    2
(advertise)    39    23982.32    46    23
(generate)    39    24002.34    [24]    23
(advertise)    39    24003.75    34    23
(relay)    32    4    24039.96    24    24037.45    2    1
(advertise)    39    24040.16    4    24
(relay)    32    25    24108.38    24    24107.64    2    1
(advertise)    39    24108.58    25    24
(relay)    32    32    24111.39    24    24110.91    4    1
(relay)    46    48    24125.19    24    24123.61    6    2
(advertise)    39    24130.39    32    24
(advertise)    39    24153.4    48    24
(relay)    40    27    24171.22    24    24135.46    2    1
(advertise)    39    24176.62    27    24
(relay)    40    19    24271.43    24    24270.39    2    1
(advertise)    39    24271.63    19    24
(relay)    46    47    24285.24    24    24284.4    6    1
(advertise)    39    24293.84    47    24
(relay)    38    38    24308.05    24    24307.57    4    1
(advertise)    39    24315.85    38    24
(relay)    38    36    24350.27    24    24347.06    2    1
(advertise)    39    24350.47    36    24
(relay)    32    11    24355.68    24    24346.5    2    1
(advertise)    39    24373.08    11    24
(relay)    32    20    24389.29    24    24386.71    2    1
(advertise)    39    24394.29    20    24
(heartbeat)    24    6    24430.27    39    24432.71    3    11
(advertise)    39    24432.91    24    6
(relay)    40    13    24457.32    24    24431.47    2    1
(advertise)    39    24458.32    13    24
(relay)    32    6    24481.73    24    24467.65    2    1
(advertise)    39    24482.33    6    24
(relay)    38    43    24544.55    24    24543.45    4    1
(advertise)    39    24544.75    43    24
(relay)    40    41    24645.16    24    24643.98    6    1
(advertise)    39    24645.36    41    24
(relay)    38    45    24667.77    24    24658.55    4    1
(advertise)    39    24668.17    45    24
(relay)    38    35    24689.98    24    24662.19    4    1
(advertise)    39    24691.18    35    24
(relay)    32    31    24694.8    24    24690.03    2    1
(advertise)    39    24713.2    31    24
(relay)    46    42    24754.01    24    24751.76    4    1
(advertise)    39    24754.21    42    24
(relay)    38    30    24776.22    24    24741.88    2    1
(advertise)    39    24776.42    30    24
(relay)    32    28    24842.64    24    24839.98    2    1
(advertise)    39    24842.84    28    24
(relay)    40    33    24845.25    24    24844.02    4    1
(advertise)    39    24865.25    33    24
(relay)    40    40    24870.86    24    24869.92    6    1
(advertise)    39    24886.66    40    24
(relay)    32    18    24913.08    24    24902.93    2    1
(advertise)    39    24913.28    18    24
(relay)    38    37    24920.69    24    24919.46    4    1
(advertise)    39    24935.29    37    24
(relay)    46    46    24949.3    24    24948.39    6    1
(advertise)    39    24957.3    46    24
(relay)    40    34    24976.91    24    24972.46    4    1
(advertise)    39    24979.51    34    24
(generate)    39    25002.53    [24]    24
(relay)    32    25    25108.54    25    25107.73    2    1
(advertise)    39    25108.74    25    25
(relay)    32    32    25111.55    25    25111.08    4    1
(relay)    46    48    25126.35    25    25123.78    6    2
(advertise)    39    25130.75    32    25
(advertise)    39    25152.77    48    25
(relay)    40    27    25169.38    25    25135.55    2    1
(advertise)    39    25174.78    27    25
(relay)    32    19    25271.39    25    25270.57    2    1
(advertise)    39    25271.59    19    25
(relay)    46    47    25285.41    25    25284.46    6    1
(advertise)    39    25292.61    47    25
(relay)    38    38    25308.62    25    25307.63    4    1
(advertise)    39    25313.82    38    25
(relay)    38    36    25350.23    25    25347.11    2    1
(advertise)    39    25350.43    36    25
(relay)    32    29    25378.84    25    25361.56    2    1
(advertise)    39    25379.24    29    25
(relay)    40    20    25390.46    25    25386.75    2    1
(advertise)    39    25404.06    20    25
(relay)    40    13    25433.27    25    25431.58    2    1
(advertise)    39    25433.47    13    25
(relay)    32    6    25487.08    25    25467.67    2    1
(advertise)    39    25487.28    6    25
(relay)    46    43    25545.1    25    25543.54    4    1
(advertise)    39    25545.3    43    25
(relay)    40    41    25645.51    25    25644.04    6    1
(advertise)    39    25645.71    41    25
(relay)    46    45    25668.12    25    25658.61    4    1
(advertise)    39    25669.72    45    25
(relay)    38    31    25692.74    25    25690.05    2    1
(relay)    46    35    25693.74    25    25662.23    2    2
(advertise)    39    25693.94    31    25
(relay)    40    5    25708.15    25    25705.6    2    2
(advertise)    39    25716.15    35    25
(relay)    46    44    25728.16    25    25726.95    4    2
(advertise)    39    25737.76    5    25
(relay)    46    42    25756.17    25    25751.9    4    2
(advertise)    39    25759.17    44    25
(advertise)    39    25780.79    42    25
(relay)    32    30    25782.2    25    25741.96    2    1
(advertise)    39    25803.2    30    25
(relay)    32    33    25846.01    25    25844.2    4    1
(advertise)    39    25846.21    33    25
(relay)    40    40    25871.03    25    25869.97    6    1
(advertise)    39    25871.23    40    25
(relay)    32    18    25904.24    25    25903.05    2    1
(advertise)    39    25904.44    18    25
(relay)    38    37    25921.85    25    25920.65    4    1
(advertise)    39    25925.65    37    25
(relay)    46    46    25949.47    25    25948.41    6    1
(advertise)    39    25950.07    46    25
(relay)    40    34    25974.48    25    25972.47    4    1
(advertise)    39    25975.68    34    25
(generate)    39    26002.69    [24]    25
(relay)    32    4    26085.9    26    26037.47    2    1
(advertise)    39    26086.1    4    26
(relay)    32    25    26109.12    26    26107.85    2    1
(advertise)    39    26109.52    25    26
(relay)    32    32    26111.73    26    26111.24    4    1
(relay)    46    48    26126.53    26    26123.97    6    2
(advertise)    39    26130.93    32    26
(advertise)    39    26151.94    48    26
(relay)    32    19    26272.96    26    26270.76    2    1
(advertise)    39    26273.16    19    26
(relay)    46    47    26285.37    26    26284.56    6    1
(advertise)    39    26295.97    47    26
(relay)    38    38    26308.78    26    26307.68    4    1
(advertise)    39    26318.98    38    26
(relay)    38    36    26355.6    26    26347.16    4    1
(advertise)    39    26355.8    36    26
(relay)    32    29    26378.21    26    26361.74    2    1
(advertise)    39    26378.41    29    26
(relay)    40    20    26391.62    26    26386.94    2    1
(relay)    32    11    26400.02    26    26346.87    2    2
(advertise)    39    26401.22    20    26
(advertise)    39    26423.63    11    26
(relay)    40    13    26435.25    26    26431.65    2    1
(advertise)    39    26445.85    13    26
(relay)    46    43    26545.06    26    26543.65    4    1
(advertise)    39    26545.26    43    26
(relay)    40    41    26645.47    26    26644.1    6    1
(advertise)    39    26645.67    41    26
(relay)    46    45    26660.29    26    26658.66    4    1
(advertise)    39    26666.89    45    26
(relay)    38    35    26686.9    26    26663.13    2    1
(advertise)    39    26690.5    35    26
(relay)    32    31    26692.71    26    26691.11    2    1
(advertise)    39    26713.31    31    26
(relay)    46    44    26733.13    26    26726.96    4    1
(advertise)    39    26734.53    44    26
(relay)    46    42    26758.14    26    26751.91    4    1
(advertise)    39    26758.54    42    26
(relay)    38    30    26779.55    26    26742.06    2    1
(advertise)    39    26779.75    30    26
(relay)    32    33    26845.96    26    26844.39    4    1
(advertise)    39    26846.16    33    26
(relay)    40    40    26870.18    26    26869.99    6    1
(advertise)    39    26870.78    40    26
(relay)    32    28    26896.79    26    26840.19    2    1
(advertise)    39    26896.99    28    26
(relay)    38    37    26923.0    26    26921.21    4    1
(advertise)    39    26923.2    37    26
(relay)    40    26    26947.02    26    26920.94    2    1
(advertise)    39    26948.02    26    26
(relay)    46    46    26949.63    26    26948.61    6    1
(advertise)    39    26970.23    46    26
(relay)    40    34    26994.84    26    26973.68    4    1
(advertise)    39    26995.64    34    26
(generate)    39    27002.86    [24]    26
(relay)    32    4    27076.27    27    27037.49    2    1
(advertise)    39    27076.47    4    27
(relay)    32    25    27109.68    27    27107.96    2    1
(advertise)    39    27109.88    25    27
(relay)    32    32    27112.29    27    27111.38    4    1
(relay)    40    48    27126.89    27    27123.98    6    2
(advertise)    39    27131.09    32    27
(advertise)    39    27153.51    48    27
(relay)    40    27    27173.72    27    27135.68    2    1
(advertise)    39    27176.12    27    27
(relay)    32    19    27273.13    27    27270.91    2    1
(advertise)    39    27273.33    19    27
(relay)    46    47    27286.55    27    27284.66    6    1
(advertise)    39    27294.35    47    27
(relay)    38    38    27308.96    27    27307.91    4    1
(advertise)    39    27316.56    38    27
(relay)    46    36    27356.57    27    27347.23    2    1
(advertise)    39    27356.77    36    27
(relay)    32    20    27392.19    27    27386.95    2    1
(advertise)    39    27392.39    20    27
(relay)    32    29    27414.4    27    27361.75    2    1
(advertise)    39    27415.0    29    27
(relay)    40    13    27434.21    27    27431.72    2    1
(advertise)    39    27436.21    13    27
(relay)    32    6    27486.22    27    27468.02    2    1
(advertise)    39    27486.42    6    27
(relay)    46    43    27545.24    27    27543.74    4    1
(advertise)    39    27545.44    43    27
(relay)    40    41    27646.45    27    27644.19    6    1
(advertise)    39    27646.65    41    27
(relay)    46    45    27670.26    27    27658.73    4    1
(advertise)    39    27670.66    45    27
(relay)    38    31    27691.68    27    27691.2    2    1
(advertise)    39    27693.68    31    27
(relay)    38    35    27714.49    27    27663.22    4    1
(advertise)    39    27715.89    35    27
(relay)    32    5    27718.3    27    27705.75    2    1
(advertise)    39    27739.5    5    27
(relay)    46    44    27741.12    27    27726.98    4    1
(advertise)    39    27761.72    44    27
(relay)    38    42    27763.93    27    27752.09    4    1
(relay)    32    30    27764.53    27    27742.85    2    2
(advertise)    39    27783.53    42    27
(advertise)    39    27804.94    30    27
(relay)    32    33    27846.35    27    27844.58    4    1
(advertise)    39    27846.55    33    27
(relay)    40    40    27870.17    27    27870.03    6    1
(advertise)    39    27870.57    40    27
(relay)    32    18    27904.38    27    27903.33    2    1
(advertise)    39    27904.58    18    27
(relay)    38    37    27923.59    27    27921.36    4    1
(advertise)    39    27927.39    37    27
(relay)    40    26    27930.41    27    27920.99    2    1
(relay)    46    46    27948.81    27    27948.63    6    2
(advertise)    39    27949.01    26    27
(advertise)    39    27973.62    46    27
(relay)    40    34    27991.03    27    27973.7    4    1
(advertise)    39    27996.23    34    27
(generate)    39    28003.05    [24]    27
(relay)    32    4    28102.26    28    28037.5    2    1
(advertise)    39    28102.46    4    28
(relay)    32    32    28112.47    28    28111.49    4    1
(relay)    32    25    28123.27    28    28108.06    2    2
(advertise)    39    28123.87    32    28
(relay)    32    48    28145.08    28    28124.17    2    2
(advertise)    39    28147.08    25    28
(relay)    40    27    28168.3    28    28135.75    2    2
(advertise)    39    28169.1    48    28
(advertise)    39    28191.11    27    28
(relay)    32    19    28273.92    28    28270.93    2    1
(advertise)    39    28274.12    19    28
(relay)    46    47    28286.54    28    28284.76    6    1
(advertise)    39    28295.54    47    28
(relay)    38    38    28307.95    28    28307.92    4    1
(advertise)    39    28317.55    38    28
(relay)    32    36    28377.56    28    28347.3    2    1
(advertise)    39    28377.76    36    28
(relay)    38    29    28379.18    28    28361.76    2    1
(relay)    40    20    28392.78    28    28386.96    2    2
(advertise)    39    28400.58    29    28
(advertise)    39    28422.39    20    28
(relay)    40    13    28435.2    28    28431.81    2    1
(advertise)    39    28443.4    13    28
(heartbeat)    24    7    28430.28    39    28444.61    3    11
(advertise)    39    28465.21    24    7
(relay)    40    6    28485.83    28    28468.22    2    1
(advertise)    39    28488.63    6    28
(relay)    46    43    28547.24    28    28543.84    4    1
(advertise)    39    28547.44    43    28
(relay)    40    41    28646.45    28    28644.26    6    1
(advertise)    39    28646.65    41    28
(relay)    38    45    28669.07    28    28658.81    4    1
(advertise)    39    28670.47    45    28
(relay)    38    31    28692.28    28    28691.27    2    1
(advertise)    39    28692.48    31    28
(relay)    40    5    28717.29    28    28705.85    2    1
(advertise)    39    28717.69    5    28
(relay)    46    44    28729.51    28    28727.17    4    1
(advertise)    39    28740.71    44    28
(relay)    38    42    28756.12    28    28752.27    4    1
(advertise)    39    28761.72    42    28
(relay)    32    30    28762.93    28    28743.0    2    1
(advertise)    39    28783.73    30    28
(relay)    32    33    28846.14    28    28844.77    4    1
(advertise)    39    28846.34    33    28
(relay)    40    40    28870.16    28    28870.11    6    1
(advertise)    39    28870.36    40    28
(relay)    32    18    28905.97    28    28903.49    2    1
(advertise)    39    28906.17    18    28
(relay)    38    37    28923.78    28    28921.53    4    1
(relay)    32    26    28928.58    28    28921.05    2    2
(advertise)    39    28929.18    37    28
(relay)    46    46    28948.8    28    28948.64    6    2
(advertise)    39    28952.2    26    28
(advertise)    39    28973.81    46    28
(relay)    40    34    28977.82    28    28973.73    4    1
(advertise)    39    28996.02    34    28
(generate)    39    29003.24    [24]    28
(relay)    32    4    29082.65    29    29037.53    2    1
(advertise)    39    29082.85    4    29
(relay)    32    25    29110.26    29    29108.17    2    1
(advertise)    39    29110.86    25    29
(relay)    32    32    29112.67    29    29111.68    4    1
(relay)    46    48    29126.87    29    29124.18    6    2
(advertise)    39    29133.87    32    29
(advertise)    39    29155.29    48    29
(relay)    32    27    29177.7    29    29135.84    2    1
(advertise)    39    29177.9    27    29
(relay)    32    19    29275.11    29    29270.94    2    1
(advertise)    39    29275.31    19    29
(relay)    46    47    29286.73    29    29284.86    6    1
(advertise)    39    29297.73    47    29
(relay)    38    38    29308.14    29    29307.96    4    1
(advertise)    39    29319.34    38    29
(relay)    46    36    29349.55    29    29347.4    2    1
(advertise)    39    29349.75    36    29
(relay)    32    11    29358.17    29    29347.24    2    1
(advertise)    39    29371.17    11    29
(relay)    40    20    29389.18    29    29386.99    2    1
(advertise)    39    29393.38    20    29
(relay)    32    29    29421.59    29    29361.95    2    1
(advertise)    39    29421.79    29    29
(relay)    40    13    29435.2    29    29431.9    2    1
(advertise)    39    29443.0    13    29
(relay)    40    6    29481.22    29    29468.23    2    1
(advertise)    39    29481.42    6    29
(relay)    46    43    29547.23    29    29543.93    4    1
(advertise)    39    29547.43    43    29
(relay)    40    41    29646.44    29    29644.29    6    1
(advertise)    39    29646.64    41    29
(relay)    46    45    29667.86    29    29658.87    4    1
(advertise)    39    29668.26    45    29
(relay)    46    35    29692.67    29    29663.39    2    1
(advertise)    39    29693.07    35    29
(relay)    40    5    29717.88    29    29705.95    2    1
(advertise)    39    29718.08    5    29
(relay)    46    44    29729.7    29    29727.19    4    1
(advertise)    39    29739.1    44    29
(relay)    38    42    29755.91    29    29752.42    4    1
(advertise)    39    29762.71    42    29
(relay)    38    30    29778.92    29    29743.15    2    1
(advertise)    39    29785.12    30    29
(relay)    40    33    29845.33    29    29844.77    4    1
(advertise)    39    29845.53    33    29
(relay)    40    40    29870.75    29    29870.17    6    1
(advertise)    39    29870.95    40    29
(relay)    32    18    29906.16    29    29903.67    2    1
(advertise)    39    29906.36    18    29
(relay)    38    37    29924.17    29    29922.9    4    1
(relay)    40    26    29928.37    29    29921.07    2    2
(advertise)    39    29928.57    37    29
(relay)    46    46    29948.79    29    29948.66    6    2
(advertise)    39    29952.99    26    29
(advertise)    39    29975.2    46    29
(relay)    46    34    29976.61    29    29973.74    2    1
(advertise)    39    29996.41    34    29
