(generate)    4    1036.0    [24]    1
(relay)    5    25    1106.41    1    1105.01    123    1
(advertise)    4    1106.61    25    1
(relay)    3    17    1129.23    1    1126.03    125    1
(advertise)    4    1130.63    17    1
(relay)    11    32    1152.44    1    1105.01    116    1
(advertise)    4    1152.64    32    1
(relay)    11    12    1175.05    1    1160.05    126    1
(advertise)    4    1175.45    12    1
(relay)    5    27    1177.07    1    1132.04    123    1
(advertise)    4    1197.87    27    1
(relay)    11    48    1219.28    1    1121.03    120    1
(advertise)    4    1222.28    48    1
(relay)    11    8    1244.89    1    1216.08    124    1
(advertise)    4    1245.09    8    1
(relay)    3    9    1268.1    1    1258.09    125    1
(advertise)    4    1268.3    9    1
(relay)    3    19    1292.12    1    1268.09    121    1
(advertise)    4    1292.52    19    1
(relay)    3    15    1315.53    1    1294.32    123    1
(advertise)    4    1316.33    15    1
(relay)    11    47    1341.54    1    1282.12    121    1
(advertise)    4    1341.74    47    1
(relay)    11    11    1344.16    1    1343.16    127    1
(advertise)    4    1363.16    11    1
(relay)    11    38    1385.17    1    1306.12    120    1
(advertise)    4    1385.97    38    1
(relay)    11    20    1408.18    1    1385.17    124    1
(advertise)    4    1408.78    20    1
(relay)    11    29    1430.6    1    1358.16    121    1
(relay)    5    36    1431.2    1    1345.16    116    2
(advertise)    4    1431.6    29    1
(relay)    3    3    1446.01    1    1445.01    127    2
(advertise)    4    1453.01    36    1
(relay)    5    13    1474.82    1    1429.18    125    2
(advertise)    4    1475.02    3    1
(relay)    5    6    1497.23    1    1464.18    126    2
(advertise)    4    1498.03    13    1
(relay)    5    23    1518.65    1    1367.17    115    2
(advertise)    4    1521.05    6    1
(advertise)    4    1543.66    23    1
(relay)    3    2    1545.07    1    1452.02    122    1
(advertise)    4    1567.27    2    1
(relay)    3    43    1592.89    1    1541.06    119    1
(advertise)    4    1593.29    43    1
(relay)    3    22    1616.7    1    1599.1    122    1
(advertise)    4    1617.7    22    1
(relay)    5    41    1645.31    1    1642.11    121    1
(advertise)    4    1645.51    41    1
(relay)    11    45    1669.93    1    1655.13    121    1
(advertise)    4    1670.33    45    1
(relay)    11    31    1694.14    1    1687.13    123    1
(advertise)    4    1694.34    31    1
(relay)    5    5    1704.15    1    1703.15    127    1
(advertise)    4    1716.35    5    1
(relay)    11    35    1739.96    1    1660.13    119    1
(advertise)    4    1741.36    35    1
(relay)    11    30    1766.38    1    1735.16    120    1
(advertise)    4    1766.58    30    1
(relay)    11    44    1791.59    1    1725.15    118    1
(advertise)    4    1791.99    44    1
(relay)    3    7    1793.8    1    1780.0    123    1
(advertise)    4    1815.6    7    1
(relay)    3    14    1835.02    1    1787.0    122    1
(advertise)    4    1838.02    14    1
(relay)    11    21    1860.03    1    1841.03    121    1
(advertise)    4    1860.63    21    1
(relay)    11    42    1882.04    1    1748.13    118    1
(advertise)    4    1883.24    42    1
(relay)    11    18    1905.06    1    1898.06    126    1
(advertise)    4    1906.26    18    1
(relay)    3    16    1907.47    1    1898.06    124    1
(advertise)    4    1927.87    16    1
(relay)    11    28    1950.88    1    1838.03    120    1
(advertise)    4    1951.08    28    1
(relay)    11    33    1976.09    1    1841.0    119    1
(advertise)    4    1976.69    33    1
(relay)    11    10    1997.51    1    1979.11    126    1
(advertise)    4    1999.71    10    1
(generate)    4    2036.12    [24]    2
(relay)    3    40    2044.13    1    1868.04    120    1
(advertise)    4    2044.33    40    1
(relay)    11    37    2059.15    1    1917.07    121    1
(relay)    5    34    2066.75    1    1971.07    122    2
(advertise)    4    2066.95    37    1
(advertise)    4    2088.16    34    1
(relay)    3    26    2109.37    1    1919.06    122    1
(advertise)    4    2109.77    26    1
(relay)    3    46    2132.39    1    1947.08    118    1
(advertise)    4    2132.79    46    1
(relay)    11    25    2146.6    2    2105.17    125    1
(advertise)    4    2155.0    25    2
(relay)    5    12    2177.81    2    2160.21    126    1
(relay)    3    39    2178.21    1    1999.12    119    2
(advertise)    4    2180.01    12    2
(relay)    3    17    2198.42    2    2126.19    125    2
(advertise)    4    2202.62    39    1
(relay)    5    27    2222.24    2    2132.17    123    2
(advertise)    4    2225.44    17    2
(advertise)    4    2247.65    27    2
(relay)    3    8    2264.26    2    2216.25    124    1
(relay)    5    1    2265.26    1    1941.09    109    2
(advertise)    4    2268.66    8    2
(relay)    5    32    2285.48    2    2105.39    122    2
(advertise)    4    2291.28    1    1
(relay)    11    48    2300.29    2    2121.13    120    2
(relay)    3    9    2308.69    2    2258.25    125    3
(advertise)    4    2312.69    32    2
(relay)    5    19    2329.7    2    2268.26    125    3
(advertise)    4    2336.3    48    2
(relay)    11    11    2345.52    2    2344.52    127    3
(advertise)    4    2360.12    9    2
(relay)    3    15    2375.73    2    2294.48    123    3
(advertise)    4    2382.13    19    2
(advertise)    4    2403.14    11    2
(relay)    5    20    2417.95    2    2385.33    124    2
(advertise)    4    2425.15    15    2
(relay)    11    38    2432.17    2    2306.26    122    2
(relay)    3    29    2444.77    2    2358.32    121    3
(relay)    3    3    2446.17    2    2445.19    127    4
(advertise)    4    2446.57    20    2
(relay)    5    13    2461.18    2    2429.35    125    4
(advertise)    4    2468.58    38    2
(relay)    5    6    2482.79    2    2464.29    126    4
(relay)    3    2    2486.79    2    2452.19    126    5
(advertise)    4    2491.79    29    2
(relay)    11    47    2497.01    2    2282.28    121    5
(advertise)    4    2515.21    3    2
(relay)    3    36    2531.42    2    2345.32    118    5
(advertise)    4    2537.02    13    2
(advertise)    4    2558.83    6    2
(relay)    3    23    2575.64    2    2367.33    123    4
(advertise)    4    2580.44    2    2
(advertise)    4    2603.46    47    2
(advertise)    4    2626.27    36    2
(relay)    3    0    2641.48    2    2364.33    120    2
(advertise)    4    2647.28    23    2
(advertise)    4    2669.1    0    2
(relay)    11    43    2674.51    2    2541.23    117    1
(advertise)    4    2691.51    43    2
(relay)    11    41    2697.72    2    2642.3    121    1
(relay)    3    22    2700.12    2    2599.26    122    2
(relay)    5    5    2704.32    2    2703.32    127    3
(advertise)    4    2714.52    41    2
(advertise)    4    2736.54    22    2
(advertise)    4    2760.15    5    2
(relay)    11    45    2763.96    2    2656.51    117    1
(relay)    3    31    2768.96    2    2687.31    121    2
(advertise)    4    2783.16    45    2
(advertise)    4    2805.17    31    2
(relay)    11    30    2807.59    2    2735.35    122    1
(advertise)    4    2827.99    30    2
(relay)    11    35    2831.8    2    2660.28    113    1
(advertise)    4    2851.4    35    2
(relay)    11    44    2854.01    2    2725.32    120    1
(relay)    5    33    2856.41    2    2841.2    121    2
(advertise)    4    2872.81    44    2
(relay)    3    7    2881.63    2    2780.17    123    2
(advertise)    4    2895.03    33    2
(relay)    5    40    2900.44    2    2868.23    120    2
(advertise)    4    2917.44    7    2
(relay)    11    14    2921.25    2    2787.17    122    2
(advertise)    4    2939.25    40    2
(advertise)    4    2961.67    14    2
(relay)    11    16    2964.08    2    2898.24    124    1
(relay)    5    18    2969.68    2    2898.45    124    2
(advertise)    4    2982.88    16    2
(relay)    3    21    2993.09    2    2841.2    121    2
(advertise)    4    3005.29    18    2
(relay)    11    10    3009.1    2    2979.29    126    2
(relay)    5    26    3013.7    2    2919.24    124    3
(advertise)    4    3027.7    21    2
(generate)    4    3036.32    [24]    3
(advertise)    4    3050.33    10    2
(relay)    3    1    3059.14    2    2941.28    125    2
(advertise)    4    3071.54    26    2
(relay)    11    42    3075.16    2    2748.27    116    2
(advertise)    4    3094.16    1    2
(advertise)    4    3116.77    42    2
(relay)    11    34    3118.18    2    2971.24    122    1
(advertise)    4    3140.18    34    2
(relay)    11    28    3141.6    2    2838.19    116    1
(advertise)    4    3163.0    28    2
(relay)    3    37    3170.41    2    2917.27    121    1
(advertise)    4    3184.01    37    2
(relay)    5    12    3187.02    3    3160.4    126    1
(advertise)    4    3206.62    12    3
(relay)    11    39    3210.03    2    2999.29    123    1
(relay)    3    17    3216.63    3    3126.37    125    2
(advertise)    4    3227.83    39    2
(advertise)    4    3250.25    17    3
(relay)    5    25    3253.86    3    3105.37    121    1
(advertise)    4    3272.06    25    3
(relay)    3    46    3280.27    2    2947.28    114    1
(advertise)    4    3294.27    46    2
(relay)    11    27    3320.29    3    3132.36    123    1
(advertise)    4    3320.49    27    3
(relay)    3    9    3324.5    3    3258.45    125    1
(advertise)    4    3343.7    9    3
(relay)    11    11    3345.71    3    3344.71    127    1
(relay)    5    32    3362.71    3    3106.18    120    2
(relay)    11    19    3363.71    3    3268.45    125    3
(advertise)    4    3366.91    11    3
(relay)    3    8    3368.33    3    3216.42    124    3
(relay)    5    48    3385.13    3    3121.33    120    4
(advertise)    4    3389.13    32    3
(advertise)    4    3411.14    19    3
(relay)    3    15    3413.15    3    3294.66    123    3
(advertise)    4    3432.15    8    3
(relay)    3    3    3445.56    3    3445.38    127    3
(advertise)    4    3453.16    48    3
(relay)    5    13    3473.18    3    3429.54    125    3
(advertise)    4    3476.98    15    3
(relay)    3    2    3478.79    3    3452.58    126    3
(relay)    5    6    3494.79    3    3464.49    126    4
(advertise)    4    3499.19    3    3
(advertise)    4    3520.6    13    3
(relay)    11    47    3522.02    3    3282.46    121    3
(relay)    3    0    3523.42    3    3364.51    124    4
(advertise)    4    3542.82    2    3
(relay)    3    23    3544.43    3    3367.53    123    4
(advertise)    4    3566.63    6    3
(relay)    3    20    3587.64    3    3385.51    122    4
(advertise)    4    3588.84    47    3
(relay)    5    38    3605.86    3    3306.46    118    4
(advertise)    4    3611.06    0    3
(relay)    5    36    3626.67    3    3345.51    118    4
(advertise)    4    3632.27    23    3
(advertise)    4    3654.88    20    3
(relay)    3    29    3676.09    3    3358.51    119    3
(advertise)    4    3676.29    38    3
(advertise)    4    3698.51    36    3
(relay)    5    5    3704.52    3    3703.52    127    2
(advertise)    4    3719.72    29    3
(relay)    3    22    3721.93    3    3599.46    122    2
(relay)    5    43    3740.73    3    3541.42    117    3
(advertise)    4    3741.93    5    3
(advertise)    4    3764.75    22    3
(advertise)    4    3786.36    43    3
(relay)    3    31    3789.37    3    3687.49    121    1
(relay)    11    41    3790.37    3    3642.48    121    2
(advertise)    4    3807.37    31    3
(advertise)    4    3829.99    41    3
(relay)    5    45    3831.4    3    3656.69    117    1
(relay)    3    7    3835.0    3    3780.37    123    2
(advertise)    4    3851.2    45    3
(advertise)    4    3873.41    7    3
(relay)    11    30    3879.22    3    3735.55    122    1
(advertise)    4    3894.62    30    3
(relay)    11    33    3899.64    3    3841.4    121    1
(advertise)    4    3917.44    33    3
(relay)    5    18    3929.65    3    3898.64    124    1
(advertise)    4    3938.65    18    3
(relay)    3    35    3947.66    3    3660.47    119    1
(advertise)    4    3960.66    35    3
(relay)    11    14    3969.08    3    3787.36    122    1
(relay)    5    44    3976.28    3    3725.52    116    2
(advertise)    4    3982.88    14    3
(relay)    3    10    3990.49    3    3979.49    126    2
(advertise)    4    4005.69    44    3
(relay)    3    1    4011.9    3    3941.46    125    2
(relay)    5    40    4021.1    3    3868.42    120    3
(advertise)    4    4027.7    10    3
(relay)    11    26    4033.92    3    3919.44    124    3
(generate)    4    4036.52    [24]    4
(advertise)    4    4051.13    1    3
(relay)    11    16    4057.34    3    3898.44    124    3
(relay)    3    42    4057.74    3    3748.44    118    4
(advertise)    4    4073.94    40    3
(advertise)    4    4097.15    26    3
(advertise)    4    4118.77    16    3
(advertise)    4    4140.98    42    3
(relay)    5    34    4177.39    3    3971.44    122    1
(advertise)    4    4177.59    34    3
(relay)    3    37    4187.81    3    3917.45    121    1
(relay)    5    12    4200.21    4    4160.59    126    2
(advertise)    4    4200.41    37    3
(advertise)    4    4222.42    12    4
(relay)    3    17    4232.63    4    4126.38    125    1
(advertise)    4    4246.03    17    4
(relay)    11    46    4273.65    3    3947.48    122    1
(advertise)    4    4274.45    46    3
(relay)    5    39    4289.66    3    3999.49    121    1
(advertise)    4    4296.66    39    3
(relay)    5    27    4311.07    4    4132.55    123    1
(advertise)    4    4317.67    27    4
(relay)    3    25    4319.88    4    4105.57    123    1
(advertise)    4    4339.28    25    4
(relay)    3    9    4343.3    4    4258.63    125    1
(relay)    11    11    4345.9    4    4344.91    127    2
(relay)    5    19    4356.3    4    4268.65    125    3
(advertise)    4    4362.3    9    4
(advertise)    4    4385.31    11    4
(relay)    5    28    4400.12    3    3838.39    118    2
(advertise)    4    4406.92    19    4
(advertise)    4    4430.34    28    3
(relay)    3    3    4445.75    4    4445.58    127    1
(advertise)    4    4452.35    3    4
(relay)    5    32    4464.96    4    4106.37    122    1
(advertise)    4    4473.96    32    4
(relay)    11    48    4475.98    4    4121.52    120    1
(relay)    3    15    4477.18    4    4294.86    123    2
(relay)    5    20    4487.98    4    4385.68    124    3
(advertise)    4    4494.98    48    4
(relay)    3    2    4501.79    4    4452.78    126    3
(advertise)    4    4517.79    15    4
(relay)    11    8    4522.6    4    4216.62    122    3
(relay)    3    0    4524.6    4    4364.7    124    4
(advertise)    4    4539.6    20    4
(relay)    5    13    4558.41    4    4429.71    125    4
(advertise)    4    4564.01    2    4
(relay)    11    38    4566.83    4    4306.66    122    4
(advertise)    4    4585.63    8    4
(advertise)    4    4608.84    0    4
(relay)    3    23    4612.65    4    4367.71    123    3
(relay)    5    6    4623.65    4    4464.68    124    4
(advertise)    4    4631.05    13    4
(relay)    11    47    4632.47    4    4282.66    121    4
(advertise)    4    4653.87    38    4
(advertise)    4    4675.48    23    4
(relay)    3    29    4679.69    4    4358.71    121    3
(advertise)    4    4699.49    6    4
(relay)    3    36    4701.71    4    4345.7    120    3
(relay)    5    5    4704.71    4    4703.71    127    4
(heartbeat)    24    1    4430.2    4    4720.51    127    0
(advertise)    4    4722.31    47    4
(advertise)    4    4743.52    29    4
(advertise)    4    4764.93    36    4
(advertise)    4    4786.14    5    4
(advertise)    4    4808.76    24    1
(relay)    11    41    4811.17    4    4642.49    1    1
(relay)    3    43    4815.97    4    4541.61    119    1
(advertise)    4    4829.97    43    4
(relay)    11    45    4835.38    4    4656.89    1    1
(relay)    3    7    4838.18    4    4780.57    3    1
(advertise)    4    4852.38    7    4
(relay)    5    33    4888.6    4    4841.6    1    1
(relay)    3    14    4894.4    4    4787.54    1    1
(relay)    5    18    4911.0    4    4898.84    1    1
(relay)    3    35    4919.2    4    4660.65    119    1
(advertise)    4    4919.4    35    4
(relay)    3    1    4944.41    4    4941.65    5    1
(advertise)    4    4944.61    1    4
(relay)    5    26    4956.82    4    4919.64    1    1
(relay)    3    16    4968.22    4    4898.64    1    1
(relay)    3    10    4989.22    4    4979.65    5    1
(advertise)    4    4989.42    10    4
(generate)    4    5036.64    [24]    5
(relay)    5    34    5038.05    4    4971.64    1    1
(relay)    11    40    5055.05    4    4868.62    1    1
(relay)    3    42    5062.85    4    4748.64    1    1
(relay)    11    25    5124.85    5    5105.77    1    1
(relay)    3    17    5130.25    5    5126.78    1    1
(relay)    5    27    5138.25    5    5132.73    1    1
(relay)    5    12    5161.25    5    5160.73    5    1
(advertise)    4    5161.45    12    5
(relay)    5    48    5185.06    5    5121.66    1    1
(relay)    11    32    5235.86    5    5106.57    1    1
(relay)    3    8    5240.26    5    5216.73    1    1
(relay)    3    9    5261.06    5    5258.83    3    1
(advertise)    4    5261.26    9    5
(relay)    5    19    5285.07    5    5268.82    3    1
(advertise)    4    5285.27    19    5
(relay)    3    15    5308.69    5    5295.02    1    1
(relay)    11    11    5345.09    5    5345.08    5    1
(advertise)    4    5345.29    11    5
(relay)    3    0    5373.9    5    5364.71    5    1
(advertise)    4    5374.1    0    5
(relay)    5    20    5401.51    5    5385.74    3    1
(advertise)    4    5401.71    20    5
(relay)    5    13    5430.53    5    5429.77    5    1
(advertise)    4    5430.73    13    5
(relay)    3    3    5445.74    5    5445.64    7    1
(advertise)    4    5453.74    3    5
(relay)    5    6    5478.75    5    5464.87    7    1
(advertise)    4    5478.95    6    5
(relay)    11    2    5485.17    5    5452.79    3    1
(advertise)    4    5500.97    2    5
(relay)    3    43    5545.78    5    5541.63    1    1
(relay)    11    41    5646.58    5    5642.67    1    1
(relay)    11    45    5671.98    5    5657.08    1    1
(relay)    5    5    5703.98    5    5703.9    9    1
(advertise)    4    5704.18    5    5
(relay)    11    44    5760.39    5    5725.83    1    1
(relay)    3    42    5764.59    5    5748.7    1    1
(relay)    11    7    5804.59    5    5780.75    3    1
(advertise)    4    5804.79    7    5
(relay)    3    14    5827.6    5    5787.71    1    1
(relay)    5    33    5846.2    5    5841.69    1    1
(relay)    5    40    5873.4    5    5868.73    1    1
(relay)    11    18    5899.4    5    5899.01    3    1
(advertise)    4    5899.6    18    5
(relay)    3    16    5900.82    5    5898.69    1    1
(relay)    3    1    5944.82    5    5941.8    5    1
(advertise)    4    5945.02    1    5
(relay)    3    10    5980.03    5    5979.68    5    1
(advertise)    4    5980.23    10    5
(relay)    5    34    6008.64    5    5971.72    1    1
(generate)    4    6036.64    [24]    6
(relay)    11    39    6062.66    5    5999.57    1    1
(relay)    11    25    6107.86    6    6105.91    1    1
(relay)    11    32    6129.86    6    6107.81    1    1
(relay)    3    17    6130.46    6    6126.96    1    1
(relay)    5    12    6161.06    6    6160.79    5    1
(advertise)    4    6161.26    12    6
(relay)    11    8    6220.87    6    6216.8    3    1
(advertise)    4    6221.07    8    6
(relay)    11    9    6259.68    6    6259.02    3    1
(advertise)    4    6259.88    9    6
(relay)    11    19    6283.1    6    6268.82    3    1
(advertise)    4    6283.3    19    6
(relay)    11    11    6345.11    6    6345.09    5    1
(advertise)    4    6345.31    11    6
(relay)    11    0    6370.52    6    6364.73    3    1
(advertise)    4    6370.72    0    6
(relay)    11    20    6395.93    6    6385.79    3    1
(advertise)    4    6396.33    20    6
(relay)    11    13    6431.55    6    6429.89    5    1
(advertise)    4    6431.75    13    6
(relay)    3    3    6445.76    6    6445.73    7    1
(advertise)    4    6453.96    3    6
(relay)    5    6    6476.77    6    6465.06    7    1
(advertise)    4    6477.17    6    6
(relay)    11    2    6501.39    6    6452.84    3    1
(advertise)    4    6501.59    2    6
(relay)    3    43    6546.4    6    6541.72    1    1
(relay)    11    45    6675.8    6    6657.14    1    1
(relay)    5    5    6704.0    6    6703.98    9    1
(advertise)    4    6704.2    5    6
(relay)    11    44    6741.61    6    6725.84    1    1
(relay)    3    42    6761.01    6    6748.87    1    1
(relay)    3    7    6785.01    6    6780.83    3    1
(advertise)    4    6785.21    7    6
(relay)    3    14    6808.23    6    6787.76    1    1
(relay)    11    33    6861.43    6    6841.87    1    1
(relay)    5    40    6880.43    6    6868.78    1    1
(relay)    3    16    6900.63    6    6898.83    1    1
(relay)    11    18    6902.83    6    6899.2    3    1
(advertise)    4    6903.03    18    6
(relay)    5    26    6927.44    6    6919.82    1    1
(relay)    3    1    6945.64    6    6941.89    5    1
(advertise)    4    6945.84    1    6
(relay)    3    10    6980.65    6    6979.76    5    1
(advertise)    4    6980.85    10    6
(relay)    5    34    7008.06    6    6971.79    1    1
(generate)    4    7036.66    [24]    7
(relay)    11    25    7107.88    7    7105.98    1    1
(relay)    3    17    7130.28    7    7127.06    1    1
(relay)    11    32    7131.08    7    7107.95    1    1
(relay)    5    48    7135.88    7    7121.86    1    1
(relay)    5    27    7158.68    7    7133.04    1    1
(relay)    5    12    7180.28    7    7160.87    5    1
(advertise)    4    7180.48    12    7
(relay)    11    8    7239.09    7    7216.87    3    1
(advertise)    4    7239.29    8    7
(relay)    11    9    7261.1    7    7259.2    3    1
(advertise)    4    7262.7    9    7
(relay)    11    19    7285.92    7    7268.86    3    1
(advertise)    4    7286.32    19    7
(relay)    11    47    7309.33    7    7282.96    1    1
(relay)    3    15    7310.13    7    7295.36    1    1
(relay)    11    11    7345.33    7    7345.14    5    1
(advertise)    4    7345.53    11    7
(relay)    3    0    7372.14    7    7364.76    5    1
(advertise)    4    7372.34    0    7
(relay)    11    20    7398.96    7    7385.82    1    1
(relay)    11    13    7430.76    7    7430.0    5    1
(advertise)    4    7430.96    13    7
(relay)    3    3    7445.97    7    7445.82    7    1
(advertise)    4    7453.57    3    7
(relay)    11    2    7476.38    7    7452.89    3    1
(relay)    5    6    7477.98    7    7465.06    7    2
(advertise)    4    7478.38    2    7
(advertise)    4    7502.59    6    7
(relay)    11    43    7547.01    7    7541.8    1    1
(relay)    11    41    7647.81    7    7642.8    1    1
(relay)    11    45    7674.61    7    7657.19    1    1
(relay)    5    5    7704.21    7    7704.08    9    1
(advertise)    4    7704.41    5    7
(relay)    11    44    7770.22    7    7725.85    1    1
(relay)    3    7    7783.22    7    7780.89    3    1
(advertise)    4    7783.42    7    7
(relay)    3    14    7806.83    7    7787.76    1    1
(relay)    11    33    7846.83    7    7842.04    1    1
(relay)    11    40    7872.83    7    7868.83    1    1
(relay)    11    18    7900.23    7    7899.37    3    1
(advertise)    4    7900.43    18    7
(relay)    11    16    7922.25    7    7898.93    1    1
(relay)    11    26    7944.25    7    7919.93    1    1
(relay)    3    1    7945.45    7    7941.96    5    1
(advertise)    4    7945.65    1    7
(relay)    3    10    7980.66    7    7979.8    5    1
(advertise)    4    7980.86    10    7
(relay)    5    34    8005.87    7    7971.85    1    1
(generate)    4    8036.67    [24]    8
(relay)    11    25    8108.09    8    8106.07    1    1
(relay)    3    17    8129.69    8    8127.15    1    1
(relay)    5    48    8136.29    8    8121.89    1    1
(relay)    11    32    8153.49    8    8108.11    1    1
(relay)    5    12    8161.69    8    8160.92    5    1
(advertise)    4    8161.89    12    8
(relay)    5    27    8199.1    8    8133.58    1    1
(relay)    3    8    8220.1    8    8216.93    3    1
(advertise)    4    8220.3    8    8
(relay)    3    9    8260.91    8    8259.35    3    1
(advertise)    4    8261.11    9    8
(relay)    5    19    8284.32    8    8268.9    3    1
(advertise)    4    8285.92    19    8
(relay)    3    15    8309.54    8    8295.52    1    1
(relay)    11    11    8345.34    8    8345.16    5    1
(advertise)    4    8345.54    11    8
(relay)    3    0    8371.95    8    8364.95    5    1
(advertise)    4    8372.35    0    8
(relay)    5    20    8397.36    8    8385.85    3    1
(advertise)    4    8397.96    20    8
(relay)    11    13    8430.98    8    8430.06    5    1
(advertise)    4    8431.18    13    8
(relay)    3    3    8446.39    8    8445.9    7    1
(advertise)    4    8452.59    3    8
(heartbeat)    24    2    8430.21    4    8454.6    4    4
(relay)    3    2    8456.6    8    8452.92    5    2
(advertise)    4    8473.6    24    2
(relay)    11    6    8477.82    8    8465.25    5    2
(advertise)    4    8496.82    2    8
(advertise)    4    8519.03    6    8
(relay)    11    43    8575.24    8    8541.91    1    1
(relay)    5    41    8649.44    8    8642.88    1    1
(relay)    5    5    8704.24    8    8704.15    9    1
(advertise)    4    8704.44    5    8
(relay)    3    42    8767.25    8    8749.25    1    1
(relay)    11    7    8789.45    8    8780.99    3    1
(advertise)    4    8789.65    7    8
(relay)    11    14    8813.87    8    8787.82    1    1
(relay)    11    33    8847.87    8    8842.06    1    1
(relay)    5    40    8871.47    8    8868.89    1    1
(relay)    11    18    8901.07    8    8899.56    3    1
(advertise)    4    8901.27    18    8
(relay)    5    26    8927.88    8    8920.01    1    1
(relay)    3    1    8944.68    8    8942.06    5    1
(advertise)    4    8944.88    1    8
(relay)    11    34    8978.09    8    8971.93    1    1
(relay)    3    10    8981.09    8    8979.89    3    1
(advertise)    4    8981.29    10    8
(relay)    11    46    9023.91    8    8947.93    1    1
(generate)    4    9036.71    [24]    9
(relay)    11    39    9084.52    8    8999.8    1    1
(relay)    11    25    9111.32    9    9106.21    1    1
(relay)    3    17    9128.92    9    9127.27    1    1
(relay)    5    48    9131.32    9    9121.91    1    1
(relay)    5    27    9155.32    9    9133.73    1    1
(relay)    5    12    9177.92    9    9161.01    5    1
(advertise)    4    9178.12    12    9
(relay)    3    8    9218.93    9    9216.99    3    1
(advertise)    4    9219.13    8    9
(relay)    3    9    9261.35    9    9259.54    3    1
(advertise)    4    9261.55    9    9
(relay)    5    19    9287.36    9    9268.92    3    1
(advertise)    4    9287.56    19    9
(relay)    5    47    9309.17    9    9283.08    1    1
(relay)    3    15    9311.77    9    9295.71    1    1
(relay)    11    11    9345.77    9    9345.17    5    1
(advertise)    4    9345.97    11    9
(relay)    3    0    9372.18    9    9365.15    5    1
(advertise)    4    9372.58    0    9
(relay)    5    20    9400.2    9    9385.89    3    1
(advertise)    4    9400.4    20    9
(relay)    11    13    9431.21    9    9430.17    5    1
(advertise)    4    9431.41    13    9
(relay)    3    3    9446.62    9    9445.99    5    1
(advertise)    4    9453.02    3    9
(relay)    5    6    9479.24    9    9465.25    7    1
(advertise)    4    9479.44    6    9
(relay)    3    2    9502.25    9    9452.97    3    1
(advertise)    4    9502.85    2    9
(relay)    11    43    9549.66    9    9542.03    1    1
(relay)    11    41    9649.86    9    9642.95    1    1
(relay)    11    45    9674.66    9    9657.34    1    1
(relay)    5    5    9704.86    9    9704.28    9    1
(advertise)    4    9705.06    5    9
(relay)    3    42    9763.08    9    9749.43    1    1
(relay)    3    7    9786.08    9    9781.09    3    1
(advertise)    4    9786.28    7    9
(relay)    3    14    9809.09    9    9787.86    1    1
(relay)    5    33    9846.29    9    9842.24    1    1
(relay)    11    40    9871.89    9    9868.94    1    1
(relay)    11    18    9900.89    9    9899.6    3    1
(advertise)    4    9901.09    18    9
(relay)    11    26    9925.5    9    9920.08    1    1
(relay)    3    1    9943.7    9    9942.16    5    1
(advertise)    4    9943.9    1    9
(relay)    11    16    9969.92    9    9899.2    1    1
(relay)    3    10    9990.12    9    9979.95    3    1
(advertise)    4    9990.32    10    9
(relay)    11    34    10013.73    9    9971.98    1    1
(generate)    4    10036.73    [24]    10
(relay)    11    25    10109.74    10    10106.29    1    1
(relay)    3    17    10128.34    10    10127.39    1    1
(relay)    11    32    10154.34    10    10108.63    1    1
(relay)    5    27    10156.34    10    10133.86    1    1
(relay)    11    48    10176.94    10    10121.92    1    1
(relay)    5    12    10179.94    10    10161.07    5    1
(advertise)    4    10180.14    12    10
(relay)    3    8    10218.15    10    10217.09    3    1
(advertise)    4    10218.35    8    10
(relay)    3    9    10262.17    10    10259.73    3    1
(advertise)    4    10262.37    9    10
(relay)    5    19    10285.18    10    10268.95    3    1
(advertise)    4    10285.78    19    10
(relay)    3    15    10316.79    10    10295.88    1    1
(relay)    11    11    10345.79    10    10345.18    5    1
(advertise)    4    10345.99    11    10
(relay)    3    0    10375.01    10    10365.15    5    1
(advertise)    4    10375.21    0    10
(relay)    11    20    10403.22    10    10385.9    3    1
(advertise)    4    10403.42    20    10
(relay)    11    13    10431.83    10    10430.24    5    1
(advertise)    4    10432.03    13    10
(relay)    3    3    10446.65    10    10446.09    5    1
(advertise)    4    10453.65    3    10
(relay)    3    2    10455.86    10    10453.0    5    1
(advertise)    4    10474.66    2    10
(relay)    5    6    10477.07    10    10465.45    7    1
(advertise)    4    10496.87    6    10
(relay)    11    43    10550.48    10    10542.06    1    1
(relay)    11    41    10650.08    10    10643.02    1    1
(relay)    11    45    10672.08    10    10657.41    1    1
(relay)    5    5    10704.88    10    10704.38    9    1
(advertise)    4    10705.08    5    10
(relay)    3    42    10759.1    10    10749.61    1    1
(relay)    3    7    10783.9    10    10781.18    3    1
(advertise)    4    10784.1    7    10
(relay)    3    14    10808.91    10    10787.87    1    1
(relay)    11    40    10875.91    10    10869.01    1    1
(relay)    11    18    10901.51    10    10899.79    3    1
(advertise)    4    10901.71    18    10
(relay)    11    16    10924.12    10    10899.34    1    1
(relay)    11    26    10945.72    10    10920.15    1    1
(relay)    3    1    10963.32    10    10942.24    5    1
(advertise)    4    10963.52    1    10
(relay)    3    10    10985.54    10    10980.04    3    1
(advertise)    4    10986.34    10    10
(relay)    5    34    11009.95    10    10972.04    1    1
(generate)    4    11036.75    [24]    11
(relay)    11    25    11109.96    11    11106.61    1    1
(relay)    3    17    11128.36    11    11127.51    1    1
(relay)    11    32    11151.76    11    11108.98    1    1
(relay)    5    27    11155.56    11    11133.98    1    1
(relay)    5    12    11178.56    11    11161.1    5    1
(advertise)    4    11178.76    12    11
(relay)    11    8    11217.98    11    11217.15    3    1
(advertise)    4    11218.18    8    11
(relay)    3    9    11262.19    11    11259.89    3    1
(advertise)    4    11262.39    9    11
(relay)    11    19    11286.4    11    11268.99    3    1
(advertise)    4    11286.6    19    11
(relay)    11    47    11306.81    11    11283.31    1    1
(relay)    3    15    11310.81    11    11296.03    1    1
(relay)    11    11    11345.81    11    11345.18    5    1
(advertise)    4    11346.01    11    11
(relay)    3    0    11373.83    11    11365.34    5    1
(advertise)    4    11374.03    0    11
(relay)    11    20    11398.24    11    11385.92    3    1
(advertise)    4    11399.24    20    11
(relay)    11    13    11432.45    11    11430.35    5    1
(advertise)    4    11432.65    13    11
(relay)    3    3    11447.27    11    11446.19    5    1
(advertise)    4    11453.67    3    11
(relay)    3    2    11457.28    11    11453.04    5    1
(advertise)    4    11475.28    2    11
(relay)    5    6    11477.89    11    11465.65    7    1
(advertise)    4    11497.29    6    11
(relay)    11    43    11550.51    11    11542.12    1    1
(relay)    5    41    11647.71    11    11643.08    1    1
(relay)    11    45    11673.51    11    11657.47    1    1
(relay)    5    5    11704.91    11    11704.45    9    1
(advertise)    4    11705.11    5    11
(relay)    3    44    11740.72    11    11726.28    1    1
(relay)    11    7    11783.92    11    11781.24    3    1
(advertise)    4    11784.12    7    11
(relay)    11    14    11809.93    11    11787.9    1    1
(relay)    3    42    11832.73    11    11749.81    1    1
(relay)    5    33    11843.73    11    11842.42    1    1
(relay)    11    40    11873.13    11    11869.08    1    1
(relay)    11    18    11901.53    11    11899.82    3    1
(advertise)    4    11901.73    18    11
(relay)    3    16    11903.54    11    11899.44    1    1
(relay)    11    26    11926.34    11    11920.21    1    1
(relay)    3    1    11943.34    11    11942.33    5    1
(advertise)    4    11943.54    1    11
(relay)    11    34    11977.16    11    11972.08    1    1
(relay)    3    10    11981.96    11    11980.12    3    1
(advertise)    4    11982.16    10    11
(relay)    11    46    12021.37    11    11947.98    1    1
(generate)    4    12036.77    [24]    12
(relay)    11    39    12080.18    11    12000.35    1    1
(relay)    11    25    12109.18    12    12106.74    1    1
(relay)    3    17    12129.18    12    12127.62    1    1
(relay)    5    48    12131.58    12    12121.94    1    1
(relay)    11    27    12157.38    12    12134.08    1    1
(relay)    11    12    12179.78    12    12161.19    5    1
(advertise)    4    12179.98    12    12
(relay)    3    8    12218.6    12    12217.24    3    1
(advertise)    4    12218.8    8    12
(relay)    3    9    12262.81    12    12259.9    3    1
(advertise)    4    12263.01    9    12
(relay)    11    19    12286.42    12    12269.03    3    1
(advertise)    4    12288.02    19    12
(relay)    11    47    12307.84    12    12283.34    1    1
(relay)    3    15    12310.44    12    12296.03    1    1
(relay)    11    11    12346.24    12    12345.21    5    1
(advertise)    4    12346.44    11    12
(relay)    3    0    12371.85    12    12365.34    5    1
(advertise)    4    12372.45    0    12
(relay)    5    20    12398.06    12    12385.94    3    1
(advertise)    4    12398.26    20    12
(relay)    11    13    12432.67    12    12430.45    5    1
(advertise)    4    12432.87    13    12
(relay)    3    3    12447.29    12    12446.27    5    1
(advertise)    4    12455.89    3    12
(relay)    5    6    12478.1    12    12465.83    7    1
(heartbeat)    24    3    12430.23    4    12478.9    4    4
(advertise)    4    12479.5    6    12
(advertise)    4    12503.11    24    3
(relay)    11    41    12646.73    12    12643.17    1    1
(relay)    11    45    12669.93    12    12657.77    1    1
(relay)    5    5    12705.53    12    12704.55    7    1
(advertise)    4    12705.73    5    12
(relay)    3    7    12801.74    12    12781.38    3    1
(advertise)    4    12801.94    7    12
(relay)    3    14    12824.95    12    12787.93    1    1
(relay)    11    33    12843.75    12    12842.6    1    1
(relay)    11    18    12902.15    12    12899.98    3    1
(advertise)    4    12902.35    18    12
(relay)    11    16    12924.37    12    12899.61    1    1
(relay)    11    26    12946.97    12    12920.29    1    1
(relay)    3    1    12955.57    12    12942.38    5    1
(advertise)    4    12955.77    1    12
(relay)    3    10    12982.58    12    12980.17    3    1
(advertise)    4    12982.78    10    12
(relay)    5    34    12984.59    12    12972.13    1    1
(generate)    4    13036.79    [24]    13
(relay)    11    25    13107.6    13    13106.84    1    1
(relay)    3    17    13129.8    13    13127.73    1    1
(relay)    5    27    13137.6    13    13134.18    1    1
(relay)    11    32    13153.4    13    13109.32    1    1
(relay)    5    12    13163.4    13    13161.21    5    1
(advertise)    4    13163.6    12    13
(relay)    3    8    13219.62    13    13217.3    3    1
(advertise)    4    13219.82    8    13
(relay)    11    9    13263.43    13    13260.09    3    1
(advertise)    4    13263.63    9    13
(relay)    5    19    13285.44    13    13269.22    3    1
(advertise)    4    13286.64    19    13
(relay)    5    47    13307.86    13    13283.44    1    1
(relay)    3    15    13311.46    13    13296.03    1    1
(relay)    11    11    13346.46    13    13345.37    5    1
(advertise)    4    13346.66    11    13
(relay)    11    0    13373.27    13    13365.53    3    1
(advertise)    4    13373.67    0    13
(relay)    11    20    13397.28    13    13385.97    3    1
(advertise)    4    13398.48    20    13
(relay)    11    13    13433.5    13    13430.56    5    1
(advertise)    4    13433.7    13    13
(relay)    3    3    13447.31    13    13446.35    5    1
(advertise)    4    13455.71    3    13
(relay)    11    2    13479.52    13    13453.12    3    1
(advertise)    4    13479.92    2    13
(relay)    5    6    13482.33    13    13465.98    7    1
(advertise)    4    13501.93    6    13
(relay)    5    41    13644.95    13    13643.24    1    1
(relay)    11    45    13671.55    13    13657.8    1    1
(relay)    5    5    13705.55    13    13704.6    7    1
(advertise)    4    13705.75    5    13
(relay)    11    44    13739.16    13    13726.5    1    1
(relay)    3    7    13785.96    13    13781.48    3    1
(advertise)    4    13786.16    7    13
(relay)    3    14    13808.77    13    13787.98    1    1
(relay)    5    33    13845.57    13    13842.77    1    1
(relay)    3    16    13901.37    13    13899.7    1    1
(relay)    5    18    13903.77    13    13900.16    1    1
(relay)    5    26    13925.97    13    13920.33    1    1
(relay)    3    1    13944.17    13    13942.46    5    1
(advertise)    4    13944.37    1    13
(relay)    5    34    13979.19    13    13972.15    1    1
(relay)    3    10    13982.39    13    13980.23    3    1
(advertise)    4    13982.59    10    13
(relay)    11    46    14023.0    13    13948.2    1    1
(generate)    4    14036.8    [24]    14
(relay)    11    25    14107.81    14    14106.94    1    1
(relay)    3    17    14130.01    14    14127.81    1    1
(relay)    11    32    14153.21    14    14109.46    1    1
(relay)    5    27    14157.61    14    14134.25    1    1
(relay)    5    12    14178.61    14    14161.33    5    1
(advertise)    4    14178.81    12    14
(relay)    3    8    14220.03    14    14217.4    3    1
(advertise)    4    14220.23    8    14
(relay)    3    9    14261.64    14    14260.24    3    1
(advertise)    4    14261.84    9    14
(relay)    11    19    14284.25    14    14269.24    3    1
(advertise)    4    14285.05    19    14
(relay)    3    15    14307.86    14    14296.21    1    1
(relay)    11    11    14346.46    14    14345.55    5    1
(advertise)    4    14346.66    11    14
(relay)    3    0    14372.88    14    14365.7    5    1
(advertise)    4    14373.28    0    14
(relay)    11    20    14397.89    14    14385.98    1    1
(relay)    3    13    14435.49    14    14430.66    3    1
(advertise)    4    14435.69    13    14
(relay)    3    3    14446.5    14    14446.41    5    1
(relay)    3    2    14456.3    14    14453.14    5    2
(advertise)    4    14457.7    3    14
(relay)    5    6    14478.92    14    14466.17    7    2
(advertise)    4    14479.92    2    14
(advertise)    4    14501.13    6    14
(relay)    11    41    14645.74    14    14643.3    1    1
(relay)    11    45    14672.94    14    14657.88    1    1
(relay)    5    5    14705.74    14    14704.68    7    1
(advertise)    4    14705.94    5    14
(relay)    11    7    14786.36    14    14781.55    3    1
(advertise)    4    14786.56    7    14
(relay)    3    14    14810.77    14    14788.0    1    1
(relay)    5    33    14853.97    14    14842.78    1    1
(relay)    5    40    14877.57    14    14869.24    1    1
(relay)    3    16    14900.77    14    14899.87    1    1
(relay)    11    18    14901.57    14    14900.3    3    1
(advertise)    4    14901.77    18    14
(relay)    3    1    14944.58    14    14942.55    5    1
(advertise)    4    14944.78    1    14
(relay)    11    34    14979.79    14    14972.18    1    1
(relay)    3    10    14981.59    14    14980.26    3    1
(advertise)    4    14981.79    10    14
(generate)    4    15036.81    [24]    15
(relay)    11    39    15079.02    14    15000.89    1    1
(relay)    11    25    15108.42    15    15107.05    1    1
(relay)    3    17    15130.82    15    15127.91    1    1
(relay)    5    48    15135.42    15    15122.32    1    1
(relay)    5    12    15162.82    15    15161.41    5    1
(advertise)    4    15163.02    12    15
(relay)    11    27    15173.63    15    15134.35    1    1
(relay)    3    8    15220.63    15    15217.43    3    1
(advertise)    4    15220.83    8    15
(relay)    3    9    15261.05    15    15260.43    3    1
(advertise)    4    15261.25    9    15
(relay)    11    19    15283.06    15    15269.26    3    1
(advertise)    4    15284.46    19    15
(relay)    11    47    15305.47    15    15283.61    1    1
(relay)    3    15    15307.87    15    15296.39    1    1
(relay)    11    11    15345.67    15    15345.55    5    1
(advertise)    4    15346.07    11    15
(relay)    3    0    15371.49    15    15365.86    5    1
(advertise)    4    15372.49    0    15
(relay)    5    20    15397.9    15    15385.99    3    1
(advertise)    4    15398.1    20    15
(relay)    5    13    15432.51    15    15430.74    5    1
(advertise)    4    15432.71    13    15
(relay)    3    3    15446.52    15    15446.48    5    1
(advertise)    4    15453.72    3    15
(relay)    3    2    15457.94    15    15453.15    5    1
(advertise)    4    15475.74    2    15
(relay)    11    6    15519.15    15    15466.36    1    1
(relay)    11    41    15646.15    15    15643.39    1    1
(relay)    11    45    15673.55    15    15657.94    1    1
(relay)    11    5    15707.35    15    15704.76    5    1
(advertise)    4    15707.55    5    15
(relay)    11    44    15763.36    15    15726.54    1    1
(relay)    3    7    15786.96    15    15781.66    3    1
(advertise)    4    15787.16    7    15
(relay)    3    14    15828.38    15    15788.05    1    1
(relay)    5    33    15846.98    15    15842.78    1    1
(relay)    11    40    15876.78    15    15869.27    1    1
(relay)    11    18    15900.78    15    15900.46    3    1
(advertise)    4    15900.98    18    15
(relay)    11    26    15925.59    15    15920.41    1    1
(relay)    3    1    15945.19    15    15942.6    5    1
(advertise)    4    15945.39    1    15
(relay)    11    16    15970.2    15    15899.94    1    1
(relay)    3    10    15990.8    15    15980.32    3    1
(advertise)    4    15991.0    10    15
(relay)    11    34    16015.02    15    15972.22    1    1
(generate)    4    16037.02    [24]    16
(relay)    11    25    16108.83    16    16107.14    1    1
(relay)    11    17    16130.83    16    16128.0    1    1
(relay)    11    48    16154.03    16    16122.32    1    1
(relay)    11    27    16175.43    16    16134.41    1    1
(relay)    5    12    16178.43    16    16161.48    5    1
(advertise)    4    16178.63    12    16
(relay)    3    8    16221.24    16    16217.47    3    1
(advertise)    4    16221.44    8    16
(relay)    3    9    16261.65    16    16260.6    3    1
(advertise)    4    16261.85    9    16
(relay)    11    19    16284.87    16    16269.45    3    1
(advertise)    4    16285.07    19    16
(relay)    11    47    16307.48    16    16283.69    1    1
(relay)    3    15    16309.08    16    16296.58    1    1
(relay)    11    11    16345.68    16    16345.57    5    1
(advertise)    4    16345.88    11    16
(relay)    11    0    16370.29    16    16366.03    3    1
(advertise)    4    16370.49    0    16
(relay)    11    20    16396.11    16    16386.18    3    1
(advertise)    4    16396.31    20    16
(relay)    5    13    16431.52    16    16430.83    5    1
(advertise)    4    16431.72    13    16
(relay)    3    3    16446.73    16    16446.54    5    1
(advertise)    4    16453.13    3    16
(heartbeat)    24    4    16430.24    4    16455.35    4    4
(advertise)    4    16475.95    24    4
(relay)    11    2    16523.36    16    16453.15    3    1
(advertise)    4    16523.56    2    16
(relay)    3    6    16529.57    16    16466.54    1    1
(relay)    11    41    16646.97    16    16643.46    1    1
(relay)    11    45    16674.17    16    16658.02    1    1
(relay)    5    5    16704.97    16    16704.83    7    1
(advertise)    4    16705.17    5    16
(relay)    11    44    16762.38    16    16726.56    1    1
(relay)    3    7    16785.18    16    16781.75    3    1
(advertise)    4    16785.38    7    16
(relay)    3    14    16807.6    16    16788.1    1    1
(relay)    11    33    16846.6    16    16842.96    1    1
(relay)    5    40    16874.2    16    16869.34    1    1
(relay)    11    16    16901.0    16    16900.09    1    1
(relay)    11    18    16924.0    16    16901.85    1    1
(relay)    3    1    16946.6    16    16942.69    5    1
(advertise)    4    16946.8    1    16
(relay)    11    26    16948.81    16    16920.46    1    1
(relay)    3    10    16980.81    16    16980.4    3    1
(advertise)    4    16981.01    10    16
(relay)    5    34    17003.42    16    16972.27    1    1
(generate)    4    17037.02    [24]    17
(relay)    11    25    17109.24    17    17107.22    1    1
(relay)    3    17    17131.44    17    17128.09    1    1
(relay)    5    48    17137.64    17    17122.51    1    1
(relay)    5    27    17159.24    17    17134.72    1    1
(relay)    5    12    17181.64    17    17161.56    5    1
(advertise)    4    17181.84    12    17
(relay)    11    8    17221.45    17    17217.53    3    1
(advertise)    4    17221.65    8    17
(relay)    11    9    17261.86    17    17260.74    3    1
(advertise)    4    17262.06    9    17
(relay)    11    19    17286.08    17    17269.49    3    1
(advertise)    4    17286.68    19    17
(relay)    11    47    17307.49    17    17283.8    1    1
(relay)    3    15    17310.09    17    17296.76    1    1
(relay)    11    11    17345.69    17    17345.6    5    1
(advertise)    4    17345.89    11    17
(relay)    3    0    17371.1    17    17366.04    5    1
(advertise)    4    17371.7    0    17
(relay)    11    20    17395.71    17    17386.22    3    1
(advertise)    4    17396.11    20    17
(relay)    11    13    17432.53    17    17430.94    5    1
(advertise)    4    17432.73    13    17
(relay)    3    3    17446.74    17    17446.62    5    1
(advertise)    4    17454.54    3    17
(relay)    3    2    17459.15    17    17453.17    5    1
(advertise)    4    17476.35    2    17
(relay)    5    6    17480.17    17    17466.55    7    1
(advertise)    4    17499.77    6    17
(relay)    11    41    17648.98    17    17643.53    1    1
(relay)    5    5    17704.98    17    17704.93    7    1
(advertise)    4    17705.18    5    17
(relay)    3    7    17783.99    17    17781.85    3    1
(advertise)    4    17784.19    7    17
(relay)    3    14    17809.01    17    17788.12    1    1
(relay)    11    33    17854.41    17    17843.12    1    1
(relay)    11    40    17874.61    17    17869.38    1    1
(relay)    3    16    17902.61    17    17900.23    1    1
(relay)    5    18    17904.81    17    17901.99    1    1
(relay)    5    26    17929.41    17    17920.52    1    1
(relay)    3    1    17949.41    17    17942.74    5    1
(advertise)    4    17949.61    1    17
(relay)    3    10    17981.22    17    17980.46    3    1
(advertise)    4    17981.42    10    17
(relay)    11    34    18011.63    17    17972.3    1    1
(generate)    4    18037.03    [24]    18
(relay)    11    25    18109.84    18    18107.28    1    1
(relay)    3    17    18130.64    18    18128.16    1    1
(relay)    5    48    18137.04    18    18122.51    1    1
(relay)    11    32    18154.64    18    18110.07    1    1
(relay)    5    12    18162.44    18    18161.61    5    1
(advertise)    4    18162.64    12    18
(relay)    3    8    18221.26    18    18217.57    3    1
(advertise)    4    18221.46    8    18
(relay)    11    27    18225.27    18    18135.01    1    1
(relay)    3    9    18262.27    18    18260.91    3    1
(advertise)    4    18262.47    9    18
(relay)    5    19    18286.28    18    18269.65    3    1
(advertise)    4    18286.88    19    18
(relay)    3    15    18312.5    18    18296.92    1    1
(relay)    11    11    18345.9    18    18345.77    5    1
(advertise)    4    18346.1    11    18
(relay)    3    0    18371.71    18    18366.24    5    1
(advertise)    4    18372.11    0    18
(relay)    11    20    18398.92    18    18386.23    3    1
(advertise)    4    18399.12    20    18
(relay)    11    13    18431.74    18    18430.99    5    1
(advertise)    4    18431.94    13    18
(relay)    3    3    18447.35    18    18446.7    5    1
(advertise)    4    18453.55    3    18
(relay)    3    2    18455.36    18    18453.2    5    1
(advertise)    4    18474.96    2    18
(relay)    5    6    18480.37    18    18466.72    7    1
(advertise)    4    18499.57    6    18
(relay)    11    41    18649.59    18    18643.59    1    1
(relay)    5    5    18704.99    18    18704.98    7    1
(advertise)    4    18705.19    5    18
(relay)    11    44    18756.8    18    18726.6    1    1
(relay)    3    7    18783.2    18    18781.92    3    1
(advertise)    4    18783.4    7    18
(relay)    3    14    18808.21    18    18788.13    1    1
(relay)    11    33    18867.61    18    18843.31    1    1
(relay)    11    40    18890.01    18    18869.42    1    1
(relay)    11    16    18912.41    18    18900.38    1    1
(relay)    5    18    18915.61    18    18902.14    1    1
(relay)    5    26    18939.21    18    18920.58    1    1
(relay)    3    1    18957.61    18    18942.8    5    1
(advertise)    4    18957.81    1    18
(relay)    3    10    18982.03    18    18980.52    3    1
(advertise)    4    18982.23    10    18
(relay)    11    34    19022.64    18    18972.32    1    1
(generate)    4    19037.04    [24]    19
(relay)    11    25    19110.45    19    19107.33    1    1
(relay)    3    17    19128.85    19    19128.26    1    1
(relay)    11    32    19153.45    19    19110.22    1    1
(relay)    5    27    19156.45    19    19135.11    1    1
(relay)    11    48    19177.45    19    19122.71    1    1
(relay)    5    12    19177.85    19    19161.63    5    1
(advertise)    4    19178.05    12    19
(relay)    3    8    19218.47    19    19217.61    3    1
(advertise)    4    19218.67    8    19
(relay)    11    9    19263.68    19    19261.08    3    1
(advertise)    4    19263.88    9    19
(relay)    3    19    19290.29    19    19269.67    1    1
(relay)    3    15    19311.49    19    19297.11    1    1
(relay)    11    11    19346.49    19    19345.96    5    1
(advertise)    4    19346.69    11    19
(relay)    3    0    19375.1    19    19366.41    5    1
(advertise)    4    19375.3    0    19
(relay)    5    20    19401.72    19    19386.42    3    1
(advertise)    4    19401.92    20    19
(relay)    11    13    19432.53    19    19431.05    5    1
(advertise)    4    19432.73    13    19
(relay)    3    3    19447.34    19    19446.76    5    1
(advertise)    4    19456.54    3    19
(relay)    5    6    19479.96    19    19466.91    7    1
(advertise)    4    19480.36    6    19
(relay)    11    41    19650.37    19    19643.65    1    1
(relay)    5    5    19705.57    19    19705.02    7    1
(advertise)    4    19705.77    5    19
(relay)    11    44    19744.58    19    19726.61    1    1
(relay)    3    7    19783.78    19    19781.98    3    1
(advertise)    4    19783.98    7    19
(relay)    3    14    19808.6    19    19788.13    1    1
(relay)    11    33    19859.0    19    19843.49    1    1
(relay)    11    40    19882.0    19    19869.47    1    1
(relay)    3    16    19904.2    19    19900.55    1    1
(relay)    5    18    19905.8    19    19902.25    1    1
(relay)    5    26    19929.4    19    19920.64    1    1
(relay)    3    1    19951.4    19    19943.09    5    1
(advertise)    4    19951.6    1    19
(relay)    5    34    19979.21    19    19972.37    1    1
(relay)    3    10    19981.81    19    19980.55    3    1
(advertise)    4    19982.01    10    19
(generate)    4    20037.22    [24]    20
(relay)    11    39    20061.03    19    20001.6    1    1
(relay)    11    25    20110.83    20    20107.42    1    1
(relay)    3    17    20129.03    20    20128.36    1    1
(relay)    5    48    20131.63    20    20122.88    1    1
(relay)    11    27    20155.83    20    20135.21    1    1
(relay)    11    12    20177.23    20    20161.67    5    1
(advertise)    4    20177.43    12    20
(relay)    3    8    20218.65    20    20217.67    3    1
(advertise)    4    20218.85    8    20
(relay)    5    9    20265.66    20    20261.27    1    1
(relay)    11    19    20286.86    20    20269.86    3    1
(advertise)    4    20287.06    19    20
(relay)    11    47    20308.87    20    20284.06    1    1
(relay)    11    15    20333.07    20    20297.13    1    1
(relay)    11    11    20346.47    20    20345.97    5    1
(advertise)    4    20346.67    11    20
(relay)    3    0    20374.29    20    20366.6    5    1
(advertise)    4    20374.49    0    20
(relay)    5    20    20402.9    20    20386.44    3    1
(advertise)    4    20403.1    20    20
(relay)    11    13    20432.71    20    20431.12    5    1
(advertise)    4    20432.91    13    20
(relay)    3    3    20447.33    20    20446.82    5    1
(heartbeat)    24    5    20430.25    4    20455.33    4    4
(relay)    3    2    20455.53    20    20453.22    5    3
(advertise)    4    20455.93    3    20
(advertise)    4    20478.54    24    5
(relay)    5    6    20479.75    20    20467.11    7    2
(advertise)    4    20500.55    2    20
(advertise)    4    20521.96    6    20
(relay)    11    41    20650.38    20    20643.74    1    1
(relay)    5    5    20705.78    20    20705.13    7    1
(advertise)    4    20705.98    5    20
(relay)    3    7    20785.59    20    20782.12    3    1
(advertise)    4    20785.79    7    20
(relay)    3    14    20808.6    20    20788.17    1    1
(relay)    11    33    20846.8    20    20843.49    1    1
(relay)    11    40    20872.2    20    20869.53    1    1
(relay)    11    18    20904.2    20    20902.4    3    1
(advertise)    4    20904.4    18    20
(relay)    11    16    20927.02    20    20900.68    1    1
(relay)    5    26    20948.22    20    20920.7    1    1
(relay)    11    1    20974.02    20    20943.17    1    1
(relay)    5    34    20977.02    20    20972.38    1    1
(relay)    3    10    20982.22    20    20980.6    3    1
(advertise)    4    20982.42    10    20
(generate)    4    21037.23    [24]    21
(relay)    11    39    21063.24    20    21001.99    1    1
(relay)    11    25    21109.84    21    21107.5    1    1
(relay)    3    17    21129.24    21    21128.48    1    1
(relay)    5    48    21132.84    21    21123.05    1    1
(relay)    11    32    21153.44    21    21110.54    1    1
(relay)    5    27    21158.04    21    21135.29    1    1
(relay)    5    12    21180.24    21    21161.74    5    1
(advertise)    4    21180.44    12    21
(relay)    3    8    21218.86    21    21217.74    3    1
(advertise)    4    21219.06    8    21
(relay)    3    9    21264.47    21    21261.46    3    1
(advertise)    4    21264.67    9    21
(relay)    5    19    21290.08    21    21269.86    3    1
(advertise)    4    21290.48    19    21
(relay)    11    47    21312.09    21    21284.16    1    1
(relay)    3    15    21312.89    21    21297.32    1    1
(relay)    11    11    21346.49    21    21345.97    5    1
(advertise)    4    21346.69    11    21
(relay)    3    0    21373.51    21    21366.78    5    1
(advertise)    4    21373.71    0    21
(relay)    5    20    21397.92    21    21386.48    3    1
(advertise)    4    21398.52    20    21
(relay)    11    13    21433.33    21    21431.21    5    1
(advertise)    4    21433.53    13    21
(relay)    3    3    21447.95    21    21446.9    5    1
(advertise)    4    21454.55    3    21
(relay)    5    6    21477.36    21    21467.12    7    1
(advertise)    4    21477.76    6    21
(relay)    11    2    21478.97    21    21453.25    3    1
(advertise)    4    21499.57    2    21
(relay)    5    41    21648.39    21    21643.8    1    1
(relay)    5    5    21705.79    21    21705.23    7    1
(advertise)    4    21705.99    5    21
(relay)    3    7    21785.6    21    21782.22    3    1
(advertise)    4    21785.8    7    21
(relay)    3    14    21810.61    21    21788.36    1    1
(relay)    11    33    21846.61    21    21843.67    1    1
(relay)    11    40    21872.61    21    21869.58    1    1
(relay)    11    18    21904.41    21    21902.54    3    1
(advertise)    4    21904.61    18    21
(relay)    3    16    21905.82    21    21900.83    1    1
(relay)    11    26    21949.62    21    21920.73    1    1
(relay)    3    1    21958.62    21    21943.26    5    1
(advertise)    4    21958.82    1    21
(relay)    3    10    21983.44    21    21980.64    3    1
(advertise)    4    21983.64    10    21
(relay)    11    34    22014.65    21    21972.41    1    1
(generate)    4    22037.25    [24]    22
(relay)    11    39    22083.26    21    22002.0    1    1
(relay)    11    25    22110.46    22    22107.55    1    1
(relay)    3    17    22130.06    22    22128.57    1    1
(relay)    5    48    22133.26    22    22123.22    1    1
(relay)    11    32    22155.26    22    22110.66    1    1
(relay)    5    27    22157.26    22    22135.37    1    1
(relay)    5    12    22179.26    22    22161.79    5    1
(advertise)    4    22179.46    12    22
(relay)    3    8    22219.08    22    22217.8    3    1
(advertise)    4    22219.28    8    22
(relay)    3    9    22265.29    22    22261.65    3    1
(advertise)    4    22265.49    9    22
(relay)    11    19    22288.3    22    22270.04    3    1
(advertise)    4    22288.7    19    22
(relay)    11    11    22347.12    22    22346.15    5    1
(advertise)    4    22347.32    11    22
(relay)    11    20    22388.73    22    22386.68    3    1
(advertise)    4    22388.93    20    22
(relay)    11    0    22411.74    22    22366.95    3    1
(advertise)    4    22411.94    0    22
(relay)    5    13    22435.15    22    22431.29    5    1
(advertise)    4    22436.75    13    22
(relay)    3    3    22447.97    22    22446.98    5    1
(advertise)    4    22459.17    3    22
(relay)    5    6    22480.58    22    22467.29    7    1
(advertise)    4    22481.38    6    22
(relay)    11    2    22506.19    22    22453.27    3    1
(advertise)    4    22506.59    2    22
(relay)    5    5    22706.21    22    22705.29    7    1
(advertise)    4    22706.41    5    22
(relay)    3    7    22786.22    22    22782.26    3    1
(advertise)    4    22786.42    7    22
(relay)    3    14    22809.43    22    22788.37    1    1
(relay)    11    33    22845.23    22    22843.84    1    1
(relay)    11    40    22875.23    22    22869.81    1    1
(relay)    3    16    22904.63    22    22900.93    1    1
(relay)    11    18    22905.03    22    22902.65    3    1
(advertise)    4    22905.23    18    22
(relay)    11    26    22928.65    22    22920.76    1    1
(relay)    3    1    22949.85    22    22943.35    5    1
(advertise)    4    22950.05    1    22
(relay)    11    34    22979.46    22    22972.42    1    1
(relay)    3    10    22982.86    22    22980.69    3    1
(advertise)    4    22983.06    10    22
(relay)    11    46    23023.67    22    22948.36    1    1
(generate)    4    23037.27    [24]    23
(relay)    11    39    23073.88    22    23002.17    1    1
(relay)    11    25    23109.28    23    23107.63    1    1
(relay)    3    17    23130.68    23    23128.65    1    1
(relay)    5    48    23133.68    23    23123.41    1    1
(relay)    11    32    23156.68    23    23110.8    1    1
(relay)    5    27    23158.28    23    23135.4    1    1
(relay)    5    12    23180.08    23    23161.83    5    1
(advertise)    4    23180.28    12    23
(relay)    3    8    23220.7    23    23217.83    3    1
(advertise)    4    23220.9    8    23
(relay)    3    9    23264.31    23    23261.82    3    1
(advertise)    4    23264.51    9    23
(relay)    5    19    23286.92    23    23270.2    3    1
(advertise)    4    23287.72    19    23
(relay)    11    47    23310.54    23    23284.33    1    1
(relay)    3    15    23311.34    23    23297.68    1    1
(relay)    11    11    23347.34    23    23346.32    5    1
(advertise)    4    23347.54    11    23
(relay)    3    0    23372.55    23    23367.13    5    1
(advertise)    4    23372.75    0    23
(relay)    11    20    23396.36    23    23386.71    1    1
(relay)    11    13    23434.36    23    23431.39    5    1
(advertise)    4    23434.56    13    23
(relay)    3    3    23447.98    23    23447.04    5    1
(advertise)    4    23457.58    3    23
(relay)    3    2    23464.79    23    23453.29    5    1
(advertise)    4    23479.99    2    23
(relay)    5    6    23481.2    23    23467.46    7    1
(advertise)    4    23502.8    6    23
(relay)    5    41    23645.81    23    23643.91    1    1
(relay)    5    5    23706.41    23    23705.42    7    1
(advertise)    4    23706.61    5    23
(relay)    3    14    23808.43    23    23788.39    1    1
(relay)    11    33    23853.03    23    23843.85    1    1
(relay)    3    16    23902.23    23    23901.11    1    1
(relay)    5    18    23904.63    23    23902.79    1    1
(relay)    5    26    23929.23    23    23920.8    1    1
(relay)    3    1    23945.43    23    23943.42    5    1
(advertise)    4    23945.63    1    23
(relay)    5    34    23979.84    23    23972.44    1    1
(relay)    3    10    23982.84    23    23980.7    3    1
(advertise)    4    23983.04    10    23
(generate)    4    24037.45    [24]    24
(relay)    11    25    24108.27    24    24107.64    1    1
(relay)    5    48    24135.87    24    24123.61    1    1
(relay)    11    17    24154.87    24    24128.75    1    1
(relay)    5    27    24160.07    24    24135.46    1    1
(relay)    5    12    24182.27    24    24161.91    5    1
(advertise)    4    24182.47    12    24
(relay)    3    8    24220.68    24    24217.91    3    1
(advertise)    4    24220.88    8    24
(relay)    3    9    24262.69    24    24261.99    3    1
(advertise)    4    24262.89    9    24
(relay)    5    19    24285.71    24    24270.39    3    1
(advertise)    4    24287.11    19    24
(relay)    5    47    24308.52    24    24284.4    1    1
(relay)    3    15    24309.92    24    24297.86    1    1
(relay)    11    11    24347.52    24    24346.5    5    1
(advertise)    4    24347.72    11    24
(relay)    3    0    24373.53    24    24367.14    5    1
(advertise)    4    24373.73    0    24
(relay)    11    20    24397.54    24    24386.71    3    1
(advertise)    4    24397.74    20    24
(heartbeat)    24    6    24430.27    4    24440.36    4    4
(advertise)    4    24440.56    24    6
(relay)    3    3    24447.17    24    24447.08    5    1
(relay)    3    2    24461.37    24    24453.48    5    2
(advertise)    4    24463.17    3    24
(relay)    3    13    24484.78    24    24431.47    1    2
(advertise)    4    24485.18    2    24
(relay)    5    6    24488.6    24    24467.65    7    1
(advertise)    4    24506.6    6    24
(relay)    11    41    24646.21    24    24643.98    1    1
(relay)    5    5    24706.61    24    24705.52    7    1
(advertise)    4    24706.81    5    24
(relay)    3    7    24788.42    24    24782.42    3    1
(advertise)    4    24788.62    7    24
(relay)    3    14    24810.04    24    24788.4    1    1
(relay)    11    33    24846.44    24    24844.02    1    1
(relay)    11    40    24875.64    24    24869.92    1    1
(relay)    11    16    24903.04    24    24901.24    1    1
(relay)    5    18    24904.84    24    24902.93    1    1
(relay)    5    26    24929.44    24    24920.88    1    1
(relay)    3    1    24948.04    24    24943.49    5    1
(advertise)    4    24948.24    1    24
(relay)    5    34    24980.05    24    24972.46    1    1
(relay)    11    10    25016.45    24    24980.76    3    1
(advertise)    4    25016.65    10    24
(generate)    4    25037.46    [24]    25
(relay)    11    25    25108.87    25    25107.73    1    1
(relay)    3    17    25132.27    25    25128.82    1    1
(relay)    11    48    25155.87    25    25123.78    1    1
(relay)    5    27    25158.27    25    25135.55    1    1
(relay)    11    32    25176.07    25    25111.08    1    1
(relay)    5    12    25179.47    25    25162.01    5    1
(advertise)    4    25179.67    12    25
(relay)    3    8    25221.29    25    25217.95    3    1
(advertise)    4    25221.49    8    25
(relay)    11    9    25265.1    25    25262.16    3    1
(advertise)    4    25265.3    9    25
(relay)    5    19    25288.51    25    25270.57    3    1
(advertise)    4    25289.11    19    25
(relay)    3    15    25312.13    25    25298.04    1    1
(relay)    11    11    25346.73    25    25346.69    5    1
(advertise)    4    25346.93    11    25
(relay)    3    0    25371.14    25    25367.32    5    1
(advertise)    4    25371.74    0    25
(relay)    11    20    25397.35    25    25386.75    3    1
(advertise)    4    25397.55    20    25
(relay)    11    13    25434.17    25    25431.58    5    1
(advertise)    4    25434.37    13    25
(relay)    3    3    25447.18    25    25447.16    5    1
(advertise)    4    25457.58    3    25
(relay)    3    2    25458.79    25    25453.49    5    1
(advertise)    4    25479.59    2    25
(relay)    5    6    25481.8    25    25467.67    7    1
(advertise)    4    25501.4    6    25
(relay)    11    41    25647.22    25    25644.04    1    1
(relay)    5    5    25705.62    25    25705.6    7    1
(advertise)    4    25705.82    5    25
(relay)    3    7    25787.83    25    25782.51    3    1
(advertise)    4    25788.03    7    25
(relay)    3    14    25809.64    25    25788.41    1    1
(relay)    11    33    25847.84    25    25844.2    1    1
(relay)    11    40    25877.04    25    25869.97    1    1
(relay)    11    16    25903.44    25    25901.36    1    1
(relay)    11    18    25942.04    25    25903.05    1    1
(relay)    3    1    25965.04    25    25943.58    5    1
(advertise)    4    25965.24    1    25
(relay)    3    10    25987.06    25    25980.82    3    1
(advertise)    4    25987.46    10    25
(relay)    5    34    26012.67    25    25972.47    1    1
(generate)    4    26037.47    [24]    26
(relay)    11    25    26109.08    26    26107.85    1    1
(relay)    3    17    26132.28    26    26128.91    1    1
(relay)    5    48    26138.08    26    26123.97    1    1
(relay)    5    27    26160.08    26    26135.61    1    1
(relay)    5    12    26181.08    26    26162.04    5    1
(advertise)    4    26181.28    12    26
(relay)    3    8    26222.3    26    26218.01    3    1
(advertise)    4    26222.5    8    26
(relay)    11    9    26265.51    26    26262.32    3    1
(advertise)    4    26265.71    9    26
(relay)    11    19    26288.92    26    26270.76    3    1
(advertise)    4    26289.32    19    26
(relay)    3    15    26313.13    26    26298.19    1    1
(relay)    11    11    26346.93    26    26346.87    5    1
(advertise)    4    26347.13    11    26
(relay)    3    0    26371.95    26    26367.51    5    1
(advertise)    4    26372.35    0    26
(relay)    11    20    26398.56    26    26386.94    3    1
(advertise)    4    26399.36    20    26
(relay)    5    13    26432.37    26    26431.65    5    1
(advertise)    4    26432.57    13    26
(relay)    3    3    26447.39    26    26447.22    5    1
(relay)    3    2    26455.39    26    26453.51    5    2
(advertise)    4    26455.79    3    26
(advertise)    4    26478.8    2    26
(relay)    11    6    26502.21    26    26467.85    5    1
(advertise)    4    26502.81    6    26
(relay)    11    41    26647.43    26    26644.1    1    1
(relay)    5    5    26705.83    26    26705.68    7    1
(advertise)    4    26706.03    5    26
(relay)    3    7    26786.24    26    26782.54    3    1
(advertise)    4    26786.44    7    26
(relay)    3    14    26810.25    26    26788.59    1    1
(relay)    11    33    26848.45    26    26844.39    1    1
(relay)    5    40    26873.85    26    26869.99    1    1
(relay)    11    18    26904.25    26    26903.19    3    1
(advertise)    4    26904.45    18    26
(relay)    11    16    26925.46    26    26901.5    1    1
(relay)    3    1    26952.26    26    26943.64    5    1
(advertise)    4    26952.46    1    26
(relay)    3    10    26981.28    26    26980.87    3    1
(advertise)    4    26981.48    10    26
(relay)    11    34    27012.69    26    26973.68    1    1
(generate)    4    27037.49    [24]    27
(relay)    11    25    27110.1    27    27107.96    1    1
(relay)    11    17    27132.1    27    27128.98    1    1
(relay)    5    48    27135.9    27    27123.98    1    1
(relay)    5    27    27159.3    27    27135.68    1    1
(relay)    5    12    27180.9    27    27162.07    5    1
(advertise)    4    27181.1    12    27
(relay)    11    8    27222.32    27    27218.05    3    1
(advertise)    4    27222.52    8    27
(relay)    3    9    27264.13    27    27262.5    3    1
(advertise)    4    27264.33    9    27
(relay)    11    19    27286.14    27    27270.91    3    1
(advertise)    4    27286.34    19    27
(relay)    3    15    27303.16    27    27298.3    1    1
(relay)    11    11    27347.16    27    27347.01    5    1
(advertise)    4    27347.36    11    27
(relay)    11    0    27371.77    27    27367.66    3    1
(advertise)    4    27372.17    0    27
(relay)    11    20    27397.18    27    27386.95    3    1
(advertise)    4    27397.78    20    27
(relay)    5    13    27432.59    27    27431.72    5    1
(advertise)    4    27432.79    13    27
(relay)    3    3    27447.81    27    27447.28    5    1
(advertise)    4    27455.21    3    27
(relay)    3    2    27456.62    27    27453.53    5    1
(advertise)    4    27476.22    2    27
(relay)    11    6    27500.43    27    27468.02    5    1
(advertise)    4    27500.83    6    27
(relay)    11    41    27650.25    27    27644.19    1    1
(relay)    5    5    27705.85    27    27705.75    7    1
(advertise)    4    27706.05    5    27
(relay)    3    7    27786.26    27    27782.6    3    1
(advertise)    4    27786.46    7    27
(relay)    3    14    27811.07    27    27788.77    1    1
(relay)    11    33    27855.07    27    27844.58    1    1
(relay)    11    40    27876.67    27    27870.03    1    1
(relay)    11    16    27904.07    27    27901.58    1    1
(relay)    5    18    27905.87    27    27903.33    1    1
(relay)    11    26    27950.07    27    27920.99    1    1
(relay)    3    1    27963.07    27    27943.72    3    1
(advertise)    4    27963.27    1    27
(relay)    3    10    27986.09    27    27980.9    3    1
(advertise)    4    27986.29    10    27
(relay)    5    34    28010.5    27    27973.7    1    1
(generate)    4    28037.5    [24]    28
(relay)    11    39    28079.51    27    28003.05    1    1
(relay)    11    25    28110.71    28    28108.06    1    1
(relay)    3    17    28130.71    28    28129.03    1    1
(relay)    5    48    28134.11    28    28124.17    1    1
(relay)    5    27    28156.51    28    28135.75    1    1
(relay)    5    12    28180.11    28    28162.09    5    1
(advertise)    4    28180.31    12    28
(relay)    3    8    28220.92    28    28218.09    3    1
(advertise)    4    28221.12    8    28
(relay)    11    9    28264.34    28    28262.69    3    1
(advertise)    4    28264.54    9    28
(relay)    11    19    28287.75    28    28270.93    3    1
(advertise)    4    28288.15    19    28
(relay)    3    15    28304.56    28    28298.44    1    1
(relay)    11    47    28310.36    28    28284.76    1    1
(relay)    11    11    28347.76    28    28347.2    5    1
(advertise)    4    28347.96    11    28
(relay)    3    0    28373.18    28    28367.84    5    1
(advertise)    4    28373.38    0    28
(relay)    11    20    28401.59    28    28386.96    3    1
(advertise)    4    28401.79    20    28
(relay)    11    13    28432.6    28    28431.81    5    1
(advertise)    4    28432.8    13    28
(relay)    3    3    28447.82    28    28447.32    5    1
(advertise)    4    28454.42    3    28
(heartbeat)    24    7    28430.28    4    28479.63    4    4
(advertise)    4    28479.83    24    7
(relay)    11    6    28501.04    28    28468.22    5    1
(advertise)    4    28502.04    6    28
(relay)    11    2    28524.05    28    28453.55    3    1
(advertise)    4    28524.65    2    28
(relay)    11    41    28650.07    28    28644.26    1    1
(relay)    5    5    28706.47    28    28705.85    7    1
(advertise)    4    28706.67    5    28
(relay)    3    7    28783.88    28    28782.66    3    1
(advertise)    4    28784.08    7    28
(relay)    3    14    28807.89    28    28788.78    1    1
(relay)    5    33    28848.89    28    28844.77    1    1
(relay)    11    40    28874.49    28    28870.11    1    1
(relay)    11    18    28904.29    28    28903.49    3    1
(advertise)    4    28904.49    18    28
(relay)    11    26    28929.31    28    28921.05    1    1
(relay)    11    16    28950.31    28    28901.76    1    1
(relay)    3    1    28951.71    28    28943.8    5    1
(advertise)    4    28951.91    1    28
(relay)    5    34    28981.92    28    28973.73    1    1
(relay)    3    10    28982.12    28    28980.97    3    1
(advertise)    4    28982.32    10    28
(relay)    11    46    29036.33    28    28948.64    1    1
(generate)    4    29037.53    [24]    29
(relay)    11    39    29081.55    28    29003.24    1    1
(relay)    11    25    29110.75    29    29108.17    1    1
(relay)    3    17    29129.75    29    29129.15    1    1
(relay)    5    48    29134.95    29    29124.18    1    1
(relay)    11    32    29153.35    29    29111.68    1    1
(relay)    5    27    29159.35    29    29135.84    1    1
(relay)    5    12    29181.95    29    29162.19    5    1
(advertise)    4    29182.15    12    29
(relay)    3    8    29219.16    29    29218.14    3    1
(advertise)    4    29219.36    8    29
(relay)    3    9    29264.77    29    29262.71    3    1
(advertise)    4    29264.97    9    29
(relay)    3    19    29291.98    29    29270.94    1    1
(relay)    5    47    29309.38    29    29284.86    1    1
(relay)    3    15    29312.98    29    29298.61    1    1
(relay)    11    11    29347.78    29    29347.24    5    1
(advertise)    4    29347.98    11    29
(relay)    3    0    29373.0    29    29368.01    5    1
(advertise)    4    29373.4    0    29
(relay)    5    20    29399.81    29    29386.99    3    1
(advertise)    4    29400.01    20    29
(relay)    11    13    29433.62    29    29431.9    5    1
(advertise)    4    29433.82    13    29
(relay)    3    3    29448.04    29    29447.4    5    1
(advertise)    4    29454.84    3    29
(relay)    5    6    29480.05    29    29468.23    7    1
(advertise)    4    29480.45    6    29
(relay)    11    41    29650.26    29    29644.29    1    1
(relay)    5    5    29706.46    29    29705.95    7    1
(advertise)    4    29706.66    5    29
(relay)    3    7    29785.08    29    29782.75    3    1
(advertise)    4    29785.28    7    29
(relay)    3    14    29810.09    29    29788.81    1    1
(relay)    5    33    29852.89    29    29844.77    1    1
(relay)    11    40    29877.69    29    29870.17    1    1
(relay)    11    18    29904.89    29    29903.67    3    1
(advertise)    4    29905.09    18    29
(relay)    11    16    29928.5    29    29901.91    1    1
(relay)    5    26    29930.1    29    29921.07    1    1
(relay)    3    1    29948.7    29    29943.87    5    1
(advertise)    4    29948.9    1    29
(relay)    5    34    29978.51    29    29973.74    1    1
(relay)    3    10    29982.31    29    29981.03    3    1
(advertise)    4    29982.51    10    29
