(relay)    41    4    1038.8    1    1036.0    120    1
(advertise)    40    1039.0    4    1
(relay)    39    32    1105.41    1    1105.01    126    1
(advertise)    40    1105.61    32    1
(relay)    47    48    1127.43    1    1121.03    126    1
(relay)    39    25    1128.23    1    1105.01    123    2
(advertise)    40    1128.83    48    1
(advertise)    40    1151.24    25    1
(relay)    41    17    1152.65    1    1126.03    121    1
(relay)    33    27    1152.85    1    1132.04    125    2
(advertise)    40    1173.05    17    1
(advertise)    40    1194.67    27    1
(relay)    33    12    1196.88    1    1160.05    124    1
(advertise)    40    1216.48    12    1
(relay)    39    8    1249.29    1    1216.08    120    1
(advertise)    40    1249.49    8    1
(relay)    33    19    1271.3    1    1268.09    125    1
(advertise)    40    1271.5    19    1
(relay)    47    47    1282.32    1    1282.12    127    1
(advertise)    40    1292.92    47    1
(relay)    39    9    1294.53    1    1258.09    121    1
(advertise)    40    1316.13    9    1
(relay)    39    38    1338.74    1    1306.12    126    1
(advertise)    40    1338.94    38    1
(relay)    39    36    1360.56    1    1345.16    124    1
(advertise)    40    1363.16    36    1
(relay)    33    15    1365.17    1    1294.32    121    1
(advertise)    40    1384.17    15    1
(relay)    39    23    1407.58    1    1367.17    123    1
(advertise)    40    1407.78    23    1
(relay)    33    11    1410.0    1    1343.16    123    1
(advertise)    40    1429.2    11    1
(relay)    39    29    1451.61    1    1358.16    121    1
(relay)    33    20    1452.81    1    1385.17    124    2
(advertise)    40    1453.21    29    1
(advertise)    40    1475.42    20    1
(relay)    41    13    1500.43    1    1429.18    123    1
(advertise)    40    1501.03    13    1
(relay)    47    3    1503.85    1    1445.01    117    1
(advertise)    40    1522.65    3    1
(relay)    41    6    1544.86    1    1464.18    122    1
(advertise)    40    1545.46    6    1
(relay)    33    2    1567.67    1    1452.02    118    1
(advertise)    40    1567.87    2    1
(relay)    33    43    1594.09    1    1541.06    121    1
(advertise)    40    1594.29    43    1
(relay)    33    22    1618.1    1    1599.1    122    1
(advertise)    40    1618.3    22    1
(relay)    41    41    1642.31    1    1642.11    127    1
(advertise)    40    1643.11    41    1
(relay)    39    45    1667.13    1    1655.13    125    1
(advertise)    40    1667.53    45    1
(relay)    39    31    1690.74    1    1687.13    125    1
(advertise)    40    1692.74    31    1
(relay)    33    5    1720.55    1    1703.15    123    1
(advertise)    40    1720.75    5    1
(relay)    33    35    1743.56    1    1660.13    115    1
(advertise)    40    1743.76    35    1
(relay)    39    44    1766.98    1    1725.15    124    1
(advertise)    40    1768.38    44    1
(relay)    47    30    1792.39    1    1735.16    122    1
(advertise)    40    1792.99    30    1
(relay)    39    42    1815.6    1    1748.13    120    1
(advertise)    40    1816.0    42    1
(relay)    33    7    1819.82    1    1780.0    119    1
(advertise)    40    1839.82    7    1
(relay)    33    33    1841.63    1    1841.0    127    1
(relay)    39    14    1859.43    1    1787.0    116    2
(advertise)    40    1862.63    33    1
(generate)    40    1868.04    [24]    1
(advertise)    40    1886.06    14    1
(relay)    33    26    1919.27    1    1919.06    126    1
(advertise)    40    1919.47    26    1
(relay)    39    28    1924.88    1    1838.03    122    1
(relay)    33    18    1941.48    1    1898.06    124    2
(advertise)    40    1942.68    28    1
(advertise)    40    1964.69    18    1
(relay)    47    46    1967.51    1    1947.08    126    1
(relay)    33    16    1985.51    1    1898.06    120    2
(advertise)    40    1985.71    46    1
(relay)    39    21    1992.92    1    1841.03    121    2
(relay)    39    39    1999.12    1    1999.12    127    3
(advertise)    40    2007.72    16    1
(relay)    41    34    2016.53    1    1971.07    126    3
(advertise)    40    2029.33    21    1
(relay)    39    37    2038.95    1    1917.07    123    3
(advertise)    40    2051.15    39    1
(advertise)    40    2072.76    34    1
(advertise)    40    2094.37    37    1
(relay)    39    1    2095.99    1    1941.09    117    1
(advertise)    40    2115.99    1    1
(relay)    39    32    2117.8    2    2105.39    126    1
(advertise)    40    2138.4    32    2
(relay)    47    48    2141.21    2    2121.13    126    1
(relay)    41    10    2150.61    1    1979.11    120    2
(advertise)    40    2159.61    48    2
(relay)    33    25    2181.42    2    2105.17    125    2
(advertise)    40    2182.82    10    1
(relay)    39    4    2185.04    2    2036.12    122    2
(relay)    33    27    2203.24    2    2132.17    125    3
(advertise)    40    2203.84    25    2
(advertise)    40    2225.85    4    2
(advertise)    40    2247.46    27    2
(relay)    39    17    2263.48    2    2126.19    121    1
(relay)    33    12    2268.28    2    2160.21    124    2
(advertise)    40    2269.48    17    2
(relay)    47    47    2282.29    2    2282.28    127    2
(advertise)    40    2291.29    12    2
(relay)    39    38    2310.1    2    2306.26    126    2
(advertise)    40    2312.5    47    2
(relay)    33    19    2313.72    2    2268.26    125    2
(advertise)    40    2334.92    38    2
(advertise)    40    2355.93    19    2
(relay)    41    9    2397.54    2    2258.25    113    1
(advertise)    40    2397.74    9    2
(relay)    39    36    2402.55    2    2345.32    124    1
(relay)    41    8    2419.35    2    2216.25    116    2
(advertise)    40    2420.15    36    2
(relay)    33    15    2422.77    2    2294.48    121    2
(advertise)    40    2441.77    8    2
(advertise)    40    2463.98    15    2
(relay)    39    11    2466.79    2    2344.52    123    1
(relay)    41    20    2483.59    2    2385.33    124    2
(advertise)    40    2485.99    11    2
(relay)    39    29    2490.41    2    2358.32    123    2
(advertise)    40    2510.41    20    2
(relay)    41    13    2526.42    2    2429.35    123    2
(advertise)    40    2532.42    29    2
(relay)    33    23    2550.83    2    2367.33    121    2
(advertise)    40    2554.83    13    2
(relay)    33    0    2575.24    2    2364.33    118    2
(advertise)    40    2577.24    23    2
(relay)    33    6    2597.66    2    2464.29    122    2
(advertise)    40    2600.06    0    2
(relay)    39    3    2621.07    2    2445.19    121    2
(advertise)    40    2621.27    6    2
(relay)    41    41    2642.48    2    2642.3    127    2
(relay)    39    43    2643.08    2    2541.23    121    3
(advertise)    40    2643.28    3    2
(advertise)    40    2664.5    41    2
(relay)    41    2    2667.11    2    2452.19    118    2
(advertise)    40    2686.11    43    2
(relay)    47    45    2694.92    2    2656.51    125    2
(advertise)    40    2707.32    2    2
(relay)    39    31    2712.94    2    2687.31    125    2
(advertise)    40    2728.74    45    2
(relay)    39    22    2733.35    2    2599.26    122    2
(advertise)    40    2751.95    31    2
(relay)    41    5    2756.76    2    2703.32    121    2
(advertise)    40    2775.16    22    2
(relay)    39    35    2780.17    2    2660.28    121    2
(advertise)    40    2797.17    5    2
(relay)    33    30    2798.79    2    2735.35    124    2
(advertise)    40    2818.19    35    2
(relay)    39    44    2824.6    2    2725.32    124    2
(advertise)    40    2840.6    30    2
(relay)    33    33    2841.81    2    2841.2    127    2
(relay)    47    42    2852.01    2    2748.27    122    3
(advertise)    40    2862.01    44    2
(generate)    40    2868.23    [24]    2
(advertise)    40    2883.44    33    2
(advertise)    40    2905.65    42    2
(relay)    33    26    2920.07    2    2919.24    126    1
(advertise)    40    2927.67    26    2
(relay)    39    28    2933.28    2    2838.19    120    1
(relay)    41    14    2939.08    2    2787.17    118    2
(advertise)    40    2949.88    28    2
(advertise)    40    2972.89    14    2
(relay)    33    18    2987.1    2    2898.45    124    1
(advertise)    40    2995.1    18    2
(relay)    39    39    2999.32    2    2999.29    127    1
(relay)    39    46    3000.52    2    2947.28    126    2
(relay)    41    34    3004.72    2    2971.24    126    3
(advertise)    40    3016.12    39    2
(relay)    39    37    3022.13    2    2917.27    125    3
(advertise)    40    3041.53    46    2
(relay)    33    7    3055.74    2    2780.17    115    3
(advertise)    40    3063.34    34    2
(advertise)    40    3084.56    37    2
(advertise)    40    3106.77    7    2
(relay)    41    16    3115.58    2    2898.24    118    1
(advertise)    40    3128.78    16    2
(relay)    39    32    3141.0    3    3106.18    126    1
(advertise)    40    3149.8    32    3
(relay)    41    48    3159.21    3    3121.33    126    1
(relay)    33    10    3165.01    2    2979.29    122    2
(advertise)    40    3170.81    48    3
(relay)    41    27    3179.22    3    3132.36    125    2
(relay)    47    21    3183.42    2    2841.2    119    3
(advertise)    40    3191.82    10    2
(advertise)    40    3214.23    27    3
(advertise)    40    3235.65    21    2
(relay)    33    25    3254.66    3    3105.37    125    1
(relay)    39    1    3255.06    2    2941.28    119    2
(advertise)    40    3257.46    25    3
(relay)    33    4    3276.07    3    3036.32    122    2
(advertise)    40    3278.87    1    2
(relay)    47    47    3282.49    3    3282.46    127    2
(advertise)    40    3301.29    4    3
(relay)    39    17    3319.7    3    3126.37    123    2
(advertise)    40    3325.3    47    3
(relay)    41    12    3334.51    3    3160.4    122    2
(advertise)    40    3346.31    17    3
(relay)    39    38    3363.13    3    3306.46    126    2
(advertise)    40    3368.53    12    3
(relay)    33    19    3389.34    3    3268.45    125    2
(advertise)    40    3389.54    38    3
(relay)    39    36    3409.15    3    3345.51    124    2
(advertise)    40    3412.95    19    3
(relay)    33    20    3432.76    3    3385.51    124    2
(advertise)    40    3435.16    36    3
(relay)    39    8    3451.58    3    3216.42    120    2
(relay)    33    9    3455.18    3    3258.45    121    3
(advertise)    40    3457.18    20    3
(advertise)    40    3478.99    8    3
(relay)    41    11    3490.6    3    3344.71    121    2
(advertise)    40    3500.6    9    3
(advertise)    40    3522.02    11    3
(relay)    41    13    3536.83    3    3429.54    123    1
(relay)    39    29    3537.23    3    3358.51    123    2
(advertise)    40    3543.23    13    3
(relay)    39    15    3560.24    3    3294.66    121    2
(advertise)    40    3565.44    29    3
(advertise)    40    3586.66    15    3
(relay)    39    23    3606.87    3    3367.53    123    1
(relay)    47    43    3610.47    3    3541.42    123    2
(advertise)    40    3611.47    23    3
(relay)    33    6    3613.08    3    3464.49    122    2
(advertise)    40    3633.08    43    3
(relay)    41    41    3642.49    3    3642.48    127    2
(relay)    39    0    3651.49    3    3364.51    118    3
(advertise)    40    3654.89    6    3
(advertise)    40    3677.31    41    3
(relay)    33    3    3679.72    3    3445.38    119    2
(advertise)    40    3699.72    0    3
(relay)    39    22    3717.13    3    3599.46    122    2
(advertise)    40    3721.73    3    3
(relay)    41    2    3733.55    3    3452.58    118    2
(advertise)    40    3742.75    22    3
(relay)    41    45    3755.56    3    3656.69    123    2
(advertise)    40    3765.56    2    3
(relay)    39    31    3783.57    3    3687.49    125    2
(advertise)    40    3787.37    45    3
(relay)    41    5    3797.79    3    3703.52    121    2
(relay)    47    44    3807.19    3    3725.52    124    3
(advertise)    40    3809.39    31    3
(relay)    47    35    3829.0    3    3660.47    121    3
(advertise)    40    3831.8    5    3
(relay)    33    33    3842.01    3    3841.4    127    3
(advertise)    40    3855.61    44    3
(relay)    33    30    3857.42    3    3735.55    124    3
(generate)    40    3868.42    [24]    3
(advertise)    40    3877.64    35    3
(advertise)    40    3902.65    33    3
(relay)    47    42    3916.06    3    3748.44    122    2
(advertise)    40    3923.66    30    3
(relay)    33    26    3946.28    3    3919.44    126    2
(advertise)    40    3946.88    42    3
(relay)    33    7    3967.49    3    3780.37    117    2
(advertise)    40    3968.89    26    3
(relay)    47    46    3982.9    3    3947.48    126    2
(advertise)    40    3991.3    7    3
(relay)    39    39    3999.52    3    3999.49    127    2
(relay)    39    37    4006.92    3    3917.45    125    3
(relay)    33    18    4009.72    3    3898.64    124    4
(advertise)    40    4013.52    46    3
(relay)    41    34    4020.33    3    3971.44    126    4
(advertise)    40    4035.53    39    3
(advertise)    40    4056.54    37    3
(advertise)    40    4078.35    18    3
(relay)    39    28    4093.97    3    3838.39    122    2
(relay)    33    14    4097.57    3    3787.36    120    3
(advertise)    40    4099.57    34    3
(advertise)    40    4122.18    28    3
(relay)    41    48    4132.19    4    4121.52    126    2
(relay)    33    16    4142.39    3    3898.44    122    3
(advertise)    40    4143.59    14    3
(relay)    39    32    4158.01    4    4106.37    126    3
(advertise)    40    4164.61    48    4
(advertise)    40    4186.42    16    3
(advertise)    40    4208.23    32    4
(relay)    41    27    4219.45    4    4132.55    125    1
(relay)    39    10    4225.05    3    3979.49    122    2
(advertise)    40    4229.65    27    4
(relay)    39    21    4246.46    3    3841.4    121    2
(advertise)    40    4251.66    10    3
(relay)    33    25    4252.87    4    4105.57    125    2
(advertise)    40    4272.87    21    3
(relay)    47    47    4283.28    4    4282.66    127    2
(advertise)    40    4294.68    25    4
(relay)    33    1    4296.3    3    3941.46    119    2
(advertise)    40    4315.7    47    4
(relay)    39    38    4336.31    4    4306.66    126    2
(advertise)    40    4337.11    1    3
(relay)    33    4    4339.72    4    4036.52    122    2
(advertise)    40    4358.12    38    4
(relay)    41    12    4377.54    4    4160.59    122    2
(advertise)    40    4379.94    4    4
(advertise)    40    4402.35    12    4
(relay)    47    17    4405.36    4    4126.38    119    1
(advertise)    40    4424.76    17    4
(relay)    41    19    4443.98    4    4268.65    123    1
(advertise)    40    4446.38    19    4
(relay)    39    36    4468.99    4    4345.7    124    1
(advertise)    40    4470.39    36    4
(relay)    39    29    4491.8    4    4358.71    123    1
(advertise)    40    4492.4    29    4
(relay)    33    20    4496.21    4    4385.68    124    1
(advertise)    40    4513.41    20    4
(relay)    33    11    4517.43    4    4344.91    123    1
(advertise)    40    4536.23    11    4
(relay)    47    23    4538.44    4    4367.71    121    1
(advertise)    40    4558.24    23    4
(relay)    33    9    4561.65    4    4258.63    121    1
(advertise)    40    4580.05    9    4
(heartbeat)    24    1    4430.2    40    4583.27    127    0
(advertise)    40    4601.47    24    1
(relay)    33    8    4627.88    4    4216.62    120    1
(advertise)    40    4628.28    8    4
(relay)    41    41    4643.09    4    4642.49    7    1
(relay)    39    15    4644.09    4    4294.86    121    2
(advertise)    40    4651.89    41    4
(advertise)    40    4674.31    15    4
(relay)    39    45    4687.52    4    4656.89    5    1
(advertise)    40    4696.12    45    4
(relay)    39    43    4708.13    4    4541.61    123    1
(advertise)    40    4718.13    43    4
(relay)    41    6    4720.74    4    4464.68    120    1
(relay)    39    3    4730.14    4    4445.58    121    2
(advertise)    40    4740.34    6    4
(relay)    39    31    4751.36    4    4687.69    1    2
(advertise)    40    4762.36    3    4
(relay)    47    0    4787.57    4    4364.7    116    1
(advertise)    40    4788.37    0    4
(relay)    47    44    4809.98    4    4725.72    5    1
(advertise)    40    4810.98    44    4
(relay)    33    13    4827.2    4    4429.71    121    1
(advertise)    40    4833.0    13    4
(relay)    41    2    4834.81    4    4452.78    118    1
(relay)    33    33    4842.21    4    4841.6    5    2
(advertise)    40    4855.01    2    4
(relay)    39    30    4866.82    4    4735.94    1    2
(generate)    40    4868.62    [24]    4
(advertise)    40    4877.84    33    4
(relay)    47    42    4879.05    4    4748.64    5    1
(relay)    33    5    4895.25    4    4703.71    121    2
(advertise)    40    4900.85    42    4
(relay)    39    35    4909.26    4    4660.65    123    2
(advertise)    40    4924.66    5    4
(advertise)    40    4948.07    35    4
(relay)    41    26    4949.69    4    4919.64    1    1
(relay)    47    46    4965.69    4    4947.67    5    1
(advertise)    40    4969.89    46    4
(relay)    33    18    4984.5    4    4898.84    1    1
(relay)    41    34    4992.1    4    4971.64    5    1
(advertise)    40    4992.5    34    4
(relay)    39    39    5000.11    4    4999.5    5    1
(advertise)    40    5013.91    39    4
(relay)    39    37    5043.73    4    4917.64    3    1
(advertise)    40    5043.93    37    4
(relay)    41    48    5123.54    5    5121.66    7    1
(advertise)    40    5123.74    48    5
(relay)    39    32    5133.15    5    5106.57    3    1
(advertise)    40    5147.95    32    5
(relay)    33    25    5159.17    5    5105.77    1    1
(relay)    39    28    5174.97    4    4838.58    1    1
(relay)    41    12    5192.37    5    5160.73    1    1
(relay)    33    27    5203.57    5    5132.73    3    1
(advertise)    40    5203.77    27    5
(relay)    39    4    5240.58    5    5036.64    1    1
(relay)    47    47    5283.38    5    5282.77    7    1
(advertise)    40    5283.58    47    5
(relay)    33    19    5291.79    5    5268.82    3    1
(advertise)    40    5304.99    19    5
(relay)    47    38    5328.0    5    5306.78    1    1
(relay)    47    36    5349.2    5    5345.79    1    1
(relay)    41    20    5388.4    5    5385.74    3    1
(advertise)    40    5388.6    20    5
(relay)    33    11    5413.62    5    5345.08    1    1
(relay)    41    13    5432.22    5    5429.77    3    1
(advertise)    40    5432.42    13    5
(relay)    33    3    5465.03    5    5445.64    1    1
(relay)    33    6    5488.43    5    5464.87    3    1
(advertise)    40    5488.63    6    5
(relay)    33    29    5511.04    5    5358.72    1    1
(relay)    47    43    5543.44    5    5541.63    5    1
(advertise)    40    5543.64    43    5
(relay)    41    41    5643.26    5    5642.67    7    1
(advertise)    40    5643.46    41    5
(relay)    39    45    5668.47    5    5657.08    5    1
(advertise)    40    5668.87    45    5
(relay)    33    31    5691.28    5    5687.89    1    1
(relay)    47    35    5694.08    5    5660.66    1    1
(relay)    41    5    5706.88    5    5703.9    3    1
(advertise)    40    5707.08    5    5
(relay)    47    44    5737.9    5    5725.83    5    1
(advertise)    40    5738.1    44    5
(relay)    47    42    5761.51    5    5748.7    5    1
(advertise)    40    5761.71    42    5
(relay)    33    30    5799.92    5    5736.03    1    1
(relay)    33    33    5842.72    5    5841.69    5    1
(advertise)    40    5842.92    33    5
(generate)    40    5868.73    [24]    5
(relay)    39    18    5913.55    5    5899.01    1    1
(relay)    47    37    5919.95    5    5917.74    1    1
(relay)    33    26    5921.15    5    5919.73    3    1
(advertise)    40    5921.35    26    5
(relay)    47    46    5963.76    5    5947.72    5    1
(advertise)    40    5963.96    46    5
(relay)    41    34    5988.37    5    5971.72    5    1
(advertise)    40    5988.77    34    5
(relay)    39    39    6000.19    5    5999.57    5    1
(advertise)    40    6011.99    39    5
(relay)    33    10    6013.6    5    5979.68    1    1
(relay)    33    4    6059.4    6    6036.64    1    1
(relay)    39    25    6108.4    6    6105.91    1    1
(relay)    33    32    6109.6    6    6107.81    3    1
(advertise)    40    6109.8    32    6
(relay)    41    48    6132.61    6    6121.67    7    1
(advertise)    40    6133.01    48    6
(relay)    33    27    6155.43    6    6132.9    3    1
(advertise)    40    6156.83    27    6
(relay)    33    12    6178.04    6    6160.79    1    1
(relay)    33    19    6271.04    6    6268.82    3    1
(advertise)    40    6271.24    19    6
(relay)    47    47    6283.45    6    6282.89    7    1
(advertise)    40    6293.65    47    6
(relay)    47    38    6310.86    6    6306.83    1    1
(relay)    47    36    6347.46    6    6345.84    1    1
(relay)    33    11    6369.46    6    6345.09    1    1
(relay)    41    20    6389.46    6    6385.79    3    1
(advertise)    40    6389.66    20    6
(relay)    39    29    6415.68    6    6358.79    1    1
(relay)    41    13    6431.28    6    6429.89    3    1
(advertise)    40    6431.48    13    6
(relay)    33    3    6460.69    6    6445.73    1    1
(relay)    33    6    6483.29    6    6465.06    3    1
(advertise)    40    6483.49    6    6
(relay)    47    43    6543.5    6    6541.72    5    1
(advertise)    40    6543.7    43    6
(relay)    41    41    6643.32    6    6642.74    7    1
(advertise)    40    6643.52    41    6
(relay)    39    31    6691.53    6    6687.98    1    1
(relay)    41    5    6705.73    6    6703.98    3    1
(advertise)    40    6705.93    5    6
(relay)    47    44    6728.54    6    6725.84    5    1
(advertise)    40    6729.14    44    6
(relay)    47    42    6755.16    6    6748.87    5    1
(advertise)    40    6755.36    42    6
(relay)    33    30    6759.37    6    6736.22    1    1
(relay)    33    33    6842.97    6    6841.87    5    1
(advertise)    40    6843.17    33    6
(generate)    40    6868.78    [24]    6
(relay)    39    18    6902.99    6    6899.2    1    1
(relay)    41    26    6926.19    6    6919.82    1    1
(relay)    39    37    6926.99    6    6917.76    3    1
(advertise)    40    6927.19    37    6
(relay)    39    46    6950.21    6    6947.9    5    1
(advertise)    40    6950.41    46    6
(relay)    39    28    6972.22    6    6838.7    1    1
(relay)    39    39    7000.22    6    6999.76    5    1
(advertise)    40    7000.42    39    6
(relay)    33    34    7016.83    6    6971.79    5    1
(advertise)    40    7022.03    34    6
(relay)    41    48    7123.65    7    7121.86    7    1
(advertise)    40    7123.85    48    7
(relay)    33    32    7131.66    7    7107.95    1    1
(relay)    41    27    7147.26    7    7133.04    3    1
(advertise)    40    7148.06    27    7
(relay)    41    12    7181.67    7    7160.87    1    1
(relay)    33    19    7270.87    7    7268.86    3    1
(advertise)    40    7271.07    19    7
(relay)    47    47    7283.49    7    7282.96    7    1
(advertise)    40    7292.29    47    7
(relay)    47    38    7311.9    7    7306.86    1    1
(relay)    47    36    7355.5    7    7345.89    1    1
(relay)    33    11    7375.7    7    7345.14    1    1
(relay)    41    20    7389.5    7    7385.82    3    1
(advertise)    40    7389.7    20    7
(relay)    39    29    7402.11    7    7358.82    1    1
(relay)    41    13    7431.31    7    7430.0    3    1
(advertise)    40    7431.51    13    7
(relay)    33    3    7457.72    7    7445.82    1    1
(relay)    41    6    7484.12    7    7465.06    3    1
(advertise)    40    7484.32    6    7
(relay)    47    43    7544.34    7    7541.8    5    1
(advertise)    40    7544.54    43    7
(relay)    41    41    7643.35    7    7642.8    7    1
(advertise)    40    7643.55    41    7
(relay)    47    45    7669.16    7    7657.19    5    1
(advertise)    40    7669.36    45    7
(relay)    39    31    7690.98    7    7688.16    1    1
(relay)    47    35    7692.38    7    7660.83    1    1
(relay)    41    5    7705.98    7    7704.08    3    1
(advertise)    40    7706.18    5    7
(relay)    33    30    7745.19    7    7736.23    1    1
(relay)    47    44    7746.59    7    7725.85    5    1
(advertise)    40    7746.79    44    7
(relay)    47    42    7788.8    7    7749.06    5    1
(advertise)    40    7789.0    42    7
(relay)    33    33    7843.02    7    7842.04    5    1
(advertise)    40    7843.22    33    7
(generate)    40    7868.83    [24]    7
(relay)    39    18    7901.64    7    7899.37    1    1
(relay)    47    37    7921.84    7    7917.81    1    1
(relay)    41    26    7926.04    7    7919.93    1    1
(relay)    47    46    7949.24    7    7947.91    5    1
(advertise)    40    7949.44    46    7
(relay)    41    34    7993.65    7    7971.85    5    1
(advertise)    40    7993.85    34    7
(relay)    39    39    8000.27    7    7999.76    5    1
(advertise)    40    8015.07    39    7
(relay)    33    4    8100.48    8    8036.67    1    1
(relay)    33    25    8121.48    8    8106.07    1    1
(relay)    39    32    8122.28    8    8108.11    3    1
(advertise)    40    8122.48    32    8
(relay)    41    48    8124.09    8    8121.89    7    1
(advertise)    40    8143.49    48    8
(relay)    41    27    8148.51    8    8133.58    3    1
(advertise)    40    8165.31    27    8
(relay)    41    12    8192.12    8    8160.92    1    1
(relay)    33    19    8270.92    8    8268.9    3    1
(advertise)    40    8271.12    19    8
(relay)    47    47    8283.93    8    8283.02    7    1
(advertise)    40    8294.93    47    8
(relay)    47    38    8311.15    8    8306.91    1    1
(relay)    47    36    8357.55    8    8345.97    1    1
(relay)    33    11    8374.55    8    8345.16    1    1
(relay)    41    20    8390.55    8    8385.85    3    1
(advertise)    40    8390.75    20    8
(relay)    39    29    8401.96    8    8358.85    1    1
(relay)    41    13    8432.76    8    8430.06    3    1
(advertise)    40    8432.96    13    8
(heartbeat)    24    2    8430.21    40    8456.77    4    4
(advertise)    40    8456.97    24    2
(relay)    41    6    8484.58    8    8465.25    3    1
(advertise)    40    8484.78    6    8
(relay)    47    43    8544.4    8    8541.91    5    1
(advertise)    40    8544.6    43    8
(relay)    41    41    8643.81    8    8642.88    7    1
(advertise)    40    8644.01    41    8
(relay)    39    45    8669.42    8    8657.28    5    1
(advertise)    40    8669.62    45    8
(relay)    39    31    8692.64    8    8688.25    1    1
(relay)    33    5    8706.84    8    8704.15    5    1
(advertise)    40    8707.04    5    8
(relay)    33    35    8731.45    8    8660.91    1    1
(relay)    47    44    8738.45    8    8725.87    5    1
(advertise)    40    8738.65    44    8
(relay)    47    42    8761.66    8    8749.25    5    1
(advertise)    40    8762.26    42    8
(relay)    33    30    8774.48    8    8737.62    1    1
(relay)    33    33    8843.08    8    8842.06    5    1
(advertise)    40    8843.28    33    8
(generate)    40    8868.89    [24]    8
(relay)    33    28    8897.1    8    8838.93    1    1
(relay)    33    18    8920.3    8    8899.56    1    1
(relay)    41    26    8925.7    8    8920.01    1    1
(relay)    47    46    8949.5    8    8947.93    5    1
(advertise)    40    8949.7    46    8
(relay)    33    37    8962.51    8    8917.82    1    1
(relay)    41    34    8973.71    8    8971.93    5    1
(advertise)    40    8974.91    34    8
(relay)    39    39    9000.73    8    8999.8    5    1
(advertise)    40    9000.93    39    8
(relay)    39    25    9108.94    9    9106.21    1    1
(relay)    47    48    9123.34    9    9121.91    7    1
(advertise)    40    9123.54    48    9
(relay)    33    32    9131.15    9    9108.29    3    1
(advertise)    40    9146.35    32    9
(relay)    41    27    9168.97    9    9133.73    3    1
(advertise)    40    9169.17    27    9
(relay)    41    12    9193.18    9    9161.01    1    1
(relay)    33    19    9272.18    9    9268.92    3    1
(advertise)    40    9272.38    19    9
(relay)    47    47    9283.99    9    9283.08    7    1
(advertise)    40    9294.39    47    9
(relay)    47    38    9311.21    9    9306.98    1    1
(relay)    33    36    9358.41    9    9346.1    1    1
(relay)    39    29    9380.01    9    9358.85    1    1
(relay)    33    20    9388.61    9    9385.89    3    1
(advertise)    40    9388.81    20    9
(relay)    41    13    9432.62    9    9430.17    3    1
(advertise)    40    9432.82    13    9
(relay)    33    6    9481.83    9    9465.25    3    1
(advertise)    40    9482.03    6    9
(relay)    47    43    9546.04    9    9542.03    5    1
(advertise)    40    9546.24    43    9
(relay)    41    41    9643.86    9    9642.95    7    1
(advertise)    40    9644.06    41    9
(relay)    39    45    9668.67    9    9657.34    5    1
(advertise)    40    9669.47    45    9
(relay)    47    35    9714.48    9    9661.01    1    1
(relay)    33    5    9715.88    9    9704.28    5    1
(advertise)    40    9716.08    5    9
(relay)    33    30    9742.3    9    9737.63    1    1
(relay)    47    44    9760.7    9    9725.89    5    1
(advertise)    40    9760.9    44    9
(relay)    47    42    9802.31    9    9749.43    5    1
(advertise)    40    9802.51    42    9
(relay)    33    33    9842.32    9    9842.24    5    1
(advertise)    40    9842.52    33    9
(generate)    40    9868.94    [24]    9
(relay)    39    28    9893.95    9    9839.32    1    1
(relay)    33    18    9903.35    9    9899.6    1    1
(relay)    47    37    9922.35    9    9917.83    1    1
(relay)    33    26    9925.55    9    9920.08    3    1
(advertise)    40    9925.75    26    9
(relay)    47    46    9964.96    9    9947.97    5    1
(advertise)    40    9965.16    46    9
(relay)    41    34    9987.18    9    9971.98    5    1
(advertise)    40    9987.58    34    9
(relay)    39    39    10000.99    9    9999.98    5    1
(advertise)    40    10008.99    39    9
(relay)    33    25    10107.8    10    10106.29    1    1
(relay)    47    48    10123.4    10    10121.92    7    1
(advertise)    40    10123.6    48    10
(relay)    33    32    10129.41    10    10108.63    3    1
(advertise)    40    10147.21    32    10
(relay)    41    27    10168.03    10    10133.86    3    1
(advertise)    40    10168.43    27    10
(relay)    41    12    10193.24    10    10161.07    1    1
(relay)    33    19    10272.44    10    10268.95    3    1
(advertise)    40    10272.64    19    10
(relay)    47    47    10284.25    10    10283.2    7    1
(advertise)    40    10296.25    47    10
(relay)    47    38    10309.87    10    10307.01    1    1
(relay)    33    11    10350.67    10    10345.18    1    1
(relay)    39    36    10350.87    10    10346.14    3    1
(advertise)    40    10351.07    36    10
(relay)    39    29    10373.28    10    10358.87    1    1
(relay)    41    20    10388.68    10    10385.9    3    1
(advertise)    40    10388.88    20    10
(relay)    41    13    10433.89    10    10430.24    3    1
(advertise)    40    10434.09    13    10
(relay)    33    6    10479.31    10    10465.45    3    1
(advertise)    40    10479.51    6    10
(relay)    39    43    10546.72    10    10542.06    5    1
(advertise)    40    10546.92    43    10
(relay)    41    41    10643.93    10    10643.02    7    1
(advertise)    40    10644.13    41    10
(relay)    39    45    10666.74    10    10657.41    5    1
(advertise)    40    10667.14    45    10
(relay)    39    31    10690.76    10    10688.48    1    1
(relay)    47    35    10694.16    10    10661.05    1    1
(relay)    41    5    10709.36    10    10704.38    3    1
(advertise)    40    10709.56    5    10
(relay)    33    30    10740.77    10    10737.78    1    1
(relay)    47    44    10743.37    10    10726.08    5    1
(advertise)    40    10743.57    44    10
(relay)    47    42    10765.38    10    10749.61    5    1
(advertise)    40    10765.78    42    10
(relay)    33    33    10842.6    10    10842.42    5    1
(advertise)    40    10842.8    33    10
(generate)    40    10869.01    [24]    10
(relay)    47    37    10922.02    10    10918.02    1    1
(relay)    33    26    10926.22    10    10920.15    3    1
(advertise)    40    10926.42    26    10
(relay)    39    46    10949.24    10    10947.98    5    1
(advertise)    40    10949.64    46    10
(relay)    41    34    10974.45    10    10972.04    5    1
(advertise)    40    10974.65    34    10
(relay)    39    39    11001.26    10    11000.16    5    1
(advertise)    40    11001.66    39    10
(relay)    33    4    11039.07    11    11036.75    1    1
(relay)    33    25    11107.47    11    11106.61    1    1
(relay)    47    48    11122.47    11    11121.92    7    1
(advertise)    40    11122.67    48    11
(relay)    33    32    11129.49    11    11108.98    3    1
(advertise)    40    11146.29    32    11
(relay)    41    27    11168.9    11    11133.98    3    1
(advertise)    40    11169.1    27    11
(relay)    41    12    11189.91    11    11161.1    1    1
(relay)    33    19    11272.31    11    11268.99    3    1
(advertise)    40    11272.51    19    11
(relay)    47    47    11283.33    11    11283.31    7    1
(advertise)    40    11294.53    47    11
(relay)    47    38    11309.14    11    11307.07    1    1
(relay)    39    36    11356.94    11    11346.19    3    1
(advertise)    40    11357.14    36    11
(relay)    39    29    11378.35    11    11358.87    1    1
(relay)    33    11    11380.75    11    11345.18    1    1
(relay)    41    20    11388.95    11    11385.92    3    1
(advertise)    40    11389.15    20    11
(relay)    41    13    11434.97    11    11430.35    3    1
(advertise)    40    11435.17    13    11
(relay)    41    6    11480.98    11    11465.65    3    1
(advertise)    40    11481.18    6    11
(relay)    39    43    11545.79    11    11542.12    5    1
(advertise)    40    11545.99    43    11
(relay)    41    41    11643.2    11    11643.08    7    1
(advertise)    40    11643.4    41    11
(relay)    39    45    11667.42    11    11657.47    5    1
(advertise)    40    11668.02    45    11
(relay)    39    31    11691.43    11    11688.52    1    1
(relay)    39    35    11713.43    11    11661.1    1    1
(relay)    33    5    11714.23    11    11704.45    5    1
(advertise)    40    11714.43    5    11
(relay)    47    44    11756.84    11    11726.28    5    1
(advertise)    40    11757.04    44    11
(relay)    47    42    11780.66    11    11749.81    5    1
(advertise)    40    11781.06    42    11
(relay)    39    30    11804.67    11    11738.54    1    1
(relay)    33    33    11842.47    11    11842.42    5    1
(advertise)    40    11842.67    33    11
(generate)    40    11869.08    [24]    11
(relay)    39    28    11895.1    11    11839.36    1    1
(relay)    33    18    11915.9    11    11899.82    1    1
(relay)    39    37    11918.7    11    11918.04    3    1
(advertise)    40    11918.9    37    11
(relay)    41    26    11943.51    11    11920.21    1    1
(relay)    47    46    11948.91    11    11947.98    5    1
(advertise)    40    11949.11    46    11
(relay)    41    34    11973.72    11    11972.08    5    1
(advertise)    40    11974.12    34    11
(relay)    47    39    12003.53    11    12000.35    3    1
(advertise)    40    12003.73    39    11
(relay)    33    25    12107.35    12    12106.74    1    1
(relay)    41    48    12122.75    12    12121.94    7    1
(advertise)    40    12122.95    48    12
(relay)    33    32    12129.36    12    12109.15    3    1
(advertise)    40    12144.16    32    12
(relay)    41    27    12171.17    12    12134.08    3    1
(advertise)    40    12171.37    27    12
(relay)    41    12    12191.79    12    12161.19    1    1
(relay)    33    19    12270.59    12    12269.03    3    1
(advertise)    40    12270.79    19    12
(relay)    47    47    12283.4    12    12283.34    7    1
(advertise)    40    12292.6    47    12
(relay)    39    38    12308.41    12    12307.13    3    1
(advertise)    40    12314.61    38    12
(relay)    39    36    12351.83    12    12346.25    1    1
(relay)    47    20    12388.03    12    12385.94    1    1
(relay)    33    29    12409.63    12    12358.89    1    1
(relay)    41    13    12435.43    12    12430.45    3    1
(advertise)    40    12435.63    13    12
(heartbeat)    24    3    12430.23    40    12457.84    4    8
(advertise)    40    12458.64    24    3
(relay)    41    6    12487.25    12    12465.83    3    1
(advertise)    40    12487.45    6    12
(relay)    39    43    12544.46    12    12542.22    3    1
(advertise)    40    12544.66    43    12
(relay)    41    41    12643.28    12    12643.17    7    1
(advertise)    40    12643.48    41    12
(relay)    39    45    12668.29    12    12657.77    5    1
(advertise)    40    12668.49    45    12
(relay)    39    31    12691.7    12    12688.63    1    1
(relay)    47    35    12693.3    12    12661.19    1    1
(relay)    33    5    12716.7    12    12704.55    3    1
(advertise)    40    12716.9    5    12
(relay)    33    44    12737.92    12    12726.3    3    1
(advertise)    40    12739.32    44    12
(relay)    33    30    12761.13    12    12738.72    1    1
(relay)    47    42    12761.93    12    12749.99    3    1
(advertise)    40    12762.33    42    12
(relay)    33    33    12843.14    12    12842.6    5    1
(advertise)    40    12843.34    33    12
(generate)    40    12869.16    [24]    12
(relay)    33    18    12915.17    12    12899.98    1    1
(relay)    47    37    12920.97    12    12918.08    1    1
(relay)    41    26    12921.97    12    12920.29    1    1
(relay)    47    46    12949.37    12    12948.0    5    1
(advertise)    40    12949.57    46    12
(relay)    41    34    12974.18    12    12972.13    5    1
(advertise)    40    12974.58    34    12
(relay)    39    39    13000.59    12    13000.53    5    1
(advertise)    40    13000.79    39    12
(relay)    39    4    13091.81    13    13036.79    1    1
(relay)    33    25    13114.41    13    13106.84    1    1
(relay)    39    32    13118.21    13    13109.32    3    1
(advertise)    40    13118.41    32    13
(relay)    41    48    13141.82    13    13121.95    7    1
(advertise)    40    13143.02    48    13
(relay)    33    27    13160.43    13    13134.18    3    1
(advertise)    40    13164.63    27    13
(relay)    41    12    13187.25    13    13161.21    1    1
(relay)    33    19    13270.05    13    13269.22    3    1
(advertise)    40    13270.25    19    13
(relay)    47    47    13283.46    13    13283.44    7    1
(advertise)    40    13291.66    47    13
(relay)    47    38    13309.87    13    13307.19    1    1
(relay)    39    36    13351.27    13    13346.35    1    1
(relay)    41    20    13387.87    13    13385.97    3    1
(advertise)    40    13388.07    20    13
(relay)    39    29    13423.29    13    13359.04    1    1
(relay)    41    13    13436.49    13    13430.56    3    1
(advertise)    40    13436.69    13    13
(relay)    41    6    13484.5    13    13465.98    3    1
(advertise)    40    13484.7    6    13
(relay)    39    43    13543.71    13    13542.31    3    1
(advertise)    40    13543.91    43    13
(relay)    41    41    13643.32    13    13643.24    7    1
(advertise)    40    13643.52    41    13
(relay)    39    45    13668.14    13    13657.8    5    1
(advertise)    40    13668.34    45    13
(relay)    39    31    13692.95    13    13688.67    1    1
(relay)    47    35    13693.15    13    13661.28    1    1
(relay)    33    5    13715.75    13    13704.6    1    1
(relay)    47    44    13736.95    13    13726.5    5    1
(advertise)    40    13737.15    44    13
(relay)    47    42    13760.56    13    13750.17    3    1
(advertise)    40    13760.76    42    13
(relay)    39    30    13762.78    13    13738.84    1    1
(relay)    33    33    13843.38    13    13842.77    5    1
(advertise)    40    13843.58    33    13
(generate)    40    13869.19    [24]    13
(relay)    39    28    13870.8    13    13839.43    1    1
(relay)    33    18    13913.0    13    13900.16    1    1
(relay)    41    26    13921.4    13    13920.33    1    1
(relay)    33    37    13934.4    13    13918.25    1    1
(relay)    47    46    13949.6    13    13948.2    5    1
(advertise)    40    13949.8    46    13
(relay)    41    34    13975.22    13    13972.15    5    1
(advertise)    40    13975.42    34    13
(relay)    39    39    14000.83    13    14000.72    5    1
(advertise)    40    14001.83    39    13
(relay)    39    25    14108.44    14    14106.94    1    1
(relay)    41    48    14122.84    14    14122.13    7    1
(advertise)    40    14123.04    48    14
(relay)    33    32    14129.65    14    14109.46    3    1
(advertise)    40    14144.65    32    14
(relay)    41    27    14171.07    14    14134.25    3    1
(advertise)    40    14172.47    27    14
(relay)    41    12    14194.48    14    14161.33    1    1
(relay)    33    19    14270.08    14    14269.24    3    1
(advertise)    40    14270.28    19    14
(relay)    47    47    14284.09    14    14283.53    7    1
(advertise)    40    14292.89    47    14
(relay)    47    38    14309.11    14    14307.22    1    1
(relay)    33    11    14348.71    14    14345.55    1    1
(relay)    39    36    14350.91    14    14346.41    1    1
(relay)    41    20    14387.71    14    14385.98    3    1
(advertise)    40    14387.91    20    14
(relay)    39    29    14413.12    14    14359.04    1    1
(relay)    33    13    14436.12    14    14430.66    3    1
(advertise)    40    14436.32    13    14
(relay)    41    6    14480.73    14    14466.17    3    1
(advertise)    40    14480.93    6    14
(relay)    39    43    14543.75    14    14542.41    3    1
(advertise)    40    14543.95    43    14
(relay)    41    41    14643.76    14    14643.3    7    1
(advertise)    40    14643.96    41    14
(relay)    39    45    14668.17    14    14657.88    5    1
(advertise)    40    14668.77    45    14
(relay)    39    35    14690.78    14    14661.37    3    1
(advertise)    40    14693.18    35    14
(relay)    33    31    14695.6    14    14688.7    1    1
(relay)    41    5    14715.0    14    14704.68    1    1
(relay)    47    44    14729.4    14    14726.52    5    1
(advertise)    40    14729.6    44    14
(relay)    47    42    14755.01    14    14750.37    3    1
(advertise)    40    14755.21    42    14
(relay)    39    30    14798.42    14    14738.95    1    1
(relay)    33    33    14843.42    14    14842.78    5    1
(advertise)    40    14843.62    33    14
(generate)    40    14869.24    [24]    14
(relay)    47    37    14920.45    14    14918.44    1    1
(relay)    41    26    14926.25    14    14920.38    1    1
(relay)    47    46    14949.85    14    14948.22    5    1
(advertise)    40    14950.05    46    14
(relay)    41    34    14975.66    14    14972.18    5    1
(advertise)    40    14975.86    34    14
(relay)    39    39    15001.08    14    15000.89    5    1
(advertise)    40    15001.48    39    14
(relay)    47    48    15124.29    15    15122.32    7    1
(advertise)    40    15124.49    48    15
(relay)    39    25    15144.3    15    15107.05    1    1
(relay)    33    32    15144.7    15    15109.62    3    1
(advertise)    40    15146.9    32    15
(relay)    47    27    15169.71    15    15134.35    1    1
(relay)    41    12    15193.91    15    15161.41    1    1
(relay)    33    19    15269.91    15    15269.26    3    1
(advertise)    40    15270.11    19    15
(relay)    47    47    15284.13    15    15283.61    7    1
(advertise)    40    15291.13    47    15
(relay)    39    38    15309.74    15    15307.22    3    1
(advertise)    40    15313.54    38    15
(relay)    39    36    15350.15    15    15346.47    1    1
(relay)    33    11    15374.15    15    15345.55    1    1
(relay)    41    20    15388.75    15    15385.99    3    1
(advertise)    40    15388.95    20    15
(relay)    41    13    15433.77    15    15430.74    3    1
(advertise)    40    15433.97    13    15
(relay)    33    6    15480.18    15    15466.36    3    1
(advertise)    40    15480.38    6    15
(relay)    47    43    15544.19    15    15542.5    3    1
(advertise)    40    15544.39    43    15
(relay)    41    41    15644.01    15    15643.39    7    1
(advertise)    40    15644.21    41    15
(relay)    39    45    15670.02    15    15657.94    5    1
(advertise)    40    15670.42    45    15
(relay)    39    31    15692.83    15    15688.79    1    1
(relay)    41    5    15709.23    15    15704.76    1    1
(relay)    47    35    15714.03    15    15661.44    1    1
(relay)    47    44    15736.63    15    15726.54    5    1
(advertise)    40    15736.83    44    15
(relay)    47    42    15761.24    15    15750.53    3    1
(advertise)    40    15761.64    42    15
(relay)    39    30    15782.26    15    15739.69    1    1
(relay)    33    33    15843.26    15    15842.78    5    1
(advertise)    40    15843.46    33    15
(generate)    40    15869.27    [24]    15
(relay)    33    18    15901.48    15    15900.46    1    1
(relay)    47    37    15920.68    15    15918.61    1    1
(relay)    33    26    15923.08    15    15920.41    3    1
(advertise)    40    15923.28    26    15
(relay)    47    46    15966.7    15    15948.24    5    1
(advertise)    40    15966.9    46    15
(relay)    33    34    15991.11    15    15972.22    5    1
(advertise)    40    15991.51    34    15
(relay)    39    39    16001.72    15    16001.07    5    1
(advertise)    40    16012.52    39    15
(relay)    33    4    16043.54    16    16037.02    1    1
(relay)    33    32    16130.34    16    16109.8    3    1
(advertise)    40    16130.54    32    16
(relay)    33    48    16150.95    16    16122.32    5    1
(advertise)    40    16152.35    48    16
(relay)    41    27    16169.96    16    16134.41    3    1
(advertise)    40    16174.76    27    16
(relay)    41    12    16192.37    16    16161.48    1    1
(relay)    33    19    16271.57    16    16269.45    3    1
(advertise)    40    16271.77    19    16
(relay)    47    47    16284.19    16    16283.69    7    1
(advertise)    40    16293.39    47    16
(relay)    47    38    16312.0    16    16307.26    1    1
(relay)    39    36    16350.2    16    16346.54    1    1
(relay)    41    20    16390.0    16    16386.18    3    1
(advertise)    40    16390.2    20    16
(relay)    39    29    16413.81    16    16359.39    1    1
(relay)    33    13    16432.01    16    16430.83    3    1
(advertise)    40    16432.21    13    16
(heartbeat)    24    4    16430.24    40    16455.03    4    10
(advertise)    40    16456.03    24    4
(relay)    33    6    16502.04    16    16466.54    3    1
(advertise)    40    16502.24    6    16
(relay)    47    43    16544.25    16    16542.6    3    1
(advertise)    40    16544.45    43    16
(relay)    41    41    16644.07    16    16643.46    7    1
(advertise)    40    16644.27    41    16
(relay)    39    45    16669.28    16    16658.02    5    1
(advertise)    40    16669.48    45    16
(relay)    39    35    16689.69    16    16661.53    3    1
(advertise)    40    16692.29    35    16
(relay)    39    31    16712.1    16    16688.91    1    1
(relay)    47    44    16727.9    16    16726.56    5    1
(advertise)    40    16728.1    44    16
(relay)    39    30    16757.92    16    16739.88    1    1
(relay)    39    42    16779.72    16    16750.73    3    1
(advertise)    40    16779.92    42    16
(relay)    33    33    16843.93    16    16842.96    5    1
(advertise)    40    16844.13    33    16
(generate)    40    16869.34    [24]    16
(relay)    39    28    16890.96    16    16839.46    1    1
(relay)    47    37    16920.96    16    16918.62    1    1
(relay)    33    26    16921.76    16    16920.46    3    1
(advertise)    40    16921.96    26    16
(relay)    33    18    16944.37    16    16901.85    1    1
(relay)    47    46    16963.17    16    16948.28    5    1
(advertise)    40    16963.37    46    16
(relay)    41    34    16987.18    16    16972.27    5    1
(advertise)    40    16987.38    34    16
(relay)    39    39    17001.8    16    17001.26    5    1
(advertise)    40    17008.8    39    16
(relay)    39    4    17078.01    17    17037.02    1    1
(relay)    41    48    17124.21    17    17122.51    7    1
(advertise)    40    17124.41    48    17
(relay)    39    32    17131.02    17    17109.96    3    1
(advertise)    40    17145.62    32    17
(relay)    41    27    17169.63    17    17134.72    3    1
(advertise)    40    17170.03    27    17
(relay)    41    12    17192.25    17    17161.56    1    1
(relay)    33    19    17271.45    17    17269.49    3    1
(advertise)    40    17271.65    19    17
(relay)    47    47    17284.26    17    17283.8    7    1
(advertise)    40    17293.26    47    17
(relay)    47    38    17311.47    17    17307.3    1    1
(relay)    47    36    17349.27    17    17346.63    1    1
(relay)    33    11    17352.07    17    17345.6    1    1
(relay)    41    20    17389.87    17    17386.22    3    1
(advertise)    40    17390.07    20    17
(relay)    33    29    17418.49    17    17360.4    1    1
(relay)    41    13    17432.49    17    17430.94    3    1
(advertise)    40    17432.69    13    17
(relay)    41    6    17482.5    17    17466.55    3    1
(advertise)    40    17482.7    6    17
(relay)    33    43    17546.11    17    17542.7    1    1
(relay)    41    41    17644.11    17    17643.53    7    1
(advertise)    40    17644.31    41    17
(relay)    39    45    17670.53    17    17658.08    5    1
(advertise)    40    17670.93    45    17
(relay)    39    31    17692.94    17    17688.98    1    1
(relay)    41    5    17708.14    17    17704.93    1    1
(relay)    47    35    17718.14    17    17661.62    1    1
(relay)    39    44    17740.74    17    17726.58    5    1
(advertise)    40    17740.94    44    17
(relay)    39    30    17762.75    17    17740.05    1    1
(relay)    47    42    17766.35    17    17750.89    3    1
(advertise)    40    17766.95    42    17
(relay)    33    33    17844.16    17    17843.12    5    1
(advertise)    40    17844.36    33    17
(generate)    40    17869.38    [24]    17
(relay)    47    37    17922.59    17    17918.62    1    1
(relay)    33    26    17926.99    17    17920.52    3    1
(advertise)    40    17927.19    26    17
(relay)    47    46    17968.0    17    17948.3    5    1
(advertise)    40    17968.2    46    17
(relay)    41    34    17990.62    17    17972.3    5    1
(advertise)    40    17991.02    34    17
(relay)    39    39    18001.83    17    18001.26    5    1
(advertise)    40    18013.43    39    17
(relay)    33    25    18110.44    18    18107.28    1    1
(relay)    33    32    18130.84    18    18110.07    3    1
(advertise)    40    18131.04    32    18
(relay)    33    48    18152.26    18    18122.51    5    1
(advertise)    40    18153.06    48    18
(relay)    41    27    18173.27    18    18135.01    3    1
(advertise)    40    18175.07    27    18
(relay)    41    12    18196.08    18    18161.61    1    1
(relay)    33    19    18271.68    18    18269.65    3    1
(advertise)    40    18271.88    19    18
(relay)    47    47    18284.89    18    18283.9    7    1
(advertise)    40    18295.29    47    18
(relay)    47    38    18311.91    18    18307.34    1    1
(relay)    33    11    18348.71    18    18345.77    1    1
(relay)    47    36    18349.51    18    18346.69    1    1
(relay)    41    20    18390.91    18    18386.23    3    1
(advertise)    40    18391.11    20    18
(relay)    33    29    18413.12    18    18360.57    1    1
(relay)    41    13    18433.72    18    18430.99    3    1
(advertise)    40    18433.92    13    18
(relay)    41    6    18484.33    18    18466.72    3    1
(advertise)    40    18484.53    6    18
(relay)    47    43    18546.95    18    18542.96    3    1
(advertise)    40    18547.15    43    18
(relay)    41    41    18644.56    18    18643.59    7    1
(advertise)    40    18644.76    41    18
(relay)    39    45    18669.37    18    18658.15    5    1
(advertise)    40    18670.17    45    18
(relay)    39    31    18692.19    18    18689.06    1    1
(relay)    33    5    18707.59    18    18704.98    3    1
(advertise)    40    18707.79    5    18
(relay)    47    44    18730.6    18    18726.6    5    1
(advertise)    40    18731.6    44    18
(relay)    33    35    18732.81    18    18661.72    1    1
(relay)    33    30    18775.41    18    18740.21    1    1
(relay)    47    42    18797.81    18    18750.89    1    1
(relay)    33    33    18844.41    18    18843.31    5    1
(advertise)    40    18844.61    33    18
(generate)    40    18869.42    [24]    18
(relay)    33    18    18905.04    18    18902.14    1    1
(relay)    47    37    18922.84    18    18918.77    1    1
(relay)    33    26    18926.44    18    18920.58    3    1
(advertise)    40    18926.64    26    18
(relay)    47    46    18965.85    18    18948.3    5    1
(advertise)    40    18966.05    46    18
(relay)    41    34    18989.06    18    18972.32    5    1
(advertise)    40    18990.06    34    18
(relay)    39    39    19002.48    18    19001.45    5    1
(advertise)    40    19012.08    39    18
(relay)    33    4    19040.89    19    19037.04    1    1
(relay)    33    32    19130.29    19    19110.22    3    1
(advertise)    40    19130.49    32    19
(relay)    39    48    19153.3    19    19122.71    5    1
(advertise)    40    19153.5    48    19
(relay)    41    27    19170.72    19    19135.11    3    1
(advertise)    40    19175.52    27    19
(relay)    41    12    19193.13    19    19161.63    1    1
(relay)    33    19    19273.13    19    19269.67    3    1
(advertise)    40    19273.33    19    19
(relay)    47    47    19284.94    19    19284.0    7    1
(advertise)    40    19295.34    47    19
(relay)    47    38    19311.15    19    19307.39    1    1
(relay)    33    11    19348.75    19    19345.96    1    1
(relay)    47    36    19349.95    19    19346.78    1    1
(relay)    33    20    19387.35    19    19386.42    3    1
(advertise)    40    19387.75    20    19
(relay)    33    29    19411.37    19    19360.74    1    1
(relay)    41    13    19433.77    19    19431.05    3    1
(advertise)    40    19433.97    13    19
(relay)    33    6    19481.18    19    19466.91    3    1
(advertise)    40    19481.38    6    19
(relay)    47    43    19547.19    19    19543.05    3    1
(advertise)    40    19547.39    43    19
(relay)    41    41    19644.61    19    19643.65    7    1
(advertise)    40    19644.81    41    19
(relay)    39    45    19669.62    19    19658.21    5    1
(advertise)    40    19669.82    45    19
(relay)    39    31    19693.63    19    19689.13    1    1
(relay)    41    5    19709.83    19    19705.02    1    1
(relay)    47    44    19730.03    19    19726.61    5    1
(advertise)    40    19730.23    44    19
(relay)    47    42    19756.45    19    19751.08    3    1
(advertise)    40    19756.85    42    19
(relay)    39    30    19785.46    19    19740.32    1    1
(relay)    33    33    19843.66    19    19843.49    5    1
(advertise)    40    19843.86    33    19
(generate)    40    19869.47    [24]    19
(relay)    47    37    19923.48    19    19918.93    1    1
(relay)    41    26    19929.48    19    19920.64    1    1
(relay)    39    46    19948.68    19    19948.31    5    1
(advertise)    40    19948.88    46    19
(relay)    41    34    19974.9    19    19972.37    5    1
(advertise)    40    19975.3    34    19
(relay)    39    39    20002.71    19    20001.6    5    1
(advertise)    40    20002.91    39    19
(relay)    33    4    20042.92    20    20037.22    1    1
(relay)    33    25    20108.12    20    20107.42    1    1
(relay)    47    48    20124.12    20    20122.88    7    1
(advertise)    40    20124.32    48    20
(relay)    39    32    20129.94    20    20110.35    3    1
(advertise)    40    20146.54    32    20
(relay)    41    27    20172.35    20    20135.21    3    1
(advertise)    40    20172.55    27    20
(relay)    41    12    20195.36    20    20161.67    1    1
(relay)    33    19    20273.56    20    20269.86    3    1
(advertise)    40    20273.76    19    20
(relay)    47    47    20284.98    20    20284.06    7    1
(advertise)    40    20295.98    47    20
(relay)    47    38    20311.59    20    20307.42    1    1
(relay)    39    36    20351.59    20    20346.86    3    1
(advertise)    40    20351.79    36    20
(relay)    39    29    20375.6    20    20360.93    1    1
(relay)    33    20    20387.4    20    20386.44    3    1
(advertise)    40    20387.6    20    20
(relay)    33    11    20410.81    20    20345.97    1    1
(relay)    33    13    20434.01    20    20431.12    3    1
(advertise)    40    20434.21    13    20
(heartbeat)    24    5    20430.25    40    20457.83    4    12
(advertise)    40    20458.43    24    5
(relay)    41    6    20504.64    20    20467.11    3    1
(advertise)    40    20504.84    6    20
(relay)    41    43    20549.25    20    20543.13    1    1
(relay)    41    41    20644.65    20    20643.74    7    1
(advertise)    40    20644.85    41    20
(relay)    39    45    20668.87    20    20658.29    3    1
(advertise)    40    20669.27    45    20
(relay)    39    31    20692.48    20    20689.2    1    1
(relay)    41    5    20711.48    20    20705.13    1    1
(relay)    39    35    20716.08    20    20661.9    3    1
(advertise)    40    20716.28    35    20
(relay)    47    44    20738.09    20    20726.64    3    1
(advertise)    40    20738.89    44    20
(relay)    39    42    20760.11    20    20751.24    3    1
(advertise)    40    20763.51    42    20
(relay)    39    30    20784.92    20    20740.63    1    1
(relay)    33    33    20843.52    20    20843.49    5    1
(advertise)    40    20843.72    33    20
(relay)    39    28    20868.53    20    20839.73    1    1
(generate)    40    20869.53    [24]    20
(relay)    33    18    20906.14    20    20902.4    1    1
(relay)    47    37    20922.94    20    20919.1    1    1
(relay)    33    26    20929.14    20    20920.7    3    1
(advertise)    40    20929.34    26    20
(relay)    47    46    20965.96    20    20948.33    5    1
(advertise)    40    20966.16    46    20
(relay)    41    34    20973.57    20    20972.38    5    1
(advertise)    40    20989.97    34    20
(relay)    39    39    21002.98    20    21001.99    5    1
(advertise)    40    21011.98    39    20
(relay)    33    25    21108.2    21    21107.5    1    1
(relay)    47    48    21123.6    21    21123.05    7    1
(advertise)    40    21123.8    48    21
(relay)    33    32    21130.41    21    21110.54    3    1
(advertise)    40    21145.01    32    21
(relay)    41    27    21169.82    21    21135.29    3    1
(advertise)    40    21170.02    27    21
(relay)    41    12    21192.04    21    21161.74    1    1
(relay)    33    19    21273.24    21    21269.86    3    1
(advertise)    40    21273.44    19    21
(relay)    47    47    21284.25    21    21284.16    7    1
(advertise)    40    21296.85    47    21
(relay)    47    38    21310.66    21    21307.48    1    1
(relay)    47    36    21352.26    21    21346.92    1    1
(relay)    33    11    21355.66    21    21345.97    1    1
(relay)    33    20    21387.46    21    21386.48    3    1
(advertise)    40    21387.66    20    21
(relay)    39    29    21395.27    21    21361.03    1    1
(relay)    33    13    21436.07    21    21431.21    3    1
(advertise)    40    21436.27    13    21
(relay)    41    6    21481.29    21    21467.12    3    1
(advertise)    40    21481.49    6    21
(relay)    47    43    21548.1    21    21543.18    3    1
(advertise)    40    21548.3    43    21
(relay)    41    41    21643.91    21    21643.8    7    1
(advertise)    40    21644.11    41    21
(relay)    39    45    21667.33    21    21658.36    3    1
(advertise)    40    21667.93    45    21
(relay)    39    31    21690.94    21    21689.33    1    1
(relay)    47    35    21693.94    21    21661.96    1    1
(relay)    41    5    21711.54    21    21705.23    1    1
(relay)    47    44    21739.94    21    21726.65    3    1
(advertise)    40    21740.14    44    21
(relay)    47    42    21764.55    21    21751.4    3    1
(advertise)    40    21765.15    42    21
(relay)    33    30    21779.17    21    21740.76    1    1
(relay)    33    33    21843.77    21    21843.67    5    1
(advertise)    40    21843.97    33    21
(relay)    39    28    21867.38    21    21839.74    1    1
(generate)    40    21869.58    [24]    21
(relay)    33    18    21906.79    21    21902.54    1    1
(relay)    47    37    21923.19    21    21919.1    1    1
(relay)    33    26    21927.79    21    21920.73    3    1
(advertise)    40    21927.99    26    21
(relay)    47    46    21967.6    21    21948.35    5    1
(advertise)    40    21967.8    46    21
(relay)    41    34    21990.62    21    21972.41    5    1
(advertise)    40    21991.02    34    21
(relay)    39    39    22002.03    21    22002.0    5    1
(advertise)    40    22012.03    39    21
(relay)    33    25    22128.24    22    22107.55    1    1
(relay)    41    27    22147.64    22    22135.37    3    1
(advertise)    40    22147.84    27    22
(relay)    33    32    22149.06    22    22110.66    3    1
(relay)    39    48    22149.86    22    22123.22    5    2
(advertise)    40    22171.86    32    22
(relay)    41    12    22191.47    22    22161.79    1    2
(advertise)    40    22192.87    48    22
(relay)    33    19    22270.68    22    22270.04    3    1
(advertise)    40    22270.88    19    22
(relay)    47    47    22284.3    22    22284.24    7    1
(advertise)    40    22291.9    47    22
(relay)    47    38    22309.11    22    22307.51    1    1
(relay)    33    11    22351.11    22    22346.15    1    1
(relay)    39    36    22352.91    22    22346.94    1    1
(relay)    39    20    22388.51    22    22386.68    1    1
(relay)    39    29    22410.51    22    22361.2    1    1
(relay)    41    13    22436.11    22    22431.29    3    1
(advertise)    40    22436.31    13    22
(relay)    33    6    22485.32    22    22467.29    3    1
(advertise)    40    22485.52    6    22
(relay)    39    43    22545.93    22    22543.27    1    1
(relay)    41    41    22643.93    22    22643.86    7    1
(advertise)    40    22644.13    41    22
(relay)    47    45    22667.75    22    22658.42    3    1
(advertise)    40    22667.95    45    22
(relay)    39    31    22692.76    22    22689.41    1    1
(relay)    33    5    22716.76    22    22705.29    3    1
(advertise)    40    22716.96    5    22
(relay)    47    44    22739.77    22    22726.67    3    1
(advertise)    40    22740.17    44    22
(relay)    39    42    22762.59    22    22751.58    3    1
(advertise)    40    22763.59    42    22
(relay)    39    30    22784.0    22    22741.52    1    1
(relay)    33    33    22844.4    22    22843.84    5    1
(advertise)    40    22844.6    33    22
(generate)    40    22869.81    [24]    22
(relay)    33    28    22896.03    22    22839.94    1    1
(relay)    33    18    22916.63    22    22902.65    1    1
(relay)    39    37    22920.43    22    22919.28    3    1
(advertise)    40    22920.63    37    22
(relay)    39    26    22945.24    22    22920.76    1    1
(relay)    47    46    22949.64    22    22948.36    5    1
(advertise)    40    22949.84    46    22
(relay)    41    34    22975.05    22    22972.42    5    1
(advertise)    40    22975.25    34    22
(relay)    39    39    23002.26    22    23002.17    5    1
(advertise)    40    23002.46    39    22
(relay)    33    4    23049.28    23    23037.27    1    1
(relay)    39    25    23108.68    23    23107.63    1    1
(relay)    41    48    23124.48    23    23123.41    7    1
(advertise)    40    23124.68    48    23
(relay)    39    32    23130.49    23    23110.8    3    1
(advertise)    40    23147.09    32    23
(relay)    41    27    23169.9    23    23135.4    3    1
(advertise)    40    23170.1    27    23
(relay)    33    12    23196.52    23    23161.83    1    1
(relay)    33    19    23270.92    23    23270.2    3    1
(advertise)    40    23271.12    19    23
(relay)    47    47    23284.33    23    23284.33    7    1
(advertise)    40    23294.13    47    23
(relay)    39    38    23315.34    23    23307.53    3    1
(advertise)    40    23316.14    38    23
(relay)    39    36    23351.36    23    23347.02    1    1
(relay)    33    11    23356.96    23    23346.32    1    1
(relay)    41    20    23388.56    23    23386.71    3    1
(advertise)    40    23388.76    20    23
(relay)    33    29    23412.57    23    23361.38    1    1
(relay)    33    13    23436.97    23    23431.39    3    1
(advertise)    40    23437.17    13    23
(relay)    41    6    23482.78    23    23467.46    3    1
(advertise)    40    23482.98    6    23
(relay)    39    43    23544.59    23    23543.35    3    1
(advertise)    40    23544.79    43    23
(relay)    41    41    23644.01    23    23643.91    7    1
(advertise)    40    23644.21    41    23
(relay)    47    45    23666.82    23    23658.48    3    1
(advertise)    40    23668.42    45    23
(relay)    39    31    23693.23    23    23689.92    1    1
(relay)    41    5    23711.63    23    23705.42    1    1
(relay)    47    44    23729.63    23    23726.69    3    1
(advertise)    40    23729.83    44    23
(relay)    47    42    23755.85    23    23751.75    3    1
(advertise)    40    23756.05    42    23
(relay)    33    30    23780.26    23    23741.71    1    1
(relay)    33    33    23844.46    23    23843.85    5    1
(advertise)    40    23844.66    33    23
(generate)    40    23869.87    [24]    23
(relay)    33    18    23904.49    23    23902.79    1    1
(relay)    47    37    23921.29    23    23919.29    1    1
(relay)    41    26    23926.69    23    23920.8    1    1
(relay)    47    46    23950.09    23    23948.37    5    1
(advertise)    40    23950.29    46    23
(relay)    33    34    23974.7    23    23972.44    5    1
(advertise)    40    23974.9    34    23
(relay)    39    39    24002.51    23    24002.34    5    1
(advertise)    40    24002.91    39    23
(relay)    39    4    24041.12    24    24037.45    1    1
(relay)    39    25    24109.12    24    24107.64    1    1
(relay)    41    48    24125.12    24    24123.61    7    1
(advertise)    40    24125.32    48    24
(relay)    39    32    24131.34    24    24110.91    3    1
(advertise)    40    24147.14    32    24
(relay)    41    27    24170.75    24    24135.46    3    1
(advertise)    40    24171.15    27    24
(relay)    41    12    24192.76    24    24161.91    1    1
(relay)    33    19    24271.16    24    24270.39    3    1
(advertise)    40    24271.36    19    24
(relay)    47    47    24284.98    24    24284.4    7    1
(advertise)    40    24293.38    47    24
(relay)    47    38    24311.19    24    24307.57    1    1
(relay)    39    36    24350.59    24    24347.06    1    1
(relay)    33    11    24355.99    24    24346.5    1    1
(relay)    41    20    24388.79    24    24386.71    3    1
(advertise)    40    24388.99    20    24
(heartbeat)    24    6    24430.27    40    24433.0    4    12
(advertise)    40    24433.2    24    6
(relay)    33    13    24456.62    24    24431.47    3    1
(advertise)    40    24457.22    13    24
(relay)    33    6    24481.63    24    24467.65    3    1
(advertise)    40    24481.83    6    24
(relay)    39    43    24544.84    24    24543.45    3    1
(advertise)    40    24545.04    43    24
(relay)    41    41    24644.45    24    24643.98    7    1
(advertise)    40    24644.65    41    24
(relay)    39    45    24668.67    24    24658.55    3    1
(advertise)    40    24669.07    45    24
(relay)    39    35    24692.28    24    24662.19    3    1
(advertise)    40    24692.48    35    24
(relay)    39    31    24713.29    24    24690.03    1    1
(relay)    41    5    24714.69    24    24705.52    1    1
(relay)    39    42    24754.69    24    24751.76    3    1
(advertise)    40    24754.89    42    24
(relay)    39    30    24777.51    24    24741.88    1    1
(relay)    33    33    24844.51    24    24844.02    5    1
(advertise)    40    24844.71    33    24
(generate)    40    24869.92    [24]    24
(relay)    33    18    24904.93    24    24902.93    1    1
(relay)    47    37    24921.33    24    24919.46    1    1
(relay)    47    46    24950.13    24    24948.39    5    1
(advertise)    40    24950.33    46    24
(relay)    41    34    24976.35    24    24972.46    5    1
(advertise)    40    24976.75    34    24
(relay)    39    39    25003.16    24    25002.53    5    1
(advertise)    40    25003.36    39    24
(relay)    47    48    25125.77    25    25123.78    7    1
(advertise)    40    25125.97    48    25
(relay)    33    32    25131.18    25    25111.08    3    1
(advertise)    40    25146.98    32    25
(relay)    41    27    25169.0    25    25135.55    3    1
(advertise)    40    25169.2    27    25
(relay)    41    12    25190.81    25    25162.01    1    1
(relay)    33    19    25271.61    25    25270.57    3    1
(advertise)    40    25271.81    19    25
(relay)    47    47    25285.02    25    25284.46    7    1
(advertise)    40    25294.82    47    25
(relay)    47    38    25311.44    25    25307.63    1    1
(relay)    33    11    25348.84    25    25346.69    1    1
(relay)    39    36    25350.44    25    25347.11    1    1
(relay)    33    29    25379.64    25    25361.56    1    1
(relay)    41    20    25389.64    25    25386.75    3    1
(advertise)    40    25389.84    20    25
(relay)    33    13    25433.05    25    25431.58    3    1
(advertise)    40    25433.25    13    25
(relay)    33    6    25486.26    25    25467.67    3    1
(advertise)    40    25486.46    6    25
(relay)    47    43    25545.28    25    25543.54    3    1
(advertise)    40    25545.48    43    25
(relay)    41    41    25644.69    25    25644.04    7    1
(advertise)    40    25644.89    41    25
(relay)    39    45    25670.7    25    25658.61    3    1
(advertise)    40    25671.3    45    25
(relay)    39    31    25694.11    25    25690.05    1    1
(relay)    47    35    25695.51    25    25662.23    1    1
(relay)    33    5    25707.91    25    25705.6    3    1
(advertise)    40    25708.11    5    25
(relay)    47    44    25742.13    25    25726.95    3    1
(advertise)    40    25742.33    44    25
(relay)    47    42    25764.74    25    25751.9    3    1
(advertise)    40    25765.94    42    25
(relay)    33    30    25794.55    25    25741.96    1    1
(relay)    33    33    25845.15    25    25844.2    5    1
(advertise)    40    25845.35    33    25
(generate)    40    25869.97    [24]    25
(relay)    47    37    25922.78    25    25920.65    1    1
(relay)    41    26    25928.38    25    25920.92    1    1
(relay)    47    46    25950.78    25    25948.41    5    1
(advertise)    40    25950.98    46    25
(relay)    41    34    25974.19    25    25972.47    5    1
(advertise)    40    25974.39    34    25
(relay)    39    39    26003.21    25    26002.69    5    1
(advertise)    40    26003.41    39    25
(relay)    39    25    26110.02    26    26107.85    1    1
(relay)    47    48    26125.62    26    26123.97    7    1
(advertise)    40    26125.82    48    26
(relay)    39    32    26132.03    26    26111.24    3    1
(advertise)    40    26148.43    32    26
(relay)    47    27    26170.04    26    26135.61    1    1
(relay)    41    12    26183.84    26    26162.04    1    1
(relay)    33    19    26272.64    26    26270.76    3    1
(advertise)    40    26272.84    19    26
(relay)    47    47    26285.06    26    26284.56    7    1
(advertise)    40    26295.86    47    26
(relay)    47    38    26312.07    26    26307.68    1    1
(relay)    47    36    26356.07    26    26347.16    1    1
(relay)    39    29    26378.87    26    26361.74    1    1
(relay)    41    20    26390.47    26    26386.94    3    1
(advertise)    40    26390.67    20    26
(relay)    39    11    26423.68    26    26346.87    1    1
(relay)    41    13    26434.88    26    26431.65    3    1
(advertise)    40    26435.08    13    26
(relay)    41    6    26484.5    26    26467.85    3    1
(advertise)    40    26484.7    6    26
(relay)    47    43    26545.31    26    26543.65    3    1
(advertise)    40    26545.51    43    26
(relay)    41    41    26644.72    26    26644.1    7    1
(advertise)    40    26644.92    41    26
(relay)    39    45    26667.94    26    26658.66    3    1
(advertise)    40    26668.54    45    26
(relay)    47    35    26689.55    26    26663.13    1    1
(relay)    33    31    26692.95    26    26691.11    1    1
(relay)    41    5    26707.35    26    26705.68    1    1
(relay)    47    44    26733.75    26    26726.96    3    1
(advertise)    40    26733.95    44    26
(relay)    47    42    26758.96    26    26751.91    3    1
(relay)    33    30    26759.76    26    26742.06    1    2
(advertise)    40    26760.16    42    26
(relay)    33    33    26845.37    26    26844.39    5    1
(advertise)    40    26845.57    33    26
(generate)    40    26869.99    [24]    26
(relay)    33    18    26919.6    26    26903.19    1    1
(relay)    39    37    26924.2    26    26921.21    3    1
(advertise)    40    26924.4    37    26
(relay)    33    26    26942.61    26    26920.94    3    1
(advertise)    40    26946.01    26    26
(relay)    47    46    26969.23    26    26948.61    5    1
(advertise)    40    26969.43    46    26
(relay)    41    34    26994.04    26    26973.68    5    1
(advertise)    40    26994.24    34    26
(relay)    39    39    27003.45    26    27002.86    5    1
(advertise)    40    27015.25    39    26
(relay)    41    48    27125.67    27    27123.98    7    1
(advertise)    40    27125.87    48    27
(relay)    33    32    27131.48    27    27111.38    3    1
(advertise)    40    27147.08    32    27
(relay)    41    27    27172.89    27    27135.68    3    1
(advertise)    40    27173.09    27    27
(relay)    41    12    27196.1    27    27162.07    1    1
(relay)    33    19    27272.9    27    27270.91    3    1
(advertise)    40    27273.1    19    27
(relay)    47    47    27285.72    27    27284.66    7    1
(advertise)    40    27297.72    47    27
(relay)    47    38    27311.93    27    27307.91    1    1
(relay)    33    11    27349.53    27    27347.01    1    1
(relay)    47    36    27357.13    27    27347.23    1    1
(relay)    41    20    27390.73    27    27386.95    3    1
(advertise)    40    27390.93    20    27
(relay)    33    29    27414.94    27    27361.75    1    1
(relay)    41    13    27433.94    27    27431.72    3    1
(advertise)    40    27434.14    13    27
(relay)    41    6    27484.76    27    27468.02    3    1
(advertise)    40    27484.96    6    27
(relay)    39    43    27545.97    27    27543.74    3    1
(advertise)    40    27546.17    43    27
(relay)    41    41    27645.18    27    27644.19    7    1
(advertise)    40    27645.38    41    27
(relay)    41    45    27672.6    27    27658.73    1    1
(relay)    39    31    27693.8    27    27691.2    1    1
(relay)    41    5    27708.8    27    27705.75    1    1
(relay)    47    35    27716.2    27    27663.22    1    1
(relay)    47    44    27742.2    27    27726.98    3    1
(advertise)    40    27742.4    44    27
(relay)    47    42    27763.61    27    27752.09    3    1
(advertise)    40    27765.21    42    27
(relay)    39    30    27805.42    27    27742.85    1    1
(relay)    33    33    27845.62    27    27844.58    5    1
(advertise)    40    27845.82    33    27
(generate)    40    27870.03    [24]    27
(relay)    39    18    27905.05    27    27903.33    1    1
(relay)    47    37    27925.45    27    27921.36    1    1
(relay)    33    26    27929.25    27    27920.99    3    1
(advertise)    40    27929.45    26    27
(relay)    47    46    27968.06    27    27948.63    5    1
(advertise)    40    27968.26    46    27
(relay)    41    34    27990.27    27    27973.7    5    1
(advertise)    40    27990.47    34    27
(relay)    39    39    28004.09    27    28003.05    5    1
(advertise)    40    28014.09    39    27
(relay)    39    32    28123.9    28    28111.49    3    1
(advertise)    40    28124.1    32    28
(relay)    41    48    28125.71    28    28124.17    7    1
(relay)    33    25    28126.11    28    28108.06    1    2
(advertise)    40    28145.51    48    28
(relay)    41    27    28150.13    28    28135.75    3    1
(advertise)    40    28167.73    27    28
(relay)    41    12    28198.14    28    28162.09    1    1
(relay)    33    19    28273.54    28    28270.93    3    1
(advertise)    40    28273.74    19    28
(relay)    47    47    28285.75    28    28284.76    7    1
(advertise)    40    28295.95    47    28
(relay)    47    38    28313.36    28    28307.92    1    1
(relay)    47    36    28356.36    28    28347.3    1    1
(relay)    41    20    28391.56    28    28386.96    3    1
(advertise)    40    28391.76    20    28
(relay)    39    29    28400.58    28    28361.76    1    1
(relay)    41    13    28434.38    28    28431.81    3    1
(advertise)    40    28434.58    13    28
(heartbeat)    24    7    28430.28    40    28456.99    4    12
(advertise)    40    28458.59    24    7
(relay)    41    6    28485.6    28    28468.22    3    1
(advertise)    40    28485.8    6    28
(relay)    47    43    28547.82    28    28543.84    3    1
(advertise)    40    28548.02    43    28
(relay)    41    41    28645.23    28    28644.26    7    1
(advertise)    40    28645.43    41    28
(relay)    39    45    28670.64    28    28658.81    3    1
(advertise)    40    28671.04    45    28
(relay)    39    31    28692.66    28    28691.27    1    1
(relay)    33    5    28716.46    28    28705.85    3    1
(advertise)    40    28716.66    5    28
(relay)    47    44    28739.87    28    28727.17    3    1
(advertise)    40    28740.07    44    28
(relay)    47    42    28761.08    28    28752.27    3    1
(advertise)    40    28762.08    42    28
(relay)    39    30    28784.29    28    28743.0    1    1
(relay)    33    33    28844.89    28    28844.77    5    1
(advertise)    40    28845.09    33    28
(generate)    40    28870.11    [24]    28
(relay)    39    18    28907.12    28    28903.49    1    1
(relay)    33    26    28929.12    28    28921.05    3    1
(advertise)    40    28929.32    26    28
(relay)    33    37    28951.33    28    28921.53    1    1
(relay)    47    46    28953.33    28    28948.64    5    1
(advertise)    40    28953.53    46    28
(relay)    41    34    28977.15    28    28973.73    5    1
(advertise)    40    28977.35    34    28
(relay)    39    39    29004.16    28    29003.24    5    1
(advertise)    40    29004.36    39    28
(relay)    39    4    29083.77    29    29037.53    1    1
(relay)    33    25    29111.57    29    29108.17    1    1
(relay)    33    32    29131.57    29    29111.68    3    1
(advertise)    40    29131.77    32    29
(relay)    33    48    29153.79    29    29124.18    5    1
(advertise)    40    29156.39    48    29
(relay)    41    27    29173.8    29    29135.84    3    1
(advertise)    40    29177.8    27    29
(relay)    41    12    29196.81    29    29162.19    1    1
(relay)    33    19    29274.41    29    29270.94    3    1
(advertise)    40    29274.61    19    29
(relay)    47    47    29285.82    29    29284.86    7    1
(advertise)    40    29295.82    47    29
(relay)    47    38    29312.44    29    29307.96    1    1
(relay)    33    11    29359.04    29    29347.24    1    1
(relay)    33    20    29388.84    29    29386.99    3    1
(advertise)    40    29389.04    20    29
(relay)    39    29    29422.25    29    29361.95    1    1
(relay)    41    13    29434.45    29    29431.9    3    1
(advertise)    40    29434.65    13    29
(relay)    33    6    29480.86    29    29468.23    3    1
(advertise)    40    29481.06    6    29
(relay)    47    43    29547.88    29    29543.93    3    1
(advertise)    40    29548.08    43    29
(relay)    41    41    29645.29    29    29644.29    7    1
(advertise)    40    29645.49    41    29
(relay)    39    45    29668.3    29    29658.87    3    1
(advertise)    40    29668.7    45    29
(relay)    47    35    29693.12    29    29663.39    1    1
(relay)    33    31    29693.92    29    29691.35    1    1
(relay)    33    5    29716.72    29    29705.95    3    1
(advertise)    40    29716.92    5    29
(relay)    39    44    29740.13    29    29727.19    3    1
(advertise)    40    29740.73    44    29
(relay)    47    42    29761.54    29    29752.42    3    1
(advertise)    40    29764.74    42    29
(relay)    39    30    29785.75    29    29743.15    1    1
(relay)    33    33    29844.95    29    29844.77    5    1
(advertise)    40    29845.15    33    29
(generate)    40    29870.17    [24]    29
(relay)    33    18    29907.58    29    29903.67    1    1
(relay)    47    37    29926.98    29    29922.9    1    1
(relay)    33    26    29927.98    29    29921.07    3    1
(advertise)    40    29928.18    26    29
(relay)    41    34    29974.59    29    29973.74    5    1
(advertise)    40    29974.79    34    29
(relay)    33    46    29998.01    29    29948.66    3    1
(advertise)    40    29998.21    46    29
