(relay)    44    4    1039.6    1    1036.0    119    1
(advertise)    43    1039.8    4    1
(relay)    36    32    1106.41    1    1105.01    123    1
(advertise)    43    1106.61    32    1
(relay)    42    25    1131.83    1    1105.01    118    1
(advertise)    43    1132.03    25    1
(relay)    44    48    1153.24    1    1121.03    123    1
(advertise)    43    1154.04    48    1
(relay)    36    17    1177.65    1    1126.03    122    1
(advertise)    43    1178.05    17    1
(relay)    44    27    1199.67    1    1132.04    120    1
(advertise)    43    1199.87    27    1
(relay)    36    12    1222.48    1    1160.05    117    1
(advertise)    43    1222.88    12    1
(relay)    36    8    1249.09    1    1216.08    123    1
(advertise)    43    1249.49    8    1
(relay)    36    9    1270.9    1    1258.09    122    1
(advertise)    43    1271.7    9    1
(relay)    36    19    1292.72    1    1268.09    118    1
(advertise)    43    1294.72    19    1
(relay)    36    15    1316.33    1    1294.32    124    1
(advertise)    43    1316.73    15    1
(relay)    44    47    1320.34    1    1282.12    124    1
(advertise)    43    1338.54    47    1
(relay)    44    38    1342.76    1    1306.12    125    1
(relay)    36    36    1346.16    1    1345.16    127    2
(advertise)    43    1361.76    38    1
(advertise)    43    1384.97    36    1
(relay)    36    23    1408.38    1    1367.17    122    1
(advertise)    43    1408.98    23    1
(relay)    36    29    1431.4    1    1358.16    122    1
(advertise)    43    1431.8    29    1
(relay)    36    11    1451.41    1    1343.16    120    1
(advertise)    43    1452.81    11    1
(relay)    36    20    1472.42    1    1385.17    117    1
(advertise)    43    1474.42    20    1
(relay)    36    3    1498.63    1    1445.01    120    1
(advertise)    43    1498.83    3    1
(relay)    36    2    1528.85    1    1452.02    117    1
(advertise)    43    1529.05    2    1
(generate)    43    1541.06    [24]    1
(relay)    42    13    1572.67    1    1429.18    116    1
(advertise)    43    1572.87    13    1
(relay)    36    6    1595.49    1    1464.18    117    1
(advertise)    43    1595.69    6    1
(relay)    36    22    1617.5    1    1599.1    123    1
(advertise)    43    1619.5    22    1
(relay)    36    41    1644.91    1    1642.11    122    1
(advertise)    43    1645.51    41    1
(relay)    42    35    1661.13    1    1660.13    126    1
(advertise)    43    1666.73    35    1
(relay)    44    31    1690.94    1    1687.13    124    1
(advertise)    43    1691.14    31    1
(relay)    36    45    1714.15    1    1655.13    120    1
(advertise)    43    1714.75    45    1
(relay)    44    5    1723.96    1    1703.15    118    1
(relay)    44    44    1725.16    1    1725.15    127    2
(advertise)    43    1737.76    5    1
(relay)    42    42    1748.78    1    1748.13    127    2
(advertise)    43    1760.78    44    1
(relay)    42    30    1762.99    1    1735.16    123    2
(advertise)    43    1782.79    42    1
(advertise)    43    1806.0    30    1
(relay)    36    7    1826.62    1    1780.0    122    1
(advertise)    43    1827.82    7    1
(relay)    36    28    1849.83    1    1838.03    125    1
(advertise)    43    1850.03    28    1
(relay)    36    14    1872.84    1    1787.0    117    1
(advertise)    43    1873.24    14    1
(relay)    42    21    1875.86    1    1841.03    124    1
(advertise)    43    1895.06    21    1
(relay)    36    33    1917.27    1    1841.0    122    1
(advertise)    43    1918.27    33    1
(relay)    36    16    1940.48    1    1898.06    123    1
(advertise)    43    1940.68    16    1
(relay)    44    37    1944.09    1    1917.07    126    1
(relay)    36    40    1962.09    1    1868.04    123    2
(advertise)    43    1962.29    37    1
(advertise)    43    1983.31    40    1
(relay)    36    18    2005.92    1    1898.06    119    1
(advertise)    43    2006.52    18    1
(relay)    44    46    2009.33    1    1947.08    125    1
(advertise)    43    2029.33    46    1
(relay)    36    39    2051.95    1    1999.12    124    1
(advertise)    43    2052.15    39    1
(relay)    42    1    2075.36    1    1941.09    118    1
(advertise)    43    2075.76    1    1
(relay)    36    10    2098.37    1    1979.11    121    1
(advertise)    43    2098.77    10    1
(relay)    36    34    2122.19    1    1971.07    121    1
(advertise)    43    2122.59    34    1
(relay)    36    26    2148.4    1    1919.06    117    1
(advertise)    43    2148.8    26    1
(relay)    36    32    2168.61    2    2105.39    123    1
(advertise)    43    2170.01    32    2
(relay)    36    4    2192.82    2    2036.12    119    1
(advertise)    43    2193.02    4    2
(relay)    36    25    2215.44    2    2105.17    118    1
(advertise)    43    2216.04    25    2
(relay)    42    17    2217.25    2    2126.19    120    1
(relay)    36    48    2236.85    2    2121.13    121    2
(advertise)    43    2238.85    17    2
(advertise)    43    2260.26    48    2
(relay)    42    9    2269.88    2    2258.25    120    1
(relay)    44    8    2281.68    2    2216.25    121    2
(advertise)    43    2283.88    9    2
(advertise)    43    2305.69    8    2
(relay)    44    27    2326.3    2    2132.17    120    1
(advertise)    43    2328.7    27    2
(relay)    36    36    2345.32    2    2345.32    127    1
(relay)    36    12    2348.12    2    2160.21    115    2
(advertise)    43    2351.12    36    2
(relay)    36    15    2369.53    2    2294.48    124    2
(advertise)    43    2374.33    12    2
(relay)    36    29    2392.94    2    2358.32    126    2
(advertise)    43    2395.34    15    2
(advertise)    43    2417.55    29    2
(relay)    36    38    2418.97    2    2306.26    123    1
(relay)    36    23    2440.17    2    2367.33    124    2
(advertise)    43    2440.37    38    2
(advertise)    43    2461.78    23    2
(relay)    36    19    2483.99    2    2268.26    120    1
(relay)    42    0    2484.19    2    2364.33    119    2
(advertise)    43    2484.99    19    2
(advertise)    43    2507.21    0    2
(relay)    36    47    2528.02    2    2282.28    120    1
(advertise)    43    2528.82    47    2
(generate)    43    2541.23    [24]    2
(relay)    36    11    2549.84    2    2344.52    120    1
(advertise)    43    2550.24    11    2
(relay)    36    20    2573.26    2    2385.33    119    1
(advertise)    43    2573.66    20    2
(relay)    44    13    2598.87    2    2429.35    118    1
(advertise)    43    2599.07    13    2
(relay)    36    6    2639.28    2    2464.29    117    1
(advertise)    43    2639.48    6    2
(relay)    36    22    2661.5    2    2599.26    125    1
(advertise)    43    2661.7    22    2
(relay)    42    35    2663.31    2    2660.28    126    1
(relay)    44    3    2666.11    2    2445.19    120    2
(advertise)    43    2683.71    35    2
(relay)    44    45    2687.52    2    2656.51    126    2
(advertise)    43    2704.72    3    2
(relay)    42    2    2708.94    2    2452.19    119    2
(relay)    44    44    2725.34    2    2725.32    127    3
(advertise)    43    2726.74    45    2
(advertise)    43    2747.75    2    2
(relay)    42    42    2748.96    2    2748.27    127    2
(relay)    36    31    2770.16    2    2687.31    124    3
(advertise)    43    2770.56    44    2
(advertise)    43    2791.97    42    2
(advertise)    43    2814.59    31    2
(relay)    42    30    2818.0    2    2735.35    123    1
(relay)    44    41    2820.8    2    2642.3    118    2
(advertise)    43    2837.2    30    2
(relay)    42    28    2858.81    2    2838.19    125    2
(advertise)    43    2861.41    41    2
(relay)    44    5    2870.83    2    2703.32    118    2
(advertise)    43    2883.63    28    2
(relay)    42    14    2904.24    2    2787.17    123    2
(advertise)    43    2906.04    5    2
(relay)    44    33    2914.85    2    2841.2    122    2
(advertise)    43    2927.65    14    2
(relay)    44    37    2938.47    2    2917.27    126    2
(advertise)    43    2951.67    33    2
(advertise)    43    2974.08    37    2
(relay)    44    40    2981.29    2    2868.23    121    1
(advertise)    43    2996.09    40    2
(relay)    44    46    3003.3    2    2947.28    125    1
(relay)    36    21    3011.9    2    2841.2    124    2
(advertise)    43    3018.3    46    2
(relay)    44    7    3026.52    2    2780.17    120    2
(advertise)    43    3039.72    21    2
(relay)    44    26    3049.13    2    2919.24    121    2
(relay)    42    16    3060.93    2    2898.24    121    3
(advertise)    43    3062.13    7    2
(advertise)    43    3083.94    26    2
(relay)    44    39    3092.56    2    2999.29    124    2
(advertise)    43    3105.96    16    2
(relay)    44    18    3115.37    2    2898.45    121    2
(relay)    36    1    3122.97    2    2941.28    122    3
(advertise)    43    3126.97    39    2
(advertise)    43    3150.18    18    2
(relay)    44    34    3160.2    2    2971.24    121    2
(advertise)    43    3173.8    1    2
(advertise)    43    3196.01    34    2
(relay)    44    32    3205.22    3    3106.18    123    1
(advertise)    43    3218.02    32    3
(relay)    44    10    3227.83    2    2979.29    121    1
(advertise)    43    3240.03    10    2
(relay)    44    48    3249.85    3    3121.33    121    1
(relay)    36    17    3250.65    3    3126.37    122    2
(advertise)    43    3263.05    48    3
(advertise)    43    3285.06    17    3
(relay)    44    27    3294.67    3    3132.36    120    1
(relay)    36    4    3294.87    3    3036.32    117    2
(advertise)    43    3306.07    27    3
(advertise)    43    3328.69    4    3
(relay)    44    47    3338.3    3    3282.46    124    1
(relay)    36    38    3339.5    3    3306.46    125    2
(relay)    36    36    3345.7    3    3345.51    127    3
(advertise)    43    3351.3    47    3
(relay)    36    8    3361.11    3    3216.42    123    3
(advertise)    43    3372.51    38    3
(relay)    44    25    3384.33    3    3105.37    120    3
(advertise)    43    3394.33    36    3
(advertise)    43    3417.34    8    3
(relay)    42    15    3419.95    3    3294.66    122    2
(relay)    44    12    3427.35    3    3160.4    119    3
(relay)    36    29    3428.75    3    3358.51    126    4
(advertise)    43    3439.35    25    3
(advertise)    43    3460.36    15    3
(relay)    44    19    3472.18    3    3268.45    118    3
(relay)    36    9    3472.58    3    3258.45    122    4
(advertise)    43    3482.98    12    3
(advertise)    43    3505.19    29    3
(advertise)    43    3527.4    19    3
(generate)    43    3541.42    [24]    3
(advertise)    43    3549.63    9    3
(relay)    44    20    3558.64    3    3385.51    119    1
(advertise)    43    3572.24    20    3
(relay)    36    0    3594.66    3    3364.51    121    1
(advertise)    43    3594.86    0    3
(relay)    44    11    3602.47    3    3344.71    120    1
(advertise)    43    3616.87    11    3
(relay)    36    22    3639.68    3    3599.46    125    1
(advertise)    43    3640.08    22    3
(relay)    44    23    3644.49    3    3367.53    122    1
(advertise)    43    3662.09    23    3
(relay)    36    35    3685.11    3    3660.47    126    1
(advertise)    43    3685.31    35    3
(relay)    44    13    3688.32    3    3429.54    118    1
(advertise)    43    3708.32    13    3
(relay)    44    44    3725.53    3    3725.52    127    1
(advertise)    43    3731.53    44    3
(relay)    42    42    3748.95    3    3748.44    127    1
(relay)    36    3    3751.75    3    3445.38    120    2
(relay)    44    2    3753.55    3    3452.58    119    3
(advertise)    43    3754.95    42    3
(relay)    44    41    3776.16    3    3642.48    122    3
(advertise)    43    3776.76    3    3
(advertise)    43    3797.77    2    3
(relay)    36    45    3818.79    3    3656.69    124    2
(advertise)    43    3819.59    41    3
(relay)    36    31    3841.0    3    3687.49    124    2
(advertise)    43    3843.0    45    3
(relay)    36    30    3863.61    3    3735.55    125    2
(advertise)    43    3865.41    31    3
(relay)    44    6    3866.82    3    3464.49    117    2
(advertise)    43    3888.22    30    3
(relay)    42    28    3894.24    3    3838.39    125    2
(advertise)    43    3911.04    6    3
(relay)    44    5    3913.25    3    3703.52    118    2
(advertise)    43    3934.05    28    3
(relay)    36    37    3952.66    3    3917.45    126    2
(advertise)    43    3956.06    5    3
(relay)    44    46    3959.08    3    3947.48    125    2
(relay)    42    14    3963.48    3    3787.36    123    3
(advertise)    43    3977.28    37    3
(advertise)    43    3998.69    46    3
(advertise)    43    4020.5    14    3
(relay)    44    33    4025.52    3    3841.4    120    1
(advertise)    43    4041.52    33    3
(relay)    36    40    4042.93    3    3868.42    123    1
(advertise)    43    4062.53    40    3
(relay)    44    39    4068.54    3    3999.49    124    1
(relay)    42    7    4075.54    3    3780.37    120    2
(advertise)    43    4084.14    39    3
(relay)    44    16    4093.15    3    3898.44    123    2
(advertise)    43    4108.95    7    3
(relay)    44    26    4114.77    3    3919.44    121    2
(advertise)    43    4132.77    16    3
(relay)    42    1    4143.18    3    3941.46    120    2
(advertise)    43    4155.78    26    3
(relay)    44    18    4158.19    3    3898.64    121    2
(relay)    36    21    4170.79    3    3841.4    122    3
(advertise)    43    4176.99    1    3
(advertise)    43    4198.61    18    3
(relay)    44    34    4201.42    3    3971.44    121    2
(advertise)    43    4220.02    21    3
(relay)    36    32    4236.83    4    4106.37    123    2
(advertise)    43    4242.03    34    3
(relay)    42    10    4253.25    3    3979.49    119    2
(advertise)    43    4263.45    32    4
(relay)    44    48    4271.06    4    4121.52    123    2
(advertise)    43    4285.86    10    3
(relay)    36    17    4303.47    4    4126.38    122    2
(advertise)    43    4308.07    48    4
(relay)    44    25    4314.48    4    4105.57    122    2
(relay)    42    4    4321.08    4    4036.52    117    3
(advertise)    43    4329.48    17    4
(relay)    36    36    4345.7    4    4345.7    127    3
(advertise)    43    4351.5    25    4
(relay)    44    38    4357.31    4    4306.66    125    3
(advertise)    43    4372.71    4    4
(relay)    44    47    4379.72    4    4282.66    124    3
(advertise)    43    4395.32    36    4
(relay)    36    29    4415.54    4    4358.71    126    3
(advertise)    43    4416.34    38    4
(relay)    44    27    4422.95    4    4132.55    120    3
(relay)    42    8    4430.75    4    4216.62    121    4
(advertise)    43    4438.75    47    4
(relay)    36    15    4460.16    4    4294.86    124    4
(advertise)    43    4461.16    29    4
(relay)    44    12    4469.58    4    4160.59    117    4
(advertise)    43    4483.78    27    4
(advertise)    43    4505.99    8    4
(relay)    44    19    4511.8    4    4268.65    118    3
(relay)    36    9    4524.8    4    4258.63    122    4
(advertise)    43    4528.6    15    4
(relay)    44    23    4533.41    4    4367.71    124    4
(generate)    43    4541.61    [24]    4
(advertise)    43    4550.63    12    4
(advertise)    43    4572.04    19    4
(advertise)    43    4593.05    9    4
(relay)    36    0    4613.47    4    4364.7    121    2
(advertise)    43    4615.27    23    4
(relay)    44    20    4624.08    4    4385.68    119    2
(advertise)    43    4636.68    0    4
(relay)    44    11    4648.89    4    4344.91    120    2
(advertise)    43    4658.89    20    4
(advertise)    43    4681.11    11    4
(heartbeat)    24    1    4430.2    43    4692.92    127    0
(advertise)    43    4704.32    24    1
(relay)    42    35    4723.53    4    4660.65    126    1
(advertise)    43    4726.13    35    4
(relay)    44    45    4736.54    4    4656.89    6    1
(advertise)    43    4748.54    45    4
(relay)    42    42    4749.76    4    4748.64    10    1
(relay)    44    41    4768.96    4    4642.49    2    2
(advertise)    43    4769.76    42    4
(relay)    36    3    4772.17    4    4445.58    120    2
(advertise)    43    4792.37    41    4
(advertise)    43    4814.78    3    4
(relay)    36    30    4839.4    4    4735.94    2    1
(advertise)    43    4839.6    30    4
(relay)    42    2    4842.21    4    4452.78    119    1
(relay)    44    6    4858.01    4    4464.68    115    2
(advertise)    43    4861.21    2    4
(relay)    42    28    4865.42    4    4838.58    4    2
(advertise)    43    4883.22    6    4
(relay)    44    13    4900.64    4    4429.71    116    2
(advertise)    43    4906.24    28    4
(relay)    42    21    4910.65    4    4841.6    2    2
(advertise)    43    4927.85    13    4
(relay)    44    37    4946.26    4    4917.64    4    2
(advertise)    43    4949.26    21    4
(advertise)    43    4973.07    37    4
(relay)    44    40    4981.89    4    4868.62    2    1
(advertise)    43    4997.09    40    4
(relay)    44    5    5004.5    4    4703.71    116    1
(advertise)    43    5018.1    5    4
(relay)    36    14    5021.51    4    4787.54    2    1
(advertise)    43    5040.71    14    4
(relay)    36    7    5042.53    4    4780.57    2    1
(relay)    44    46    5047.73    4    4947.67    4    2
(advertise)    43    5062.93    7    4
(advertise)    43    5084.54    46    4
(relay)    44    39    5090.95    4    4999.5    2    1
(advertise)    43    5107.75    39    4
(relay)    44    48    5136.97    5    5121.66    4    1
(advertise)    43    5137.17    48    5
(relay)    44    47    5284.38    5    5282.77    4    1
(advertise)    43    5284.58    47    5
(relay)    44    38    5309.79    5    5306.78    2    1
(advertise)    43    5310.19    38    5
(relay)    36    36    5345.8    5    5345.79    6    1
(advertise)    43    5346.0    36    5
(relay)    36    29    5359.62    5    5358.72    4    1
(advertise)    43    5368.22    29    5
(generate)    43    5541.63    [24]    5
(relay)    36    22    5602.04    5    5599.7    2    1
(advertise)    43    5602.24    22    5
(relay)    44    41    5645.66    5    5642.67    2    1
(advertise)    43    5645.86    41    5
(relay)    42    35    5662.47    5    5660.66    6    1
(advertise)    43    5667.07    35    5
(relay)    44    45    5669.28    5    5657.08    6    1
(advertise)    43    5688.48    45    5
(relay)    44    44    5726.3    5    5725.83    8    1
(advertise)    43    5726.5    44    5
(relay)    42    42    5749.71    5    5748.7    10    1
(advertise)    43    5749.91    42    5
(relay)    44    30    5773.92    5    5736.03    2    1
(advertise)    43    5774.12    30    5
(relay)    42    14    5820.93    5    5787.71    2    1
(advertise)    43    5821.13    14    5
(relay)    42    28    5843.15    5    5838.68    4    1
(advertise)    43    5843.75    28    5
(relay)    42    21    5865.36    5    5841.61    2    1
(advertise)    43    5865.96    21    5
(relay)    44    40    5890.97    5    5868.73    2    1
(advertise)    43    5892.57    40    5
(relay)    44    37    5918.59    5    5917.74    4    1
(advertise)    43    5918.99    37    5
(relay)    44    46    5950.2    5    5947.72    4    1
(advertise)    43    5950.4    46    5
(relay)    44    39    6012.01    5    5999.57    2    1
(advertise)    43    6012.21    39    5
(relay)    44    48    6136.83    6    6121.67    4    1
(advertise)    43    6137.03    48    6
(relay)    36    8    6222.84    6    6216.8    2    1
(advertise)    43    6223.04    8    6
(relay)    44    47    6285.05    6    6282.89    4    1
(advertise)    43    6285.25    47    6
(relay)    44    38    6309.86    6    6306.83    2    1
(advertise)    43    6310.06    38    6
(relay)    36    36    6345.88    6    6345.84    6    1
(advertise)    43    6346.08    36    6
(relay)    36    29    6360.09    6    6358.79    4    1
(advertise)    43    6369.29    29    6
(relay)    36    0    6395.9    6    6364.73    2    1
(advertise)    43    6396.1    0    6
(generate)    43    6541.72    [24]    6
(relay)    36    22    6600.33    6    6599.72    2    1
(advertise)    43    6600.53    22    6
(relay)    44    41    6646.34    6    6642.74    2    1
(advertise)    43    6646.54    41    6
(relay)    42    35    6662.36    6    6660.74    6    1
(advertise)    43    6667.56    35    6
(relay)    36    45    6689.77    6    6657.14    4    1
(advertise)    43    6689.97    45    6
(relay)    44    44    6726.38    6    6725.84    8    1
(advertise)    43    6726.58    44    6
(relay)    42    42    6749.79    6    6748.87    10    1
(advertise)    43    6750.79    42    6
(relay)    42    7    6799.61    6    6780.83    2    1
(advertise)    43    6799.81    7    6
(relay)    42    14    6823.82    6    6787.76    2    1
(advertise)    43    6824.42    14    6
(relay)    42    28    6845.63    6    6838.7    4    1
(advertise)    43    6847.83    28    6
(relay)    36    21    6868.45    6    6841.7    2    1
(advertise)    43    6869.25    21    6
(relay)    44    40    6889.66    6    6868.78    2    1
(advertise)    43    6890.26    40    6
(relay)    44    37    6919.67    6    6917.76    4    1
(advertise)    43    6919.87    37    6
(relay)    44    46    6951.09    6    6947.9    4    1
(advertise)    43    6951.29    46    6
(relay)    44    39    7001.3    6    6999.76    2    1
(advertise)    43    7001.5    39    6
(relay)    44    48    7126.51    7    7121.86    4    1
(advertise)    43    7126.71    48    7
(relay)    44    47    7286.32    7    7282.96    4    1
(advertise)    43    7286.52    47    7
(relay)    44    38    7310.14    7    7306.86    2    1
(advertise)    43    7310.34    38    7
(relay)    36    15    7331.55    7    7295.36    2    1
(advertise)    43    7332.15    15    7
(relay)    36    36    7346.36    7    7345.89    6    1
(advertise)    43    7355.16    36    7
(relay)    36    29    7359.98    7    7358.82    4    1
(advertise)    43    7376.58    29    7
(relay)    36    0    7413.59    7    7364.76    2    1
(advertise)    43    7413.79    0    7
(generate)    43    7541.8    [24]    7
(relay)    36    22    7600.42    7    7599.78    2    1
(advertise)    43    7600.62    22    7
(relay)    44    41    7647.63    7    7642.8    2    1
(advertise)    43    7647.83    41    7
(relay)    42    35    7662.64    7    7660.83    6    1
(relay)    44    45    7668.64    7    7657.19    6    2
(advertise)    43    7670.44    35    7
(advertise)    43    7692.45    45    7
(relay)    44    44    7726.47    7    7725.85    8    1
(advertise)    43    7726.67    44    7
(relay)    42    42    7750.08    7    7749.06    10    1
(advertise)    43    7750.48    42    7
(relay)    36    30    7781.89    7    7736.23    2    1
(advertise)    43    7782.09    30    7
(relay)    42    7    7813.91    7    7780.89    2    1
(advertise)    43    7814.11    7    7
(relay)    42    14    7838.52    7    7787.76    2    1
(advertise)    43    7838.72    14    7
(relay)    42    28    7859.93    7    7838.9    4    1
(advertise)    43    7860.33    28    7
(relay)    36    40    7890.55    7    7868.83    2    1
(advertise)    43    7890.75    40    7
(relay)    42    37    7920.96    7    7917.81    2    1
(advertise)    43    7921.16    37    7
(relay)    44    46    7950.37    7    7947.91    4    1
(advertise)    43    7950.57    46    7
(relay)    44    39    8001.58    7    7999.76    2    1
(advertise)    43    8001.78    39    7
(relay)    44    48    8150.4    8    8121.89    2    1
(advertise)    43    8150.6    48    8
(relay)    36    8    8220.41    8    8216.93    2    1
(advertise)    43    8220.61    8    8
(relay)    44    47    8286.42    8    8283.02    4    1
(advertise)    43    8286.62    47    8
(relay)    44    38    8310.64    8    8306.91    2    1
(advertise)    43    8310.84    38    8
(relay)    36    15    8332.45    8    8295.52    2    1
(advertise)    43    8333.85    15    8
(relay)    36    36    8346.46    8    8345.97    6    1
(advertise)    43    8358.46    36    8
(relay)    36    29    8360.08    8    8358.85    4    1
(advertise)    43    8381.28    29    8
(relay)    36    0    8416.09    8    8364.95    2    1
(advertise)    43    8416.29    0    8
(heartbeat)    24    2    8430.21    43    8461.1    7    7
(advertise)    43    8461.3    24    2
(generate)    43    8541.91    [24]    8
(relay)    36    22    8600.53    8    8599.88    2    1
(advertise)    43    8600.73    22    8
(relay)    44    41    8648.54    8    8642.88    2    1
(advertise)    43    8648.74    41    8
(relay)    42    35    8663.15    8    8660.91    6    1
(relay)    44    45    8669.35    8    8657.28    6    2
(advertise)    43    8672.55    35    8
(advertise)    43    8693.57    45    8
(relay)    44    44    8726.78    8    8725.87    8    1
(advertise)    43    8726.98    44    8
(relay)    42    42    8750.19    8    8749.25    10    1
(advertise)    43    8750.59    42    8
(relay)    36    30    8781.01    8    8737.62    2    1
(advertise)    43    8781.21    30    8
(relay)    36    7    8811.02    8    8780.99    2    1
(advertise)    43    8811.22    7    8
(relay)    42    14    8835.83    8    8787.82    2    1
(advertise)    43    8836.03    14    8
(relay)    36    28    8858.24    8    8838.93    4    1
(advertise)    43    8859.64    28    8
(relay)    36    21    8881.86    8    8841.94    2    1
(advertise)    43    8882.86    21    8
(relay)    44    40    8890.47    8    8868.89    2    1
(advertise)    43    8903.87    40    8
(relay)    44    37    8919.48    8    8917.82    4    1
(advertise)    43    8929.08    37    8
(relay)    44    46    8950.5    8    8947.93    4    1
(advertise)    43    8950.7    46    8
(relay)    36    1    8980.91    8    8942.06    2    1
(advertise)    43    8981.11    1    8
(relay)    44    39    9002.92    8    8999.8    2    1
(advertise)    43    9003.92    39    8
(relay)    36    48    9126.54    9    9121.91    2    1
(advertise)    43    9126.74    48    9
(relay)    36    8    9219.15    9    9216.99    2    1
(advertise)    43    9219.35    8    9
(relay)    44    47    9286.16    9    9283.08    4    1
(advertise)    43    9286.36    47    9
(relay)    36    38    9308.77    9    9306.98    2    1
(advertise)    43    9309.37    38    9
(relay)    36    15    9330.19    9    9295.71    2    1
(advertise)    43    9331.19    15    9
(relay)    36    36    9346.6    9    9346.1    6    1
(advertise)    43    9353.6    36    9
(relay)    36    29    9360.61    9    9358.85    4    1
(advertise)    43    9375.01    29    9
(generate)    43    9542.03    [24]    9
(relay)    36    22    9601.44    9    9599.92    2    1
(advertise)    43    9601.64    22    9
(relay)    44    41    9648.85    9    9642.95    2    1
(advertise)    43    9649.05    41    9
(relay)    42    35    9662.27    9    9661.01    6    1
(relay)    44    45    9669.27    9    9657.34    6    2
(advertise)    43    9672.87    35    9
(advertise)    43    9694.88    45    9
(relay)    44    44    9726.89    9    9725.89    8    1
(advertise)    43    9727.09    44    9
(relay)    42    42    9749.51    9    9749.43    10    1
(advertise)    43    9750.11    42    9
(relay)    42    21    9863.92    9    9842.04    2    1
(advertise)    43    9864.12    21    9
(relay)    44    40    9871.33    9    9868.94    2    1
(advertise)    43    9886.33    40    9
(relay)    44    37    9919.54    9    9917.83    4    1
(advertise)    43    9919.74    37    9
(relay)    44    46    9950.36    9    9947.97    4    1
(advertise)    43    9950.56    46    9
(relay)    44    39    10008.77    9    9999.98    2    1
(advertise)    43    10008.97    39    9
(relay)    36    48    10126.58    10    10121.92    2    1
(advertise)    43    10126.78    48    10
(relay)    36    8    10218.4    10    10217.09    2    1
(advertise)    43    10218.6    8    10
(relay)    44    47    10286.41    10    10283.2    4    1
(advertise)    43    10286.61    47    10
(relay)    44    38    10309.42    10    10307.01    2    1
(advertise)    43    10309.82    38    10
(relay)    36    36    10347.24    10    10346.14    6    1
(advertise)    43    10347.44    36    10
(relay)    36    29    10361.25    10    10358.87    4    1
(advertise)    43    10369.25    29    10
(generate)    43    10542.06    [24]    10
(relay)    36    22    10601.87    10    10599.97    2    1
(advertise)    43    10602.07    22    10
(relay)    42    35    10662.29    10    10661.05    6    1
(advertise)    43    10662.49    35    10
(relay)    44    45    10670.5    10    10657.41    6    1
(advertise)    43    10684.1    45    10
(relay)    44    44    10727.11    10    10726.08    8    1
(advertise)    43    10727.31    44    10
(relay)    42    42    10749.73    10    10749.61    10    1
(advertise)    43    10750.53    42    10
(relay)    42    7    10803.14    10    10781.18    2    1
(advertise)    43    10803.34    7    10
(relay)    42    14    10826.75    10    10787.87    2    1
(advertise)    43    10826.95    14    10
(relay)    36    28    10849.17    10    10839.32    4    1
(advertise)    43    10849.77    28    10
(relay)    36    21    10870.78    10    10842.1    2    1
(advertise)    43    10873.78    21    10
(relay)    44    40    10891.19    10    10869.01    2    1
(advertise)    43    10895.79    40    10
(relay)    44    37    10919.2    10    10918.02    4    1
(advertise)    43    10919.6    37    10
(relay)    44    46    10949.02    10    10947.98    4    1
(advertise)    43    10949.42    46    10
(relay)    44    48    11133.23    11    11121.92    4    1
(advertise)    43    11133.43    48    11
(relay)    44    47    11286.84    11    11283.31    4    1
(advertise)    43    11287.04    47    11
(relay)    36    38    11309.06    11    11307.07    2    1
(advertise)    43    11310.26    38    11
(relay)    36    15    11330.07    11    11296.03    2    1
(advertise)    43    11333.67    15    11
(relay)    36    36    11347.28    11    11346.19    6    1
(advertise)    43    11355.68    36    11
(relay)    36    29    11361.1    11    11358.87    4    1
(advertise)    43    11379.9    29    11
(relay)    42    0    11423.51    11    11365.34    2    1
(advertise)    43    11423.71    0    11
(generate)    43    11542.12    [24]    11
(relay)    36    22    11601.93    11    11600.04    2    1
(advertise)    43    11602.13    22    11
(relay)    42    35    11661.55    11    11661.1    6    1
(advertise)    43    11661.75    35    11
(relay)    44    45    11668.96    11    11657.47    6    1
(advertise)    43    11682.76    45    11
(relay)    44    44    11726.37    11    11726.28    8    1
(advertise)    43    11726.57    44    11
(relay)    42    42    11749.99    11    11749.81    10    1
(advertise)    43    11750.79    42    11
(relay)    36    30    11761.2    11    11738.54    2    1
(advertise)    43    11772.0    30    11
(relay)    36    7    11809.81    11    11781.24    2    1
(advertise)    43    11810.01    7    11
(relay)    36    14    11832.03    11    11787.9    2    1
(advertise)    43    11833.03    14    11
(relay)    42    28    11855.24    11    11839.36    4    1
(advertise)    43    11856.24    28    11
(relay)    42    21    11877.45    11    11842.19    2    1
(advertise)    43    11879.05    21    11
(relay)    44    40    11889.06    11    11869.08    2    1
(advertise)    43    11901.06    40    11
(relay)    36    37    11918.48    11    11918.04    4    1
(advertise)    43    11923.88    37    11
(relay)    44    46    11949.29    11    11947.98    4    1
(advertise)    43    11949.49    46    11
(relay)    36    1    11973.3    11    11942.33    2    1
(advertise)    43    11973.5    1    11
(relay)    44    39    12003.12    11    12000.35    2    1
(advertise)    43    12003.32    39    11
(relay)    44    48    12123.73    12    12121.94    4    1
(advertise)    43    12123.93    48    12
(relay)    36    8    12220.34    12    12217.24    2    1
(advertise)    43    12220.54    8    12
(relay)    44    47    12287.36    12    12283.34    4    1
(advertise)    43    12287.56    47    12
(relay)    44    38    12309.37    12    12307.13    2    1
(advertise)    43    12311.57    38    12
(relay)    36    36    12347.18    12    12346.25    6    1
(advertise)    43    12347.38    36    12
(relay)    36    29    12360.19    12    12358.89    4    1
(advertise)    43    12370.39    29    12
(heartbeat)    24    3    12430.23    43    12447.41    7    13
(advertise)    43    12447.61    24    3
(generate)    43    12542.22    [24]    12
(relay)    36    22    12602.63    12    12600.1    2    1
(advertise)    43    12602.83    22    12
(relay)    36    41    12644.65    12    12643.17    2    1
(advertise)    43    12644.85    41    12
(relay)    42    35    12662.06    12    12661.19    6    1
(advertise)    43    12665.86    35    12
(relay)    36    45    12692.27    12    12657.77    2    1
(advertise)    43    12692.67    45    12
(relay)    44    44    12726.49    12    12726.3    8    1
(advertise)    43    12726.69    44    12
(relay)    42    42    12750.5    12    12749.99    8    1
(advertise)    43    12751.3    42    12
(relay)    44    30    12774.91    12    12738.72    2    1
(advertise)    43    12775.71    30    12
(relay)    36    7    12820.12    12    12781.38    2    1
(advertise)    43    12820.32    7    12
(relay)    36    28    12842.54    12    12839.4    4    1
(advertise)    43    12843.34    28    12
(relay)    36    21    12865.15    12    12842.27    2    1
(advertise)    43    12865.95    21    12
(relay)    44    40    12873.76    12    12869.16    2    1
(advertise)    43    12887.96    40    12
(relay)    36    37    12918.58    12    12918.08    4    1
(advertise)    43    12918.78    37    12
(relay)    44    46    12949.19    12    12948.0    4    1
(advertise)    43    12949.39    46    12
(relay)    36    39    13001.6    12    13000.53    2    1
(advertise)    43    13001.8    39    12
(relay)    44    48    13144.22    13    13121.95    4    1
(advertise)    43    13144.42    48    13
(relay)    36    8    13220.63    13    13217.3    2    1
(advertise)    43    13220.83    8    13
(relay)    44    47    13286.24    13    13283.44    4    1
(advertise)    43    13286.44    47    13
(relay)    36    38    13309.45    13    13307.19    2    1
(advertise)    43    13310.85    38    13
(relay)    36    36    13347.27    13    13346.35    6    1
(advertise)    43    13347.47    36    13
(relay)    36    29    13374.28    13    13359.04    2    1
(advertise)    43    13374.68    29    13
(relay)    42    0    13420.29    13    13365.53    2    1
(advertise)    43    13420.49    0    13
(generate)    43    13542.31    [24]    13
(relay)    36    22    13603.52    13    13600.18    2    1
(advertise)    43    13603.72    22    13
(relay)    36    41    13644.73    13    13643.24    2    1
(advertise)    43    13644.93    41    13
(relay)    42    35    13662.15    13    13661.28    6    1
(advertise)    43    13665.95    35    13
(relay)    44    45    13667.56    13    13657.8    6    1
(advertise)    43    13689.56    45    13
(relay)    44    44    13726.57    13    13726.5    8    1
(advertise)    43    13726.77    44    13
(relay)    42    42    13750.78    13    13750.17    8    1
(advertise)    43    13751.38    42    13
(relay)    36    30    13773.8    13    13738.84    2    1
(advertise)    43    13774.8    30    13
(relay)    42    7    13802.61    13    13781.48    2    1
(advertise)    43    13802.81    7    13
(relay)    36    14    13824.42    13    13787.98    2    1
(advertise)    43    13825.62    14    13
(relay)    36    28    13847.64    13    13839.43    4    1
(advertise)    43    13847.84    28    13
(relay)    36    21    13871.25    13    13842.54    2    1
(advertise)    43    13871.45    21    13
(relay)    44    40    13890.66    13    13869.19    2    1
(advertise)    43    13895.26    40    13
(relay)    36    37    13918.68    13    13918.25    4    1
(advertise)    43    13919.28    37    13
(relay)    44    46    13950.69    13    13948.2    4    1
(advertise)    43    13950.89    46    13
(relay)    36    39    14002.1    13    14000.72    2    1
(advertise)    43    14002.3    39    13
(relay)    44    48    14124.31    14    14122.13    4    1
(advertise)    43    14124.51    48    14
(relay)    36    8    14221.53    14    14217.4    2    1
(advertise)    43    14221.73    8    14
(relay)    44    47    14284.94    14    14283.53    4    1
(advertise)    43    14285.14    47    14
(relay)    36    38    14309.95    14    14307.22    2    1
(advertise)    43    14310.15    38    14
(relay)    36    36    14346.57    14    14346.41    6    1
(advertise)    43    14346.77    36    14
(relay)    36    29    14359.58    14    14359.04    4    1
(advertise)    43    14368.18    29    14
(relay)    36    0    14419.99    14    14365.7    2    1
(advertise)    43    14420.19    0    14
(generate)    43    14542.41    [24]    14
(relay)    36    22    14603.62    14    14600.24    2    1
(advertise)    43    14603.82    22    14
(relay)    44    41    14646.03    14    14643.3    2    1
(advertise)    43    14646.23    41    14
(relay)    42    35    14662.84    14    14661.37    6    1
(advertise)    43    14667.44    35    14
(relay)    44    45    14668.86    14    14657.88    6    1
(advertise)    43    14689.06    45    14
(relay)    44    44    14726.67    14    14726.52    8    1
(advertise)    43    14726.87    44    14
(relay)    42    42    14750.88    14    14750.37    8    1
(advertise)    43    14751.28    42    14
(relay)    44    30    14773.5    14    14738.95    2    1
(advertise)    43    14774.7    30    14
(relay)    36    7    14805.11    14    14781.55    2    1
(advertise)    43    14805.31    7    14
(relay)    42    14    14829.52    14    14788.0    2    1
(advertise)    43    14829.72    14    14
(relay)    36    28    14853.14    14    14839.43    4    1
(advertise)    43    14853.74    28    14
(relay)    36    21    14874.15    14    14842.61    2    1
(advertise)    43    14874.75    21    14
(relay)    44    40    14891.36    14    14869.24    2    1
(advertise)    43    14896.16    40    14
(relay)    44    37    14919.37    14    14918.44    4    1
(advertise)    43    14919.77    37    14
(relay)    44    46    14950.79    14    14948.22    4    1
(advertise)    43    14950.99    46    14
(relay)    44    39    15003.8    14    15000.89    2    1
(advertise)    43    15004.0    39    14
(relay)    44    48    15169.21    15    15122.32    2    1
(advertise)    43    15169.41    48    15
(relay)    36    8    15222.23    15    15217.43    2    1
(advertise)    43    15222.43    8    15
(relay)    44    47    15285.24    15    15283.61    4    1
(advertise)    43    15285.44    47    15
(relay)    44    38    15310.45    15    15307.22    2    1
(advertise)    43    15311.05    38    15
(relay)    36    36    15346.67    15    15346.47    6    1
(advertise)    43    15346.87    36    15
(relay)    36    29    15360.08    15    15359.22    4    1
(advertise)    43    15368.48    29    15
(relay)    42    0    15401.69    15    15365.86    2    1
(advertise)    43    15401.89    0    15
(generate)    43    15542.5    [24]    15
(relay)    36    22    15602.72    15    15600.3    2    1
(advertise)    43    15602.92    22    15
(relay)    44    41    15646.53    15    15643.39    2    1
(advertise)    43    15646.73    41    15
(relay)    42    35    15663.14    15    15661.44    6    1
(advertise)    43    15668.94    35    15
(relay)    36    45    15692.56    15    15657.94    4    1
(advertise)    43    15693.16    45    15
(relay)    44    44    15727.17    15    15726.54    8    1
(advertise)    43    15727.37    44    15
(relay)    42    42    15751.58    15    15750.53    8    1
(advertise)    43    15752.78    42    15
(relay)    36    30    15774.2    15    15739.69    2    1
(advertise)    43    15774.8    30    15
(relay)    42    14    15829.21    15    15788.05    2    1
(advertise)    43    15829.41    14    15
(relay)    36    28    15852.02    15    15839.44    4    1
(advertise)    43    15852.62    28    15
(relay)    36    21    15873.43    15    15842.69    2    1
(advertise)    43    15877.03    21    15
(relay)    44    40    15891.85    15    15869.27    2    1
(advertise)    43    15898.05    40    15
(relay)    44    37    15919.66    15    15918.61    4    1
(advertise)    43    15920.66    37    15
(relay)    44    46    15950.87    15    15948.24    4    1
(advertise)    43    15951.07    46    15
(relay)    44    39    16003.49    15    16001.07    2    1
(advertise)    43    16003.69    39    15
(relay)    44    48    16126.5    16    16122.32    4    1
(advertise)    43    16126.7    48    16
(relay)    36    8    16223.31    16    16217.47    2    1
(advertise)    43    16223.51    8    16
(relay)    44    47    16284.93    16    16283.69    4    1
(advertise)    43    16285.13    47    16
(relay)    36    15    16310.94    16    16296.58    2    1
(advertise)    43    16311.34    15    16
(relay)    36    36    16346.55    16    16346.54    6    1
(advertise)    43    16346.75    36    16
(relay)    36    29    16360.36    16    16359.39    4    1
(advertise)    43    16369.56    29    16
(relay)    36    0    16394.98    16    16366.03    2    1
(advertise)    43    16395.18    0    16
(heartbeat)    24    4    16430.24    43    16443.99    5    13
(advertise)    43    16444.19    24    4
(generate)    43    16542.6    [24]    16
(relay)    36    22    16601.82    16    16600.4    2    1
(advertise)    43    16602.02    22    16
(relay)    44    41    16646.43    16    16643.46    2    1
(advertise)    43    16646.63    41    16
(relay)    42    35    16663.44    16    16661.53    6    1
(relay)    44    45    16668.84    16    16658.02    6    2
(advertise)    43    16669.24    35    16
(advertise)    43    16692.86    45    16
(relay)    44    44    16727.07    16    16726.56    8    1
(advertise)    43    16727.27    44    16
(relay)    42    42    16751.68    16    16750.73    8    1
(advertise)    43    16751.88    42    16
(relay)    44    30    16774.29    16    16739.88    2    1
(advertise)    43    16774.49    30    16
(relay)    36    14    16826.71    16    16788.1    2    1
(advertise)    43    16826.91    14    16
(relay)    36    28    16849.32    16    16839.46    4    1
(advertise)    43    16849.52    28    16
(relay)    36    21    16871.33    16    16842.77    2    1
(advertise)    43    16872.13    21    16
(relay)    44    40    16892.35    16    16869.34    2    1
(advertise)    43    16894.95    40    16
(relay)    44    37    16919.36    16    16918.62    4    1
(advertise)    43    16919.56    37    16
(relay)    36    1    16949.97    16    16942.69    2    1
(advertise)    43    16950.17    1    16
(relay)    36    46    16972.99    16    16948.28    2    1
(advertise)    43    16974.19    46    16
(relay)    44    39    17003.8    16    17001.26    2    1
(advertise)    43    17004.0    39    16
(relay)    44    48    17126.81    17    17122.51    4    1
(advertise)    43    17127.01    48    17
(relay)    36    8    17222.42    17    17217.53    2    1
(advertise)    43    17222.62    8    17
(relay)    44    47    17286.84    17    17283.8    4    1
(advertise)    43    17287.04    47    17
(relay)    44    38    17310.25    17    17307.3    2    1
(advertise)    43    17311.05    38    17
(relay)    36    36    17347.26    17    17346.63    6    1
(advertise)    43    17347.46    36    17
(relay)    36    29    17361.88    17    17360.4    4    1
(advertise)    43    17370.88    29    17
(relay)    36    0    17420.09    17    17366.04    2    1
(advertise)    43    17420.29    0    17
(generate)    43    17542.7    [24]    17
(relay)    36    22    17601.12    17    17600.47    2    1
(advertise)    43    17601.32    22    17
(relay)    44    41    17648.13    17    17643.53    2    1
(advertise)    43    17648.33    41    17
(relay)    42    35    17663.94    17    17661.62    6    1
(advertise)    43    17669.54    35    17
(relay)    44    44    17727.15    17    17726.58    8    1
(advertise)    43    17727.35    44    17
(relay)    42    42    17751.97    17    17750.89    8    1
(advertise)    43    17752.17    42    17
(relay)    44    30    17774.38    17    17740.05    2    1
(advertise)    43    17774.78    30    17
(relay)    42    7    17801.79    17    17781.85    2    1
(advertise)    43    17801.99    7    17
(relay)    36    14    17826.61    17    17788.12    2    1
(advertise)    43    17827.61    14    17
(relay)    36    28    17848.02    17    17839.48    4    1
(advertise)    43    17849.02    28    17
(relay)    36    21    17869.63    17    17843.45    2    1
(advertise)    43    17872.03    21    17
(relay)    44    40    17890.85    17    17869.38    2    1
(advertise)    43    17893.25    40    17
(relay)    42    37    17922.06    17    17918.62    2    1
(advertise)    43    17922.26    37    17
(relay)    44    46    17950.67    17    17948.3    4    1
(advertise)    43    17950.87    46    17
(relay)    44    48    18127.28    18    18122.51    4    1
(advertise)    43    18127.48    48    18
(relay)    44    47    18287.1    18    18283.9    4    1
(advertise)    43    18287.3    47    18
(relay)    44    38    18310.51    18    18307.34    2    1
(advertise)    43    18312.31    38    18
(relay)    36    36    18347.32    18    18346.69    6    1
(advertise)    43    18347.52    36    18
(relay)    36    29    18361.94    18    18360.57    4    1
(advertise)    43    18369.54    29    18
(relay)    36    0    18427.15    18    18366.24    2    1
(advertise)    43    18427.35    0    18
(generate)    43    18542.96    [24]    18
(relay)    36    22    18601.18    18    18600.52    2    1
(advertise)    43    18601.38    22    18
(relay)    44    41    18649.39    18    18643.59    2    1
(advertise)    43    18649.59    41    18
(relay)    42    35    18663.0    18    18661.72    6    1
(relay)    44    45    18669.4    18    18658.15    6    2
(advertise)    43    18670.6    35    18
(advertise)    43    18692.01    45    18
(relay)    44    44    18727.63    18    18726.6    8    1
(advertise)    43    18727.83    44    18
(relay)    44    30    18750.64    18    18740.21    2    1
(advertise)    43    18751.24    30    18
(relay)    36    42    18772.65    18    18750.89    6    1
(advertise)    43    18774.65    42    18
(relay)    42    7    18802.67    18    18781.92    2    1
(advertise)    43    18802.87    7    18
(relay)    42    14    18827.08    18    18788.13    2    1
(advertise)    43    18827.48    14    18
(relay)    42    28    18848.89    18    18839.52    4    1
(advertise)    43    18849.49    28    18
(relay)    42    21    18871.31    18    18843.49    2    1
(advertise)    43    18871.71    21    18
(relay)    44    40    18890.32    18    18869.42    2    1
(advertise)    43    18894.52    40    18
(relay)    44    37    18920.53    18    18918.77    4    1
(advertise)    43    18920.73    37    18
(relay)    44    46    18950.94    18    18948.3    4    1
(advertise)    43    18951.14    46    18
(relay)    44    39    19017.36    18    19001.45    2    1
(advertise)    43    19017.56    39    18
(relay)    36    48    19127.17    19    19122.71    2    1
(advertise)    43    19127.37    48    19
(relay)    36    8    19219.78    19    19217.61    2    1
(advertise)    43    19219.98    8    19
(relay)    44    47    19287.4    19    19284.0    4    1
(advertise)    43    19287.6    47    19
(relay)    36    36    19347.41    19    19346.78    6    1
(advertise)    43    19347.61    36    19
(relay)    36    29    19362.62    19    19360.74    4    1
(advertise)    43    19369.42    29    19
(relay)    36    0    19396.04    19    19366.41    2    1
(advertise)    43    19396.24    0    19
(generate)    43    19543.05    [24]    19
(relay)    36    22    19602.26    19    19600.58    2    1
(advertise)    43    19602.46    22    19
(relay)    44    41    19649.47    19    19643.65    2    1
(advertise)    43    19649.67    41    19
(relay)    42    35    19663.09    19    19661.8    6    1
(advertise)    43    19671.29    35    19
(relay)    36    45    19695.5    19    19658.21    4    1
(advertise)    43    19695.9    45    19
(relay)    44    44    19727.71    19    19726.61    8    1
(advertise)    43    19727.91    44    19
(relay)    42    42    19751.13    19    19751.08    8    1
(advertise)    43    19751.33    42    19
(relay)    44    30    19774.34    19    19740.32    2    1
(advertise)    43    19774.54    30    19
(relay)    36    7    19805.95    19    19781.98    2    1
(advertise)    43    19806.15    7    19
(relay)    36    28    19851.77    19    19839.54    4    1
(advertise)    43    19851.97    28    19
(relay)    36    21    19873.38    19    19843.57    2    1
(advertise)    43    19873.98    21    19
(relay)    44    40    19889.39    19    19869.47    2    1
(advertise)    43    19896.19    40    19
(relay)    44    37    19920.6    19    19918.93    4    1
(advertise)    43    19921.2    37    19
(relay)    36    46    19950.22    19    19948.31    2    1
(advertise)    43    19950.42    46    19
(relay)    44    39    20005.23    19    20001.6    2    1
(advertise)    43    20005.43    39    19
(relay)    36    48    20127.04    20    20122.88    2    1
(advertise)    43    20127.24    48    20
(relay)    36    8    20218.86    20    20217.67    2    1
(advertise)    43    20219.06    8    20
(relay)    44    47    20287.67    20    20284.06    4    1
(advertise)    43    20287.87    47    20
(relay)    36    38    20310.28    20    20307.42    2    1
(advertise)    43    20310.88    38    20
(relay)    36    36    20347.9    20    20346.86    6    1
(advertise)    43    20348.1    36    20
(relay)    36    29    20363.11    20    20360.93    4    1
(advertise)    43    20369.91    29    20
(heartbeat)    24    5    20430.25    43    20444.52    5    13
(advertise)    43    20444.72    24    5
(generate)    43    20543.13    [24]    20
(relay)    36    22    20602.75    20    20600.65    2    1
(advertise)    43    20602.95    22    20
(relay)    36    41    20647.76    20    20643.74    2    1
(advertise)    43    20647.96    41    20
(relay)    42    35    20663.17    20    20661.9    6    1
(advertise)    43    20669.17    35    20
(relay)    44    44    20727.59    20    20726.64    6    1
(advertise)    43    20727.79    44    20
(relay)    42    42    20751.4    20    20751.24    8    1
(advertise)    43    20751.6    42    20
(relay)    44    30    20775.61    20    20740.63    2    1
(advertise)    43    20775.81    30    20
(relay)    42    7    20798.43    20    20782.12    2    1
(advertise)    43    20798.83    7    20
(relay)    42    14    20820.44    20    20788.17    2    1
(advertise)    43    20822.84    14    20
(relay)    42    28    20841.65    20    20839.73    4    1
(advertise)    43    20844.65    28    20
(relay)    42    21    20863.26    20    20843.61    2    1
(advertise)    43    20867.46    21    20
(relay)    44    40    20890.28    20    20869.53    2    1
(advertise)    43    20890.68    40    20
(relay)    36    37    20920.29    20    20919.1    4    1
(advertise)    43    20920.49    37    20
(relay)    44    46    20949.7    20    20948.33    4    1
(advertise)    43    20949.9    46    20
(relay)    36    39    21006.32    20    21001.99    2    1
(advertise)    43    21006.52    39    20
(relay)    36    8    21219.73    21    21217.74    2    1
(advertise)    43    21219.93    8    21
(relay)    36    47    21287.74    21    21284.16    2    1
(advertise)    43    21287.94    47    21
(relay)    36    36    21347.96    21    21346.92    6    1
(advertise)    43    21348.16    36    21
(relay)    36    29    21363.37    21    21361.03    4    1
(advertise)    43    21370.17    29    21
(generate)    43    21543.18    [24]    21
(relay)    36    22    21602.79    21    21600.71    2    1
(advertise)    43    21602.99    22    21
(relay)    36    41    21646.21    21    21643.8    2    1
(advertise)    43    21646.41    41    21
(relay)    42    35    21662.22    21    21661.96    6    1
(advertise)    43    21669.22    35    21
(relay)    36    45    21690.83    21    21658.36    2    1
(advertise)    43    21691.63    45    21
(relay)    44    44    21726.85    21    21726.65    6    1
(advertise)    43    21727.05    44    21
(relay)    42    42    21751.46    21    21751.4    8    1
(advertise)    43    21752.06    42    21
(relay)    44    30    21775.87    21    21740.76    2    1
(advertise)    43    21776.47    30    21
(relay)    42    14    21804.09    21    21788.36    2    1
(advertise)    43    21804.49    14    21
(relay)    42    7    21827.1    21    21782.22    2    1
(advertise)    43    21827.9    7    21
(relay)    36    28    21840.31    21    21839.74    4    1
(advertise)    43    21849.31    28    21
(relay)    36    21    21863.72    21    21843.69    2    1
(relay)    44    40    21871.92    21    21869.58    2    2
(advertise)    43    21872.52    21    21
(advertise)    43    21895.14    40    21
(relay)    36    37    21919.55    21    21919.1    4    1
(advertise)    43    21919.75    37    21
(relay)    44    46    21949.56    21    21948.35    4    1
(advertise)    43    21949.76    46    21
(relay)    44    48    22124.98    22    22123.22    4    1
(advertise)    43    22125.18    48    22
(relay)    36    8    22220.79    22    22217.8    2    1
(advertise)    43    22220.99    8    22
(relay)    44    47    22287.8    22    22284.24    4    1
(advertise)    43    22288.0    47    22
(relay)    44    38    22310.42    22    22307.51    2    1
(advertise)    43    22311.02    38    22
(relay)    36    36    22348.03    22    22346.94    6    1
(advertise)    43    22348.23    36    22
(relay)    36    29    22362.44    22    22361.2    4    1
(advertise)    43    22371.04    29    22
(relay)    36    0    22421.65    22    22366.95    2    1
(advertise)    43    22421.85    0    22
(generate)    43    22543.27    [24]    22
(relay)    36    22    22603.28    22    22600.77    2    1
(advertise)    43    22603.48    22    22
(relay)    36    41    22645.49    22    22643.86    2    1
(advertise)    43    22645.69    41    22
(relay)    42    35    22662.91    22    22662.03    6    1
(advertise)    43    22667.11    35    22
(relay)    44    45    22668.32    22    22658.42    4    1
(advertise)    43    22690.32    45    22
(relay)    44    44    22726.73    22    22726.67    6    1
(advertise)    43    22726.93    44    22
(relay)    42    42    22752.15    22    22751.58    8    1
(advertise)    43    22752.95    42    22
(relay)    36    30    22778.16    22    22741.52    2    1
(advertise)    43    22778.36    30    22
(relay)    36    14    22825.57    22    22788.37    2    1
(advertise)    43    22825.77    14    22
(relay)    42    28    22847.38    22    22839.94    4    1
(advertise)    43    22847.98    28    22
(relay)    36    21    22871.4    22    22843.72    2    1
(advertise)    43    22871.8    21    22
(relay)    44    40    22892.81    22    22869.81    2    1
(advertise)    43    22893.01    40    22
(relay)    36    37    22919.62    22    22919.28    4    1
(advertise)    43    22919.82    37    22
(relay)    44    46    22949.64    22    22948.36    4    1
(advertise)    43    22949.84    46    22
(relay)    44    39    23005.25    22    23002.17    2    1
(advertise)    43    23005.45    39    22
(relay)    44    48    23125.26    23    23123.41    4    1
(advertise)    43    23125.46    48    23
(relay)    36    8    23221.48    23    23217.83    2    1
(advertise)    43    23221.68    8    23
(relay)    44    47    23294.49    23    23284.33    2    1
(advertise)    43    23294.69    47    23
(relay)    44    38    23317.9    23    23307.53    2    1
(advertise)    43    23318.1    38    23
(relay)    36    36    23347.11    23    23347.02    6    1
(advertise)    43    23347.31    36    23
(relay)    36    29    23361.73    23    23361.38    4    1
(advertise)    43    23369.73    29    23
(relay)    36    0    23399.54    23    23367.13    2    1
(advertise)    43    23399.74    0    23
(generate)    43    23543.35    [24]    23
(relay)    36    22    23604.37    23    23600.79    2    1
(advertise)    43    23604.57    22    23
(relay)    42    35    23662.78    23    23662.1    6    1
(advertise)    43    23662.98    35    23
(relay)    44    45    23670.79    23    23658.48    4    1
(advertise)    43    23684.19    45    23
(relay)    44    44    23726.81    23    23726.69    6    1
(advertise)    43    23727.01    44    23
(relay)    42    42    23752.22    23    23751.75    8    1
(advertise)    43    23752.42    42    23
(relay)    44    30    23775.23    23    23741.71    2    1
(advertise)    43    23775.43    30    23
(relay)    42    7    23802.44    23    23782.34    2    1
(advertise)    43    23802.84    7    23
(relay)    36    14    23823.26    23    23788.39    2    1
(advertise)    43    23824.06    14    23
(relay)    36    28    23845.87    23    23839.96    4    1
(advertise)    43    23847.67    28    23
(relay)    36    21    23869.48    23    23843.81    2    1
(advertise)    43    23869.68    21    23
(relay)    44    40    23891.9    23    23869.87    2    1
(advertise)    43    23892.9    40    23
(relay)    36    37    23920.11    23    23919.29    4    1
(advertise)    43    23920.51    37    23
(relay)    44    46    23950.92    23    23948.37    4    1
(advertise)    43    23951.12    46    23
(relay)    36    39    24003.34    23    24002.34    2    1
(advertise)    43    24003.54    39    23
(relay)    44    48    24126.15    24    24123.61    4    1
(advertise)    43    24126.35    48    24
(relay)    36    8    24221.76    24    24217.91    2    1
(advertise)    43    24221.96    8    24
(relay)    44    47    24285.77    24    24284.4    4    1
(advertise)    43    24285.97    47    24
(relay)    44    38    24310.39    24    24307.57    2    1
(advertise)    43    24310.59    38    24
(relay)    36    36    24347.2    24    24347.06    6    1
(advertise)    43    24347.4    36    24
(relay)    36    29    24361.81    24    24361.41    4    1
(advertise)    43    24369.61    29    24
(relay)    42    0    24399.03    24    24367.14    2    1
(advertise)    43    24399.23    0    24
(heartbeat)    24    6    24430.27    43    24437.24    5    13
(advertise)    43    24437.44    24    6
(generate)    43    24543.45    [24]    24
(relay)    36    22    24604.27    24    24600.82    2    1
(advertise)    43    24604.47    22    24
(relay)    44    41    24646.88    24    24643.98    2    1
(advertise)    43    24647.08    41    24
(relay)    44    45    24669.29    24    24658.55    4    1
(advertise)    43    24669.69    45    24
(relay)    44    35    24690.5    24    24662.19    4    1
(advertise)    43    24691.7    35    24
(relay)    44    44    24727.52    24    24726.93    6    1
(advertise)    43    24727.72    44    24
(relay)    42    42    24752.33    24    24751.76    8    1
(advertise)    43    24752.73    42    24
(relay)    44    30    24775.94    24    24741.88    2    1
(advertise)    43    24776.74    30    24
(relay)    36    14    24802.96    24    24788.4    2    1
(advertise)    43    24803.16    14    24
(relay)    44    28    24843.37    24    24839.98    2    1
(advertise)    43    24843.57    28    24
(relay)    42    21    24864.58    24    24843.88    2    1
(advertise)    43    24868.58    21    24
(relay)    44    40    24888.2    24    24869.92    2    1
(advertise)    43    24890.6    40    24
(relay)    42    37    24921.01    24    24919.46    2    1
(advertise)    43    24921.21    37    24
(relay)    44    46    24950.82    24    24948.39    4    1
(advertise)    43    24951.02    46    24
(relay)    36    1    24975.63    24    24943.49    2    1
(advertise)    43    24976.43    1    24
(relay)    44    39    25004.45    24    25002.53    2    1
(advertise)    43    25004.65    39    24
(relay)    44    48    25127.86    25    25123.78    4    1
(advertise)    43    25128.06    48    25
(relay)    36    8    25223.27    25    25217.95    2    1
(advertise)    43    25223.47    8    25
(relay)    44    47    25286.09    25    25284.46    4    1
(advertise)    43    25286.29    47    25
(relay)    44    38    25310.5    25    25307.63    2    1
(advertise)    43    25310.9    38    25
(relay)    36    36    25347.11    25    25347.11    6    1
(advertise)    43    25347.31    36    25
(relay)    36    29    25362.53    25    25361.56    4    1
(advertise)    43    25368.33    29    25
(generate)    43    25543.54    [24]    25
(relay)    36    22    25603.15    25    25600.86    2    1
(advertise)    43    25603.35    22    25
(relay)    44    41    25647.16    25    25644.04    2    1
(advertise)    43    25647.36    41    25
(relay)    36    35    25663.98    25    25662.23    6    1
(advertise)    43    25670.18    35    25
(relay)    36    45    25691.79    25    25658.61    2    1
(advertise)    43    25692.19    45    25
(relay)    44    44    25727.4    25    25726.95    6    1
(advertise)    43    25727.6    44    25
(relay)    42    42    25752.82    25    25751.9    8    1
(advertise)    43    25753.02    42    25
(relay)    36    30    25775.43    25    25741.96    2    1
(advertise)    43    25776.03    30    25
(relay)    36    7    25802.64    25    25782.51    2    1
(advertise)    43    25802.84    7    25
(relay)    42    14    25827.46    25    25788.41    2    1
(advertise)    43    25827.86    14    25
(relay)    42    28    25850.07    25    25840.17    4    1
(advertise)    43    25850.27    28    25
(relay)    42    21    25871.28    25    25843.93    2    1
(advertise)    43    25872.68    21    25
(relay)    44    40    25893.29    25    25869.97    2    1
(advertise)    43    25895.09    40    25
(relay)    44    37    25921.51    25    25920.65    4    1
(advertise)    43    25921.71    37    25
(relay)    44    46    25950.92    25    25948.41    4    1
(advertise)    43    25951.12    46    25
(relay)    44    39    26004.13    25    26002.69    2    1
(advertise)    43    26004.33    39    25
(relay)    44    48    26127.95    26    26123.97    4    1
(advertise)    43    26128.15    48    26
(relay)    36    8    26223.96    26    26218.01    2    1
(advertise)    43    26224.16    8    26
(relay)    44    47    26285.97    26    26284.56    4    1
(advertise)    43    26286.17    47    26
(relay)    36    38    26311.19    26    26307.68    2    1
(advertise)    43    26311.39    38    26
(relay)    36    15    26332.4    26    26298.19    2    1
(advertise)    43    26333.6    15    26
(relay)    36    36    26347.21    26    26347.16    6    1
(advertise)    43    26355.41    36    26
(relay)    36    29    26363.02    26    26361.74    4    1
(advertise)    43    26377.42    29    26
(relay)    42    0    26401.84    26    26367.51    2    1
(advertise)    43    26402.44    0    26
(generate)    43    26543.65    [24]    26
(relay)    36    22    26601.86    26    26600.9    2    1
(advertise)    43    26602.06    22    26
(relay)    44    45    26660.28    26    26658.66    4    1
(advertise)    43    26660.48    45    26
(relay)    36    35    26683.29    26    26663.13    6    1
(advertise)    43    26684.09    35    26
(relay)    44    44    26727.5    26    26726.96    6    1
(advertise)    43    26727.7    44    26
(relay)    42    42    26752.92    26    26751.91    8    1
(advertise)    43    26753.12    42    26
(relay)    44    30    26776.33    26    26742.06    2    1
(advertise)    43    26776.53    30    26
(relay)    36    7    26804.34    26    26782.54    2    1
(advertise)    43    26804.94    7    26
(relay)    36    14    26828.35    26    26788.59    2    1
(advertise)    43    26829.15    14    26
(relay)    36    28    26851.77    26    26840.19    4    1
(advertise)    43    26852.57    28    26
(relay)    36    21    26872.58    26    26843.97    2    1
(advertise)    43    26874.78    21    26
(relay)    44    40    26892.99    26    26869.99    2    1
(advertise)    43    26896.79    40    26
(relay)    44    37    26923.21    26    26921.21    4    1
(advertise)    43    26923.41    37    26
(relay)    44    46    26951.02    26    26948.61    4    1
(advertise)    43    26951.22    46    26
(relay)    44    39    27011.23    26    27002.86    2    1
(advertise)    43    27011.43    39    26
(relay)    36    48    27130.65    27    27123.98    2    1
(advertise)    43    27130.85    48    27
(relay)    36    8    27223.06    27    27218.05    2    1
(advertise)    43    27223.26    8    27
(relay)    44    47    27288.07    27    27284.66    4    1
(advertise)    43    27288.27    47    27
(relay)    44    38    27310.48    27    27307.91    2    1
(advertise)    43    27311.28    38    27
(relay)    36    15    27333.5    27    27298.3    2    1
(advertise)    43    27334.1    15    27
(relay)    36    36    27347.71    27    27347.23    6    1
(advertise)    43    27355.11    36    27
(relay)    36    29    27362.92    27    27361.75    4    1
(advertise)    43    27377.92    29    27
(generate)    43    27543.74    [24]    27
(relay)    36    22    27601.55    27    27600.95    2    1
(advertise)    43    27601.75    22    27
(relay)    44    41    27649.76    27    27644.19    2    1
(advertise)    43    27649.96    41    27
(relay)    42    35    27665.38    27    27663.22    6    1
(relay)    44    45    27670.78    27    27658.73    4    2
(advertise)    43    27671.58    35    27
(advertise)    43    27693.19    45    27
(relay)    44    44    27727.6    27    27726.98    6    1
(advertise)    43    27727.8    44    27
(relay)    42    42    27753.01    27    27752.09    8    1
(advertise)    43    27753.41    42    27
(relay)    36    30    27775.63    27    27742.85    2    1
(advertise)    43    27776.23    30    27
(relay)    42    7    27804.04    27    27782.6    2    1
(advertise)    43    27804.24    7    27
(relay)    42    14    27830.65    27    27788.77    2    1
(advertise)    43    27830.85    14    27
(relay)    36    28    27851.67    27    27840.22    4    1
(advertise)    43    27854.27    28    27
(relay)    36    21    27873.88    27    27844.02    2    1
(advertise)    43    27876.68    21    27
(relay)    44    37    27923.09    27    27921.36    4    1
(advertise)    43    27923.29    37    27
(relay)    44    46    27951.31    27    27948.63    4    1
(advertise)    43    27951.51    46    27
(relay)    44    39    28006.72    27    28003.05    2    1
(advertise)    43    28006.92    39    27
(relay)    36    8    28222.33    28    28218.09    2    1
(advertise)    43    28222.53    8    28
(relay)    44    47    28288.14    28    28284.76    4    1
(advertise)    43    28288.34    47    28
(relay)    44    38    28310.96    28    28307.92    2    1
(advertise)    43    28311.56    38    28
(relay)    36    15    28333.97    28    28298.44    2    1
(advertise)    43    28334.17    15    28
(relay)    36    36    28347.78    28    28347.3    6    1
(advertise)    43    28356.58    36    28
(relay)    36    29    28363.6    28    28361.76    4    1
(advertise)    43    28378.6    29    28
(relay)    36    0    28425.81    28    28367.84    2    1
(advertise)    43    28426.01    0    28
(heartbeat)    24    7    28430.28    43    28450.82    5    13
(advertise)    43    28451.02    24    7
(generate)    43    28543.84    [24]    28
(relay)    36    22    28602.05    28    28601.01    2    1
(advertise)    43    28602.25    22    28
(relay)    44    41    28649.86    28    28644.26    2    1
(advertise)    43    28650.06    41    28
(relay)    42    35    28664.47    28    28663.32    6    1
(advertise)    43    28671.27    35    28
(relay)    44    45    28672.49    28    28658.81    4    1
(advertise)    43    28692.49    45    28
(relay)    44    44    28728.1    28    28727.17    6    1
(advertise)    43    28728.3    44    28
(relay)    42    42    28752.31    28    28752.27    8    1
(advertise)    43    28753.11    42    28
(relay)    36    30    28776.13    28    28743.0    2    1
(advertise)    43    28776.53    30    28
(relay)    36    7    28808.14    28    28782.66    2    1
(advertise)    43    28808.34    7    28
(relay)    36    14    28834.95    28    28788.78    2    1
(advertise)    43    28835.15    14    28
(relay)    36    28    28855.37    28    28840.25    4    1
(advertise)    43    28857.97    28    28
(relay)    36    21    28876.78    28    28844.09    2    1
(advertise)    43    28879.18    21    28
(relay)    44    40    28904.99    28    28870.11    2    1
(advertise)    43    28905.39    40    28
(relay)    36    37    28923.8    28    28921.53    4    1
(advertise)    43    28926.6    37    28
(relay)    36    46    28953.22    28    28948.64    2    1
(advertise)    43    28953.82    46    28
(relay)    44    39    29006.43    28    29003.24    2    1
(advertise)    43    29006.63    39    28
(relay)    36    48    29129.04    29    29124.18    2    1
(advertise)    43    29129.24    48    29
(relay)    36    8    29220.26    29    29218.14    2    1
(advertise)    43    29220.46    8    29
(relay)    44    47    29288.07    29    29284.86    4    1
(advertise)    43    29288.27    47    29
(relay)    36    38    29310.88    29    29307.96    2    1
(advertise)    43    29311.08    38    29
(relay)    36    36    29347.9    29    29347.4    6    1
(advertise)    43    29348.1    36    29
(relay)    36    29    29363.71    29    29361.95    4    1
(advertise)    43    29370.51    29    29
(relay)    36    0    29429.92    29    29368.01    2    1
(advertise)    43    29430.12    0    29
(generate)    43    29543.93    [24]    29
(relay)    36    22    29602.55    29    29601.05    2    1
(advertise)    43    29602.75    22    29
(relay)    44    41    29649.16    29    29644.29    2    1
(advertise)    43    29649.36    41    29
(relay)    42    35    29664.77    29    29663.39    6    1
(relay)    44    45    29669.37    29    29658.87    4    2
(advertise)    43    29671.97    35    29
(advertise)    43    29693.19    45    29
(relay)    44    44    29728.2    29    29727.19    6    1
(advertise)    43    29728.4    44    29
(relay)    42    42    29752.61    29    29752.42    8    1
(advertise)    43    29752.81    42    29
(relay)    44    30    29776.23    29    29743.15    2    1
(advertise)    43    29776.83    30    29
(relay)    42    7    29804.04    29    29782.75    2    1
(advertise)    43    29804.44    7    29
(relay)    42    14    29827.85    29    29788.81    2    1
(advertise)    43    29828.45    14    29
(relay)    42    28    29848.66    29    29840.27    4    1
(advertise)    43    29851.06    28    29
(relay)    42    21    29871.68    29    29844.18    2    1
(advertise)    43    29873.28    21    29
(relay)    44    40    29892.09    29    29870.17    2    1
(advertise)    43    29895.89    40    29
(relay)    44    37    29924.1    29    29922.9    4    1
(advertise)    43    29924.7    37    29
(relay)    44    46    29951.52    29    29948.66    4    1
(advertise)    43    29951.92    46    29
