(relay)    10    25    1106.4    1    1105.01    124    1
(advertise)    9    1106.6    25    1
(relay)    10    17    1128.01    1    1126.03    126    1
(relay)    16    32    1129.01    1    1105.01    119    2
(advertise)    9    1130.21    17    1
(advertise)    9    1152.83    32    1
(relay)    10    12    1176.04    1    1160.05    125    1
(relay)    16    27    1176.24    1    1132.04    122    2
(advertise)    9    1176.44    12    1
(advertise)    9    1197.45    27    1
(relay)    8    8    1216.67    1    1216.08    127    1
(advertise)    9    1219.47    8    1
(relay)    16    48    1221.28    1    1121.03    119    1
(advertise)    9    1240.88    48    1
(generate)    9    1258.09    [24]    1
(relay)    16    19    1291.5    1    1268.09    122    1
(advertise)    9    1291.7    19    1
(relay)    16    15    1313.32    1    1294.32    126    1
(advertise)    9    1313.72    15    1
(relay)    16    38    1340.93    1    1306.12    123    1
(advertise)    9    1341.53    38    1
(relay)    16    47    1361.94    1    1282.12    120    1
(relay)    10    11    1363.74    1    1343.16    126    2
(advertise)    9    1364.54    47    1
(relay)    8    29    1365.96    1    1358.16    124    2
(advertise)    9    1386.76    11    1
(relay)    16    23    1406.77    1    1367.17    126    2
(advertise)    9    1407.97    29    1
(advertise)    9    1428.98    23    1
(relay)    10    20    1431.8    1    1385.17    123    1
(relay)    8    36    1434.8    1    1345.16    123    2
(advertise)    9    1450.0    20    1
(advertise)    9    1472.41    36    1
(relay)    2    3    1474.42    1    1445.01    126    1
(advertise)    9    1494.22    3    1
(relay)    8    2    1498.83    1    1452.02    125    1
(advertise)    9    1517.03    2    1
(relay)    2    13    1518.85    1    1429.18    122    1
(advertise)    9    1538.85    13    1
(relay)    10    6    1561.06    1    1464.18    123    1
(advertise)    9    1562.66    6    1
(relay)    10    43    1592.07    1    1541.06    120    1
(advertise)    9    1592.27    43    1
(relay)    8    22    1612.09    1    1599.1    125    1
(advertise)    9    1615.29    22    1
(relay)    10    41    1645.3    1    1642.11    120    1
(advertise)    9    1645.5    41    1
(relay)    16    45    1669.91    1    1655.13    122    1
(advertise)    9    1670.11    45    1
(relay)    16    31    1694.33    1    1687.13    124    1
(advertise)    9    1694.53    31    1
(relay)    8    35    1718.54    1    1660.13    122    1
(advertise)    9    1719.54    35    1
(relay)    2    5    1726.55    1    1703.15    124    1
(advertise)    9    1741.15    5    1
(relay)    10    30    1766.16    1    1735.16    121    1
(advertise)    9    1766.36    30    1
(relay)    8    7    1786.18    1    1780.0    126    1
(advertise)    9    1788.78    7    1
(relay)    8    14    1808.79    1    1787.0    125    1
(advertise)    9    1810.99    14    1
(relay)    10    44    1813.8    1    1725.15    119    1
(advertise)    9    1833.6    44    1
(relay)    8    21    1852.82    1    1841.03    124    1
(advertise)    9    1857.02    21    1
(relay)    16    42    1860.23    1    1748.13    121    1
(advertise)    9    1878.23    42    1
(relay)    16    16    1898.24    1    1898.06    127    1
(advertise)    9    1899.84    16    1
(relay)    16    28    1902.66    1    1838.03    123    1
(advertise)    9    1922.86    28    1
(relay)    16    33    1925.27    1    1841.0    122    1
(relay)    10    18    1927.07    1    1898.06    125    2
(advertise)    9    1945.67    33    1
(relay)    8    1    1964.28    1    1941.09    126    2
(advertise)    9    1966.68    18    1
(relay)    16    37    1972.89    1    1917.07    124    2
(relay)    10    10    1980.09    1    1979.11    127    3
(advertise)    9    1989.09    1    1
(relay)    10    40    1996.51    1    1868.04    121    3
(advertise)    9    2011.71    37    1
(advertise)    9    2033.72    10    1
(advertise)    9    2054.73    40    1
(relay)    16    46    2062.55    1    1947.08    121    1
(relay)    10    26    2064.55    1    1919.06    123    2
(advertise)    9    2076.35    46    1
(relay)    10    4    2086.16    2    2036.12    125    2
(advertise)    9    2098.16    26    1
(advertise)    9    2120.17    4    2
(relay)    16    39    2121.59    1    1999.12    122    1
(relay)    10    34    2130.99    1    1971.07    121    2
(advertise)    9    2142.99    39    1
(relay)    10    17    2155.2    2    2126.19    126    2
(advertise)    9    2165.4    34    1
(advertise)    9    2187.01    17    2
(relay)    10    25    2199.02    2    2105.17    124    1
(advertise)    9    2210.42    25    2
(relay)    8    8    2216.84    2    2216.25    127    1
(advertise)    9    2231.84    8    2
(generate)    9    2258.25    [24]    2
(relay)    2    12    2264.26    2    2160.21    123    1
(advertise)    9    2264.46    12    2
(relay)    10    48    2302.28    2    2121.13    119    1
(advertise)    9    2302.48    48    2
(relay)    8    15    2304.29    2    2294.48    126    1
(relay)    10    27    2324.89    2    2132.17    120    2
(advertise)    9    2325.29    15    2
(advertise)    9    2346.9    27    2
(relay)    8    29    2372.52    2    2358.32    124    1
(advertise)    9    2372.92    29    2
(relay)    10    11    2392.13    2    2344.52    126    1
(advertise)    9    2394.13    11    2
(relay)    8    32    2417.14    2    2105.39    119    1
(advertise)    9    2417.34    32    2
(relay)    10    19    2436.15    2    2268.26    124    1
(advertise)    9    2438.75    19    2
(relay)    2    2    2452.37    2    2452.19    127    1
(relay)    10    38    2457.97    2    2306.26    121    2
(advertise)    9    2460.37    2    2
(relay)    10    3    2479.98    2    2445.19    126    2
(advertise)    9    2482.18    38    2
(relay)    10    20    2502.99    2    2385.33    123    2
(advertise)    9    2504.39    3    2
(relay)    8    23    2507.41    2    2367.33    124    2
(relay)    16    0    2508.81    2    2364.33    123    3
(advertise)    9    2525.41    20    2
(relay)    16    36    2531.82    2    2345.32    121    3
(advertise)    9    2547.22    23    2
(advertise)    9    2568.83    0    2
(relay)    2    13    2573.64    2    2429.35    122    2
(advertise)    9    2590.64    36    2
(relay)    16    47    2598.06    2    2282.28    120    2
(advertise)    9    2612.46    13    2
(relay)    2    6    2617.47    2    2464.29    123    2
(advertise)    9    2635.67    47    2
(relay)    16    22    2644.88    2    2599.26    125    2
(advertise)    9    2659.68    6    2
(relay)    10    43    2675.9    2    2541.23    116    2
(advertise)    9    2680.7    22    2
(advertise)    9    2701.71    43    2
(relay)    10    41    2721.52    2    2642.3    118    1
(advertise)    9    2724.32    41    2
(relay)    16    31    2731.74    2    2687.31    124    1
(relay)    10    5    2745.54    2    2703.32    124    2
(advertise)    9    2747.34    31    2
(advertise)    9    2768.35    5    2
(relay)    16    30    2776.16    2    2735.35    125    1
(relay)    10    45    2789.56    2    2656.51    116    2
(advertise)    9    2790.36    30    2
(relay)    8    35    2802.37    2    2660.28    122    2
(advertise)    9    2812.97    45    2
(relay)    8    7    2823.59    2    2780.17    126    2
(advertise)    9    2834.19    35    2
(relay)    10    44    2856.2    2    2725.32    119    2
(advertise)    9    2856.6    7    2
(relay)    16    14    2863.81    2    2787.17    125    2
(advertise)    9    2878.01    44    2
(relay)    16    16    2898.43    2    2898.24    127    2
(advertise)    9    2899.23    14    2
(advertise)    9    2921.84    16    2
(relay)    16    42    2930.05    2    2748.27    121    1
(relay)    2    33    2931.45    2    2841.2    118    2
(relay)    8    21    2934.05    2    2841.2    124    3
(advertise)    9    2944.05    42    2
(relay)    10    40    2967.07    2    2868.23    117    3
(advertise)    9    2967.87    33    2
(relay)    8    1    2978.48    2    2941.28    126    3
(relay)    10    18    2987.48    2    2898.45    125    4
(advertise)    9    2989.48    21    2
(advertise)    9    3011.09    40    2
(relay)    8    28    3021.5    2    2838.19    123    3
(advertise)    9    3032.1    1    2
(relay)    16    37    3047.32    2    2917.27    124    3
(advertise)    9    3054.92    18    2
(relay)    2    10    3063.93    2    2979.29    125    3
(advertise)    9    3076.93    28    2
(relay)    10    4    3100.14    3    3036.32    125    3
(advertise)    9    3100.54    37    2
(advertise)    9    3121.76    10    2
(relay)    16    26    3135.57    2    2919.24    123    2
(advertise)    9    3143.37    4    3
(relay)    10    34    3145.38    2    2971.24    121    2
(relay)    16    46    3156.58    2    2947.28    117    3
(advertise)    9    3165.38    26    2
(relay)    10    17    3167.0    3    3126.37    126    3
(advertise)    9    3188.6    34    2
(advertise)    9    3209.81    46    2
(relay)    10    39    3212.62    2    2999.29    122    2
(relay)    8    8    3217.02    3    3216.42    127    3
(advertise)    9    3231.82    17    3
(advertise)    9    3255.43    39    2
(relay)    10    12    3256.85    3    3160.4    125    2
(generate)    9    3258.45    [24]    3
(relay)    16    25    3266.46    3    3105.37    124    3
(advertise)    9    3277.46    8    3
(advertise)    9    3299.87    12    3
(relay)    8    15    3312.69    3    3294.66    126    2
(advertise)    9    3321.09    25    3
(advertise)    9    3342.9    15    3
(relay)    10    27    3345.51    3    3132.36    122    1
(advertise)    9    3364.31    27    3
(relay)    8    32    3376.53    3    3106.18    117    1
(advertise)    9    3386.53    32    3
(relay)    10    11    3390.34    3    3344.71    126    1
(advertise)    9    3407.74    11    3
(relay)    10    19    3412.35    3    3268.45    124    1
(relay)    8    0    3421.55    3    3364.51    125    2
(relay)    16    23    3424.15    3    3367.53    126    3
(advertise)    9    3430.75    19    3
(relay)    16    48    3447.36    3    3121.33    115    3
(advertise)    9    3452.76    0    3
(relay)    10    3    3454.58    3    3445.38    126    3
(advertise)    9    3474.58    23    3
(advertise)    9    3496.79    48    3
(relay)    16    38    3516.8    3    3306.46    123    2
(advertise)    9    3519.8    3    3
(relay)    8    2    3532.02    3    3452.58    125    2
(advertise)    9    3542.02    38    3
(relay)    8    29    3554.63    3    3358.51    124    2
(advertise)    9    3564.43    2    3
(advertise)    9    3585.44    29    3
(relay)    10    47    3588.46    3    3282.46    120    1
(relay)    2    13    3604.66    3    3429.54    122    2
(advertise)    9    3606.86    47    3
(relay)    8    36    3620.47    3    3345.51    123    2
(relay)    16    20    3627.27    3    3385.51    123    3
(advertise)    9    3629.87    13    3
(advertise)    9    3651.08    36    3
(relay)    10    6    3652.69    3    3464.49    123    2
(advertise)    9    3673.49    20    3
(relay)    8    22    3689.91    3    3599.46    125    2
(advertise)    9    3696.91    6    3
(advertise)    9    3718.52    22    3
(relay)    10    5    3742.33    3    3703.52    124    1
(advertise)    9    3742.73    5    3
(relay)    8    43    3755.15    3    3541.42    122    1
(advertise)    9    3764.35    43    3
(relay)    16    31    3783.36    3    3687.49    124    1
(advertise)    9    3785.76    31    3
(relay)    10    41    3810.17    3    3642.48    120    1
(advertise)    9    3810.57    41    3
(relay)    8    7    3818.99    3    3780.37    126    1
(relay)    16    30    3826.79    3    3735.55    125    2
(advertise)    9    3833.19    7    3
(relay)    16    35    3849.2    3    3660.47    122    2
(advertise)    9    3856.4    30    3
(relay)    10    45    3857.61    3    3656.69    116    2
(relay)    8    14    3863.61    3    3787.36    125    3
(advertise)    9    3877.41    35    3
(advertise)    9    3898.42    45    3
(relay)    10    33    3899.84    3    3841.4    120    2
(advertise)    9    3919.64    14    3
(advertise)    9    3942.85    33    3
(relay)    8    44    3952.06    3    3725.52    121    1
(advertise)    9    3963.86    44    3
(relay)    10    18    3966.28    3    3898.64    123    1
(relay)    8    42    3974.28    3    3748.44    121    2
(relay)    10    10    3979.68    3    3979.49    127    3
(relay)    2    1    3980.88    3    3941.46    126    4
(advertise)    9    3986.08    18    3
(advertise)    9    4009.29    42    3
(advertise)    9    4031.3    10    3
(relay)    8    16    4041.12    3    3898.44    125    2
(advertise)    9    4053.72    1    3
(relay)    8    21    4062.13    3    3841.4    124    2
(advertise)    9    4075.73    16    3
(relay)    16    37    4094.54    3    3917.45    124    2
(advertise)    9    4099.54    21    3
(relay)    10    4    4120.95    4    4036.52    125    2
(advertise)    9    4122.55    37    3
(relay)    2    26    4134.97    3    3919.44    121    2
(relay)    10    40    4143.37    3    3868.42    119    3
(advertise)    9    4144.57    4    4
(relay)    16    28    4158.58    3    3838.39    123    3
(advertise)    9    4165.98    26    3
(relay)    10    17    4185.99    4    4126.38    126    3
(advertise)    9    4188.59    40    3
(relay)    10    34    4207.01    3    3971.44    121    3
(advertise)    9    4210.81    28    3
(relay)    8    8    4217.62    4    4216.62    127    3
(relay)    8    46    4220.62    3    3947.48    117    4
(relay)    10    12    4229.62    4    4160.59    125    5
(advertise)    9    4236.02    17    4
(generate)    9    4258.63    [24]    4
(advertise)    9    4260.05    34    3
(relay)    16    25    4268.86    4    4105.57    124    4
(advertise)    9    4281.06    8    4
(advertise)    9    4302.47    46    3
(relay)    16    39    4312.08    3    3999.49    120    3
(advertise)    9    4323.68    12    4
(relay)    8    15    4332.7    4    4294.86    126    3
(advertise)    9    4345.5    25    4
(advertise)    9    4367.91    39    3
(relay)    10    27    4382.52    4    4132.55    122    2
(advertise)    9    4390.72    15    4
(relay)    10    11    4405.34    4    4344.91    126    2
(advertise)    9    4412.34    27    4
(relay)    8    0    4417.95    4    4364.7    125    2
(relay)    16    32    4423.35    4    4106.37    121    3
(advertise)    9    4435.55    11    4
(relay)    16    23    4444.56    4    4367.71    126    3
(relay)    2    2    4452.96    4    4452.78    127    4
(advertise)    9    4457.56    0    4
(relay)    10    3    4469.38    4    4445.58    126    4
(advertise)    9    4478.58    32    4
(relay)    16    19    4489.39    4    4268.65    124    4
(advertise)    9    4503.99    23    4
(relay)    8    29    4511.8    4    4358.71    124    4
(advertise)    9    4525.2    2    4
(advertise)    9    4549.41    3    4
(relay)    16    48    4557.83    4    4121.52    119    3
(advertise)    9    4572.23    19    4
(relay)    8    36    4577.44    4    4345.7    123    3
(advertise)    9    4593.24    29    4
(relay)    10    20    4604.05    4    4385.68    123    3
(advertise)    9    4616.05    48    4
(relay)    10    38    4626.47    4    4306.66    121    3
(advertise)    9    4639.07    36    4
(heartbeat)    24    1    4430.2    9    4645.28    127    0
(advertise)    9    4661.08    20    4
(relay)    10    13    4671.89    4    4429.71    124    3
(advertise)    9    4682.49    38    4
(relay)    16    47    4688.31    4    4282.66    120    3
(advertise)    9    4703.51    24    1
(advertise)    9    4725.72    13    4
(relay)    16    22    4732.13    4    4599.65    2    2
(relay)    10    6    4739.53    4    4464.68    123    3
(advertise)    9    4746.73    47    4
(advertise)    9    4771.34    22    4
(relay)    16    43    4778.16    4    4541.61    122    2
(relay)    10    5    4788.16    4    4703.71    124    3
(advertise)    9    4792.56    6    4
(relay)    8    7    4797.57    4    4780.57    6    3
(relay)    16    30    4798.37    4    4735.94    2    4
(advertise)    9    4814.57    43    4
(advertise)    9    4839.78    5    4
(relay)    8    14    4842.2    4    4787.54    4    3
(advertise)    9    4862.4    7    4
(advertise)    9    4883.81    30    4
(relay)    8    35    4885.02    4    4660.65    122    2
(relay)    16    16    4898.82    4    4898.64    4    3
(advertise)    9    4905.82    14    4
(relay)    8    21    4925.64    4    4841.6    2    3
(advertise)    9    4927.24    35    4
(relay)    16    45    4932.25    4    4656.89    2    3
(relay)    2    1    4943.65    4    4941.65    6    4
(advertise)    9    4949.65    16    4
(advertise)    9    4972.06    21    4
(relay)    10    10    4979.67    4    4979.65    6    3
(relay)    8    42    4991.47    4    4748.64    4    4
(advertise)    9    4993.47    45    4
(relay)    8    28    5014.09    4    4838.58    2    4
(advertise)    9    5015.29    1    4
(relay)    16    18    5021.1    4    4898.84    2    4
(advertise)    9    5036.9    10    4
(relay)    2    4    5039.71    5    5036.64    4    4
(advertise)    9    5059.31    42    4
(advertise)    9    5082.53    28    4
(relay)    16    44    5090.34    4    4725.72    2    3
(advertise)    9    5104.74    18    4
(relay)    16    37    5112.75    4    4917.64    2    3
(advertise)    9    5128.15    4    5
(advertise)    9    5149.17    44    4
(relay)    16    17    5154.78    5    5126.78    2    2
(relay)    10    12    5162.18    5    5160.73    2    3
(advertise)    9    5171.38    37    4
(advertise)    9    5193.99    17    5
(advertise)    9    5217.4    12    5
(relay)    16    8    5219.82    5    5216.73    4    1
(advertise)    9    5238.82    8    5
(generate)    9    5258.83    [24]    5
(relay)    2    15    5298.44    5    5295.02    2    1
(advertise)    9    5298.64    15    5
(relay)    10    11    5345.66    5    5345.08    4    1
(advertise)    9    5345.86    11    5
(relay)    16    19    5369.67    5    5268.82    2    1
(advertise)    9    5369.87    19    5
(relay)    8    0    5371.08    5    5364.71    6    1
(relay)    16    23    5391.68    5    5367.72    2    2
(advertise)    9    5392.48    0    5
(relay)    8    29    5394.5    5    5358.72    2    2
(advertise)    9    5414.5    23    5
(relay)    10    13    5431.51    5    5429.77    2    2
(advertise)    9    5435.91    29    5
(relay)    10    3    5452.92    5    5445.64    6    2
(relay)    2    2    5453.32    5    5452.79    6    3
(advertise)    9    5457.12    13    5
(advertise)    9    5479.13    3    5
(relay)    2    6    5481.95    5    5464.87    4    2
(relay)    16    36    5483.55    5    5345.79    2    3
(advertise)    9    5501.95    2    5
(relay)    16    20    5505.16    5    5385.74    2    3
(advertise)    9    5522.96    6    5
(advertise)    9    5544.77    36    5
(advertise)    9    5566.99    20    5
(relay)    16    43    5571.4    5    5541.63    4    1
(advertise)    9    5589.0    43    5
(relay)    16    22    5601.41    5    5599.7    2    1
(advertise)    9    5610.81    22    5
(relay)    8    35    5666.23    5    5660.66    2    1
(advertise)    9    5666.43    35    5
(relay)    16    45    5702.64    5    5657.08    2    1
(advertise)    9    5702.84    45    5
(relay)    10    5    5704.85    5    5703.9    6    1
(advertise)    9    5724.05    5    5
(relay)    8    42    5761.66    5    5748.7    4    1
(advertise)    9    5761.86    42    5
(relay)    8    7    5783.88    5    5780.75    6    1
(advertise)    9    5784.08    7    5
(relay)    8    14    5805.49    5    5787.71    4    1
(advertise)    9    5806.09    14    5
(relay)    8    28    5843.5    5    5838.68    2    1
(advertise)    9    5843.7    28    5
(relay)    8    21    5866.52    5    5841.61    2    1
(advertise)    9    5866.72    21    5
(relay)    16    16    5899.33    5    5898.69    4    1
(advertise)    9    5899.53    16    5
(relay)    8    1    5943.74    5    5941.8    6    1
(advertise)    9    5943.94    1    5
(relay)    16    18    5966.56    5    5899.01    2    1
(advertise)    9    5966.96    18    5
(relay)    10    10    5979.77    5    5979.68    6    1
(advertise)    9    5988.77    10    5
(relay)    8    4    6041.98    6    6036.64    2    1
(advertise)    9    6042.18    4    6
(relay)    16    17    6128.79    6    6126.96    2    1
(advertise)    9    6128.99    17    6
(relay)    8    8    6217.81    6    6216.8    6    1
(advertise)    9    6218.01    8    6
(generate)    9    6259.02    [24]    6
(relay)    10    19    6283.63    6    6268.82    2    1
(advertise)    9    6283.83    19    6
(relay)    2    15    6298.65    6    6295.19    2    1
(advertise)    9    6305.25    15    6
(relay)    10    11    6345.46    6    6345.09    4    1
(advertise)    9    6345.66    11    6
(relay)    8    0    6368.67    6    6364.73    6    1
(advertise)    9    6368.87    0    6
(relay)    10    20    6397.29    6    6385.79    2    1
(advertise)    9    6397.49    20    6
(relay)    16    29    6401.7    6    6358.79    2    1
(advertise)    9    6418.5    29    6
(relay)    10    13    6431.91    6    6429.89    4    1
(advertise)    9    6440.31    13    6
(relay)    2    2    6453.32    6    6452.84    6    1
(relay)    2    3    6455.12    6    6445.73    6    2
(advertise)    9    6461.32    2    6
(relay)    2    6    6480.94    6    6465.06    4    2
(advertise)    9    6483.94    3    6
(advertise)    9    6504.95    6    6
(relay)    8    43    6544.96    6    6541.72    4    1
(advertise)    9    6545.16    43    6
(relay)    16    22    6601.18    6    6599.72    2    1
(advertise)    9    6601.38    22    6
(relay)    16    45    6692.59    6    6657.14    2    1
(advertise)    9    6692.79    45    6
(relay)    10    5    6704.8    6    6703.98    6    1
(advertise)    9    6714.6    5    6
(relay)    2    42    6759.62    6    6748.87    2    1
(advertise)    9    6759.82    42    6
(relay)    16    30    6780.83    6    6736.22    2    1
(advertise)    9    6781.43    30    6
(relay)    2    7    6784.64    6    6780.83    4    1
(advertise)    9    6802.84    7    6
(relay)    2    14    6807.85    6    6787.76    2    1
(advertise)    9    6824.05    14    6
(relay)    8    21    6846.07    6    6841.7    2    1
(advertise)    9    6846.27    21    6
(relay)    8    28    6868.08    6    6838.7    2    1
(advertise)    9    6869.08    28    6
(relay)    16    16    6899.29    6    6898.83    4    1
(advertise)    9    6899.49    16    6
(relay)    10    18    6923.31    6    6899.2    2    1
(advertise)    9    6923.91    18    6
(relay)    2    1    6943.52    6    6941.89    6    1
(advertise)    9    6946.32    1    6
(relay)    16    37    6967.73    6    6917.76    2    1
(advertise)    9    6968.93    37    6
(relay)    10    10    6979.95    6    6979.76    6    1
(advertise)    9    6991.15    10    6
(relay)    10    17    7129.16    7    7127.06    2    1
(advertise)    9    7129.36    17    7
(relay)    2    12    7182.17    7    7160.87    2    1
(advertise)    9    7182.37    12    7
(relay)    8    8    7217.78    7    7216.87    6    1
(advertise)    9    7217.98    8    7
(generate)    9    7259.2    [24]    7
(relay)    10    19    7287.61    7    7268.86    2    1
(advertise)    9    7287.81    19    7
(relay)    8    15    7297.02    7    7295.36    4    1
(advertise)    9    7309.82    15    7
(relay)    10    11    7346.44    7    7345.14    4    1
(advertise)    9    7346.64    11    7
(relay)    16    23    7369.45    7    7367.9    2    1
(advertise)    9    7370.45    23    7
(relay)    10    0    7372.86    7    7364.76    4    1
(advertise)    9    7394.46    0    7
(relay)    16    29    7415.68    7    7358.82    2    1
(advertise)    9    7418.68    29    7
(relay)    10    13    7430.89    7    7430.0    4    1
(advertise)    9    7440.09    13    7
(relay)    10    3    7452.7    7    7445.82    6    1
(relay)    2    2    7453.5    7    7452.89    6    2
(advertise)    9    7462.1    3    7
(advertise)    9    7484.71    2    7
(relay)    10    6    7502.53    7    7465.06    2    1
(advertise)    9    7506.53    6    7
(relay)    16    43    7545.34    7    7541.8    4    1
(advertise)    9    7545.54    43    7
(relay)    8    35    7667.75    7    7660.83    2    1
(advertise)    9    7667.95    35    7
(relay)    16    30    7764.37    7    7736.23    2    1
(advertise)    9    7764.57    30    7
(relay)    8    7    7782.18    7    7780.89    6    1
(advertise)    9    7786.18    7    7
(relay)    8    14    7805.39    7    7787.76    4    1
(advertise)    9    7808.19    14    7
(relay)    16    42    7833.61    7    7749.06    2    1
(advertise)    9    7834.01    42    7
(relay)    8    21    7845.82    7    7841.81    2    1
(advertise)    9    7855.22    21    7
(relay)    8    28    7869.03    7    7838.9    2    1
(advertise)    9    7877.23    28    7
(relay)    16    16    7899.44    7    7898.93    4    1
(advertise)    9    7900.44    16    7
(relay)    8    1    7944.06    7    7941.96    6    1
(advertise)    9    7944.26    1    7
(relay)    16    18    7945.47    7    7899.37    2    1
(advertise)    9    7966.07    18    7
(relay)    10    10    7980.28    7    7979.8    6    1
(advertise)    9    7988.08    10    7
(relay)    2    4    8038.3    8    8036.67    4    1
(advertise)    9    8038.5    4    8
(relay)    10    17    8128.71    8    8127.15    2    1
(advertise)    9    8128.91    17    8
(relay)    2    12    8163.32    8    8160.92    2    1
(advertise)    9    8163.52    12    8
(relay)    8    8    8217.14    8    8216.93    6    1
(advertise)    9    8217.54    8    8
(generate)    9    8259.35    [24]    8
(relay)    16    19    8285.96    8    8268.9    2    1
(advertise)    9    8286.16    19    8
(relay)    8    15    8297.37    8    8295.52    4    1
(advertise)    9    8308.17    15    8
(relay)    10    11    8346.39    8    8345.16    4    1
(advertise)    9    8346.59    11    8
(relay)    16    23    8369.8    8    8367.99    2    1
(advertise)    9    8370.2    23    8
(relay)    10    0    8373.81    8    8364.95    4    1
(advertise)    9    8393.01    0    8
(relay)    10    20    8398.63    8    8385.85    2    1
(advertise)    9    8414.83    20    8
(relay)    10    13    8432.04    8    8430.06    4    1
(advertise)    9    8437.44    13    8
(relay)    16    29    8438.65    8    8358.85    2    1
(relay)    2    2    8453.45    8    8452.92    6    2
(relay)    2    3    8454.65    8    8445.9    6    3
(heartbeat)    24    2    8430.21    9    8455.05    3    3
(advertise)    9    8459.25    29    8
(advertise)    9    8481.47    2    8
(advertise)    9    8503.28    3    8
(relay)    2    6    8520.49    8    8465.25    2    2
(advertise)    9    8527.49    24    2
(relay)    8    43    8548.1    8    8541.91    2    2
(advertise)    9    8548.7    6    8
(advertise)    9    8570.52    43    8
(relay)    8    22    8600.53    8    8599.88    2    1
(advertise)    9    8600.73    22    8
(relay)    2    5    8705.94    8    8704.15    6    1
(advertise)    9    8706.14    5    8
(relay)    16    30    8741.16    8    8737.62    2    1
(advertise)    9    8741.36    30    8
(relay)    8    42    8765.17    8    8749.25    4    1
(advertise)    9    8765.77    42    8
(relay)    8    7    8786.78    8    8780.99    6    1
(advertise)    9    8787.78    7    8
(relay)    8    14    8809.0    8    8787.82    4    1
(advertise)    9    8811.2    14    8
(relay)    16    21    8846.81    8    8841.94    2    1
(advertise)    9    8847.01    21    8
(relay)    8    28    8868.02    8    8838.93    2    1
(advertise)    9    8869.42    28    8
(relay)    16    16    8899.63    8    8899.08    4    1
(advertise)    9    8899.83    16    8
(relay)    10    1    8944.05    8    8942.06    4    1
(advertise)    9    8944.25    1    8
(relay)    16    37    8967.66    8    8917.82    2    1
(advertise)    9    8968.26    37    8
(relay)    10    10    8980.47    8    8979.89    4    1
(advertise)    9    8992.47    10    8
(relay)    10    4    9037.49    9    9036.71    4    1
(advertise)    9    9037.69    4    9
(relay)    10    17    9127.7    9    9127.27    2    1
(advertise)    9    9127.9    17    9
(relay)    10    12    9180.91    9    9161.01    2    1
(advertise)    9    9181.11    12    9
(relay)    8    8    9217.13    9    9216.99    6    1
(advertise)    9    9217.33    8    9
(generate)    9    9259.54    [24]    9
(relay)    10    19    9288.35    9    9268.92    2    1
(advertise)    9    9288.55    19    9
(relay)    2    15    9299.56    9    9295.71    2    1
(advertise)    9    9309.76    15    9
(relay)    10    11    9346.58    9    9345.17    4    1
(advertise)    9    9346.78    11    9
(relay)    16    36    9368.99    9    9346.1    2    1
(advertise)    9    9369.19    36    9
(relay)    2    0    9370.6    9    9365.15    6    1
(relay)    8    29    9390.0    9    9358.85    2    2
(advertise)    9    9391.2    0    9
(advertise)    9    9413.02    29    9
(relay)    10    13    9432.43    9    9430.17    4    1
(advertise)    9    9434.23    13    9
(relay)    2    2    9454.04    9    9452.97    6    1
(relay)    10    3    9455.44    9    9445.99    4    2
(advertise)    9    9455.64    2    9
(advertise)    9    9476.66    3    9
(relay)    10    20    9478.27    9    9385.89    2    1
(relay)    2    6    9481.47    9    9465.25    4    2
(advertise)    9    9498.67    20    9
(advertise)    9    9521.68    6    9
(relay)    2    43    9549.09    9    9542.03    2    1
(advertise)    9    9549.29    43    9
(relay)    16    22    9601.11    9    9599.92    2    1
(advertise)    9    9601.31    22    9
(relay)    16    35    9664.52    9    9661.01    2    1
(advertise)    9    9664.72    35    9
(relay)    16    45    9693.13    9    9657.34    2    1
(advertise)    9    9693.33    45    9
(relay)    8    5    9707.75    9    9704.28    4    1
(advertise)    9    9715.75    5    9
(relay)    16    42    9761.96    9    9749.43    4    1
(advertise)    9    9762.16    42    9
(relay)    16    7    9784.57    9    9781.09    4    1
(advertise)    9    9784.77    7    9
(relay)    2    14    9806.99    9    9787.86    2    1
(advertise)    9    9809.39    14    9
(relay)    16    28    9842.4    9    9839.32    2    1
(advertise)    9    9842.6    28    9
(relay)    8    21    9864.61    9    9842.04    2    1
(advertise)    9    9865.01    21    9
(relay)    16    16    9899.83    9    9899.2    4    1
(advertise)    9    9900.03    16    9
(relay)    16    37    9942.64    9    9917.83    2    1
(advertise)    9    9942.84    37    9
(relay)    16    18    9966.45    9    9899.6    2    1
(advertise)    9    9966.65    18    9
(relay)    10    10    9980.46    9    9979.95    4    1
(advertise)    9    9988.86    10    9
(relay)    10    4    10037.48    10    10036.73    4    1
(advertise)    9    10037.68    4    10
(relay)    10    17    10127.89    10    10127.39    2    1
(advertise)    9    10128.09    17    10
(relay)    2    12    10183.1    10    10161.07    2    1
(advertise)    9    10183.3    12    10
(relay)    8    8    10217.12    10    10217.09    6    1
(advertise)    9    10217.32    8    10
(generate)    9    10259.73    [24]    10
(relay)    10    19    10287.54    10    10268.95    2    1
(advertise)    9    10287.74    19    10
(relay)    10    15    10316.36    10    10295.88    2    1
(advertise)    9    10316.76    15    10
(relay)    10    11    10346.37    10    10345.18    4    1
(advertise)    9    10346.57    11    10
(relay)    16    23    10369.98    10    10368.17    2    1
(advertise)    9    10370.58    23    10
(relay)    2    0    10373.79    10    10365.15    6    1
(advertise)    9    10392.39    0    10
(relay)    10    20    10403.41    10    10385.9    2    1
(advertise)    9    10416.01    20    10
(relay)    10    13    10432.42    10    10430.24    4    1
(advertise)    9    10439.02    13    10
(relay)    2    2    10454.03    10    10453.0    6    1
(relay)    10    3    10455.03    10    10446.09    4    2
(advertise)    9    10462.43    2    10
(advertise)    9    10484.25    3    10
(relay)    2    6    10497.46    10    10465.45    4    1
(advertise)    9    10505.66    6    10
(relay)    16    43    10548.27    10    10542.06    4    1
(advertise)    9    10548.47    43    10
(relay)    8    22    10601.49    10    10599.97    2    1
(advertise)    9    10601.69    22    10
(relay)    10    5    10707.3    10    10704.38    6    1
(advertise)    9    10707.5    5    10
(relay)    10    42    10758.71    10    10749.61    2    1
(advertise)    9    10758.91    42    10
(relay)    16    30    10781.72    10    10737.78    2    1
(relay)    8    7    10781.92    10    10781.18    6    2
(advertise)    9    10782.12    30    10
(advertise)    9    10803.94    7    10
(relay)    2    14    10807.75    10    10787.87    2    1
(advertise)    9    10825.95    14    10
(relay)    8    21    10844.16    10    10842.1    2    1
(advertise)    9    10847.96    21    10
(relay)    8    28    10867.18    10    10839.32    2    1
(advertise)    9    10870.78    28    10
(relay)    16    16    10900.39    10    10899.34    4    1
(advertise)    9    10900.79    16    10
(relay)    10    18    10941.2    10    10899.79    2    1
(advertise)    9    10941.4    18    10
(relay)    2    1    10942.62    10    10942.24    6    1
(advertise)    9    10963.42    1    10
(relay)    10    10    10980.63    10    10980.04    4    1
(advertise)    9    10986.43    10    10
(relay)    2    4    11037.64    11    11036.75    4    1
(advertise)    9    11037.84    4    11
(relay)    16    17    11127.85    11    11127.51    2    1
(advertise)    9    11128.05    17    11
(relay)    2    12    11181.67    11    11161.1    2    1
(advertise)    9    11181.87    12    11
(relay)    8    8    11217.28    11    11217.15    6    1
(advertise)    9    11217.48    8    11
(generate)    9    11259.89    [24]    11
(relay)    10    19    11286.31    11    11268.99    2    1
(advertise)    9    11286.51    19    11
(relay)    8    15    11297.32    11    11296.03    4    1
(advertise)    9    11308.52    15    11
(relay)    10    11    11347.33    11    11345.18    4    1
(advertise)    9    11347.53    11    11
(relay)    8    0    11372.35    11    11365.34    6    1
(advertise)    9    11372.55    0    11
(relay)    16    36    11392.16    11    11346.19    2    1
(advertise)    9    11394.76    36    11
(relay)    10    20    11398.57    11    11385.92    2    1
(advertise)    9    11418.17    20    11
(relay)    10    13    11433.98    11    11430.35    4    1
(relay)    16    29    11437.18    11    11358.87    2    2
(advertise)    9    11439.58    13    11
(relay)    2    2    11454.0    11    11453.04    6    2
(relay)    10    3    11455.8    11    11446.19    4    3
(advertise)    9    11463.0    29    11
(advertise)    9    11485.61    2    11
(relay)    2    6    11498.82    11    11465.65    4    2
(advertise)    9    11509.42    3    11
(advertise)    9    11532.64    6    11
(relay)    8    43    11548.25    11    11542.12    4    1
(advertise)    9    11556.05    43    11
(relay)    8    22    11601.66    11    11600.04    2    1
(advertise)    9    11601.86    22    11
(relay)    16    35    11669.28    11    11661.1    2    1
(advertise)    9    11669.48    35    11
(relay)    16    45    11692.89    11    11657.47    2    1
(advertise)    9    11693.69    45    11
(relay)    2    5    11707.9    11    11704.45    6    1
(advertise)    9    11715.5    5    11
(relay)    16    44    11738.91    11    11726.28    4    1
(advertise)    9    11739.71    44    11
(relay)    8    7    11782.13    11    11781.24    6    1
(advertise)    9    11782.33    7    11
(relay)    8    14    11804.34    11    11787.9    4    1
(advertise)    9    11804.74    14    11
(relay)    16    42    11805.95    11    11749.81    4    1
(advertise)    9    11827.15    42    11
(relay)    8    21    11848.17    11    11842.19    2    1
(advertise)    9    11850.37    21    11
(relay)    8    28    11870.58    11    11839.36    2    1
(advertise)    9    11873.38    28    11
(relay)    16    16    11900.39    11    11899.44    4    1
(advertise)    9    11900.59    16    11
(relay)    10    18    11902.61    11    11899.82    2    1
(advertise)    9    11921.61    18    11
(relay)    2    1    11943.02    11    11942.33    6    1
(advertise)    9    11944.22    1    11
(relay)    10    10    11981.03    11    11980.12    4    1
(advertise)    9    11981.23    10    11
(relay)    2    4    12038.24    12    12036.77    4    1
(advertise)    9    12038.44    4    12
(relay)    16    17    12128.46    12    12127.62    2    1
(advertise)    9    12128.66    17    12
(relay)    10    12    12180.87    12    12161.19    4    1
(advertise)    9    12181.07    12    12
(relay)    8    8    12217.88    12    12217.24    6    1
(advertise)    9    12218.08    8    12
(generate)    9    12259.9    [24]    12
(relay)    10    19    12286.51    12    12269.03    2    1
(advertise)    9    12286.71    19    12
(relay)    8    15    12296.32    12    12296.03    4    1
(advertise)    9    12309.52    15    12
(relay)    10    11    12347.34    12    12345.21    4    1
(advertise)    9    12347.54    11    12
(relay)    2    0    12369.75    12    12365.34    6    1
(advertise)    9    12370.95    0    12
(relay)    8    29    12394.96    12    12358.89    2    1
(advertise)    9    12395.16    29    12
(relay)    10    13    12434.17    12    12430.45    4    1
(advertise)    9    12434.37    13    12
(relay)    2    2    12453.19    12    12453.08    6    1
(advertise)    9    12455.59    2    12
(heartbeat)    24    3    12430.23    9    12456.8    3    3
(advertise)    9    12478.6    24    3
(relay)    10    6    12503.81    12    12465.83    4    1
(advertise)    9    12504.01    6    12
(relay)    16    3    12527.63    12    12446.27    2    1
(advertise)    9    12528.03    3    12
(relay)    16    43    12552.44    12    12542.22    2    1
(advertise)    9    12552.64    43    12
(relay)    16    22    12602.05    12    12600.1    2    1
(advertise)    9    12602.25    22    12
(relay)    8    35    12663.07    12    12661.19    2    1
(advertise)    9    12663.27    35    12
(relay)    2    5    12708.68    12    12704.55    4    1
(advertise)    9    12708.88    5    12
(relay)    16    44    12735.69    12    12726.3    2    1
(advertise)    9    12735.89    44    12
(relay)    16    30    12759.9    12    12738.72    2    1
(advertise)    9    12760.1    30    12
(relay)    8    42    12776.92    12    12749.99    2    1
(advertise)    9    12781.92    42    12
(relay)    8    7    12798.33    12    12781.38    6    1
(advertise)    9    12804.33    7    12
(relay)    16    14    12805.74    12    12787.93    2    1
(advertise)    9    12827.34    14    12
(relay)    8    28    12842.56    12    12839.4    2    1
(advertise)    9    12849.36    28    12
(relay)    8    21    12865.37    12    12842.27    2    1
(advertise)    9    12870.37    21    12
(relay)    16    16    12900.58    12    12899.61    4    1
(advertise)    9    12900.78    16    12
(relay)    10    18    12932.0    12    12899.98    2    1
(advertise)    9    12932.2    18    12
(relay)    8    1    12943.41    12    12942.38    6    1
(advertise)    9    12954.01    1    12
(relay)    16    37    12955.22    12    12918.08    2    1
(advertise)    9    12977.02    37    12
(relay)    10    10    12981.23    12    12980.17    4    1
(advertise)    9    12999.43    10    12
(relay)    10    4    13038.25    13    13036.79    4    1
(advertise)    9    13038.45    4    13
(relay)    16    17    13128.66    13    13127.73    2    1
(advertise)    9    13128.86    17    13
(relay)    8    8    13217.87    13    13217.3    6    1
(advertise)    9    13218.07    8    13
(generate)    9    13260.09    [24]    13
(relay)    16    19    13286.7    13    13269.22    2    1
(advertise)    9    13286.9    19    13
(relay)    8    15    13296.91    13    13296.03    4    1
(advertise)    9    13308.91    15    13
(relay)    10    11    13347.73    13    13345.37    4    1
(advertise)    9    13347.93    11    13
(relay)    2    0    13371.34    13    13365.53    6    1
(advertise)    9    13371.54    0    13
(relay)    16    23    13393.75    13    13368.42    2    1
(advertise)    9    13394.15    23    13
(relay)    10    20    13398.56    13    13385.97    2    1
(advertise)    9    13415.16    20    13
(relay)    8    29    13417.18    13    13359.04    2    1
(relay)    10    13    13434.78    13    13430.56    4    2
(advertise)    9    13436.78    29    13
(relay)    2    3    13447.59    13    13446.35    4    2
(relay)    2    2    13453.19    13    13453.12    6    3
(advertise)    9    13457.99    13    13
(advertise)    9    13479.2    3    13
(advertise)    9    13502.42    2    13
(relay)    2    6    13504.43    13    13465.98    4    1
(advertise)    9    13524.83    6    13
(relay)    8    43    13545.84    13    13542.31    2    1
(advertise)    9    13547.24    43    13
(relay)    8    22    13603.06    13    13600.18    2    1
(advertise)    9    13603.26    22    13
(relay)    2    5    13709.07    13    13704.6    4    1
(advertise)    9    13709.27    5    13
(relay)    8    7    13783.28    13    13781.48    6    1
(advertise)    9    13783.48    7    13
(relay)    8    14    13805.09    13    13787.98    4    1
(advertise)    9    13805.49    14    13
(relay)    8    28    13843.51    13    13839.43    2    1
(advertise)    9    13843.71    28    13
(relay)    8    21    13870.12    13    13842.54    2    1
(advertise)    9    13870.32    21    13
(relay)    16    16    13899.73    13    13899.7    4    1
(advertise)    9    13899.93    16    13
(relay)    2    1    13943.55    13    13942.46    6    1
(advertise)    9    13943.75    1    13
(relay)    16    37    13966.76    13    13918.25    2    1
(advertise)    9    13967.16    37    13
(relay)    10    10    13981.17    13    13980.23    4    1
(advertise)    9    13988.77    10    13
(relay)    8    4    14040.19    14    14036.8    2    1
(advertise)    9    14040.39    4    14
(relay)    10    17    14129.4    14    14127.81    2    1
(advertise)    9    14129.6    17    14
(relay)    10    12    14179.61    14    14161.33    2    1
(advertise)    9    14179.81    12    14
(relay)    8    8    14218.02    14    14217.4    6    1
(advertise)    9    14218.22    8    14
(generate)    9    14260.24    [24]    14
(relay)    16    19    14284.65    14    14269.24    2    1
(advertise)    9    14284.85    19    14
(relay)    8    15    14297.06    14    14296.21    4    1
(advertise)    9    14306.26    15    14
(relay)    10    11    14346.08    14    14345.55    4    1
(advertise)    9    14346.48    11    14
(relay)    16    23    14369.49    14    14368.46    2    1
(advertise)    9    14370.69    23    14
(relay)    2    0    14372.7    14    14365.7    6    1
(advertise)    9    14392.1    0    14
(relay)    16    36    14415.32    14    14346.41    2    1
(advertise)    9    14415.52    36    14
(relay)    10    13    14435.13    14    14430.66    4    1
(relay)    16    29    14436.93    14    14359.04    2    2
(advertise)    9    14437.53    13    14
(relay)    2    2    14453.14    14    14453.14    6    2
(relay)    10    3    14455.54    14    14446.41    4    3
(advertise)    9    14461.54    29    14
(relay)    10    6    14481.55    14    14466.17    4    3
(advertise)    9    14484.55    2    14
(advertise)    9    14506.37    3    14
(advertise)    9    14529.78    6    14
(relay)    16    43    14549.39    14    14542.41    2    1
(advertise)    9    14552.99    43    14
(relay)    8    22    14603.01    14    14600.24    2    1
(advertise)    9    14603.21    22    14
(relay)    16    35    14665.22    14    14661.37    2    1
(advertise)    9    14665.42    35    14
(relay)    10    5    14706.63    14    14704.68    4    1
(advertise)    9    14706.83    5    14
(relay)    16    44    14739.05    14    14726.52    2    1
(advertise)    9    14739.25    44    14
(relay)    8    7    14783.26    14    14781.55    6    1
(advertise)    9    14783.46    7    14
(relay)    8    42    14805.87    14    14750.37    2    1
(advertise)    9    14806.87    42    14
(relay)    2    14    14809.48    14    14788.0    2    1
(advertise)    9    14829.08    14    14
(relay)    8    21    14850.9    14    14842.61    2    1
(advertise)    9    14851.1    21    14
(relay)    16    28    14873.51    14    14839.43    2    1
(advertise)    9    14873.71    28    14
(relay)    16    16    14899.92    14    14899.87    4    1
(advertise)    9    14900.12    16    14
(relay)    10    18    14923.34    14    14900.3    2    1
(advertise)    9    14924.94    18    14
(relay)    2    1    14943.75    14    14942.55    6    1
(advertise)    9    14946.15    1    14
(relay)    10    10    14980.36    14    14980.26    4    1
(advertise)    9    14980.56    10    14
(relay)    2    4    15039.58    15    15036.81    4    1
(advertise)    9    15039.78    4    15
(relay)    16    17    15129.79    15    15127.91    2    1
(advertise)    9    15129.99    17    15
(relay)    10    12    15163.8    15    15161.41    2    1
(advertise)    9    15164.0    12    15
(relay)    8    8    15218.41    15    15217.43    6    1
(advertise)    9    15218.61    8    15
(generate)    9    15260.43    [24]    15
(relay)    10    19    15284.24    15    15269.26    2    1
(advertise)    9    15284.44    19    15
(relay)    16    15    15297.25    15    15296.39    4    1
(advertise)    9    15306.05    15    15
(relay)    10    11    15345.87    15    15345.55    4    1
(advertise)    9    15346.07    11    15
(relay)    2    0    15371.08    15    15365.86    6    1
(advertise)    9    15371.28    0    15
(relay)    10    20    15400.49    15    15385.99    2    1
(advertise)    9    15400.69    20    15
(relay)    16    29    15415.71    15    15359.22    2    1
(advertise)    9    15422.91    29    15
(relay)    10    13    15433.72    15    15430.74    4    1
(advertise)    9    15445.32    13    15
(relay)    2    2    15453.33    15    15453.15    6    1
(relay)    10    3    15456.53    15    15446.48    4    2
(advertise)    9    15467.53    2    15
(advertise)    9    15490.34    3    15
(relay)    16    43    15544.16    15    15542.5    2    1
(advertise)    9    15544.36    43    15
(relay)    8    22    15603.77    15    15600.3    2    1
(advertise)    9    15603.97    22    15
(relay)    8    35    15665.98    15    15661.44    2    1
(advertise)    9    15666.18    35    15
(relay)    10    5    15707.8    15    15704.76    4    1
(advertise)    9    15708.0    5    15
(relay)    8    42    15759.01    15    15750.53    2    1
(advertise)    9    15759.21    42    15
(relay)    16    30    15764.62    15    15739.69    2    1
(advertise)    9    15781.62    30    15
(relay)    2    7    15786.44    15    15781.66    4    1
(advertise)    9    15802.64    7    15
(relay)    8    14    15826.85    15    15788.05    4    1
(advertise)    9    15827.05    14    15
(relay)    8    21    15851.26    15    15842.69    2    1
(advertise)    9    15852.06    21    15
(relay)    8    28    15873.67    15    15839.44    2    1
(advertise)    9    15874.07    28    15
(relay)    16    16    15900.09    15    15899.94    4    1
(advertise)    9    15900.29    16    15
(relay)    16    37    15921.9    15    15918.61    2    1
(advertise)    9    15923.7    37    15
(relay)    10    1    15946.71    15    15942.6    4    1
(advertise)    9    15947.11    1    15
(relay)    10    18    15967.73    15    15900.46    2    1
(advertise)    9    15968.13    18    15
(relay)    10    10    15980.34    15    15980.32    4    1
(advertise)    9    15990.94    10    15
(relay)    2    4    16039.95    16    16037.02    4    1
(advertise)    9    16040.15    4    16
(relay)    16    17    16129.77    16    16128.0    2    1
(advertise)    9    16129.97    17    16
(relay)    2    12    16180.18    16    16161.48    2    1
(advertise)    9    16180.38    12    16
(relay)    8    8    16218.39    16    16217.47    6    1
(advertise)    9    16218.59    8    16
(generate)    9    16260.6    [24]    16
(relay)    16    19    16285.42    16    16269.45    2    1
(advertise)    9    16285.62    19    16
(relay)    8    15    16298.23    16    16296.58    4    1
(advertise)    9    16308.43    15    16
(relay)    10    11    16345.84    16    16345.57    4    1
(advertise)    9    16346.04    11    16
(relay)    8    0    16368.26    16    16366.03    6    1
(advertise)    9    16368.46    0    16
(relay)    8    29    16393.47    16    16359.39    2    1
(advertise)    9    16394.07    29    16
(relay)    10    20    16398.28    16    16386.18    2    1
(advertise)    9    16416.28    20    16
(relay)    10    13    16432.3    16    16430.83    2    1
(advertise)    9    16437.3    13    16
(heartbeat)    24    4    16430.24    9    16442.31    3    3
(relay)    2    2    16453.71    16    16453.15    6    2
(relay)    2    3    16455.11    16    16446.54    4    3
(advertise)    9    16458.31    24    4
(advertise)    9    16481.52    2    16
(advertise)    9    16503.73    3    16
(relay)    10    6    16528.95    16    16466.54    2    1
(advertise)    9    16529.15    6    16
(relay)    8    43    16551.96    16    16542.6    2    1
(advertise)    9    16553.56    43    16
(relay)    10    5    16705.97    16    16704.83    4    1
(advertise)    9    16706.17    5    16
(relay)    8    7    16783.39    16    16781.75    6    1
(advertise)    9    16783.59    7    16
(relay)    8    14    16806.0    16    16788.1    4    1
(advertise)    9    16806.2    14    16
(relay)    8    21    16846.81    16    16842.77    2    1
(advertise)    9    16847.01    21    16
(relay)    8    28    16869.63    16    16839.46    2    1
(advertise)    9    16870.03    28    16
(relay)    16    16    16900.64    16    16900.09    4    1
(advertise)    9    16900.84    16    16
(relay)    16    37    16946.45    16    16918.62    2    1
(advertise)    9    16946.65    37    16
(relay)    10    1    16948.46    16    16942.69    4    1
(advertise)    9    16969.66    1    16
(relay)    10    10    16980.48    16    16980.4    4    1
(advertise)    9    16992.68    10    16
(relay)    10    4    17040.29    17    17037.02    4    1
(advertise)    9    17040.49    4    17
(relay)    16    17    17129.7    17    17128.09    2    1
(advertise)    9    17129.9    17    17
(relay)    2    12    17183.52    17    17161.56    2    1
(advertise)    9    17183.72    12    17
(relay)    8    8    17218.53    17    17217.53    6    1
(advertise)    9    17218.73    8    17
(generate)    9    17260.74    [24]    17
(relay)    10    19    17286.56    17    17269.49    2    1
(advertise)    9    17286.76    19    17
(relay)    8    15    17298.57    17    17296.76    4    1
(advertise)    9    17308.77    15    17
(relay)    10    11    17345.98    17    17345.6    4    1
(advertise)    9    17346.18    11    17
(relay)    2    0    17368.19    17    17366.04    6    1
(advertise)    9    17369.19    0    17
(relay)    16    23    17370.41    17    17368.69    2    1
(advertise)    9    17390.61    23    17
(relay)    10    20    17397.02    17    17386.22    2    1
(advertise)    9    17414.02    20    17
(relay)    10    13    17432.83    17    17430.94    4    1
(advertise)    9    17436.03    13    17
(relay)    2    2    17453.65    17    17453.17    6    1
(relay)    10    3    17455.45    17    17446.62    4    2
(advertise)    9    17459.25    2    17
(advertise)    9    17481.66    3    17
(relay)    10    6    17500.67    17    17466.55    4    1
(advertise)    9    17505.27    6    17
(relay)    16    43    17546.09    17    17542.7    2    1
(advertise)    9    17546.29    43    17
(relay)    8    22    17601.9    17    17600.47    2    1
(advertise)    9    17602.1    22    17
(relay)    8    35    17668.51    17    17661.62    2    1
(advertise)    9    17668.71    35    17
(relay)    8    5    17706.32    17    17704.93    2    1
(advertise)    9    17706.52    5    17
(relay)    16    42    17758.94    17    17750.89    2    1
(advertise)    9    17759.14    42    17
(relay)    16    30    17779.15    17    17740.05    2    1
(advertise)    9    17781.35    30    17
(relay)    8    7    17783.36    17    17781.85    6    1
(relay)    8    14    17804.96    17    17788.12    4    2
(advertise)    9    17806.16    7    17
(advertise)    9    17827.18    14    17
(relay)    8    28    17846.39    17    17839.48    2    1
(advertise)    9    17849.19    28    17
(relay)    16    16    17900.8    17    17900.23    4    1
(advertise)    9    17901.0    16    17
(relay)    10    18    17926.82    17    17901.99    2    1
(advertise)    9    17927.42    18    17
(relay)    2    1    17944.83    17    17942.74    6    1
(advertise)    9    17949.43    1    17
(relay)    16    37    17973.24    17    17918.62    2    1
(advertise)    9    17973.84    37    17
(relay)    10    10    17981.05    17    17980.46    4    1
(advertise)    9    17997.25    10    17
(relay)    8    4    18041.07    18    18037.03    2    1
(advertise)    9    18041.27    4    18
(relay)    2    12    18164.28    18    18161.61    2    1
(advertise)    9    18164.48    12    18
(relay)    2    8    18220.09    18    18217.57    4    1
(advertise)    9    18220.29    8    18
(generate)    9    18260.91    [24]    18
(relay)    16    19    18287.12    18    18269.65    2    1
(advertise)    9    18287.32    19    18
(relay)    8    15    18299.13    18    18296.92    4    1
(advertise)    9    18309.33    15    18
(relay)    10    11    18347.15    18    18345.77    4    1
(advertise)    9    18347.35    11    18
(relay)    2    0    18370.76    18    18366.24    6    1
(advertise)    9    18370.96    0    18
(relay)    10    20    18399.37    18    18386.23    2    1
(advertise)    9    18399.77    20    18
(relay)    16    36    18414.78    18    18346.69    2    1
(advertise)    9    18422.38    36    18
(relay)    10    13    18433.0    18    18430.99    4    1
(relay)    16    29    18439.4    18    18360.57    2    2
(advertise)    9    18443.4    13    18
(relay)    2    2    18453.81    18    18453.2    6    2
(relay)    10    3    18454.01    18    18446.7    4    3
(advertise)    9    18465.41    29    18
(advertise)    9    18487.82    2    18
(relay)    2    6    18501.44    18    18466.72    4    2
(advertise)    9    18509.04    3    18
(advertise)    9    18530.05    6    18
(relay)    16    43    18551.26    18    18542.96    2    1
(advertise)    9    18551.66    43    18
(relay)    8    22    18601.28    18    18600.52    2    1
(advertise)    9    18601.48    22    18
(relay)    8    5    18707.49    18    18704.98    2    1
(advertise)    9    18707.69    5    18
(relay)    8    42    18759.3    18    18750.89    2    1
(advertise)    9    18759.5    42    18
(relay)    16    30    18782.31    18    18740.21    2    1
(relay)    8    7    18782.51    18    18781.92    6    2
(advertise)    9    18783.91    30    18
(relay)    8    14    18804.73    18    18788.13    4    2
(advertise)    9    18806.93    7    18
(advertise)    9    18829.14    14    18
(relay)    8    21    18848.15    18    18843.49    2    1
(advertise)    9    18851.95    21    18
(relay)    8    28    18871.37    18    18839.52    2    1
(advertise)    9    18874.77    28    18
(relay)    16    16    18900.98    18    18900.38    4    1
(advertise)    9    18901.18    16    18
(relay)    10    18    18935.79    18    18902.14    2    1
(advertise)    9    18935.99    18    18
(relay)    8    1    18944.01    18    18942.8    6    1
(advertise)    9    18958.01    1    18
(relay)    16    37    18966.42    18    18918.77    2    1
(advertise)    9    18979.02    37    18
(relay)    10    10    18981.03    18    18980.52    4    1
(advertise)    9    19001.43    10    18
(relay)    10    4    19037.84    19    19037.04    4    1
(advertise)    9    19038.04    4    19
(relay)    10    17    19128.66    19    19128.26    2    1
(advertise)    9    19128.86    17    19
(relay)    8    8    19217.67    19    19217.61    6    1
(advertise)    9    19217.87    8    19
(generate)    9    19261.08    [24]    19
(relay)    16    19    19288.3    19    19269.67    2    1
(advertise)    9    19288.5    19    19
(relay)    2    15    19300.91    19    19297.11    2    1
(advertise)    9    19311.11    15    19
(relay)    10    11    19347.32    19    19345.96    4    1
(advertise)    9    19347.52    11    19
(relay)    16    23    19371.94    19    19368.9    2    1
(advertise)    9    19372.14    23    19
(relay)    8    0    19373.55    19    19366.41    6    1
(advertise)    9    19393.35    0    19
(relay)    16    20    19415.36    19    19386.42    2    1
(advertise)    9    19415.56    20    19
(relay)    10    13    19433.37    19    19431.05    4    1
(advertise)    9    19436.77    13    19
(relay)    16    29    19439.39    19    19360.74    2    1
(relay)    2    2    19454.19    19    19453.22    6    2
(relay)    10    3    19455.99    19    19446.76    4    3
(advertise)    9    19458.99    29    19
(advertise)    9    19480.2    2    19
(relay)    2    6    19482.01    19    19466.91    4    2
(advertise)    9    19502.21    3    19
(advertise)    9    19523.43    6    19
(relay)    16    43    19567.84    19    19543.05    2    1
(advertise)    9    19568.04    43    19
(relay)    16    22    19601.85    19    19600.58    2    1
(advertise)    9    19602.05    22    19
(relay)    16    35    19665.27    19    19661.8    2    1
(advertise)    9    19665.47    35    19
(relay)    10    5    19707.68    19    19705.02    4    1
(advertise)    9    19707.88    5    19
(relay)    16    42    19758.09    19    19751.08    2    1
(advertise)    9    19758.29    42    19
(relay)    16    30    19781.1    19    19740.32    2    1
(advertise)    9    19781.3    30    19
(relay)    8    7    19783.12    19    19781.98    6    1
(advertise)    9    19803.92    7    19
(relay)    8    14    19807.53    19    19788.13    4    1
(advertise)    9    19824.93    14    19
(relay)    8    21    19845.54    19    19843.57    2    1
(advertise)    9    19846.94    21    19
(relay)    8    28    19869.36    19    19839.54    2    1
(advertise)    9    19869.96    28    19
(relay)    16    16    19901.57    19    19900.55    4    1
(advertise)    9    19901.77    16    19
(relay)    16    18    19923.98    19    19902.25    2    1
(advertise)    9    19924.18    18    19
(relay)    2    1    19944.6    19    19943.09    6    1
(advertise)    9    19945.2    1    19
(relay)    10    10    19981.01    19    19980.55    4    1
(advertise)    9    19981.21    10    19
(relay)    8    4    20038.62    20    20037.22    2    1
(advertise)    9    20038.82    4    20
(relay)    10    17    20128.63    20    20128.36    2    1
(advertise)    9    20128.83    17    20
(relay)    10    12    20179.05    20    20161.67    4    1
(advertise)    9    20179.25    12    20
(relay)    8    8    20217.86    20    20217.67    6    1
(advertise)    9    20218.06    8    20
(generate)    9    20261.27    [24]    20
(relay)    10    19    20288.69    20    20269.86    2    1
(advertise)    9    20288.89    19    20
(relay)    8    15    20298.3    20    20297.13    4    1
(advertise)    9    20310.9    15    20
(relay)    10    11    20347.11    20    20345.97    4    1
(advertise)    9    20347.31    11    20
(relay)    16    23    20371.53    20    20369.0    2    1
(advertise)    9    20371.93    23    20
(relay)    10    0    20375.54    20    20366.6    4    1
(relay)    16    36    20391.94    20    20346.86    2    2
(advertise)    9    20394.14    0    20
(advertise)    9    20415.15    36    20
(relay)    8    29    20416.96    20    20360.93    2    1
(relay)    10    13    20433.36    20    20431.12    4    2
(advertise)    9    20436.76    29    20
(relay)    2    3    20448.58    20    20446.82    4    2
(heartbeat)    24    5    20430.25    9    20449.38    3    3
(relay)    2    2    20454.18    20    20453.22    6    4
(advertise)    9    20459.58    13    20
(advertise)    9    20481.39    3    20
(advertise)    9    20503.8    24    5
(relay)    2    6    20524.02    20    20467.11    4    2
(advertise)    9    20525.42    2    20
(advertise)    9    20548.83    6    20
(relay)    16    43    20571.44    20    20543.13    2    1
(advertise)    9    20572.24    43    20
(relay)    16    22    20601.86    20    20600.65    2    1
(advertise)    9    20602.06    22    20
(relay)    10    5    20707.27    20    20705.13    4    1
(advertise)    9    20707.47    5    20
(relay)    16    30    20743.08    20    20740.63    2    1
(advertise)    9    20743.28    30    20
(relay)    8    42    20756.29    20    20751.24    2    1
(advertise)    9    20767.89    42    20
(relay)    8    7    20782.91    20    20782.12    6    1
(advertise)    9    20791.71    7    20
(relay)    8    14    20804.52    20    20788.17    4    1
(advertise)    9    20814.52    14    20
(relay)    8    28    20842.93    20    20839.73    2    1
(advertise)    9    20843.13    28    20
(relay)    8    21    20865.55    20    20843.61    2    1
(advertise)    9    20866.15    21    20
(relay)    16    16    20901.76    20    20900.68    4    1
(advertise)    9    20901.96    16    20
(relay)    16    37    20926.37    20    20919.1    2    1
(advertise)    9    20926.57    37    20
(relay)    16    18    20949.19    20    20902.4    2    1
(advertise)    9    20950.19    18    20
(relay)    16    1    20971.0    20    20943.17    4    1
(advertise)    9    20972.4    1    20
(relay)    10    10    20981.21    20    20980.6    4    1
(advertise)    9    20995.41    10    20
(relay)    10    4    21037.82    21    21037.23    4    1
(advertise)    9    21038.02    4    21
(relay)    10    12    21184.04    21    21161.74    2    1
(advertise)    9    21184.24    12    21
(relay)    8    8    21217.85    21    21217.74    6    1
(advertise)    9    21218.05    8    21
(generate)    9    21261.46    [24]    21
(relay)    10    19    21288.68    21    21269.86    2    1
(advertise)    9    21288.88    19    21
(relay)    8    15    21298.69    21    21297.32    4    1
(advertise)    9    21309.89    15    21
(relay)    10    11    21348.1    21    21345.97    4    1
(advertise)    9    21348.3    11    21
(relay)    2    0    21371.72    21    21366.78    6    1
(advertise)    9    21373.12    0    21
(relay)    16    36    21392.73    21    21346.92    2    1
(advertise)    9    21394.33    36    21
(relay)    10    13    21434.94    21    21431.21    4    1
(advertise)    9    21435.14    13    21
(relay)    16    29    21441.15    21    21361.03    2    1
(relay)    2    2    21454.15    21    21453.25    6    2
(advertise)    9    21456.35    29    21
(relay)    2    3    21458.77    21    21446.9    4    2
(advertise)    9    21478.57    2    21
(relay)    2    6    21480.78    21    21467.12    4    2
(advertise)    9    21500.78    3    21
(advertise)    9    21523.99    6    21
(relay)    16    43    21553.81    21    21543.18    2    1
(advertise)    9    21554.01    43    21
(relay)    16    22    21602.22    21    21600.71    2    1
(advertise)    9    21602.42    22    21
(relay)    8    35    21663.63    21    21661.96    2    1
(advertise)    9    21663.83    35    21
(relay)    2    5    21708.85    21    21705.23    4    1
(advertise)    9    21709.05    5    21
(relay)    16    30    21743.26    21    21740.76    2    1
(advertise)    9    21743.46    30    21
(relay)    16    42    21776.87    21    21751.4    2    1
(advertise)    9    21777.07    42    21
(relay)    8    7    21783.48    21    21782.22    6    1
(advertise)    9    21798.08    7    21
(relay)    8    14    21804.9    21    21788.36    4    1
(advertise)    9    21819.7    14    21
(relay)    8    28    21843.51    21    21839.74    2    1
(advertise)    9    21843.71    28    21
(relay)    16    21    21869.52    21    21843.69    2    1
(advertise)    9    21869.92    21    21
(relay)    16    16    21901.94    21    21900.83    4    1
(advertise)    9    21902.14    16    21
(relay)    16    37    21934.75    21    21919.1    2    1
(advertise)    9    21934.95    37    21
(relay)    10    18    21936.36    21    21902.54    2    1
(advertise)    9    21957.16    18    21
(relay)    16    1    21959.38    21    21943.26    4    1
(advertise)    9    21979.38    1    21
(relay)    10    10    21981.59    21    21980.64    4    1
(advertise)    9    22000.59    10    21
(relay)    10    4    22038.8    22    22037.25    4    1
(advertise)    9    22039.0    4    22
(relay)    16    17    22129.41    22    22128.57    2    1
(advertise)    9    22129.61    17    22
(relay)    2    12    22181.83    22    22161.79    2    1
(advertise)    9    22182.23    12    22
(relay)    8    8    22218.44    22    22217.8    6    1
(advertise)    9    22218.64    8    22
(generate)    9    22261.65    [24]    22
(relay)    8    15    22297.87    22    22297.51    4    1
(advertise)    9    22298.07    15    22
(relay)    10    11    22348.28    22    22346.15    4    1
(advertise)    9    22348.48    11    22
(relay)    16    23    22371.49    22    22369.09    2    1
(advertise)    9    22372.09    23    22
(relay)    8    0    22374.11    22    22366.95    6    1
(relay)    10    20    22388.91    22    22386.68    2    2
(advertise)    9    22393.91    0    22
(relay)    16    29    22416.72    22    22361.2    2    2
(advertise)    9    22417.12    20    22
(relay)    10    13    22438.13    22    22431.29    2    2
(advertise)    9    22439.13    29    22
(relay)    2    2    22453.34    22    22453.27    6    2
(relay)    10    3    22460.14    22    22446.98    4    3
(advertise)    9    22460.74    13    22
(relay)    10    6    22482.96    22    22467.29    4    3
(advertise)    9    22483.96    2    22
(advertise)    9    22505.97    3    22
(advertise)    9    22527.78    6    22
(relay)    8    22    22603.2    22    22600.77    2    1
(advertise)    9    22603.4    22    22
(relay)    10    5    22709.61    22    22705.29    4    1
(advertise)    9    22709.81    5    22
(relay)    16    44    22742.02    22    22726.67    2    1
(advertise)    9    22742.22    44    22
(relay)    8    42    22756.24    22    22751.58    2    1
(advertise)    9    22765.44    42    22
(relay)    8    7    22784.05    22    22782.26    6    1
(advertise)    9    22787.65    7    22
(relay)    8    14    22805.26    22    22788.37    4    1
(advertise)    9    22810.06    14    22
(relay)    8    21    22845.07    22    22843.72    2    1
(advertise)    9    22845.27    21    22
(relay)    8    28    22868.49    22    22839.94    2    1
(advertise)    9    22869.09    28    22
(relay)    16    16    22901.9    22    22900.93    4    1
(advertise)    9    22902.1    16    22
(relay)    10    18    22904.31    22    22902.65    2    1
(advertise)    9    22926.31    18    22
(relay)    8    1    22944.33    22    22943.35    6    1
(advertise)    9    22948.73    1    22
(relay)    16    37    22971.74    22    22919.28    2    1
(advertise)    9    22972.14    37    22
(relay)    10    10    22981.75    22    22980.69    4    1
(advertise)    9    22994.95    10    22
(relay)    10    4    23039.57    23    23037.27    4    1
(advertise)    9    23039.77    4    23
(relay)    16    17    23129.58    23    23128.65    2    1
(advertise)    9    23129.78    17    23
(relay)    10    12    23180.99    23    23161.83    2    1
(advertise)    9    23181.19    12    23
(relay)    8    8    23218.4    23    23217.83    6    1
(advertise)    9    23218.6    8    23
(generate)    9    23261.82    [24]    23
(relay)    10    19    23289.03    23    23270.2    2    1
(advertise)    9    23289.23    19    23
(relay)    8    15    23298.64    23    23297.68    4    1
(advertise)    9    23311.44    15    23
(relay)    10    11    23348.66    23    23346.32    4    1
(advertise)    9    23348.86    11    23
(relay)    2    0    23372.27    23    23367.13    6    1
(advertise)    9    23372.87    0    23
(relay)    16    29    23418.88    23    23361.38    2    1
(advertise)    9    23419.08    29    23
(relay)    10    13    23435.7    23    23431.39    4    1
(advertise)    9    23440.3    13    23
(relay)    2    2    23453.31    23    23453.29    6    1
(relay)    10    3    23455.91    23    23447.04    4    2
(advertise)    9    23462.51    2    23
(advertise)    9    23485.32    3    23
(relay)    8    6    23508.33    23    23467.46    2    1
(advertise)    9    23508.73    6    23
(relay)    8    43    23545.95    23    23543.35    2    1
(advertise)    9    23546.15    43    23
(relay)    16    22    23603.16    23    23600.79    2    1
(advertise)    9    23603.36    22    23
(relay)    16    35    23664.57    23    23662.1    2    1
(advertise)    9    23664.77    35    23
(relay)    10    5    23709.99    23    23705.42    4    1
(advertise)    9    23710.19    5    23
(relay)    16    44    23737.0    23    23726.69    2    1
(advertise)    9    23737.2    44    23
(relay)    8    42    23756.01    23    23751.75    2    1
(relay)    16    30    23759.41    23    23741.71    2    2
(advertise)    9    23760.21    42    23
(advertise)    9    23783.63    30    23
(relay)    16    7    23804.24    23    23782.34    2    1
(relay)    8    14    23804.44    23    23788.39    4    2
(advertise)    9    23805.64    7    23
(advertise)    9    23827.65    14    23
(relay)    8    28    23844.26    23    23839.96    2    1
(advertise)    9    23849.66    28    23
(relay)    8    21    23868.48    23    23843.81    2    1
(advertise)    9    23870.68    21    23
(relay)    16    16    23901.29    23    23901.11    4    1
(advertise)    9    23901.49    16    23
(relay)    16    18    23940.7    23    23902.79    2    1
(advertise)    9    23940.9    18    23
(relay)    8    1    23944.32    23    23943.42    6    1
(advertise)    9    23962.92    1    23
(relay)    10    10    23981.73    23    23980.7    4    1
(advertise)    9    23985.73    10    23
(relay)    10    4    24039.14    24    24037.45    4    1
(advertise)    9    24039.34    4    24
(relay)    16    17    24129.56    24    24128.75    2    1
(advertise)    9    24129.76    17    24
(relay)    10    12    24183.37    24    24161.91    2    1
(advertise)    9    24183.57    12    24
(relay)    8    8    24218.38    24    24217.91    6    1
(advertise)    9    24218.58    8    24
(generate)    9    24261.99    [24]    24
(relay)    16    19    24288.81    24    24270.39    2    1
(advertise)    9    24289.01    19    24
(relay)    8    15    24298.62    24    24297.86    4    1
(advertise)    9    24310.02    15    24
(relay)    10    11    24346.83    24    24346.5    4    1
(advertise)    9    24347.03    11    24
(relay)    16    23    24370.85    24    24369.27    2    1
(advertise)    9    24371.05    23    24
(relay)    10    0    24374.46    24    24367.14    4    1
(advertise)    9    24393.66    0    24
(relay)    10    20    24398.07    24    24386.71    2    1
(advertise)    9    24415.87    20    24
(heartbeat)    24    6    24430.27    9    24439.09    3    9
(advertise)    9    24439.89    24    6
(relay)    2    2    24453.5    24    24453.48    6    1
(relay)    10    3    24460.9    24    24447.08    4    2
(advertise)    9    24461.3    2    24
(advertise)    9    24482.91    3    24
(relay)    10    6    24507.32    24    24467.65    2    1
(advertise)    9    24507.52    6    24
(relay)    8    43    24545.54    24    24543.45    2    1
(advertise)    9    24545.74    43    24
(relay)    8    22    24603.75    24    24600.82    2    1
(advertise)    9    24603.95    22    24
(relay)    8    35    24666.36    24    24662.19    2    1
(advertise)    9    24666.56    35    24
(relay)    10    5    24707.58    24    24705.52    4    1
(advertise)    9    24707.78    5    24
(relay)    16    42    24782.19    24    24751.76    2    1
(advertise)    9    24782.39    42    24
(relay)    8    7    24787.0    24    24782.42    4    1
(advertise)    9    24805.0    7    24
(relay)    2    14    24808.82    24    24788.4    2    1
(advertise)    9    24826.22    14    24
(relay)    8    28    24843.03    24    24839.98    2    1
(advertise)    9    24847.23    28    24
(relay)    8    21    24867.64    24    24843.88    2    1
(advertise)    9    24869.04    21    24
(relay)    16    16    24901.25    24    24901.24    4    1
(advertise)    9    24901.45    16    24
(relay)    10    18    24925.47    24    24902.93    2    1
(advertise)    9    24926.07    18    24
(relay)    16    37    24939.68    24    24919.46    2    1
(relay)    2    1    24945.08    24    24943.49    6    2
(advertise)    9    24948.28    37    24
(advertise)    9    24973.49    1    24
(relay)    10    10    24980.91    24    24980.76    4    1
(advertise)    9    24994.71    10    24
(relay)    2    4    25040.32    25    25037.46    4    1
(advertise)    9    25040.52    4    25
(relay)    16    17    25130.53    25    25128.82    2    1
(advertise)    9    25130.73    17    25
(relay)    8    8    25218.95    25    25217.95    6    1
(advertise)    9    25219.15    8    25
(generate)    9    25262.16    [24]    25
(relay)    16    19    25288.17    25    25270.57    2    1
(advertise)    9    25288.37    19    25
(relay)    8    15    25299.38    25    25298.04    4    1
(advertise)    9    25310.38    15    25
(relay)    10    11    25347.2    25    25346.69    4    1
(advertise)    9    25347.4    11    25
(relay)    2    0    25370.81    25    25367.32    6    1
(advertise)    9    25371.41    0    25
(relay)    10    20    25398.82    25    25386.75    2    1
(advertise)    9    25399.02    20    25
(relay)    10    13    25434.64    25    25431.58    4    1
(advertise)    9    25434.84    13    25
(relay)    2    2    25453.65    25    25453.49    6    1
(advertise)    9    25456.05    2    25
(relay)    10    3    25458.26    25    25447.16    4    1
(advertise)    9    25477.86    3    25
(relay)    8    6    25507.48    25    25467.67    2    1
(advertise)    9    25507.68    6    25
(relay)    8    22    25604.29    25    25600.86    2    1
(advertise)    9    25604.49    22    25
(relay)    8    35    25667.5    25    25662.23    2    1
(advertise)    9    25667.7    35    25
(relay)    10    5    25706.71    25    25705.6    4    1
(advertise)    9    25706.91    5    25
(relay)    8    42    25758.13    25    25751.9    2    1
(advertise)    9    25758.33    42    25
(relay)    16    30    25780.54    25    25741.96    2    1
(advertise)    9    25781.94    30    25
(relay)    8    7    25784.95    25    25782.51    6    1
(advertise)    9    25803.95    7    25
(relay)    8    14    25805.97    25    25788.41    4    1
(advertise)    9    25825.57    14    25
(relay)    8    21    25847.18    25    25843.93    2    1
(advertise)    9    25848.18    21    25
(relay)    8    28    25871.79    25    25840.17    2    1
(advertise)    9    25872.19    28    25
(relay)    16    16    25901.41    25    25901.36    4    1
(advertise)    9    25901.61    16    25
(relay)    16    18    25941.42    25    25903.05    2    1
(advertise)    9    25941.62    18    25
(relay)    16    37    25965.63    25    25920.65    2    1
(relay)    10    1    25965.83    25    25943.58    4    2
(advertise)    9    25966.23    37    25
(relay)    10    10    25980.84    25    25980.82    4    2
(advertise)    9    25988.44    1    25
(advertise)    9    26010.66    10    25
(relay)    8    4    26042.87    26    26037.47    2    1
(advertise)    9    26043.07    4    26
(relay)    16    17    26130.68    26    26128.91    2    1
(advertise)    9    26130.88    17    26
(relay)    2    12    26182.9    26    26162.04    2    1
(advertise)    9    26183.1    12    26
(relay)    8    8    26219.11    26    26218.01    6    1
(advertise)    9    26219.31    8    26
(generate)    9    26262.32    [24]    26
(relay)    16    19    26289.94    26    26270.76    2    1
(advertise)    9    26290.14    19    26
(relay)    8    15    26299.95    26    26298.19    4    1
(advertise)    9    26312.55    15    26
(relay)    10    11    26347.16    26    26346.87    4    1
(advertise)    9    26347.36    11    26
(relay)    8    0    26370.17    26    26367.51    6    1
(advertise)    9    26370.57    0    26
(relay)    16    23    26394.19    26    26369.38    2    1
(advertise)    9    26394.79    23    26
(relay)    10    20    26399.8    26    26386.94    2    1
(advertise)    9    26416.0    20    26
(relay)    10    13    26433.41    26    26431.65    2    1
(advertise)    9    26439.01    13    26
(relay)    2    2    26454.03    26    26453.51    6    1
(relay)    10    3    26454.83    26    26447.22    4    2
(advertise)    9    26462.03    2    26
(advertise)    9    26483.04    3    26
(relay)    10    6    26503.45    26    26467.85    4    1
(advertise)    9    26504.05    6    26
(relay)    16    43    26546.47    26    26543.65    2    1
(advertise)    9    26546.67    43    26
(relay)    16    22    26602.88    26    26600.9    2    1
(advertise)    9    26603.08    22    26
(relay)    8    35    26669.09    26    26663.13    2    1
(advertise)    9    26669.29    35    26
(relay)    10    5    26706.9    26    26705.68    4    1
(advertise)    9    26707.1    5    26
(relay)    8    42    26758.92    26    26751.91    2    1
(advertise)    9    26759.12    42    26
(relay)    16    30    26780.93    26    26742.06    2    1
(advertise)    9    26781.13    30    26
(relay)    8    7    26784.14    26    26782.54    6    1
(advertise)    9    26802.94    7    26
(relay)    8    14    26805.96    26    26788.59    4    1
(advertise)    9    26824.16    14    26
(relay)    8    21    26848.17    26    26843.97    2    1
(advertise)    9    26848.57    21    26
(relay)    16    28    26891.38    26    26840.19    2    1
(advertise)    9    26891.58    28    26
(relay)    16    16    26902.0    26    26901.5    4    1
(relay)    10    18    26905.0    26    26903.19    2    2
(advertise)    9    26912.6    16    26
(advertise)    9    26935.01    18    26
(relay)    8    1    26945.42    26    26943.64    6    1
(advertise)    9    26957.02    1    26
(relay)    10    10    26981.03    26    26980.87    4    1
(advertise)    9    26981.23    10    26
(relay)    16    37    26982.45    26    26921.21    2    1
(advertise)    9    27002.25    37    26
(relay)    10    4    27040.46    27    27037.49    4    1
(advertise)    9    27040.66    4    27
(relay)    16    17    27130.67    27    27128.98    2    1
(advertise)    9    27130.87    17    27
(relay)    8    8    27219.09    27    27218.05    6    1
(advertise)    9    27219.29    8    27
(generate)    9    27262.5    [24]    27
(relay)    10    19    27286.91    27    27270.91    2    1
(advertise)    9    27287.11    19    27
(relay)    8    15    27300.13    27    27298.3    4    1
(advertise)    9    27309.13    15    27
(relay)    10    11    27347.54    27    27347.01    4    1
(advertise)    9    27347.74    11    27
(relay)    8    0    27369.75    27    27367.66    6    1
(advertise)    9    27370.15    0    27
(relay)    16    23    27371.36    27    27369.47    2    1
(advertise)    9    27391.36    23    27
(relay)    10    20    27399.18    27    27386.95    2    1
(advertise)    9    27412.58    20    27
(relay)    2    13    27433.39    27    27431.72    2    1
(advertise)    9    27435.19    13    27
(relay)    2    2    27454.0    27    27453.53    6    1
(advertise)    9    27456.4    2    27
(relay)    10    3    27457.62    27    27447.28    4    1
(advertise)    9    27478.62    3    27
(relay)    10    6    27501.43    27    27468.02    4    1
(advertise)    9    27503.23    6    27
(relay)    16    43    27547.24    27    27543.74    2    1
(advertise)    9    27547.44    43    27
(relay)    8    22    27602.46    27    27600.95    2    1
(advertise)    9    27602.66    22    27
(relay)    8    35    27670.27    27    27663.22    2    1
(advertise)    9    27670.47    35    27
(relay)    2    5    27707.08    27    27705.75    4    1
(advertise)    9    27707.28    5    27
(relay)    8    42    27761.89    27    27752.09    2    1
(advertise)    9    27762.09    42    27
(relay)    16    30    27766.11    27    27742.85    2    1
(advertise)    9    27784.51    30    27
(relay)    2    7    27785.92    27    27782.6    4    1
(advertise)    9    27806.72    7    27
(relay)    2    14    27809.33    27    27788.77    2    1
(advertise)    9    27827.73    14    27
(relay)    8    21    27848.55    27    27844.02    2    1
(advertise)    9    27849.75    21    27
(relay)    8    28    27870.96    27    27840.22    2    1
(advertise)    9    27871.36    28    27
(relay)    16    16    27902.17    27    27901.58    4    1
(advertise)    9    27902.37    16    27
(relay)    16    18    27939.99    27    27903.33    2    1
(advertise)    9    27940.19    18    27
(relay)    8    1    27945.8    27    27943.72    6    1
(relay)    16    37    27961.2    27    27921.36    2    2
(advertise)    9    27962.4    1    27
(relay)    10    10    27981.41    27    27980.9    4    2
(advertise)    9    27984.61    37    27
(advertise)    9    28007.62    10    27
(relay)    2    4    28039.24    28    28037.5    4    1
(advertise)    9    28039.64    4    28
(relay)    10    17    28129.45    28    28129.03    2    1
(advertise)    9    28129.65    17    28
(relay)    10    12    28182.26    28    28162.09    2    1
(advertise)    9    28182.46    12    28
(relay)    8    8    28219.08    28    28218.09    6    1
(advertise)    9    28219.28    8    28
(generate)    9    28262.69    [24]    28
(relay)    10    19    28289.1    28    28270.93    2    1
(advertise)    9    28289.3    19    28
(relay)    8    15    28300.72    28    28298.44    4    1
(advertise)    9    28312.12    15    28
(relay)    10    11    28348.53    28    28347.2    4    1
(advertise)    9    28348.73    11    28
(relay)    2    0    28371.94    28    28367.84    6    1
(advertise)    9    28372.14    0    28
(relay)    16    36    28395.35    28    28347.3    2    1
(advertise)    9    28396.75    36    28
(relay)    10    20    28401.17    28    28386.96    2    1
(advertise)    9    28418.77    20    28
(relay)    10    13    28433.78    28    28431.81    4    1
(relay)    16    29    28439.18    28    28361.76    2    2
(advertise)    9    28439.98    13    28
(relay)    2    2    28454.19    28    28453.55    6    2
(relay)    2    3    28455.99    28    28447.32    4    3
(heartbeat)    24    7    28430.28    9    28462.19    3    9
(advertise)    9    28463.39    29    28
(advertise)    9    28484.41    2    28
(relay)    2    6    28503.82    28    28468.22    2    3
(advertise)    9    28507.22    3    28
(advertise)    9    28530.03    24    7
(relay)    8    43    28548.05    28    28543.84    2    2
(advertise)    9    28553.25    6    28
(advertise)    9    28574.46    43    28
(relay)    8    22    28601.67    28    28601.01    2    1
(advertise)    9    28601.87    22    28
(relay)    8    35    28669.88    28    28663.32    2    1
(advertise)    9    28670.08    35    28
(relay)    10    5    28707.7    28    28705.85    4    1
(advertise)    9    28707.9    5    28
(relay)    8    7    28783.11    28    28782.66    6    1
(advertise)    9    28783.31    7    28
(relay)    8    14    28805.12    28    28788.78    4    1
(advertise)    9    28805.32    14    28
(relay)    16    30    28809.54    28    28743.0    2    1
(advertise)    9    28827.94    30    28
(relay)    8    21    28848.75    28    28844.09    2    1
(advertise)    9    28850.75    21    28
(relay)    16    42    28854.16    28    28752.27    2    1
(relay)    8    28    28869.76    28    28840.25    2    2
(advertise)    9    28875.16    42    28
(advertise)    9    28896.58    28    28
(relay)    16    16    28902.39    28    28901.76    4    1
(relay)    10    18    28904.99    28    28903.49    2    2
(advertise)    9    28918.59    16    28
(advertise)    9    28939.6    18    28
(relay)    8    1    28945.01    28    28943.8    6    1
(advertise)    9    28961.81    1    28
(relay)    16    37    28968.43    28    28921.53    2    1
(relay)    10    10    28981.43    28    28980.97    4    2
(advertise)    9    28984.43    37    28
(advertise)    9    29007.84    10    28
(relay)    10    4    29038.25    29    29037.53    4    1
(advertise)    9    29038.45    4    29
(relay)    10    17    29129.47    29    29129.15    2    1
(advertise)    9    29129.67    17    29
(relay)    2    12    29185.08    29    29162.19    2    1
(advertise)    9    29185.28    12    29
(relay)    8    8    29218.29    29    29218.14    6    1
(advertise)    9    29218.49    8    29
(generate)    9    29262.71    [24]    29
(relay)    10    19    29290.52    29    29270.94    2    1
(advertise)    9    29290.72    19    29
(relay)    8    15    29300.73    29    29298.61    4    1
(advertise)    9    29312.33    15    29
(relay)    10    11    29348.54    29    29347.24    4    1
(advertise)    9    29348.74    11    29
(relay)    16    23    29372.36    29    29369.64    2    1
(advertise)    9    29372.76    23    29
(relay)    10    0    29374.37    29    29368.01    4    1
(relay)    16    36    29393.17    29    29347.4    2    2
(advertise)    9    29394.57    0    29
(relay)    10    20    29400.58    29    29386.99    2    2
(advertise)    9    29416.78    36    29
(relay)    10    13    29434.4    29    29431.9    4    2
(advertise)    9    29438.2    20    29
(relay)    16    29    29439.41    29    29361.95    2    2
(relay)    2    2    29454.61    29    29453.57    6    3
(relay)    10    3    29457.21    29    29447.4    4    4
(advertise)    9    29460.21    13    29
(advertise)    9    29482.22    29    29
(relay)    10    6    29500.24    29    29468.23    4    3
(advertise)    9    29503.24    2    29
(advertise)    9    29526.85    3    29
(advertise)    9    29548.66    6    29
(relay)    16    43    29553.27    29    29543.93    2    1
(advertise)    9    29570.87    43    29
(relay)    8    22    29601.69    29    29601.05    2    1
(advertise)    9    29601.89    22    29
(relay)    8    35    29666.7    29    29663.39    2    1
(advertise)    9    29666.9    35    29
(relay)    16    5    29709.11    29    29705.95    2    1
(advertise)    9    29709.31    5    29
(relay)    16    42    29758.33    29    29752.42    2    1
(advertise)    9    29758.53    42    29
(relay)    16    30    29781.34    29    29743.15    2    1
(advertise)    9    29781.74    30    29
(relay)    8    7    29784.35    29    29782.75    6    1
(advertise)    9    29803.35    7    29
(relay)    8    14    29806.97    29    29788.81    4    1
(advertise)    9    29825.57    14    29
(relay)    8    28    29844.78    29    29840.27    2    1
(advertise)    9    29846.58    28    29
(relay)    16    21    29868.19    29    29844.18    2    1
(advertise)    9    29869.59    21    29
(relay)    16    16    29902.4    29    29901.91    4    1
(advertise)    9    29902.6    16    29
(relay)    10    18    29927.02    29    29903.67    2    1
(advertise)    9    29927.22    18    29
(relay)    2    1    29944.43    29    29943.87    6    1
(advertise)    9    29948.23    1    29
(relay)    10    10    29981.64    29    29981.03    4    1
(advertise)    9    29981.84    10    29
