(relay)    32    33    30.4    1    7    126    1
(advertise)    0    34.4    33    1
(relay)    23    47    67.21    1    15    118    1
(advertise)    0    67.41    47    1
(relay)    33    33    1007.23    2    1007.03    127    1
(advertise)    0    1007.43    33    2
(relay)    32    47    1035.44    2    1015.04    122    1
(advertise)    0    1035.64    47    2
(relay)    23    24    1058.25    1    1035.85    125    1
(advertise)    0    1058.85    24    1
(relay)    32    9    1082.07    1    1055.05    120    1
(advertise)    0    1082.67    9    1
(relay)    32    32    1102.28    1    1102.08    127    1
(advertise)    0    1104.68    32    1
(relay)    33    10    1126.49    1    1098.08    124    1
(advertise)    0    1126.69    10    1
(relay)    21    1    1128.9    1    1105.07    126    1
(advertise)    0    1148.9    1    1
(relay)    32    16    1152.72    1    1099.08    123    1
(advertise)    0    1170.32    16    1
(relay)    32    38    1193.53    1    1154.1    124    1
(relay)    23    4    1193.73    1    1093.08    123    2
(advertise)    0    1193.93    38    1
(advertise)    0    1216.34    4    1
(relay)    1    19    1218.56    1    1142.1    123    1
(advertise)    0    1237.76    19    1
(relay)    23    45    1242.37    1    1155.12    119    1
(advertise)    0    1258.77    45    1
(relay)    32    35    1261.18    1    1203.13    125    1
(advertise)    0    1281.18    35    1
(relay)    32    39    1304.2    1    1252.16    124    1
(advertise)    0    1305.0    39    1
(relay)    23    8    1309.21    1    1302.2    126    1
(advertise)    0    1327.41    8    1
(relay)    32    12    1349.82    1    1247.17    119    1
(advertise)    0    1350.22    12    1
(relay)    32    5    1371.03    1    1347.02    125    1
(advertise)    0    1371.63    5    1
(relay)    23    34    1376.65    1    1346.02    120    1
(advertise)    0    1394.25    34    1
(relay)    32    37    1416.86    1    1361.02    125    1
(advertise)    0    1417.46    37    1
(relay)    23    14    1421.07    1    1367.03    123    1
(relay)    21    21    1426.07    1    1425.07    127    2
(advertise)    0    1438.67    14    1
(advertise)    0    1460.89    21    1
(relay)    23    23    1473.3    1    1473.1    127    1
(advertise)    0    1483.3    23    1
(relay)    32    46    1485.11    1    1318.01    122    1
(relay)    23    11    1488.51    1    1402.05    123    2
(advertise)    0    1505.71    46    1
(relay)    32    28    1508.13    1    1403.06    125    2
(relay)    23    20    1510.73    1    1413.06    125    3
(advertise)    0    1526.73    11    1
(advertise)    0    1549.14    28    1
(advertise)    0    1571.95    20    1
(relay)    32    40    1573.56    1    1399.05    124    1
(relay)    21    22    1582.96    1    1505.11    125    2
(advertise)    0    1594.56    40    1
(relay)    23    26    1596.18    1    1520.13    125    2
(advertise)    0    1616.78    22    1
(relay)    21    29    1625.59    1    1488.1    125    2
(relay)    32    41    1638.19    1    1354.02    121    3
(advertise)    0    1638.39    26    1
(advertise)    0    1660.4    29    1
(relay)    23    44    1664.82    1    1520.33    123    2
(relay)    32    30    1681.62    1    1497.11    125    3
(advertise)    0    1682.02    41    1
(relay)    23    27    1687.23    1    1633.19    126    3
(advertise)    0    1706.03    44    1
(advertise)    0    1729.24    30    1
(relay)    32    43    1746.46    1    1517.13    124    2
(advertise)    0    1750.26    27    1
(relay)    23    18    1754.67    1    1697.03    126    2
(advertise)    0    1773.67    43    1
(relay)    23    3    1776.48    1    1559.14    121    2
(relay)    32    6    1789.88    1    1594.16    124    3
(advertise)    0    1796.08    18    1
(advertise)    0    1817.89    3    1
(generate)    0    1819.11    [1, 6, 7, 19]    1
(advertise)    0    1839.92    6    1
(relay)    23    7    1863.53    1    1570.15    120    1
(advertise)    0    1864.33    7    1
(relay)    1    48    1866.95    1    1756.06    124    1
(advertise)    0    1885.95    48    1
(relay)    32    17    1902.36    1    1692.03    119    1
(advertise)    0    1907.76    17    1
(relay)    23    25    1929.17    1    1687.02    121    1
(advertise)    0    1929.97    25    1
(relay)    32    42    1966.19    1    1828.11    122    1
(advertise)    0    1966.39    42    1
(relay)    23    15    1975.2    1    1859.12    120    1
(advertise)    0    1990.0    15    1
(relay)    33    33    2007.41    3    2007.21    127    1
(relay)    21    13    2009.21    1    1822.09    119    2
(advertise)    0    2011.61    33    3
(advertise)    0    2033.82    13    1
(relay)    23    2    2038.04    1    1805.07    119    1
(advertise)    0    2056.44    2    1
(relay)    23    36    2061.65    1    1995.19    123    1
(advertise)    0    2078.05    36    1
(relay)    23    47    2083.46    3    2015.2    120    1
(advertise)    0    2100.46    47    3
(relay)    32    32    2102.48    2    2102.28    127    1
(relay)    1    1    2105.28    2    2105.25    127    2
(relay)    32    10    2120.48    2    2098.26    125    3
(advertise)    0    2122.08    32    2
(advertise)    0    2146.69    1    2
(advertise)    0    2168.3    10    2
(relay)    23    16    2172.92    2    2099.26    124    1
(advertise)    0    2189.52    16    2
(relay)    23    9    2193.73    2    2055.22    120    1
(relay)    32    38    2194.13    2    2155.29    124    2
(advertise)    0    2210.93    9    2
(advertise)    0    2232.14    38    2
(relay)    32    45    2240.55    2    2155.88    123    1
(relay)    23    19    2241.35    2    2142.28    124    2
(advertise)    0    2254.35    45    2
(advertise)    0    2275.37    19    2
(relay)    32    35    2282.78    2    2203.32    125    1
(relay)    23    12    2285.38    2    2247.34    123    2
(advertise)    0    2296.58    35    2
(advertise)    0    2319.59    12    2
(relay)    32    39    2328.61    2    2252.34    124    1
(relay)    23    8    2331.81    2    2302.38    126    2
(advertise)    0    2341.61    39    2
(relay)    23    4    2354.22    2    2093.25    116    2
(advertise)    0    2362.82    8    2
(advertise)    0    2386.83    4    2
(relay)    32    46    2394.45    2    2318.15    122    1
(relay)    23    14    2397.25    2    2367.22    123    2
(advertise)    0    2409.65    46    2
(relay)    32    5    2418.46    2    2347.21    124    2
(relay)    21    21    2426.26    2    2425.27    127    3
(advertise)    0    2432.46    14    2
(relay)    23    20    2442.07    2    2413.25    125    3
(advertise)    0    2454.67    5    2
(relay)    32    37    2463.68    2    2361.21    125    3
(relay)    23    23    2473.48    2    2473.3    127    4
(advertise)    0    2477.28    21    2
(advertise)    0    2499.3    20    2
(relay)    32    28    2507.71    2    2403.25    125    3
(relay)    23    34    2509.31    2    2346.17    121    4
(advertise)    0    2521.31    37    2
(advertise)    0    2543.32    23    2
(advertise)    0    2564.94    28    2
(advertise)    0    2586.15    34    2
(relay)    32    29    2597.36    2    2488.3    126    1
(relay)    23    41    2598.96    2    2354.14    120    2
(advertise)    0    2608.96    29    2
(relay)    32    40    2619.57    2    2399.23    124    2
(relay)    23    26    2619.97    2    2520.31    125    3
(advertise)    0    2631.17    41    2
(relay)    32    11    2640.19    2    2402.23    122    3
(advertise)    0    2653.19    40    2
(advertise)    0    2676.4    26    2
(relay)    23    27    2685.61    2    2633.37    126    2
(relay)    32    30    2687.21    2    2497.3    125    3
(advertise)    0    2697.41    11    2
(relay)    23    22    2708.83    2    2505.3    125    3
(advertise)    0    2719.23    27    2
(relay)    23    44    2732.04    2    2520.5    122    3
(advertise)    0    2740.84    30    2
(advertise)    0    2763.45    22    2
(relay)    32    43    2774.47    2    2517.31    124    2
(relay)    23    18    2777.07    2    2697.21    126    3
(advertise)    0    2785.47    44    2
(relay)    32    6    2798.08    2    2594.35    124    3
(advertise)    0    2807.28    43    2
(generate)    0    2819.29    [1, 6, 7, 19]    2
(advertise)    0    2829.1    18    2
(advertise)    0    2851.92    6    2
(relay)    23    48    2863.73    2    2756.25    125    1
(relay)    32    3    2866.13    2    2559.28    121    2
(advertise)    0    2874.53    48    2
(relay)    32    7    2887.74    2    2570.3    121    2
(advertise)    0    2895.94    3    2
(relay)    32    25    2909.76    2    2687.16    121    2
(advertise)    0    2916.96    7    2
(relay)    23    17    2930.77    2    2692.17    122    2
(advertise)    0    2937.97    25    2
(relay)    23    42    2952.18    2    2828.28    123    2
(advertise)    0    2961.98    17    2
(advertise)    0    2983.8    42    2
(relay)    32    2    2998.61    2    2805.21    122    1
(relay)    33    33    3007.41    4    3007.41    127    2
(advertise)    0    3007.81    2    2
(advertise)    0    3029.42    33    4
(relay)    32    13    3043.83    2    2822.24    120    1
(relay)    33    15    3045.43    2    2859.27    119    2
(advertise)    0    3052.43    13    2
(advertise)    0    3073.45    15    2
(relay)    23    24    3090.66    3    3036.22    125    1
(advertise)    0    3096.06    24    3
(relay)    32    32    3102.47    3    3102.46    127    1
(relay)    1    1    3105.47    3    3105.45    127    2
(relay)    32    36    3112.07    2    2995.38    125    3
(advertise)    0    3118.07    32    3
(advertise)    0    3141.69    1    3
(relay)    32    10    3155.3    3    3098.45    125    2
(advertise)    0    3165.5    36    2
(relay)    23    16    3177.11    3    3099.45    124    2
(advertise)    0    3188.71    10    3
(advertise)    0    3209.73    16    3
(relay)    32    9    3221.34    3    3055.36    120    1
(relay)    23    47    3222.14    4    3015.34    120    2
(advertise)    0    3231.94    9    3
(relay)    23    4    3244.75    3    3093.45    123    2
(advertise)    0    3254.55    47    4
(relay)    32    38    3265.76    3    3155.46    124    2
(advertise)    0    3276.56    4    3
(relay)    23    19    3286.78    3    3142.47    124    2
(advertise)    0    3297.78    38    3
(relay)    32    35    3311.59    3    3203.5    125    2
(advertise)    0    3319.39    19    3
(relay)    23    8    3331.4    3    3302.56    126    2
(relay)    32    45    3333.4    3    3156.03    123    3
(advertise)    0    3341.6    35    3
(advertise)    0    3364.62    8    3
(relay)    32    39    3376.43    3    3252.53    124    2
(advertise)    0    3388.03    45    3
(advertise)    0    3411.24    39    3
(relay)    23    12    3418.66    3    3247.53    123    1
(relay)    32    5    3421.26    3    3347.39    124    2
(relay)    21    21    3426.46    3    3425.46    127    3
(advertise)    0    3434.66    12    3
(relay)    32    37    3442.47    3    3361.39    125    3
(advertise)    0    3456.67    5    3
(relay)    23    23    3474.08    3    3473.49    127    3
(advertise)    0    3479.28    21    3
(advertise)    0    3502.29    37    3
(relay)    32    28    3507.11    3    3403.43    125    2
(relay)    23    20    3509.31    3    3413.44    125    3
(advertise)    0    3525.51    23    3
(relay)    23    14    3529.52    3    3367.42    123    3
(advertise)    0    3547.52    28    3
(relay)    32    40    3549.33    3    3399.4    124    3
(relay)    23    22    3551.73    3    3505.49    126    4
(advertise)    0    3570.53    20    3
(advertise)    0    3593.55    14    3
(advertise)    0    3616.36    40    3
(relay)    23    11    3617.57    3    3402.43    123    2
(relay)    21    29    3630.97    3    3488.49    125    3
(relay)    32    46    3638.17    3    3318.33    122    4
(advertise)    0    3639.37    22    3
(advertise)    0    3660.79    11    3
(relay)    32    30    3682.4    3    3497.48    125    3
(advertise)    0    3683.2    29    3
(relay)    21    34    3697.61    3    3346.33    120    3
(advertise)    0    3705.41    46    3
(relay)    1    26    3709.62    3    3520.51    124    3
(relay)    32    27    3725.42    3    3633.56    126    4
(advertise)    0    3728.62    30    3
(relay)    32    43    3748.64    3    3517.49    124    4
(advertise)    0    3751.24    34    3
(relay)    23    18    3771.85    3    3697.41    126    4
(advertise)    0    3772.45    26    3
(relay)    32    41    3792.46    3    3354.3    121    4
(advertise)    0    3794.86    27    3
(advertise)    0    3816.28    43    3
(generate)    0    3819.49    [1, 6, 7, 19]    3
(relay)    32    6    3836.1    3    3594.53    124    3
(advertise)    0    3837.9    18    3
(relay)    21    44    3853.32    3    3520.68    122    3
(advertise)    0    3859.92    41    3
(advertise)    0    3881.93    6    3
(relay)    32    3    3903.14    3    3559.44    121    2
(advertise)    0    3904.54    44    3
(relay)    32    7    3926.55    3    3570.46    121    2
(advertise)    0    3926.75    3    3
(advertise)    0    3949.17    7    3
(relay)    23    48    3952.98    3    3756.45    124    1
(advertise)    0    3971.58    48    3
(relay)    23    25    3974.59    3    3687.32    120    1
(advertise)    0    3994.19    25    3
(relay)    23    17    3996.41    3    3692.35    122    1
(relay)    33    33    4007.61    5    4007.61    127    2
(advertise)    0    4015.41    17    3
(advertise)    0    4036.62    33    5
(relay)    23    2    4041.63    3    3805.39    120    1
(advertise)    0    4060.03    2    3
(relay)    23    42    4063.85    3    3828.46    123    1
(advertise)    0    4081.45    42    3
(relay)    32    13    4084.46    3    3822.41    121    1
(advertise)    0    4103.06    13    3
(relay)    1    1    4106.27    4    4105.65    127    1
(relay)    32    36    4107.07    3    3995.57    125    2
(relay)    23    24    4107.27    4    4036.42    125    3
(relay)    33    32    4108.87    4    4102.66    126    4
(advertise)    0    4125.07    1    4
(advertise)    0    4146.88    36    3
(relay)    32    15    4150.7    3    3859.41    120    3
(advertise)    0    4169.7    24    4
(relay)    23    10    4173.71    4    4098.65    125    3
(advertise)    0    4191.91    32    4
(advertise)    0    4214.92    15    3
(advertise)    0    4238.94    10    4
(relay)    33    47    4240.35    5    4015.53    121    1
(advertise)    0    4259.95    47    5
(relay)    23    16    4262.16    4    4099.65    124    1
(relay)    21    45    4274.96    4    4156.23    122    2
(advertise)    0    4283.56    16    4
(relay)    23    4    4284.98    4    4093.65    123    2
(relay)    32    35    4303.38    4    4203.7    125    3
(advertise)    0    4305.58    45    4
(relay)    32    38    4324.79    4    4155.66    123    3
(advertise)    0    4326.59    4    4
(advertise)    0    4347.6    35    4
(relay)    23    19    4349.21    4    4142.68    124    2
(relay)    32    39    4367.61    4    4252.71    124    3
(advertise)    0    4371.81    38    4
(relay)    23    8    4394.63    4    4302.76    125    3
(advertise)    0    4395.03    19    4
(relay)    32    9    4414.64    4    4055.54    120    3
(advertise)    0    4416.44    39    4
(relay)    21    21    4426.65    4    4425.65    127    3
(relay)    23    12    4437.25    4    4247.94    123    4
(advertise)    0    4439.25    8    4
(relay)    32    5    4457.67    4    4347.59    125    4
(advertise)    0    4461.07    9    4
(relay)    23    23    4474.28    4    4473.69    127    4
(advertise)    0    4485.28    21    4
(relay)    32    37    4503.29    4    4361.59    125    4
(relay)    23    20    4505.29    4    4413.64    125    5
(advertise)    0    4506.29    12    4
(advertise)    0    4528.11    5    4
(relay)    23    14    4548.72    4    4367.61    123    4
(advertise)    0    4549.52    23    4
(relay)    32    29    4569.93    4    4488.69    126    4
(advertise)    0    4572.93    37    4
(relay)    23    22    4592.94    4    4505.51    126    4
(relay)    32    28    4594.74    4    4404.03    125    5
(advertise)    0    4595.34    20    4
(advertise)    0    4616.56    14    4
(relay)    32    40    4639.57    4    4399.41    124    4
(advertise)    0    4640.37    29    4
(relay)    23    11    4661.58    4    4402.63    123    4
(advertise)    0    4664.18    22    4
(relay)    23    26    4684.2    4    4520.71    125    4
(advertise)    0    4687.4    28    4
(relay)    23    27    4704.41    4    4633.57    126    4
(advertise)    0    4709.61    40    4
(relay)    32    30    4728.02    4    4497.68    124    4
(advertise)    0    4730.62    11    4
(relay)    23    46    4747.64    4    4318.52    121    4
(advertise)    0    4752.64    26    4
(relay)    23    18    4770.65    4    4697.61    126    4
(advertise)    0    4774.45    27    4
(relay)    23    44    4792.86    4    4521.89    123    4
(advertise)    0    4795.86    30    4
(advertise)    0    4818.87    46    4
(generate)    0    4820.09    [1, 6, 7, 19]    4
(heartbeat)    31    1    4674.2    0    4837.9    127    0
(advertise)    0    4841.1    18    4
(relay)    32    43    4842.31    4    4517.69    124    3
(relay)    21    34    4854.51    4    4346.52    121    4
(advertise)    0    4863.31    44    4
(relay)    23    41    4882.73    4    4354.5    120    4
(advertise)    0    4886.73    31    1
(advertise)    0    4909.14    43    4
(relay)    23    48    4926.75    4    4756.65    125    3
(relay)    32    7    4931.15    4    4570.65    120    4
(advertise)    0    4932.35    34    4
(relay)    23    3    4949.77    4    4559.64    121    4
(advertise)    0    4953.97    41    4
(advertise)    0    4975.38    48    4
(advertise)    0    4996.39    7    4
(relay)    33    33    5008.4    6    5007.8    5    2
(relay)    23    17    5015.6    4    4692.54    120    3
(advertise)    0    5018.4    3    4
(relay)    23    2    5038.02    4    4805.57    120    3
(advertise)    0    5040.42    33    6
(advertise)    0    5064.03    17    4
(relay)    23    42    5081.44    4    4828.66    123    2
(advertise)    0    5086.04    2    4
(relay)    32    32    5103.46    5    5102.86    4    2
(relay)    23    24    5105.06    5    5036.6    3    3
(relay)    1    1    5106.46    5    5105.84    5    4
(relay)    32    36    5107.46    4    4995.77    2    5
(advertise)    0    5107.86    42    4
(advertise)    0    5130.27    32    5
(relay)    32    10    5149.68    5    5098.84    1    4
(advertise)    0    5153.08    24    5
(advertise)    0    5176.1    1    5
(relay)    23    16    5191.91    5    5099.84    3    3
(advertise)    0    5197.91    36    4
(advertise)    0    5218.92    16    5
(relay)    33    19    5221.73    5    5142.88    1    1
(relay)    32    38    5240.33    5    5155.84    1    1
(relay)    23    4    5255.73    5    5093.84    3    1
(advertise)    0    5255.93    4    5
(relay)    32    35    5263.55    5    5203.88    2    1
(advertise)    0    5277.55    35    5
(relay)    23    12    5299.56    5    5248.13    2    1
(advertise)    0    5299.96    12    5
(relay)    32    39    5308.77    5    5252.88    1    1
(relay)    23    8    5344.57    5    5302.96    3    1
(advertise)    0    5344.77    8    5
(relay)    23    5    5370.19    5    5347.77    1    1
(relay)    23    37    5397.59    5    5361.76    1    1
(relay)    33    20    5419.19    5    5413.79    2    1
(advertise)    0    5419.39    20    5
(relay)    32    40    5423.6    5    5399.52    1    1
(relay)    21    21    5426.0    5    5425.81    5    1
(advertise)    0    5441.4    21    5
(relay)    23    11    5462.41    5    5402.81    1    1
(relay)    23    23    5474.41    5    5473.89    4    1
(advertise)    0    5474.61    23    5
(relay)    23    28    5484.63    5    5404.2    1    1
(relay)    23    22    5507.83    5    5505.68    3    1
(advertise)    0    5508.03    22    5
(relay)    23    26    5530.84    5    5520.86    2    1
(advertise)    0    5531.24    26    5
(relay)    23    29    5555.65    5    5488.88    1    1
(relay)    23    44    5577.45    5    5522.03    2    1
(advertise)    0    5577.65    44    5
(relay)    32    43    5602.26    5    5517.84    2    1
(advertise)    0    5602.66    43    5
(relay)    32    30    5625.68    5    5497.88    1    1
(relay)    23    27    5635.08    5    5633.74    2    1
(advertise)    0    5635.28    27    5
(relay)    32    6    5671.69    5    5594.83    2    1
(advertise)    0    5671.89    6    5
(relay)    23    18    5698.7    5    5697.69    4    1
(advertise)    0    5699.5    18    5
(relay)    23    48    5759.92    5    5756.7    3    1
(advertise)    0    5760.12    48    5
(generate)    0    5820.13    [1, 6, 7, 19]    5
(relay)    23    42    5845.94    5    5828.7    2    1
(advertise)    0    5846.14    42    5
(relay)    32    36    5997.36    5    5995.77    2    1
(advertise)    0    5997.56    36    5
(relay)    33    33    6008.57    7    6007.98    5    1
(advertise)    0    6018.57    33    7
(relay)    23    24    6044.38    6    6036.77    3    1
(advertise)    0    6044.58    24    6
(relay)    32    10    6100.99    6    6098.87    1    1
(relay)    32    32    6103.39    6    6102.92    4    1
(advertise)    0    6103.59    32    6
(relay)    1    1    6106.41    6    6105.93    5    1
(advertise)    0    6125.61    1    6
(relay)    23    4    6147.02    6    6093.99    3    1
(advertise)    0    6148.62    4    6
(relay)    23    19    6187.43    6    6142.9    2    1
(advertise)    0    6187.63    19    6
(relay)    23    16    6211.45    6    6099.98    2    1
(advertise)    0    6211.65    16    6
(relay)    32    35    6237.06    6    6204.02    2    1
(advertise)    0    6237.26    35    6
(relay)    23    12    6260.07    6    6248.27    3    1
(advertise)    0    6260.47    12    6
(relay)    32    39    6284.69    6    6252.9    2    1
(advertise)    0    6284.89    39    6
(relay)    23    8    6308.9    6    6303.35    3    1
(advertise)    0    6309.3    8    6
(relay)    32    5    6349.51    6    6347.9    2    1
(advertise)    0    6349.71    5    6
(relay)    23    14    6372.72    6    6367.91    2    1
(advertise)    0    6372.92    14    6
(relay)    23    20    6414.54    6    6413.91    3    1
(advertise)    0    6414.74    20    6
(relay)    21    21    6426.15    6    6425.95    5    1
(advertise)    0    6435.75    21    6
(relay)    32    28    6440.56    6    6404.32    2    1
(advertise)    0    6457.56    28    6
(relay)    23    11    6460.18    6    6402.98    1    1
(relay)    23    23    6475.18    6    6474.08    4    1
(advertise)    0    6480.38    23    6
(relay)    32    40    6483.59    6    6399.58    2    1
(advertise)    0    6502.59    40    6
(relay)    23    22    6506.8    6    6505.68    3    1
(advertise)    0    6525.4    22    6
(relay)    32    29    6529.22    6    6488.89    2    1
(advertise)    0    6547.42    29    6
(relay)    23    26    6552.43    6    6520.98    3    1
(advertise)    0    6568.83    26    6
(relay)    23    44    6574.84    6    6523.31    1    1
(relay)    32    43    6593.44    6    6517.95    2    1
(advertise)    0    6594.04    43    6
(relay)    32    6    6618.25    6    6594.89    2    1
(advertise)    0    6618.45    6    6
(relay)    23    27    6641.27    6    6633.8    2    1
(advertise)    0    6641.87    27    6
(relay)    23    18    6698.08    6    6697.79    4    1
(advertise)    0    6698.28    18    6
(relay)    23    48    6760.49    6    6756.82    3    1
(advertise)    0    6760.69    48    6
(generate)    0    6820.31    [1, 6, 7, 19]    6
(relay)    32    42    6846.72    6    6828.79    1    1
(relay)    33    36    6998.12    6    6995.83    1    1
(relay)    33    33    7008.72    8    7008.15    5    1
(advertise)    0    7008.92    33    8
(relay)    32    24    7044.33    7    7036.89    2    1
(advertise)    0    7044.53    24    7
(relay)    23    4    7097.35    7    7094.09    3    1
(advertise)    0    7097.55    4    7
(relay)    32    32    7103.56    7    7102.93    4    1
(relay)    1    1    7106.96    7    7105.98    5    2
(advertise)    0    7119.96    32    7
(relay)    32    10    7123.37    7    7098.89    1    2
(advertise)    0    7141.97    1    7
(relay)    32    38    7171.58    7    7155.91    2    1
(advertise)    0    7171.78    38    7
(relay)    23    16    7187.4    7    7100.05    3    1
(advertise)    0    7194.0    16    7
(relay)    23    19    7229.61    7    7143.05    3    1
(advertise)    0    7229.81    19    7
(relay)    32    35    7251.02    7    7204.11    2    1
(advertise)    0    7251.42    35    7
(relay)    23    12    7277.64    7    7248.4    2    1
(advertise)    0    7278.04    12    7
(relay)    32    39    7299.85    7    7252.95    2    1
(advertise)    0    7300.65    39    7
(relay)    23    8    7321.46    7    7303.53    3    1
(advertise)    0    7323.66    8    7
(relay)    32    5    7351.08    7    7348.01    2    1
(advertise)    0    7351.28    5    7
(relay)    32    37    7372.49    7    7361.97    2    1
(advertise)    0    7372.69    37    7
(relay)    32    14    7395.1    7    7368.04    1    1
(relay)    23    20    7414.7    7    7414.01    3    1
(advertise)    0    7414.9    20    7
(relay)    32    28    7416.71    7    7404.44    2    1
(relay)    21    21    7426.31    7    7426.13    5    2
(advertise)    0    7436.31    28    7
(advertise)    0    7457.53    21    7
(relay)    23    11    7459.54    7    7403.11    1    1
(relay)    23    23    7475.14    7    7474.1    4    1
(advertise)    0    7480.54    23    7
(relay)    32    29    7503.95    7    7488.9    2    1
(advertise)    0    7504.15    29    7
(relay)    32    30    7525.37    7    7498.14    2    1
(advertise)    0    7525.57    30    7
(relay)    1    22    7526.78    7    7505.84    2    1
(advertise)    0    7549.18    22    7
(relay)    23    44    7569.59    7    7523.4    2    1
(advertise)    0    7570.59    44    7
(relay)    21    26    7573.21    7    7521.1    2    1
(advertise)    0    7592.01    26    7
(relay)    32    6    7616.62    7    7594.95    2    1
(advertise)    0    7617.62    6    7
(relay)    32    27    7638.83    7    7633.83    2    1
(advertise)    0    7639.63    27    7
(relay)    23    18    7698.24    7    7697.89    4    1
(advertise)    0    7698.44    18    7
(relay)    32    48    7762.86    7    7756.91    1    1
(generate)    0    7820.46    [1, 6, 7, 19]    7
(relay)    23    42    7846.07    7    7828.86    2    1
(advertise)    0    7846.27    42    7
(relay)    32    36    7997.68    7    7995.95    2    1
(advertise)    0    7997.88    36    7
(relay)    33    33    8009.3    9    8008.31    5    1
(advertise)    0    8019.9    33    9
(relay)    23    24    8038.51    8    8037.02    3    1
(advertise)    0    8043.31    24    8
(relay)    23    4    8098.52    8    8094.17    3    1
(advertise)    0    8098.72    4    8
(relay)    32    32    8103.94    8    8102.94    4    1
(relay)    1    1    8107.14    8    8106.04    5    2
(advertise)    0    8121.14    32    8
(advertise)    0    8142.15    1    8
(relay)    32    38    8164.16    8    8155.93    2    1
(advertise)    0    8164.36    38    8
(relay)    32    16    8186.17    8    8100.14    2    1
(advertise)    0    8186.57    16    8
(relay)    32    35    8208.79    8    8204.24    2    1
(advertise)    0    8210.79    35    8
(relay)    21    19    8213.0    8    8143.16    1    1
(relay)    23    12    8250.4    8    8248.51    3    1
(advertise)    0    8250.6    12    8
(relay)    32    39    8277.41    8    8252.96    1    1
(relay)    23    8    8306.01    8    8303.72    3    1
(advertise)    0    8306.21    8    8
(relay)    32    5    8351.83    8    8348.15    2    1
(advertise)    0    8352.03    5    8
(relay)    23    14    8372.84    8    8368.12    2    1
(advertise)    0    8373.44    14    8
(relay)    23    37    8398.25    8    8362.08    1    1
(relay)    23    20    8418.65    8    8414.12    3    1
(advertise)    0    8418.85    20    8
(relay)    21    21    8426.47    8    8426.28    5    1
(advertise)    0    8439.87    21    8
(relay)    23    40    8441.08    8    8399.65    1    1
(relay)    32    28    8464.28    8    8404.57    2    1
(advertise)    0    8464.68    28    8
(relay)    23    23    8475.29    8    8474.23    4    1
(advertise)    0    8486.29    23    8
(relay)    32    29    8527.5    8    8488.9    2    1
(advertise)    0    8527.7    29    8
(relay)    32    30    8551.12    8    8498.29    2    1
(advertise)    0    8552.12    30    8
(relay)    23    26    8574.13    8    8521.21    2    1
(advertise)    0    8574.33    26    8
(relay)    32    6    8598.54    8    8595.02    2    1
(advertise)    0    8599.34    6    8
(relay)    23    44    8619.76    8    8523.47    2    1
(advertise)    0    8620.56    44    8
(relay)    23    27    8641.37    8    8633.84    2    1
(advertise)    0    8642.17    27    8
(heartbeat)    31    2    8674.21    0    8675.98    3    3
(advertise)    0    8676.18    31    2
(relay)    23    18    8698.6    8    8698.0    4    1
(advertise)    0    8699.0    18    8
(relay)    23    48    8759.61    8    8757.03    3    1
(advertise)    0    8759.81    48    8
(generate)    0    8820.62    [1, 6, 7, 19]    8
(relay)    23    42    8848.43    8    8828.95    2    1
(advertise)    0    8848.63    42    8
(relay)    32    36    8998.65    8    8996.09    2    1
(advertise)    0    8998.85    36    8
(relay)    33    33    9009.46    10    9008.47    5    1
(advertise)    0    9020.86    33    10
(relay)    23    24    9043.47    9    9037.16    3    1
(advertise)    0    9044.27    24    9
(relay)    23    4    9099.69    9    9094.25    3    1
(advertise)    0    9099.89    4    9
(relay)    32    32    9103.9    9    9102.96    4    1
(relay)    1    1    9107.1    9    9106.11    5    2
(advertise)    0    9120.9    32    9
(advertise)    0    9144.11    1    9
(relay)    23    10    9168.93    9    9099.13    1    1
(relay)    32    16    9188.93    9    9100.23    1    1
(relay)    32    19    9210.13    9    9143.31    2    1
(advertise)    0    9210.33    19    9
(relay)    32    35    9232.34    9    9204.4    2    1
(advertise)    0    9234.14    35    9
(relay)    32    39    9283.35    9    9252.99    2    1
(advertise)    0    9283.55    39    9
(relay)    32    8    9305.96    9    9303.75    2    1
(advertise)    0    9306.16    8    9
(relay)    32    5    9349.98    9    9348.31    2    1
(advertise)    0    9350.18    5    9
(relay)    23    14    9373.59    9    9368.26    2    1
(advertise)    0    9373.79    14    9
(relay)    23    37    9395.6    9    9362.26    1    1
(relay)    23    11    9418.0    9    9403.4    1    1
(relay)    32    40    9420.2    9    9399.7    2    1
(advertise)    0    9420.4    40    9
(relay)    21    21    9427.02    9    9426.44    5    1
(advertise)    0    9442.42    21    9
(relay)    32    20    9466.63    9    9414.23    2    1
(advertise)    0    9467.03    20    9
(relay)    23    23    9475.24    9    9474.25    4    1
(advertise)    0    9489.84    23    9
(relay)    23    22    9507.66    9    9506.05    3    1
(relay)    32    29    9508.86    9    9489.53    2    2
(advertise)    0    9511.26    22    9
(advertise)    0    9532.27    29    9
(relay)    23    26    9552.88    9    9521.34    3    1
(advertise)    0    9554.88    26    9
(relay)    23    44    9573.09    9    9523.54    2    1
(advertise)    0    9577.09    44    9
(relay)    23    30    9594.91    9    9498.48    1    1
(relay)    32    43    9598.31    9    9518.33    2    1
(advertise)    0    9599.11    43    9
(relay)    23    27    9640.32    9    9633.86    2    1
(advertise)    0    9640.52    27    9
(relay)    32    6    9642.73    9    9595.07    2    1
(advertise)    0    9662.53    6    9
(relay)    23    18    9699.35    9    9698.1    4    1
(advertise)    0    9699.55    18    9
(relay)    23    48    9757.76    9    9757.15    3    1
(advertise)    0    9757.96    48    9
(generate)    0    9820.77    [1, 6, 7, 19]    9
(relay)    23    42    9846.39    9    9829.02    2    1
(advertise)    0    9846.59    42    9
(relay)    32    36    9999.2    9    9996.23    2    1
(advertise)    0    9999.4    36    9
(relay)    33    33    10009.61    11    10008.63    5    1
(advertise)    0    10021.41    33    11
(relay)    23    24    10043.03    10    10037.28    3    1
(advertise)    0    10045.43    24    10
(relay)    23    4    10100.44    10    10094.34    3    1
(advertise)    0    10100.64    4    10
(relay)    32    32    10104.05    10    10102.98    4    1
(relay)    1    1    10107.25    10    10106.14    5    2
(advertise)    0    10122.65    32    10
(advertise)    0    10145.26    1    10
(relay)    32    16    10168.48    10    10100.33    2    1
(advertise)    0    10168.68    16    10
(relay)    32    38    10194.69    10    10155.99    2    1
(advertise)    0    10195.29    38    10
(relay)    23    19    10212.5    10    10143.46    3    1
(advertise)    0    10217.5    19    10
(relay)    32    35    10239.72    10    10204.51    2    1
(advertise)    0    10241.32    35    10
(relay)    32    39    10262.13    10    10253.01    2    1
(advertise)    0    10262.93    39    10
(relay)    23    12    10280.74    10    10248.76    3    1
(advertise)    0    10285.94    12    10
(relay)    32    8    10317.56    10    10303.94    2    1
(advertise)    0    10317.76    8    10
(relay)    32    5    10364.97    10    10348.45    2    1
(advertise)    0    10365.17    5    10
(relay)    23    14    10385.98    10    10368.37    3    1
(advertise)    0    10386.38    14    10
(relay)    23    20    10415.79    10    10414.35    3    1
(advertise)    0    10415.99    20    10
(relay)    21    21    10427.21    10    10426.63    5    1
(relay)    32    28    10430.01    10    10404.88    2    2
(advertise)    0    10437.61    21    10
(advertise)    0    10459.82    28    10
(relay)    23    23    10474.43    10    10474.28    4    1
(advertise)    0    10480.83    23    10
(relay)    23    11    10482.45    10    10403.56    1    1
(relay)    23    22    10508.05    10    10506.25    3    1
(advertise)    0    10508.25    22    10
(relay)    32    29    10521.26    10    10489.56    2    1
(advertise)    0    10530.06    29    10
(relay)    23    26    10551.87    10    10521.48    3    1
(advertise)    0    10553.27    26    10
(relay)    23    44    10573.49    10    10523.64    2    1
(advertise)    0    10574.89    44    10
(relay)    23    30    10595.1    10    10498.63    1    1
(relay)    32    43    10607.9    10    10518.45    1    1
(relay)    32    6    10631.3    10    10595.1    2    1
(advertise)    0    10631.5    6    10
(relay)    32    27    10653.71    10    10633.91    2    1
(advertise)    0    10655.11    27    10
(relay)    23    18    10699.52    10    10698.2    4    1
(advertise)    0    10699.72    18    10
(relay)    32    48    10759.74    10    10757.26    1    1
(generate)    0    10820.94    [1, 6, 7, 19]    10
(relay)    23    42    10848.55    10    10829.11    2    1
(advertise)    0    10848.75    42    10
(relay)    32    36    10999.36    10    10996.36    2    1
(advertise)    0    10999.56    36    10
(relay)    33    33    11009.78    12    11008.78    5    1
(advertise)    0    11021.18    33    12
(relay)    1    24    11047.99    11    11037.41    2    1
(advertise)    0    11048.19    24    11
(relay)    23    4    11099.4    11    11094.43    3    1
(advertise)    0    11099.6    4    11
(relay)    32    32    11104.02    11    11102.98    4    1
(relay)    1    1    11106.22    11    11106.19    5    2
(advertise)    0    11120.82    32    11
(advertise)    0    11142.43    1    11
(relay)    23    10    11166.04    11    11099.34    1    1
(relay)    32    16    11166.84    11    11100.43    2    1
(advertise)    0    11167.04    16    11
(relay)    32    38    11192.05    11    11156.01    2    1
(advertise)    0    11192.25    38    11
(relay)    23    19    11211.47    11    11143.62    3    1
(advertise)    0    11214.47    19    11
(relay)    32    35    11235.48    11    11204.66    2    1
(advertise)    0    11236.68    35    11
(relay)    32    39    11258.89    11    11253.04    2    1
(advertise)    0    11259.09    39    11
(relay)    23    12    11278.71    11    11248.89    3    1
(advertise)    0    11280.11    12    11
(relay)    32    8    11321.52    11    11304.13    2    1
(advertise)    0    11321.72    8    11
(relay)    32    5    11351.73    11    11348.56    2    1
(advertise)    0    11351.93    5    11
(relay)    32    37    11373.15    11    11362.54    2    1
(advertise)    0    11373.95    37    11
(relay)    32    14    11397.16    11    11368.45    2    1
(advertise)    0    11397.76    14    11
(relay)    23    20    11420.17    11    11414.46    3    1
(advertise)    0    11421.17    20    11
(relay)    21    21    11427.38    11    11426.81    5    1
(advertise)    0    11443.58    21    11
(relay)    21    40    11465.8    11    11399.91    1    1
(relay)    23    11    11466.4    11    11403.73    1    1
(relay)    23    23    11474.4    11    11474.31    4    1
(advertise)    0    11474.6    23    11
(relay)    32    28    11487.01    11    11405.0    1    1
(relay)    23    22    11507.61    11    11506.44    3    1
(advertise)    0    11507.81    22    11
(relay)    23    26    11529.42    11    11521.59    3    1
(advertise)    0    11530.62    26    11
(relay)    32    29    11531.84    11    11489.59    2    1
(advertise)    0    11553.04    29    11
(relay)    23    44    11571.65    11    11524.32    1    1
(relay)    32    30    11576.25    11    11498.75    2    1
(advertise)    0    11576.45    30    11
(relay)    32    43    11623.06    11    11518.63    2    1
(advertise)    0    11623.26    43    11
(relay)    32    27    11644.48    11    11633.94    2    1
(advertise)    0    11644.68    27    11
(relay)    32    6    11667.09    11    11595.15    2    1
(advertise)    0    11667.29    6    11
(relay)    23    18    11699.5    11    11698.3    4    1
(advertise)    0    11699.7    18    11
(relay)    23    48    11759.11    11    11757.36    1    1
(generate)    0    11821.11    [1, 6, 7, 19]    11
(relay)    23    42    11847.53    11    11829.19    2    1
(advertise)    0    11847.73    42    11
(relay)    32    36    11999.94    11    11996.53    2    1
(advertise)    0    12000.14    36    11
(relay)    33    33    12009.15    13    12008.95    5    1
(advertise)    0    12022.35    33    13
(relay)    23    24    12046.17    12    12037.53    3    1
(advertise)    0    12046.77    24    12
(relay)    23    4    12097.78    12    12094.47    3    1
(advertise)    0    12097.98    4    12
(relay)    32    32    12103.19    12    12103.01    4    1
(relay)    1    1    12106.39    12    12106.37    5    2
(advertise)    0    12119.99    32    12
(relay)    32    10    12121.41    12    12099.56    1    2
(advertise)    0    12141.61    1    12
(relay)    32    16    12167.62    12    12100.51    1    1
(relay)    32    38    12190.62    12    12156.02    2    1
(advertise)    0    12190.82    38    12
(relay)    32    19    12214.23    12    12143.74    2    1
(advertise)    0    12214.43    19    12
(relay)    32    35    12237.44    12    12204.66    2    1
(advertise)    0    12237.64    35    12
(relay)    32    39    12260.66    12    12253.06    2    1
(advertise)    0    12260.86    39    12
(relay)    23    12    12277.67    12    12248.96    3    1
(advertise)    0    12284.07    12    12
(relay)    23    8    12322.08    12    12304.3    3    1
(advertise)    0    12322.28    8    12
(relay)    32    5    12366.7    12    12348.57    2    1
(advertise)    0    12366.9    5    12
(relay)    23    14    12388.91    12    12368.55    3    1
(advertise)    0    12389.11    14    12
(relay)    32    40    12413.92    12    12399.93    2    1
(relay)    23    11    12414.52    12    12403.83    1    2
(advertise)    0    12414.92    40    12
(relay)    21    21    12427.94    12    12426.97    5    1
(advertise)    0    12438.34    21    12
(relay)    32    28    12457.15    12    12405.02    2    1
(relay)    23    20    12459.15    12    12414.57    2    2
(advertise)    0    12461.35    28    12
(relay)    23    23    12474.36    12    12474.33    4    2
(advertise)    0    12482.76    20    12
(advertise)    0    12505.17    23    12
(relay)    23    22    12507.99    12    12506.61    3    1
(relay)    32    29    12522.99    12    12489.63    2    2
(advertise)    0    12528.39    22    12
(relay)    32    30    12544.0    12    12498.75    2    2
(advertise)    0    12549.4    29    12
(relay)    23    26    12552.21    12    12521.73    3    2
(advertise)    0    12571.81    30    12
(advertise)    0    12594.03    26    12
(relay)    23    44    12598.44    12    12524.38    2    1
(advertise)    0    12617.04    44    12
(relay)    23    43    12621.45    12    12518.68    1    1
(relay)    23    27    12641.85    12    12633.97    2    1
(advertise)    0    12642.25    27    12
(relay)    23    6    12665.07    12    12595.22    1    1
(heartbeat)    31    3    12674.23    0    12688.07    3    3
(advertise)    0    12688.27    31    3
(relay)    23    18    12710.88    12    12698.41    4    1
(advertise)    0    12711.08    18    12
(relay)    1    48    12759.69    12    12757.49    2    1
(advertise)    0    12759.89    48    12
(generate)    0    12821.3    [1, 6, 7, 19]    12
(relay)    23    42    12846.12    12    12829.24    2    1
(advertise)    0    12846.32    42    12
(relay)    32    36    12998.33    12    12996.7    2    1
(advertise)    0    12998.53    36    12
(relay)    33    33    13009.14    14    13009.13    5    1
(advertise)    0    13020.94    33    14
(relay)    23    24    13044.76    13    13037.67    3    1
(advertise)    0    13045.76    24    13
(relay)    23    4    13095.97    13    13094.56    3    1
(advertise)    0    13096.17    4    13
(relay)    32    32    13103.18    13    13103.05    4    1
(relay)    1    1    13106.58    13    13106.46    5    2
(advertise)    0    13118.38    32    13
(relay)    32    10    13121.4    13    13099.57    1    2
(advertise)    0    13143.0    1    13
(relay)    32    16    13168.21    13    13100.62    2    1
(advertise)    0    13168.61    16    13
(relay)    32    38    13189.82    13    13156.04    2    1
(advertise)    0    13191.62    38    13
(relay)    23    19    13205.83    13    13143.87    3    1
(advertise)    0    13213.03    19    13
(relay)    32    35    13236.65    13    13204.8    2    1
(advertise)    0    13237.25    35    13
(relay)    32    12    13261.66    13    13249.08    2    1
(advertise)    0    13261.86    12    13
(relay)    32    39    13281.87    13    13253.08    2    1
(advertise)    0    13285.07    39    13
(relay)    32    8    13306.49    13    13304.48    2    1
(advertise)    0    13306.69    8    13
(relay)    32    5    13352.3    13    13348.72    2    1
(advertise)    0    13352.5    5    13
(relay)    23    14    13373.71    13    13368.67    2    1
(advertise)    0    13374.11    14    13
(relay)    23    37    13397.73    13    13362.68    1    1
(relay)    23    20    13420.13    13    13414.71    3    1
(advertise)    0    13420.33    20    13
(relay)    32    28    13422.14    13    13405.16    2    1
(relay)    21    21    13428.14    13    13427.16    5    2
(advertise)    0    13442.14    28    13
(advertise)    0    13463.55    21    13
(relay)    23    23    13474.76    13    13474.58    4    1
(relay)    23    11    13485.16    13    13404.01    1    2
(advertise)    0    13485.56    23    13
(relay)    32    40    13488.78    13    13399.97    2    1
(advertise)    0    13508.58    40    13
(relay)    23    22    13531.39    13    13506.62    3    1
(advertise)    0    13532.59    22    13
(relay)    32    29    13533.8    13    13489.68    2    1
(relay)    32    30    13554.2    13    13498.91    2    2
(advertise)    0    13555.6    29    13
(relay)    23    26    13575.22    13    13521.88    2    2
(advertise)    0    13578.22    30    13
(relay)    32    43    13598.43    13    13518.83    2    2
(advertise)    0    13599.63    26    13
(advertise)    0    13622.44    43    13
(relay)    32    44    13642.86    13    13524.48    1    1
(relay)    32    6    13664.26    13    13595.28    2    1
(advertise)    0    13664.46    6    13
(relay)    23    27    13667.67    13    13634.01    2    1
(advertise)    0    13687.47    27    13
(relay)    32    18    13710.08    13    13698.51    2    1
(advertise)    0    13710.68    18    13
(relay)    32    48    13761.09    13    13757.8    1    1
(generate)    0    13821.49    [1, 6, 7, 19]    13
(relay)    32    36    13998.51    13    13996.83    2    1
(advertise)    0    13998.71    36    13
(relay)    33    33    14009.32    15    14009.28    5    1
(advertise)    0    14022.12    33    15
(relay)    23    24    14043.33    14    14037.81    3    1
(advertise)    0    14044.13    24    14
(relay)    32    4    14096.35    14    14094.66    2    1
(advertise)    0    14096.55    4    14
(relay)    32    32    14103.16    14    14103.09    4    1
(relay)    1    1    14106.76    14    14106.65    5    2
(advertise)    0    14119.56    32    14
(advertise)    0    14141.77    1    14
(relay)    23    10    14162.59    14    14099.58    1    1
(relay)    32    16    14165.79    14    14100.72    2    1
(advertise)    0    14166.79    16    14
(relay)    32    38    14187.0    14    14156.09    2    1
(advertise)    0    14190.6    38    14
(relay)    23    19    14207.01    14    14144.0    3    1
(advertise)    0    14213.61    19    14
(relay)    32    35    14252.82    14    14204.98    1    1
(relay)    23    12    14253.42    14    14249.23    2    1
(advertise)    0    14253.62    12    14
(relay)    32    39    14296.64    14    14253.12    2    1
(advertise)    0    14296.84    39    14
(relay)    23    8    14318.85    14    14304.67    3    1
(advertise)    0    14319.05    8    14
(relay)    32    5    14366.66    14    14348.88    2    1
(advertise)    0    14366.86    5    14
(relay)    23    14    14389.28    14    14368.81    2    1
(advertise)    0    14390.08    14    14
(relay)    23    20    14418.89    14    14414.83    3    1
(advertise)    0    14419.09    20    14
(relay)    21    21    14428.3    14    14427.33    5    1
(advertise)    0    14440.1    21    14
(relay)    32    28    14461.92    14    14405.31    2    1
(relay)    23    11    14463.52    14    14404.17    1    2
(advertise)    0    14463.72    28    14
(relay)    23    23    14475.13    14    14474.6    4    1
(advertise)    0    14485.93    23    14
(relay)    32    29    14506.54    14    14489.74    2    1
(advertise)    0    14508.14    29    14
(relay)    23    22    14528.75    14    14506.8    3    1
(relay)    32    30    14529.15    14    14499.06    2    2
(advertise)    0    14529.35    22    14
(relay)    23    26    14550.37    14    14522.02    3    2
(advertise)    0    14551.97    30    14
(relay)    23    44    14573.18    14    14524.57    2    2
(advertise)    0    14574.18    26    14
(advertise)    0    14597.19    44    14
(relay)    32    6    14619.61    14    14595.31    2    1
(advertise)    0    14620.01    6    14
(relay)    1    27    14640.62    14    14634.03    1    1
(relay)    23    18    14700.82    14    14698.61    4    1
(advertise)    0    14701.02    18    14
(generate)    0    14821.63    [1, 6, 7, 19]    14
(relay)    23    42    14846.65    14    14829.44    2    1
(advertise)    0    14846.85    42    14
(relay)    32    36    14997.66    14    14996.97    2    1
(advertise)    0    14997.86    36    14
(relay)    33    33    15009.47    16    15009.45    5    1
(advertise)    0    15019.47    33    16
(relay)    23    24    15044.88    15    15037.95    3    1
(advertise)    0    15045.48    24    15
(relay)    23    4    15096.5    15    15094.74    3    1
(advertise)    0    15096.7    4    15
(relay)    32    32    15103.91    15    15103.28    4    1
(relay)    1    1    15107.31    15    15106.7    5    2
(advertise)    0    15118.91    32    15
(advertise)    0    15141.12    1    15
(relay)    23    16    15183.14    15    15100.81    3    1
(advertise)    0    15183.34    16    15
(relay)    23    19    15207.95    15    15144.14    3    1
(advertise)    0    15208.55    19    15
(relay)    32    35    15232.56    15    15205.1    2    1
(advertise)    0    15232.96    35    15
(relay)    23    12    15252.18    15    15249.36    3    1
(advertise)    0    15256.38    12    15
(relay)    23    8    15306.59    15    15304.82    3    1
(advertise)    0    15306.79    8    15
(relay)    32    5    15352.6    15    15349.02    2    1
(advertise)    0    15352.8    5    15
(relay)    23    14    15370.61    15    15368.92    2    1
(advertise)    0    15375.01    14    15
(relay)    32    37    15396.43    15    15362.97    2    1
(advertise)    0    15397.43    37    15
(relay)    32    28    15420.44    15    15405.45    2    1
(advertise)    0    15421.04    28    15
(relay)    21    21    15428.45    15    15427.45    5    1
(relay)    32    20    15440.45    15    15414.95    2    2
(advertise)    0    15443.45    21    15
(relay)    23    11    15466.47    15    15404.34    1    2
(advertise)    0    15466.87    20    15
(relay)    23    23    15475.28    15    15474.73    4    1
(relay)    32    40    15485.48    15    15400.04    2    2
(advertise)    0    15488.68    23    15
(advertise)    0    15511.49    40    15
(relay)    32    29    15531.11    15    15489.77    2    1
(relay)    23    22    15533.11    15    15506.97    3    2
(advertise)    0    15533.51    29    15
(relay)    23    26    15554.52    15    15522.72    3    2
(advertise)    0    15555.72    22    15
(relay)    32    43    15575.33    15    15519.13    2    2
(advertise)    0    15579.13    26    15
(relay)    23    44    15598.14    15    15524.65    1    2
(advertise)    0    15601.94    43    15
(relay)    32    6    15618.76    15    15595.36    2    1
(advertise)    0    15624.96    6    15
(relay)    32    27    15640.77    15    15634.22    2    1
(advertise)    0    15646.97    27    15
(relay)    23    18    15699.98    15    15698.71    4    1
(advertise)    0    15700.18    18    15
(relay)    23    48    15760.4    15    15758.04    3    1
(advertise)    0    15760.6    48    15
(generate)    0    15821.81    [1, 6, 7, 19]    15
(relay)    23    42    15848.62    15    15829.51    2    1
(advertise)    0    15848.82    42    15
(relay)    32    36    15998.24    15    15997.15    2    1
(advertise)    0    15998.44    36    15
(relay)    33    33    16010.25    17    16009.62    5    1
(advertise)    0    16021.25    33    17
(relay)    23    24    16046.46    16    16038.07    3    1
(advertise)    0    16046.66    24    16
(relay)    32    4    16098.07    16    16094.82    2    1
(advertise)    0    16098.27    4    16
(relay)    32    32    16104.09    16    16103.47    4    1
(relay)    1    1    16107.29    16    16106.74    5    2
(advertise)    0    16119.49    32    16
(advertise)    0    16141.7    1    16
(relay)    23    16    16162.51    16    16100.87    3    1
(advertise)    0    16164.11    16    16
(relay)    23    19    16206.73    16    16144.27    3    1
(advertise)    0    16206.93    19    16
(relay)    32    35    16230.34    16    16205.27    2    1
(advertise)    0    16230.74    35    16
(relay)    32    39    16278.15    16    16253.18    2    1
(advertise)    0    16278.35    39    16
(relay)    23    8    16307.17    16    16305.0    3    1
(advertise)    0    16307.57    8    16
(relay)    32    5    16351.58    16    16349.21    2    1
(advertise)    0    16351.78    5    16
(relay)    23    14    16374.59    16    16369.05    3    1
(advertise)    0    16375.19    14    16
(relay)    23    37    16398.4    16    16363.13    1    1
(relay)    1    20    16422.4    16    16415.07    2    1
(advertise)    0    16422.6    20    16
(relay)    21    21    16427.82    16    16427.62    5    1
(advertise)    0    16444.02    21    16
(relay)    32    40    16466.03    16    16400.04    2    1
(advertise)    0    16468.03    40    16
(relay)    23    23    16475.44    16    16474.92    4    1
(advertise)    0    16490.44    23    16
(relay)    23    22    16508.26    16    16507.13    3    1
(relay)    32    29    16510.66    16    16489.78    2    2
(advertise)    0    16511.46    22    16
(advertise)    0    16533.07    29    16
(relay)    23    26    16551.88    16    16522.85    3    1
(advertise)    0    16554.48    26    16
(relay)    23    30    16574.7    16    16499.42    1    1
(relay)    23    44    16596.9    16    16524.71    2    1
(advertise)    0    16597.1    44    16
(relay)    23    6    16617.31    16    16595.42    1    1
(relay)    23    27    16640.31    16    16634.22    2    1
(advertise)    0    16640.51    27    16
(heartbeat)    31    4    16674.24    0    16677.32    3    9
(advertise)    0    16677.52    31    4
(relay)    23    18    16699.73    16    16698.81    3    1
(advertise)    0    16700.33    18    16
(relay)    32    48    16762.15    16    16758.18    2    1
(advertise)    0    16762.35    48    16
(generate)    0    16821.96    [1, 6, 7, 19]    16
(relay)    23    42    16847.37    16    16829.6    2    1
(advertise)    0    16847.57    42    16
(relay)    32    36    16998.79    16    16997.3    2    1
(advertise)    0    16998.99    36    16
(relay)    33    33    17010.4    18    17009.75    5    1
(advertise)    0    17022.2    33    18
(relay)    23    24    17048.61    17    17038.21    2    1
(advertise)    0    17049.01    24    17
(relay)    23    4    17098.83    17    17094.9    1    1
(relay)    32    32    17104.23    17    17103.66    4    1
(advertise)    0    17104.43    32    17
(relay)    1    1    17107.44    17    17106.81    5    1
(advertise)    0    17127.64    1    17
(relay)    23    10    17164.25    17    17100.08    1    1
(relay)    32    38    17168.05    17    17156.17    2    1
(advertise)    0    17168.25    38    17
(relay)    23    16    17186.26    17    17100.94    1    1
(relay)    32    35    17213.06    17    17205.37    2    1
(advertise)    0    17213.26    35    17
(relay)    23    19    17230.68    17    17144.39    2    1
(advertise)    0    17235.68    19    17
(relay)    32    39    17256.89    17    17253.21    2    1
(advertise)    0    17258.49    39    17
(relay)    23    8    17307.3    17    17305.0    3    1
(advertise)    0    17307.5    8    17
(relay)    32    5    17350.52    17    17349.35    2    1
(advertise)    0    17350.72    5    17
(relay)    32    37    17374.13    17    17363.24    2    1
(advertise)    0    17374.33    37    17
(relay)    23    20    17416.74    17    17415.2    3    1
(advertise)    0    17416.94    20    17
(relay)    21    21    17427.96    17    17427.76    5    1
(advertise)    0    17439.76    21    17
(relay)    23    11    17459.77    17    17404.63    1    1
(relay)    32    28    17465.17    17    17405.76    2    1
(advertise)    0    17465.57    28    17
(relay)    23    23    17475.98    17    17474.93    4    1
(advertise)    0    17487.38    23    17
(relay)    23    22    17507.99    17    17507.32    3    1
(advertise)    0    17508.59    22    17
(relay)    32    30    17530.61    17    17499.56    2    1
(advertise)    0    17531.21    30    17
(relay)    23    29    17576.42    17    17489.97    1    1
(relay)    32    43    17577.02    17    17519.39    2    1
(advertise)    0    17577.22    43    17
(relay)    32    6    17599.03    17    17595.48    2    1
(advertise)    0    17599.23    6    17
(relay)    23    44    17619.05    17    17524.79    2    1
(advertise)    0    17620.65    44    17
(relay)    32    27    17642.26    17    17634.23    2    1
(advertise)    0    17642.46    27    17
(relay)    23    18    17699.27    17    17698.89    3    1
(advertise)    0    17699.47    18    17
(relay)    32    48    17763.09    17    17758.29    2    1
(advertise)    0    17763.29    48    17
(generate)    0    17822.1    [1, 6, 7, 19]    17
(relay)    23    42    17849.91    17    17829.68    2    1
(advertise)    0    17850.11    42    17
(relay)    32    36    17999.12    17    17997.44    2    1
(advertise)    0    17999.32    36    17
(relay)    33    33    18010.54    19    18009.89    5    1
(advertise)    0    18021.34    33    19
(relay)    23    24    18044.35    18    18038.32    2    1
(advertise)    0    18044.75    24    18
(relay)    23    4    18099.16    18    18095.0    2    1
(advertise)    0    18099.36    4    18
(relay)    32    32    18104.78    18    18103.83    4    1
(relay)    1    1    18107.98    18    18107.0    5    2
(advertise)    0    18121.18    32    18
(relay)    32    10    18122.39    18    18100.26    1    2
(advertise)    0    18143.19    1    18
(relay)    32    16    18170.0    18    18101.03    1    1
(relay)    32    38    18192.4    18    18156.2    2    1
(advertise)    0    18192.6    38    18
(relay)    23    19    18211.22    18    18144.54    2    1
(advertise)    0    18214.62    19    18
(relay)    32    35    18235.23    18    18205.48    2    1
(advertise)    0    18237.63    35    18
(relay)    32    12    18275.24    18    18249.7    2    1
(advertise)    0    18275.44    12    18
(relay)    32    39    18297.85    18    18253.25    2    1
(advertise)    0    18298.85    39    18
(relay)    32    8    18319.67    18    18305.17    2    1
(advertise)    0    18323.07    8    18
(relay)    32    5    18351.28    18    18349.49    2    1
(advertise)    0    18351.48    5    18
(relay)    32    37    18375.09    18    18363.37    2    1
(relay)    23    14    18375.49    18    18369.26    1    2
(advertise)    0    18375.69    37    18
(relay)    32    20    18416.51    18    18415.32    2    1
(advertise)    0    18416.71    20    18
(relay)    21    21    18428.12    18    18427.92    5    1
(relay)    32    40    18437.92    18    18400.26    2    2
(advertise)    0    18438.72    21    18
(advertise)    0    18460.73    40    18
(relay)    23    23    18475.95    18    18474.97    4    1
(advertise)    0    18482.15    23    18
(relay)    32    28    18485.96    18    18405.89    2    1
(relay)    23    11    18486.56    18    18404.79    1    2
(advertise)    0    18504.56    28    18
(relay)    32    29    18530.37    18    18490.0    2    1
(advertise)    0    18530.57    29    18
(relay)    32    30    18551.78    18    18499.67    2    1
(advertise)    0    18552.58    30    18
(relay)    23    26    18554.0    18    18523.26    1    1
(relay)    23    44    18600.4    18    18524.89    2    1
(advertise)    0    18600.6    44    18
(relay)    32    6    18625.21    18    18595.5    2    1
(advertise)    0    18625.81    6    18
(relay)    32    27    18647.22    18    18634.28    2    1
(advertise)    0    18649.62    27    18
(relay)    23    18    18699.84    18    18698.99    3    1
(advertise)    0    18700.04    18    18
(relay)    23    48    18760.25    18    18758.43    3    1
(advertise)    0    18760.45    48    18
(generate)    0    18822.26    [1, 6, 7, 19]    18
(relay)    23    42    18850.48    18    18829.77    2    1
(advertise)    0    18850.68    42    18
(relay)    32    36    19000.09    18    18997.55    2    1
(advertise)    0    19000.29    36    18
(relay)    33    33    19011.1    20    19010.04    5    1
(advertise)    0    19022.9    33    20
(relay)    23    24    19044.51    19    19038.46    2    1
(advertise)    0    19044.71    24    19
(relay)    23    4    19099.33    19    19095.07    2    1
(advertise)    0    19099.53    4    19
(relay)    32    32    19104.94    19    19104.02    4    1
(relay)    1    1    19108.14    19    19107.2    5    2
(relay)    32    10    19123.14    19    19100.29    1    3
(advertise)    0    19123.34    32    19
(advertise)    0    19144.55    1    19
(relay)    32    16    19168.37    19    19101.13    1    1
(relay)    32    38    19193.37    19    19156.2    2    1
(advertise)    0    19193.57    38    19
(relay)    32    19    19214.78    19    19144.65    1    1
(relay)    32    35    19237.58    19    19205.59    2    1
(advertise)    0    19237.78    35    19
(relay)    23    12    19273.79    19    19249.82    3    1
(advertise)    0    19273.99    12    19
(relay)    32    39    19297.61    19    19253.26    2    1
(advertise)    0    19298.01    39    19
(relay)    32    8    19318.62    19    19305.17    2    1
(advertise)    0    19320.02    8    19
(relay)    32    5    19351.83    19    19349.58    2    1
(advertise)    0    19352.03    5    19
(relay)    23    14    19374.84    19    19369.37    1    1
(relay)    32    37    19376.04    19    19363.47    2    1
(advertise)    0    19376.64    37    19
(relay)    23    11    19406.06    19    19404.91    1    1
(relay)    32    40    19419.66    19    19400.29    2    1
(advertise)    0    19419.86    40    19
(relay)    1    21    19429.07    19    19428.07    4    1
(advertise)    0    19442.27    21    19
(relay)    23    20    19449.48    19    19415.45    3    1
(advertise)    0    19465.88    20    19
(relay)    23    23    19475.9    19    19474.99    4    1
(advertise)    0    19488.1    23    19
(relay)    23    22    19507.91    19    19507.5    3    1
(relay)    32    29    19508.91    19    19490.01    2    2
(advertise)    0    19509.11    22    19
(advertise)    0    19530.32    29    19
(relay)    23    26    19550.94    19    19523.36    1    1
(relay)    32    30    19567.14    19    19499.78    1    1
(relay)    23    44    19573.34    19    19524.95    2    1
(advertise)    0    19573.54    44    19
(relay)    32    43    19610.95    19    19519.62    2    1
(advertise)    0    19611.15    43    19
(relay)    32    6    19631.96    19    19595.54    2    1
(advertise)    0    19632.16    6    19
(relay)    32    27    19653.77    19    19634.32    2    1
(advertise)    0    19654.17    27    19
(relay)    23    18    19700.39    19    19699.09    3    1
(advertise)    0    19700.59    18    19
(relay)    23    48    19759.4    19    19758.52    3    1
(advertise)    0    19759.6    48    19
(generate)    0    19822.41    [1, 6, 7, 19]    19
(relay)    23    42    19849.83    19    19829.83    2    1
(advertise)    0    19850.03    42    19
(relay)    32    36    20000.64    19    19997.66    2    1
(advertise)    0    20000.84    36    19
(relay)    33    33    20011.25    21    20010.19    5    1
(advertise)    0    20021.85    33    21
(relay)    23    24    20046.47    20    20038.58    2    1
(advertise)    0    20047.27    24    20
(relay)    32    32    20105.28    20    20104.21    4    1
(advertise)    0    20105.48    32    20
(relay)    1    1    20108.49    20    20107.43    5    1
(relay)    32    10    20124.09    20    20100.3    1    2
(advertise)    0    20126.89    1    20
(relay)    23    16    20165.5    20    20101.21    2    1
(advertise)    0    20165.7    16    20
(relay)    23    19    20189.32    20    20144.81    2    1
(advertise)    0    20189.72    19    20
(relay)    32    38    20215.33    20    20156.24    2    1
(advertise)    0    20215.73    38    20
(relay)    32    35    20238.94    20    20205.7    2    1
(advertise)    0    20239.34    35    20
(relay)    32    39    20261.36    20    20253.29    2    1
(relay)    23    12    20261.76    20    20249.93    2    2
(advertise)    0    20262.16    39    20
(advertise)    0    20283.37    12    20
(relay)    23    8    20305.78    20    20305.35    3    1
(advertise)    0    20306.98    8    20
(relay)    32    5    20352.2    20    20349.7    2    1
(advertise)    0    20352.4    5    20
(relay)    32    37    20375.41    20    20363.58    2    1
(advertise)    0    20375.61    37    20
(relay)    32    14    20399.42    20    20369.48    1    1
(relay)    23    20    20421.22    20    20415.57    3    1
(advertise)    0    20421.42    20    20
(relay)    21    21    20428.83    20    20428.21    5    1
(advertise)    0    20444.03    21    20
(relay)    23    11    20465.05    20    20405.01    1    1
(relay)    32    40    20470.05    20    20400.32    1    1
(relay)    21    23    20476.45    20    20474.99    3    1
(advertise)    0    20476.65    23    20
(relay)    23    28    20508.46    20    20406.12    1    1
(relay)    23    22    20530.66    20    20507.66    2    1
(advertise)    0    20530.86    22    20
(relay)    23    26    20553.47    20    20523.48    2    1
(advertise)    0    20553.87    26    20
(relay)    23    44    20573.49    20    20525.04    2    1
(advertise)    0    20575.09    44    20
(relay)    32    43    20578.5    20    20519.71    2    1
(relay)    23    30    20594.7    20    20499.92    1    2
(advertise)    0    20597.1    43    20
(relay)    23    27    20640.71    20    20634.34    2    1
(advertise)    0    20640.91    27    20
(relay)    32    6    20647.33    20    20595.57    2    1
(advertise)    0    20664.53    6    20
(heartbeat)    31    5    20674.25    0    20682.14    3    9
(advertise)    0    20687.54    31    5
(relay)    23    18    20703.95    20    20699.2    3    1
(advertise)    0    20709.75    18    20
(generate)    0    20822.56    [1, 6, 7, 19]    20
(relay)    23    42    20848.58    20    20829.9    2    1
(advertise)    0    20848.78    42    20
(relay)    32    36    21000.79    20    20997.77    2    1
(advertise)    0    21000.99    36    20
(relay)    33    33    21011.4    22    21010.34    5    1
(advertise)    0    21023.4    33    22
(relay)    23    24    21044.82    21    21038.7    2    1
(advertise)    0    21046.62    24    21
(relay)    32    4    21101.23    21    21095.27    1    1
(relay)    32    32    21105.23    21    21104.24    4    1
(advertise)    0    21105.43    32    21
(relay)    1    1    21107.64    21    21107.47    5    1
(relay)    23    10    21121.44    21    21100.32    1    2
(advertise)    0    21126.84    1    21
(relay)    23    16    21189.86    21    21101.27    1    1
(relay)    32    19    21190.86    21    21145.0    1    1
(relay)    32    38    21215.66    21    21156.26    1    1
(relay)    32    35    21237.66    21    21205.8    2    1
(advertise)    0    21237.86    35    21
(relay)    32    39    21260.87    21    21253.32    2    1
(advertise)    0    21261.47    39    21
(relay)    23    12    21274.88    21    21250.06    3    1
(advertise)    0    21282.68    12    21
(relay)    32    8    21306.49    21    21305.54    2    1
(advertise)    0    21306.69    8    21
(relay)    32    5    21353.71    21    21349.82    2    1
(advertise)    0    21353.91    5    21
(relay)    23    14    21375.32    21    21369.59    1    1
(relay)    21    37    21377.72    21    21363.69    1    1
(relay)    1    20    21418.92    21    21415.67    1    1
(relay)    21    21    21428.92    21    21428.31    5    1
(advertise)    0    21429.12    21    21
(relay)    32    40    21442.33    21    21400.36    2    1
(advertise)    0    21450.53    40    21
(relay)    23    11    21461.95    21    21405.16    1    1
(relay)    23    23    21475.15    21    21475.02    4    1
(advertise)    0    21475.95    23    21
(relay)    32    28    21485.16    21    21406.25    2    1
(advertise)    0    21497.96    28    21
(relay)    23    22    21528.37    21    21507.67    3    1
(advertise)    0    21528.57    22    21
(relay)    32    29    21530.39    21    21490.23    2    1
(relay)    23    26    21549.59    21    21523.61    2    2
(advertise)    0    21551.19    29    21
(relay)    32    30    21552.6    21    21500.06    2    2
(advertise)    0    21572.6    26    21
(relay)    23    44    21593.41    21    21525.15    2    2
(advertise)    0    21595.41    30    21
(relay)    32    43    21597.42    21    21519.77    2    2
(advertise)    0    21616.62    44    21
(relay)    23    27    21636.84    21    21634.36    2    2
(advertise)    0    21638.84    43    21
(advertise)    0    21661.05    27    21
(relay)    33    6    21664.46    21    21595.64    1    1
(relay)    23    18    21700.46    21    21699.28    3    1
(advertise)    0    21700.66    18    21
(relay)    23    48    21759.68    21    21758.71    3    1
(advertise)    0    21759.88    48    21
(generate)    0    21822.69    [1, 6, 7, 19]    21
(relay)    23    42    21847.3    21    21830.0    2    1
(advertise)    0    21847.5    42    21
(relay)    32    36    22001.12    21    21997.87    2    1
(advertise)    0    22001.32    36    21
(relay)    33    33    22010.53    23    22010.46    5    1
(advertise)    0    22022.33    33    23
(relay)    23    24    22046.14    22    22038.82    2    1
(advertise)    0    22046.34    24    22
(relay)    23    4    22097.35    22    22095.36    2    1
(advertise)    0    22097.55    4    22
(relay)    32    32    22104.37    22    22104.24    4    1
(relay)    1    1    22107.57    22    22107.5    5    2
(advertise)    0    22119.37    32    22
(advertise)    0    22142.78    1    22
(relay)    23    10    22162.99    22    22100.33    1    1
(relay)    32    38    22174.79    22    22156.31    2    1
(advertise)    0    22174.99    38    22
(relay)    23    16    22186.61    22    22101.33    1    1
(relay)    32    35    22217.81    22    22205.89    2    1
(advertise)    0    22218.01    35    22
(relay)    32    19    22241.42    22    22145.12    1    1
(relay)    32    39    22265.02    22    22253.36    2    1
(advertise)    0    22265.22    39    22
(relay)    23    12    22273.83    22    22250.16    3    1
(advertise)    0    22287.23    12    22
(relay)    32    8    22318.25    22    22305.7    2    1
(advertise)    0    22318.45    8    22
(relay)    32    5    22365.06    22    22349.96    2    1
(advertise)    0    22365.26    5    22
(relay)    23    14    22385.47    22    22369.7    2    1
(advertise)    0    22386.27    14    22
(relay)    32    40    22408.28    22    22400.38    2    1
(relay)    23    37    22409.28    22    22363.83    1    2
(advertise)    0    22410.48    40    22
(relay)    21    21    22429.1    22    22428.47    5    1
(advertise)    0    22432.3    21    22
(relay)    1    20    22451.91    22    22415.81    2    1
(advertise)    0    22454.91    20    22
(relay)    23    23    22475.12    22    22475.05    4    1
(relay)    23    11    22476.72    22    22405.32    1    2
(advertise)    0    22478.52    23    22
(relay)    32    29    22498.74    22    22490.25    2    1
(advertise)    0    22501.14    29    22
(relay)    32    30    22523.15    22    22500.17    2    1
(advertise)    0    22523.35    30    22
(relay)    23    22    22525.76    22    22507.8    3    1
(advertise)    0    22546.56    22    22
(relay)    23    26    22568.78    22    22523.76    2    1
(advertise)    0    22570.58    26    22
(relay)    23    44    22592.99    22    22525.25    2    1
(advertise)    0    22593.59    44    22
(relay)    32    6    22616.2    22    22595.66    2    1
(advertise)    0    22617.4    6    22
(relay)    32    43    22638.21    22    22519.87    1    1
(relay)    32    27    22658.41    22    22634.41    1    1
(relay)    23    18    22701.61    22    22699.37    3    1
(advertise)    0    22701.81    18    22
(relay)    23    48    22760.43    22    22758.82    3    1
(advertise)    0    22760.63    48    22
(generate)    0    22822.84    [1, 6, 7, 19]    22
(relay)    23    42    22847.45    22    22830.1    2    1
(advertise)    0    22847.65    42    22
(relay)    32    36    22999.67    22    22998.0    2    1
(advertise)    0    22999.87    36    22
(relay)    33    33    23010.68    24    23010.61    5    1
(advertise)    0    23022.08    33    24
(relay)    23    24    23046.29    23    23038.93    2    1
(advertise)    0    23046.89    24    23
(relay)    23    4    23096.71    23    23095.46    2    1
(advertise)    0    23096.91    4    23
(relay)    32    32    23104.52    23    23104.43    4    1
(relay)    1    1    23107.72    23    23107.52    5    2
(advertise)    0    23118.32    32    23
(advertise)    0    23139.33    1    23
(relay)    32    16    23165.94    23    23101.43    1    1
(relay)    32    38    23190.34    23    23156.31    2    1
(advertise)    0    23190.54    38    23
(relay)    23    19    23205.16    23    23145.27    2    1
(advertise)    0    23212.56    19    23
(relay)    32    35    23235.57    23    23206.0    2    1
(advertise)    0    23236.17    35    23
(relay)    32    39    23259.18    23    23253.55    2    1
(advertise)    0    23259.58    39    23
(relay)    23    12    23275.4    23    23250.29    3    1
(advertise)    0    23282.6    12    23
(relay)    32    8    23307.41    23    23305.88    2    1
(advertise)    0    23307.61    8    23
(relay)    32    5    23354.62    23    23350.08    2    1
(advertise)    0    23354.82    5    23
(relay)    23    14    23370.84    23    23369.82    1    1
(relay)    32    37    23376.44    23    23363.94    2    1
(advertise)    0    23377.04    37    23
(relay)    23    20    23418.65    23    23415.93    3    1
(advertise)    0    23418.85    20    23
(relay)    21    21    23429.66    23    23428.65    5    1
(advertise)    0    23440.46    21    23
(relay)    32    40    23442.27    23    23400.62    2    1
(relay)    23    11    23461.87    23    23405.48    1    2
(advertise)    0    23462.67    40    23
(relay)    23    23    23475.29    23    23475.28    4    1
(advertise)    0    23484.49    23    23
(relay)    21    28    23497.3    23    23406.51    1    1
(relay)    32    29    23529.7    23    23490.67    2    1
(advertise)    0    23529.9    29    23
(relay)    1    22    23531.11    23    23507.98    2    1
(relay)    23    26    23550.51    23    23523.88    2    2
(relay)    32    30    23551.11    23    23500.32    2    3
(advertise)    0    23551.51    22    23
(relay)    23    44    23572.13    23    23525.35    2    3
(advertise)    0    23575.73    26    23
(advertise)    0    23596.94    30    23
(relay)    32    43    23618.95    23    23520.0    2    2
(advertise)    0    23619.95    44    23
(relay)    23    27    23640.97    23    23634.43    2    2
(advertise)    0    23641.37    43    23
(relay)    32    6    23662.98    23    23595.74    1    2
(advertise)    0    23663.98    27    23
(relay)    23    18    23701.59    23    23699.46    3    1
(advertise)    0    23701.79    18    23
(generate)    0    23823.0    [1, 6, 7, 19]    23
(relay)    23    42    23847.62    23    23830.2    2    1
(advertise)    0    23847.82    42    23
(relay)    32    36    23999.63    23    23998.07    2    1
(advertise)    0    23999.83    36    23
(relay)    33    33    24010.84    25    24010.79    5    1
(advertise)    0    24022.24    33    25
(relay)    23    24    24046.06    24    24039.05    2    1
(advertise)    0    24046.26    24    24
(relay)    32    10    24100.87    24    24100.34    1    1
(relay)    32    32    24104.47    24    24104.46    4    1
(advertise)    0    24104.67    32    24
(relay)    1    1    24107.68    24    24107.56    5    1
(advertise)    0    24129.48    1    24
(relay)    23    16    24167.9    24    24101.5    2    1
(advertise)    0    24168.1    16    24
(relay)    21    38    24190.31    24    24156.33    1    1
(relay)    23    19    24214.11    24    24145.44    2    1
(advertise)    0    24214.31    19    24
(relay)    32    35    24239.32    24    24206.07    2    1
(advertise)    0    24239.92    35    24
(relay)    32    12    24281.73    24    24250.42    1    1
(relay)    23    8    24307.33    24    24306.04    3    1
(advertise)    0    24307.53    8    24
(relay)    32    5    24351.95    24    24350.18    2    1
(advertise)    0    24352.15    5    24
(relay)    23    14    24373.96    24    24369.94    1    1
(relay)    32    37    24375.36    24    24364.01    2    1
(advertise)    0    24375.96    37    24
(relay)    32    40    24403.57    24    24400.65    2    1
(advertise)    0    24403.77    40    24
(relay)    32    28    24428.79    24    24406.62    2    1
(advertise)    0    24428.99    28    24
(relay)    21    21    24431.0    24    24429.99    5    1
(advertise)    0    24450.4    21    24
(relay)    32    20    24472.61    24    24416.22    2    1
(advertise)    0    24473.61    20    24
(relay)    23    23    24476.03    24    24475.47    4    1
(advertise)    0    24496.43    23    24
(relay)    23    11    24506.44    24    24405.62    1    1
(relay)    32    29    24517.84    24    24490.67    2    1
(advertise)    0    24519.84    29    24
(relay)    23    22    24528.65    24    24508.13    3    1
(advertise)    0    24541.65    22    24
(relay)    32    43    24564.66    24    24520.12    2    1
(advertise)    0    24565.06    43    24
(relay)    23    26    24575.28    24    24523.99    1    1
(relay)    32    30    24587.68    24    24500.44    1    1
(relay)    23    44    24598.08    24    24525.45    2    1
(advertise)    0    24598.28    44    24
(relay)    32    6    24630.89    24    24595.78    2    1
(advertise)    0    24631.09    6    24
(relay)    32    27    24652.7    24    24634.47    2    1
(advertise)    0    24653.5    27    24
(heartbeat)    31    6    24674.27    0    24676.72    3    9
(advertise)    0    24677.12    31    6
(relay)    32    18    24716.93    24    24699.57    1    1
(generate)    0    24823.13    [1, 6, 7, 19]    24
(relay)    23    42    24851.14    24    24830.31    2    1
(advertise)    0    24851.34    42    24
(relay)    32    36    24998.96    24    24998.2    2    1
(advertise)    0    24999.16    36    24
(relay)    33    33    25011.57    26    25010.92    5    1
(advertise)    0    25022.57    33    26
(relay)    23    24    25041.98    25    25039.17    2    1
(advertise)    0    25045.38    24    25
(relay)    32    4    25097.59    25    25095.66    1    1
(relay)    32    32    25105.19    25    25104.63    4    1
(advertise)    0    25105.39    32    25
(relay)    1    1    25108.21    25    25107.56    5    1
(relay)    32    10    25121.21    25    25100.38    1    2
(advertise)    0    25127.81    1    25
(relay)    23    16    25172.42    25    25101.64    2    1
(advertise)    0    25172.62    16    25
(relay)    32    38    25195.63    25    25156.56    2    1
(advertise)    0    25195.83    38    25
(relay)    1    19    25218.45    25    25145.63    1    1
(relay)    33    35    25219.85    25    25206.17    1    1
(relay)    23    12    25252.45    25    25250.56    3    1
(advertise)    0    25252.65    12    25
(relay)    32    39    25282.86    25    25253.59    2    1
(advertise)    0    25283.06    39    25
(relay)    23    8    25307.87    25    25306.04    3    1
(advertise)    0    25308.07    8    25
(relay)    32    5    25354.09    25    25350.3    2    1
(advertise)    0    25354.29    5    25
(relay)    23    14    25372.3    25    25370.08    1    1
(relay)    32    37    25379.5    25    25364.14    2    1
(advertise)    0    25379.9    37    25
(relay)    32    40    25404.31    25    25400.67    2    1
(advertise)    0    25404.51    40    25
(relay)    32    28    25427.52    25    25406.75    2    1
(advertise)    0    25427.92    28    25
(relay)    1    21    25431.54    25    25430.12    4    1
(relay)    23    20    25440.14    25    25416.37    3    2
(advertise)    0    25449.74    21    25
(advertise)    0    25473.15    20    25
(relay)    23    23    25475.96    25    25475.47    4    1
(advertise)    0    25494.16    23    25
(relay)    23    11    25506.18    25    25405.76    2    1
(relay)    32    29    25516.38    25    25490.69    2    2
(advertise)    0    25516.98    11    25
(relay)    23    22    25527.19    25    25508.14    3    2
(advertise)    0    25538.39    29    25
(advertise)    0    25559.4    22    25
(relay)    23    26    25572.22    25    25524.15    2    1
(advertise)    0    25581.62    26    25
(relay)    23    44    25595.83    25    25526.75    2    1
(advertise)    0    25603.23    44    25
(relay)    32    6    25624.24    25    25595.79    2    1
(advertise)    0    25625.24    6    25
(relay)    23    27    25646.25    25    25634.51    2    1
(advertise)    0    25647.45    27    25
(relay)    23    48    25762.07    25    25759.18    3    1
(advertise)    0    25762.27    48    25
(generate)    0    25823.28    [1, 6, 7, 19]    25
(relay)    23    42    25848.69    25    25830.37    2    1
(advertise)    0    25848.89    42    25
(relay)    32    36    25999.11    25    25998.28    2    1
(advertise)    0    25999.31    36    25
(relay)    33    33    26011.72    27    26011.09    5    1
(advertise)    0    26020.32    33    27
(relay)    23    24    26047.53    26    26039.3    2    1
(advertise)    0    26047.73    24    26
(relay)    23    4    26098.55    26    26095.74    2    1
(advertise)    0    26098.75    4    26
(relay)    32    32    26105.16    26    26104.65    4    1
(relay)    1    1    26108.16    26    26107.62    5    2
(advertise)    0    26119.76    32    26
(relay)    32    10    26122.57    26    26100.39    1    2
(advertise)    0    26141.77    1    26
(relay)    32    16    26165.58    26    26101.77    1    1
(relay)    32    38    26188.98    26    26156.58    2    1
(advertise)    0    26189.18    38    26
(relay)    32    19    26213.8    26    26145.78    1    1
(relay)    32    35    26236.2    26    26206.26    2    1
(advertise)    0    26236.4    35    26
(relay)    23    12    26252.61    26    26250.71    3    1
(advertise)    0    26257.41    12    26
(relay)    32    39    26281.22    26    26253.79    2    1
(advertise)    0    26281.82    39    26
(relay)    23    8    26308.84    26    26306.22    3    1
(advertise)    0    26309.24    8    26
(relay)    32    5    26364.85    26    26350.37    2    1
(advertise)    0    26365.05    5    26
(relay)    23    14    26386.66    26    26370.2    1    1
(relay)    32    37    26387.66    26    26364.2    1    1
(relay)    23    11    26423.46    26    26405.88    2    1
(advertise)    0    26423.66    11    26
(relay)    21    21    26430.48    26    26430.28    5    1
(advertise)    0    26445.08    21    26
(relay)    23    20    26470.09    26    26416.47    2    1
(advertise)    0    26470.29    20    26
(relay)    23    23    26476.1    26    26475.47    4    1
(advertise)    0    26494.5    23    26
(relay)    32    40    26500.11    26    26400.87    2    1
(advertise)    0    26516.51    40    26
(relay)    23    22    26522.13    26    26508.3    3    1
(advertise)    0    26538.53    22    26
(relay)    23    29    26544.14    26    26490.74    1    1
(relay)    23    26    26566.14    26    26524.28    1    1
(relay)    23    44    26588.54    26    26526.82    2    1
(advertise)    0    26588.74    44    26
(relay)    23    30    26610.15    26    26500.65    1    1
(relay)    32    43    26612.95    26    26520.36    2    1
(advertise)    0    26613.55    43    26
(relay)    23    27    26654.37    26    26634.53    2    1
(advertise)    0    26654.57    27    26
(relay)    23    6    26677.58    26    26595.84    1    1
(relay)    23    18    26700.98    26    26699.8    3    1
(advertise)    0    26701.18    18    26
(relay)    23    48    26762.19    26    26759.28    3    1
(advertise)    0    26762.39    48    26
(generate)    0    26823.41    [1, 6, 7, 19]    26
(relay)    23    42    26849.62    26    26830.47    1    1
(relay)    32    36    27000.02    26    26998.38    2    1
(advertise)    0    27000.22    36    26
(relay)    33    33    27011.83    28    27011.21    5    1
(advertise)    0    27023.03    33    28
(relay)    23    24    27048.04    27    27039.41    2    1
(advertise)    0    27048.24    24    27
(relay)    23    4    27099.26    27    27095.81    1    1
(relay)    32    32    27105.26    27    27104.67    4    1
(advertise)    0    27105.46    32    27
(relay)    1    1    27108.27    27    27107.67    5    1
(relay)    32    10    27122.47    27    27100.4    1    2
(advertise)    0    27126.47    1    27
(relay)    32    16    27165.28    27    27101.84    1    1
(relay)    23    19    27210.48    27    27145.93    2    1
(advertise)    0    27210.68    19    27
(relay)    23    35    27232.9    27    27206.36    1    1
(relay)    33    12    27256.3    27    27250.83    2    1
(advertise)    0    27256.5    12    27
(relay)    23    8    27308.51    27    27306.39    3    1
(advertise)    0    27308.71    8    27
(relay)    32    5    27355.92    27    27350.55    2    1
(advertise)    0    27356.12    5    27
(relay)    23    14    27378.14    27    27370.28    1    1
(relay)    32    37    27379.54    27    27364.34    2    1
(advertise)    0    27379.94    37    27
(relay)    32    20    27418.55    27    27416.56    2    1
(advertise)    0    27418.75    20    27
(relay)    21    21    27430.56    27    27430.36    5    1
(relay)    32    40    27440.16    27    27400.93    2    2
(advertise)    0    27440.36    21    27
(advertise)    0    27462.77    40    27
(relay)    23    11    27465.19    27    27406.04    2    1
(relay)    23    23    27476.59    27    27475.49    4    2
(advertise)    0    27484.19    11    27
(relay)    32    28    27485.6    27    27407.01    2    2
(advertise)    0    27507.0    23    27
(advertise)    0    27529.01    28    27
(relay)    32    29    27551.43    27    27490.77    2    1
(advertise)    0    27552.43    29    27
(relay)    32    30    27573.04    27    27500.83    2    1
(advertise)    0    27574.44    30    27
(relay)    32    22    27594.45    27    27508.49    2    1
(relay)    23    44    27597.45    27    27526.89    1    2
(advertise)    0    27598.45    22    27
(relay)    32    43    27617.87    27    27520.51    1    1
(relay)    32    6    27639.47    27    27595.93    2    1
(advertise)    0    27639.67    6    27
(relay)    23    27    27643.28    27    27634.73    2    1
(advertise)    0    27662.08    27    27
(relay)    23    18    27700.29    27    27699.88    3    1
(advertise)    0    27700.49    18    27
(relay)    23    48    27762.7    27    27759.38    3    1
(advertise)    0    27762.9    48    27
(generate)    0    27823.52    [1, 6, 7, 19]    27
(relay)    23    42    27851.93    27    27830.56    2    1
(advertise)    0    27852.13    42    27
(relay)    32    36    28000.14    27    27998.52    2    1
(advertise)    0    28000.34    36    27
(relay)    33    33    28012.36    29    28011.32    5    1
(advertise)    0    28022.56    33    29
(relay)    33    24    28042.37    28    28039.52    1    1
(relay)    32    10    28103.37    28    28100.59    1    1
(relay)    32    32    28105.77    28    28104.84    4    1
(advertise)    0    28105.97    32    28
(relay)    1    1    28108.78    28    28107.68    5    1
(advertise)    0    28127.38    1    28
(relay)    32    16    28168.0    28    28101.93    1    1
(relay)    32    4    28191.4    28    28095.9    1    1
(relay)    23    19    28214.8    28    28146.08    2    1
(advertise)    0    28215.0    19    28
(relay)    23    38    28236.21    28    28156.64    1    1
(relay)    23    12    28258.21    28    28250.96    3    1
(advertise)    0    28258.41    12    28
(relay)    23    8    28308.62    28    28306.41    3    1
(advertise)    0    28308.82    8    28
(relay)    32    5    28357.83    28    28350.71    2    1
(advertise)    0    28358.03    5    28
(relay)    32    37    28381.45    28    28364.48    2    1
(advertise)    0    28381.85    37    28
(relay)    32    40    28404.66    28    28400.96    1    1
(relay)    23    11    28407.46    28    28406.13    2    1
(advertise)    0    28408.06    11    28
(relay)    21    21    28430.67    28    28430.47    5    1
(advertise)    0    28432.27    21    28
(relay)    32    28    28449.69    28    28407.17    2    1
(advertise)    0    28454.69    28    28
(relay)    1    20    28456.5    28    28416.68    2    1
(advertise)    0    28476.5    20    28
(relay)    23    22    28508.71    28    28508.49    3    1
(advertise)    0    28508.91    22    28
(relay)    32    29    28515.13    28    28490.82    2    1
(advertise)    0    28531.33    29    28
(relay)    23    26    28552.94    28    28524.49    2    1
(advertise)    0    28553.94    26    28
(relay)    32    30    28563.75    28    28501.0    2    1
(advertise)    0    28575.15    30    28
(relay)    23    44    28577.16    28    28527.15    2    1
(relay)    32    23    28585.76    28    28476.49    2    2
(advertise)    0    28597.56    44    28
(advertise)    0    28620.18    23    28
(relay)    32    43    28634.19    28    28520.64    2    1
(advertise)    0    28643.39    43    28
(heartbeat)    31    7    28674.28    0    28678.4    3    9
(advertise)    0    28678.6    31    7
(relay)    32    27    28700.82    28    28634.75    2    1
(advertise)    0    28702.02    27    28
(relay)    23    18    28722.83    28    28699.98    3    1
(advertise)    0    28724.03    18    28
(relay)    23    48    28762.64    28    28759.48    1    1
(generate)    0    28823.64    [1, 6, 7, 19]    28
(relay)    23    42    28851.26    28    28830.63    2    1
(advertise)    0    28851.46    42    28
(relay)    32    36    29000.87    28    28998.66    2    1
(advertise)    0    29001.07    36    28
(relay)    33    33    29012.48    30    29011.46    5    1
(advertise)    0    29023.48    33    30
(relay)    23    24    29048.89    29    29039.64    2    1
(advertise)    0    29049.89    24    29
(relay)    23    4    29100.71    29    29095.99    2    1
(advertise)    0    29100.91    4    29
(relay)    32    32    29105.92    29    29104.87    4    1
(relay)    1    1    29108.72    29    29107.73    5    2
(advertise)    0    29122.72    32    29
(advertise)    0    29145.13    1    29
(relay)    32    16    29165.55    29    29102.01    1    1
(relay)    23    10    29166.35    29    29100.62    1    1
(relay)    32    38    29186.95    29    29156.68    2    1
(advertise)    0    29187.15    38    29
(relay)    23    19    29210.36    29    29146.22    2    1
(advertise)    0    29211.96    19    29
(relay)    32    35    29252.77    29    29206.58    1    1
(relay)    32    39    29274.37    29    29253.93    2    1
(advertise)    0    29274.57    39    29
(relay)    32    12    29297.39    29    29251.08    2    1
(advertise)    0    29298.39    12    29
(relay)    32    8    29317.4    29    29306.6    2    1
(advertise)    0    29322.0    8    29
(relay)    32    5    29366.41    29    29350.85    2    1
(advertise)    0    29366.61    5    29
(relay)    23    14    29388.22    29    29370.45    1    1
(relay)    32    37    29389.02    29    29365.21    2    1
(advertise)    0    29389.22    37    29
(relay)    32    40    29411.64    29    29401.03    2    1
(advertise)    0    29411.84    40    29
(relay)    23    20    29431.05    29    29416.81    3    1
(advertise)    0    29433.25    20    29
(relay)    23    23    29477.46    29    29476.49    4    1
(advertise)    0    29477.66    23    29
(relay)    23    29    29501.28    29    29490.86    1    1
(relay)    23    22    29524.28    29    29508.68    3    1
(advertise)    0    29524.48    22    29
(relay)    23    30    29546.09    29    29501.15    1    1
(relay)    32    43    29546.89    29    29520.72    2    1
(advertise)    0    29547.69    43    29
(relay)    23    26    29567.1    29    29524.59    1    1
(relay)    32    6    29597.9    29    29596.02    2    1
(advertise)    0    29598.1    6    29
(relay)    23    44    29611.92    29    29527.25    2    1
(advertise)    0    29619.52    44    29
(relay)    32    27    29643.13    29    29634.81    2    1
(advertise)    0    29643.53    27    29
(relay)    23    18    29701.34    29    29700.05    3    1
(advertise)    0    29701.54    18    29
(relay)    23    48    29760.35    29    29759.59    3    1
(advertise)    0    29760.55    48    29
(generate)    0    29823.77    [1, 6, 7, 19]    29
(relay)    23    42    29850.18    29    29830.7    2    1
(advertise)    0    29850.38    42    29
