(relay)    12    33    32.6    1    7    122    1
(advertise)    16    33.0    33    1
(relay)    14    47    65.41    1    15    121    1
(advertise)    16    65.61    47    1
(relay)    26    33    1008.23    2    1007.03    124    1
(advertise)    16    1008.43    33    2
(relay)    44    47    1034.64    2    1015.04    123    1
(advertise)    16    1034.84    47    2
(relay)    26    24    1057.65    1    1035.85    126    1
(advertise)    16    1057.85    24    1
(relay)    44    9    1060.27    1    1055.05    124    1
(advertise)    16    1080.67    9    1
(relay)    4    4    1093.08    1    1093.08    127    1
(generate)    16    1099.08    [1, 6, 7, 19]    1
(advertise)    16    1101.69    4    1
(relay)    26    10    1103.3    1    1098.08    126    1
(advertise)    16    1123.9    10    1
(relay)    19    19    1142.72    1    1142.1    127    1
(advertise)    16    1145.32    19    1
(relay)    19    32    1189.13    1    1102.08    123    1
(advertise)    16    1189.33    32    1
(relay)    19    1    1212.94    1    1105.07    123    1
(advertise)    16    1213.14    1    1
(relay)    4    45    1239.36    1    1155.12    122    1
(advertise)    16    1239.56    45    1
(relay)    12    12    1248.17    1    1247.17    127    1
(advertise)    16    1260.57    12    1
(relay)    26    38    1284.78    1    1154.1    122    1
(advertise)    16    1285.38    38    1
(relay)    48    8    1308.4    1    1302.2    126    1
(advertise)    16    1308.8    8    1
(relay)    20    39    1331.41    1    1252.16    122    1
(advertise)    16    1333.01    39    1
(relay)    4    34    1359.42    1    1346.02    124    1
(advertise)    16    1359.62    34    1
(relay)    14    14    1367.03    1    1367.03    127    1
(advertise)    16    1380.83    14    1
(relay)    14    11    1402.85    1    1402.05    126    1
(advertise)    16    1403.85    11    1
(relay)    20    20    1413.66    1    1413.06    127    1
(advertise)    16    1425.06    20    1
(relay)    26    5    1427.67    1    1347.02    123    1
(advertise)    16    1446.27    5    1
(relay)    20    37    1469.89    1    1361.02    123    1
(advertise)    16    1470.09    37    1
(relay)    48    21    1495.1    1    1425.07    124    1
(advertise)    16    1495.5    21    1
(relay)    20    22    1517.11    1    1505.11    126    1
(advertise)    16    1518.11    22    1
(relay)    4    28    1519.33    1    1403.06    121    1
(relay)    26    26    1521.13    1    1520.13    127    2
(relay)    44    44    1521.53    1    1520.33    127    3
(relay)    26    23    1537.73    1    1473.1    125    4
(advertise)    16    1542.33    28    1
(relay)    20    46    1558.94    1    1318.01    120    4
(advertise)    16    1563.34    26    1
(advertise)    16    1585.15    44    1
(advertise)    16    1607.36    23    1
(relay)    4    40    1609.38    1    1399.05    120    2
(advertise)    16    1629.78    46    1
(relay)    44    3    1631.39    1    1559.14    124    2
(relay)    26    29    1646.99    1    1488.1    124    3
(advertise)    16    1653.79    40    1
(advertise)    16    1674.8    3    1
(relay)    26    27    1692.42    1    1633.19    125    2
(relay)    44    7    1693.22    1    1570.15    124    3
(advertise)    16    1696.82    29    1
(advertise)    16    1718.83    27    1
(relay)    26    30    1736.44    1    1497.11    123    2
(relay)    14    43    1738.24    1    1517.13    121    3
(advertise)    16    1740.64    7    1
(relay)    48    48    1756.66    1    1756.06    127    3
(advertise)    16    1762.66    30    1
(relay)    19    41    1783.27    1    1354.02    118    3
(advertise)    16    1784.27    43    1
(relay)    42    17    1805.28    1    1692.03    125    3
(advertise)    16    1806.48    48    1
(relay)    26    18    1822.89    1    1697.03    125    3
(relay)    42    25    1827.09    1    1687.02    124    4
(advertise)    16    1827.89    41    1
(advertise)    16    1848.91    17    1
(relay)    48    6    1851.72    1    1594.16    122    3
(advertise)    16    1870.12    18    1
(advertise)    16    1892.13    25    1
(relay)    48    0    1894.75    1    1819.11    123    2
(advertise)    16    1914.15    6    1
(relay)    14    42    1915.96    1    1828.11    126    2
(advertise)    16    1936.96    0    1
(advertise)    16    1957.97    42    1
(relay)    4    13    1964.99    1    1822.09    124    1
(relay)    48    15    1969.99    1    1859.12    119    2
(advertise)    16    1979.19    13    1
(relay)    44    2    1983.6    1    1805.07    122    2
(advertise)    16    2001.8    15    1
(advertise)    16    2025.01    2    1
(relay)    48    33    2036.62    3    2007.21    124    1
(advertise)    16    2046.82    33    3
(relay)    48    36    2060.24    1    1995.19    123    1
(advertise)    16    2070.24    36    1
(relay)    12    47    2071.65    3    2015.2    123    1
(advertise)    16    2093.25    47    3
(generate)    16    2099.26    [1, 6, 7, 19]    2
(relay)    26    10    2102.68    2    2098.26    126    1
(advertise)    16    2115.48    10    2
(relay)    12    9    2138.29    2    2055.22    124    1
(advertise)    16    2138.69    9    2
(relay)    19    19    2143.3    2    2142.28    127    1
(advertise)    16    2162.1    19    2
(relay)    26    32    2189.32    2    2102.28    124    1
(advertise)    16    2189.72    32    2
(relay)    26    1    2211.73    2    2105.25    122    1
(advertise)    16    2211.93    1    2
(relay)    26    38    2235.14    2    2155.29    122    1
(advertise)    16    2235.34    38    2
(relay)    12    12    2248.35    2    2247.34    127    1
(relay)    12    45    2250.35    2    2155.88    123    2
(advertise)    16    2257.35    12    2
(advertise)    16    2279.37    45    2
(relay)    48    8    2303.78    2    2302.38    126    1
(advertise)    16    2304.18    8    2
(relay)    48    4    2326.19    2    2093.25    116    1
(advertise)    16    2326.99    4    2
(relay)    42    39    2342.61    2    2252.34    120    1
(relay)    48    35    2347.21    2    2203.32    122    2
(advertise)    16    2350.81    39    2
(relay)    14    14    2367.42    2    2367.22    127    2
(advertise)    16    2371.82    35    2
(advertise)    16    2395.83    14    2
(relay)    14    34    2409.05    2    2346.17    124    1
(relay)    20    20    2414.25    2    2413.25    127    2
(advertise)    16    2418.05    34    2
(relay)    14    11    2430.66    2    2402.23    126    2
(advertise)    16    2439.06    20    2
(relay)    20    5    2446.87    2    2347.21    122    2
(advertise)    16    2460.27    11    2
(relay)    14    41    2475.28    2    2354.14    123    2
(advertise)    16    2483.28    5    2
(relay)    20    46    2491.7    2    2318.15    118    2
(advertise)    16    2504.3    41    2
(relay)    26    26    2521.31    2    2520.31    127    2
(relay)    4    44    2523.11    2    2520.5    126    3
(advertise)    16    2526.31    46    2
(advertise)    16    2547.72    26    2
(relay)    20    23    2559.34    2    2473.3    125    2
(advertise)    16    2571.94    44    2
(relay)    20    22    2580.35    2    2505.3    125    2
(advertise)    16    2594.15    23    2
(relay)    20    21    2604.36    2    2425.27    124    2
(advertise)    16    2617.16    22    2
(relay)    26    28    2637.77    2    2403.25    123    2
(advertise)    16    2638.17    21    2
(relay)    20    37    2649.39    2    2361.21    122    2
(advertise)    16    2659.59    28    2
(relay)    12    3    2669.2    2    2559.28    124    2
(advertise)    16    2681.2    37    2
(relay)    26    29    2684.41    2    2488.3    124    2
(advertise)    16    2703.21    3    2
(relay)    48    18    2720.23    2    2697.21    126    2
(relay)    14    7    2721.23    2    2570.3    124    3
(advertise)    16    2724.83    29    2
(relay)    26    40    2728.64    2    2399.23    122    3
(advertise)    16    2746.04    18    2
(relay)    48    48    2756.85    2    2756.25    127    3
(relay)    14    43    2767.25    2    2517.31    121    4
(advertise)    16    2768.05    7    2
(relay)    20    27    2785.67    2    2633.37    124    4
(relay)    44    17    2790.07    2    2692.17    125    5
(advertise)    16    2791.47    40    2
(advertise)    16    2814.28    48    2
(advertise)    16    2835.89    43    2
(advertise)    16    2857.9    27    2
(relay)    44    30    2859.32    2    2497.3    121    2
(advertise)    16    2880.12    17    2
(relay)    48    6    2897.73    2    2594.35    120    2
(relay)    4    42    2901.33    2    2828.28    126    3
(advertise)    16    2902.33    30    2
(advertise)    16    2924.34    6    2
(relay)    48    0    2944.16    2    2819.29    124    2
(advertise)    16    2947.36    42    2
(advertise)    16    2969.37    0    2
(relay)    26    25    2973.58    2    2687.16    119    1
(relay)    42    2    2986.78    2    2805.21    122    2
(advertise)    16    2990.78    25    2
(advertise)    16    3011.8    2    2
(relay)    48    33    3022.61    4    3007.41    124    1
(relay)    19    15    3031.61    2    2859.27    124    2
(advertise)    16    3033.41    33    4
(relay)    48    13    3047.22    2    2822.24    118    2
(advertise)    16    3055.22    15    2
(relay)    19    24    3076.23    3    3036.22    126    2
(advertise)    16    3076.63    13    2
(relay)    4    4    3093.65    3    3093.45    127    2
(generate)    16    3099.45    [1, 6, 7, 19]    3
(advertise)    16    3100.66    24    3
(relay)    26    10    3117.07    3    3098.45    126    2
(relay)    14    47    3119.67    4    3015.34    123    3
(advertise)    16    3124.87    4    3
(relay)    19    19    3143.49    3    3142.47    127    3
(advertise)    16    3147.69    10    3
(advertise)    16    3168.9    47    4
(advertise)    16    3191.71    19    3
(relay)    12    36    3203.93    2    2995.38    120    1
(advertise)    16    3215.53    36    2
(relay)    48    32    3221.94    3    3102.46    124    1
(relay)    19    9    3233.94    3    3055.36    124    2
(advertise)    16    3237.74    32    3
(relay)    48    1    3244.95    3    3105.45    124    2
(relay)    12    12    3247.55    3    3247.53    127    3
(advertise)    16    3259.95    9    3
(advertise)    16    3282.36    1    3
(relay)    4    45    3301.58    3    3156.03    122    2
(advertise)    16    3304.18    12    3
(relay)    48    38    3310.79    3    3155.46    122    2
(advertise)    16    3326.39    45    3
(relay)    20    8    3337.6    3    3302.56    126    2
(advertise)    16    3348.6    38    3
(relay)    14    14    3368.02    3    3367.42    127    2
(advertise)    16    3371.62    8    3
(advertise)    16    3395.43    14    3
(relay)    48    35    3400.24    3    3203.5    123    1
(relay)    20    20    3414.44    3    3413.44    127    2
(advertise)    16    3416.84    35    3
(advertise)    16    3438.86    20    3
(relay)    20    39    3446.47    3    3252.53    121    1
(relay)    12    11    3448.67    3    3402.43    126    2
(advertise)    16    3460.87    39    3
(relay)    14    34    3473.88    3    3346.33    124    2
(advertise)    16    3482.48    11    3
(relay)    20    5    3492.49    3    3347.39    122    2
(advertise)    16    3504.89    34    3
(relay)    20    21    3513.91    3    3425.46    124    2
(relay)    14    46    3519.11    3    3318.33    123    3
(relay)    44    44    3520.91    3    3520.68    127    4
(advertise)    16    3527.91    5    3
(advertise)    16    3549.32    21    3
(relay)    26    22    3556.13    3    3505.49    126    3
(relay)    19    26    3562.73    3    3520.51    126    4
(relay)    4    41    3567.13    3    3354.3    122    5
(advertise)    16    3571.33    46    3
(relay)    26    37    3579.95    3    3361.39    123    5
(relay)    20    23    3580.75    3    3473.49    125    6
(advertise)    16    3594.55    44    3
(advertise)    16    3616.76    22    3
(advertise)    16    3639.77    26    3
(advertise)    16    3661.19    41    3
(advertise)    16    3683.4    37    3
(advertise)    16    3706.41    23    3
(relay)    20    28    3708.62    3    3403.43    123    1
(relay)    14    3    3719.42    3    3559.44    124    2
(advertise)    16    3728.62    28    3
(relay)    20    40    3731.64    3    3399.4    121    2
(relay)    4    7    3743.44    3    3570.46    124    3
(advertise)    16    3750.64    3    3
(relay)    20    27    3752.65    3    3633.56    125    3
(relay)    48    48    3757.45    3    3756.45    127    4
(advertise)    16    3772.25    40    3
(relay)    26    29    3779.86    3    3488.49    123    4
(advertise)    16    3795.06    7    3
(relay)    48    18    3796.28    3    3697.41    126    4
(relay)    44    17    3815.48    3    3692.35    125    5
(advertise)    16    3817.08    27    3
(relay)    42    42    3829.09    3    3828.46    127    5
(relay)    4    43    3833.69    3    3517.49    122    6
(advertise)    16    3839.49    48    3
(advertise)    16    3862.9    29    3
(relay)    20    30    3864.92    3    3497.48    122    5
(advertise)    16    3887.32    18    3
(advertise)    16    3910.53    17    3
(advertise)    16    3932.54    42    3
(relay)    48    6    3952.35    3    3594.53    122    3
(advertise)    16    3953.55    43    3
(relay)    48    0    3973.17    3    3819.49    123    3
(advertise)    16    3977.17    30    3
(advertise)    16    3998.38    6    3
(relay)    4    13    4007.59    3    3822.41    124    2
(relay)    48    25    4016.59    3    3687.32    118    3
(advertise)    16    4021.39    0    3
(advertise)    16    4043.01    13    3
(relay)    12    15    4051.82    3    3859.41    124    2
(relay)    48    24    4059.62    4    4036.42    126    3
(advertise)    16    4064.22    25    3
(relay)    48    2    4082.03    3    3805.39    119    3
(advertise)    16    4086.83    15    3
(relay)    4    4    4094.25    4    4093.65    127    3
(generate)    16    4099.65    [1, 6, 7, 19]    4
(advertise)    16    4110.06    24    4
(relay)    20    33    4111.47    5    4007.61    124    3
(advertise)    16    4131.27    2    3
(relay)    19    19    4143.68    4    4142.68    127    3
(advertise)    16    4154.08    4    4
(relay)    26    10    4162.5    4    4098.65    126    3
(advertise)    16    4176.5    33    5
(advertise)    16    4197.91    19    4
(relay)    26    36    4207.12    3    3995.57    123    2
(relay)    4    47    4208.92    5    4015.53    123    3
(advertise)    16    4221.52    10    4
(advertise)    16    4243.14    36    3
(relay)    12    12    4247.95    4    4247.94    127    2
(relay)    48    32    4261.35    4    4102.66    124    3
(advertise)    16    4264.95    47    5
(relay)    48    1    4284.96    4    4105.65    124    3
(advertise)    16    4288.76    12    4
(relay)    4    45    4296.38    4    4156.23    123    3
(advertise)    16    4311.78    32    4
(advertise)    16    4333.19    1    4
(relay)    48    8    4351.4    4    4302.76    126    2
(advertise)    16    4356.4    45    4
(relay)    19    9    4363.61    4    4055.54    120    2
(relay)    14    14    4368.21    4    4367.61    127    3
(relay)    48    38    4374.21    4    4155.66    122    4
(advertise)    16    4377.41    8    4
(advertise)    16    4398.83    9    4
(relay)    20    20    4414.64    4    4413.64    127    3
(advertise)    16    4421.04    14    4
(relay)    4    11    4431.25    4    4402.63    126    3
(advertise)    16    4443.25    38    4
(relay)    48    35    4462.27    4    4203.7    123    3
(advertise)    16    4467.07    20    4
(advertise)    16    4489.08    11    4
(relay)    4    46    4498.29    4    4318.52    123    2
(relay)    48    39    4506.89    4    4252.71    122    3
(advertise)    16    4510.29    35    4
(relay)    44    44    4521.91    4    4521.89    127    3
(relay)    20    22    4531.91    4    4505.51    126    4
(advertise)    16    4532.71    46    4
(relay)    48    23    4548.52    4    4473.69    125    4
(advertise)    16    4556.12    39    4
(relay)    14    26    4568.93    4    4520.71    126    4
(relay)    12    41    4577.13    4    4354.5    123    5
(advertise)    16    4577.33    44    4
(advertise)    16    4598.54    22    4
(advertise)    16    4620.56    23    4
(relay)    26    5    4628.17    4    4347.59    123    3
(advertise)    16    4641.97    26    4
(relay)    26    37    4652.38    4    4361.59    123    3
(relay)    48    21    4658.18    4    4425.65    124    4
(advertise)    16    4664.18    41    4
(advertise)    16    4685.2    5    4
(advertise)    16    4707.81    37    4
(relay)    20    29    4730.82    4    4488.69    124    2
(advertise)    16    4732.82    21    4
(relay)    4    3    4740.24    4    4559.64    124    2
(relay)    14    28    4749.24    4    4404.03    121    3
(relay)    20    18    4752.44    4    4697.61    126    4
(advertise)    16    4755.24    29    4
(relay)    48    48    4757.65    4    4756.65    127    4
(relay)    26    27    4760.85    4    4633.57    125    5
(advertise)    16    4777.45    3    4
(advertise)    16    4799.46    28    4
(relay)    4    43    4804.87    4    4517.69    122    4
(advertise)    16    4821.87    18    4
(relay)    4    7    4827.29    4    4570.65    123    4
(relay)    42    42    4829.29    4    4828.66    127    5
(advertise)    16    4843.09    48    4
(relay)    48    40    4854.9    4    4399.41    121    5
(advertise)    16    4865.1    27    4
(relay)    4    17    4871.91    4    4692.54    125    5
(relay)    26    30    4874.51    4    4497.68    122    6
(advertise)    16    4889.11    43    4
(advertise)    16    4910.13    7    4
(heartbeat)    31    1    4674.2    16    4928.34    127    0
(advertise)    16    4931.14    42    4
(advertise)    16    4952.35    40    4
(relay)    26    34    4964.17    4    4346.52    120    4
(advertise)    16    4974.37    17    4
(advertise)    16    4996.98    30    4
(advertise)    16    5017.99    31    1
(relay)    48    2    5026.4    4    4805.57    119    2
(relay)    44    13    5028.0    4    4822.61    2    3
(advertise)    16    5039.0    34    4
(relay)    48    0    5049.42    4    4820.09    122    3
(advertise)    16    5060.62    2    4
(relay)    48    24    5070.83    5    5036.6    4    3
(advertise)    16    5083.63    13    4
(relay)    4    4    5094.44    5    5093.84    7    3
(relay)    48    33    5096.24    6    5007.8    2    4
(generate)    16    5099.84    [1, 6, 7, 19]    5
(advertise)    16    5105.66    0    4
(advertise)    16    5126.87    24    5
(relay)    48    10    5140.88    5    5098.84    1    3
(relay)    19    19    5143.08    5    5142.88    6    4
(advertise)    16    5148.48    4    5
(relay)    4    47    5166.1    6    5015.73    1    4
(advertise)    16    5170.7    33    6
(advertise)    16    5193.71    19    5
(relay)    48    32    5209.92    5    5102.86    1    1
(relay)    4    9    5212.12    5    5055.74    2    1
(advertise)    16    5217.12    9    5
(relay)    12    12    5248.33    5    5248.13    6    1
(advertise)    16    5248.53    12    5
(relay)    26    8    5305.15    5    5302.96    3    1
(advertise)    16    5305.35    8    5
(relay)    19    46    5328.96    5    5318.7    1    1
(relay)    14    14    5368.36    5    5367.79    6    1
(advertise)    16    5368.56    14    5
(relay)    14    41    5398.77    5    5354.67    2    1
(advertise)    16    5398.97    41    5
(relay)    20    20    5413.99    5    5413.79    5    1
(relay)    42    11    5419.99    5    5402.81    4    2
(advertise)    16    5421.39    20    5
(advertise)    16    5442.6    11    5
(relay)    20    21    5462.41    5    5425.81    2    1
(advertise)    16    5464.21    21    5
(relay)    20    23    5484.83    5    5473.89    2    1
(advertise)    16    5486.03    23    5
(relay)    20    22    5507.04    5    5505.68    3    1
(advertise)    16    5509.24    22    5
(relay)    26    26    5521.05    5    5520.86    5    1
(relay)    44    44    5522.05    5    5522.03    6    2
(advertise)    16    5530.85    26    5
(advertise)    16    5553.66    44    5
(relay)    19    7    5622.88    5    5570.79    1    1
(relay)    26    27    5635.48    5    5633.74    1    1
(relay)    20    18    5698.28    5    5697.69    4    1
(advertise)    16    5698.48    18    5
(relay)    12    17    5720.29    5    5692.66    2    1
(advertise)    16    5721.09    17    5
(relay)    48    48    5757.7    5    5756.7    5    1
(advertise)    16    5757.9    48    5
(relay)    19    0    5823.12    5    5820.13    1    1
(relay)    42    42    5829.32    5    5828.7    6    1
(advertise)    16    5829.52    42    5
(relay)    14    13    5853.33    5    5822.68    2    1
(advertise)    16    5853.53    13    5
(relay)    14    15    5874.94    5    5859.68    1    1
(relay)    20    33    6021.94    7    6007.98    2    1
(advertise)    16    6022.14    33    7
(relay)    42    9    6057.76    6    6055.9    2    1
(advertise)    16    6057.96    9    6
(relay)    14    24    6062.97    6    6036.77    3    1
(advertise)    16    6079.97    24    6
(relay)    4    4    6094.58    6    6093.99    7    1
(generate)    16    6099.98    [1, 6, 7, 19]    6
(advertise)    16    6101.19    4    6
(relay)    48    10    6123.61    6    6098.87    1    1
(relay)    19    19    6143.01    6    6142.9    6    1
(advertise)    16    6143.21    19    6
(relay)    20    32    6167.62    6    6102.92    1    1
(relay)    19    1    6178.62    6    6105.93    1    1
(relay)    12    12    6248.42    6    6248.27    6    1
(advertise)    16    6248.62    12    6
(relay)    48    8    6305.83    6    6303.35    3    1
(advertise)    16    6306.03    8    6
(relay)    19    46    6330.25    6    6318.81    1    1
(relay)    14    14    6368.45    6    6367.91    6    1
(advertise)    16    6368.65    14    6
(relay)    14    41    6396.46    6    6354.68    2    1
(advertise)    16    6396.86    41    6
(relay)    20    20    6414.07    6    6413.91    5    1
(relay)    12    11    6417.47    6    6402.98    4    2
(advertise)    16    6417.87    20    6
(advertise)    16    6439.49    11    6
(relay)    12    23    6477.5    6    6474.08    1    1
(relay)    26    21    6501.3    6    6425.95    1    1
(relay)    26    26    6521.1    6    6520.98    5    1
(advertise)    16    6521.3    26    6
(relay)    48    22    6523.91    6    6505.68    3    1
(advertise)    16    6542.51    22    6
(relay)    14    44    6545.12    6    6523.31    5    1
(advertise)    16    6564.12    44    6
(relay)    42    7    6590.54    6    6570.91    1    1
(relay)    48    27    6635.74    6    6633.8    1    1
(relay)    12    18    6698.34    6    6697.79    3    1
(advertise)    16    6698.54    18    6
(relay)    14    17    6720.35    6    6692.79    2    1
(advertise)    16    6720.95    17    6
(relay)    48    48    6757.76    6    6756.82    5    1
(advertise)    16    6757.96    48    6
(relay)    42    42    6829.78    6    6828.79    6    1
(advertise)    16    6829.98    42    6
(relay)    4    13    6853.59    6    6822.8    2    1
(advertise)    16    6854.19    13    6
(relay)    44    15    6874.8    6    6859.76    1    1
(relay)    42    47    7021.2    8    7015.96    1    1
(relay)    26    33    7022.4    8    7008.15    2    1
(advertise)    16    7022.6    33    8
(relay)    26    24    7045.42    7    7036.89    3    1
(advertise)    16    7046.62    24    7
(relay)    4    9    7069.43    7    7056.0    2    1
(advertise)    16    7069.83    9    7
(relay)    4    4    7094.64    7    7094.09    7    1
(advertise)    16    7094.84    4    7
(generate)    16    7100.05    [1, 6, 7, 19]    7
(relay)    26    10    7118.87    7    7098.89    2    1
(advertise)    16    7119.07    10    7
(relay)    19    19    7143.08    7    7143.05    6    1
(advertise)    16    7143.88    19    7
(relay)    26    32    7185.69    7    7102.93    1    1
(relay)    20    1    7186.69    7    7105.98    2    1
(advertise)    16    7186.89    1    7
(relay)    12    12    7248.91    7    7248.4    6    1
(advertise)    16    7249.11    12    7
(relay)    26    8    7306.12    7    7303.53    3    1
(advertise)    16    7306.32    8    7
(relay)    19    46    7329.53    7    7318.89    1    1
(relay)    14    14    7368.53    7    7368.04    6    1
(advertise)    16    7368.73    14    7
(relay)    4    41    7396.75    7    7354.69    2    1
(advertise)    16    7396.95    41    7
(relay)    20    20    7414.16    7    7414.01    5    1
(relay)    14    11    7417.16    7    7403.11    4    2
(advertise)    16    7418.16    20    7
(advertise)    16    7439.97    11    7
(relay)    20    21    7441.98    7    7426.13    2    1
(advertise)    16    7461.18    21    7
(relay)    20    23    7477.4    7    7474.1    2    1
(advertise)    16    7484.2    23    7
(relay)    20    22    7506.21    7    7505.84    3    1
(advertise)    16    7507.21    22    7
(relay)    26    26    7521.62    7    7521.1    5    1
(relay)    44    44    7524.02    7    7523.4    6    2
(advertise)    16    7529.42    26    7
(advertise)    16    7551.64    44    7
(relay)    26    27    7640.25    7    7633.83    1    1
(relay)    12    18    7698.45    7    7697.89    3    1
(advertise)    16    7698.65    18    7
(relay)    4    17    7712.46    7    7692.89    2    1
(advertise)    16    7720.86    17    7
(relay)    48    48    7757.88    7    7756.91    5    1
(advertise)    16    7758.08    48    7
(relay)    42    42    7829.89    7    7828.86    6    1
(advertise)    16    7830.09    42    7
(relay)    19    15    7876.9    7    7859.85    1    1
(relay)    12    33    8012.7    9    8008.31    1    1
(relay)    14    47    8020.9    9    8016.06    1    1
(relay)    26    24    8037.5    8    8037.02    4    1
(advertise)    16    8037.7    24    8
(relay)    14    9    8065.51    8    8056.1    2    1
(advertise)    16    8065.71    9    8
(relay)    4    4    8095.13    8    8094.17    7    1
(advertise)    16    8095.33    4    8
(generate)    16    8100.14    [1, 6, 7, 19]    8
(relay)    14    10    8137.95    8    8098.9    1    1
(relay)    19    19    8143.35    8    8143.16    6    1
(advertise)    16    8143.55    19    8
(relay)    20    32    8183.97    8    8102.94    1    1
(relay)    19    1    8185.57    8    8106.04    1    1
(relay)    12    12    8248.97    8    8248.51    6    1
(advertise)    16    8249.17    12    8
(relay)    26    8    8304.18    8    8303.72    3    1
(advertise)    16    8304.38    8    8
(relay)    19    46    8326.59    8    8318.99    1    1
(relay)    14    14    8369.19    8    8368.12    6    1
(advertise)    16    8369.39    14    8
(relay)    12    41    8395.41    8    8354.72    2    1
(advertise)    16    8395.61    41    8
(relay)    20    20    8414.22    8    8414.12    5    1
(relay)    19    11    8416.62    8    8403.25    4    2
(advertise)    16    8417.02    20    8
(advertise)    16    8440.63    11    8
(relay)    48    21    8466.44    8    8426.28    2    1
(advertise)    16    8466.64    21    8
(relay)    48    23    8487.66    8    8474.23    2    1
(advertise)    16    8489.26    23    8
(relay)    48    22    8508.87    8    8506.02    3    1
(advertise)    16    8510.47    22    8
(relay)    26    26    8521.68    8    8521.21    5    1
(relay)    44    44    8524.08    8    8523.47    6    2
(advertise)    16    8534.48    26    8
(advertise)    16    8557.5    44    8
(relay)    26    27    8662.71    8    8633.84    1    1
(heartbeat)    31    2    8674.21    16    8677.71    4    4
(advertise)    16    8677.91    31    2
(relay)    20    18    8701.32    8    8698.0    4    1
(advertise)    16    8701.52    18    8
(relay)    48    48    8757.14    8    8757.03    5    1
(advertise)    16    8757.34    48    8
(relay)    48    0    8824.15    8    8820.62    2    1
(advertise)    16    8824.35    0    8
(relay)    42    42    8829.96    8    8828.95    6    1
(advertise)    16    8845.36    42    8
(relay)    42    13    8854.37    8    8823.0    2    1
(advertise)    16    8868.97    13    8
(relay)    44    15    8877.59    8    8859.97    1    1
(relay)    12    33    9042.19    10    9008.47    1    1
(relay)    26    24    9043.99    9    9037.16    4    1
(advertise)    16    9044.19    24    9
(relay)    42    9    9069.2    9    9056.2    2    1
(advertise)    16    9069.4    9    9
(relay)    4    4    9095.21    9    9094.25    7    1
(advertise)    16    9095.61    4    9
(generate)    16    9100.23    [1, 6, 7, 19]    9
(relay)    26    10    9119.24    9    9099.13    2    1
(advertise)    16    9119.44    10    9
(relay)    19    19    9144.05    9    9143.31    6    1
(advertise)    16    9144.25    19    9
(relay)    48    32    9183.67    9    9102.96    1    1
(relay)    20    1    9187.07    9    9106.11    2    1
(advertise)    16    9187.27    1    9
(relay)    12    12    9249.28    9    9248.66    6    1
(advertise)    16    9249.48    12    9
(relay)    26    8    9304.09    9    9303.75    3    1
(advertise)    16    9304.29    8    9
(relay)    19    46    9327.3    9    9319.1    1    1
(relay)    14    14    9369.3    9    9368.26    6    1
(advertise)    16    9369.5    14    9
(relay)    14    11    9404.92    9    9403.4    4    1
(advertise)    16    9405.12    11    9
(relay)    20    20    9414.73    9    9414.23    5    1
(advertise)    16    9427.33    20    9
(relay)    26    21    9464.34    9    9426.44    2    1
(advertise)    16    9464.54    21    9
(relay)    26    23    9486.16    9    9474.25    2    1
(advertise)    16    9488.56    23    9
(relay)    20    22    9507.17    9    9506.05    3    1
(advertise)    16    9511.17    22    9
(relay)    26    26    9521.98    9    9521.34    5    1
(relay)    44    44    9524.18    9    9523.54    6    2
(advertise)    16    9533.58    26    9
(advertise)    16    9554.6    44    9
(relay)    19    7    9615.81    9    9571.21    1    1
(relay)    26    27    9636.81    9    9633.86    1    1
(relay)    12    18    9699.61    9    9698.1    3    1
(advertise)    16    9699.81    18    9
(relay)    19    17    9722.42    9    9693.18    2    1
(advertise)    16    9723.22    17    9
(relay)    48    48    9757.24    9    9757.15    5    1
(advertise)    16    9757.44    48    9
(relay)    26    0    9826.25    9    9820.77    1    1
(relay)    42    42    9830.05    9    9829.02    6    1
(advertise)    16    9830.25    42    9
(relay)    42    13    9851.86    9    9823.11    2    1
(advertise)    16    9852.26    13    9
(relay)    42    15    9873.87    9    9860.09    1    1
(relay)    19    47    10020.07    11    10016.26    1    1
(relay)    26    33    10021.47    11    10008.63    2    1
(advertise)    16    10021.67    33    11
(relay)    20    24    10037.69    10    10037.28    4    1
(advertise)    16    10043.69    24    10
(relay)    44    9    10068.7    10    10056.27    2    1
(advertise)    16    10069.5    9    10
(relay)    4    4    10095.31    10    10094.34    7    1
(advertise)    16    10095.91    4    10
(generate)    16    10100.33    [1, 6, 7, 19]    10
(relay)    26    10    10117.54    10    10099.15    2    1
(advertise)    16    10118.34    10    10
(relay)    19    19    10143.95    10    10143.46    6    1
(advertise)    16    10144.35    19    10
(relay)    26    32    10185.17    10    10102.98    1    1
(relay)    48    1    10209.37    10    10106.14    2    1
(advertise)    16    10209.57    1    10
(relay)    12    12    10249.38    10    10248.76    6    1
(advertise)    16    10249.58    12    10
(relay)    26    8    10304.19    10    10303.94    3    1
(advertise)    16    10304.39    8    10
(relay)    12    46    10327.4    10    10319.2    1    1
(relay)    14    14    10369.4    10    10368.37    6    1
(advertise)    16    10369.6    14    10
(relay)    19    41    10393.42    10    10354.95    2    1
(advertise)    16    10394.02    41    10
(relay)    20    20    10414.83    10    10414.35    5    1
(advertise)    16    10416.03    20    10
(relay)    4    11    10417.44    10    10403.56    4    1
(advertise)    16    10437.84    11    10
(relay)    20    21    10460.06    10    10426.63    2    1
(advertise)    16    10460.26    21    10
(relay)    20    23    10481.87    10    10474.28    2    1
(advertise)    16    10482.27    23    10
(relay)    26    22    10507.68    10    10506.25    3    1
(advertise)    16    10507.88    22    10
(relay)    26    26    10522.1    10    10521.48    5    1
(relay)    44    44    10524.7    10    10523.64    6    2
(advertise)    16    10530.5    26    10
(advertise)    16    10552.31    44    10
(relay)    4    18    10700.12    10    10698.2    2    1
(advertise)    16    10700.32    18    10
(relay)    4    17    10721.73    10    10693.32    2    1
(advertise)    16    10721.93    17    10
(relay)    48    48    10757.35    10    10757.26    5    1
(advertise)    16    10757.55    48    10
(relay)    26    0    10825.16    10    10820.94    1    1
(relay)    42    42    10829.16    10    10829.11    6    1
(advertise)    16    10829.36    42    10
(relay)    19    13    10853.77    10    10823.2    2    1
(advertise)    16    10854.17    13    10
(relay)    14    15    10875.99    10    10860.19    1    1
(relay)    12    47    11019.99    12    11016.35    1    1
(relay)    19    24    11041.59    11    11037.41    4    1
(advertise)    16    11041.79    24    11
(relay)    12    9    11068.4    11    11056.39    2    1
(advertise)    16    11068.6    9    11
(relay)    4    4    11094.61    11    11094.43    7    1
(advertise)    16    11094.81    4    11
(generate)    16    11100.43    [1, 6, 7, 19]    11
(relay)    19    10    11139.84    11    11099.34    1    1
(relay)    20    32    11140.44    11    11102.98    1    1
(relay)    19    19    11144.24    11    11143.62    6    1
(advertise)    16    11144.44    19    11
(relay)    48    1    11183.45    11    11106.19    2    1
(advertise)    16    11183.65    1    11
(relay)    12    12    11249.86    11    11248.89    6    1
(advertise)    16    11250.06    12    11
(relay)    12    8    11305.28    11    11304.13    2    1
(advertise)    16    11305.48    8    11
(relay)    14    14    11368.49    11    11368.45    6    1
(advertise)    16    11368.69    14    11
(relay)    12    41    11399.3    11    11355.14    2    1
(advertise)    16    11399.5    41    11
(relay)    20    20    11414.92    11    11414.46    5    1
(relay)    12    11    11420.52    11    11403.73    4    2
(advertise)    16    11421.92    20    11
(advertise)    16    11444.13    11    11
(relay)    26    21    11480.54    11    11426.81    2    1
(advertise)    16    11480.74    21    11
(relay)    48    23    11502.16    11    11474.31    2    1
(advertise)    16    11502.36    23    11
(relay)    26    26    11522.57    11    11521.59    5    1
(advertise)    16    11523.77    26    11
(relay)    26    22    11524.98    11    11506.44    3    1
(relay)    44    44    11525.38    11    11524.32    6    2
(advertise)    16    11545.98    22    11
(advertise)    16    11567.99    44    11
(relay)    26    27    11638.81    11    11633.94    1    1
(relay)    26    18    11702.01    11    11698.3    2    1
(advertise)    16    11702.21    18    11
(relay)    4    17    11714.62    11    11693.47    2    1
(advertise)    16    11724.42    17    11
(relay)    48    48    11757.83    11    11757.36    5    1
(advertise)    16    11758.03    48    11
(relay)    26    0    11823.05    11    11821.11    2    1
(advertise)    16    11823.25    0    11
(relay)    42    42    11829.26    11    11829.19    6    1
(advertise)    16    11844.86    42    11
(relay)    44    15    11862.07    11    11860.31    1    1
(relay)    26    33    12021.87    13    12008.95    1    1
(relay)    12    24    12038.67    12    12037.53    3    1
(advertise)    16    12038.87    24    12
(relay)    19    9    12064.49    12    12056.47    2    1
(advertise)    16    12065.09    9    12
(relay)    4    4    12094.5    12    12094.47    7    1
(advertise)    16    12094.7    4    12
(generate)    16    12100.51    [1, 6, 7, 19]    12
(relay)    26    10    12119.52    12    12099.56    2    1
(advertise)    16    12119.92    10    12
(relay)    19    19    12144.34    12    12143.74    6    1
(advertise)    16    12144.54    19    12
(relay)    20    1    12183.75    12    12106.37    2    1
(advertise)    16    12183.95    1    12
(relay)    20    32    12204.96    12    12103.01    1    1
(relay)    12    12    12249.96    12    12248.96    6    1
(advertise)    16    12250.16    12    12
(relay)    48    8    12304.98    12    12304.3    3    1
(advertise)    16    12305.18    8    12
(relay)    42    46    12327.79    12    12319.38    1    1
(relay)    14    14    12368.59    12    12368.55    6    1
(advertise)    16    12368.79    14    12
(relay)    26    11    12405.4    12    12403.83    3    1
(advertise)    16    12405.6    11    12
(relay)    20    20    12415.22    12    12414.57    5    1
(advertise)    16    12428.42    20    12
(relay)    26    21    12450.43    12    12426.97    2    1
(advertise)    16    12452.03    21    12
(relay)    12    23    12475.24    12    12474.33    1    1
(relay)    26    22    12508.24    12    12506.61    3    1
(advertise)    16    12508.44    22    12
(relay)    26    26    12522.65    12    12521.73    5    1
(relay)    44    44    12525.45    12    12524.38    6    2
(advertise)    16    12530.45    26    12
(advertise)    16    12551.87    44    12
(relay)    26    27    12640.88    12    12633.97    1    1
(heartbeat)    31    3    12674.23    16    12677.88    4    6
(advertise)    16    12678.08    31    3
(relay)    19    17    12701.29    12    12693.57    2    1
(advertise)    16    12701.89    17    12
(relay)    19    18    12722.91    12    12698.41    2    1
(advertise)    16    12724.51    18    12
(relay)    48    48    12758.12    12    12757.49    5    1
(advertise)    16    12758.32    48    12
(relay)    26    0    12822.33    12    12821.3    2    1
(advertise)    16    12822.53    0    12
(relay)    42    42    12829.35    12    12829.24    6    1
(advertise)    16    12843.75    42    12
(relay)    44    13    12856.56    12    12823.41    2    1
(advertise)    16    12865.56    13    12
(relay)    44    15    12878.37    12    12860.38    1    1
(relay)    20    33    13021.37    14    13009.13    2    1
(advertise)    16    13021.57    33    14
(relay)    48    24    13038.78    13    13037.67    4    1
(advertise)    16    13042.58    24    13
(relay)    14    9    13068.0    13    13056.55    2    1
(advertise)    16    13068.4    9    13
(relay)    4    4    13094.61    13    13094.56    7    1
(advertise)    16    13094.81    4    13
(generate)    16    13100.62    [1, 6, 7, 19]    13
(relay)    26    10    13116.84    13    13099.57    2    1
(advertise)    16    13118.04    10    13
(relay)    19    19    13144.85    13    13143.87    6    1
(advertise)    16    13145.05    19    13
(relay)    26    32    13181.66    13    13103.05    1    1
(relay)    48    1    13205.46    13    13106.46    2    1
(advertise)    16    13205.66    1    13
(relay)    12    12    13250.08    13    13249.08    6    1
(advertise)    16    13250.28    12    13
(relay)    48    8    13305.29    13    13304.48    3    1
(advertise)    16    13305.49    8    13
(relay)    14    46    13329.5    13    13319.49    1    1
(relay)    14    14    13368.7    13    13368.67    6    1
(advertise)    16    13368.9    14    13
(relay)    4    41    13395.11    13    13355.17    2    1
(advertise)    16    13395.31    41    13
(relay)    20    20    13415.73    13    13414.71    5    1
(relay)    14    11    13416.73    13    13404.01    4    2
(advertise)    16    13417.53    20    13
(advertise)    16    13440.34    11    13
(relay)    12    21    13462.95    13    13427.16    1    1
(relay)    48    23    13484.55    13    13474.58    2    1
(advertise)    16    13484.75    23    13
(relay)    20    22    13508.77    13    13506.62    3    1
(advertise)    16    13508.97    22    13
(relay)    26    26    13522.98    13    13521.88    5    1
(relay)    44    44    13525.58    13    13524.48    6    2
(advertise)    16    13529.98    26    13
(advertise)    16    13553.99    44    13
(relay)    26    27    13642.21    13    13634.01    1    1
(relay)    20    18    13701.01    13    13698.51    4    1
(advertise)    16    13701.21    18    13
(relay)    19    17    13722.42    13    13693.7    2    1
(advertise)    16    13724.02    17    13
(relay)    48    48    13758.43    13    13757.8    5    1
(advertise)    16    13758.63    48    13
(relay)    12    0    13822.64    13    13821.49    1    1
(relay)    42    42    13829.84    13    13829.34    6    1
(advertise)    16    13830.04    42    13
(relay)    4    13    13853.86    13    13823.51    2    1
(advertise)    16    13854.26    13    13
(relay)    4    15    13880.47    13    13860.51    1    1
(relay)    26    33    14021.87    15    14009.28    2    1
(advertise)    16    14022.07    33    15
(relay)    26    24    14043.68    14    14037.81    4    1
(advertise)    16    14045.28    24    14
(relay)    42    9    14068.3    14    14056.66    2    1
(advertise)    16    14068.9    9    14
(relay)    4    4    14094.71    14    14094.66    7    1
(advertise)    16    14094.91    4    14
(generate)    16    14100.72    [1, 6, 7, 19]    14
(relay)    26    10    14117.94    14    14099.58    2    1
(advertise)    16    14118.54    10    14
(relay)    19    19    14144.95    14    14144.0    6    1
(advertise)    16    14145.35    19    14
(relay)    26    32    14162.56    14    14103.09    1    1
(relay)    20    1    14207.96    14    14106.65    2    1
(advertise)    16    14208.16    1    14
(relay)    12    12    14249.37    14    14249.23    6    1
(advertise)    16    14249.57    12    14
(relay)    4    8    14306.59    14    14304.67    1    1
(relay)    4    46    14329.79    14    14319.63    1    1
(relay)    14    14    14369.39    14    14368.81    6    1
(advertise)    16    14369.59    14    14
(relay)    19    41    14394.6    14    14355.23    2    1
(advertise)    16    14395.0    41    14
(relay)    20    20    14415.81    14    14414.83    5    1
(advertise)    16    14416.41    20    14
(relay)    14    11    14417.83    14    14404.17    4    1
(advertise)    16    14439.43    11    14
(relay)    20    21    14461.64    14    14427.33    2    1
(advertise)    16    14463.44    21    14
(relay)    20    23    14483.25    14    14474.6    2    1
(advertise)    16    14484.65    23    14
(relay)    26    22    14509.27    14    14506.8    3    1
(advertise)    16    14509.67    22    14
(relay)    26    26    14522.08    14    14522.02    5    1
(relay)    44    44    14524.68    14    14524.57    6    2
(advertise)    16    14532.68    26    14
(advertise)    16    14554.89    44    14
(relay)    48    27    14634.5    14    14634.03    1    1
(relay)    48    18    14700.1    14    14698.61    4    1
(advertise)    16    14700.3    18    14
(relay)    44    17    14722.52    14    14693.84    2    1
(advertise)    16    14722.92    17    14
(relay)    48    48    14758.93    14    14757.91    5    1
(advertise)    16    14759.13    48    14
(relay)    12    0    14823.14    14    14821.63    1    1
(relay)    42    42    14829.94    14    14829.44    6    1
(advertise)    16    14830.14    42    14
(relay)    42    13    14831.76    14    14823.61    2    1
(advertise)    16    14853.16    13    14
(relay)    44    15    14877.77    14    14860.61    1    1
(relay)    26    33    15021.97    16    15009.45    2    1
(advertise)    16    15022.17    33    16
(relay)    20    24    15044.18    15    15037.95    4    1
(advertise)    16    15044.38    24    15
(relay)    4    4    15095.4    15    15094.74    7    1
(advertise)    16    15095.6    4    15
(generate)    16    15100.81    [1, 6, 7, 19]    15
(relay)    26    10    15120.02    15    15099.71    2    1
(advertise)    16    15120.62    10    15
(relay)    19    19    15145.23    15    15144.14    6    1
(advertise)    16    15146.63    19    15
(relay)    48    32    15183.25    15    15103.28    1    1
(relay)    26    1    15186.45    15    15106.7    2    1
(advertise)    16    15186.65    1    15
(relay)    12    12    15249.46    15    15249.36    6    1
(advertise)    16    15249.66    12    15
(relay)    20    8    15306.47    15    15304.82    3    1
(advertise)    16    15306.67    8    15
(relay)    12    46    15331.49    15    15319.73    1    1
(relay)    14    14    15369.49    15    15368.92    6    1
(advertise)    16    15369.69    14    15
(relay)    20    41    15398.7    15    15355.27    1    1
(relay)    20    20    15415.9    15    15414.95    5    1
(advertise)    16    15416.1    20    15
(relay)    19    11    15418.51    15    15404.34    4    1
(advertise)    16    15438.11    11    15
(relay)    48    23    15476.73    15    15474.73    2    1
(advertise)    16    15476.93    23    15
(relay)    48    21    15499.54    15    15427.45    1    1
(relay)    48    22    15520.14    15    15506.97    3    1
(advertise)    16    15520.34    22    15
(relay)    26    26    15522.75    15    15522.72    5    1
(relay)    44    44    15524.75    15    15524.65    6    2
(advertise)    16    15542.95    26    15
(advertise)    16    15564.36    44    15
(relay)    4    7    15617.38    15    15573.02    1    1
(relay)    20    27    15640.58    15    15634.22    1    1
(relay)    26    18    15699.38    15    15698.71    3    1
(advertise)    16    15699.58    18    15
(relay)    44    17    15713.99    15    15693.98    2    1
(advertise)    16    15722.79    17    15
(relay)    48    48    15759.0    15    15758.04    5    1
(advertise)    16    15759.2    48    15
(relay)    14    0    15824.62    15    15821.81    1    1
(relay)    42    42    15830.02    15    15829.51    6    1
(advertise)    16    15830.22    42    15
(relay)    19    15    15875.43    15    15860.69    1    1
(relay)    26    33    16024.23    17    16009.62    1    1
(relay)    19    24    16041.83    16    16038.07    4    1
(advertise)    16    16042.03    24    16
(relay)    19    9    16066.44    16    16056.83    2    1
(advertise)    16    16066.84    9    16
(relay)    4    4    16095.46    16    16094.82    7    1
(advertise)    16    16095.66    4    16
(generate)    16    16100.87    [1, 6, 7, 19]    16
(relay)    26    10    16120.28    16    16099.89    2    1
(advertise)    16    16120.48    10    16
(relay)    19    19    16144.29    16    16144.27    6    1
(advertise)    16    16145.69    19    16
(relay)    20    32    16184.71    16    16103.47    1    1
(relay)    20    1    16207.11    16    16106.74    2    1
(advertise)    16    16207.31    1    16
(relay)    12    12    16249.52    16    16249.46    6    1
(advertise)    16    16249.72    12    16
(relay)    48    8    16306.73    16    16305.0    3    1
(advertise)    16    16306.93    8    16
(relay)    42    46    16331.75    16    16319.84    1    1
(relay)    14    14    16369.55    16    16369.05    6    1
(advertise)    16    16369.75    14    16
(relay)    48    41    16398.96    16    16355.29    1    1
(relay)    20    20    16415.16    16    16415.07    5    1
(advertise)    16    16415.36    20    16
(relay)    14    11    16418.57    16    16404.49    4    1
(advertise)    16    16438.77    11    16
(relay)    48    23    16485.59    16    16474.92    2    1
(advertise)    16    16485.79    23    16
(relay)    26    22    16508.2    16    16507.13    3    1
(advertise)    16    16508.8    22    16
(relay)    26    26    16523.01    16    16522.85    5    1
(relay)    44    44    16524.81    16    16524.71    6    2
(advertise)    16    16530.21    26    16
(advertise)    16    16551.22    44    16
(relay)    26    27    16635.84    16    16634.22    1    1
(heartbeat)    31    4    16674.24    16    16677.44    4    7
(advertise)    16    16677.64    31    4
(relay)    26    18    16699.65    16    16698.81    2    1
(advertise)    16    16699.85    18    16
(relay)    20    17    16721.86    16    16694.13    1    1
(relay)    48    48    16759.26    16    16758.18    5    1
(advertise)    16    16759.46    48    16
(relay)    26    0    16825.88    16    16821.96    1    1
(relay)    42    42    16830.68    16    16829.6    6    1
(advertise)    16    16830.88    42    16
(relay)    19    47    17021.69    18    17017.03    1    1
(relay)    26    33    17024.69    18    17009.75    2    1
(advertise)    16    17024.89    33    18
(relay)    19    24    17043.9    17    17038.21    3    1
(advertise)    16    17047.5    24    17
(relay)    19    9    17068.72    17    17056.92    2    1
(advertise)    16    17069.92    9    17
(relay)    4    4    17095.53    17    17094.9    6    1
(advertise)    16    17095.73    4    17
(generate)    16    17100.94    [1, 6, 7, 19]    17
(relay)    26    10    17120.55    17    17100.08    2    1
(advertise)    16    17120.75    10    17
(relay)    19    19    17144.57    17    17144.39    5    1
(advertise)    16    17145.37    19    17
(relay)    48    32    17185.58    17    17103.66    1    1
(relay)    12    12    17250.18    17    17249.56    6    1
(advertise)    16    17250.38    12    17
(relay)    26    8    17307.39    17    17305.0    3    1
(advertise)    16    17307.59    8    17
(relay)    12    46    17331.81    17    17319.94    1    1
(relay)    14    14    17370.21    17    17369.14    5    1
(advertise)    16    17370.41    14    17
(relay)    19    41    17399.42    17    17355.31    2    1
(advertise)    16    17399.62    41    17
(relay)    20    20    17415.23    17    17415.2    5    1
(relay)    44    11    17420.03    17    17404.63    4    2
(advertise)    16    17421.43    20    17
(advertise)    16    17443.05    11    17
(relay)    20    21    17459.66    17    17427.76    2    1
(advertise)    16    17464.26    21    17
(relay)    20    23    17481.07    17    17474.93    2    1
(advertise)    16    17485.87    23    17
(relay)    20    22    17507.68    17    17507.32    3    1
(advertise)    16    17508.88    22    17
(relay)    26    26    17523.7    17    17523.18    4    1
(relay)    44    44    17525.3    17    17524.79    6    2
(advertise)    16    17531.5    26    17
(advertise)    16    17552.51    44    17
(relay)    12    7    17598.92    17    17574.43    1    1
(relay)    48    27    17636.12    17    17634.23    1    1
(relay)    48    18    17699.72    17    17698.89    3    1
(advertise)    16    17699.92    18    17
(relay)    12    17    17721.54    17    17694.24    2    1
(advertise)    16    17721.74    17    17
(relay)    20    48    17759.75    17    17758.29    4    1
(advertise)    16    17759.95    48    17
(relay)    42    42    17830.76    17    17829.68    6    1
(advertise)    16    17830.96    42    17
(relay)    42    13    17832.38    17    17823.94    2    1
(advertise)    16    17853.98    13    17
(relay)    44    15    17875.39    17    17860.93    1    1
(relay)    48    33    18024.39    19    18009.89    1    1
(relay)    19    24    18043.79    18    18038.32    3    1
(advertise)    16    18043.99    24    18
(relay)    44    9    18068.6    18    18057.0    2    1
(advertise)    16    18069.4    9    18
(relay)    4    4    18096.01    18    18095.0    6    1
(advertise)    16    18096.21    4    18
(generate)    16    18101.03    [1, 6, 7, 19]    18
(relay)    19    10    18139.64    18    18100.26    1    1
(relay)    19    19    18144.64    18    18144.54    5    1
(advertise)    16    18144.84    19    18
(relay)    20    1    18186.25    18    18107.0    2    1
(advertise)    16    18186.45    1    18
(relay)    48    32    18208.07    18    18103.83    1    1
(relay)    12    12    18250.27    18    18249.7    6    1
(advertise)    16    18250.47    12    18
(relay)    26    8    18305.48    18    18305.17    3    1
(advertise)    16    18305.68    8    18
(relay)    44    46    18330.09    18    18320.02    1    1
(relay)    14    14    18370.29    18    18369.26    5    1
(advertise)    16    18370.49    14    18
(relay)    19    41    18398.31    18    18355.5    2    1
(advertise)    16    18398.71    41    18
(relay)    20    20    18415.52    18    18415.32    5    1
(advertise)    16    18420.12    20    18
(relay)    14    11    18421.93    18    18404.79    4    1
(advertise)    16    18441.53    11    18
(relay)    20    21    18462.14    18    18427.92    2    1
(advertise)    16    18463.14    21    18
(relay)    20    23    18482.76    18    18474.97    2    1
(advertise)    16    18486.36    23    18
(relay)    48    22    18507.57    18    18507.34    3    1
(advertise)    16    18508.57    22    18
(relay)    26    26    18523.78    18    18523.26    4    1
(relay)    44    44    18525.38    18    18524.89    6    2
(advertise)    16    18529.98    26    18
(advertise)    16    18551.0    44    18
(relay)    20    27    18637.01    18    18634.28    1    1
(relay)    12    18    18700.01    18    18698.99    2    1
(advertise)    16    18700.21    18    18
(relay)    19    17    18714.22    18    18694.37    2    1
(advertise)    16    18721.82    17    18
(relay)    48    48    18758.44    18    18758.43    5    1
(advertise)    16    18758.64    48    18
(relay)    20    0    18825.85    18    18822.26    2    1
(advertise)    16    18826.05    0    18
(relay)    42    42    18830.86    18    18829.77    6    1
(advertise)    16    18847.46    42    18
(relay)    4    47    19021.47    20    19017.2    1    1
(relay)    26    33    19023.67    20    19010.04    2    1
(advertise)    16    19023.87    33    20
(relay)    26    24    19045.29    19    19038.46    3    1
(advertise)    16    19046.69    24    19
(relay)    42    9    19068.7    19    19057.09    2    1
(advertise)    16    19070.1    9    19
(relay)    4    4    19096.11    19    19095.07    6    1
(advertise)    16    19096.31    4    19
(generate)    16    19101.13    [1, 6, 7, 19]    19
(relay)    26    10    19121.74    19    19100.29    2    1
(advertise)    16    19122.34    10    19
(relay)    19    19    19145.15    19    19144.65    5    1
(advertise)    16    19145.35    19    19
(relay)    20    32    19185.57    19    19104.02    1    1
(relay)    20    1    19206.77    19    19107.2    2    1
(advertise)    16    19206.97    1    19
(relay)    12    12    19250.38    19    19249.82    6    1
(advertise)    16    19250.58    12    19
(relay)    26    8    19305.59    19    19305.17    3    1
(advertise)    16    19305.79    8    19
(relay)    12    46    19332.0    19    19320.13    1    1
(relay)    14    14    19370.4    19    19369.37    5    1
(advertise)    16    19370.6    14    19
(relay)    19    11    19405.22    19    19404.91    4    1
(advertise)    16    19405.42    11    19
(relay)    20    20    19416.03    19    19415.45    5    1
(advertise)    16    19428.03    20    19
(relay)    20    23    19494.64    19    19474.99    2    1
(advertise)    16    19494.84    23    19
(relay)    48    22    19508.46    19    19507.5    3    1
(advertise)    16    19515.86    22    19
(relay)    26    26    19523.87    19    19523.36    4    1
(relay)    44    44    19525.47    19    19524.95    6    2
(advertise)    16    19537.67    26    19
(advertise)    16    19559.88    44    19
(relay)    4    7    19615.3    19    19574.84    1    1
(relay)    26    27    19637.5    19    19634.32    1    1
(relay)    48    18    19699.9    19    19699.09    3    1
(advertise)    16    19700.1    18    19
(relay)    44    17    19723.51    19    19694.48    2    1
(advertise)    16    19724.11    17    19
(relay)    48    48    19758.72    19    19758.52    5    1
(advertise)    16    19758.92    48    19
(relay)    42    42    19830.93    19    19829.83    6    1
(advertise)    16    19831.13    42    19
(relay)    44    13    19855.95    19    19824.13    2    1
(advertise)    16    19856.55    13    19
(relay)    44    15    19878.36    19    19861.12    1    1
(relay)    19    47    20021.16    21    20017.3    1    1
(relay)    26    33    20023.36    21    20010.19    2    1
(advertise)    16    20023.56    33    21
(relay)    48    24    20046.17    20    20038.58    3    1
(advertise)    16    20047.17    24    20
(relay)    12    9    20068.99    20    20057.16    2    1
(advertise)    16    20069.39    9    20
(relay)    4    4    20096.2    20    20095.16    6    1
(advertise)    16    20096.4    4    20
(generate)    16    20101.21    [1, 6, 7, 19]    20
(relay)    26    10    20120.83    20    20100.3    2    1
(advertise)    16    20121.23    10    20
(relay)    19    19    20145.44    20    20144.81    5    1
(advertise)    16    20146.04    19    20
(relay)    20    32    20170.25    20    20104.21    1    1
(relay)    20    1    20191.25    20    20107.43    2    1
(advertise)    16    20191.45    1    20
(relay)    12    12    20250.46    20    20249.93    6    1
(advertise)    16    20250.66    12    20
(relay)    4    8    20307.08    20    20305.35    1    1
(relay)    12    46    20329.48    20    20320.19    1    1
(relay)    14    14    20370.48    20    20369.48    5    1
(advertise)    16    20370.68    14    20
(relay)    26    41    20397.49    20    20355.86    1    1
(relay)    20    20    20416.09    20    20415.57    5    1
(advertise)    16    20416.29    20    20
(relay)    44    11    20418.5    20    20405.01    4    1
(advertise)    16    20438.9    11    20
(relay)    19    21    20463.92    20    20428.21    1    1
(relay)    20    23    20485.12    20    20474.99    2    1
(advertise)    16    20485.32    23    20
(relay)    48    22    20508.53    20    20507.66    3    1
(advertise)    16    20508.93    22    20
(relay)    26    26    20524.54    20    20523.48    4    1
(relay)    44    44    20526.14    20    20525.04    6    2
(advertise)    16    20530.94    26    20
(advertise)    16    20554.36    44    20
(relay)    4    7    20614.97    20    20575.14    1    1
(heartbeat)    31    5    20674.25    16    20678.17    3    7
(advertise)    16    20678.37    31    5
(relay)    20    18    20700.38    20    20699.2    3    1
(advertise)    16    20700.58    18    20
(relay)    26    17    20701.99    20    20694.59    1    1
(relay)    48    48    20758.79    20    20758.61    5    1
(advertise)    16    20758.99    48    20
(relay)    26    0    20826.41    20    20822.56    1    1
(relay)    42    42    20830.01    20    20829.9    6    1
(advertise)    16    20830.21    42    20
(relay)    12    13    20855.02    20    20824.23    2    1
(advertise)    16    20855.82    13    20
(relay)    12    15    20876.83    20    20861.23    1    1
(relay)    42    47    21020.23    22    21017.39    1    1
(relay)    26    33    21022.43    22    21010.34    1    1
(relay)    20    24    21039.43    21    21038.7    3    1
(advertise)    16    21039.63    24    21
(relay)    4    9    21066.25    21    21057.26    2    1
(advertise)    16    21066.65    9    21
(relay)    4    4    21095.46    21    21095.27    6    1
(advertise)    16    21095.86    4    21
(generate)    16    21101.27    [1, 6, 7, 19]    21
(relay)    20    10    21141.89    21    21100.32    1    1
(relay)    19    19    21145.49    21    21145.0    5    1
(advertise)    16    21145.69    19    21
(relay)    26    32    21164.3    21    21104.24    1    1
(relay)    12    12    21251.1    21    21250.06    6    1
(advertise)    16    21251.3    12    21
(relay)    4    46    21322.71    21    21320.28    1    1
(relay)    14    14    21369.71    21    21369.59    5    1
(advertise)    16    21369.91    14    21
(relay)    14    41    21395.32    21    21356.05    2    1
(advertise)    16    21395.52    41    21
(relay)    20    20    21416.14    21    21415.67    5    1
(relay)    12    11    21416.94    21    21405.16    4    2
(advertise)    16    21418.34    20    21
(advertise)    16    21440.55    11    21
(relay)    20    23    21475.76    21    21475.02    2    1
(advertise)    16    21475.96    23    21
(relay)    20    21    21497.38    21    21428.31    1    1
(relay)    48    22    21519.18    21    21507.67    3    1
(advertise)    16    21519.38    22    21
(relay)    26    26    21524.59    21    21523.61    4    1
(relay)    44    44    21526.19    21    21525.15    6    2
(advertise)    16    21540.39    26    21
(advertise)    16    21561.4    44    21
(relay)    26    27    21641.22    21    21634.36    1    1
(relay)    48    18    21701.22    21    21699.28    3    1
(advertise)    16    21701.42    18    21
(relay)    14    17    21723.23    21    21694.72    2    1
(advertise)    16    21725.63    17    21
(relay)    48    48    21759.24    21    21758.71    5    1
(advertise)    16    21759.44    48    21
(relay)    26    0    21823.85    21    21822.69    2    1
(advertise)    16    21824.05    0    21
(relay)    42    42    21830.07    21    21830.0    6    1
(advertise)    16    21846.07    42    21
(relay)    42    13    21856.08    21    21824.29    2    1
(advertise)    16    21869.08    13    21
(relay)    4    15    21879.49    21    21861.33    1    1
(relay)    4    47    22020.69    23    22017.46    1    1
(relay)    20    33    22023.69    23    22010.46    1    1
(relay)    19    24    22041.29    22    22038.82    3    1
(advertise)    16    22041.49    24    22
(relay)    19    9    22067.71    22    22057.35    2    1
(advertise)    16    22067.91    9    22
(relay)    4    4    22095.52    22    22095.36    6    1
(advertise)    16    22095.72    4    22
(generate)    16    22101.33    [1, 6, 7, 19]    22
(relay)    26    10    22117.95    22    22100.33    2    1
(advertise)    16    22118.15    10    22
(relay)    19    19    22146.16    22    22145.12    5    1
(advertise)    16    22146.36    19    22
(relay)    26    32    22164.17    22    22104.24    1    1
(relay)    48    1    22164.97    22    22107.5    2    1
(advertise)    16    22168.57    1    22
(relay)    12    12    22251.18    22    22250.16    6    1
(advertise)    16    22251.38    12    22
(relay)    42    8    22307.4    22    22305.7    1    1
(relay)    12    46    22330.4    22    22320.37    1    1
(relay)    14    14    22369.8    22    22369.7    5    1
(advertise)    16    22370.0    14    22
(relay)    14    41    22398.41    22    22356.08    2    1
(advertise)    16    22399.01    41    22
(relay)    20    20    22416.82    22    22415.81    5    1
(relay)    42    11    22420.62    22    22405.32    4    2
(advertise)    16    22421.82    20    22
(advertise)    16    22443.64    11    22
(relay)    20    21    22460.65    22    22428.47    2    1
(advertise)    16    22465.05    21    22
(relay)    20    23    22482.66    22    22475.05    2    1
(advertise)    16    22486.66    23    22
(relay)    14    22    22510.28    22    22507.8    2    1
(advertise)    16    22511.48    22    22
(relay)    26    26    22524.69    22    22523.76    4    1
(relay)    44    44    22526.29    22    22525.25    6    2
(advertise)    16    22533.69    26    22
(advertise)    16    22554.9    44    22
(relay)    26    27    22652.71    22    22634.41    1    1
(relay)    20    18    22701.11    22    22699.37    3    1
(advertise)    16    22701.31    18    22
(relay)    26    17    22723.93    22    22694.84    1    1
(relay)    48    48    22759.33    22    22758.82    5    1
(advertise)    16    22759.53    48    22
(relay)    26    0    22823.94    22    22822.84    2    1
(advertise)    16    22824.14    0    22
(relay)    42    42    22830.15    22    22830.1    6    1
(advertise)    16    22847.75    42    22
(relay)    4    13    22857.37    22    22824.36    2    1
(advertise)    16    22868.97    13    22
(relay)    4    15    22880.98    22    22861.4    1    1
(relay)    14    47    23019.38    24    23017.54    1    1
(relay)    48    33    23023.18    24    23010.61    2    1
(advertise)    16    23023.38    33    24
(relay)    26    24    23040.19    23    23038.93    3    1
(advertise)    16    23045.39    24    23
(relay)    12    9    23065.61    23    23057.41    2    1
(advertise)    16    23066.61    9    23
(relay)    4    4    23095.62    23    23095.46    6    1
(advertise)    16    23095.82    4    23
(generate)    16    23101.43    [1, 6, 7, 19]    23
(relay)    48    10    23141.04    23    23100.34    1    1
(relay)    19    19    23146.24    23    23145.27    5    1
(advertise)    16    23146.44    19    23
(relay)    26    32    23166.06    23    23104.43    1    1
(relay)    48    1    23204.86    23    23107.52    2    1
(advertise)    16    23205.06    1    23
(relay)    12    12    23251.27    23    23250.29    6    1
(advertise)    16    23251.47    12    23
(relay)    48    8    23306.68    23    23305.88    3    1
(advertise)    16    23306.88    8    23
(relay)    14    46    23331.5    23    23320.45    1    1
(relay)    14    14    23369.9    23    23369.82    5    1
(advertise)    16    23370.1    14    23
(relay)    14    41    23396.71    23    23356.25    2    1
(advertise)    16    23396.91    41    23
(relay)    20    20    23416.92    23    23415.93    5    1
(relay)    4    11    23417.92    23    23405.48    4    2
(advertise)    16    23419.52    20    23
(advertise)    16    23441.74    11    23
(relay)    19    21    23461.55    23    23428.65    1    1
(relay)    20    23    23484.95    23    23475.28    2    1
(advertise)    16    23485.15    23    23
(relay)    20    22    23510.16    23    23507.98    3    1
(advertise)    16    23510.36    22    23
(relay)    26    26    23523.97    23    23523.88    4    1
(relay)    44    44    23525.37    23    23525.35    6    2
(advertise)    16    23532.17    26    23
(advertise)    16    23553.59    44    23
(relay)    19    7    23603.0    23    23575.42    1    1
(relay)    26    27    23635.0    23    23634.43    1    1
(relay)    20    18    23701.6    23    23699.46    3    1
(advertise)    16    23701.8    18    23
(relay)    48    17    23725.01    23    23694.94    1    1
(relay)    48    48    23759.41    23    23758.93    5    1
(advertise)    16    23759.61    48    23
(relay)    26    0    23824.23    23    23823.0    1    1
(relay)    42    42    23830.83    23    23830.2    6    1
(advertise)    16    23831.03    42    23
(relay)    4    13    23855.64    23    23824.46    2    1
(advertise)    16    23856.44    13    23
(relay)    12    15    23878.45    23    23861.49    1    1
(relay)    19    47    24019.65    25    24017.62    1    1
(relay)    48    33    24022.05    25    24010.79    2    1
(advertise)    16    24022.25    33    25
(relay)    20    24    24044.27    24    24039.05    3    1
(advertise)    16    24045.07    24    24
(relay)    42    9    24067.48    24    24057.49    2    1
(advertise)    16    24067.88    9    24
(relay)    4    4    24096.09    24    24095.56    6    1
(advertise)    16    24096.29    4    24
(generate)    16    24101.5    [1, 6, 7, 19]    24
(relay)    26    10    24120.12    24    24100.34    2    1
(advertise)    16    24120.32    10    24
(relay)    19    19    24146.53    24    24145.44    5    1
(advertise)    16    24146.73    19    24
(relay)    26    32    24163.14    24    24104.46    1    1
(relay)    48    1    24187.94    24    24107.56    2    1
(advertise)    16    24188.14    1    24
(relay)    12    12    24250.56    24    24250.42    6    1
(advertise)    16    24250.76    12    24
(relay)    20    8    24307.77    24    24306.04    3    1
(advertise)    16    24307.97    8    24
(relay)    4    46    24330.78    24    24320.51    1    1
(relay)    14    14    24370.58    24    24369.94    5    1
(advertise)    16    24370.78    14    24
(relay)    12    41    24400.6    24    24356.4    2    1
(advertise)    16    24400.8    41    24
(relay)    20    20    24417.21    24    24416.22    5    1
(advertise)    16    24422.01    20    24
(relay)    4    11    24423.22    24    24405.62    4    1
(advertise)    16    24444.42    11    24
(relay)    20    21    24463.83    24    24429.99    2    1
(advertise)    16    24467.23    21    24
(relay)    20    23    24487.45    24    24475.47    2    1
(advertise)    16    24490.65    23    24
(relay)    20    22    24511.66    24    24508.13    3    1
(advertise)    16    24513.06    22    24
(relay)    26    26    24524.07    24    24523.99    4    1
(relay)    44    44    24525.47    24    24525.45    6    2
(advertise)    16    24535.87    26    24
(advertise)    16    24557.89    44    24
(relay)    4    7    24603.7    24    24575.51    1    1
(relay)    26    27    24635.5    24    24634.47    1    1
(heartbeat)    31    6    24674.27    16    24678.7    3    8
(advertise)    16    24678.9    31    6
(relay)    19    17    24701.51    24    24695.04    3    1
(advertise)    16    24701.91    17    24
(relay)    26    18    24734.13    24    24699.57    2    1
(advertise)    16    24734.33    18    24
(relay)    48    48    24760.14    24    24759.06    5    1
(advertise)    16    24760.34    48    24
(relay)    48    0    24824.35    24    24823.13    2    1
(advertise)    16    24824.55    0    24
(relay)    42    13    24826.56    24    24824.56    2    1
(relay)    42    42    24830.96    24    24830.31    6    2
(advertise)    16    24845.76    13    24
(advertise)    16    24868.78    42    24
(relay)    4    15    24873.79    24    24861.61    1    1
(relay)    48    33    25012.79    26    25010.92    2    1
(advertise)    16    25012.99    33    26
(relay)    14    47    25020.4    26    25017.72    1    1
(relay)    20    24    25041.2    25    25039.17    3    1
(advertise)    16    25041.4    24    25
(relay)    19    9    25066.62    25    25057.59    2    1
(advertise)    16    25067.02    9    25
(relay)    4    4    25096.23    25    25095.66    6    1
(advertise)    16    25096.43    4    25
(generate)    16    25101.64    [1, 6, 7, 19]    25
(relay)    26    10    25120.66    25    25100.38    2    1
(advertise)    16    25121.06    10    25
(relay)    19    19    25145.67    25    25145.63    5    1
(advertise)    16    25145.87    19    25
(relay)    26    32    25162.88    25    25104.63    1    1
(relay)    26    1    25207.28    25    25107.56    2    1
(advertise)    16    25207.48    1    25
(relay)    12    12    25250.69    25    25250.56    6    1
(advertise)    16    25250.89    12    25
(relay)    20    8    25307.71    25    25306.04    3    1
(advertise)    16    25307.91    8    25
(relay)    14    46    25332.72    25    25320.62    1    1
(relay)    14    14    25370.72    25    25370.08    5    1
(advertise)    16    25370.92    14    25
(relay)    12    41    25401.73    25    25356.4    2    1
(advertise)    16    25401.93    41    25
(relay)    20    20    25416.55    25    25416.37    5    1
(relay)    14    11    25421.95    25    25405.76    5    2
(advertise)    16    25423.15    20    25
(advertise)    16    25446.36    11    25
(relay)    20    23    25478.17    25    25475.47    2    1
(advertise)    16    25478.37    23    25
(relay)    20    21    25501.79    25    25430.12    2    1
(advertise)    16    25502.59    21    25
(relay)    26    22    25522.4    25    25508.14    3    1
(relay)    26    26    25524.4    25    25524.15    4    2
(advertise)    16    25525.0    22    25
(relay)    44    44    25526.81    25    25526.75    6    2
(advertise)    16    25547.41    26    25
(advertise)    16    25568.62    44    25
(relay)    44    7    25592.44    25    25575.62    1    1
(relay)    26    27    25648.64    25    25634.51    1    1
(relay)    26    18    25700.44    25    25699.68    2    1
(advertise)    16    25700.64    18    25
(relay)    4    17    25717.25    25    25695.14    3    1
(advertise)    16    25723.65    17    25
(relay)    48    48    25760.26    25    25759.18    5    1
(advertise)    16    25760.46    48    25
(relay)    20    0    25825.08    25    25823.28    2    1
(advertise)    16    25825.28    0    25
(relay)    42    42    25830.89    25    25830.37    6    1
(relay)    42    13    25832.69    25    25824.63    2    2
(advertise)    16    25849.29    42    25
(advertise)    16    25871.7    13    25
(relay)    19    15    25876.72    25    25861.71    1    1
(relay)    20    33    26024.52    27    26011.09    2    1
(advertise)    16    26024.72    33    27
(relay)    26    24    26046.53    26    26039.3    3    1
(advertise)    16    26047.33    24    26
(relay)    4    9    26070.34    26    26057.65    2    1
(advertise)    16    26071.14    9    26
(relay)    4    4    26096.35    26    26095.74    6    1
(advertise)    16    26096.75    4    26
(generate)    16    26101.77    [1, 6, 7, 19]    26
(relay)    26    10    26120.18    26    26100.39    2    1
(advertise)    16    26121.18    10    26
(relay)    19    19    26145.79    26    26145.78    5    1
(advertise)    16    26146.19    19    26
(relay)    20    32    26186.41    26    26104.65    1    1
(relay)    48    1    26187.81    26    26107.62    2    1
(advertise)    16    26188.01    1    26
(relay)    12    12    26250.82    26    26250.71    6    1
(advertise)    16    26251.02    12    26
(relay)    20    8    26308.23    26    26306.22    3    1
(advertise)    16    26308.43    8    26
(relay)    42    46    26331.45    26    26320.74    1    1
(relay)    14    14    26370.85    26    26370.2    5    1
(advertise)    16    26371.05    14    26
(relay)    26    41    26401.86    26    26356.44    1    1
(relay)    20    20    26416.66    26    26416.47    5    1
(advertise)    16    26416.86    20    26
(relay)    14    11    26420.67    26    26405.88    5    1
(advertise)    16    26438.47    11    26
(relay)    20    21    26461.48    26    26430.28    2    1
(advertise)    16    26462.88    21    26
(relay)    20    23    26484.9    26    26475.47    2    1
(advertise)    16    26485.9    23    26
(relay)    20    22    26510.31    26    26508.3    3    1
(advertise)    16    26510.51    22    26
(relay)    26    26    26524.32    26    26524.28    4    1
(relay)    44    44    26527.32    26    26526.82    6    2
(advertise)    16    26532.52    26    26
(advertise)    16    26554.54    44    26
(relay)    26    27    26636.15    26    26634.53    1    1
(relay)    44    18    26700.95    26    26699.8    1    1
(relay)    14    17    26716.95    26    26695.25    3    1
(advertise)    16    26717.15    17    26
(relay)    48    48    26760.36    26    26759.28    5    1
(advertise)    16    26760.56    48    26
(relay)    42    42    26831.58    26    26830.47    6    1
(advertise)    16    26831.78    42    26
(relay)    44    47    27022.19    28    27017.93    1    1
(relay)    20    33    27025.39    28    27011.21    2    1
(advertise)    16    27025.59    33    28
(relay)    20    24    27046.2    27    27039.41    3    1
(advertise)    16    27047.8    24    27
(relay)    14    9    27060.61    27    27057.75    2    1
(advertise)    16    27069.01    9    27
(relay)    4    4    27096.83    27    27095.81    6    1
(advertise)    16    27097.03    4    27
(generate)    16    27101.84    [1, 6, 7, 19]    27
(relay)    26    10    27120.05    27    27100.4    2    1
(advertise)    16    27120.25    10    27
(relay)    19    19    27146.07    27    27145.93    5    1
(advertise)    16    27146.27    19    27
(relay)    20    32    27184.68    27    27104.67    1    1
(relay)    12    12    27251.48    27    27250.83    6    1
(advertise)    16    27251.68    12    27
(relay)    19    8    27308.49    27    27306.39    2    1
(advertise)    16    27308.69    8    27
(relay)    42    46    27331.51    27    27320.84    1    1
(relay)    14    14    27371.31    27    27370.28    5    1
(advertise)    16    27371.51    14    27
(relay)    19    41    27398.52    27    27356.45    2    1
(advertise)    16    27398.72    41    27
(relay)    20    20    27416.73    27    27416.56    5    1
(relay)    14    11    27419.33    27    27406.04    5    2
(advertise)    16    27420.13    20    27
(advertise)    16    27441.54    11    27
(relay)    20    21    27461.96    27    27430.36    2    1
(advertise)    16    27464.96    21    27
(relay)    20    23    27484.37    27    27475.49    2    1
(advertise)    16    27486.77    23    27
(relay)    20    22    27509.18    27    27508.49    3    1
(advertise)    16    27510.78    22    27
(relay)    26    26    27525.0    27    27524.39    4    1
(relay)    44    44    27527.4    27    27526.89    6    2
(advertise)    16    27532.6    26    27
(advertise)    16    27556.61    44    27
(relay)    14    7    27621.62    27    27575.8    1    1
(relay)    48    18    27700.62    27    27699.88    3    1
(advertise)    16    27700.82    18    27
(relay)    14    17    27714.64    27    27695.38    3    1
(advertise)    16    27722.64    17    27
(relay)    48    48    27759.45    27    27759.38    5    1
(advertise)    16    27759.65    48    27
(relay)    48    0    27826.66    27    27823.52    2    1
(advertise)    16    27826.86    0    27
(relay)    42    42    27831.47    27    27830.56    6    1
(advertise)    16    27849.07    42    27
(relay)    42    15    27864.69    27    27861.87    1    1
(relay)    20    33    28015.09    29    28011.32    2    1
(advertise)    16    28015.29    33    29
(relay)    12    47    28036.1    29    28018.0    1    1
(relay)    26    24    28039.9    28    28039.52    3    1
(advertise)    16    28040.9    24    28
(relay)    19    9    28082.11    28    28057.81    2    1
(advertise)    16    28082.31    9    28
(relay)    4    4    28096.93    28    28095.9    6    1
(generate)    16    28101.93    [1, 6, 7, 19]    28
(advertise)    16    28103.54    4    28
(relay)    26    10    28105.35    28    28100.59    2    1
(advertise)    16    28126.15    10    28
(relay)    19    19    28146.57    28    28146.08    5    1
(advertise)    16    28147.37    19    28
(relay)    48    32    28171.18    28    28104.84    1    1
(relay)    12    12    28251.58    28    28250.96    6    1
(advertise)    16    28251.78    12    28
(relay)    26    8    28306.99    28    28306.41    3    1
(advertise)    16    28307.19    8    28
(relay)    19    46    28329.6    28    28320.92    1    1
(relay)    14    14    28371.4    28    28370.35    5    1
(advertise)    16    28371.6    14    28
(relay)    19    11    28406.42    28    28406.13    5    1
(advertise)    16    28406.62    11    28
(relay)    20    20    28417.23    28    28416.68    5    1
(advertise)    16    28427.83    20    28
(relay)    20    21    28453.64    28    28430.47    2    1
(advertise)    16    28453.84    21    28
(relay)    48    23    28478.86    28    28476.49    2    1
(advertise)    16    28479.06    23    28
(relay)    4    22    28510.87    28    28508.49    1    1
(relay)    26    26    28525.07    28    28524.49    4    1
(advertise)    16    28525.27    26    28
(relay)    44    44    28527.68    28    28527.15    6    1
(advertise)    16    28547.88    44    28
(heartbeat)    31    7    28674.28    16    28678.1    3    8
(advertise)    16    28678.3    31    7
(relay)    12    17    28700.51    28    28695.48    2    1
(advertise)    16    28700.71    17    28
(relay)    20    18    28723.92    28    28699.98    2    1
(advertise)    16    28724.72    18    28
(relay)    48    48    28759.53    28    28759.48    5    1
(advertise)    16    28759.73    48    28
(relay)    14    0    28828.55    28    28823.64    1    1
(relay)    42    42    28831.55    28    28830.63    6    1
(advertise)    16    28831.75    42    28
(relay)    42    13    28855.96    28    28824.9    2    1
(advertise)    16    28856.36    13    28
(relay)    19    15    28879.97    28    28861.97    1    1
(relay)    4    47    29022.57    30    29018.08    1    1
(relay)    26    33    29026.57    30    29011.46    1    1
(relay)    19    24    29046.17    29    29039.64    3    1
(advertise)    16    29046.37    24    29
(relay)    42    9    29068.99    29    29057.9    2    1
(advertise)    16    29069.19    9    29
(relay)    4    4    29097.0    29    29095.99    6    1
(advertise)    16    29097.2    4    29
(generate)    16    29102.01    [1, 6, 7, 19]    29
(relay)    26    10    29120.23    29    29100.62    2    1
(advertise)    16    29120.83    10    29
(relay)    19    19    29146.84    29    29146.22    5    1
(advertise)    16    29147.44    19    29
(relay)    20    1    29187.05    29    29107.73    2    1
(advertise)    16    29187.25    1    29
(relay)    12    12    29251.66    29    29251.08    6    1
(advertise)    16    29251.86    12    29
(relay)    26    8    29307.08    29    29306.6    3    1
(advertise)    16    29307.28    8    29
(relay)    4    46    29331.09    29    29320.99    1    1
(relay)    14    14    29371.49    29    29370.45    5    1
(advertise)    16    29371.69    14    29
(relay)    48    41    29398.9    29    29356.66    1    1
(relay)    12    11    29406.7    29    29406.29    4    1
(advertise)    16    29406.9    11    29
(relay)    20    20    29417.32    29    29416.81    5    1
(advertise)    16    29429.92    20    29
(relay)    48    23    29478.93    29    29476.49    2    1
(advertise)    16    29479.13    23    29
(relay)    42    22    29510.34    29    29508.68    1    1
(relay)    26    26    29525.14    29    29524.59    4    1
(advertise)    16    29525.34    26    29
(relay)    44    44    29527.76    29    29527.25    6    1
(advertise)    16    29546.56    44    29
(relay)    26    27    29655.57    29    29634.81    1    1
(relay)    20    18    29700.77    29    29700.05    3    1
(advertise)    16    29700.97    18    29
(relay)    4    17    29713.38    29    29695.6    2    1
(advertise)    16    29724.18    17    29
(relay)    48    48    29759.59    29    29759.59    5    1
(advertise)    16    29759.79    48    29
(relay)    12    0    29828.21    29    29823.77    1    1
(relay)    42    42    29830.81    29    29830.7    6    1
(advertise)    16    29831.01    42    29
(relay)    4    13    29855.22    29    29824.99    2    1
(advertise)    16    29856.02    13    29
(relay)    42    15    29878.23    29    29862.07    1    1
