(main)    33    1    7    19    32.2
(advertise)    19    32.4    33    1
(main)    47    1    15    19    63.61
(advertise)    19    63.81    47    1
(main)    33    2    1007.03    19    1008.23
(advertise)    19    1008.43    33    2
(main)    47    2    1015.04    19    1034.44
(advertise)    19    1035.04    47    2
(main)    24    1    1035.85    19    1036.45
(main)    9    1    1055.05    19    1057.65
(advertise)    19    1058.45    24    1
(advertise)    19    1080.47    9    1
(main)    4    1    1093.08    19    1093.08
(main)    16    1    1099.08    19    1099.08
(advertise)    19    1101.88    4    1
(main)    10    1    1098.08    19    1103.29
(advertise)    19    1125.09    16    1
(generate)    19    1142.1    [1, 6, 7, 19]    1
(advertise)    19    1147.72    10    1
(main)    32    1    1102.08    19    1188.73
(advertise)    19    1188.93    32    1
(main)    1    1    1105.07    19    1210.74
(advertise)    19    1212.34    1    1
(main)    45    1    1155.12    19    1238.16
(advertise)    19    1238.96    45    1
(main)    12    1    1247.17    19    1248.17
(advertise)    19    1261.97    12    1
(main)    38    1    1154.1    19    1284.78
(advertise)    19    1285.18    38    1
(main)    8    1    1302.2    19    1308.4
(advertise)    19    1310.0    8    1
(main)    39    1    1252.16    19    1331.41
(advertise)    19    1332.01    39    1
(main)    34    1    1346.02    19    1358.82
(advertise)    19    1359.02    34    1
(main)    14    1    1367.03    19    1367.03
(advertise)    19    1381.03    14    1
(main)    11    1    1402.05    19    1402.65
(advertise)    19    1402.85    11    1
(main)    20    1    1413.06    19    1413.66
(main)    5    1    1347.02    19    1425.26
(advertise)    19    1427.06    20    1
(advertise)    19    1449.87    5    1
(main)    37    1    1361.02    19    1469.89
(advertise)    19    1472.89    37    1
(main)    21    1    1425.07    19    1493.9
(advertise)    19    1496.3    21    1
(main)    22    1    1505.11    19    1516.71
(advertise)    19    1517.31    22    1
(main)    28    1    1403.06    19    1518.53
(main)    26    1    1520.13    19    1521.13
(main)    44    1    1520.33    19    1521.53
(advertise)    19    1538.33    28    1
(main)    46    1    1318.01    19    1558.94
(advertise)    19    1559.54    26    1
(main)    40    1    1399.05    19    1581.15
(advertise)    19    1581.55    44    1
(main)    23    1    1473.1    19    1583.96
(advertise)    19    1603.76    46    1
(advertise)    19    1627.18    40    1
(main)    3    1    1559.14    19    1628.39
(main)    29    1    1488.1    19    1646.99
(advertise)    19    1650.19    23    1
(advertise)    19    1672.6    3    1
(main)    7    1    1570.15    19    1693.22
(advertise)    19    1694.02    29    1
(main)    27    1    1633.19    19    1696.63
(advertise)    19    1715.23    7    1
(main)    30    1    1497.11    19    1735.24
(main)    41    1    1354.02    19    1737.24
(main)    43    1    1517.13    19    1738.24
(advertise)    19    1738.44    27    1
(main)    48    1    1756.06    19    1756.66
(main)    17    1    1692.03    19    1756.86
(advertise)    19    1759.46    30    1
(main)    18    1    1697.03    19    1762.67
(advertise)    19    1782.07    41    1
(main)    25    1    1687.02    19    1801.68
(advertise)    19    1805.28    43    1
(main)    42    1    1828.11    19    1828.29
(advertise)    19    1829.29    48    1
(main)    6    1    1594.16    19    1849.11
(advertise)    19    1852.31    17    1
(advertise)    19    1873.72    18    1
(main)    0    1    1819.11    19    1894.73
(advertise)    19    1895.93    25    1
(advertise)    19    1918.95    42    1
(advertise)    19    1941.56    6    1
(main)    2    1    1805.07    19    1960.97
(advertise)    19    1962.77    0    1
(main)    13    1    1822.09    19    1964.99
(main)    15    1    1859.12    19    1969.99
(advertise)    19    1985.39    2    1
(advertise)    19    2007.6    13    1
(advertise)    19    2029.61    15    1
(main)    33    3    2007.21    19    2038.22
(main)    47    3    2015.2    19    2052.62
(advertise)    19    2053.42    33    3
(main)    36    1    1995.19    19    2060.24
(advertise)    19    2074.44    47    3
(advertise)    19    2097.25    36    1
(main)    16    2    2099.26    19    2099.26
(main)    10    2    2098.26    19    2102.66
(main)    9    2    2055.22    19    2118.06
(advertise)    19    2118.46    16    2
(generate)    19    2142.28    [1, 6, 7, 19]    2
(advertise)    19    2144.09    10    2
(advertise)    19    2167.3    9    2
(main)    32    2    2102.28    19    2189.12
(advertise)    19    2189.92    32    2
(main)    1    2    2105.25    19    2211.73
(advertise)    19    2212.93    1    2
(main)    38    2    2155.29    19    2235.14
(advertise)    19    2235.34    38    2
(main)    12    2    2247.34    19    2248.35
(main)    45    2    2155.88    19    2248.55
(advertise)    19    2256.55    12    2
(advertise)    19    2278.97    45    2
(main)    8    2    2302.38    19    2303.78
(advertise)    19    2303.98    8    2
(main)    4    2    2093.25    19    2326.19
(advertise)    19    2326.99    4    2
(main)    39    2    2252.34    19    2340.61
(advertise)    19    2348.01    39    2
(main)    35    2    2203.32    19    2349.42
(main)    14    2    2367.22    19    2367.22
(advertise)    19    2369.22    35    2
(main)    34    2    2346.17    19    2383.43
(advertise)    19    2390.23    14    2
(main)    11    2    2402.23    19    2402.85
(advertise)    19    2413.65    34    2
(main)    20    2    2413.25    19    2415.86
(advertise)    19    2435.86    11    2
(main)    5    2    2347.21    19    2446.87
(main)    41    2    2354.14    19    2449.67
(advertise)    19    2457.07    20    2
(advertise)    19    2478.68    5    2
(main)    46    2    2318.15    19    2491.7
(advertise)    19    2499.7    41    2
(main)    26    2    2520.31    19    2521.31
(advertise)    19    2521.51    46    2
(main)    44    2    2520.5    19    2522.92
(advertise)    19    2543.12    26    2
(main)    22    2    2505.3    19    2548.14
(advertise)    19    2565.14    44    2
(main)    23    2    2473.3    19    2568.15
(advertise)    19    2587.35    22    2
(main)    21    2    2425.27    19    2604.36
(advertise)    19    2611.16    23    2
(advertise)    19    2632.97    21    2
(main)    3    2    2559.28    19    2634.39
(main)    28    2    2403.25    19    2637.59
(main)    37    2    2361.21    19    2648.99
(advertise)    19    2654.99    3    2
(advertise)    19    2676.2    28    2
(main)    29    2    2488.3    19    2684.41
(advertise)    19    2700.21    37    2
(main)    7    2    2570.3    19    2702.83
(main)    18    2    2697.21    19    2720.03
(advertise)    19    2723.23    29    2
(main)    43    2    2517.31    19    2726.44
(main)    40    2    2399.23    19    2728.44
(advertise)    19    2744.44    7    2
(main)    17    2    2692.17    19    2750.05
(main)    48    2    2756.25    19    2756.85
(advertise)    19    2765.85    18    2
(main)    27    2    2633.37    19    2785.67
(advertise)    19    2787.47    43    2
(main)    30    2    2497.3    19    2794.68
(advertise)    19    2810.28    40    2
(main)    42    2    2828.28    19    2828.29
(advertise)    19    2831.89    17    2
(advertise)    19    2853.7    48    2
(advertise)    19    2875.12    27    2
(advertise)    19    2897.73    30    2
(main)    6    2    2594.35    19    2906.74
(advertise)    19    2918.94    42    2
(advertise)    19    2941.36    6    2
(main)    0    2    2819.29    19    2944.17
(advertise)    19    2962.57    0    2
(main)    25    2    2687.16    19    2973.58
(advertise)    19    2985.58    25    2
(main)    2    2    2805.21    19    2986.8
(advertise)    19    3008.2    2    2
(main)    15    2    2859.27    19    3018.21
(main)    33    4    3007.41    19    3022.61
(advertise)    19    3031.01    15    2
(main)    24    3    3036.22    19    3036.82
(main)    13    2    2822.24    19    3047.22
(advertise)    19    3053.62    33    4
(advertise)    19    3076.03    24    3
(main)    47    4    3015.34    19    3080.85
(main)    4    3    3093.45    19    3093.45
(advertise)    19    3097.25    13    2
(main)    16    3    3099.45    19    3112.66
(main)    10    3    3098.45    19    3117.06
(advertise)    19    3121.06    47    4
(main)    36    2    2995.38    19    3124.47
(generate)    19    3142.47    [1, 6, 7, 19]    3
(advertise)    19    3143.69    4    3
(advertise)    19    3166.5    16    3
(main)    9    3    3055.36    19    3168.71
(advertise)    19    3188.91    10    3
(advertise)    19    3211.93    36    2
(main)    32    3    3102.46    19    3221.54
(advertise)    19    3232.94    9    3
(main)    1    3    3105.45    19    3244.95
(main)    12    3    3247.53    19    3248.55
(advertise)    19    3254.95    32    3
(advertise)    19    3276.16    1    3
(advertise)    19    3298.18    12    3
(main)    45    3    3156.03    19    3301.59
(main)    38    3    3155.46    19    3310.39
(advertise)    19    3320.99    45    3
(main)    8    3    3302.56    19    3338.6
(advertise)    19    3344.0    38    3
(advertise)    19    3365.62    8    3
(main)    14    3    3367.42    19    3367.43
(advertise)    19    3386.63    14    3
(main)    35    3    3203.5    19    3387.84
(main)    11    3    3402.43    19    3403.04
(advertise)    19    3408.04    35    3
(main)    20    3    3413.44    19    3414.46
(advertise)    19    3431.06    11    3
(main)    39    3    3252.53    19    3446.47
(main)    34    3    3346.33    19    3454.27
(advertise)    19    3454.87    20    3
(advertise)    19    3475.88    39    3
(main)    5    3    3347.39    19    3492.09
(advertise)    19    3498.09    34    3
(main)    21    3    3425.46    19    3513.91
(advertise)    19    3519.71    5    3
(main)    26    3    3520.51    19    3521.52
(main)    46    3    3318.33    19    3523.12
(advertise)    19    3540.72    21    3
(main)    22    3    3505.49    19    3556.13
(advertise)    19    3562.13    26    3
(main)    41    3    3354.3    19    3567.15
(main)    37    3    3361.39    19    3579.55
(main)    23    3    3473.49    19    3580.35
(advertise)    19    3583.15    46    3
(main)    44    3    3520.68    19    3595.56
(advertise)    19    3604.36    22    3
(advertise)    19    3628.17    41    3
(advertise)    19    3651.39    37    3
(advertise)    19    3673.6    23    3
(main)    3    3    3559.44    19    3677.01
(advertise)    19    3695.01    44    3
(main)    28    3    3403.43    19    3708.62
(advertise)    19    3716.62    3    3
(main)    7    3    3570.46    19    3721.24
(main)    40    3    3399.4    19    3731.24
(advertise)    19    3738.84    28    3
(main)    27    3    3633.56    19    3752.65
(main)    48    3    3756.45    19    3757.05
(advertise)    19    3761.25    7    3
(main)    29    3    3488.49    19    3779.86
(advertise)    19    3783.26    40    3
(main)    17    3    3692.35    19    3789.08
(main)    18    3    3697.41    19    3796.08
(advertise)    19    3807.08    27    3
(main)    43    3    3517.49    19    3811.29
(advertise)    19    3828.69    48    3
(advertise)    19    3851.3    29    3
(main)    30    3    3497.48    19    3864.92
(advertise)    19    3872.32    17    3
(main)    42    3    3828.46    19    3876.13
(advertise)    19    3895.33    18    3
(advertise)    19    3917.54    43    3
(advertise)    19    3938.75    30    3
(main)    6    3    3594.53    19    3952.37
(advertise)    19    3959.77    42    3
(main)    0    3    3819.49    19    3973.98
(advertise)    19    3982.18    6    3
(main)    13    3    3822.41    19    3992.59
(advertise)    19    4004.39    0    3
(main)    15    3    3859.41    19    4014.81
(main)    25    3    3687.32    19    4016.61
(advertise)    19    4028.01    13    3
(main)    24    4    4036.42    19    4037.42
(advertise)    19    4051.22    15    3
(advertise)    19    4074.43    25    3
(main)    2    3    3805.39    19    4080.25
(main)    4    4    4093.65    19    4093.65
(advertise)    19    4096.45    24    4
(main)    16    4    4099.65    19    4100.26
(main)    33    5    4007.61    19    4111.46
(advertise)    19    4118.86    2    3
(advertise)    19    4141.47    4    4
(generate)    19    4142.68    [1, 6, 7, 19]    4
(advertise)    19    4162.5    16    4
(main)    10    4    4098.65    19    4164.11
(main)    47    5    4015.53    19    4168.11
(advertise)    19    4183.91    33    5
(advertise)    19    4206.92    10    4
(advertise)    19    4228.14    47    5
(main)    36    3    3995.57    19    4234.75
(main)    12    4    4247.94    19    4247.95
(advertise)    19    4249.75    36    3
(main)    1    4    4105.65    19    4251.96
(main)    32    4    4102.66    19    4261.16
(advertise)    19    4272.16    12    4
(main)    45    4    4156.23    19    4279.38
(advertise)    19    4294.18    1    4
(advertise)    19    4316.59    32    4
(advertise)    19    4340.0    45    4
(main)    9    4    4055.54    19    4345.61
(main)    8    4    4302.76    19    4351.21
(advertise)    19    4363.01    9    4
(main)    14    4    4367.61    19    4368.23
(main)    38    4    4155.66    19    4374.23
(advertise)    19    4385.43    8    4
(main)    11    4    4402.63    19    4403.64
(advertise)    19    4407.84    14    4
(main)    20    4    4413.64    19    4414.65
(advertise)    19    4429.25    38    4
(advertise)    19    4450.27    11    4
(main)    35    4    4203.7    19    4461.88
(advertise)    19    4471.48    20    4
(main)    46    4    4318.52    19    4480.29
(main)    39    4    4252.71    19    4489.49
(advertise)    19    4492.89    35    4
(advertise)    19    4514.31    46    4
(main)    44    4    4521.89    19    4521.92
(main)    22    4    4505.51    19    4531.92
(advertise)    19    4538.32    39    4
(main)    41    4    4354.5    19    4545.53
(main)    23    4    4473.69    19    4548.53
(advertise)    19    4561.33    44    4
(main)    26    4    4520.71    19    4568.94
(advertise)    19    4583.34    22    4
(advertise)    19    4605.76    41    4
(main)    5    4    4347.59    19    4627.97
(advertise)    19    4631.17    23    4
(advertise)    19    4652.38    26    4
(main)    21    4    4425.65    19    4658.2
(advertise)    19    4674.6    5    4
(advertise)    19    4695.81    21    4
(main)    37    4    4361.59    19    4700.02
(advertise)    19    4719.22    37    4
(main)    29    4    4488.69    19    4730.84
(main)    3    4    4559.64    19    4740.24
(advertise)    19    4741.64    29    4
(main)    28    4    4404.03    19    4749.25
(main)    18    4    4697.61    19    4752.05
(main)    48    4    4756.65    19    4757.65
(main)    27    4    4633.57    19    4760.85
(advertise)    19    4763.45    3    4
(main)    7    4    4570.65    19    4785.86
(advertise)    19    4786.06    28    4
(main)    43    4    4517.69    19    4804.87
(main)    17    4    4692.54    19    4807.27
(advertise)    19    4808.07    18    4
(main)    42    4    4828.66    19    4829.29
(advertise)    19    4829.49    48    4
(advertise)    19    4853.1    27    4
(main)    40    4    4399.41    19    4854.91
(advertise)    19    4875.31    7    4
(main)    30    4    4497.68    19    4884.33
(advertise)    19    4898.13    43    4
(advertise)    19    4919.34    17    4
(heartbeat)    31    1    4674.2    19    4928.35    127    0
(advertise)    19    4940.75    42    4
(main)    34    4    4346.52    19    4960.57
(advertise)    19    4961.97    40    4
(advertise)    19    4982.98    30    4
(advertise)    19    5005.19    31    1
(main)    2    4    4805.57    19    5026.0
(advertise)    19    5028.2    34    4
(main)    13    4    4822.61    19    5031.62
(main)    24    5    5036.6    19    5037.62
(main)    0    4    4820.09    19    5049.42
(main)    15    4    4859.61    19    5049.82
(advertise)    19    5050.42    2    4
(advertise)    19    5072.03    13    4
(advertise)    19    5093.44    24    5
(main)    33    6    5007.8    19    5096.26
(main)    16    5    5099.84    19    5100.46
(advertise)    19    5115.46    0    4
(main)    10    5    5098.84    19    5135.47
(advertise)    19    5136.67    33    6
(main)    4    5    5093.84    19    5139.88
(generate)    19    5142.88    [1, 6, 7, 19]    5
(advertise)    19    5159.3    16    5
(main)    47    6    5015.73    19    5160.71
(advertise)    19    5182.11    10    5
(main)    9    5    5055.74    19    5184.12
(main)    32    5    5102.86    19    5202.92
(advertise)    19    5203.32    4    5
(advertise)    19    5224.33    47    6
(advertise)    19    5247.15    9    5
(main)    12    5    5248.13    19    5248.36
(advertise)    19    5269.56    12    5
(main)    8    5    5302.96    19    5305.17
(advertise)    19    5305.37    8    5
(main)    46    5    5318.7    19    5327.79
(advertise)    19    5328.79    46    5
(main)    34    5    5346.71    19    5349.8
(main)    14    5    5367.79    19    5368.4
(advertise)    19    5368.6    14    5
(main)    41    5    5354.67    19    5398.01
(advertise)    19    5398.21    41    5
(main)    11    5    5402.81    19    5403.83
(main)    20    5    5413.79    19    5414.83
(advertise)    19    5419.43    11    5
(advertise)    19    5442.24    20    5
(main)    21    5    5425.81    19    5462.45
(advertise)    19    5463.25    21    5
(main)    23    5    5473.89    19    5484.86
(advertise)    19    5486.46    23    5
(main)    22    5    5505.68    19    5510.48
(advertise)    19    5510.68    22    5
(main)    26    5    5520.86    19    5520.89
(main)    44    5    5522.03    19    5522.09
(main)    43    5    5517.84    19    5531.49
(advertise)    19    5532.89    26    5
(advertise)    19    5553.9    44    5
(main)    3    5    5559.77    19    5600.12
(main)    7    5    5570.79    19    5622.12
(advertise)    19    5622.32    7    5
(main)    27    5    5633.74    19    5635.53
(main)    25    5    5687.63    19    5690.13
(main)    18    5    5697.69    19    5698.13
(advertise)    19    5698.33    18    5
(main)    17    5    5692.66    19    5713.54
(advertise)    19    5720.34    17    5
(main)    48    5    5756.7    19    5757.76
(advertise)    19    5757.96    48    5
(main)    2    5    5805.59    19    5806.77
(main)    0    5    5820.13    19    5822.37
(advertise)    19    5822.57    0    5
(main)    42    5    5828.7    19    5829.18
(advertise)    19    5843.78    42    5
(main)    13    5    5822.68    19    5852.59
(advertise)    19    5864.79    13    5
(main)    15    5    5859.68    19    5873.21
(advertise)    19    5888.41    15    5
(main)    47    7    6015.88    19    6018.82
(advertise)    19    6019.02    47    7
(main)    33    7    6007.98    19    6022.43
(main)    24    6    6036.77    19    6037.83
(advertise)    19    6043.03    33    7
(main)    9    6    6055.9    19    6057.45
(advertise)    19    6065.65    24    6
(advertise)    19    6088.06    9    6
(main)    4    6    6093.99    19    6094.47
(main)    10    6    6098.87    19    6100.07
(main)    16    6    6099.98    19    6100.47
(advertise)    19    6110.87    4    6
(advertise)    19    6132.89    10    6
(generate)    19    6142.9    [1, 6, 7, 19]    6
(advertise)    19    6154.31    16    6
(main)    32    6    6102.92    19    6167.12
(main)    1    6    6105.93    19    6177.32
(advertise)    19    6178.12    1    6
(main)    12    6    6248.27    19    6248.34
(advertise)    19    6248.54    12    6
(main)    8    6    6303.35    19    6305.15
(advertise)    19    6305.35    8    6
(main)    46    6    6318.81    19    6329.96
(advertise)    19    6330.16    46    6
(main)    34    6    6346.86    19    6353.38
(main)    14    6    6367.91    19    6368.38
(advertise)    19    6368.58    14    6
(main)    41    6    6354.68    19    6395.79
(advertise)    19    6396.19    41    6
(main)    11    6    6402.98    19    6404.0
(main)    20    6    6413.91    19    6414.0
(advertise)    19    6418.0    11    6
(advertise)    19    6439.02    20    6
(main)    23    6    6474.08    19    6476.63
(advertise)    19    6476.83    23    6
(main)    21    6    6425.95    19    6501.24
(main)    26    6    6520.98    19    6521.04
(advertise)    19    6521.24    26    6
(main)    22    6    6505.68    19    6523.85
(advertise)    19    6544.05    22    6
(main)    44    6    6523.31    19    6546.27
(advertise)    19    6566.47    44    6
(main)    7    6    6570.91    19    6589.48
(advertise)    19    6589.68    7    6
(main)    27    6    6633.8    19    6635.69
(main)    25    6    6687.72    19    6689.29
(main)    18    6    6697.79    19    6698.49
(advertise)    19    6698.69    18    6
(main)    17    6    6692.79    19    6713.11
(advertise)    19    6720.71    17    6
(main)    48    6    6756.82    19    6757.92
(advertise)    19    6758.12    48    6
(main)    2    6    6805.62    19    6808.33
(main)    42    6    6828.79    19    6829.33
(advertise)    19    6829.53    42    6
(main)    13    6    6822.8    19    6852.95
(advertise)    19    6853.35    13    6
(main)    15    6    6859.76    19    6873.56
(advertise)    19    6875.36    15    6
(main)    47    8    7015.96    19    7019.77
(advertise)    19    7019.97    47    8
(main)    33    8    7008.15    19    7022.58
(main)    24    7    7036.89    19    7037.98
(advertise)    19    7042.38    33    8
(main)    9    7    7056.0    19    7057.6
(advertise)    19    7065.6    24    7
(advertise)    19    7087.21    9    7
(main)    4    7    7094.09    19    7094.62
(main)    16    7    7100.05    19    7100.62
(advertise)    19    7108.82    4    7
(main)    10    7    7098.89    19    7118.84
(advertise)    19    7131.24    16    7
(generate)    19    7143.05    [1, 6, 7, 19]    7
(advertise)    19    7153.26    10    7
(main)    45    7    7156.72    19    7170.28
(main)    32    7    7102.93    19    7174.48
(main)    1    7    7105.98    19    7186.68
(advertise)    19    7186.88    1    7
(main)    12    7    7248.4    19    7248.49
(advertise)    19    7248.69    12    7
(main)    8    7    7303.53    19    7305.3
(advertise)    19    7305.5    8    7
(main)    46    7    7318.89    19    7329.31
(advertise)    19    7329.51    46    7
(main)    34    7    7347.02    19    7351.33
(main)    14    7    7368.04    19    7368.53
(advertise)    19    7368.73    14    7
(main)    41    7    7354.69    19    7395.94
(advertise)    19    7396.34    41    7
(main)    20    7    7414.01    19    7414.15
(main)    11    7    7403.11    19    7417.15
(advertise)    19    7419.15    20    7
(advertise)    19    7441.17    11    7
(main)    21    7    7426.13    19    7461.78
(main)    23    7    7474.1    19    7477.38
(advertise)    19    7477.58    23    7
(main)    22    7    7505.84    19    7506.19
(advertise)    19    7506.39    22    7
(main)    26    7    7521.1    19    7521.21
(main)    44    7    7523.4    19    7523.41
(advertise)    19    7527.41    26    7
(advertise)    19    7549.82    44    7
(main)    3    7    7560.18    19    7590.43
(main)    7    7    7570.98    19    7614.23
(main)    25    7    7687.82    19    7689.43
(main)    17    7    7692.89    19    7712.23
(advertise)    19    7712.43    17    7
(main)    18    7    7697.89    19    7734.04
(advertise)    19    7735.64    18    7
(main)    48    7    7756.91    19    7757.86
(advertise)    19    7758.26    48    7
(main)    42    7    7828.86    19    7829.87
(advertise)    19    7830.07    42    7
(main)    15    7    7859.85    19    7876.68
(advertise)    19    7876.88    15    7
(main)    33    9    8008.31    19    8012.7
(main)    47    9    8016.06    19    8020.3
(advertise)    19    8020.5    47    9
(main)    24    8    8037.02    19    8037.11
(advertise)    19    8042.71    24    8
(main)    9    8    8056.1    19    8064.72
(advertise)    19    8065.32    9    8
(main)    4    8    8094.17    19    8094.74
(advertise)    19    8094.94    4    8
(main)    16    8    8100.14    19    8101.15
(advertise)    19    8117.75    16    8
(main)    10    8    8098.9    19    8137.96
(generate)    19    8143.16    [1, 6, 7, 19]    8
(main)    45    8    8156.86    19    8169.37
(main)    32    8    8102.94    19    8183.57
(main)    1    8    8106.04    19    8184.37
(advertise)    19    8184.57    1    8
(main)    12    8    8248.51    19    8248.99
(advertise)    19    8249.19    12    8
(main)    8    8    8303.72    19    8305.2
(advertise)    19    8305.4    8    8
(main)    46    8    8318.99    19    8320.81
(advertise)    19    8326.41    46    8
(main)    34    8    8347.17    19    8349.03
(main)    14    8    8368.12    19    8369.23
(advertise)    19    8369.43    14    8
(main)    41    8    8354.72    19    8395.24
(advertise)    19    8395.44    41    8
(main)    11    8    8403.25    19    8403.25
(main)    20    8    8414.12    19    8414.25
(advertise)    19    8416.45    11    8
(advertise)    19    8438.07    20    8
(main)    21    8    8426.28    19    8466.48
(advertise)    19    8466.68    21    8
(main)    23    8    8474.23    19    8487.69
(advertise)    19    8488.09    23    8
(main)    22    8    8506.02    19    8508.9
(advertise)    19    8510.3    22    8
(main)    26    8    8521.21    19    8521.72
(main)    44    8    8523.47    19    8524.12
(advertise)    19    8532.72    26    8
(advertise)    19    8555.33    44    8
(main)    3    8    8560.31    19    8579.34
(main)    7    8    8571.08    19    8600.74
(advertise)    19    8600.94    7    8
(main)    27    8    8633.84    19    8663.56
(heartbeat)    31    2    8674.21    19    8678.16    4    4
(advertise)    19    8678.36    31    2
(main)    18    8    8698.0    19    8700.77
(advertise)    19    8701.17    18    8
(main)    25    8    8687.95    19    8745.78
(main)    48    8    8757.03    19    8757.18
(advertise)    19    8757.38    48    8
(main)    2    8    8805.71    19    8809.2
(main)    0    8    8820.62    19    8825.2
(main)    42    8    8828.95    19    8830.0
(advertise)    19    8830.2    42    8
(main)    13    8    8823.0    19    8854.01
(advertise)    19    8854.81    13    8
(main)    15    8    8859.97    19    8876.22
(advertise)    19    8877.82    15    8
(main)    47    10    9016.17    19    9020.83
(advertise)    19    9021.03    47    10
(main)    33    10    9008.47    19    9024.25
(main)    24    9    9037.16    19    9037.25
(advertise)    19    9043.45    33    10
(advertise)    19    9065.46    24    9
(main)    9    9    9056.2    19    9067.07
(advertise)    19    9087.47    9    9
(main)    4    9    9094.25    19    9095.29
(main)    16    9    9100.23    19    9101.29
(advertise)    19    9111.49    4    9
(main)    10    9    9099.13    19    9119.3
(advertise)    19    9132.9    16    9
(generate)    19    9143.31    [1, 6, 7, 19]    9
(advertise)    19    9154.53    10    9
(main)    32    9    9102.96    19    9183.74
(main)    1    9    9106.11    19    9186.94
(advertise)    19    9187.14    1    9
(main)    12    9    9248.66    19    9249.15
(advertise)    19    9249.35    12    9
(main)    8    9    9303.75    19    9304.16
(advertise)    19    9304.36    8    9
(main)    46    9    9319.1    19    9325.78
(advertise)    19    9326.78    46    9
(main)    34    9    9347.34    19    9350.19
(main)    14    9    9368.26    19    9369.19
(advertise)    19    9369.39    14    9
(main)    11    9    9403.4    19    9403.4
(advertise)    19    9403.6    11    9
(main)    20    9    9414.23    19    9414.42
(advertise)    19    9424.82    20    9
(main)    21    9    9426.44    19    9463.43
(advertise)    19    9463.63    21    9
(main)    23    9    9474.25    19    9486.24
(advertise)    19    9487.04    23    9
(main)    22    9    9506.05    19    9506.46
(advertise)    19    9509.66    22    9
(main)    26    9    9521.34    19    9521.87
(main)    44    9    9523.54    19    9524.07
(advertise)    19    9533.07    26    9
(advertise)    19    9554.48    44    9
(main)    3    9    9560.41    19    9590.09
(main)    7    9    9571.21    19    9614.9
(advertise)    19    9615.1    7    9
(main)    27    9    9633.86    19    9636.11
(main)    25    9    9688.04    19    9689.31
(main)    18    9    9698.1    19    9699.11
(advertise)    19    9699.31    18    9
(main)    17    9    9693.18    19    9710.32
(advertise)    19    9721.32    17    9
(main)    48    9    9757.15    19    9757.33
(advertise)    19    9757.53    48    9
(main)    0    9    9820.77    19    9825.75
(main)    42    9    9829.02    19    9829.95
(advertise)    19    9830.15    42    9
(main)    13    9    9823.11    19    9851.56
(advertise)    19    9852.16    13    9
(main)    15    9    9860.09    19    9873.57
(advertise)    19    9874.37    15    9
(main)    47    11    10016.26    19    10019.79
(advertise)    19    10019.99    47    11
(main)    33    11    10008.63    19    10021.4
(main)    24    10    10037.28    19    10037.4
(advertise)    19    10042.2    33    11
(advertise)    19    10063.21    24    10
(main)    9    10    10056.27    19    10067.83
(advertise)    19    10085.03    9    10
(main)    4    10    10094.34    19    10095.44
(main)    16    10    10100.33    19    10101.24
(advertise)    19    10107.24    4    10
(main)    10    10    10099.15    19    10117.65
(advertise)    19    10130.05    16    10
(generate)    19    10143.46    [1, 6, 7, 19]    10
(advertise)    19    10151.08    10    10
(main)    45    10    10157.2    19    10171.69
(main)    32    10    10102.98    19    10185.09
(main)    1    10    10106.14    19    10209.29
(advertise)    19    10209.49    1    10
(main)    12    10    10248.76    19    10249.3
(advertise)    19    10249.5    12    10
(main)    8    10    10303.94    19    10304.72
(advertise)    19    10304.92    8    10
(main)    46    10    10319.2    19    10326.93
(advertise)    19    10327.93    46    10
(main)    34    10    10347.5    19    10350.34
(main)    14    10    10368.37    19    10369.34
(advertise)    19    10369.54    14    10
(main)    41    10    10354.95    19    10393.16
(advertise)    19    10393.36    41    10
(main)    11    10    10403.56    19    10403.57
(main)    20    10    10414.35    19    10414.97
(advertise)    19    10415.77    11    10
(advertise)    19    10437.78    20    10
(main)    21    10    10426.63    19    10459.99
(advertise)    19    10460.59    21    10
(main)    23    10    10474.28    19    10481.81
(advertise)    19    10483.01    23    10
(main)    22    10    10506.25    19    10507.62
(advertise)    19    10508.22    22    10
(main)    26    10    10521.48    19    10522.03
(main)    44    10    10523.64    19    10524.23
(advertise)    19    10531.23    26    10
(advertise)    19    10553.25    44    10
(main)    3    10    10560.51    19    10597.86
(main)    7    10    10571.3    19    10619.46
(main)    27    10    10633.91    19    10637.06
(main)    25    10    10688.13    19    10689.86
(main)    18    10    10698.2    19    10699.06
(advertise)    19    10699.26    18    10
(main)    17    10    10693.32    19    10711.87
(advertise)    19    10722.47    17    10
(main)    48    10    10757.26    19    10757.29
(advertise)    19    10757.49    48    10
(main)    2    10    10805.8    19    10810.1
(main)    0    10    10820.94    19    10826.1
(main)    42    10    10829.11    19    10829.3
(advertise)    19    10829.5    42    10
(main)    13    10    10823.2    19    10853.11
(advertise)    19    10853.31    13    10
(main)    15    10    10860.19    19    10875.32
(advertise)    19    10877.12    15    10
(main)    47    12    11016.35    19    11019.34
(advertise)    19    11019.54    47    12
(main)    33    12    11008.78    19    11024.15
(main)    24    11    11037.41    19    11037.55
(advertise)    19    11040.95    24    11
(main)    9    11    11056.39    19    11066.76
(advertise)    19    11066.96    9    11
(main)    4    11    11094.43    19    11095.38
(advertise)    19    11095.78    4    11
(main)    16    11    11100.43    19    11100.59
(advertise)    19    11117.79    16    11
(main)    10    11    11099.34    19    11120.0
(advertise)    19    11139.2    10    11
(main)    32    11    11102.98    19    11140.62
(generate)    19    11143.62    [1, 6, 7, 19]    11
(main)    45    11    11157.39    19    11171.23
(main)    1    11    11106.19    19    11183.43
(advertise)    19    11183.63    1    11
(main)    12    11    11248.89    19    11249.84
(advertise)    19    11250.04    12    11
(main)    8    11    11304.13    19    11305.05
(advertise)    19    11305.25    8    11
(main)    46    11    11319.3    19    11330.87
(main)    34    11    11347.65    19    11355.47
(main)    14    11    11368.45    19    11370.07
(advertise)    19    11370.27    14    11
(main)    41    11    11355.14    19    11398.68
(advertise)    19    11398.88    41    11
(main)    11    11    11403.73    19    11404.29
(main)    20    11    11414.46    19    11415.09
(advertise)    19    11420.89    11    11
(advertise)    19    11443.71    20    11
(main)    21    11    11426.81    19    11480.52
(advertise)    19    11480.72    21    11
(main)    23    11    11474.31    19    11502.33
(advertise)    19    11502.73    23    11
(main)    26    11    11521.59    19    11522.55
(advertise)    19    11523.75    26    11
(main)    44    11    11524.32    19    11525.36
(main)    22    11    11506.44    19    11525.56
(advertise)    19    11544.76    44    11
(advertise)    19    11568.57    22    11
(main)    3    11    11560.63    19    11570.18
(main)    7    11    11571.45    19    11593.98
(advertise)    19    11594.18    7    11
(main)    27    11    11633.94    19    11639.6
(main)    25    11    11688.26    19    11690.4
(main)    18    11    11698.3    19    11699.6
(advertise)    19    11699.8    18    11
(main)    17    11    11693.47    19    11713.81
(advertise)    19    11722.21    17    11
(main)    48    11    11757.36    19    11757.42
(advertise)    19    11757.62    48    11
(main)    2    11    11805.84    19    11811.64
(main)    0    11    11821.11    19    11823.04
(advertise)    19    11823.24    0    11
(main)    42    11    11829.19    19    11829.25
(advertise)    19    11844.65    42    11
(main)    15    11    11860.31    19    11861.86
(advertise)    19    11867.06    15    11
(main)    33    13    12008.95    19    12021.88
(main)    24    12    12037.53    19    12038.08
(advertise)    19    12038.28    24    12
(main)    9    12    12056.47    19    12063.29
(advertise)    19    12063.49    9    12
(main)    4    12    12094.47    19    12094.5
(advertise)    19    12094.7    4    12
(main)    16    12    12100.51    19    12100.51
(advertise)    19    12116.91    16    12
(main)    10    12    12099.56    19    12119.13
(advertise)    19    12139.33    10    12
(generate)    19    12143.74    [1, 6, 7, 19]    12
(main)    45    12    12157.53    19    12170.75
(main)    32    12    12103.01    19    12183.15
(main)    1    12    12106.37    19    12183.75
(advertise)    19    12183.95    1    12
(main)    12    12    12248.96    19    12249.97
(advertise)    19    12250.17    12    12
(main)    8    12    12304.3    19    12304.98
(advertise)    19    12305.18    8    12
(main)    46    12    12319.38    19    12326.59
(advertise)    19    12327.59    46    12
(main)    34    12    12347.82    19    12352.01
(main)    14    12    12368.55    19    12368.61
(advertise)    19    12368.81    14    12
(main)    11    12    12403.83    19    12404.42
(advertise)    19    12404.62    11    12
(main)    20    12    12414.57    19    12415.03
(advertise)    19    12427.43    20    12
(main)    21    12    12426.97    19    12452.44
(main)    23    12    12474.33    19    12475.24
(main)    22    12    12506.61    19    12508.64
(advertise)    19    12508.84    22    12
(main)    26    12    12521.73    19    12522.66
(main)    44    12    12524.38    19    12525.46
(advertise)    19    12533.26    26    12
(advertise)    19    12555.67    44    12
(main)    3    12    12560.72    19    12595.88
(main)    7    12    12571.52    19    12620.28
(main)    27    12    12633.97    19    12640.88
(heartbeat)    31    3    12674.23    19    12676.88    4    7
(advertise)    19    12677.08    31    3
(main)    17    12    12693.57    19    12700.1
(advertise)    19    12700.3    17    12
(main)    18    12    12698.41    19    12702.51
(advertise)    19    12722.71    18    12
(main)    48    12    12757.49    19    12758.12
(advertise)    19    12758.32    48    12
(main)    0    12    12821.3    19    12822.34
(advertise)    19    12822.54    0    12
(main)    42    12    12829.24    19    12829.35
(advertise)    19    12845.95    42    12
(main)    13    12    12823.41    19    12855.36
(advertise)    19    12867.36    13    12
(main)    15    12    12860.38    19    12876.77
(advertise)    19    12889.77    15    12
(main)    47    14    13016.56    19    13017.59
(advertise)    19    13017.79    47    14
(main)    33    14    13009.13    19    13020.8
(main)    24    13    13037.67    19    13038.2
(advertise)    19    13039.8    33    14
(advertise)    19    13062.41    24    13
(main)    9    13    13056.55    19    13067.03
(advertise)    19    13084.03    9    13
(main)    4    13    13094.56    19    13094.64
(main)    16    13    13100.62    19    13100.64
(advertise)    19    13107.44    4    13
(main)    10    13    13099.57    19    13116.85
(advertise)    19    13129.65    16    13
(generate)    19    13143.87    [1, 6, 7, 19]    13
(advertise)    19    13151.08    10    13
(main)    32    13    13103.05    19    13181.69
(main)    1    13    13106.46    19    13205.49
(advertise)    19    13205.69    1    13
(main)    12    13    13249.08    19    13250.1
(advertise)    19    13250.3    12    13
(main)    8    13    13304.48    19    13305.72
(advertise)    19    13305.92    8    13
(main)    46    13    13319.49    19    13328.73
(advertise)    19    13328.93    46    13
(main)    14    13    13368.67    19    13368.74
(advertise)    19    13368.94    14    13
(main)    41    13    13355.17    19    13394.96
(advertise)    19    13395.16    41    13
(main)    11    13    13404.01    19    13404.57
(main)    20    13    13414.71    19    13415.77
(advertise)    19    13417.37    11    13
(advertise)    19    13441.58    20    13
(main)    21    13    13427.16    19    13463.0
(main)    23    13    13474.58    19    13484.4
(advertise)    19    13484.6    23    13
(main)    26    13    13521.88    19    13522.81
(advertise)    19    13523.01    26    13
(main)    44    13    13524.48    19    13525.42
(advertise)    19    13544.42    44    13
(main)    7    13    13571.61    19    13602.83
(advertise)    19    13603.03    7    13
(main)    27    13    13634.01    19    13642.85
(main)    25    13    13688.44    19    13691.45
(main)    18    13    13698.51    19    13700.25
(advertise)    19    13700.45    18    13
(main)    17    13    13693.7    19    13712.46
(advertise)    19    13722.26    17    13
(main)    48    13    13757.8    19    13758.27
(advertise)    19    13758.47    48    13
(main)    2    13    13805.95    19    13808.89
(main)    0    13    13821.49    19    13822.69
(main)    42    13    13829.34    19    13829.49
(advertise)    19    13829.69    42    13
(main)    13    13    13823.51    19    13853.3
(advertise)    19    13853.7    13    13
(main)    15    13    13860.51    19    13879.31
(advertise)    19    13879.71    15    13
(main)    47    15    14016.71    19    14017.93
(advertise)    19    14018.13    47    15
(main)    33    15    14009.28    19    14021.94
(main)    24    14    14037.81    19    14038.34
(advertise)    19    14040.54    33    15
(main)    9    14    14056.66    19    14059.55
(advertise)    19    14062.55    24    14
(advertise)    19    14086.16    9    14
(main)    4    14    14094.66    19    14094.78
(main)    16    14    14100.72    19    14100.78
(advertise)    19    14107.38    4    14
(main)    10    14    14099.58    19    14119.19
(advertise)    19    14128.39    16    14
(generate)    19    14144.0    [1, 6, 7, 19]    14
(main)    32    14    14103.09    19    14168.62
(main)    45    14    14157.8    19    14176.22
(main)    1    14    14106.65    19    14208.02
(advertise)    19    14208.22    1    14
(main)    12    14    14249.23    19    14250.23
(advertise)    19    14250.43    12    14
(main)    8    14    14304.67    19    14305.44
(advertise)    19    14305.64    8    14
(main)    46    14    14319.63    19    14328.86
(advertise)    19    14329.26    46    14
(main)    34    14    14348.15    19    14350.07
(main)    14    14    14368.81    19    14368.87
(advertise)    19    14369.07    14    14
(main)    41    14    14355.23    19    14393.48
(advertise)    19    14393.88    41    14
(main)    11    14    14404.17    19    14405.09
(advertise)    19    14415.09    11    14
(main)    20    14    14414.83    19    14439.31
(advertise)    19    14439.71    20    14
(main)    21    14    14427.33    19    14461.12
(advertise)    19    14461.72    21    14
(main)    23    14    14474.6    19    14484.73
(main)    22    14    14506.8    19    14508.53
(advertise)    19    14508.73    22    14
(main)    26    14    14522.02    19    14522.95
(main)    44    14    14524.57    19    14524.75
(main)    43    14    14518.99    19    14531.35
(advertise)    19    14531.55    26    14
(advertise)    19    14552.96    44    14
(main)    3    14    14560.92    19    14599.77
(main)    7    14    14571.72    19    14622.57
(advertise)    19    14622.77    7    14
(main)    27    14    14634.03    19    14635.59
(main)    25    14    14688.54    19    14691.39
(main)    18    14    14698.61    19    14701.39
(advertise)    19    14701.59    18    14
(main)    17    14    14693.84    19    14713.4
(advertise)    19    14723.8    17    14
(main)    48    14    14757.91    19    14758.41
(advertise)    19    14758.61    48    14
(main)    2    14    14806.0    19    14808.22
(main)    0    14    14821.63    19    14822.82
(main)    42    14    14829.44    19    14830.02
(advertise)    19    14830.22    42    14
(main)    13    14    14823.61    19    14831.84
(advertise)    19    14851.84    13    14
(main)    15    14    14860.61    19    14877.05
(advertise)    19    14877.45    15    14
(main)    47    16    15016.8    19    15019.26
(advertise)    19    15019.46    47    16
(main)    33    16    15009.45    19    15022.08
(main)    24    15    15037.95    19    15038.88
(advertise)    19    15042.48    33    16
(advertise)    19    15065.49    24    15
(main)    4    15    15094.74    19    15095.3
(advertise)    19    15095.5    4    15
(main)    16    15    15100.81    19    15101.32
(advertise)    19    15116.52    16    15
(main)    10    15    15099.71    19    15118.93
(advertise)    19    15137.73    10    15
(generate)    19    15144.14    [1, 6, 7, 19]    15
(main)    45    15    15157.97    19    15171.95
(main)    32    15    15103.28    19    15182.75
(main)    1    15    15106.7    19    15186.55
(advertise)    19    15186.75    1    15
(main)    12    15    15249.36    19    15249.37
(advertise)    19    15249.57    12    15
(main)    8    15    15304.82    19    15306.98
(advertise)    19    15307.18    8    15
(main)    46    15    15319.73    19    15330.39
(advertise)    19    15330.99    46    15
(main)    34    15    15348.28    19    15352.01
(main)    14    15    15368.92    19    15369.41
(advertise)    19    15369.61    14    15
(main)    41    15    15355.27    19    15397.22
(advertise)    19    15397.42    41    15
(main)    11    15    15404.34    19    15405.43
(main)    20    15    15414.95    19    15416.03
(advertise)    19    15418.43    11    15
(advertise)    19    15439.65    20    15
(main)    23    15    15474.73    19    15476.66
(advertise)    19    15476.86    23    15
(main)    21    15    15427.45    19    15500.27
(main)    22    15    15506.97    19    15520.07
(advertise)    19    15520.27    22    15
(main)    26    15    15522.72    19    15522.88
(main)    44    15    15524.65    19    15524.68
(advertise)    19    15542.68    26    15
(advertise)    19    15566.7    44    15
(main)    3    15    15561.0    19    15587.91
(main)    7    15    15573.02    19    15615.91
(advertise)    19    15616.11    7    15
(main)    27    15    15634.22    19    15640.92
(main)    25    15    15688.64    19    15692.12
(main)    18    15    15698.71    19    15699.52
(advertise)    19    15699.72    18    15
(main)    17    15    15693.98    19    15713.74
(advertise)    19    15721.74    17    15
(main)    48    15    15758.04    19    15758.95
(advertise)    19    15759.15    48    15
(main)    2    15    15806.07    19    15807.16
(main)    0    15    15821.81    19    15824.36
(main)    42    15    15829.51    19    15830.16
(advertise)    19    15830.36    42    15
(main)    15    15    15860.69    19    15875.18
(advertise)    19    15875.38    15    15
(main)    47    17    16016.91    19    16019.59
(advertise)    19    16019.79    47    17
(main)    33    17    16009.62    19    16023.8
(main)    24    16    16038.07    19    16039.0
(advertise)    19    16040.8    24    16
(main)    9    16    16056.83    19    16066.21
(advertise)    19    16066.41    9    16
(main)    4    16    16094.82    19    16095.43
(advertise)    19    16095.63    4    16
(main)    16    16    16100.87    19    16101.44
(advertise)    19    16118.04    16    16
(main)    10    16    16099.89    19    16120.25
(advertise)    19    16141.25    10    16
(generate)    19    16144.27    [1, 6, 7, 19]    16
(main)    45    16    16158.11    19    16172.28
(main)    32    16    16103.47    19    16184.48
(main)    1    16    16106.74    19    16206.08
(advertise)    19    16206.28    1    16
(main)    12    16    16249.46    19    16249.49
(advertise)    19    16249.69    12    16
(main)    8    16    16305.0    19    16306.71
(advertise)    19    16306.91    8    16
(main)    46    16    16319.84    19    16330.92
(advertise)    19    16331.92    46    16
(main)    34    16    16348.46    19    16352.93
(main)    14    16    16369.05    19    16369.53
(advertise)    19    16369.73    14    16
(main)    41    16    16355.29    19    16397.14
(advertise)    19    16397.34    41    16
(main)    11    16    16404.49    19    16405.56
(main)    20    16    16415.07    19    16415.56
(advertise)    19    16419.56    11    16
(advertise)    19    16442.97    20    16
(main)    21    16    16427.62    19    16465.78
(main)    23    16    16474.92    19    16485.58
(advertise)    19    16485.78    23    16
(main)    22    16    16507.13    19    16508.2
(advertise)    19    16508.4    22    16
(main)    26    16    16522.85    19    16523.01
(main)    44    16    16524.71    19    16524.81
(advertise)    19    16531.01    26    16
(advertise)    19    16552.82    44    16
(main)    3    16    16561.13    19    16597.24
(main)    7    16    16574.33    19    16620.04
(advertise)    19    16620.24    7    16
(main)    27    16    16634.22    19    16635.85
(heartbeat)    31    4    16674.24    19    16677.05    4    7
(advertise)    19    16677.25    31    4
(main)    18    16    16698.81    19    16700.26
(advertise)    19    16700.46    18    16
(main)    25    16    16688.78    19    16721.07
(main)    17    16    16694.13    19    16721.87
(main)    48    16    16758.18    19    16759.27
(advertise)    19    16759.47    48    16
(main)    2    16    16806.18    19    16807.89
(main)    0    16    16821.96    19    16825.49
(main)    42    16    16829.6    19    16830.09
(advertise)    19    16830.29    42    16
(main)    15    16    16860.83    19    16864.3
(advertise)    19    16864.5    15    16
(main)    47    18    17017.03    19    17020.31
(advertise)    19    17020.51    47    18
(main)    33    18    17009.75    19    17025.93
(main)    24    17    17038.21    19    17039.13
(advertise)    19    17043.73    24    17
(main)    9    17    17056.92    19    17068.34
(advertise)    19    17068.54    9    17
(main)    4    17    17094.9    19    17095.55
(advertise)    19    17095.75    4    17
(main)    16    17    17100.94    19    17101.57
(advertise)    19    17117.57    16    17
(main)    10    17    17100.08    19    17119.18
(advertise)    19    17141.98    10    17
(generate)    19    17144.39    [1, 6, 7, 19]    17
(main)    32    17    17103.66    19    17188.4
(main)    12    17    17249.56    19    17249.6
(advertise)    19    17249.8    12    17
(main)    8    17    17305.0    19    17306.62
(advertise)    19    17306.82    8    17
(main)    46    17    17319.94    19    17331.63
(advertise)    19    17332.03    46    17
(main)    34    17    17348.63    19    17355.64
(main)    14    17    17369.14    19    17369.64
(advertise)    19    17369.84    14    17
(main)    41    17    17355.31    19    17398.86
(advertise)    19    17399.26    41    17
(main)    11    17    17404.63    19    17405.67
(main)    20    17    17415.2    19    17415.27
(advertise)    19    17420.87    11    17
(advertise)    19    17441.88    20    17
(main)    21    17    17427.76    19    17459.1
(advertise)    19    17462.9    21    17
(main)    23    17    17474.93    19    17481.11
(advertise)    19    17485.91    23    17
(main)    22    17    17507.32    19    17507.72
(advertise)    19    17508.72    22    17
(main)    26    17    17523.18    19    17523.33
(main)    44    17    17524.79    19    17524.93
(advertise)    19    17530.73    26    17
(advertise)    19    17553.15    44    17
(main)    3    17    17561.24    19    17578.36
(main)    7    17    17574.43    19    17598.76
(advertise)    19    17598.96    7    17
(main)    27    17    17634.23    19    17636.17
(main)    25    17    17688.87    19    17690.37
(main)    18    17    17698.89    19    17699.77
(advertise)    19    17699.97    18    17
(main)    17    17    17694.24    19    17713.19
(advertise)    19    17721.19    17    17
(main)    48    17    17758.29    19    17759.2
(advertise)    19    17759.4    48    17
(main)    2    17    17806.2    19    17809.01
(main)    0    17    17822.1    19    17824.81
(advertise)    19    17825.01    0    17
(main)    42    17    17829.68    19    17830.63
(main)    13    17    17823.94    19    17831.23
(advertise)    19    17846.63    42    17
(advertise)    19    17870.04    13    17
(main)    15    17    17860.93    19    17874.65
(advertise)    19    17892.05    15    17
(main)    47    19    18017.12    19    18021.46
(advertise)    19    18021.66    47    19
(main)    33    19    18009.89    19    18024.88
(main)    24    18    18038.32    19    18038.48
(advertise)    19    18043.68    24    18
(main)    9    18    18057.0    19    18068.09
(advertise)    19    18068.29    9    18
(main)    4    18    18095.0    19    18095.5
(advertise)    19    18095.7    4    18
(main)    16    18    18101.03    19    18102.12
(advertise)    19    18117.12    16    18
(main)    10    18    18100.26    19    18120.73
(advertise)    19    18139.53    10    18
(generate)    19    18144.54    [1, 6, 7, 19]    18
(main)    45    18    18158.42    19    18169.36
(main)    1    18    18107.0    19    18186.56
(main)    32    18    18103.83    19    18207.76
(main)    12    18    18249.7    19    18250.16
(advertise)    19    18250.36    12    18
(main)    8    18    18305.17    19    18306.37
(advertise)    19    18306.57    8    18
(main)    46    18    18320.02    19    18329.38
(advertise)    19    18329.78    46    18
(main)    34    18    18348.79    19    18352.19
(main)    14    18    18369.26    19    18370.19
(advertise)    19    18370.39    14    18
(main)    41    18    18355.5    19    18397.81
(advertise)    19    18398.21    41    18
(main)    11    18    18404.79    19    18404.82
(main)    20    18    18415.32    19    18415.42
(advertise)    19    18420.62    11    18
(advertise)    19    18441.63    20    18
(main)    21    18    18427.92    19    18462.25
(advertise)    19    18462.65    21    18
(main)    23    18    18474.97    19    18483.66
(advertise)    19    18483.86    23    18
(main)    22    18    18507.34    19    18507.67
(advertise)    19    18508.47    22    18
(main)    26    18    18523.26    19    18523.89
(main)    44    18    18524.89    19    18525.49
(advertise)    19    18529.69    26    18
(advertise)    19    18552.3    44    18
(main)    3    18    18561.34    19    18596.11
(main)    27    18    18634.28    19    18636.91
(main)    25    18    18688.95    19    18689.51
(main)    18    18    18698.99    19    18700.51
(main)    17    18    18694.37    19    18713.51
(advertise)    19    18713.71    17    18
(main)    48    18    18758.43    19    18758.52
(advertise)    19    18758.72    48    18
(main)    2    18    18806.26    19    18809.74
(main)    0    18    18822.26    19    18825.94
(advertise)    19    18826.14    0    18
(main)    42    18    18829.77    19    18830.75
(advertise)    19    18849.55    42    18
(main)    15    18    18861.03    19    18876.76
(advertise)    19    18876.96    15    18
(main)    47    20    19017.2    19    19021.78
(advertise)    19    19021.98    47    20
(main)    33    20    19010.04    19    19024.59
(main)    24    19    19038.46    19    19038.59
(advertise)    19    19045.59    33    20
(main)    9    19    19057.09    19    19057.8
(advertise)    19    19068.6    24    19
(advertise)    19    19089.82    9    19
(main)    4    19    19095.07    19    19096.03
(main)    16    19    19101.13    19    19102.23
(advertise)    19    19111.63    4    19
(main)    10    19    19100.29    19    19121.64
(advertise)    19    19133.84    16    19
(generate)    19    19144.65    [1, 6, 7, 19]    19
(advertise)    19    19156.67    10    19
(main)    45    19    19158.57    19    19171.28
(main)    32    19    19104.02    19    19185.48
(main)    1    19    19107.2    19    19207.68
(advertise)    19    19207.88    1    19
(main)    12    19    19249.82    19    19250.29
(advertise)    19    19250.49    12    19
(main)    8    19    19305.17    19    19305.51
(advertise)    19    19305.71    8    19
(main)    46    19    19320.13    19    19330.52
(advertise)    19    19330.72    46    19
(main)    34    19    19348.95    19    19352.53
(main)    14    19    19369.37    19    19370.33
(advertise)    19    19370.53    14    19
(main)    41    19    19355.69    19    19399.35
(main)    11    19    19404.91    19    19404.95
(advertise)    19    19405.15    11    19
(main)    20    19    19415.45    19    19415.56
(advertise)    19    19426.56    20    19
(main)    21    19    19428.07    19    19473.37
(main)    23    19    19474.99    19    19494.57
(advertise)    19    19494.77    23    19
(main)    22    19    19507.5    19    19507.98
(advertise)    19    19516.98    22    19
(main)    26    19    19523.36    19    19524.0
(main)    44    19    19524.95    19    19525.6
(advertise)    19    19538.4    26    19
(advertise)    19    19562.01    44    19
(main)    3    19    19562.23    19    19591.02
(main)    7    19    19574.84    19    19615.22
(advertise)    19    19615.42    7    19
(main)    27    19    19634.32    19    19637.44
(main)    25    19    19689.05    19    19690.24
(main)    18    19    19699.09    19    19700.44
(advertise)    19    19700.64    18    19
(main)    17    19    19694.48    19    19713.45
(advertise)    19    19722.85    17    19
(main)    48    19    19758.52    19    19758.66
(advertise)    19    19758.86    48    19
(main)    2    19    19806.34    19    19810.28
(main)    0    19    19822.41    19    19826.68
(advertise)    19    19826.88    0    19
(main)    42    19    19829.83    19    19830.89
(advertise)    19    19849.89    42    19
(main)    13    19    19824.13    19    19855.1
(advertise)    19    19872.7    13    19
(main)    15    19    19861.12    19    19878.11
(advertise)    19    19895.11    15    19
(main)    47    21    20017.3    19    20020.93
(advertise)    19    20021.13    47    21
(main)    33    21    20010.19    19    20023.34
(main)    24    20    20038.58    19    20038.74
(advertise)    19    20042.94    33    21
(main)    9    20    20057.16    19    20058.75
(advertise)    19    20064.35    24    20
(advertise)    19    20085.97    9    20
(main)    4    20    20095.16    19    20096.18
(main)    16    20    20101.21    19    20102.18
(advertise)    19    20108.58    4    20
(main)    10    20    20100.3    19    20120.79
(advertise)    19    20129.79    16    20
(generate)    19    20144.81    [1, 6, 7, 19]    20
(advertise)    19    20152.42    10    20
(main)    32    20    20104.21    19    20170.23
(main)    1    20    20107.43    19    20191.23
(advertise)    19    20191.43    1    20
(main)    12    20    20249.93    19    20250.44
(advertise)    19    20250.64    12    20
(main)    8    20    20305.35    19    20305.66
(advertise)    19    20305.86    8    20
(main)    46    20    20320.19    19    20321.67
(advertise)    19    20329.07    46    20
(main)    34    20    20349.1    19    20351.48
(main)    14    20    20369.48    19    20370.48
(advertise)    19    20370.68    14    20
(main)    41    20    20355.86    19    20396.7
(advertise)    19    20396.9    41    20
(main)    11    20    20405.01    19    20405.11
(main)    20    20    20415.57    19    20416.11
(advertise)    19    20418.91    11    20
(advertise)    19    20439.92    20    20
(main)    21    20    20428.21    19    20462.94
(advertise)    19    20463.74    21    20
(main)    23    20    20474.99    19    20485.15
(advertise)    19    20486.75    23    20
(main)    22    20    20507.66    19    20508.76
(advertise)    19    20509.36    22    20
(main)    26    20    20523.48    19    20523.97
(main)    44    20    20525.04    19    20525.57
(advertise)    19    20531.17    26    20
(advertise)    19    20553.19    44    20
(main)    43    20    20519.71    19    20570.2
(main)    3    20    20562.31    19    20593.2
(main)    7    20    20575.14    19    20614.2
(advertise)    19    20614.4    7    20
(heartbeat)    31    5    20674.25    19    20676.21    3    7
(advertise)    19    20676.41    31    5
(main)    17    20    20694.59    19    20698.43
(advertise)    19    20699.23    17    20
(main)    18    20    20699.2    19    20700.44
(advertise)    19    20720.24    18    20
(main)    48    20    20758.61    19    20758.65
(advertise)    19    20758.85    48    20
(main)    2    20    20806.4    19    20811.07
(main)    0    20    20822.56    19    20827.07
(advertise)    19    20827.27    0    20
(main)    42    20    20829.9    19    20830.88
(advertise)    19    20850.68    42    20
(main)    13    20    20824.23    19    20853.89
(advertise)    19    20872.09    13    20
(main)    15    20    20861.23    19    20875.5
(advertise)    19    20893.5    15    20
(main)    47    22    21017.39    19    21019.72
(advertise)    19    21019.92    47    22
(main)    33    22    21010.34    19    21022.53
(main)    24    21    21038.7    19    21038.73
(advertise)    19    21042.53    24    21
(main)    9    21    21057.26    19    21065.54
(advertise)    19    21066.34    9    21
(main)    4    21    21095.27    19    21096.36
(advertise)    19    21096.56    4    21
(main)    16    21    21101.27    19    21102.37
(main)    10    21    21100.32    19    21118.57
(advertise)    19    21119.17    16    21
(advertise)    19    21141.58    10    21
(generate)    19    21145.0    [1, 6, 7, 19]    21
(main)    32    21    21104.24    19    21164.21
(main)    45    21    21158.86    19    21171.41
(main)    12    21    21250.06    19    21250.61
(advertise)    19    21250.81    12    21
(main)    8    21    21305.54    19    21305.82
(advertise)    19    21306.02    8    21
(main)    46    21    21320.28    19    21322.43
(advertise)    19    21329.43    46    21
(main)    34    21    21349.24    19    21352.25
(main)    14    21    21369.59    19    21370.65
(advertise)    19    21370.85    14    21
(main)    41    21    21356.05    19    21394.66
(advertise)    19    21395.06    41    21
(main)    11    21    21405.16    19    21405.67
(main)    20    21    21415.67    19    21416.27
(advertise)    19    21417.07    11    21
(advertise)    19    21438.89    20    21
(main)    23    21    21475.02    19    21475.7
(advertise)    19    21475.9    23    21
(main)    21    21    21428.31    19    21497.51
(main)    22    21    21507.67    19    21518.71
(advertise)    19    21518.91    22    21
(main)    26    21    21523.61    19    21524.53
(main)    44    21    21525.15    19    21526.13
(advertise)    19    21540.93    26    21
(main)    43    21    21519.77    19    21543.54
(advertise)    19    21563.74    44    21
(main)    7    21    21575.24    19    21612.15
(advertise)    19    21612.35    7    21
(main)    27    21    21634.36    19    21637.96
(main)    25    21    21689.24    19    21691.16
(main)    18    21    21699.28    19    21700.76
(advertise)    19    21700.96    18    21
(main)    17    21    21694.72    19    21713.78
(advertise)    19    21722.38    17    21
(main)    48    21    21758.71    19    21758.79
(advertise)    19    21758.99    48    21
(main)    2    21    21806.44    19    21812.2
(main)    0    21    21822.69    19    21824.2
(main)    42    21    21830.0    19    21830.0
(advertise)    19    21830.2    42    21
(main)    13    21    21824.29    19    21855.22
(advertise)    19    21855.82    13    21
(main)    15    21    21861.33    19    21878.03
(advertise)    19    21879.83    15    21
(main)    47    23    22017.46    19    22019.44
(advertise)    19    22019.64    47    23
(main)    33    23    22010.46    19    22023.26
(main)    24    22    22038.82    19    22039.46
(advertise)    19    22040.66    24    22
(main)    9    22    22057.35    19    22066.47
(advertise)    19    22066.67    9    22
(main)    4    22    22095.36    19    22095.48
(advertise)    19    22095.88    4    22
(main)    16    22    22101.33    19    22101.49
(advertise)    19    22117.09    16    22
(main)    10    22    22100.33    19    22119.11
(advertise)    19    22139.51    10    22
(generate)    19    22145.12    [1, 6, 7, 19]    22
(main)    32    22    22104.24    19    22164.13
(main)    1    22    22107.5    19    22164.33
(advertise)    19    22164.53    1    22
(main)    12    22    22250.16    19    22251.15
(advertise)    19    22251.35    12    22
(main)    8    22    22305.7    19    22307.56
(main)    46    22    22320.37    19    22328.76
(advertise)    19    22328.96    46    22
(main)    34    22    22349.39    19    22353.17
(main)    14    22    22369.7    19    22369.77
(advertise)    19    22369.97    14    22
(main)    41    22    22356.08    19    22398.19
(advertise)    19    22398.59    41    22
(main)    11    22    22405.32    19    22405.8
(main)    20    22    22415.81    19    22416.4
(advertise)    19    22420.4    11    22
(advertise)    19    22441.81    20    22
(main)    21    22    22428.47    19    22460.82
(advertise)    19    22465.62    21    22
(main)    23    22    22475.05    19    22482.24
(advertise)    19    22486.84    23    22
(main)    22    22    22507.8    19    22509.85
(advertise)    19    22510.05    22    22
(main)    26    22    22523.76    19    22524.86
(main)    44    22    22525.25    19    22526.26
(advertise)    19    22532.66    26    22
(advertise)    19    22554.88    44    22
(main)    3    22    22562.52    19    22578.89
(main)    7    22    22575.35    19    22600.69
(advertise)    19    22600.89    7    22
(main)    27    22    22634.41    19    22652.7
(main)    25    22    22689.34    19    22691.3
(main)    18    22    22699.37    19    22701.9
(advertise)    19    22702.1    18    22
(main)    17    22    22694.84    19    22715.52
(advertise)    19    22724.72    17    22
(main)    48    22    22758.82    19    22759.33
(advertise)    19    22759.53    48    22
(main)    2    22    22806.52    19    22812.54
(main)    0    22    22822.84    19    22823.94
(advertise)    19    22824.14    0    22
(main)    42    22    22830.1    19    22830.15
(advertise)    19    22845.75    42    22
(main)    13    22    22824.36    19    22856.97
(advertise)    19    22867.37    13    22
(main)    15    22    22861.4    19    22879.78
(advertise)    19    22888.58    15    22
(main)    47    24    23017.54    19    23018.39
(advertise)    19    23018.59    47    24
(main)    33    24    23010.61    19    23023.01
(main)    24    23    23038.93    19    23039.41
(advertise)    19    23041.61    33    24
(advertise)    19    23064.02    24    23
(main)    9    23    23057.41    19    23065.63
(advertise)    19    23086.23    9    23
(main)    4    23    23095.46    19    23095.65
(main)    16    23    23101.43    19    23101.45
(advertise)    19    23107.25    4    23
(main)    10    23    23100.34    19    23121.26
(advertise)    19    23129.46    16    23
(generate)    19    23145.27    [1, 6, 7, 19]    23
(advertise)    19    23151.08    10    23
(main)    32    23    23104.43    19    23166.9
(main)    45    23    23159.07    19    23173.9
(main)    1    23    23107.52    19    23204.9
(advertise)    19    23205.1    1    23
(main)    12    23    23250.29    19    23251.31
(advertise)    19    23251.51    12    23
(main)    8    23    23305.88    19    23307.12
(advertise)    19    23307.32    8    23
(main)    46    23    23320.45    19    23330.34
(advertise)    19    23332.34    46    23
(main)    34    23    23349.52    19    23353.55
(main)    14    23    23369.82    19    23369.95
(advertise)    19    23370.15    14    23
(main)    41    23    23356.25    19    23396.16
(advertise)    19    23396.96    41    23
(main)    11    23    23405.48    19    23405.98
(main)    20    23    23415.93    19    23416.98
(advertise)    19    23418.18    11    23
(advertise)    19    23439.19    20    23
(main)    21    23    23428.65    19    23461.0
(advertise)    19    23461.4    21    23
(main)    23    23    23475.28    19    23485.01
(advertise)    19    23485.61    23    23
(main)    22    23    23507.98    19    23509.63
(advertise)    19    23509.83    22    23
(main)    26    23    23523.88    19    23524.84
(main)    44    23    23525.35    19    23526.44
(advertise)    19    23531.24    26    23
(advertise)    19    23553.65    44    23
(main)    3    23    23562.56    19    23579.07
(main)    7    23    23575.42    19    23601.87
(advertise)    19    23602.07    7    23
(main)    27    23    23634.43    19    23635.08
(main)    25    23    23689.41    19    23691.88
(main)    18    23    23699.46    19    23701.08
(advertise)    19    23701.28    18    23
(main)    17    23    23694.94    19    23713.09
(advertise)    19    23723.09    17    23
(main)    48    23    23758.93    19    23759.51
(advertise)    19    23759.71    48    23
(main)    2    23    23806.58    19    23810.72
(main)    0    23    23823.0    19    23824.32
(main)    42    23    23830.2    19    23830.32
(advertise)    19    23830.52    42    23
(main)    13    23    23824.46    19    23854.93
(advertise)    19    23855.13    13    23
(main)    15    23    23861.49    19    23877.14
(advertise)    19    23877.94    15    23
(main)    47    25    24017.62    19    24018.96
(advertise)    19    24019.16    47    25
(main)    33    25    24010.79    19    24022.57
(main)    24    24    24039.05    19    24039.57
(advertise)    19    24040.17    33    25
(main)    9    24    24057.49    19    24060.58
(advertise)    19    24061.38    24    24
(advertise)    19    24084.4    9    24
(main)    4    24    24095.56    19    24095.61
(main)    16    24    24101.5    19    24101.61
(advertise)    19    24106.61    4    24
(main)    10    24    24100.34    19    24120.22
(advertise)    19    24130.02    16    24
(generate)    19    24145.44    [1, 6, 7, 19]    24
(advertise)    19    24151.05    10    24
(main)    32    24    24104.46    19    24176.06
(main)    1    24    24107.56    19    24187.46
(advertise)    19    24187.66    1    24
(main)    12    24    24250.42    19    24251.47
(advertise)    19    24251.67    12    24
(main)    8    24    24306.04    19    24306.89
(advertise)    19    24307.09    8    24
(main)    46    24    24320.51    19    24330.1
(advertise)    19    24330.9    46    24
(main)    34    24    24349.63    19    24352.51
(main)    14    24    24369.94    19    24370.11
(advertise)    19    24370.31    14    24
(main)    41    24    24356.4    19    24399.53
(advertise)    19    24399.73    41    24
(main)    11    24    24405.62    19    24406.54
(main)    20    24    24416.22    19    24417.14
(advertise)    19    24423.54    11    24
(advertise)    19    24444.55    20    24
(main)    21    24    24429.99    19    24463.37
(advertise)    19    24466.97    21    24
(main)    23    24    24475.47    19    24486.98
(advertise)    19    24488.38    23    24
(main)    22    24    24508.13    19    24511.59
(advertise)    19    24511.99    22    24
(main)    44    24    24525.45    19    24525.6
(main)    26    24    24523.99    19    24533.0
(advertise)    19    24534.0    44    24
(advertise)    19    24555.82    26    24
(main)    3    24    24562.66    19    24580.03
(main)    7    24    24575.51    19    24602.63
(advertise)    19    24602.83    7    24
(main)    27    24    24634.47    19    24635.04
(heartbeat)    31    6    24674.27    19    24678.04    3    7
(advertise)    19    24678.24    31    6
(main)    17    24    24695.04    19    24700.26
(advertise)    19    24701.26    17    24
(main)    25    24    24689.53    19    24722.87
(main)    18    24    24699.57    19    24733.67
(advertise)    19    24733.87    18    24
(main)    48    24    24759.06    19    24759.68
(advertise)    19    24759.88    48    24
(main)    0    24    24823.13    19    24823.9
(advertise)    19    24824.1    0    24
(main)    13    24    24824.56    19    24825.71
(main)    42    24    24830.31    19    24830.91
(advertise)    19    24847.11    13    24
(advertise)    19    24869.12    42    24
(main)    15    24    24861.61    19    24872.93
(advertise)    19    24890.13    15    24
(main)    33    26    25010.92    19    25013.35
(main)    47    26    25017.72    19    25019.95
(advertise)    19    25020.15    47    26
(main)    24    25    25039.17    19    25040.16
(advertise)    19    25042.36    24    25
(main)    9    25    25057.59    19    25066.17
(advertise)    19    25066.57    9    25
(main)    4    25    25095.66    19    25096.19
(advertise)    19    25096.39    4    25
(main)    16    25    25101.64    19    25102.2
(main)    10    25    25100.38    19    25118.4
(advertise)    19    25118.6    16    25
(advertise)    19    25141.01    10    25
(generate)    19    25145.63    [1, 6, 7, 19]    25
(main)    32    25    25104.63    19    25161.04
(main)    1    25    25107.56    19    25206.84
(advertise)    19    25207.04    1    25
(main)    12    25    25250.56    19    25250.65
(advertise)    19    25250.85    12    25
(main)    8    25    25306.04    19    25307.66
(advertise)    19    25307.86    8    25
(main)    46    25    25320.62    19    25332.48
(advertise)    19    25332.88    46    25
(main)    34    25    25349.81    19    25354.49
(main)    14    25    25370.08    19    25370.69
(advertise)    19    25370.89    14    25
(main)    41    25    25356.4    19    25401.1
(advertise)    19    25401.3    41    25
(main)    11    25    25405.76    19    25406.72
(main)    20    25    25416.37    19    25417.32
(advertise)    19    25422.92    11    25
(advertise)    19    25444.13    20    25
(main)    23    25    25475.47    19    25477.14
(advertise)    19    25477.34    23    25
(main)    21    25    25430.12    19    25500.76
(advertise)    19    25501.76    21    25
(main)    22    25    25508.14    19    25522.17
(advertise)    19    25523.97    22    25
(main)    44    25    25526.75    19    25526.78
(main)    26    25    25524.15    19    25543.58
(advertise)    19    25546.98    44    25
(advertise)    19    25570.79    26    25
(main)    7    25    25575.62    19    25591.21
(advertise)    19    25593.01    7    25
(main)    27    25    25634.51    19    25648.82
(main)    25    25    25689.62    19    25693.22
(main)    18    25    25699.68    19    25700.42
(advertise)    19    25700.62    18    25
(main)    17    25    25695.14    19    25715.63
(advertise)    19    25721.83    17    25
(main)    48    25    25759.18    19    25760.25
(advertise)    19    25760.45    48    25
(main)    2    25    25806.68    19    25808.26
(main)    0    25    25823.28    19    25825.46
(main)    42    25    25830.37    19    25830.86
(advertise)    19    25831.06    42    25
(main)    13    25    25824.63    19    25832.67
(advertise)    19    25854.67    13    25
(main)    15    25    25861.71    19    25876.49
(advertise)    19    25876.69    15    25
(main)    47    27    26017.82    19    26020.7
(advertise)    19    26020.9    47    27
(main)    33    27    26011.09    19    26023.71
(main)    24    26    26039.3    19    26040.31
(advertise)    19    26042.71    33    27
(main)    9    26    26057.65    19    26060.32
(advertise)    19    26064.92    24    26
(advertise)    19    26086.74    9    26
(main)    4    26    26095.74    19    26096.35
(main)    16    26    26101.77    19    26102.35
(advertise)    19    26109.95    4    26
(main)    10    26    26100.39    19    26120.16
(advertise)    19    26132.76    16    26
(generate)    19    26145.78    [1, 6, 7, 19]    26
(advertise)    19    26155.39    10    26
(main)    45    26    26159.51    19    26172.4
(main)    32    26    26104.65    19    26186.4
(main)    1    26    26107.62    19    26187.8
(advertise)    19    26188.0    1    26
(main)    12    26    26250.71    19    26250.82
(advertise)    19    26251.02    12    26
(main)    8    26    26306.22    19    26308.23
(advertise)    19    26308.43    8    26
(main)    46    26    26320.74    19    26331.04
(advertise)    19    26331.84    46    26
(main)    34    26    26349.96    19    26353.65
(main)    14    26    26370.2    19    26370.85
(advertise)    19    26371.05    14    26
(main)    41    26    26356.44    19    26399.87
(advertise)    19    26400.07    41    26
(main)    11    26    26405.88    19    26406.88
(main)    20    26    26416.47    19    26417.08
(advertise)    19    26421.48    11    26
(advertise)    19    26443.09    20    26
(main)    21    26    26430.28    19    26461.51
(advertise)    19    26465.11    21    26
(main)    23    26    26475.47    19    26484.92
(advertise)    19    26487.72    23    26
(main)    22    26    26508.3    19    26510.13
(advertise)    19    26510.33    22    26
(main)    26    26    26524.28    19    26524.35
(main)    44    26    26526.82    19    26526.95
(advertise)    19    26531.95    26    26
(advertise)    19    26555.36    44    26
(main)    43    26    26520.36    19    26580.37
(main)    3    26    26563.87    19    26600.97
(main)    7    26    26575.71    19    26622.37
(advertise)    19    26622.57    7    26
(main)    27    26    26634.53    19    26635.78
(main)    25    26    26689.72    19    26691.98
(main)    18    26    26699.8    19    26700.18
(advertise)    19    26700.38    18    26
(main)    17    26    26695.25    19    26716.0
(advertise)    19    26723.8    17    26
(main)    48    26    26759.28    19    26760.21
(advertise)    19    26760.41    48    26
(main)    2    26    26806.77    19    26808.82
(main)    42    26    26830.47    19    26831.02
(advertise)    19    26831.22    42    26
(main)    15    26    26861.8    19    26879.04
(advertise)    19    26879.24    15    26
(main)    47    28    27017.93    19    27021.25
(advertise)    19    27021.45    47    28
(main)    33    28    27011.21    19    27025.06
(main)    24    27    27039.41    19    27040.46
(advertise)    19    27045.26    33    28
(main)    9    27    27057.75    19    27059.48
(advertise)    19    27067.88    24    27
(advertise)    19    27090.09    9    27
(main)    4    27    27095.81    19    27096.3
(main)    16    27    27101.84    19    27102.3
(advertise)    19    27111.9    4    27
(main)    10    27    27100.4    19    27119.31
(advertise)    19    27135.91    16    27
(generate)    19    27145.93    [1, 6, 7, 19]    27
(advertise)    19    27157.34    10    27
(main)    45    27    27159.65    19    27174.15
(main)    32    27    27104.67    19    27183.95
(main)    12    27    27250.83    19    27250.95
(advertise)    19    27251.15    12    27
(main)    8    27    27306.39    19    27308.17
(advertise)    19    27308.37    8    27
(main)    46    27    27320.84    19    27331.18
(advertise)    19    27332.78    46    27
(main)    34    27    27350.11    19    27352.99
(main)    14    27    27370.28    19    27370.79
(advertise)    19    27370.99    14    27
(main)    41    27    27356.45    19    27397.81
(advertise)    19    27398.41    41    27
(main)    11    27    27406.04    19    27407.02
(main)    20    27    27416.56    19    27416.62
(advertise)    19    27420.42    11    27
(advertise)    19    27441.63    20    27
(main)    21    27    27430.36    19    27461.44
(advertise)    19    27463.64    21    27
(main)    23    27    27475.49    19    27484.46
(advertise)    19    27485.86    23    27
(main)    22    27    27508.49    19    27509.07
(advertise)    19    27510.07    22    27
(main)    26    27    27524.39    19    27524.48
(main)    44    27    27526.89    19    27527.08
(advertise)    19    27533.28    26    27
(main)    43    27    27520.51    19    27554.7
(advertise)    19    27556.7    44    27
(main)    3    27    27563.97    19    27599.91
(main)    7    27    27575.8    19    27621.51
(advertise)    19    27621.71    7    27
(main)    27    27    27634.73    19    27636.32
(main)    25    27    27689.82    19    27691.52
(main)    18    27    27699.88    19    27700.52
(advertise)    19    27700.72    18    27
(main)    17    27    27695.38    19    27714.54
(advertise)    19    27723.74    17    27
(main)    48    27    27759.38    19    27760.35
(advertise)    19    27760.55    48    27
(main)    0    27    27823.52    19    27826.16
(advertise)    19    27826.36    0    27
(main)    42    27    27830.56    19    27831.57
(advertise)    19    27847.77    42    27
(main)    15    27    27861.87    19    27864.39
(advertise)    19    27870.79    15    27
(main)    33    29    28011.32    19    28014.8
(advertise)    19    28015.0    33    29
(main)    47    29    28018.0    19    28022.21
(advertise)    19    28038.01    47    29
(main)    24    28    28039.52    19    28039.63
(main)    9    28    28057.81    19    28058.43
(advertise)    19    28059.83    24    28
(advertise)    19    28081.64    9    28
(main)    4    28    28095.9    19    28096.45
(advertise)    19    28102.65    4    28
(main)    10    28    28100.59    19    28105.07
(main)    16    28    28101.93    19    28107.07
(advertise)    19    28124.67    10    28
(generate)    19    28146.08    [1, 6, 7, 19]    28
(advertise)    19    28147.89    16    28
(main)    32    28    28104.84    19    28149.5
(main)    12    28    28250.96    19    28251.5
(advertise)    19    28251.7    12    28
(main)    8    28    28306.41    19    28307.72
(advertise)    19    28307.92    8    28
(main)    46    28    28320.92    19    28322.73
(advertise)    19    28329.13    46    28
(main)    34    28    28350.25    19    28352.34
(main)    14    28    28370.35    19    28371.34
(advertise)    19    28371.54    14    28
(main)    11    28    28406.13    19    28406.16
(advertise)    19    28406.36    11    28
(main)    20    28    28416.68    19    28416.77
(advertise)    19    28427.37    20    28
(main)    21    28    28430.47    19    28453.18
(advertise)    19    28453.58    21    28
(main)    23    28    28476.49    19    28479.8
(advertise)    19    28480.2    23    28
(main)    22    28    28508.49    19    28508.81
(advertise)    19    28509.41    22    28
(main)    26    28    28524.49    19    28525.02
(main)    44    28    28527.15    19    28527.62
(advertise)    19    28531.42    26    28
(advertise)    19    28552.63    44    28
(main)    3    28    28564.04    19    28579.25
(main)    7    28    28575.88    19    28599.85
(main)    27    28    28634.75    19    28636.65
(heartbeat)    31    7    28674.28    19    28677.45    3    7
(advertise)    19    28677.65    31    7
(main)    17    28    28695.48    19    28698.86
(advertise)    19    28700.66    17    28
(main)    18    28    28699.98    19    28701.87
(main)    25    28    28689.9    19    28721.27
(advertise)    19    28723.27    18    28
(main)    48    28    28759.48    19    28759.49
(advertise)    19    28759.89    48    28
(main)    2    28    28806.89    19    28810.7
(main)    0    28    28823.64    19    28828.5
(main)    42    28    28830.63    19    28831.7
(advertise)    19    28831.9    42    28
(main)    13    28    28824.9    19    28855.51
(advertise)    19    28856.11    13    28
(main)    15    28    28861.97    19    28877.73
(advertise)    19    28879.33    15    28
(main)    47    30    29018.08    19    29022.74
(advertise)    19    29022.94    47    30
(main)    33    30    29011.46    19    29027.35
(main)    24    29    29039.64    19    29039.75
(advertise)    19    29046.15    24    29
(main)    9    29    29057.9    19    29068.36
(advertise)    19    29068.96    9    29
(main)    4    29    29095.99    19    29096.98
(advertise)    19    29097.38    4    29
(main)    16    29    29102.01    19    29102.99
(advertise)    19    29118.59    16    29
(main)    10    29    29100.62    19    29120.8
(advertise)    19    29143.2    10    29
(generate)    19    29146.22    [1, 6, 7, 19]    29
(main)    1    29    29107.73    19    29187.43
(advertise)    19    29187.63    1    29
(main)    12    29    29251.08    19    29251.64
(advertise)    19    29251.84    12    29
(main)    8    29    29306.6    19    29307.06
(advertise)    19    29307.26    8    29
(main)    46    29    29320.99    19    29330.07
(advertise)    19    29331.07    46    29
(main)    34    29    29350.4    19    29354.88
(main)    14    29    29370.45    19    29371.48
(advertise)    19    29371.68    14    29
(main)    41    29    29356.66    19    29397.09
(advertise)    19    29397.69    41    29
(main)    11    29    29406.29    19    29406.31
(main)    20    29    29416.81    19    29416.91
(advertise)    19    29421.51    11    29
(advertise)    19    29442.52    20    29
(main)    23    29    29476.49    19    29480.33
(main)    22    29    29508.68    19    29508.93
(advertise)    19    29509.13    22    29
(main)    26    29    29524.59    19    29525.15
(main)    44    29    29527.25    19    29527.75
(advertise)    19    29530.15    26    29
(advertise)    19    29551.36    44    29
(main)    3    29    29564.16    19    29594.37
(main)    27    29    29634.81    19    29656.57
(main)    25    29    29690.0    19    29691.37
(main)    18    29    29700.05    19    29702.37
(main)    17    29    29695.6    19    29712.57
(advertise)    19    29712.77    17    29
(main)    48    29    29759.59    19    29759.79
(advertise)    19    29759.99    48    29
(main)    2    29    29806.95    19    29810.6
(main)    0    29    29823.77    19    29827.6
(advertise)    19    29827.8    0    29
(main)    42    29    29830.7    19    29831.81
(advertise)    19    29852.41    42    29
(main)    13    29    29824.99    19    29854.22
(advertise)    19    29873.62    13    29
(main)    15    29    29862.07    19    29877.04
(advertise)    19    29896.44    15    29
