(relay)    32    33    30.4    1    7    126    1
(advertise)    21    32.2    33    1
(relay)    23    47    67.21    1    15    118    1
(advertise)    21    67.41    47    1
(relay)    33    33    1008.03    2    1007.03    127    1
(advertise)    21    1008.23    33    2
(relay)    32    47    1035.04    2    1015.04    122    1
(advertise)    21    1035.44    47    2
(relay)    23    24    1058.25    1    1035.85    125    1
(advertise)    21    1058.65    24    1
(relay)    32    9    1082.07    1    1055.05    120    1
(advertise)    21    1082.67    9    1
(relay)    32    32    1103.08    1    1102.08    127    1
(advertise)    21    1104.68    32    1
(relay)    1    1    1106.09    1    1105.07    127    1
(relay)    32    10    1106.49    1    1098.08    125    2
(advertise)    21    1128.29    1    1
(advertise)    21    1149.3    10    1
(relay)    32    16    1152.72    1    1099.08    123    1
(advertise)    21    1170.92    16    1
(relay)    32    38    1194.33    1    1154.1    124    1
(advertise)    21    1194.53    38    1
(relay)    1    4    1195.94    1    1093.08    122    1
(advertise)    21    1215.94    4    1
(relay)    1    19    1217.96    1    1142.1    123    1
(advertise)    21    1237.76    19    1
(relay)    23    45    1242.37    1    1155.12    119    1
(advertise)    21    1259.77    45    1
(relay)    32    35    1261.18    1    1203.13    125    1
(advertise)    21    1282.38    35    1
(relay)    32    39    1304.2    1    1252.16    124    1
(advertise)    21    1304.4    39    1
(relay)    23    8    1308.61    1    1302.2    126    1
(advertise)    21    1325.61    8    1
(relay)    32    12    1349.82    1    1247.17    119    1
(advertise)    21    1350.22    12    1
(relay)    32    5    1371.83    1    1347.02    125    1
(advertise)    21    1372.63    5    1
(relay)    23    34    1377.65    1    1346.02    120    1
(advertise)    21    1394.85    34    1
(relay)    32    37    1416.86    1    1361.02    125    1
(advertise)    21    1417.86    37    1
(relay)    23    14    1421.07    1    1367.03    123    1
(generate)    21    1425.07    [1, 6, 7, 19]    1
(advertise)    21    1438.89    14    1
(relay)    23    23    1473.3    1    1473.1    127    1
(advertise)    21    1473.5    23    1
(relay)    32    46    1485.11    1    1318.01    122    1
(relay)    23    11    1488.11    1    1402.05    123    2
(advertise)    21    1494.91    46    1
(relay)    32    28    1508.13    1    1403.06    125    2
(relay)    23    20    1510.73    1    1413.06    125    3
(advertise)    21    1516.13    11    1
(advertise)    21    1539.14    28    1
(relay)    23    22    1554.35    1    1505.11    126    2
(advertise)    21    1560.75    20    1
(relay)    32    40    1573.56    1    1399.05    124    2
(advertise)    21    1582.36    22    1
(relay)    32    29    1595.38    1    1488.1    126    2
(relay)    23    26    1596.18    1    1520.13    125    3
(advertise)    21    1603.38    40    1
(advertise)    21    1624.59    29    1
(relay)    32    41    1639.0    1    1354.02    121    2
(advertise)    21    1647.6    26    1
(relay)    23    44    1664.82    1    1520.33    123    2
(advertise)    21    1670.82    41    1
(relay)    32    30    1681.63    1    1497.11    125    2
(relay)    23    27    1687.23    1    1633.19    126    3
(advertise)    21    1692.43    44    1
(advertise)    21    1713.44    30    1
(advertise)    21    1734.46    27    1
(relay)    32    43    1746.27    1    1517.13    124    1
(relay)    23    18    1754.67    1    1697.03    126    2
(advertise)    21    1756.47    43    1
(relay)    23    3    1776.48    1    1559.14    121    2
(advertise)    21    1778.48    18    1
(relay)    32    6    1789.49    1    1594.16    124    2
(advertise)    21    1801.09    3    1
(relay)    0    0    1820.11    1    1819.11    127    2
(relay)    23    48    1820.51    1    1756.06    125    3
(advertise)    21    1823.31    6    1
(advertise)    21    1846.12    0    1
(relay)    23    7    1863.53    1    1570.15    120    2
(advertise)    21    1867.53    48    1
(advertise)    21    1890.15    7    1
(relay)    32    17    1902.36    1    1692.03    119    1
(advertise)    21    1912.56    17    1
(relay)    23    25    1929.17    1    1687.02    121    1
(advertise)    21    1934.97    25    1
(relay)    32    42    1965.79    1    1828.11    122    1
(advertise)    21    1965.99    42    1
(relay)    23    15    1974.8    1    1859.12    120    1
(advertise)    21    1988.0    15    1
(relay)    23    13    1996.21    1    1822.09    120    1
(relay)    33    33    2008.21    3    2007.21    127    2
(advertise)    21    2009.01    13    1
(advertise)    21    2030.22    33    3
(relay)    23    2    2037.64    1    1805.07    119    1
(advertise)    21    2053.44    2    1
(relay)    23    36    2061.25    1    1995.19    123    1
(advertise)    21    2074.85    36    1
(relay)    23    47    2083.46    3    2015.2    120    1
(advertise)    21    2096.66    47    3
(relay)    32    32    2102.48    2    2102.28    127    1
(relay)    1    1    2105.28    2    2105.25    127    2
(advertise)    21    2117.88    32    2
(relay)    32    10    2120.09    2    2098.26    125    2
(advertise)    21    2139.89    1    2
(advertise)    21    2161.5    10    2
(relay)    23    16    2172.92    2    2099.26    124    1
(advertise)    21    2183.52    16    2
(relay)    23    9    2193.73    2    2055.22    120    1
(relay)    32    38    2194.13    2    2155.29    124    2
(advertise)    21    2205.53    9    2
(advertise)    21    2227.54    38    2
(relay)    32    45    2240.15    2    2155.88    123    1
(relay)    23    19    2240.95    2    2142.28    124    2
(advertise)    21    2248.75    45    2
(advertise)    21    2270.37    19    2
(relay)    32    35    2282.78    2    2203.32    125    1
(relay)    23    12    2285.38    2    2247.34    123    2
(advertise)    21    2291.38    35    2
(advertise)    21    2313.39    12    2
(relay)    32    39    2328.21    2    2252.34    124    1
(relay)    23    8    2331.41    2    2302.38    126    2
(advertise)    21    2336.01    39    2
(relay)    23    4    2354.22    2    2093.25    116    2
(advertise)    21    2358.02    8    2
(advertise)    21    2379.83    4    2
(relay)    32    46    2394.05    2    2318.15    122    1
(relay)    23    14    2396.65    2    2367.22    123    2
(advertise)    21    2402.05    46    2
(relay)    32    5    2418.06    2    2347.21    124    2
(advertise)    21    2423.06    14    2
(generate)    21    2425.27    [1, 6, 7, 19]    2
(relay)    23    20    2441.88    2    2413.25    125    2
(advertise)    21    2445.88    5    2
(relay)    32    37    2463.5    2    2361.21    125    2
(advertise)    21    2467.1    20    2
(relay)    23    23    2473.31    2    2473.3    127    2
(advertise)    21    2489.51    37    2
(relay)    32    28    2507.32    2    2403.25    125    2
(relay)    23    34    2508.92    2    2346.17    121    3
(advertise)    21    2512.32    23    2
(advertise)    21    2535.54    28    2
(advertise)    21    2559.35    34    2
(relay)    32    29    2596.96    2    2488.3    126    1
(advertise)    21    2597.16    29    2
(relay)    23    41    2598.37    2    2354.14    120    1
(relay)    32    40    2619.57    2    2399.23    124    2
(relay)    23    26    2619.97    2    2520.31    125    3
(advertise)    21    2620.17    41    2
(relay)    32    11    2640.99    2    2402.23    122    3
(advertise)    21    2641.39    40    2
(advertise)    21    2662.6    26    2
(advertise)    21    2684.81    11    2
(relay)    32    30    2686.83    2    2497.3    125    1
(advertise)    21    2705.83    30    2
(relay)    23    22    2708.64    2    2505.3    125    1
(relay)    1    27    2711.04    2    2633.37    125    2
(advertise)    21    2727.84    22    2
(relay)    23    44    2732.85    2    2520.5    122    2
(advertise)    21    2750.25    27    2
(advertise)    21    2772.47    44    2
(relay)    32    43    2774.48    2    2517.31    124    1
(relay)    23    18    2776.68    2    2697.21    126    2
(advertise)    21    2794.08    43    2
(relay)    32    6    2798.09    2    2594.35    124    2
(advertise)    21    2815.49    18    2
(relay)    0    0    2820.3    2    2819.29    127    2
(relay)    23    3    2820.7    2    2559.28    121    3
(advertise)    21    2837.7    6    2
(advertise)    21    2861.32    0    2
(relay)    23    48    2863.73    2    2756.25    125    2
(advertise)    21    2882.53    3    2
(relay)    32    7    2887.74    2    2570.3    121    2
(advertise)    21    2906.14    48    2
(relay)    32    25    2910.76    2    2687.16    121    2
(advertise)    21    2928.76    7    2
(relay)    23    17    2930.17    2    2692.17    122    2
(advertise)    21    2950.97    25    2
(relay)    23    42    2952.18    2    2828.28    123    2
(advertise)    21    2972.18    17    2
(advertise)    21    2994.4    42    2
(relay)    32    2    2999.61    2    2805.21    122    1
(relay)    33    33    3007.41    4    3007.41    127    2
(advertise)    21    3016.61    2    2
(advertise)    21    3040.42    33    4
(relay)    32    13    3043.83    2    2822.24    120    1
(relay)    33    15    3045.43    2    2859.27    119    2
(advertise)    21    3061.83    13    2
(advertise)    21    3082.85    15    2
(relay)    23    24    3091.66    3    3036.22    125    1
(relay)    32    32    3102.66    3    3102.46    127    2
(advertise)    21    3104.46    24    3
(relay)    1    1    3105.67    3    3105.45    127    2
(relay)    32    36    3111.67    2    2995.38    125    3
(advertise)    21    3126.07    32    3
(advertise)    21    3148.89    1    3
(relay)    32    10    3155.3    3    3098.45    125    2
(advertise)    21    3170.7    36    2
(relay)    23    16    3178.11    3    3099.45    124    2
(advertise)    21    3194.11    10    3
(advertise)    21    3216.13    16    3
(relay)    32    9    3221.34    3    3055.36    120    1
(relay)    23    47    3222.14    4    3015.34    120    2
(advertise)    21    3238.34    9    3
(relay)    23    4    3244.75    3    3093.45    123    2
(advertise)    21    3260.95    47    4
(relay)    32    38    3266.56    3    3155.46    124    2
(advertise)    21    3282.36    4    3
(relay)    23    19    3286.78    3    3142.47    124    2
(advertise)    21    3304.58    38    3
(relay)    32    35    3311.59    3    3203.5    125    2
(advertise)    21    3325.99    19    3
(relay)    23    8    3331.0    3    3302.56    126    2
(relay)    32    45    3333.0    3    3156.03    123    3
(advertise)    21    3347.4    35    3
(advertise)    21    3369.42    8    3
(relay)    32    39    3376.43    3    3252.53    124    2
(advertise)    21    3391.43    45    3
(advertise)    21    3414.44    39    3
(relay)    23    12    3418.26    3    3247.53    123    1
(relay)    32    5    3420.86    3    3347.39    124    2
(generate)    21    3425.46    [1, 6, 7, 19]    3
(advertise)    21    3435.67    12    3
(relay)    32    37    3443.28    3    3361.39    125    2
(advertise)    21    3457.68    5    3
(relay)    23    23    3473.49    3    3473.49    127    2
(advertise)    21    3479.49    37    3
(advertise)    21    3500.91    23    3
(relay)    32    28    3506.72    3    3403.43    125    1
(relay)    23    20    3508.92    3    3413.44    125    2
(advertise)    21    3522.92    28    3
(relay)    23    14    3530.33    3    3367.42    123    2
(advertise)    21    3544.13    20    3
(relay)    32    40    3549.15    3    3399.4    124    2
(relay)    23    22    3551.55    3    3505.49    126    3
(advertise)    21    3566.15    14    3
(relay)    32    29    3570.96    3    3488.49    126    3
(advertise)    21    3587.36    40    3
(advertise)    21    3608.77    22    3
(relay)    23    11    3618.39    3    3402.43    123    2
(advertise)    21    3630.79    29    3
(relay)    32    46    3638.0    3    3318.33    122    2
(advertise)    21    3654.0    11    3
(relay)    23    34    3660.61    3    3346.33    121    2
(advertise)    21    3675.01    46    3
(relay)    32    30    3682.02    3    3497.48    125    2
(relay)    23    26    3683.22    3    3520.51    125    3
(advertise)    21    3696.62    34    3
(relay)    23    27    3705.84    3    3633.56    126    3
(advertise)    21    3719.24    30    3
(advertise)    21    3741.05    26    3
(relay)    32    43    3748.06    3    3517.49    124    2
(advertise)    21    3763.06    27    3
(relay)    23    18    3771.48    3    3697.41    126    2
(advertise)    21    3784.28    43    3
(relay)    32    41    3792.49    3    3354.3    121    2
(advertise)    21    3806.49    18    3
(relay)    23    44    3816.1    3    3520.68    123    2
(relay)    0    0    3819.5    3    3819.49    127    3
(advertise)    21    3830.7    41    3
(relay)    32    6    3835.52    3    3594.53    124    3
(advertise)    21    3852.72    44    3
(advertise)    21    3875.13    0    3
(advertise)    21    3896.74    6    3
(relay)    32    3    3903.95    3    3559.44    121    1
(advertise)    21    3918.35    3    3
(relay)    32    7    3925.97    3    3570.46    121    1
(advertise)    21    3941.97    7    3
(relay)    23    48    3952.58    3    3756.45    124    1
(advertise)    21    3963.58    48    3
(relay)    32    25    3971.99    3    3687.32    121    1
(advertise)    21    3985.99    25    3
(relay)    23    17    3996.41    3    3692.35    122    1
(relay)    33    33    4007.61    5    4007.61    127    2
(advertise)    21    4008.61    17    3
(advertise)    21    4030.62    33    5
(relay)    23    2    4041.23    3    3805.39    120    1
(advertise)    21    4051.83    2    3
(relay)    23    42    4063.85    3    3828.46    123    1
(advertise)    21    4073.65    42    3
(relay)    32    13    4085.46    3    3822.41    121    1
(advertise)    21    4096.66    13    3
(relay)    32    32    4102.67    4    4102.66    127    1
(relay)    1    1    4105.67    4    4105.65    127    2
(relay)    23    24    4106.87    4    4036.42    125    3
(advertise)    21    4117.67    32    4
(relay)    33    36    4129.88    3    3995.57    124    3
(advertise)    21    4141.88    1    4
(relay)    32    15    4150.7    3    3859.41    120    3
(advertise)    21    4163.9    24    4
(relay)    23    10    4174.71    4    4098.65    125    3
(advertise)    21    4185.91    36    3
(advertise)    21    4207.72    15    3
(relay)    32    47    4214.94    5    4015.53    122    2
(advertise)    21    4230.94    10    4
(advertise)    21    4252.55    47    5
(relay)    32    45    4260.76    4    4156.23    123    1
(relay)    23    16    4263.16    4    4099.65    124    2
(advertise)    21    4274.76    45    4
(relay)    23    4    4284.38    4    4093.65    123    2
(advertise)    21    4296.98    16    4
(relay)    32    35    4303.39    4    4203.7    125    2
(advertise)    21    4318.99    4    4
(relay)    32    38    4324.4    4    4155.66    123    2
(advertise)    21    4341.4    35    4
(relay)    23    19    4350.21    4    4142.68    124    2
(advertise)    21    4364.21    38    4
(relay)    32    39    4367.63    4    4252.71    124    2
(advertise)    21    4387.43    19    4
(relay)    23    8    4394.64    4    4302.76    125    2
(advertise)    21    4411.04    39    4
(relay)    32    9    4414.25    4    4055.54    120    2
(generate)    21    4425.65    [1, 6, 7, 19]    4
(advertise)    21    4433.07    8    4
(relay)    23    12    4438.08    4    4247.94    123    2
(advertise)    21    4454.68    9    4
(relay)    32    5    4457.49    4    4347.59    125    2
(relay)    23    23    4473.69    4    4473.69    127    3
(advertise)    21    4478.49    12    4
(advertise)    21    4501.11    5    4
(relay)    32    37    4502.92    4    4361.59    125    2
(relay)    23    20    4504.92    4    4413.64    125    3
(advertise)    21    4522.92    23    4
(advertise)    21    4544.93    37    4
(relay)    23    14    4548.14    4    4367.61    123    2
(advertise)    21    4566.74    20    4
(relay)    32    29    4569.96    4    4488.69    126    2
(advertise)    21    4587.96    14    4
(relay)    23    22    4592.57    4    4505.51    126    2
(relay)    32    28    4594.37    4    4404.03    125    3
(advertise)    21    4611.97    29    4
(advertise)    21    4633.38    22    4
(relay)    32    40    4639.0    4    4399.41    124    2
(advertise)    21    4655.8    28    4
(relay)    23    11    4661.61    4    4402.63    123    2
(advertise)    21    4678.41    40    4
(relay)    23    26    4683.82    4    4520.71    125    2
(advertise)    21    4701.82    11    4
(relay)    23    27    4705.24    4    4633.57    126    2
(advertise)    21    4724.84    26    4
(relay)    32    30    4727.85    4    4497.68    124    2
(advertise)    21    4746.45    27    4
(relay)    32    46    4751.46    4    4318.52    121    2
(advertise)    21    4767.46    30    4
(relay)    23    18    4770.27    4    4697.61    126    2
(advertise)    21    4788.67    46    4
(relay)    23    44    4793.69    4    4521.89    123    2
(relay)    32    34    4797.09    4    4346.52    122    3
(advertise)    21    4809.89    18    4
(advertise)    21    4831.5    44    4
(heartbeat)    31    1    4674.2    21    4837.31    127    0
(relay)    32    43    4842.31    4    4517.69    124    3
(advertise)    21    4853.51    34    4
(relay)    1    0    4869.73    4    4820.09    126    3
(advertise)    21    4874.53    31    1
(relay)    23    41    4883.54    4    4354.5    120    3
(advertise)    21    4897.54    43    4
(advertise)    21    4920.55    0    4
(relay)    23    48    4926.17    4    4756.65    125    2
(relay)    32    7    4931.17    4    4570.65    120    3
(advertise)    21    4942.57    41    4
(relay)    23    3    4949.38    4    4559.64    121    3
(advertise)    21    4965.98    48    4
(advertise)    21    4987.99    7    4
(relay)    33    33    5007.8    6    5007.8    5    2
(advertise)    21    5011.6    3    4
(relay)    23    17    5015.02    4    4692.54    120    2
(advertise)    21    5033.62    33    6
(relay)    23    2    5037.63    4    4805.57    120    2
(advertise)    21    5055.83    17    4
(advertise)    21    5079.04    2    4
(relay)    23    42    5081.26    4    4828.66    123    1
(advertise)    21    5101.26    42    4
(relay)    32    32    5102.87    5    5102.86    4    1
(relay)    23    24    5104.47    5    5036.6    3    2
(relay)    1    1    5105.87    5    5105.84    5    3
(relay)    32    36    5107.07    4    4995.77    2    4
(advertise)    21    5122.27    32    5
(advertise)    21    5145.08    24    5
(relay)    32    10    5150.5    5    5098.84    1    3
(advertise)    21    5166.1    1    5
(advertise)    21    5189.31    36    4
(relay)    23    16    5191.32    5    5099.84    3    1
(advertise)    21    5211.72    16    5
(relay)    32    19    5218.73    5    5142.88    2    1
(advertise)    21    5234.93    19    5
(relay)    32    38    5241.15    5    5155.84    1    1
(relay)    23    4    5256.55    5    5093.84    3    1
(advertise)    21    5256.95    4    5
(relay)    32    35    5263.56    5    5203.88    2    1
(advertise)    21    5278.96    35    5
(relay)    23    12    5299.17    5    5248.13    2    1
(advertise)    21    5300.77    12    5
(relay)    32    39    5308.39    5    5252.88    1    1
(relay)    23    8    5345.39    5    5302.96    3    1
(advertise)    21    5345.59    8    5
(relay)    23    5    5369.8    5    5347.77    1    1
(relay)    23    37    5397.2    5    5361.76    1    1
(relay)    23    20    5419.6    5    5413.79    3    1
(advertise)    21    5419.8    20    5
(relay)    32    40    5424.41    5    5399.52    1    1
(generate)    21    5425.81    [1, 6, 7, 19]    5
(relay)    23    11    5462.03    5    5402.81    1    1
(relay)    23    23    5474.43    5    5473.89    4    1
(advertise)    21    5474.63    23    5
(relay)    23    28    5484.24    5    5404.2    1    1
(relay)    23    22    5507.84    5    5505.68    3    1
(advertise)    21    5508.04    22    5
(relay)    0    26    5531.25    5    5520.86    1    1
(relay)    23    29    5555.25    5    5488.88    1    1
(relay)    23    44    5576.85    5    5522.03    2    1
(advertise)    21    5577.05    44    5
(relay)    32    43    5603.06    5    5517.84    2    1
(advertise)    21    5603.26    43    5
(relay)    32    30    5625.68    5    5497.88    1    1
(relay)    23    27    5634.68    5    5633.74    2    1
(advertise)    21    5634.88    27    5
(relay)    32    6    5671.09    5    5594.83    2    1
(advertise)    21    5671.29    6    5
(relay)    23    18    5699.7    5    5697.69    4    1
(advertise)    21    5699.9    18    5
(relay)    23    48    5759.32    5    5756.7    3    1
(advertise)    21    5759.52    48    5
(relay)    0    0    5820.13    5    5820.13    5    1
(advertise)    21    5820.33    0    5
(relay)    23    42    5845.34    5    5828.7    2    1
(advertise)    21    5845.54    42    5
(relay)    32    36    5996.96    5    5995.77    2    1
(advertise)    21    5997.16    36    5
(relay)    33    33    6008.17    7    6007.98    5    1
(advertise)    21    6018.97    33    7
(relay)    23    24    6044.38    6    6036.77    3    1
(advertise)    21    6044.78    24    6
(relay)    32    10    6100.59    6    6098.87    1    1
(relay)    32    32    6103.39    6    6102.92    4    1
(advertise)    21    6103.59    32    6
(relay)    1    1    6106.41    6    6105.93    5    1
(advertise)    21    6124.81    1    6
(relay)    23    4    6148.02    6    6093.99    3    1
(advertise)    21    6148.22    4    6
(relay)    23    19    6187.03    6    6142.9    2    1
(advertise)    21    6187.23    19    6
(relay)    23    16    6210.85    6    6099.98    2    1
(advertise)    21    6211.05    16    6
(relay)    32    35    6238.06    6    6204.02    2    1
(advertise)    21    6238.66    35    6
(relay)    23    12    6260.07    6    6248.27    3    1
(advertise)    21    6261.87    12    6
(relay)    32    39    6284.69    6    6252.9    2    1
(advertise)    21    6284.89    39    6
(relay)    23    8    6308.3    6    6303.35    3    1
(advertise)    21    6308.9    8    6
(relay)    32    5    6349.51    6    6347.9    2    1
(advertise)    21    6349.71    5    6
(relay)    23    14    6372.32    6    6367.91    2    1
(advertise)    21    6372.72    14    6
(relay)    23    20    6415.54    6    6413.91    3    1
(advertise)    21    6415.74    20    6
(generate)    21    6425.95    [1, 6, 7, 19]    6
(relay)    32    28    6440.56    6    6404.32    2    1
(advertise)    21    6441.36    28    6
(relay)    23    11    6459.78    6    6402.98    1    1
(relay)    23    23    6474.58    6    6474.08    4    1
(advertise)    21    6474.78    23    6
(relay)    32    40    6482.99    6    6399.58    2    1
(advertise)    21    6497.79    40    6
(relay)    23    22    6507.8    6    6505.68    3    1
(advertise)    21    6521.6    22    6
(relay)    32    29    6529.22    6    6488.89    2    1
(advertise)    21    6543.02    29    6
(relay)    23    26    6552.03    6    6520.98    3    1
(advertise)    21    6565.03    26    6
(relay)    23    44    6574.24    6    6523.31    1    1
(relay)    32    43    6594.44    6    6517.95    2    1
(advertise)    21    6594.64    43    6
(relay)    32    6    6618.25    6    6594.89    2    1
(advertise)    21    6619.65    6    6
(relay)    23    27    6640.87    6    6633.8    2    1
(advertise)    21    6641.47    27    6
(relay)    23    18    6699.08    6    6697.79    4    1
(advertise)    21    6699.28    18    6
(relay)    23    48    6759.89    6    6756.82    3    1
(advertise)    21    6760.09    48    6
(relay)    0    0    6820.31    6    6820.31    5    1
(advertise)    21    6820.51    0    6
(relay)    32    42    6846.12    6    6828.79    1    1
(relay)    32    36    6996.92    6    6995.83    2    1
(advertise)    21    6997.12    36    6
(relay)    33    33    7008.73    8    7008.15    5    1
(advertise)    21    7020.33    33    8
(relay)    32    24    7045.35    7    7036.89    2    1
(advertise)    21    7045.95    24    7
(relay)    23    4    7097.36    7    7094.09    3    1
(advertise)    21    7097.56    4    7
(relay)    32    32    7103.57    7    7102.93    4    1
(relay)    1    1    7106.57    7    7105.98    5    2
(advertise)    21    7120.97    32    7
(relay)    32    10    7122.98    7    7098.89    1    2
(advertise)    21    7144.98    1    7
(relay)    32    38    7171.0    7    7155.91    2    1
(advertise)    21    7171.2    38    7
(relay)    23    16    7187.41    7    7100.05    3    1
(advertise)    21    7192.21    16    7
(relay)    23    19    7230.62    7    7143.05    3    1
(advertise)    21    7230.82    19    7
(relay)    32    35    7251.04    7    7204.11    2    1
(advertise)    21    7252.24    35    7
(relay)    23    12    7277.45    7    7248.4    2    1
(advertise)    21    7277.65    12    7
(relay)    32    39    7299.46    7    7252.95    2    1
(advertise)    21    7300.26    39    7
(relay)    23    8    7322.48    7    7303.53    3    1
(advertise)    21    7323.48    8    7
(relay)    32    5    7350.49    7    7348.01    2    1
(advertise)    21    7351.09    5    7
(relay)    23    14    7372.7    7    7368.04    2    1
(advertise)    21    7373.1    14    7
(relay)    23    20    7415.71    7    7414.01    3    1
(advertise)    21    7415.91    20    7
(relay)    32    28    7417.73    7    7404.44    2    1
(generate)    21    7426.13    [1, 6, 7, 19]    7
(advertise)    21    7440.74    28    7
(relay)    23    11    7459.55    7    7403.11    1    1
(relay)    23    23    7474.55    7    7474.1    4    1
(advertise)    21    7474.75    23    7
(relay)    32    29    7504.97    7    7488.9    2    1
(advertise)    21    7505.17    29    7
(relay)    32    30    7525.38    7    7498.14    2    1
(relay)    23    22    7525.98    7    7505.84    3    2
(advertise)    21    7529.18    30    7
(relay)    23    26    7547.79    7    7521.1    3    2
(advertise)    21    7550.79    22    7
(relay)    23    44    7569.01    7    7523.4    2    2
(advertise)    21    7572.21    26    7
(advertise)    21    7593.22    44    7
(relay)    32    6    7616.63    7    7594.95    2    1
(advertise)    21    7617.03    6    7
(relay)    32    27    7638.84    7    7633.83    2    1
(advertise)    21    7639.44    27    7
(relay)    23    18    7698.26    7    7697.89    4    1
(advertise)    21    7698.46    18    7
(relay)    0    0    7821.07    7    7820.46    5    1
(advertise)    21    7821.27    0    7
(relay)    23    42    7845.48    7    7828.86    2    1
(advertise)    21    7845.88    42    7
(relay)    32    36    7997.1    7    7995.95    2    1
(advertise)    21    7997.3    36    7
(relay)    33    33    8008.91    9    8008.31    5    1
(advertise)    21    8018.51    33    9
(relay)    23    24    8039.52    8    8037.02    3    1
(advertise)    21    8039.72    24    8
(relay)    23    4    8098.54    8    8094.17    3    1
(advertise)    21    8098.74    4    8
(relay)    32    32    8103.55    8    8102.94    4    1
(relay)    1    1    8106.55    8    8106.04    5    2
(advertise)    21    8121.75    32    8
(advertise)    21    8145.76    1    8
(relay)    32    38    8163.57    8    8155.93    2    1
(relay)    23    10    8164.17    8    8098.9    1    2
(advertise)    21    8166.97    38    8
(relay)    32    16    8186.19    8    8100.14    2    1
(advertise)    21    8189.99    16    8
(relay)    23    19    8208.6    8    8143.16    2    1
(relay)    0    35    8211.8    8    8204.24    1    2
(advertise)    21    8212.0    19    8
(relay)    23    12    8250.01    8    8248.51    3    1
(advertise)    21    8250.21    12    8
(relay)    32    39    8277.43    8    8252.96    1    1
(relay)    23    8    8306.03    8    8303.72    3    1
(advertise)    21    8306.23    8    8
(relay)    32    5    8351.44    8    8348.15    2    1
(advertise)    21    8351.64    5    8
(relay)    23    14    8372.25    8    8368.12    2    1
(advertise)    21    8373.65    14    8
(relay)    23    37    8398.27    8    8362.08    1    1
(relay)    1    20    8419.87    8    8414.12    2    1
(advertise)    21    8420.07    20    8
(generate)    21    8426.28    [1, 6, 7, 19]    8
(relay)    23    40    8440.49    8    8399.65    1    1
(relay)    32    28    8463.89    8    8404.57    2    1
(advertise)    21    8464.09    28    8
(relay)    23    23    8474.7    8    8474.23    4    1
(advertise)    21    8485.1    23    8
(relay)    32    29    8527.12    8    8488.9    2    1
(advertise)    21    8527.32    29    8
(relay)    32    30    8550.73    8    8498.29    2    1
(advertise)    21    8551.13    30    8
(relay)    23    26    8574.14    8    8521.21    2    1
(advertise)    21    8574.94    26    8
(relay)    32    6    8599.36    8    8595.02    2    1
(advertise)    21    8600.36    6    8
(relay)    23    44    8619.17    8    8523.47    2    1
(advertise)    21    8623.57    44    8
(relay)    23    27    8640.98    8    8633.84    2    1
(advertise)    21    8645.78    27    8
(heartbeat)    31    2    8674.21    21    8676.6    3    3
(advertise)    21    8676.8    31    2
(relay)    23    18    8698.61    8    8698.0    4    1
(advertise)    21    8698.81    18    8
(relay)    23    48    8759.62    8    8757.03    3    1
(advertise)    21    8759.82    48    8
(relay)    0    0    8821.23    8    8820.62    5    1
(advertise)    21    8821.43    0    8
(relay)    23    42    8848.45    8    8828.95    2    1
(advertise)    21    8848.65    42    8
(relay)    32    36    8998.66    8    8996.09    2    1
(advertise)    21    8998.86    36    8
(relay)    33    33    9009.07    10    9008.47    5    1
(advertise)    21    9020.07    33    10
(relay)    23    24    9044.49    9    9037.16    3    1
(advertise)    21    9044.89    24    9
(relay)    23    4    9099.3    9    9094.25    3    1
(advertise)    21    9099.5    4    9
(relay)    32    32    9103.51    9    9102.96    4    1
(relay)    1    1    9106.71    9    9106.11    5    2
(relay)    32    10    9122.31    9    9099.13    1    3
(advertise)    21    9123.51    32    9
(advertise)    21    9147.13    1    9
(relay)    32    16    9188.54    9    9100.23    1    1
(relay)    32    19    9210.14    9    9143.31    2    1
(advertise)    21    9210.34    19    9
(relay)    32    35    9232.35    9    9204.4    2    1
(advertise)    21    9233.35    35    9
(relay)    23    12    9256.36    9    9248.66    3    1
(advertise)    21    9256.56    12    9
(relay)    32    39    9282.78    9    9252.99    2    1
(advertise)    21    9283.38    39    9
(relay)    32    8    9306.79    9    9303.75    2    1
(advertise)    21    9306.99    8    9
(relay)    32    5    9349.6    9    9348.31    2    1
(advertise)    21    9349.8    5    9
(relay)    23    14    9373.22    9    9368.26    2    1
(advertise)    21    9373.42    14    9
(relay)    23    37    9396.63    9    9362.26    1    1
(relay)    23    11    9417.83    9    9403.4    1    1
(relay)    32    40    9420.23    9    9399.7    2    1
(advertise)    21    9420.43    40    9
(generate)    21    9426.44    [1, 6, 7, 19]    9
(relay)    32    20    9466.06    9    9414.23    2    1
(advertise)    21    9466.26    20    9
(relay)    23    23    9475.27    9    9474.25    4    1
(advertise)    21    9488.07    23    9
(relay)    23    22    9507.48    9    9506.05    3    1
(relay)    32    29    9508.88    9    9489.53    2    2
(advertise)    21    9509.68    22    9
(advertise)    21    9531.49    29    9
(relay)    23    26    9552.51    9    9521.34    3    1
(advertise)    21    9553.71    26    9
(relay)    23    44    9573.92    9    9523.54    2    1
(advertise)    21    9574.92    44    9
(relay)    23    30    9594.73    9    9498.48    1    1
(relay)    32    43    9598.33    9    9518.33    2    1
(advertise)    21    9598.73    43    9
(relay)    23    27    9639.95    9    9633.86    2    1
(advertise)    21    9640.15    27    9
(relay)    32    6    9642.16    9    9595.07    2    1
(advertise)    21    9661.16    6    9
(relay)    23    18    9698.97    9    9698.1    4    1
(advertise)    21    9699.17    18    9
(relay)    23    48    9758.59    9    9757.15    3    1
(advertise)    21    9758.79    48    9
(relay)    0    0    9821.4    9    9820.77    5    1
(advertise)    21    9821.6    0    9
(relay)    23    42    9847.21    9    9829.02    2    1
(advertise)    21    9847.61    42    9
(relay)    32    36    9998.63    9    9996.23    2    1
(advertise)    21    9998.83    36    9
(relay)    33    33    10009.24    11    10008.63    5    1
(advertise)    21    10020.44    33    11
(relay)    23    24    10043.05    10    10037.28    3    1
(advertise)    21    10044.05    24    10
(relay)    23    4    10100.06    10    10094.34    3    1
(advertise)    21    10100.26    4    10
(relay)    32    32    10104.08    10    10102.98    4    1
(relay)    1    1    10107.08    10    10106.14    5    2
(advertise)    21    10122.28    32    10
(relay)    23    10    10123.49    10    10099.15    1    2
(advertise)    21    10143.89    1    10
(relay)    32    16    10168.5    10    10100.33    2    1
(advertise)    21    10168.9    16    10
(relay)    32    38    10194.72    10    10155.99    2    1
(advertise)    21    10195.12    38    10
(relay)    23    19    10213.33    10    10143.46    3    1
(advertise)    21    10217.73    19    10
(relay)    32    35    10239.34    10    10204.51    2    1
(advertise)    21    10240.14    35    10
(relay)    32    39    10262.16    10    10253.01    2    1
(advertise)    21    10262.76    39    10
(relay)    23    12    10280.37    10    10248.76    3    1
(advertise)    21    10283.77    12    10
(relay)    32    8    10317.58    10    10303.94    2    1
(advertise)    21    10317.78    8    10
(relay)    32    5    10364.39    10    10348.45    2    1
(advertise)    21    10364.59    5    10
(relay)    23    14    10386.81    10    10368.37    3    1
(advertise)    21    10387.81    14    10
(relay)    23    20    10415.42    10    10414.35    3    1
(advertise)    21    10415.62    20    10
(generate)    21    10426.63    [1, 6, 7, 19]    10
(relay)    32    28    10429.65    10    10404.88    2    1
(advertise)    21    10438.05    28    10
(relay)    23    23    10475.26    10    10474.28    4    1
(advertise)    21    10475.46    23    10
(relay)    23    11    10483.27    10    10403.56    1    1
(relay)    23    22    10507.67    10    10506.25    3    1
(advertise)    21    10507.87    22    10
(relay)    32    29    10520.89    10    10489.56    2    1
(advertise)    21    10530.29    29    10
(relay)    23    26    10551.5    10    10521.48    3    1
(advertise)    21    10552.7    26    10
(relay)    23    44    10574.31    10    10523.64    2    1
(advertise)    21    10574.91    44    10
(relay)    23    30    10594.72    10    10498.63    1    1
(relay)    32    43    10607.52    10    10518.45    1    1
(relay)    32    6    10630.72    10    10595.1    2    1
(advertise)    21    10630.92    6    10
(relay)    32    27    10653.74    10    10633.91    2    1
(advertise)    21    10653.94    27    10
(relay)    23    18    10699.15    10    10698.2    4    1
(advertise)    21    10699.35    18    10
(relay)    23    48    10760.36    10    10757.26    1    1
(relay)    0    0    10821.56    10    10820.94    5    1
(advertise)    21    10821.76    0    10
(relay)    23    42    10849.38    10    10829.11    2    1
(advertise)    21    10849.58    42    10
(relay)    32    36    10998.79    10    10996.36    2    1
(advertise)    21    10998.99    36    10
(relay)    33    33    11009.8    12    11008.78    5    1
(advertise)    21    11021.4    33    12
(relay)    32    24    11045.62    11    11037.41    2    1
(advertise)    21    11045.82    24    11
(relay)    23    4    11099.43    11    11094.43    3    1
(advertise)    21    11099.63    4    11
(relay)    32    32    11104.04    11    11102.98    4    1
(relay)    1    1    11107.24    11    11106.19    5    2
(advertise)    21    11121.44    32    11
(advertise)    21    11145.45    1    11
(relay)    23    10    11165.67    11    11099.34    1    1
(relay)    32    16    11166.47    11    11100.43    2    1
(advertise)    21    11167.27    16    11
(relay)    32    38    11192.08    11    11156.01    2    1
(advertise)    21    11192.28    38    11
(relay)    23    19    11212.29    11    11143.62    3    1
(advertise)    21    11215.69    19    11
(relay)    32    35    11234.91    11    11204.66    2    1
(advertise)    21    11238.31    35    11
(relay)    32    39    11258.52    11    11253.04    2    1
(advertise)    21    11260.32    39    11
(relay)    23    12    11278.73    11    11248.89    3    1
(advertise)    21    11281.93    12    11
(relay)    32    8    11320.95    11    11304.13    2    1
(advertise)    21    11321.15    8    11
(relay)    32    5    11351.36    11    11348.56    2    1
(advertise)    21    11351.56    5    11
(relay)    32    37    11373.17    11    11362.54    2    1
(advertise)    21    11373.37    37    11
(relay)    32    14    11397.18    11    11368.45    2    1
(advertise)    21    11397.38    14    11
(relay)    23    20    11419.8    11    11414.46    3    1
(advertise)    21    11420.8    20    11
(generate)    21    11426.81    [1, 6, 7, 19]    11
(relay)    32    40    11465.42    11    11399.91    2    1
(advertise)    21    11465.62    40    11
(relay)    23    11    11467.24    11    11403.73    1    1
(relay)    23    23    11475.24    11    11474.31    4    1
(relay)    32    28    11487.04    11    11405.0    1    2
(advertise)    21    11488.04    23    11
(relay)    23    22    11507.25    11    11506.44    3    1
(advertise)    21    11509.05    22    11
(relay)    23    26    11528.86    11    11521.59    3    1
(advertise)    21    11530.26    26    11
(relay)    32    29    11531.48    11    11489.59    2    1
(advertise)    21    11551.68    29    11
(relay)    23    44    11572.49    11    11524.32    1    1
(relay)    32    30    11576.29    11    11498.75    2    1
(advertise)    21    11576.49    30    11
(relay)    32    43    11622.7    11    11518.63    2    1
(advertise)    21    11622.9    43    11
(relay)    32    27    11644.51    11    11633.94    2    1
(advertise)    21    11646.11    27    11
(relay)    32    6    11666.93    11    11595.15    2    1
(advertise)    21    11667.33    6    11
(relay)    23    18    11699.54    11    11698.3    4    1
(advertise)    21    11699.74    18    11
(relay)    23    48    11759.15    11    11757.36    1    1
(relay)    0    0    11822.15    11    11821.11    5    1
(advertise)    21    11822.35    0    11
(relay)    23    42    11847.57    11    11829.19    2    1
(advertise)    21    11847.97    42    11
(relay)    32    36    11999.98    11    11996.53    2    1
(advertise)    21    12000.18    36    11
(relay)    33    33    12009.99    13    12008.95    5    1
(advertise)    21    12021.19    33    13
(relay)    1    24    12046.21    12    12037.53    2    1
(advertise)    21    12046.61    24    12
(relay)    23    4    12098.82    12    12094.47    3    1
(advertise)    21    12099.02    4    12
(relay)    32    32    12104.03    12    12103.01    4    1
(relay)    1    1    12107.43    12    12106.37    5    2
(relay)    32    10    12121.43    12    12099.56    1    3
(advertise)    21    12121.83    32    12
(advertise)    21    12143.44    1    12
(relay)    32    16    12167.26    12    12100.51    1    1
(relay)    32    38    12191.46    12    12156.02    2    1
(advertise)    21    12191.66    38    12
(relay)    32    19    12214.27    12    12143.74    2    1
(advertise)    21    12214.47    19    12
(relay)    32    35    12237.48    12    12204.66    2    1
(advertise)    21    12237.88    35    12
(relay)    32    39    12260.3    12    12253.06    2    1
(advertise)    21    12262.1    39    12
(relay)    23    12    12278.71    12    12248.96    3    1
(advertise)    21    12284.31    12    12
(relay)    23    8    12321.52    12    12304.3    3    1
(advertise)    21    12321.72    8    12
(relay)    32    5    12367.54    12    12348.57    2    1
(advertise)    21    12367.74    5    12
(relay)    23    14    12388.95    12    12368.55    3    1
(advertise)    21    12389.15    14    12
(relay)    32    40    12413.56    12    12399.93    2    1
(relay)    23    11    12413.96    12    12403.83    1    2
(advertise)    21    12414.16    40    12
(generate)    21    12426.97    [1, 6, 7, 19]    12
(relay)    32    28    12457.99    12    12405.02    2    1
(advertise)    21    12458.19    28    12
(relay)    23    20    12460.2    12    12414.57    2    1
(advertise)    21    12480.0    20    12
(relay)    1    23    12482.21    12    12474.33    3    1
(advertise)    21    12501.01    23    12
(relay)    23    22    12507.83    12    12506.61    3    1
(advertise)    21    12522.43    22    12
(relay)    23    29    12529.64    12    12489.63    1    1
(relay)    32    30    12544.04    12    12498.75    2    1
(advertise)    21    12544.64    30    12
(relay)    23    26    12553.25    12    12521.73    3    1
(advertise)    21    12566.65    26    12
(relay)    23    44    12598.27    12    12524.38    2    1
(advertise)    21    12598.47    44    12
(relay)    23    43    12620.88    12    12518.68    1    1
(relay)    23    27    12642.88    12    12633.97    2    1
(advertise)    21    12643.08    27    12
(relay)    23    6    12665.09    12    12595.22    1    1
(heartbeat)    31    3    12674.23    21    12688.09    3    3
(advertise)    21    12688.29    31    3
(relay)    23    18    12710.5    12    12698.41    4    1
(advertise)    21    12712.1    18    12
(relay)    23    48    12758.72    12    12757.49    3    1
(advertise)    21    12758.92    48    12
(relay)    0    0    12822.33    12    12821.3    5    1
(advertise)    21    12822.53    0    12
(relay)    23    42    12846.14    12    12829.24    2    1
(advertise)    21    12846.54    42    12
(relay)    32    36    12999.16    12    12996.7    2    1
(advertise)    21    12999.36    36    12
(relay)    33    33    13010.17    14    13009.13    5    1
(advertise)    21    13022.37    33    14
(relay)    23    24    13044.18    13    13037.67    3    1
(advertise)    21    13044.78    24    13
(relay)    23    4    13097.0    13    13094.56    3    1
(advertise)    21    13097.2    4    13
(relay)    32    32    13104.01    13    13103.05    4    1
(relay)    1    1    13106.61    13    13106.46    5    2
(advertise)    21    13119.61    32    13
(relay)    32    10    13121.02    13    13099.57    1    2
(advertise)    21    13142.82    1    13
(relay)    32    16    13168.23    13    13100.62    2    1
(advertise)    21    13169.23    16    13
(relay)    32    38    13190.65    13    13156.04    2    1
(advertise)    21    13191.05    38    13
(relay)    23    19    13205.86    13    13143.87    3    1
(advertise)    21    13212.06    19    13
(relay)    32    35    13236.67    13    13204.8    2    1
(advertise)    21    13237.07    35    13
(relay)    32    12    13261.69    13    13249.08    2    1
(advertise)    21    13261.89    12    13
(relay)    32    39    13282.7    13    13253.08    2    1
(advertise)    21    13284.3    39    13
(relay)    32    8    13306.11    13    13304.48    2    1
(advertise)    21    13308.31    8    13
(relay)    32    5    13352.33    13    13348.72    2    1
(advertise)    21    13352.53    5    13
(relay)    23    14    13374.54    13    13368.67    2    1
(advertise)    21    13374.94    14    13
(relay)    23    37    13397.15    13    13362.68    1    1
(relay)    23    20    13419.75    13    13414.71    3    1
(advertise)    21    13419.95    20    13
(relay)    32    28    13421.76    13    13405.16    2    1
(generate)    21    13427.16    [1, 6, 7, 19]    13
(advertise)    21    13440.98    28    13
(relay)    23    23    13474.59    13    13474.58    4    1
(advertise)    21    13474.79    23    13
(relay)    23    11    13484.6    13    13404.01    1    1
(relay)    32    40    13488.4    13    13399.97    2    1
(advertise)    21    13496.2    40    13
(relay)    23    22    13531.42    13    13506.62    3    1
(advertise)    21    13531.62    22    13
(relay)    32    29    13533.83    13    13489.68    2    1
(advertise)    21    13553.43    29    13
(relay)    32    30    13555.04    13    13498.91    2    1
(relay)    23    26    13574.84    13    13521.88    2    2
(advertise)    21    13576.44    30    13
(relay)    32    43    13598.46    13    13518.83    2    2
(advertise)    21    13598.66    26    13
(advertise)    21    13621.07    43    13
(relay)    23    44    13622.28    13    13524.48    2    1
(advertise)    21    13643.88    44    13
(relay)    32    6    13663.89    13    13595.28    2    1
(relay)    23    27    13667.29    13    13634.01    2    2
(advertise)    21    13667.69    6    13
(advertise)    21    13690.11    27    13
(relay)    32    18    13709.92    13    13698.51    2    1
(advertise)    21    13712.92    18    13
(relay)    0    0    13822.53    13    13821.49    5    1
(advertise)    21    13822.73    0    13
(relay)    32    36    13999.55    13    13996.83    2    1
(advertise)    21    13999.75    36    13
(relay)    33    33    14009.36    15    14009.28    5    1
(advertise)    21    14021.56    33    15
(relay)    23    24    14043.37    14    14037.81    3    1
(advertise)    21    14043.77    24    14
(relay)    32    4    14097.39    14    14094.66    2    1
(advertise)    21    14097.59    4    14
(relay)    32    32    14103.2    14    14103.09    4    1
(relay)    1    1    14106.8    14    14106.65    5    2
(relay)    32    10    14119.4    14    14099.58    1    3
(advertise)    21    14119.8    32    14
(advertise)    21    14140.81    1    14
(relay)    32    16    14165.82    14    14100.72    2    1
(advertise)    21    14166.02    16    14
(relay)    32    38    14188.04    14    14156.09    2    1
(advertise)    21    14188.24    38    14
(relay)    23    19    14206.65    14    14144.0    3    1
(advertise)    21    14210.25    19    14
(relay)    32    35    14252.86    14    14204.98    1    1
(relay)    23    12    14253.46    14    14249.23    2    1
(advertise)    21    14253.66    12    14
(relay)    32    39    14296.08    14    14253.12    2    1
(advertise)    21    14296.28    39    14
(relay)    23    8    14318.89    14    14304.67    3    1
(advertise)    21    14319.29    8    14
(relay)    23    14    14388.9    14    14368.81    2    1
(advertise)    21    14389.1    14    14
(relay)    32    20    14418.72    14    14414.83    2    1
(advertise)    21    14418.92    20    14
(generate)    21    14427.33    [1, 6, 7, 19]    14
(relay)    32    28    14461.94    14    14405.31    2    1
(advertise)    21    14462.14    28    14
(relay)    23    11    14463.55    14    14404.17    1    1
(relay)    23    23    14474.75    14    14474.6    4    1
(advertise)    21    14484.15    23    14
(relay)    32    29    14505.97    14    14489.74    2    1
(advertise)    21    14507.17    29    14
(relay)    23    22    14528.78    14    14506.8    3    1
(relay)    32    30    14529.18    14    14499.06    2    2
(advertise)    21    14530.38    22    14
(relay)    23    26    14550.39    14    14522.02    3    2
(advertise)    21    14552.39    30    14
(relay)    32    43    14573.01    14    14518.99    1    2
(advertise)    21    14575.81    26    14
(relay)    0    44    14597.82    14    14524.57    1    1
(relay)    32    6    14619.62    14    14595.31    2    1
(advertise)    21    14619.82    6    14
(relay)    1    27    14640.63    14    14634.03    1    1
(relay)    23    18    14700.83    14    14698.61    4    1
(advertise)    21    14701.03    18    14
(relay)    0    0    14821.65    14    14821.63    5    1
(advertise)    21    14821.85    0    14
(relay)    23    42    14846.26    14    14829.44    2    1
(advertise)    21    14846.86    42    14
(relay)    33    33    15009.47    16    15009.45    5    1
(advertise)    21    15009.67    33    16
(relay)    23    24    15044.48    15    15037.95    3    1
(advertise)    21    15044.68    24    15
(relay)    23    4    15096.5    15    15094.74    3    1
(advertise)    21    15096.7    4    15
(relay)    32    32    15103.31    15    15103.28    4    1
(relay)    1    1    15106.71    15    15106.7    5    2
(relay)    32    10    15117.91    15    15099.71    1    3
(advertise)    21    15120.31    32    15
(advertise)    21    15142.52    1    15
(relay)    23    16    15183.14    15    15100.81    3    1
(advertise)    21    15183.34    16    15
(relay)    23    19    15207.55    15    15144.14    3    1
(advertise)    21    15207.75    19    15
(relay)    32    35    15232.16    15    15205.1    2    1
(advertise)    21    15232.76    35    15
(relay)    23    12    15252.98    15    15249.36    3    1
(advertise)    21    15255.18    12    15
(relay)    23    8    15306.59    15    15304.82    3    1
(advertise)    21    15306.79    8    15
(relay)    32    5    15353.6    15    15349.02    2    1
(advertise)    21    15353.8    5    15
(relay)    23    14    15370.61    15    15368.92    2    1
(advertise)    21    15374.81    14    15
(relay)    32    37    15396.43    15    15362.97    2    1
(advertise)    21    15396.83    37    15
(relay)    32    28    15420.44    15    15405.45    2    1
(advertise)    21    15421.44    28    15
(generate)    21    15427.45    [1, 6, 7, 19]    15
(relay)    32    20    15441.47    15    15414.95    2    1
(advertise)    21    15444.47    20    15
(relay)    23    11    15466.08    15    15404.34    1    1
(relay)    23    23    15474.88    15    15474.73    4    1
(advertise)    21    15475.08    23    15
(relay)    32    40    15485.49    15    15400.04    2    1
(advertise)    21    15496.49    40    15
(relay)    32    29    15532.11    15    15489.77    2    1
(advertise)    21    15532.31    29    15
(relay)    23    22    15533.92    15    15506.97    3    1
(relay)    23    26    15554.12    15    15522.72    3    2
(advertise)    21    15554.32    22    15
(relay)    32    43    15575.33    15    15519.13    2    2
(advertise)    21    15575.93    26    15
(relay)    23    44    15597.74    15    15524.65    1    2
(advertise)    21    15599.14    43    15
(relay)    32    6    15619.76    15    15595.36    2    1
(advertise)    21    15620.36    6    15
(relay)    32    27    15640.77    15    15634.22    2    1
(advertise)    21    15642.97    27    15
(relay)    23    18    15699.98    15    15698.71    4    1
(advertise)    21    15700.18    18    15
(relay)    23    48    15760.4    15    15758.04    3    1
(advertise)    21    15760.6    48    15
(relay)    0    0    15821.81    15    15821.81    5    1
(advertise)    21    15822.01    0    15
(relay)    23    42    15848.62    15    15829.51    2    1
(advertise)    21    15849.22    42    15
(relay)    32    36    15998.24    15    15997.15    2    1
(advertise)    21    15998.44    36    15
(relay)    33    33    16009.65    17    16009.62    5    1
(advertise)    21    16020.25    33    17
(relay)    23    24    16046.06    16    16038.07    3    1
(advertise)    21    16046.26    24    16
(relay)    32    4    16097.47    16    16094.82    2    1
(advertise)    21    16097.67    4    16
(relay)    32    32    16103.49    16    16103.47    4    1
(relay)    1    1    16106.89    16    16106.74    5    2
(advertise)    21    16118.89    32    16
(advertise)    21    16141.5    1    16
(relay)    23    16    16163.31    16    16100.87    3    1
(advertise)    21    16163.71    16    16
(relay)    23    19    16206.73    16    16144.27    3    1
(advertise)    21    16206.93    19    16
(relay)    32    35    16229.94    16    16205.27    2    1
(advertise)    21    16230.54    35    16
(relay)    32    39    16277.55    16    16253.18    2    1
(advertise)    21    16277.75    39    16
(relay)    23    8    16306.77    16    16305.0    3    1
(advertise)    21    16306.97    8    16
(relay)    32    5    16352.58    16    16349.21    2    1
(advertise)    21    16352.78    5    16
(relay)    23    14    16374.19    16    16369.05    3    1
(advertise)    21    16374.59    14    16
(relay)    23    37    16398.0    16    16363.13    1    1
(relay)    1    20    16422.4    16    16415.07    2    1
(advertise)    21    16422.6    20    16
(generate)    21    16427.62    [1, 6, 7, 19]    16
(relay)    32    40    16465.63    16    16400.04    2    1
(advertise)    21    16465.83    40    16
(relay)    23    23    16475.44    16    16474.92    4    1
(advertise)    21    16486.84    23    16
(relay)    23    22    16508.26    16    16507.13    3    1
(advertise)    21    16509.06    22    16
(relay)    32    29    16510.67    16    16489.78    2    1
(advertise)    21    16531.67    29    16
(relay)    23    26    16551.48    16    16522.85    3    1
(advertise)    21    16553.48    26    16
(relay)    32    30    16554.9    16    16499.42    1    1
(relay)    23    44    16596.9    16    16524.71    2    1
(advertise)    21    16597.1    44    16
(relay)    23    6    16618.31    16    16595.42    1    1
(relay)    23    27    16639.91    16    16634.22    2    1
(advertise)    21    16640.11    27    16
(heartbeat)    31    4    16674.24    21    16676.92    3    9
(advertise)    21    16677.12    31    4
(relay)    23    18    16700.73    16    16698.81    3    1
(advertise)    21    16701.93    18    16
(relay)    23    48    16761.95    16    16758.18    2    1
(advertise)    21    16762.15    48    16
(relay)    0    0    16821.96    16    16821.96    5    1
(advertise)    21    16822.16    0    16
(relay)    23    42    16846.77    16    16829.6    2    1
(advertise)    21    16848.37    42    16
(relay)    32    36    16998.39    16    16997.3    2    1
(advertise)    21    16998.59    36    16
(relay)    33    33    17009.8    18    17009.75    5    1
(advertise)    21    17020.8    33    18
(relay)    23    24    17048.61    17    17038.21    2    1
(advertise)    21    17049.01    24    17
(relay)    23    4    17098.43    17    17094.9    1    1
(relay)    32    32    17103.83    17    17103.66    4    1
(advertise)    21    17104.03    32    17
(relay)    1    1    17107.44    17    17106.81    5    1
(advertise)    21    17127.64    1    17
(relay)    32    38    17168.05    17    17156.17    2    1
(advertise)    21    17168.25    38    17
(relay)    23    16    17185.86    17    17100.94    1    1
(relay)    32    35    17212.66    17    17205.37    2    1
(advertise)    21    17212.86    35    17
(relay)    23    19    17230.68    17    17144.39    2    1
(advertise)    21    17235.08    19    17
(relay)    32    39    17256.89    17    17253.21    2    1
(advertise)    21    17258.49    39    17
(relay)    23    8    17306.7    17    17305.0    3    1
(advertise)    21    17306.9    8    17
(relay)    32    5    17350.52    17    17349.35    2    1
(advertise)    21    17350.72    5    17
(relay)    32    37    17373.73    17    17363.24    2    1
(relay)    23    14    17373.93    17    17369.14    1    2
(advertise)    21    17374.73    37    17
(relay)    23    20    17417.74    17    17415.2    3    1
(advertise)    21    17417.94    20    17
(generate)    21    17427.76    [1, 6, 7, 19]    17
(relay)    23    11    17459.37    17    17404.63    1    1
(relay)    32    28    17464.77    17    17405.76    2    1
(advertise)    21    17464.97    28    17
(relay)    23    23    17475.38    17    17474.93    4    1
(advertise)    21    17486.38    23    17
(relay)    23    22    17508.99    17    17507.32    3    1
(relay)    32    29    17509.19    17    17489.97    2    2
(advertise)    21    17510.19    22    17
(relay)    32    30    17530.61    17    17499.56    2    2
(advertise)    21    17531.21    29    17
(advertise)    21    17552.22    30    17
(relay)    32    43    17576.63    17    17519.39    2    1
(advertise)    21    17576.83    43    17
(relay)    32    6    17599.85    17    17595.48    2    1
(advertise)    21    17600.45    6    17
(relay)    23    44    17619.06    17    17524.79    2    1
(advertise)    21    17622.66    44    17
(relay)    0    27    17642.47    17    17634.23    1    1
(relay)    23    18    17700.27    17    17698.89    3    1
(advertise)    21    17700.47    18    17
(relay)    32    48    17762.69    17    17758.29    2    1
(advertise)    21    17762.89    48    17
(relay)    0    0    17822.1    17    17822.1    5    1
(advertise)    21    17822.3    0    17
(relay)    23    42    17849.51    17    17829.68    2    1
(advertise)    21    17849.71    42    17
(relay)    32    36    17998.72    17    17997.44    2    1
(advertise)    21    17998.92    36    17
(relay)    33    33    18010.54    19    18009.89    5    1
(advertise)    21    18021.14    33    19
(relay)    23    24    18045.15    18    18038.32    2    1
(advertise)    21    18045.75    24    18
(relay)    23    4    18099.16    18    18095.0    2    1
(advertise)    21    18099.36    4    18
(relay)    32    32    18104.38    18    18103.83    4    1
(relay)    1    1    18107.58    18    18107.0    5    2
(relay)    32    10    18121.98    18    18100.26    1    3
(advertise)    21    18123.78    32    18
(advertise)    21    18145.39    1    18
(relay)    32    16    18169.6    18    18101.03    1    1
(relay)    32    38    18192.4    18    18156.2    2    1
(advertise)    21    18192.6    38    18
(relay)    23    19    18210.82    18    18144.54    2    1
(advertise)    21    18215.02    19    18
(relay)    32    35    18236.03    18    18205.48    2    1
(advertise)    21    18237.03    35    18
(relay)    32    12    18274.84    18    18249.7    2    1
(advertise)    21    18275.04    12    18
(relay)    32    39    18297.45    18    18253.25    2    1
(advertise)    21    18298.25    39    18
(relay)    32    8    18320.47    18    18305.17    2    1
(advertise)    21    18320.67    8    18
(relay)    32    5    18350.88    18    18349.49    2    1
(advertise)    21    18351.08    5    18
(relay)    32    37    18374.69    18    18363.37    2    1
(advertise)    21    18375.49    37    18
(relay)    32    20    18417.31    18    18415.32    2    1
(advertise)    21    18417.51    20    18
(generate)    21    18427.92    [1, 6, 7, 19]    18
(relay)    32    40    18437.53    18    18400.26    2    1
(advertise)    21    18439.33    40    18
(relay)    23    23    18475.55    18    18474.97    4    1
(advertise)    21    18475.75    23    18
(relay)    32    28    18485.56    18    18405.89    2    1
(relay)    23    11    18486.16    18    18404.79    1    2
(advertise)    21    18497.96    28    18
(relay)    32    29    18529.97    18    18490.0    2    1
(advertise)    21    18530.17    29    18
(relay)    32    30    18551.78    18    18499.67    2    1
(advertise)    21    18552.18    30    18
(relay)    23    26    18554.0    18    18523.26    1    1
(relay)    23    44    18601.2    18    18524.89    2    1
(advertise)    21    18601.4    44    18
(relay)    32    6    18624.81    18    18595.5    2    1
(advertise)    21    18625.21    6    18
(relay)    32    27    18646.82    18    18634.28    2    1
(advertise)    21    18647.22    27    18
(relay)    23    18    18699.84    18    18698.99    3    1
(advertise)    21    18700.04    18    18
(relay)    23    48    18760.25    18    18758.43    3    1
(advertise)    21    18760.45    48    18
(relay)    0    0    18822.86    18    18822.26    5    1
(advertise)    21    18823.06    0    18
(relay)    23    42    18850.48    18    18829.77    2    1
(advertise)    21    18850.68    42    18
(relay)    32    36    19000.09    18    18997.55    2    1
(advertise)    21    19000.29    36    18
(relay)    33    33    19010.5    20    19010.04    5    1
(advertise)    21    19021.5    33    20
(relay)    23    24    19045.31    19    19038.46    2    1
(advertise)    21    19045.51    24    19
(relay)    23    4    19098.93    19    19095.07    2    1
(advertise)    21    19099.13    4    19
(relay)    32    32    19104.54    19    19104.02    4    1
(relay)    1    1    19107.74    19    19107.2    5    2
(advertise)    21    19120.14    32    19
(relay)    32    10    19123.15    19    19100.29    1    2
(advertise)    21    19142.15    1    19
(relay)    32    16    19167.97    19    19101.13    1    1
(relay)    32    38    19192.77    19    19156.2    2    1
(advertise)    21    19192.97    38    19
(relay)    32    19    19215.58    19    19144.65    1    1
(relay)    32    35    19237.58    19    19205.59    2    1
(advertise)    21    19237.78    35    19
(relay)    23    12    19273.79    19    19249.82    3    1
(advertise)    21    19273.99    12    19
(relay)    32    39    19297.61    19    19253.26    2    1
(advertise)    21    19298.21    39    19
(relay)    32    8    19319.62    19    19305.17    2    1
(advertise)    21    19321.22    8    19
(relay)    32    5    19351.43    19    19349.58    2    1
(advertise)    21    19351.63    5    19
(relay)    23    14    19374.44    19    19369.37    1    1
(relay)    32    37    19375.44    19    19363.47    2    1
(advertise)    21    19376.44    37    19
(relay)    23    11    19406.86    19    19404.91    1    1
(relay)    32    40    19419.66    19    19400.29    2    1
(advertise)    21    19419.86    40    19
(generate)    21    19428.07    [1, 6, 7, 19]    19
(relay)    23    20    19449.48    19    19415.45    3    1
(advertise)    21    19449.68    20    19
(relay)    23    23    19475.5    19    19474.99    4    1
(advertise)    21    19475.9    23    19
(relay)    23    22    19507.91    19    19507.5    3    1
(advertise)    21    19508.11    22    19
(relay)    23    29    19528.92    19    19490.01    1    1
(relay)    23    26    19550.52    19    19523.36    1    1
(relay)    32    30    19566.52    19    19499.78    1    1
(relay)    23    44    19573.32    19    19524.95    2    1
(advertise)    21    19573.52    44    19
(relay)    32    43    19610.54    19    19519.62    2    1
(advertise)    21    19610.74    43    19
(relay)    32    6    19631.95    19    19595.54    2    1
(advertise)    21    19632.95    6    19
(relay)    32    27    19653.16    19    19634.32    2    1
(advertise)    21    19654.56    27    19
(relay)    23    18    19699.97    19    19699.09    3    1
(advertise)    21    19700.17    18    19
(relay)    23    48    19760.39    19    19758.52    3    1
(advertise)    21    19760.59    48    19
(relay)    0    0    19823.0    19    19822.41    5    1
(advertise)    21    19823.2    0    19
(relay)    23    42    19850.81    19    19829.83    2    1
(advertise)    21    19851.01    42    19
(relay)    32    36    20000.03    19    19997.66    2    1
(advertise)    21    20000.23    36    19
(relay)    33    33    20010.84    21    20010.19    5    1
(advertise)    21    20022.24    33    21
(relay)    0    24    20047.45    20    20038.58    1    1
(relay)    32    32    20104.85    20    20104.21    4    1
(advertise)    21    20105.05    32    20
(relay)    1    1    20108.47    20    20107.43    5    1
(relay)    32    10    20125.07    20    20100.3    1    2
(advertise)    21    20126.47    1    20
(relay)    23    16    20165.08    20    20101.21    2    1
(advertise)    21    20165.28    16    20
(relay)    23    19    20188.89    20    20144.81    2    1
(advertise)    21    20189.09    19    20
(relay)    32    38    20216.3    20    20156.24    2    1
(advertise)    21    20216.5    38    20
(relay)    32    35    20238.52    20    20205.7    2    1
(advertise)    21    20239.72    35    20
(relay)    32    39    20261.53    20    20253.29    2    1
(relay)    23    12    20261.93    20    20249.93    2    2
(advertise)    21    20262.13    39    20
(advertise)    21    20285.54    12    20
(relay)    23    8    20306.76    20    20305.35    3    1
(advertise)    21    20307.36    8    20
(relay)    32    5    20352.37    20    20349.7    2    1
(advertise)    21    20352.57    5    20
(relay)    32    37    20374.98    20    20363.58    2    1
(advertise)    21    20375.58    37    20
(relay)    32    14    20400.4    20    20369.48    1    1
(relay)    23    20    20420.8    20    20415.57    3    1
(advertise)    21    20421.0    20    20
(generate)    21    20428.21    [1, 6, 7, 19]    20
(relay)    23    11    20464.62    20    20405.01    1    1
(relay)    32    40    20470.02    20    20400.32    1    1
(relay)    23    23    20476.02    20    20474.99    4    1
(advertise)    21    20476.22    23    20
(relay)    23    28    20507.83    20    20406.12    1    1
(relay)    23    22    20530.63    20    20507.66    2    1
(advertise)    21    20530.83    22    20
(relay)    23    26    20553.05    20    20523.48    2    1
(advertise)    21    20553.85    26    20
(relay)    23    44    20574.46    20    20525.04    2    1
(advertise)    21    20576.06    44    20
(relay)    32    43    20579.47    20    20519.71    2    1
(relay)    23    30    20594.67    20    20499.92    1    2
(advertise)    21    20598.07    43    20
(relay)    23    27    20640.29    20    20634.34    2    1
(advertise)    21    20640.49    27    20
(relay)    32    6    20646.9    20    20595.57    2    1
(advertise)    21    20663.9    6    20
(heartbeat)    31    5    20674.25    21    20682.31    3    9
(advertise)    21    20685.91    31    5
(relay)    23    18    20703.53    20    20699.2    3    1
(advertise)    21    20707.93    18    20
(relay)    0    0    20823.14    20    20822.56    5    1
(advertise)    21    20823.34    0    20
(relay)    23    42    20849.55    20    20829.9    2    1
(advertise)    21    20849.75    42    20
(relay)    32    36    21000.36    20    20997.77    2    1
(advertise)    21    21000.56    36    20
(relay)    33    33    21011.38    22    21010.34    5    1
(advertise)    21    21021.78    33    22
(relay)    23    24    21044.79    21    21038.7    2    1
(advertise)    21    21045.19    24    21
(relay)    32    32    21105.2    21    21104.24    4    1
(advertise)    21    21105.4    32    21
(relay)    1    1    21108.42    21    21107.47    5    1
(relay)    23    10    21122.42    21    21100.32    1    2
(advertise)    21    21127.22    1    21
(relay)    23    16    21189.83    21    21101.27    1    1
(relay)    32    19    21190.83    21    21145.0    1    1
(relay)    32    38    21216.43    21    21156.26    1    1
(relay)    32    35    21237.23    21    21205.8    2    1
(advertise)    21    21237.43    35    21
(relay)    32    39    21260.44    21    21253.32    2    1
(advertise)    21    21260.84    39    21
(relay)    23    12    21274.46    21    21250.06    3    1
(advertise)    21    21282.86    12    21
(relay)    32    8    21307.27    21    21305.54    2    1
(advertise)    21    21307.67    8    21
(relay)    32    5    21353.28    21    21349.82    2    1
(advertise)    21    21353.48    5    21
(relay)    23    14    21375.29    21    21369.59    1    1
(relay)    32    37    21377.09    21    21363.69    2    1
(advertise)    21    21377.69    37    21
(relay)    1    20    21418.51    21    21415.67    1    1
(generate)    21    21428.31    [1, 6, 7, 19]    21
(relay)    32    40    21441.92    21    21400.36    2    1
(advertise)    21    21442.12    40    21
(relay)    23    11    21461.93    21    21405.16    1    1
(relay)    23    23    21475.93    21    21475.02    4    1
(advertise)    21    21476.13    23    21
(relay)    32    28    21485.95    21    21406.25    2    1
(advertise)    21    21498.55    28    21
(relay)    23    22    21527.96    21    21507.67    3    1
(advertise)    21    21528.16    22    21
(relay)    32    29    21529.97    21    21490.23    2    1
(relay)    23    26    21549.17    21    21523.61    2    2
(advertise)    21    21550.37    29    21
(relay)    32    30    21552.59    21    21500.06    2    2
(advertise)    21    21572.19    26    21
(relay)    23    44    21593.0    21    21525.15    2    2
(advertise)    21    21594.0    30    21
(relay)    32    43    21597.01    21    21519.77    2    2
(advertise)    21    21617.21    44    21
(relay)    23    27    21636.42    21    21634.36    2    2
(advertise)    21    21638.62    43    21
(advertise)    21    21660.64    27    21
(relay)    32    6    21662.45    21    21595.64    2    1
(advertise)    21    21685.05    6    21
(relay)    23    18    21700.46    21    21699.28    3    1
(advertise)    21    21707.26    18    21
(relay)    0    0    21823.68    21    21822.69    5    1
(advertise)    21    21823.88    0    21
(relay)    0    42    21848.69    21    21830.0    1    1
(relay)    32    36    22001.29    21    21997.87    2    1
(advertise)    21    22001.49    36    21
(relay)    33    33    22011.5    23    22010.46    5    1
(advertise)    21    22023.5    33    23
(relay)    23    24    22045.72    22    22038.82    2    1
(advertise)    21    22046.32    24    22
(relay)    23    4    22097.53    22    22095.36    2    1
(advertise)    21    22097.73    4    22
(relay)    32    32    22105.34    22    22104.24    4    1
(relay)    1    1    22108.54    22    22107.5    5    2
(advertise)    21    22118.94    32    22
(advertise)    21    22141.15    1    22
(relay)    23    10    22162.57    22    22100.33    1    1
(relay)    32    38    22174.37    22    22156.31    2    1
(advertise)    21    22174.57    38    22
(relay)    23    16    22186.78    22    22101.33    1    1
(relay)    32    35    22217.78    22    22205.89    2    1
(advertise)    21    22217.98    35    22
(relay)    32    19    22241.39    22    22145.12    1    1
(relay)    32    39    22264.59    22    22253.36    2    1
(advertise)    21    22264.79    39    22
(relay)    23    12    22273.81    22    22250.16    3    1
(advertise)    21    22287.21    12    22
(relay)    32    8    22317.82    22    22305.7    2    1
(advertise)    21    22318.02    8    22
(relay)    32    5    22365.23    22    22349.96    2    1
(advertise)    21    22365.43    5    22
(relay)    23    14    22386.45    22    22369.7    2    1
(relay)    32    37    22386.65    22    22363.83    2    2
(advertise)    21    22387.25    14    22
(relay)    32    40    22407.86    22    22400.38    2    2
(advertise)    21    22410.26    37    22
(generate)    21    22428.47    [1, 6, 7, 19]    22
(relay)    23    20    22431.68    22    22415.81    3    2
(advertise)    21    22431.88    40    22
(advertise)    21    22455.1    20    22
(relay)    23    23    22476.11    22    22475.05    4    1
(advertise)    21    22476.31    23    22
(relay)    23    11    22477.52    22    22405.32    1    1
(relay)    32    29    22498.32    22    22490.25    2    1
(advertise)    21    22498.72    29    22
(relay)    32    30    22522.74    22    22500.17    2    1
(advertise)    21    22523.34    30    22
(relay)    23    22    22525.15    22    22507.8    3    1
(advertise)    21    22545.15    22    22
(relay)    23    26    22569.76    22    22523.76    2    1
(advertise)    21    22569.96    26    22
(relay)    23    44    22592.58    22    22525.25    2    1
(advertise)    21    22593.98    44    22
(relay)    32    6    22615.79    22    22595.66    2    1
(advertise)    21    22616.79    6    22
(relay)    32    43    22638.4    22    22519.87    1    1
(relay)    32    27    22659.4    22    22634.41    1    1
(relay)    23    18    22701.2    22    22699.37    3    1
(advertise)    21    22701.4    18    22
(relay)    23    48    22759.81    22    22758.82    3    1
(advertise)    21    22760.01    48    22
(relay)    0    0    22823.83    22    22822.84    5    1
(advertise)    21    22824.03    0    22
(relay)    23    42    22847.44    22    22830.1    2    1
(advertise)    21    22848.44    42    22
(relay)    32    36    23000.65    22    22998.0    2    1
(advertise)    21    23000.85    36    22
(relay)    33    33    23011.67    24    23010.61    5    1
(advertise)    21    23022.47    33    24
(relay)    23    24    23045.68    23    23038.93    2    1
(advertise)    21    23046.28    24    23
(relay)    23    4    23097.69    23    23095.46    2    1
(advertise)    21    23097.89    4    23
(relay)    32    32    23105.51    23    23104.43    4    1
(relay)    1    1    23108.51    23    23107.52    5    2
(relay)    23    10    23118.71    23    23100.34    1    3
(advertise)    21    23119.31    32    23
(advertise)    21    23141.32    1    23
(relay)    32    16    23165.33    23    23101.43    1    1
(relay)    32    38    23191.33    23    23156.31    2    1
(advertise)    21    23191.53    38    23
(relay)    23    19    23205.14    23    23145.27    2    1
(advertise)    21    23213.54    19    23
(relay)    32    35    23235.76    23    23206.0    2    1
(advertise)    21    23236.16    35    23
(relay)    32    39    23258.77    23    23253.55    2    1
(advertise)    21    23259.37    39    23
(relay)    23    12    23276.38    23    23250.29    3    1
(advertise)    21    23280.38    12    23
(relay)    32    8    23307.0    23    23305.88    2    1
(advertise)    21    23307.2    8    23
(relay)    32    5    23354.61    23    23350.08    2    1
(advertise)    21    23354.81    5    23
(relay)    23    14    23371.82    23    23369.82    1    1
(relay)    32    37    23377.42    23    23363.94    2    1
(advertise)    21    23379.42    37    23
(relay)    23    20    23418.64    23    23415.93    3    1
(advertise)    21    23418.84    20    23
(generate)    21    23428.65    [1, 6, 7, 19]    23
(relay)    32    40    23441.66    23    23400.62    2    1
(advertise)    21    23442.06    40    23
(relay)    23    11    23462.87    23    23405.48    1    1
(relay)    23    23    23475.47    23    23475.28    4    1
(advertise)    21    23475.67    23    23
(relay)    32    28    23484.29    23    23406.51    2    1
(advertise)    21    23496.69    28    23
(relay)    32    29    23529.3    23    23490.67    2    1
(advertise)    21    23529.5    29    23
(relay)    23    26    23551.31    23    23523.88    2    1
(advertise)    21    23552.11    26    23
(relay)    23    44    23571.73    23    23525.35    2    1
(advertise)    21    23573.53    44    23
(relay)    33    30    23597.34    23    23500.32    1    1
(relay)    32    43    23618.54    23    23520.0    2    1
(advertise)    21    23618.74    43    23
(relay)    23    27    23641.75    23    23634.43    2    1
(advertise)    21    23641.95    27    23
(relay)    32    6    23662.37    23    23595.74    1    1
(relay)    23    18    23701.17    23    23699.46    3    1
(advertise)    21    23701.37    18    23
(relay)    32    48    23761.38    23    23758.93    1    1
(relay)    0    0    23823.98    23    23823.0    5    1
(advertise)    21    23824.18    0    23
(relay)    23    42    23847.19    23    23830.2    2    1
(advertise)    21    23847.99    42    23
(relay)    32    36    24000.6    23    23998.07    2    1
(advertise)    21    24000.8    36    23
(relay)    33    33    24011.82    25    24010.79    5    1
(advertise)    21    24022.42    33    25
(relay)    23    24    24046.03    24    24039.05    2    1
(advertise)    21    24046.23    24    24
(relay)    32    32    24104.64    24    24104.46    4    1
(advertise)    21    24104.84    32    24
(relay)    1    1    24107.66    24    24107.56    5    1
(advertise)    21    24127.26    1    24
(relay)    23    16    24167.87    24    24101.5    2    1
(advertise)    21    24168.07    16    24
(relay)    32    38    24170.88    24    24156.33    2    1
(advertise)    21    24190.08    38    24
(relay)    23    19    24213.7    24    24145.44    2    1
(advertise)    21    24213.9    19    24
(relay)    32    35    24238.91    24    24206.07    2    1
(advertise)    21    24239.31    35    24
(relay)    23    8    24306.92    24    24306.04    3    1
(advertise)    21    24307.12    8    24
(relay)    32    5    24352.73    24    24350.18    2    1
(advertise)    21    24352.93    5    24
(relay)    23    14    24373.95    24    24369.94    1    1
(relay)    32    37    24375.35    24    24364.01    2    1
(advertise)    21    24375.55    37    24
(relay)    32    40    24403.16    24    24400.65    2    1
(advertise)    21    24403.36    40    24
(relay)    32    28    24428.37    24    24406.62    2    1
(advertise)    21    24428.77    28    24
(generate)    21    24429.99    [1, 6, 7, 19]    24
(relay)    32    20    24472.2    24    24416.22    2    1
(advertise)    21    24472.4    20    24
(relay)    23    23    24475.61    24    24475.47    4    1
(advertise)    21    24494.61    23    24
(relay)    23    11    24506.03    24    24405.62    1    1
(relay)    32    29    24517.43    24    24490.67    2    1
(advertise)    21    24518.23    29    24
(relay)    23    22    24528.64    24    24508.13    3    1
(advertise)    21    24540.24    22    24
(relay)    32    43    24564.25    24    24520.12    2    1
(advertise)    21    24565.05    43    24
(relay)    23    26    24574.86    24    24523.99    1    1
(relay)    32    30    24587.66    24    24500.44    1    1
(relay)    23    44    24597.66    24    24525.45    2    1
(advertise)    21    24597.86    44    24
(relay)    32    6    24631.68    24    24595.78    2    1
(advertise)    21    24631.88    6    24
(relay)    32    27    24652.29    24    24634.47    2    1
(advertise)    21    24653.49    27    24
(heartbeat)    31    6    24674.27    21    24676.7    3    9
(advertise)    21    24677.1    31    6
(relay)    32    18    24717.72    24    24699.57    1    1
(relay)    0    0    24824.12    24    24823.13    5    1
(advertise)    21    24824.32    0    24
(relay)    23    42    24850.73    24    24830.31    2    1
(advertise)    21    24851.13    42    24
(relay)    32    36    24999.74    24    24998.2    2    1
(advertise)    21    24999.94    36    24
(relay)    33    33    25010.96    26    25010.92    5    1
(advertise)    21    25022.36    33    26
(relay)    23    24    25041.57    25    25039.17    2    1
(advertise)    21    25043.77    24    25
(relay)    32    4    25097.58    25    25095.66    1    1
(relay)    32    32    25104.78    25    25104.63    4    1
(advertise)    21    25104.98    32    25
(relay)    1    1    25107.59    25    25107.56    5    1
(relay)    32    10    25120.79    25    25100.38    1    2
(advertise)    21    25128.79    1    25
(relay)    23    16    25173.41    25    25101.64    2    1
(advertise)    21    25173.61    16    25
(relay)    32    38    25195.22    25    25156.56    2    1
(advertise)    21    25196.02    38    25
(relay)    1    19    25218.63    25    25145.63    1    1
(relay)    33    35    25219.83    25    25206.17    1    1
(relay)    23    12    25253.43    25    25250.56    3    1
(advertise)    21    25253.63    12    25
(relay)    32    39    25282.45    25    25253.59    2    1
(advertise)    21    25282.65    39    25
(relay)    23    8    25307.86    25    25306.04    3    1
(advertise)    21    25308.06    8    25
(relay)    32    5    25354.87    25    25350.3    2    1
(advertise)    21    25355.07    5    25
(relay)    23    14    25371.89    25    25370.08    1    1
(relay)    32    37    25379.09    25    25364.14    2    1
(advertise)    21    25379.29    37    25
(relay)    32    40    25403.9    25    25400.67    2    1
(advertise)    21    25404.1    40    25
(relay)    32    28    25427.51    25    25406.75    2    1
(advertise)    21    25427.91    28    25
(generate)    21    25430.12    [1, 6, 7, 19]    25
(relay)    23    20    25441.14    25    25416.37    3    1
(advertise)    21    25449.74    20    25
(relay)    23    23    25475.55    25    25475.47    4    1
(advertise)    21    25475.75    23    25
(relay)    23    11    25505.56    25    25405.76    2    1
(advertise)    21    25505.76    11    25
(relay)    32    29    25515.98    25    25490.69    2    1
(advertise)    21    25527.98    29    25
(relay)    1    22    25529.79    25    25508.14    2    1
(advertise)    21    25550.39    22    25
(relay)    23    26    25571.8    25    25524.15    2    1
(advertise)    21    25572.4    26    25
(relay)    23    44    25595.22    25    25526.75    2    1
(advertise)    21    25595.62    44    25
(relay)    32    6    25625.03    25    25595.79    2    1
(advertise)    21    25625.23    6    25
(relay)    23    27    25645.84    25    25634.51    2    1
(advertise)    21    25648.04    27    25
(relay)    23    18    25701.05    25    25699.68    3    1
(advertise)    21    25701.25    18    25
(relay)    23    48    25761.47    25    25759.18    3    1
(advertise)    21    25761.67    48    25
(relay)    0    0    25823.28    25    25823.28    5    1
(advertise)    21    25823.48    0    25
(relay)    23    42    25848.69    25    25830.37    2    1
(advertise)    21    25849.09    42    25
(relay)    32    36    25999.11    25    25998.28    2    1
(advertise)    21    25999.31    36    25
(relay)    33    33    26011.12    27    26011.09    5    1
(advertise)    21    26020.72    33    27
(relay)    23    24    26046.93    26    26039.3    2    1
(advertise)    21    26047.13    24    26
(relay)    23    4    26098.15    26    26095.74    2    1
(advertise)    21    26098.35    4    26
(relay)    32    32    26104.76    26    26104.65    4    1
(relay)    1    1    26107.76    26    26107.62    5    2
(advertise)    21    26120.56    32    26
(relay)    32    10    26122.17    26    26100.39    1    2
(advertise)    21    26144.37    1    26
(relay)    32    16    26166.58    26    26101.77    1    1
(relay)    32    38    26188.58    26    26156.58    2    1
(advertise)    21    26188.78    38    26
(relay)    32    19    26213.2    26    26145.78    1    1
(relay)    32    35    26235.6    26    26206.26    2    1
(advertise)    21    26235.8    35    26
(relay)    23    12    26253.61    26    26250.71    3    1
(advertise)    21    26258.01    12    26
(relay)    32    39    26280.82    26    26253.79    2    1
(advertise)    21    26281.42    39    26
(relay)    23    8    26308.44    26    26306.22    3    1
(advertise)    21    26308.84    8    26
(relay)    32    5    26364.45    26    26350.37    2    1
(advertise)    21    26364.65    5    26
(relay)    23    14    26386.06    26    26370.2    1    1
(relay)    32    37    26387.66    26    26364.2    1    1
(relay)    23    11    26424.46    26    26405.88    2    1
(advertise)    21    26424.66    11    26
(generate)    21    26430.28    [1, 6, 7, 19]    26
(relay)    23    20    26469.49    26    26416.47    2    1
(advertise)    21    26469.69    20    26
(relay)    23    23    26475.5    26    26475.47    4    1
(advertise)    21    26492.7    23    26
(relay)    32    40    26499.51    26    26400.87    2    1
(advertise)    21    26516.11    40    26
(relay)    23    22    26523.13    26    26508.3    3    1
(advertise)    21    26537.73    22    26
(relay)    23    29    26543.54    26    26490.74    1    1
(relay)    23    26    26565.54    26    26524.28    1    1
(relay)    23    44    26588.14    26    26526.82    2    1
(advertise)    21    26588.34    44    26
(relay)    23    30    26611.15    26    26500.65    1    1
(relay)    32    43    26613.95    26    26520.36    2    1
(advertise)    21    26614.35    43    26
(relay)    23    27    26653.97    26    26634.53    2    1
(advertise)    21    26654.17    27    26
(relay)    23    6    26677.18    26    26595.84    1    1
(relay)    23    18    26701.78    26    26699.8    3    1
(advertise)    21    26701.98    18    26
(relay)    23    48    26761.79    26    26759.28    3    1
(advertise)    21    26761.99    48    26
(relay)    0    0    26823.41    26    26823.41    5    1
(advertise)    21    26823.61    0    26
(relay)    23    42    26849.22    26    26830.47    1    1
(relay)    32    36    26999.62    26    26998.38    2    1
(advertise)    21    26999.82    36    26
(relay)    33    33    27011.23    28    27011.21    5    1
(advertise)    21    27021.23    33    28
(relay)    23    24    27048.04    27    27039.41    2    1
(advertise)    21    27048.44    24    27
(relay)    23    4    27098.86    27    27095.81    1    1
(relay)    32    32    27104.86    27    27104.67    4    1
(advertise)    21    27105.06    32    27
(relay)    1    1    27108.27    27    27107.67    5    1
(relay)    32    10    27122.07    27    27100.4    1    2
(advertise)    21    27126.47    1    27
(relay)    32    16    27166.08    27    27101.84    1    1
(relay)    23    19    27210.08    27    27145.93    2    1
(advertise)    21    27210.28    19    27
(relay)    23    35    27233.7    27    27206.36    1    1
(relay)    1    12    27256.9    27    27250.83    2    1
(advertise)    21    27257.1    12    27
(relay)    23    8    27308.11    27    27306.39    3    1
(advertise)    21    27308.31    8    27
(relay)    32    5    27355.52    27    27350.55    2    1
(advertise)    21    27355.72    5    27
(relay)    23    14    27377.74    27    27370.28    1    1
(relay)    32    37    27379.54    27    27364.34    2    1
(advertise)    21    27380.74    37    27
(relay)    32    20    27419.35    27    27416.56    2    1
(advertise)    21    27419.55    20    27
(generate)    21    27430.36    [1, 6, 7, 19]    27
(relay)    32    40    27440.17    27    27400.93    2    1
(advertise)    21    27441.37    40    27
(relay)    23    11    27464.79    27    27406.04    2    1
(advertise)    21    27465.19    11    27
(relay)    23    23    27476.0    27    27475.49    4    1
(relay)    32    28    27485.2    27    27407.01    2    2
(advertise)    21    27487.6    23    27
(advertise)    21    27508.81    28    27
(relay)    23    22    27529.63    27    27508.49    1    1
(relay)    32    29    27551.03    27    27490.77    2    1
(advertise)    21    27551.23    29    27
(relay)    32    30    27572.64    27    27500.83    2    1
(advertise)    21    27573.04    30    27
(relay)    23    44    27598.45    27    27526.89    1    1
(relay)    32    6    27639.05    27    27595.93    2    1
(advertise)    21    27639.25    6    27
(relay)    23    27    27642.87    27    27634.73    2    1
(advertise)    21    27660.87    27    27
(relay)    23    18    27701.28    27    27699.88    3    1
(advertise)    21    27701.48    18    27
(relay)    23    48    27762.09    27    27759.38    3    1
(advertise)    21    27762.29    48    27
(relay)    0    0    27823.7    27    27823.52    5    1
(advertise)    21    27823.9    0    27
(relay)    23    42    27851.32    27    27830.56    2    1
(advertise)    21    27851.52    42    27
(relay)    32    36    27999.73    27    27998.52    2    1
(advertise)    21    27999.93    36    27
(relay)    33    33    28011.94    29    28011.32    5    1
(advertise)    21    28023.14    33    29
(relay)    23    24    28042.16    28    28039.52    2    1
(advertise)    21    28045.36    24    28
(relay)    32    10    28102.97    28    28100.59    1    1
(relay)    32    32    28105.37    28    28104.84    4    1
(advertise)    21    28105.57    32    28
(relay)    1    1    28108.18    28    28107.68    5    1
(advertise)    21    28126.58    1    28
(relay)    32    16    28167.6    28    28101.93    1    1
(relay)    32    4    28191.4    28    28095.9    1    1
(relay)    23    19    28214.4    28    28146.08    2    1
(advertise)    21    28214.6    19    28
(relay)    23    38    28237.21    28    28156.64    1    1
(relay)    23    12    28257.61    28    28250.96    3    1
(advertise)    21    28257.81    12    28
(relay)    23    8    28308.22    28    28306.41    3    1
(advertise)    21    28308.42    8    28
(relay)    32    5    28357.43    28    28350.71    2    1
(advertise)    21    28357.63    5    28
(relay)    32    37    28380.85    28    28364.48    2    1
(relay)    23    14    28381.65    28    28370.35    1    2
(advertise)    21    28382.05    37    28
(relay)    32    40    28405.66    28    28400.96    1    1
(relay)    23    11    28408.46    28    28406.13    2    1
(advertise)    21    28408.66    11    28
(generate)    21    28430.47    [1, 6, 7, 19]    28
(relay)    32    28    28449.29    28    28407.17    2    1
(advertise)    21    28449.49    28    28
(relay)    23    20    28454.1    28    28416.68    3    1
(advertise)    21    28470.5    20    28
(relay)    23    22    28509.71    28    28508.49    3    1
(advertise)    21    28509.91    22    28
(relay)    32    29    28516.13    28    28490.82    2    1
(advertise)    21    28533.13    29    28
(relay)    23    26    28552.54    28    28524.49    2    1
(advertise)    21    28555.34    26    28
(relay)    32    30    28563.15    28    28501.0    2    1
(relay)    23    44    28576.75    28    28527.15    2    2
(advertise)    21    28578.55    30    28
(relay)    32    23    28586.76    28    28476.49    2    2
(advertise)    21    28599.96    44    28
(advertise)    21    28621.98    23    28
(relay)    32    43    28633.79    28    28520.64    2    1
(advertise)    21    28644.99    43    28
(heartbeat)    31    7    28674.28    21    28679.4    3    9
(advertise)    21    28679.6    31    7
(relay)    32    27    28700.82    28    28634.75    2    1
(advertise)    21    28701.22    27    28
(relay)    23    18    28722.23    28    28699.98    3    1
(advertise)    21    28723.43    18    28
(relay)    23    48    28762.64    28    28759.48    1    1
(relay)    0    0    28824.24    28    28823.64    5    1
(advertise)    21    28824.44    0    28
(relay)    23    42    28851.26    28    28830.63    2    1
(advertise)    21    28851.66    42    28
(relay)    32    36    29000.87    28    28998.66    2    1
(advertise)    21    29001.07    36    28
(relay)    33    33    29012.08    30    29011.46    5    1
(advertise)    21    29022.88    33    30
(relay)    23    24    29049.89    29    29039.64    2    1
(advertise)    21    29050.09    24    29
(relay)    23    4    29100.31    29    29095.99    2    1
(advertise)    21    29100.51    4    29
(relay)    32    32    29105.52    29    29104.87    4    1
(relay)    1    1    29108.32    29    29107.73    5    2
(advertise)    21    29122.92    32    29
(advertise)    21    29145.53    1    29
(relay)    32    16    29164.95    29    29102.01    1    1
(relay)    23    10    29165.75    29    29100.62    1    1
(relay)    32    38    29186.55    29    29156.68    2    1
(advertise)    21    29186.75    38    29
(relay)    23    19    29210.36    29    29146.22    2    1
(advertise)    21    29210.56    19    29
(relay)    32    35    29252.17    29    29206.58    1    1
(relay)    32    39    29273.97    29    29253.93    2    1
(advertise)    21    29274.17    39    29
(relay)    32    12    29296.99    29    29251.08    2    1
(advertise)    21    29297.79    12    29
(relay)    32    8    29318.4    29    29306.6    2    1
(advertise)    21    29319.8    8    29
(relay)    32    5    29366.01    29    29350.85    2    1
(advertise)    21    29366.21    5    29
(relay)    23    14    29387.82    29    29370.45    1    1
(relay)    32    37    29388.62    29    29365.21    2    1
(advertise)    21    29389.22    37    29
(relay)    32    40    29412.64    29    29401.03    2    1
(advertise)    21    29413.24    40    29
(generate)    21    29430.65    [1, 6, 7, 19]    29
(relay)    32    28    29432.66    29    29407.31    1    1
(relay)    0    20    29433.26    29    29416.81    2    1
(advertise)    21    29436.26    20    29
(relay)    23    23    29477.08    29    29476.49    4    1
(advertise)    21    29477.28    23    29
(relay)    23    29    29502.09    29    29490.86    1    1
(relay)    1    22    29524.29    29    29508.68    2    1
(advertise)    21    29524.49    22    29
(relay)    23    30    29545.7    29    29501.15    1    1
(relay)    32    43    29546.5    29    29520.72    2    1
(advertise)    21    29547.1    43    29
(relay)    23    26    29566.72    29    29524.59    1    1
(relay)    32    6    29598.72    29    29596.02    2    1
(advertise)    21    29598.92    6    29
(relay)    23    44    29611.53    29    29527.25    2    1
(advertise)    21    29623.73    44    29
(relay)    32    27    29642.74    29    29634.81    2    1
(advertise)    21    29645.34    27    29
(relay)    23    18    29700.95    29    29700.05    3    1
(advertise)    21    29701.15    18    29
(relay)    23    48    29761.17    29    29759.59    3    1
(advertise)    21    29761.37    48    29
(relay)    0    0    29824.38    29    29823.77    5    1
(advertise)    21    29824.58    0    29
(relay)    23    42    29850.99    29    29830.7    2    1
(advertise)    21    29851.19    42    29
