(relay)    34    47    39.8    1    15    124    1
(advertise)    3    40.0    47    1
(relay)    34    33    63.61    1    7    120    1
(advertise)    3    64.41    33    1
(relay)    17    33    1010.23    2    1007.03    121    1
(advertise)    3    1010.43    33    2
(relay)    17    47    1032.64    2    1015.04    125    1
(advertise)    3    1033.04    47    2
(relay)    17    9    1057.25    1    1055.05    126    1
(advertise)    3    1058.25    9    1
(relay)    17    24    1084.07    1    1035.85    124    1
(advertise)    3    1084.27    24    1
(relay)    17    4    1106.88    1    1093.08    125    1
(advertise)    3    1107.08    4    1
(relay)    17    16    1129.29    1    1099.08    124    1
(advertise)    3    1130.69    16    1
(relay)    17    19    1151.3    1    1142.1    125    1
(advertise)    3    1151.9    19    1
(relay)    17    10    1172.32    1    1098.08    123    1
(advertise)    3    1174.12    10    1
(relay)    17    32    1193.73    1    1102.08    121    1
(advertise)    3    1196.33    32    1
(relay)    17    1    1215.14    1    1105.07    121    1
(advertise)    3    1217.74    1    1
(relay)    17    45    1237.56    1    1155.12    124    1
(advertise)    3    1240.96    45    1
(relay)    17    12    1261.77    1    1247.17    125    1
(advertise)    3    1261.97    12    1
(relay)    34    38    1284.78    1    1154.1    123    1
(advertise)    3    1286.18    38    1
(relay)    34    35    1309.4    1    1203.13    123    1
(advertise)    3    1310.4    35    1
(relay)    17    46    1333.61    1    1318.01    125    1
(advertise)    3    1334.41    46    1
(relay)    34    34    1347.02    1    1346.02    127    1
(advertise)    3    1355.62    34    1
(relay)    7    39    1376.63    1    1252.16    122    1
(relay)    15    41    1377.83    1    1354.02    125    2
(advertise)    3    1379.23    39    1
(advertise)    3    1401.65    41    1
(relay)    17    14    1424.06    1    1367.03    125    1
(advertise)    3    1425.46    14    1
(relay)    17    20    1446.07    1    1413.06    123    1
(advertise)    3    1446.87    20    1
(relay)    17    5    1467.49    1    1347.02    120    1
(relay)    34    28    1468.89    1    1403.06    124    2
(advertise)    3    1470.69    5    1
(advertise)    3    1493.1    28    1
(relay)    17    37    1511.31    1    1361.02    119    1
(advertise)    3    1515.51    37    1
(relay)    17    21    1533.33    1    1425.07    120    1
(relay)    34    40    1534.33    1    1399.05    123    2
(advertise)    3    1537.33    21    1
(generate)    3    1559.14    [1, 6, 7, 19]    1
(advertise)    3    1561.15    40    1
(relay)    7    7    1570.76    1    1570.15    127    1
(relay)    34    43    1579.16    1    1517.13    125    2
(advertise)    3    1583.96    7    1
(relay)    17    44    1600.38    1    1520.33    125    2
(advertise)    3    1606.58    43    1
(advertise)    3    1628.59    44    1
(relay)    7    30    1650.2    1    1497.11    121    1
(advertise)    3    1650.8    30    1
(relay)    17    23    1665.02    1    1473.1    122    1
(relay)    34    29    1669.22    1    1488.1    123    2
(advertise)    3    1674.02    23    1
(relay)    25    25    1687.63    1    1687.02    127    2
(relay)    17    17    1693.03    1    1692.03    127    3
(advertise)    3    1695.03    29    1
(relay)    17    26    1709.04    1    1520.13    123    3
(advertise)    3    1716.64    25    1
(advertise)    3    1738.06    17    1
(advertise)    3    1762.27    26    1
(relay)    17    6    1776.88    1    1594.16    121    1
(advertise)    3    1785.28    6    1
(relay)    15    13    1825.89    1    1822.09    126    1
(advertise)    3    1826.09    13    1
(relay)    34    2    1828.51    1    1805.07    125    1
(advertise)    3    1848.31    2    1
(relay)    15    15    1859.72    1    1859.12    127    1
(relay)    17    27    1869.12    1    1633.19    119    2
(advertise)    3    1869.52    15    1
(relay)    34    22    1872.93    1    1505.11    119    2
(advertise)    3    1891.73    27    1
(advertise)    3    1913.75    22    1
(relay)    17    42    1935.56    1    1828.11    125    1
(advertise)    3    1936.16    42    1
(relay)    17    18    1981.77    1    1697.03    118    1
(advertise)    3    1981.97    18    1
(relay)    34    0    1983.19    1    1819.11    121    1
(advertise)    3    2005.19    0    1
(relay)    15    47    2015.8    3    2015.2    125    1
(advertise)    3    2029.2    47    3
(relay)    34    36    2038.81    1    1995.19    123    1
(advertise)    3    2050.21    36    1
(relay)    15    9    2063.02    2    2055.22    126    1
(advertise)    3    2073.22    9    2
(relay)    34    10    2110.24    2    2098.26    121    1
(advertise)    3    2110.44    10    2
(relay)    34    32    2134.25    2    2102.28    121    1
(advertise)    3    2134.85    32    2
(relay)    34    1    2156.86    2    2105.25    120    1
(advertise)    3    2157.66    1    2
(relay)    17    4    2159.68    2    2093.25    125    1
(relay)    34    45    2178.48    2    2155.88    126    2
(advertise)    3    2180.28    4    2
(advertise)    3    2203.69    45    2
(relay)    34    38    2224.1    2    2155.29    123    1
(advertise)    3    2226.1    38    2
(relay)    34    35    2245.92    2    2203.32    122    1
(advertise)    3    2248.32    35    2
(relay)    34    39    2289.33    2    2252.34    123    1
(advertise)    3    2289.53    39    2
(relay)    17    12    2319.74    2    2247.34    124    1
(advertise)    3    2319.94    12    2
(relay)    17    46    2341.75    2    2318.15    124    1
(advertise)    3    2341.95    46    2
(relay)    34    34    2347.17    2    2346.17    127    1
(advertise)    3    2364.77    34    2
(relay)    7    41    2386.58    2    2354.14    125    1
(advertise)    3    2387.38    41    2
(relay)    15    8    2409.79    2    2302.38    122    1
(advertise)    3    2410.39    8    2
(relay)    7    5    2431.21    2    2347.21    123    1
(relay)    17    11    2431.61    2    2402.23    126    2
(advertise)    3    2434.81    5    2
(relay)    17    14    2453.82    2    2367.22    125    2
(advertise)    3    2457.62    11    2
(advertise)    3    2478.83    14    2
(relay)    34    37    2497.64    2    2361.21    123    1
(advertise)    3    2500.04    37    2
(relay)    34    20    2520.26    2    2413.25    122    1
(advertise)    3    2522.86    20    2
(relay)    34    28    2541.27    2    2403.25    124    1
(advertise)    3    2545.07    28    2
(generate)    3    2559.28    [1, 6, 7, 19]    2
(relay)    34    40    2564.7    2    2399.23    123    1
(relay)    7    44    2565.7    2    2520.5    124    2
(advertise)    3    2567.3    40    2
(relay)    7    7    2570.91    2    2570.3    127    2
(advertise)    3    2590.11    44    2
(advertise)    3    2611.92    7    2
(relay)    7    43    2630.14    2    2517.31    123    1
(relay)    17    26    2633.14    2    2520.31    123    2
(advertise)    3    2633.94    43    2
(relay)    34    30    2652.75    2    2497.3    124    2
(advertise)    3    2657.15    26    2
(advertise)    3    2680.16    30    2
(relay)    25    25    2688.17    2    2687.16    127    1
(relay)    17    17    2693.17    2    2692.17    127    2
(relay)    17    22    2699.97    2    2505.3    122    3
(advertise)    3    2701.37    25    2
(advertise)    3    2723.79    17    2
(relay)    17    21    2743.6    2    2425.27    121    2
(advertise)    3    2746.6    22    2
(advertise)    3    2768.81    21    2
(relay)    17    29    2790.23    2    2488.3    121    1
(advertise)    3    2793.23    29    2
(relay)    34    23    2806.44    2    2473.3    121    1
(advertise)    3    2815.24    23    2
(relay)    7    13    2834.85    2    2822.24    126    1
(advertise)    3    2839.45    13    2
(relay)    15    15    2859.87    2    2859.27    127    1
(relay)    7    2    2860.27    2    2805.21    124    2
(advertise)    3    2862.87    15    2
(relay)    34    27    2872.48    2    2633.37    121    2
(advertise)    3    2886.48    2    2
(advertise)    3    2909.69    27    2
(relay)    17    48    2949.7    2    2756.25    124    1
(advertise)    3    2949.9    48    2
(relay)    34    0    3000.32    2    2819.29    120    1
(advertise)    3    3000.52    0    2
(relay)    15    47    3024.53    4    3015.34    125    1
(advertise)    3    3024.73    47    4
(relay)    17    6    3046.74    2    2594.35    118    1
(relay)    34    36    3047.34    2    2995.38    123    2
(advertise)    3    3048.34    6    2
(advertise)    3    3070.76    36    2
(relay)    34    42    3088.97    2    2828.28    117    1
(relay)    15    9    3090.77    3    3055.36    126    2
(advertise)    3    3093.17    42    2
(advertise)    3    3116.78    9    3
(relay)    34    24    3135.2    3    3036.22    119    1
(relay)    17    33    3137.2    4    3007.41    120    2
(advertise)    3    3138.4    24    3
(relay)    34    45    3158.41    3    3156.03    126    2
(advertise)    3    3162.01    33    4
(advertise)    3    3183.62    45    3
(relay)    34    32    3201.03    3    3102.46    122    1
(relay)    17    4    3202.63    3    3093.45    125    2
(advertise)    3    3205.83    32    3
(relay)    34    10    3223.85    3    3098.45    121    2
(advertise)    3    3230.05    4    3
(relay)    17    19    3246.46    3    3142.47    125    2
(advertise)    3    3252.26    10    3
(advertise)    3    3274.27    19    3
(relay)    34    16    3287.49    3    3099.45    118    1
(advertise)    3    3297.29    16    3
(relay)    34    35    3309.5    3    3203.5    123    1
(relay)    17    38    3310.7    3    3155.46    121    2
(advertise)    3    3318.5    35    3
(advertise)    3    3340.51    38    3
(relay)    34    34    3346.33    3    3346.33    127    1
(relay)    34    1    3352.33    3    3105.45    120    2
(relay)    17    12    3355.33    3    3247.53    125    3
(advertise)    3    3361.53    34    3
(advertise)    3    3384.74    1    3
(relay)    34    46    3397.75    3    3318.33    125    2
(advertise)    3    3406.75    12    3
(relay)    34    39    3420.76    3    3252.53    123    2
(relay)    15    41    3427.16    3    3354.3    125    3
(advertise)    3    3428.96    46    3
(relay)    17    11    3443.58    3    3402.43    126    3
(advertise)    3    3451.98    39    3
(advertise)    3    3474.59    41    3
(relay)    17    14    3487.2    3    3367.42    125    2
(relay)    34    5    3487.8    3    3347.39    124    3
(advertise)    3    3496.0    11    3
(advertise)    3    3519.22    14    3
(advertise)    3    3540.23    5    3
(generate)    3    3559.44    [1, 6, 7, 19]    3
(relay)    15    37    3561.06    3    3361.39    121    1
(advertise)    3    3563.26    37    3
(relay)    7    7    3571.07    3    3570.46    127    1
(relay)    17    20    3576.27    3    3413.44    123    2
(advertise)    3    3586.07    7    3
(relay)    34    43    3607.28    3    3517.49    125    2
(advertise)    3    3607.68    20    3
(relay)    7    8    3609.09    3    3302.56    120    2
(advertise)    3    3630.49    43    3
(relay)    17    21    3641.11    3    3425.46    121    2
(relay)    7    28    3651.71    3    3403.43    122    3
(advertise)    3    3651.91    8    3
(advertise)    3    3674.92    21    3
(relay)    25    25    3688.33    3    3687.32    127    2
(relay)    17    17    3693.33    3    3692.35    127    3
(advertise)    3    3697.53    28    3
(relay)    34    30    3712.95    3    3497.48    124    3
(relay)    7    40    3716.75    3    3399.4    120    4
(advertise)    3    3718.55    25    3
(relay)    17    26    3728.36    3    3520.51    124    4
(advertise)    3    3741.76    17    3
(relay)    17    22    3751.37    3    3505.49    123    4
(advertise)    3    3763.37    30    3
(relay)    34    29    3777.99    3    3488.49    123    4
(advertise)    3    3785.39    40    3
(advertise)    3    3809.8    26    3
(relay)    17    44    3816.21    3    3520.68    123    3
(advertise)    3    3833.61    22    3
(advertise)    3    3855.82    29    3
(relay)    17    23    3859.44    3    3473.49    122    2
(relay)    15    15    3860.44    3    3859.41    127    3
(relay)    34    6    3867.24    3    3594.53    124    4
(advertise)    3    3877.84    44    3
(relay)    15    13    3885.45    3    3822.41    126    4
(advertise)    3    3899.05    23    3
(advertise)    3    3923.66    15    3
(relay)    34    2    3933.48    3    3805.39    125    3
(advertise)    3    3945.08    6    3
(advertise)    3    3968.49    13    3
(relay)    17    48    3989.1    3    3756.45    124    2
(advertise)    3    3990.1    2    3
(relay)    15    42    3992.92    3    3828.46    124    2
(relay)    34    27    3999.72    3    3633.56    122    3
(advertise)    3    4011.52    48    3
(advertise)    3    4033.13    42    3
(advertise)    3    4054.14    27    3
(relay)    15    18    4059.55    3    3697.41    122    1
(advertise)    3    4075.35    18    3
(relay)    17    0    4078.37    3    3819.49    120    1
(relay)    15    47    4080.57    5    4015.53    125    2
(advertise)    3    4098.97    0    3
(advertise)    3    4121.58    47    5
(relay)    17    24    4124.39    4    4036.42    123    1
(relay)    34    36    4129.79    3    3995.57    123    2
(advertise)    3    4145.79    24    4
(advertise)    3    4168.01    36    3
(relay)    15    4    4170.62    4    4093.65    124    1
(relay)    34    33    4173.82    5    4007.61    121    2
(advertise)    3    4189.02    4    4
(relay)    17    16    4191.43    4    4099.65    124    2
(relay)    34    45    4195.43    4    4156.23    126    3
(advertise)    3    4212.43    33    5
(advertise)    3    4235.05    16    4
(relay)    34    9    4240.46    4    4055.54    123    2
(advertise)    3    4256.46    45    4
(relay)    17    19    4258.87    4    4142.68    125    2
(advertise)    3    4278.47    9    4
(relay)    34    38    4285.08    4    4155.66    123    2
(advertise)    3    4302.28    19    4
(relay)    34    32    4307.9    4    4102.66    122    2
(advertise)    3    4323.7    38    4
(advertise)    3    4345.11    32    4
(relay)    34    34    4346.52    4    4346.52    127    1
(relay)    34    35    4353.52    4    4203.7    123    2
(advertise)    3    4366.12    34    4
(relay)    15    46    4370.94    4    4318.52    125    2
(advertise)    3    4387.54    35    4
(relay)    34    1    4400.75    4    4105.65    120    2
(advertise)    3    4410.35    46    4
(relay)    15    41    4415.76    4    4354.5    125    2
(advertise)    3    4433.16    1    4
(relay)    34    39    4442.98    4    4252.71    123    2
(advertise)    3    4455.58    41    4
(relay)    17    11    4460.79    4    4402.63    126    2
(relay)    34    5    4466.79    4    4347.59    124    3
(advertise)    3    4478.59    39    4
(advertise)    3    4500.4    11    4
(relay)    17    14    4505.61    4    4367.61    125    2
(relay)    34    10    4513.01    4    4098.65    120    3
(advertise)    3    4522.61    5    4
(advertise)    3    4544.63    14    4
(relay)    17    8    4549.84    4    4302.76    123    2
(relay)    34    28    4557.64    4    4404.03    124    3
(generate)    3    4559.64    [1, 6, 7, 19]    4
(advertise)    3    4566.45    10    4
(relay)    7    7    4571.27    4    4570.65    127    3
(advertise)    3    4589.27    8    4
(relay)    34    43    4601.48    4    4517.69    125    3
(advertise)    3    4611.48    28    4
(advertise)    3    4634.09    7    4
(advertise)    3    4657.51    43    4
(relay)    7    20    4664.32    4    4413.64    123    1
(relay)    34    37    4666.72    4    4361.59    123    2
(heartbeat)    31    1    4674.2    3    4675.12    127    0
(advertise)    3    4678.52    20    4
(relay)    17    17    4693.53    4    4692.54    127    3
(advertise)    3    4701.13    37    4
(relay)    17    44    4703.14    4    4521.89    125    3
(relay)    34    30    4711.14    4    4497.68    124    4
(advertise)    3    4723.94    31    1
(relay)    7    40    4730.76    4    4399.41    121    4
(advertise)    3    4746.96    17    4
(relay)    17    22    4767.97    4    4505.51    123    4
(advertise)    3    4771.17    44    4
(advertise)    3    4794.38    30    4
(relay)    34    29    4800.8    4    4488.69    123    3
(advertise)    3    4816.6    40    4
(relay)    25    26    4822.21    4    4520.71    123    3
(advertise)    3    4838.61    22    4
(relay)    34    6    4844.22    4    4594.73    124    3
(relay)    17    23    4857.02    4    4473.69    122    4
(advertise)    3    4859.62    29    4
(advertise)    3    4880.64    26    4
(relay)    34    21    4887.65    4    4425.65    121    3
(relay)    17    13    4901.65    4    4822.61    4    4
(advertise)    3    4903.85    6    4
(relay)    34    12    4909.26    4    4247.94    117    4
(advertise)    3    4926.26    23    4
(advertise)    3    4949.67    21    4
(advertise)    3    4971.49    13    4
(relay)    17    18    4992.1    4    4697.61    123    2
(advertise)    3    4994.3    12    4
(relay)    34    2    5000.31    4    4805.57    124    2
(relay)    7    15    5002.11    4    4859.61    2    3
(advertise)    3    5015.91    18    4
(relay)    17    48    5036.93    4    4756.65    124    3
(advertise)    3    5037.73    2    4
(relay)    17    42    5057.14    4    4828.66    124    3
(advertise)    3    5061.74    15    4
(relay)    15    47    5081.35    6    5015.73    3    3
(advertise)    3    5083.55    48    4
(relay)    15    9    5104.77    5    5055.74    4    3
(advertise)    3    5105.97    42    4
(advertise)    3    5128.18    47    6
(relay)    17    0    5143.99    4    4820.09    119    2
(advertise)    3    5151.39    9    5
(relay)    17    24    5165.6    5    5036.6    2    2
(advertise)    3    5172.8    0    4
(relay)    34    45    5175.62    5    5156.42    3    2
(relay)    17    4    5188.42    5    5093.84    5    3
(advertise)    3    5193.82    24    5
(advertise)    3    5215.83    45    5
(relay)    17    16    5234.44    5    5099.84    3    2
(advertise)    3    5236.84    4    5
(relay)    17    19    5255.46    5    5142.88    4    2
(advertise)    3    5259.46    16    5
(relay)    17    12    5277.27    5    5248.13    4    2
(advertise)    3    5282.47    19    5
(advertise)    3    5306.08    12    5
(relay)    34    34    5346.9    5    5346.71    3    1
(advertise)    3    5347.1    34    5
(relay)    15    41    5369.91    5    5354.67    4    1
(advertise)    3    5370.11    41    5
(relay)    17    14    5391.92    5    5367.79    4    1
(advertise)    3    5392.72    14    5
(relay)    17    11    5413.73    5    5402.81    4    1
(advertise)    3    5414.93    11    5
(relay)    17    20    5442.75    5    5413.79    1    1
(relay)    34    28    5460.35    5    5404.2    1    1
(relay)    34    43    5519.55    5    5517.84    3    1
(advertise)    3    5519.75    43    5
(relay)    34    30    5544.56    5    5497.88    1    1
(relay)    17    44    5554.16    5    5522.03    4    1
(advertise)    3    5554.36    44    5
(generate)    3    5559.77    [1, 6, 7, 19]    5
(relay)    7    7    5571.79    5    5570.79    4    1
(advertise)    3    5575.39    7    5
(relay)    17    26    5618.4    5    5520.86    2    1
(advertise)    3    5618.6    26    5
(relay)    34    6    5631.01    5    5594.83    2    1
(advertise)    3    5639.61    6    5
(relay)    25    25    5687.83    5    5687.63    3    1
(advertise)    3    5688.03    25    5
(relay)    17    17    5692.84    5    5692.66    4    1
(advertise)    3    5710.04    17    5
(relay)    17    18    5736.05    5    5697.69    1    1
(relay)    17    48    5761.25    5    5756.7    2    1
(advertise)    3    5761.45    48    5
(relay)    34    2    5806.26    5    5805.59    3    1
(advertise)    3    5806.46    2    5
(relay)    7    13    5828.08    5    5822.68    4    1
(advertise)    3    5828.48    13    5
(relay)    17    42    5852.89    5    5828.7    4    1
(advertise)    3    5853.09    42    5
(relay)    15    15    5860.7    5    5859.68    4    1
(advertise)    3    5874.9    15    5
(relay)    15    47    6018.92    7    6015.88    3    1
(advertise)    3    6019.12    47    7
(relay)    15    9    6056.33    6    6055.9    4    1
(advertise)    3    6056.53    9    6
(relay)    17    24    6080.94    6    6036.77    1    1
(relay)    17    4    6104.14    6    6093.99    5    1
(advertise)    3    6104.34    4    6
(relay)    17    16    6128.56    6    6099.98    3    1
(advertise)    3    6128.76    16    6
(relay)    17    19    6150.17    6    6142.9    4    1
(advertise)    3    6150.57    19    6
(relay)    17    45    6176.58    6    6156.58    1    1
(relay)    17    12    6248.98    6    6248.27    4    1
(advertise)    3    6249.18    12    6
(relay)    15    46    6320.39    6    6318.81    3    1
(advertise)    3    6320.59    46    6
(relay)    34    34    6347.01    6    6346.86    3    1
(advertise)    3    6347.41    34    6
(relay)    34    41    6371.02    6    6354.68    3    1
(advertise)    3    6371.42    41    6
(relay)    17    14    6394.63    6    6367.91    4    1
(advertise)    3    6395.43    14    6
(relay)    17    11    6416.85    6    6402.98    4    1
(advertise)    3    6417.85    11    6
(relay)    17    20    6441.46    6    6413.91    2    1
(advertise)    3    6441.86    20    6
(relay)    34    40    6488.07    6    6399.58    1    1
(relay)    34    30    6509.07    6    6498.02    1    1
(relay)    17    26    6522.27    6    6520.98    2    1
(advertise)    3    6522.47    26    6
(relay)    34    43    6553.49    6    6517.95    3    1
(advertise)    3    6553.69    43    6
(generate)    3    6560.1    [1, 6, 7, 19]    6
(relay)    7    7    6571.91    6    6570.91    4    1
(advertise)    3    6575.11    7    6
(relay)    34    6    6618.72    6    6594.89    2    1
(advertise)    3    6618.92    6    6
(relay)    25    25    6687.74    6    6687.72    3    1
(advertise)    3    6687.94    25    6
(relay)    17    17    6692.95    6    6692.79    4    1
(advertise)    3    6709.55    17    6
(relay)    17    18    6736.76    6    6697.79    1    1
(relay)    17    48    6761.56    6    6756.82    2    1
(advertise)    3    6761.76    48    6
(relay)    34    2    6807.18    6    6805.62    3    1
(advertise)    3    6807.38    2    6
(relay)    7    13    6829.19    6    6822.8    4    1
(advertise)    3    6830.19    13    6
(relay)    15    15    6860.8    6    6859.76    4    1
(advertise)    3    6861.0    15    6
(relay)    17    47    7018.62    8    7015.96    3    1
(advertise)    3    7018.82    47    8
(relay)    15    9    7056.43    7    7056.0    4    1
(advertise)    3    7056.63    9    7
(relay)    17    4    7096.04    7    7094.09    5    1
(advertise)    3    7096.24    4    7
(relay)    17    16    7119.25    7    7100.05    3    1
(advertise)    3    7120.45    16    7
(relay)    17    19    7144.67    7    7143.05    4    1
(advertise)    3    7144.87    19    7
(relay)    34    45    7167.28    7    7156.72    3    1
(advertise)    3    7167.88    45    7
(relay)    34    38    7189.69    7    7155.91    1    1
(relay)    17    12    7249.09    7    7248.4    4    1
(advertise)    3    7249.29    12    7
(relay)    7    46    7321.31    7    7318.89    3    1
(advertise)    3    7321.51    46    7
(relay)    34    34    7347.52    7    7347.02    3    1
(advertise)    3    7347.72    34    7
(relay)    17    41    7371.33    7    7354.69    4    1
(advertise)    3    7372.13    41    7
(relay)    17    11    7404.55    7    7403.11    4    1
(advertise)    3    7404.75    11    7
(relay)    34    28    7440.36    7    7404.44    1    1
(relay)    34    30    7500.76    7    7498.14    1    1
(relay)    34    43    7523.16    7    7518.06    3    1
(advertise)    3    7523.36    43    7
(relay)    17    44    7545.97    7    7523.4    3    1
(advertise)    3    7546.57    44    7
(generate)    3    7560.18    [1, 6, 7, 19]    7
(relay)    17    26    7569.0    7    7521.1    2    1
(advertise)    3    7570.2    26    7
(relay)    25    7    7612.81    7    7570.98    3    1
(advertise)    3    7613.01    7    7
(relay)    34    6    7617.02    7    7594.95    2    1
(advertise)    3    7635.02    6    7
(relay)    25    25    7687.84    7    7687.82    3    1
(advertise)    3    7688.04    25    7
(relay)    17    17    7693.05    7    7692.89    4    1
(advertise)    3    7711.45    17    7
(relay)    17    18    7734.66    7    7697.89    1    1
(relay)    17    48    7762.06    7    7756.91    2    1
(advertise)    3    7762.26    48    7
(relay)    34    2    7807.08    7    7805.64    3    1
(advertise)    3    7807.28    2    7
(relay)    15    13    7824.49    7    7822.9    4    1
(advertise)    3    7829.29    13    7
(relay)    17    42    7854.7    7    7828.86    3    1
(advertise)    3    7854.9    42    7
(relay)    15    15    7859.91    7    7859.85    4    1
(advertise)    3    7878.51    15    7
(relay)    17    47    8019.33    9    8016.06    3    1
(advertise)    3    8019.53    47    9
(relay)    7    9    8056.34    8    8056.1    4    1
(advertise)    3    8056.54    9    8
(relay)    17    4    8096.15    8    8094.17    5    1
(advertise)    3    8096.35    4    8
(relay)    17    16    8120.17    8    8100.14    3    1
(advertise)    3    8120.77    16    8
(relay)    17    19    8144.58    8    8143.16    4    1
(advertise)    3    8144.98    19    8
(relay)    34    45    8167.39    8    8156.86    3    1
(advertise)    3    8167.79    45    8
(relay)    34    38    8190.81    8    8155.93    1    1
(relay)    17    12    8249.61    8    8248.51    4    1
(advertise)    3    8249.81    12    8
(relay)    34    39    8275.22    8    8252.96    1    1
(relay)    15    46    8319.62    8    8318.99    3    1
(advertise)    3    8319.82    46    8
(relay)    34    34    8347.63    8    8347.17    3    1
(advertise)    3    8347.83    34    8
(relay)    17    14    8372.24    8    8368.12    4    1
(relay)    7    41    8372.64    8    8354.72    4    2
(advertise)    3    8373.04    14    8
(advertise)    3    8395.26    41    8
(relay)    17    11    8414.67    8    8403.25    4    1
(advertise)    3    8417.27    11    8
(relay)    34    40    8439.48    8    8399.65    1    1
(relay)    17    20    8439.88    8    8414.12    2    1
(advertise)    3    8440.28    20    8
(relay)    34    28    8465.9    8    8404.57    1    1
(relay)    34    30    8512.1    8    8498.29    1    1
(relay)    17    44    8533.5    8    8523.47    4    1
(advertise)    3    8533.7    44    8
(relay)    17    26    8555.91    8    8521.21    1    1
(generate)    3    8560.31    [1, 6, 7, 19]    8
(relay)    7    7    8572.12    8    8571.08    4    1
(advertise)    3    8572.32    7    8
(relay)    34    6    8623.94    8    8595.02    2    1
(advertise)    3    8624.14    6    8
(heartbeat)    31    2    8674.21    3    8674.35    1    1
(advertise)    3    8674.55    31    2
(relay)    25    25    8687.96    8    8687.95    3    1
(relay)    17    17    8693.16    8    8693.03    4    2
(advertise)    3    8695.76    25    8
(advertise)    3    8718.77    17    8
(relay)    17    18    8724.99    8    8698.0    1    1
(relay)    17    48    8767.59    8    8757.03    2    1
(advertise)    3    8767.79    48    8
(relay)    34    2    8808.0    8    8805.71    3    1
(advertise)    3    8808.2    2    8
(relay)    15    13    8830.21    8    8823.0    4    1
(advertise)    3    8830.81    13    8
(relay)    17    42    8854.03    8    8828.95    4    1
(advertise)    3    8855.43    42    8
(relay)    15    15    8860.04    8    8859.97    4    1
(advertise)    3    8877.84    15    8
(relay)    17    47    9019.85    10    9016.17    3    1
(advertise)    3    9020.05    47    10
(relay)    7    9    9056.47    9    9056.2    4    1
(advertise)    3    9056.67    9    9
(relay)    17    4    9097.08    9    9094.25    5    1
(advertise)    3    9097.28    4    9
(relay)    25    16    9119.49    9    9100.23    2    1
(advertise)    3    9119.69    16    9
(relay)    17    19    9144.3    9    9143.31    4    1
(advertise)    3    9144.7    19    9
(relay)    34    45    9168.32    9    9157.03    3    1
(advertise)    3    9168.52    45    9
(relay)    17    12    9250.13    9    9248.66    4    1
(advertise)    3    9250.33    12    9
(relay)    34    39    9276.94    9    9252.99    1    1
(relay)    34    34    9347.94    9    9347.34    3    1
(advertise)    3    9348.14    34    9
(relay)    17    41    9370.16    9    9354.75    4    1
(advertise)    3    9371.96    41    9
(relay)    17    11    9403.77    9    9403.4    4    1
(advertise)    3    9403.97    11    9
(relay)    17    20    9427.38    9    9414.23    2    1
(advertise)    3    9427.58    20    9
(relay)    34    40    9449.6    9    9399.7    1    1
(relay)    34    28    9470.6    9    9404.75    1    1
(relay)    34    30    9499.4    9    9498.48    1    1
(relay)    17    43    9522.8    9    9518.33    1    1
(relay)    17    44    9547.0    9    9523.54    4    1
(advertise)    3    9547.2    44    9
(generate)    3    9560.41    [1, 6, 7, 19]    9
(relay)    7    7    9571.22    9    9571.21    4    1
(advertise)    3    9572.22    7    9
(relay)    7    26    9590.83    9    9521.34    1    1
(relay)    34    6    9635.44    9    9595.07    2    1
(advertise)    3    9635.64    6    9
(relay)    25    25    9688.05    9    9688.04    3    1
(advertise)    3    9688.25    25    9
(relay)    17    17    9693.66    9    9693.18    4    1
(advertise)    3    9710.86    17    9
(relay)    17    18    9734.07    9    9698.1    1    1
(relay)    17    48    9759.47    9    9757.15    2    1
(advertise)    3    9759.67    48    9
(relay)    34    2    9807.69    9    9805.76    3    1
(advertise)    3    9807.89    2    9
(relay)    15    13    9833.5    9    9823.11    4    1
(advertise)    3    9833.7    13    9
(relay)    15    15    9860.11    9    9860.09    4    1
(advertise)    3    9860.31    15    9
(relay)    15    47    10018.93    11    10016.26    3    1
(advertise)    3    10019.13    47    11
(relay)    17    24    10044.34    10    10037.28    1    1
(relay)    7    9    10057.14    10    10056.27    4    1
(advertise)    3    10057.34    9    10
(relay)    17    4    10097.95    10    10094.34    5    1
(advertise)    3    10098.15    4    10
(relay)    17    16    10122.17    10    10100.33    3    1
(advertise)    3    10123.37    16    10
(relay)    17    19    10145.58    10    10143.46    4    1
(advertise)    3    10145.78    19    10
(relay)    34    45    10168.99    10    10157.2    3    1
(advertise)    3    10169.39    45    10
(relay)    17    12    10250.6    10    10248.76    4    1
(advertise)    3    10250.8    12    10
(relay)    34    39    10279.42    10    10253.01    1    1
(relay)    15    46    10320.22    10    10319.2    3    1
(advertise)    3    10320.42    46    10
(relay)    34    34    10348.03    10    10347.5    3    1
(advertise)    3    10348.23    34    10
(relay)    17    14    10372.84    10    10368.37    4    1
(advertise)    3    10373.24    14    10
(relay)    15    41    10376.06    10    10354.95    4    1
(advertise)    3    10396.26    41    10
(relay)    17    11    10415.07    10    10403.56    4    1
(advertise)    3    10420.67    11    10
(relay)    17    20    10439.88    10    10414.35    1    1
(relay)    34    28    10462.68    10    10404.88    1    1
(relay)    34    43    10528.48    10    10518.45    3    1
(advertise)    3    10528.68    43    10
(relay)    17    44    10550.9    10    10523.64    4    1
(advertise)    3    10552.9    44    10
(generate)    3    10560.51    [1, 6, 7, 19]    10
(relay)    7    7    10571.32    10    10571.3    4    1
(advertise)    3    10573.92    7    10
(relay)    17    26    10594.53    10    10521.48    2    1
(advertise)    3    10595.73    26    10
(relay)    25    25    10688.75    10    10688.13    3    1
(advertise)    3    10688.95    25    10
(relay)    17    17    10693.96    10    10693.32    4    1
(advertise)    3    10710.36    17    10
(relay)    17    18    10736.37    10    10698.2    1    1
(relay)    17    48    10760.37    10    10757.26    2    1
(advertise)    3    10760.57    48    10
(relay)    34    2    10808.59    10    10805.8    3    1
(advertise)    3    10808.79    2    10
(relay)    7    13    10830.0    10    10823.2    4    1
(advertise)    3    10831.0    13    10
(relay)    17    42    10852.41    10    10829.11    4    1
(advertise)    3    10853.21    42    10
(relay)    15    15    10860.23    10    10860.19    4    1
(advertise)    3    10874.83    15    10
(relay)    15    47    11018.04    12    11016.35    3    1
(advertise)    3    11018.24    47    12
(relay)    17    24    11043.25    11    11037.41    2    1
(advertise)    3    11043.45    24    11
(relay)    17    9    11065.46    11    11056.39    4    1
(advertise)    3    11066.26    9    11
(relay)    17    4    11097.88    11    11094.43    5    1
(advertise)    3    11098.08    4    11
(relay)    17    16    11119.69    11    11100.43    3    1
(advertise)    3    11120.09    16    11
(relay)    17    19    11145.3    11    11143.62    4    1
(advertise)    3    11145.5    19    11
(relay)    34    45    11168.92    11    11157.39    3    1
(advertise)    3    11169.32    45    11
(relay)    17    12    11251.13    11    11248.89    4    1
(advertise)    3    11251.33    12    11
(relay)    34    39    11278.94    11    11253.04    1    1
(relay)    34    46    11320.94    11    11319.3    3    1
(advertise)    3    11321.14    46    11
(relay)    34    34    11348.76    11    11347.65    3    1
(advertise)    3    11348.96    34    11
(relay)    7    41    11372.57    11    11355.14    4    1
(advertise)    3    11372.97    41    11
(relay)    17    14    11395.18    11    11368.45    4    1
(advertise)    3    11395.98    14    11
(relay)    17    11    11416.99    11    11403.73    4    1
(advertise)    3    11418.99    11    11
(relay)    17    20    11446.21    11    11414.46    2    1
(advertise)    3    11446.81    20    11
(relay)    34    40    11468.82    11    11399.91    1    1
(relay)    34    28    11489.82    11    11405.0    1    1
(relay)    34    30    11512.22    11    11498.75    1    1
(relay)    17    26    11525.02    11    11521.59    2    1
(advertise)    3    11525.22    26    11
(relay)    7    43    11549.03    11    11518.63    1    1
(generate)    3    11560.63    [1, 6, 7, 19]    11
(relay)    7    7    11571.45    11    11571.45    4    1
(advertise)    3    11571.65    7    11
(relay)    34    6    11624.26    11    11595.15    2    1
(advertise)    3    11624.46    6    11
(relay)    25    25    11688.87    11    11688.26    3    1
(advertise)    3    11689.07    25    11
(relay)    17    17    11694.09    11    11693.47    4    1
(advertise)    3    11711.49    17    11
(relay)    17    48    11758.1    11    11757.36    2    1
(advertise)    3    11758.3    48    11
(relay)    34    2    11809.31    11    11805.84    3    1
(advertise)    3    11809.51    2    11
(relay)    34    13    11831.12    11    11823.31    2    1
(advertise)    3    11831.92    13    11
(relay)    15    15    11860.94    11    11860.31    4    1
(advertise)    3    11861.14    15    11
(relay)    34    47    12016.95    13    12016.45    3    1
(advertise)    3    12017.15    47    13
(relay)    17    24    12039.76    12    12037.53    1    1
(relay)    7    9    12057.76    12    12056.47    4    1
(advertise)    3    12057.96    9    12
(relay)    17    4    12096.98    12    12094.47    5    1
(advertise)    3    12097.18    4    12
(relay)    17    16    12118.59    12    12100.51    3    1
(advertise)    3    12119.79    16    12
(relay)    17    19    12146.0    12    12143.74    4    1
(advertise)    3    12146.2    19    12
(relay)    34    45    12168.42    12    12157.53    3    1
(advertise)    3    12169.22    45    12
(relay)    34    38    12190.23    12    12156.02    1    1
(relay)    17    12    12252.03    12    12248.96    4    1
(advertise)    3    12252.23    12    12
(relay)    34    34    12348.84    12    12347.82    3    1
(advertise)    3    12349.04    34    12
(relay)    34    5    12372.25    12    12348.57    1    1
(relay)    15    41    12373.05    12    12355.17    4    1
(advertise)    3    12373.25    41    12
(relay)    34    40    12402.67    12    12399.93    1    1
(relay)    17    11    12404.67    12    12403.83    4    1
(advertise)    3    12404.87    11    12
(relay)    17    20    12430.48    12    12414.57    2    1
(advertise)    3    12430.68    20    12
(relay)    34    28    12447.89    12    12405.02    1    1
(relay)    34    30    12501.49    12    12498.75    1    1
(relay)    34    43    12526.49    12    12518.68    3    1
(advertise)    3    12526.69    43    12
(relay)    17    44    12548.11    12    12524.38    4    1
(advertise)    3    12549.51    44    12
(generate)    3    12560.72    [1, 6, 7, 19]    12
(relay)    17    26    12593.33    12    12521.73    1    1
(relay)    15    7    12596.53    12    12571.52    2    1
(advertise)    3    12596.73    7    12
(heartbeat)    31    3    12674.23    3    12674.75    1    1
(advertise)    3    12674.95    31    3
(relay)    25    25    12688.96    12    12688.35    3    1
(relay)    17    17    12694.56    12    12693.57    4    2
(advertise)    3    12697.16    25    12
(advertise)    3    12718.97    17    12
(relay)    17    48    12759.58    12    12757.49    1    1
(relay)    34    2    12809.38    12    12805.86    3    1
(advertise)    3    12809.58    2    12
(relay)    17    13    12831.0    12    12823.41    4    1
(advertise)    3    12832.4    13    12
(relay)    15    15    12861.01    12    12860.38    4    1
(advertise)    3    12861.21    15    12
(relay)    15    47    13017.82    14    13016.56    3    1
(advertise)    3    13018.02    47    14
(relay)    15    9    13058.84    13    13056.55    4    1
(advertise)    3    13059.04    9    13
(relay)    17    4    13096.25    13    13094.56    5    1
(advertise)    3    13096.45    4    13
(relay)    17    16    13119.26    13    13100.62    3    1
(advertise)    3    13119.66    16    13
(relay)    17    19    13146.48    13    13143.87    4    1
(advertise)    3    13146.68    19    13
(relay)    34    45    13170.09    13    13157.63    3    1
(advertise)    3    13170.29    45    13
(relay)    17    12    13252.5    13    13249.08    4    1
(advertise)    3    13252.7    12    13
(relay)    34    39    13279.91    13    13253.08    1    1
(relay)    34    46    13321.51    13    13319.49    3    1
(advertise)    3    13321.71    46    13
(relay)    34    34    13348.93    13    13347.96    3    1
(advertise)    3    13349.13    34    13
(relay)    34    5    13370.94    13    13348.72    1    1
(relay)    7    41    13371.34    13    13355.17    4    1
(advertise)    3    13371.74    41    13
(relay)    17    14    13393.15    13    13368.67    4    1
(advertise)    3    13395.95    14    13
(relay)    17    11    13414.77    13    13404.01    4    1
(advertise)    3    13417.77    11    13
(relay)    17    20    13439.98    13    13414.71    1    1
(relay)    34    28    13460.78    13    13405.16    1    1
(relay)    34    40    13482.98    13    13399.97    1    1
(relay)    34    43    13522.18    13    13518.83    3    1
(advertise)    3    13522.38    43    13
(relay)    34    30    13542.39    13    13498.91    1    1
(relay)    17    26    13555.59    13    13521.88    2    1
(advertise)    3    13555.79    26    13
(generate)    3    13560.81    [1, 6, 7, 19]    13
(relay)    7    7    13572.22    13    13571.61    4    1
(advertise)    3    13578.22    7    13
(relay)    15    44    13623.63    13    13524.48    3    1
(advertise)    3    13623.83    44    13
(relay)    34    6    13631.24    13    13595.28    2    1
(advertise)    3    13645.44    6    13
(relay)    25    25    13689.46    13    13688.44    3    1
(advertise)    3    13689.66    25    13
(relay)    17    17    13694.67    13    13693.7    4    1
(advertise)    3    13710.67    17    13
(relay)    17    18    13733.68    13    13698.51    1    1
(relay)    17    48    13760.48    13    13757.8    2    1
(advertise)    3    13760.68    48    13
(relay)    34    2    13807.5    13    13805.95    3    1
(advertise)    3    13807.7    2    13
(relay)    15    13    13829.71    13    13823.51    4    1
(advertise)    3    13830.71    13    13
(relay)    17    42    13856.32    13    13829.34    4    1
(advertise)    3    13856.52    42    13
(relay)    15    15    13861.14    13    13860.51    4    1
(advertise)    3    13878.74    15    13
(relay)    17    47    14017.75    15    14016.71    3    1
(advertise)    3    14017.95    47    15
(relay)    15    9    14058.96    14    14056.66    4    1
(advertise)    3    14059.16    9    14
(relay)    17    24    14082.57    14    14037.81    1    1
(relay)    17    4    14105.37    14    14094.66    5    1
(advertise)    3    14105.57    4    14
(relay)    17    16    14128.19    14    14100.72    3    1
(advertise)    3    14128.79    16    14
(relay)    17    19    14151.4    14    14144.0    4    1
(advertise)    3    14152.2    19    14
(relay)    34    45    14174.81    14    14157.8    3    1
(advertise)    3    14176.41    45    14
(relay)    17    12    14252.63    14    14249.23    4    1
(advertise)    3    14252.83    12    14
(relay)    34    39    14277.64    14    14253.12    1    1
(relay)    17    46    14322.04    14    14319.63    3    1
(advertise)    3    14322.24    46    14
(relay)    34    34    14348.25    14    14348.15    3    1
(advertise)    3    14348.45    34    14
(relay)    17    41    14370.87    14    14355.23    4    1
(advertise)    3    14372.27    41    14
(relay)    17    11    14405.88    14    14404.17    4    1
(advertise)    3    14406.08    11    14
(relay)    17    20    14440.69    14    14414.83    1    1
(relay)    34    28    14461.29    14    14405.31    1    1
(relay)    34    43    14522.49    14    14518.99    3    1
(advertise)    3    14522.69    43    14
(relay)    17    44    14553.5    14    14524.57    4    1
(advertise)    3    14553.7    44    14
(generate)    3    14560.92    [1, 6, 7, 19]    14
(relay)    7    7    14572.33    14    14571.72    4    1
(advertise)    3    14575.13    7    14
(relay)    34    6    14620.94    14    14595.31    2    1
(advertise)    3    14621.14    6    14
(relay)    25    25    14689.56    14    14688.54    3    1
(advertise)    3    14689.76    25    14
(relay)    17    17    14694.77    14    14693.84    4    1
(advertise)    3    14711.97    17    14
(relay)    17    18    14736.78    14    14698.61    1    1
(relay)    17    48    14760.98    14    14757.91    2    1
(advertise)    3    14761.18    48    14
(relay)    15    2    14807.0    14    14806.0    2    1
(advertise)    3    14807.2    2    14
(relay)    17    13    14829.41    14    14823.61    4    1
(advertise)    3    14829.61    13    14
(relay)    17    42    14853.22    14    14829.44    4    1
(advertise)    3    14853.82    42    14
(relay)    15    15    14861.63    14    14860.61    4    1
(advertise)    3    14876.43    15    14
(relay)    17    47    15018.45    16    15016.8    3    1
(advertise)    3    15018.65    47    16
(relay)    17    24    15046.86    15    15037.95    1    1
(relay)    15    9    15058.06    15    15056.73    4    1
(advertise)    3    15058.26    9    15
(relay)    17    4    15095.87    15    15094.74    5    1
(advertise)    3    15096.07    4    15
(relay)    17    16    15118.49    15    15100.81    3    1
(advertise)    3    15120.89    16    15
(relay)    17    19    15147.7    15    15144.14    4    1
(advertise)    3    15148.1    19    15
(relay)    34    45    15170.51    15    15157.97    3    1
(advertise)    3    15170.91    45    15
(relay)    34    38    15194.93    15    15156.12    1    1
(relay)    17    12    15250.93    15    15249.36    4    1
(advertise)    3    15251.13    12    15
(relay)    34    39    15275.74    15    15253.16    1    1
(relay)    34    34    15348.34    15    15348.28    3    1
(advertise)    3    15348.54    34    15
(relay)    17    41    15373.55    15    15355.27    4    1
(advertise)    3    15373.75    41    15
(relay)    17    11    15406.16    15    15404.34    4    1
(advertise)    3    15406.36    11    15
(relay)    34    28    15436.98    15    15405.45    1    1
(relay)    34    40    15461.98    15    15400.04    1    1
(relay)    34    30    15503.98    15    15499.23    1    1
(relay)    34    43    15524.98    15    15519.13    3    1
(advertise)    3    15525.18    43    15
(relay)    17    44    15549.19    15    15524.65    4    1
(advertise)    3    15549.39    44    15
(generate)    3    15561.0    [1, 6, 7, 19]    15
(relay)    7    7    15573.62    15    15573.02    4    1
(advertise)    3    15574.42    7    15
(relay)    17    26    15593.03    15    15522.72    2    1
(advertise)    3    15598.03    26    15
(relay)    34    6    15639.64    15    15595.36    2    1
(advertise)    3    15639.84    6    15
(relay)    25    25    15689.66    15    15688.64    3    1
(advertise)    3    15689.86    25    15
(relay)    17    17    15695.07    15    15693.98    4    1
(advertise)    3    15712.27    17    15
(relay)    17    48    15762.28    15    15758.04    2    1
(advertise)    3    15762.48    48    15
(relay)    34    2    15806.69    15    15806.07    3    1
(advertise)    3    15806.89    2    15
(relay)    7    13    15824.71    15    15823.71    4    1
(advertise)    3    15828.71    13    15
(relay)    17    42    15852.92    15    15829.51    3    1
(advertise)    3    15853.72    42    15
(relay)    15    15    15861.73    15    15860.69    4    1
(advertise)    3    15876.73    15    15
(relay)    15    47    16019.55    17    16016.91    3    1
(advertise)    3    16019.75    47    17
(relay)    17    24    16044.36    16    16038.07    2    1
(advertise)    3    16045.16    24    16
(relay)    17    9    16065.57    16    16056.83    4    1
(advertise)    3    16067.97    9    16
(relay)    17    4    16096.39    16    16094.82    5    1
(advertise)    3    16096.59    4    16
(relay)    17    16    16120.2    16    16100.87    3    1
(advertise)    3    16120.6    16    16
(relay)    17    19    16147.41    16    16144.27    4    1
(advertise)    3    16147.81    19    16
(relay)    34    45    16170.62    16    16158.11    3    1
(advertise)    3    16171.82    45    16
(relay)    17    12    16251.04    16    16249.46    4    1
(advertise)    3    16251.24    12    16
(relay)    34    39    16275.65    16    16253.18    1    1
(relay)    15    46    16322.45    16    16319.84    3    1
(advertise)    3    16322.65    46    16
(relay)    34    34    16348.46    16    16348.46    3    1
(advertise)    3    16348.66    34    16
(relay)    7    41    16372.48    16    16355.29    4    1
(advertise)    3    16373.08    41    16
(relay)    17    14    16395.09    16    16369.05    4    1
(advertise)    3    16395.49    14    16
(relay)    17    11    16417.7    16    16404.49    4    1
(advertise)    3    16418.9    11    16
(relay)    17    20    16440.72    16    16415.07    1    1
(relay)    34    40    16461.12    16    16400.04    1    1
(relay)    34    28    16485.52    16    16405.62    1    1
(relay)    34    30    16506.72    16    16499.42    1    1
(relay)    15    43    16528.92    16    16519.28    1    1
(relay)    17    44    16551.12    16    16524.71    4    1
(advertise)    3    16551.32    44    16
(generate)    3    16561.13    [1, 6, 7, 19]    16
(relay)    17    26    16573.94    16    16522.85    2    1
(advertise)    3    16574.94    26    16
(relay)    17    7    16617.75    16    16574.33    3    1
(advertise)    3    16617.95    7    16
(relay)    34    6    16643.97    16    16595.42    2    1
(advertise)    3    16644.57    6    16
(heartbeat)    31    4    16674.24    3    16675.18    1    1
(advertise)    3    16675.38    31    4
(relay)    25    25    16688.79    16    16688.78    3    1
(relay)    17    17    16694.19    16    16694.13    4    2
(advertise)    3    16697.99    25    16
(advertise)    3    16719.21    17    16
(relay)    17    48    16762.42    16    16758.18    2    1
(advertise)    3    16762.62    48    16
(relay)    34    2    16807.43    16    16806.18    3    1
(advertise)    3    16807.63    2    16
(relay)    17    13    16829.65    16    16823.85    4    1
(advertise)    3    16832.45    13    16
(relay)    15    15    16861.86    16    16860.83    4    1
(advertise)    3    16862.06    15    16
(relay)    15    47    17020.07    18    17017.03    3    1
(advertise)    3    17020.27    47    18
(relay)    17    24    17046.08    17    17038.21    1    1
(relay)    15    9    17057.28    17    17056.92    4    1
(advertise)    3    17057.48    9    17
(relay)    17    4    17097.1    17    17094.9    4    1
(advertise)    3    17097.3    4    17
(relay)    17    16    17120.71    17    17100.94    2    1
(advertise)    3    17120.91    16    17
(relay)    17    19    17146.72    17    17144.39    3    1
(advertise)    3    17147.12    19    17
(relay)    34    45    17171.54    17    17158.27    3    1
(advertise)    3    17171.94    45    17
(relay)    17    12    17250.35    17    17249.56    4    1
(advertise)    3    17250.55    12    17
(relay)    15    46    17321.76    17    17319.94    3    1
(advertise)    3    17321.96    46    17
(relay)    34    34    17349.18    17    17348.63    3    1
(advertise)    3    17349.38    34    17
(relay)    17    41    17371.99    17    17355.31    4    1
(advertise)    3    17372.39    41    17
(relay)    17    14    17395.8    17    17369.14    3    1
(advertise)    3    17396.6    14    17
(relay)    17    11    17417.01    17    17404.63    4    1
(advertise)    3    17419.21    11    17
(relay)    17    20    17443.63    17    17415.2    2    1
(advertise)    3    17445.03    20    17
(relay)    34    28    17466.04    17    17405.76    1    1
(relay)    34    40    17488.44    17    17400.07    1    1
(relay)    34    30    17510.44    17    17499.56    1    1
(relay)    7    43    17532.84    17    17519.39    1    1
(relay)    17    26    17555.24    17    17523.18    1    1
(generate)    3    17561.24    [1, 6, 7, 19]    17
(relay)    7    7    17575.45    17    17574.43    4    1
(advertise)    3    17575.65    7    17
(relay)    34    6    17609.67    17    17595.48    2    1
(advertise)    3    17609.87    6    17
(relay)    25    25    17688.88    17    17688.87    3    1
(advertise)    3    17689.08    25    17
(relay)    17    17    17694.29    17    17694.24    4    1
(advertise)    3    17713.29    17    17
(relay)    17    48    17762.91    17    17758.29    2    1
(advertise)    3    17763.11    48    17
(relay)    34    2    17807.72    17    17806.2    3    1
(advertise)    3    17807.92    2    17
(relay)    15    13    17830.13    17    17823.94    4    1
(advertise)    3    17831.33    13    17
(relay)    17    42    17854.34    17    17829.68    3    1
(advertise)    3    17854.94    42    17
(relay)    15    15    17860.96    17    17860.93    4    1
(advertise)    3    17876.96    15    17
(relay)    15    47    18020.57    19    18017.12    3    1
(advertise)    3    18020.77    47    19
(relay)    17    4    18097.38    18    18095.0    4    1
(advertise)    3    18097.58    4    18
(relay)    17    16    18119.8    18    18101.03    2    1
(advertise)    3    18120.2    16    18
(relay)    17    19    18145.61    18    18144.54    3    1
(advertise)    3    18145.81    19    18
(relay)    34    45    18167.82    18    18158.42    3    1
(advertise)    3    18168.62    45    18
(relay)    34    38    18190.24    18    18156.2    1    1
(relay)    17    12    18250.84    18    18249.7    4    1
(advertise)    3    18251.04    12    18
(relay)    34    39    18277.05    18    18253.25    1    1
(relay)    15    46    18320.65    18    18320.02    3    1
(advertise)    3    18320.85    46    18
(relay)    34    34    18349.26    18    18348.79    3    1
(advertise)    3    18349.46    34    18
(relay)    15    41    18373.27    18    18355.5    4    1
(advertise)    3    18373.67    41    18
(relay)    17    14    18395.89    18    18369.26    3    1
(advertise)    3    18397.09    14    18
(relay)    17    11    18416.9    18    18404.79    4    1
(advertise)    3    18418.5    11    18
(relay)    34    40    18441.11    18    18400.26    1    1
(relay)    17    20    18444.11    18    18415.32    1    1
(relay)    34    30    18508.91    18    18499.67    1    1
(relay)    17    44    18530.71    18    18524.89    4    1
(advertise)    3    18530.91    44    18
(relay)    34    43    18532.93    18    18519.49    3    1
(advertise)    3    18552.93    43    18
(generate)    3    18561.34    [1, 6, 7, 19]    18
(relay)    34    6    18600.75    18    18595.5    2    1
(advertise)    3    18600.95    6    18
(relay)    25    25    18688.97    18    18688.95    3    1
(advertise)    3    18689.17    25    18
(relay)    17    17    18694.38    18    18694.37    4    1
(advertise)    3    18711.18    17    18
(relay)    17    48    18761.39    18    18758.43    2    1
(advertise)    3    18761.59    48    18
(relay)    34    2    18808.4    18    18806.26    3    1
(advertise)    3    18808.6    2    18
(relay)    15    13    18830.42    18    18824.03    4    1
(advertise)    3    18831.82    13    18
(relay)    17    42    18853.03    18    18829.77    4    1
(advertise)    3    18854.03    42    18
(relay)    15    15    18861.04    18    18861.03    4    1
(advertise)    3    18875.84    15    18
(relay)    15    9    19058.46    19    19057.09    4    1
(advertise)    3    19058.66    9    19
(relay)    17    4    19097.87    19    19095.07    4    1
(advertise)    3    19098.07    4    19
(relay)    17    16    19119.88    19    19101.13    2    1
(advertise)    3    19120.68    16    19
(relay)    17    19    19145.7    19    19144.65    3    1
(advertise)    3    19146.9    19    19
(relay)    34    45    19168.91    19    19158.57    3    1
(advertise)    3    19169.31    45    19
(relay)    34    38    19190.92    19    19156.2    1    1
(relay)    17    12    19251.52    19    19249.82    4    1
(advertise)    3    19251.72    12    19
(relay)    34    39    19277.53    19    19253.26    1    1
(relay)    15    46    19320.73    19    19320.13    3    1
(advertise)    3    19320.93    46    19
(relay)    34    34    19349.55    19    19348.95    3    1
(advertise)    3    19349.75    34    19
(relay)    17    14    19375.76    19    19369.37    3    1
(advertise)    3    19376.36    14    19
(relay)    34    41    19397.77    19    19355.69    3    1
(advertise)    3    19398.37    41    19
(relay)    17    20    19428.39    19    19415.45    2    1
(advertise)    3    19428.59    20    19
(relay)    34    28    19461.8    19    19405.98    1    1
(relay)    34    40    19482.0    19    19400.29    1    1
(relay)    34    30    19515.0    19    19499.78    1    1
(relay)    17    44    19526.6    19    19524.95    4    1
(advertise)    3    19526.8    44    19
(relay)    17    26    19549.01    19    19523.36    1    1
(relay)    34    43    19560.81    19    19519.62    3    1
(advertise)    3    19561.01    43    19
(generate)    3    19562.23    [1, 6, 7, 19]    19
(relay)    7    7    19574.84    19    19574.84    4    1
(advertise)    3    19582.24    7    19
(relay)    34    6    19625.85    19    19595.54    2    1
(advertise)    3    19626.05    6    19
(relay)    25    25    19689.66    19    19689.05    3    1
(advertise)    3    19689.86    25    19
(relay)    17    17    19695.08    19    19694.48    4    1
(advertise)    3    19711.88    17    19
(relay)    17    48    19760.69    19    19758.52    2    1
(advertise)    3    19760.89    48    19
(relay)    34    2    19808.7    19    19806.34    3    1
(advertise)    3    19808.9    2    19
(relay)    17    13    19831.12    19    19824.13    4    1
(advertise)    3    19832.12    13    19
(relay)    15    15    19861.13    19    19861.12    4    1
(advertise)    3    19861.33    15    19
(relay)    15    47    20018.94    21    20017.3    3    1
(advertise)    3    20019.14    47    21
(relay)    15    9    20058.56    20    20057.16    4    1
(advertise)    3    20058.76    9    20
(relay)    17    4    20097.97    20    20095.16    4    1
(advertise)    3    20098.17    4    20
(relay)    17    16    20120.78    20    20101.21    2    1
(advertise)    3    20120.98    16    20
(relay)    17    19    20146.59    20    20144.81    3    1
(advertise)    3    20146.79    19    20
(relay)    17    45    20171.21    20    20158.72    1    1
(relay)    34    38    20194.81    20    20156.24    1    1
(relay)    17    12    20252.01    20    20249.93    4    1
(advertise)    3    20252.21    12    20
(relay)    34    46    20321.62    20    20320.19    3    1
(advertise)    3    20321.82    46    20
(relay)    34    34    20350.03    20    20349.1    3    1
(advertise)    3    20350.43    34    20
(relay)    15    41    20375.05    20    20355.86    4    1
(advertise)    3    20375.65    41    20
(relay)    34    40    20418.06    20    20400.32    1    1
(relay)    17    11    20420.06    20    20405.01    4    1
(advertise)    3    20420.26    11    20
(relay)    17    20    20445.07    20    20415.57    2    1
(advertise)    3    20445.47    20    20
(relay)    34    30    20516.49    20    20499.92    1    1
(relay)    17    44    20527.09    20    20525.04    4    1
(advertise)    3    20527.29    44    20
(relay)    34    43    20559.5    20    20519.71    3    1
(advertise)    3    20559.7    43    20
(generate)    3    20562.31    [1, 6, 7, 19]    20
(relay)    7    7    20575.32    20    20575.14    4    1
(advertise)    3    20580.92    7    20
(relay)    34    6    20627.94    20    20595.57    2    1
(advertise)    3    20628.14    6    20
(heartbeat)    31    5    20674.25    3    20674.35    1    1
(advertise)    3    20674.55    31    5
(relay)    25    25    20689.76    20    20689.15    3    1
(relay)    17    17    20695.16    20    20694.59    4    2
(advertise)    3    20697.36    25    20
(advertise)    3    20719.18    17    20
(relay)    17    48    20759.59    20    20758.61    2    1
(advertise)    3    20759.79    48    20
(relay)    34    2    20809.4    20    20806.4    3    1
(advertise)    3    20809.6    2    20
(relay)    17    13    20830.62    20    20824.23    4    1
(advertise)    3    20832.22    13    20
(relay)    15    15    20861.83    20    20861.23    4    1
(advertise)    3    20862.03    15    20
(relay)    15    47    21018.44    22    21017.39    3    1
(advertise)    3    21018.64    47    22
(relay)    17    9    21058.05    21    21057.26    4    1
(advertise)    3    21058.25    9    21
(relay)    25    4    21098.87    21    21095.27    3    1
(advertise)    3    21099.07    4    21
(relay)    17    16    21120.48    21    21101.27    2    1
(advertise)    3    21120.88    16    21
(relay)    17    19    21146.89    21    21145.0    3    1
(advertise)    3    21147.09    19    21
(relay)    34    45    21169.71    21    21158.86    3    1
(advertise)    3    21171.11    45    21
(relay)    17    12    21252.72    21    21250.06    4    1
(advertise)    3    21252.92    12    21
(relay)    34    46    21321.93    21    21320.28    3    1
(advertise)    3    21322.13    46    21
(relay)    34    34    21350.35    21    21349.24    3    1
(advertise)    3    21350.55    34    21
(relay)    17    41    21372.36    21    21356.05    4    1
(relay)    34    5    21372.56    21    21349.82    1    2
(advertise)    3    21372.96    41    21
(relay)    17    11    21405.97    21    21405.16    4    1
(advertise)    3    21406.17    11    21
(relay)    17    20    21440.78    21    21415.67    1    1
(relay)    34    28    21442.38    21    21406.25    1    1
(relay)    34    30    21501.78    21    21500.06    1    1
(relay)    34    43    21524.58    21    21519.77    3    1
(advertise)    3    21524.78    43    21
(generate)    3    21562.4    [1, 6, 7, 19]    21
(relay)    7    7    21575.41    21    21575.24    4    1
(advertise)    3    21575.61    7    21
(relay)    17    44    21587.02    21    21525.15    4    1
(advertise)    3    21599.02    44    21
(relay)    17    26    21630.84    21    21523.61    1    1
(relay)    34    6    21633.04    21    21595.64    2    1
(advertise)    3    21633.24    6    21
(relay)    25    25    21689.85    21    21689.24    3    1
(advertise)    3    21690.05    25    21
(relay)    17    17    21695.26    21    21694.72    4    1
(advertise)    3    21713.46    17    21
(relay)    17    48    21760.08    21    21758.71    2    1
(advertise)    3    21760.28    48    21
(relay)    34    2    21809.89    21    21806.44    3    1
(advertise)    3    21810.09    2    21
(relay)    15    13    21831.9    21    21824.29    4    1
(advertise)    3    21832.1    13    21
(relay)    17    42    21854.31    21    21830.0    4    1
(advertise)    3    21855.11    42    21
(relay)    15    15    21861.93    21    21861.33    4    1
(advertise)    3    21878.53    15    21
(relay)    15    47    22017.94    23    22017.46    3    1
(advertise)    3    22018.14    47    23
(relay)    17    24    22043.95    22    22038.82    1    1
(relay)    7    9    22058.75    22    22057.35    4    1
(advertise)    3    22058.95    9    22
(relay)    17    4    22097.97    22    22095.36    4    1
(advertise)    3    22098.17    4    22
(relay)    17    16    22121.78    22    22101.33    2    1
(advertise)    3    22122.98    16    22
(relay)    17    19    22147.39    22    22145.12    3    1
(advertise)    3    22147.79    19    22
(relay)    34    45    22172.61    22    22158.96    3    1
(advertise)    3    22173.01    45    22
(relay)    34    38    22192.62    22    22156.31    1    1
(relay)    17    12    22253.22    22    22250.16    4    1
(advertise)    3    22253.42    12    22
(relay)    17    46    22322.43    22    22320.37    3    1
(advertise)    3    22322.63    46    22
(relay)    34    34    22350.44    22    22349.39    3    1
(advertise)    3    22350.64    34    22
(relay)    15    41    22372.86    22    22356.08    4    1
(advertise)    3    22373.06    41    22
(relay)    17    14    22395.47    22    22369.7    3    1
(advertise)    3    22395.67    14    22
(relay)    17    11    22418.68    22    22405.32    4    1
(advertise)    3    22419.28    11    22
(relay)    34    28    22441.5    22    22406.36    1    1
(relay)    17    20    22445.3    22    22415.81    1    1
(relay)    34    30    22515.5    22    22500.17    1    1
(relay)    17    44    22534.3    22    22525.25    4    1
(advertise)    3    22534.5    44    22
(relay)    34    43    22560.31    22    22519.87    3    1
(advertise)    3    22560.51    43    22
(generate)    3    22562.52    [1, 6, 7, 19]    22
(relay)    7    7    22575.94    22    22575.35    4    1
(advertise)    3    22582.94    7    22
(relay)    25    6    22631.15    22    22595.66    1    1
(relay)    25    25    22689.95    22    22689.34    3    1
(advertise)    3    22690.15    25    22
(relay)    17    17    22695.76    22    22694.84    4    1
(advertise)    3    22712.56    17    22
(relay)    17    48    22760.97    22    22758.82    1    1
(relay)    34    2    22809.97    22    22806.52    3    1
(advertise)    3    22810.17    2    22
(relay)    34    13    22830.59    22    22824.36    2    1
(advertise)    3    22833.39    13    22
(relay)    15    15    22862.0    22    22861.4    4    1
(advertise)    3    22862.2    15    22
(relay)    7    9    23059.41    23    23057.41    4    1
(advertise)    3    23059.61    9    23
(relay)    17    4    23097.03    23    23095.46    4    1
(advertise)    3    23097.23    4    23
(relay)    17    16    23119.84    23    23101.43    2    1
(advertise)    3    23120.24    16    23
(relay)    17    19    23148.05    23    23145.27    3    1
(advertise)    3    23148.25    19    23
(relay)    34    45    23171.27    23    23159.07    3    1
(advertise)    3    23171.47    45    23
(relay)    17    12    23253.88    23    23250.29    4    1
(advertise)    3    23254.08    12    23
(relay)    34    39    23280.09    23    23253.55    1    1
(relay)    34    46    23322.89    23    23320.45    3    1
(advertise)    3    23323.09    46    23
(relay)    34    34    23350.5    23    23349.52    3    1
(advertise)    3    23350.9    34    23
(relay)    7    41    23374.12    23    23356.25    4    1
(advertise)    3    23374.92    41    23
(relay)    17    11    23406.73    23    23405.48    4    1
(advertise)    3    23406.93    11    23
(relay)    34    40    23467.74    23    23400.62    1    1
(relay)    34    30    23516.34    23    23500.32    1    1
(relay)    17    44    23533.94    23    23525.35    4    1
(advertise)    3    23534.14    44    23
(relay)    17    26    23556.56    23    23523.88    1    1
(generate)    3    23562.56    [1, 6, 7, 19]    23
(relay)    7    7    23575.97    23    23575.42    4    1
(advertise)    3    23576.17    7    23
(relay)    34    6    23625.18    23    23595.74    2    1
(advertise)    3    23625.38    6    23
(relay)    25    25    23690.4    23    23689.41    3    1
(advertise)    3    23690.6    25    23
(relay)    17    17    23696.01    23    23694.94    4    1
(advertise)    3    23712.61    17    23
(relay)    17    48    23761.22    23    23758.93    2    1
(advertise)    3    23761.42    48    23
(relay)    34    2    23808.23    23    23806.58    3    1
(advertise)    3    23808.43    2    23
(relay)    15    13    23830.85    23    23824.46    4    1
(advertise)    3    23831.65    13    23
(relay)    15    15    23862.06    23    23861.49    4    1
(advertise)    3    23862.26    15    23
(relay)    15    47    24019.27    25    24017.62    3    1
(advertise)    3    24019.47    47    25
(relay)    17    9    24059.29    24    24057.49    4    1
(advertise)    3    24059.49    9    24
(relay)    17    4    24096.3    24    24095.56    4    1
(advertise)    3    24096.5    4    24
(relay)    17    16    24119.31    24    24101.5    2    1
(advertise)    3    24119.51    16    24
(relay)    17    19    24148.73    24    24145.44    3    1
(advertise)    3    24148.93    19    24
(relay)    34    45    24169.94    24    24159.21    3    1
(advertise)    3    24170.94    45    24
(relay)    17    12    24253.75    24    24250.42    4    1
(advertise)    3    24253.95    12    24
(relay)    34    46    24323.36    24    24320.51    3    1
(advertise)    3    24323.56    46    24
(relay)    34    34    24349.78    24    24349.63    3    1
(advertise)    3    24349.98    34    24
(relay)    17    41    24374.19    24    24356.4    4    1
(advertise)    3    24374.39    41    24
(relay)    17    14    24397.0    24    24369.94    3    1
(advertise)    3    24397.4    14    24
(relay)    17    11    24419.82    24    24405.62    4    1
(advertise)    3    24421.02    11    24
(relay)    17    20    24446.03    24    24416.22    2    1
(advertise)    3    24446.23    20    24
(relay)    34    40    24487.84    24    24400.65    1    1
(relay)    34    28    24511.24    24    24406.62    1    1
(relay)    34    30    24534.64    24    24500.44    1    1
(relay)    17    44    24535.44    24    24525.45    4    1
(advertise)    3    24535.64    44    24
(generate)    3    24562.66    [1, 6, 7, 19]    24
(relay)    7    7    24576.07    24    24575.51    4    1
(advertise)    3    24576.27    7    24
(relay)    34    43    24579.88    24    24520.12    3    1
(advertise)    3    24598.48    43    24
(relay)    34    6    24646.29    24    24595.78    2    1
(advertise)    3    24646.49    6    24
(heartbeat)    31    6    24674.27    3    24674.91    1    1
(advertise)    3    24675.11    31    6
(relay)    25    25    24690.52    24    24689.53    3    1
(relay)    17    17    24696.12    24    24695.04    5    2
(advertise)    3    24697.32    25    24
(advertise)    3    24718.73    17    24
(relay)    17    48    24761.75    24    24759.06    2    1
(advertise)    3    24761.95    48    24
(relay)    34    13    24825.36    24    24824.56    3    1
(advertise)    3    24825.56    13    24
(relay)    17    42    24848.57    24    24830.31    4    1
(advertise)    3    24849.97    42    24
(relay)    15    15    24862.59    24    24861.61    4    1
(advertise)    3    24871.19    15    24
(relay)    17    47    25019.2    26    25017.72    3    1
(advertise)    3    25019.4    47    26
(relay)    15    9    25058.81    25    25057.59    4    1
(advertise)    3    25059.01    9    25
(relay)    17    4    25096.42    25    25095.66    4    1
(advertise)    3    25096.62    4    25
(relay)    17    16    25119.84    25    25101.64    2    1
(advertise)    3    25120.84    16    25
(relay)    17    19    25149.45    25    25145.63    3    1
(advertise)    3    25149.65    19    25
(relay)    34    45    25172.06    25    25159.37    3    1
(advertise)    3    25172.26    45    25
(relay)    17    12    25252.88    25    25250.56    4    1
(advertise)    3    25253.08    12    25
(relay)    25    46    25325.09    25    25320.62    2    1
(advertise)    3    25325.29    46    25
(relay)    34    34    25349.9    25    25349.81    3    1
(advertise)    3    25350.1    34    25
(relay)    15    41    25372.32    25    25356.4    4    1
(advertise)    3    25373.12    41    25
(relay)    17    14    25394.33    25    25370.08    3    1
(advertise)    3    25396.33    14    25
(relay)    17    11    25418.94    25    25405.76    5    1
(advertise)    3    25419.34    11    25
(relay)    17    20    25445.55    25    25416.37    1    1
(relay)    34    28    25464.55    25    25406.75    1    1
(relay)    34    30    25518.35    25    25500.54    1    1
(relay)    15    43    25541.95    25    25520.24    1    1
(generate)    3    25562.75    [1, 6, 7, 19]    25
(relay)    17    44    25563.97    25    25526.75    4    1
(advertise)    3    25564.17    44    25
(relay)    7    7    25576.18    25    25575.62    4    1
(advertise)    3    25586.18    7    25
(relay)    34    6    25630.39    25    25595.79    2    1
(advertise)    3    25630.59    6    25
(relay)    25    25    25690.61    25    25689.62    3    1
(advertise)    3    25690.81    25    25
(relay)    17    17    25696.22    25    25695.14    5    1
(advertise)    3    25715.22    17    25
(relay)    17    48    25763.23    25    25759.18    1    1
(relay)    34    2    25807.43    25    25806.68    3    1
(advertise)    3    25807.63    2    25
(relay)    15    13    25829.65    25    25824.63    4    1
(advertise)    3    25830.25    13    25
(relay)    17    42    25854.06    25    25830.37    4    1
(advertise)    3    25854.26    42    25
(relay)    15    15    25862.67    25    25861.71    4    1
(advertise)    3    25876.67    15    25
(relay)    17    47    26019.88    27    26017.82    3    1
(advertise)    3    26020.08    47    27
(relay)    15    9    26058.1    26    26057.65    4    1
(advertise)    3    26058.5    9    26
(relay)    17    4    26096.71    26    26095.74    4    1
(advertise)    3    26096.91    4    26
(relay)    17    16    26120.12    26    26101.77    2    1
(advertise)    3    26120.32    16    26
(relay)    17    19    26148.34    26    26145.78    3    1
(advertise)    3    26148.54    19    26
(relay)    34    45    26171.15    26    26159.51    3    1
(advertise)    3    26171.95    45    26
(relay)    17    12    26252.36    26    26250.71    4    1
(advertise)    3    26252.56    12    26
(relay)    34    39    26278.18    26    26253.79    1    1
(relay)    15    46    26323.18    26    26320.74    3    1
(advertise)    3    26323.38    46    26
(relay)    34    34    26349.99    26    26349.96    3    1
(advertise)    3    26350.19    34    26
(relay)    15    41    26372.6    26    26356.44    4    1
(advertise)    3    26372.8    41    26
(relay)    17    14    26396.01    26    26370.2    3    1
(advertise)    3    26396.21    14    26
(relay)    15    11    26418.23    26    26405.88    4    1
(advertise)    3    26418.83    11    26
(relay)    17    20    26444.04    26    26416.47    1    1
(relay)    34    40    26466.44    26    26400.87    1    1
(relay)    34    30    26517.24    26    26500.65    1    1
(relay)    17    44    26534.64    26    26526.82    4    1
(advertise)    3    26534.84    44    26
(relay)    34    43    26562.45    26    26520.36    3    1
(advertise)    3    26562.65    43    26
(generate)    3    26563.87    [1, 6, 7, 19]    26
(relay)    7    7    26576.68    26    26575.71    4    1
(advertise)    3    26584.68    7    26
(relay)    34    6    26631.89    26    26595.84    2    1
(advertise)    3    26632.09    6    26
(relay)    25    25    26689.91    26    26689.72    3    1
(advertise)    3    26690.11    25    26
(relay)    17    17    26695.32    26    26695.25    5    1
(advertise)    3    26712.12    17    26
(relay)    17    48    26763.53    26    26759.28    2    1
(advertise)    3    26763.73    48    26
(relay)    34    2    26807.54    26    26806.77    3    1
(advertise)    3    26807.74    2    26
(relay)    34    13    26832.96    26    26824.73    2    1
(advertise)    3    26833.36    13    26
(relay)    17    42    26857.37    26    26830.47    4    1
(advertise)    3    26857.57    42    26
(relay)    15    15    26862.78    26    26861.8    4    1
(advertise)    3    26880.38    15    26
(relay)    7    47    27020.8    28    27017.93    3    1
(advertise)    3    27021.0    47    28
(relay)    15    9    27058.21    27    27057.75    4    1
(advertise)    3    27058.41    9    27
(relay)    17    4    27097.82    27    27095.81    4    1
(advertise)    3    27098.02    4    27
(relay)    17    16    27121.84    27    27101.84    2    1
(advertise)    3    27122.84    16    27
(relay)    17    19    27149.25    27    27145.93    3    1
(advertise)    3    27149.85    19    27
(relay)    34    45    27172.26    27    27159.65    3    1
(advertise)    3    27172.46    45    27
(relay)    34    38    27195.07    27    27156.62    1    1
(relay)    17    12    27251.47    27    27250.83    4    1
(advertise)    3    27251.67    12    27
(relay)    15    46    27322.49    27    27320.84    3    1
(advertise)    3    27322.69    46    27
(relay)    34    34    27350.7    27    27350.11    3    1
(advertise)    3    27350.9    34    27
(relay)    17    41    27374.91    27    27356.45    4    1
(advertise)    3    27375.31    41    27
(relay)    17    11    27408.33    27    27406.04    5    1
(advertise)    3    27408.53    11    27
(relay)    17    20    27441.94    27    27416.56    1    1
(relay)    34    40    27442.94    27    27400.93    1    1
(relay)    34    28    27466.94    27    27407.01    1    1
(relay)    34    30    27505.94    27    27500.83    1    1
(relay)    34    43    27528.14    27    27520.51    3    1
(advertise)    3    27528.34    43    27
(relay)    17    44    27551.35    27    27526.89    4    1
(advertise)    3    27552.15    44    27
(generate)    3    27563.97    [1, 6, 7, 19]    27
(relay)    7    7    27576.98    27    27575.8    4    1
(advertise)    3    27577.58    7    27
(relay)    17    26    27617.39    27    27524.39    1    1
(relay)    34    6    27618.79    27    27595.93    2    1
(advertise)    3    27618.99    6    27
(relay)    25    25    27690.0    27    27689.82    3    1
(advertise)    3    27690.2    25    27
(relay)    17    17    27695.42    27    27695.38    5    1
(advertise)    3    27713.22    17    27
(relay)    17    48    27763.83    27    27759.38    1    1
(relay)    34    2    27808.43    27    27806.82    3    1
(advertise)    3    27808.63    2    27
(relay)    17    13    27831.84    27    27824.8    4    1
(advertise)    3    27832.04    13    27
(relay)    15    15    27862.06    27    27861.87    4    1
(advertise)    3    27862.26    15    27
(relay)    7    47    28020.87    29    28018.0    3    1
(advertise)    3    28021.07    47    29
(relay)    17    9    28058.08    28    28057.81    4    1
(advertise)    3    28058.28    9    28
(relay)    17    4    28098.1    28    28095.9    4    1
(advertise)    3    28098.3    4    28
(relay)    17    16    28121.71    28    28101.93    2    1
(advertise)    3    28122.31    16    28
(relay)    17    19    28147.12    28    28146.08    3    1
(advertise)    3    28147.32    19    28
(relay)    34    45    28171.53    28    28159.8    3    1
(advertise)    3    28171.73    45    28
(relay)    34    38    28193.35    28    28156.64    1    1
(relay)    17    12    28252.15    28    28250.96    4    1
(advertise)    3    28252.35    12    28
(relay)    34    39    28275.96    28    28253.88    1    1
(relay)    15    46    28321.36    28    28320.92    3    1
(advertise)    3    28321.56    46    28
(relay)    34    34    28350.77    28    28350.25    3    1
(advertise)    3    28350.97    34    28
(relay)    7    41    28375.19    28    28356.63    4    1
(advertise)    3    28376.19    41    28
(relay)    17    11    28407.4    28    28406.13    5    1
(advertise)    3    28407.6    11    28
(relay)    17    20    28429.21    28    28416.68    2    1
(advertise)    3    28430.01    20    28
(relay)    34    28    28452.03    28    28407.17    1    1
(relay)    34    30    28519.43    28    28501.0    1    1
(relay)    17    26    28531.83    28    28524.49    1    1
(relay)    34    43    28543.03    28    28520.64    3    1
(advertise)    3    28543.23    43    28
(generate)    3    28564.04    [1, 6, 7, 19]    28
(relay)    7    7    28576.85    28    28575.88    4    1
(advertise)    3    28577.05    7    28
(relay)    34    6    28612.86    28    28595.96    2    1
(advertise)    3    28613.06    6    28
(heartbeat)    31    7    28674.28    3    28674.48    1    1
(advertise)    3    28674.68    31    7
(relay)    25    25    28690.09    28    28689.9    3    1
(relay)    17    17    28695.49    28    28695.48    4    2
(advertise)    3    28696.49    25    28
(advertise)    3    28718.5    17    28
(relay)    17    48    28764.52    28    28759.48    2    1
(advertise)    3    28764.72    48    28
(relay)    34    2    28808.93    28    28806.89    3    1
(advertise)    3    28809.13    2    28
(relay)    15    13    28831.94    28    28824.9    4    1
(advertise)    3    28832.14    13    28
(relay)    17    42    28854.36    28    28830.63    4    1
(advertise)    3    28854.96    42    28
(relay)    15    15    28861.97    28    28861.97    4    1
(advertise)    3    28876.77    15    28
(relay)    25    47    29022.58    30    29018.08    2    1
(advertise)    3    29022.78    47    30
(relay)    17    9    29058.19    29    29057.9    4    1
(advertise)    3    29058.39    9    29
(relay)    17    4    29098.61    29    29095.99    4    1
(advertise)    3    29098.81    4    29
(relay)    17    16    29121.42    29    29102.01    2    1
(advertise)    3    29122.82    16    29
(relay)    17    19    29147.63    29    29146.22    3    1
(advertise)    3    29148.83    19    29
(relay)    34    45    29171.85    29    29159.94    3    1
(advertise)    3    29172.25    45    29
(relay)    17    12    29252.66    29    29251.08    4    1
(advertise)    3    29252.86    12    29
(relay)    34    39    29279.47    29    29253.93    1    1
(relay)    34    46    29322.07    29    29320.99    2    1
(advertise)    3    29322.27    46    29
(relay)    34    34    29350.89    29    29350.4    3    1
(advertise)    3    29351.09    34    29
(relay)    17    41    29374.1    29    29356.66    4    1
(advertise)    3    29374.5    41    29
(relay)    17    14    29395.51    29    29370.45    3    1
(advertise)    3    29396.91    14    29
(relay)    17    20    29429.32    29    29416.81    2    1
(advertise)    3    29429.52    20    29
(relay)    34    28    29452.34    29    29407.31    1    1
(relay)    34    40    29475.94    29    29401.03    1    1
(relay)    34    30    29502.34    29    29501.15    1    1
(relay)    34    43    29525.54    29    29520.72    3    1
(advertise)    3    29525.74    43    29
(relay)    17    44    29554.35    29    29527.25    4    1
(advertise)    3    29554.55    44    29
(generate)    3    29564.16    [1, 6, 7, 19]    29
(relay)    17    26    29597.78    29    29524.59    1    1
(relay)    34    6    29600.18    29    29596.02    2    1
(advertise)    3    29600.38    6    29
(relay)    25    25    29690.19    29    29690.0    3    1
(advertise)    3    29690.39    25    29
(relay)    17    17    29696.2    29    29695.6    4    1
(advertise)    3    29712.4    17    29
(relay)    17    48    29761.42    29    29759.59    2    1
(advertise)    3    29761.62    48    29
(relay)    34    2    29809.23    29    29806.95    3    1
(advertise)    3    29809.43    2    29
(relay)    7    13    29831.44    29    29824.99    4    1
(advertise)    3    29831.84    13    29
(relay)    17    42    29853.45    29    29830.7    4    1
(advertise)    3    29854.05    42    29
(relay)    15    15    29862.07    29    29862.07    4    1
(advertise)    3    29876.27    15    29
