(generate)    33    7    [1, 6, 7, 19]    1
(relay)    23    47    67.21    1    15    118    1
(advertise)    33    67.41    47    1
(generate)    33    1007.03    [1, 6, 7, 19]    2
(relay)    32    47    1035.44    2    1015.04    122    1
(advertise)    33    1035.64    47    2
(relay)    23    24    1058.25    1    1035.85    125    1
(advertise)    33    1059.05    24    1
(relay)    32    9    1082.07    1    1055.05    120    1
(advertise)    33    1082.27    9    1
(relay)    32    32    1102.08    1    1102.08    127    1
(advertise)    33    1104.28    32    1
(relay)    32    10    1105.49    1    1098.08    125    1
(advertise)    33    1125.89    10    1
(relay)    21    1    1128.9    1    1105.07    126    1
(advertise)    33    1147.5    1    1
(relay)    32    16    1153.12    1    1099.08    123    1
(advertise)    33    1169.92    16    1
(relay)    32    38    1193.33    1    1154.1    124    1
(advertise)    33    1193.73    38    1
(relay)    21    4    1216.54    1    1093.08    121    1
(relay)    23    19    1216.74    1    1142.1    124    2
(advertise)    33    1217.14    4    1
(advertise)    33    1239.36    19    1
(relay)    23    45    1242.77    1    1155.12    119    1
(relay)    32    35    1261.17    1    1203.13    125    2
(advertise)    33    1262.37    45    1
(advertise)    33    1283.38    35    1
(relay)    32    39    1304.6    1    1252.16    124    1
(advertise)    33    1305.8    39    1
(relay)    23    8    1309.21    1    1302.2    126    1
(advertise)    33    1327.21    8    1
(relay)    32    12    1349.82    1    1247.17    119    1
(advertise)    33    1350.22    12    1
(relay)    32    5    1370.83    1    1347.02    125    1
(advertise)    33    1371.83    5    1
(relay)    23    34    1376.65    1    1346.02    120    1
(advertise)    33    1393.05    34    1
(relay)    32    37    1416.86    1    1361.02    125    1
(advertise)    33    1418.26    37    1
(relay)    23    14    1421.07    1    1367.03    123    1
(relay)    21    21    1426.07    1    1425.07    127    2
(advertise)    33    1439.27    14    1
(advertise)    33    1461.69    21    1
(relay)    23    23    1473.1    1    1473.1    127    1
(advertise)    33    1485.3    23    1
(relay)    23    11    1488.51    1    1402.05    123    1
(relay)    21    46    1495.51    1    1318.01    121    2
(advertise)    33    1507.71    11    1
(relay)    23    20    1510.73    1    1413.06    125    2
(advertise)    33    1531.13    46    1
(relay)    21    28    1540.14    1    1403.06    124    2
(advertise)    33    1553.14    20    1
(relay)    32    40    1574.15    1    1399.05    124    2
(advertise)    33    1574.75    28    1
(relay)    21    22    1582.96    1    1505.11    125    2
(relay)    32    29    1595.36    1    1488.1    126    3
(relay)    23    26    1596.16    1    1520.13    125    4
(advertise)    33    1596.56    40    1
(advertise)    33    1618.18    22    1
(relay)    32    41    1637.99    1    1354.02    121    3
(advertise)    33    1640.79    29    1
(advertise)    33    1663.0    26    1
(relay)    23    44    1665.22    1    1520.33    123    2
(relay)    32    30    1681.62    1    1497.11    125    3
(advertise)    33    1685.62    41    1
(relay)    23    27    1687.23    1    1633.19    126    3
(advertise)    33    1708.23    44    1
(advertise)    33    1730.44    30    1
(relay)    32    43    1746.26    1    1517.13    124    2
(advertise)    33    1752.26    27    1
(relay)    23    18    1755.07    1    1697.03    126    2
(advertise)    33    1773.67    43    1
(relay)    23    3    1776.48    1    1559.14    121    2
(relay)    32    6    1789.88    1    1594.16    124    3
(advertise)    33    1794.88    18    1
(advertise)    33    1816.69    3    1
(relay)    0    0    1819.11    1    1819.11    127    2
(relay)    23    48    1819.51    1    1756.06    125    3
(advertise)    33    1838.71    6    1
(advertise)    33    1860.12    0    1
(relay)    23    7    1863.53    1    1570.15    120    2
(advertise)    33    1882.33    48    1
(relay)    32    17    1901.55    1    1692.03    119    2
(advertise)    33    1904.55    7    1
(advertise)    33    1926.76    17    1
(relay)    23    25    1928.97    1    1687.02    121    1
(advertise)    33    1950.77    25    1
(relay)    32    42    1966.19    1    1828.11    122    1
(advertise)    33    1972.19    42    1
(relay)    23    15    1975.2    1    1859.12    120    1
(advertise)    33    1994.4    15    1
(generate)    33    2007.21    [1, 6, 7, 19]    3
(relay)    21    13    2009.02    1    1822.09    119    1
(advertise)    33    2015.62    13    1
(relay)    23    2    2038.04    1    1805.07    119    1
(advertise)    33    2038.64    2    1
(relay)    23    36    2061.65    1    1995.19    123    1
(advertise)    33    2062.45    36    1
(relay)    23    47    2082.46    3    2015.2    120    1
(advertise)    33    2084.26    47    3
(relay)    32    32    2102.48    2    2102.28    127    1
(advertise)    33    2107.08    32    2
(relay)    32    10    2120.49    2    2098.26    125    1
(advertise)    33    2129.29    10    2
(relay)    21    1    2140.5    2    2105.25    126    1
(advertise)    33    2150.3    1    2
(relay)    23    16    2171.92    2    2099.26    124    1
(advertise)    33    2172.72    16    2
(relay)    23    9    2193.73    2    2055.22    120    1
(relay)    32    38    2194.13    2    2155.29    124    2
(advertise)    33    2195.93    9    2
(advertise)    33    2217.14    38    2
(relay)    32    45    2240.55    2    2155.88    123    1
(advertise)    33    2240.75    45    2
(relay)    32    19    2261.77    2    2142.28    123    1
(advertise)    33    2263.17    19    2
(relay)    32    35    2282.78    2    2203.32    125    1
(relay)    23    12    2285.38    2    2247.34    123    2
(advertise)    33    2287.18    35    2
(advertise)    33    2308.19    12    2
(relay)    32    39    2328.61    2    2252.34    124    1
(advertise)    33    2331.61    39    2
(relay)    32    8    2351.22    2    2302.38    125    1
(relay)    23    4    2353.22    2    2093.25    116    2
(advertise)    33    2354.22    8    2
(advertise)    33    2375.63    4    2
(relay)    32    46    2394.45    2    2318.15    122    1
(relay)    23    14    2397.25    2    2367.22    123    2
(advertise)    33    2398.05    46    2
(relay)    32    5    2418.46    2    2347.21    124    2
(advertise)    33    2419.06    14    2
(relay)    21    21    2426.27    2    2425.27    127    2
(advertise)    33    2441.87    5    2
(advertise)    33    2463.08    21    2
(relay)    21    20    2467.3    2    2413.25    124    1
(relay)    23    23    2473.9    2    2473.3    127    2
(advertise)    33    2485.1    20    2
(relay)    21    37    2490.11    2    2361.21    124    2
(advertise)    33    2506.11    23    2
(relay)    32    28    2507.72    2    2403.25    125    2
(relay)    23    34    2509.32    2    2346.17    121    3
(advertise)    33    2530.52    37    2
(advertise)    33    2553.34    28    2
(advertise)    33    2575.55    34    2
(relay)    32    29    2597.36    2    2488.3    126    1
(advertise)    33    2597.56    29    2
(relay)    23    41    2598.77    2    2354.14    120    1
(relay)    32    40    2619.57    2    2399.23    124    2
(relay)    23    26    2619.97    2    2520.31    125    3
(advertise)    33    2620.57    41    2
(relay)    32    11    2640.19    2    2402.23    122    3
(advertise)    33    2644.79    40    2
(advertise)    33    2666.8    26    2
(relay)    23    27    2686.21    2    2633.37    126    2
(relay)    32    30    2687.21    2    2497.3    125    3
(advertise)    33    2689.21    11    2
(relay)    23    22    2708.83    2    2505.3    125    3
(advertise)    33    2712.23    27    2
(relay)    23    44    2732.04    2    2520.5    122    3
(advertise)    33    2734.04    30    2
(advertise)    33    2756.85    22    2
(relay)    32    43    2774.87    2    2517.31    124    2
(relay)    23    18    2777.07    2    2697.21    126    3
(advertise)    33    2778.47    44    2
(relay)    32    6    2798.08    2    2594.35    124    3
(advertise)    33    2801.88    43    2
(relay)    0    0    2819.49    2    2819.29    127    3
(relay)    23    3    2819.89    2    2559.28    121    4
(advertise)    33    2822.89    18    2
(advertise)    33    2844.7    6    2
(relay)    23    48    2864.12    2    2756.25    125    3
(advertise)    33    2867.12    0    2
(relay)    32    7    2887.73    2    2570.3    121    3
(advertise)    33    2888.73    3    2
(relay)    32    25    2909.94    2    2687.16    121    3
(advertise)    33    2911.94    48    2
(relay)    23    17    2930.76    2    2692.17    122    3
(advertise)    33    2935.16    7    2
(relay)    23    42    2952.17    2    2828.28    123    3
(advertise)    33    2956.97    25    2
(advertise)    33    2979.18    17    2
(relay)    32    2    2998.8    2    2805.21    122    2
(advertise)    33    3001.0    42    2
(generate)    33    3007.41    [1, 6, 7, 19]    4
(advertise)    33    3022.62    2    2
(relay)    23    15    3042.63    2    2859.27    120    1
(relay)    32    13    3044.23    2    2822.24    120    2
(advertise)    33    3044.83    15    2
(advertise)    33    3066.45    13    2
(relay)    23    24    3090.66    3    3036.22    125    1
(advertise)    33    3093.26    24    3
(relay)    32    32    3102.47    3    3102.46    127    1
(relay)    32    36    3112.07    2    2995.38    125    2
(advertise)    33    3116.27    32    3
(relay)    23    1    3135.29    3    3105.45    126    2
(advertise)    33    3139.09    36    2
(relay)    32    10    3155.3    3    3098.45    125    2
(advertise)    33    3160.1    1    3
(relay)    23    16    3177.11    3    3099.45    124    2
(advertise)    33    3181.31    10    3
(advertise)    33    3202.53    16    3
(relay)    32    9    3221.34    3    3055.36    120    1
(relay)    23    47    3222.14    4    3015.34    120    2
(advertise)    33    3225.34    9    3
(relay)    23    4    3244.75    3    3093.45    123    2
(advertise)    33    3247.55    47    4
(relay)    32    38    3265.76    3    3155.46    124    2
(advertise)    33    3270.96    4    3
(relay)    23    19    3287.38    3    3142.47    124    2
(advertise)    33    3292.98    38    3
(relay)    32    35    3311.59    3    3203.5    125    2
(advertise)    33    3314.59    19    3
(relay)    23    8    3331.4    3    3302.56    126    2
(relay)    32    45    3333.4    3    3156.03    123    3
(advertise)    33    3337.2    35    3
(advertise)    33    3358.82    8    3
(relay)    32    39    3376.83    3    3252.53    124    2
(advertise)    33    3379.83    45    3
(advertise)    33    3401.84    39    3
(relay)    23    12    3418.66    3    3247.53    123    1
(relay)    32    5    3421.26    3    3347.39    124    2
(advertise)    33    3423.46    12    3
(relay)    21    21    3426.47    3    3425.46    127    2
(relay)    32    37    3442.47    3    3361.39    125    3
(advertise)    33    3445.07    5    3
(advertise)    33    3466.28    21    3
(relay)    23    23    3474.09    3    3473.49    127    2
(advertise)    33    3488.29    37    3
(relay)    32    28    3507.11    3    3403.43    125    2
(relay)    23    20    3509.31    3    3413.44    125    3
(advertise)    33    3511.51    23    3
(relay)    23    14    3529.52    3    3367.42    123    3
(advertise)    33    3533.92    28    3
(relay)    32    40    3549.33    3    3399.4    124    3
(relay)    23    22    3551.73    3    3505.49    126    4
(advertise)    33    3556.33    20    3
(relay)    32    29    3571.55    3    3488.49    126    4
(advertise)    33    3577.95    14    3
(advertise)    33    3601.56    40    3
(relay)    23    11    3617.57    3    3402.43    123    3
(advertise)    33    3623.17    22    3
(relay)    32    46    3638.19    3    3318.33    122    3
(advertise)    33    3644.79    29    3
(relay)    23    34    3661.2    3    3346.33    121    3
(advertise)    33    3666.6    11    3
(relay)    32    30    3682.41    3    3497.48    125    3
(relay)    23    26    3683.61    3    3520.51    125    4
(advertise)    33    3688.01    46    3
(relay)    23    27    3705.02    3    3633.56    126    4
(advertise)    33    3709.22    34    3
(advertise)    33    3732.04    30    3
(relay)    32    43    3748.65    3    3517.49    124    3
(advertise)    33    3755.05    26    3
(relay)    23    18    3771.86    3    3697.41    126    3
(advertise)    33    3776.06    27    3
(relay)    32    41    3792.48    3    3354.3    121    3
(advertise)    33    3798.88    43    3
(relay)    0    0    3819.69    3    3819.49    127    3
(advertise)    33    3820.89    18    3
(relay)    32    6    3836.1    3    3594.53    124    3
(advertise)    33    3842.1    41    3
(relay)    21    44    3853.32    3    3520.68    122    3
(advertise)    33    3865.32    0    3
(advertise)    33    3887.53    6    3
(relay)    32    3    3903.14    3    3559.44    121    2
(advertise)    33    3909.74    44    3
(relay)    32    7    3926.55    3    3570.46    121    2
(advertise)    33    3930.95    3    3
(relay)    23    48    3952.97    3    3756.45    124    2
(advertise)    33    3954.37    7    3
(relay)    32    25    3971.98    3    3687.32    121    2
(advertise)    33    3975.78    48    3
(relay)    23    17    3996.59    3    3692.35    122    2
(advertise)    33    3998.99    25    3
(generate)    33    4007.61    [1, 6, 7, 19]    5
(advertise)    33    4020.62    17    3
(relay)    23    2    4041.63    3    3805.39    120    1
(advertise)    33    4043.43    2    3
(relay)    23    42    4063.85    3    3828.46    123    1
(advertise)    33    4064.65    42    3
(relay)    32    13    4084.46    3    3822.41    121    1
(advertise)    33    4086.06    13    3
(relay)    32    32    4103.27    4    4102.66    127    1
(relay)    32    36    4107.07    3    3995.57    125    2
(relay)    23    24    4107.27    4    4036.42    125    3
(advertise)    33    4108.27    32    4
(relay)    0    1    4126.08    4    4105.65    126    3
(advertise)    33    4129.28    36    3
(relay)    32    15    4150.7    3    3859.41    120    3
(advertise)    33    4151.9    24    4
(relay)    23    10    4173.71    4    4098.65    125    3
(advertise)    33    4173.91    1    4
(advertise)    33    4195.32    15    3
(relay)    32    47    4215.34    5    4015.53    122    2
(advertise)    33    4217.54    10    4
(advertise)    33    4239.35    47    5
(relay)    23    16    4262.16    4    4099.65    124    1
(advertise)    33    4262.96    16    4
(relay)    21    45    4275.38    4    4156.23    122    1
(relay)    23    4    4284.98    4    4093.65    123    2
(advertise)    33    4285.78    45    4
(relay)    32    35    4303.39    4    4203.7    125    2
(advertise)    33    4308.79    4    4
(relay)    32    38    4324.8    4    4155.66    123    2
(advertise)    33    4330.8    35    4
(relay)    23    19    4349.21    4    4142.68    124    2
(advertise)    33    4354.01    38    4
(relay)    32    39    4368.03    4    4252.71    124    2
(advertise)    33    4375.83    19    4
(relay)    23    8    4395.04    4    4302.76    125    2
(advertise)    33    4399.24    39    4
(relay)    32    9    4414.65    4    4055.54    120    2
(advertise)    33    4421.85    8    4
(relay)    21    21    4425.67    4    4425.65    127    2
(relay)    23    12    4437.07    4    4247.94    123    3
(advertise)    33    4444.87    9    4
(relay)    32    5    4458.08    4    4347.59    125    3
(advertise)    33    4466.08    21    4
(relay)    23    23    4474.29    4    4473.69    127    3
(advertise)    33    4487.89    12    4
(relay)    32    37    4503.31    4    4361.59    125    3
(relay)    23    20    4505.31    4    4413.64    125    4
(advertise)    33    4508.91    5    4
(advertise)    33    4531.32    23    4
(relay)    23    14    4548.73    4    4367.61    123    3
(advertise)    33    4553.33    37    4
(relay)    32    29    4569.94    4    4488.69    126    3
(advertise)    33    4578.34    20    4
(relay)    23    22    4592.96    4    4505.51    126    3
(relay)    32    28    4594.76    4    4404.03    125    4
(advertise)    33    4599.56    14    4
(advertise)    33    4620.97    29    4
(relay)    32    40    4639.58    4    4399.41    124    3
(advertise)    33    4645.18    22    4
(relay)    23    11    4661.6    4    4402.63    123    3
(advertise)    33    4668.6    28    4
(relay)    23    26    4684.21    4    4520.71    125    3
(advertise)    33    4691.41    40    4
(relay)    23    27    4704.42    4    4633.57    126    3
(advertise)    33    4712.62    11    4
(relay)    32    30    4728.44    4    4497.68    124    3
(advertise)    33    4734.84    26    4
(relay)    23    46    4747.65    4    4318.52    121    3
(advertise)    33    4757.85    27    4
(relay)    23    18    4770.66    4    4697.61    126    3
(advertise)    33    4780.26    30    4
(relay)    23    44    4792.87    4    4521.89    123    3
(relay)    32    34    4796.27    4    4346.52    122    4
(advertise)    33    4801.67    46    4
(advertise)    33    4824.89    18    4
(heartbeat)    31    1    4674.2    33    4837.9    127    0
(relay)    32    43    4842.3    4    4517.69    124    4
(advertise)    33    4848.5    44    4
(advertise)    33    4872.51    34    4
(relay)    23    41    4882.73    4    4354.5    120    3
(advertise)    33    4895.33    31    1
(advertise)    33    4916.34    43    4
(relay)    21    0    4921.15    4    4820.09    125    2
(relay)    23    48    4926.75    4    4756.65    125    3
(relay)    32    7    4931.15    4    4570.65    120    4
(advertise)    33    4937.75    41    4
(relay)    23    3    4949.77    4    4559.64    121    4
(advertise)    33    4960.97    0    4
(advertise)    33    4982.58    48    4
(advertise)    33    5003.79    7    4
(generate)    33    5007.8    [1, 6, 7, 19]    6
(relay)    23    17    5015.62    4    4692.54    120    2
(advertise)    33    5025.22    3    4
(relay)    23    2    5038.03    4    4805.57    120    2
(advertise)    33    5046.63    17    4
(advertise)    33    5067.64    2    4
(relay)    23    42    5081.26    4    4828.66    123    1
(advertise)    33    5089.06    42    4
(relay)    32    32    5103.47    5    5102.86    4    1
(relay)    23    24    5105.07    5    5036.6    3    2
(relay)    32    36    5107.47    4    4995.77    2    3
(advertise)    33    5110.47    32    5
(advertise)    33    5133.68    24    5
(relay)    32    10    5149.7    5    5098.84    1    2
(advertise)    33    5155.1    36    4
(relay)    21    1    5166.11    5    5105.84    4    1
(advertise)    33    5176.11    1    5
(relay)    23    16    5191.92    5    5099.84    3    1
(advertise)    33    5198.12    16    5
(relay)    32    19    5219.13    5    5142.88    2    1
(advertise)    33    5220.73    19    5
(relay)    32    38    5240.35    5    5155.84    1    1
(relay)    23    4    5255.75    5    5093.84    3    1
(advertise)    33    5255.95    4    5
(relay)    32    35    5263.56    5    5203.88    2    1
(advertise)    33    5278.96    35    5
(relay)    23    12    5299.57    5    5248.13    2    1
(advertise)    33    5299.97    12    5
(relay)    32    39    5308.79    5    5252.88    1    1
(relay)    23    8    5344.59    5    5302.96    3    1
(advertise)    33    5344.79    8    5
(relay)    23    5    5370.2    5    5347.77    1    1
(relay)    23    37    5397.6    5    5361.76    1    1
(relay)    23    20    5418.8    5    5413.79    3    1
(advertise)    33    5419.0    20    5
(relay)    32    40    5423.61    5    5399.52    1    1
(relay)    21    21    5426.01    5    5425.81    5    1
(advertise)    33    5441.01    21    5
(relay)    23    11    5462.43    5    5402.81    1    1
(relay)    23    23    5474.43    5    5473.89    4    1
(advertise)    33    5474.63    23    5
(relay)    23    28    5484.64    5    5404.2    1    1
(relay)    23    22    5507.04    5    5505.68    3    1
(advertise)    33    5507.24    22    5
(relay)    23    26    5530.85    5    5520.86    2    1
(advertise)    33    5532.05    26    5
(relay)    23    29    5555.66    5    5488.88    1    1
(relay)    23    44    5577.26    5    5522.03    2    1
(advertise)    33    5577.46    44    5
(relay)    32    43    5602.28    5    5517.84    2    1
(advertise)    33    5602.48    43    5
(relay)    32    30    5625.69    5    5497.88    1    1
(relay)    23    27    5635.09    5    5633.74    2    1
(advertise)    33    5635.29    27    5
(relay)    32    6    5671.5    5    5594.83    2    1
(advertise)    33    5671.7    6    5
(relay)    23    18    5698.72    5    5697.69    4    1
(advertise)    33    5698.92    18    5
(relay)    23    48    5759.73    5    5756.7    3    1
(advertise)    33    5759.93    48    5
(relay)    0    0    5820.74    5    5820.13    5    1
(advertise)    33    5820.94    0    5
(relay)    23    42    5845.76    5    5828.7    2    1
(advertise)    33    5846.36    42    5
(relay)    32    36    5997.37    5    5995.77    2    1
(advertise)    33    5997.57    36    5
(generate)    33    6007.98    [1, 6, 7, 19]    7
(relay)    23    24    6044.19    6    6036.77    3    1
(advertise)    33    6044.39    24    6
(relay)    32    10    6101.01    6    6098.87    1    1
(relay)    32    32    6103.41    6    6102.92    4    1
(advertise)    33    6103.61    32    6
(relay)    21    1    6125.82    6    6105.93    4    1
(advertise)    33    6126.62    1    6
(relay)    23    4    6147.03    6    6093.99    3    1
(advertise)    33    6148.03    4    6
(relay)    23    19    6187.45    6    6142.9    2    1
(advertise)    33    6187.65    19    6
(relay)    23    16    6211.26    6    6099.98    2    1
(advertise)    33    6211.86    16    6
(relay)    32    35    6237.07    6    6204.02    2    1
(advertise)    33    6237.87    35    6
(relay)    23    12    6260.49    6    6248.27    3    1
(advertise)    33    6262.09    12    6
(relay)    32    39    6284.7    6    6252.9    2    1
(advertise)    33    6285.1    39    6
(relay)    23    8    6308.71    6    6303.35    3    1
(advertise)    33    6308.91    8    6
(relay)    32    5    6349.92    6    6347.9    2    1
(advertise)    33    6350.12    5    6
(relay)    23    14    6372.74    6    6367.91    2    1
(advertise)    33    6373.34    14    6
(relay)    23    20    6414.55    6    6413.91    3    1
(advertise)    33    6414.75    20    6
(relay)    21    21    6425.96    6    6425.95    5    1
(advertise)    33    6436.56    21    6
(relay)    32    28    6440.98    6    6404.32    2    1
(advertise)    33    6457.58    28    6
(relay)    23    11    6460.19    6    6402.98    1    1
(relay)    23    23    6474.99    6    6474.08    4    1
(advertise)    33    6481.19    23    6
(relay)    32    40    6483.6    6    6399.58    2    1
(advertise)    33    6503.0    40    6
(relay)    23    22    6506.82    6    6505.68    3    1
(advertise)    33    6525.02    22    6
(relay)    32    29    6529.63    6    6488.89    2    1
(advertise)    33    6548.43    29    6
(relay)    23    26    6552.44    6    6520.98    3    1
(advertise)    33    6571.04    26    6
(relay)    23    44    6574.65    6    6523.31    1    1
(relay)    32    43    6593.45    6    6517.95    2    1
(advertise)    33    6594.25    43    6
(relay)    32    6    6618.27    6    6594.89    2    1
(advertise)    33    6618.47    6    6
(relay)    23    27    6641.28    6    6633.8    2    1
(advertise)    33    6642.08    27    6
(relay)    23    18    6698.09    6    6697.79    4    1
(advertise)    33    6698.29    18    6
(relay)    23    48    6760.51    6    6756.82    3    1
(advertise)    33    6760.71    48    6
(relay)    0    0    6820.92    6    6820.31    5    1
(advertise)    33    6821.12    0    6
(relay)    32    42    6846.73    6    6828.79    1    1
(relay)    32    36    6997.33    6    6995.83    2    1
(advertise)    33    6997.53    36    6
(generate)    33    7008.15    [1, 6, 7, 19]    8
(relay)    32    24    7044.36    7    7036.89    2    1
(advertise)    33    7044.56    24    7
(relay)    23    4    7097.37    7    7094.09    3    1
(advertise)    33    7097.57    4    7
(relay)    32    32    7103.98    7    7102.93    4    1
(advertise)    33    7120.58    32    7
(relay)    32    10    7123.4    7    7098.89    1    1
(relay)    0    1    7142.0    7    7105.98    4    1
(advertise)    33    7143.0    1    7
(relay)    32    38    7171.61    7    7155.91    2    1
(advertise)    33    7171.81    38    7
(relay)    23    16    7187.42    7    7100.05    3    1
(advertise)    33    7192.82    16    7
(relay)    23    19    7229.64    7    7143.05    3    1
(advertise)    33    7229.84    19    7
(relay)    32    35    7251.05    7    7204.11    2    1
(advertise)    33    7251.25    35    7
(relay)    23    12    7277.46    7    7248.4    2    1
(advertise)    33    7277.66    12    7
(relay)    32    39    7299.88    7    7252.95    2    1
(advertise)    33    7300.08    39    7
(relay)    23    8    7321.49    7    7303.53    3    1
(advertise)    33    7322.29    8    7
(relay)    23    5    7351.3    7    7348.01    1    1
(relay)    32    37    7372.9    7    7361.97    2    1
(advertise)    33    7373.1    37    7
(relay)    32    14    7395.11    7    7368.04    1    1
(relay)    23    20    7414.71    7    7414.01    3    1
(advertise)    33    7414.91    20    7
(relay)    32    28    7416.73    7    7404.44    2    1
(relay)    21    21    7426.33    7    7426.13    5    2
(advertise)    33    7437.93    28    7
(advertise)    33    7459.54    21    7
(relay)    23    23    7475.15    7    7474.1    4    1
(advertise)    33    7484.55    23    7
(relay)    32    29    7503.97    7    7488.9    2    1
(advertise)    33    7507.17    29    7
(relay)    32    30    7525.98    7    7498.14    2    1
(relay)    23    22    7526.38    7    7505.84    3    2
(advertise)    33    7530.58    30    7
(relay)    23    26    7547.79    7    7521.1    3    2
(advertise)    33    7552.79    22    7
(relay)    23    44    7569.61    7    7523.4    2    2
(advertise)    33    7573.81    26    7
(advertise)    33    7598.62    44    7
(relay)    32    6    7617.23    7    7594.95    2    1
(advertise)    33    7621.83    6    7
(relay)    32    27    7638.84    7    7633.83    2    1
(advertise)    33    7644.04    27    7
(relay)    23    18    7698.26    7    7697.89    4    1
(advertise)    33    7698.46    18    7
(relay)    0    0    7821.07    7    7820.46    5    1
(advertise)    33    7821.27    0    7
(relay)    23    42    7846.08    7    7828.86    2    1
(advertise)    33    7846.28    42    7
(relay)    32    36    7997.7    7    7995.95    2    1
(advertise)    33    7997.9    36    7
(generate)    33    8008.31    [1, 6, 7, 19]    9
(relay)    23    24    8038.52    8    8037.02    3    1
(advertise)    33    8038.72    24    8
(relay)    23    4    8099.14    8    8094.17    3    1
(advertise)    33    8099.34    4    8
(relay)    32    32    8103.95    8    8102.94    4    1
(advertise)    33    8121.75    32    8
(relay)    0    1    8142.16    8    8106.04    4    1
(advertise)    33    8143.96    1    8
(relay)    32    38    8164.17    8    8155.93    2    1
(relay)    23    10    8164.57    8    8098.9    1    2
(advertise)    33    8165.57    38    8
(relay)    32    16    8186.19    8    8100.14    2    1
(advertise)    33    8187.59    16    8
(relay)    32    35    8208.8    8    8204.24    2    1
(advertise)    33    8209.0    35    8
(relay)    21    19    8213.01    8    8143.16    1    1
(relay)    23    12    8250.41    8    8248.51    3    1
(advertise)    33    8250.61    12    8
(relay)    32    39    8277.83    8    8252.96    1    1
(relay)    23    8    8306.03    8    8303.72    3    1
(advertise)    33    8306.23    8    8
(relay)    32    5    8351.84    8    8348.15    2    1
(advertise)    33    8352.04    5    8
(relay)    23    14    8372.85    8    8368.12    2    1
(advertise)    33    8373.45    14    8
(relay)    23    37    8397.47    8    8362.08    1    1
(relay)    23    20    8418.67    8    8414.12    3    1
(advertise)    33    8418.87    20    8
(relay)    21    21    8426.48    8    8426.28    5    1
(advertise)    33    8440.68    21    8
(relay)    32    28    8464.29    8    8404.57    2    1
(advertise)    33    8464.49    28    8
(relay)    23    23    8475.3    8    8474.23    4    1
(advertise)    33    8485.9    23    8
(relay)    32    29    8527.52    8    8488.9    2    1
(advertise)    33    8527.72    29    8
(relay)    32    30    8551.13    8    8498.29    2    1
(advertise)    33    8551.93    30    8
(relay)    23    26    8574.14    8    8521.21    2    1
(advertise)    33    8575.34    26    8
(relay)    32    6    8598.56    8    8595.02    2    1
(advertise)    33    8598.76    6    8
(relay)    23    44    8619.77    8    8523.47    2    1
(advertise)    33    8620.77    44    8
(relay)    23    27    8641.38    8    8633.84    2    1
(advertise)    33    8644.38    27    8
(heartbeat)    31    2    8674.21    33    8676.0    3    3
(advertise)    33    8676.2    31    2
(relay)    23    18    8699.21    8    8698.0    4    1
(advertise)    33    8699.81    18    8
(relay)    23    48    8758.62    8    8757.03    3    1
(advertise)    33    8758.82    48    8
(relay)    0    0    8821.63    8    8820.62    5    1
(advertise)    33    8821.83    0    8
(relay)    23    42    8847.65    8    8828.95    2    1
(advertise)    33    8848.05    42    8
(relay)    32    36    8999.06    8    8996.09    2    1
(advertise)    33    8999.26    36    8
(generate)    33    9008.47    [1, 6, 7, 19]    10
(relay)    23    24    9043.49    9    9037.16    3    1
(advertise)    33    9043.69    24    9
(relay)    23    4    9099.7    9    9094.25    3    1
(advertise)    33    9099.9    4    9
(relay)    32    32    9103.91    9    9102.96    4    1
(relay)    32    10    9121.51    9    9099.13    1    2
(advertise)    33    9122.31    32    9
(relay)    0    1    9144.13    9    9106.11    4    1
(advertise)    33    9144.53    1    9
(relay)    32    16    9188.94    9    9100.23    1    1
(relay)    32    19    9209.34    9    9143.31    2    1
(advertise)    33    9209.54    19    9
(relay)    32    35    9232.35    9    9204.4    2    1
(advertise)    33    9233.15    35    9
(relay)    32    39    9283.16    9    9252.99    2    1
(advertise)    33    9283.36    39    9
(relay)    32    8    9305.98    9    9303.75    2    1
(advertise)    33    9306.18    8    9
(relay)    32    5    9349.99    9    9348.31    2    1
(advertise)    33    9350.19    5    9
(relay)    23    14    9373.6    9    9368.26    2    1
(advertise)    33    9373.8    14    9
(relay)    23    37    9395.62    9    9362.26    1    1
(relay)    23    11    9418.42    9    9403.4    1    1
(relay)    32    40    9420.62    9    9399.7    2    1
(advertise)    33    9420.82    40    9
(relay)    21    21    9427.03    9    9426.44    5    1
(advertise)    33    9442.43    21    9
(relay)    32    20    9466.64    9    9414.23    2    1
(advertise)    33    9467.24    20    9
(relay)    23    23    9475.26    9    9474.25    4    1
(advertise)    33    9489.46    23    9
(relay)    23    22    9507.67    9    9506.05    3    1
(relay)    32    29    9509.27    9    9489.53    2    2
(advertise)    33    9512.67    22    9
(advertise)    33    9535.08    29    9
(relay)    23    26    9552.89    9    9521.34    3    1
(advertise)    33    9556.89    26    9
(relay)    23    44    9573.11    9    9523.54    2    1
(advertise)    33    9581.31    44    9
(relay)    23    30    9594.92    9    9498.48    1    1
(relay)    32    43    9598.72    9    9518.33    2    1
(advertise)    33    9604.32    43    9
(relay)    23    27    9640.33    9    9633.86    2    1
(advertise)    33    9640.53    27    9
(relay)    32    6    9642.75    9    9595.07    2    1
(advertise)    33    9661.75    6    9
(relay)    23    18    9699.36    9    9698.1    4    1
(advertise)    33    9699.56    18    9
(relay)    23    48    9757.77    9    9757.15    3    1
(advertise)    33    9757.97    48    9
(relay)    0    0    9821.79    9    9820.77    5    1
(advertise)    33    9821.99    0    9
(relay)    23    42    9846.4    9    9829.02    2    1
(advertise)    33    9846.6    42    9
(relay)    32    36    9999.21    9    9996.23    2    1
(advertise)    33    9999.41    36    9
(generate)    33    10008.63    [1, 6, 7, 19]    11
(relay)    23    24    10043.04    10    10037.28    3    1
(advertise)    33    10043.24    24    10
(relay)    23    4    10100.45    10    10094.34    3    1
(advertise)    33    10100.65    4    10
(relay)    32    32    10104.06    10    10102.98    4    1
(advertise)    33    10123.86    32    10
(relay)    21    1    10144.48    10    10106.14    4    1
(advertise)    33    10146.28    1    10
(relay)    0    16    10169.69    10    10100.33    1    1
(relay)    32    38    10194.69    10    10155.99    2    1
(advertise)    33    10194.89    38    10
(relay)    23    19    10212.5    10    10143.46    3    1
(advertise)    33    10216.7    19    10
(relay)    32    35    10239.72    10    10204.51    2    1
(advertise)    33    10240.12    35    10
(relay)    32    39    10262.73    10    10253.01    2    1
(advertise)    33    10263.13    39    10
(relay)    23    12    10280.74    10    10248.76    3    1
(advertise)    33    10285.14    12    10
(relay)    32    8    10317.56    10    10303.94    2    1
(advertise)    33    10317.76    8    10
(relay)    32    5    10364.97    10    10348.45    2    1
(advertise)    33    10365.17    5    10
(relay)    23    14    10385.98    10    10368.37    3    1
(advertise)    33    10386.18    14    10
(relay)    23    20    10415.79    10    10414.35    3    1
(advertise)    33    10415.99    20    10
(relay)    21    21    10427.21    10    10426.63    5    1
(relay)    32    28    10430.01    10    10404.88    2    2
(advertise)    33    10437.21    21    10
(advertise)    33    10459.82    28    10
(relay)    23    23    10474.43    10    10474.28    4    1
(advertise)    33    10481.03    23    10
(relay)    23    11    10482.45    10    10403.56    1    1
(relay)    23    22    10508.05    10    10506.25    3    1
(advertise)    33    10508.25    22    10
(relay)    32    29    10521.26    10    10489.56    2    1
(advertise)    33    10530.86    29    10
(relay)    23    26    10551.87    10    10521.48    3    1
(advertise)    33    10552.07    26    10
(relay)    23    44    10573.49    10    10523.64    2    1
(advertise)    33    10573.69    44    10
(relay)    23    30    10595.1    10    10498.63    1    1
(relay)    32    43    10607.9    10    10518.45    1    1
(relay)    32    6    10631.3    10    10595.1    2    1
(advertise)    33    10631.5    6    10
(relay)    32    27    10652.71    10    10633.91    2    1
(advertise)    33    10653.11    27    10
(relay)    23    18    10699.52    10    10698.2    4    1
(advertise)    33    10699.72    18    10
(relay)    32    48    10759.74    10    10757.26    1    1
(relay)    0    0    10821.94    10    10820.94    5    1
(advertise)    33    10822.14    0    10
(relay)    23    42    10848.55    10    10829.11    2    1
(advertise)    33    10848.95    42    10
(relay)    32    36    10999.36    10    10996.36    2    1
(advertise)    33    10999.56    36    10
(generate)    33    11008.78    [1, 6, 7, 19]    12
(relay)    0    24    11048.79    11    11037.41    1    1
(relay)    32    4    11099.19    11    11094.43    2    1
(advertise)    33    11099.39    4    11
(relay)    32    32    11103.0    11    11102.98    4    1
(relay)    32    10    11121.8    11    11099.34    1    2
(advertise)    33    11122.6    32    11
(relay)    0    1    11143.02    11    11106.19    4    1
(advertise)    33    11145.62    1    11
(relay)    32    16    11166.83    11    11100.43    2    1
(advertise)    33    11168.03    16    11
(relay)    32    38    11191.04    11    11156.01    2    1
(advertise)    33    11191.24    38    11
(relay)    23    19    11211.45    11    11143.62    3    1
(advertise)    33    11212.65    19    11
(relay)    32    35    11235.47    11    11204.66    2    1
(advertise)    33    11236.47    35    11
(relay)    32    39    11258.88    11    11253.04    2    1
(advertise)    33    11261.48    39    11
(relay)    23    12    11278.89    11    11248.89    3    1
(advertise)    33    11282.89    12    11
(relay)    32    8    11321.51    11    11304.13    2    1
(advertise)    33    11321.71    8    11
(relay)    32    5    11351.72    11    11348.56    2    1
(advertise)    33    11351.92    5    11
(relay)    32    37    11372.13    11    11362.54    2    1
(advertise)    33    11373.53    37    11
(relay)    32    14    11397.15    11    11368.45    2    1
(advertise)    33    11398.15    14    11
(relay)    23    20    11420.16    11    11414.46    3    1
(advertise)    33    11421.56    20    11
(relay)    21    21    11427.37    11    11426.81    5    1
(advertise)    33    11445.77    21    11
(relay)    32    40    11464.38    11    11399.91    2    1
(relay)    23    11    11466.38    11    11403.73    1    2
(advertise)    33    11468.38    40    11
(relay)    23    23    11474.4    11    11474.31    4    1
(relay)    32    28    11487.0    11    11405.0    1    2
(advertise)    33    11491.8    23    11
(relay)    23    22    11507.61    11    11506.44    3    1
(advertise)    33    11512.81    22    11
(relay)    23    26    11529.42    11    11521.59    3    1
(relay)    32    29    11532.02    11    11489.59    2    2
(advertise)    33    11534.62    26    11
(advertise)    33    11557.24    29    11
(relay)    23    44    11571.65    11    11524.32    1    1
(relay)    32    30    11576.25    11    11498.75    2    1
(advertise)    33    11579.65    30    11
(relay)    32    43    11623.06    11    11518.63    2    1
(advertise)    33    11623.26    43    11
(relay)    32    27    11643.68    11    11633.94    2    1
(advertise)    33    11644.48    27    11
(relay)    32    6    11667.09    11    11595.15    2    1
(advertise)    33    11668.49    6    11
(relay)    23    18    11699.5    11    11698.3    4    1
(advertise)    33    11699.7    18    11
(relay)    23    48    11759.11    11    11757.36    1    1
(relay)    0    0    11821.11    11    11821.11    5    1
(advertise)    33    11821.31    0    11
(relay)    23    42    11847.53    11    11829.19    2    1
(advertise)    33    11847.73    42    11
(relay)    32    36    11999.94    11    11996.53    2    1
(advertise)    33    12000.14    36    11
(generate)    33    12008.95    [1, 6, 7, 19]    13
(relay)    23    24    12046.17    12    12037.53    3    1
(advertise)    33    12046.37    24    12
(relay)    23    4    12097.78    12    12094.47    3    1
(advertise)    33    12097.98    4    12
(relay)    32    32    12103.19    12    12103.01    4    1
(advertise)    33    12120.19    32    12
(relay)    32    10    12121.81    12    12099.56    1    1
(relay)    23    1    12141.61    12    12106.37    4    1
(advertise)    33    12143.81    1    12
(relay)    32    16    12167.62    12    12100.51    1    1
(relay)    32    38    12190.62    12    12156.02    2    1
(advertise)    33    12190.82    38    12
(relay)    32    19    12214.63    12    12143.74    2    1
(advertise)    33    12214.83    19    12
(relay)    32    35    12237.44    12    12204.66    2    1
(advertise)    33    12238.44    35    12
(relay)    32    39    12260.66    12    12253.06    2    1
(advertise)    33    12260.86    39    12
(relay)    23    12    12277.67    12    12248.96    3    1
(advertise)    33    12284.07    12    12
(relay)    23    8    12322.08    12    12304.3    3    1
(advertise)    33    12322.28    8    12
(relay)    32    5    12366.7    12    12348.57    2    1
(advertise)    33    12366.9    5    12
(relay)    23    14    12388.91    12    12368.55    3    1
(advertise)    33    12389.11    14    12
(relay)    32    40    12413.92    12    12399.93    2    1
(relay)    23    11    12414.52    12    12403.83    1    2
(advertise)    33    12414.72    40    12
(relay)    21    21    12427.94    12    12426.97    5    1
(advertise)    33    12437.14    21    12
(relay)    32    28    12457.15    12    12405.02    2    1
(advertise)    33    12458.15    28    12
(relay)    23    20    12459.36    12    12414.57    2    1
(relay)    23    23    12474.36    12    12474.33    4    2
(advertise)    33    12481.56    20    12
(advertise)    33    12503.77    23    12
(relay)    23    22    12507.99    12    12506.61    3    1
(relay)    32    29    12522.99    12    12489.63    2    2
(advertise)    33    12527.19    22    12
(relay)    32    30    12543.2    12    12498.75    2    2
(advertise)    33    12550.2    29    12
(relay)    23    26    12552.21    12    12521.73    3    2
(advertise)    33    12572.21    30    12
(advertise)    33    12595.43    26    12
(relay)    23    44    12598.44    12    12524.38    2    1
(advertise)    33    12618.44    44    12
(relay)    23    43    12621.45    12    12518.68    1    1
(relay)    23    27    12641.85    12    12633.97    2    1
(advertise)    33    12642.25    27    12
(relay)    23    6    12665.67    12    12595.22    1    1
(heartbeat)    31    3    12674.23    33    12688.07    3    3
(advertise)    33    12688.27    31    3
(relay)    23    18    12710.88    12    12698.41    4    1
(advertise)    33    12711.48    18    12
(relay)    0    48    12760.49    12    12757.49    1    1
(relay)    0    0    12821.49    12    12821.3    5    1
(advertise)    33    12821.69    0    12
(relay)    23    42    12846.7    12    12829.24    2    1
(advertise)    33    12847.5    42    12
(relay)    32    36    12998.32    12    12996.7    2    1
(advertise)    33    12998.52    36    12
(generate)    33    13009.13    [1, 6, 7, 19]    14
(relay)    23    24    13044.74    13    13037.67    3    1
(advertise)    33    13044.94    24    13
(relay)    23    4    13096.16    13    13094.56    3    1
(advertise)    33    13096.36    4    13
(relay)    32    32    13103.17    13    13103.05    4    1
(advertise)    33    13119.17    32    13
(relay)    32    10    13121.38    13    13099.57    1    1
(relay)    23    1    13138.98    13    13106.46    4    1
(advertise)    33    13141.78    1    13
(relay)    32    16    13168.4    13    13100.62    2    1
(advertise)    33    13168.6    16    13
(relay)    32    38    13189.81    13    13156.04    2    1
(advertise)    33    13191.81    38    13
(relay)    23    19    13206.42    13    13143.87    3    1
(advertise)    33    13214.02    19    13
(relay)    32    35    13237.23    13    13204.8    2    1
(advertise)    33    13238.03    35    13
(relay)    32    12    13261.85    13    13249.08    2    1
(advertise)    33    13263.25    12    13
(relay)    32    39    13281.86    13    13253.08    2    1
(advertise)    33    13284.66    39    13
(relay)    32    8    13306.47    13    13304.48    2    1
(advertise)    33    13306.87    8    13
(relay)    32    5    13352.49    13    13348.72    2    1
(advertise)    33    13352.69    5    13
(relay)    23    14    13373.7    13    13368.67    2    1
(advertise)    33    13375.7    14    13
(relay)    23    37    13397.71    13    13362.68    1    1
(relay)    23    20    13420.11    13    13414.71    3    1
(advertise)    33    13420.31    20    13
(relay)    32    28    13422.33    13    13405.16    2    1
(relay)    21    21    13428.13    13    13427.16    5    2
(advertise)    33    13441.33    28    13
(advertise)    33    13462.34    21    13
(relay)    23    23    13475.15    13    13474.58    4    1
(advertise)    33    13483.35    23    13
(relay)    23    11    13485.16    13    13404.01    1    1
(relay)    32    40    13488.76    13    13399.97    2    1
(advertise)    33    13504.56    40    13
(relay)    23    22    13531.38    13    13506.62    3    1
(advertise)    33    13531.58    22    13
(relay)    23    29    13552.79    13    13489.68    1    1
(relay)    32    30    13554.19    13    13498.91    2    1
(advertise)    33    13555.19    30    13
(relay)    23    26    13575.2    13    13521.88    2    1
(advertise)    33    13576.8    26    13
(relay)    0    43    13623.42    13    13518.83    1    1
(relay)    32    44    13642.82    13    13524.48    1    1
(relay)    32    6    13664.22    13    13595.28    2    1
(advertise)    33    13664.42    6    13
(relay)    23    27    13667.63    13    13634.01    2    1
(advertise)    33    13685.63    27    13
(relay)    32    18    13710.04    13    13698.51    2    1
(advertise)    33    13710.64    18    13
(relay)    0    0    13821.66    13    13821.49    5    1
(advertise)    33    13821.86    0    13
(relay)    23    42    13847.47    13    13829.34    1    1
(relay)    32    36    13998.47    13    13996.83    2    1
(advertise)    33    13998.67    36    13
(generate)    33    14009.28    [1, 6, 7, 19]    15
(relay)    23    24    14043.29    14    14037.81    3    1
(advertise)    33    14043.49    24    14
(relay)    32    4    14096.31    14    14094.66    2    1
(advertise)    33    14096.51    4    14
(relay)    32    32    14103.12    14    14103.09    4    1
(advertise)    33    14118.12    32    14
(relay)    32    10    14119.93    14    14099.58    1    1
(relay)    23    1    14141.33    14    14106.65    4    1
(advertise)    33    14141.53    1    14
(relay)    32    16    14165.75    14    14100.72    2    1
(advertise)    33    14166.55    16    14
(relay)    32    38    14186.96    14    14156.09    2    1
(advertise)    33    14188.36    38    14
(relay)    23    19    14206.97    14    14144.0    3    1
(advertise)    33    14209.77    19    14
(relay)    32    35    14252.79    14    14204.98    1    1
(relay)    23    12    14253.59    14    14249.23    2    1
(advertise)    33    14253.79    12    14
(relay)    32    39    14296.6    14    14253.12    2    1
(advertise)    33    14296.8    39    14
(relay)    23    8    14319.41    14    14304.67    3    1
(advertise)    33    14319.81    8    14
(relay)    32    5    14366.62    14    14348.88    2    1
(advertise)    33    14366.82    5    14
(relay)    23    14    14389.24    14    14368.81    2    1
(advertise)    33    14389.44    14    14
(relay)    32    20    14419.25    14    14414.83    2    1
(advertise)    33    14419.45    20    14
(relay)    21    21    14428.26    14    14427.33    5    1
(advertise)    33    14443.06    21    14
(relay)    32    28    14461.88    14    14405.31    2    1
(relay)    23    11    14463.48    14    14404.17    1    2
(advertise)    33    14465.08    28    14
(relay)    23    23    14475.09    14    14474.6    4    1
(advertise)    33    14487.09    23    14
(relay)    32    29    14506.5    14    14489.74    2    1
(advertise)    33    14509.1    29    14
(relay)    23    22    14527.92    14    14506.8    3    1
(relay)    32    30    14528.32    14    14499.06    2    2
(advertise)    33    14532.32    22    14
(relay)    23    26    14550.33    14    14522.02    3    2
(advertise)    33    14555.53    30    14
(relay)    23    44    14573.14    14    14524.57    2    2
(advertise)    33    14576.74    26    14
(advertise)    33    14599.15    44    14
(relay)    32    6    14618.57    14    14595.31    2    1
(advertise)    33    14620.17    6    14
(relay)    32    27    14640.38    14    14634.03    2    1
(advertise)    33    14641.98    27    14
(relay)    23    18    14700.99    14    14698.61    4    1
(advertise)    33    14701.19    18    14
(relay)    0    0    14821.81    14    14821.63    5    1
(advertise)    33    14822.01    0    14
(relay)    23    42    14846.62    14    14829.44    2    1
(advertise)    33    14847.02    42    14
(relay)    32    36    14997.63    14    14996.97    2    1
(advertise)    33    14997.83    36    14
(generate)    33    15009.45    [1, 6, 7, 19]    16
(relay)    23    24    15045.06    15    15037.95    3    1
(advertise)    33    15045.26    24    15
(relay)    23    4    15096.47    15    15094.74    3    1
(advertise)    33    15096.67    4    15
(relay)    32    32    15103.88    15    15103.28    4    1
(advertise)    33    15118.68    32    15
(relay)    23    1    15140.7    15    15106.7    4    1
(advertise)    33    15141.1    1    15
(relay)    23    10    15160.71    15    15099.71    1    1
(relay)    23    16    15183.11    15    15100.81    3    1
(advertise)    33    15183.31    16    15
(relay)    23    19    15207.92    15    15144.14    3    1
(advertise)    33    15208.12    19    15
(relay)    32    35    15232.54    15    15205.1    2    1
(advertise)    33    15233.34    35    15
(relay)    23    12    15252.15    15    15249.36    3    1
(advertise)    33    15255.15    12    15
(relay)    23    8    15306.56    15    15304.82    3    1
(advertise)    33    15306.76    8    15
(relay)    32    5    15352.78    15    15349.02    2    1
(advertise)    33    15352.98    5    15
(relay)    23    14    15370.99    15    15368.92    2    1
(advertise)    33    15375.99    14    15
(relay)    32    37    15396.4    15    15362.97    2    1
(advertise)    33    15397.2    37    15
(relay)    32    28    15420.41    15    15405.45    2    1
(advertise)    33    15421.01    28    15
(relay)    32    20    15440.63    15    15414.95    2    1
(relay)    23    21    15443.23    15    15427.45    4    2
(advertise)    33    15443.63    20    15
(advertise)    33    15465.64    21    15
(relay)    23    23    15475.25    15    15474.73    4    1
(relay)    32    40    15485.45    15    15400.04    2    2
(advertise)    33    15488.25    23    15
(advertise)    33    15509.67    40    15
(relay)    32    29    15531.28    15    15489.77    2    1
(advertise)    33    15531.88    29    15
(relay)    23    22    15533.09    15    15506.97    3    1
(relay)    23    26    15554.49    15    15522.72    3    2
(advertise)    33    15555.09    22    15
(relay)    32    43    15575.31    15    15519.13    2    2
(advertise)    33    15577.11    26    15
(relay)    23    44    15598.32    15    15524.65    1    2
(advertise)    33    15599.92    43    15
(relay)    32    6    15618.93    15    15595.36    2    1
(advertise)    33    15622.73    6    15
(relay)    32    27    15641.34    15    15634.22    2    1
(advertise)    33    15644.94    27    15
(relay)    32    18    15699.56    15    15698.71    3    1
(advertise)    33    15699.96    18    15
(relay)    23    48    15760.97    15    15758.04    3    1
(advertise)    33    15761.17    48    15
(relay)    0    0    15822.38    15    15821.81    5    1
(advertise)    33    15822.58    0    15
(relay)    23    42    15848.6    15    15829.51    2    1
(advertise)    33    15849.0    42    15
(relay)    32    36    15998.41    15    15997.15    2    1
(advertise)    33    15998.61    36    15
(generate)    33    16009.62    [1, 6, 7, 19]    17
(relay)    23    24    16046.64    16    16038.07    3    1
(advertise)    33    16046.84    24    16
(relay)    32    4    16098.05    16    16094.82    2    1
(advertise)    33    16098.25    4    16
(relay)    32    32    16104.06    16    16103.47    4    1
(advertise)    33    16119.86    32    16
(relay)    23    1    16141.47    16    16106.74    4    1
(advertise)    33    16142.27    1    16
(relay)    23    16    16162.49    16    16100.87    3    1
(advertise)    33    16164.09    16    16
(relay)    23    19    16206.7    16    16144.27    3    1
(advertise)    33    16206.9    19    16
(relay)    32    35    16230.31    16    16205.27    2    1
(advertise)    33    16230.51    35    16
(relay)    32    39    16278.13    16    16253.18    2    1
(advertise)    33    16278.33    39    16
(relay)    23    8    16307.34    16    16305.0    3    1
(advertise)    33    16307.54    8    16
(relay)    32    5    16351.75    16    16349.21    2    1
(advertise)    33    16351.95    5    16
(relay)    23    14    16374.57    16    16369.05    3    1
(advertise)    33    16375.37    14    16
(relay)    23    37    16398.58    16    16363.13    1    1
(relay)    21    21    16427.78    16    16427.62    5    1
(advertise)    33    16427.98    21    16
(relay)    32    40    16465.99    16    16400.04    2    1
(advertise)    33    16466.19    40    16
(relay)    23    23    16475.4    16    16474.92    4    1
(advertise)    33    16488.4    23    16
(relay)    23    22    16508.42    16    16507.13    3    1
(advertise)    33    16510.42    22    16
(relay)    23    29    16530.23    16    16489.78    1    1
(relay)    23    26    16551.83    16    16522.85    3    1
(advertise)    33    16552.03    26    16
(relay)    32    30    16555.24    16    16499.42    1    1
(relay)    23    44    16596.84    16    16524.71    2    1
(advertise)    33    16597.04    44    16
(relay)    23    6    16617.26    16    16595.42    1    1
(relay)    23    27    16640.46    16    16634.22    2    1
(advertise)    33    16640.66    27    16
(heartbeat)    31    4    16674.24    33    16677.27    3    9
(advertise)    33    16677.47    31    4
(relay)    23    18    16699.68    16    16698.81    3    1
(advertise)    33    16700.48    18    16
(relay)    32    48    16762.1    16    16758.18    2    1
(advertise)    33    16762.3    48    16
(relay)    0    0    16822.51    16    16821.96    5    1
(advertise)    33    16822.71    0    16
(relay)    23    42    16847.32    16    16829.6    2    1
(advertise)    33    16847.72    42    16
(relay)    32    36    16998.73    16    16997.3    2    1
(advertise)    33    16998.93    36    16
(generate)    33    17009.75    [1, 6, 7, 19]    18
(relay)    23    24    17048.56    17    17038.21    2    1
(advertise)    33    17048.76    24    17
(relay)    32    4    17098.57    17    17094.9    1    1
(relay)    32    32    17104.17    17    17103.66    4    1
(advertise)    33    17104.37    32    17
(relay)    23    1    17141.99    17    17106.81    4    1
(advertise)    33    17142.19    1    17
(relay)    23    10    17164.2    17    17100.08    1    1
(relay)    32    38    17168.0    17    17156.17    2    1
(advertise)    33    17168.2    38    17
(relay)    23    16    17186.41    17    17100.94    1    1
(relay)    32    35    17213.01    17    17205.37    2    1
(advertise)    33    17213.21    35    17
(relay)    23    19    17230.63    17    17144.39    2    1
(advertise)    33    17235.63    19    17
(relay)    32    39    17256.84    17    17253.21    2    1
(advertise)    33    17257.64    39    17
(relay)    23    8    17307.25    17    17305.0    3    1
(advertise)    33    17307.45    8    17
(relay)    32    5    17350.46    17    17349.35    2    1
(advertise)    33    17350.66    5    17
(relay)    32    37    17374.08    17    17363.24    2    1
(advertise)    33    17374.28    37    17
(relay)    23    20    17416.69    17    17415.2    3    1
(advertise)    33    17416.89    20    17
(relay)    21    21    17427.9    17    17427.76    5    1
(advertise)    33    17439.1    21    17
(relay)    23    11    17459.92    17    17404.63    1    1
(relay)    32    28    17465.12    17    17405.76    2    1
(advertise)    33    17465.52    28    17
(relay)    23    23    17475.93    17    17474.93    4    1
(advertise)    33    17486.53    23    17
(relay)    23    22    17508.14    17    17507.32    3    1
(advertise)    33    17508.34    22    17
(relay)    32    30    17530.56    17    17499.56    2    1
(advertise)    33    17531.56    30    17
(relay)    23    29    17576.37    17    17489.97    1    1
(relay)    32    43    17577.17    17    17519.39    2    1
(advertise)    33    17577.37    43    17
(relay)    32    6    17598.98    17    17595.48    2    1
(advertise)    33    17599.98    6    17
(relay)    23    44    17619.19    17    17524.79    2    1
(advertise)    33    17621.79    44    17
(relay)    32    27    17642.21    17    17634.23    2    1
(advertise)    33    17643.21    27    17
(relay)    23    18    17699.42    17    17698.89    3    1
(advertise)    33    17699.62    18    17
(relay)    23    48    17762.83    17    17758.29    2    1
(advertise)    33    17763.03    48    17
(relay)    0    0    17822.65    17    17822.1    5    1
(advertise)    33    17822.85    0    17
(relay)    23    42    17849.86    17    17829.68    2    1
(advertise)    33    17850.26    42    17
(relay)    32    36    17999.07    17    17997.44    2    1
(advertise)    33    17999.27    36    17
(generate)    33    18009.89    [1, 6, 7, 19]    19
(relay)    23    24    18044.3    18    18038.32    2    1
(advertise)    33    18044.5    24    18
(relay)    23    4    18099.11    18    18095.0    2    1
(advertise)    33    18099.31    4    18
(relay)    32    32    18104.92    18    18103.83    4    1
(advertise)    33    18120.32    32    18
(relay)    32    10    18122.54    18    18100.26    1    1
(relay)    21    1    18145.54    18    18107.0    4    1
(advertise)    33    18145.74    1    18
(relay)    32    16    18169.95    18    18101.03    1    1
(relay)    32    38    18192.35    18    18156.2    2    1
(advertise)    33    18192.55    38    18
(relay)    23    19    18211.16    18    18144.54    2    1
(advertise)    33    18214.16    19    18
(relay)    32    35    18235.18    18    18205.48    2    1
(advertise)    33    18235.98    35    18
(relay)    32    12    18275.19    18    18249.7    2    1
(advertise)    33    18275.39    12    18
(relay)    32    39    18298.0    18    18253.25    2    1
(advertise)    33    18300.4    39    18
(relay)    32    8    18319.62    18    18305.17    2    1
(advertise)    33    18321.82    8    18
(relay)    32    5    18351.23    18    18349.49    2    1
(advertise)    33    18351.43    5    18
(relay)    23    14    18375.44    18    18369.26    1    1
(relay)    21    37    18376.44    18    18363.37    1    1
(relay)    32    20    18416.44    18    18415.32    2    1
(advertise)    33    18416.64    20    18
(relay)    21    21    18428.05    18    18427.92    5    1
(relay)    32    40    18437.85    18    18400.26    2    2
(advertise)    33    18438.25    21    18
(advertise)    33    18460.47    40    18
(relay)    23    23    18475.88    18    18474.97    4    1
(advertise)    33    18481.68    23    18
(relay)    32    28    18486.09    18    18405.89    2    1
(relay)    23    11    18486.49    18    18404.79    1    2
(advertise)    33    18502.69    28    18
(relay)    32    29    18530.31    18    18490.0    2    1
(advertise)    33    18530.51    29    18
(relay)    32    30    18551.72    18    18499.67    2    1
(advertise)    33    18552.32    30    18
(relay)    23    26    18554.33    18    18523.26    1    1
(relay)    23    44    18600.33    18    18524.89    2    1
(advertise)    33    18600.53    44    18
(relay)    32    6    18625.15    18    18595.5    2    1
(advertise)    33    18625.35    6    18
(relay)    32    27    18647.36    18    18634.28    2    1
(advertise)    33    18647.96    27    18
(relay)    23    18    18699.77    18    18698.99    3    1
(advertise)    33    18699.97    18    18
(relay)    23    48    18760.38    18    18758.43    3    1
(advertise)    33    18760.58    48    18
(relay)    0    0    18822.8    18    18822.26    5    1
(advertise)    33    18823.0    0    18
(relay)    23    42    18850.61    18    18829.77    2    1
(advertise)    33    18850.81    42    18
(relay)    32    36    19000.02    18    18997.55    2    1
(advertise)    33    19000.22    36    18
(generate)    33    19010.04    [1, 6, 7, 19]    20
(relay)    23    24    19044.45    19    19038.46    2    1
(advertise)    33    19044.65    24    19
(relay)    23    4    19099.46    19    19095.07    2    1
(advertise)    33    19099.66    4    19
(relay)    32    32    19105.08    19    19104.02    4    1
(advertise)    33    19122.48    32    19
(relay)    21    1    19142.29    19    19107.2    4    1
(advertise)    33    19145.89    1    19
(relay)    23    10    19166.1    19    19100.29    1    1
(relay)    32    16    19168.5    19    19101.13    1    1
(relay)    32    38    19193.3    19    19156.2    2    1
(advertise)    33    19193.5    38    19
(relay)    32    19    19214.51    19    19144.65    1    1
(relay)    32    35    19237.51    19    19205.59    2    1
(advertise)    33    19237.71    35    19
(relay)    23    12    19273.93    19    19249.82    3    1
(advertise)    33    19274.13    12    19
(relay)    32    39    19297.54    19    19253.26    2    1
(advertise)    33    19298.14    39    19
(relay)    32    8    19318.55    19    19305.17    2    1
(advertise)    33    19319.35    8    19
(relay)    32    5    19351.97    19    19349.58    2    1
(advertise)    33    19352.17    5    19
(relay)    23    14    19374.98    19    19369.37    1    1
(relay)    32    37    19375.98    19    19363.47    2    1
(advertise)    33    19376.38    37    19
(relay)    23    11    19405.99    19    19404.91    1    1
(relay)    32    40    19419.59    19    19400.29    2    1
(advertise)    33    19419.79    40    19
(relay)    21    21    19428.81    19    19428.07    5    1
(advertise)    33    19442.81    21    19
(relay)    23    20    19449.42    19    19415.45    3    1
(advertise)    33    19465.22    20    19
(relay)    23    23    19476.03    19    19474.99    4    1
(advertise)    33    19488.03    23    19
(relay)    23    22    19507.84    19    19507.5    3    1
(relay)    32    29    19508.84    19    19490.01    2    2
(advertise)    33    19511.64    22    19
(advertise)    33    19532.86    29    19
(relay)    23    26    19551.07    19    19523.36    1    1
(relay)    32    30    19567.07    19    19499.78    1    1
(relay)    23    44    19573.27    19    19524.95    2    1
(advertise)    33    19573.47    44    19
(relay)    32    43    19611.08    19    19519.62    2    1
(advertise)    33    19611.28    43    19
(relay)    32    6    19632.1    19    19595.54    2    1
(advertise)    33    19633.3    6    19
(relay)    32    27    19653.71    19    19634.32    2    1
(advertise)    33    19655.11    27    19
(relay)    23    18    19700.52    19    19699.09    3    1
(advertise)    33    19700.72    18    19
(relay)    23    48    19759.34    19    19758.52    3    1
(advertise)    33    19759.54    48    19
(relay)    0    0    19823.35    19    19822.41    5    1
(advertise)    33    19823.55    0    19
(relay)    23    42    19849.76    19    19829.83    2    1
(advertise)    33    19850.16    42    19
(relay)    32    36    20000.57    19    19997.66    2    1
(advertise)    33    20000.77    36    19
(generate)    33    20010.19    [1, 6, 7, 19]    21
(relay)    23    24    20046.4    20    20038.58    2    1
(advertise)    33    20046.6    24    20
(relay)    32    32    20105.21    20    20104.21    4    1
(advertise)    33    20105.41    32    20
(relay)    32    10    20124.03    20    20100.3    1    1
(relay)    21    1    20126.63    20    20107.43    4    1
(advertise)    33    20127.43    1    20
(relay)    23    16    20165.64    20    20101.21    2    1
(advertise)    33    20165.84    16    20
(relay)    23    19    20189.25    20    20144.81    2    1
(advertise)    33    20189.85    19    20
(relay)    32    38    20215.47    20    20156.24    2    1
(advertise)    33    20215.87    38    20
(relay)    32    35    20239.08    20    20205.7    2    1
(advertise)    33    20239.88    35    20
(relay)    32    39    20261.49    20    20253.29    2    1
(relay)    23    12    20261.89    20    20249.93    2    2
(advertise)    33    20262.49    39    20
(advertise)    33    20285.5    12    20
(relay)    23    8    20305.72    20    20305.35    3    1
(advertise)    33    20306.52    8    20
(relay)    32    5    20352.33    20    20349.7    2    1
(advertise)    33    20352.53    5    20
(relay)    32    37    20375.34    20    20363.58    2    1
(advertise)    33    20375.54    37    20
(relay)    32    14    20399.56    20    20369.48    1    1
(relay)    23    20    20421.36    20    20415.57    3    1
(advertise)    33    20421.56    20    20
(relay)    21    21    20428.77    20    20428.21    5    1
(advertise)    33    20443.57    21    20
(relay)    23    11    20464.98    20    20405.01    1    1
(relay)    32    40    20469.98    20    20400.32    1    1
(relay)    21    23    20476.38    20    20474.99    3    1
(advertise)    33    20476.58    23    20
(relay)    23    28    20508.4    20    20406.12    1    1
(relay)    23    22    20530.6    20    20507.66    2    1
(advertise)    33    20530.8    22    20
(relay)    23    26    20553.41    20    20523.48    2    1
(advertise)    33    20554.61    26    20
(relay)    23    44    20573.62    20    20525.04    2    1
(advertise)    33    20576.42    44    20
(relay)    32    43    20578.63    20    20519.71    2    1
(relay)    23    30    20594.83    20    20499.92    1    2
(advertise)    33    20597.43    43    20
(relay)    23    27    20640.65    20    20634.34    2    1
(advertise)    33    20640.85    27    20
(relay)    32    6    20647.26    20    20595.57    2    1
(advertise)    33    20663.06    6    20
(heartbeat)    31    5    20674.25    33    20682.27    3    9
(advertise)    33    20685.27    31    5
(relay)    23    18    20703.89    20    20699.2    3    1
(advertise)    33    20707.69    18    20
(relay)    0    0    20823.5    20    20822.56    5    1
(advertise)    33    20823.7    0    20
(relay)    23    42    20848.71    20    20829.9    2    1
(advertise)    33    20848.91    42    20
(relay)    32    36    21000.73    20    20997.77    2    1
(advertise)    33    21000.93    36    20
(generate)    33    21010.34    [1, 6, 7, 19]    22
(relay)    23    24    21044.95    21    21038.7    2    1
(advertise)    33    21045.15    24    21
(relay)    32    32    21105.16    21    21104.24    4    1
(advertise)    33    21105.36    32    21
(relay)    23    10    21121.58    21    21100.32    1    1
(relay)    0    1    21126.98    21    21107.47    4    1
(advertise)    33    21129.78    1    21
(relay)    23    16    21189.79    21    21101.27    1    1
(relay)    32    19    21190.79    21    21145.0    1    1
(relay)    32    38    21215.59    21    21156.26    1    1
(relay)    32    35    21237.59    21    21205.8    2    1
(advertise)    33    21237.79    35    21
(relay)    32    39    21261.0    21    21253.32    2    1
(advertise)    33    21261.2    39    21
(relay)    23    12    21274.82    21    21250.06    3    1
(advertise)    33    21282.62    12    21
(relay)    32    8    21306.43    21    21305.54    2    1
(advertise)    33    21306.63    8    21
(relay)    32    5    21353.84    21    21349.82    2    1
(advertise)    33    21354.04    5    21
(relay)    23    14    21375.46    21    21369.59    1    1
(relay)    21    37    21377.86    21    21363.69    1    1
(relay)    21    21    21428.86    21    21428.31    5    1
(advertise)    33    21429.06    21    21
(relay)    32    40    21442.47    21    21400.36    2    1
(advertise)    33    21450.87    40    21
(relay)    23    11    21462.08    21    21405.16    1    1
(relay)    23    23    21475.08    21    21475.02    4    1
(advertise)    33    21475.48    23    21
(relay)    32    28    21485.09    21    21406.25    2    1
(advertise)    33    21496.69    28    21
(relay)    23    22    21528.51    21    21507.67    3    1
(advertise)    33    21528.71    22    21
(relay)    32    29    21530.52    21    21490.23    2    1
(relay)    23    26    21549.72    21    21523.61    2    2
(advertise)    33    21551.72    29    21
(advertise)    33    21575.33    26    21
(relay)    23    44    21593.55    21    21525.15    2    1
(relay)    21    30    21594.55    21    21500.06    1    2
(relay)    32    43    21597.35    21    21519.77    2    3
(advertise)    33    21597.95    44    21
(advertise)    33    21619.96    43    21
(relay)    23    27    21636.97    21    21634.36    2    1
(advertise)    33    21642.37    27    21
(relay)    32    6    21661.39    21    21595.64    2    1
(advertise)    33    21664.39    6    21
(relay)    23    18    21700.6    21    21699.28    3    1
(advertise)    33    21700.8    18    21
(relay)    23    48    21759.61    21    21758.71    3    1
(advertise)    33    21759.81    48    21
(relay)    0    0    21823.62    21    21822.69    5    1
(advertise)    33    21823.82    0    21
(relay)    23    42    21847.24    21    21830.0    2    1
(advertise)    33    21848.44    42    21
(relay)    32    36    22001.25    21    21997.87    2    1
(advertise)    33    22001.45    36    21
(generate)    33    22010.46    [1, 6, 7, 19]    23
(relay)    23    24    22046.28    22    22038.82    2    1
(advertise)    33    22046.48    24    22
(relay)    23    4    22097.49    22    22095.36    2    1
(advertise)    33    22097.69    4    22
(relay)    32    32    22104.3    22    22104.24    4    1
(advertise)    33    22119.9    32    22
(relay)    23    1    22140.52    22    22107.5    4    1
(advertise)    33    22143.12    1    22
(relay)    23    10    22163.13    22    22100.33    1    1
(relay)    32    38    22174.93    22    22156.31    2    1
(advertise)    33    22175.13    38    22
(relay)    23    16    22186.74    22    22101.33    1    1
(relay)    32    35    22217.74    22    22205.89    2    1
(advertise)    33    22217.94    35    22
(relay)    32    19    22241.35    22    22145.12    1    1
(relay)    32    39    22265.15    22    22253.36    2    1
(advertise)    33    22265.35    39    22
(relay)    23    12    22273.77    22    22250.16    3    1
(advertise)    33    22289.17    12    22
(relay)    32    8    22318.38    22    22305.7    2    1
(advertise)    33    22318.58    8    22
(relay)    32    5    22365.19    22    22349.96    2    1
(advertise)    33    22365.39    5    22
(relay)    23    14    22385.41    22    22369.7    2    1
(relay)    32    37    22385.81    22    22363.83    2    2
(advertise)    33    22387.81    14    22
(relay)    32    40    22408.42    22    22400.38    2    2
(advertise)    33    22409.02    37    22
(relay)    21    21    22429.03    22    22428.47    5    2
(advertise)    33    22431.63    40    22
(relay)    32    20    22452.65    22    22415.81    2    2
(advertise)    33    22454.45    21    22
(relay)    23    23    22475.06    22    22475.05    4    2
(relay)    23    11    22476.66    22    22405.32    1    3
(advertise)    33    22478.46    20    22
(relay)    32    29    22498.87    22    22490.25    2    3
(advertise)    33    22501.67    23    22
(relay)    32    30    22523.28    22    22500.17    2    2
(advertise)    33    22524.28    29    22
(relay)    23    22    22525.7    22    22507.8    3    2
(advertise)    33    22548.3    30    22
(relay)    23    26    22568.91    22    22523.76    2    2
(advertise)    33    22570.11    22    22
(advertise)    33    22592.12    26    22
(relay)    0    44    22594.14    22    22525.25    1    1
(relay)    32    6    22616.34    22    22595.66    2    1
(advertise)    33    22616.54    6    22
(relay)    32    43    22638.35    22    22519.87    1    1
(relay)    32    27    22658.35    22    22634.41    1    1
(relay)    23    18    22701.55    22    22699.37    3    1
(advertise)    33    22701.75    18    22
(relay)    23    48    22760.36    22    22758.82    3    1
(advertise)    33    22760.56    48    22
(relay)    0    0    22822.98    22    22822.84    5    1
(advertise)    33    22823.18    0    22
(relay)    23    42    22847.59    22    22830.1    2    1
(advertise)    33    22848.19    42    22
(relay)    32    36    22999.6    22    22998.0    2    1
(advertise)    33    23000.0    36    22
(generate)    33    23010.61    [1, 6, 7, 19]    24
(relay)    23    24    23046.23    23    23038.93    2    1
(advertise)    33    23046.43    24    23
(relay)    23    4    23096.84    23    23095.46    2    1
(advertise)    33    23097.04    4    23
(relay)    32    32    23104.45    23    23104.43    4    1
(relay)    23    10    23118.65    23    23100.34    1    2
(advertise)    33    23119.05    32    23
(relay)    0    1    23139.87    23    23107.52    4    1
(advertise)    33    23141.27    1    23
(relay)    32    16    23165.88    23    23101.43    1    1
(relay)    32    38    23190.48    23    23156.31    2    1
(advertise)    33    23190.68    38    23
(relay)    23    19    23205.29    23    23145.27    2    1
(advertise)    33    23212.69    19    23
(relay)    32    35    23235.71    23    23206.0    2    1
(advertise)    33    23236.51    35    23
(relay)    32    39    23259.12    23    23253.55    2    1
(advertise)    33    23259.32    39    23
(relay)    23    12    23275.53    23    23250.29    3    1
(advertise)    33    23281.33    12    23
(relay)    32    8    23307.54    23    23305.88    2    1
(advertise)    33    23307.94    8    23
(relay)    32    5    23354.56    23    23350.08    2    1
(advertise)    33    23354.76    5    23
(relay)    23    14    23370.97    23    23369.82    1    1
(relay)    32    37    23376.57    23    23363.94    2    1
(advertise)    33    23377.97    37    23
(relay)    23    20    23418.58    23    23415.93    3    1
(advertise)    33    23418.78    20    23
(relay)    21    21    23429.6    23    23428.65    5    1
(advertise)    33    23440.2    21    23
(relay)    32    40    23442.21    23    23400.62    2    1
(relay)    23    11    23462.01    23    23405.48    1    2
(advertise)    33    23462.21    40    23
(relay)    23    23    23475.42    23    23475.28    4    1
(relay)    32    28    23484.82    23    23406.51    2    2
(advertise)    33    23485.62    23    23
(advertise)    33    23508.64    28    23
(relay)    32    29    23529.65    23    23490.67    2    1
(relay)    23    22    23530.05    23    23507.98    3    2
(advertise)    33    23530.25    29    23
(relay)    23    26    23550.46    23    23523.88    2    2
(relay)    32    30    23551.26    23    23500.32    2    3
(advertise)    33    23551.46    22    23
(relay)    23    44    23572.07    23    23525.35    2    3
(advertise)    33    23575.07    26    23
(advertise)    33    23596.69    30    23
(relay)    32    43    23618.9    23    23520.0    2    2
(advertise)    33    23619.7    44    23
(relay)    23    27    23640.91    23    23634.43    2    2
(advertise)    33    23643.71    43    23
(relay)    32    6    23662.93    23    23595.74    1    2
(advertise)    33    23666.13    27    23
(relay)    23    18    23701.54    23    23699.46    3    1
(advertise)    33    23701.74    18    23
(relay)    0    0    23823.15    23    23823.0    5    1
(advertise)    33    23823.35    0    23
(relay)    23    42    23847.57    23    23830.2    2    1
(advertise)    33    23848.17    42    23
(relay)    32    36    23999.78    23    23998.07    2    1
(advertise)    33    23999.98    36    23
(generate)    33    24010.79    [1, 6, 7, 19]    25
(relay)    23    24    24046.0    24    24039.05    2    1
(advertise)    33    24046.2    24    24
(relay)    32    32    24104.62    24    24104.46    4    1
(advertise)    33    24104.82    32    24
(relay)    21    1    24127.83    24    24107.56    4    1
(advertise)    33    24128.63    1    24
(relay)    23    16    24167.84    24    24101.5    2    1
(advertise)    33    24168.04    16    24
(relay)    23    38    24190.06    24    24156.33    1    1
(relay)    23    19    24214.06    24    24145.44    2    1
(advertise)    33    24214.26    19    24
(relay)    32    35    24239.27    24    24206.07    2    1
(advertise)    33    24239.47    35    24
(relay)    23    8    24307.28    24    24306.04    3    1
(advertise)    33    24307.48    8    24
(relay)    32    5    24351.9    24    24350.18    2    1
(advertise)    33    24352.1    5    24
(relay)    23    14    24373.91    24    24369.94    1    1
(relay)    32    37    24375.31    24    24364.01    2    1
(advertise)    33    24375.71    37    24
(relay)    32    40    24403.52    24    24400.65    2    1
(advertise)    33    24403.72    40    24
(relay)    32    28    24428.73    24    24406.62    2    1
(advertise)    33    24429.33    28    24
(relay)    21    21    24430.95    24    24429.99    5    1
(advertise)    33    24450.55    21    24
(relay)    32    20    24472.56    24    24416.22    2    1
(advertise)    33    24472.76    20    24
(relay)    23    23    24475.97    24    24475.47    4    1
(advertise)    33    24494.97    23    24
(relay)    23    11    24506.59    24    24405.62    1    1
(relay)    32    29    24517.79    24    24490.67    2    1
(advertise)    33    24518.79    29    24
(relay)    23    22    24528.8    24    24508.13    3    1
(advertise)    33    24540.6    22    24
(relay)    32    43    24564.61    24    24520.12    2    1
(advertise)    33    24564.81    43    24
(relay)    23    26    24575.23    24    24523.99    1    1
(relay)    32    30    24587.63    24    24500.44    1    1
(relay)    23    44    24598.23    24    24525.45    2    1
(advertise)    33    24598.43    44    24
(relay)    32    6    24630.84    24    24595.78    2    1
(advertise)    33    24631.04    6    24
(relay)    32    27    24652.65    24    24634.47    2    1
(advertise)    33    24652.85    27    24
(heartbeat)    31    6    24674.27    33    24676.66    3    9
(advertise)    33    24677.06    31    6
(relay)    32    18    24716.88    24    24699.57    1    1
(relay)    0    0    24823.28    24    24823.13    5    1
(advertise)    33    24823.48    0    24
(relay)    23    42    24851.29    24    24830.31    2    1
(advertise)    33    24851.49    42    24
(relay)    32    36    24998.9    24    24998.2    2    1
(advertise)    33    24999.1    36    24
(generate)    33    25010.92    [1, 6, 7, 19]    26
(relay)    23    24    25041.53    25    25039.17    2    1
(advertise)    33    25041.73    24    25
(relay)    32    4    25097.54    25    25095.66    1    1
(relay)    32    32    25105.14    25    25104.63    4    1
(advertise)    33    25105.34    32    25
(relay)    32    10    25121.16    25    25100.38    1    1
(relay)    23    1    25127.36    25    25107.56    4    1
(advertise)    33    25128.16    1    25
(relay)    23    16    25172.37    25    25101.64    2    1
(advertise)    33    25172.57    16    25
(relay)    32    38    25195.58    25    25156.56    2    1
(advertise)    33    25195.78    38    25
(relay)    32    35    25217.59    25    25206.17    2    1
(advertise)    33    25219.19    35    25
(relay)    32    19    25240.21    25    25145.63    1    1
(relay)    21    12    25253.81    25    25250.56    2    1
(advertise)    33    25254.01    12    25
(relay)    32    39    25282.42    25    25253.59    2    1
(advertise)    33    25282.62    39    25
(relay)    23    8    25308.03    25    25306.04    3    1
(advertise)    33    25308.23    8    25
(relay)    32    5    25354.05    25    25350.3    2    1
(advertise)    33    25354.25    5    25
(relay)    23    14    25371.86    25    25370.08    1    1
(relay)    32    37    25379.46    25    25364.14    2    1
(advertise)    33    25379.86    37    25
(relay)    32    40    25404.47    25    25400.67    2    1
(advertise)    33    25404.67    40    25
(relay)    32    28    25427.69    25    25406.75    2    1
(advertise)    33    25427.89    28    25
(relay)    21    21    25431.1    25    25430.12    5    1
(relay)    23    20    25440.1    25    25416.37    3    2
(advertise)    33    25451.5    21    25
(advertise)    33    25472.91    20    25
(relay)    23    23    25475.92    25    25475.47    4    1
(advertise)    33    25496.52    23    25
(relay)    23    11    25506.14    25    25405.76    2    1
(relay)    32    29    25516.54    25    25490.69    2    2
(advertise)    33    25519.34    11    25
(relay)    23    22    25527.15    25    25508.14    3    2
(advertise)    33    25540.95    29    25
(advertise)    33    25562.76    22    25
(relay)    23    26    25572.38    25    25524.15    2    1
(advertise)    33    25584.58    26    25
(relay)    23    44    25595.79    25    25526.75    2    1
(advertise)    33    25607.59    44    25
(relay)    32    6    25624.2    25    25595.79    2    1
(advertise)    33    25631.2    6    25
(relay)    23    27    25646.42    25    25634.51    2    1
(advertise)    33    25653.22    27    25
(relay)    23    18    25701.03    25    25699.68    3    1
(advertise)    33    25701.23    18    25
(relay)    23    48    25761.64    25    25759.18    3    1
(advertise)    33    25761.84    48    25
(relay)    0    0    25823.45    25    25823.28    5    1
(advertise)    33    25823.65    0    25
(relay)    23    42    25848.87    25    25830.37    2    1
(advertise)    33    25849.07    42    25
(relay)    32    36    25999.08    25    25998.28    2    1
(advertise)    33    25999.28    36    25
(generate)    33    26011.09    [1, 6, 7, 19]    27
(relay)    23    24    26047.51    26    26039.3    2    1
(advertise)    33    26047.71    24    26
(relay)    23    4    26098.72    26    26095.74    2    1
(advertise)    33    26098.92    4    26
(relay)    32    32    26105.13    26    26104.65    4    1
(advertise)    33    26119.93    32    26
(relay)    32    10    26122.15    26    26100.39    1    1
(relay)    0    1    26142.75    26    26107.62    4    1
(advertise)    33    26142.95    1    26
(relay)    32    16    26165.56    26    26101.77    1    1
(relay)    32    38    26188.96    26    26156.58    2    1
(advertise)    33    26189.16    38    26
(relay)    32    19    26213.17    26    26145.78    1    1
(relay)    32    35    26236.17    26    26206.26    2    1
(advertise)    33    26236.37    35    26
(relay)    23    12    26252.58    26    26250.71    3    1
(advertise)    33    26259.78    12    26
(relay)    32    39    26281.4    26    26253.79    2    1
(advertise)    33    26282.8    39    26
(relay)    23    8    26308.81    26    26306.22    3    1
(advertise)    33    26309.41    8    26
(relay)    32    5    26364.42    26    26350.37    2    1
(advertise)    33    26364.62    5    26
(relay)    23    14    26386.64    26    26370.2    1    1
(relay)    32    37    26387.84    26    26364.2    1    1
(relay)    23    11    26424.44    26    26405.88    2    1
(advertise)    33    26424.64    11    26
(relay)    21    21    26430.45    26    26430.28    5    1
(advertise)    33    26446.45    21    26
(relay)    23    20    26470.06    26    26416.47    2    1
(advertise)    33    26471.26    20    26
(relay)    23    23    26476.08    26    26475.47    4    1
(advertise)    33    26492.28    23    26
(relay)    32    40    26500.09    26    26400.87    2    1
(advertise)    33    26514.49    40    26
(relay)    23    22    26522.1    26    26508.3    3    1
(advertise)    33    26537.9    22    26
(relay)    23    29    26543.51    26    26490.74    1    1
(relay)    23    26    26566.11    26    26524.28    1    1
(relay)    23    44    26588.51    26    26526.82    2    1
(advertise)    33    26588.71    44    26
(relay)    23    30    26610.33    26    26500.65    1    1
(relay)    32    43    26612.93    26    26520.36    2    1
(advertise)    33    26613.13    43    26
(relay)    23    27    26654.34    26    26634.53    2    1
(advertise)    33    26654.54    27    26
(relay)    23    6    26677.55    26    26595.84    1    1
(relay)    23    18    26700.95    26    26699.8    3    1
(advertise)    33    26701.15    18    26
(relay)    23    48    26762.17    26    26759.28    3    1
(advertise)    33    26762.37    48    26
(relay)    0    0    26823.98    26    26823.41    5    1
(advertise)    33    26824.18    0    26
(relay)    23    42    26849.59    26    26830.47    1    1
(relay)    32    36    26999.99    26    26998.38    2    1
(advertise)    33    27000.19    36    26
(generate)    33    27011.21    [1, 6, 7, 19]    28
(relay)    23    24    27048.02    27    27039.41    2    1
(advertise)    33    27048.22    24    27
(relay)    23    4    27099.23    27    27095.81    1    1
(relay)    32    32    27105.23    27    27104.67    4    1
(advertise)    33    27105.43    32    27
(relay)    32    10    27122.44    27    27100.4    1    1
(relay)    23    1    27142.64    27    27107.67    4    1
(advertise)    33    27142.84    1    27
(relay)    32    16    27165.26    27    27101.84    1    1
(relay)    23    19    27210.66    27    27145.93    2    1
(advertise)    33    27210.86    19    27
(relay)    32    35    27234.07    27    27206.36    1    1
(relay)    23    12    27255.87    27    27250.83    3    1
(advertise)    33    27256.07    12    27
(relay)    23    8    27308.68    27    27306.39    3    1
(advertise)    33    27308.88    8    27
(relay)    32    5    27355.5    27    27350.55    2    1
(advertise)    33    27355.7    5    27
(relay)    23    14    27378.11    27    27370.28    1    1
(relay)    32    37    27379.51    27    27364.34    2    1
(advertise)    33    27379.91    37    27
(relay)    32    20    27418.52    27    27416.56    2    1
(advertise)    33    27418.72    20    27
(relay)    21    21    27430.54    27    27430.36    5    1
(relay)    32    40    27440.14    27    27400.93    2    2
(advertise)    33    27441.14    21    27
(advertise)    33    27463.95    40    27
(relay)    23    11    27465.16    27    27406.04    2    1
(relay)    23    23    27475.96    27    27475.49    4    2
(relay)    32    28    27485.56    27    27407.01    2    3
(advertise)    33    27485.76    11    27
(advertise)    33    27507.77    23    27
(relay)    23    22    27529.59    27    27508.49    1    2
(advertise)    33    27529.99    28    27
(relay)    32    29    27551.4    27    27490.77    2    1
(advertise)    33    27552.4    29    27
(relay)    32    30    27573.01    27    27500.83    2    1
(advertise)    33    27575.61    30    27
(relay)    23    44    27597.43    27    27526.89    1    1
(relay)    32    43    27617.83    27    27520.51    1    1
(relay)    32    6    27639.43    27    27595.93    2    1
(advertise)    33    27639.63    6    27
(relay)    23    27    27643.44    27    27634.73    2    1
(advertise)    33    27663.04    27    27
(relay)    23    18    27700.25    27    27699.88    3    1
(advertise)    33    27700.45    18    27
(relay)    23    48    27762.67    27    27759.38    3    1
(advertise)    33    27762.87    48    27
(relay)    0    0    27824.08    27    27823.52    5    1
(advertise)    33    27824.28    0    27
(relay)    23    42    27851.89    27    27830.56    2    1
(advertise)    33    27852.09    42    27
(relay)    32    36    28000.1    27    27998.52    2    1
(advertise)    33    28000.3    36    27
(generate)    33    28011.32    [1, 6, 7, 19]    29
(relay)    23    24    28042.13    28    28039.52    2    1
(advertise)    33    28042.33    24    28
(relay)    32    10    28102.94    28    28100.59    1    1
(relay)    32    32    28105.34    28    28104.84    4    1
(advertise)    33    28105.54    32    28
(relay)    21    1    28127.56    28    28107.68    4    1
(advertise)    33    28128.16    1    28
(relay)    32    16    28167.97    28    28101.93    1    1
(relay)    32    4    28191.37    28    28095.9    1    1
(relay)    23    19    28214.77    28    28146.08    2    1
(advertise)    33    28214.97    19    28
(relay)    23    38    28236.18    28    28156.64    1    1
(relay)    23    12    28258.18    28    28250.96    3    1
(advertise)    33    28258.38    12    28
(relay)    23    8    28308.6    28    28306.41    3    1
(advertise)    33    28308.8    8    28
(relay)    32    5    28357.81    28    28350.71    2    1
(advertise)    33    28358.01    5    28
(relay)    32    37    28381.42    28    28364.48    2    1
(advertise)    33    28381.62    37    28
(relay)    32    40    28405.63    28    28400.96    1    1
(relay)    23    11    28407.63    28    28406.13    2    1
(advertise)    33    28407.83    11    28
(relay)    21    21    28430.65    28    28430.47    5    1
(advertise)    33    28432.05    21    28
(relay)    32    28    28449.66    28    28407.17    2    1
(advertise)    33    28453.26    28    28
(relay)    23    20    28454.67    28    28416.68    3    1
(advertise)    33    28474.67    20    28
(relay)    23    22    28508.89    28    28508.49    3    1
(advertise)    33    28509.09    22    28
(relay)    32    29    28515.1    28    28490.82    2    1
(advertise)    33    28531.1    29    28
(relay)    23    26    28552.51    28    28524.49    2    1
(advertise)    33    28553.31    26    28
(relay)    32    30    28563.73    28    28501.0    2    1
(advertise)    33    28575.93    30    28
(relay)    23    44    28577.14    28    28527.15    2    1
(relay)    32    23    28586.74    28    28476.49    2    2
(advertise)    33    28597.34    44    28
(advertise)    33    28618.35    23    28
(relay)    32    43    28634.16    28    28520.64    2    1
(advertise)    33    28642.56    43    28
(heartbeat)    31    7    28674.28    33    28678.58    3    9
(advertise)    33    28678.78    31    7
(relay)    32    27    28700.79    28    28634.75    2    1
(advertise)    33    28701.19    27    28
(relay)    23    18    28722.8    28    28699.98    3    1
(advertise)    33    28724.2    18    28
(relay)    23    48    28762.62    28    28759.48    1    1
(relay)    0    0    28824.22    28    28823.64    5    1
(advertise)    33    28824.42    0    28
(relay)    23    42    28851.23    28    28830.63    2    1
(advertise)    33    28851.43    42    28
(relay)    32    36    29000.84    28    28998.66    2    1
(advertise)    33    29001.04    36    28
(generate)    33    29011.46    [1, 6, 7, 19]    30
(relay)    23    24    29049.07    29    29039.64    2    1
(advertise)    33    29049.27    24    29
(relay)    23    4    29100.68    29    29095.99    2    1
(advertise)    33    29100.88    4    29
(relay)    32    32    29105.89    29    29104.87    4    1
(advertise)    33    29124.09    32    29
(relay)    23    1    29143.51    29    29107.73    4    1
(advertise)    33    29147.31    1    29
(relay)    32    16    29165.52    29    29102.01    1    1
(relay)    23    10    29166.32    29    29100.62    1    1
(relay)    32    38    29186.52    29    29156.68    2    1
(advertise)    33    29186.72    38    29
(relay)    23    19    29210.33    29    29146.22    2    1
(advertise)    33    29210.73    19    29
(relay)    32    35    29252.75    29    29206.58    1    1
(relay)    32    39    29273.95    29    29253.93    2    1
(advertise)    33    29274.15    39    29
(relay)    32    12    29297.36    29    29251.08    2    1
(advertise)    33    29297.56    12    29
(relay)    32    8    29317.57    29    29306.6    2    1
(advertise)    33    29320.17    8    29
(relay)    32    5    29365.99    29    29350.85    2    1
(advertise)    33    29366.19    5    29
(relay)    23    14    29388.2    29    29370.45    1    1
(relay)    32    37    29389.0    29    29365.21    2    1
(advertise)    33    29389.4    37    29
(relay)    32    40    29411.81    29    29401.03    2    1
(advertise)    33    29412.61    40    29
(relay)    23    20    29431.02    29    29416.81    3    1
(relay)    32    28    29433.22    29    29407.31    1    2
(advertise)    33    29436.22    20    29
(relay)    23    23    29477.44    29    29476.49    4    1
(advertise)    33    29477.64    23    29
(relay)    23    29    29501.25    29    29490.86    1    1
(relay)    23    22    29524.25    29    29508.68    3    1
(advertise)    33    29524.45    22    29
(relay)    23    30    29545.66    29    29501.15    1    1
(relay)    32    43    29546.46    29    29520.72    2    1
(advertise)    33    29546.86    43    29
(relay)    23    26    29567.08    29    29524.59    1    1
(relay)    32    6    29597.88    29    29596.02    2    1
(advertise)    33    29598.08    6    29
(relay)    23    44    29611.89    29    29527.25    2    1
(advertise)    33    29620.09    44    29
(relay)    32    27    29643.1    29    29634.81    2    1
(advertise)    33    29643.7    27    29
(relay)    23    18    29701.32    29    29700.05    3    1
(advertise)    33    29701.52    18    29
(relay)    23    48    29760.33    29    29759.59    3    1
(advertise)    33    29760.53    48    29
(relay)    0    0    29824.74    29    29823.77    5    1
(advertise)    33    29824.94    0    29
(relay)    23    42    29850.15    29    29830.7    2    1
(advertise)    33    29850.35    42    29
