(relay)    45    47    39.0    1    15    125    1
(advertise)    34    39.2    47    1
(relay)    45    33    62.41    1    7    121    1
(advertise)    34    62.61    33    1
(relay)    17    33    1010.03    2    1007.03    121    1
(advertise)    34    1010.23    33    2
(relay)    17    47    1032.04    2    1015.04    125    1
(advertise)    34    1032.64    47    2
(relay)    17    9    1056.85    1    1055.05    126    1
(advertise)    34    1057.25    9    1
(relay)    17    24    1084.07    1    1035.85    124    1
(advertise)    34    1084.67    24    1
(relay)    17    4    1106.68    1    1093.08    125    1
(advertise)    34    1107.28    4    1
(relay)    17    16    1129.29    1    1099.08    124    1
(advertise)    34    1130.89    16    1
(relay)    17    19    1150.9    1    1142.1    125    1
(advertise)    34    1152.7    19    1
(relay)    45    32    1154.92    1    1102.08    123    1
(relay)    45    45    1156.12    1    1155.12    127    2
(relay)    17    10    1172.32    1    1098.08    123    3
(advertise)    34    1174.92    32    1
(advertise)    34    1196.33    45    1
(relay)    17    1    1215.14    1    1105.07    121    2
(advertise)    34    1218.14    10    1
(advertise)    34    1239.16    1    1
(relay)    17    12    1261.77    1    1247.17    125    1
(advertise)    34    1261.97    12    1
(relay)    45    38    1265.78    1    1154.1    124    1
(advertise)    34    1284.58    38    1
(relay)    45    35    1308.2    1    1203.13    124    1
(advertise)    34    1308.8    35    1
(relay)    45    46    1330.21    1    1318.01    126    1
(advertise)    34    1332.01    46    1
(generate)    34    1346.02    [1, 6, 7, 19]    1
(relay)    45    39    1351.83    1    1252.16    124    1
(advertise)    34    1353.23    39    1
(relay)    15    41    1377.65    1    1354.02    125    1
(advertise)    34    1377.85    41    1
(relay)    17    14    1423.66    1    1367.03    125    1
(advertise)    34    1423.86    14    1
(relay)    17    20    1446.07    1    1413.06    123    1
(relay)    45    28    1446.87    1    1403.06    125    2
(advertise)    34    1447.27    20    1
(relay)    17    5    1467.29    1    1347.02    120    2
(relay)    45    37    1468.09    1    1361.02    123    3
(advertise)    34    1468.69    28    1
(advertise)    34    1490.1    5    1
(advertise)    34    1511.51    37    1
(relay)    45    40    1514.33    1    1399.05    124    1
(advertise)    34    1533.33    40    1
(relay)    25    21    1535.34    1    1425.07    119    1
(relay)    45    43    1535.74    1    1517.13    126    2
(advertise)    34    1556.54    21    1
(relay)    3    3    1559.15    1    1559.14    127    2
(relay)    7    7    1570.15    1    1570.15    127    3
(advertise)    34    1578.55    43    1
(relay)    17    44    1599.96    1    1520.33    125    3
(advertise)    34    1600.56    3    1
(relay)    45    29    1603.78    1    1488.1    124    3
(advertise)    34    1623.78    7    1
(advertise)    34    1646.39    44    1
(relay)    7    30    1650.0    1    1497.11    121    2
(relay)    17    23    1664.4    1    1473.1    122    3
(advertise)    34    1668.6    29    1
(relay)    25    25    1687.62    1    1687.02    127    3
(advertise)    34    1690.42    30    1
(relay)    17    17    1692.63    1    1692.03    127    3
(relay)    45    6    1692.83    1    1594.16    124    4
(relay)    17    26    1709.03    1    1520.13    123    5
(advertise)    34    1714.23    23    1
(advertise)    34    1738.04    25    1
(advertise)    34    1760.26    17    1
(advertise)    34    1783.27    6    1
(advertise)    34    1806.68    26    1
(relay)    45    2    1825.49    1    1805.07    126    1
(relay)    15    13    1825.69    1    1822.09    126    2
(advertise)    34    1828.49    2    1
(relay)    45    22    1847.11    1    1505.11    120    2
(advertise)    34    1850.71    13    1
(relay)    15    15    1859.72    1    1859.12    127    2
(relay)    17    27    1869.12    1    1633.19    119    3
(advertise)    34    1871.92    22    1
(advertise)    34    1893.33    15    1
(relay)    45    18    1911.75    1    1697.03    121    2
(advertise)    34    1915.15    27    1
(relay)    17    42    1935.16    1    1828.11    125    2
(advertise)    34    1936.56    18    1
(relay)    45    0    1956.37    1    1819.11    122    2
(advertise)    34    1959.77    42    1
(advertise)    34    1981.99    0    1
(relay)    7    47    2016.0    3    2015.2    125    1
(advertise)    34    2016.2    47    3
(relay)    45    36    2038.01    1    1995.19    124    1
(advertise)    34    2038.21    36    1
(relay)    15    9    2063.02    2    2055.22    126    1
(advertise)    34    2063.42    9    2
(relay)    45    10    2110.04    2    2098.26    122    1
(advertise)    34    2110.24    10    2
(relay)    45    32    2132.85    2    2102.28    122    1
(advertise)    34    2133.65    32    2
(relay)    45    1    2155.66    2    2105.25    121    1
(advertise)    34    2155.86    1    2
(relay)    45    45    2157.08    2    2155.88    127    1
(relay)    17    4    2159.68    2    2093.25    125    2
(advertise)    34    2178.48    45    2
(advertise)    34    2201.29    4    2
(relay)    45    38    2203.5    2    2155.29    124    1
(advertise)    34    2223.5    38    2
(relay)    45    35    2242.92    2    2203.32    123    1
(advertise)    34    2244.92    35    2
(relay)    45    39    2289.13    2    2252.34    124    1
(advertise)    34    2289.33    39    2
(relay)    45    46    2319.54    2    2318.15    126    1
(advertise)    34    2319.74    46    2
(relay)    25    12    2320.95    2    2247.34    123    1
(advertise)    34    2342.35    12    2
(generate)    34    2346.17    [1, 6, 7, 19]    2
(relay)    7    41    2386.58    2    2354.14    125    1
(advertise)    34    2386.78    41    2
(relay)    45    5    2408.59    2    2347.21    125    1
(advertise)    34    2409.79    5    2
(relay)    3    8    2411.01    2    2302.38    121    1
(advertise)    34    2431.21    8    2
(relay)    7    11    2453.02    2    2402.23    125    1
(relay)    17    14    2453.82    2    2367.22    125    2
(advertise)    34    2454.42    11    2
(advertise)    34    2475.83    14    2
(relay)    45    37    2479.04    2    2361.21    124    1
(advertise)    34    2497.04    37    2
(relay)    17    20    2501.06    2    2413.25    123    1
(advertise)    34    2519.26    20    2
(relay)    45    28    2523.67    2    2403.25    125    1
(advertise)    34    2541.27    28    2
(relay)    45    40    2543.88    2    2399.23    124    1
(relay)    3    3    2559.48    2    2559.28    127    2
(advertise)    34    2564.08    40    2
(relay)    7    44    2565.3    2    2520.5    124    2
(relay)    7    7    2570.9    2    2570.3    127    3
(advertise)    34    2585.5    3    2
(advertise)    34    2607.51    44    2
(relay)    45    30    2610.12    2    2497.3    125    2
(advertise)    34    2629.72    7    2
(relay)    17    26    2633.14    2    2520.31    123    2
(relay)    3    43    2634.14    2    2517.31    122    3
(advertise)    34    2652.14    30    2
(advertise)    34    2673.55    26    2
(relay)    25    25    2688.16    2    2687.16    127    2
(relay)    17    17    2693.16    2    2692.17    127    3
(advertise)    34    2696.96    43    2
(relay)    17    22    2699.97    2    2505.3    122    3
(advertise)    34    2718.17    25    2
(advertise)    34    2740.39    17    2
(relay)    17    21    2743.2    2    2425.27    121    2
(advertise)    34    2762.8    22    2
(relay)    45    23    2769.61    2    2473.3    122    2
(advertise)    34    2784.01    21    2
(relay)    17    29    2790.23    2    2488.3    121    2
(advertise)    34    2806.43    23    2
(advertise)    34    2828.04    29    2
(relay)    7    13    2834.25    2    2822.24    126    1
(relay)    45    27    2834.65    2    2633.37    122    2
(advertise)    34    2850.25    13    2
(relay)    15    15    2859.87    2    2859.27    127    2
(relay)    7    2    2860.27    2    2805.21    124    3
(advertise)    34    2871.47    27    2
(advertise)    34    2894.08    15    2
(advertise)    34    2916.49    2    2
(relay)    17    48    2949.7    2    2756.25    124    1
(advertise)    34    2949.9    48    2
(relay)    45    0    3000.12    2    2819.29    121    1
(advertise)    34    3000.32    0    2
(relay)    45    47    3023.13    4    3015.34    126    1
(advertise)    34    3024.13    47    4
(relay)    45    36    3044.54    2    2995.38    124    1
(advertise)    34    3046.34    36    2
(relay)    25    6    3048.96    2    2594.35    117    1
(relay)    45    42    3066.36    2    2828.28    118    2
(advertise)    34    3067.36    6    2
(advertise)    34    3088.97    42    2
(relay)    45    9    3111.78    3    3055.36    124    1
(advertise)    34    3112.38    9    3
(relay)    45    24    3133.0    3    3036.22    120    1
(advertise)    34    3134.2    24    3
(relay)    45    45    3157.01    3    3156.03    127    1
(advertise)    34    3157.41    45    3
(relay)    7    33    3160.42    4    3007.41    119    1
(relay)    45    32    3177.42    3    3102.46    123    2
(advertise)    34    3179.42    33    4
(relay)    45    10    3200.03    3    3098.45    122    2
(advertise)    34    3200.43    32    3
(relay)    17    4    3202.65    3    3093.45    125    2
(advertise)    34    3222.85    10    3
(advertise)    34    3244.46    4    3
(relay)    17    19    3246.47    3    3142.47    125    1
(relay)    45    16    3246.87    3    3099.45    119    2
(advertise)    34    3265.87    19    3
(advertise)    34    3286.89    16    3
(relay)    45    35    3289.7    3    3203.5    124    1
(advertise)    34    3308.9    35    3
(relay)    17    38    3310.71    3    3155.46    121    1
(relay)    45    1    3312.31    3    3105.45    121    2
(advertise)    34    3330.11    38    3
(generate)    34    3346.33    [1, 6, 7, 19]    3
(advertise)    34    3352.14    1    3
(relay)    17    12    3355.15    3    3247.53    125    1
(relay)    45    46    3355.75    3    3318.33    126    2
(advertise)    34    3374.75    12    3
(relay)    45    39    3378.96    3    3252.53    124    2
(advertise)    34    3397.16    46    3
(advertise)    34    3419.78    39    3
(relay)    45    41    3422.99    3    3354.3    125    1
(relay)    17    11    3443.39    3    3402.43    126    2
(advertise)    34    3443.99    41    3
(advertise)    34    3465.4    11    3
(relay)    45    5    3466.82    3    3347.39    125    1
(advertise)    34    3487.22    5    3
(relay)    45    37    3488.43    3    3361.39    124    1
(advertise)    34    3509.43    37    3
(relay)    25    14    3515.84    3    3367.42    124    1
(advertise)    34    3530.84    14    3
(relay)    3    3    3560.06    3    3559.44    127    1
(advertise)    34    3560.26    3    3
(relay)    7    7    3571.07    3    3570.46    127    1
(relay)    45    43    3575.67    3    3517.49    126    2
(relay)    17    20    3576.27    3    3413.44    123    3
(advertise)    34    3583.87    7    3
(advertise)    34    3606.28    43    3
(relay)    7    8    3609.09    3    3302.56    120    2
(advertise)    34    3627.89    20    3
(relay)    17    21    3641.11    3    3425.46    121    2
(advertise)    34    3649.31    8    3
(relay)    7    28    3651.72    3    3403.43    122    2
(advertise)    34    3670.72    21    3
(relay)    45    30    3685.13    3    3497.48    125    2
(relay)    25    25    3688.33    3    3687.32    127    3
(advertise)    34    3691.93    28    3
(relay)    17    17    3693.35    3    3692.35    127    3
(relay)    45    29    3707.15    3    3488.49    124    4
(advertise)    34    3712.95    30    3
(relay)    7    40    3716.76    3    3399.4    120    4
(relay)    17    26    3728.36    3    3520.51    124    5
(advertise)    34    3734.56    25    3
(relay)    17    22    3751.37    3    3505.49    123    5
(advertise)    34    3755.97    17    3
(relay)    45    6    3772.39    3    3594.53    125    5
(advertise)    34    3776.99    29    3
(advertise)    34    3798.8    40    3
(relay)    17    44    3816.21    3    3520.68    123    4
(advertise)    34    3822.01    26    3
(relay)    45    23    3837.02    3    3473.49    122    4
(advertise)    34    3845.22    22    3
(relay)    45    2    3859.04    3    3805.39    126    4
(relay)    15    15    3860.44    3    3859.41    127    5
(advertise)    34    3866.24    6    3
(relay)    15    13    3886.45    3    3822.41    126    5
(advertise)    34    3888.45    44    3
(advertise)    34    3911.26    23    3
(relay)    45    27    3925.08    3    3633.56    123    4
(advertise)    34    3932.88    2    3
(advertise)    34    3955.89    15    3
(relay)    17    42    3968.5    3    3828.46    125    3
(advertise)    34    3977.3    13    3
(relay)    17    48    3989.12    3    3756.45    124    3
(advertise)    34    3999.72    27    3
(relay)    45    18    4013.13    3    3697.41    121    3
(advertise)    34    4021.73    42    3
(relay)    45    47    4034.54    5    4015.53    126    3
(advertise)    34    4043.74    48    3
(advertise)    34    4065.75    18    3
(relay)    17    0    4078.37    3    3819.49    120    2
(advertise)    34    4086.77    47    5
(relay)    45    36    4102.38    3    3995.57    124    2
(advertise)    34    4107.78    0    3
(relay)    17    24    4124.39    4    4036.42    123    2
(advertise)    34    4128.79    36    3
(relay)    45    33    4147.61    5    4007.61    122    2
(advertise)    34    4150.61    24    4
(relay)    45    45    4157.42    4    4156.23    127    2
(relay)    15    4    4170.62    4    4093.65    124    3
(advertise)    34    4173.82    33    5
(relay)    45    9    4190.83    4    4055.54    124    3
(relay)    17    16    4191.43    4    4099.65    124    4
(advertise)    34    4194.83    45    4
(relay)    45    38    4212.45    4    4155.66    124    4
(advertise)    34    4217.45    4    4
(advertise)    34    4239.46    9    4
(relay)    45    32    4255.27    4    4102.66    123    3
(relay)    17    19    4258.87    4    4142.68    125    4
(advertise)    34    4262.07    16    4
(advertise)    34    4284.48    38    4
(relay)    45    35    4306.5    4    4203.7    124    3
(advertise)    34    4306.9    32    4
(advertise)    34    4330.31    19    4
(generate)    34    4346.52    [1, 6, 7, 19]    4
(relay)    45    46    4350.94    4    4318.52    126    2
(advertise)    34    4353.34    35    4
(relay)    45    1    4374.95    4    4105.65    121    2
(advertise)    34    4376.75    46    4
(advertise)    34    4399.76    1    4
(relay)    15    41    4415.78    4    4354.5    125    1
(relay)    45    39    4420.58    4    4252.71    124    2
(advertise)    34    4421.18    41    4
(relay)    45    5    4441.99    4    4347.59    125    2
(advertise)    34    4442.79    39    4
(relay)    17    11    4460.2    4    4402.63    126    2
(advertise)    34    4466.2    5    4
(relay)    45    10    4487.41    4    4098.65    121    2
(advertise)    34    4489.01    11    4
(relay)    17    14    4505.63    4    4367.61    125    2
(advertise)    34    4512.03    10    4
(relay)    45    28    4533.24    4    4404.03    125    2
(advertise)    34    4534.44    14    4
(relay)    17    8    4549.25    4    4302.76    123    2
(relay)    45    43    4555.85    4    4517.69    126    3
(advertise)    34    4557.05    28    4
(relay)    3    3    4560.27    4    4559.64    127    3
(relay)    7    7    4571.27    4    4570.65    127    4
(relay)    45    37    4578.07    4    4361.59    124    5
(advertise)    34    4579.47    8    4
(advertise)    34    4600.48    43    4
(advertise)    34    4621.49    3    4
(relay)    17    20    4634.71    4    4413.64    124    3
(advertise)    34    4643.71    7    4
(relay)    45    30    4664.72    4    4497.68    125    3
(advertise)    34    4665.72    37    4
(heartbeat)    31    1    4674.2    34    4675.13    127    0
(advertise)    34    4687.53    20    4
(relay)    17    17    4693.54    4    4692.54    127    3
(relay)    17    44    4703.14    4    4521.89    125    4
(relay)    45    29    4709.94    4    4488.69    124    5
(advertise)    34    4711.14    30    4
(relay)    7    40    4730.16    4    4399.41    121    5
(advertise)    34    4734.56    31    1
(relay)    45    6    4753.77    4    4594.73    125    5
(advertise)    34    4755.77    17    4
(relay)    17    22    4767.98    4    4505.51    123    5
(advertise)    34    4778.78    44    4
(relay)    45    21    4797.8    4    4425.65    122    5
(advertise)    34    4800.8    29    4
(advertise)    34    4822.21    40    4
(relay)    45    12    4843.22    4    4247.94    118    4
(advertise)    34    4843.62    6    4
(relay)    17    23    4857.04    4    4473.69    122    4
(advertise)    34    4866.64    22    4
(relay)    15    26    4882.05    4    4520.71    122    4
(advertise)    34    4887.65    21    4
(relay)    17    13    4901.66    4    4822.61    4    4
(advertise)    34    4908.66    12    4
(advertise)    34    4931.07    23    4
(relay)    45    2    4954.69    4    4805.57    125    3
(advertise)    34    4955.29    26    4
(advertise)    34    4977.3    13    4
(relay)    17    18    4992.11    4    4697.61    123    2
(advertise)    34    4999.71    2    4
(relay)    7    15    5002.13    4    4859.61    2    2
(advertise)    34    5022.73    18    4
(relay)    17    48    5036.94    4    4756.65    124    2
(advertise)    34    5043.94    15    4
(relay)    17    42    5057.95    4    4828.66    124    2
(advertise)    34    5065.95    48    4
(relay)    15    47    5081.37    6    5015.73    3    2
(advertise)    34    5087.57    42    4
(relay)    15    9    5104.78    5    5055.74    4    2
(advertise)    34    5108.58    47    6
(relay)    45    36    5111.79    4    4995.77    1    2
(advertise)    34    5131.39    9    5
(relay)    45    0    5135.0    4    4820.09    119    1
(advertise)    34    5152.6    0    4
(relay)    45    45    5156.62    5    5156.42    4    1
(relay)    17    24    5165.62    5    5036.6    2    2
(advertise)    34    5175.62    45    5
(relay)    17    4    5188.43    5    5093.84    5    2
(advertise)    34    5196.63    24    5
(advertise)    34    5218.24    4    5
(relay)    17    16    5234.46    5    5099.84    3    1
(advertise)    34    5240.06    16    5
(relay)    17    19    5255.47    5    5142.88    4    1
(advertise)    34    5262.07    19    5
(relay)    17    12    5277.28    5    5248.13    4    1
(advertise)    34    5283.88    12    5
(relay)    45    46    5320.9    5    5318.7    4    1
(advertise)    34    5321.1    46    5
(generate)    34    5346.71    [1, 6, 7, 19]    5
(relay)    45    41    5369.72    5    5354.67    4    1
(advertise)    34    5369.92    41    5
(relay)    17    14    5391.93    5    5367.79    4    1
(advertise)    34    5392.33    14    5
(relay)    17    11    5413.75    5    5402.81    4    1
(advertise)    34    5413.95    11    5
(relay)    17    20    5442.76    5    5413.79    1    1
(relay)    45    28    5459.56    5    5404.2    2    1
(advertise)    34    5459.76    28    5
(relay)    45    43    5519.17    5    5517.84    4    1
(advertise)    34    5519.37    43    5
(relay)    45    30    5543.79    5    5497.88    2    1
(advertise)    34    5543.99    30    5
(relay)    17    44    5554.2    5    5522.03    4    1
(relay)    3    3    5560.4    5    5559.77    3    2
(advertise)    34    5565.0    44    5
(relay)    7    7    5571.41    5    5570.79    4    2
(advertise)    34    5587.01    3    5
(advertise)    34    5609.03    7    5
(relay)    45    6    5612.24    5    5594.83    3    1
(relay)    17    26    5618.24    5    5520.86    2    2
(advertise)    34    5630.44    6    5
(advertise)    34    5653.05    26    5
(relay)    25    25    5688.66    5    5687.63    3    1
(advertise)    34    5688.86    25    5
(relay)    17    17    5692.68    5    5692.66    4    1
(advertise)    34    5712.08    17    5
(relay)    17    18    5736.09    5    5697.69    1    1
(relay)    17    48    5761.29    5    5756.7    2    1
(advertise)    34    5761.49    48    5
(relay)    45    2    5805.9    5    5805.59    4    1
(advertise)    34    5806.1    2    5
(relay)    7    13    5828.12    5    5822.68    4    1
(advertise)    34    5831.52    13    5
(relay)    17    42    5852.93    5    5828.7    4    1
(advertise)    34    5854.33    42    5
(relay)    15    15    5860.74    5    5859.68    4    1
(advertise)    34    5875.74    15    5
(relay)    45    36    5997.96    5    5995.77    1    1
(relay)    15    47    6018.36    7    6015.88    3    1
(advertise)    34    6018.56    47    7
(relay)    15    9    6056.37    6    6055.9    4    1
(advertise)    34    6056.57    9    6
(relay)    17    24    6080.38    6    6036.77    1    1
(relay)    17    4    6104.18    6    6093.99    5    1
(advertise)    34    6104.38    4    6
(relay)    17    16    6128.59    6    6099.98    3    1
(advertise)    34    6130.19    16    6
(relay)    17    19    6150.21    6    6142.9    4    1
(advertise)    34    6155.21    19    6
(relay)    45    45    6156.62    6    6156.58    4    1
(advertise)    34    6178.82    45    6
(relay)    45    35    6221.03    6    6204.02    1    1
(relay)    17    12    6249.03    6    6248.27    4    1
(advertise)    34    6249.23    12    6
(relay)    45    46    6321.05    6    6318.81    4    1
(advertise)    34    6321.25    46    6
(generate)    34    6346.86    [1, 6, 7, 19]    6
(relay)    45    41    6370.27    6    6354.68    4    1
(advertise)    34    6370.47    41    6
(relay)    45    37    6391.69    6    6361.87    1    1
(relay)    17    14    6394.69    6    6367.91    4    1
(advertise)    34    6394.89    14    6
(relay)    17    11    6416.9    6    6402.98    4    1
(advertise)    34    6419.3    11    6
(relay)    45    28    6436.51    6    6404.32    2    1
(relay)    17    20    6441.11    6    6413.91    2    2
(advertise)    34    6442.31    28    6
(advertise)    34    6464.72    20    6
(relay)    45    40    6482.14    6    6399.58    2    1
(advertise)    34    6487.14    40    6
(relay)    45    30    6505.15    6    6498.02    2    1
(advertise)    34    6508.95    30    6
(relay)    17    26    6522.16    6    6520.98    2    1
(relay)    45    43    6527.56    6    6517.95    4    2
(advertise)    34    6530.36    26    6
(advertise)    34    6552.98    43    6
(relay)    3    3    6560.59    6    6560.1    3    1
(relay)    7    7    6571.99    6    6570.91    4    2
(advertise)    34    6574.39    3    6
(relay)    45    6    6597.4    6    6594.89    3    2
(advertise)    34    6597.6    7    6
(advertise)    34    6618.62    6    6
(relay)    25    25    6687.83    6    6687.72    3    1
(advertise)    34    6688.03    25    6
(relay)    17    17    6692.84    6    6692.79    4    1
(advertise)    34    6710.04    17    6
(relay)    17    18    6736.85    6    6697.79    1    1
(relay)    17    48    6761.65    6    6756.82    2    1
(advertise)    34    6761.85    48    6
(relay)    45    2    6806.47    6    6805.62    4    1
(advertise)    34    6806.67    2    6
(relay)    7    13    6829.08    6    6822.8    4    1
(advertise)    34    6830.08    13    6
(relay)    15    15    6860.69    6    6859.76    4    1
(advertise)    34    6860.89    15    6
(relay)    45    36    6997.71    6    6995.83    1    1
(relay)    15    47    7018.71    8    7015.96    3    1
(advertise)    34    7018.91    47    8
(relay)    15    9    7056.52    7    7056.0    4    1
(advertise)    34    7056.72    9    7
(relay)    17    4    7096.13    7    7094.09    5    1
(advertise)    34    7096.33    4    7
(relay)    17    16    7119.35    7    7100.05    3    1
(advertise)    34    7120.75    16    7
(relay)    17    19    7144.56    7    7143.05    4    1
(advertise)    34    7145.76    19    7
(relay)    45    45    7156.77    7    7156.72    4    1
(advertise)    34    7166.77    45    7
(relay)    45    38    7173.18    7    7155.91    2    1
(advertise)    34    7189.18    38    7
(relay)    45    35    7220.4    7    7204.11    1    1
(relay)    17    12    7249.0    7    7248.4    4    1
(advertise)    34    7249.2    12    7
(relay)    45    46    7320.21    7    7318.89    4    1
(advertise)    34    7320.41    46    7
(generate)    34    7347.02    [1, 6, 7, 19]    7
(relay)    17    41    7371.44    7    7354.69    4    1
(advertise)    34    7371.64    41    7
(relay)    45    37    7395.05    7    7361.97    1    1
(relay)    17    11    7405.45    7    7403.11    4    1
(advertise)    34    7405.65    11    7
(relay)    45    28    7439.66    7    7404.44    2    1
(advertise)    34    7439.86    28    7
(relay)    45    30    7500.48    7    7498.14    2    1
(advertise)    34    7500.68    30    7
(relay)    45    43    7522.89    7    7518.06    4    1
(advertise)    34    7523.09    43    7
(relay)    17    44    7545.9    7    7523.4    3    1
(advertise)    34    7546.3    44    7
(relay)    3    3    7561.11    7    7560.18    3    1
(relay)    17    26    7569.11    7    7521.1    2    2
(advertise)    34    7569.91    3    7
(advertise)    34    7593.73    26    7
(relay)    45    6    7597.54    7    7594.95    3    1
(relay)    25    7    7612.94    7    7570.98    3    2
(advertise)    34    7616.54    6    7
(advertise)    34    7639.55    7    7
(relay)    25    25    7687.97    7    7687.82    3    1
(advertise)    34    7688.17    25    7
(relay)    17    17    7692.98    7    7692.89    4    1
(advertise)    34    7710.78    17    7
(relay)    17    18    7734.59    7    7697.89    1    1
(relay)    17    48    7762.19    7    7756.91    2    1
(advertise)    34    7762.39    48    7
(relay)    45    2    7806.41    7    7805.64    4    1
(advertise)    34    7806.61    2    7
(relay)    15    13    7824.62    7    7822.9    4    1
(advertise)    34    7830.02    13    7
(relay)    17    42    7854.83    7    7828.86    3    1
(advertise)    34    7855.23    42    7
(relay)    15    15    7860.04    7    7859.85    4    1
(advertise)    34    7877.44    15    7
(relay)    45    36    7998.26    7    7995.95    1    1
(relay)    7    47    8019.06    9    8016.06    3    1
(advertise)    34    8019.26    47    9
(relay)    45    9    8057.47    8    8056.1    1    1
(relay)    17    4    8096.07    8    8094.17    5    1
(advertise)    34    8096.27    4    8
(relay)    17    16    8120.28    8    8100.14    3    1
(advertise)    34    8121.88    16    8
(relay)    17    19    8144.5    8    8143.16    4    1
(advertise)    34    8144.9    19    8
(relay)    45    45    8156.91    8    8156.86    4    1
(advertise)    34    8166.91    45    8
(relay)    45    38    8170.72    8    8155.93    2    1
(advertise)    34    8189.72    38    8
(relay)    17    12    8249.14    8    8248.51    4    1
(advertise)    34    8249.34    12    8
(relay)    45    39    8274.35    8    8252.96    2    1
(advertise)    34    8274.75    39    8
(relay)    15    46    8319.56    8    8318.99    3    1
(advertise)    34    8319.76    46    8
(generate)    34    8347.17    [1, 6, 7, 19]    8
(relay)    45    5    8371.79    8    8348.15    2    1
(advertise)    34    8371.99    5    8
(relay)    25    14    8373.6    8    8368.12    3    1
(advertise)    34    8393.0    14    8
(relay)    17    11    8414.61    8    8403.25    4    1
(advertise)    34    8415.41    11    8
(relay)    45    40    8438.83    8    8399.65    2    1
(advertise)    34    8439.03    40    8
(relay)    3    20    8440.84    8    8414.12    1    1
(relay)    45    28    8464.64    8    8404.57    2    1
(advertise)    34    8464.84    28    8
(relay)    45    30    8511.85    8    8498.29    2    1
(advertise)    34    8512.05    30    8
(relay)    17    44    8533.47    8    8523.47    4    1
(advertise)    34    8535.67    44    8
(relay)    17    26    8555.88    8    8521.21    1    1
(relay)    3    3    8561.28    8    8560.31    3    1
(advertise)    34    8561.48    3    8
(relay)    7    7    8572.09    8    8571.08    4    1
(advertise)    34    8583.49    7    8
(relay)    45    6    8623.1    8    8595.02    3    1
(advertise)    34    8623.3    6    8
(heartbeat)    31    2    8674.21    34    8674.32    1    1
(advertise)    34    8674.52    31    2
(relay)    25    25    8688.13    8    8687.95    3    1
(relay)    17    17    8693.13    8    8693.03    4    2
(advertise)    34    8696.33    25    8
(advertise)    34    8720.34    17    8
(relay)    17    18    8724.96    8    8698.0    1    1
(relay)    17    48    8767.56    8    8757.03    2    1
(advertise)    34    8767.76    48    8
(relay)    45    2    8807.17    8    8805.71    4    1
(advertise)    34    8807.37    2    8
(relay)    15    13    8830.18    8    8823.0    4    1
(advertise)    34    8830.58    13    8
(relay)    17    42    8854.0    8    8828.95    4    1
(advertise)    34    8855.0    42    8
(relay)    15    15    8860.01    8    8859.97    4    1
(advertise)    34    8878.01    15    8
(relay)    45    47    9018.42    10    9016.17    4    1
(advertise)    34    9018.62    47    10
(relay)    7    9    9056.43    9    9056.2    4    1
(advertise)    34    9056.63    9    9
(relay)    17    4    9097.25    9    9094.25    5    1
(advertise)    34    9097.45    4    9
(relay)    17    16    9119.86    9    9100.23    3    1
(advertise)    34    9120.06    16    9
(relay)    17    19    9144.27    9    9143.31    4    1
(advertise)    34    9145.07    19    9
(relay)    45    45    9157.69    9    9157.03    4    1
(advertise)    34    9167.69    45    9
(relay)    45    35    9209.3    9    9204.4    1    1
(relay)    17    12    9250.1    9    9248.66    4    1
(advertise)    34    9250.3    12    9
(relay)    45    39    9275.71    9    9252.99    2    1
(advertise)    34    9275.91    39    9
(relay)    45    46    9319.53    9    9319.1    4    1
(advertise)    34    9319.73    46    9
(generate)    34    9347.34    [1, 6, 7, 19]    9
(relay)    17    41    9370.35    9    9354.75    4    1
(advertise)    34    9370.55    41    9
(relay)    17    11    9403.76    9    9403.4    4    1
(advertise)    34    9403.96    11    9
(relay)    45    37    9416.78    9    9362.26    1    1
(relay)    17    20    9427.38    9    9414.23    2    1
(advertise)    34    9427.58    20    9
(relay)    45    40    9439.99    9    9399.7    2    1
(advertise)    34    9448.59    40    9
(relay)    45    28    9462.0    9    9404.75    2    1
(advertise)    34    9469.6    28    9
(relay)    45    30    9499.02    9    9498.48    2    1
(advertise)    34    9499.22    30    9
(relay)    45    43    9520.63    9    9518.33    4    1
(advertise)    34    9523.23    43    9
(relay)    17    44    9546.84    9    9523.54    4    1
(advertise)    34    9547.04    44    9
(relay)    3    3    9561.46    9    9560.41    3    1
(advertise)    34    9568.06    3    9
(relay)    17    26    9569.47    9    9521.34    2    1
(relay)    7    7    9571.47    9    9571.21    4    2
(advertise)    34    9590.87    26    9
(relay)    45    6    9596.28    9    9595.07    3    2
(advertise)    34    9613.08    7    9
(advertise)    34    9634.5    6    9
(relay)    25    25    9688.11    9    9688.04    3    1
(advertise)    34    9688.31    25    9
(relay)    17    17    9693.72    9    9693.18    4    1
(advertise)    34    9710.32    17    9
(relay)    17    18    9733.93    9    9698.1    1    1
(relay)    17    48    9759.53    9    9757.15    2    1
(advertise)    34    9759.73    48    9
(relay)    45    2    9806.95    9    9805.76    4    1
(advertise)    34    9807.15    2    9
(relay)    45    13    9830.76    9    9823.11    3    1
(advertise)    34    9830.96    13    9
(relay)    15    15    9860.17    9    9860.09    4    1
(advertise)    34    9860.37    15    9
(relay)    45    36    9999.39    9    9996.23    1    1
(relay)    15    47    10018.99    11    10016.26    3    1
(advertise)    34    10019.19    47    11
(relay)    17    24    10044.4    10    10037.28    1    1
(relay)    7    9    10057.0    10    10056.27    4    1
(advertise)    34    10057.2    9    10
(relay)    17    4    10097.81    10    10094.34    5    1
(advertise)    34    10098.01    4    10
(relay)    17    16    10122.23    10    10100.33    3    1
(advertise)    34    10122.43    16    10
(relay)    17    19    10145.64    10    10143.46    4    1
(advertise)    34    10146.44    19    10
(relay)    45    45    10157.85    10    10157.2    4    1
(advertise)    34    10168.45    45    10
(relay)    45    35    10208.26    10    10204.51    1    1
(relay)    17    12    10250.66    10    10248.76    4    1
(advertise)    34    10250.86    12    10
(relay)    45    39    10278.28    10    10253.01    2    1
(advertise)    34    10278.48    39    10
(relay)    45    46    10319.49    10    10319.2    4    1
(advertise)    34    10319.69    46    10
(generate)    34    10347.5    [1, 6, 7, 19]    10
(relay)    45    5    10371.52    10    10348.45    1    1
(relay)    17    14    10372.72    10    10368.37    4    1
(advertise)    34    10372.92    14    10
(relay)    15    41    10375.93    10    10354.95    4    1
(advertise)    34    10395.13    41    10
(relay)    17    11    10415.14    10    10403.56    4    1
(relay)    45    37    10415.74    10    10362.4    1    2
(advertise)    34    10416.94    11    10
(relay)    17    20    10439.96    10    10414.35    1    1
(relay)    45    28    10461.56    10    10404.88    2    1
(advertise)    34    10461.76    28    10
(relay)    45    40    10505.97    10    10399.89    1    1
(relay)    45    43    10527.77    10    10518.45    4    1
(advertise)    34    10527.97    43    10
(relay)    17    44    10550.78    10    10523.64    4    1
(advertise)    34    10550.98    44    10
(relay)    3    3    10561.59    10    10560.51    3    1
(relay)    7    7    10571.39    10    10571.3    4    2
(advertise)    34    10573.99    3    10
(relay)    17    26    10594.61    10    10521.48    2    2
(advertise)    34    10595.21    7    10
(advertise)    34    10619.02    26    10
(relay)    25    25    10688.63    10    10688.13    3    1
(advertise)    34    10688.83    25    10
(relay)    17    17    10693.85    10    10693.32    4    1
(advertise)    34    10710.45    17    10
(relay)    17    18    10736.26    10    10698.2    1    1
(relay)    17    48    10760.46    10    10757.26    2    1
(advertise)    34    10760.66    48    10
(relay)    45    2    10807.47    10    10805.8    4    1
(advertise)    34    10807.67    2    10
(relay)    7    13    10830.09    10    10823.2    4    1
(advertise)    34    10830.29    13    10
(relay)    17    42    10852.5    10    10829.11    4    1
(advertise)    34    10852.7    42    10
(relay)    15    15    10860.31    10    10860.19    4    1
(advertise)    34    10873.71    15    10
(relay)    45    36    11000.52    10    10996.36    1    1
(relay)    15    47    11018.12    12    11016.35    3    1
(advertise)    34    11018.32    47    12
(relay)    17    24    11043.14    11    11037.41    2    1
(advertise)    34    11043.74    24    11
(relay)    45    9    11059.35    11    11056.39    2    1
(advertise)    34    11065.95    9    11
(relay)    17    4    11097.76    11    11094.43    5    1
(advertise)    34    11097.96    4    11
(relay)    17    16    11119.78    11    11100.43    3    1
(advertise)    34    11120.58    16    11
(relay)    17    19    11145.19    11    11143.62    4    1
(advertise)    34    11145.39    19    11
(relay)    45    45    11158.0    11    11157.39    4    1
(advertise)    34    11168.0    45    11
(relay)    45    35    11206.62    11    11204.66    1    1
(relay)    17    12    11251.02    11    11248.89    4    1
(advertise)    34    11251.22    12    11
(relay)    45    39    11277.63    11    11253.04    2    1
(advertise)    34    11278.03    39    11
(relay)    45    46    11320.24    11    11319.3    4    1
(advertise)    34    11320.44    46    11
(generate)    34    11347.65    [1, 6, 7, 19]    11
(relay)    7    41    11372.67    11    11355.14    4    1
(advertise)    34    11372.87    41    11
(relay)    17    14    11395.28    11    11368.45    4    1
(advertise)    34    11395.68    14    11
(relay)    45    37    11397.09    11    11362.54    1    1
(relay)    17    11    11416.89    11    11403.73    4    1
(advertise)    34    11417.29    11    11
(relay)    17    20    11446.11    11    11414.46    2    1
(advertise)    34    11446.31    20    11
(relay)    45    40    11463.52    11    11399.91    2    1
(advertise)    34    11468.72    40    11
(relay)    45    28    11486.53    11    11405.0    2    1
(advertise)    34    11489.73    28    11
(relay)    45    30    11508.75    11    11498.75    2    1
(advertise)    34    11511.75    30    11
(relay)    17    26    11524.96    11    11521.59    2    1
(relay)    45    43    11531.16    11    11518.63    4    2
(advertise)    34    11533.76    26    11
(advertise)    34    11554.97    43    11
(relay)    3    3    11560.78    11    11560.63    3    1
(relay)    7    7    11571.58    11    11571.45    4    2
(advertise)    34    11577.58    3    11
(advertise)    34    11599.6    7    11
(relay)    45    6    11622.61    11    11595.15    3    1
(advertise)    34    11623.21    6    11
(relay)    25    25    11688.82    11    11688.26    3    1
(advertise)    34    11689.02    25    11
(relay)    17    17    11694.04    11    11693.47    4    1
(advertise)    34    11711.64    17    11
(relay)    17    48    11758.25    11    11757.36    2    1
(advertise)    34    11758.45    48    11
(relay)    45    2    11808.06    11    11805.84    4    1
(advertise)    34    11808.26    2    11
(relay)    45    13    11830.28    11    11823.31    3    1
(advertise)    34    11831.08    13    11
(relay)    15    15    11860.89    11    11860.31    4    1
(advertise)    34    11861.09    15    11
(relay)    45    47    12016.7    13    12016.45    4    1
(advertise)    34    12016.9    47    13
(relay)    17    24    12039.71    12    12037.53    1    1
(relay)    7    9    12057.71    12    12056.47    4    1
(advertise)    34    12057.91    9    12
(relay)    17    4    12097.13    12    12094.47    5    1
(advertise)    34    12097.33    4    12
(relay)    17    16    12118.74    12    12100.51    3    1
(advertise)    34    12119.34    16    12
(relay)    17    19    12145.95    12    12143.74    4    1
(advertise)    34    12146.35    19    12
(relay)    45    45    12158.57    12    12157.53    4    1
(advertise)    34    12167.37    45    12
(relay)    45    38    12173.78    12    12156.02    2    1
(advertise)    34    12190.18    38    12
(relay)    17    12    12251.99    12    12248.96    4    1
(advertise)    34    12252.19    12    12
(relay)    45    46    12320.81    12    12319.38    4    1
(advertise)    34    12321.01    46    12
(generate)    34    12347.82    [1, 6, 7, 19]    12
(relay)    45    5    12372.03    12    12348.57    2    1
(advertise)    34    12372.23    5    12
(relay)    45    40    12401.84    12    12399.93    2    1
(advertise)    34    12402.04    40    12
(relay)    17    11    12404.66    12    12403.83    4    1
(relay)    45    28    12425.66    12    12405.02    2    2
(advertise)    34    12425.86    11    12
(relay)    17    20    12430.47    12    12414.57    2    2
(advertise)    34    12446.87    28    12
(advertise)    34    12471.08    20    12
(relay)    45    30    12500.7    12    12498.75    2    1
(advertise)    34    12500.9    30    12
(relay)    45    43    12525.31    12    12518.68    4    1
(advertise)    34    12525.51    43    12
(relay)    17    44    12548.12    12    12524.38    4    1
(advertise)    34    12548.32    44    12
(relay)    3    3    12560.74    12    12560.72    3    1
(advertise)    34    12569.74    3    12
(relay)    17    26    12593.35    12    12521.73    1    1
(relay)    15    7    12596.55    12    12571.52    2    1
(advertise)    34    12596.75    7    12
(heartbeat)    31    3    12674.23    34    12674.76    1    1
(advertise)    34    12674.96    31    3
(relay)    25    25    12688.97    12    12688.35    3    1
(relay)    17    17    12694.57    12    12693.57    4    2
(advertise)    34    12696.17    25    12
(advertise)    34    12718.59    17    12
(relay)    17    48    12759.6    12    12757.49    1    1
(relay)    45    2    12808.2    12    12805.86    4    1
(advertise)    34    12808.4    2    12
(relay)    45    13    12830.21    12    12823.41    2    1
(advertise)    34    12831.01    13    12
(relay)    15    15    12861.03    12    12860.38    4    1
(advertise)    34    12861.23    15    12
(relay)    45    36    12999.44    12    12996.7    1    1
(relay)    15    47    13017.84    14    13016.56    3    1
(advertise)    34    13018.04    47    14
(relay)    17    9    13058.45    13    13056.55    4    1
(advertise)    34    13058.65    9    13
(relay)    17    4    13096.27    13    13094.56    5    1
(advertise)    34    13096.47    4    13
(relay)    17    16    13119.28    13    13100.62    3    1
(advertise)    34    13120.28    16    13
(relay)    17    19    13146.49    13    13143.87    4    1
(advertise)    34    13146.69    19    13
(relay)    45    45    13158.7    13    13157.63    4    1
(advertise)    34    13169.1    45    13
(relay)    17    12    13252.52    13    13249.08    4    1
(advertise)    34    13252.72    12    13
(relay)    45    39    13279.13    13    13253.08    2    1
(advertise)    34    13279.73    39    13
(relay)    45    46    13320.74    13    13319.49    4    1
(advertise)    34    13320.94    46    13
(generate)    34    13347.96    [1, 6, 7, 19]    13
(relay)    45    5    13370.57    13    13348.72    2    1
(advertise)    34    13370.77    5    13
(relay)    3    41    13371.98    13    13355.17    3    1
(advertise)    34    13392.78    41    13
(relay)    15    14    13394.4    13    13368.67    3    1
(relay)    45    37    13413.8    13    13362.68    1    2
(relay)    17    11    13414.8    13    13404.01    4    3
(advertise)    34    13416.0    14    13
(relay)    45    28    13436.41    13    13405.16    2    2
(advertise)    34    13438.01    11    13
(relay)    17    20    13440.02    13    13414.71    1    2
(relay)    45    40    13456.62    13    13399.97    2    3
(advertise)    34    13460.62    28    13
(advertise)    34    13482.43    40    13
(relay)    45    43    13521.05    13    13518.83    4    1
(advertise)    34    13521.25    43    13
(relay)    45    30    13541.26    13    13498.91    2    1
(advertise)    34    13542.26    30    13
(relay)    17    26    13555.47    13    13521.88    2    1
(relay)    3    3    13560.87    13    13560.81    3    2
(advertise)    34    13565.07    26    13
(relay)    7    7    13572.09    13    13571.61    4    2
(advertise)    34    13587.29    3    13
(advertise)    34    13608.9    7    13
(relay)    45    6    13611.11    13    13595.28    3    1
(relay)    15    44    13623.71    13    13524.48    3    2
(advertise)    34    13631.11    6    13
(advertise)    34    13653.73    44    13
(relay)    25    25    13689.54    13    13688.44    3    1
(advertise)    34    13689.74    25    13
(relay)    17    17    13694.75    13    13693.7    4    1
(advertise)    34    13711.35    17    13
(relay)    17    18    13733.56    13    13698.51    1    1
(relay)    17    48    13760.56    13    13757.8    2    1
(advertise)    34    13760.76    48    13
(relay)    45    2    13807.18    13    13805.95    4    1
(advertise)    34    13807.38    2    13
(relay)    45    13    13829.39    13    13823.51    3    1
(advertise)    34    13831.99    13    13
(relay)    17    42    13856.4    13    13829.34    4    1
(advertise)    34    13856.6    42    13
(relay)    15    15    13861.02    13    13860.51    4    1
(advertise)    34    13878.62    15    13
(relay)    45    36    13999.03    13    13996.83    1    1
(relay)    7    47    14018.03    15    14016.71    3    1
(advertise)    34    14018.23    47    15
(relay)    15    9    14059.04    14    14056.66    4    1
(advertise)    34    14059.24    9    14
(relay)    17    24    14082.46    14    14037.81    1    1
(relay)    17    4    14105.46    14    14094.66    5    1
(advertise)    34    14105.66    4    14
(relay)    17    16    14128.27    14    14100.72    3    1
(advertise)    34    14128.47    16    14
(relay)    17    19    14151.48    14    14144.0    4    1
(advertise)    34    14151.68    19    14
(relay)    45    45    14158.89    14    14157.8    4    1
(advertise)    34    14174.69    45    14
(relay)    45    35    14206.91    14    14204.98    1    1
(relay)    17    12    14252.71    14    14249.23    4    1
(advertise)    34    14252.91    12    14
(relay)    45    39    14277.32    14    14253.12    2    1
(advertise)    34    14277.52    39    14
(relay)    45    46    14321.53    14    14319.63    4    1
(advertise)    34    14321.73    46    14
(generate)    34    14348.15    [1, 6, 7, 19]    14
(relay)    17    41    14370.76    14    14355.23    4    1
(advertise)    34    14370.96    41    14
(relay)    17    11    14405.97    14    14404.17    4    1
(advertise)    34    14406.17    11    14
(relay)    45    37    14416.59    14    14362.82    1    1
(relay)    17    20    14440.59    14    14414.83    1    1
(relay)    45    28    14460.99    14    14405.31    2    1
(advertise)    34    14461.19    28    14
(relay)    45    43    14521.2    14    14518.99    4    1
(advertise)    34    14521.4    43    14
(relay)    17    44    14553.41    14    14524.57    4    1
(advertise)    34    14553.61    44    14
(relay)    3    3    14561.42    14    14560.92    3    1
(relay)    7    7    14572.22    14    14571.72    4    2
(advertise)    34    14574.82    3    14
(advertise)    34    14597.84    7    14
(relay)    45    6    14603.45    14    14595.31    3    1
(advertise)    34    14620.85    6    14
(relay)    25    25    14689.46    14    14688.54    3    1
(advertise)    34    14689.66    25    14
(relay)    17    17    14694.88    14    14693.84    4    1
(advertise)    34    14712.08    17    14
(relay)    17    18    14736.89    14    14698.61    1    1
(relay)    17    48    14761.09    14    14757.91    2    1
(advertise)    34    14761.29    48    14
(relay)    15    2    14807.1    14    14806.0    2    1
(advertise)    34    14807.3    2    14
(relay)    17    13    14829.52    14    14823.61    4    1
(advertise)    34    14831.32    13    14
(relay)    17    42    14853.33    14    14829.44    4    1
(advertise)    34    14854.33    42    14
(relay)    15    15    14861.54    14    14860.61    4    1
(advertise)    34    14877.94    15    14
(relay)    45    36    14998.15    14    14996.97    1    1
(relay)    7    47    15018.75    16    15016.8    3    1
(advertise)    34    15018.95    47    16
(relay)    17    24    15046.97    15    15037.95    1    1
(relay)    15    9    15057.97    15    15056.73    4    1
(advertise)    34    15058.17    9    15
(relay)    17    4    15095.38    15    15094.74    5    1
(advertise)    34    15095.58    4    15
(relay)    17    16    15118.59    15    15100.81    3    1
(advertise)    34    15119.19    16    15
(relay)    17    19    15147.61    15    15144.14    4    1
(advertise)    34    15147.81    19    15
(relay)    45    45    15158.02    15    15157.97    4    1
(advertise)    34    15170.42    45    15
(relay)    45    38    15172.23    15    15156.12    2    1
(advertise)    34    15194.43    38    15
(relay)    17    12    15250.85    15    15249.36    4    1
(advertise)    34    15251.05    12    15
(relay)    45    39    15275.06    15    15253.16    2    1
(advertise)    34    15275.26    39    15
(relay)    45    46    15322.07    15    15319.73    4    1
(advertise)    34    15322.27    46    15
(generate)    34    15348.28    [1, 6, 7, 19]    15
(relay)    45    37    15372.5    15    15362.97    1    1
(relay)    3    41    15374.5    15    15355.27    3    1
(advertise)    34    15374.7    41    15
(relay)    17    11    15406.11    15    15404.34    4    1
(advertise)    34    15406.31    11    15
(relay)    45    28    15436.72    15    15405.45    2    1
(advertise)    34    15436.92    28    15
(relay)    45    40    15461.14    15    15400.04    2    1
(advertise)    34    15461.34    40    15
(relay)    45    30    15502.75    15    15499.23    2    1
(advertise)    34    15502.95    30    15
(relay)    45    43    15523.56    15    15519.13    4    1
(advertise)    34    15524.96    43    15
(relay)    17    44    15549.18    15    15524.65    4    1
(advertise)    34    15549.58    44    15
(relay)    3    3    15561.59    15    15561.0    3    1
(advertise)    34    15571.59    3    15
(relay)    7    7    15573.6    15    15573.02    4    1
(relay)    17    26    15593.0    15    15522.72    2    2
(advertise)    34    15594.2    7    15
(advertise)    34    15617.01    26    15
(relay)    45    6    15619.83    15    15595.36    3    1
(advertise)    34    15639.03    6    15
(relay)    25    25    15689.64    15    15688.64    3    1
(advertise)    34    15689.84    25    15
(relay)    17    17    15695.05    15    15693.98    4    1
(advertise)    34    15711.05    17    15
(relay)    17    48    15762.27    15    15758.04    2    1
(advertise)    34    15762.47    48    15
(relay)    45    2    15806.48    15    15806.07    4    1
(advertise)    34    15806.68    2    15
(relay)    7    13    15824.69    15    15823.71    4    1
(advertise)    34    15828.29    13    15
(relay)    17    42    15852.91    15    15829.51    3    1
(advertise)    34    15853.51    42    15
(relay)    15    15    15861.72    15    15860.69    4    1
(advertise)    34    15874.72    15    15
(relay)    45    47    16018.13    17    16016.91    4    1
(advertise)    34    16018.33    47    17
(relay)    17    24    16044.34    16    16038.07    2    1
(advertise)    34    16044.54    24    16
(relay)    45    9    16060.36    16    16056.83    2    1
(advertise)    34    16067.56    9    16
(relay)    17    4    16096.37    16    16094.82    5    1
(advertise)    34    16096.57    4    16
(relay)    17    16    16120.18    16    16100.87    3    1
(advertise)    34    16120.78    16    16
(relay)    17    19    16147.4    16    16144.27    4    1
(advertise)    34    16148.0    19    16
(relay)    45    45    16158.21    16    16158.11    4    1
(advertise)    34    16170.61    45    16
(relay)    17    12    16251.02    16    16249.46    4    1
(advertise)    34    16251.22    12    16
(relay)    45    39    16274.84    16    16253.18    2    1
(advertise)    34    16275.04    39    16
(relay)    45    46    16322.25    16    16319.84    4    1
(advertise)    34    16322.45    46    16
(generate)    34    16348.46    [1, 6, 7, 19]    16
(relay)    45    41    16372.67    16    16355.29    4    1
(advertise)    34    16372.87    41    16
(relay)    45    37    16394.69    16    16363.13    1    1
(relay)    17    14    16395.09    16    16369.05    4    1
(advertise)    34    16396.49    14    16
(relay)    17    11    16417.7    16    16404.49    4    1
(advertise)    34    16419.1    11    16
(relay)    17    20    16440.71    16    16415.07    1    1
(relay)    45    40    16460.31    16    16400.04    2    1
(advertise)    34    16460.51    40    16
(relay)    45    28    16482.53    16    16405.62    2    1
(advertise)    34    16484.53    28    16
(relay)    45    30    16505.54    16    16499.42    2    1
(advertise)    34    16506.54    30    16
(relay)    45    43    16525.95    16    16519.28    4    1
(advertise)    34    16529.15    43    16
(relay)    17    44    16551.17    16    16524.71    4    1
(advertise)    34    16552.57    44    16
(relay)    3    3    16561.78    16    16561.13    3    1
(relay)    17    26    16573.78    16    16522.85    2    2
(relay)    7    7    16575.38    16    16574.33    4    3
(advertise)    34    16575.58    3    16
(advertise)    34    16598.79    26    16
(relay)    45    6    16601.2    16    16595.42    3    2
(advertise)    34    16621.0    7    16
(advertise)    34    16643.42    6    16
(heartbeat)    31    4    16674.24    34    16675.23    1    1
(advertise)    34    16675.43    31    4
(relay)    25    25    16688.84    16    16688.78    3    1
(relay)    17    17    16694.24    16    16694.13    4    2
(advertise)    34    16697.44    25    16
(advertise)    34    16719.46    17    16
(relay)    17    48    16762.27    16    16758.18    2    1
(advertise)    34    16762.47    48    16
(relay)    45    2    16806.68    16    16806.18    4    1
(advertise)    34    16806.88    2    16
(relay)    45    13    16829.3    16    16823.85    3    1
(advertise)    34    16829.5    13    16
(relay)    15    15    16861.91    16    16860.83    4    1
(advertise)    34    16862.11    15    16
(relay)    45    36    16998.52    16    16997.3    1    1
(relay)    17    47    17019.52    18    17017.03    3    1
(advertise)    34    17019.72    47    18
(relay)    17    24    17046.93    17    17038.21    1    1
(relay)    15    9    17057.33    17    17056.92    4    1
(advertise)    34    17057.53    9    17
(relay)    17    4    17096.95    17    17094.9    4    1
(advertise)    34    17097.15    4    17
(relay)    17    16    17120.76    17    17100.94    2    1
(advertise)    34    17121.16    16    17
(relay)    17    19    17146.77    17    17144.39    3    1
(advertise)    34    17147.57    19    17
(relay)    45    45    17158.39    17    17158.27    4    1
(advertise)    34    17170.99    45    17
(relay)    17    12    17250.4    17    17249.56    4    1
(advertise)    34    17250.6    12    17
(relay)    45    46    17321.21    17    17319.94    4    1
(advertise)    34    17321.41    46    17
(generate)    34    17348.63    [1, 6, 7, 19]    17
(relay)    17    41    17372.04    17    17355.31    4    1
(advertise)    34    17372.24    41    17
(relay)    17    14    17395.85    17    17369.14    3    1
(advertise)    34    17396.05    14    17
(relay)    17    11    17417.06    17    17404.63    4    1
(advertise)    34    17417.26    11    17
(relay)    17    20    17443.68    17    17415.2    2    1
(advertise)    34    17444.28    20    17
(relay)    45    28    17463.69    17    17405.76    2    1
(advertise)    34    17465.49    28    17
(relay)    45    40    17485.3    17    17400.07    2    1
(advertise)    34    17487.5    40    17
(relay)    45    30    17505.52    17    17499.56    2    1
(advertise)    34    17510.32    30    17
(relay)    45    43    17528.93    17    17519.39    4    1
(advertise)    34    17532.93    43    17
(relay)    17    26    17555.34    17    17523.18    1    1
(relay)    3    3    17562.34    17    17561.24    3    1
(advertise)    34    17562.54    3    17
(relay)    7    7    17575.36    17    17574.43    4    1
(advertise)    34    17583.76    7    17
(relay)    45    6    17609.37    17    17595.48    3    1
(advertise)    34    17609.57    6    17
(relay)    25    25    17688.98    17    17688.87    3    1
(advertise)    34    17689.18    25    17
(relay)    17    17    17694.39    17    17694.24    4    1
(advertise)    34    17710.59    17    17
(relay)    17    48    17762.81    17    17758.29    2    1
(advertise)    34    17763.01    48    17
(relay)    45    2    17807.02    17    17806.2    4    1
(advertise)    34    17807.22    2    17
(relay)    45    13    17829.43    17    17823.94    3    1
(advertise)    34    17830.83    13    17
(relay)    17    42    17854.25    17    17829.68    3    1
(advertise)    34    17854.85    42    17
(relay)    15    15    17861.06    17    17860.93    4    1
(advertise)    34    17876.66    15    17
(relay)    45    36    17999.67    17    17997.44    1    1
(relay)    15    47    18020.47    19    18017.12    3    1
(advertise)    34    18020.67    47    19
(relay)    45    9    18058.49    18    18057.0    1    1
(relay)    17    4    18096.89    18    18095.0    4    1
(advertise)    34    18097.09    4    18
(relay)    17    16    18119.7    18    18101.03    2    1
(advertise)    34    18120.3    16    18
(relay)    17    19    18145.71    18    18144.54    3    1
(advertise)    34    18146.11    19    18
(relay)    45    45    18158.92    18    18158.42    4    1
(advertise)    34    18167.32    45    18
(relay)    45    38    18169.74    18    18156.2    2    1
(advertise)    34    18189.14    38    18
(relay)    17    12    18250.75    18    18249.7    4    1
(advertise)    34    18250.95    12    18
(relay)    45    39    18274.96    18    18253.25    2    1
(advertise)    34    18275.96    39    18
(relay)    15    46    18320.78    18    18320.02    3    1
(advertise)    34    18320.98    46    18
(generate)    34    18348.79    [1, 6, 7, 19]    18
(relay)    15    41    18373.2    18    18355.5    4    1
(advertise)    34    18373.4    41    18
(relay)    45    37    18395.42    18    18363.37    1    1
(relay)    17    14    18395.82    18    18369.26    3    1
(advertise)    34    18396.02    14    18
(relay)    15    11    18418.23    18    18404.79    3    1
(advertise)    34    18418.63    11    18
(relay)    45    40    18439.64    18    18400.26    2    1
(advertise)    34    18440.64    40    18
(relay)    17    20    18444.05    18    18415.32    1    1
(relay)    45    28    18485.65    18    18405.89    2    1
(advertise)    34    18485.85    28    18
(relay)    45    30    18506.67    18    18499.67    2    1
(advertise)    34    18508.87    30    18
(relay)    45    43    18529.88    18    18519.49    4    1
(relay)    17    44    18530.68    18    18524.89    4    2
(advertise)    34    18532.28    43    18
(advertise)    34    18553.69    44    18
(relay)    3    3    18562.31    18    18561.34    3    1
(advertise)    34    18575.31    3    18
(relay)    45    6    18599.72    18    18595.5    3    1
(advertise)    34    18600.72    6    18
(relay)    25    25    18689.13    18    18688.95    3    1
(advertise)    34    18689.33    25    18
(relay)    17    17    18694.55    18    18694.37    4    1
(advertise)    34    18711.15    17    18
(relay)    17    48    18761.56    18    18758.43    2    1
(advertise)    34    18761.76    48    18
(relay)    45    2    18807.57    18    18806.26    4    1
(advertise)    34    18807.77    2    18
(relay)    15    13    18830.58    18    18824.03    4    1
(advertise)    34    18830.78    13    18
(relay)    17    42    18853.2    18    18829.77    4    1
(advertise)    34    18854.2    42    18
(relay)    15    15    18861.21    18    18861.03    4    1
(advertise)    34    18877.61    15    18
(relay)    45    47    19019.42    20    19017.2    4    1
(advertise)    34    19019.62    47    20
(relay)    45    9    19058.24    19    19057.09    2    1
(advertise)    34    19058.44    9    19
(relay)    17    4    19097.85    19    19095.07    4    1
(advertise)    34    19098.05    4    19
(relay)    17    16    19119.86    19    19101.13    2    1
(advertise)    34    19121.66    16    19
(relay)    17    19    19145.68    19    19144.65    3    1
(advertise)    34    19145.88    19    19
(relay)    45    45    19159.09    19    19158.57    4    1
(relay)    45    38    19168.09    19    19156.2    2    2
(advertise)    34    19168.29    45    19
(advertise)    34    19189.9    38    19
(relay)    17    12    19251.51    19    19249.82    4    1
(advertise)    34    19251.71    12    19
(relay)    45    39    19275.93    19    19253.26    2    1
(advertise)    34    19276.53    39    19
(relay)    45    46    19320.54    19    19320.13    4    1
(advertise)    34    19320.74    46    19
(generate)    34    19348.95    [1, 6, 7, 19]    19
(relay)    45    5    19371.97    19    19349.58    1    1
(relay)    17    14    19375.77    19    19369.37    3    1
(advertise)    34    19375.97    14    19
(relay)    45    41    19393.18    19    19355.69    4    1
(advertise)    34    19397.58    41    19
(relay)    45    37    19415.19    19    19363.47    1    1
(relay)    17    20    19428.39    19    19415.45    2    1
(advertise)    34    19428.59    20    19
(relay)    45    28    19460.61    19    19405.98    2    1
(advertise)    34    19460.81    28    19
(relay)    45    40    19481.62    19    19400.29    2    1
(advertise)    34    19481.82    40    19
(relay)    45    30    19514.23    19    19499.78    2    1
(advertise)    34    19514.43    30    19
(relay)    17    44    19526.64    19    19524.95    4    1
(relay)    45    43    19537.24    19    19519.62    4    2
(advertise)    34    19537.64    44    19
(relay)    17    26    19549.06    19    19523.36    1    2
(advertise)    34    19559.86    43    19
(relay)    3    3    19563.27    19    19562.23    3    1
(relay)    7    7    19574.87    19    19574.84    4    2
(advertise)    34    19581.87    3    19
(advertise)    34    19603.48    7    19
(relay)    45    6    19605.7    19    19595.54    3    1
(advertise)    34    19625.3    6    19
(relay)    25    25    19689.11    19    19689.05    3    1
(advertise)    34    19689.31    25    19
(relay)    17    17    19695.12    19    19694.48    4    1
(advertise)    34    19710.52    17    19
(relay)    17    48    19760.54    19    19758.52    2    1
(advertise)    34    19760.74    48    19
(relay)    45    2    19807.55    19    19806.34    4    1
(advertise)    34    19807.75    2    19
(relay)    17    13    19831.16    19    19824.13    4    1
(advertise)    34    19831.96    13    19
(relay)    15    15    19861.17    19    19861.12    4    1
(advertise)    34    19861.37    15    19
(relay)    45    36    20000.79    19    19997.66    1    1
(relay)    15    47    20019.99    21    20017.3    3    1
(advertise)    34    20020.19    47    21
(relay)    15    9    20058.4    20    20057.16    4    1
(advertise)    34    20058.6    9    20
(relay)    17    4    20098.01    20    20095.16    4    1
(advertise)    34    20098.21    4    20
(relay)    17    16    20120.63    20    20101.21    2    1
(advertise)    34    20121.03    16    20
(relay)    17    19    20146.64    20    20144.81    3    1
(advertise)    34    20147.04    19    20
(relay)    45    45    20159.25    20    20158.72    4    1
(relay)    45    38    20169.65    20    20156.24    2    2
(advertise)    34    20171.85    45    20
(advertise)    34    20193.87    38    20
(relay)    17    12    20251.88    20    20249.93    4    1
(advertise)    34    20252.08    12    20
(relay)    45    46    20320.69    20    20320.19    4    1
(advertise)    34    20320.89    46    20
(generate)    34    20349.1    [1, 6, 7, 19]    20
(relay)    45    41    20374.12    20    20355.86    4    1
(advertise)    34    20374.32    41    20
(relay)    45    37    20394.93    20    20363.58    1    1
(relay)    45    40    20417.33    20    20400.32    2    1
(advertise)    34    20417.53    40    20
(relay)    17    11    20419.94    20    20405.01    4    1
(advertise)    34    20438.54    11    20
(relay)    17    20    20445.16    20    20415.57    2    1
(advertise)    34    20461.56    20    20
(relay)    45    30    20515.77    20    20499.92    2    1
(advertise)    34    20515.97    30    20
(relay)    17    44    20526.98    20    20525.04    4    1
(relay)    45    43    20537.78    20    20519.71    4    2
(advertise)    34    20538.18    44    20
(advertise)    34    20559.4    43    20
(relay)    3    3    20562.41    20    20562.31    3    1
(relay)    7    7    20575.21    20    20575.14    4    2
(advertise)    34    20580.81    3    20
(advertise)    34    20603.22    7    20
(relay)    45    6    20604.43    20    20595.57    3    1
(advertise)    34    20626.83    6    20
(heartbeat)    31    5    20674.25    34    20674.45    1    1
(advertise)    34    20674.65    31    5
(relay)    25    25    20689.66    20    20689.15    3    1
(relay)    17    17    20695.06    20    20694.59    4    2
(advertise)    34    20696.06    25    20
(advertise)    34    20717.87    17    20
(relay)    17    48    20759.49    20    20758.61    2    1
(advertise)    34    20759.69    48    20
(relay)    45    2    20808.1    20    20806.4    4    1
(advertise)    34    20808.3    2    20
(relay)    45    13    20831.11    20    20824.23    3    1
(advertise)    34    20831.71    13    20
(relay)    15    15    20861.33    20    20861.23    4    1
(advertise)    34    20861.53    15    20
(relay)    45    36    21001.74    20    20997.77    1    1
(relay)    15    47    21018.54    22    21017.39    3    1
(advertise)    34    21018.74    47    22
(relay)    17    9    21057.95    21    21057.26    4    1
(advertise)    34    21058.15    9    21
(relay)    17    4    21098.76    21    21095.27    4    1
(advertise)    34    21098.96    4    21
(relay)    17    16    21120.38    21    21101.27    2    1
(advertise)    34    21121.38    16    21
(relay)    17    19    21146.79    21    21145.0    3    1
(advertise)    34    21146.99    19    21
(relay)    45    45    21159.4    21    21158.86    4    1
(advertise)    34    21168.6    45    21
(relay)    17    12    21252.22    21    21250.06    4    1
(advertise)    34    21252.42    12    21
(relay)    45    46    21321.03    21    21320.28    4    1
(advertise)    34    21321.23    46    21
(generate)    34    21349.24    [1, 6, 7, 19]    21
(relay)    45    5    21372.26    21    21349.82    2    1
(advertise)    34    21372.46    5    21
(relay)    45    41    21394.67    21    21356.05    4    1
(advertise)    34    21395.07    41    21
(relay)    17    11    21405.88    21    21405.16    4    1
(advertise)    34    21417.28    11    21
(relay)    45    28    21440.09    21    21406.25    2    1
(relay)    17    20    21440.89    21    21415.67    1    2
(advertise)    34    21441.29    28    21
(relay)    45    30    21501.11    21    21500.06    2    1
(advertise)    34    21501.31    30    21
(relay)    45    43    21522.52    21    21519.77    4    1
(advertise)    34    21523.52    43    21
(relay)    3    3    21562.53    21    21562.4    3    1
(advertise)    34    21562.73    3    21
(relay)    7    7    21575.35    21    21575.24    4    1
(advertise)    34    21585.15    7    21
(relay)    17    44    21586.96    21    21525.15    4    1
(advertise)    34    21609.16    44    21
(relay)    17    26    21630.97    21    21523.61    1    1
(relay)    45    6    21631.57    21    21595.64    3    1
(advertise)    34    21631.97    6    21
(relay)    25    25    21689.79    21    21689.24    3    1
(advertise)    34    21689.99    25    21
(relay)    17    17    21695.2    21    21694.72    4    1
(advertise)    34    21712.4    17    21
(relay)    17    48    21759.61    21    21758.71    2    1
(advertise)    34    21759.81    48    21
(relay)    45    2    21808.62    21    21806.44    4    1
(advertise)    34    21808.82    2    21
(relay)    45    13    21831.04    21    21824.29    3    1
(advertise)    34    21832.04    13    21
(relay)    17    42    21853.85    21    21830.0    4    1
(advertise)    34    21854.65    42    21
(relay)    15    15    21861.86    21    21861.33    4    1
(advertise)    34    21877.26    15    21
(relay)    45    47    22017.88    23    22017.46    4    1
(advertise)    34    22018.08    47    23
(relay)    17    24    22043.89    22    22038.82    1    1
(relay)    7    9    22058.69    22    22057.35    4    1
(advertise)    34    22058.89    9    22
(relay)    17    4    22097.9    22    22095.36    4    1
(advertise)    34    22098.1    4    22
(relay)    17    16    22121.32    22    22101.33    2    1
(advertise)    34    22123.12    16    22
(relay)    17    19    22147.33    22    22145.12    3    1
(advertise)    34    22147.53    19    22
(relay)    45    45    22159.94    22    22158.96    4    1
(relay)    45    38    22170.34    22    22156.31    2    2
(advertise)    34    22171.54    45    22
(advertise)    34    22192.55    38    22
(relay)    45    35    22215.77    22    22205.89    1    1
(relay)    17    12    22253.37    22    22250.16    4    1
(advertise)    34    22253.57    12    22
(relay)    45    46    22321.78    22    22320.37    4    1
(advertise)    34    22321.98    46    22
(generate)    34    22349.39    [1, 6, 7, 19]    22
(relay)    3    41    22373.21    22    22356.08    3    1
(advertise)    34    22373.41    41    22
(relay)    17    14    22395.02    22    22369.7    3    1
(advertise)    34    22395.42    14    22
(relay)    17    11    22418.63    22    22405.32    4    1
(relay)    45    28    22419.03    22    22406.36    2    2
(advertise)    34    22419.43    11    22
(advertise)    34    22440.45    28    22
(relay)    17    20    22445.46    22    22415.81    1    1
(relay)    45    30    22514.26    22    22500.17    2    1
(advertise)    34    22514.46    30    22
(relay)    17    44    22534.47    22    22525.25    4    1
(relay)    45    43    22537.47    22    22519.87    4    2
(advertise)    34    22538.07    44    22
(advertise)    34    22560.28    43    22
(relay)    3    3    22562.7    22    22562.52    3    1
(relay)    7    7    22575.5    22    22575.35    4    2
(advertise)    34    22583.5    3    22
(relay)    45    6    22606.11    22    22595.66    3    2
(advertise)    34    22607.91    7    22
(advertise)    34    22629.92    6    22
(relay)    25    25    22689.94    22    22689.34    3    1
(advertise)    34    22690.14    25    22
(relay)    17    17    22695.35    22    22694.84    4    1
(advertise)    34    22713.75    17    22
(relay)    17    48    22760.96    22    22758.82    1    1
(relay)    45    2    22808.76    22    22806.52    4    1
(advertise)    34    22808.96    2    22
(relay)    45    13    22830.38    22    22824.36    3    1
(advertise)    34    22830.58    13    22
(relay)    15    15    22861.99    22    22861.4    4    1
(advertise)    34    22862.19    15    22
(relay)    45    36    23001.0    22    22998.0    1    1
(relay)    17    47    23018.4    24    23017.54    3    1
(advertise)    34    23018.6    47    24
(relay)    7    9    23059.41    23    23057.41    4    1
(advertise)    34    23059.61    9    23
(relay)    17    4    23097.03    23    23095.46    4    1
(advertise)    34    23097.23    4    23
(relay)    17    16    23119.84    23    23101.43    2    1
(advertise)    34    23121.04    16    23
(relay)    17    19    23148.05    23    23145.27    3    1
(advertise)    34    23148.25    19    23
(relay)    45    45    23160.07    23    23159.07    4    1
(advertise)    34    23170.27    45    23
(relay)    17    12    23253.88    23    23250.29    4    1
(advertise)    34    23254.08    12    23
(relay)    45    39    23279.29    23    23253.55    2    1
(advertise)    34    23279.89    39    23
(relay)    45    46    23321.71    23    23320.45    4    1
(advertise)    34    23321.91    46    23
(generate)    34    23349.52    [1, 6, 7, 19]    23
(relay)    15    41    23373.13    23    23356.25    4    1
(advertise)    34    23373.33    41    23
(relay)    17    11    23406.74    23    23405.48    4    1
(advertise)    34    23406.94    11    23
(relay)    17    20    23442.76    23    23415.93    2    1
(advertise)    34    23442.96    20    23
(relay)    45    40    23467.37    23    23400.62    2    1
(advertise)    34    23467.57    40    23
(relay)    45    30    23515.18    23    23500.32    2    1
(advertise)    34    23515.38    30    23
(relay)    17    44    23534.8    23    23525.35    4    1
(advertise)    34    23538.6    44    23
(relay)    17    26    23556.61    23    23523.88    1    1
(relay)    3    3    23562.61    23    23562.56    3    1
(advertise)    34    23562.81    3    23
(relay)    7    7    23576.02    23    23575.42    4    1
(advertise)    34    23584.22    7    23
(relay)    45    6    23624.84    23    23595.74    3    1
(advertise)    34    23625.04    6    23
(relay)    25    25    23690.45    23    23689.41    3    1
(advertise)    34    23690.65    25    23
(relay)    17    17    23695.86    23    23694.94    4    1
(advertise)    34    23712.06    17    23
(relay)    17    48    23761.27    23    23758.93    2    1
(advertise)    34    23761.47    48    23
(relay)    45    2    23807.89    23    23806.58    4    1
(advertise)    34    23808.09    2    23
(relay)    15    13    23830.9    23    23824.46    4    1
(advertise)    34    23831.7    13    23
(relay)    15    15    23862.11    23    23861.49    4    1
(advertise)    34    23862.31    15    23
(relay)    45    36    23999.93    23    23998.07    1    1
(relay)    17    47    24018.93    25    24017.62    3    1
(advertise)    34    24019.13    47    25
(relay)    17    9    24059.14    24    24057.49    4    1
(advertise)    34    24059.34    9    24
(relay)    17    4    24096.35    24    24095.56    4    1
(advertise)    34    24096.55    4    24
(relay)    17    16    24119.37    24    24101.5    2    1
(advertise)    34    24119.57    16    24
(relay)    17    19    24148.58    24    24145.44    3    1
(advertise)    34    24148.78    19    24
(relay)    45    45    24160.19    24    24159.21    4    1
(advertise)    34    24169.79    45    24
(relay)    17    12    24253.6    24    24250.42    4    1
(advertise)    34    24253.8    12    24
(relay)    45    46    24322.22    24    24320.51    4    1
(advertise)    34    24322.42    46    24
(generate)    34    24349.63    [1, 6, 7, 19]    24
(relay)    45    5    24373.24    24    24350.18    2    1
(advertise)    34    24373.44    5    24
(relay)    45    37    24395.06    24    24364.01    1    1
(relay)    17    14    24397.06    24    24369.94    3    1
(advertise)    34    24397.66    14    24
(relay)    45    41    24416.47    24    24356.4    4    1
(advertise)    34    24419.47    41    24
(relay)    7    11    24420.88    24    24405.62    3    1
(advertise)    34    24440.68    11    24
(relay)    17    20    24446.1    24    24416.22    2    1
(relay)    45    40    24458.7    24    24400.65    2    2
(advertise)    34    24464.1    20    24
(relay)    45    28    24482.71    24    24406.62    2    2
(advertise)    34    24487.31    40    24
(advertise)    34    24510.32    28    24
(relay)    45    30    24528.53    24    24500.44    2    1
(advertise)    34    24534.53    30    24
(relay)    7    44    24536.75    24    24525.45    3    1
(relay)    45    43    24551.35    24    24520.12    4    2
(advertise)    34    24557.35    44    24
(relay)    3    3    24563.16    24    24562.66    3    2
(relay)    7    7    24576.16    24    24575.51    4    3
(advertise)    34    24579.36    43    24
(relay)    45    6    24598.77    24    24595.78    3    3
(advertise)    34    24602.57    3    24
(advertise)    34    24624.19    7    24
(advertise)    34    24645.8    6    24
(heartbeat)    31    6    24674.27    34    24674.81    1    1
(advertise)    34    24675.01    31    6
(relay)    25    25    24690.63    24    24689.53    3    1
(relay)    17    17    24696.03    24    24695.04    5    2
(advertise)    34    24698.03    25    24
(advertise)    34    24719.64    17    24
(relay)    17    48    24761.85    24    24759.06    2    1
(advertise)    34    24762.05    48    24
(relay)    7    13    24824.86    24    24824.56    4    1
(advertise)    34    24825.06    13    24
(relay)    17    42    24848.68    24    24830.31    4    1
(advertise)    34    24848.88    42    24
(relay)    15    15    24862.69    24    24861.61    4    1
(advertise)    34    24871.09    15    24
(relay)    45    36    24999.1    24    24998.2    1    1
(relay)    17    47    25019.3    26    25017.72    3    1
(advertise)    34    25019.5    47    26
(relay)    15    9    25058.92    25    25057.59    4    1
(advertise)    34    25059.12    9    25
(relay)    17    4    25096.53    25    25095.66    4    1
(advertise)    34    25096.73    4    25
(relay)    17    16    25119.94    25    25101.64    2    1
(advertise)    34    25120.74    16    25
(relay)    17    19    25149.36    25    25145.63    3    1
(advertise)    34    25149.56    19    25
(relay)    45    45    25159.57    25    25159.37    4    1
(advertise)    34    25171.97    45    25
(relay)    17    12    25252.98    25    25250.56    4    1
(advertise)    34    25253.18    12    25
(relay)    45    46    25322.79    25    25320.62    4    1
(advertise)    34    25322.99    46    25
(generate)    34    25349.81    [1, 6, 7, 19]    25
(relay)    15    41    25372.22    25    25356.4    4    1
(advertise)    34    25372.42    41    25
(relay)    17    14    25394.43    25    25370.08    3    1
(advertise)    34    25395.43    14    25
(relay)    45    40    25418.05    25    25400.67    2    1
(advertise)    34    25418.45    40    25
(relay)    3    11    25420.46    25    25405.76    4    1
(relay)    45    28    25439.86    25    25406.75    2    2
(advertise)    34    25440.46    11    25
(relay)    17    20    25445.67    25    25416.37    1    2
(advertise)    34    25464.07    28    25
(relay)    45    30    25518.09    25    25500.54    2    1
(advertise)    34    25518.29    30    25
(relay)    45    43    25540.1    25    25520.24    4    1
(advertise)    34    25541.3    43    25
(relay)    3    3    25563.31    25    25562.75    3    1
(advertise)    34    25563.91    3    25
(relay)    7    7    25576.12    25    25575.62    4    1
(advertise)    34    25584.92    7    25
(relay)    7    44    25586.74    25    25526.75    3    1
(advertise)    34    25607.14    44    25
(relay)    45    6    25629.95    25    25595.79    3    1
(advertise)    34    25630.35    6    25
(relay)    25    25    25690.56    25    25689.62    3    1
(advertise)    34    25690.76    25    25
(relay)    17    17    25696.18    25    25695.14    5    1
(advertise)    34    25713.78    17    25
(relay)    17    48    25763.19    25    25759.18    1    1
(relay)    45    2    25807.19    25    25806.68    4    1
(advertise)    34    25807.39    2    25
(relay)    15    13    25829.6    25    25824.63    4    1
(advertise)    34    25830.2    13    25
(relay)    17    42    25854.02    25    25830.37    4    1
(advertise)    34    25854.42    42    25
(relay)    15    15    25862.63    25    25861.71    4    1
(advertise)    34    25878.23    15    25
(relay)    45    36    25999.24    25    25998.28    1    1
(relay)    7    47    26020.24    27    26017.82    3    1
(advertise)    34    26020.44    47    27
(relay)    15    9    26058.85    26    26057.65    4    1
(advertise)    34    26059.05    9    26
(relay)    17    4    26096.87    26    26095.74    4    1
(advertise)    34    26097.07    4    26
(relay)    17    16    26119.68    26    26101.77    2    1
(advertise)    34    26120.28    16    26
(relay)    17    19    26149.29    26    26145.78    3    1
(advertise)    34    26149.49    19    26
(relay)    45    45    26159.71    26    26159.51    4    1
(advertise)    34    26171.11    45    26
(relay)    17    12    26252.32    26    26250.71    4    1
(advertise)    34    26252.52    12    26
(relay)    45    39    26276.93    26    26253.79    2    1
(advertise)    34    26277.53    39    26
(relay)    45    46    26322.95    26    26320.74    4    1
(advertise)    34    26323.15    46    26
(generate)    34    26349.96    [1, 6, 7, 19]    26
(relay)    15    41    26372.57    26    26356.44    4    1
(advertise)    34    26372.77    41    26
(relay)    3    14    26397.18    26    26370.2    2    1
(advertise)    34    26398.58    14    26
(relay)    17    11    26418.2    26    26405.88    5    1
(advertise)    34    26421.6    11    26
(relay)    17    20    26444.01    26    26416.47    1    1
(relay)    45    40    26465.61    26    26400.87    2    1
(advertise)    34    26465.81    40    26
(relay)    45    30    26517.02    26    26500.65    2    1
(advertise)    34    26517.22    30    26
(relay)    17    44    26534.64    26    26526.82    4    1
(relay)    45    43    26539.04    26    26520.36    4    2
(advertise)    34    26539.64    44    26
(advertise)    34    26561.85    43    26
(relay)    3    3    26564.46    26    26563.87    3    1
(relay)    7    7    26576.66    26    26575.71    4    2
(advertise)    34    26583.86    3    26
(advertise)    34    26607.28    7    26
(relay)    45    6    26630.49    26    26595.84    3    1
(advertise)    34    26631.29    6    26
(relay)    25    25    26690.7    26    26689.72    3    1
(advertise)    34    26690.9    25    26
(relay)    17    17    26695.31    26    26695.25    5    1
(advertise)    34    26712.71    17    26
(relay)    17    48    26763.53    26    26759.28    2    1
(advertise)    34    26763.73    48    26
(relay)    45    2    26807.34    26    26806.77    4    1
(advertise)    34    26807.54    2    26
(relay)    45    13    26831.75    26    26824.73    3    1
(advertise)    34    26832.35    13    26
(relay)    17    42    26857.37    26    26830.47    4    1
(advertise)    34    26857.77    42    26
(relay)    15    15    26862.78    26    26861.8    4    1
(advertise)    34    26880.98    15    26
(relay)    45    36    27000.99    26    26998.38    1    1
(relay)    17    47    27019.99    28    27017.93    3    1
(advertise)    34    27020.19    47    28
(relay)    15    9    27058.21    27    27057.75    4    1
(advertise)    34    27058.41    9    27
(relay)    17    4    27097.82    27    27095.81    4    1
(advertise)    34    27098.02    4    27
(relay)    17    16    27121.83    27    27101.84    2    1
(advertise)    34    27122.23    16    27
(relay)    17    19    27149.24    27    27145.93    3    1
(advertise)    34    27149.44    19    27
(relay)    45    45    27159.66    27    27159.65    4    1
(advertise)    34    27171.66    45    27
(relay)    45    38    27174.07    27    27156.62    2    1
(advertise)    34    27194.47    38    27
(relay)    45    35    27209.88    27    27206.36    1    1
(relay)    17    12    27251.48    27    27250.83    4    1
(advertise)    34    27251.68    12    27
(relay)    17    46    27323.3    27    27320.84    3    1
(advertise)    34    27323.5    46    27
(generate)    34    27350.11    [1, 6, 7, 19]    27
(relay)    15    41    27375.32    27    27356.45    4    1
(advertise)    34    27375.52    41    27
(relay)    45    37    27398.14    27    27364.34    1    1
(relay)    17    11    27408.34    27    27406.04    5    1
(advertise)    34    27408.54    11    27
(relay)    17    20    27441.55    27    27416.56    1    1
(relay)    45    40    27442.15    27    27400.93    2    1
(advertise)    34    27442.35    40    27
(relay)    45    28    27465.36    27    27407.01    2    1
(advertise)    34    27466.36    28    27
(relay)    45    30    27505.57    27    27500.83    2    1
(advertise)    34    27505.77    30    27
(relay)    45    43    27526.59    27    27520.51    4    1
(advertise)    34    27527.99    43    27
(relay)    17    44    27551.4    27    27526.89    4    1
(advertise)    34    27551.6    44    27
(relay)    3    3    27565.01    27    27563.97    3    1
(advertise)    34    27572.81    3    27
(relay)    7    7    27576.83    27    27575.8    4    1
(advertise)    34    27595.23    7    27
(relay)    17    26    27617.44    27    27524.39    1    1
(relay)    45    6    27618.24    27    27595.93    3    1
(advertise)    34    27618.64    6    27
(relay)    25    25    27689.85    27    27689.82    3    1
(advertise)    34    27690.05    25    27
(relay)    17    17    27695.47    27    27695.38    5    1
(advertise)    34    27712.87    17    27
(relay)    17    48    27763.88    27    27759.38    1    1
(relay)    45    2    27807.68    27    27806.82    4    1
(advertise)    34    27807.88    2    27
(relay)    45    13    27831.09    27    27824.8    3    1
(advertise)    34    27831.29    13    27
(relay)    15    15    27862.9    27    27861.87    4    1
(advertise)    34    27863.1    15    27
(relay)    45    36    28000.92    27    27998.52    1    1
(relay)    7    47    28020.92    29    28018.0    3    1
(advertise)    34    28021.12    47    29
(relay)    15    9    28058.73    28    28057.81    4    1
(advertise)    34    28058.93    9    28
(relay)    17    4    28097.94    28    28095.9    4    1
(advertise)    34    28098.14    4    28
(relay)    17    16    28121.76    28    28101.93    2    1
(advertise)    34    28121.96    16    28
(relay)    17    19    28147.17    28    28146.08    3    1
(advertise)    34    28148.17    19    28
(relay)    45    45    28159.98    28    28159.8    4    1
(relay)    45    38    28170.38    28    28156.64    2    2
(advertise)    34    28170.98    45    28
(advertise)    34    28192.4    38    28
(relay)    17    12    28251.61    28    28250.96    4    1
(advertise)    34    28251.81    12    28
(relay)    45    39    28275.02    28    28253.88    2    1
(advertise)    34    28275.42    39    28
(relay)    15    46    28321.43    28    28320.92    3    1
(advertise)    34    28321.63    46    28
(generate)    34    28350.25    [1, 6, 7, 19]    28
(relay)    45    41    28374.86    28    28356.63    4    1
(advertise)    34    28375.06    41    28
(relay)    45    37    28398.27    28    28364.48    1    1
(relay)    17    11    28407.47    28    28406.13    5    1
(advertise)    34    28407.67    11    28
(relay)    17    20    28429.29    28    28416.68    2    1
(advertise)    34    28429.69    20    28
(relay)    45    28    28443.3    28    28407.17    2    1
(advertise)    34    28451.5    28    28
(relay)    45    30    28519.11    28    28501.0    2    1
(advertise)    34    28519.31    30    28
(relay)    17    26    28531.73    28    28524.49    1    1
(relay)    45    43    28540.53    28    28520.64    4    1
(advertise)    34    28542.53    43    28
(relay)    3    3    28565.14    28    28564.04    3    1
(advertise)    34    28565.94    3    28
(relay)    3    7    28578.15    28    28575.88    3    1
(advertise)    34    28587.15    7    28
(relay)    45    6    28611.96    28    28595.96    3    1
(advertise)    34    28612.36    6    28
(heartbeat)    31    7    28674.28    34    28674.58    1    1
(advertise)    34    28674.98    31    7
(relay)    25    25    28689.99    28    28689.9    3    1
(relay)    17    17    28695.59    28    28695.48    4    2
(advertise)    34    28697.39    25    28
(advertise)    34    28720.0    17    28
(relay)    17    48    28764.62    28    28759.48    2    1
(advertise)    34    28765.02    48    28
(relay)    45    2    28808.23    28    28806.89    4    1
(advertise)    34    28808.43    2    28
(relay)    45    13    28832.44    28    28824.9    3    1
(advertise)    34    28833.64    13    28
(relay)    15    42    28856.06    28    28830.63    3    1
(advertise)    34    28856.86    42    28
(relay)    15    15    28862.07    28    28861.97    4    1
(advertise)    34    28880.27    15    28
(relay)    45    47    29020.28    30    29018.08    4    1
(advertise)    34    29020.48    47    30
(relay)    15    9    29058.89    29    29057.9    4    1
(advertise)    34    29059.09    9    29
(relay)    17    4    29098.51    29    29095.99    4    1
(advertise)    34    29098.71    4    29
(relay)    17    16    29122.32    29    29102.01    2    1
(advertise)    34    29122.72    16    29
(relay)    17    19    29147.73    29    29146.22    3    1
(advertise)    34    29147.93    19    29
(relay)    45    45    29160.55    29    29159.94    4    1
(advertise)    34    29171.35    45    29
(relay)    17    12    29252.56    29    29251.08    4    1
(advertise)    34    29252.76    12    29
(relay)    45    39    29277.97    29    29253.93    2    1
(advertise)    34    29278.37    39    29
(relay)    7    46    29321.79    29    29320.99    3    1
(advertise)    34    29321.99    46    29
(generate)    34    29350.4    [1, 6, 7, 19]    29
(relay)    17    41    29374.01    29    29356.66    4    1
(advertise)    34    29374.21    41    29
(relay)    17    14    29395.62    29    29370.45    3    1
(advertise)    34    29396.62    14    29
(relay)    17    20    29429.24    29    29416.81    2    1
(advertise)    34    29429.44    20    29
(relay)    45    28    29441.05    29    29407.31    2    1
(advertise)    34    29451.25    28    29
(relay)    45    40    29462.46    29    29401.03    2    1
(advertise)    34    29474.86    40    29
(relay)    45    30    29502.08    29    29501.15    2    1
(advertise)    34    29502.28    30    29
(relay)    45    43    29524.69    29    29520.72    4    1
(advertise)    34    29524.89    43    29
(relay)    17    44    29554.3    29    29527.25    4    1
(advertise)    34    29554.7    44    29
(relay)    3    3    29565.12    29    29564.16    3    1
(advertise)    34    29576.72    3    29
(relay)    17    26    29597.93    29    29524.59    1    1
(relay)    45    6    29599.93    29    29596.02    3    1
(advertise)    34    29600.13    6    29
(relay)    25    25    29690.14    29    29690.0    3    1
(advertise)    34    29690.34    25    29
(relay)    17    17    29696.15    29    29695.6    4    1
(advertise)    34    29713.15    17    29
(relay)    17    48    29761.57    29    29759.59    2    1
(advertise)    34    29761.77    48    29
(relay)    45    2    29808.38    29    29806.95    4    1
(advertise)    34    29808.58    2    29
(relay)    17    13    29831.99    29    29824.99    4    1
(advertise)    34    29832.59    13    29
(relay)    17    42    29853.61    29    29830.7    4    1
(advertise)    34    29854.41    42    29
(relay)    15    15    29862.22    29    29862.07    4    1
(advertise)    34    29877.62    15    29
