(relay)    12    33    32.2    1    7    122    1
(advertise)    42    32.6    33    1
(relay)    11    47    63.61    1    15    122    1
(advertise)    42    63.81    47    1
(relay)    11    33    1008.83    2    1007.03    122    1
(advertise)    42    1009.03    33    2
(relay)    11    47    1034.44    2    1015.04    124    1
(advertise)    42    1034.64    47    2
(relay)    11    9    1057.65    1    1055.05    125    1
(advertise)    42    1058.05    9    1
(relay)    12    24    1081.27    1    1035.85    125    1
(advertise)    42    1082.07    24    1
(relay)    16    16    1099.08    1    1099.08    127    1
(relay)    14    4    1101.08    1    1093.08    126    2
(advertise)    42    1104.68    16    1
(relay)    16    10    1124.49    1    1098.08    125    2
(advertise)    42    1127.49    4    1
(relay)    19    19    1142.7    1    1142.1    127    2
(advertise)    42    1149.5    10    1
(advertise)    42    1171.72    19    1
(relay)    19    32    1188.93    1    1102.08    123    1
(advertise)    42    1195.53    32    1
(relay)    19    1    1212.34    1    1105.07    123    1
(advertise)    42    1216.54    1    1
(relay)    11    45    1238.16    1    1155.12    123    1
(advertise)    42    1238.56    45    1
(relay)    12    12    1248.17    1    1247.17    127    1
(advertise)    42    1259.97    12    1
(relay)    19    38    1285.18    1    1154.1    121    1
(advertise)    42    1285.38    38    1
(relay)    14    8    1309.6    1    1302.2    125    1
(advertise)    42    1309.8    8    1
(relay)    12    39    1331.81    1    1252.16    121    1
(advertise)    42    1332.01    39    1
(relay)    11    34    1358.82    1    1346.02    125    1
(advertise)    42    1359.02    34    1
(relay)    14    14    1367.03    1    1367.03    127    1
(advertise)    42    1380.03    14    1
(relay)    11    11    1402.65    1    1402.05    127    1
(advertise)    42    1403.05    11    1
(relay)    16    20    1426.06    1    1413.06    126    1
(advertise)    42    1427.46    20    1
(relay)    16    5    1447.27    1    1347.02    122    1
(advertise)    42    1450.67    5    1
(relay)    16    37    1470.09    1    1361.02    122    1
(advertise)    42    1472.89    37    1
(relay)    12    21    1495.9    1    1425.07    123    1
(advertise)    42    1496.3    21    1
(relay)    19    22    1518.31    1    1505.11    125    1
(advertise)    42    1519.11    22    1
(relay)    44    44    1521.33    1    1520.33    127    1
(relay)    19    28    1539.53    1    1403.06    120    2
(advertise)    42    1540.73    44    1
(relay)    19    26    1559.74    1    1520.13    126    2
(advertise)    42    1561.74    28    1
(relay)    11    40    1581.15    1    1399.05    121    2
(advertise)    42    1583.75    26    1
(relay)    11    3    1604.16    1    1559.14    125    2
(relay)    19    46    1604.76    1    1318.01    119    3
(advertise)    42    1605.16    40    1
(relay)    16    23    1608.38    1    1473.1    124    3
(advertise)    42    1627.38    3    1
(advertise)    42    1648.99    46    1
(advertise)    42    1670.4    23    1
(relay)    11    7    1692.02    1    1570.15    125    1
(advertise)    42    1693.22    7    1
(relay)    19    29    1695.03    1    1488.1    123    1
(relay)    11    43    1715.23    1    1517.13    122    2
(advertise)    42    1716.83    29    1
(relay)    16    27    1719.84    1    1633.19    124    2
(relay)    11    30    1735.24    1    1497.11    120    3
(advertise)    42    1737.84    43    1
(relay)    11    17    1756.86    1    1692.03    126    3
(advertise)    42    1759.86    27    1
(advertise)    42    1782.67    30    1
(relay)    11    25    1801.68    1    1687.02    125    2
(advertise)    42    1805.08    17    1
(relay)    16    48    1807.49    1    1756.06    126    2
(relay)    14    41    1824.89    1    1354.02    117    3
(relay)    12    18    1826.69    1    1697.03    125    4
(advertise)    42    1826.89    25    1
(generate)    42    1828.11    [1, 6, 7, 19]    1
(relay)    11    6    1849.12    1    1594.16    120    4
(advertise)    42    1849.32    48    1
(advertise)    42    1871.13    41    1
(advertise)    42    1892.15    18    1
(relay)    11    13    1894.16    1    1822.09    125    2
(advertise)    42    1916.36    6    1
(relay)    16    0    1937.57    1    1819.11    122    2
(advertise)    42    1939.57    13    1
(relay)    11    2    1960.99    1    1805.07    123    2
(advertise)    42    1963.59    0    1
(advertise)    42    1984.6    2    1
(relay)    16    15    2001.81    1    1859.12    118    1
(advertise)    42    2005.61    15    1
(relay)    16    33    2047.42    3    2007.21    123    1
(advertise)    42    2047.62    33    3
(relay)    11    47    2052.24    3    2015.2    124    1
(advertise)    42    2070.44    47    3
(relay)    11    36    2074.65    1    1995.19    121    1
(advertise)    42    2092.85    36    1
(relay)    16    16    2099.26    2    2099.26    127    1
(advertise)    42    2114.66    16    2
(relay)    16    10    2116.08    2    2098.26    125    1
(relay)    11    9    2118.08    2    2055.22    125    2
(advertise)    42    2137.08    10    2
(relay)    19    19    2142.89    2    2142.28    127    2
(advertise)    42    2158.89    9    2
(advertise)    42    2181.1    19    2
(relay)    16    32    2189.72    2    2102.28    123    1
(advertise)    42    2203.12    32    2
(relay)    16    1    2212.53    2    2105.25    121    1
(advertise)    42    2225.93    1    2
(relay)    12    12    2248.34    2    2247.34    127    1
(advertise)    42    2248.74    12    2
(relay)    12    45    2250.35    2    2155.88    123    1
(relay)    14    38    2251.95    2    2155.29    121    2
(advertise)    42    2271.15    45    2
(advertise)    42    2292.17    38    2
(relay)    19    8    2304.58    2    2302.38    125    1
(advertise)    42    2314.38    8    2
(relay)    11    39    2340.59    2    2252.34    121    1
(advertise)    42    2341.59    39    2
(relay)    14    14    2367.41    2    2367.22    127    1
(advertise)    42    2367.61    14    2
(relay)    19    35    2369.42    2    2203.32    121    1
(relay)    11    34    2383.02    2    2346.17    125    2
(advertise)    42    2388.62    35    2
(relay)    11    11    2402.83    2    2402.23    127    2
(advertise)    42    2410.83    34    2
(advertise)    42    2432.65    11    2
(relay)    16    20    2440.06    2    2413.25    126    1
(relay)    11    41    2449.86    2    2354.14    124    2
(advertise)    42    2456.06    20    2
(advertise)    42    2478.47    41    2
(relay)    16    5    2483.88    2    2347.21    121    1
(advertise)    42    2502.48    5    2
(relay)    44    44    2521.5    2    2520.5    127    1
(relay)    19    46    2522.5    2    2318.15    117    2
(advertise)    42    2525.3    44    2
(relay)    16    26    2547.91    2    2520.31    126    2
(advertise)    42    2548.91    46    2
(advertise)    42    2571.12    26    2
(relay)    19    22    2587.94    2    2505.3    125    1
(advertise)    42    2592.14    22    2
(relay)    16    23    2594.75    2    2473.3    124    1
(advertise)    42    2614.35    23    2
(relay)    19    21    2633.16    2    2425.27    123    1
(relay)    11    3    2634.36    2    2559.28    125    2
(advertise)    42    2636.56    21    2
(advertise)    42    2659.17    3    2
(relay)    19    28    2676.79    2    2403.25    122    1
(relay)    16    37    2681.79    2    2361.21    121    2
(advertise)    42    2683.19    28    2
(relay)    11    7    2702.8    2    2570.3    125    2
(advertise)    42    2704.6    37    2
(relay)    19    29    2723.41    2    2488.3    123    2
(relay)    11    43    2726.61    2    2517.31    122    3
(advertise)    42    2727.81    7    2
(relay)    16    18    2746.63    2    2697.21    125    3
(relay)    11    17    2750.03    2    2692.17    126    4
(advertise)    42    2750.23    29    2
(advertise)    42    2772.64    43    2
(relay)    14    40    2790.85    2    2399.23    121    3
(advertise)    42    2794.05    18    2
(relay)    16    48    2814.47    2    2756.25    126    3
(advertise)    42    2816.87    17    2
(generate)    42    2828.28    [1, 6, 7, 19]    2
(advertise)    42    2838.49    40    2
(relay)    14    30    2856.1    2    2497.3    121    2
(relay)    16    27    2858.5    2    2633.37    123    3
(advertise)    42    2861.5    48    2
(advertise)    42    2883.92    30    2
(advertise)    42    2906.13    27    2
(relay)    16    6    2924.34    2    2594.35    119    1
(advertise)    42    2927.14    6    2
(relay)    19    0    2963.56    2    2819.29    123    1
(advertise)    42    2963.76    0    2
(relay)    11    2    2971.97    2    2805.21    123    1
(advertise)    42    2986.77    2    2
(relay)    14    25    2987.98    2    2687.16    118    1
(advertise)    42    3008.98    25    2
(relay)    11    15    3018.2    2    2859.27    125    1
(advertise)    42    3031.6    15    2
(relay)    16    33    3034.01    4    3007.41    123    1
(advertise)    42    3052.61    33    4
(relay)    14    13    3076.22    2    2822.24    117    1
(advertise)    42    3077.22    13    2
(relay)    11    47    3081.03    4    3015.34    124    1
(relay)    4    4    3093.63    3    3093.45    127    2
(relay)    14    24    3097.63    3    3036.22    125    3
(relay)    16    16    3099.63    3    3099.45    127    4
(advertise)    42    3100.23    47    4
(advertise)    42    3122.25    4    3
(relay)    11    36    3124.46    2    2995.38    121    3
(relay)    19    19    3143.46    3    3142.47    127    4
(advertise)    42    3146.26    24    3
(relay)    16    10    3148.67    3    3098.45    125    4
(relay)    11    9    3168.87    3    3055.36    125    5
(advertise)    42    3170.47    16    3
(advertise)    42    3191.49    36    2
(advertise)    42    3213.7    19    3
(advertise)    42    3234.91    10    3
(relay)    16    32    3238.73    3    3102.46    123    2
(relay)    12    12    3248.53    3    3247.53    127    3
(relay)    11    45    3257.53    3    3156.03    123    4
(advertise)    42    3258.53    9    3
(relay)    19    1    3276.34    3    3105.45    123    4
(advertise)    42    3280.74    32    3
(advertise)    42    3302.75    12    3
(advertise)    42    3323.96    45    3
(relay)    19    38    3344.98    3    3155.46    121    2
(advertise)    42    3346.58    1    3
(relay)    19    8    3365.79    3    3302.56    125    2
(relay)    14    14    3367.59    3    3367.42    127    3
(advertise)    42    3367.79    38    3
(relay)    11    35    3387.8    3    3203.5    121    3
(advertise)    42    3392.2    8    3
(relay)    11    11    3403.02    3    3402.43    127    3
(advertise)    42    3415.42    14    3
(advertise)    42    3437.63    35    3
(relay)    16    20    3439.04    3    3413.44    126    2
(relay)    11    34    3454.24    3    3346.33    125    3
(advertise)    42    3459.84    11    3
(relay)    16    39    3461.06    3    3252.53    120    3
(relay)    11    46    3476.86    3    3318.33    124    4
(advertise)    42    3481.86    20    3
(advertise)    42    3503.27    34    3
(relay)    19    5    3520.68    3    3347.39    121    3
(advertise)    42    3525.48    39    3
(relay)    19    21    3540.89    3    3425.46    123    3
(advertise)    42    3547.69    46    3
(relay)    19    26    3562.71    3    3520.51    126    3
(relay)    4    41    3567.11    3    3354.3    122    4
(advertise)    42    3570.91    5    3
(advertise)    42    3593.52    21    3
(relay)    16    44    3595.53    3    3520.68    126    3
(relay)    19    22    3605.33    3    3505.49    125    4
(advertise)    42    3616.53    26    3
(relay)    11    37    3629.95    3    3361.39    120    4
(advertise)    42    3639.75    41    3
(advertise)    42    3660.76    44    3
(relay)    12    23    3672.77    3    3473.49    124    3
(relay)    11    3    3676.57    3    3559.44    125    4
(advertise)    42    3682.77    22    3
(advertise)    42    3704.99    37    3
(relay)    11    7    3721.4    3    3570.46    125    3
(advertise)    42    3727.4    23    3
(relay)    16    28    3728.81    3    3403.43    122    3
(advertise)    42    3748.61    3    3
(advertise)    42    3771.22    7    3
(relay)    16    40    3773.44    3    3399.4    120    2
(relay)    11    17    3789.24    3    3692.35    126    3
(advertise)    42    3794.24    28    3
(relay)    19    27    3807.25    3    3633.56    124    3
(relay)    11    43    3811.45    3    3517.49    123    4
(advertise)    42    3816.65    40    3
(generate)    42    3828.46    [1, 6, 7, 19]    3
(relay)    14    29    3831.88    3    3488.49    122    4
(advertise)    42    3838.48    17    3
(relay)    16    48    3840.09    3    3756.45    126    4
(relay)    12    18    3853.29    3    3697.41    125    5
(advertise)    42    3861.29    27    3
(advertise)    42    3883.3    43    3
(advertise)    42    3906.12    29    3
(advertise)    42    3927.33    48    3
(relay)    19    30    3939.34    3    3497.48    121    2
(advertise)    42    3948.34    18    3
(advertise)    42    3971.35    30    3
(relay)    19    6    3982.37    3    3594.53    121    1
(relay)    11    13    3992.77    3    3822.41    125    2
(advertise)    42    3992.97    6    3
(relay)    19    0    4004.58    3    3819.49    122    2
(relay)    11    15    4014.78    3    3859.41    125    3
(advertise)    42    4014.98    13    3
(advertise)    42    4037.99    0    3
(advertise)    42    4062.81    15    3
(relay)    16    25    4065.22    3    3687.32    117    1
(relay)    11    2    4080.42    3    3805.39    123    2
(advertise)    42    4085.02    25    3
(relay)    12    24    4093.43    4    4036.42    125    2
(relay)    4    4    4093.83    4    4093.65    127    3
(relay)    16    16    4100.23    4    4099.65    127    4
(advertise)    42    4106.43    2    3
(advertise)    42    4128.85    24    4
(relay)    19    19    4143.66    4    4142.68    127    3
(advertise)    42    4151.86    4    4
(relay)    12    33    4160.27    5    4007.61    123    3
(relay)    11    47    4168.27    5    4015.53    124    4
(advertise)    42    4172.87    16    4
(advertise)    42    4196.88    19    4
(advertise)    42    4218.7    33    5
(relay)    16    10    4222.51    4    4098.65    125    2
(relay)    11    36    4234.71    3    3995.57    121    3
(advertise)    42    4240.31    47    5
(relay)    12    12    4248.92    4    4247.94    127    3
(advertise)    42    4262.72    10    4
(relay)    11    45    4278.94    4    4156.23    124    3
(advertise)    42    4285.74    36    3
(relay)    12    32    4289.75    4    4102.66    123    3
(relay)    19    1    4294.75    4    4105.65    123    4
(advertise)    42    4306.95    12    4
(advertise)    42    4328.76    45    4
(relay)    11    9    4345.78    4    4055.54    121    3
(advertise)    42    4352.38    32    4
(relay)    14    14    4367.79    4    4367.61    127    3
(advertise)    42    4374.99    1    4
(relay)    16    8    4378.0    4    4302.76    125    3
(advertise)    42    4396.0    9    4
(relay)    11    11    4403.61    4    4402.63    127    3
(relay)    11    38    4413.81    4    4155.66    121    4
(advertise)    42    4420.01    14    4
(advertise)    42    4441.23    8    4
(advertise)    42    4463.44    11    4
(relay)    12    20    4466.85    4    4413.64    126    2
(relay)    11    46    4480.25    4    4318.52    124    3
(advertise)    42    4486.45    38    4
(relay)    19    35    4493.87    4    4203.7    122    3
(advertise)    42    4508.47    20    4
(relay)    44    44    4522.08    4    4521.89    127    3
(advertise)    42    4530.48    46    4
(relay)    19    39    4538.49    4    4252.71    121    3
(relay)    11    41    4545.69    4    4354.5    124    4
(advertise)    42    4552.49    35    4
(relay)    14    26    4568.91    4    4520.71    126    4
(advertise)    42    4575.51    44    4
(relay)    19    22    4584.32    4    4505.51    125    4
(advertise)    42    4597.52    39    4
(advertise)    42    4619.53    41    4
(relay)    16    23    4620.74    4    4473.69    124    3
(relay)    11    5    4632.74    4    4347.59    122    4
(advertise)    42    4641.94    26    4
(advertise)    42    4663.56    22    4
(advertise)    42    4685.37    23    4
(relay)    19    21    4696.78    4    4425.65    123    2
(relay)    11    28    4697.78    4    4404.03    122    3
(relay)    14    37    4702.38    4    4361.59    122    4
(advertise)    42    4706.98    5    4
(relay)    11    3    4719.6    4    4559.64    125    4
(advertise)    42    4729.8    21    4
(advertise)    42    4751.01    28    4
(relay)    16    29    4755.82    4    4488.69    123    3
(relay)    11    43    4763.62    4    4517.69    123    4
(advertise)    42    4772.02    37    4
(relay)    11    7    4785.84    4    4570.65    124    4
(advertise)    42    4793.84    3    4
(relay)    12    18    4807.05    4    4697.61    125    4
(relay)    11    17    4807.25    4    4692.54    126    5
(advertise)    42    4815.85    29    4
(relay)    14    27    4817.66    4    4633.57    124    5
(generate)    42    4828.66    [1, 6, 7, 19]    4
(relay)    19    48    4830.07    4    4756.65    126    6
(advertise)    42    4837.87    43    4
(advertise)    42    4860.09    7    4
(advertise)    42    4882.5    18    4
(relay)    11    30    4895.31    4    4497.68    122    4
(advertise)    42    4905.91    17    4
(advertise)    42    4927.53    27    4
(heartbeat)    31    1    4674.2    42    4938.14    127    0
(relay)    12    40    4942.34    4    4399.41    120    4
(advertise)    42    4949.94    48    4
(advertise)    42    4972.95    30    4
(advertise)    42    4995.77    31    1
(relay)    11    13    5005.38    4    4822.61    3    2
(advertise)    42    5017.98    40    4
(relay)    19    34    5028.79    4    4346.52    119    2
(advertise)    42    5039.79    13    4
(relay)    19    2    5051.4    4    4805.57    118    2
(advertise)    42    5060.8    34    4
(advertise)    42    5084.62    2    4
(relay)    12    0    5092.63    4    4820.09    121    1
(relay)    19    24    5094.03    5    5036.6    4    2
(relay)    4    4    5094.43    5    5093.84    7    3
(relay)    16    16    5100.43    5    5099.84    6    4
(advertise)    42    5107.03    0    4
(advertise)    42    5128.04    24    5
(relay)    19    33    5137.66    6    5007.8    1    3
(relay)    19    19    5143.86    5    5142.88    6    4
(advertise)    42    5150.26    4    5
(relay)    11    47    5160.87    6    5015.73    2    4
(advertise)    42    5171.67    16    5
(relay)    19    10    5182.68    5    5098.84    1    3
(relay)    11    9    5184.08    5    5055.74    3    4
(advertise)    42    5193.48    19    5
(advertise)    42    5215.1    47    6
(advertise)    42    5236.51    9    5
(relay)    12    12    5248.32    5    5248.13    6    1
(advertise)    42    5257.52    12    5
(relay)    12    8    5305.53    5    5302.96    2    1
(advertise)    42    5305.73    8    5
(relay)    11    46    5328.75    5    5318.7    2    1
(advertise)    42    5329.15    46    5
(relay)    11    34    5349.96    5    5346.71    1    1
(relay)    14    14    5368.36    5    5367.79    6    1
(advertise)    42    5368.56    14    5
(relay)    11    41    5397.97    5    5354.67    3    1
(advertise)    42    5398.37    41    5
(relay)    11    11    5403.79    5    5402.81    5    1
(advertise)    42    5419.79    11    5
(relay)    14    20    5442.0    5    5413.79    3    1
(advertise)    42    5442.6    20    5
(relay)    19    21    5463.81    5    5425.81    1    1
(relay)    12    23    5486.61    5    5473.89    1    1
(relay)    12    22    5509.01    5    5505.68    2    1
(advertise)    42    5509.21    22    5
(relay)    44    44    5522.23    5    5522.03    6    1
(advertise)    42    5530.23    44    5
(relay)    11    43    5531.64    5    5517.84    1    1
(relay)    44    26    5532.84    5    5520.86    3    1
(advertise)    42    5551.44    26    5
(relay)    11    3    5601.05    5    5559.77    1    1
(relay)    11    7    5622.25    5    5570.79    2    1
(advertise)    42    5622.45    7    5
(relay)    11    25    5691.06    5    5687.63    1    1
(relay)    16    18    5698.66    5    5697.69    3    1
(advertise)    42    5698.86    18    5
(relay)    11    17    5713.68    5    5692.66    3    1
(advertise)    42    5722.48    17    5
(relay)    12    48    5759.69    5    5756.7    3    1
(advertise)    42    5759.89    48    5
(relay)    11    2    5806.9    5    5805.59    1    1
(relay)    19    0    5823.1    5    5820.13    1    1
(generate)    42    5828.7    [1, 6, 7, 19]    5
(relay)    11    13    5852.52    5    5822.68    3    1
(advertise)    42    5852.72    13    5
(relay)    14    15    5874.93    5    5859.68    1    1
(relay)    11    47    6018.73    7    6015.88    2    1
(advertise)    42    6018.93    47    7
(relay)    16    33    6022.74    7    6007.98    1    1
(relay)    11    9    6057.54    6    6055.9    3    1
(advertise)    42    6057.74    9    6
(relay)    14    24    6062.96    6    6036.77    3    1
(advertise)    42    6079.56    24    6
(relay)    4    4    6094.57    6    6093.99    7    1
(advertise)    42    6100.57    4    6
(relay)    44    16    6124.18    6    6099.98    5    1
(advertise)    42    6124.58    16    6
(relay)    14    10    6127.99    6    6098.87    1    1
(relay)    19    19    6143.99    6    6142.9    6    1
(advertise)    42    6146.99    19    6
(relay)    19    1    6178.61    6    6105.93    1    1
(relay)    12    12    6248.41    6    6248.27    6    1
(advertise)    42    6248.61    12    6
(relay)    14    8    6306.22    6    6303.35    2    1
(advertise)    42    6306.42    8    6
(relay)    11    46    6330.03    6    6318.81    2    1
(advertise)    42    6330.43    46    6
(relay)    11    34    6352.85    6    6346.86    1    1
(relay)    14    14    6368.45    6    6367.91    6    1
(advertise)    42    6368.65    14    6
(relay)    11    41    6395.86    6    6354.68    3    1
(advertise)    42    6396.06    41    6
(relay)    11    11    6404.07    6    6402.98    5    1
(advertise)    42    6417.67    11    6
(relay)    12    20    6438.49    6    6413.91    4    1
(advertise)    42    6439.89    20    6
(relay)    12    23    6477.5    6    6474.08    1    1
(relay)    11    26    6521.9    6    6520.98    3    1
(advertise)    42    6522.1    26    6
(relay)    44    44    6523.51    6    6523.31    6    1
(relay)    16    22    6543.11    6    6505.68    2    2
(advertise)    42    6545.71    44    6
(advertise)    42    6567.92    22    6
(relay)    11    7    6589.54    6    6570.91    2    1
(advertise)    42    6590.34    7    6
(relay)    11    25    6689.35    6    6687.72    1    1
(relay)    12    18    6698.35    6    6697.79    3    1
(advertise)    42    6698.55    18    6
(relay)    11    17    6712.56    6    6692.79    3    1
(advertise)    42    6720.56    17    6
(relay)    16    48    6758.98    6    6756.82    4    1
(advertise)    42    6759.18    48    6
(relay)    11    2    6808.19    6    6805.62    1    1
(generate)    42    6828.79    [1, 6, 7, 19]    6
(relay)    11    13    6853.0    6    6822.8    3    1
(advertise)    42    6853.2    13    6
(relay)    11    15    6873.62    6    6859.76    2    1
(advertise)    42    6875.22    15    6
(relay)    11    47    7019.83    8    7015.96    2    1
(advertise)    42    7020.03    47    8
(relay)    16    33    7023.64    8    7008.15    1    1
(relay)    16    24    7047.64    7    7036.89    2    1
(advertise)    42    7048.04    24    7
(relay)    11    9    7057.65    7    7056.0    3    1
(advertise)    42    7069.45    9    7
(relay)    4    4    7094.67    7    7094.09    7    1
(advertise)    42    7094.87    4    7
(relay)    16    16    7100.68    7    7100.05    6    1
(advertise)    42    7115.88    16    7
(relay)    16    10    7120.09    7    7098.89    1    1
(relay)    19    19    7143.09    7    7143.05    6    1
(advertise)    42    7143.29    19    7
(relay)    11    45    7170.11    7    7156.72    1    1
(relay)    12    1    7187.71    7    7105.98    1    1
(relay)    12    12    7248.51    7    7248.4    6    1
(advertise)    42    7248.71    12    7
(relay)    19    8    7306.52    7    7303.53    2    1
(advertise)    42    7306.72    8    7
(relay)    11    46    7329.33    7    7318.89    2    1
(advertise)    42    7330.13    46    7
(relay)    11    34    7351.15    7    7347.02    1    1
(relay)    14    14    7368.55    7    7368.04    6    1
(advertise)    42    7368.75    14    7
(relay)    11    41    7395.96    7    7354.69    3    1
(advertise)    42    7396.16    41    7
(relay)    11    11    7404.17    7    7403.11    5    1
(advertise)    42    7417.97    11    7
(relay)    19    20    7419.38    7    7414.01    4    1
(advertise)    42    7439.78    20    7
(relay)    16    21    7461.8    7    7426.13    1    1
(relay)    19    23    7478.6    7    7474.1    1    1
(relay)    11    22    7506.8    7    7505.84    1    1
(relay)    44    44    7523.6    7    7523.4    6    1
(advertise)    42    7523.8    44    7
(relay)    19    26    7527.41    7    7521.1    4    1
(advertise)    42    7545.61    26    7
(relay)    11    3    7591.42    7    7560.18    1    1
(relay)    11    7    7614.22    7    7570.98    1    1
(relay)    11    25    7689.42    7    7687.82    1    1
(relay)    12    18    7698.42    7    7697.89    3    1
(advertise)    42    7698.62    18    7
(relay)    11    17    7711.64    7    7692.89    3    1
(advertise)    42    7720.84    17    7
(relay)    16    48    7759.05    7    7756.91    4    1
(advertise)    42    7759.25    48    7
(generate)    42    7828.86    [1, 6, 7, 19]    7
(relay)    11    15    7876.88    7    7859.85    2    1
(advertise)    42    7877.08    15    7
(relay)    12    33    8012.09    9    8008.31    1    1
(relay)    11    47    8020.29    9    8016.06    2    1
(advertise)    42    8020.49    47    9
(relay)    16    24    8038.7    8    8037.02    3    1
(advertise)    42    8044.3    24    8
(relay)    11    9    8064.91    8    8056.1    3    1
(advertise)    42    8066.51    9    8
(relay)    4    4    8094.73    8    8094.17    7    1
(advertise)    42    8095.13    4    8
(relay)    16    16    8100.74    8    8100.14    6    1
(advertise)    42    8116.34    16    8
(relay)    14    10    8137.95    8    8098.9    1    1
(relay)    19    19    8143.35    8    8143.16    6    1
(advertise)    42    8143.95    19    8
(relay)    11    45    8169.37    8    8156.86    1    1
(relay)    19    1    8185.17    8    8106.04    1    1
(relay)    12    12    8248.57    8    8248.51    6    1
(advertise)    42    8248.77    12    8
(relay)    16    8    8305.38    8    8303.72    2    1
(advertise)    42    8305.58    8    8
(relay)    11    46    8320.99    8    8318.99    2    1
(advertise)    42    8327.19    46    8
(relay)    11    34    8349.01    8    8347.17    1    1
(relay)    14    14    8368.61    8    8368.12    6    1
(advertise)    42    8368.81    14    8
(relay)    11    41    8395.22    8    8354.72    3    1
(advertise)    42    8395.42    41    8
(relay)    19    11    8416.63    8    8403.25    4    1
(relay)    16    20    8417.03    8    8414.12    4    2
(advertise)    42    8419.03    11    8
(advertise)    42    8441.24    20    8
(relay)    12    21    8467.46    8    8426.28    1    1
(relay)    19    23    8489.06    8    8474.23    1    1
(relay)    19    22    8510.46    8    8506.02    2    1
(advertise)    42    8510.66    22    8
(relay)    44    44    8523.67    8    8523.47    6    1
(advertise)    42    8533.27    44    8
(relay)    16    26    8535.08    8    8521.21    4    1
(advertise)    42    8556.08    26    8
(relay)    11    3    8580.3    8    8560.31    1    1
(relay)    11    7    8600.9    8    8571.08    2    1
(advertise)    42    8601.1    7    8
(heartbeat)    31    2    8674.21    42    8677.51    4    4
(advertise)    42    8677.71    31    2
(relay)    19    18    8701.32    8    8698.0    3    1
(advertise)    42    8701.72    18    8
(relay)    11    25    8745.74    8    8687.95    1    1
(relay)    4    48    8759.74    8    8757.03    3    1
(advertise)    42    8759.94    48    8
(relay)    11    2    8809.15    8    8805.71    1    1
(relay)    12    0    8825.15    8    8820.62    1    1
(generate)    42    8828.95    [1, 6, 7, 19]    8
(relay)    11    13    8853.96    8    8823.0    3    1
(advertise)    42    8854.36    13    8
(relay)    11    15    8876.17    8    8859.97    2    1
(advertise)    42    8877.37    15    8
(relay)    11    47    9020.79    10    9016.17    2    1
(advertise)    42    9020.99    47    10
(relay)    12    33    9042.2    10    9008.47    1    1
(relay)    16    24    9044.2    9    9037.16    3    1
(advertise)    42    9045.2    24    9
(relay)    11    9    9067.01    9    9056.2    3    1
(advertise)    42    9068.61    9    9
(relay)    4    4    9095.23    9    9094.25    7    1
(advertise)    42    9096.03    4    9
(relay)    16    16    9101.24    9    9100.23    6    1
(advertise)    42    9117.44    16    9
(relay)    16    10    9120.45    9    9099.13    1    1
(relay)    19    19    9143.45    9    9143.31    6    1
(advertise)    42    9143.65    19    9
(relay)    19    1    9188.07    9    9106.11    1    1
(relay)    12    12    9249.27    9    9248.66    6    1
(advertise)    42    9249.47    12    9
(relay)    11    8    9304.88    9    9303.75    1    1
(relay)    11    46    9325.88    9    9319.1    2    1
(advertise)    42    9326.08    46    9
(relay)    11    34    9350.09    9    9347.34    1    1
(relay)    14    14    9369.29    9    9368.26    6    1
(advertise)    42    9369.49    14    9
(relay)    11    11    9403.5    9    9403.4    5    1
(advertise)    42    9403.7    11    9
(relay)    19    20    9425.32    9    9414.23    4    1
(advertise)    42    9426.12    20    9
(relay)    19    21    9464.73    9    9426.44    1    1
(relay)    19    23    9487.13    9    9474.25    1    1
(relay)    12    22    9508.93    9    9506.05    2    1
(advertise)    42    9509.13    22    9
(relay)    44    44    9524.14    9    9523.54    6    1
(advertise)    42    9530.34    44    9
(relay)    14    26    9533.36    9    9521.34    4    1
(advertise)    42    9552.76    26    9
(relay)    11    3    9590.17    9    9560.41    1    1
(relay)    11    7    9614.77    9    9571.21    2    1
(advertise)    42    9614.97    7    9
(relay)    11    25    9688.78    9    9688.04    1    1
(relay)    12    18    9699.58    9    9698.1    3    1
(advertise)    42    9699.78    18    9
(relay)    11    17    9710.2    9    9693.18    3    1
(advertise)    42    9721.8    17    9
(relay)    19    48    9757.81    9    9757.15    4    1
(advertise)    42    9758.01    48    9
(generate)    42    9829.02    [1, 6, 7, 19]    9
(relay)    11    13    9851.64    9    9823.11    3    1
(advertise)    42    9851.84    13    9
(relay)    11    15    9873.05    9    9860.09    2    1
(advertise)    42    9873.25    15    9
(relay)    11    47    10020.86    11    10016.26    2    1
(advertise)    42    10021.06    47    11
(relay)    16    33    10022.67    11    10008.63    1    1
(relay)    12    24    10043.47    10    10037.28    3    1
(advertise)    42    10044.07    24    10
(relay)    11    9    10067.69    10    10056.27    3    1
(advertise)    42    10067.89    9    10
(relay)    4    4    10095.3    10    10094.34    7    1
(advertise)    42    10095.5    4    10
(relay)    16    16    10101.31    10    10100.33    6    1
(advertise)    42    10116.51    16    10
(relay)    16    10    10118.53    10    10099.15    1    1
(relay)    19    19    10143.53    10    10143.46    6    1
(advertise)    42    10143.73    19    10
(relay)    11    45    10171.14    10    10157.2    1    1
(relay)    19    1    10209.54    10    10106.14    1    1
(relay)    12    12    10249.34    10    10248.76    6    1
(advertise)    42    10249.54    12    10
(relay)    16    8    10304.55    10    10303.94    2    1
(advertise)    42    10304.75    8    10
(relay)    11    46    10326.77    10    10319.2    2    1
(advertise)    42    10328.97    46    10
(relay)    11    34    10349.78    10    10347.5    1    1
(relay)    14    14    10369.38    10    10368.37    6    1
(advertise)    42    10369.58    14    10
(relay)    11    41    10393.19    10    10354.95    3    1
(advertise)    42    10393.59    41    10
(relay)    11    11    10403.6    10    10403.56    5    1
(advertise)    42    10416.2    11    10
(relay)    14    20    10438.22    10    10414.35    3    1
(advertise)    42    10439.02    20    10
(relay)    16    21    10461.23    10    10426.63    1    1
(relay)    16    23    10482.43    10    10474.28    1    1
(relay)    14    22    10508.03    10    10506.25    2    1
(advertise)    42    10508.23    22    10
(relay)    44    44    10524.24    10    10523.64    6    1
(relay)    14    26    10529.64    10    10521.48    4    2
(advertise)    42    10530.04    44    10
(advertise)    42    10552.06    26    10
(relay)    11    3    10597.87    10    10560.51    1    1
(relay)    11    7    10619.07    10    10571.3    1    1
(relay)    11    25    10689.87    10    10688.13    1    1
(relay)    19    18    10699.87    10    10698.2    3    1
(advertise)    42    10700.07    18    10
(relay)    11    17    10711.48    10    10693.32    3    1
(advertise)    42    10721.48    17    10
(relay)    19    48    10757.5    10    10757.26    4    1
(advertise)    42    10757.7    48    10
(relay)    11    2    10810.11    10    10805.8    1    1
(generate)    42    10829.11    [1, 6, 7, 19]    10
(relay)    11    13    10853.12    10    10823.2    3    1
(advertise)    42    10853.32    13    10
(relay)    11    15    10875.33    10    10860.19    2    1
(advertise)    42    10876.33    15    10
(relay)    11    47    11019.35    12    11016.35    2    1
(advertise)    42    11019.55    47    12
(relay)    19    24    11040.96    11    11037.41    4    1
(advertise)    42    11041.36    24    11
(relay)    11    9    11066.77    11    11056.39    3    1
(advertise)    42    11066.97    9    11
(relay)    4    4    11095.39    11    11094.43    7    1
(advertise)    42    11095.59    4    11
(relay)    16    16    11101.4    11    11100.43    6    1
(advertise)    42    11117.0    16    11
(relay)    19    10    11139.81    11    11099.34    1    1
(relay)    19    19    11144.21    11    11143.62    6    1
(advertise)    42    11144.41    19    11
(relay)    11    45    11171.23    11    11157.39    1    1
(relay)    12    1    11186.03    11    11106.19    1    1
(relay)    12    12    11249.43    11    11248.89    6    1
(advertise)    42    11249.63    12    11
(relay)    14    8    11305.04    11    11304.13    2    1
(advertise)    42    11305.24    8    11
(relay)    11    46    11330.85    11    11319.3    1    1
(relay)    11    34    11355.45    11    11347.65    1    1
(relay)    14    14    11369.45    11    11368.45    6    1
(advertise)    42    11369.65    14    11
(relay)    11    41    11398.66    11    11355.14    3    1
(advertise)    42    11398.86    41    11
(relay)    11    11    11403.88    11    11403.73    5    1
(advertise)    42    11420.68    11    11
(relay)    16    20    11422.49    11    11414.46    4    1
(advertise)    42    11443.89    20    11
(relay)    14    21    11480.7    11    11426.81    1    1
(relay)    16    23    11502.9    11    11474.31    1    1
(relay)    14    26    11522.9    11    11521.59    4    1
(advertise)    42    11523.1    26    11
(relay)    44    44    11524.92    11    11524.32    6    1
(advertise)    42    11545.32    44    11
(relay)    16    22    11546.93    11    11506.44    2    1
(advertise)    42    11569.33    22    11
(relay)    11    7    11593.94    11    11571.45    2    1
(advertise)    42    11594.14    7    11
(relay)    11    25    11690.36    11    11688.26    1    1
(relay)    12    18    11700.56    11    11698.3    3    1
(advertise)    42    11700.76    18    11
(relay)    11    17    11713.77    11    11693.47    3    1
(advertise)    42    11721.77    17    11
(relay)    19    48    11757.78    11    11757.36    4    1
(advertise)    42    11757.98    48    11
(relay)    11    2    11811.59    11    11805.84    1    1
(relay)    14    0    11824.99    11    11821.11    1    1
(generate)    42    11829.19    [1, 6, 7, 19]    11
(relay)    11    15    11861.81    11    11860.31    2    1
(advertise)    42    11862.01    15    11
(relay)    12    24    12038.62    12    12037.53    3    1
(advertise)    42    12038.82    24    12
(relay)    11    9    12062.83    12    12056.47    3    1
(advertise)    42    12063.63    9    12
(relay)    16    16    12100.65    12    12100.51    6    1
(advertise)    42    12100.85    16    12
(relay)    16    10    12120.06    12    12099.56    1    1
(relay)    19    19    12144.26    12    12143.74    6    1
(advertise)    42    12144.46    19    12
(relay)    11    45    12170.67    12    12157.53    1    1
(relay)    12    12    12249.87    12    12248.96    6    1
(advertise)    42    12250.07    12    12
(relay)    12    8    12304.89    12    12304.3    2    1
(advertise)    42    12305.09    8    12
(relay)    11    46    12326.5    12    12319.38    2    1
(advertise)    42    12326.7    46    12
(relay)    11    34    12352.11    12    12347.82    1    1
(relay)    14    14    12368.71    12    12368.55    6    1
(advertise)    42    12368.91    14    12
(relay)    11    11    12404.32    12    12403.83    5    1
(advertise)    42    12404.52    11    12
(relay)    19    20    12428.54    12    12414.57    4    1
(advertise)    42    12429.14    20    12
(relay)    12    21    12453.35    12    12426.97    1    1
(relay)    12    23    12475.15    12    12474.33    1    1
(relay)    14    22    12508.55    12    12506.61    2    1
(advertise)    42    12508.75    22    12
(relay)    44    44    12525.36    12    12524.38    6    1
(relay)    14    26    12530.96    12    12521.73    4    2
(advertise)    42    12531.16    44    12
(advertise)    42    12552.58    26    12
(relay)    11    3    12595.79    12    12560.72    1    1
(relay)    11    7    12620.39    12    12571.52    1    1
(heartbeat)    31    3    12674.23    42    12676.79    4    6
(advertise)    42    12676.99    31    3
(relay)    11    17    12700.2    12    12693.57    3    1
(advertise)    42    12701.0    17    12
(relay)    19    18    12723.82    12    12698.41    2    1
(advertise)    42    12724.02    18    12
(relay)    12    48    12758.43    12    12757.49    3    1
(advertise)    42    12758.63    48    12
(relay)    11    2    12811.84    12    12805.86    1    1
(relay)    14    0    12823.64    12    12821.3    1    1
(generate)    42    12829.24    [1, 6, 7, 19]    12
(relay)    11    13    12855.45    12    12823.41    3    1
(advertise)    42    12855.65    13    12
(relay)    11    15    12876.87    12    12860.38    2    1
(advertise)    42    12877.67    15    12
(relay)    11    47    13017.48    14    13016.56    2    1
(advertise)    42    13017.68    47    14
(relay)    16    33    13021.69    14    13009.13    1    1
(relay)    16    24    13043.09    13    13037.67    3    1
(advertise)    42    13043.49    24    13
(relay)    11    9    13067.11    13    13056.55    3    1
(advertise)    42    13067.71    9    13
(relay)    4    4    13094.72    13    13094.56    7    1
(advertise)    42    13094.92    4    13
(relay)    16    16    13100.73    13    13100.62    6    1
(advertise)    42    13115.93    16    13
(relay)    14    10    13140.35    13    13099.57    1    1
(relay)    19    19    13144.35    13    13143.87    6    1
(advertise)    42    13144.75    19    13
(relay)    11    45    13172.96    13    13157.63    1    1
(relay)    12    12    13250.16    13    13249.08    6    1
(advertise)    42    13250.36    12    13
(relay)    19    8    13306.37    13    13304.48    2    1
(advertise)    42    13306.57    8    13
(relay)    11    46    13328.78    13    13319.49    2    1
(advertise)    42    13329.78    46    13
(relay)    11    34    13352.2    13    13347.96    1    1
(relay)    14    14    13368.8    13    13368.67    6    1
(advertise)    42    13369.0    14    13
(relay)    11    41    13395.01    13    13355.17    3    1
(advertise)    42    13395.21    41    13
(relay)    11    11    13404.62    13    13404.01    5    1
(advertise)    42    13418.02    11    13
(relay)    14    20    13437.64    13    13414.71    3    1
(advertise)    42    13440.84    20    13
(relay)    12    21    13462.85    13    13427.16    1    1
(relay)    19    23    13485.05    13    13474.58    1    1
(relay)    12    22    13509.45    13    13506.62    2    1
(advertise)    42    13509.65    22    13
(relay)    19    26    13524.06    13    13521.88    4    1
(relay)    44    44    13525.46    13    13524.48    6    2
(advertise)    42    13530.86    26    13
(advertise)    42    13553.68    44    13
(relay)    11    7    13602.89    13    13571.61    2    1
(advertise)    42    13603.09    7    13
(relay)    11    25    13691.5    13    13688.44    1    1
(relay)    19    18    13701.5    13    13698.51    3    1
(advertise)    42    13701.7    18    13
(relay)    11    17    13712.51    13    13693.7    3    1
(advertise)    42    13723.11    17    13
(relay)    19    48    13758.93    13    13757.8    4    1
(advertise)    42    13759.13    48    13
(relay)    11    2    13808.94    13    13805.95    1    1
(relay)    12    0    13822.54    13    13821.49    1    1
(generate)    42    13829.34    [1, 6, 7, 19]    13
(relay)    11    13    13853.35    13    13823.51    3    1
(advertise)    42    13853.55    13    13
(relay)    11    15    13879.37    13    13860.51    2    1
(advertise)    42    13879.57    15    13
(relay)    11    47    14017.98    15    14016.71    2    1
(advertise)    42    14018.18    47    15
(relay)    16    33    14022.59    15    14009.28    1    1
(relay)    16    24    14045.79    14    14037.81    3    1
(advertise)    42    14045.99    24    14
(relay)    11    9    14059.61    14    14056.66    3    1
(advertise)    42    14068.21    9    14
(relay)    4    4    14094.82    14    14094.66    7    1
(advertise)    42    14095.02    4    14
(relay)    16    16    14100.83    14    14100.72    6    1
(advertise)    42    14117.83    16    14
(relay)    16    10    14119.04    14    14099.58    1    1
(relay)    19    19    14145.04    14    14144.0    6    1
(advertise)    42    14145.24    19    14
(relay)    11    45    14176.26    14    14157.8    1    1
(relay)    16    1    14208.66    14    14106.65    1    1
(relay)    12    12    14250.26    14    14249.23    6    1
(advertise)    42    14250.46    12    14
(relay)    19    8    14306.27    14    14304.67    2    1
(advertise)    42    14306.47    8    14
(relay)    11    46    14328.88    14    14319.63    2    1
(advertise)    42    14329.08    46    14
(relay)    11    34    14350.1    14    14348.15    1    1
(relay)    14    14    14368.9    14    14368.81    6    1
(advertise)    42    14369.1    14    14
(relay)    11    41    14393.51    14    14355.23    3    1
(advertise)    42    14393.71    41    14
(relay)    11    11    14404.72    14    14404.17    5    1
(advertise)    42    14416.32    11    14
(relay)    16    20    14417.54    14    14414.83    4    1
(advertise)    42    14439.34    20    14
(relay)    16    21    14463.55    14    14427.33    1    1
(relay)    12    23    14484.75    14    14474.6    1    1
(relay)    19    22    14509.75    14    14506.8    2    1
(advertise)    42    14509.95    22    14
(relay)    44    44    14525.56    14    14524.57    6    1
(relay)    14    26    14530.76    14    14522.02    4    2
(relay)    11    43    14531.36    14    14518.99    1    3
(advertise)    42    14533.56    44    14
(advertise)    42    14557.17    26    14
(relay)    11    3    14599.79    14    14560.92    1    1
(relay)    11    7    14622.59    14    14571.72    2    1
(advertise)    42    14622.79    7    14
(relay)    11    25    14691.4    14    14688.54    1    1
(relay)    16    18    14701.4    14    14698.61    3    1
(advertise)    42    14701.6    18    14
(relay)    11    17    14713.41    14    14693.84    3    1
(advertise)    42    14724.01    17    14
(relay)    19    48    14759.23    14    14757.91    4    1
(advertise)    42    14759.43    48    14
(relay)    11    2    14808.24    14    14806.0    1    1
(relay)    12    0    14822.84    14    14821.63    1    1
(generate)    42    14829.44    [1, 6, 7, 19]    14
(relay)    11    13    14831.05    14    14823.61    3    1
(advertise)    42    14831.25    13    14
(relay)    11    15    14877.07    14    14860.61    2    1
(advertise)    42    14877.27    15    14
(relay)    11    47    15019.28    16    15016.8    2    1
(advertise)    42    15019.48    47    16
(relay)    16    33    15022.69    16    15009.45    1    1
(relay)    12    24    15044.89    15    15037.95    3    1
(advertise)    42    15045.29    24    15
(relay)    4    4    15094.9    15    15094.74    7    1
(advertise)    42    15095.1    4    15
(relay)    16    16    15101.32    15    15100.81    6    1
(advertise)    42    15116.12    16    15
(relay)    16    10    15121.13    15    15099.71    1    1
(relay)    19    19    15145.13    15    15144.14    6    1
(advertise)    42    15145.33    19    15
(relay)    11    45    15171.94    15    15157.97    1    1
(relay)    14    1    15186.34    15    15106.7    1    1
(relay)    12    12    15249.54    15    15249.36    6    1
(advertise)    42    15249.74    12    15
(relay)    12    8    15306.76    15    15304.82    2    1
(advertise)    42    15306.96    8    15
(relay)    11    46    15330.57    15    15319.73    2    1
(advertise)    42    15331.17    46    15
(relay)    11    34    15351.98    15    15348.28    1    1
(relay)    14    14    15369.38    15    15368.92    6    1
(advertise)    42    15369.58    14    15
(relay)    11    41    15396.6    15    15355.27    3    1
(advertise)    42    15396.8    41    15
(relay)    11    11    15405.41    15    15404.34    5    1
(relay)    16    20    15417.01    15    15414.95    4    2
(advertise)    42    15419.01    11    15
(advertise)    42    15443.02    20    15
(relay)    14    23    15477.83    15    15474.73    1    1
(relay)    11    22    15520.83    15    15506.97    1    1
(relay)    44    44    15524.83    15    15524.65    6    1
(advertise)    42    15525.03    44    15
(relay)    19    26    15542.85    15    15522.72    4    1
(advertise)    42    15547.25    26    15
(relay)    11    3    15588.06    15    15561.0    1    1
(relay)    11    7    15615.86    15    15573.02    2    1
(advertise)    42    15616.06    7    15
(relay)    11    25    15692.07    15    15688.64    1    1
(relay)    16    18    15699.67    15    15698.71    2    1
(advertise)    42    15699.87    18    15
(relay)    11    17    15713.69    15    15693.98    3    1
(advertise)    42    15721.89    17    15
(relay)    19    48    15760.1    15    15758.04    4    1
(advertise)    42    15760.3    48    15
(relay)    11    2    15807.11    15    15806.07    1    1
(relay)    12    0    15824.11    15    15821.81    1    1
(generate)    42    15829.51    [1, 6, 7, 19]    15
(relay)    11    15    15876.13    15    15860.69    2    1
(advertise)    42    15876.33    15    15
(relay)    11    47    16019.74    17    16016.91    2    1
(advertise)    42    16019.94    47    17
(relay)    19    24    16041.75    16    16038.07    4    1
(advertise)    42    16042.15    24    16
(relay)    11    9    16066.16    16    16056.83    3    1
(advertise)    42    16066.56    9    16
(relay)    4    4    16095.38    16    16094.82    7    1
(advertise)    42    16095.58    4    16
(relay)    16    16    16101.39    16    16100.87    6    1
(advertise)    42    16116.79    16    16
(relay)    16    10    16121.4    16    16099.89    1    1
(relay)    19    19    16145.2    16    16144.27    6    1
(advertise)    42    16145.4    19    16
(relay)    11    45    16172.22    16    16158.11    1    1
(relay)    19    1    16206.82    16    16106.74    1    1
(relay)    12    12    16249.62    16    16249.46    6    1
(advertise)    42    16249.82    12    16
(relay)    12    8    16308.43    16    16305.0    2    1
(advertise)    42    16308.63    8    16
(relay)    11    46    16330.84    16    16319.84    2    1
(advertise)    42    16331.64    46    16
(relay)    11    34    16352.86    16    16348.46    1    1
(relay)    14    14    16369.66    16    16369.05    6    1
(advertise)    42    16369.86    14    16
(relay)    11    41    16397.07    16    16355.29    3    1
(advertise)    42    16397.27    41    16
(relay)    11    11    16405.48    16    16404.49    5    1
(relay)    16    20    16416.28    16    16415.07    4    2
(advertise)    42    16419.28    11    16
(advertise)    42    16440.29    20    16
(relay)    16    22    16508.91    16    16507.13    2    1
(advertise)    42    16509.31    22    16
(relay)    44    44    16524.72    16    16524.71    6    1
(relay)    14    26    16530.52    16    16522.85    4    2
(advertise)    42    16532.12    44    16
(advertise)    42    16553.73    26    16
(relay)    11    3    16598.15    16    16561.13    1    1
(relay)    11    7    16620.15    16    16574.33    2    1
(advertise)    42    16620.35    7    16
(heartbeat)    31    4    16674.24    42    16678.16    4    6
(advertise)    42    16678.36    31    4
(relay)    11    17    16699.77    16    16694.13    3    1
(relay)    16    18    16699.97    16    16698.81    1    2
(advertise)    42    16700.37    17    16
(relay)    11    25    16721.19    16    16688.78    1    1
(relay)    4    48    16761.39    16    16758.18    3    1
(advertise)    42    16761.59    48    16
(relay)    11    2    16807.6    16    16806.18    1    1
(generate)    42    16829.6    [1, 6, 7, 19]    16
(relay)    11    15    16864.21    16    16860.83    2    1
(advertise)    42    16864.41    15    16
(relay)    11    47    17020.22    18    17017.03    2    1
(advertise)    42    17020.42    47    18
(relay)    16    33    17025.84    18    17009.75    1    1
(relay)    19    24    17044.64    17    17038.21    3    1
(advertise)    42    17045.24    24    17
(relay)    11    9    17068.45    17    17056.92    3    1
(advertise)    42    17069.85    9    17
(relay)    4    4    17095.46    17    17094.9    6    1
(advertise)    42    17095.66    4    17
(relay)    16    16    17101.48    17    17100.94    5    1
(advertise)    42    17118.88    16    17
(relay)    16    10    17121.69    17    17100.08    1    1
(relay)    19    19    17144.49    17    17144.39    5    1
(advertise)    42    17144.89    19    17
(relay)    12    12    17249.7    17    17249.56    6    1
(advertise)    42    17249.9    12    17
(relay)    19    8    17307.92    17    17305.0    2    1
(advertise)    42    17308.12    8    17
(relay)    11    46    17331.73    17    17319.94    2    1
(advertise)    42    17332.13    46    17
(relay)    11    34    17355.74    17    17348.63    1    1
(relay)    14    14    17369.74    17    17369.14    5    1
(advertise)    42    17369.94    14    17
(relay)    11    41    17398.75    17    17355.31    3    1
(advertise)    42    17398.95    41    17
(relay)    11    11    17405.57    17    17404.63    5    1
(advertise)    42    17420.77    11    17
(relay)    19    20    17442.38    17    17415.2    4    1
(advertise)    42    17442.98    20    17
(relay)    19    21    17463.39    17    17427.76    1    1
(relay)    12    23    17485.59    17    17474.93    1    1
(relay)    12    22    17508.19    17    17507.32    2    1
(advertise)    42    17508.39    22    17
(relay)    44    44    17524.81    17    17524.79    6    1
(advertise)    42    17530.81    44    17
(relay)    16    26    17532.02    17    17523.18    3    1
(advertise)    42    17552.02    26    17
(relay)    11    3    17578.23    17    17561.24    1    1
(relay)    11    7    17598.83    17    17574.43    2    1
(advertise)    42    17599.03    7    17
(relay)    11    25    17690.45    17    17688.87    1    1
(relay)    12    18    17699.65    17    17698.89    2    1
(advertise)    42    17699.85    18    17
(relay)    11    17    17713.26    17    17694.24    3    1
(advertise)    42    17721.66    17    17
(relay)    19    48    17760.47    17    17758.29    4    1
(advertise)    42    17760.67    48    17
(relay)    11    2    17808.88    17    17806.2    1    1
(relay)    19    0    17825.48    17    17822.1    1    1
(generate)    42    17829.68    [1, 6, 7, 19]    17
(relay)    11    13    17831.1    17    17823.94    3    1
(advertise)    42    17831.3    13    17
(relay)    11    15    17874.71    17    17860.93    2    1
(advertise)    42    17874.91    15    17
(relay)    11    47    18021.52    19    18017.12    2    1
(advertise)    42    18021.72    47    19
(relay)    19    24    18043.74    18    18038.32    3    1
(advertise)    42    18044.14    24    18
(relay)    11    9    18067.55    18    18057.0    3    1
(advertise)    42    18068.15    9    18
(relay)    4    4    18095.56    18    18095.0    6    1
(advertise)    42    18095.76    4    18
(relay)    16    16    18101.98    18    18101.03    5    1
(advertise)    42    18117.98    16    18
(relay)    19    10    18139.59    18    18100.26    1    1
(relay)    19    19    18144.59    18    18144.54    5    1
(advertise)    42    18144.99    19    18
(relay)    11    45    18169.4    18    18158.42    1    1
(relay)    12    1    18186.4    18    18107.0    1    1
(relay)    12    12    18250.2    18    18249.7    6    1
(advertise)    42    18250.4    12    18
(relay)    16    8    18306.61    18    18305.17    2    1
(advertise)    42    18306.81    8    18
(relay)    11    46    18329.43    18    18320.02    2    1
(advertise)    42    18329.83    46    18
(relay)    11    34    18352.04    18    18348.79    1    1
(relay)    14    14    18370.24    18    18369.26    5    1
(advertise)    42    18370.44    14    18
(relay)    11    41    18398.65    18    18355.5    3    1
(advertise)    42    18399.05    41    18
(relay)    11    11    18404.87    18    18404.79    5    1
(relay)    16    20    18420.27    18    18415.32    4    2
(advertise)    42    18420.47    11    18
(advertise)    42    18443.28    20    18
(relay)    19    21    18463.69    18    18427.92    1    1
(relay)    19    23    18484.89    18    18474.97    1    1
(relay)    14    22    18508.29    18    18507.34    2    1
(advertise)    42    18508.49    22    18
(relay)    44    44    18525.51    18    18524.89    6    1
(advertise)    42    18530.71    44    18
(relay)    44    26    18531.92    18    18523.26    2    1
(advertise)    42    18551.72    26    18
(relay)    11    3    18596.13    18    18561.34    1    1
(relay)    11    25    18689.53    18    18688.95    1    1
(relay)    12    18    18699.53    18    18698.99    2    1
(advertise)    42    18699.73    18    18
(relay)    11    17    18713.34    18    18694.37    3    1
(advertise)    42    18721.34    17    18
(relay)    16    48    18759.56    18    18758.43    4    1
(advertise)    42    18759.76    48    18
(relay)    11    2    18809.77    18    18806.26    1    1
(relay)    12    0    18826.77    18    18822.26    1    1
(generate)    42    18829.77    [1, 6, 7, 19]    18
(relay)    11    15    18876.78    18    18861.03    2    1
(advertise)    42    18876.98    15    18
(relay)    11    47    19021.8    20    19017.2    2    1
(advertise)    42    19022.0    47    20
(relay)    16    33    19024.81    20    19010.04    1    1
(relay)    16    24    19046.81    19    19038.46    2    1
(advertise)    42    19047.21    24    19
(relay)    11    9    19057.82    19    19057.09    3    1
(advertise)    42    19068.22    9    19
(relay)    4    4    19096.04    19    19095.07    6    1
(advertise)    42    19096.24    4    19
(relay)    16    16    19102.05    19    19101.13    5    1
(advertise)    42    19117.85    16    19
(relay)    16    10    19122.46    19    19100.29    1    1
(relay)    19    19    19144.66    19    19144.65    5    1
(advertise)    42    19145.26    19    19
(relay)    11    45    19171.47    19    19158.57    1    1
(relay)    16    1    19207.87    19    19107.2    1    1
(relay)    12    12    19250.27    19    19249.82    6    1
(advertise)    42    19250.47    12    19
(relay)    11    8    19306.29    19    19305.17    1    1
(relay)    11    46    19330.09    19    19320.13    2    1
(advertise)    42    19330.29    46    19
(relay)    11    34    19352.7    19    19348.95    1    1
(relay)    14    14    19370.3    19    19369.37    5    1
(advertise)    42    19370.5    14    19
(relay)    11    41    19399.31    19    19355.69    1    1
(relay)    11    11    19405.11    19    19404.91    5    1
(advertise)    42    19405.31    11    19
(relay)    19    20    19427.13    19    19415.45    4    1
(advertise)    42    19428.53    20    19
(relay)    12    23    19494.74    19    19474.99    1    1
(relay)    16    22    19516.34    19    19507.5    2    1
(advertise)    42    19516.54    22    19
(relay)    44    44    19525.55    19    19524.95    6    1
(relay)    16    26    19538.15    19    19523.36    3    2
(advertise)    42    19540.35    44    19
(advertise)    42    19561.77    26    19
(relay)    11    3    19590.98    19    19562.23    1    1
(relay)    11    7    19615.18    19    19574.84    2    1
(advertise)    42    19615.38    7    19
(relay)    11    25    19689.79    19    19689.05    1    1
(relay)    16    18    19700.59    19    19699.09    2    1
(advertise)    42    19700.79    18    19
(relay)    11    17    19713.4    19    19694.48    3    1
(advertise)    42    19722.6    17    19
(relay)    16    48    19759.22    19    19758.52    4    1
(advertise)    42    19759.42    48    19
(relay)    11    2    19809.83    19    19806.34    1    1
(relay)    19    0    19827.83    19    19822.41    1    1
(generate)    42    19829.83    [1, 6, 7, 19]    19
(relay)    11    13    19855.24    19    19824.13    3    1
(advertise)    42    19855.44    13    19
(relay)    11    15    19878.06    19    19861.12    2    1
(advertise)    42    19878.46    15    19
(relay)    12    47    20022.07    21    20017.3    1    1
(relay)    16    33    20023.67    21    20010.19    1    1
(relay)    16    24    20047.27    20    20038.58    2    1
(advertise)    42    20047.47    24    20
(relay)    11    9    20058.88    20    20057.16    3    1
(advertise)    42    20070.48    9    20
(relay)    4    4    20096.1    20    20095.16    6    1
(advertise)    42    20096.3    4    20
(relay)    16    16    20102.31    20    20101.21    5    1
(advertise)    42    20119.91    16    20
(relay)    16    10    20121.32    20    20100.3    1    1
(relay)    19    19    20145.32    20    20144.81    5    1
(advertise)    42    20145.72    19    20
(relay)    14    1    20209.93    20    20107.43    1    1
(relay)    12    12    20250.53    20    20249.93    6    1
(advertise)    42    20250.73    12    20
(relay)    4    8    20307.15    20    20305.35    1    1
(relay)    11    46    20321.35    20    20320.19    2    1
(advertise)    42    20321.55    46    20
(relay)    11    34    20351.16    20    20349.1    1    1
(relay)    14    14    20370.56    20    20369.48    5    1
(advertise)    42    20370.76    14    20
(relay)    11    41    20396.77    20    20355.86    3    1
(advertise)    42    20396.97    41    20
(relay)    11    11    20405.19    20    20405.01    5    1
(relay)    16    20    20416.79    20    20415.57    4    2
(advertise)    42    20419.39    11    20
(advertise)    42    20442.2    20    20
(relay)    19    21    20464.81    20    20428.21    1    1
(relay)    16    23    20485.61    20    20474.99    1    1
(relay)    44    44    20525.61    20    20525.04    6    1
(advertise)    42    20525.81    44    20
(relay)    16    26    20531.43    20    20523.48    3    1
(advertise)    42    20547.63    26    20
(relay)    11    43    20570.24    20    20519.71    1    1
(relay)    11    3    20592.84    20    20562.31    1    1
(relay)    11    7    20614.24    20    20575.14    2    1
(advertise)    42    20614.44    7    20
(heartbeat)    31    5    20674.25    42    20676.25    4    6
(advertise)    42    20676.45    31    5
(relay)    11    17    20698.46    20    20694.59    3    1
(advertise)    42    20698.86    17    20
(relay)    16    18    20701.08    20    20699.2    2    1
(advertise)    42    20720.48    18    20
(relay)    19    48    20758.89    20    20758.61    4    1
(advertise)    42    20759.09    48    20
(relay)    11    2    20811.1    20    20806.4    1    1
(relay)    19    0    20828.3    20    20822.56    1    1
(generate)    42    20829.9    [1, 6, 7, 19]    20
(relay)    11    13    20853.92    20    20824.23    3    1
(advertise)    42    20854.12    13    20
(relay)    11    15    20875.53    20    20861.23    2    1
(advertise)    42    20878.13    15    20
(relay)    11    47    21019.74    22    21017.39    2    1
(advertise)    42    21019.94    47    22
(relay)    12    24    21039.36    21    21038.7    2    1
(advertise)    42    21040.96    24    21
(relay)    11    9    21065.57    21    21057.26    3    1
(advertise)    42    21065.77    9    21
(relay)    4    4    21096.18    21    21095.27    6    1
(advertise)    42    21096.38    4    21
(relay)    16    16    21102.19    21    21101.27    5    1
(advertise)    42    21118.99    16    21
(relay)    19    10    21142.21    21    21100.32    1    1
(relay)    19    19    21145.61    21    21145.0    5    1
(advertise)    42    21145.81    19    21
(relay)    11    45    21171.42    21    21158.86    1    1
(relay)    12    12    21250.62    21    21250.06    6    1
(advertise)    42    21250.82    12    21
(relay)    19    8    21306.03    21    21305.54    2    1
(advertise)    42    21306.23    8    21
(relay)    11    46    21322.45    21    21320.28    2    1
(advertise)    42    21329.45    46    21
(relay)    11    34    21352.26    21    21349.24    1    1
(relay)    14    14    21370.66    21    21369.59    5    1
(advertise)    42    21370.86    14    21
(relay)    11    41    21394.67    21    21356.05    3    1
(advertise)    42    21396.07    41    21
(relay)    11    11    21405.69    21    21405.16    5    1
(advertise)    42    21417.49    11    21
(relay)    16    20    21418.9    21    21415.67    4    1
(advertise)    42    21439.7    20    21
(relay)    19    23    21475.91    21    21475.02    1    1
(relay)    19    22    21519.51    21    21507.67    2    1
(advertise)    42    21519.71    22    21
(relay)    44    44    21526.12    21    21525.15    6    1
(relay)    16    26    21541.32    21    21523.61    3    2
(advertise)    42    21542.32    44    21
(relay)    11    43    21543.54    21    21519.77    1    2
(advertise)    42    21563.34    26    21
(relay)    11    7    21612.15    21    21575.24    2    1
(advertise)    42    21612.35    7    21
(relay)    11    25    21691.16    21    21689.24    1    1
(relay)    12    18    21701.36    21    21699.28    2    1
(advertise)    42    21701.56    18    21
(relay)    11    17    21713.78    21    21694.72    3    1
(advertise)    42    21723.58    17    21
(relay)    19    48    21759.19    21    21758.71    4    1
(advertise)    42    21759.39    48    21
(relay)    11    2    21812.2    21    21806.44    1    1
(relay)    16    0    21824.2    21    21822.69    1    1
(generate)    42    21830.0    [1, 6, 7, 19]    21
(relay)    11    13    21855.22    21    21824.29    3    1
(advertise)    42    21855.42    13    21
(relay)    11    15    21878.03    21    21861.33    2    1
(advertise)    42    21879.63    15    21
(relay)    11    47    22019.44    23    22017.46    2    1
(advertise)    42    22019.64    47    23
(relay)    19    24    22041.25    22    22038.82    3    1
(advertise)    42    22042.05    24    22
(relay)    11    9    22066.47    22    22057.35    3    1
(advertise)    42    22067.27    9    22
(relay)    4    4    22095.48    22    22095.36    6    1
(advertise)    42    22095.68    4    22
(relay)    16    16    22101.49    22    22101.33    5    1
(advertise)    42    22117.69    16    22
(relay)    14    10    22139.11    22    22100.33    1    1
(relay)    19    19    22145.71    22    22145.12    5    1
(advertise)    42    22145.91    19    22
(relay)    19    1    22165.52    22    22107.5    1    1
(relay)    12    12    22251.12    22    22250.16    6    1
(advertise)    42    22251.32    12    22
(relay)    12    8    22306.73    22    22305.7    2    1
(advertise)    42    22306.93    8    22
(relay)    11    46    22328.75    22    22320.37    2    1
(advertise)    42    22328.95    46    22
(relay)    11    34    22353.16    22    22349.39    1    1
(relay)    14    14    22369.76    22    22369.7    5    1
(advertise)    42    22369.96    14    22
(relay)    11    41    22398.17    22    22356.08    3    1
(advertise)    42    22398.57    41    22
(relay)    11    11    22405.78    22    22405.32    5    1
(advertise)    42    22419.58    11    22
(relay)    16    20    22422.4    22    22415.81    4    1
(advertise)    42    22441.6    20    22
(relay)    16    21    22465.21    22    22428.47    1    1
(relay)    16    23    22487.21    22    22475.05    1    1
(relay)    14    22    22509.81    22    22507.8    2    1
(advertise)    42    22510.01    22    22
(relay)    44    44    22526.22    22    22525.25    6    1
(relay)    14    26    22532.42    22    22523.76    3    2
(advertise)    42    22532.62    44    22
(advertise)    42    22553.84    26    22
(relay)    11    3    22578.85    22    22562.52    1    1
(relay)    11    7    22600.65    22    22575.35    2    1
(advertise)    42    22600.85    7    22
(relay)    11    25    22691.26    22    22689.34    1    1
(relay)    12    18    22701.86    22    22699.37    2    1
(advertise)    42    22702.06    18    22
(relay)    11    17    22715.48    22    22694.84    3    1
(advertise)    42    22723.08    17    22
(relay)    12    48    22759.89    22    22758.82    3    1
(advertise)    42    22760.09    48    22
(relay)    11    2    22812.5    22    22806.52    1    1
(relay)    14    0    22825.3    22    22822.84    1    1
(generate)    42    22830.1    [1, 6, 7, 19]    22
(relay)    11    13    22857.11    22    22824.36    3    1
(advertise)    42    22857.31    13    22
(relay)    11    15    22879.73    22    22861.4    2    1
(advertise)    42    22880.53    15    22
(relay)    11    47    23018.34    24    23017.54    2    1
(advertise)    42    23018.54    47    24
(relay)    16    33    23023.55    24    23010.61    1    1
(relay)    14    24    23041.55    23    23038.93    2    1
(advertise)    42    23041.75    24    23
(relay)    11    9    23064.37    23    23057.41    3    1
(advertise)    42    23065.77    9    23
(relay)    4    4    23095.58    23    23095.46    6    1
(advertise)    42    23095.78    4    23
(relay)    16    16    23101.59    23    23101.43    5    1
(advertise)    42    23116.99    16    23
(relay)    19    19    23146.21    23    23145.27    5    1
(advertise)    42    23146.41    19    23
(relay)    19    10    23152.02    23    23100.34    1    1
(relay)    11    45    23174.02    23    23159.07    1    1
(relay)    19    1    23205.82    23    23107.52    1    1
(relay)    12    12    23251.22    23    23250.29    6    1
(advertise)    42    23251.42    12    23
(relay)    16    8    23307.63    23    23305.88    2    1
(advertise)    42    23307.83    8    23
(relay)    11    46    23330.44    23    23320.45    2    1
(advertise)    42    23331.64    46    23
(relay)    11    34    23353.66    23    23349.52    1    1
(relay)    14    14    23369.86    23    23369.82    5    1
(advertise)    42    23370.06    14    23
(relay)    11    41    23396.27    23    23356.25    3    1
(advertise)    42    23396.47    41    23
(relay)    11    11    23406.08    23    23405.48    5    1
(advertise)    42    23418.48    11    23
(relay)    16    20    23420.5    23    23415.93    4    1
(advertise)    42    23439.5    20    23
(relay)    19    21    23461.51    23    23428.65    1    1
(relay)    16    23    23485.71    23    23475.28    1    1
(relay)    19    22    23510.91    23    23507.98    2    1
(advertise)    42    23511.11    22    23
(relay)    44    44    23526.32    23    23525.35    6    1
(relay)    19    26    23532.32    23    23523.88    3    2
(advertise)    42    23532.52    44    23
(advertise)    42    23554.14    26    23
(relay)    11    3    23579.15    23    23562.56    1    1
(relay)    11    7    23601.95    23    23575.42    2    1
(advertise)    42    23602.15    7    23
(relay)    11    25    23691.96    23    23689.41    1    1
(relay)    19    18    23702.36    23    23699.46    2    1
(advertise)    42    23702.56    18    23
(relay)    11    17    23713.17    23    23694.94    3    1
(advertise)    42    23726.97    17    23
(relay)    4    48    23760.59    23    23758.93    3    1
(advertise)    42    23760.79    48    23
(relay)    11    2    23810.8    23    23806.58    1    1
(generate)    42    23830.2    [1, 6, 7, 19]    23
(relay)    11    13    23855.01    23    23824.46    3    1
(advertise)    42    23855.21    13    23
(relay)    11    15    23877.03    23    23861.49    2    1
(advertise)    42    23878.03    15    23
(relay)    11    47    24019.04    25    24017.62    2    1
(advertise)    42    24019.24    47    25
(relay)    16    33    24022.85    25    24010.79    1    1
(relay)    16    24    24046.05    24    24039.05    2    1
(advertise)    42    24046.25    24    24
(relay)    11    9    24060.47    24    24057.49    3    1
(advertise)    42    24067.47    9    24
(relay)    4    4    24095.68    24    24095.56    6    1
(advertise)    42    24095.88    4    24
(relay)    16    16    24101.69    24    24101.5    5    1
(advertise)    42    24118.09    16    24
(relay)    16    10    24120.9    24    24100.34    1    1
(relay)    19    19    24146.5    24    24145.44    5    1
(advertise)    42    24147.1    19    24
(relay)    19    1    24187.72    24    24107.56    1    1
(relay)    12    12    24251.52    24    24250.42    6    1
(advertise)    42    24251.72    12    24
(relay)    19    8    24307.73    24    24306.04    2    1
(advertise)    42    24307.93    8    24
(relay)    11    46    24330.14    24    24320.51    2    1
(advertise)    42    24330.54    46    24
(relay)    11    34    24352.56    24    24349.63    1    1
(relay)    14    14    24369.96    24    24369.94    5    1
(advertise)    42    24370.16    14    24
(relay)    11    41    24399.57    24    24356.4    3    1
(advertise)    42    24399.77    41    24
(relay)    11    11    24406.58    24    24405.62    5    1
(advertise)    42    24421.18    11    24
(relay)    19    20    24444.8    24    24416.22    4    1
(advertise)    42    24445.0    20    24
(relay)    19    21    24467.61    24    24429.99    1    1
(relay)    19    23    24489.01    24    24475.47    1    1
(relay)    19    22    24513.01    24    24508.13    2    1
(advertise)    42    24513.21    22    24
(relay)    44    44    24525.62    24    24525.45    6    1
(advertise)    42    24534.82    44    24
(relay)    16    26    24536.03    24    24523.99    3    1
(advertise)    42    24556.83    26    24
(relay)    11    3    24580.05    24    24562.66    1    1
(relay)    11    7    24602.65    24    24575.51    2    1
(advertise)    42    24602.85    7    24
(heartbeat)    31    6    24674.27    42    24678.06    4    6
(advertise)    42    24678.26    31    6
(relay)    11    17    24700.27    24    24695.04    4    1
(advertise)    42    24700.67    17    24
(relay)    11    25    24722.89    24    24689.53    1    1
(relay)    16    18    24734.49    24    24699.57    1    1
(relay)    19    48    24760.49    24    24759.06    4    1
(advertise)    42    24760.69    48    24
(relay)    19    0    24824.1    24    24823.13    1    1
(relay)    11    13    24825.7    24    24824.56    3    1
(advertise)    42    24825.9    13    24
(generate)    42    24830.31    [1, 6, 7, 19]    24
(relay)    11    15    24872.93    24    24861.61    2    1
(advertise)    42    24873.13    15    24
(relay)    12    33    25013.14    26    25010.92    1    1
(relay)    11    47    25019.94    26    25017.72    2    1
(advertise)    42    25020.14    47    26
(relay)    16    24    25042.35    25    25039.17    2    1
(advertise)    42    25042.95    24    25
(relay)    11    9    25066.16    25    25057.59    3    1
(advertise)    42    25066.76    9    25
(relay)    4    4    25096.18    25    25095.66    6    1
(advertise)    42    25096.38    4    25
(relay)    16    16    25102.19    25    25101.64    5    1
(advertise)    42    25118.79    16    25
(relay)    16    10    25121.6    25    25100.38    1    1
(relay)    19    19    25146.6    25    25145.63    5    1
(advertise)    42    25147.0    19    25
(relay)    16    1    25208.02    25    25107.56    1    1
(relay)    12    12    25250.62    25    25250.56    6    1
(advertise)    42    25250.82    12    25
(relay)    12    8    25308.63    25    25306.04    2    1
(advertise)    42    25308.83    8    25
(relay)    11    46    25332.44    25    25320.62    2    1
(advertise)    42    25333.04    46    25
(relay)    11    34    25354.46    25    25349.81    1    1
(relay)    14    14    25370.66    25    25370.08    5    1
(advertise)    42    25370.86    14    25
(relay)    11    41    25401.07    25    25356.4    3    1
(advertise)    42    25401.27    41    25
(relay)    11    11    25406.68    25    25405.76    6    1
(advertise)    42    25423.08    11    25
(relay)    16    20    25424.29    25    25416.37    4    1
(advertise)    42    25444.69    20    25
(relay)    19    23    25477.91    25    25475.47    1    1
(relay)    19    21    25502.71    25    25430.12    1    1
(relay)    14    22    25523.71    25    25508.14    2    1
(advertise)    42    25523.91    22    25
(relay)    44    44    25526.92    25    25526.75    6    1
(advertise)    42    25545.12    44    25
(relay)    16    26    25547.93    25    25524.15    3    1
(advertise)    42    25567.93    26    25
(relay)    11    7    25591.15    25    25575.62    2    1
(advertise)    42    25593.15    7    25
(relay)    11    25    25693.16    25    25689.62    1    1
(relay)    14    18    25701.76    25    25699.68    1    1
(relay)    11    17    25715.56    25    25695.14    4    1
(advertise)    42    25715.76    17    25
(relay)    14    48    25763.37    25    25759.18    1    1
(relay)    11    2    25808.17    25    25806.68    1    1
(relay)    16    0    25825.97    25    25823.28    1    1
(generate)    42    25830.37    [1, 6, 7, 19]    25
(relay)    11    13    25831.99    25    25824.63    3    1
(advertise)    42    25832.19    13    25
(relay)    11    15    25876.4    25    25861.71    2    1
(advertise)    42    25876.8    15    25
(relay)    11    47    26020.61    27    26017.82    2    1
(advertise)    42    26020.81    47    27
(relay)    16    33    26025.22    27    26011.09    1    1
(relay)    16    24    26048.42    26    26039.3    2    1
(advertise)    42    26048.62    24    26
(relay)    11    9    26060.24    26    26057.65    3    1
(advertise)    42    26070.84    9    26
(relay)    4    4    26096.25    26    26095.74    6    1
(advertise)    42    26096.45    4    26
(relay)    16    16    26102.26    26    26101.77    5    1
(advertise)    42    26119.46    16    26
(relay)    16    10    26122.28    26    26100.39    1    1
(relay)    16    19    26146.48    26    26145.78    4    1
(advertise)    42    26146.88    19    26
(relay)    11    45    26172.49    26    26159.51    1    1
(relay)    12    12    26250.89    26    26250.71    6    1
(advertise)    42    26251.09    12    26
(relay)    14    8    26309.1    26    26306.22    2    1
(advertise)    42    26309.3    8    26
(relay)    11    46    26331.12    26    26320.74    2    1
(advertise)    42    26331.32    46    26
(relay)    11    34    26353.73    26    26349.96    1    1
(relay)    14    14    26370.73    26    26370.2    5    1
(advertise)    42    26370.93    14    26
(relay)    11    41    26399.94    26    26356.44    3    1
(advertise)    42    26400.14    41    26
(relay)    11    11    26406.95    26    26405.88    6    1
(relay)    16    20    26416.95    26    26416.47    4    2
(advertise)    42    26422.35    11    26
(advertise)    42    26445.37    20    26
(relay)    16    21    26463.38    26    26430.28    1    1
(relay)    16    23    26486.98    26    26475.47    1    1
(relay)    19    22    26510.38    26    26508.3    2    1
(advertise)    42    26510.58    22    26
(relay)    44    44    26526.99    26    26526.82    6    1
(advertise)    42    26531.99    44    26
(relay)    44    26    26533.21    26    26524.28    2    1
(advertise)    42    26553.61    26    26
(relay)    11    43    26580.42    26    26520.36    1    1
(relay)    11    3    26601.02    26    26563.87    1    1
(relay)    11    7    26622.42    26    26575.71    2    1
(advertise)    42    26622.62    7    26
(relay)    11    25    26692.03    26    26689.72    1    1
(relay)    19    18    26700.43    26    26699.8    2    1
(advertise)    42    26700.63    18    26
(relay)    11    17    26716.05    26    26695.25    4    1
(advertise)    42    26723.85    17    26
(relay)    19    48    26761.46    26    26759.28    4    1
(advertise)    42    26761.66    48    26
(relay)    11    2    26808.87    26    26806.77    1    1
(generate)    42    26830.47    [1, 6, 7, 19]    26
(relay)    11    15    26878.88    26    26861.8    2    1
(advertise)    42    26879.08    15    26
(relay)    11    47    27021.3    28    27017.93    2    1
(advertise)    42    27021.5    47    28
(relay)    16    33    27026.51    28    27011.21    1    1
(relay)    16    24    27047.91    27    27039.41    2    1
(advertise)    42    27048.31    24    27
(relay)    11    9    27059.32    27    27057.75    3    1
(advertise)    42    27070.32    9    27
(relay)    4    4    27096.34    27    27095.81    6    1
(advertise)    42    27096.74    4    27
(relay)    16    16    27102.35    27    27101.84    5    1
(advertise)    42    27118.75    16    27
(relay)    16    10    27121.16    27    27100.4    1    1
(relay)    19    19    27145.96    27    27145.93    5    1
(advertise)    42    27146.16    19    27
(relay)    11    45    27174.18    27    27159.65    1    1
(relay)    12    12    27250.98    27    27250.83    6    1
(advertise)    42    27251.18    12    27
(relay)    19    8    27309.39    27    27306.39    2    1
(advertise)    42    27309.59    8    27
(relay)    11    46    27331.0    27    27320.84    2    1
(advertise)    42    27331.4    46    27
(relay)    11    34    27353.01    27    27350.11    1    1
(relay)    14    14    27370.81    27    27370.28    5    1
(advertise)    42    27371.01    14    27
(relay)    11    41    27397.83    27    27356.45    3    1
(advertise)    42    27398.03    41    27
(relay)    14    11    27419.44    27    27406.04    5    1
(advertise)    42    27420.24    11    27
(relay)    14    20    27441.45    27    27416.56    3    1
(advertise)    42    27441.85    20    27
(relay)    19    21    27464.27    27    27430.36    1    1
(relay)    19    23    27486.87    27    27475.49    1    1
(relay)    12    22    27510.07    27    27508.49    2    1
(advertise)    42    27510.27    22    27
(relay)    44    44    27527.48    27    27526.89    6    1
(relay)    14    26    27532.28    27    27524.39    3    2
(advertise)    42    27532.48    44    27
(relay)    11    43    27554.69    27    27520.51    1    2
(advertise)    42    27555.29    26    27
(relay)    11    3    27599.91    27    27563.97    1    1
(relay)    11    7    27621.51    27    27575.8    2    1
(advertise)    42    27621.71    7    27
(relay)    11    25    27691.52    27    27689.82    1    1
(relay)    12    18    27700.72    27    27699.88    2    1
(advertise)    42    27700.92    18    27
(relay)    11    17    27714.53    27    27695.38    4    1
(advertise)    42    27722.73    17    27
(relay)    16    48    27760.74    27    27759.38    4    1
(advertise)    42    27760.94    48    27
(relay)    19    0    27827.36    27    27823.52    1    1
(generate)    42    27830.56    [1, 6, 7, 19]    27
(relay)    11    15    27864.37    27    27861.87    2    1
(advertise)    42    27864.57    15    27
(relay)    12    33    28015.58    29    28011.32    1    1
(relay)    11    47    28022.18    29    28018.0    2    1
(advertise)    42    28022.38    47    29
(relay)    16    24    28041.0    28    28039.52    2    1
(advertise)    42    28046.4    24    28
(relay)    19    9    28082.21    28    28057.81    2    1
(advertise)    42    28082.41    9    28
(relay)    4    4    28096.42    28    28095.9    6    1
(relay)    16    16    28103.02    28    28101.93    5    2
(advertise)    42    28103.62    4    28
(relay)    19    10    28125.64    28    28100.59    1    2
(advertise)    42    28126.24    16    28
(relay)    19    19    28146.25    28    28146.08    5    1
(advertise)    42    28147.65    19    28
(relay)    12    12    28251.46    28    28250.96    6    1
(advertise)    42    28251.66    12    28
(relay)    16    8    28307.47    28    28306.41    2    1
(advertise)    42    28307.87    8    28
(relay)    11    46    28322.89    28    28320.92    2    1
(advertise)    42    28331.29    46    28
(relay)    11    34    28352.3    28    28350.25    1    1
(relay)    14    14    28371.3    28    28370.35    5    1
(advertise)    42    28371.5    14    28
(relay)    11    11    28406.31    28    28406.13    6    1
(advertise)    42    28406.51    11    28
(relay)    19    20    28427.93    28    28416.68    4    1
(advertise)    42    28429.13    20    28
(relay)    12    21    28453.94    28    28430.47    1    1
(relay)    16    23    28480.14    28    28476.49    1    1
(relay)    12    22    28509.14    28    28508.49    2    1
(advertise)    42    28509.34    22    28
(relay)    14    26    28525.35    28    28524.49    3    1
(relay)    44    44    28527.75    28    28527.15    6    2
(advertise)    42    28530.95    26    28
(advertise)    42    28554.37    44    28
(relay)    11    3    28578.38    28    28564.04    1    1
(relay)    11    7    28599.98    28    28575.88    1    1
(heartbeat)    31    7    28674.28    42    28677.58    4    6
(advertise)    42    28677.78    31    7
(relay)    11    17    28699.39    28    28695.48    3    1
(advertise)    42    28700.19    17    28
(relay)    11    25    28721.2    28    28689.9    1    1
(relay)    19    18    28723.8    28    28699.98    2    1
(advertise)    42    28724.0    18    28
(relay)    16    48    28759.82    28    28759.48    4    1
(advertise)    42    28760.02    48    28
(relay)    11    2    28810.63    28    28806.89    1    1
(relay)    14    0    28828.43    28    28823.64    1    1
(generate)    42    28830.63    [1, 6, 7, 19]    28
(relay)    11    13    28855.64    28    28824.9    3    1
(advertise)    42    28855.84    13    28
(relay)    11    15    28878.26    28    28861.97    2    1
(advertise)    42    28878.86    15    28
(relay)    11    47    29022.67    30    29018.08    2    1
(advertise)    42    29022.87    47    30
(relay)    19    24    29046.28    29    29039.64    3    1
(advertise)    42    29046.68    24    29
(relay)    11    9    29068.3    29    29057.9    3    1
(advertise)    42    29068.5    9    29
(relay)    4    4    29096.91    29    29095.99    6    1
(advertise)    42    29097.11    4    29
(relay)    16    16    29102.92    29    29102.01    5    1
(advertise)    42    29118.72    16    29
(relay)    16    10    29120.93    29    29100.62    1    1
(relay)    19    19    29146.33    29    29146.22    5    1
(advertise)    42    29146.53    19    29
(relay)    12    1    29187.95    29    29107.73    1    1
(relay)    12    12    29251.55    29    29251.08    6    1
(advertise)    42    29251.75    12    29
(relay)    16    8    29307.56    29    29306.6    2    1
(advertise)    42    29307.76    8    29
(relay)    11    46    29330.57    29    29320.99    2    1
(advertise)    42    29330.97    46    29
(relay)    11    34    29354.79    29    29350.4    1    1
(relay)    14    14    29371.39    29    29370.45    5    1
(advertise)    42    29371.59    14    29
(relay)    11    41    29397.2    29    29356.66    3    1
(advertise)    42    29397.6    41    29
(relay)    11    11    29406.41    29    29406.29    5    1
(advertise)    42    29419.41    11    29
(relay)    12    20    29428.63    29    29416.81    4    1
(advertise)    42    29442.43    20    29
(relay)    16    23    29479.24    29    29476.49    1    1
(relay)    19    22    29509.64    29    29508.68    2    1
(advertise)    42    29509.84    22    29
(relay)    16    26    29525.85    29    29524.59    3    1
(relay)    44    44    29527.85    29    29527.25    6    2
(advertise)    42    29531.85    26    29
(advertise)    42    29554.06    44    29
(relay)    11    3    29594.48    29    29564.16    1    1
(relay)    11    25    29691.28    29    29690.0    1    1
(relay)    11    17    29712.48    29    29695.6    3    1
(advertise)    42    29712.68    17    29
(relay)    11    18    29735.89    29    29700.05    1    1
(relay)    16    48    29759.89    29    29759.59    4    1
(advertise)    42    29760.09    48    29
(relay)    11    2    29811.1    29    29806.95    1    1
(relay)    14    0    29828.7    29    29823.77    1    1
(generate)    42    29830.7    [1, 6, 7, 19]    29
(relay)    11    13    29854.12    29    29824.99    3    1
(advertise)    42    29854.32    13    29
(relay)    11    15    29877.13    29    29862.07    2    1
(advertise)    42    29877.73    15    29
