(relay)    6    33    39.2    1    7    123    1
(advertise)    43    41.4    33    1
(relay)    6    47    69.61    1    15    115    1
(advertise)    43    69.81    47    1
(relay)    5    33    1010.03    2    1007.03    124    1
(advertise)    43    1010.23    33    2
(relay)    45    47    1033.24    2    1015.04    126    1
(advertise)    43    1033.44    47    2
(relay)    45    9    1058.25    1    1055.05    124    1
(advertise)    43    1058.45    9    1
(relay)    45    24    1086.87    1    1035.85    122    1
(advertise)    43    1087.07    24    1
(relay)    45    4    1109.08    1    1093.08    123    1
(relay)    5    32    1109.68    1    1102.08    125    2
(advertise)    43    1109.88    4    1
(relay)    6    10    1132.29    1    1098.08    123    2
(advertise)    43    1133.29    32    1
(advertise)    43    1154.3    10    1
(relay)    45    45    1155.72    1    1155.12    127    1
(relay)    5    1    1156.32    1    1105.07    123    2
(advertise)    43    1175.52    45    1
(relay)    45    19    1177.13    1    1142.1    123    2
(relay)    28    38    1177.53    1    1154.1    126    3
(relay)    5    16    1179.73    1    1099.08    122    4
(advertise)    43    1196.93    1    1
(advertise)    43    1217.94    19    1
(advertise)    43    1239.56    38    1
(relay)    30    35    1243.57    1    1203.13    126    2
(advertise)    43    1261.17    16    1
(advertise)    43    1283.18    35    1
(relay)    45    12    1286.6    1    1247.17    123    1
(advertise)    43    1305.6    12    1
(relay)    30    39    1308.81    1    1252.16    126    1
(advertise)    43    1328.61    39    1
(relay)    45    46    1330.22    1    1318.01    126    1
(relay)    5    5    1348.02    1    1347.02    127    2
(advertise)    43    1351.22    46    1
(relay)    28    8    1354.43    1    1302.2    124    2
(advertise)    43    1372.83    5    1
(relay)    45    41    1395.25    1    1354.02    125    2
(advertise)    43    1395.85    8    1
(relay)    28    28    1403.06    1    1403.06    127    2
(relay)    5    37    1404.26    1    1361.02    125    3
(advertise)    43    1417.26    41    1
(relay)    45    14    1425.27    1    1367.03    123    3
(relay)    5    40    1427.47    1    1399.05    126    4
(advertise)    43    1441.07    28    1
(relay)    28    34    1442.49    1    1346.02    118    4
(advertise)    43    1463.49    37    1
(advertise)    43    1485.5    14    1
(relay)    30    30    1497.71    1    1497.11    127    3
(advertise)    43    1507.91    40    1
(generate)    43    1517.13    [1, 6, 7, 19]    1
(advertise)    43    1530.14    34    1
(relay)    28    29    1532.95    1    1488.1    126    2
(advertise)    43    1551.55    30    1
(advertise)    43    1573.36    29    1
(relay)    45    21    1580.58    1    1425.07    117    1
(advertise)    43    1594.58    21    1
(relay)    30    11    1623.99    1    1402.05    121    1
(advertise)    43    1624.19    11    1
(relay)    45    3    1625.4    1    1559.14    125    1
(advertise)    43    1645.2    3    1
(relay)    5    6    1648.82    1    1594.16    126    1
(relay)    30    20    1665.82    1    1413.06    123    2
(advertise)    43    1667.42    6    1
(relay)    45    44    1670.23    1    1520.33    123    2
(relay)    30    23    1688.63    1    1473.1    124    3
(advertise)    43    1689.03    20    1
(advertise)    43    1710.04    44    1
(advertise)    43    1731.66    23    1
(relay)    28    27    1732.87    1    1633.19    125    1
(relay)    30    26    1752.27    1    1520.13    123    2
(advertise)    43    1754.47    27    1
(advertise)    43    1777.68    26    1
(relay)    45    17    1783.09    1    1692.03    123    1
(relay)    30    22    1799.69    1    1505.11    122    2
(advertise)    43    1799.89    17    1
(advertise)    43    1822.11    22    1
(relay)    45    2    1826.32    1    1805.07    126    1
(relay)    30    18    1842.72    1    1697.03    123    2
(advertise)    43    1845.52    2    1
(relay)    45    25    1868.13    1    1687.02    121    2
(advertise)    43    1868.33    18    1
(relay)    5    0    1878.15    1    1819.11    124    2
(advertise)    43    1889.75    25    1
(advertise)    43    1913.56    0    1
(relay)    30    7    1919.97    1    1570.15    117    1
(relay)    45    15    1934.77    1    1859.12    125    2
(advertise)    43    1935.17    7    1
(relay)    28    42    1943.79    1    1828.11    121    2
(advertise)    43    1956.59    15    1
(advertise)    43    1979.2    42    1
(relay)    5    13    1994.61    1    1822.09    118    1
(advertise)    43    2001.21    13    1
(relay)    5    36    2015.22    1    1995.19    126    1
(advertise)    43    2022.42    36    1
(relay)    28    33    2062.44    3    2007.21    124    1
(advertise)    43    2062.64    33    3
(relay)    5    47    2086.05    3    2015.2    118    1
(advertise)    43    2086.85    47    3
(relay)    28    10    2107.66    2    2098.26    124    1
(advertise)    43    2109.46    10    2
(relay)    5    32    2129.88    2    2102.28    124    1
(advertise)    43    2130.88    32    2
(relay)    28    1    2151.49    2    2105.25    123    1
(advertise)    43    2151.89    1    2
(relay)    45    45    2156.5    2    2155.88    127    1
(relay)    28    38    2172.9    2    2155.29    126    2
(advertise)    43    2174.5    45    2
(relay)    45    4    2182.72    2    2093.25    122    2
(advertise)    43    2196.72    38    2
(relay)    28    35    2215.73    2    2203.32    125    2
(advertise)    43    2219.73    4    2
(advertise)    43    2241.14    35    2
(relay)    28    19    2259.75    2    2142.28    122    1
(advertise)    43    2262.95    19    2
(relay)    6    39    2264.77    2    2252.34    126    1
(advertise)    43    2285.57    39    2
(relay)    28    9    2305.58    2    2055.22    118    1
(advertise)    43    2307.58    9    2
(relay)    45    46    2319.59    2    2318.15    126    1
(advertise)    43    2328.79    46    2
(relay)    45    12    2344.81    2    2247.34    121    1
(relay)    5    5    2348.21    2    2347.21    127    2
(advertise)    43    2350.41    12    2
(relay)    5    8    2357.02    2    2302.38    124    2
(relay)    45    34    2365.82    2    2346.17    126    3
(advertise)    43    2374.42    5    2
(relay)    45    41    2386.43    2    2354.14    125    3
(relay)    28    37    2394.43    2    2361.21    126    4
(advertise)    43    2396.83    8    2
(relay)    28    28    2403.85    2    2403.25    127    4
(advertise)    43    2417.85    34    2
(relay)    5    40    2423.66    2    2399.23    126    4
(advertise)    43    2441.26    41    2
(relay)    45    11    2457.07    2    2402.23    123    4
(advertise)    43    2464.27    37    2
(advertise)    43    2486.68    28    2
(relay)    30    30    2497.9    2    2497.3    127    3
(relay)    45    14    2500.9    2    2367.22    123    4
(advertise)    43    2507.9    40    2
(relay)    28    29    2509.51    2    2488.3    126    4
(generate)    43    2517.31    [1, 6, 7, 19]    2
(advertise)    43    2529.12    11    2
(advertise)    43    2552.14    30    2
(advertise)    43    2573.75    14    2
(relay)    45    20    2588.16    2    2413.25    121    2
(relay)    6    6    2594.96    2    2594.35    127    3
(advertise)    43    2595.16    29    2
(relay)    28    21    2601.37    2    2425.27    124    3
(advertise)    43    2617.37    20    2
(relay)    45    3    2633.19    2    2559.28    125    3
(relay)    30    23    2639.19    2    2473.3    124    4
(advertise)    43    2639.79    6    2
(relay)    45    44    2655.4    2    2520.5    121    4
(advertise)    43    2662.4    21    2
(advertise)    43    2685.01    3    2
(relay)    6    27    2686.23    2    2633.37    124    3
(relay)    45    7    2702.03    2    2570.3    125    4
(advertise)    43    2706.03    23    2
(advertise)    43    2728.64    44    2
(relay)    45    26    2746.05    2    2520.31    121    3
(advertise)    43    2751.65    27    2
(advertise)    43    2773.67    7    2
(relay)    45    25    2791.48    2    2687.16    125    2
(advertise)    43    2796.08    26    2
(relay)    45    17    2812.69    2    2692.17    125    2
(advertise)    43    2819.09    25    2
(relay)    30    22    2820.3    2    2505.3    123    2
(advertise)    43    2841.5    17    2
(advertise)    43    2864.72    22    2
(relay)    45    2    2878.33    2    2805.21    126    1
(advertise)    43    2887.73    2    2
(relay)    5    18    2889.14    2    2697.21    122    1
(relay)    45    13    2902.14    2    2822.24    124    2
(advertise)    43    2911.34    18    2
(relay)    45    15    2923.56    2    2859.27    125    2
(advertise)    43    2933.16    13    2
(relay)    45    48    2951.37    2    2756.25    122    2
(advertise)    43    2955.97    15    2
(advertise)    43    2977.18    48    2
(relay)    5    0    2979.6    2    2819.29    123    1
(advertise)    43    2998.8    0    2
(relay)    5    36    3022.01    2    2995.38    126    1
(advertise)    43    3022.21    36    2
(relay)    30    42    3063.02    2    2828.28    120    1
(advertise)    43    3063.22    42    2
(relay)    5    33    3084.63    4    3007.41    124    1
(advertise)    43    3085.23    33    4
(relay)    5    24    3106.25    3    3036.22    122    1
(advertise)    43    3106.85    24    3
(relay)    45    9    3111.26    3    3055.36    124    1
(relay)    30    32    3129.06    3    3102.46    125    2
(advertise)    43    3130.06    9    3
(advertise)    43    3151.67    32    3
(relay)    45    45    3157.09    3    3156.03    127    1
(relay)    28    10    3172.89    3    3098.45    124    2
(advertise)    43    3173.29    45    3
(relay)    6    38    3177.1    3    3155.46    126    2
(advertise)    43    3196.1    10    3
(relay)    5    16    3217.11    3    3099.45    121    2
(advertise)    43    3217.91    38    3
(relay)    5    35    3238.53    3    3203.5    126    2
(advertise)    43    3239.13    16    3
(relay)    5    1    3261.94    3    3105.45    123    2
(advertise)    43    3262.34    35    3
(relay)    45    4    3268.55    3    3093.45    122    2
(advertise)    43    3284.35    1    3
(relay)    6    39    3287.76    3    3252.53    126    2
(advertise)    43    3306.16    4    3
(relay)    5    47    3326.78    4    3015.34    118    2
(advertise)    43    3328.98    39    3
(relay)    45    19    3334.59    3    3142.47    122    2
(relay)    5    5    3348.39    3    3347.39    127    3
(advertise)    43    3351.19    47    4
(relay)    45    46    3356.6    3    3318.33    126    3
(relay)    5    37    3370.2    3    3361.39    126    4
(advertise)    43    3373.6    19    3
(advertise)    43    3394.82    5    3
(relay)    45    34    3400.83    3    3346.33    126    3
(relay)    28    28    3404.03    3    3403.43    127    4
(relay)    5    40    3415.43    3    3399.4    126    5
(advertise)    43    3417.03    46    3
(relay)    45    41    3423.04    3    3354.3    125    5
(advertise)    43    3438.24    37    3
(relay)    45    12    3446.26    3    3247.53    123    5
(advertise)    43    3459.66    34    3
(advertise)    43    3481.67    28    3
(relay)    5    8    3484.48    3    3302.56    124    4
(relay)    30    30    3498.08    3    3497.48    127    5
(advertise)    43    3503.68    40    3
(relay)    5    29    3506.29    3    3488.49    126    5
(relay)    45    11    3509.69    3    3402.43    124    6
(generate)    43    3517.49    [1, 6, 7, 19]    3
(advertise)    43    3526.71    41    3
(advertise)    43    3547.92    12    3
(advertise)    43    3569.73    8    3
(advertise)    43    3591.95    30    3
(relay)    5    21    3594.16    3    3425.46    124    3
(relay)    6    6    3595.16    3    3594.53    127    4
(relay)    45    3    3597.36    3    3559.44    125    5
(advertise)    43    3615.16    29    3
(relay)    5    14    3616.77    3    3367.42    122    5
(advertise)    43    3639.37    11    3
(relay)    30    20    3656.99    3    3413.44    123    5
(advertise)    43    3660.59    21    3
(relay)    45    7    3662.0    3    3570.46    125    5
(advertise)    43    3681.8    6    3
(relay)    30    23    3702.01    3    3473.49    124    5
(advertise)    43    3703.21    3    3
(advertise)    43    3724.22    14    3
(advertise)    43    3745.84    20    3
(relay)    5    22    3747.05    3    3505.49    124    3
(advertise)    43    3767.05    7    3
(advertise)    43    3789.06    23    3
(relay)    30    27    3791.68    3    3633.56    125    2
(relay)    45    25    3794.48    3    3687.32    125    3
(advertise)    43    3811.48    22    3
(relay)    45    17    3814.69    3    3692.35    125    3
(advertise)    43    3833.09    27    3
(advertise)    43    3855.5    25    3
(relay)    5    26    3857.72    3    3520.51    122    2
(relay)    45    2    3858.52    3    3805.39    126    3
(advertise)    43    3877.72    17    3
(advertise)    43    3899.53    26    3
(relay)    5    44    3902.54    3    3520.68    121    2
(advertise)    43    3922.34    2    3
(advertise)    43    3944.75    44    3
(relay)    45    13    3946.57    3    3822.41    125    1
(relay)    5    18    3946.97    3    3697.41    123    2
(advertise)    43    3966.97    13    3
(advertise)    43    3988.98    18    3
(relay)    45    15    3991.19    3    3859.41    125    1
(advertise)    43    4012.39    15    3
(relay)    5    48    4013.61    3    3756.45    121    1
(advertise)    43    4033.41    48    3
(relay)    45    47    4034.62    5    4015.53    126    1
(relay)    5    0    4035.22    3    3819.49    123    2
(relay)    6    36    4047.42    3    3995.57    126    3
(relay)    45    42    4056.02    3    3828.46    122    4
(advertise)    43    4057.02    47    5
(advertise)    43    4078.23    0    3
(advertise)    43    4100.25    36    3
(advertise)    43    4123.86    42    3
(relay)    30    33    4130.87    5    4007.61    124    1
(advertise)    43    4145.07    33    5
(relay)    45    45    4157.28    4    4156.23    127    1
(advertise)    43    4168.28    45    4
(relay)    5    38    4170.9    4    4155.66    126    1
(advertise)    43    4189.3    38    4
(relay)    45    9    4190.51    4    4055.54    124    1
(relay)    30    32    4197.71    4    4102.66    125    2
(advertise)    43    4213.71    9    4
(relay)    6    24    4224.12    4    4036.42    122    2
(relay)    45    4    4235.12    4    4093.65    122    3
(advertise)    43    4236.52    32    4
(relay)    5    35    4259.34    4    4203.7    126    3
(advertise)    43    4260.54    24    4
(relay)    28    1    4264.95    4    4105.65    123    3
(relay)    45    16    4277.75    4    4099.65    122    4
(advertise)    43    4282.15    4    4
(relay)    5    39    4302.96    4    4252.71    126    4
(advertise)    43    4305.16    35    4
(advertise)    43    4327.38    1    4
(relay)    45    19    4330.79    4    4142.68    122    3
(relay)    5    5    4348.59    4    4347.59    127    4
(advertise)    43    4349.39    16    4
(relay)    45    46    4351.8    4    4318.52    126    4
(relay)    30    10    4368.8    4    4098.65    123    5
(advertise)    43    4370.8    39    4
(advertise)    43    4393.61    19    4
(relay)    45    34    4397.23    4    4346.52    126    4
(relay)    28    28    4404.63    4    4404.03    127    5
(advertise)    43    4415.43    5    4
(relay)    5    37    4418.24    4    4361.59    126    5
(advertise)    43    4438.44    46    4
(relay)    30    40    4458.05    4    4399.41    126    5
(advertise)    43    4462.05    10    4
(relay)    45    41    4464.27    4    4354.5    123    5
(advertise)    43    4483.07    34    4
(relay)    30    30    4498.28    4    4497.68    127    5
(advertise)    43    4504.28    28    4
(relay)    45    11    4510.89    4    4402.63    124    5
(generate)    43    4517.69    [1, 6, 7, 19]    4
(advertise)    43    4527.31    37    4
(relay)    28    8    4534.92    4    4302.76    123    5
(relay)    5    29    4548.72    4    4488.69    126    6
(advertise)    43    4551.32    40    4
(advertise)    43    4572.73    41    4
(advertise)    43    4593.94    30    4
(relay)    6    6    4595.76    4    4594.73    127    4
(relay)    45    14    4600.56    4    4367.61    122    5
(advertise)    43    4615.16    11    4
(advertise)    43    4636.57    8    4
(relay)    30    21    4638.38    4    4425.65    124    4
(advertise)    43    4658.18    29    4
(relay)    30    12    4660.2    4    4247.94    120    4
(advertise)    43    4680.0    6    4
(relay)    30    20    4681.21    4    4413.64    123    4
(relay)    45    7    4687.41    4    4570.65    124    5
(advertise)    43    4701.41    14    4
(advertise)    43    4725.02    21    4
(relay)    45    3    4730.84    4    4559.64    123    4
(relay)    30    23    4745.64    4    4473.69    124    5
(advertise)    43    4746.44    12    4
(advertise)    43    4767.85    20    4
(advertise)    43    4789.26    7    4
(heartbeat)    31    1    4674.2    43    4812.07    127    0
(advertise)    43    4812.47    3    4
(advertise)    43    4833.69    23    4
(advertise)    43    4854.9    31    1
(relay)    30    44    4856.31    4    4521.89    121    1
(relay)    45    17    4865.11    4    4692.54    125    2
(advertise)    43    4876.91    44    4
(advertise)    43    4898.33    17    4
(relay)    28    18    4921.34    4    4697.61    123    1
(advertise)    43    4921.74    18    4
(relay)    45    22    4930.75    4    4505.51    121    1
(advertise)    43    4944.15    22    4
(relay)    45    2    4954.77    4    4805.57    125    1
(advertise)    43    4965.77    2    4
(relay)    45    13    4977.18    4    4822.61    3    1
(advertise)    43    4988.38    13    4
(relay)    5    48    5011.79    4    4756.65    122    1
(advertise)    43    5012.39    48    4
(relay)    28    36    5014.4    4    4995.77    3    1
(relay)    45    26    5022.2    4    4520.71    120    2
(advertise)    43    5034.0    36    4
(relay)    45    15    5043.42    4    4859.61    1    2
(relay)    5    0    5057.42    4    4820.09    121    3
(advertise)    43    5057.62    26    4
(advertise)    43    5078.63    0    4
(relay)    45    47    5088.44    6    5015.73    4    1
(advertise)    43    5100.64    47    6
(relay)    5    24    5103.26    5    5036.6    1    1
(relay)    5    32    5149.86    5    5102.86    1    1
(relay)    6    38    5157.06    5    5155.84    4    1
(advertise)    43    5157.26    38    5
(relay)    45    42    5159.27    4    4828.66    122    1
(relay)    45    9    5179.67    5    5055.74    2    2
(advertise)    43    5180.07    42    4
(relay)    5    16    5191.88    5    5099.84    1    2
(advertise)    43    5202.48    9    5
(relay)    6    35    5206.1    5    5203.88    2    1
(advertise)    43    5224.7    35    5
(relay)    5    1    5259.51    5    5105.84    1    1
(relay)    45    19    5263.31    5    5142.88    1    1
(relay)    5    39    5280.71    5    5252.88    3    1
(advertise)    43    5280.91    39    5
(relay)    45    46    5320.92    5    5318.7    4    1
(advertise)    43    5321.12    46    5
(relay)    45    34    5347.13    5    5346.71    2    1
(advertise)    43    5347.33    34    5
(relay)    28    5    5348.55    5    5347.77    3    1
(relay)    5    37    5362.75    5    5361.76    3    2
(relay)    45    41    5369.15    5    5354.67    4    3
(advertise)    43    5370.35    5    5
(advertise)    43    5392.56    37    5
(relay)    28    40    5401.77    5    5399.52    3    2
(relay)    28    28    5405.17    5    5404.2    4    3
(advertise)    43    5413.57    41    5
(relay)    45    14    5416.59    5    5367.79    1    3
(advertise)    43    5435.59    40    5
(relay)    45    11    5437.6    5    5402.81    2    3
(advertise)    43    5458.0    28    5
(advertise)    43    5480.01    11    5
(relay)    5    21    5485.23    5    5425.81    2    1
(relay)    30    30    5498.83    5    5497.88    4    2
(advertise)    43    5501.43    21    5
(relay)    30    29    5509.04    5    5488.88    2    2
(generate)    43    5517.84    [1, 6, 7, 19]    5
(advertise)    43    5522.85    30    5
(advertise)    43    5543.86    29    5
(relay)    45    44    5566.48    5    5522.03    2    1
(advertise)    43    5566.68    44    5
(relay)    45    7    5590.89    5    5570.79    1    1
(relay)    6    6    5595.89    5    5594.83    5    1
(advertise)    43    5596.09    6    5
(relay)    28    27    5634.3    5    5633.74    1    1
(relay)    45    25    5691.1    5    5687.63    1    1
(relay)    28    18    5710.5    5    5697.69    1    1
(relay)    30    48    5760.7    5    5756.7    1    1
(relay)    45    2    5805.9    5    5805.59    4    1
(advertise)    43    5806.1    2    5
(relay)    5    0    5828.52    5    5820.13    2    1
(advertise)    43    5829.32    0    5
(relay)    45    42    5856.53    5    5828.7    1    1
(relay)    45    15    5877.93    5    5859.68    2    1
(advertise)    43    5878.13    15    5
(relay)    5    36    5996.74    5    5995.77    3    1
(advertise)    43    5996.94    36    5
(relay)    45    47    6018.96    7    6015.88    4    1
(advertise)    43    6019.96    47    7
(relay)    30    33    6022.37    7    6007.98    1    1
(relay)    45    9    6058.77    6    6055.9    2    1
(advertise)    43    6058.97    9    6
(relay)    45    4    6105.78    6    6093.99    3    1
(advertise)    43    6105.98    4    6
(relay)    6    32    6128.79    6    6102.92    1    1
(relay)    45    16    6132.39    6    6099.98    1    1
(relay)    28    1    6151.19    6    6105.93    1    1
(relay)    45    45    6156.59    6    6156.58    4    1
(advertise)    43    6156.99    45    6
(relay)    28    38    6171.81    6    6155.86    4    1
(advertise)    43    6178.21    38    6
(relay)    5    35    6218.62    6    6204.02    3    1
(advertise)    43    6218.82    35    6
(relay)    45    46    6321.03    6    6318.81    4    1
(advertise)    43    6321.23    46    6
(relay)    45    34    6347.25    6    6346.86    2    1
(advertise)    43    6347.45    34    6
(relay)    5    37    6362.86    6    6361.87    3    1
(advertise)    43    6368.86    37    6
(relay)    45    41    6370.27    6    6354.68    4    1
(advertise)    43    6391.27    41    6
(relay)    28    28    6405.29    6    6404.32    4    1
(advertise)    43    6412.49    28    6
(relay)    45    14    6414.7    6    6367.91    2    1
(relay)    30    40    6415.1    6    6399.58    4    2
(advertise)    43    6435.3    14    6
(advertise)    43    6456.31    40    6
(relay)    45    11    6458.52    6    6402.98    2    1
(advertise)    43    6478.52    11    6
(relay)    5    21    6489.14    6    6425.95    1    1
(relay)    30    30    6498.94    6    6498.02    4    1
(advertise)    43    6501.74    30    6
(relay)    28    29    6510.15    6    6488.89    2    1
(generate)    43    6517.95    [1, 6, 7, 19]    6
(advertise)    43    6524.16    29    6
(relay)    45    3    6575.78    6    6560.1    1    1
(relay)    6    6    6595.98    6    6594.89    5    1
(advertise)    43    6596.18    6    6
(relay)    30    27    6640.19    6    6633.8    1    1
(relay)    45    25    6690.19    6    6687.72    1    1
(relay)    45    17    6710.79    6    6692.79    2    1
(advertise)    43    6710.99    17    6
(relay)    45    2    6806.0    6    6805.62    4    1
(advertise)    43    6806.2    2    6
(relay)    30    0    6828.02    6    6820.31    2    1
(advertise)    43    6828.42    0    6
(relay)    45    13    6829.63    6    6822.8    3    1
(advertise)    43    6850.63    13    6
(relay)    45    15    6863.04    6    6859.76    2    1
(advertise)    43    6873.64    15    6
(relay)    6    36    6996.65    6    6995.83    3    1
(advertise)    43    6996.85    36    6
(relay)    45    47    7019.87    8    7015.96    4    1
(advertise)    43    7020.87    47    8
(relay)    6    33    7022.28    8    7008.15    1    1
(relay)    28    24    7048.08    7    7036.89    1    1
(relay)    45    9    7059.28    7    7056.0    1    1
(relay)    45    4    7097.68    7    7094.09    3    1
(advertise)    43    7097.88    4    7
(relay)    30    32    7122.09    7    7102.93    2    1
(advertise)    43    7122.69    32    7
(relay)    5    1    7147.91    7    7105.98    1    1
(relay)    45    19    7148.31    7    7143.05    2    1
(advertise)    43    7148.71    19    7
(relay)    6    38    7156.32    7    7155.91    4    1
(relay)    45    45    7156.72    7    7156.72    4    2
(advertise)    43    7171.72    38    7
(advertise)    43    7193.33    45    7
(relay)    5    35    7217.55    7    7204.11    3    1
(advertise)    43    7218.15    35    7
(relay)    45    12    7249.56    7    7248.4    2    1
(advertise)    43    7249.76    12    7
(relay)    45    46    7321.17    7    7318.89    4    1
(advertise)    43    7321.37    46    7
(relay)    45    34    7347.58    7    7347.02    2    1
(advertise)    43    7347.98    34    7
(relay)    30    5    7350.0    7    7348.01    2    1
(relay)    5    37    7363.4    7    7361.97    3    2
(advertise)    43    7371.2    5    7
(advertise)    43    7392.41    37    7
(relay)    28    28    7405.42    7    7404.44    4    1
(advertise)    43    7413.82    28    7
(relay)    45    11    7417.04    7    7403.11    2    1
(advertise)    43    7436.44    11    7
(relay)    30    21    7462.25    7    7426.13    1    1
(relay)    30    23    7486.45    7    7474.1    1    1
(relay)    30    30    7499.05    7    7498.14    4    1
(advertise)    43    7499.25    30    7
(relay)    5    29    7508.06    7    7488.9    2    1
(generate)    43    7518.06    [1, 6, 7, 19]    7
(advertise)    43    7520.28    29    7
(relay)    45    44    7547.69    7    7523.4    1    1
(relay)    30    22    7551.09    7    7505.84    1    1
(relay)    45    3    7571.89    7    7560.18    1    1
(relay)    30    26    7572.89    7    7521.1    1    1
(relay)    6    6    7595.89    7    7594.95    5    1
(advertise)    43    7596.09    6    7
(relay)    30    27    7638.3    7    7633.83    1    1
(relay)    45    25    7690.3    7    7687.82    1    1
(relay)    30    18    7699.1    7    7697.89    1    1
(relay)    45    17    7712.7    7    7692.89    2    1
(advertise)    43    7712.9    17    7
(relay)    45    2    7806.11    7    7805.64    4    1
(advertise)    43    7806.31    2    7
(relay)    45    13    7828.93    7    7822.9    3    1
(advertise)    43    7829.93    13    7
(relay)    5    0    7831.14    7    7820.46    2    1
(advertise)    43    7852.14    0    7
(relay)    45    42    7857.35    7    7828.86    1    1
(relay)    45    15    7878.75    7    7859.85    1    1
(relay)    30    36    7996.75    7    7995.95    3    1
(advertise)    43    7996.95    36    7
(relay)    28    33    8020.77    9    8008.31    2    1
(advertise)    43    8021.37    33    9
(relay)    45    9    8057.58    8    8056.1    1    1
(relay)    45    4    8097.58    8    8094.17    3    1
(advertise)    43    8097.78    4    8
(relay)    30    32    8122.99    8    8102.94    2    1
(advertise)    43    8123.79    32    8
(relay)    45    19    8145.41    8    8143.16    2    1
(advertise)    43    8146.21    19    8
(relay)    30    38    8156.62    8    8155.93    4    1
(relay)    45    45    8157.02    8    8156.86    4    2
(advertise)    43    8169.42    38    8
(advertise)    43    8191.83    45    8
(relay)    6    35    8217.24    8    8204.24    2    1
(advertise)    43    8217.84    35    8
(relay)    45    12    8249.86    8    8248.51    2    1
(advertise)    43    8250.06    12    8
(relay)    6    39    8253.47    8    8252.96    4    1
(advertise)    43    8272.07    39    8
(relay)    45    46    8321.08    8    8318.99    4    1
(advertise)    43    8321.28    46    8
(relay)    45    34    8347.9    8    8347.17    2    1
(relay)    5    5    8348.3    8    8348.15    4    2
(advertise)    43    8348.9    34    8
(relay)    5    37    8363.31    8    8362.08    3    2
(advertise)    43    8369.91    5    8
(advertise)    43    8392.32    37    8
(relay)    45    41    8393.74    8    8354.72    3    1
(relay)    5    40    8401.14    8    8399.65    4    2
(relay)    28    28    8405.54    8    8404.57    4    3
(advertise)    43    8414.34    41    8
(advertise)    43    8437.95    40    8
(relay)    28    20    8446.36    8    8414.12    1    2
(advertise)    43    8462.16    28    8
(relay)    28    21    8487.97    8    8426.28    2    1
(advertise)    43    8488.17    21    8
(relay)    30    30    8499.39    8    8498.29    4    1
(advertise)    43    8511.59    30    8
(generate)    43    8518.2    [1, 6, 7, 19]    8
(relay)    5    29    8530.81    8    8488.9    1    1
(relay)    30    23    8556.01    8    8474.23    1    1
(relay)    6    6    8595.21    8    8595.02    5    1
(advertise)    43    8595.41    6    8
(relay)    45    7    8600.03    8    8571.08    2    1
(advertise)    43    8617.03    7    8
(relay)    30    27    8643.44    8    8633.84    1    1
(heartbeat)    31    2    8674.21    43    8677.04    3    3
(advertise)    43    8677.24    31    2
(relay)    45    25    8697.05    8    8687.95    1    1
(relay)    30    18    8700.65    8    8698.0    1    1
(relay)    45    17    8722.65    8    8693.03    2    1
(advertise)    43    8722.85    17    8
(relay)    28    48    8762.07    8    8757.03    1    1
(relay)    45    2    8807.07    8    8805.71    4    1
(advertise)    43    8807.27    2    8
(relay)    45    13    8829.88    8    8823.0    3    1
(advertise)    43    8830.08    13    8
(relay)    30    0    8854.09    8    8820.62    1    1
(relay)    45    42    8857.09    8    8828.95    2    1
(advertise)    43    8857.49    42    8
(relay)    45    15    8878.5    8    8859.97    2    1
(advertise)    43    8880.5    15    8
(relay)    45    47    9018.32    10    9016.17    4    1
(advertise)    43    9018.52    47    10
(relay)    28    33    9042.13    10    9008.47    1    1
(relay)    45    9    9057.13    9    9056.2    2    1
(advertise)    43    9057.33    9    9
(relay)    45    4    9098.74    9    9094.25    3    1
(advertise)    43    9098.94    4    9
(relay)    28    32    9123.16    9    9102.96    2    1
(advertise)    43    9123.36    32    9
(relay)    45    19    9145.37    9    9143.31    1    1
(relay)    28    1    9145.77    9    9106.11    1    1
(relay)    6    38    9156.77    9    9155.98    4    1
(advertise)    43    9156.97    38    9
(relay)    5    35    9206.78    9    9204.4    3    1
(advertise)    43    9206.98    35    9
(relay)    45    12    9250.8    9    9248.66    2    1
(advertise)    43    9251.0    12    9
(relay)    6    39    9254.21    9    9252.99    4    1
(advertise)    43    9274.01    39    9
(relay)    5    8    9307.42    9    9303.75    1    1
(relay)    45    46    9319.62    9    9319.1    4    1
(advertise)    43    9319.82    46    9
(relay)    45    34    9348.63    9    9347.34    2    1
(advertise)    43    9348.83    34    9
(relay)    28    5    9351.85    9    9348.31    3    1
(relay)    5    37    9364.05    9    9362.26    3    2
(advertise)    43    9370.25    5    9
(advertise)    43    9391.86    37    9
(relay)    45    41    9394.87    9    9354.75    2    1
(relay)    5    40    9400.87    9    9399.7    4    2
(relay)    28    28    9404.87    9    9404.75    4    3
(advertise)    43    9414.47    41    9
(advertise)    43    9438.49    40    9
(advertise)    43    9460.1    28    9
(relay)    28    20    9465.11    9    9414.23    1    1
(relay)    5    23    9489.51    9    9474.25    1    1
(relay)    30    30    9498.51    9    9498.48    4    1
(advertise)    43    9498.71    30    9
(relay)    30    29    9513.13    9    9489.53    1    1
(generate)    43    9518.33    [1, 6, 7, 19]    9
(relay)    45    44    9548.34    9    9523.54    2    1
(advertise)    43    9548.54    44    9
(relay)    5    21    9555.55    9    9426.44    1    1
(relay)    45    3    9570.35    9    9560.41    1    1
(relay)    6    6    9595.15    9    9595.07    5    1
(advertise)    43    9595.35    6    9
(relay)    45    7    9620.17    9    9571.21    2    1
(advertise)    43    9620.77    7    9
(relay)    30    27    9647.38    9    9633.86    1    1
(relay)    45    25    9688.78    9    9688.04    1    1
(relay)    30    18    9700.38    9    9698.1    1    1
(relay)    45    17    9712.98    9    9693.18    2    1
(advertise)    43    9713.18    17    9
(relay)    45    2    9806.99    9    9805.76    4    1
(advertise)    43    9807.19    2    9
(relay)    45    13    9830.6    9    9823.11    3    1
(advertise)    43    9830.8    13    9
(relay)    30    0    9854.42    9    9820.77    2    1
(advertise)    43    9854.82    0    9
(relay)    45    15    9860.83    9    9860.09    2    1
(advertise)    43    9878.23    15    9
(relay)    28    36    9997.44    9    9996.23    3    1
(advertise)    43    9997.64    36    9
(relay)    45    47    10020.46    11    10016.26    4    1
(advertise)    43    10021.26    47    11
(relay)    45    9    10058.07    10    10056.27    1    1
(relay)    45    4    10100.07    10    10094.34    3    1
(advertise)    43    10100.27    4    10
(relay)    45    16    10123.68    10    10100.33    1    1
(relay)    30    32    10126.28    10    10102.98    2    1
(advertise)    43    10126.48    32    10
(relay)    30    1    10148.5    10    10106.14    1    1
(relay)    6    38    10157.3    10    10155.99    4    1
(advertise)    43    10157.5    38    10
(relay)    30    35    10206.71    10    10204.51    3    1
(advertise)    43    10206.91    35    10
(relay)    30    19    10235.72    10    10143.46    1    1
(relay)    45    12    10252.12    10    10248.76    2    1
(advertise)    43    10252.32    12    10
(relay)    6    39    10254.33    10    10253.01    4    1
(advertise)    43    10275.33    39    10
(relay)    30    8    10317.35    10    10303.94    1    1
(relay)    45    46    10319.55    10    10319.2    4    1
(advertise)    43    10319.75    46    10
(relay)    6    5    10349.76    10    10348.45    3    1
(advertise)    43    10349.96    5    10
(relay)    5    37    10364.57    10    10362.4    3    1
(advertise)    43    10372.17    37    10
(relay)    28    28    10404.99    10    10404.88    4    1
(advertise)    43    10405.19    28    10
(relay)    28    40    10407.2    10    10399.89    3    1
(advertise)    43    10426.2    40    10
(relay)    45    14    10438.41    10    10368.37    2    1
(advertise)    43    10449.41    14    10
(relay)    5    20    10474.23    10    10414.35    1    1
(relay)    45    11    10483.43    10    10403.56    2    1
(advertise)    43    10483.63    11    10
(relay)    5    29    10494.84    10    10489.56    2    1
(relay)    30    30    10498.64    10    10498.63    4    2
(advertise)    43    10505.44    29    10
(generate)    43    10518.45    [1, 6, 7, 19]    10
(advertise)    43    10526.46    30    10
(relay)    28    23    10543.28    10    10474.28    1    1
(relay)    45    44    10574.28    10    10523.64    2    1
(advertise)    43    10574.48    44    10
(relay)    6    6    10595.29    10    10595.1    5    1
(relay)    45    3    10597.09    10    10560.51    1    2
(advertise)    43    10597.29    6    10
(relay)    45    7    10621.3    10    10571.3    2    1
(advertise)    43    10621.7    7    10
(relay)    28    27    10636.32    10    10633.91    1    1
(relay)    45    25    10689.32    10    10688.13    1    1
(relay)    30    18    10700.92    10    10698.2    1    1
(relay)    45    17    10713.32    10    10693.32    2    1
(advertise)    43    10713.52    17    10
(relay)    45    2    10806.93    10    10805.8    4    1
(advertise)    43    10807.13    2    10
(relay)    45    13    10831.54    10    10823.2    3    1
(advertise)    43    10831.74    13    10
(relay)    5    0    10833.56    10    10820.94    1    1
(relay)    45    42    10853.36    10    10829.11    2    1
(advertise)    43    10855.36    42    10
(relay)    45    15    10876.17    10    10860.19    2    1
(advertise)    43    10877.17    15    10
(relay)    30    36    10998.18    10    10996.36    3    1
(advertise)    43    10998.38    36    10
(relay)    45    47    11022.79    12    11016.35    4    1
(advertise)    43    11023.19    47    12
(relay)    30    33    11024.41    12    11008.78    2    1
(advertise)    43    11045.41    33    12
(relay)    45    9    11059.22    11    11056.39    2    1
(advertise)    43    11066.62    9    11
(relay)    45    4    11100.23    11    11094.43    3    1
(advertise)    43    11100.43    4    11
(relay)    45    16    11121.25    11    11100.43    1    1
(relay)    30    32    11121.65    11    11102.98    2    1
(advertise)    43    11123.85    32    11
(relay)    5    1    11146.46    11    11106.19    1    1
(relay)    6    38    11157.26    11    11156.01    4    1
(advertise)    43    11157.46    38    11
(relay)    30    35    11205.87    11    11204.66    3    1
(advertise)    43    11206.27    35    11
(relay)    28    19    11234.69    11    11143.62    1    1
(relay)    45    12    11252.49    11    11248.89    2    1
(advertise)    43    11252.69    12    11
(relay)    6    39    11254.3    11    11253.04    4    1
(advertise)    43    11275.5    39    11
(relay)    45    46    11319.71    11    11319.3    4    1
(advertise)    43    11319.91    46    11
(relay)    45    34    11348.92    11    11347.65    2    1
(advertise)    43    11349.12    34    11
(relay)    6    5    11350.54    11    11348.56    3    1
(relay)    5    37    11364.74    11    11362.54    3    2
(advertise)    43    11371.54    5    11
(relay)    45    41    11372.75    11    11355.14    4    2
(advertise)    43    11393.35    37    11
(relay)    30    14    11397.96    11    11368.45    1    2
(relay)    6    40    11400.36    11    11399.91    4    3
(relay)    28    28    11405.16    11    11405.0    4    4
(advertise)    43    11415.36    41    11
(advertise)    43    11436.78    40    11
(relay)    45    11    11442.79    11    11403.73    2    2
(advertise)    43    11457.79    28    11
(relay)    28    20    11467.8    11    11414.46    1    2
(advertise)    43    11480.4    11    11
(relay)    6    29    11490.22    11    11489.59    1    1
(relay)    30    30    11498.82    11    11498.75    4    1
(advertise)    43    11502.42    30    11
(generate)    43    11518.63    [1, 6, 7, 19]    11
(relay)    30    21    11531.04    11    11426.81    1    1
(relay)    30    23    11573.84    11    11474.31    1    1
(relay)    45    3    11578.04    11    11560.63    1    1
(relay)    5    22    11593.64    11    11506.44    1    1
(relay)    6    6    11595.24    11    11595.15    5    1
(advertise)    43    11595.44    6    11
(relay)    5    26    11638.25    11    11521.59    1    1
(relay)    30    27    11664.05    11    11633.94    1    1
(relay)    45    25    11690.45    11    11688.26    1    1
(relay)    28    18    11702.25    11    11698.3    1    1
(relay)    45    17    11714.25    11    11693.47    2    1
(advertise)    43    11714.45    17    11
(relay)    45    2    11808.07    11    11805.84    4    1
(advertise)    43    11808.27    2    11
(relay)    45    13    11831.28    11    11823.31    3    1
(advertise)    43    11831.48    13    11
(relay)    6    0    11853.89    11    11821.11    1    1
(relay)    45    15    11861.49    11    11860.31    2    1
(advertise)    43    11861.69    15    11
(relay)    45    47    12016.71    13    12016.45    4    1
(advertise)    43    12017.11    47    13
(relay)    28    24    12066.72    12    12037.53    1    1
(relay)    45    4    12099.52    12    12094.47    3    1
(advertise)    43    12099.72    4    12
(relay)    45    16    12119.93    12    12100.51    1    1
(relay)    6    32    12122.33    12    12103.01    1    1
(relay)    5    1    12146.73    12    12106.37    1    1
(relay)    45    19    12147.73    12    12143.74    2    1
(advertise)    43    12147.93    19    12
(relay)    6    38    12157.75    12    12156.02    4    1
(relay)    45    45    12158.15    12    12157.53    4    2
(advertise)    43    12170.75    38    12
(advertise)    43    12193.36    45    12
(relay)    6    35    12215.57    12    12204.66    2    1
(advertise)    43    12216.17    35    12
(relay)    45    12    12253.58    12    12248.96    2    1
(advertise)    43    12253.78    12    12
(relay)    45    46    12320.8    12    12319.38    4    1
(advertise)    43    12321.0    46    12
(relay)    30    8    12346.01    12    12304.3    1    1
(relay)    5    5    12349.61    12    12348.57    4    1
(advertise)    43    12349.81    5    12
(relay)    6    37    12371.82    12    12362.54    3    1
(advertise)    43    12372.22    37    12
(relay)    5    40    12400.64    12    12399.93    4    1
(advertise)    43    12400.84    40    12
(relay)    28    28    12405.05    12    12405.02    4    1
(advertise)    43    12423.85    28    12
(relay)    30    30    12499.26    12    12498.75    4    1
(advertise)    43    12499.46    30    12
(relay)    28    29    12500.68    12    12489.63    2    1
(generate)    43    12518.68    [1, 6, 7, 19]    12
(advertise)    43    12521.49    29    12
(relay)    30    23    12550.1    12    12474.33    1    1
(relay)    45    44    12550.5    12    12524.38    2    1
(advertise)    43    12550.7    44    12
(relay)    45    3    12572.91    12    12560.72    1    1
(relay)    6    6    12595.71    12    12595.22    5    1
(advertise)    43    12595.91    6    12
(relay)    5    27    12636.93    12    12633.97    1    1
(heartbeat)    31    3    12674.23    43    12675.33    3    4
(advertise)    43    12675.53    31    3
(relay)    45    25    12697.54    12    12688.35    1    1
(relay)    28    18    12709.34    12    12698.41    1    1
(relay)    30    48    12758.74    12    12757.49    1    1
(relay)    45    2    12808.14    12    12805.86    4    1
(advertise)    43    12808.34    2    12
(relay)    45    13    12830.15    12    12823.41    2    1
(advertise)    43    12831.55    13    12
(relay)    5    0    12833.17    12    12821.3    2    1
(advertise)    43    12852.57    0    12
(relay)    45    15    12862.58    12    12860.38    2    1
(advertise)    43    12875.18    15    12
(relay)    5    36    12997.99    12    12996.7    3    1
(advertise)    43    12998.19    36    12
(relay)    45    47    13021.41    14    13016.56    4    1
(advertise)    43    13021.61    47    14
(relay)    30    24    13046.02    13    13037.67    1    1
(relay)    45    9    13060.02    13    13056.55    2    1
(advertise)    43    13060.22    9    13
(relay)    45    4    13097.03    13    13094.56    3    1
(advertise)    43    13097.43    4    13
(relay)    30    32    13146.24    13    13103.05    1    1
(relay)    45    19    13148.04    13    13143.87    2    1
(advertise)    43    13148.24    19    13
(relay)    6    38    13158.26    13    13156.04    4    1
(relay)    45    45    13158.66    13    13157.63    4    2
(advertise)    43    13170.46    38    13
(advertise)    43    13191.47    45    13
(relay)    28    1    13213.88    13    13106.46    1    1
(relay)    6    35    13214.48    13    13204.8    2    1
(advertise)    43    13215.68    35    13
(relay)    45    12    13254.9    13    13249.08    2    1
(advertise)    43    13255.1    12    13
(relay)    30    39    13258.71    13    13253.08    4    1
(advertise)    43    13277.71    39    13
(relay)    45    46    13320.92    13    13319.49    4    1
(advertise)    43    13321.12    46    13
(relay)    5    8    13343.94    13    13304.48    1    1
(relay)    5    5    13349.74    13    13348.72    4    1
(advertise)    43    13349.94    5    13
(relay)    6    37    13371.35    13    13362.68    3    1
(advertise)    43    13372.15    37    13
(relay)    45    41    13391.56    13    13355.17    4    1
(advertise)    43    13393.96    41    13
(relay)    28    28    13405.77    13    13405.16    4    1
(advertise)    43    13415.37    28    13
(relay)    5    40    13417.19    13    13399.97    4    1
(advertise)    43    13436.79    40    13
(relay)    45    11    13479.2    13    13404.01    2    1
(advertise)    43    13479.4    11    13
(relay)    28    21    13484.41    13    13427.16    2    1
(relay)    30    30    13499.41    13    13498.91    4    2
(advertise)    43    13501.61    21    13
(relay)    30    29    13506.83    13    13489.68    2    2
(generate)    43    13518.83    [1, 6, 7, 19]    13
(advertise)    43    13523.44    30    13
(advertise)    43    13546.65    29    13
(relay)    5    23    13573.67    13    13474.58    1    1
(relay)    45    3    13588.47    13    13560.81    1    1
(relay)    6    6    13595.87    13    13595.28    5    1
(advertise)    43    13596.07    6    13
(relay)    28    26    13619.28    13    13521.88    1    1
(relay)    45    7    13632.88    13    13571.61    2    1
(advertise)    43    13633.08    7    13
(relay)    45    44    13655.29    13    13524.48    1    1
(relay)    28    27    13663.69    13    13634.01    1    1
(relay)    45    25    13691.09    13    13688.44    1    1
(relay)    30    18    13703.29    13    13698.51    1    1
(relay)    45    17    13714.09    13    13693.7    2    1
(advertise)    43    13714.29    17    13
(relay)    45    2    13808.1    13    13805.95    4    1
(advertise)    43    13808.3    2    13
(relay)    45    13    13829.32    13    13823.51    3    1
(advertise)    43    13830.72    13    13
(relay)    30    0    13853.33    13    13821.49    1    1
(relay)    45    42    13857.93    13    13829.34    2    1
(advertise)    43    13858.13    42    13
(relay)    45    15    13881.54    13    13860.51    2    1
(advertise)    43    13882.54    15    13
(relay)    28    36    13998.36    13    13996.83    3    1
(advertise)    43    13998.56    36    13
(relay)    45    47    14020.37    15    14016.71    4    1
(relay)    28    33    14022.37    15    14009.28    2    2
(advertise)    43    14022.57    47    15
(advertise)    43    14044.58    33    15
(relay)    30    24    14048.0    14    14037.81    1    1
(relay)    45    9    14061.4    14    14056.66    2    1
(advertise)    43    14066.4    9    14
(relay)    30    4    14097.01    14    14094.66    1    1
(relay)    28    32    14119.01    14    14103.09    2    1
(advertise)    43    14119.21    32    14
(relay)    45    16    14129.82    14    14100.72    1    1
(relay)    45    19    14153.82    14    14144.0    2    1
(advertise)    43    14154.02    19    14
(relay)    45    45    14158.83    14    14157.8    4    1
(advertise)    43    14176.03    45    14
(relay)    5    35    14205.85    14    14204.98    3    1
(advertise)    43    14206.05    35    14
(relay)    45    12    14255.06    14    14249.23    2    1
(advertise)    43    14255.26    12    14
(relay)    28    39    14265.87    14    14253.12    4    1
(advertise)    43    14276.27    39    14
(relay)    45    46    14321.09    14    14319.63    4    1
(advertise)    43    14321.29    46    14
(relay)    5    5    14349.9    14    14348.88    4    1
(advertise)    43    14350.1    5    14
(relay)    5    37    14363.11    14    14362.82    3    1
(advertise)    43    14372.71    37    14
(relay)    45    41    14393.33    14    14355.23    2    1
(advertise)    43    14396.13    41    14
(relay)    28    28    14405.94    14    14405.31    4    1
(advertise)    43    14419.14    28    14
(relay)    45    11    14439.95    14    14404.17    2    1
(advertise)    43    14441.15    11    14
(relay)    30    20    14454.76    14    14414.83    1    1
(relay)    28    21    14476.16    14    14427.33    2    1
(advertise)    43    14476.36    21    14
(relay)    28    29    14498.38    14    14489.74    2    1
(advertise)    43    14498.98    29    14
(generate)    43    14518.99    [1, 6, 7, 19]    14
(relay)    30    23    14523.4    14    14474.6    1    1
(relay)    45    44    14554.0    14    14524.57    2    1
(advertise)    43    14554.2    44    14
(relay)    45    3    14578.62    14    14560.92    1    1
(relay)    6    6    14595.82    14    14595.31    5    1
(advertise)    43    14596.02    6    14
(relay)    45    7    14626.23    14    14571.72    2    1
(advertise)    43    14626.43    7    14
(relay)    45    25    14691.84    14    14688.54    1    1
(relay)    30    18    14704.84    14    14698.61    1    1
(relay)    45    17    14714.64    14    14693.84    2    1
(advertise)    43    14714.84    17    14
(relay)    45    13    14832.06    14    14823.61    2    1
(advertise)    43    14832.26    13    14
(relay)    45    42    14855.87    14    14829.44    1    1
(relay)    45    15    14879.27    14    14860.61    1    1
(relay)    30    36    14997.67    14    14996.97    3    1
(advertise)    43    14997.87    36    14
(relay)    45    47    15019.88    16    15016.8    4    1
(relay)    28    33    15020.48    16    15009.45    2    2
(advertise)    43    15021.08    47    16
(advertise)    43    15044.89    33    16
(relay)    45    9    15060.31    15    15056.73    2    1
(advertise)    43    15067.51    9    15
(relay)    30    24    15068.72    15    15037.95    1    1
(relay)    45    4    15096.12    15    15094.74    3    1
(advertise)    43    15096.52    4    15
(relay)    5    32    15119.33    15    15103.28    2    1
(advertise)    43    15120.13    32    15
(relay)    45    19    15149.95    15    15144.14    2    1
(advertise)    43    15150.15    19    15
(relay)    30    38    15158.16    15    15156.12    4    1
(relay)    45    45    15158.96    15    15157.97    4    2
(advertise)    43    15171.96    38    15
(relay)    5    1    15178.37    15    15106.7    1    2
(advertise)    43    15194.57    45    15
(relay)    6    35    15219.19    15    15205.1    2    1
(advertise)    43    15220.19    35    15
(relay)    45    12    15253.2    15    15249.36    2    1
(advertise)    43    15253.4    12    15
(relay)    6    39    15254.61    15    15253.16    4    1
(advertise)    43    15274.41    39    15
(relay)    30    8    15307.62    15    15304.82    1    1
(relay)    45    46    15322.02    15    15319.73    4    1
(advertise)    43    15322.22    46    15
(relay)    5    5    15349.04    15    15349.02    4    1
(advertise)    43    15349.24    5    15
(relay)    5    37    15363.25    15    15362.97    3    1
(advertise)    43    15370.45    37    15
(relay)    45    41    15394.86    15    15355.27    4    1
(advertise)    43    15395.26    41    15
(relay)    28    28    15406.08    15    15405.45    4    1
(relay)    45    11    15416.28    15    15404.34    2    2
(advertise)    43    15416.68    28    15
(relay)    6    40    15419.09    15    15400.04    4    2
(advertise)    43    15438.09    11    15
(advertise)    43    15459.9    40    15
(relay)    28    20    15461.12    15    15414.95    1    1
(relay)    30    21    15488.52    15    15427.45    1    1
(relay)    30    30    15500.32    15    15499.23    4    1
(advertise)    43    15500.52    30    15
(relay)    28    29    15509.93    15    15489.77    2    1
(generate)    43    15519.13    [1, 6, 7, 19]    15
(advertise)    43    15522.34    29    15
(relay)    30    23    15552.35    15    15474.73    1    1
(relay)    45    3    15572.95    15    15561.0    1    1
(relay)    6    6    15596.35    15    15595.36    5    1
(advertise)    43    15596.55    6    15
(relay)    30    26    15619.17    15    15522.72    1    1
(relay)    30    27    15640.57    15    15634.22    1    1
(relay)    45    25    15691.97    15    15688.64    1    1
(relay)    5    18    15701.97    15    15698.71    1    1
(relay)    45    17    15715.57    15    15693.98    2    1
(advertise)    43    15715.77    17    15
(relay)    28    48    15761.58    15    15758.04    1    1
(relay)    45    2    15806.58    15    15806.07    4    1
(advertise)    43    15806.78    2    15
(relay)    45    13    15828.19    15    15823.71    3    1
(advertise)    43    15829.39    13    15
(relay)    45    15    15876.81    15    15860.69    2    1
(advertise)    43    15877.01    15    15
(relay)    45    47    16018.22    17    16016.91    4    1
(advertise)    43    16018.42    47    17
(relay)    28    33    16042.23    17    16009.62    2    1
(advertise)    43    16043.23    33    17
(relay)    45    9    16061.25    16    16056.83    2    1
(relay)    30    24    16064.45    16    16038.07    1    2
(advertise)    43    16066.25    9    16
(relay)    45    4    16097.06    16    16094.82    3    1
(advertise)    43    16097.26    4    16
(relay)    28    32    16120.47    16    16103.47    2    1
(advertise)    43    16120.87    32    16
(relay)    45    16    16122.48    16    16100.87    1    1
(relay)    45    19    16150.28    16    16144.27    2    1
(advertise)    43    16150.48    19    16
(relay)    5    38    16157.7    16    16156.14    4    1
(relay)    45    45    16159.1    16    16158.11    4    2
(advertise)    43    16172.7    38    16
(relay)    5    1    16189.71    16    16106.74    1    2
(advertise)    43    16195.31    45    16
(relay)    6    35    16219.92    16    16205.27    2    1
(advertise)    43    16220.12    35    16
(relay)    45    12    16251.54    16    16249.46    2    1
(advertise)    43    16251.74    12    16
(relay)    6    39    16253.55    16    16253.18    4    1
(advertise)    43    16272.95    39    16
(relay)    30    8    16307.96    16    16305.0    1    1
(relay)    45    46    16322.16    16    16319.84    4    1
(advertise)    43    16322.36    46    16
(relay)    45    34    16348.98    16    16348.46    2    1
(advertise)    43    16349.38    34    16
(relay)    30    5    16351.79    16    16349.21    3    1
(relay)    5    37    16363.99    16    16363.13    3    2
(advertise)    43    16370.99    5    16
(relay)    45    41    16372.6    16    16355.29    4    2
(advertise)    43    16392.6    37    16
(relay)    30    14    16398.81    16    16369.05    1    2
(relay)    6    40    16401.61    16    16400.04    4    3
(relay)    28    28    16406.61    16    16405.62    4    4
(advertise)    43    16414.81    41    16
(advertise)    43    16436.63    40    16
(relay)    45    11    16438.04    16    16404.49    2    2
(advertise)    43    16458.84    28    16
(advertise)    43    16480.25    11    16
(relay)    28    23    16489.87    16    16474.92    1    1
(relay)    30    30    16500.47    16    16499.42    4    1
(advertise)    43    16502.47    30    16
(generate)    43    16519.28    [1, 6, 7, 19]    16
(relay)    45    44    16554.09    16    16524.71    1    1
(relay)    5    26    16559.89    16    16522.85    1    1
(relay)    45    3    16577.29    16    16561.13    1    1
(relay)    6    6    16596.49    16    16595.42    5    1
(advertise)    43    16596.69    6    16
(relay)    45    7    16624.31    16    16574.33    2    1
(advertise)    43    16624.71    7    16
(relay)    30    27    16634.72    16    16634.22    1    1
(heartbeat)    31    4    16674.24    43    16676.92    3    4
(advertise)    43    16677.12    31    4
(relay)    45    25    16700.13    16    16688.78    1    1
(relay)    45    17    16720.33    16    16694.13    1    1
(relay)    28    48    16762.93    16    16758.18    1    1
(relay)    45    2    16806.73    16    16806.18    4    1
(advertise)    43    16806.93    2    16
(relay)    5    0    16828.94    16    16821.96    2    1
(advertise)    43    16829.54    0    16
(relay)    45    15    16864.36    16    16860.83    2    1
(advertise)    43    16864.56    15    16
(relay)    30    36    16997.57    16    16997.3    3    1
(advertise)    43    16997.77    36    16
(relay)    45    47    17021.58    18    17017.03    4    1
(advertise)    43    17022.78    47    18
(relay)    5    33    17024.4    18    17009.75    2    1
(advertise)    43    17045.2    33    18
(relay)    45    9    17059.81    17    17056.92    2    1
(advertise)    43    17066.21    9    17
(relay)    45    4    17098.42    17    17094.9    2    1
(advertise)    43    17098.62    4    17
(relay)    30    32    17121.04    17    17103.66    2    1
(advertise)    43    17123.24    32    17
(relay)    5    1    17145.65    17    17106.81    1    1
(relay)    45    19    17149.85    17    17144.39    1    1
(relay)    6    38    17156.65    17    17156.17    4    1
(advertise)    43    17156.85    38    17
(relay)    45    45    17158.46    17    17158.27    4    1
(advertise)    43    17179.06    45    17
(relay)    6    35    17207.87    17    17205.37    2    1
(advertise)    43    17208.07    35    17
(relay)    45    12    17251.09    17    17249.56    2    1
(advertise)    43    17251.29    12    17
(relay)    30    8    17308.9    17    17305.0    1    1
(relay)    45    46    17322.1    17    17319.94    4    1
(advertise)    43    17322.3    46    17
(relay)    45    34    17349.11    17    17348.63    2    1
(advertise)    43    17349.31    34    17
(relay)    5    37    17364.53    17    17363.24    3    1
(advertise)    43    17370.33    37    17
(relay)    45    41    17395.54    17    17355.31    4    1
(advertise)    43    17395.74    41    17
(relay)    28    28    17406.75    17    17405.76    4    1
(relay)    45    14    17418.75    17    17369.14    1    2
(relay)    5    40    17419.15    17    17400.07    4    3
(advertise)    43    17419.35    28    17
(relay)    45    11    17439.17    17    17404.63    1    2
(advertise)    43    17440.37    40    17
(relay)    28    20    17463.58    17    17415.2    1    1
(relay)    28    21    17487.38    17    17427.76    1    1
(relay)    30    30    17500.58    17    17499.56    4    1
(advertise)    43    17500.78    30    17
(relay)    28    29    17508.59    17    17489.97    2    1
(generate)    43    17519.39    [1, 6, 7, 19]    17
(advertise)    43    17522.0    29    17
(relay)    30    23    17557.42    17    17474.93    1    1
(relay)    45    3    17563.82    17    17561.24    1    1
(relay)    45    7    17586.22    17    17574.43    2    1
(advertise)    43    17586.42    7    17
(relay)    6    6    17596.43    17    17595.48    5    1
(advertise)    43    17607.63    6    17
(relay)    5    27    17643.84    17    17634.23    1    1
(relay)    45    25    17691.44    17    17688.87    1    1
(relay)    45    17    17713.64    17    17694.24    2    1
(advertise)    43    17713.84    17    17
(relay)    45    2    17806.66    17    17806.2    4    1
(advertise)    43    17806.86    2    17
(relay)    45    13    17829.07    17    17823.94    3    1
(advertise)    43    17829.47    13    17
(relay)    5    0    17831.28    17    17822.1    2    1
(advertise)    43    17851.88    0    17
(relay)    45    42    17857.1    17    17829.68    1    1
(relay)    45    15    17880.9    17    17860.93    1    1
(relay)    30    36    17998.3    17    17997.44    3    1
(advertise)    43    17998.5    36    17
(relay)    45    47    18022.11    19    18017.12    4    1
(advertise)    43    18022.31    47    19
(relay)    45    9    18058.52    18    18057.0    1    1
(relay)    45    4    18098.32    18    18095.0    2    1
(advertise)    43    18098.52    4    18
(relay)    6    32    18123.13    18    18103.83    1    1
(relay)    45    19    18146.53    18    18144.54    1    1
(relay)    5    1    18147.53    18    18107.0    1    1
(relay)    6    38    18156.73    18    18156.2    4    1
(advertise)    43    18156.93    38    18
(relay)    45    45    18158.55    18    18158.42    4    1
(advertise)    43    18179.95    45    18
(relay)    6    35    18208.36    18    18205.48    2    1
(advertise)    43    18208.56    35    18
(relay)    45    12    18251.57    18    18249.7    2    1
(advertise)    43    18251.77    12    18
(relay)    30    39    18253.59    18    18253.25    4    1
(advertise)    43    18273.59    39    18
(relay)    45    46    18322.2    18    18320.02    4    1
(advertise)    43    18322.4    46    18
(relay)    45    34    18349.21    18    18348.79    2    1
(advertise)    43    18349.41    34    18
(relay)    6    5    18350.63    18    18349.49    3    1
(relay)    5    37    18364.63    18    18363.37    3    2
(advertise)    43    18371.83    5    18
(advertise)    43    18392.84    37    18
(relay)    5    40    18402.65    18    18400.26    4    1
(relay)    28    28    18406.85    18    18405.89    4    2
(advertise)    43    18415.05    40    18
(relay)    45    14    18417.06    18    18369.26    1    2
(advertise)    43    18437.66    28    18
(relay)    45    11    18461.88    18    18404.79    1    1
(relay)    5    20    18464.08    18    18415.32    1    1
(relay)    5    21    18486.88    18    18427.92    1    1
(relay)    30    30    18500.68    18    18499.67    4    1
(advertise)    43    18500.88    30    18
(relay)    30    29    18508.09    18    18490.0    2    1
(generate)    43    18519.49    [1, 6, 7, 19]    18
(advertise)    43    18522.1    29    18
(relay)    30    23    18551.52    18    18474.97    1    1
(relay)    45    44    18555.32    18    18524.89    2    1
(advertise)    43    18555.52    44    18
(relay)    45    3    18578.33    18    18561.34    1    1
(relay)    6    6    18595.53    18    18595.5    5    1
(advertise)    43    18595.73    6    18
(relay)    45    25    18689.74    18    18688.95    1    1
(relay)    45    17    18711.94    18    18694.37    2    1
(advertise)    43    18712.14    17    18
(relay)    45    2    18807.56    18    18806.26    4    1
(advertise)    43    18807.76    2    18
(relay)    45    13    18829.77    18    18824.03    3    1
(advertise)    43    18830.57    13    18
(relay)    5    0    18831.98    18    18822.26    2    1
(advertise)    43    18853.78    0    18
(relay)    45    42    18856.59    18    18829.77    2    1
(advertise)    43    18876.59    42    18
(relay)    45    15    18878.61    18    18861.03    1    1
(relay)    45    47    19019.41    20    19017.2    4    1
(advertise)    43    19019.61    47    20
(relay)    45    9    19058.02    19    19057.09    2    1
(advertise)    43    19058.22    9    19
(relay)    45    4    19099.23    19    19095.07    2    1
(advertise)    43    19099.43    4    19
(relay)    45    19    19146.25    19    19144.65    1    1
(relay)    5    1    19146.85    19    19107.2    1    1
(relay)    6    38    19157.05    19    19156.2    4    1
(advertise)    43    19157.25    38    19
(relay)    45    45    19158.66    19    19158.57    4    1
(advertise)    43    19178.46    45    19
(relay)    6    35    19209.47    19    19205.59    2    1
(advertise)    43    19209.67    35    19
(relay)    45    12    19252.09    19    19249.82    2    1
(advertise)    43    19252.29    12    19
(relay)    30    39    19253.5    19    19253.26    4    1
(advertise)    43    19274.1    39    19
(relay)    45    46    19320.51    19    19320.13    4    1
(advertise)    43    19320.71    46    19
(relay)    5    8    19342.12    19    19305.17    1    1
(relay)    6    5    19350.92    19    19349.58    3    1
(advertise)    43    19351.12    5    19
(relay)    5    37    19366.34    19    19363.47    3    1
(advertise)    43    19373.94    37    19
(relay)    45    41    19394.15    19    19355.69    4    1
(advertise)    43    19395.35    41    19
(relay)    28    28    19406.16    19    19405.98    4    1
(advertise)    43    19416.76    28    19
(relay)    5    40    19419.58    19    19400.29    4    1
(relay)    45    14    19437.98    19    19369.37    1    2
(advertise)    43    19438.98    40    19
(relay)    28    20    19462.99    19    19415.45    1    1
(relay)    5    29    19491.19    19    19490.01    2    1
(advertise)    43    19491.39    29    19
(relay)    30    30    19499.8    19    19499.78    4    1
(advertise)    43    19513.4    30    19
(generate)    43    19519.62    [1, 6, 7, 19]    19
(relay)    30    23    19524.43    19    19474.99    1    1
(relay)    45    44    19560.83    19    19524.95    1    1
(relay)    30    22    19570.03    19    19507.5    1    1
(relay)    45    7    19583.83    19    19574.84    1    1
(relay)    6    6    19595.63    19    19595.54    5    1
(advertise)    43    19595.83    6    19
(relay)    28    27    19641.64    19    19634.32    1    1
(relay)    45    25    19689.64    19    19689.05    1    1
(relay)    45    17    19713.04    19    19694.48    2    1
(advertise)    43    19713.24    17    19
(relay)    45    2    19807.65    19    19806.34    4    1
(advertise)    43    19807.85    2    19
(relay)    45    13    19832.07    19    19824.13    3    1
(advertise)    43    19832.67    13    19
(relay)    5    0    19834.48    19    19822.41    2    1
(advertise)    43    19854.68    0    19
(relay)    45    15    19861.69    19    19861.12    2    1
(advertise)    43    19876.89    15    19
(relay)    28    36    19998.91    19    19997.66    3    1
(advertise)    43    19999.11    36    19
(relay)    45    47    20021.92    21    20017.3    4    1
(advertise)    43    20022.92    47    21
(relay)    30    33    20045.33    21    20010.19    1    1
(relay)    45    9    20058.93    20    20057.16    2    1
(advertise)    43    20059.13    9    20
(relay)    45    4    20100.55    20    20095.16    2    1
(advertise)    43    20100.75    4    20
(relay)    5    32    20125.36    20    20104.21    2    1
(advertise)    43    20125.96    32    20
(relay)    45    19    20147.37    20    20144.81    1    1
(relay)    28    1    20148.77    20    20107.43    1    1
(relay)    6    38    20157.57    20    20156.24    4    1
(advertise)    43    20157.77    38    20
(relay)    45    45    20159.18    20    20158.72    4    1
(advertise)    43    20180.38    45    20
(relay)    6    35    20207.4    20    20205.7    2    1
(advertise)    43    20207.8    35    20
(relay)    45    12    20253.21    20    20249.93    2    1
(advertise)    43    20253.41    12    20
(relay)    45    46    20320.62    20    20320.19    4    1
(advertise)    43    20320.82    46    20
(relay)    5    5    20350.24    20    20349.7    4    1
(advertise)    43    20350.44    5    20
(relay)    5    37    20365.25    20    20363.58    3    1
(advertise)    43    20373.25    37    20
(relay)    5    40    20400.66    20    20400.32    4    1
(advertise)    43    20400.86    40    20
(relay)    28    28    20406.28    20    20406.12    4    1
(advertise)    43    20422.88    28    20
(relay)    45    11    20461.09    20    20405.01    1    1
(relay)    28    29    20491.69    20    20490.2    2    1
(advertise)    43    20491.89    29    20
(relay)    30    30    20500.1    20    20499.92    4    1
(advertise)    43    20514.5    30    20
(generate)    43    20519.71    [1, 6, 7, 19]    20
(relay)    30    21    20544.73    20    20428.21    1    1
(relay)    45    44    20560.33    20    20525.04    1    1
(relay)    45    3    20581.13    20    20562.31    1    1
(relay)    6    6    20595.73    20    20595.57    5    1
(advertise)    43    20595.93    6    20
(relay)    30    27    20643.34    20    20634.34    1    1
(heartbeat)    31    5    20674.25    43    20676.14    3    4
(advertise)    43    20676.34    31    5
(relay)    45    25    20697.15    20    20689.15    1    1
(relay)    45    17    20720.95    20    20694.59    1    1
(relay)    45    2    20807.75    20    20806.4    4    1
(advertise)    43    20807.95    2    20
(relay)    45    13    20831.17    20    20824.23    3    1
(advertise)    43    20832.17    13    20
(relay)    28    0    20855.18    20    20822.56    1    1
(relay)    45    15    20861.98    20    20861.23    2    1
(advertise)    43    20862.18    15    20
(relay)    30    36    20999.39    20    20997.77    3    1
(advertise)    43    20999.59    36    20
(relay)    45    47    21023.41    22    21017.39    4    1
(advertise)    43    21024.61    47    22
(relay)    6    33    21025.82    22    21010.34    1    1
(relay)    45    9    21059.42    21    21057.26    2    1
(advertise)    43    21059.62    9    21
(relay)    45    4    21101.23    21    21095.27    2    1
(advertise)    43    21101.43    4    21
(relay)    6    32    21123.84    21    21104.24    1    1
(relay)    45    19    21148.24    21    21145.0    1    1
(relay)    45    45    21159.44    21    21158.86    4    1
(advertise)    43    21159.64    45    21
(relay)    28    1    21201.86    21    21107.47    1    1
(relay)    28    35    21222.66    21    21205.8    2    1
(advertise)    43    21222.86    35    21
(relay)    45    12    21253.67    21    21250.06    2    1
(advertise)    43    21253.87    12    21
(relay)    45    46    21320.68    21    21320.28    4    1
(advertise)    43    21320.88    46    21
(relay)    5    5    21350.3    21    21349.82    4    1
(advertise)    43    21350.5    5    21
(relay)    5    37    21365.91    21    21363.69    3    1
(advertise)    43    21372.51    37    21
(relay)    45    41    21394.72    21    21356.05    4    1
(advertise)    43    21395.92    41    21
(relay)    28    28    21406.34    21    21406.25    4    1
(relay)    45    11    21416.94    21    21405.16    1    2
(advertise)    43    21417.94    28    21
(relay)    28    40    21419.75    21    21400.36    3    1
(advertise)    43    21439.95    40    21
(relay)    30    20    21465.56    21    21415.67    1    1
(relay)    30    21    21485.76    21    21428.31    1    1
(relay)    30    30    21500.16    21    21500.06    4    1
(advertise)    43    21500.36    30    21
(relay)    28    29    21507.17    21    21490.23    2    1
(generate)    43    21519.77    [1, 6, 7, 19]    21
(advertise)    43    21522.39    29    21
(relay)    45    3    21565.0    21    21562.4    1    1
(relay)    45    7    21585.6    21    21575.24    2    1
(advertise)    43    21585.8    7    21
(relay)    6    6    21595.81    21    21595.64    5    1
(advertise)    43    21607.81    6    21
(relay)    45    44    21609.23    21    21525.15    1    1
(relay)    30    27    21643.83    21    21634.36    1    1
(relay)    45    25    21691.23    21    21689.24    1    1
(relay)    45    17    21713.63    21    21694.72    2    1
(advertise)    43    21713.83    17    21
(relay)    45    2    21808.64    21    21806.44    4    1
(advertise)    43    21808.84    2    21
(relay)    45    13    21831.85    21    21824.29    3    1
(advertise)    43    21832.45    13    21
(relay)    30    0    21833.67    21    21822.69    2    1
(advertise)    43    21854.47    0    21
(relay)    45    15    21878.68    21    21861.33    2    1
(advertise)    43    21879.28    15    21
(relay)    45    47    22017.89    23    22017.46    4    1
(advertise)    43    22018.09    47    23
(relay)    28    33    22044.3    23    22010.46    1    1
(relay)    45    9    22060.3    22    22057.35    2    1
(advertise)    43    22060.5    9    22
(relay)    45    4    22100.32    22    22095.36    2    1
(advertise)    43    22100.52    4    22
(relay)    28    32    22107.13    22    22104.24    2    1
(advertise)    43    22123.53    32    22
(relay)    45    19    22148.94    22    22145.12    1    1
(relay)    6    38    22157.74    22    22156.31    4    1
(advertise)    43    22157.94    38    22
(relay)    45    45    22159.56    22    22158.96    4    1
(advertise)    43    22179.16    45    22
(relay)    30    35    22215.17    22    22205.89    3    1
(advertise)    43    22215.37    35    22
(relay)    5    12    22286.18    22    22250.16    1    1
(relay)    30    8    22318.18    22    22305.7    1    1
(relay)    45    46    22321.78    22    22320.37    4    1
(advertise)    43    22321.98    46    22
(relay)    5    5    22351.0    22    22349.96    4    1
(advertise)    43    22351.2    5    22
(relay)    5    37    22366.01    22    22363.83    3    1
(advertise)    43    22372.21    37    22
(relay)    45    14    22396.02    22    22369.7    1    1
(relay)    28    28    22406.42    22    22406.36    4    1
(advertise)    43    22406.62    28    22
(relay)    28    40    22408.83    22    22400.38    3    1
(advertise)    43    22427.63    40    22
(relay)    5    29    22491.05    22    22490.25    2    1
(advertise)    43    22491.25    29    22
(relay)    30    30    22500.66    22    22500.17    4    1
(advertise)    43    22512.86    30    22
(generate)    43    22519.87    [1, 6, 7, 19]    22
(relay)    30    23    22544.09    22    22475.05    1    1
(relay)    45    44    22557.89    22    22525.25    1    1
(relay)    45    7    22582.89    22    22575.35    1    1
(relay)    30    22    22586.89    22    22507.8    1    1
(relay)    6    6    22596.29    22    22595.66    5    1
(advertise)    43    22596.49    6    22
(relay)    28    27    22637.7    22    22634.41    1    1
(relay)    45    25    22691.5    22    22689.34    1    1
(relay)    45    17    22717.5    22    22694.84    2    1
(advertise)    43    22717.7    17    22
(relay)    5    48    22760.51    22    22758.82    1    1
(relay)    45    2    22808.71    22    22806.52    4    1
(advertise)    43    22808.91    2    22
(relay)    45    13    22830.33    22    22824.36    3    1
(advertise)    43    22832.13    13    22
(relay)    6    0    22855.14    22    22822.84    1    1
(relay)    45    15    22863.54    22    22861.4    2    1
(advertise)    43    22863.74    15    22
(relay)    5    36    22999.35    22    22998.0    3    1
(advertise)    43    22999.55    36    22
(relay)    5    33    23021.56    24    23010.61    2    1
(relay)    45    47    23022.76    24    23017.54    4    2
(advertise)    43    23023.56    33    24
(advertise)    43    23046.18    47    24
(relay)    45    9    23060.39    23    23057.41    2    1
(advertise)    43    23067.99    9    23
(relay)    45    4    23098.4    23    23095.46    2    1
(advertise)    43    23098.6    4    23
(relay)    5    32    23124.42    23    23104.43    2    1
(advertise)    43    23125.22    32    23
(relay)    30    1    23146.63    23    23107.52    1    1
(relay)    6    38    23158.03    23    23156.31    4    1
(advertise)    43    23158.23    38    23
(relay)    45    45    23159.64    23    23159.07    4    1
(advertise)    43    23179.24    45    23
(relay)    6    35    23207.06    23    23206.0    2    1
(advertise)    43    23207.26    35    23
(relay)    30    39    23255.47    23    23253.55    4    1
(advertise)    43    23255.67    39    23
(relay)    5    8    23307.28    23    23305.88    1    1
(relay)    45    46    23321.68    23    23320.45    4    1
(advertise)    43    23321.88    46    23
(relay)    5    5    23351.09    23    23350.08    4    1
(advertise)    43    23351.29    5    23
(relay)    5    37    23365.31    23    23363.94    3    1
(advertise)    43    23373.51    37    23
(relay)    45    41    23396.72    23    23356.25    4    1
(advertise)    43    23397.72    41    23
(relay)    28    28    23407.13    23    23406.51    4    1
(relay)    45    11    23418.33    23    23405.48    2    2
(advertise)    43    23419.13    28    23
(relay)    6    40    23420.95    23    23400.62    4    2
(advertise)    43    23442.75    11    23
(advertise)    43    23466.96    40    23
(relay)    30    21    23489.77    23    23428.65    2    1
(advertise)    43    23490.97    21    23
(relay)    30    30    23500.79    23    23500.32    4    1
(advertise)    43    23513.39    30    23
(generate)    43    23520.0    [1, 6, 7, 19]    23
(relay)    30    23    23543.81    23    23475.28    1    1
(relay)    45    44    23558.21    23    23525.35    1    1
(relay)    45    3    23580.21    23    23562.56    1    1
(relay)    6    6    23596.21    23    23595.74    5    1
(advertise)    43    23596.41    6    23
(relay)    45    7    23603.42    23    23575.42    2    1
(advertise)    43    23620.82    7    23
(relay)    5    27    23636.84    23    23634.43    1    1
(relay)    45    25    23692.04    23    23689.41    1    1
(relay)    45    17    23714.44    23    23694.94    2    1
(advertise)    43    23714.64    17    23
(relay)    45    2    23808.65    23    23806.58    4    1
(advertise)    43    23808.85    2    23
(relay)    45    13    23830.66    23    23824.46    3    1
(advertise)    43    23830.86    13    23
(relay)    30    0    23853.88    23    23823.0    2    1
(advertise)    43    23854.28    0    23
(relay)    45    15    23863.69    23    23861.49    2    1
(advertise)    43    23876.49    15    23
(relay)    6    36    23999.3    23    23998.07    3    1
(advertise)    43    23999.5    36    23
(relay)    45    47    24022.12    25    24017.62    4    1
(advertise)    43    24022.72    47    25
(relay)    45    9    24061.13    24    24057.49    2    1
(advertise)    43    24061.33    9    24
(relay)    45    4    24096.94    24    24095.56    2    1
(advertise)    43    24097.14    4    24
(relay)    30    32    24123.15    24    24104.46    2    1
(advertise)    43    24123.35    32    24
(relay)    5    1    24145.77    24    24107.56    1    1
(relay)    45    19    24150.57    24    24145.44    1    1
(relay)    6    38    24158.57    24    24156.33    4    1
(advertise)    43    24158.77    38    24
(relay)    45    45    24160.18    24    24159.21    4    1
(advertise)    43    24179.78    45    24
(relay)    6    35    24207.19    24    24206.07    2    1
(advertise)    43    24207.39    35    24
(relay)    45    12    24256.21    24    24250.42    2    1
(advertise)    43    24256.41    12    24
(relay)    45    46    24321.82    24    24320.51    4    1
(advertise)    43    24322.02    46    24
(relay)    5    5    24351.23    24    24350.18    4    1
(advertise)    43    24351.43    5    24
(relay)    5    37    24364.45    24    24364.01    3    1
(advertise)    43    24372.45    37    24
(relay)    30    40    24402.46    24    24400.65    4    1
(advertise)    43    24402.66    40    24
(relay)    28    28    24407.27    24    24406.62    4    1
(relay)    45    41    24416.07    24    24356.4    4    2
(advertise)    43    24424.67    28    24
(relay)    45    14    24438.48    24    24369.94    1    2
(advertise)    43    24446.28    41    24
(relay)    30    20    24470.5    24    24416.22    1    1
(relay)    5    29    24492.7    24    24490.67    2    1
(advertise)    43    24492.9    29    24
(relay)    30    30    24500.91    24    24500.44    4    1
(relay)    45    11    24505.91    24    24405.62    1    2
(advertise)    43    24514.91    30    24
(generate)    43    24520.12    [1, 6, 7, 19]    24
(relay)    30    23    24543.94    24    24475.47    1    1
(relay)    45    44    24573.94    24    24525.45    1    1
(relay)    30    22    24586.54    24    24508.13    1    1
(relay)    6    6    24596.34    24    24595.78    5    1
(advertise)    43    24596.54    6    24
(relay)    45    3    24621.55    24    24562.66    1    1
(relay)    45    7    24643.75    24    24575.51    2    1
(advertise)    43    24643.95    7    24
(relay)    5    27    24652.56    24    24634.47    1    1
(heartbeat)    31    6    24674.27    43    24676.36    3    4
(advertise)    43    24676.56    31    6
(relay)    45    25    24700.58    24    24689.53    1    1
(relay)    45    17    24722.18    24    24695.04    2    1
(advertise)    43    24722.38    17    24
(relay)    45    13    24825.39    24    24824.56    2    1
(advertise)    43    24825.59    13    24
(relay)    45    42    24850.2    24    24830.31    2    1
(advertise)    43    24850.4    42    24
(relay)    45    15    24872.81    24    24861.61    2    1
(advertise)    43    24873.41    15    24
(relay)    6    36    24998.43    24    24998.2    3    1
(advertise)    43    24998.63    36    24
(relay)    45    47    25020.04    26    25017.72    4    1
(advertise)    43    25020.44    47    26
(relay)    30    33    25043.85    26    25010.92    1    1
(relay)    45    9    25061.25    25    25057.59    2    1
(advertise)    43    25061.45    9    25
(relay)    45    4    25097.07    25    25095.66    2    1
(advertise)    43    25097.27    4    25
(relay)    45    19    25151.68    25    25145.63    1    1
(relay)    45    45    25160.48    25    25159.37    4    1
(advertise)    43    25160.68    45    25
(relay)    28    1    25200.69    25    25107.56    1    1
(relay)    6    35    25207.69    25    25206.17    2    1
(advertise)    43    25207.89    35    25
(relay)    45    12    25255.31    25    25250.56    2    1
(advertise)    43    25255.51    12    25
(relay)    45    46    25322.32    25    25320.62    4    1
(advertise)    43    25322.52    46    25
(relay)    45    34    25350.93    25    25349.81    2    1
(advertise)    43    25351.13    34    25
(relay)    30    5    25352.74    25    25350.3    3    1
(relay)    5    37    25364.54    25    25364.14    3    2
(advertise)    43    25372.34    5    25
(advertise)    43    25394.56    37    25
(relay)    30    40    25401.97    25    25400.67    4    1
(relay)    28    28    25407.37    25    25406.75    4    2
(advertise)    43    25415.77    40    25
(advertise)    43    25436.78    28    25
(relay)    45    11    25461.4    25    25405.76    2    1
(advertise)    43    25462.4    11    25
(relay)    30    29    25492.21    25    25490.69    2    1
(advertise)    43    25492.41    29    25
(relay)    30    30    25501.02    25    25500.54    4    1
(relay)    30    21    25515.02    25    25430.12    1    2
(advertise)    43    25515.82    30    25
(generate)    43    25520.24    [1, 6, 7, 19]    25
(relay)    45    3    25565.25    25    25562.75    1    1
(relay)    28    22    25582.85    25    25508.14    1    1
(relay)    45    44    25586.45    25    25526.75    1    1
(relay)    6    6    25596.85    25    25595.79    5    1
(advertise)    43    25597.05    6    25
(relay)    45    7    25608.86    25    25575.62    2    1
(advertise)    43    25620.06    7    25
(relay)    45    25    25693.07    25    25689.62    1    1
(relay)    30    48    25762.47    25    25759.18    1    1
(relay)    45    2    25807.07    25    25806.68    4    1
(advertise)    43    25807.27    2    25
(relay)    28    0    25829.09    25    25823.28    2    1
(advertise)    43    25829.89    0    25
(relay)    45    42    25855.7    25    25830.37    2    1
(advertise)    43    25855.9    42    25
(relay)    45    15    25880.91    25    25861.71    2    1
(advertise)    43    25881.31    15    25
(relay)    28    36    25998.53    25    25998.28    3    1
(advertise)    43    25998.73    36    25
(relay)    45    47    26021.14    27    26017.82    4    1
(advertise)    43    26021.34    47    27
(relay)    45    9    26061.35    26    26057.65    2    1
(advertise)    43    26061.55    9    26
(relay)    45    4    26097.37    26    26095.74    2    1
(advertise)    43    26097.57    4    26
(relay)    45    19    26151.78    26    26145.78    1    1
(relay)    6    38    26157.78    26    26156.58    4    1
(advertise)    43    26157.98    38    26
(relay)    45    45    26160.59    26    26159.51    4    1
(relay)    5    1    26178.39    26    26107.62    1    2
(advertise)    43    26179.59    45    26
(relay)    6    35    26209.0    26    26206.26    2    1
(advertise)    43    26209.2    35    26
(relay)    45    12    26253.82    26    26250.71    2    1
(advertise)    43    26254.02    12    26
(relay)    30    39    26255.23    26    26253.79    4    1
(advertise)    43    26276.03    39    26
(relay)    45    46    26323.04    26    26320.74    4    1
(advertise)    43    26323.24    46    26
(relay)    45    34    26350.26    26    26349.96    2    1
(advertise)    43    26350.46    34    26
(relay)    5    37    26365.07    26    26364.2    3    1
(advertise)    43    26372.27    37    26
(relay)    45    41    26395.48    26    26356.44    4    1
(advertise)    43    26396.28    41    26
(relay)    28    28    26407.9    26    26406.83    4    1
(advertise)    43    26417.7    28    26
(relay)    30    40    26419.11    26    26400.87    4    1
(advertise)    43    26440.71    40    26
(relay)    45    11    26442.32    26    26405.88    3    1
(advertise)    43    26462.52    11    26
(relay)    30    29    26491.93    26    26490.74    2    1
(advertise)    43    26492.13    29    26
(relay)    30    30    26501.75    26    26500.65    4    1
(relay)    30    21    26514.55    26    26430.28    2    2
(advertise)    43    26515.55    30    26
(generate)    43    26520.36    [1, 6, 7, 19]    26
(advertise)    43    26536.57    21    26
(relay)    45    44    26562.19    26    26526.82    1    1
(relay)    30    23    26568.39    26    26475.47    1    1
(relay)    45    3    26586.39    26    26563.87    1    1
(relay)    6    6    26596.79    26    26595.84    5    1
(advertise)    43    26596.99    6    26
(relay)    45    7    26608.4    26    26575.71    1    1
(relay)    30    22    26620.2    26    26508.3    1    1
(relay)    45    25    26693.2    26    26689.72    1    1
(relay)    5    27    26700.2    26    26634.53    1    1
(relay)    45    17    26716.2    26    26695.25    3    1
(advertise)    43    26716.4    17    26
(relay)    30    48    26762.61    26    26759.28    1    1
(relay)    45    2    26807.21    26    26806.77    4    1
(advertise)    43    26807.41    2    26
(relay)    30    0    26829.43    26    26823.41    2    1
(advertise)    43    26829.63    0    26
(relay)    45    13    26831.64    26    26824.73    3    1
(advertise)    43    26852.64    13    26
(relay)    45    42    26860.25    26    26830.47    2    1
(advertise)    43    26875.65    42    26
(relay)    45    15    26882.66    26    26861.8    2    1
(advertise)    43    26897.26    15    26
(relay)    5    36    26999.48    26    26998.38    3    1
(advertise)    43    26999.68    36    26
(relay)    45    47    27022.09    28    27017.93    4    1
(advertise)    43    27022.49    47    28
(relay)    5    33    27046.7    28    27011.21    2    1
(advertise)    43    27047.5    33    28
(relay)    45    4    27099.32    27    27095.81    2    1
(advertise)    43    27099.52    4    27
(relay)    30    32    27121.13    27    27104.67    2    1
(advertise)    43    27122.33    32    27
(relay)    45    19    27150.94    27    27145.93    1    1
(relay)    30    38    27157.94    27    27156.62    4    1
(advertise)    43    27158.14    38    27
(relay)    45    45    27159.76    27    27159.65    4    1
(advertise)    43    27180.96    45    27
(relay)    30    35    27207.57    27    27206.36    3    1
(advertise)    43    27208.17    35    27
(relay)    45    12    27251.98    27    27250.83    2    1
(advertise)    43    27252.18    12    27
(relay)    30    8    27309.99    27    27306.39    1    1
(relay)    45    46    27323.19    27    27320.84    4    1
(advertise)    43    27323.39    46    27
(relay)    45    34    27350.41    27    27350.11    2    1
(advertise)    43    27350.61    34    27
(relay)    6    5    27351.82    27    27350.55    2    1
(relay)    5    37    27365.22    27    27364.34    3    2
(advertise)    43    27371.82    5    27
(relay)    45    41    27374.83    27    27356.45    4    2
(advertise)    43    27393.23    37    27
(relay)    6    40    27403.45    27    27400.93    4    2
(relay)    28    28    27408.05    27    27407.01    4    3
(advertise)    43    27414.85    41    27
(relay)    45    11    27421.06    27    27406.04    3    3
(advertise)    43    27435.86    40    27
(advertise)    43    27459.07    28    27
(relay)    5    20    27468.69    27    27416.56    1    2
(advertise)    43    27483.09    11    27
(relay)    30    30    27501.9    27    27500.83    4    1
(advertise)    43    27504.1    30    27
(relay)    6    29    27509.31    27    27490.77    1    1
(generate)    43    27520.51    [1, 6, 7, 19]    27
(relay)    30    21    27533.32    27    27430.36    1    1
(relay)    45    44    27552.92    27    27526.89    2    1
(advertise)    43    27553.12    44    27
(relay)    45    3    27575.54    27    27563.97    1    1
(relay)    30    23    27577.94    27    27475.49    1    1
(relay)    6    6    27596.94    27    27595.93    5    1
(advertise)    43    27597.14    6    27
(relay)    30    22    27620.95    27    27508.49    1    1
(relay)    30    27    27667.35    27    27634.73    1    1
(relay)    45    25    27692.35    27    27689.82    1    1
(relay)    45    17    27713.35    27    27695.38    3    1
(advertise)    43    27713.55    17    27
(relay)    45    2    27807.16    27    27806.82    4    1
(advertise)    43    27807.36    2    27
(relay)    30    0    27830.38    27    27823.52    2    1
(advertise)    43    27830.98    0    27
(relay)    45    15    27865.39    27    27861.87    2    1
(advertise)    43    27865.59    15    27
(relay)    30    36    27999.4    27    27998.52    3    1
(advertise)    43    27999.6    36    27
(relay)    45    47    28022.02    29    28018.0    4    1
(advertise)    43    28022.42    47    29
(relay)    30    33    28023.63    29    28011.32    1    1
(relay)    45    9    28059.23    28    28057.81    2    1
(advertise)    43    28059.43    9    28
(relay)    45    4    28099.44    28    28095.9    2    1
(advertise)    43    28099.64    4    28
(relay)    5    1    28146.65    28    28107.68    1    1
(relay)    45    19    28148.45    28    28146.08    1    1
(relay)    6    38    28157.05    28    28156.64    4    1
(advertise)    43    28157.25    38    28
(relay)    45    45    28159.87    28    28159.8    4    1
(advertise)    43    28181.87    45    28
(relay)    6    35    28209.48    28    28206.45    2    1
(advertise)    43    28209.88    35    28
(relay)    45    12    28252.09    28    28250.96    2    1
(advertise)    43    28252.29    12    28
(relay)    28    39    28254.11    28    28253.88    4    1
(advertise)    43    28273.51    39    28
(relay)    28    8    28311.52    28    28306.41    1    1
(relay)    45    46    28323.12    28    28320.92    4    1
(advertise)    43    28323.32    46    28
(relay)    45    34    28350.53    28    28350.25    2    1
(advertise)    43    28350.93    34    28
(relay)    30    5    28353.75    28    28350.71    3    1
(relay)    5    37    28365.95    28    28364.48    3    2
(advertise)    43    28374.15    5    28
(advertise)    43    28395.96    37    28
(relay)    5    40    28403.17    28    28400.96    4    1
(relay)    28    28    28408.17    28    28407.17    4    2
(advertise)    43    28419.17    40    28
(advertise)    43    28441.18    28    28
(relay)    5    21    28473.8    28    28430.47    2    1
(advertise)    43    28474.0    21    28
(relay)    30    29    28495.61    28    28490.82    2    1
(advertise)    43    28497.01    29    28
(relay)    30    30    28502.02    28    28501.0    4    1
(advertise)    43    28518.62    30    28
(generate)    43    28520.64    [1, 6, 7, 19]    28
(relay)    28    23    28560.05    28    28476.49    1    1
(relay)    45    3    28568.45    28    28564.04    1    1
(relay)    5    22    28587.05    28    28508.49    1    1
(relay)    45    7    28590.45    28    28575.88    1    1
(relay)    6    6    28596.05    28    28595.96    5    1
(advertise)    43    28596.45    6    28
(heartbeat)    31    7    28674.28    43    28677.26    3    4
(advertise)    43    28677.46    31    7
(relay)    45    25    28699.48    28    28689.9    1    1
(relay)    45    17    28722.08    28    28695.48    1    1
(relay)    45    2    28808.28    28    28806.89    4    1
(advertise)    43    28808.48    2    28
(relay)    45    13    28831.89    28    28824.9    3    1
(advertise)    43    28832.49    13    28
(relay)    5    0    28833.9    28    28823.64    2    1
(advertise)    43    28855.5    0    28
(relay)    45    42    28858.51    28    28830.63    1    1
(relay)    45    15    28880.31    28    28861.97    1    1
(relay)    45    47    29020.31    30    29018.08    4    1
(advertise)    43    29020.51    47    30
(relay)    28    33    29044.13    30    29011.46    2    1
(advertise)    43    29044.53    33    30
(relay)    45    9    29059.34    29    29057.9    2    1
(advertise)    43    29068.54    9    29
(relay)    45    4    29100.15    29    29095.99    2    1
(advertise)    43    29100.35    4    29
(relay)    5    1    29146.37    29    29107.73    1    1
(relay)    45    19    29148.37    29    29146.22    1    1
(relay)    6    38    29157.57    29    29156.68    4    1
(advertise)    43    29157.77    38    29
(relay)    45    45    29159.98    29    29159.94    4    1
(advertise)    43    29179.78    45    29
(relay)    6    35    29210.39    29    29206.58    2    1
(advertise)    43    29210.59    35    29
(relay)    45    12    29253.01    29    29251.08    2    1
(advertise)    43    29253.21    12    29
(relay)    5    39    29254.62    29    29253.93    4    1
(advertise)    43    29275.42    39    29
(relay)    5    8    29318.23    29    29306.6    1    1
(relay)    45    46    29321.43    29    29320.99    4    1
(advertise)    43    29321.63    46    29
(relay)    5    5    29351.44    29    29350.85    4    1
(advertise)    43    29351.64    5    29
(relay)    5    37    29367.26    29    29365.21    3    1
(advertise)    43    29373.66    37    29
(relay)    45    41    29398.87    29    29356.66    3    1
(advertise)    43    29399.07    41    29
(relay)    28    28    29407.48    29    29407.31    4    1
(relay)    45    14    29419.28    29    29370.45    1    2
(relay)    6    40    29421.48    29    29401.03    4    3
(advertise)    43    29422.48    28    29
(advertise)    43    29445.1    40    29
(relay)    30    23    29481.51    29    29476.49    1    1
(relay)    30    30    29501.31    29    29501.15    4    1
(advertise)    43    29501.51    30    29
(generate)    43    29520.72    [1, 6, 7, 19]    29
(relay)    6    29    29523.54    29    29490.86    1    1
(relay)    30    22    29549.74    29    29508.68    1    1
(relay)    45    44    29556.94    29    29527.25    2    1
(advertise)    43    29557.14    44    29
(relay)    45    3    29579.15    29    29564.16    1    1
(relay)    6    6    29596.15    29    29596.02    5    1
(advertise)    43    29596.35    6    29
(relay)    5    27    29644.16    29    29634.81    1    1
(relay)    45    25    29690.56    29    29690.0    1    1
(relay)    45    17    29715.36    29    29695.6    2    1
(advertise)    43    29715.56    17    29
(relay)    45    2    29808.37    29    29806.95    4    1
(advertise)    43    29808.57    2    29
(relay)    45    13    29831.39    29    29824.99    3    1
(advertise)    43    29831.99    13    29
(relay)    28    0    29835.0    29    29823.77    1    1
(relay)    45    15    29876.6    29    29862.07    1    1
