(relay)    2    47    38.6    1    15    126    1
(advertise)    45    38.8    47    1
(relay)    43    33    41.41    1    7    122    1
(advertise)    45    61.81    33    1
(relay)    47    33    1011.63    2    1007.03    119    1
(advertise)    45    1011.83    33    2
(relay)    47    47    1016.04    2    1015.04    127    1
(advertise)    45    1033.04    47    2
(relay)    47    9    1057.45    1    1055.05    125    1
(advertise)    45    1057.65    9    1
(relay)    34    24    1085.67    1    1035.85    123    1
(advertise)    45    1085.87    24    1
(relay)    34    4    1107.28    1    1093.08    124    1
(advertise)    45    1108.88    4    1
(relay)    46    16    1129.49    1    1099.08    122    1
(advertise)    45    1131.89    16    1
(relay)    43    32    1133.3    1    1102.08    124    1
(relay)    34    19    1153.3    1    1142.1    124    2
(advertise)    45    1153.9    32    1
(generate)    45    1155.12    [1, 6, 7, 19]    1
(advertise)    45    1176.13    19    1
(relay)    34    10    1218.34    1    1098.08    122    1
(advertise)    45    1218.54    10    1
(relay)    34    1    1239.76    1    1105.07    120    1
(relay)    43    38    1240.16    1    1154.1    125    2
(advertise)    45    1241.36    1    1
(relay)    34    12    1262.97    1    1247.17    124    2
(advertise)    45    1264.77    38    1
(relay)    43    35    1284.18    1    1203.13    125    2
(advertise)    45    1286.58    12    1
(advertise)    45    1307.6    35    1
(relay)    46    46    1318.61    1    1318.01    127    1
(relay)    43    39    1329.21    1    1252.16    125    2
(advertise)    45    1329.61    46    1
(relay)    34    34    1346.62    1    1346.02    127    2
(advertise)    45    1350.82    39    1
(advertise)    45    1372.83    34    1
(relay)    46    41    1375.45    1    1354.02    126    1
(advertise)    45    1395.05    41    1
(relay)    34    14    1424.46    1    1367.03    124    1
(advertise)    45    1424.66    14    1
(relay)    43    28    1442.07    1    1403.06    126    1
(advertise)    45    1445.87    28    1
(relay)    43    37    1464.49    1    1361.02    124    1
(advertise)    45    1467.89    37    1
(relay)    34    5    1490.1    1    1347.02    119    1
(advertise)    45    1490.7    5    1
(relay)    43    40    1508.51    1    1399.05    125    1
(advertise)    45    1513.71    40    1
(relay)    43    43    1517.73    1    1517.13    127    1
(advertise)    45    1534.73    43    1
(relay)    43    30    1552.54    1    1497.11    126    1
(advertise)    45    1557.34    30    1
(relay)    47    21    1560.55    1    1425.07    118    1
(relay)    43    29    1573.55    1    1488.1    125    2
(advertise)    45    1580.35    21    1
(relay)    34    3    1601.16    1    1559.14    126    2
(advertise)    45    1603.16    29    1
(relay)    46    7    1606.18    1    1570.15    125    2
(advertise)    45    1624.38    3    1
(advertise)    45    1646.19    7    1
(relay)    34    44    1647.4    1    1520.33    124    1
(relay)    43    6    1667.6    1    1594.16    125    2
(advertise)    45    1670.2    44    1
(relay)    43    20    1689.62    1    1413.06    122    2
(advertise)    45    1692.22    6    1
(relay)    34    23    1715.23    1    1473.1    121    2
(advertise)    45    1715.63    20    1
(advertise)    45    1738.44    23    1
(relay)    43    27    1754.66    1    1633.19    124    1
(advertise)    45    1759.86    27    1
(relay)    47    17    1761.07    1    1692.03    124    1
(relay)    43    26    1778.27    1    1520.13    122    2
(advertise)    45    1782.47    17    1
(advertise)    45    1803.68    26    1
(relay)    2    2    1806.09    1    1805.07    127    1
(relay)    43    22    1823.09    1    1505.11    121    2
(advertise)    45    1825.29    2    1
(relay)    2    25    1830.51    1    1687.02    122    2
(advertise)    45    1846.51    22    1
(relay)    34    13    1850.72    1    1822.09    125    2
(advertise)    45    1867.52    25    1
(relay)    43    18    1868.93    1    1697.03    122    2
(advertise)    45    1888.73    13    1
(relay)    34    15    1894.35    1    1859.12    126    2
(advertise)    45    1911.55    18    1
(relay)    43    0    1914.56    1    1819.11    123    2
(advertise)    45    1934.76    15    1
(advertise)    45    1955.77    0    1
(relay)    34    42    1960.39    1    1828.11    124    1
(advertise)    45    1977.99    42    1
(relay)    47    47    2015.2    3    2015.2    127    1
(advertise)    45    2015.4    47    3
(relay)    43    36    2022.61    1    1995.19    125    1
(advertise)    45    2037.41    36    1
(relay)    46    9    2062.02    2    2055.22    125    1
(advertise)    45    2062.42    9    2
(relay)    43    10    2109.64    2    2098.26    123    1
(advertise)    45    2109.84    10    2
(relay)    43    32    2131.45    2    2102.28    123    1
(advertise)    45    2132.25    32    2
(relay)    43    1    2152.46    2    2105.25    122    1
(advertise)    45    2154.66    1    2
(generate)    45    2155.88    [1, 6, 7, 19]    2
(relay)    46    4    2181.49    2    2093.25    123    1
(advertise)    45    2181.69    4    2
(relay)    43    38    2196.9    2    2155.29    125    1
(advertise)    45    2203.3    38    2
(relay)    43    35    2241.72    2    2203.32    124    1
(advertise)    45    2241.92    35    2
(relay)    43    19    2263.93    2    2142.28    121    1
(advertise)    45    2264.93    19    2
(relay)    43    39    2285.74    2    2252.34    125    1
(advertise)    45    2288.94    39    2
(relay)    46    46    2318.75    2    2318.15    127    1
(advertise)    45    2318.95    46    2
(relay)    34    12    2343.37    2    2247.34    122    1
(advertise)    45    2343.77    12    2
(relay)    34    34    2347.18    2    2346.17    127    1
(advertise)    45    2364.78    34    2
(relay)    46    41    2366.59    2    2354.14    126    1
(relay)    43    5    2374.59    2    2347.21    126    2
(advertise)    45    2386.39    41    2
(relay)    43    8    2397.01    2    2302.38    123    2
(advertise)    45    2408.01    5    2
(advertise)    45    2432.62    8    2
(relay)    34    11    2455.43    2    2402.23    124    1
(advertise)    45    2456.03    11    2
(relay)    43    37    2464.44    2    2361.21    125    1
(relay)    34    14    2475.84    2    2367.22    124    2
(advertise)    45    2478.44    37    2
(relay)    43    28    2486.86    2    2403.25    126    2
(advertise)    45    2500.26    14    2
(relay)    43    40    2508.47    2    2399.23    125    2
(relay)    43    43    2517.87    2    2517.31    127    3
(relay)    34    20    2519.87    2    2413.25    122    4
(advertise)    45    2522.67    28    2
(advertise)    45    2543.68    40    2
(relay)    43    30    2552.3    2    2497.3    126    3
(advertise)    45    2564.7    43    2
(relay)    34    3    2586.11    2    2559.28    126    3
(advertise)    45    2587.51    20    2
(relay)    47    44    2593.92    2    2520.5    122    3
(relay)    43    29    2595.72    2    2488.3    125    4
(advertise)    45    2608.92    30    2
(relay)    34    7    2630.74    2    2570.3    126    4
(advertise)    45    2632.14    3    2
(advertise)    45    2655.35    44    2
(relay)    43    21    2662.56    2    2425.27    123    3
(relay)    34    26    2674.16    2    2520.31    122    4
(advertise)    45    2678.96    29    2
(advertise)    45    2700.97    7    2
(relay)    43    23    2706.99    2    2473.3    123    3
(relay)    34    25    2719.19    2    2687.16    126    4
(advertise)    45    2723.99    21    2
(relay)    34    17    2740.4    2    2692.17    126    4
(advertise)    45    2746.0    26    2
(relay)    43    27    2751.81    2    2633.37    123    4
(relay)    34    22    2763.41    2    2505.3    121    5
(advertise)    45    2769.01    23    2
(advertise)    45    2790.43    25    2
(relay)    2    2    2806.24    2    2805.21    127    4
(advertise)    45    2811.64    17    2
(advertise)    45    2834.45    27    2
(relay)    34    13    2850.27    2    2822.24    125    3
(advertise)    45    2856.47    22    2
(advertise)    45    2877.68    2    2
(relay)    34    15    2895.09    2    2859.27    126    2
(advertise)    45    2901.09    13    2
(advertise)    45    2923.5    15    2
(relay)    34    48    2950.52    2    2756.25    123    1
(advertise)    45    2950.72    48    2
(relay)    43    0    2999.73    2    2819.29    122    1
(advertise)    45    2999.93    0    2
(relay)    47    47    3015.34    4    3015.34    127    1
(relay)    43    36    3022.34    2    2995.38    125    2
(advertise)    45    3022.54    47    4
(advertise)    45    3043.96    36    2
(relay)    43    42    3064.17    2    2828.28    119    1
(advertise)    45    3065.37    42    2
(relay)    43    33    3086.18    4    3007.41    123    1
(advertise)    45    3089.18    33    4
(relay)    46    9    3090.4    3    3055.36    125    1
(relay)    43    24    3107.0    3    3036.22    121    2
(advertise)    45    3111.2    9    3
(advertise)    45    3132.41    24    3
(relay)    2    6    3138.22    2    2594.35    113    1
(relay)    43    32    3152.62    3    3102.46    124    2
(advertise)    45    3153.82    6    2
(generate)    45    3156.03    [1, 6, 7, 19]    3
(advertise)    45    3177.25    32    3
(relay)    43    10    3196.26    3    3098.45    123    1
(advertise)    45    3199.46    10    3
(relay)    43    38    3218.47    3    3155.46    125    1
(advertise)    45    3222.87    38    3
(relay)    43    16    3239.69    3    3099.45    120    1
(relay)    47    4    3245.09    3    3093.45    123    2
(advertise)    45    3245.89    16    3
(relay)    43    35    3263.3    3    3203.5    125    2
(advertise)    45    3267.5    4    3
(relay)    43    1    3284.51    3    3105.45    122    2
(advertise)    45    3289.11    35    3
(relay)    47    19    3310.13    3    3142.47    123    2
(advertise)    45    3311.73    1    3
(relay)    46    46    3318.94    3    3318.33    127    2
(relay)    43    39    3329.54    3    3252.53    125    3
(advertise)    45    3333.54    19    3
(relay)    34    34    3347.35    3    3346.33    127    3
(advertise)    45    3355.55    46    3
(relay)    46    41    3356.76    3    3354.3    126    3
(relay)    34    12    3374.76    3    3247.53    124    4
(advertise)    45    3378.36    39    3
(relay)    43    5    3395.38    3    3347.39    126    4
(advertise)    45    3400.18    34    3
(advertise)    45    3421.99    41    3
(relay)    43    37    3439.2    3    3361.39    125    3
(advertise)    45    3445.2    12    3
(relay)    34    11    3465.42    3    3402.43    125    3
(advertise)    45    3466.62    5    3
(relay)    43    28    3481.83    3    3403.43    126    3
(advertise)    45    3487.83    37    3
(relay)    43    40    3504.24    3    3399.4    125    3
(advertise)    45    3509.04    11    3
(relay)    43    43    3518.46    3    3517.49    127    3
(advertise)    45    3531.66    28    3
(advertise)    45    3553.67    40    3
(relay)    34    3    3560.28    3    3559.44    126    2
(relay)    43    8    3569.88    3    3302.56    123    3
(advertise)    45    3575.08    43    3
(relay)    47    14    3578.29    3    3367.42    123    3
(relay)    34    7    3584.49    3    3570.46    126    4
(relay)    43    30    3592.49    3    3497.48    126    5
(advertise)    45    3596.89    3    3
(relay)    43    29    3616.11    3    3488.49    125    5
(advertise)    45    3618.51    8    3
(relay)    34    20    3628.92    3    3413.44    122    5
(advertise)    45    3639.52    14    3
(relay)    43    21    3660.73    3    3425.46    123    5
(advertise)    45    3661.53    7    3
(relay)    43    6    3682.35    3    3594.53    126    5
(advertise)    45    3684.15    30    3
(advertise)    45    3706.16    29    3
(advertise)    45    3728.57    20    3
(relay)    34    25    3734.59    3    3687.32    126    3
(advertise)    45    3749.59    21    3
(relay)    34    17    3756.6    3    3692.35    126    3
(advertise)    45    3771.4    6    3
(relay)    43    23    3790.01    3    3473.49    123    3
(advertise)    45    3793.41    25    3
(relay)    2    2    3806.42    3    3805.39    127    3
(relay)    43    22    3812.42    3    3505.49    123    4
(advertise)    45    3814.62    17    3
(relay)    34    26    3822.04    3    3520.51    123    4
(relay)    43    27    3833.24    3    3633.56    124    5
(advertise)    45    3836.44    23    3
(advertise)    45    3858.05    2    3
(advertise)    45    3880.46    22    3
(advertise)    45    3902.88    26    3
(relay)    47    13    3908.89    3    3822.41    126    2
(advertise)    45    3924.49    27    3
(relay)    43    44    3945.3    3    3520.68    120    2
(advertise)    45    3946.1    13    3
(relay)    34    15    3956.52    3    3859.41    126    2
(advertise)    45    3968.12    44    3
(relay)    43    18    3989.93    3    3697.41    122    2
(advertise)    45    3990.13    15    3
(advertise)    45    4012.54    18    3
(relay)    47    47    4015.55    5    4015.53    127    1
(relay)    46    42    4020.95    3    3828.46    123    2
(advertise)    45    4033.95    47    5
(relay)    34    48    4044.37    3    3756.45    123    2
(advertise)    45    4054.97    42    3
(advertise)    45    4079.18    48    3
(relay)    43    36    4100.39    3    3995.57    125    1
(advertise)    45    4101.79    36    3
(relay)    34    0    4107.81    3    3819.49    119    1
(advertise)    45    4124.21    0    3
(relay)    43    33    4146.02    5    4007.61    123    1
(advertise)    45    4146.62    33    5
(relay)    34    24    4151.63    4    4036.42    122    1
(relay)    46    9    4153.63    4    4055.54    125    2
(generate)    45    4156.23    [1, 6, 7, 19]    4
(advertise)    45    4167.65    24    4
(relay)    43    38    4189.46    4    4155.66    125    2
(advertise)    45    4190.26    9    4
(advertise)    45    4211.87    38    4
(relay)    34    4    4218.08    4    4093.65    123    1
(advertise)    45    4234.08    4    4
(relay)    43    32    4237.5    4    4102.66    124    1
(advertise)    45    4255.1    32    4
(relay)    34    16    4263.11    4    4099.65    123    1
(advertise)    45    4277.71    16    4
(relay)    43    35    4305.72    4    4203.7    125    1
(advertise)    45    4305.92    35    4
(relay)    47    19    4313.14    4    4142.68    123    1
(relay)    46    46    4319.14    4    4318.52    127    2
(relay)    43    1    4328.34    4    4105.65    122    3
(advertise)    45    4329.74    19    4
(relay)    34    34    4347.55    4    4346.52    127    3
(advertise)    45    4350.75    46    4
(relay)    43    39    4370.96    4    4252.71    125    3
(advertise)    45    4374.36    1    4
(advertise)    45    4396.58    34    4
(relay)    43    5    4416.39    4    4347.59    126    2
(advertise)    45    4419.59    39    4
(relay)    34    41    4422.2    4    4354.5    124    2
(advertise)    45    4441.8    5    4
(relay)    43    10    4462.21    4    4098.65    122    2
(advertise)    45    4464.21    41    4
(advertise)    45    4486.83    10    4
(relay)    34    11    4489.64    4    4402.63    125    1
(relay)    43    28    4504.84    4    4404.03    126    2
(advertise)    45    4509.84    11    4
(relay)    43    43    4518.65    4    4517.69    127    2
(relay)    43    37    4528.25    4    4361.59    125    3
(advertise)    45    4533.05    28    4
(relay)    46    14    4536.47    4    4367.61    123    3
(relay)    43    40    4551.47    4    4399.41    125    4
(advertise)    45    4555.27    43    4
(advertise)    45    4577.48    37    4
(relay)    34    8    4580.09    4    4302.76    122    3
(relay)    43    30    4594.49    4    4497.68    126    4
(advertise)    45    4599.49    14    4
(advertise)    45    4620.71    40    4
(relay)    46    7    4625.52    4    4570.65    125    3
(advertise)    45    4641.72    8    4
(relay)    43    29    4658.73    4    4488.69    125    3
(advertise)    45    4664.13    30    4
(relay)    46    3    4670.34    4    4559.64    124    3
(relay)    43    6    4680.54    4    4594.73    126    4
(advertise)    45    4686.34    7    4
(relay)    34    20    4688.56    4    4413.64    123    4
(advertise)    45    4709.76    29    4
(relay)    43    21    4725.17    4    4425.65    123    4
(advertise)    45    4730.77    3    4
(heartbeat)    31    1    4674.2    45    4734.58    127    0
(relay)    43    12    4746.98    4    4247.94    119    5
(advertise)    45    4753.18    6    4
(relay)    34    17    4756.4    4    4692.54    126    5
(advertise)    45    4774.4    20    4
(relay)    34    44    4779.81    4    4521.89    124    5
(advertise)    45    4797.61    21    4
(advertise)    45    4819.42    31    1
(relay)    43    23    4833.84    4    4473.69    123    4
(advertise)    45    4842.64    12    4
(advertise)    45    4864.05    17    4
(relay)    34    22    4867.66    4    4505.51    122    3
(relay)    47    2    4870.06    4    4805.57    126    4
(advertise)    45    4885.26    44    4
(relay)    46    13    4897.27    4    4822.61    4    4
(advertise)    45    4908.87    23    4
(relay)    43    18    4921.89    4    4697.61    122    4
(advertise)    45    4930.29    22    4
(advertise)    45    4953.7    2    4
(relay)    34    26    4956.31    4    4520.71    121    3
(advertise)    45    4976.11    13    4
(advertise)    45    4999.33    18    4
(relay)    47    15    5003.54    4    4859.61    2    2
(relay)    43    48    5012.54    4    4756.65    121    3
(relay)    47    47    5016.34    6    5015.73    5    4
(advertise)    45    5021.74    26    4
(relay)    43    36    5034.55    4    4995.77    2    4
(advertise)    45    5042.95    15    4
(advertise)    45    5066.37    48    4
(relay)    43    0    5078.78    4    4820.09    120    3
(relay)    34    42    5087.58    4    4828.66    123    4
(advertise)    45    5088.38    47    6
(relay)    47    9    5095.39    5    5055.74    3    4
(advertise)    45    5111.19    36    4
(advertise)    45    5134.0    0    4
(generate)    45    5156.42    [1, 6, 7, 19]    5
(advertise)    45    5158.23    42    4
(advertise)    45    5179.64    9    5
(relay)    47    4    5189.06    5    5093.84    3    1
(relay)    34    24    5197.26    5    5036.6    1    2
(advertise)    45    5201.86    4    5
(relay)    43    35    5225.27    5    5203.88    1    1
(relay)    34    16    5241.07    5    5099.84    2    1
(advertise)    45    5241.27    16    5
(relay)    47    19    5257.68    5    5142.88    2    1
(advertise)    45    5263.28    19    5
(relay)    2    12    5282.5    5    5248.13    1    1
(relay)    46    46    5319.7    5    5318.7    5    1
(advertise)    45    5319.9    46    5
(relay)    34    34    5346.71    5    5346.71    3    1
(advertise)    45    5347.11    34    5
(relay)    47    41    5354.92    5    5354.67    5    1
(advertise)    45    5369.12    41    5
(relay)    43    5    5370.53    5    5347.77    2    1
(advertise)    45    5392.73    5    5
(relay)    47    14    5394.35    5    5367.79    2    1
(relay)    34    11    5414.95    5    5402.81    3    2
(advertise)    45    5415.55    14    5
(advertise)    45    5437.56    11    5
(relay)    43    28    5458.17    5    5404.2    3    1
(advertise)    45    5458.97    28    5
(relay)    43    21    5502.39    5    5425.81    1    1
(relay)    43    43    5518.79    5    5517.84    5    1
(advertise)    45    5518.99    43    5
(relay)    43    30    5523.8    5    5497.88    3    1
(advertise)    45    5543.2    30    5
(relay)    34    44    5565.61    5    5522.03    3    1
(advertise)    45    5566.01    44    5
(relay)    46    7    5587.83    5    5570.79    2    1
(advertise)    45    5589.83    7    5
(relay)    43    6    5597.04    5    5594.83    4    1
(advertise)    45    5612.04    6    5
(relay)    34    26    5653.65    5    5520.86    1    1
(relay)    34    25    5689.85    5    5687.63    2    1
(advertise)    45    5690.05    25    5
(relay)    46    17    5696.26    5    5692.66    1    1
(relay)    34    48    5762.06    5    5756.7    1    1
(relay)    2    2    5805.66    5    5805.59    5    1
(advertise)    45    5805.86    2    5
(relay)    47    13    5828.08    5    5822.68    4    1
(advertise)    45    5828.88    13    5
(relay)    47    42    5855.09    5    5828.7    2    1
(advertise)    45    5855.49    42    5
(relay)    34    15    5876.7    5    5859.68    3    1
(advertise)    45    5876.9    15    5
(relay)    43    36    5997.12    5    5995.77    2    1
(advertise)    45    5997.32    36    5
(relay)    47    47    6016.53    7    6015.88    5    1
(advertise)    45    6018.33    47    7
(relay)    34    9    6057.54    6    6055.9    3    1
(advertise)    45    6057.74    9    6
(relay)    34    4    6104.96    6    6093.99    4    1
(advertise)    45    6105.16    4    6
(relay)    34    16    6131.17    6    6099.98    2    1
(advertise)    45    6131.37    16    6
(relay)    46    19    6154.58    6    6142.9    1    1
(generate)    45    6156.58    [1, 6, 7, 19]    6
(relay)    43    38    6178.39    6    6155.86    3    1
(advertise)    45    6178.59    38    6
(relay)    43    35    6219.81    6    6204.02    2    1
(advertise)    45    6220.01    35    6
(relay)    46    46    6319.82    6    6318.81    5    1
(advertise)    45    6320.02    46    6
(relay)    34    34    6347.03    6    6346.86    3    1
(advertise)    45    6347.23    34    6
(relay)    46    41    6355.05    6    6354.68    5    1
(relay)    43    37    6369.45    6    6361.87    2    2
(advertise)    45    6369.65    41    6
(advertise)    45    6390.66    37    6
(relay)    34    14    6395.47    6    6367.91    3    1
(relay)    43    28    6413.47    6    6404.32    3    2
(advertise)    45    6413.67    14    6
(relay)    34    11    6420.29    6    6402.98    3    2
(advertise)    45    6436.49    28    6
(relay)    43    40    6456.5    6    6399.58    3    2
(advertise)    45    6457.9    11    6
(relay)    34    20    6465.31    6    6413.91    1    2
(advertise)    45    6481.11    40    6
(relay)    43    30    6502.72    6    6498.02    3    1
(advertise)    45    6505.12    30    6
(relay)    43    43    6518.94    6    6517.95    5    1
(relay)    43    29    6524.34    6    6488.89    1    2
(advertise)    45    6527.54    43    6
(relay)    34    3    6574.95    6    6560.1    2    1
(advertise)    45    6575.15    3    6
(relay)    43    6    6597.16    6    6594.89    4    1
(advertise)    45    6597.36    6    6
(relay)    34    25    6688.98    6    6687.72    2    1
(advertise)    45    6689.18    25    6
(relay)    34    17    6710.19    6    6692.79    3    1
(advertise)    45    6710.79    17    6
(relay)    34    48    6762.8    6    6756.82    1    1
(relay)    2    2    6805.8    6    6805.62    5    1
(advertise)    45    6806.0    2    6
(relay)    46    13    6828.82    6    6822.8    4    1
(advertise)    45    6829.02    13    6
(relay)    34    15    6861.83    6    6859.76    3    1
(advertise)    45    6862.03    15    6
(relay)    43    36    6997.04    6    6995.83    2    1
(advertise)    45    6997.24    36    6
(relay)    47    47    7016.45    8    7015.96    5    1
(advertise)    45    7019.25    47    8
(relay)    2    9    7058.07    7    7056.0    2    1
(advertise)    45    7058.27    9    7
(relay)    34    4    7096.88    7    7094.09    4    1
(advertise)    45    7097.08    4    7
(relay)    34    16    7121.69    7    7100.05    2    1
(advertise)    45    7121.89    16    7
(relay)    43    32    7123.71    7    7102.93    1    1
(relay)    34    19    7146.71    7    7143.05    3    1
(advertise)    45    7147.31    19    7
(generate)    45    7156.72    [1, 6, 7, 19]    7
(relay)    43    38    7171.73    7    7155.91    3    1
(advertise)    45    7172.53    38    7
(relay)    43    35    7219.15    7    7204.11    2    1
(advertise)    45    7219.35    35    7
(relay)    34    12    7249.36    7    7248.4    3    1
(advertise)    45    7249.56    12    7
(relay)    46    46    7319.97    7    7318.89    5    1
(advertise)    45    7320.17    46    7
(relay)    34    34    7347.18    7    7347.02    3    1
(advertise)    45    7347.58    34    7
(relay)    46    41    7371.4    7    7354.69    5    1
(advertise)    45    7372.4    41    7
(relay)    43    37    7393.41    7    7361.97    2    1
(advertise)    45    7394.01    37    7
(relay)    34    11    7406.62    7    7403.11    3    1
(relay)    43    28    7414.82    7    7404.44    3    2
(advertise)    45    7416.02    11    7
(advertise)    45    7439.04    28    7
(relay)    43    30    7500.25    7    7498.14    3    1
(advertise)    45    7500.45    30    7
(relay)    43    43    7518.26    7    7518.06    5    1
(relay)    43    29    7520.46    7    7488.9    1    2
(advertise)    45    7522.86    43    7
(relay)    34    44    7546.88    7    7523.4    2    1
(advertise)    45    7547.08    44    7
(relay)    34    3    7570.49    7    7560.18    2    1
(advertise)    45    7570.89    3    7
(relay)    34    26    7594.7    7    7521.1    1    1
(relay)    43    6    7597.1    7    7594.95    4    1
(advertise)    45    7597.5    6    7
(relay)    47    7    7621.91    7    7570.98    1    1
(relay)    34    25    7689.11    7    7687.82    2    1
(advertise)    45    7689.31    25    7
(relay)    34    17    7710.93    7    7692.89    3    1
(advertise)    45    7712.53    17    7
(relay)    34    48    7763.34    7    7756.91    1    1
(relay)    2    2    7805.74    7    7805.64    5    1
(advertise)    45    7805.94    2    7
(relay)    46    13    7827.55    7    7822.9    4    1
(advertise)    45    7828.35    13    7
(relay)    43    0    7853.17    7    7820.46    1    1
(relay)    34    42    7856.17    7    7828.86    2    1
(advertise)    45    7856.37    42    7
(relay)    46    15    7877.38    7    7859.85    2    1
(advertise)    45    7878.58    15    7
(relay)    43    36    7997.59    7    7995.95    2    1
(advertise)    45    7997.79    36    7
(relay)    47    47    8016.61    9    8016.06    5    1
(advertise)    45    8020.81    47    9
(relay)    43    33    8022.02    9    8008.31    1    1
(relay)    2    9    8057.22    8    8056.1    2    1
(advertise)    45    8057.42    9    8
(relay)    34    4    8096.83    8    8094.17    4    1
(advertise)    45    8097.03    4    8
(relay)    47    16    8122.44    8    8100.14    1    1
(relay)    43    32    8124.84    8    8102.94    1    1
(relay)    34    19    8145.04    8    8143.16    3    1
(advertise)    45    8145.24    19    8
(generate)    45    8156.86    [1, 6, 7, 19]    8
(relay)    43    38    8169.47    8    8155.93    3    1
(advertise)    45    8170.07    38    8
(relay)    43    35    8218.88    8    8204.24    1    1
(relay)    34    12    8249.48    8    8248.51    3    1
(advertise)    45    8249.68    12    8
(relay)    43    39    8272.7    8    8252.96    3    1
(advertise)    45    8273.7    39    8
(relay)    46    46    8319.91    8    8318.99    5    1
(advertise)    45    8320.11    46    8
(relay)    34    34    8347.32    8    8347.17    3    1
(advertise)    45    8347.72    34    8
(relay)    43    5    8370.54    8    8348.15    3    1
(advertise)    45    8370.74    5    8
(relay)    2    41    8372.35    8    8354.72    4    1
(advertise)    45    8392.75    41    8
(relay)    34    14    8393.96    8    8368.12    2    1
(advertise)    45    8414.76    14    8
(relay)    43    40    8437.97    8    8399.65    3    1
(advertise)    45    8438.17    40    8
(relay)    43    28    8462.79    8    8404.57    3    1
(advertise)    45    8463.59    28    8
(relay)    43    21    8489.2    8    8426.28    1    1
(relay)    43    30    8511.6    8    8498.29    3    1
(advertise)    45    8511.8    30    8
(relay)    43    43    8518.21    8    8518.2    5    1
(advertise)    45    8533.21    43    8
(relay)    34    44    8536.23    8    8523.47    3    1
(advertise)    45    8555.63    44    8
(relay)    34    3    8562.04    8    8560.31    2    1
(advertise)    45    8576.84    3    8
(relay)    34    7    8584.45    8    8571.08    3    1
(relay)    43    6    8595.45    8    8595.02    4    2
(advertise)    45    8599.85    7    8
(advertise)    45    8622.47    6    8
(heartbeat)    31    2    8674.21    45    8675.48    2    2
(advertise)    45    8675.68    31    2
(relay)    34    25    8696.49    8    8687.95    2    1
(advertise)    45    8696.89    25    8
(relay)    34    17    8720.9    8    8693.03    3    1
(advertise)    45    8722.1    17    8
(relay)    34    48    8768.72    8    8757.03    1    1
(relay)    2    2    8806.32    8    8805.71    5    1
(advertise)    45    8806.52    2    8
(relay)    46    13    8828.53    8    8823.0    4    1
(advertise)    45    8829.33    13    8
(relay)    34    42    8855.94    8    8828.95    3    1
(advertise)    45    8856.14    42    8
(relay)    34    15    8878.16    8    8859.97    3    1
(advertise)    45    8878.36    15    8
(relay)    47    47    9017.17    10    9016.17    5    1
(advertise)    45    9017.37    47    10
(relay)    34    9    9056.78    9    9056.2    3    1
(advertise)    45    9056.98    9    9
(relay)    34    4    9098.0    9    9094.25    4    1
(advertise)    45    9098.2    4    9
(relay)    34    16    9121.01    9    9100.23    2    1
(advertise)    45    9121.21    16    9
(relay)    43    32    9124.42    9    9102.96    1    1
(relay)    47    19    9144.82    9    9143.31    2    1
(advertise)    45    9145.22    19    9
(generate)    45    9157.03    [1, 6, 7, 19]    9
(relay)    43    35    9208.05    9    9204.4    2    1
(advertise)    45    9208.25    35    9
(relay)    34    12    9250.46    9    9248.66    3    1
(advertise)    45    9250.66    12    9
(relay)    43    39    9274.47    9    9252.99    3    1
(advertise)    45    9274.67    39    9
(relay)    46    46    9319.29    9    9319.1    5    1
(advertise)    45    9319.49    46    9
(relay)    34    34    9347.9    9    9347.34    3    1
(advertise)    45    9348.1    34    9
(relay)    43    5    9370.91    9    9348.31    2    1
(relay)    34    41    9371.11    9    9354.75    3    2
(advertise)    45    9371.91    5    9
(relay)    43    37    9392.93    9    9362.26    2    2
(advertise)    45    9393.93    41    9
(advertise)    45    9416.74    37    9
(relay)    34    20    9427.75    9    9414.23    1    1
(relay)    43    40    9438.95    9    9399.7    3    1
(advertise)    45    9439.35    40    9
(relay)    43    28    9460.56    9    9404.75    3    1
(advertise)    45    9460.96    28    9
(relay)    43    30    9498.78    9    9498.48    3    1
(advertise)    45    9498.98    30    9
(relay)    43    43    9518.39    9    9518.33    5    1
(advertise)    45    9519.99    43    9
(relay)    34    44    9547.6    9    9523.54    3    1
(advertise)    45    9547.8    44    9
(relay)    34    3    9569.02    9    9560.41    2    1
(advertise)    45    9569.42    3    9
(relay)    34    26    9591.03    9    9521.34    1    1
(relay)    43    6    9595.43    9    9595.07    4    1
(advertise)    45    9596.23    6    9
(relay)    34    7    9613.24    9    9571.21    3    1
(advertise)    45    9619.64    7    9
(relay)    34    25    9688.46    9    9688.04    2    1
(advertise)    45    9688.66    25    9
(relay)    34    17    9710.87    9    9693.18    3    1
(advertise)    45    9712.47    17    9
(relay)    34    48    9760.68    9    9757.15    1    1
(relay)    2    2    9806.28    9    9805.76    5    1
(advertise)    45    9806.48    2    9
(relay)    47    13    9829.5    9    9823.11    4    1
(advertise)    45    9829.7    13    9
(relay)    43    0    9854.91    9    9820.77    1    1
(relay)    34    15    9860.51    9    9860.09    3    1
(advertise)    45    9860.71    15    9
(relay)    43    36    9998.12    9    9996.23    2    1
(advertise)    45    9998.32    36    9
(relay)    47    47    10017.33    11    10016.26    5    1
(advertise)    45    10019.53    47    11
(relay)    2    9    10057.75    10    10056.27    2    1
(advertise)    45    10057.95    9    10
(relay)    34    4    10098.96    10    10094.34    4    1
(advertise)    45    10099.16    4    10
(relay)    34    16    10123.37    10    10100.33    2    1
(advertise)    45    10123.57    16    10
(relay)    43    32    10126.59    10    10102.98    1    1
(relay)    34    19    10146.59    10    10143.46    3    1
(advertise)    45    10148.59    19    10
(generate)    45    10157.2    [1, 6, 7, 19]    10
(relay)    43    35    10208.01    10    10204.51    2    1
(advertise)    45    10208.21    35    10
(relay)    34    12    10251.43    10    10248.76    3    1
(advertise)    45    10251.63    12    10
(relay)    43    39    10276.44    10    10253.01    3    1
(advertise)    45    10277.24    39    10
(relay)    46    46    10319.25    10    10319.2    5    1
(advertise)    45    10319.45    46    10
(relay)    34    34    10348.06    10    10347.5    3    1
(advertise)    45    10348.46    34    10
(relay)    43    5    10350.48    10    10348.45    2    1
(advertise)    45    10370.48    5    10
(relay)    46    41    10372.69    10    10354.95    5    1
(relay)    43    37    10373.09    10    10362.4    2    2
(relay)    34    14    10373.89    10    10368.37    3    3
(advertise)    45    10392.89    41    10
(relay)    43    28    10405.3    10    10404.88    3    3
(advertise)    45    10415.1    37    10
(relay)    34    11    10417.12    10    10403.56    3    3
(relay)    43    40    10426.72    10    10399.89    2    4
(advertise)    45    10437.92    14    10
(advertise)    45    10460.53    28    10
(advertise)    45    10482.34    11    10
(advertise)    45    10505.36    40    10
(relay)    43    43    10518.97    10    10518.45    5    1
(relay)    43    30    10526.97    10    10498.63    3    2
(advertise)    45    10527.17    43    10
(advertise)    45    10550.38    30    10
(relay)    34    44    10551.99    10    10523.64    3    1
(advertise)    45    10573.19    44    10
(relay)    34    3    10575.01    10    10560.51    2    1
(relay)    34    7    10595.41    10    10571.3    3    2
(advertise)    45    10597.01    3    10
(relay)    34    26    10619.62    10    10521.48    1    2
(advertise)    45    10620.82    7    10
(relay)    34    25    10689.03    10    10688.13    2    1
(advertise)    45    10689.23    25    10
(relay)    34    17    10711.05    10    10693.32    3    1
(advertise)    45    10712.85    17    10
(relay)    34    48    10760.86    10    10757.26    1    1
(relay)    2    2    10806.26    10    10805.8    5    1
(advertise)    45    10806.46    2    10
(relay)    47    13    10828.67    10    10823.2    4    1
(advertise)    45    10830.47    13    10
(relay)    34    42    10852.89    10    10829.11    3    1
(advertise)    45    10853.29    42    10
(relay)    34    15    10873.9    10    10860.19    3    1
(advertise)    45    10875.7    15    10
(relay)    43    36    10999.31    10    10996.36    2    1
(advertise)    45    10999.51    36    10
(relay)    47    47    11017.32    12    11016.35    5    1
(advertise)    45    11021.72    47    12
(relay)    34    24    11043.94    11    11037.41    1    1
(relay)    43    33    11045.54    12    11008.78    1    1
(relay)    46    9    11058.54    11    11056.39    3    1
(advertise)    45    11058.74    9    11
(relay)    34    4    11098.95    11    11094.43    4    1
(advertise)    45    11099.15    4    11
(relay)    34    16    11120.76    11    11100.43    2    1
(advertise)    45    11121.16    16    11
(relay)    43    32    11123.98    11    11102.98    1    1
(relay)    34    19    11145.98    11    11143.62    3    1
(advertise)    45    11146.18    19    11
(generate)    45    11157.39    [1, 6, 7, 19]    11
(relay)    43    35    11206.4    11    11204.66    2    1
(advertise)    45    11206.6    35    11
(relay)    34    12    11251.82    11    11248.89    3    1
(advertise)    45    11252.02    12    11
(relay)    43    39    11276.43    11    11253.04    3    1
(advertise)    45    11276.63    39    11
(relay)    46    46    11319.44    11    11319.3    5    1
(advertise)    45    11319.64    46    11
(relay)    34    34    11348.25    11    11347.65    3    1
(advertise)    45    11348.45    34    11
(relay)    47    41    11371.27    11    11355.14    5    1
(advertise)    45    11371.67    41    11
(relay)    43    37    11393.48    11    11362.54    2    1
(relay)    34    14    11395.88    11    11368.45    3    2
(advertise)    45    11397.08    37    11
(relay)    34    11    11417.89    11    11403.73    3    2
(advertise)    45    11420.29    14    11
(relay)    43    40    11437.31    11    11399.91    3    2
(advertise)    45    11442.31    11    11
(relay)    34    20    11447.32    11    11414.46    1    2
(relay)    43    28    11458.72    11    11405.0    3    3
(advertise)    45    11463.52    40    11
(advertise)    45    11486.53    28    11
(relay)    43    30    11502.55    11    11498.75    3    1
(advertise)    45    11508.15    30    11
(relay)    43    43    11519.16    11    11518.63    5    1
(advertise)    45    11530.16    43    11
(relay)    34    26    11534.37    11    11521.59    1    1
(relay)    34    3    11577.77    11    11560.63    2    1
(advertise)    45    11577.97    3    11
(relay)    47    7    11591.18    11    11571.45    2    1
(relay)    43    6    11595.98    11    11595.15    4    2
(advertise)    45    11600.58    7    11
(advertise)    45    11621.6    6    11
(relay)    34    25    11689.61    11    11688.26    2    1
(advertise)    45    11689.81    25    11
(relay)    34    17    11712.22    11    11693.47    3    1
(advertise)    45    11713.62    17    11
(relay)    34    48    11758.64    11    11757.36    1    1
(relay)    2    2    11806.84    11    11805.84    5    1
(advertise)    45    11807.04    2    11
(relay)    46    13    11829.05    11    11823.31    4    1
(advertise)    45    11830.25    13    11
(relay)    34    15    11861.26    11    11860.31    3    1
(advertise)    45    11861.46    15    11
(relay)    47    47    12016.48    13    12016.45    5    1
(advertise)    45    12016.68    47    13
(relay)    34    4    12098.29    12    12094.47    4    1
(advertise)    45    12098.49    4    12
(relay)    34    16    12119.5    12    12100.51    2    1
(advertise)    45    12119.9    16    12
(relay)    34    19    12146.91    12    12143.74    3    1
(advertise)    45    12147.11    19    12
(generate)    45    12157.53    [1, 6, 7, 19]    12
(relay)    43    38    12171.94    12    12156.02    3    1
(advertise)    45    12172.74    38    12
(relay)    43    35    12216.35    12    12204.66    1    1
(relay)    34    12    12252.75    12    12248.96    3    1
(advertise)    45    12252.95    12    12
(relay)    46    46    12319.97    12    12319.38    5    1
(advertise)    45    12320.17    46    12
(relay)    34    34    12348.78    12    12347.82    3    1
(advertise)    45    12348.98    34    12
(relay)    43    5    12350.79    12    12348.57    3    1
(advertise)    45    12371.99    5    12
(relay)    43    40    12401.01    12    12399.93    3    1
(advertise)    45    12401.21    40    12
(relay)    43    28    12424.42    12    12405.02    3    1
(advertise)    45    12424.62    28    12
(relay)    2    11    12425.83    12    12403.83    1    1
(relay)    34    20    12471.23    12    12414.57    1    1
(relay)    43    30    12500.03    12    12498.75    3    1
(advertise)    45    12500.23    30    12
(relay)    43    43    12519.24    12    12518.68    5    1
(relay)    43    29    12522.04    12    12489.63    1    2
(advertise)    45    12524.24    43    12
(relay)    34    44    12549.26    12    12524.38    3    1
(advertise)    45    12549.46    44    12
(relay)    34    3    12569.87    12    12560.72    2    1
(advertise)    45    12572.87    3    12
(relay)    43    6    12596.48    12    12595.22    4    1
(advertise)    45    12596.88    6    12
(heartbeat)    31    3    12674.23    45    12675.1    2    2
(advertise)    45    12675.3    31    3
(relay)    34    25    12696.71    12    12688.35    2    1
(advertise)    45    12696.91    25    12
(relay)    47    17    12700.32    12    12693.57    1    1
(relay)    2    2    12806.92    12    12805.86    5    1
(advertise)    45    12807.12    2    12
(relay)    46    13    12828.54    12    12823.41    3    1
(advertise)    45    12830.14    13    12
(relay)    43    0    12852.75    12    12821.3    1    1
(relay)    34    15    12861.75    12    12860.38    3    1
(advertise)    45    12861.95    15    12
(relay)    43    36    12999.16    12    12996.7    2    1
(advertise)    45    12999.36    36    12
(relay)    47    47    13016.57    14    13016.56    5    1
(advertise)    45    13021.37    47    14
(relay)    34    9    13059.19    13    13056.55    3    1
(advertise)    45    13059.39    9    13
(relay)    34    4    13096.6    13    13094.56    4    1
(advertise)    45    13097.0    4    13
(relay)    46    16    13120.61    13    13100.62    1    1
(relay)    34    19    13147.21    13    13143.87    3    1
(advertise)    45    13147.41    19    13
(generate)    45    13157.63    [1, 6, 7, 19]    13
(relay)    43    38    13171.44    13    13156.04    3    1
(advertise)    45    13172.44    38    13
(relay)    43    35    13215.85    13    13204.8    1    1
(relay)    34    12    13253.65    13    13249.08    3    1
(advertise)    45    13253.85    12    13
(relay)    43    39    13277.87    13    13253.08    3    1
(advertise)    45    13279.07    39    13
(relay)    46    46    13320.08    13    13319.49    5    1
(advertise)    45    13320.28    46    13
(relay)    34    34    13348.89    13    13347.96    3    1
(advertise)    45    13349.09    34    13
(relay)    43    5    13350.9    13    13348.72    3    1
(advertise)    45    13370.5    5    13
(relay)    46    41    13371.72    13    13355.17    5    1
(relay)    43    37    13372.32    13    13362.68    2    2
(advertise)    45    13391.52    41    13
(advertise)    45    13412.73    37    13
(relay)    46    14    13415.74    13    13368.67    1    1
(relay)    43    28    13415.94    13    13405.16    3    1
(advertise)    45    13435.34    28    13
(relay)    43    40    13437.96    13    13399.97    3    1
(relay)    34    11    13439.16    13    13404.01    3    2
(advertise)    45    13456.56    40    13
(advertise)    45    13479.17    11    13
(relay)    43    21    13502.18    13    13427.16    1    1
(relay)    43    43    13519.78    13    13518.83    5    1
(advertise)    45    13519.98    43    13
(relay)    43    30    13524.4    13    13498.91    3    1
(advertise)    45    13541.2    30    13
(relay)    43    29    13547.61    13    13489.68    1    1
(relay)    34    26    13565.21    13    13521.88    1    1
(relay)    34    3    13587.81    13    13560.81    2    1
(advertise)    45    13588.01    3    13
(relay)    43    6    13596.62    13    13595.28    4    1
(relay)    34    7    13609.82    13    13571.61    3    2
(advertise)    45    13610.02    6    13
(advertise)    45    13631.83    7    13
(relay)    47    44    13635.05    13    13524.48    2    1
(advertise)    45    13655.25    44    13
(relay)    34    25    13690.26    13    13688.44    2    1
(advertise)    45    13690.46    25    13
(relay)    34    17    13712.27    13    13693.7    3    1
(advertise)    45    13713.07    17    13
(relay)    34    48    13761.29    13    13757.8    1    1
(relay)    2    2    13806.89    13    13805.95    5    1
(advertise)    45    13807.09    2    13
(relay)    47    13    13828.5    13    13823.51    4    1
(advertise)    45    13829.3    13    13
(relay)    34    42    13857.11    13    13829.34    3    1
(advertise)    45    13857.31    42    13
(relay)    34    15    13879.53    13    13860.51    3    1
(advertise)    45    13880.53    15    13
(relay)    43    36    13998.74    13    13996.83    2    1
(advertise)    45    13998.94    36    13
(relay)    47    47    14016.75    15    14016.71    5    1
(advertise)    45    14020.35    47    15
(relay)    43    33    14045.16    15    14009.28    1    1
(relay)    34    9    14060.16    14    14056.66    3    1
(advertise)    45    14060.36    9    14
(relay)    43    32    14119.78    14    14103.09    1    1
(relay)    34    16    14128.98    14    14100.72    2    1
(advertise)    45    14129.18    16    14
(relay)    34    19    14152.59    14    14144.0    3    1
(advertise)    45    14152.79    19    14
(generate)    45    14157.8    [1, 6, 7, 19]    14
(relay)    43    35    14206.22    14    14204.98    2    1
(advertise)    45    14206.42    35    14
(relay)    34    12    14253.83    14    14249.23    3    1
(advertise)    45    14254.03    12    14
(relay)    43    39    14276.44    14    14253.12    3    1
(advertise)    45    14277.24    39    14
(relay)    46    46    14320.26    14    14319.63    5    1
(advertise)    45    14320.46    46    14
(relay)    34    34    14349.07    14    14348.15    3    1
(advertise)    45    14349.27    34    14
(relay)    43    5    14351.08    14    14348.88    3    1
(relay)    34    41    14371.08    14    14355.23    3    2
(advertise)    45    14371.28    5    14
(relay)    43    37    14372.89    14    14362.82    2    2
(advertise)    45    14392.69    41    14
(relay)    34    11    14406.71    14    14404.17    3    2
(advertise)    45    14415.51    37    14
(relay)    43    28    14420.12    14    14405.31    3    2
(advertise)    45    14438.92    11    14
(advertise)    45    14460.93    28    14
(relay)    43    21    14476.55    14    14427.33    1    1
(relay)    43    29    14499.55    14    14489.74    1    1
(relay)    43    43    14519.95    14    14518.99    5    1
(advertise)    45    14520.15    43    14
(relay)    34    44    14553.76    14    14524.57    3    1
(advertise)    45    14553.96    44    14
(relay)    34    3    14575.37    14    14560.92    2    1
(advertise)    45    14577.97    3    14
(relay)    43    6    14596.59    14    14595.31    4    1
(relay)    34    7    14598.79    14    14571.72    3    2
(advertise)    45    14602.39    6    14
(advertise)    45    14625.2    7    14
(relay)    34    25    14690.61    14    14688.54    2    1
(advertise)    45    14690.81    25    14
(relay)    34    17    14713.02    14    14693.84    3    1
(advertise)    45    14713.62    17    14
(relay)    34    48    14761.84    14    14757.91    1    1
(relay)    2    2    14807.04    14    14806.0    5    1
(advertise)    45    14807.24    2    14
(relay)    34    13    14831.45    14    14823.61    3    1
(advertise)    45    14832.05    13    14
(relay)    46    42    14854.66    14    14829.44    2    1
(advertise)    45    14855.26    42    14
(relay)    47    15    14877.88    14    14860.61    2    1
(advertise)    45    14878.28    15    14
(relay)    43    36    14997.89    14    14996.97    2    1
(advertise)    45    14998.09    36    14
(relay)    47    47    15016.9    16    15016.8    5    1
(advertise)    45    15019.3    47    16
(relay)    43    33    15045.52    16    15009.45    1    1
(relay)    34    9    15059.12    15    15056.73    3    1
(advertise)    45    15059.32    9    15
(relay)    34    4    15095.73    15    15094.74    4    1
(advertise)    45    15095.93    4    15
(relay)    34    16    15119.74    15    15100.81    2    1
(advertise)    45    15119.94    16    15
(relay)    34    19    15148.75    15    15144.14    3    1
(advertise)    45    15148.95    19    15
(generate)    45    15157.97    [1, 6, 7, 19]    15
(relay)    43    38    15171.98    15    15156.12    3    1
(advertise)    45    15172.18    38    15
(relay)    43    35    15220.79    15    15205.1    1    1
(relay)    34    12    15251.99    15    15249.36    3    1
(advertise)    45    15252.19    12    15
(relay)    43    39    15274.61    15    15253.16    3    1
(advertise)    45    15275.01    39    15
(relay)    46    46    15320.82    15    15319.73    5    1
(advertise)    45    15321.02    46    15
(relay)    43    5    15349.43    15    15349.02    3    1
(advertise)    45    15349.63    5    15
(relay)    43    37    15370.65    15    15362.97    2    1
(relay)    46    41    15371.25    15    15355.27    5    2
(advertise)    45    15371.85    37    15
(advertise)    45    15394.26    41    15
(relay)    34    11    15406.87    15    15404.34    3    1
(advertise)    45    15415.27    11    15
(relay)    43    28    15417.68    15    15405.45    3    1
(advertise)    45    15436.68    28    15
(relay)    43    40    15460.1    15    15400.04    3    1
(advertise)    45    15460.5    40    15
(relay)    43    30    15501.51    15    15499.23    3    1
(advertise)    45    15501.71    30    15
(relay)    43    43    15520.12    15    15519.13    5    1
(relay)    43    29    15523.32    15    15489.77    1    2
(advertise)    45    15523.52    43    15
(relay)    34    3    15572.14    15    15561.0    2    1
(advertise)    45    15572.34    3    15
(relay)    47    7    15594.75    15    15573.02    2    1
(advertise)    45    15596.15    7    15
(relay)    43    6    15597.56    15    15595.36    4    1
(relay)    34    26    15617.96    15    15522.72    1    2
(advertise)    45    15619.76    6    15
(relay)    34    25    15690.78    15    15688.64    2    1
(advertise)    45    15690.98    25    15
(relay)    34    17    15711.19    15    15693.98    3    1
(advertise)    45    15715.39    17    15
(relay)    34    48    15763.0    15    15758.04    1    1
(relay)    2    2    15806.2    15    15806.07    5    1
(advertise)    45    15806.4    2    15
(relay)    46    13    15827.41    15    15823.71    4    1
(advertise)    45    15828.01    13    15
(relay)    46    42    15853.83    15    15829.51    1    1
(relay)    34    15    15875.63    15    15860.69    3    1
(advertise)    45    15875.83    15    15
(relay)    47    47    16017.44    17    16016.91    5    1
(advertise)    45    16017.64    47    17
(relay)    43    33    16044.25    17    16009.62    1    1
(relay)    34    24    16045.45    16    16038.07    1    1
(relay)    47    9    16060.05    16    16056.83    3    1
(advertise)    45    16060.25    9    16
(relay)    34    4    16096.67    16    16094.82    4    1
(advertise)    45    16096.87    4    16
(relay)    34    16    16121.28    16    16100.87    2    1
(advertise)    45    16121.88    16    16
(relay)    34    19    16149.09    16    16144.27    3    1
(advertise)    45    16149.29    19    16
(generate)    45    16158.11    [1, 6, 7, 19]    16
(relay)    43    35    16221.12    16    16205.27    1    1
(relay)    34    12    16251.32    16    16249.46    3    1
(advertise)    45    16251.52    12    16
(relay)    43    39    16273.13    16    16253.18    3    1
(advertise)    45    16274.33    39    16
(relay)    46    46    16320.94    16    16319.84    5    1
(advertise)    45    16321.14    46    16
(relay)    34    34    16348.56    16    16348.46    3    1
(advertise)    45    16348.96    34    16
(relay)    47    41    16371.77    16    16355.29    5    1
(advertise)    45    16371.97    41    16
(relay)    43    37    16393.18    16    16363.13    2    1
(advertise)    45    16393.58    37    16
(relay)    46    14    16396.8    16    16369.05    2    1
(advertise)    45    16416.0    14    16
(relay)    34    11    16420.01    16    16404.49    3    1
(relay)    43    40    16436.81    16    16400.04    3    2
(advertise)    45    16438.01    11    16
(relay)    43    28    16459.02    16    16405.62    3    2
(advertise)    45    16459.82    40    16
(advertise)    45    16481.44    28    16
(relay)    43    30    16503.45    16    16499.42    3    1
(advertise)    45    16504.45    30    16
(relay)    43    43    16519.46    16    16519.28    5    1
(advertise)    45    16525.86    43    16
(relay)    47    44    16552.87    16    16524.71    2    1
(advertise)    45    16553.47    44    16
(relay)    34    3    16576.09    16    16561.13    2    1
(advertise)    45    16576.69    3    16
(relay)    43    6    16597.7    16    16595.42    4    1
(relay)    34    26    16599.9    16    16522.85    1    2
(advertise)    45    16601.1    6    16
(relay)    34    7    16621.11    16    16574.33    3    1
(advertise)    45    16624.11    7    16
(heartbeat)    31    4    16674.24    45    16676.53    2    2
(advertise)    45    16676.73    31    4
(relay)    34    25    16698.54    16    16688.78    2    1
(advertise)    45    16699.14    25    16
(relay)    46    17    16701.95    16    16694.13    2    1
(advertise)    45    16720.15    17    16
(relay)    34    48    16763.57    16    16758.18    1    1
(relay)    2    2    16806.37    16    16806.18    5    1
(advertise)    45    16806.57    2    16
(relay)    46    13    16827.98    16    16823.85    4    1
(advertise)    45    16828.78    13    16
(relay)    34    15    16863.19    16    16860.83    3    1
(advertise)    45    16863.39    15    16
(relay)    43    36    16997.8    16    16997.3    2    1
(advertise)    45    16998.0    36    16
(relay)    47    47    17017.62    18    17017.03    5    1
(advertise)    45    17021.02    47    18
(relay)    43    33    17046.23    18    17009.75    1    1
(relay)    34    9    17058.63    17    17056.92    3    1
(advertise)    45    17058.83    9    17
(relay)    34    4    17097.64    17    17094.9    3    1
(advertise)    45    17097.84    4    17
(relay)    34    16    17122.26    17    17100.94    1    1
(relay)    43    32    17124.26    17    17103.66    1    1
(relay)    34    19    17148.66    17    17144.39    2    1
(advertise)    45    17148.86    19    17
(relay)    43    38    17156.87    17    17156.17    3    1
(generate)    45    17158.27    [1, 6, 7, 19]    17
(advertise)    45    17170.88    38    17
(relay)    43    35    17208.7    17    17205.37    1    1
(relay)    34    12    17250.7    17    17249.56    3    1
(advertise)    45    17250.9    12    17
(relay)    46    46    17320.91    17    17319.94    5    1
(advertise)    45    17321.11    46    17
(relay)    34    34    17348.72    17    17348.63    3    1
(advertise)    45    17348.92    34    17
(relay)    43    37    17370.93    17    17363.24    2    1
(relay)    46    41    17371.13    17    17355.31    5    2
(advertise)    45    17371.93    37    17
(advertise)    45    17394.55    41    17
(relay)    34    14    17396.96    17    17369.14    2    1
(advertise)    45    17417.76    14    17
(relay)    46    11    17419.77    17    17404.63    2    1
(relay)    43    28    17420.37    17    17405.76    3    2
(advertise)    45    17438.97    11    17
(relay)    43    40    17440.39    17    17400.07    3    2
(relay)    34    20    17444.39    17    17415.2    1    3
(advertise)    45    17463.19    28    17
(advertise)    45    17484.2    40    17
(relay)    43    30    17501.81    17    17499.56    3    1
(advertise)    45    17505.41    30    17
(relay)    43    43    17519.43    17    17519.39    5    1
(relay)    43    29    17522.03    17    17489.97    1    2
(advertise)    45    17528.43    43    17
(relay)    34    3    17563.04    17    17561.24    2    1
(advertise)    45    17563.24    3    17
(relay)    34    7    17584.85    17    17574.43    3    1
(advertise)    45    17585.25    7    17
(relay)    43    6    17607.66    17    17595.48    4    1
(advertise)    45    17609.26    6    17
(relay)    34    25    17690.28    17    17688.87    2    1
(advertise)    45    17690.48    25    17
(relay)    34    17    17710.69    17    17694.24    3    1
(advertise)    45    17713.49    17    17
(relay)    34    48    17764.1    17    17758.29    1    1
(relay)    2    2    17806.3    17    17806.2    5    1
(advertise)    45    17806.5    2    17
(relay)    46    13    17828.12    17    17823.94    4    1
(advertise)    45    17828.52    13    17
(relay)    43    0    17852.93    17    17822.1    1    1
(relay)    34    42    17855.93    17    17829.68    2    1
(advertise)    45    17856.13    42    17
(relay)    46    15    17877.34    17    17860.93    2    1
(advertise)    45    17880.74    15    17
(relay)    43    36    17998.96    17    17997.44    2    1
(advertise)    45    17999.16    36    17
(relay)    47    47    18017.77    19    18017.12    5    1
(advertise)    45    18021.57    47    19
(relay)    2    9    18058.18    18    18057.0    2    1
(advertise)    45    18058.38    9    18
(relay)    34    4    18097.59    18    18095.0    3    1
(advertise)    45    18097.79    4    18
(relay)    34    16    18121.21    18    18101.03    1    1
(relay)    34    19    18146.21    18    18144.54    2    1
(advertise)    45    18146.41    19    18
(relay)    43    38    18157.02    18    18156.2    3    1
(generate)    45    18158.42    [1, 6, 7, 19]    18
(advertise)    45    18169.23    38    18
(relay)    43    35    18209.65    18    18205.48    1    1
(relay)    34    12    18251.25    18    18249.7    3    1
(advertise)    45    18251.45    12    18
(relay)    43    39    18274.06    18    18253.25    3    1
(advertise)    45    18274.46    39    18
(relay)    46    46    18321.07    18    18320.02    5    1
(advertise)    45    18321.27    46    18
(relay)    34    34    18348.89    18    18348.79    3    1
(advertise)    45    18349.09    34    18
(relay)    47    41    18371.7    18    18355.5    5    1
(advertise)    45    18372.3    41    18
(relay)    43    37    18393.91    18    18363.37    2    1
(advertise)    45    18394.31    37    18
(relay)    34    14    18396.92    18    18369.26    2    1
(relay)    43    40    18415.12    18    18400.26    3    2
(advertise)    45    18416.92    14    18
(relay)    34    11    18418.74    18    18404.79    2    2
(relay)    43    28    18437.74    18    18405.89    3    3
(advertise)    45    18439.14    40    18
(advertise)    45    18461.35    11    18
(advertise)    45    18484.56    28    18
(relay)    43    30    18501.98    18    18499.67    3    1
(advertise)    45    18506.58    30    18
(relay)    43    43    18519.59    18    18519.49    5    1
(relay)    43    29    18522.19    18    18490.0    1    2
(advertise)    45    18529.39    43    18
(relay)    34    44    18554.2    18    18524.89    3    1
(advertise)    45    18554.8    44    18
(relay)    34    3    18576.22    18    18561.34    2    1
(advertise)    45    18577.42    3    18
(relay)    43    6    18595.83    18    18595.5    4    1
(advertise)    45    18599.63    6    18
(relay)    34    25    18689.44    18    18688.95    2    1
(advertise)    45    18689.64    25    18
(relay)    34    17    18711.25    18    18694.37    3    1
(advertise)    45    18711.85    17    18
(relay)    34    48    18762.67    18    18758.43    1    1
(relay)    2    2    18806.87    18    18806.26    5    1
(advertise)    45    18807.07    2    18
(relay)    46    13    18828.68    18    18824.03    4    1
(advertise)    45    18829.28    13    18
(relay)    43    0    18854.69    18    18822.26    1    1
(relay)    34    42    18855.29    18    18829.77    3    1
(advertise)    45    18855.49    42    18
(relay)    46    15    18876.91    18    18861.03    2    1
(advertise)    45    18878.51    15    18
(relay)    47    47    19018.12    20    19017.2    5    1
(advertise)    45    19018.32    47    20
(relay)    46    9    19057.73    19    19057.09    3    1
(advertise)    45    19057.93    9    19
(relay)    34    4    19098.55    19    19095.07    3    1
(advertise)    45    19098.75    4    19
(relay)    34    16    19122.76    19    19101.13    1    1
(relay)    34    19    19145.96    19    19144.65    2    1
(advertise)    45    19146.16    19    19
(relay)    43    38    19157.37    19    19156.2    3    1
(generate)    45    19158.57    [1, 6, 7, 19]    19
(advertise)    45    19167.58    38    19
(relay)    43    35    19210.6    19    19205.59    1    1
(relay)    34    12    19251.8    19    19249.82    3    1
(advertise)    45    19252.0    12    19
(relay)    43    39    19274.61    19    19253.26    3    1
(advertise)    45    19275.01    39    19
(relay)    46    46    19320.22    19    19320.13    5    1
(advertise)    45    19320.42    46    19
(relay)    34    34    19349.44    19    19348.95    3    1
(advertise)    45    19349.64    34    19
(relay)    43    5    19351.65    19    19349.58    2    1
(advertise)    45    19371.05    5    19
(relay)    47    41    19372.26    19    19355.69    5    1
(relay)    43    37    19374.86    19    19363.47    2    2
(relay)    34    14    19377.06    19    19369.37    2    3
(advertise)    45    19393.06    41    19
(advertise)    45    19415.08    37    19
(relay)    43    28    19416.89    19    19405.98    3    2
(relay)    34    20    19428.69    19    19415.45    1    3
(advertise)    45    19437.49    14    19
(relay)    43    40    19439.5    19    19400.29    3    3
(advertise)    45    19459.5    28    19
(advertise)    45    19481.51    40    19
(relay)    43    29    19492.33    19    19490.01    1    1
(relay)    43    30    19513.53    19    19499.78    3    1
(advertise)    45    19513.73    30    19
(relay)    43    43    19519.74    19    19519.62    5    1
(relay)    47    44    19536.14    19    19524.95    2    2
(advertise)    45    19536.74    43    19
(advertise)    45    19559.75    44    19
(relay)    47    7    19582.37    19    19574.84    2    1
(advertise)    45    19582.77    7    19
(relay)    43    6    19595.98    19    19595.54    4    1
(advertise)    45    19605.18    6    19
(relay)    34    25    19689.39    19    19689.05    2    1
(advertise)    45    19689.59    25    19
(relay)    34    17    19711.01    19    19694.48    3    1
(advertise)    45    19712.41    17    19
(relay)    34    48    19761.82    19    19758.52    1    1
(relay)    2    2    19806.82    19    19806.34    5    1
(advertise)    45    19807.02    2    19
(relay)    46    13    19830.63    19    19824.13    4    1
(advertise)    45    19831.03    13    19
(relay)    43    0    19854.84    19    19822.41    1    1
(relay)    34    15    19861.44    19    19861.12    3    1
(advertise)    45    19861.64    15    19
(relay)    43    36    19999.66    19    19997.66    2    1
(advertise)    45    19999.86    36    19
(relay)    47    47    20018.27    21    20017.3    5    1
(advertise)    45    20020.87    47    21
(relay)    34    9    20058.68    20    20057.16    3    1
(advertise)    45    20058.88    9    20
(relay)    34    4    20099.3    20    20095.16    3    1
(advertise)    45    20099.5    4    20
(relay)    34    16    20122.11    20    20101.21    1    1
(relay)    43    32    20126.11    20    20104.21    1    1
(relay)    34    19    20147.11    20    20144.81    2    1
(advertise)    45    20147.31    19    20
(relay)    43    38    20158.32    20    20156.24    3    1
(generate)    45    20158.72    [1, 6, 7, 19]    20
(advertise)    45    20169.14    38    20
(relay)    43    35    20208.75    20    20205.7    1    1
(relay)    34    12    20252.55    20    20249.93    3    1
(advertise)    45    20252.75    12    20
(relay)    46    46    20320.36    20    20320.19    5    1
(advertise)    45    20320.56    46    20
(relay)    34    34    20349.57    20    20349.1    3    1
(advertise)    45    20349.97    34    20
(relay)    47    41    20372.79    20    20355.86    5    1
(advertise)    45    20373.19    41    20
(relay)    43    37    20374.4    20    20363.58    2    1
(advertise)    45    20394.8    37    20
(relay)    43    40    20401.01    20    20400.32    3    1
(advertise)    45    20416.81    40    20
(relay)    43    28    20423.03    20    20406.12    3    1
(advertise)    45    20438.83    28    20
(relay)    46    11    20441.24    20    20405.01    2    1
(advertise)    45    20460.04    11    20
(relay)    43    29    20492.05    20    20490.2    1    1
(relay)    43    30    20515.05    20    20499.92    3    1
(advertise)    45    20515.25    30    20
(relay)    43    43    20520.27    20    20519.71    5    1
(advertise)    45    20536.87    43    20
(relay)    46    44    20539.48    20    20525.04    2    1
(advertise)    45    20559.28    44    20
(relay)    34    3    20580.89    20    20562.31    2    1
(advertise)    45    20581.09    3    20
(relay)    47    7    20582.7    20    20575.14    1    1
(relay)    43    6    20596.1    20    20595.57    4    1
(advertise)    45    20603.7    6    20
(heartbeat)    31    5    20674.25    45    20674.72    2    2
(advertise)    45    20674.92    31    5
(relay)    34    25    20696.53    20    20689.15    2    1
(advertise)    45    20697.13    25    20
(relay)    47    17    20700.54    20    20694.59    2    1
(advertise)    45    20720.34    17    20
(relay)    34    48    20759.76    20    20758.61    1    1
(relay)    2    2    20806.96    20    20806.4    5    1
(advertise)    45    20807.16    2    20
(relay)    46    13    20829.97    20    20824.23    4    1
(advertise)    45    20830.17    13    20
(relay)    34    15    20861.58    20    20861.23    3    1
(advertise)    45    20861.78    15    20
(relay)    43    36    21000.6    20    20997.77    2    1
(advertise)    45    21000.8    36    20
(relay)    47    47    21018.41    22    21017.39    5    1
(advertise)    45    21022.41    47    22
(relay)    34    9    21058.62    21    21057.26    3    1
(advertise)    45    21058.82    9    21
(relay)    34    4    21100.03    21    21095.27    3    1
(advertise)    45    21100.23    4    21
(relay)    34    16    21121.45    21    21101.27    1    1
(relay)    34    19    21147.45    21    21145.0    2    1
(advertise)    45    21147.65    19    21
(generate)    45    21158.86    [1, 6, 7, 19]    21
(relay)    43    35    21222.87    21    21205.8    1    1
(relay)    34    12    21252.87    21    21250.06    3    1
(advertise)    45    21253.07    12    21
(relay)    46    46    21320.29    21    21320.28    5    1
(advertise)    45    21320.49    46    21
(relay)    34    34    21349.7    21    21349.24    3    1
(advertise)    45    21349.9    34    21
(relay)    43    5    21351.11    21    21349.82    3    1
(advertise)    45    21371.31    5    21
(relay)    47    41    21372.93    21    21356.05    5    1
(advertise)    45    21394.53    41    21
(relay)    47    11    21406.14    21    21405.16    2    1
(advertise)    45    21416.74    11    21
(relay)    43    28    21418.55    21    21406.25    3    1
(advertise)    45    21439.15    28    21
(relay)    43    30    21500.36    21    21500.06    3    1
(advertise)    45    21500.56    30    21
(relay)    43    43    21520.38    21    21519.77    5    1
(advertise)    45    21521.98    43    21
(relay)    34    3    21563.79    21    21562.4    2    1
(advertise)    45    21563.99    3    21
(relay)    34    7    21585.2    21    21575.24    3    1
(advertise)    45    21585.4    7    21
(relay)    47    44    21607.42    21    21525.15    2    1
(relay)    43    6    21608.42    21    21595.64    4    2
(advertise)    45    21608.62    44    21
(advertise)    45    21630.63    6    21
(relay)    34    25    21690.44    21    21689.24    2    1
(advertise)    45    21690.64    25    21
(relay)    34    17    21712.86    21    21694.72    3    1
(advertise)    45    21713.06    17    21
(relay)    34    48    21759.87    21    21758.71    1    1
(relay)    2    2    21807.47    21    21806.44    5    1
(advertise)    45    21807.67    2    21
(relay)    47    13    21830.28    21    21824.29    4    1
(advertise)    45    21830.88    13    21
(relay)    43    0    21854.49    21    21822.69    1    1
(relay)    34    15    21877.89    21    21861.33    3    1
(advertise)    45    21878.09    15    21
(relay)    47    47    22017.51    23    22017.46    5    1
(advertise)    45    22017.71    47    23
(relay)    34    9    22059.52    22    22057.35    3    1
(advertise)    45    22059.72    9    22
(relay)    34    4    22099.13    22    22095.36    3    1
(advertise)    45    22099.33    4    22
(relay)    34    16    22123.15    22    22101.33    1    1
(relay)    43    32    22123.55    22    22104.24    1    1
(relay)    34    19    22148.15    22    22145.12    2    1
(advertise)    45    22148.35    19    22
(relay)    43    38    22158.56    22    22156.31    3    1
(generate)    45    22158.96    [1, 6, 7, 19]    22
(advertise)    45    22169.37    38    22
(relay)    43    35    22215.39    22    22205.89    2    1
(advertise)    45    22215.59    35    22
(relay)    34    12    22254.2    22    22250.16    3    1
(advertise)    45    22254.4    12    22
(relay)    46    46    22321.01    22    22320.37    5    1
(advertise)    45    22321.21    46    22
(relay)    34    34    22350.42    22    22349.39    3    1
(advertise)    45    22350.62    34    22
(relay)    43    5    22352.24    22    22349.96    3    1
(advertise)    45    22372.84    5    22
(relay)    34    14    22395.45    22    22369.7    2    1
(advertise)    45    22395.85    14    22
(relay)    43    28    22407.26    22    22406.36    3    1
(advertise)    45    22418.46    28    22
(relay)    43    40    22428.28    22    22400.38    2    1
(advertise)    45    22440.08    40    22
(relay)    43    29    22491.29    22    22490.25    1    1
(relay)    43    30    22513.49    22    22500.17    3    1
(advertise)    45    22513.69    30    22
(relay)    43    43    22520.5    22    22519.87    5    1
(advertise)    45    22536.5    43    22
(relay)    46    44    22537.92    22    22525.25    2    1
(advertise)    45    22557.72    44    22
(relay)    47    7    22581.93    22    22575.35    2    1
(advertise)    45    22582.73    7    22
(relay)    43    6    22596.94    22    22595.66    4    1
(advertise)    45    22605.54    6    22
(relay)    34    25    22690.75    22    22689.34    2    1
(advertise)    45    22690.95    25    22
(relay)    34    17    22714.77    22    22694.84    3    1
(advertise)    45    22716.57    17    22
(relay)    2    2    22807.58    22    22806.52    5    1
(advertise)    45    22807.78    2    22
(relay)    46    13    22829.59    22    22824.36    4    1
(advertise)    45    22830.19    13    22
(relay)    34    15    22862.81    22    22861.4    3    1
(advertise)    45    22863.01    15    22
(relay)    43    36    23000.62    22    22998.0    2    1
(advertise)    45    23000.82    36    22
(relay)    47    47    23017.63    24    23017.54    5    1
(advertise)    45    23022.63    47    24
(relay)    43    33    23023.85    24    23010.61    1    1
(relay)    47    9    23059.65    23    23057.41    3    1
(advertise)    45    23059.85    9    23
(relay)    34    4    23097.26    23    23095.46    3    1
(advertise)    45    23097.46    4    23
(relay)    34    16    23121.07    23    23101.43    1    1
(relay)    43    32    23125.27    23    23104.43    1    1
(generate)    45    23159.07    [1, 6, 7, 19]    23
(relay)    43    35    23207.28    23    23206.0    1    1
(relay)    34    12    23255.08    23    23250.29    3    1
(advertise)    45    23255.28    12    23
(relay)    43    39    23256.7    23    23253.55    3    1
(advertise)    45    23279.1    39    23
(relay)    46    46    23320.91    23    23320.45    5    1
(advertise)    45    23321.11    46    23
(relay)    34    34    23350.52    23    23349.52    3    1
(advertise)    45    23350.72    34    23
(relay)    43    5    23352.34    23    23350.08    3    1
(relay)    47    41    23372.94    23    23356.25    5    2
(advertise)    45    23373.54    5    23
(advertise)    45    23396.55    41    23
(relay)    34    11    23407.56    23    23405.48    3    1
(advertise)    45    23417.76    11    23
(relay)    43    28    23419.78    23    23406.51    3    1
(advertise)    45    23442.18    28    23
(relay)    34    20    23443.99    23    23415.93    1    1
(relay)    43    40    23466.99    23    23400.62    3    1
(advertise)    45    23467.19    40    23
(relay)    43    21    23491.6    23    23428.65    1    1
(relay)    43    30    23514.0    23    23500.32    3    1
(advertise)    45    23514.2    30    23
(relay)    43    43    23521.01    23    23520.0    5    1
(advertise)    45    23536.01    43    23
(relay)    47    44    23537.63    23    23525.35    2    1
(advertise)    45    23558.03    44    23
(relay)    34    3    23562.84    23    23562.56    2    1
(advertise)    45    23580.04    3    23
(relay)    34    7    23584.85    23    23575.42    3    1
(relay)    43    6    23597.05    23    23595.74    4    2
(advertise)    45    23602.85    7    23
(advertise)    45    23623.87    6    23
(relay)    34    25    23691.28    23    23689.41    2    1
(advertise)    45    23691.48    25    23
(relay)    34    17    23713.09    23    23694.94    3    1
(advertise)    45    23713.49    17    23
(relay)    34    48    23762.11    23    23758.93    1    1
(relay)    2    2    23807.51    23    23806.58    5    1
(advertise)    45    23807.71    2    23
(relay)    46    13    23830.12    23    23824.46    4    1
(advertise)    45    23830.52    13    23
(relay)    43    0    23854.73    23    23823.0    1    1
(relay)    34    15    23862.93    23    23861.49    3    1
(advertise)    45    23863.13    15    23
(relay)    43    36    23999.54    23    23998.07    2    1
(advertise)    45    23999.74    36    23
(relay)    47    47    24017.76    25    24017.62    5    1
(advertise)    45    24021.96    47    25
(relay)    34    9    24060.37    24    24057.49    3    1
(advertise)    45    24060.57    9    24
(relay)    34    4    24096.58    24    24095.56    3    1
(advertise)    45    24096.78    4    24
(relay)    34    16    24120.2    24    24101.5    1    1
(relay)    43    32    24124.0    24    24104.46    1    1
(relay)    34    19    24149.8    24    24145.44    2    1
(advertise)    45    24150.0    19    24
(generate)    45    24159.21    [1, 6, 7, 19]    24
(relay)    43    35    24208.02    24    24206.07    1    1
(relay)    34    12    24254.82    24    24250.42    3    1
(advertise)    45    24255.02    12    24
(relay)    46    46    24321.04    24    24320.51    5    1
(advertise)    45    24321.24    46    24
(relay)    34    34    24350.65    24    24349.63    3    1
(advertise)    45    24350.85    34    24
(relay)    43    5    24352.46    24    24350.18    3    1
(relay)    43    37    24372.46    24    24364.01    2    2
(advertise)    45    24373.06    5    24
(relay)    47    41    24374.27    24    24356.4    5    2
(advertise)    45    24394.47    37    24
(relay)    34    14    24398.29    24    24369.94    2    2
(relay)    43    40    24403.29    24    24400.65    3    3
(advertise)    45    24415.49    41    24
(relay)    43    28    24425.7    24    24406.62    3    3
(advertise)    45    24437.5    14    24
(relay)    34    11    24441.71    24    24405.62    2    3
(advertise)    45    24458.51    40    24
(relay)    34    20    24464.13    24    24416.22    1    3
(advertise)    45    24482.13    28    24
(relay)    43    29    24493.54    24    24490.67    1    3
(advertise)    45    24505.34    11    24
(relay)    43    30    24515.95    24    24500.44    3    1
(relay)    43    43    24521.15    24    24520.12    5    2
(advertise)    45    24528.35    30    24
(relay)    46    44    24550.77    24    24525.45    2    2
(advertise)    45    24551.17    43    24
(advertise)    45    24573.38    44    24
(relay)    43    6    24597.59    24    24595.78    4    1
(advertise)    45    24597.79    6    24
(relay)    34    3    24603.6    24    24562.66    2    1
(advertise)    45    24620.6    3    24
(relay)    34    7    24625.22    24    24575.51    3    1
(advertise)    45    24643.62    7    24
(heartbeat)    31    6    24674.27    45    24675.63    2    2
(advertise)    45    24675.83    31    6
(relay)    34    25    24699.04    24    24689.53    2    1
(advertise)    45    24699.64    25    24
(relay)    47    17    24701.06    24    24695.04    3    1
(advertise)    45    24721.26    17    24
(relay)    34    48    24762.67    24    24759.06    1    1
(relay)    34    13    24825.07    24    24824.56    3    1
(advertise)    45    24825.27    13    24
(relay)    34    42    24849.48    24    24830.31    3    1
(advertise)    45    24849.68    42    24
(relay)    34    15    24872.1    24    24861.61    3    1
(advertise)    45    24872.3    15    24
(relay)    43    36    24998.71    24    24998.2    2    1
(advertise)    45    24998.91    36    24
(relay)    47    47    25018.32    26    25017.72    5    1
(advertise)    45    25019.92    47    26
(relay)    34    9    25060.13    25    25057.59    3    1
(advertise)    45    25060.33    9    25
(relay)    34    4    25096.75    25    25095.66    3    1
(advertise)    45    25096.95    4    25
(relay)    34    16    25121.36    25    25101.64    1    1
(relay)    34    19    25150.56    25    25145.63    2    1
(advertise)    45    25150.76    19    25
(generate)    45    25159.37    [1, 6, 7, 19]    25
(relay)    43    35    25208.39    25    25206.17    1    1
(relay)    34    12    25254.19    25    25250.56    3    1
(advertise)    45    25254.39    12    25
(relay)    46    46    25321.6    25    25320.62    5    1
(advertise)    45    25321.8    46    25
(relay)    34    34    25349.81    25    25349.81    3    1
(advertise)    45    25350.01    34    25
(relay)    46    41    25372.83    25    25356.4    5    1
(advertise)    45    25373.23    41    25
(relay)    43    37    25395.04    25    25364.14    2    1
(advertise)    45    25395.44    37    25
(relay)    43    40    25416.85    25    25400.67    3    1
(advertise)    45    25417.05    40    25
(relay)    43    28    25437.06    25    25406.75    3    1
(advertise)    45    25439.66    28    25
(relay)    46    11    25442.68    25    25405.76    3    1
(advertise)    45    25461.28    11    25
(relay)    43    29    25492.89    25    25490.69    1    1
(relay)    43    30    25516.89    25    25500.54    3    1
(advertise)    45    25517.09    30    25
(relay)    43    43    25521.3    25    25520.24    5    1
(advertise)    45    25539.9    43    25
(relay)    34    3    25564.52    25    25562.75    2    1
(advertise)    45    25564.72    3    25
(relay)    46    44    25565.93    25    25526.75    2    1
(relay)    34    7    25585.53    25    25575.62    3    2
(advertise)    45    25585.93    44    25
(relay)    43    6    25598.14    25    25595.79    4    2
(advertise)    45    25607.94    7    25
(advertise)    45    25629.76    6    25
(relay)    34    25    25691.77    25    25689.62    2    1
(advertise)    45    25691.97    25    25
(relay)    2    17    25713.38    25    25695.14    2    1
(advertise)    45    25713.78    17    25
(relay)    2    2    25806.79    25    25806.68    5    1
(advertise)    45    25806.99    2    25
(relay)    46    13    25828.81    25    25824.63    4    1
(advertise)    45    25829.21    13    25
(relay)    43    0    25830.42    25    25823.28    1    1
(relay)    34    42    25855.02    25    25830.37    3    1
(advertise)    45    25855.22    42    25
(relay)    34    15    25879.23    25    25861.71    3    1
(advertise)    45    25879.83    15    25
(relay)    43    36    25998.85    25    25998.28    2    1
(advertise)    45    25999.05    36    25
(relay)    47    47    26018.46    27    26017.82    5    1
(advertise)    45    26020.66    47    27
(relay)    34    9    26060.07    26    26057.65    3    1
(advertise)    45    26060.27    9    26
(relay)    34    4    26097.09    26    26095.74    3    1
(advertise)    45    26097.29    4    26
(relay)    34    16    26120.9    26    26101.77    1    1
(relay)    34    19    26150.5    26    26145.78    2    1
(advertise)    45    26150.7    19    26
(generate)    45    26159.51    [1, 6, 7, 19]    26
(relay)    43    35    26209.72    26    26206.26    1    1
(relay)    34    12    26252.52    26    26250.71    3    1
(advertise)    45    26252.72    12    26
(relay)    43    39    26276.14    26    26253.79    3    1
(advertise)    45    26276.34    39    26
(relay)    46    46    26321.75    26    26320.74    5    1
(advertise)    45    26321.95    46    26
(relay)    34    34    26349.96    26    26349.96    3    1
(advertise)    45    26350.16    34    26
(relay)    43    37    26372.78    26    26364.2    2    1
(advertise)    45    26373.18    37    26
(relay)    47    41    26374.79    26    26356.44    5    1
(advertise)    45    26394.99    41    26
(relay)    47    14    26397.8    26    26370.2    1    1
(relay)    43    28    26418.8    26    26406.83    3    1
(advertise)    45    26419.6    28    26
(relay)    34    11    26422.62    26    26405.88    4    1
(relay)    43    40    26440.82    26    26400.87    3    2
(advertise)    45    26442.22    11    26
(advertise)    45    26465.03    40    26
(relay)    43    29    26493.24    26    26490.74    1    1
(relay)    43    30    26516.64    26    26500.65    3    1
(advertise)    45    26516.84    30    26
(relay)    43    43    26520.45    26    26520.36    5    1
(relay)    43    21    26536.65    26    26430.28    1    2
(advertise)    45    26538.85    43    26
(relay)    47    44    26540.67    26    26526.82    2    1
(advertise)    45    26561.67    44    26
(relay)    34    3    26584.88    26    26563.87    2    1
(advertise)    45    26585.28    3    26
(relay)    47    7    26587.29    26    26575.71    2    1
(relay)    43    6    26598.09    26    26595.84    4    2
(advertise)    45    26607.29    7    26
(advertise)    45    26630.31    6    26
(relay)    34    25    26691.92    26    26689.72    2    1
(advertise)    45    26692.12    25    26
(relay)    34    17    26712.73    26    26695.25    4    1
(advertise)    45    26716.13    17    26
(relay)    34    48    26764.75    26    26759.28    1    1
(relay)    2    2    26806.95    26    26806.77    5    1
(advertise)    45    26807.15    2    26
(relay)    43    0    26830.16    26    26823.41    1    1
(relay)    46    13    26830.76    26    26824.73    4    1
(advertise)    45    26831.16    13    26
(relay)    34    42    26858.77    26    26830.47    3    1
(advertise)    45    26859.17    42    26
(relay)    34    15    26880.98    26    26861.8    3    1
(advertise)    45    26881.58    15    26
(relay)    43    36    27000.2    26    26998.38    2    1
(advertise)    45    27000.4    36    26
(relay)    47    47    27018.41    28    27017.93    5    1
(advertise)    45    27021.61    47    28
(relay)    43    33    27048.42    28    27011.21    1    1
(relay)    34    4    27098.62    27    27095.81    3    1
(advertise)    45    27098.82    4    27
(relay)    34    16    27123.24    27    27101.84    1    1
(relay)    34    19    27149.64    27    27145.93    2    1
(advertise)    45    27149.84    19    27
(relay)    43    38    27158.25    27    27156.62    3    1
(generate)    45    27159.65    [1, 6, 7, 19]    27
(advertise)    45    27173.46    38    27
(relay)    43    35    27208.68    27    27206.36    2    1
(advertise)    45    27208.88    35    27
(relay)    34    12    27251.69    27    27250.83    3    1
(advertise)    45    27251.89    12    27
(relay)    46    46    27321.9    27    27320.84    5    1
(advertise)    45    27322.1    46    27
(relay)    34    34    27350.11    27    27350.11    3    1
(advertise)    45    27350.31    34    27
(relay)    43    5    27372.33    27    27350.55    1    1
(relay)    46    41    27373.33    27    27356.45    5    1
(advertise)    45    27374.33    41    27
(relay)    43    37    27394.34    27    27364.34    2    1
(advertise)    45    27397.14    37    27
(relay)    34    11    27409.55    27    27406.04    4    1
(advertise)    45    27419.95    11    27
(relay)    43    40    27435.97    27    27400.93    3    1
(advertise)    45    27441.97    40    27
(relay)    43    28    27459.58    27    27407.01    3    1
(advertise)    45    27464.78    28    27
(relay)    43    30    27505.19    27    27500.83    3    1
(advertise)    45    27505.39    30    27
(relay)    43    43    27520.61    27    27520.51    5    1
(advertise)    45    27526.41    43    27
(relay)    34    44    27552.22    27    27526.89    3    1
(advertise)    45    27552.42    44    27
(relay)    34    3    27573.83    27    27563.97    2    1
(advertise)    45    27575.03    3    27
(relay)    34    7    27596.24    27    27575.8    3    1
(advertise)    45    27597.04    7    27
(relay)    43    6    27598.26    27    27595.93    4    1
(advertise)    45    27618.06    6    27
(relay)    34    25    27691.07    27    27689.82    2    1
(advertise)    45    27691.27    25    27
(relay)    34    17    27712.88    27    27695.38    4    1
(advertise)    45    27713.28    17    27
(relay)    2    2    27806.9    27    27806.82    5    1
(advertise)    45    27807.1    2    27
(relay)    46    13    27829.91    27    27824.8    4    1
(advertise)    45    27830.51    13    27
(relay)    43    0    27831.72    27    27823.52    1    1
(relay)    34    15    27864.12    27    27861.87    3    1
(advertise)    45    27864.32    15    27
(relay)    43    36    28000.14    27    27998.52    2    1
(advertise)    45    28000.34    36    27
(relay)    47    47    28018.55    29    28018.0    5    1
(advertise)    45    28021.55    47    29
(relay)    34    9    28058.96    28    28057.81    3    1
(advertise)    45    28059.16    9    28
(relay)    34    4    28098.77    28    28095.9    3    1
(advertise)    45    28098.97    4    28
(relay)    34    16    28122.99    28    28101.93    1    1
(relay)    34    19    28148.19    28    28146.08    2    1
(advertise)    45    28148.39    19    28
(relay)    43    38    28157.4    28    28156.64    3    1
(generate)    45    28159.8    [1, 6, 7, 19]    28
(advertise)    45    28169.81    38    28
(relay)    43    35    28210.83    28    28206.45    1    1
(relay)    34    12    28251.83    28    28250.96    3    1
(advertise)    45    28252.03    12    28
(relay)    43    39    28274.04    28    28253.88    3    1
(advertise)    45    28274.44    39    28
(relay)    46    46    28321.85    28    28320.92    5    1
(advertise)    45    28322.05    46    28
(relay)    34    34    28350.27    28    28350.25    3    1
(advertise)    45    28350.47    34    28
(relay)    47    41    28372.68    28    28356.63    5    1
(advertise)    45    28373.88    41    28
(relay)    43    37    28396.89    28    28364.48    2    1
(advertise)    45    28397.29    37    28
(relay)    34    11    28408.7    28    28406.13    4    1
(advertise)    45    28419.1    11    28
(relay)    34    20    28429.72    28    28416.68    1    1
(relay)    43    28    28441.32    28    28407.17    3    1
(advertise)    45    28442.72    28    28
(relay)    43    21    28474.93    28    28430.47    1    1
(relay)    43    29    28497.93    28    28490.82    1    1
(relay)    43    30    28518.73    28    28501.0    3    1
(advertise)    45    28518.93    30    28
(relay)    43    43    28520.74    28    28520.64    5    1
(advertise)    45    28539.94    43    28
(relay)    34    3    28566.96    28    28564.04    2    1
(advertise)    45    28567.36    3    28
(relay)    34    7    28588.17    28    28575.88    2    1
(advertise)    45    28589.37    7    28
(relay)    43    6    28596.58    28    28595.96    4    1
(advertise)    45    28611.78    6    28
(heartbeat)    31    7    28674.28    45    28676.0    2    2
(advertise)    45    28676.2    31    7
(relay)    34    25    28697.41    28    28689.9    2    1
(relay)    46    17    28698.81    28    28695.48    2    2
(advertise)    45    28699.41    25    28
(advertise)    45    28721.62    17    28
(relay)    34    48    28766.03    28    28759.48    1    1
(relay)    2    2    28807.43    28    28806.89    5    1
(advertise)    45    28807.63    2    28
(relay)    47    13    28829.85    28    28824.9    4    1
(advertise)    45    28831.25    13    28
(relay)    43    0    28856.46    28    28823.64    1    1
(relay)    47    42    28857.06    28    28830.63    2    1
(advertise)    45    28857.46    42    28
(relay)    46    15    28879.07    28    28861.97    2    1
(advertise)    45    28880.27    15    28
(relay)    47    47    29019.09    30    29018.08    5    1
(advertise)    45    29019.29    47    30
(relay)    43    33    29044.7    30    29011.46    1    1
(relay)    34    9    29059.1    29    29057.9    3    1
(advertise)    45    29059.3    9    29
(relay)    34    4    29099.31    29    29095.99    3    1
(advertise)    45    29099.51    4    29
(relay)    34    16    29123.73    29    29102.01    1    1
(relay)    34    19    29148.13    29    29146.22    2    1
(advertise)    45    29148.33    19    29
(relay)    43    38    29157.94    29    29156.68    3    1
(generate)    45    29159.94    [1, 6, 7, 19]    29
(advertise)    45    29170.95    38    29
(relay)    43    35    29211.56    29    29206.58    1    1
(relay)    34    12    29252.76    29    29251.08    3    1
(advertise)    45    29252.96    12    29
(relay)    43    39    29275.98    29    29253.93    3    1
(advertise)    45    29276.98    39    29
(relay)    46    46    29321.19    29    29320.99    5    1
(advertise)    45    29321.39    46    29
(relay)    34    34    29351.0    29    29350.4    3    1
(advertise)    45    29351.2    34    29
(relay)    43    37    29374.62    29    29365.21    2    1
(advertise)    45    29374.82    37    29
(relay)    2    41    29376.23    29    29356.66    4    1
(relay)    34    14    29397.63    29    29370.45    2    2
(advertise)    45    29397.83    41    29
(advertise)    45    29419.24    14    29
(relay)    43    28    29422.66    29    29407.31    3    1
(relay)    34    20    29429.46    29    29416.81    1    2
(advertise)    45    29440.46    28    29
(relay)    43    40    29445.67    29    29401.03    3    1
(advertise)    45    29461.47    40    29
(relay)    43    30    29501.68    29    29501.15    3    1
(advertise)    45    29501.88    30    29
(relay)    43    43    29520.89    29    29520.72    5    1
(advertise)    45    29524.09    43    29
(relay)    34    44    29555.71    29    29527.25    3    1
(advertise)    45    29555.91    44    29
(relay)    34    3    29577.72    29    29564.16    2    1
(advertise)    45    29578.12    3    29
(relay)    43    6    29596.53    29    29596.02    4    1
(advertise)    45    29599.73    6    29
(relay)    34    25    29690.35    29    29690.0    2    1
(advertise)    45    29690.55    25    29
(relay)    34    17    29713.76    29    29695.6    3    1
(advertise)    45    29714.76    17    29
(relay)    34    48    29762.77    29    29759.59    1    1
(relay)    2    2    29807.57    29    29806.95    5    1
(advertise)    45    29807.77    2    29
(relay)    46    13    29830.19    29    29824.99    4    1
(advertise)    45    29830.39    13    29
(relay)    47    15    29876.4    29    29862.07    2    1
(advertise)    45    29876.6    15    29
