(generate)    47    15    [1, 6, 7, 19]    1
(relay)    45    33    62.41    1    7    121    1
(advertise)    47    62.61    33    1
(relay)    13    33    1010.43    2    1007.03    120    1
(advertise)    47    1010.63    33    2
(generate)    47    1015.04    [1, 6, 7, 19]    2
(relay)    41    9    1056.65    1    1055.05    126    1
(advertise)    47    1056.85    9    1
(relay)    13    24    1085.27    1    1035.85    123    1
(advertise)    47    1085.67    24    1
(relay)    13    4    1107.28    1    1093.08    124    1
(advertise)    47    1107.88    4    1
(relay)    13    16    1129.69    1    1099.08    123    1
(advertise)    47    1130.09    16    1
(relay)    13    19    1152.7    1    1142.1    124    1
(advertise)    47    1153.7    19    1
(relay)    45    45    1155.72    1    1155.12    127    1
(relay)    13    10    1174.32    1    1098.08    122    2
(relay)    46    32    1175.72    1    1102.08    122    3
(advertise)    47    1175.92    45    1
(advertise)    47    1196.93    10    1
(advertise)    47    1218.94    32    1
(relay)    13    1    1238.96    1    1105.07    120    1
(advertise)    47    1241.16    1    1
(relay)    13    12    1263.97    1    1247.17    124    1
(advertise)    47    1264.37    12    1
(relay)    45    38    1265.78    1    1154.1    124    1
(advertise)    47    1285.38    38    1
(relay)    45    35    1307.8    1    1203.13    124    1
(advertise)    47    1308.2    35    1
(relay)    46    46    1318.61    1    1318.01    127    1
(advertise)    47    1332.21    46    1
(relay)    45    39    1351.82    1    1252.16    124    1
(advertise)    47    1353.22    39    1
(relay)    41    41    1355.03    1    1354.02    127    1
(relay)    45    34    1373.03    1    1346.02    126    2
(advertise)    47    1375.63    41    1
(advertise)    47    1397.65    34    1
(relay)    13    14    1424.46    1    1367.03    124    1
(advertise)    47    1424.66    14    1
(relay)    45    28    1446.87    1    1403.06    125    1
(advertise)    47    1447.27    28    1
(relay)    2    37    1468.49    1    1361.02    122    1
(advertise)    47    1470.29    37    1
(relay)    13    5    1489.1    1    1347.02    119    1
(advertise)    47    1494.5    5    1
(relay)    45    40    1514.31    1    1399.05    124    1
(advertise)    47    1516.51    40    1
(relay)    45    43    1535.73    1    1517.13    126    1
(advertise)    47    1538.53    43    1
(relay)    13    21    1557.14    1    1425.07    119    1
(relay)    45    30    1557.54    1    1497.11    125    2
(advertise)    47    1560.54    21    1
(advertise)    47    1583.95    30    1
(relay)    13    7    1602.76    1    1570.15    126    1
(relay)    45    29    1603.76    1    1488.1    124    2
(advertise)    47    1606.36    7    1
(relay)    45    3    1625.38    1    1559.14    125    2
(advertise)    47    1628.38    29    1
(advertise)    47    1650.39    3    1
(relay)    41    44    1666.8    1    1520.33    122    1
(advertise)    47    1672.6    44    1
(relay)    45    6    1692.82    1    1594.16    124    1
(advertise)    47    1695.62    6    1
(relay)    13    23    1713.23    1    1473.1    121    1
(relay)    45    20    1716.63    1    1413.06    121    2
(advertise)    47    1718.63    23    1
(relay)    41    17    1733.24    1    1692.03    125    2
(advertise)    47    1739.64    20    1
(relay)    45    27    1760.06    1    1633.19    123    2
(advertise)    47    1761.06    17    1
(relay)    13    26    1779.67    1    1520.13    122    2
(relay)    41    25    1781.27    1    1687.02    124    3
(advertise)    47    1784.27    27    1
(relay)    2    2    1806.08    1    1805.07    127    3
(advertise)    47    1806.88    26    1
(relay)    13    13    1822.29    1    1822.09    127    3
(advertise)    47    1828.49    25    1
(relay)    45    22    1846.71    1    1505.11    120    3
(advertise)    47    1851.11    2    1
(relay)    13    15    1869.32    1    1859.12    126    3
(advertise)    47    1873.72    13    1
(advertise)    47    1894.73    22    1
(relay)    45    18    1911.75    1    1697.03    121    2
(advertise)    47    1917.75    15    1
(relay)    13    42    1935.56    1    1828.11    124    2
(advertise)    47    1939.96    18    1
(relay)    45    0    1956.37    1    1819.11    122    2
(advertise)    47    1960.97    42    1
(advertise)    47    1982.79    0    1
(generate)    47    2015.2    [1, 6, 7, 19]    3
(relay)    45    36    2038.01    1    1995.19    124    1
(advertise)    47    2038.21    36    1
(relay)    13    9    2061.62    2    2055.22    126    1
(advertise)    47    2062.02    9    2
(relay)    45    10    2110.04    2    2098.26    122    1
(advertise)    47    2110.24    10    2
(relay)    45    32    2132.85    2    2102.28    122    1
(advertise)    47    2134.05    32    2
(relay)    45    1    2155.66    2    2105.25    121    1
(relay)    45    45    2156.86    2    2155.88    127    2
(advertise)    47    2157.86    1    2
(relay)    13    4    2179.68    2    2093.25    124    2
(advertise)    47    2181.08    45    2
(advertise)    47    2202.29    4    2
(relay)    13    38    2226.1    2    2155.29    121    1
(advertise)    47    2226.3    38    2
(relay)    45    35    2242.92    2    2203.32    123    1
(advertise)    47    2249.72    35    2
(relay)    45    19    2265.93    2    2142.28    120    1
(advertise)    47    2271.33    19    2
(relay)    45    39    2289.14    2    2252.34    124    1
(advertise)    47    2293.14    39    2
(relay)    46    46    2318.75    2    2318.15    127    1
(advertise)    47    2319.15    46    2
(relay)    13    12    2343.97    2    2247.34    121    1
(advertise)    47    2344.17    12    2
(relay)    41    41    2355.18    2    2354.14    127    1
(advertise)    47    2365.98    41    2
(relay)    13    34    2387.99    2    2346.17    125    1
(advertise)    47    2389.99    34    2
(relay)    45    5    2408.61    2    2347.21    125    1
(advertise)    47    2412.01    5    2
(relay)    45    8    2433.62    2    2302.38    122    1
(advertise)    47    2434.22    8    2
(relay)    13    11    2454.23    2    2402.23    125    1
(advertise)    47    2456.23    11    2
(relay)    13    14    2476.24    2    2367.22    124    1
(relay)    45    37    2478.64    2    2361.21    124    2
(advertise)    47    2478.84    14    2
(advertise)    47    2500.86    37    2
(relay)    45    28    2523.67    2    2403.25    125    1
(advertise)    47    2525.27    28    2
(relay)    45    40    2543.88    2    2399.23    124    1
(advertise)    47    2548.08    40    2
(relay)    45    43    2564.9    2    2517.31    126    1
(relay)    13    44    2569.7    2    2520.5    123    2
(advertise)    47    2570.3    43    2
(relay)    45    20    2588.11    2    2413.25    121    2
(advertise)    47    2593.31    44    2
(relay)    45    30    2609.92    2    2497.3    125    2
(relay)    13    3    2613.92    2    2559.28    125    3
(advertise)    47    2616.32    20    2
(relay)    13    7    2634.54    2    2570.3    125    3
(advertise)    47    2638.74    30    2
(advertise)    47    2659.95    3    2
(relay)    45    29    2679.56    2    2488.3    124    2
(relay)    13    26    2679.96    2    2520.31    122    3
(advertise)    47    2681.16    7    2
(advertise)    47    2702.77    29    2
(advertise)    47    2724.19    26    2
(relay)    13    22    2743.2    2    2505.3    121    1
(relay)    2    21    2745.0    2    2425.27    121    2
(advertise)    47    2746.2    22    2
(relay)    46    17    2748.81    2    2692.17    125    2
(relay)    13    25    2766.21    2    2687.16    125    3
(advertise)    47    2767.41    21    2
(relay)    45    23    2769.63    2    2473.3    122    3
(advertise)    47    2790.63    17    2
(relay)    2    2    2806.24    2    2805.21    127    3
(advertise)    47    2812.44    25    2
(relay)    13    13    2822.25    2    2822.24    127    3
(relay)    45    27    2834.65    2    2633.37    122    4
(advertise)    47    2834.85    23    2
(advertise)    47    2857.47    2    2
(advertise)    47    2878.48    13    2
(advertise)    47    2899.69    27    2
(relay)    41    15    2904.5    2    2859.27    124    1
(advertise)    47    2923.7    15    2
(relay)    13    48    2950.52    2    2756.25    123    1
(advertise)    47    2950.92    48    2
(relay)    45    0    3000.13    2    2819.29    121    1
(advertise)    47    3000.33    0    2
(generate)    47    3015.34    [1, 6, 7, 19]    4
(relay)    45    36    3044.56    2    2995.38    124    1
(advertise)    47    3044.76    36    2
(relay)    45    42    3066.37    2    2828.28    118    1
(advertise)    47    3067.37    42    2
(relay)    13    9    3068.98    3    3055.36    126    1
(advertise)    47    3088.58    9    3
(relay)    13    6    3090.2    2    2594.35    115    1
(relay)    46    33    3111.0    4    3007.41    121    2
(advertise)    47    3111.6    6    2
(relay)    45    24    3133.01    3    3036.22    120    2
(advertise)    47    3134.21    33    4
(relay)    45    45    3157.02    3    3156.03    127    2
(advertise)    47    3157.82    24    3
(relay)    45    32    3177.43    3    3102.46    123    2
(advertise)    47    3180.23    45    3
(relay)    45    10    3199.65    3    3098.45    122    2
(advertise)    47    3201.45    32    3
(advertise)    47    3223.06    10    3
(relay)    13    4    3227.27    3    3093.45    124    1
(advertise)    47    3244.07    4    3
(relay)    45    16    3246.89    3    3099.45    119    1
(relay)    46    38    3248.29    3    3155.46    123    2
(advertise)    47    3265.89    16    3
(relay)    13    19    3271.3    3    3142.47    124    2
(advertise)    47    3287.3    38    3
(relay)    45    35    3289.31    3    3203.5    124    2
(advertise)    47    3309.51    19    3
(relay)    46    46    3318.93    3    3318.33    127    2
(advertise)    47    3332.53    35    3
(relay)    41    41    3354.34    3    3354.3    127    2
(advertise)    47    3355.54    46    3
(relay)    45    39    3378.55    3    3252.53    124    2
(advertise)    47    3378.95    41    3
(relay)    41    12    3380.96    3    3247.53    123    2
(relay)    45    34    3400.76    3    3346.33    126    3
(advertise)    47    3402.16    39    3
(advertise)    47    3424.18    12    3
(advertise)    47    3445.99    34    3
(relay)    13    1    3448.4    3    3105.45    120    1
(relay)    45    5    3466.8    3    3347.39    125    2
(advertise)    47    3469.0    1    3
(relay)    45    37    3488.42    3    3361.39    124    2
(advertise)    47    3490.42    5    3
(relay)    45    11    3510.03    3    3402.43    124    2
(advertise)    47    3512.63    37    3
(relay)    45    28    3532.64    3    3403.43    125    2
(advertise)    47    3533.64    11    3
(relay)    13    14    3535.86    3    3367.42    124    2
(relay)    45    40    3553.86    3    3399.4    124    3
(advertise)    47    3556.46    28    3
(relay)    45    43    3575.67    3    3517.49    126    3
(advertise)    47    3577.67    14    3
(relay)    13    8    3581.48    3    3302.56    121    3
(relay)    45    3    3597.88    3    3559.44    125    4
(advertise)    47    3598.68    40    3
(advertise)    47    3620.49    43    3
(advertise)    47    3641.71    8    3
(relay)    13    20    3644.52    3    3413.44    122    2
(relay)    45    7    3662.12    3    3570.46    125    3
(advertise)    47    3664.32    3    3
(relay)    45    30    3684.73    3    3497.48    125    3
(advertise)    47    3685.33    20    3
(relay)    45    29    3707.15    3    3488.49    124    3
(advertise)    47    3709.35    7    3
(advertise)    47    3730.36    30    3
(relay)    13    21    3732.37    3    3425.46    120    2
(advertise)    47    3753.37    29    3
(relay)    45    6    3771.99    3    3594.53    125    2
(relay)    13    17    3775.79    3    3692.35    126    3
(advertise)    47    3776.79    21    3
(relay)    45    25    3794.4    3    3687.32    125    3
(relay)    13    26    3797.8    3    3520.51    123    4
(advertise)    47    3799.6    6    3
(relay)    2    2    3805.41    3    3805.39    127    4
(advertise)    47    3821.21    17    3
(relay)    13    13    3822.62    3    3822.41    127    4
(relay)    45    23    3837.02    3    3473.49    122    5
(advertise)    47    3843.42    25    3
(advertise)    47    3865.44    26    3
(relay)    45    22    3881.45    3    3505.49    122    4
(advertise)    47    3886.85    2    3
(advertise)    47    3908.86    13    3
(relay)    13    44    3910.08    3    3520.68    122    3
(relay)    45    27    3924.68    3    3633.56    123    4
(advertise)    47    3931.28    23    3
(advertise)    47    3953.49    22    3
(relay)    13    15    3956.1    3    3859.41    126    3
(advertise)    47    3975.5    44    3
(advertise)    47    3997.92    27    3
(relay)    13    42    4000.13    3    3828.46    124    2
(relay)    45    18    4012.73    3    3697.41    121    3
(generate)    47    4015.53    [1, 6, 7, 19]    5
(advertise)    47    4021.74    15    3
(advertise)    47    4044.15    42    3
(advertise)    47    4065.17    18    3
(relay)    45    48    4079.38    3    3756.45    122    1
(advertise)    47    4087.18    48    3
(relay)    45    36    4101.99    3    3995.57    124    1
(relay)    13    0    4108.79    3    3819.49    119    2
(advertise)    47    4109.19    36    3
(relay)    41    9    4126.81    4    4055.54    126    2
(advertise)    47    4132.41    0    3
(relay)    45    33    4147.62    5    4007.61    122    2
(relay)    13    24    4152.62    4    4036.42    122    3
(advertise)    47    4154.62    9    4
(relay)    45    45    4157.23    4    4156.23    127    3
(advertise)    47    4177.83    33    5
(relay)    13    4    4195.05    4    4093.65    124    3
(advertise)    47    4201.05    24    4
(relay)    45    38    4212.46    4    4155.66    124    3
(advertise)    47    4223.06    45    4
(relay)    13    16    4239.67    4    4099.65    122    3
(advertise)    47    4245.47    4    4
(advertise)    47    4266.68    38    4
(relay)    13    19    4283.3    4    4142.68    124    2
(relay)    2    32    4286.7    4    4102.66    122    3
(advertise)    47    4289.5    16    4
(relay)    45    35    4306.51    4    4203.7    124    3
(advertise)    47    4312.51    19    4
(relay)    46    46    4319.52    4    4318.52    127    3
(advertise)    47    4333.52    32    4
(advertise)    47    4354.54    35    4
(relay)    13    34    4370.55    4    4346.52    125    2
(relay)    45    1    4374.55    4    4105.65    121    3
(advertise)    47    4375.55    46    4
(relay)    13    41    4392.56    4    4354.5    126    3
(advertise)    47    4398.96    34    4
(advertise)    47    4419.98    1    4
(relay)    2    39    4440.99    4    4252.71    123    2
(advertise)    47    4441.19    41    4
(advertise)    47    4463.2    39    4
(relay)    46    5    4469.01    4    4347.59    124    1
(relay)    13    11    4478.21    4    4402.63    125    2
(advertise)    47    4486.21    5    4
(relay)    45    10    4487.43    4    4098.65    121    2
(advertise)    47    4508.23    11    4
(relay)    13    14    4521.24    4    4367.61    124    2
(advertise)    47    4531.24    10    4
(relay)    45    28    4533.25    4    4404.03    125    2
(advertise)    47    4554.85    14    4
(relay)    13    8    4565.47    4    4302.76    122    2
(advertise)    47    4577.47    28    4
(relay)    46    43    4582.08    4    4517.69    125    2
(advertise)    47    4599.88    8    4
(relay)    13    7    4608.89    4    4570.65    126    2
(relay)    45    40    4620.89    4    4399.41    124    3
(advertise)    47    4621.49    43    4
(advertise)    47    4646.11    7    4
(relay)    13    3    4654.12    4    4559.64    125    2
(relay)    45    30    4664.72    4    4497.68    125    3
(advertise)    47    4669.32    40    4
(relay)    13    20    4675.13    4    4413.64    123    3
(advertise)    47    4692.53    3    4
(relay)    45    29    4709.94    4    4488.69    124    3
(advertise)    47    4715.54    30    4
(relay)    13    37    4718.96    4    4361.59    121    3
(advertise)    47    4737.36    20    4
(relay)    45    6    4753.77    4    4594.73    125    3
(advertise)    47    4759.57    29    4
(relay)    13    44    4764.38    4    4521.89    124    3
(relay)    41    17    4764.98    4    4692.54    125    4
(advertise)    47    4781.98    37    4
(advertise)    47    4804.4    6    4
(relay)    2    2    4805.61    4    4805.57    127    3
(relay)    2    21    4817.21    4    4425.65    121    4
(heartbeat)    31    1    4674.2    47    4819.61    127    0
(relay)    13    13    4822.61    4    4822.61    5    6
(advertise)    47    4826.01    44    4
(relay)    13    22    4830.02    4    4505.51    122    6
(advertise)    47    4847.62    17    4
(advertise)    47    4869.04    2    4
(advertise)    47    4891.25    21    4
(relay)    45    23    4909.06    4    4473.69    122    4
(advertise)    47    4914.06    31    1
(advertise)    47    4936.47    13    4
(relay)    13    15    4938.89    4    4859.61    3    3
(advertise)    47    4959.09    22    4
(relay)    13    26    4961.7    4    4520.71    121    3
(advertise)    47    4982.1    23    4
(relay)    45    18    4999.51    4    4697.61    121    3
(advertise)    47    5003.51    15    4
(generate)    47    5015.73    [1, 6, 7, 19]    6
(advertise)    47    5024.74    26    4
(advertise)    47    5045.75    18    4
(relay)    45    48    5067.57    4    4756.65    120    1
(advertise)    47    5067.77    48    4
(relay)    13    9    5095.18    5    5055.74    4    1
(advertise)    47    5095.38    9    5
(relay)    45    36    5111.79    4    4995.77    1    1
(relay)    13    42    5118.79    4    4828.66    123    1
(advertise)    47    5118.99    42    4
(relay)    45    0    5135.0    4    4820.09    119    1
(advertise)    47    5140.4    0    4
(relay)    45    45    5157.42    5    5156.42    4    1
(advertise)    47    5164.02    45    5
(relay)    13    4    5188.63    5    5093.84    4    1
(advertise)    47    5189.03    4    5
(relay)    13    16    5235.64    5    5099.84    2    1
(advertise)    47    5235.84    16    5
(relay)    13    19    5257.26    5    5142.88    3    1
(advertise)    47    5257.66    19    5
(relay)    13    12    5279.27    5    5248.13    3    1
(advertise)    47    5281.07    12    5
(relay)    46    46    5319.68    5    5318.7    5    1
(advertise)    47    5319.88    46    5
(relay)    2    34    5347.7    5    5346.71    1    1
(relay)    41    41    5354.7    5    5354.67    6    1
(advertise)    47    5354.9    41    5
(relay)    45    5    5393.31    5    5347.77    1    1
(relay)    13    14    5393.51    5    5367.79    3    1
(advertise)    47    5393.71    14    5
(relay)    13    11    5415.72    5    5402.81    3    1
(advertise)    47    5415.92    11    5
(relay)    45    28    5459.13    5    5404.2    2    1
(advertise)    47    5459.33    28    5
(relay)    45    43    5519.95    5    5517.84    4    1
(advertise)    47    5520.15    43    5
(relay)    45    30    5543.36    5    5497.88    2    1
(advertise)    47    5544.16    30    5
(relay)    13    44    5554.97    5    5522.03    3    1
(advertise)    47    5565.17    44    5
(relay)    13    7    5576.99    5    5570.79    3    1
(advertise)    47    5586.99    7    5
(relay)    13    3    5600.4    5    5559.77    1    1
(relay)    45    6    5612.2    5    5594.83    3    1
(advertise)    47    5612.6    6    5
(relay)    13    26    5646.61    5    5520.86    1    1
(relay)    13    25    5690.21    5    5687.63    1    1
(relay)    41    17    5695.21    5    5692.66    2    1
(advertise)    47    5695.41    17    5
(relay)    13    48    5762.43    5    5756.7    1    1
(relay)    2    2    5805.63    5    5805.59    5    1
(advertise)    47    5805.83    2    5
(relay)    13    13    5823.24    5    5822.68    5    1
(advertise)    47    5827.44    13    5
(relay)    13    42    5854.05    5    5828.7    3    1
(advertise)    47    5854.45    42    5
(relay)    13    15    5875.26    5    5859.68    3    1
(advertise)    47    5878.86    15    5
(relay)    45    36    5997.48    5    5995.77    1    1
(generate)    47    6015.88    [1, 6, 7, 19]    7
(relay)    13    9    6058.09    6    6055.9    4    1
(advertise)    47    6058.29    9    6
(relay)    13    4    6104.9    6    6093.99    4    1
(advertise)    47    6105.1    4    6
(relay)    13    16    6129.72    6    6099.98    2    1
(advertise)    47    6130.92    16    6
(relay)    46    19    6153.73    6    6142.9    1    1
(relay)    45    45    6156.73    6    6156.58    4    1
(advertise)    47    6156.93    45    6
(relay)    45    38    6178.74    6    6155.86    2    1
(advertise)    47    6179.94    38    6
(relay)    45    35    6220.96    6    6204.02    1    1
(relay)    13    12    6249.36    6    6248.27    3    1
(advertise)    47    6249.56    12    6
(relay)    46    46    6319.77    6    6318.81    5    1
(advertise)    47    6319.97    46    6
(relay)    45    34    6347.38    6    6346.86    2    1
(advertise)    47    6347.58    34    6
(relay)    41    41    6354.79    6    6354.68    6    1
(advertise)    47    6368.59    41    6
(relay)    45    37    6391.21    6    6361.87    1    1
(relay)    13    14    6395.81    6    6367.91    3    1
(advertise)    47    6396.01    14    6
(relay)    45    28    6436.62    6    6404.32    2    1
(advertise)    47    6436.82    28    6
(relay)    13    20    6441.63    6    6413.91    1    1
(relay)    45    11    6458.43    6    6402.98    2    1
(advertise)    47    6459.03    11    6
(relay)    45    40    6481.65    6    6399.58    2    1
(advertise)    47    6481.85    40    6
(relay)    45    30    6506.06    6    6498.02    2    1
(advertise)    47    6507.26    30    6
(relay)    13    26    6522.67    6    6520.98    1    1
(relay)    45    43    6527.67    6    6517.95    4    1
(advertise)    47    6530.27    43    6
(relay)    13    3    6568.89    6    6560.1    1    1
(relay)    41    7    6589.89    6    6570.91    2    1
(advertise)    47    6590.09    7    6
(relay)    45    6    6598.3    6    6594.89    3    1
(advertise)    47    6612.1    6    6
(relay)    45    25    6690.11    6    6687.72    1    1
(relay)    13    17    6710.51    6    6692.79    3    1
(advertise)    47    6710.71    17    6
(relay)    13    48    6762.72    6    6756.82    1    1
(relay)    2    2    6805.72    6    6805.62    5    1
(advertise)    47    6805.92    2    6
(relay)    13    13    6823.34    6    6822.8    5    1
(advertise)    47    6829.54    13    6
(relay)    13    15    6861.95    6    6859.76    3    1
(advertise)    47    6862.15    15    6
(relay)    45    36    6997.76    6    6995.83    1    1
(generate)    47    7015.96    [1, 6, 7, 19]    8
(relay)    13    9    7056.38    7    7056.0    4    1
(advertise)    47    7056.58    9    7
(relay)    13    4    7096.79    7    7094.09    4    1
(advertise)    47    7096.99    4    7
(relay)    13    16    7121.0    7    7100.05    2    1
(advertise)    47    7121.6    16    7
(relay)    13    19    7145.82    7    7143.05    3    1
(advertise)    47    7146.22    19    7
(relay)    45    45    7156.83    7    7156.72    4    1
(advertise)    47    7167.43    45    7
(relay)    45    38    7172.64    7    7155.91    2    1
(advertise)    47    7189.64    38    7
(relay)    45    35    7220.25    7    7204.11    1    1
(relay)    13    12    7249.45    7    7248.4    3    1
(advertise)    47    7249.65    12    7
(relay)    46    46    7319.87    7    7318.89    5    1
(advertise)    47    7320.07    46    7
(relay)    45    34    7347.68    7    7347.02    2    1
(advertise)    47    7348.08    34    7
(relay)    41    41    7354.69    7    7354.69    6    1
(advertise)    47    7371.09    41    7
(relay)    45    37    7395.11    7    7361.97    1    1
(relay)    13    11    7406.51    7    7403.11    3    1
(advertise)    47    7406.71    11    7
(relay)    45    28    7439.12    7    7404.44    2    1
(advertise)    47    7439.32    28    7
(relay)    45    30    7501.53    7    7498.14    2    1
(advertise)    47    7501.73    30    7
(relay)    45    43    7522.95    7    7518.06    4    1
(advertise)    47    7523.15    43    7
(relay)    13    44    7547.16    7    7523.4    2    1
(advertise)    47    7547.56    44    7
(relay)    45    3    7571.97    7    7560.18    1    1
(relay)    13    26    7572.37    7    7521.1    1    1
(relay)    46    6    7598.97    7    7594.95    2    1
(advertise)    47    7599.17    6    7
(relay)    41    7    7621.38    7    7570.98    2    1
(advertise)    47    7621.78    7    7
(relay)    45    25    7689.4    7    7687.82    1    1
(relay)    41    17    7710.4    7    7692.89    2    1
(advertise)    47    7710.6    17    7
(relay)    13    48    7763.21    7    7756.91    1    1
(relay)    2    2    7805.81    7    7805.64    5    1
(advertise)    47    7806.01    2    7
(relay)    13    13    7823.42    7    7822.9    5    1
(advertise)    47    7828.02    13    7
(relay)    13    42    7855.84    7    7828.86    2    1
(advertise)    47    7856.04    42    7
(relay)    13    15    7876.85    7    7859.85    3    1
(advertise)    47    7880.05    15    7
(relay)    45    36    7998.26    7    7995.95    1    1
(generate)    47    8016.06    [1, 6, 7, 19]    9
(relay)    41    9    8056.68    8    8056.1    4    1
(advertise)    47    8056.88    9    8
(relay)    13    4    8096.89    8    8094.17    4    1
(advertise)    47    8097.09    4    8
(relay)    13    16    8121.3    8    8100.14    2    1
(advertise)    47    8121.5    16    8
(relay)    2    19    8145.71    8    8143.16    1    1
(relay)    45    45    8156.91    8    8156.86    4    1
(advertise)    47    8157.11    45    8
(relay)    45    38    8170.73    8    8155.93    2    1
(advertise)    47    8179.93    38    8
(relay)    13    12    8249.54    8    8248.51    3    1
(advertise)    47    8249.74    12    8
(relay)    45    39    8274.15    8    8252.96    2    1
(advertise)    47    8274.35    39    8
(relay)    46    46    8319.97    8    8318.99    5    1
(advertise)    47    8320.17    46    8
(relay)    45    34    8347.78    8    8347.17    2    1
(advertise)    47    8347.98    34    8
(relay)    41    41    8355.19    8    8354.72    6    1
(advertise)    47    8370.39    41    8
(relay)    2    5    8394.81    8    8348.15    1    1
(relay)    13    14    8395.21    8    8368.12    1    1
(relay)    41    11    8416.41    8    8403.25    2    1
(advertise)    47    8416.61    11    8
(relay)    45    40    8438.22    8    8399.65    2    1
(advertise)    47    8440.02    40    8
(relay)    45    28    8464.23    8    8404.57    2    1
(advertise)    47    8464.83    28    8
(relay)    45    30    8511.84    8    8498.29    2    1
(advertise)    47    8512.04    30    8
(relay)    45    43    8533.86    8    8518.2    4    1
(advertise)    47    8534.26    43    8
(relay)    46    44    8556.07    8    8523.47    1    1
(relay)    13    3    8563.27    8    8560.31    1    1
(relay)    13    7    8584.87    8    8571.08    3    1
(advertise)    47    8585.07    7    8
(relay)    45    6    8623.08    8    8595.02    3    1
(advertise)    47    8623.28    6    8
(heartbeat)    31    2    8674.21    47    8676.7    3    3
(advertise)    47    8676.9    31    2
(relay)    45    25    8696.91    8    8687.95    1    1
(relay)    41    17    8702.11    8    8693.03    2    1
(advertise)    47    8702.31    17    8
(relay)    13    48    8768.72    8    8757.03    1    1
(relay)    2    2    8806.32    8    8805.71    5    1
(advertise)    47    8806.52    2    8
(relay)    13    13    8823.54    8    8823.0    5    1
(advertise)    47    8829.34    13    8
(relay)    13    42    8855.95    8    8828.95    3    1
(advertise)    47    8856.35    42    8
(relay)    45    15    8878.36    8    8859.97    2    1
(advertise)    47    8881.56    15    8
(generate)    47    9016.17    [1, 6, 7, 19]    10
(relay)    45    9    9056.99    9    9056.2    2    1
(advertise)    47    9057.19    9    9
(relay)    13    4    9097.8    9    9094.25    4    1
(advertise)    47    9098.0    4    9
(relay)    41    16    9122.61    9    9100.23    1    1
(relay)    13    19    9144.61    9    9143.31    3    1
(advertise)    47    9144.81    19    9
(relay)    45    45    9157.23    9    9157.03    4    1
(advertise)    47    9168.83    45    9
(relay)    45    35    9209.24    9    9204.4    1    1
(relay)    13    12    9250.44    9    9248.66    3    1
(advertise)    47    9250.64    12    9
(relay)    45    39    9275.25    9    9252.99    2    1
(advertise)    47    9275.65    39    9
(relay)    46    46    9319.27    9    9319.1    5    1
(advertise)    47    9319.47    46    9
(relay)    45    34    9348.68    9    9347.34    2    1
(advertise)    47    9348.88    34    9
(relay)    41    41    9355.29    9    9354.75    6    1
(advertise)    47    9370.09    41    9
(relay)    45    5    9372.9    9    9348.31    1    1
(relay)    13    11    9404.1    9    9403.4    3    1
(advertise)    47    9404.3    11    9
(relay)    45    37    9416.92    9    9362.26    1    1
(relay)    13    20    9427.92    9    9414.23    1    1
(relay)    45    40    9439.92    9    9399.7    2    1
(advertise)    47    9440.12    40    9
(relay)    45    28    9461.53    9    9404.75    2    1
(advertise)    47    9462.73    28    9
(relay)    45    30    9499.14    9    9498.48    2    1
(advertise)    47    9499.34    30    9
(relay)    45    43    9520.16    9    9518.33    4    1
(advertise)    47    9521.96    43    9
(relay)    13    44    9547.77    9    9523.54    3    1
(advertise)    47    9548.17    44    9
(relay)    45    3    9570.38    9    9560.41    1    1
(relay)    13    26    9572.58    9    9521.34    1    1
(relay)    45    6    9596.38    9    9595.07    3    1
(advertise)    47    9596.58    6    9
(relay)    13    7    9616.2    9    9571.21    2    1
(advertise)    47    9619.4    7    9
(relay)    13    25    9688.61    9    9688.04    1    1
(relay)    13    17    9712.21    9    9693.18    3    1
(advertise)    47    9712.41    17    9
(relay)    13    48    9760.62    9    9757.15    1    1
(relay)    2    2    9806.22    9    9805.76    5    1
(advertise)    47    9806.42    2    9
(relay)    13    13    9824.04    9    9823.11    5    1
(advertise)    47    9828.44    13    9
(relay)    13    15    9860.45    9    9860.09    3    1
(advertise)    47    9860.65    15    9
(relay)    45    36    9998.86    9    9996.23    1    1
(generate)    47    10016.26    [1, 6, 7, 19]    11
(relay)    41    9    10056.87    10    10056.27    4    1
(advertise)    47    10057.07    9    10
(relay)    13    4    10099.09    10    10094.34    4    1
(advertise)    47    10099.29    4    10
(relay)    46    16    10123.5    10    10100.33    1    1
(relay)    13    19    10146.7    10    10143.46    3    1
(advertise)    47    10146.9    19    10
(relay)    45    45    10157.71    10    10157.2    4    1
(advertise)    47    10167.91    45    10
(relay)    45    35    10209.13    10    10204.51    1    1
(relay)    13    12    10251.33    10    10248.76    3    1
(advertise)    47    10251.53    12    10
(relay)    45    39    10278.34    10    10253.01    2    1
(advertise)    47    10278.74    39    10
(relay)    46    46    10319.35    10    10319.2    5    1
(advertise)    47    10319.55    46    10
(relay)    45    34    10348.97    10    10347.5    2    1
(advertise)    47    10349.17    34    10
(relay)    41    41    10355.58    10    10354.95    6    1
(advertise)    47    10370.18    41    10
(relay)    45    5    10371.39    10    10348.45    1    1
(relay)    13    11    10414.99    10    10403.56    3    1
(advertise)    47    10415.19    11    10
(relay)    45    14    10438.4    10    10368.37    2    1
(advertise)    47    10438.6    14    10
(relay)    45    28    10461.62    10    10404.88    2    1
(advertise)    47    10461.82    28    10
(relay)    45    40    10505.43    10    10399.89    1    1
(relay)    45    43    10527.63    10    10518.45    4    1
(advertise)    47    10527.83    43    10
(relay)    45    30    10551.44    10    10498.63    2    1
(advertise)    47    10551.64    30    10
(relay)    13    44    10553.06    10    10523.64    3    1
(advertise)    47    10575.26    44    10
(relay)    45    3    10597.07    10    10560.51    1    1
(relay)    13    26    10618.87    10    10521.48    1    1
(relay)    45    7    10621.47    10    10571.3    2    1
(advertise)    47    10621.67    7    10
(relay)    45    25    10689.28    10    10688.13    1    1
(relay)    41    17    10712.88    10    10693.32    2    1
(advertise)    47    10713.08    17    10
(relay)    13    48    10760.7    10    10757.26    1    1
(relay)    2    2    10806.3    10    10805.8    5    1
(advertise)    47    10806.5    2    10
(relay)    13    13    10824.11    10    10823.2    5    1
(advertise)    47    10827.71    13    10
(relay)    13    42    10852.72    10    10829.11    3    1
(advertise)    47    10853.32    42    10
(relay)    13    15    10874.93    10    10860.19    3    1
(advertise)    47    10876.33    15    10
(relay)    45    36    11000.55    10    10996.36    1    1
(generate)    47    11016.35    [1, 6, 7, 19]    12
(relay)    13    24    11042.96    11    11037.41    1    1
(relay)    41    9    11057.56    11    11056.39    4    1
(advertise)    47    11057.76    9    11
(relay)    13    4    11099.17    11    11094.43    4    1
(advertise)    47    11099.37    4    11
(relay)    13    16    11120.19    11    11100.43    2    1
(advertise)    47    11121.39    16    11
(relay)    13    19    11146.0    11    11143.62    3    1
(advertise)    47    11146.2    19    11
(relay)    45    45    11158.01    11    11157.39    4    1
(advertise)    47    11168.41    45    11
(relay)    45    35    11206.63    11    11204.66    1    1
(relay)    13    12    11251.83    11    11248.89    3    1
(advertise)    47    11252.03    12    11
(relay)    45    39    11277.64    11    11253.04    2    1
(advertise)    47    11277.84    39    11
(relay)    46    46    11319.45    11    11319.3    5    1
(advertise)    47    11319.65    46    11
(relay)    45    34    11349.06    11    11347.65    2    1
(advertise)    47    11349.26    34    11
(relay)    41    41    11356.08    11    11355.14    6    1
(advertise)    47    11370.28    41    11
(relay)    41    14    11396.09    11    11368.45    2    1
(advertise)    47    11396.29    14    11
(relay)    13    11    11419.1    11    11403.73    3    1
(advertise)    47    11419.3    11    11
(relay)    13    20    11447.32    11    11414.46    1    1
(relay)    45    40    11464.52    11    11399.91    2    1
(advertise)    47    11464.72    40    11
(relay)    45    28    11486.73    11    11405.0    2    1
(advertise)    47    11488.53    28    11
(relay)    45    30    11508.74    11    11498.75    2    1
(advertise)    47    11510.54    30    11
(relay)    13    26    11525.36    11    11521.59    1    1
(relay)    45    43    11530.76    11    11518.63    4    1
(advertise)    47    11531.96    43    11
(relay)    13    3    11569.17    11    11560.63    1    1
(relay)    13    7    11590.97    11    11571.45    3    1
(advertise)    47    11591.17    7    11
(relay)    45    6    11622.18    11    11595.15    3    1
(advertise)    47    11622.38    6    11
(relay)    45    25    11690.39    11    11688.26    1    1
(relay)    13    17    11694.79    11    11693.47    3    1
(advertise)    47    11694.99    17    11
(relay)    13    48    11758.41    11    11757.36    1    1
(relay)    2    2    11806.81    11    11805.84    5    1
(advertise)    47    11807.01    2    11
(relay)    13    13    11824.22    11    11823.31    5    1
(advertise)    47    11829.82    13    11
(relay)    13    15    11861.23    11    11860.31    3    1
(advertise)    47    11861.43    15    11
(generate)    47    12016.45    [1, 6, 7, 19]    13
(relay)    13    9    12057.66    12    12056.47    4    1
(advertise)    47    12057.86    9    12
(relay)    13    4    12099.07    12    12094.47    4    1
(advertise)    47    12099.27    4    12
(relay)    41    16    12119.69    12    12100.51    1    1
(relay)    13    19    12147.89    12    12143.74    3    1
(advertise)    47    12148.09    19    12
(relay)    45    45    12158.1    12    12157.53    4    1
(advertise)    47    12169.5    45    12
(relay)    45    38    12173.71    12    12156.02    2    1
(advertise)    47    12190.51    38    12
(relay)    13    12    12252.72    12    12248.96    3    1
(advertise)    47    12252.92    12    12
(relay)    46    46    12319.94    12    12319.38    5    1
(advertise)    47    12320.14    46    12
(relay)    45    34    12349.95    12    12347.82    2    1
(advertise)    47    12350.15    34    12
(relay)    41    41    12356.16    12    12355.17    6    1
(advertise)    47    12371.96    41    12
(relay)    45    5    12373.18    12    12348.57    2    1
(advertise)    47    12393.38    5    12
(relay)    45    40    12401.39    12    12399.93    2    1
(relay)    13    11    12405.39    12    12403.83    3    2
(advertise)    47    12414.59    40    12
(relay)    45    28    12425.2    12    12405.02    2    2
(relay)    13    20    12431.2    12    12414.57    1    3
(advertise)    47    12436.4    11    12
(advertise)    47    12457.62    28    12
(relay)    45    30    12500.83    12    12498.75    2    1
(advertise)    47    12501.03    30    12
(relay)    45    43    12525.24    12    12518.68    4    1
(advertise)    47    12525.44    43    12
(relay)    45    44    12550.45    12    12524.38    2    1
(advertise)    47    12551.25    44    12
(relay)    13    3    12571.87    12    12560.72    1    1
(relay)    13    7    12594.87    12    12571.52    3    1
(advertise)    47    12595.07    7    12
(relay)    45    6    12597.48    12    12595.22    3    1
(advertise)    47    12617.28    6    12
(heartbeat)    31    3    12674.23    47    12675.89    3    3
(advertise)    47    12676.09    31    3
(relay)    45    25    12697.51    12    12688.35    1    1
(relay)    41    17    12699.31    12    12693.57    2    1
(advertise)    47    12699.71    17    12
(relay)    2    2    12806.92    12    12805.86    5    1
(advertise)    47    12807.12    2    12
(relay)    41    13    12824.73    12    12823.41    4    1
(advertise)    47    12830.33    13    12
(relay)    13    15    12861.75    12    12860.38    3    1
(advertise)    47    12861.95    15    12
(relay)    45    36    13000.36    12    12996.7    1    1
(generate)    47    13016.56    [1, 6, 7, 19]    14
(relay)    45    9    13059.97    13    13056.55    2    1
(advertise)    47    13060.17    9    13
(relay)    13    4    13096.58    13    13094.56    4    1
(advertise)    47    13096.78    4    13
(relay)    13    16    13119.8    13    13100.62    2    1
(advertise)    47    13121.2    16    13
(relay)    13    19    13146.81    13    13143.87    3    1
(advertise)    47    13147.61    19    13
(relay)    45    45    13158.62    13    13157.63    4    1
(advertise)    47    13169.42    45    13
(relay)    45    38    13173.44    13    13156.04    2    1
(advertise)    47    13191.84    38    13
(relay)    13    12    13253.65    13    13249.08    3    1
(advertise)    47    13253.85    12    13
(relay)    45    39    13279.26    13    13253.08    2    1
(advertise)    47    13279.86    39    13
(relay)    46    46    13320.08    13    13319.49    5    1
(advertise)    47    13320.28    46    13
(relay)    45    34    13350.09    13    13347.96    2    1
(advertise)    47    13350.29    34    13
(relay)    41    41    13356.1    13    13355.17    6    1
(relay)    45    5    13370.7    13    13348.72    2    2
(advertise)    47    13372.9    41    13
(relay)    41    14    13393.91    13    13368.67    2    2
(advertise)    47    13394.91    5    13
(relay)    45    37    13413.33    13    13362.68    1    2
(advertise)    47    13415.93    14    13
(relay)    13    11    13417.74    13    13404.01    3    1
(relay)    45    28    13436.34    13    13405.16    2    2
(advertise)    47    13437.94    11    13
(relay)    45    40    13456.75    13    13399.97    2    2
(advertise)    47    13458.95    28    13
(advertise)    47    13480.57    40    13
(relay)    45    43    13520.98    13    13518.83    4    1
(advertise)    47    13521.18    43    13
(relay)    45    30    13542.19    13    13498.91    2    1
(advertise)    47    13545.39    30    13
(relay)    13    26    13556.01    13    13521.88    1    1
(relay)    41    7    13580.01    13    13571.61    2    1
(advertise)    47    13580.21    7    13
(relay)    45    3    13588.62    13    13560.81    1    1
(relay)    45    6    13611.02    13    13595.28    3    1
(advertise)    47    13611.22    6    13
(relay)    13    44    13626.43    13    13524.48    3    1
(advertise)    47    13634.03    44    13
(relay)    13    17    13712.64    13    13693.7    3    1
(advertise)    47    13712.84    17    13
(relay)    13    48    13761.26    13    13757.8    1    1
(relay)    2    2    13807.06    13    13805.95    5    1
(advertise)    47    13807.26    2    13
(relay)    13    13    13823.67    13    13823.51    5    1
(advertise)    47    13828.47    13    13
(relay)    13    42    13857.08    13    13829.34    3    1
(advertise)    47    13857.28    42    13
(relay)    13    15    13880.7    13    13860.51    3    1
(advertise)    47    13881.1    15    13
(relay)    45    36    13999.11    13    13996.83    1    1
(generate)    47    14016.71    [1, 6, 7, 19]    15
(relay)    45    9    14061.32    14    14056.66    2    1
(advertise)    47    14061.52    9    14
(relay)    13    4    14105.34    14    14094.66    4    1
(advertise)    47    14105.54    4    14
(relay)    13    16    14129.35    14    14100.72    2    1
(advertise)    47    14129.55    16    14
(relay)    13    19    14152.56    14    14144.0    3    1
(advertise)    47    14153.16    19    14
(relay)    45    45    14158.77    14    14157.8    4    1
(advertise)    47    14175.97    45    14
(relay)    45    35    14206.99    14    14204.98    1    1
(relay)    13    12    14253.79    14    14249.23    3    1
(advertise)    47    14253.99    12    14
(relay)    45    39    14277.4    14    14253.12    2    1
(advertise)    47    14277.6    39    14
(relay)    46    46    14320.21    14    14319.63    5    1
(advertise)    47    14320.41    46    14
(relay)    45    34    14350.23    14    14348.15    2    1
(advertise)    47    14350.43    34    14
(relay)    41    41    14355.44    14    14355.23    6    1
(relay)    45    5    14371.44    14    14348.88    2    2
(advertise)    47    14373.64    41    14
(advertise)    47    14396.65    5    14
(relay)    13    11    14406.27    14    14404.17    3    1
(relay)    45    37    14416.47    14    14362.82    1    2
(advertise)    47    14420.07    11    14
(relay)    45    28    14461.08    14    14405.31    2    1
(advertise)    47    14461.28    28    14
(relay)    45    43    14521.09    14    14518.99    4    1
(advertise)    47    14521.29    43    14
(relay)    2    44    14554.3    14    14524.57    1    1
(relay)    13    7    14577.3    14    14571.72    3    1
(advertise)    47    14577.5    7    14
(relay)    13    3    14600.92    14    14560.92    1    1
(relay)    45    6    14603.32    14    14595.31    3    1
(advertise)    47    14603.52    6    14
(relay)    13    25    14691.33    14    14688.54    1    1
(relay)    13    17    14712.73    14    14693.84    3    1
(advertise)    47    14712.93    17    14
(relay)    13    48    14761.74    14    14757.91    1    1
(relay)    2    2    14806.14    14    14806.0    5    1
(advertise)    47    14806.34    2    14
(relay)    13    13    14823.76    14    14823.61    5    1
(advertise)    47    14827.76    13    14
(relay)    13    42    14853.97    14    14829.44    3    1
(advertise)    47    14854.37    42    14
(relay)    13    15    14876.18    14    14860.61    3    1
(advertise)    47    14876.78    15    14
(relay)    45    36    14998.2    14    14996.97    1    1
(generate)    47    15016.8    [1, 6, 7, 19]    16
(relay)    13    9    15058.81    15    15056.73    4    1
(advertise)    47    15059.01    9    15
(relay)    13    4    15095.82    15    15094.74    4    1
(advertise)    47    15096.02    4    15
(relay)    13    16    15120.23    15    15100.81    2    1
(advertise)    47    15120.43    16    15
(relay)    13    19    15149.05    15    15144.14    3    1
(advertise)    47    15149.25    19    15
(relay)    45    45    15159.06    15    15157.97    4    1
(advertise)    47    15170.66    45    15
(relay)    13    12    15253.07    15    15249.36    3    1
(advertise)    47    15253.27    12    15
(relay)    45    39    15275.09    15    15253.16    2    1
(advertise)    47    15275.49    39    15
(relay)    46    46    15320.7    15    15319.73    5    1
(advertise)    47    15320.9    46    15
(relay)    13    34    15349.31    15    15348.28    1    1
(relay)    45    5    15349.71    15    15349.02    2    1
(advertise)    47    15349.91    5    15
(relay)    41    41    15355.33    15    15355.27    6    1
(advertise)    47    15370.93    41    15
(relay)    45    37    15372.14    15    15362.97    1    1
(relay)    13    11    15407.34    15    15404.34    3    1
(advertise)    47    15407.54    11    15
(relay)    45    28    15436.75    15    15405.45    2    1
(advertise)    47    15437.15    28    15
(relay)    45    40    15460.56    15    15400.04    2    1
(advertise)    47    15461.96    40    15
(relay)    45    30    15502.78    15    15499.23    2    1
(advertise)    47    15502.98    30    15
(relay)    45    43    15524.59    15    15519.13    4    1
(advertise)    47    15526.39    43    15
(relay)    13    44    15549.2    15    15524.65    3    1
(advertise)    47    15549.6    44    15
(relay)    13    3    15572.22    15    15561.0    1    1
(relay)    13    7    15593.62    15    15573.02    3    1
(advertise)    47    15593.82    7    15
(relay)    45    6    15619.83    15    15595.36    3    1
(advertise)    47    15620.03    6    15
(relay)    13    25    15691.24    15    15688.64    1    1
(relay)    13    17    15712.84    15    15693.98    3    1
(advertise)    47    15713.04    17    15
(relay)    13    48    15762.46    15    15758.04    1    1
(relay)    2    2    15806.26    15    15806.07    5    1
(advertise)    47    15806.46    2    15
(relay)    13    13    15823.87    15    15823.71    5    1
(advertise)    47    15828.47    13    15
(relay)    13    42    15853.08    15    15829.51    2    1
(advertise)    47    15853.48    42    15
(relay)    13    15    15875.89    15    15860.69    3    1
(advertise)    47    15876.89    15    15
(generate)    47    16016.91    [1, 6, 7, 19]    17
(relay)    13    24    16045.92    16    16038.07    1    1
(relay)    41    9    16058.92    16    16056.83    4    1
(advertise)    47    16059.12    9    16
(relay)    13    4    16097.13    16    16094.82    4    1
(advertise)    47    16097.33    4    16
(relay)    13    16    16120.35    16    16100.87    2    1
(advertise)    47    16120.95    16    16
(relay)    13    19    16149.56    16    16144.27    3    1
(advertise)    47    16149.76    19    16
(relay)    45    45    16158.17    16    16158.11    4    1
(advertise)    47    16171.77    45    16
(relay)    13    12    16251.39    16    16249.46    3    1
(advertise)    47    16251.59    12    16
(relay)    45    39    16274.4    16    16253.18    2    1
(advertise)    47    16275.8    39    16
(relay)    46    46    16320.81    16    16319.84    5    1
(advertise)    47    16321.01    46    16
(relay)    45    34    16349.02    16    16348.46    2    1
(advertise)    47    16349.42    34    16
(relay)    41    41    16355.44    16    16355.29    6    1
(advertise)    47    16371.04    41    16
(relay)    45    37    16394.05    16    16363.13    1    1
(relay)    13    14    16396.05    16    16369.05    3    1
(advertise)    47    16396.45    14    16
(relay)    41    11    16420.86    16    16404.49    2    1
(advertise)    47    16421.26    11    16
(relay)    45    40    16460.28    16    16400.04    2    1
(advertise)    47    16460.48    40    16
(relay)    45    28    16481.89    16    16405.62    2    1
(advertise)    47    16482.49    28    16
(relay)    45    30    16505.5    16    16499.42    2    1
(advertise)    47    16505.7    30    16
(relay)    45    43    16525.92    16    16519.28    4    1
(advertise)    47    16528.32    43    16
(relay)    13    44    16552.13    16    16524.71    3    1
(advertise)    47    16552.33    44    16
(relay)    13    26    16575.14    16    16522.85    1    1
(relay)    45    3    16577.14    16    16561.13    1    1
(relay)    41    7    16598.34    16    16574.33    2    1
(advertise)    47    16598.54    7    16
(relay)    45    6    16602.15    16    16595.42    3    1
(advertise)    47    16620.55    6    16
(heartbeat)    31    4    16674.24    47    16677.77    3    3
(advertise)    47    16677.97    31    4
(relay)    45    25    16699.18    16    16688.78    1    1
(relay)    13    17    16701.58    16    16694.13    3    1
(advertise)    47    16702.18    17    16
(relay)    13    48    16763.59    16    16758.18    1    1
(relay)    2    2    16806.19    16    16806.18    5    1
(advertise)    47    16806.39    2    16
(relay)    13    13    16824.41    16    16823.85    5    1
(advertise)    47    16828.61    13    16
(relay)    13    15    16863.02    16    16860.83    3    1
(advertise)    47    16863.22    15    16
(relay)    45    36    16998.63    16    16997.3    1    1
(generate)    47    17017.03    [1, 6, 7, 19]    18
(relay)    41    9    17058.25    17    17056.92    4    1
(advertise)    47    17058.45    9    17
(relay)    13    4    17097.86    17    17094.9    3    1
(advertise)    47    17098.06    4    17
(relay)    13    16    17121.87    17    17100.94    1    1
(relay)    45    19    17148.87    17    17144.39    1    1
(relay)    45    45    17158.27    17    17158.27    4    1
(advertise)    47    17158.47    45    17
(relay)    45    38    17170.88    17    17156.17    2    1
(advertise)    47    17181.48    38    17
(relay)    13    12    17250.7    17    17249.56    3    1
(advertise)    47    17250.9    12    17
(relay)    46    46    17320.91    17    17319.94    5    1
(advertise)    47    17321.11    46    17
(relay)    45    34    17348.92    17    17348.63    2    1
(advertise)    47    17349.12    34    17
(relay)    41    41    17355.34    17    17355.31    6    1
(advertise)    47    17371.34    41    17
(relay)    45    37    17372.55    17    17363.24    1    1
(relay)    13    14    17396.95    17    17369.14    2    1
(advertise)    47    17397.55    14    17
(relay)    13    11    17418.36    17    17404.63    3    1
(advertise)    47    17420.16    11    17
(relay)    13    20    17443.58    17    17415.2    1    1
(relay)    45    28    17463.78    17    17405.76    2    1
(advertise)    47    17463.98    28    17
(relay)    45    40    17485.19    17    17400.07    2    1
(advertise)    47    17485.79    40    17
(relay)    45    30    17506.4    17    17499.56    2    1
(advertise)    47    17508.8    30    17
(relay)    45    43    17528.61    17    17519.39    4    1
(advertise)    47    17531.61    43    17
(relay)    13    3    17563.43    17    17561.24    1    1
(relay)    45    7    17586.23    17    17574.43    2    1
(advertise)    47    17586.43    7    17
(relay)    45    6    17609.44    17    17595.48    3    1
(advertise)    47    17609.84    6    17
(relay)    13    25    17689.65    17    17688.87    1    1
(relay)    13    17    17711.45    17    17694.24    3    1
(advertise)    47    17711.65    17    17
(relay)    13    48    17764.07    17    17758.29    1    1
(relay)    2    2    17806.27    17    17806.2    5    1
(advertise)    47    17806.47    2    17
(relay)    13    13    17824.48    17    17823.94    5    1
(advertise)    47    17830.68    13    17
(relay)    13    42    17855.49    17    17829.68    2    1
(advertise)    47    17855.69    42    17
(relay)    13    15    17875.71    17    17860.93    3    1
(advertise)    47    17876.71    15    17
(relay)    45    36    17999.72    17    17997.44    1    1
(generate)    47    18017.12    [1, 6, 7, 19]    19
(relay)    41    9    18057.33    18    18057.0    4    1
(advertise)    47    18057.53    9    18
(relay)    13    4    18097.54    18    18095.0    3    1
(advertise)    47    18097.74    4    18
(relay)    13    16    18120.96    18    18101.03    1    1
(relay)    41    19    18146.16    18    18144.54    1    1
(relay)    45    45    18158.56    18    18158.42    4    1
(advertise)    47    18158.76    45    18
(relay)    2    38    18180.17    18    18156.2    1    1
(relay)    13    12    18250.57    18    18249.7    3    1
(advertise)    47    18250.77    12    18
(relay)    45    39    18274.98    18    18253.25    2    1
(advertise)    47    18275.38    39    18
(relay)    46    46    18320.2    18    18320.02    5    1
(advertise)    47    18320.4    46    18
(relay)    45    34    18349.61    18    18348.79    2    1
(advertise)    47    18349.81    34    18
(relay)    41    41    18356.02    18    18355.5    6    1
(advertise)    47    18371.22    41    18
(relay)    45    37    18395.24    18    18363.37    1    1
(relay)    13    14    18397.44    18    18369.26    2    1
(advertise)    47    18397.84    14    18
(relay)    13    11    18419.05    18    18404.79    3    1
(advertise)    47    18419.25    11    18
(relay)    45    40    18439.66    18    18400.26    2    1
(advertise)    47    18441.26    40    18
(relay)    45    28    18485.47    18    18405.89    2    1
(advertise)    47    18485.67    28    18
(relay)    45    30    18506.69    18    18499.67    2    1
(advertise)    47    18508.29    30    18
(relay)    45    43    18529.9    18    18519.49    4    1
(advertise)    47    18530.1    43    18
(relay)    45    44    18555.31    18    18524.89    2    1
(advertise)    47    18556.51    44    18
(relay)    45    3    18578.33    18    18561.34    1    1
(relay)    45    6    18599.73    18    18595.5    3    1
(advertise)    47    18599.93    6    18
(relay)    45    25    18689.74    18    18688.95    1    1
(relay)    13    17    18711.34    18    18694.37    3    1
(advertise)    47    18711.54    17    18
(relay)    13    48    18763.55    18    18758.43    1    1
(relay)    2    2    18806.75    18    18806.26    5    1
(advertise)    47    18806.95    2    18
(relay)    13    13    18824.57    18    18824.03    5    1
(advertise)    47    18828.57    13    18
(relay)    13    42    18855.18    18    18829.77    3    1
(advertise)    47    18855.38    42    18
(relay)    13    15    18875.59    18    18861.03    3    1
(advertise)    47    18878.79    15    18
(generate)    47    19017.2    [1, 6, 7, 19]    20
(relay)    46    9    19057.82    19    19057.09    3    1
(advertise)    47    19058.02    9    19
(relay)    13    4    19098.63    19    19095.07    3    1
(advertise)    47    19098.83    4    19
(relay)    13    16    19123.04    19    19101.13    1    1
(relay)    13    19    19146.04    19    19144.65    2    1
(advertise)    47    19146.24    19    19
(relay)    45    45    19158.66    19    19158.57    4    1
(relay)    45    38    19168.06    19    19156.2    2    2
(advertise)    47    19168.26    45    19
(advertise)    47    19189.87    38    19
(relay)    13    12    19252.28    19    19249.82    3    1
(advertise)    47    19252.48    12    19
(relay)    45    39    19275.5    19    19253.26    2    1
(advertise)    47    19276.5    39    19
(relay)    46    46    19320.31    19    19320.13    5    1
(advertise)    47    19320.51    46    19
(relay)    45    34    19350.12    19    19348.95    2    1
(advertise)    47    19350.32    34    19
(relay)    41    41    19356.33    19    19355.69    6    1
(advertise)    47    19371.73    41    19
(relay)    13    14    19378.55    19    19369.37    2    1
(advertise)    47    19392.95    14    19
(relay)    45    37    19415.16    19    19363.47    1    1
(relay)    13    20    19428.76    19    19415.45    1    1
(relay)    45    28    19459.96    19    19405.98    2    1
(advertise)    47    19460.16    28    19
(relay)    45    40    19482.57    19    19400.29    2    1
(advertise)    47    19483.97    40    19
(relay)    45    30    19513.79    19    19499.78    2    1
(advertise)    47    19513.99    30    19
(relay)    13    44    19527.4    19    19524.95    3    1
(advertise)    47    19535.6    44    19
(relay)    45    43    19537.21    19    19519.62    4    1
(advertise)    47    19557.81    43    19
(relay)    13    7    19580.83    19    19574.84    3    1
(advertise)    47    19581.43    7    19
(relay)    13    3    19601.64    19    19562.23    1    1
(relay)    45    6    19605.24    19    19595.54    3    1
(advertise)    47    19605.64    6    19
(relay)    45    25    19689.65    19    19689.05    1    1
(relay)    41    17    19712.85    19    19694.48    2    1
(advertise)    47    19713.05    17    19
(relay)    13    48    19761.66    19    19758.52    1    1
(relay)    2    2    19806.86    19    19806.34    5    1
(advertise)    47    19807.06    2    19
(relay)    13    13    19825.08    19    19824.13    5    1
(advertise)    47    19830.68    13    19
(relay)    13    15    19861.49    19    19861.12    3    1
(advertise)    47    19861.69    15    19
(relay)    45    36    20000.5    19    19997.66    1    1
(generate)    47    20017.3    [1, 6, 7, 19]    21
(relay)    41    9    20057.52    20    20057.16    4    1
(advertise)    47    20057.72    9    20
(relay)    13    4    20099.13    20    20095.16    3    1
(advertise)    47    20099.33    4    20
(relay)    13    16    20122.14    20    20101.21    1    1
(relay)    13    19    20146.34    20    20144.81    2    1
(advertise)    47    20146.54    19    20
(relay)    45    45    20159.36    20    20158.72    4    1
(advertise)    47    20168.76    45    20
(relay)    2    38    20181.77    20    20156.24    1    1
(relay)    13    12    20252.77    20    20249.93    3    1
(advertise)    47    20252.97    12    20
(relay)    46    46    20320.38    20    20320.19    5    1
(advertise)    47    20320.58    46    20
(relay)    45    34    20350.59    20    20349.1    2    1
(advertise)    47    20350.79    34    20
(relay)    41    41    20356.41    20    20355.86    6    1
(advertise)    47    20371.81    41    20
(relay)    45    37    20394.82    20    20363.58    1    1
(relay)    45    40    20416.82    20    20400.32    2    1
(advertise)    47    20417.02    40    20
(relay)    13    11    20420.43    20    20405.01    3    1
(relay)    45    28    20439.43    20    20406.12    2    2
(advertise)    47    20439.83    11    20
(relay)    13    20    20445.45    20    20415.57    1    2
(advertise)    47    20462.25    28    20
(relay)    45    30    20515.86    20    20499.92    2    1
(advertise)    47    20516.06    30    20
(relay)    13    44    20527.87    20    20525.04    3    1
(relay)    45    43    20537.47    20    20519.71    4    2
(advertise)    47    20538.07    44    20
(advertise)    47    20560.09    43    20
(relay)    45    3    20581.1    20    20562.31    1    1
(relay)    41    7    20581.5    20    20575.14    2    1
(advertise)    47    20582.7    7    20
(relay)    45    6    20604.31    20    20595.57    3    1
(advertise)    47    20604.51    6    20
(heartbeat)    31    5    20674.25    47    20674.92    3    3
(advertise)    47    20675.12    31    5
(relay)    45    25    20697.74    20    20689.15    1    1
(relay)    13    17    20699.54    20    20694.59    3    1
(advertise)    47    20699.94    17    20
(relay)    13    48    20759.95    20    20758.61    1    1
(relay)    2    2    20806.95    20    20806.4    5    1
(advertise)    47    20807.15    2    20
(relay)    13    13    20825.16    20    20824.23    5    1
(advertise)    47    20830.56    13    20
(relay)    13    15    20861.58    20    20861.23    3    1
(advertise)    47    20861.78    15    20
(relay)    45    36    21001.79    20    20997.77    1    1
(generate)    47    21017.39    [1, 6, 7, 19]    22
(relay)    13    9    21058.8    21    21057.26    4    1
(advertise)    47    21059.0    9    21
(relay)    13    4    21099.82    21    21095.27    3    1
(advertise)    47    21100.02    4    21
(relay)    13    16    21121.63    21    21101.27    1    1
(relay)    13    19    21147.63    21    21145.0    2    1
(advertise)    47    21147.83    19    21
(relay)    45    45    21159.44    21    21158.86    4    1
(advertise)    47    21169.24    45    21
(relay)    13    12    21253.05    21    21250.06    3    1
(advertise)    47    21253.25    12    21
(relay)    46    46    21320.47    21    21320.28    5    1
(advertise)    47    21320.67    46    21
(relay)    45    34    21350.48    21    21349.24    2    1
(advertise)    47    21350.68    34    21
(relay)    41    41    21357.09    21    21356.05    6    1
(advertise)    47    21371.89    41    21
(relay)    2    5    21375.11    21    21349.82    1    1
(relay)    13    11    21405.91    21    21405.16    3    1
(advertise)    47    21406.11    11    21
(relay)    45    28    21439.72    21    21406.25    2    1
(advertise)    47    21439.92    28    21
(relay)    45    30    21500.73    21    21500.06    2    1
(advertise)    47    21500.93    30    21
(relay)    45    43    21522.55    21    21519.77    4    1
(advertise)    47    21524.35    43    21
(relay)    13    3    21563.16    21    21562.4    1    1
(relay)    13    7    21584.16    21    21575.24    3    1
(advertise)    47    21584.36    7    21
(relay)    13    44    21606.37    21    21525.15    3    1
(advertise)    47    21606.77    44    21
(relay)    45    6    21631.58    21    21595.64    3    1
(advertise)    47    21631.78    6    21
(relay)    45    25    21691.4    21    21689.24    1    1
(relay)    13    17    21713.6    21    21694.72    3    1
(advertise)    47    21713.8    17    21
(relay)    13    48    21760.01    21    21758.71    1    1
(relay)    2    2    21807.41    21    21806.44    5    1
(advertise)    47    21807.61    2    21
(relay)    13    13    21825.22    21    21824.29    5    1
(advertise)    47    21829.22    13    21
(relay)    13    42    21854.24    21    21830.0    3    1
(advertise)    47    21854.84    42    21
(relay)    13    15    21876.85    21    21861.33    3    1
(advertise)    47    21877.85    15    21
(generate)    47    22017.46    [1, 6, 7, 19]    23
(relay)    41    9    22058.48    22    22057.35    4    1
(advertise)    47    22058.68    9    22
(relay)    13    4    22099.29    22    22095.36    3    1
(advertise)    47    22099.49    4    22
(relay)    13    16    22122.3    22    22101.33    1    1
(relay)    13    19    22148.1    22    22145.12    2    1
(advertise)    47    22148.3    19    22
(relay)    45    45    22159.51    22    22158.96    4    1
(relay)    45    38    22170.31    22    22156.31    2    2
(advertise)    47    22170.51    45    22
(advertise)    47    22192.13    38    22
(relay)    45    35    22215.74    22    22205.89    1    1
(relay)    13    12    22254.34    22    22250.16    3    1
(advertise)    47    22254.54    12    22
(relay)    46    46    22320.95    22    22320.37    5    1
(advertise)    47    22321.15    46    22
(relay)    45    34    22351.57    22    22349.39    2    1
(advertise)    47    22351.77    34    22
(relay)    41    41    22357.18    22    22356.08    6    1
(advertise)    47    22373.98    41    22
(relay)    46    5    22394.59    22    22349.96    1    1
(relay)    41    14    22396.19    22    22369.7    1    1
(relay)    45    28    22418.99    22    22406.36    2    1
(advertise)    47    22419.19    28    22
(relay)    13    11    22420.41    22    22405.32    3    1
(relay)    45    40    22441.01    22    22400.38    1    2
(advertise)    47    22442.41    11    22
(relay)    45    30    22514.22    22    22500.17    2    1
(advertise)    47    22514.42    30    22
(relay)    13    44    22535.63    22    22525.25    3    1
(advertise)    47    22537.23    44    22
(relay)    2    43    22539.44    22    22519.87    3    1
(advertise)    47    22558.64    43    22
(relay)    13    7    22581.06    22    22575.35    3    1
(advertise)    47    22581.86    7    22
(relay)    45    6    22606.07    22    22595.66    3    1
(advertise)    47    22606.47    6    22
(relay)    13    25    22691.28    22    22689.34    1    1
(relay)    13    17    22713.08    22    22694.84    3    1
(advertise)    47    22713.28    17    22
(relay)    2    2    22807.5    22    22806.52    5    1
(advertise)    47    22807.7    2    22
(relay)    13    13    22824.51    22    22824.36    5    1
(advertise)    47    22830.11    13    22
(relay)    13    15    22862.72    22    22861.4    3    1
(advertise)    47    22862.92    15    22
(relay)    45    36    23001.74    22    22998.0    1    1
(generate)    47    23017.54    [1, 6, 7, 19]    24
(relay)    13    9    23058.95    23    23057.41    4    1
(advertise)    47    23059.15    9    23
(relay)    13    4    23097.36    23    23095.46    3    1
(advertise)    47    23097.56    4    23
(relay)    13    16    23120.17    23    23101.43    1    1
(relay)    13    19    23148.17    23    23145.27    2    1
(advertise)    47    23148.37    19    23
(relay)    45    45    23159.99    23    23159.07    4    1
(advertise)    47    23169.59    45    23
(relay)    13    12    23255.0    23    23250.29    3    1
(advertise)    47    23255.2    12    23
(relay)    45    39    23279.21    23    23253.55    2    1
(advertise)    47    23279.61    39    23
(relay)    46    46    23321.03    23    23320.45    5    1
(advertise)    47    23321.23    46    23
(relay)    45    34    23351.64    23    23349.52    2    1
(advertise)    47    23351.84    34    23
(relay)    41    41    23357.25    23    23356.25    6    1
(advertise)    47    23372.85    41    23
(relay)    2    5    23398.47    23    23350.08    1    1
(relay)    13    11    23407.47    23    23405.48    3    1
(advertise)    47    23407.67    11    23
(relay)    45    28    23443.28    23    23406.51    2    1
(advertise)    47    23443.48    28    23
(relay)    45    40    23467.29    23    23400.62    2    1
(advertise)    47    23467.89    40    23
(relay)    45    30    23515.3    23    23500.32    2    1
(advertise)    47    23515.5    30    23
(relay)    13    44    23536.12    23    23525.35    3    1
(advertise)    47    23536.72    44    23
(relay)    46    43    23559.73    23    23520.0    3    1
(advertise)    47    23559.93    43    23
(relay)    45    3    23580.54    23    23562.56    1    1
(relay)    45    7    23603.54    23    23575.42    2    1
(advertise)    47    23603.74    7    23
(relay)    45    6    23624.96    23    23595.74    3    1
(advertise)    47    23626.16    6    23
(relay)    45    25    23691.97    23    23689.41    1    1
(relay)    13    17    23714.17    23    23694.94    3    1
(advertise)    47    23714.37    17    23
(relay)    13    48    23761.98    23    23758.93    1    1
(relay)    2    2    23807.58    23    23806.58    5    1
(advertise)    47    23807.78    2    23
(relay)    13    13    23824.6    23    23824.46    5    1
(advertise)    47    23830.2    13    23
(relay)    13    15    23862.81    23    23861.49    3    1
(advertise)    47    23863.01    15    23
(relay)    45    36    23999.82    23    23998.07    1    1
(generate)    47    24017.62    [1, 6, 7, 19]    25
(relay)    13    9    24059.63    24    24057.49    4    1
(advertise)    47    24059.83    9    24
(relay)    13    4    24096.65    24    24095.56    3    1
(advertise)    47    24096.85    4    24
(relay)    13    16    24121.26    24    24101.5    1    1
(relay)    13    19    24149.86    24    24145.44    2    1
(advertise)    47    24150.06    19    24
(relay)    45    45    24160.27    24    24159.21    4    1
(advertise)    47    24171.87    45    24
(relay)    13    12    24254.89    24    24250.42    3    1
(advertise)    47    24255.09    12    24
(relay)    46    46    24321.1    24    24320.51    5    1
(advertise)    47    24321.3    46    24
(relay)    45    34    24351.91    24    24349.63    2    1
(advertise)    47    24352.11    34    24
(relay)    41    41    24356.53    24    24356.4    6    1
(relay)    45    5    24373.13    24    24350.18    2    2
(advertise)    47    24374.13    41    24
(relay)    45    37    24394.94    24    24364.01    1    2
(advertise)    47    24396.14    5    24
(relay)    41    11    24422.35    24    24405.62    2    1
(advertise)    47    24422.55    11    24
(relay)    45    14    24438.56    24    24369.94    1    1
(relay)    13    20    24446.76    24    24416.22    1    1
(relay)    45    40    24458.56    24    24400.65    2    1
(advertise)    47    24458.76    40    24
(relay)    45    28    24482.78    24    24406.62    2    1
(advertise)    47    24483.78    28    24
(relay)    45    30    24529.39    24    24500.44    2    1
(advertise)    47    24529.59    30    24
(relay)    13    44    24535.8    24    24525.45    3    1
(relay)    45    43    24551.2    24    24520.12    4    2
(advertise)    47    24552.6    44    24
(relay)    13    3    24563.82    24    24562.66    1    2
(advertise)    47    24575.82    43    24
(relay)    41    7    24598.63    24    24575.51    2    1
(advertise)    47    24598.83    7    24
(relay)    46    6    24622.04    24    24595.78    1    1
(heartbeat)    31    6    24674.27    47    24676.44    3    3
(advertise)    47    24676.64    31    6
(relay)    13    17    24699.06    24    24695.04    4    1
(advertise)    47    24700.06    17    24
(relay)    13    25    24720.67    24    24689.53    1    1
(relay)    13    48    24762.47    24    24759.06    1    1
(relay)    2    2    24806.67    24    24806.64    5    1
(advertise)    47    24806.87    2    24
(relay)    13    13    24824.68    24    24824.56    5    1
(advertise)    47    24827.88    13    24
(relay)    13    42    24849.29    24    24830.31    3    1
(advertise)    47    24851.29    42    24
(relay)    13    15    24871.91    24    24861.61    3    1
(advertise)    47    24872.91    15    24
(relay)    45    36    24998.92    24    24998.2    1    1
(generate)    47    25017.72    [1, 6, 7, 19]    26
(relay)    45    9    25061.33    25    25057.59    2    1
(advertise)    47    25061.53    9    25
(relay)    13    4    25096.75    25    25095.66    3    1
(advertise)    47    25096.95    4    25
(relay)    13    16    25120.76    25    25101.64    1    1
(relay)    13    19    25150.56    25    25145.63    2    1
(advertise)    47    25150.76    19    25
(relay)    45    45    25160.37    25    25159.37    4    1
(advertise)    47    25172.37    45    25
(relay)    13    12    25253.99    25    25250.56    3    1
(advertise)    47    25254.19    12    25
(relay)    46    46    25321.6    25    25320.62    5    1
(advertise)    47    25321.8    46    25
(relay)    45    34    25350.21    25    25349.81    2    1
(advertise)    47    25350.41    34    25
(relay)    41    41    25356.42    25    25356.4    6    1
(advertise)    47    25373.02    41    25
(relay)    13    14    25395.04    25    25370.08    2    1
(advertise)    47    25395.24    14    25
(relay)    45    40    25418.05    25    25400.67    2    1
(advertise)    47    25418.85    40    25
(relay)    45    28    25439.86    25    25406.75    2    1
(advertise)    47    25441.66    28    25
(relay)    41    11    25442.88    25    25405.76    2    1
(advertise)    47    25465.48    11    25
(relay)    45    30    25518.09    25    25500.54    2    1
(advertise)    47    25518.29    30    25
(relay)    45    43    25540.1    25    25520.24    4    1
(advertise)    47    25540.7    43    25
(relay)    13    44    25564.52    25    25526.75    3    1
(advertise)    47    25564.72    44    25
(relay)    13    7    25587.33    25    25575.62    3    1
(advertise)    47    25588.93    7    25
(relay)    45    6    25629.94    25    25595.79    3    1
(advertise)    47    25630.14    6    25
(relay)    13    25    25691.95    25    25689.62    1    1
(relay)    13    17    25712.55    25    25695.14    4    1
(advertise)    47    25712.75    17    25
(relay)    2    2    25806.77    25    25806.68    5    1
(advertise)    47    25806.97    2    25
(relay)    13    13    25824.78    25    25824.63    5    1
(advertise)    47    25828.58    13    25
(relay)    13    42    25854.79    25    25830.37    3    1
(advertise)    47    25855.19    42    25
(relay)    13    15    25879.81    25    25861.71    3    1
(advertise)    47    25881.01    15    25
(relay)    45    36    25999.22    25    25998.28    1    1
(generate)    47    26017.82    [1, 6, 7, 19]    27
(relay)    13    9    26060.03    26    26057.65    4    1
(advertise)    47    26060.23    9    26
(relay)    13    4    26097.45    26    26095.74    3    1
(advertise)    47    26097.65    4    26
(relay)    13    16    26121.06    26    26101.77    1    1
(relay)    13    19    26150.46    26    26145.78    2    1
(advertise)    47    26150.66    19    26
(relay)    45    45    26159.67    26    26159.51    4    1
(advertise)    47    26173.07    45    26
(relay)    13    12    26252.68    26    26250.71    3    1
(advertise)    47    26252.88    12    26
(relay)    45    39    26276.5    26    26253.79    2    1
(advertise)    47    26276.9    39    26
(relay)    46    46    26321.71    26    26320.74    5    1
(advertise)    47    26321.91    46    26
(relay)    45    34    26350.32    26    26349.96    2    1
(advertise)    47    26350.52    34    26
(relay)    41    41    26356.54    26    26356.44    6    1
(advertise)    47    26374.14    41    26
(relay)    13    14    26396.75    26    26370.2    2    1
(advertise)    47    26397.15    14    26
(relay)    45    28    26420.56    26    26406.83    2    1
(advertise)    47    26420.96    28    26
(relay)    41    11    26422.18    26    26405.88    3    1
(advertise)    47    26443.18    11    26
(relay)    45    40    26465.59    26    26400.87    2    1
(advertise)    47    26466.79    40    26
(relay)    45    30    26517.8    26    26500.65    2    1
(advertise)    47    26518.0    30    26
(relay)    13    44    26535.01    26    26526.82    3    1
(relay)    45    43    26539.01    26    26520.36    4    2
(advertise)    47    26540.61    44    26
(advertise)    47    26562.03    43    26
(relay)    13    7    26586.04    26    26575.71    3    1
(advertise)    47    26586.24    7    26
(relay)    13    3    26607.05    26    26563.87    1    1
(relay)    45    6    26630.45    26    26595.84    3    1
(advertise)    47    26630.65    6    26
(relay)    13    25    26692.27    26    26689.72    1    1
(relay)    41    17    26712.07    26    26695.25    3    1
(advertise)    47    26712.27    17    26
(relay)    13    48    26764.68    26    26759.28    1    1
(relay)    2    2    26806.88    26    26806.77    5    1
(advertise)    47    26807.08    2    26
(relay)    13    13    26825.29    26    26824.73    5    1
(advertise)    47    26830.89    13    26
(relay)    13    42    26858.51    26    26830.47    3    1
(advertise)    47    26858.71    42    26
(relay)    13    15    26880.72    26    26861.8    3    1
(advertise)    47    26881.52    15    26
(relay)    45    36    27000.93    26    26998.38    1    1
(generate)    47    27017.93    [1, 6, 7, 19]    28
(relay)    13    4    27098.74    27    27095.81    3    1
(advertise)    47    27098.94    4    27
(relay)    13    16    27123.36    27    27101.84    1    1
(relay)    13    19    27149.56    27    27145.93    2    1
(advertise)    47    27149.76    19    27
(relay)    45    45    27159.77    27    27159.65    4    1
(advertise)    47    27171.97    45    27
(relay)    45    38    27173.58    27    27156.62    2    1
(advertise)    47    27195.18    38    27
(relay)    45    35    27209.8    27    27206.36    1    1
(relay)    13    12    27251.8    27    27250.83    3    1
(advertise)    47    27252.0    12    27
(relay)    46    46    27321.81    27    27320.84    5    1
(advertise)    47    27322.01    46    27
(relay)    45    34    27350.42    27    27350.11    2    1
(advertise)    47    27350.82    34    27
(relay)    41    41    27356.64    27    27356.45    6    1
(advertise)    47    27373.04    41    27
(relay)    45    37    27398.05    27    27364.34    1    1
(relay)    13    11    27409.45    27    27406.04    4    1
(advertise)    47    27409.65    11    27
(relay)    45    40    27442.06    27    27400.93    2    1
(advertise)    47    27442.26    40    27
(relay)    45    28    27465.27    27    27407.01    2    1
(advertise)    47    27465.87    28    27
(relay)    45    30    27506.49    27    27500.83    2    1
(advertise)    47    27506.69    30    27
(relay)    45    43    27526.5    27    27520.51    4    1
(advertise)    47    27530.1    43    27
(relay)    13    44    27552.71    27    27526.89    3    1
(advertise)    47    27553.11    44    27
(relay)    13    3    27575.73    27    27563.97    1    1
(relay)    45    7    27598.13    27    27575.8    2    1
(advertise)    47    27598.33    7    27
(relay)    45    6    27618.14    27    27595.93    3    1
(advertise)    47    27621.34    6    27
(relay)    13    25    27690.55    27    27689.82    1    1
(relay)    13    17    27711.55    27    27695.38    4    1
(advertise)    47    27711.75    17    27
(relay)    2    2    27806.97    27    27806.82    5    1
(advertise)    47    27807.17    2    27
(relay)    13    13    27825.38    27    27824.8    5    1
(advertise)    47    27829.58    13    27
(relay)    13    15    27863.99    27    27861.87    3    1
(advertise)    47    27864.19    15    27
(relay)    45    36    28000.8    27    27998.52    1    1
(generate)    47    28018.0    [1, 6, 7, 19]    29
(relay)    41    9    28058.42    28    28057.81    4    1
(advertise)    47    28058.62    9    28
(relay)    13    4    28098.83    28    28095.9    3    1
(advertise)    47    28099.03    4    28
(relay)    13    16    28123.84    28    28101.93    1    1
(relay)    13    19    28148.04    28    28146.08    2    1
(advertise)    47    28148.24    19    28
(relay)    45    45    28159.86    28    28159.8    4    1
(advertise)    47    28169.66    45    28
(relay)    2    38    28182.47    28    28156.64    1    1
(relay)    45    39    28275.07    28    28253.88    2    1
(advertise)    47    28275.27    39    28
(relay)    46    46    28321.08    28    28320.92    5    1
(advertise)    47    28321.28    46    28
(relay)    45    34    28350.5    28    28350.25    2    1
(advertise)    47    28350.7    34    28
(relay)    41    41    28357.11    28    28356.63    6    1
(advertise)    47    28372.11    41    28
(relay)    45    37    28398.32    28    28364.48    1    1
(relay)    13    11    28408.72    28    28406.13    4    1
(advertise)    47    28408.92    11    28
(relay)    13    20    28430.33    28    28416.68    1    1
(relay)    45    28    28443.33    28    28407.17    2    1
(advertise)    47    28443.53    28    28
(relay)    45    30    28518.95    28    28501.0    2    1
(advertise)    47    28519.15    30    28
(relay)    45    43    28540.56    28    28520.64    4    1
(advertise)    47    28541.16    43    28
(relay)    13    3    28567.97    28    28564.04    1    1
(relay)    13    7    28588.97    28    28575.88    3    1
(advertise)    47    28589.17    7    28
(relay)    45    6    28611.79    28    28595.96    3    1
(advertise)    47    28612.39    6    28
(heartbeat)    31    7    28674.28    47    28676.6    3    3
(advertise)    47    28676.8    31    7
(relay)    13    17    28698.01    28    28695.48    3    1
(advertise)    47    28699.01    17    28
(relay)    13    25    28719.83    28    28689.9    1    1
(relay)    13    48    28765.83    28    28759.48    1    1
(relay)    2    2    28807.43    28    28806.89    5    1
(advertise)    47    28807.63    2    28
(relay)    13    13    28825.44    28    28824.9    5    1
(advertise)    47    28829.24    13    28
(relay)    13    42    28855.85    28    28830.63    3    1
(advertise)    47    28856.05    42    28
(relay)    13    15    28877.66    28    28861.97    3    1
(advertise)    47    28879.46    15    28
(generate)    47    29018.08    [1, 6, 7, 19]    30
(relay)    45    9    29059.49    29    29057.9    2    1
(advertise)    47    29059.69    9    29
(relay)    13    4    29099.3    29    29095.99    3    1
(advertise)    47    29099.5    4    29
(relay)    13    16    29123.72    29    29102.01    1    1
(relay)    13    19    29148.32    29    29146.22    2    1
(advertise)    47    29148.52    19    29
(relay)    45    45    29160.13    29    29159.94    4    1
(advertise)    47    29170.33    45    29
(relay)    2    38    29184.14    29    29156.68    1    1
(relay)    13    12    29253.34    29    29251.08    3    1
(advertise)    47    29253.54    12    29
(relay)    45    39    29277.56    29    29253.93    2    1
(advertise)    47    29277.96    39    29
(relay)    46    46    29321.17    29    29320.99    5    1
(advertise)    47    29321.37    46    29
(relay)    45    34    29351.78    29    29350.4    2    1
(advertise)    47    29351.98    34    29
(relay)    41    41    29357.19    29    29356.66    6    1
(advertise)    47    29373.79    41    29
(relay)    45    37    29375.81    29    29365.21    1    1
(relay)    41    14    29398.01    29    29370.45    1    1
(relay)    13    20    29429.61    29    29416.81    1    1
(relay)    45    28    29441.01    29    29407.31    2    1
(advertise)    47    29441.21    28    29
(relay)    45    40    29462.02    29    29401.03    2    1
(advertise)    47    29462.22    40    29
(relay)    45    30    29502.03    29    29501.15    2    1
(advertise)    47    29502.23    30    29
(relay)    45    43    29524.65    29    29520.72    4    1
(advertise)    47    29525.65    43    29
(relay)    13    44    29555.46    29    29527.25    3    1
(advertise)    47    29555.66    44    29
(relay)    13    3    29577.87    29    29564.16    1    1
(relay)    45    6    29599.87    29    29596.02    3    1
(advertise)    47    29600.07    6    29
(relay)    13    17    29713.89    29    29695.6    3    1
(advertise)    47    29714.09    17    29
(relay)    13    48    29762.7    29    29759.59    1    1
(relay)    2    2    29807.5    29    29806.95    5    1
(advertise)    47    29807.7    2    29
(relay)    13    13    29825.91    29    29824.99    5    1
(advertise)    47    29830.71    13    29
(relay)    13    42    29853.92    29    29830.7    3    1
(advertise)    47    29854.32    42    29
(relay)    13    15    29875.94    29    29862.07    3    1
(advertise)    47    29876.34    15    29
