(main)    15    1    1017.0    2    1017.2
(main)    29    1    1047.01    2    1047.6
(main)    25    1    1065.03    2    1070.6
(main)    5    1    1072.24    2    1073.2
(main)    26    1    1080.04    2    1094.2
(main)    42    1    1148.07    2    1150.6
(main)    33    1    1163.08    2    1174.6
(main)    3    1    1210.09    2    1210.8
(main)    24    1    1225.1    2    1235.4
(main)    10    1    1238.12    2    1257.0
(main)    34    1    1285.13    2    1285.2
(main)    8    1    1287.94    2    1309.0
(main)    23    1    1306.12    2    1331.4
(main)    11    1    1323.16    2    1331.6
(main)    22    1    1315.16    2    1332.6
(main)    18    1    1363.18    2    1376.4
(main)    32    1    1346.16    2    1398.4
(main)    48    1    1378.2    2    1400.4
(main)    28    1    1378.2    2    1400.6
(main)    40    1    1420.01    2    1443.0
(main)    21    1    1429.01    2    1443.4
(main)    30    1    1393.2    2    1511.0
(main)    27    1    1515.07    2    1516.0
(main)    20    1    1434.02    2    1529.2
(main)    46    1    1491.26    2    1531.8
(main)    36    1    1516.06    2    1554.8
(main)    12    1    1489.05    2    1556.6
(main)    14    1    1569.1    2    1569.6
(main)    9    1    1552.09    2    1603.6
(main)    0    1    1573.1    2    1620.2
(main)    4    1    1686.16    2    1687.2
(main)    6    1    1646.15    2    1692.2
(main)    45    1    1665.15    2    1729.0
(main)    7    1    1719.19    2    1754.4
(main)    47    1    1704.39    2    1758.0
(main)    38    1    1754.02    2    1815.6
(main)    37    1    1758.02    2    1823.8
(main)    1    1    1703.16    2    1847.6
(main)    39    1    1819.02    2    1891.0
(main)    13    1    1926.11    2    1926.6
(main)    16    1    1927.11    2    1928.6
(main)    31    1    1942.12    2    1956.6
(main)    43    1    1931.11    2    1957.6
(main)    35    1    1985.15    2    1995.0
(main)    17    1    1985.15    2    2002.0
(main)    15    2    2017.16    2    2017.8
(main)    29    2    2047.19    2    2048.2
(main)    5    2    2072.4    2    2073.4
(main)    25    2    2065.2    2    2087.4
(main)    26    2    2080.2    2    2127.8
(main)    42    2    2148.22    2    2165.4
(main)    33    2    2163.25    2    2172.2
(main)    3    2    2210.28    2    2217.8
(main)    10    2    2238.29    2    2241.0
(main)    24    2    2225.29    2    2250.6
(main)    34    2    2285.32    2    2285.8
(main)    44    2    2286.33    2    2286.8
(main)    23    2    2306.3    2    2320.0
(main)    11    2    2323.34    2    2325.6
(main)    22    2    2315.54    2    2343.4
(main)    48    2    2378.78    2    2379.4
(main)    32    2    2346.33    2    2380.8
(main)    18    2    2363.37    2    2402.8
(main)    21    2    2429.19    2    2431.4
(main)    28    2    2378.38    2    2440.8
(main)    40    2    2420.19    2    2443.6
(main)    30    2    2393.37    2    2485.6
(main)    27    2    2515.26    2    2516.2
(main)    12    2    2489.64    2    2517.4
(main)    20    2    2434.21    2    2550.8
(main)    14    2    2569.28    2    2569.8
(main)    36    2    2516.24    2    2575.0
(main)    46    2    2491.44    2    2578.0
(main)    19    2    2509.26    2    2597.0
(main)    41    2    2596.31    2    2597.4
(main)    0    2    2573.28    2    2618.0
(main)    9    2    2552.27    2    2668.8
(main)    4    2    2686.35    2    2687.4
(main)    45    2    2665.55    2    2709.4
(main)    6    2    2646.34    2    2711.4
(main)    47    2    2704.56    2    2768.2
(main)    7    2    2719.37    2    2773.0
(main)    1    2    2703.35    2    2800.0
(main)    38    2    2754.2    2    2818.6
(main)    37    2    2758.19    2    2869.2
(main)    39    2    2819.2    2    2912.6
(main)    13    2    2926.29    2    2926.8
(main)    16    2    2927.29    2    2927.8
(main)    43    2    2931.29    2    2954.6
(main)    31    2    2942.3    2    2974.6
(main)    35    2    2985.33    2    2994.0
(main)    15    3    3017.34    2    3017.8
(main)    17    2    2985.33    2    3020.4
(main)    29    3    3047.37    2    3048.4
(main)    5    3    3072.58    2    3072.6
(main)    25    3    3065.78    2    3134.6
(main)    26    3    3080.38    2    3148.8
(main)    33    3    3163.43    2    3179.8
(main)    42    3    3148.41    2    3198.2
(main)    3    3    3210.46    2    3222.4
(main)    10    3    3238.47    2    3245.8
(main)    34    3    3285.51    2    3286.0
(main)    8    3    3288.31    2    3288.8
(main)    44    3    3286.53    2    3291.4
(main)    24    3    3225.47    2    3314.8
(main)    11    3    3323.53    2    3335.6
(main)    23    3    3306.49    2    3364.4
(main)    22    3    3315.73    2    3378.0
(main)    18    3    3363.55    2    3382.0
(main)    32    3    3346.53    2    3405.6
(main)    48    3    3379.78    2    3421.2
(main)    28    3    3378.56    2    3427.0
(main)    40    3    3420.39    2    3438.8
(main)    30    3    3393.55    2    3445.0
(main)    21    3    3429.38    2    3490.4
(main)    27    3    3515.46    2    3516.4
(main)    14    3    3569.48    2    3570.0
(main)    20    3    3434.39    2    3579.0
(main)    41    3    3596.51    2    3597.6
(main)    19    3    3509.46    2    3601.8
(main)    12    3    3489.83    2    3603.4
(main)    36    3    3516.43    2    3624.0
(main)    0    3    3573.48    2    3637.6
(main)    46    3    3491.63    2    3645.4
(main)    4    3    3686.55    2    3687.6
(main)    9    3    3552.47    2    3689.6
(main)    45    3    3665.73    2    3728.4
(main)    6    3    3646.53    2    3741.0
(main)    47    3    3704.76    2    3779.6
(main)    7    3    3719.57    2    3793.6
(main)    38    3    3754.39    2    3813.8
(main)    1    3    3703.55    2    3890.6
(main)    37    3    3758.39    2    3913.0
(main)    13    3    3926.49    2    3927.0
(main)    16    3    3927.49    2    3928.0
(main)    39    3    3819.4    2    3957.4
(main)    31    3    3942.5    2    4005.2
(main)    15    4    4017.54    2    4018.0
(main)    17    3    3985.53    2    4020.6
(main)    35    3    3985.53    2    4023.4
(main)    43    3    3931.49    2    4043.6
(main)    29    4    4047.57    2    4048.6
(main)    5    4    4072.78    2    4072.8
(main)    25    4    4065.98    2    4096.8
(main)    26    4    4080.58    2    4140.2
(main)    33    4    4163.63    2    4238.41
(main)    42    4    4148.61    2    4247.81
(main)    10    4    4238.67    2    4274.01
(main)    3    4    4210.66    2    4281.41
(main)    44    4    4286.72    2    4287.41
(main)    8    4    4288.32    2    4288.81
(main)    24    4    4225.67    2    4306.61
(main)    34    4    4285.7    2    4315.61
(main)    11    4    4324.34    2    4359.81
(main)    48    4    4379.98    2    4380.61
(main)    18    4    4363.75    2    4386.01
(main)    23    4    4306.68    2    4394.41
(main)    28    4    4378.58    2    4397.41
(main)    22    4    4316.72    2    4402.61
(main)    32    4    4346.72    2    4408.81
(main)    21    4    4429.58    2    4458.21
(main)    40    4    4420.59    2    4464.01
(main)    27    4    4516.25    2    4517.21
(main)    30    4    4393.75    2    4517.61
(main)    12    4    4490.03    2    4548.41
(main)    20    4    4434.58    2    4561.01
(main)    14    4    4569.68    2    4570.41
(main)    19    4    4509.65    2    4573.21
(main)    46    4    4492.23    2    4594.41
(main)    41    4    4596.71    2    4597.81
(main)    36    4    4516.63    2    4618.81
(main)    0    4    4573.68    2    4626.21
(main)    9    4    4552.67    2    4659.81
(main)    6    4    4646.72    2    4663.21
(main)    4    4    4686.74    2    4687.81
(main)    45    4    4665.74    2    4736.81
(main)    1    4    4703.71    2    4749.21
(main)    47    4    4704.96    2    4770.61
(main)    38    4    4754.58    2    4775.61
(main)    37    4    4758.56    2    4791.61
(main)    39    4    4819.54    2    4821.21
(main)    13    4    4926.65    2    4927.21
(main)    16    4    4927.69    2    4929.01
(main)    43    4    4931.61    2    4932.81
(main)    31    4    4942.65    2    4945.21
(main)    35    4    4985.6    2    4986.81
(main)    17    4    4985.64    2    4987.01
(main)    15    5    5017.69    2    5018.21
(main)    29    5    5047.71    2    5048.81
(main)    25    5    5066.06    2    5069.61
(main)    5    5    5073.14    2    5073.21
(main)    26    5    5080.65    2    5095.01
(main)    42    5    5148.62    2    5152.01
(main)    33    5    5163.87    2    5164.61
(main)    3    5    5210.69    2    5212.01
(main)    24    5    5225.69    2    5236.61
(main)    10    5    5238.73    2    5241.21
(main)    34    5    5285.79    2    5286.41
(main)    44    5    5287.37    2    5288.01
(main)    8    5    5288.43    2    5289.01
(main)    23    5    5306.84    2    5312.81
(main)    11    5    5324.39    2    5330.41
(main)    32    5    5346.87    2    5353.01
(main)    22    5    5316.8    2    5359.21
(main)    48    5    5381.3    2    5382.01
(main)    18    5    5363.93    2    5398.21
(main)    28    5    5378.67    2    5420.61
(main)    40    5    5420.66    2    5426.01
(main)    21    5    5429.77    2    5430.21
(main)    30    5    5393.85    2    5461.01
(main)    20    5    5434.73    2    5485.41
(main)    12    5    5490.07    2    5494.41
(main)    19    5    5509.79    2    5514.21
(main)    46    5    5492.26    2    5515.61
(main)    27    5    5517.59    2    5517.61
(main)    9    5    5552.75    2    5560.41
(main)    36    5    5516.71    2    5561.21
(main)    14    5    5569.88    2    5570.41
(main)    0    5    5573.73    2    5575.01
(main)    41    5    5596.77    2    5597.81
(main)    6    5    5646.83    2    5651.61
(main)    45    5    5665.85    2    5686.81
(main)    4    5    5686.83    2    5687.81
(main)    47    5    5705.07    2    5705.61
(main)    7    5    5719.95    2    5721.01
(main)    1    5    5703.73    2    5732.81
(main)    38    5    5754.61    2    5763.81
(main)    37    5    5758.58    2    5775.21
(main)    39    5    5819.57    2    5822.21
(main)    13    5    5926.69    2    5927.21
(main)    16    5    5928.76    2    5930.01
(main)    43    5    5931.73    2    5933.01
(main)    31    5    5942.77    2    5945.21
(main)    17    5    5985.83    2    5986.41
(main)    35    5    5985.64    2    5994.61
(main)    15    6    6017.72    2    6018.21
(main)    29    6    6047.82    2    6048.81
(main)    25    6    6066.21    2    6071.41
(main)    5    6    6073.39    2    6073.61
(main)    26    6    6080.76    2    6096.01
(main)    42    6    6148.73    2    6151.01
(main)    33    6    6164.04    2    6164.41
(main)    3    6    6210.86    2    6212.61
(main)    24    6    6225.84    2    6228.41
(main)    10    6    6238.9    2    6241.61
(main)    34    6    6285.89    2    6286.41
(main)    44    6    6287.94    2    6288.41
(main)    8    6    6288.45    2    6289.01
(main)    11    6    6324.45    2    6325.81
(main)    23    6    6307.02    2    6333.01
(main)    32    6    6346.97    2    6350.81
(main)    18    6    6364.05    2    6379.01
(main)    22    6    6316.83    2    6379.61
(main)    48    6    6381.38    2    6382.01
(main)    28    6    6378.74    2    6399.01
(main)    30    6    6393.9    2    6420.81
(main)    21    6    6429.77    2    6430.01
(main)    20    6    6434.8    2    6441.81
(main)    40    6    6420.79    2    6465.81
(main)    12    6    6490.1    2    6493.61
(main)    46    6    6492.5    2    6513.41
(main)    27    6    6517.65    2    6517.81
(main)    19    6    6509.9    2    6532.01
(main)    36    6    6516.8    2    6540.41
(main)    14    6    6570.04    2    6570.61
(main)    9    6    6552.92    2    6584.81
(main)    0    6    6573.9    2    6595.01
(main)    41    6    6596.83    2    6597.81
(main)    6    6    6646.99    2    6649.81
(main)    45    6    6665.92    2    6673.41
(main)    4    6    6686.91    2    6688.01
(main)    47    6    6705.26    2    6707.81
(main)    1    6    6703.81    2    6719.81
(main)    7    6    6720.12    2    6727.81
(main)    38    6    6754.75    2    6757.21
(main)    37    6    6758.66    2    6781.41
(main)    39    6    6819.68    2    6821.41
(main)    13    6    6926.75    2    6927.21
(main)    16    6    6928.85    2    6929.41
(main)    43    6    6931.9    2    6933.21
(main)    31    6    6942.94    2    6957.01
(main)    17    6    6985.99    2    6986.21
(main)    35    6    6985.82    2    6993.21
(main)    15    7    7017.75    2    7019.01
(main)    29    7    7047.93    2    7049.01
(main)    25    7    7066.39    2    7070.61
(main)    5    7    7073.45    2    7073.61
(main)    26    7    7080.92    2    7094.01
(main)    42    7    7148.86    2    7149.81
(main)    33    7    7164.15    2    7164.41
(main)    3    7    7211.02    2    7212.81
(main)    24    7    7226.0    2    7229.41
(main)    10    7    7239.07    2    7240.41
(main)    34    7    7285.94    2    7286.41
(main)    44    7    7288.12    2    7288.61
(main)    8    7    7288.46    2    7310.61
(main)    23    7    7307.17    2    7313.41
(main)    11    7    7324.48    2    7325.81
(main)    32    7    7347.09    2    7347.81
(main)    18    7    7364.22    2    7370.21
(main)    22    7    7316.84    2    7377.41
(main)    48    7    7381.47    2    7382.01
(main)    28    7    7378.78    2    7382.81
(main)    30    7    7393.96    2    7420.81
(main)    40    7    7420.93    2    7425.81
(main)    21    7    7429.96    2    7443.81
(main)    20    7    7434.87    2    7472.21
(main)    12    7    7490.13    2    7503.61
(main)    19    7    7509.99    2    7511.61
(main)    46    7    7492.53    2    7513.21
(main)    27    7    7517.76    2    7517.81
(main)    36    7    7517.27    2    7557.61
(main)    14    7    7570.17    2    7571.21
(main)    0    7    7574.04    2    7581.21
(main)    41    7    7596.9    2    7598.01
(main)    9    7    7552.93    2    7627.01
(main)    6    7    7647.17    2    7649.81
(main)    45    7    7666.01    2    7675.01
(main)    4    7    7687.03    2    7697.81
(main)    47    7    7705.45    2    7719.41
(main)    1    7    7703.91    2    7722.81
(main)    7    7    7720.25    2    7752.21
(main)    38    7    7754.9    2    7756.61
(main)    37    7    7758.74    2    7767.01
(main)    39    7    7819.75    2    7821.81
(main)    13    7    7926.77    2    7927.41
(main)    16    7    7928.93    2    7929.61
(main)    43    7    7932.04    2    7934.21
(main)    31    7    7943.06    2    7946.61
(main)    17    7    7985.99    2    7986.41
(main)    35    7    7985.99    2    7986.81
(main)    15    8    8018.01    2    8018.61
(main)    29    8    8048.05    2    8049.01
(main)    25    8    8066.55    2    8067.01
(main)    5    8    8073.48    2    8073.61
(main)    26    8    8081.09    2    8096.61
(main)    42    8    8148.96    2    8149.81
(main)    33    8    8164.3    2    8184.43
(main)    3    8    8211.19    2    8213.63
(main)    24    8    8226.15    2    8229.03
(main)    10    8    8239.07    2    8240.43
(main)    34    8    8286.05    2    8286.63
(main)    44    8    8288.14    2    8289.83
(main)    23    8    8307.35    2    8311.83
(main)    11    8    8324.49    2    8325.03
(main)    22    8    8316.85    2    8332.83
(main)    18    8    8364.37    2    8369.03
(main)    32    8    8347.21    2    8381.43
(main)    28    8    8378.81    2    8393.63
(main)    48    8    8381.59    2    8398.23
(main)    21    8    8430.11    2    8430.43
(main)    40    8    8421.1    2    8433.63
(main)    30    8    8394.0    2    8439.23
(main)    20    8    8434.95    2    8481.83
(main)    12    8    8490.32    2    8491.83
(main)    19    8    8510.13    2    8511.23
(main)    46    8    8492.71    2    8512.83
(main)    27    8    8517.89    2    8518.03
(main)    36    8    8517.38    2    8538.03
(main)    14    8    8570.22    2    8571.23
(main)    0    8    8574.2    2    8576.63
(main)    41    8    8597.04    2    8597.23
(main)    9    8    8552.94    2    8617.63
(main)    6    8    8647.3    2    8649.83
(main)    45    8    8666.52    2    8671.43
(main)    4    8    8687.15    2    8687.23
(main)    1    8    8704.02    2    8714.63
(main)    47    8    8705.63    2    8717.43
(main)    7    8    8720.43    2    8739.63
(main)    37    8    8758.8    2    8761.43
(main)    38    8    8755.09    2    8761.83
(main)    39    8    8819.85    2    8822.43
(main)    13    8    8926.79    2    8927.83
(main)    16    8    8929.2    2    8931.43
(main)    43    8    8932.19    2    8934.43
(main)    31    8    8943.23    2    8958.03
(main)    35    8    8986.16    2    8987.03
(main)    17    8    8986.03    2    8987.23
(main)    15    9    9018.08    2    9019.03
(main)    29    9    9048.19    2    9048.23
(main)    25    9    9066.69    2    9067.43
(main)    5    9    9073.52    2    9073.63
(main)    26    9    9081.28    2    9089.23
(main)    42    9    9149.08    2    9149.83
(main)    33    9    9164.35    2    9165.23
(main)    3    9    9211.32    2    9213.63
(main)    24    9    9226.27    2    9227.03
(main)    10    9    9239.23    2    9239.63
(main)    34    9    9286.09    2    9287.03
(main)    44    9    9288.31    2    9290.43
(main)    8    9    9288.48    2    9310.83
(main)    23    9    9307.48    2    9314.23
(main)    11    9    9324.51    2    9324.83
(main)    22    9    9316.88    2    9336.63
(main)    32    9    9347.28    2    9376.03
(main)    18    9    9364.5    2    9378.43
(main)    48    9    9381.67    2    9382.63
(main)    28    9    9378.81    2    9419.03
(main)    30    9    9394.02    2    9419.43
(main)    21    9    9430.25    2    9431.03
(main)    40    9    9421.26    2    9464.83
(main)    20    9    9434.99    2    9487.43
(main)    12    9    9490.36    2    9492.03
(main)    19    9    9510.17    2    9511.23
(main)    46    9    9492.75    2    9515.43
(main)    27    9    9517.98    2    9518.03
(main)    9    9    9553.09    2    9560.03
(main)    14    9    9570.34    2    9571.43
(main)    0    9    9574.38    2    9581.63
(main)    41    9    9597.1    2    9597.23
(main)    6    9    9647.41    2    9649.63
(main)    45    9    9666.58    2    9668.23
(main)    4    9    9687.25    2    9687.43
(main)    47    9    9705.74    2    9713.43
(main)    1    9    9704.07    2    9735.23
(main)    7    9    9720.55    2    9736.03
(main)    38    9    9755.27    2    9758.83
(main)    37    9    9758.82    2    9761.23
(main)    39    9    9819.91    2    9822.63
(main)    13    9    9926.83    2    9927.83
(main)    16    9    9929.24    2    9930.23
(main)    43    9    9932.29    2    9934.43
(main)    31    9    9943.37    2    9945.83
(main)    17    9    9986.23    2    9987.43
(main)    35    9    9986.28    2    9992.63
(main)    15    10    10018.1    2    10019.03
(main)    29    10    10048.26    2    10048.43
(main)    25    10    10066.88    2    10068.83
(main)    5    10    10073.56    2    10074.23
(main)    26    10    10081.47    2    10092.03
(main)    42    10    10149.18    2    10150.03
(main)    33    10    10164.46    2    10165.63
(main)    3    10    10211.46    2    10213.83
(main)    24    10    10226.39    2    10227.03
(main)    10    10    10239.41    2    10239.83
(main)    34    10    10286.21    2    10287.23
(main)    44    10    10288.73    2    10290.03
(main)    8    10    10288.66    2    10291.03
(main)    23    10    10307.61    2    10313.63
(main)    11    10    10324.58    2    10325.43
(main)    22    10    10316.9    2    10338.03
(main)    32    10    10347.37    2    10359.03
(main)    18    10    10364.67    2    10380.03
(main)    48    10    10381.75    2    10382.83
(main)    28    10    10378.87    2    10400.63
(main)    40    10    10421.44    2    10421.83
(main)    30    10    10394.21    2    10429.03
(main)    21    10    10430.39    2    10451.23
(main)    20    10    10435.05    2    10475.83
(main)    12    10    10490.39    2    10491.03
(main)    19    10    10510.25    2    10511.23
(main)    46    10    10492.77    2    10516.23
(main)    27    10    10518.11    2    10518.83
(main)    36    10    10517.52    2    10539.03
(main)    9    10    10553.26    2    10564.43
(main)    14    10    10570.43    2    10571.43
(main)    0    10    10574.54    2    10576.03
(main)    41    10    10597.18    2    10597.23
(main)    6    10    10647.55    2    10649.83
(main)    45    10    10666.64    2    10672.63
(main)    4    10    10687.34    2    10687.43
(main)    47    10    10705.9    2    10711.03
(main)    1    10    10704.14    2    10713.03
(main)    7    10    10720.68    2    10723.23
(main)    38    10    10755.46    2    10757.03
(main)    37    10    10758.87    2    10768.03
(main)    39    10    10819.98    2    10823.23
(main)    13    10    10927.02    2    10928.03
(main)    16    10    10929.5    2    10930.43
(main)    43    10    10932.41    2    10933.63
(main)    31    10    10943.56    2    10955.03
(main)    35    10    10986.43    2    10988.03
(main)    17    10    10986.4    2    10988.43
(main)    15    11    11018.1    2    11019.03
(main)    29    11    11048.36    2    11048.43
(main)    25    11    11066.89    2    11069.03
(main)    5    11    11073.82    2    11074.43
(main)    26    11    11081.47    2    11095.83
(main)    42    11    11149.24    2    11151.03
(main)    33    11    11164.61    2    11173.03
(main)    3    11    11211.59    2    11211.83
(main)    24    11    11226.52    2    11227.23
(main)    10    11    11239.6    2    11240.43
(main)    34    11    11286.32    2    11287.23
(main)    8    11    11288.68    2    11289.63
(main)    44    11    11288.73    2    11290.23
(main)    23    11    11307.76    2    11312.03
(main)    11    11    11324.77    2    11326.03
(main)    22    11    11316.94    2    11335.43
(main)    32    11    11347.66    2    11355.43
(main)    18    11    11364.83    2    11378.83
(main)    48    11    11381.85    2    11382.83
(main)    28    11    11378.92    2    11399.03
(main)    40    11    11421.44    2    11424.63
(main)    21    11    11430.47    2    11432.23
(main)    30    11    11394.23    2    11446.63
(main)    20    11    11435.11    2    11468.23
(main)    12    11    11490.4    2    11491.63
(main)    46    11    11492.79    2    11515.23
(main)    27    11    11518.27    2    11518.83
(main)    19    11    11510.3    2    11533.83
(main)    36    11    11517.58    2    11540.23
(main)    9    11    11553.37    2    11560.83
(main)    14    11    11570.52    2    11570.63
(main)    0    11    11574.55    2    11581.23
(main)    41    11    11597.25    2    11605.63
(main)    6    11    11647.65    2    11652.03
(main)    45    11    11666.7    2    11667.83
(main)    4    11    11687.44    2    11688.03
(main)    1    11    11704.38    2    11728.43
(main)    47    11    11706.05    2    11731.23
(main)    7    11    11720.82    2    11738.83
(main)    38    11    11755.64    2    11772.63
(main)    37    11    11758.9    2    11774.83
(main)    39    11    11820.06    2    11822.63
(main)    13    11    11927.1    2    11927.23
(main)    16    11    11929.59    2    11929.63
(main)    43    11    11932.52    2    11933.23
(main)    31    11    11943.68    2    11944.83
(main)    17    11    11986.57    2    11988.63
(main)    35    11    11986.55    2    11993.63
(main)    15    12    12018.13    2    12018.23
(main)    29    12    12048.42    2    12049.03
(main)    25    12    12067.06    2    12071.63
(main)    5    12    12073.83    2    12074.83
(main)    26    12    12081.65    2    12094.23
(main)    42    12    12149.34    2    12151.63
(main)    33    12    12164.75    2    12195.24
(main)    3    12    12211.73    2    12217.84
(main)    24    12    12226.64    2    12228.24
(main)    10    12    12239.79    2    12241.04
(main)    34    12    12286.42    2    12286.44
(main)    8    12    12288.69    2    12288.84
(main)    44    12    12288.94    2    12289.04
(main)    23    12    12307.96    2    12311.24
(main)    11    12    12324.78    2    12326.04
(main)    22    12    12317.0    2    12335.64
(main)    32    12    12347.74    2    12357.44
(main)    18    12    12365.0    2    12378.04
(main)    48    12    12381.9    2    12382.04
(main)    28    12    12378.93    2    12417.04
(main)    30    12    12394.27    2    12421.04
(main)    21    12    12430.6    2    12432.24
(main)    40    12    12421.61    2    12461.84
(main)    20    12    12435.17    2    12483.84
(main)    12    12    12490.47    2    12491.84
(main)    19    12    12510.42    2    12512.84
(main)    27    12    12518.39    2    12519.04
(main)    46    12    12492.86    2    12534.04
(main)    36    12    12517.64    2    12539.64
(main)    14    12    12570.64    2    12570.84
(main)    9    12    12553.52    2    12593.64
(main)    41    12    12598.37    2    12598.84
(main)    0    12    12574.71    2    12602.44
(main)    6    12    12647.82    2    12648.24
(main)    45    12    12666.72    2    12667.44
(main)    4    12    12687.58    2    12690.04
(main)    47    12    12706.22    2    12708.64
(main)    1    12    12704.46    2    12729.84
(main)    7    12    12720.82    2    12731.24
(main)    38    12    12755.77    2    12756.44
(main)    37    12    12758.95    2    12759.64
(main)    39    12    12820.13    2    12822.44
(main)    13    12    12927.28    2    12927.44
(main)    16    12    12929.63    2    12929.64
(main)    43    12    12932.69    2    12933.04
(main)    31    12    12943.86    2    12945.04
(main)    17    12    12986.73    2    12989.64
(main)    35    12    12986.71    2    12993.44
(main)    15    13    13018.17    2    13018.24
(main)    29    13    13048.54    2    13049.04
(main)    25    13    13067.07    2    13073.04
(main)    5    13    13073.9    2    13074.84
(main)    26    13    13081.8    2    13094.04
(main)    42    13    13149.45    2    13151.44
(main)    33    13    13164.89    2    13167.04
(main)    3    13    13211.84    2    13212.24
(main)    24    13    13226.73    2    13228.64
(main)    10    13    13239.92    2    13241.24
(main)    34    13    13286.48    2    13286.64
(main)    8    13    13288.82    2    13288.84
(main)    44    13    13288.99    2    13289.24
(main)    11    13    13324.79    2    13326.44
(main)    23    13    13308.12    2    13330.64
(main)    22    13    13317.06    2    13335.64
(main)    32    13    13347.8    2    13372.04
(main)    18    13    13365.16    2    13373.84
(main)    48    13    13381.94    2    13382.04
(main)    28    13    13378.99    2    13400.24
(main)    21    13    13430.71    2    13432.84
(main)    40    13    13421.77    2    13439.84
(main)    20    13    13435.23    2    13461.84
(main)    12    13    13490.53    2    13495.04
(main)    19    13    13510.51    2    13512.44
(main)    27    13    13518.44    2    13519.44
(main)    46    13    13492.92    2    13541.24
(main)    36    13    13517.69    2    13558.44
(main)    9    13    13553.66    2    13562.44
(main)    14    13    13570.76    2    13570.84
(main)    0    13    13574.83    2    13581.64
(main)    41    13    13598.47    2    13599.04
(main)    6    13    13647.95    2    13648.44
(main)    45    13    13666.91    2    13667.64
(main)    4    13    13687.68    2    13688.24
(main)    47    13    13706.38    2    13710.64
(main)    7    13    13721.01    2    13723.44
(main)    1    13    13704.5    2    13731.84
(main)    38    13    13755.95    2    13758.44
(main)    37    13    13758.98    2    13760.64
(main)    39    13    13820.18    2    13821.44
(main)    13    13    13927.46    2    13927.64
(main)    16    13    13929.77    2    13929.84
(main)    43    13    13932.84    2    13933.24
(main)    31    13    13944.02    2    13954.24
(main)    17    13    13986.92    2    13991.24
(main)    35    13    13986.83    2    13992.44
(main)    15    14    14018.23    2    14018.24
(main)    29    14    14048.65    2    14049.24
(main)    25    14    14067.22    2    14072.24
(main)    5    14    14073.96    2    14075.04
(main)    26    14    14081.98    2    14092.64
(main)    42    14    14149.51    2    14152.44
(main)    33    14    14165.01    2    14174.84
(main)    3    14    14211.96    2    14212.84
(main)    24    14    14226.89    2    14229.04
(main)    10    14    14240.07    2    14241.84
(main)    34    14    14286.51    2    14286.64
(main)    8    14    14288.83    2    14288.84
(main)    44    14    14289.02    2    14308.44
(main)    23    14    14308.23    2    14311.84
(main)    11    14    14324.8    2    14327.04
(main)    22    14    14317.12    2    14337.44
(main)    32    14    14347.9    2    14359.44
(main)    28    14    14379.02    2    14380.64
(main)    18    14    14365.27    2    14381.04
(main)    48    14    14381.97    2    14382.04
(main)    30    14    14394.54    2    14425.04
(main)    40    14    14421.92    2    14426.84
(main)    21    14    14430.83    2    14432.04
(main)    20    14    14435.29    2    14472.04
(main)    12    14    14490.59    2    14493.24
(main)    19    14    14510.62    2    14512.84
(main)    46    14    14492.98    2    14515.44
(main)    27    14    14518.56    2    14519.64
(main)    36    14    14518.18    2    14538.64
(main)    14    14    14570.89    2    14571.44
(main)    0    14    14575.0    2    14580.44
(main)    9    14    14553.79    2    14585.24
(main)    41    14    14598.58    2    14599.64
(main)    6    14    14648.1    2    14649.04
(main)    45    14    14666.93    2    14671.44
(main)    4    14    14687.82    2    14688.84
(main)    1    14    14704.6    2    14714.04
(main)    47    14    14706.55    2    14717.24
(main)    7    14    14721.01    2    14721.64
(main)    38    14    14756.12    2    14759.04
(main)    37    14    14758.99    2    14768.84
(main)    39    14    14820.26    2    14821.04
(main)    13    14    14927.51    2    14928.04
(main)    16    14    14929.84    2    14930.44
(main)    43    14    14932.98    2    14934.44
(main)    31    14    14944.16    2    14959.64
(main)    17    14    14987.11    2    14987.64
(main)    35    14    14986.97    2    14993.84
(main)    15    15    15018.27    2    15018.84
(main)    29    15    15048.78    2    15049.84
(main)    25    15    15067.39    2    15072.24
(main)    5    15    15073.99    2    15074.04
(main)    26    15    15082.02    2    15090.44
(main)    42    15    15149.63    2    15152.84
(main)    33    15    15165.15    2    15166.04
(main)    3    15    15212.09    2    15213.44
(main)    24    15    15227.03    2    15229.24
(main)    10    15    15240.26    2    15242.44
(main)    34    15    15286.6    2    15287.24
(main)    8    15    15289.0    2    15289.84
(main)    44    15    15289.04    2    15310.24
(main)    23    15    15308.41    2    15315.44
(main)    11    15    15324.84    2    15327.04
(main)    22    15    15318.34    2    15338.04
(main)    32    15    15348.0    2    15355.84
(main)    18    15    15365.44    2    15378.44
(main)    48    15    15382.0    2    15382.64
(main)    28    15    15379.05    2    15399.24
(main)    40    15    15422.52    2    15424.24
(main)    21    15    15430.97    2    15432.24
(main)    30    15    15394.56    2    15444.84
(main)    20    15    15435.37    2    15491.44
(main)    19    15    15510.73    2    15514.44
(main)    46    15    15493.04    2    15517.24
(main)    27    15    15518.66    2    15519.64
(main)    12    15    15490.64    2    15529.44
(main)    36    15    15518.21    2    15542.04
(main)    14    15    15571.03    2    15572.24
(main)    0    15    15575.0    2    15576.84
(main)    9    15    15554.58    2    15595.64
(main)    41    15    15598.7    2    15599.64
(main)    6    15    15648.24    2    15657.24
(main)    45    15    15666.99    2    15679.84
(main)    4    15    15687.91    2    15688.84
(main)    47    15    15706.67    2    15718.84
(main)    1    15    15704.64    2    15723.04
(main)    7    15    15721.01    2    15730.24
(main)    38    15    15756.29    2    15757.84
(main)    37    15    15759.04    2    15761.64
(main)    39    15    15820.28    2    15821.44
(main)    13    15    15927.69    2    15928.24
(main)    16    15    15929.92    2    15930.44
(main)    43    15    15933.13    2    15934.44
(main)    31    15    15944.35    2    15947.04
(main)    35    15    15987.08    2    15988.84
(main)    17    15    15987.11    2    15991.84
(main)    15    16    16018.35    2    16018.84
(main)    29    16    16048.9    2    16049.84
(main)    5    16    16073.99    2    16074.04
(main)    25    16    16067.54    2    16082.84
(main)    26    16    16082.16    2    16113.04
(main)    42    16    16149.7    2    16151.24
(main)    33    16    16165.26    2    16188.85
(main)    3    16    16212.22    2    16215.65
(main)    24    16    16227.14    2    16230.85
(main)    10    16    16240.26    2    16242.85
(main)    34    16    16286.67    2    16287.25
(main)    44    16    16289.04    2    16290.45
(main)    8    16    16289.01    2    16290.65
(main)    23    16    16308.56    2    16315.65
(main)    11    16    16324.86    2    16327.05
(main)    22    16    16318.38    2    16338.05
(main)    32    16    16348.1    2    16359.05
(main)    28    16    16379.11    2    16381.85
(main)    48    16    16382.04    2    16382.65
(main)    18    16    16365.56    2    16398.45
(main)    30    16    16394.61    2    16423.65
(main)    21    16    16431.12    2    16431.85
(main)    40    16    16422.54    2    16463.85
(main)    20    16    16435.41    2    16488.05
(main)    12    16    16490.69    2    16494.25
(main)    19    16    16510.86    2    16513.25
(main)    46    16    16493.08    2    16515.45
(main)    27    16    16518.79    2    16518.85
(main)    36    16    16518.25    2    16541.25
(main)    14    16    16571.12    2    16571.85
(main)    0    16    16575.0    2    16577.25
(main)    41    16    16598.83    2    16599.85
(main)    9    16    16554.73    2    16604.65
(main)    6    16    16648.34    2    16649.45
(main)    4    16    16687.98    2    16689.05
(main)    45    16    16667.02    2    16705.85
(main)    1    16    16704.69    2    16728.65
(main)    7    16    16721.02    2    16729.65
(main)    47    16    16706.82    2    16757.65
(main)    37    16    16759.08    2    16777.65
(main)    38    16    16756.47    2    16782.05
(main)    39    16    16820.33    2    16823.05
(main)    13    16    16927.77    2    16928.25
(main)    16    16    16929.96    2    16930.65
(main)    43    16    16933.23    2    16934.85
(main)    31    16    16944.53    2    16959.45
(main)    17    16    16987.29    2    16988.45
(main)    35    16    16987.25    2    16996.45
(main)    15    17    17018.53    2    17019.25
(main)    29    17    17048.97    2    17050.05
(main)    25    17    17067.73    2    17068.45
(main)    5    17    17074.08    2    17083.65
(main)    26    17    17082.23    2    17093.25
(main)    42    17    17149.82    2    17150.85
(main)    33    17    17165.32    2    17165.65
(main)    3    17    17212.32    2    17214.05
(main)    24    17    17227.27    2    17230.65
(main)    10    17    17240.44    2    17241.25
(main)    34    17    17286.76    2    17287.25
(main)    44    17    17289.08    2    17290.85
(main)    8    17    17289.04    2    17291.25
(main)    23    17    17308.71    2    17314.45
(main)    11    17    17324.89    2    17325.25
(main)    22    17    17318.44    2    17336.25
(main)    32    17    17348.19    2    17373.25
(main)    48    17    17382.14    2    17382.65
(main)    18    17    17365.73    2    17394.85
(main)    28    17    17379.16    2    17398.05
(main)    21    17    17431.21    2    17431.65
(main)    40    17    17422.68    2    17436.45
(main)    30    17    17394.62    2    17445.65
(main)    20    17    17435.45    2    17485.65
(main)    12    17    17490.74    2    17494.05
(main)    19    17    17510.92    2    17512.85
(main)    46    17    17493.14    2    17515.25
(main)    27    17    17518.91    2    17519.05
(main)    36    17    17518.3    2    17542.85
(main)    9    17    17554.73    2    17561.25
(main)    14    17    17571.24    2    17572.25
(main)    0    17    17575.14    2    17577.45
(main)    41    17    17598.9    2    17599.05
(main)    6    17    17648.44    2    17649.85
(main)    45    17    17667.03    2    17669.25
(main)    4    17    17688.07    2    17688.25
(main)    47    17    17706.99    2    17713.85
(main)    7    17    17721.02    2    17723.05
(main)    1    17    17704.74    2    17730.25
(main)    37    17    17759.1    2    17763.65
(main)    38    17    17756.62    2    17779.25
(main)    39    17    17820.39    2    17822.85
(main)    13    17    17927.77    2    17928.85
(main)    16    17    17930.06    2    17931.05
(main)    43    17    17933.31    2    17935.45
(main)    31    17    17944.65    2    17946.85
(main)    17    17    17987.31    2    17988.05
(main)    35    17    17987.37    2    17995.85
(main)    15    18    18018.54    2    18019.45
(main)    29    18    18049.08    2    18049.25
(main)    25    18    18067.76    2    18068.45
(main)    5    18    18074.14    2    18074.65
(main)    26    18    18082.23    2    18099.85
(main)    42    18    18149.94    2    18152.85
(main)    33    18    18165.47    2    18167.45
(main)    3    18    18212.46    2    18214.05
(main)    24    18    18227.37    2    18229.85
(main)    10    18    18240.63    2    18242.05
(main)    34    18    18286.82    2    18287.85
(main)    44    18    18289.12    2    18291.25
(main)    8    18    18289.21    2    18291.85
(main)    23    18    18308.86    2    18314.45
(main)    11    18    18324.94    2    18325.25
(main)    22    18    18318.47    2    18336.85
(main)    32    18    18348.32    2    18377.25
(main)    48    18    18382.15    2    18383.25
(main)    28    18    18379.24    2    18419.05
(main)    30    18    18394.64    2    18423.85
(main)    18    18    18365.73    2    18425.85
(main)    21    18    18431.32    2    18446.45
(main)    40    18    18422.85    2    18469.05
(main)    20    18    18435.53    2    18494.85
(main)    12    18    18490.74    2    18512.45
(main)    19    18    18511.0    2    18514.45
(main)    46    18    18493.14    2    18515.65
(main)    36    18    18518.35    2    18519.05
(main)    27    18    18519.07    2    18537.05
(main)    9    18    18554.73    2    18560.85
(main)    14    18    18571.37    2    18572.45
(main)    0    18    18575.15    2    18578.65
(main)    41    18    18599.37    2    18623.25
(main)    6    18    18648.55    2    18650.45
(main)    45    18    18667.1    2    18674.25
(main)    4    18    18688.14    2    18689.45
(main)    47    18    18707.15    2    18708.45
(main)    7    18    18721.16    2    18723.45
(main)    1    18    18704.76    2    18732.45
(main)    38    18    18756.78    2    18761.45
(main)    37    18    18759.11    2    18769.25
(main)    39    18    18820.45    2    18823.05
(main)    13    18    18927.8    2    18928.85
(main)    16    18    18930.22    2    18931.25
(main)    43    18    18933.43    2    18935.65
(main)    31    18    18944.8    2    18959.25
(main)    35    18    18987.5    2    18988.45
(main)    17    18    18987.47    2    18988.65
(main)    15    19    19018.72    2    19019.65
(main)    29    19    19049.17    2    19049.25
(main)    25    19    19067.93    2    19068.85
(main)    5    19    19074.18    2    19074.65
(main)    26    19    19082.23    2    19104.45
(main)    42    19    19150.02    2    19151.05
(main)    33    19    19165.56    2    19167.85
(main)    3    19    19212.61    2    19215.05
(main)    24    19    19227.48    2    19228.05
(main)    10    19    19240.63    2    19241.05
(main)    34    19    19286.95    2    19288.05
(main)    44    19    19289.13    2    19290.05
(main)    8    19    19289.22    2    19310.85
(main)    23    19    19308.99    2    19313.05
(main)    11    19    19324.96    2    19325.25
(main)    22    19    19318.5    2    19336.45
(main)    32    19    19348.41    2    19351.05
(main)    18    19    19365.91    2    19372.85
(main)    48    19    19382.34    2    19383.25
(main)    28    19    19379.28    2    19395.05
(main)    30    19    19394.65    2    19418.25
(main)    21    19    19431.42    2    19434.05
(main)    40    19    19422.86    2    19441.45
(main)    20    19    19435.57    2    19483.85
(main)    12    19    19490.94    2    19492.85
(main)    19    19    19511.09    2    19511.85
(main)    46    19    19493.34    2    19516.45
(main)    36    19    19518.38    2    19519.45
(main)    14    19    19571.48    2    19572.45
(main)    27    19    19519.18    2    19574.65
(main)    0    19    19575.34    2    19595.45
(main)    41    19    19599.48    2    19599.65
(main)    9    19    19554.84    2    19638.45
(main)    6    19    19648.62    2    19650.85
(main)    45    19    19667.29    2    19681.25
(main)    4    19    19688.23    2    19688.25
(main)    47    19    19707.3    2    19708.65
(main)    7    19    19721.34    2    19733.45
(main)    1    19    19704.79    2    19735.25
(main)    38    19    19756.79    2    19768.85
(main)    37    19    19759.15    2    19771.85
(main)    39    19    19820.47    2    19823.25
(main)    13    19    19927.97    2    19929.05
(main)    16    19    19930.45    2    19931.85
(main)    43    19    19933.52    2    19934.05
(main)    31    19    19944.98    2    19951.45
(main)    17    19    19987.63    2    19989.65
(main)    35    19    19987.62    2    19996.45
(main)    15    20    20018.74    2    20019.65
(main)    29    20    20049.31    2    20049.45
(main)    25    20    20068.1    2    20072.25
(main)    5    20    20074.22    2    20074.85
(main)    26    20    20082.23    2    20093.85
(main)    42    20    20150.11    2    20151.25
(main)    33    20    20165.66    2    20185.47
(main)    3    20    20212.72    2    20213.47
(main)    24    20    20227.6    2    20228.27
(main)    10    20    20240.81    2    20242.27
(main)    34    20    20286.99    2    20288.07
(main)    44    20    20289.14    2    20290.07
(main)    23    20    20309.14    2    20310.27
(main)    8    20    20289.24    2    20313.07
(main)    11    20    20324.99    2    20326.47
(main)    22    20    20318.52    2    20334.47
(main)    32    20    20348.51    2    20356.67
(main)    18    20    20366.06    2    20378.07
(main)    48    20    20382.43    2    20383.47
(main)    28    20    20379.35    2    20398.87
(main)    30    20    20394.67    2    20424.07
(main)    21    20    20431.51    2    20433.07
(main)    20    20    20435.65    2    20449.87
(main)    12    20    20490.97    2    20493.07
(main)    19    20    20511.17    2    20512.47
(main)    46    20    20493.37    2    20516.87
(main)    27    20    20519.3    2    20519.87
(main)    36    20    20518.44    2    20536.87
(main)    9    20    20555.01    2    20567.07
(main)    14    20    20571.61    2    20571.67
(main)    41    20    20599.55    2    20600.07
(main)    0    20    20575.46    2    20621.27
(main)    6    20    20648.75    2    20651.47
(main)    45    20    20667.35    2    20667.87
(main)    4    20    20688.31    2    20688.87
(main)    47    20    20707.49    2    20708.87
(main)    1    20    20704.84    2    20731.47
(main)    7    20    20721.49    2    20733.67
(main)    38    20    20756.91    2    20759.47
(main)    37    20    20759.15    2    20760.07
(main)    39    20    20820.53    2    20823.67
(main)    13    20    20928.16    2    20928.27
(main)    16    20    20930.66    2    20930.67
(main)    43    20    20933.64    2    20935.07
(main)    31    20    20945.09    2    20958.47
(main)    17    20    20987.8    2    20989.47
(main)    35    20    20987.76    2    20990.07
(main)    15    21    21018.77    2    21018.87
(main)    29    21    21049.41    2    21050.07
(main)    25    21    21068.28    2    21070.27
(main)    5    21    21074.25    2    21075.27
(main)    26    21    21082.25    2    21097.07
(main)    42    21    21150.21    2    21151.87
(main)    33    21    21165.73    2    21167.47
(main)    3    21    21212.81    2    21213.47
(main)    24    21    21227.71    2    21229.07
(main)    10    21    21240.97    2    21242.47
(main)    34    21    21287.09    2    21287.27
(main)    8    21    21289.4    2    21289.47
(main)    44    21    21289.54    2    21308.67
(main)    23    21    21309.29    2    21315.67
(main)    11    21    21325.17    2    21326.47
(main)    22    21    21318.54    2    21338.27
(main)    32    21    21348.58    2    21355.87
(main)    18    21    21366.2    2    21378.27
(main)    48    21    21382.45    2    21382.47
(main)    28    21    21379.39    2    21401.07
(main)    30    21    21394.86    2    21423.27
(main)    21    21    21431.63    2    21432.87
(main)    40    21    21424.79    2    21445.87
(main)    20    21    21435.67    2    21483.67
(main)    12    21    21491.02    2    21491.67
(main)    19    21    21511.23    2    21513.87
(main)    27    21    21519.39    2    21519.87
(main)    46    21    21493.41    2    21531.87
(main)    36    21    21518.49    2    21545.07
(main)    14    21    21571.72    2    21571.87
(main)    9    21    21555.17    2    21598.47
(main)    0    21    21575.61    2    21599.27
(main)    41    21    21599.63    2    21600.27
(main)    6    21    21648.88    2    21650.67
(main)    45    21    21667.39    2    21667.87
(main)    4    21    21688.4    2    21688.87
(main)    47    21    21707.64    2    21717.47
(main)    7    21    21721.66    2    21731.87
(main)    1    21    21704.87    2    21738.67
(main)    37    21    21759.18    2    21766.07
(main)    38    21    21757.08    2    21774.87
(main)    39    21    21820.58    2    21828.47
(main)    13    21    21928.16    2    21928.27
(main)    16    21    21930.71    2    21930.87
(main)    43    21    21933.76    2    21934.07
(main)    31    21    21945.23    2    21946.47
(main)    17    21    21987.98    2    21989.67
(main)    35    21    21987.9    2    21997.27
(main)    15    22    22018.82    2    22018.87
(main)    29    22    22049.51    2    22050.07
(main)    25    22    22068.47    2    22071.07
(main)    5    22    22074.28    2    22075.27
(main)    26    22    22082.25    2    22098.27
(main)    42    22    22150.32    2    22152.27
(main)    33    22    22165.84    2    22169.27
(main)    3    22    22212.93    2    22213.27
(main)    24    22    22227.79    2    22229.07
(main)    10    22    22240.98    2    22241.87
(main)    34    22    22287.17    2    22287.27
(main)    8    22    22289.58    2    22289.67
(main)    44    22    22289.73    2    22309.07
(main)    11    22    22325.18    2    22326.47
(main)    23    22    22309.44    2    22332.07
(main)    22    22    22318.58    2    22338.27
(main)    32    22    22348.65    2    22354.67
(main)    18    22    22366.39    2    22375.87
(main)    48    22    22382.55    2    22382.67
(main)    28    22    22379.45    2    22398.87
(main)    30    22    22394.9    2    22420.67
(main)    21    22    22431.73    2    22434.07
(main)    40    22    22424.94    2    22446.27
(main)    20    22    22435.73    2    22467.67
(main)    12    22    22491.07    2    22493.47
(main)    19    22    22511.31    2    22512.67
(main)    46    22    22493.44    2    22515.67
(main)    27    22    22519.47    2    22520.47
(main)    36    22    22518.55    2    22536.67
(main)    14    22    22571.81    2    22571.87
(main)    0    22    22575.79    2    22576.67
(main)    41    22    22599.69    2    22600.67
(main)    9    22    22555.36    2    22617.47
(main)    6    22    22648.96    2    22649.47
(main)    45    22    22667.43    2    22669.47
(main)    4    22    22688.44    2    22689.07
(main)    47    22    22707.79    2    22710.07
(main)    1    22    22704.92    2    22732.27
(main)    7    22    22721.81    2    22733.47
(main)    38    22    22757.23    2    22759.07
(main)    37    22    22759.36    2    22763.27
(main)    39    22    22820.64    2    22821.47
(main)    13    22    22928.18    2    22928.27
(main)    16    22    22930.79    2    22930.87
(main)    43    22    22933.83    2    22934.67
(main)    31    22    22945.34    2    22946.27
(main)    17    22    22988.14    2    22990.67
(main)    35    22    22988.02    2    22994.07
(main)    15    23    23018.82    2    23020.47
(main)    29    23    23049.63    2    23050.27
(main)    25    23    23068.62    2    23071.67
(main)    5    23    23075.11    2    23076.07
(main)    26    23    23082.26    2    23113.27
(main)    42    23    23150.39    2    23152.67
(main)    33    23    23166.0    2    23167.67
(main)    3    23    23213.08    2    23214.07
(main)    24    23    23227.9    2    23229.87
(main)    10    23    23240.98    2    23242.87
(main)    34    23    23287.21    2    23287.27
(main)    8    23    23289.74    2    23289.87
(main)    44    23    23289.92    2    23290.07
(main)    23    23    23309.61    2    23314.07
(main)    11    23    23325.2    2    23327.07
(main)    22    23    23318.61    2    23339.67
(main)    32    23    23348.78    2    23351.87
(main)    18    23    23366.54    2    23372.27
(main)    48    23    23382.62    2    23382.67
(main)    28    23    23379.45    2    23396.07
(main)    30    23    23394.93    2    23419.47
(main)    21    23    23431.84    2    23435.07
(main)    40    23    23425.14    2    23443.27
(main)    20    23    23435.79    2    23466.47
(main)    12    23    23491.11    2    23493.47
(main)    19    23    23511.42    2    23514.07
(main)    27    23    23519.62    2    23520.67
(main)    46    23    23493.5    2    23535.87
(main)    36    23    23518.59    2    23559.07
(main)    14    23    23571.9    2    23572.47
(main)    0    23    23575.97    2    23577.07
(main)    9    23    23555.53    2    23585.67
(main)    6    23    23649.06    2    23649.47
(main)    45    23    23667.5    2    23672.87
(main)    4    23    23688.54    2    23689.67
(main)    41    23    23599.72    2    23690.67
(main)    47    23    23707.97    2    23711.27
(main)    7    23    23722.0    2    23722.67
(main)    1    23    23704.96    2    23733.27
(main)    37    23    23759.39    2    23761.67
(main)    38    23    23757.39    2    23777.87
(main)    39    23    23820.69    2    23822.67
(main)    13    23    23928.26    2    23928.87
(main)    16    23    23930.84    2    23931.47
(main)    43    23    23934.12    2    23934.87
(main)    31    23    23945.48    2    23958.27
(main)    17    23    23988.28    2    23989.47
(main)    35    23    23988.15    2    23994.47
(main)    15    24    24018.84    2    24019.47
(main)    29    24    24049.67    2    24050.67
(main)    25    24    24068.75    2    24072.07
(main)    5    24    24075.11    2    24075.27
(main)    26    24    24082.43    2    24114.87
(main)    42    24    24150.45    2    24153.27
(main)    33    24    24166.08    2    24198.08
(main)    3    24    24213.23    2    24215.28
(main)    24    24    24228.05    2    24230.48
(main)    10    24    24241.17    2    24242.88
(main)    34    24    24287.29    2    24287.88
(main)    8    24    24289.81    2    24290.28
(main)    44    24    24290.09    2    24290.68
(main)    23    24    24309.77    2    24312.88
(main)    11    24    24325.23    2    24327.48
(main)    22    24    24318.67    2    24336.88
(main)    32    24    24348.85    2    24353.08
(main)    18    24    24366.66    2    24375.48
(main)    48    24    24383.31    2    24383.88
(main)    28    24    24379.49    2    24419.68
(main)    30    24    24394.98    2    24425.28
(main)    21    24    24432.03    2    24445.48
(main)    40    24    24425.32    2    24462.68
(main)    20    24    24435.84    2    24486.88
(main)    12    24    24491.17    2    24493.28
(main)    19    24    24511.53    2    24514.08
(main)    46    24    24493.56    2    24516.28
(main)    27    24    24519.76    2    24520.68
(main)    36    24    24518.91    2    24539.08
(main)    9    24    24555.7    2    24564.48
(main)    14    24    24571.95    2    24572.48
(main)    41    24    24599.83    2    24600.88
(main)    0    24    24575.98    2    24618.28
(main)    6    24    24649.19    2    24650.68
(main)    45    24    24667.55    2    24674.88
(main)    4    24    24688.64    2    24689.68
(main)    47    24    24708.12    2    24708.48
(main)    1    24    24705.04    2    24731.48
(main)    7    24    24722.01    2    24735.28
(main)    38    24    24757.43    2    24758.28
(main)    37    24    24759.43    2    24763.28
(main)    39    24    24820.78    2    24821.48
(main)    13    24    24928.34    2    24928.88
(main)    16    24    24930.87    2    24931.48
(main)    43    24    24934.27    2    24935.28
(main)    31    24    24945.5    2    24958.88
(main)    17    24    24988.45    2    24991.28
(main)    35    24    24988.3    2    24996.88
(main)    15    25    25018.92    2    25020.08
(main)    29    25    25049.74    2    25050.68
(main)    25    25    25068.9    2    25070.28
(main)    5    25    25075.21    2    25075.28
(main)    26    25    25082.6    2    25097.28
(main)    42    25    25150.58    2    25153.68
(main)    33    25    25166.22    2    25168.28
(main)    3    25    25213.32    2    25214.68
(main)    24    25    25228.18    2    25230.68
(main)    10    25    25241.33    2    25243.08
(main)    34    25    25287.39    2    25287.88
(main)    8    25    25289.81    2    25290.28
(main)    44    25    25290.27    2    25291.48
(main)    23    25    25309.94    2    25315.48
(main)    11    25    25325.24    2    25327.48
(main)    22    25    25318.73    2    25339.08
(main)    32    25    25348.91    2    25364.68
(main)    48    25    25383.39    2    25383.88
(main)    28    25    25379.55    2    25385.68
(main)    18    25    25366.77    2    25388.48
(main)    30    25    25395.16    2    25430.48
(main)    40    25    25425.51    2    25432.68
(main)    21    25    25432.76    2    25452.28
(main)    20    25    25435.89    2    25492.48
(main)    12    25    25491.23    2    25494.68
(main)    19    25    25511.62    2    25514.88
(main)    46    25    25493.62    2    25517.28
(main)    27    25    25519.88    2    25520.08
(main)    9    25    25555.87    2    25564.08
(main)    14    25    25572.1    2    25572.68
(main)    0    25    25576.17    2    25586.08
(main)    36    25    25518.98    2    25600.48
(main)    41    25    25599.91    2    25600.88
(main)    6    25    25649.34    2    25650.08
(main)    45    25    25667.62    2    25668.88
(main)    4    25    25688.75    2    25689.68
(main)    47    25    25708.26    2    25713.48
(main)    1    25    25705.09    2    25714.08
(main)    7    25    25722.16    2    25738.88
(main)    38    25    25757.6    2    25760.48
(main)    37    25    25759.47    2    25763.08
(main)    39    25    25820.86    2    25822.28
(main)    13    25    25928.38    2    25928.88
(main)    16    25    25930.91    2    25931.48
(main)    43    25    25934.41    2    25936.08
(main)    31    25    25945.65    2    25959.48
(main)    17    25    25988.63    2    25989.28
(main)    35    25    25988.43    2    25995.88
(main)    15    26    26018.96    2    26019.48
(main)    29    26    26049.84    2    26050.88
(main)    5    26    26075.24    2    26075.28
(main)    25    26    26069.7    2    26091.08
(main)    26    26    26082.74    2    26113.68
(main)    42    26    26150.69    2    26153.08
(main)    33    26    26166.33    2    26167.08
(main)    3    26    26213.46    2    26215.28
(main)    24    26    26228.27    2    26232.68
(main)    10    26    26241.5    2    26243.08
(main)    34    26    26287.47    2    26288.08
(main)    8    26    26289.82    2    26290.28
(main)    44    26    26290.32    2    26290.88
(main)    23    26    26310.07    2    26315.68
(main)    11    26    26325.25    2    26326.68
(main)    32    26    26349.02    2    26357.08
(main)    22    26    26318.79    2    26365.08
(main)    18    26    26366.92    2    26379.08
(main)    48    26    26383.43    2    26384.48
(main)    28    26    26379.57    2    26401.08
(main)    30    26    26395.17    2    26422.68
(main)    21    26    26432.91    2    26433.68
(main)    20    26    26435.92    2    26466.88
(main)    40    26    26425.54    2    26467.28
(main)    12    26    26491.28    2    26494.28
(main)    19    26    26511.7    2    26513.28
(main)    46    26    26493.65    2    26515.48
(main)    27    26    26520.03    2    26520.08
(main)    36    26    26519.01    2    26540.28
(main)    14    26    26572.19    2    26573.28
(main)    0    26    26576.17    2    26577.88
(main)    9    26    26556.02    2    26604.88
(main)    41    26    26600.02    2    26620.28
(main)    6    26    26649.42    2    26651.08
(main)    45    26    26667.75    2    26673.48
(main)    4    26    26688.83    2    26688.88
(main)    1    26    26705.12    2    26712.68
(main)    7    26    26722.35    2    26734.68
(main)    47    26    26708.4    2    26735.88
(main)    38    26    26757.79    2    26760.48
(main)    37    26    26759.51    2    26762.08
(main)    39    26    26820.9    2    26822.48
(main)    13    26    26928.38    2    26929.48
(main)    16    26    26931.1    2    26932.08
(main)    43    26    26934.48    2    26936.28
(main)    31    26    26945.82    2    26952.28
(main)    35    26    26988.55    2    26989.48
(main)    17    26    26988.8    2    26990.08
(main)    15    27    27018.98    2    27020.08
(main)    29    27    27049.93    2    27050.08
(main)    25    27    27069.87    2    27074.68
(main)    5    27    27075.28    2    27096.28
(main)    26    27    27082.89    2    27097.68
(main)    42    27    27150.84    2    27151.68
(main)    33    27    27166.44    2    27167.48
(main)    3    27    27213.54    2    27215.48
(main)    24    27    27228.39    2    27230.68
(main)    10    27    27241.69    2    27242.88
(main)    34    27    27287.52    2    27288.48
(main)    8    27    27289.85    2    27290.88
(main)    44    27    27290.32    2    27291.28
(main)    23    27    27310.23    2    27315.28
(main)    11    27    27325.25    2    27325.68
(main)    22    27    27318.85    2    27338.28
(main)    32    27    27349.14    2    27354.08
(main)    48    27    27383.45    2    27384.48
(main)    18    27    27367.08    2    27400.08
(main)    28    27    27379.62    2    27401.68
(main)    30    27    27395.19    2    27420.08
(main)    21    27    27433.02    2    27433.28
(main)    40    27    27426.94    2    27466.88
(main)    20    27    27436.12    2    27488.08
(main)    12    27    27491.34    2    27508.48
(main)    19    27    27511.78    2    27514.28
(main)    46    27    27493.71    2    27516.88
(main)    27    27    27520.12    2    27520.28
(main)    36    27    27519.06    2    27533.28
(main)    14    27    27572.34    2    27573.28
(main)    9    27    27556.17    2    27574.48
(main)    0    27    27576.18    2    27595.08
(main)    41    27    27600.1    2    27600.28
(main)    6    27    27649.53    2    27651.48
(main)    45    27    27667.79    2    27677.28
(main)    4    27    27688.95    2    27689.08
(main)    47    27    27708.55    2    27711.88
(main)    7    27    27722.51    2    27734.88
(main)    1    27    27705.16    2    27738.28
(main)    38    27    27757.8    2    27761.28
(main)    37    27    27759.55    2    27762.88
(main)    39    27    27820.95    2    27823.68
(main)    13    27    27928.4    2    27929.48
(main)    16    27    27931.13    2    27932.08
(main)    43    27    27934.59    2    27936.48
(main)    31    27    27945.97    2    27951.88
(main)    17    27    27988.99    2    27990.28
(main)    35    27    27988.7    2    27997.28
(main)    15    28    28019.03    2    28020.88
(main)    29    28    28050.02    2    28050.08
(main)    25    28    28070.03    2    28073.08
(main)    5    28    28075.32    2    28075.88
(main)    26    28    28083.04    2    28096.28
(main)    42    28    28150.9    2    28151.88
(main)    33    28    28166.58    2    28186.09
(main)    3    28    28213.64    2    28214.49
(main)    24    28    28228.54    2    28231.09
(main)    10    28    28241.84    2    28243.29
(main)    34    28    28287.58    2    28288.49
(main)    8    28    28289.89    2    28291.09
(main)    44    28    28290.35    2    28291.29
(main)    23    28    28310.39    2    28314.69
(main)    11    28    28325.44    2    28325.89
(main)    22    28    28318.91    2    28355.29
(main)    32    28    28349.22    2    28362.69
(main)    48    28    28383.52    2    28384.49
(main)    18    28    28367.24    2    28385.29
(main)    28    28    28379.65    2    28399.69
(main)    40    28    28427.1    2    28429.89
(main)    30    28    28395.2    2    28432.89
(main)    21    28    28433.8    2    28434.69
(main)    20    28    28436.14    2    28475.89
(main)    12    28    28491.4    2    28498.49
(main)    19    28    28511.87    2    28513.49
(main)    46    28    28493.76    2    28514.69
(main)    27    28    28520.22    2    28520.69
(main)    36    28    28519.12    2    28540.89
(main)    9    28    28556.33    2    28566.09
(main)    14    28    28572.5    2    28573.49
(main)    0    28    28576.35    2    28586.69
(main)    41    28    28600.17    2    28600.29
(main)    6    28    28649.64    2    28653.89
(main)    45    28    28667.82    2    28671.89
(main)    4    28    28689.08    2    28689.09
(main)    47    28    28708.69    2    28723.09
(main)    7    28    28722.66    2    28724.49
(main)    1    28    28705.23    2    28749.49
(main)    38    28    28757.97    2    28758.89
(main)    37    28    28759.6    2    28776.29
(main)    39    28    28821.01    2    28824.29
(main)    13    28    28928.59    2    28929.69
(main)    16    28    28931.16    2    28933.49
(main)    43    28    28934.72    2    28935.89
(main)    31    28    28946.13    2    28959.09
(main)    17    28    28989.16    2    28990.89
(main)    35    28    28988.83    2    28996.89
(main)    15    29    29019.08    2    29020.09
(main)    29    29    29050.13    2    29050.29
(main)    25    29    29070.22    2    29071.29
(main)    5    29    29075.37    2    29075.89
(main)    26    29    29083.2    2    29093.49
(main)    42    29    29151.06    2    29152.09
(main)    33    29    29166.68    2    29167.49
(main)    3    29    29213.75    2    29215.09
(main)    24    29    29228.6    2    29230.29
(main)    10    29    29242.03    2    29243.29
(main)    34    29    29287.66    2    29288.69
(main)    44    29    29290.54    2    29291.49
(main)    23    29    29310.53    2    29315.29
(main)    11    29    29325.45    2    29326.29
(main)    22    29    29318.92    2    29348.29
(main)    32    29    29349.32    2    29372.29
(main)    48    29    29383.53    2    29384.29
(main)    18    29    29367.4    2    29393.89
(main)    28    29    29379.72    2    29397.69
(main)    30    29    29395.38    2    29409.09
(main)    21    29    29433.94    2    29435.29
(main)    20    29    29436.2    2    29453.29
(main)    40    29    29427.28    2    29484.09
(main)    12    29    29491.41    2    29494.29
(main)    19    29    29511.93    2    29513.49
(main)    46    29    29493.77    2    29516.29
(main)    27    29    29520.32    2    29520.89
(main)    36    29    29519.17    2    29539.09
(main)    14    29    29572.56    2    29572.69
(main)    0    29    29576.48    2    29598.89
(main)    9    29    29556.46    2    29600.49
(main)    41    29    29600.24    2    29600.89
(main)    6    29    29649.74    2    29653.29
(main)    45    29    29668.0    2    29668.69
(main)    4    29    29689.17    2    29689.69
(main)    47    29    29708.86    2    29717.89
(main)    7    29    29722.8    2    29738.69
(main)    1    29    29705.28    2    29742.49
(main)    37    29    29759.61    2    29761.69
(main)    38    29    29758.12    2    29783.09
(main)    39    29    29821.08    2    29823.69
(main)    13    29    29928.74    2    29928.89
(main)    16    29    29931.35    2    29931.49
(main)    43    29    29934.83    2    29936.09
(main)    31    29    29946.28    2    29961.09
(main)    35    29    29988.91    2    29990.69
(main)    17    29    29989.17    2    29991.49
