(relay)    38    15    1018.6    1    1017.0    124    1
(advertise)    20    1018.8    15    1
(relay)    19    29    1048.81    1    1047.01    125    1
(advertise)    20    1049.01    29    1
(relay)    30    25    1073.43    1    1065.03    124    1
(advertise)    20    1073.63    25    1
(relay)    38    26    1093.84    1    1080.04    126    1
(advertise)    20    1095.04    26    1
(relay)    38    5    1114.85    1    1072.24    125    1
(advertise)    20    1117.85    5    1
(relay)    30    42    1151.87    1    1148.07    123    1
(advertise)    20    1152.07    42    1
(relay)    7    33    1176.48    1    1163.08    125    1
(advertise)    20    1176.68    33    1
(relay)    7    3    1210.29    1    1210.09    126    1
(advertise)    20    1210.49    3    1
(relay)    38    24    1237.5    1    1225.1    123    1
(advertise)    20    1237.9    24    1
(relay)    31    10    1261.12    1    1238.12    123    1
(advertise)    20    1261.32    10    1
(relay)    38    34    1286.33    1    1285.13    126    1
(advertise)    20    1287.13    34    1
(relay)    7    8    1309.94    1    1287.94    123    1
(advertise)    20    1310.74    8    1
(relay)    38    11    1331.76    1    1323.16    126    1
(advertise)    20    1331.96    11    1
(relay)    38    23    1355.77    1    1306.12    121    1
(advertise)    20    1355.97    23    1
(relay)    38    18    1377.58    1    1363.18    125    1
(advertise)    20    1377.78    18    1
(relay)    30    30    1393.4    1    1393.2    127    1
(advertise)    20    1399.6    30    1
(relay)    19    28    1401.81    1    1378.2    125    1
(advertise)    20    1421.01    28    1
(relay)    19    40    1424.62    1    1420.01    126    1
(generate)    20    1434.02    [2]    1
(advertise)    20    1442.23    40    1
(relay)    19    32    1446.65    1    1346.16    123    1
(advertise)    20    1464.85    32    1
(relay)    7    48    1488.06    1    1378.2    124    1
(advertise)    20    1489.86    48    1
(relay)    38    22    1533.27    1    1315.16    115    1
(advertise)    20    1533.47    22    1
(relay)    7    21    1552.89    1    1429.01    124    1
(advertise)    20    1554.49    21    1
(relay)    38    0    1574.5    1    1573.1    126    1
(advertise)    20    1575.7    0    1
(relay)    7    27    1596.71    1    1515.07    125    1
(advertise)    20    1597.51    27    1
(relay)    31    46    1603.13    1    1491.26    122    1
(relay)    7    9    1618.73    1    1552.09    125    2
(advertise)    20    1620.13    46    1
(relay)    19    36    1623.14    1    1516.06    122    2
(relay)    38    14    1641.94    1    1569.1    125    3
(advertise)    20    1642.54    9    1
(advertise)    20    1664.55    36    1
(relay)    7    12    1682.36    1    1489.05    122    2
(advertise)    20    1686.56    14    1
(advertise)    20    1708.38    12    1
(relay)    7    7    1720.19    1    1719.19    127    1
(relay)    7    45    1725.79    1    1665.15    124    2
(advertise)    20    1729.39    7    1
(relay)    7    6    1747.0    1    1646.15    123    2
(advertise)    20    1752.8    45    1
(relay)    38    38    1754.22    1    1754.02    127    2
(advertise)    20    1774.42    6    1
(relay)    7    4    1793.03    1    1686.16    123    2
(advertise)    20    1795.83    38    1
(advertise)    20    1818.84    4    1
(relay)    7    47    1824.86    1    1704.39    122    1
(advertise)    20    1842.86    47    1
(relay)    38    37    1860.67    1    1758.02    121    1
(advertise)    20    1864.67    37    1
(relay)    38    1    1882.88    1    1703.16    120    1
(advertise)    20    1885.68    1    1
(relay)    38    39    1906.49    1    1819.02    122    1
(advertise)    20    1907.89    39    1
(relay)    38    13    1930.11    1    1926.11    124    1
(advertise)    20    1931.71    13    1
(relay)    31    31    1942.32    1    1942.12    127    1
(advertise)    20    1954.32    31    1
(relay)    31    16    1956.33    1    1927.11    125    1
(advertise)    20    1976.73    16    1
(relay)    38    43    1995.75    1    1931.11    123    1
(relay)    7    35    1997.15    1    1985.15    124    2
(advertise)    20    1997.75    43    1
(relay)    38    17    2016.56    1    1985.15    124    2
(advertise)    20    2019.96    35    1
(advertise)    20    2043.17    17    1
(relay)    38    15    2063.79    2    2017.16    124    1
(advertise)    20    2064.19    15    2
(relay)    38    26    2086.0    2    2080.2    126    1
(advertise)    20    2086.6    26    2
(relay)    30    29    2089.21    2    2047.19    124    1
(advertise)    20    2109.01    29    2
(relay)    38    25    2128.02    2    2065.2    125    1
(relay)    19    5    2130.22    2    2072.4    125    2
(advertise)    20    2131.02    25    2
(advertise)    20    2153.64    5    2
(relay)    38    42    2173.05    2    2148.22    123    1
(advertise)    20    2176.65    42    2
(relay)    19    33    2196.26    2    2163.25    121    1
(advertise)    20    2197.86    33    2
(relay)    38    3    2219.48    2    2210.28    123    1
(advertise)    20    2221.88    3    2
(relay)    38    10    2242.89    2    2238.29    125    1
(advertise)    20    2244.09    10    2
(relay)    38    24    2267.1    2    2225.29    121    1
(advertise)    20    2267.3    24    2
(relay)    38    34    2287.92    2    2285.32    126    1
(advertise)    20    2288.72    34    2
(relay)    38    44    2309.33    2    2286.33    126    1
(advertise)    20    2310.73    44    2
(relay)    38    11    2333.14    2    2323.34    126    1
(advertise)    20    2333.54    11    2
(relay)    38    23    2356.15    2    2306.3    121    1
(advertise)    20    2356.35    23    2
(relay)    31    22    2358.97    2    2315.54    123    1
(advertise)    20    2377.37    22    2
(relay)    30    30    2393.38    2    2393.37    127    1
(advertise)    20    2399.38    30    2
(relay)    31    32    2401.99    2    2346.33    124    1
(advertise)    20    2420.59    32    2
(relay)    19    40    2422.41    2    2420.19    126    1
(relay)    38    18    2423.01    2    2363.37    124    2
(generate)    20    2434.21    [2]    2
(advertise)    20    2443.22    40    2
(advertise)    20    2465.03    18    2
(relay)    19    19    2509.84    2    2509.26    127    1
(advertise)    20    2510.04    19    2
(relay)    31    48    2512.46    2    2378.78    121    1
(advertise)    20    2533.06    48    2
(relay)    7    21    2534.87    2    2429.19    124    1
(relay)    19    28    2536.27    2    2378.38    123    2
(advertise)    20    2554.27    21    2
(advertise)    20    2579.08    28    2
(relay)    19    0    2582.3    2    2573.28    126    1
(relay)    7    9    2600.1    2    2552.27    126    2
(advertise)    20    2600.3    0    2
(relay)    19    27    2604.31    2    2515.26    125    2
(advertise)    20    2622.31    9    2
(relay)    7    12    2623.92    2    2489.64    123    2
(advertise)    20    2645.32    27    2
(relay)    38    41    2665.74    2    2596.31    126    2
(advertise)    20    2666.54    12    2
(relay)    19    14    2668.15    2    2569.28    124    2
(advertise)    20    2688.15    41    2
(relay)    38    36    2708.96    2    2516.24    121    2
(advertise)    20    2712.16    14    2
(relay)    7    7    2720.37    2    2719.37    127    2
(relay)    19    46    2733.97    2    2491.44    121    3
(advertise)    20    2735.37    36    2
(relay)    38    38    2754.39    2    2754.2    127    3
(advertise)    20    2756.99    7    2
(relay)    7    45    2780.4    2    2665.55    125    3
(advertise)    20    2781.2    46    2
(relay)    38    4    2798.61    2    2686.35    124    3
(advertise)    20    2804.61    38    2
(relay)    38    6    2820.43    2    2646.34    123    3
(advertise)    20    2826.83    45    2
(advertise)    20    2848.24    4    2
(relay)    38    1    2863.85    2    2703.35    122    2
(advertise)    20    2870.85    6    2
(relay)    38    47    2887.67    2    2704.56    123    2
(advertise)    20    2892.67    1    2
(relay)    19    37    2909.88    2    2758.19    120    2
(advertise)    20    2914.08    47    2
(relay)    19    39    2932.09    2    2819.2    121    2
(advertise)    20    2937.69    37    2
(relay)    31    31    2942.5    2    2942.3    127    2
(relay)    7    16    2957.5    2    2927.29    125    3
(advertise)    20    2959.7    39    2
(relay)    38    13    2976.92    2    2926.29    124    3
(advertise)    20    2981.32    31    2
(advertise)    20    3004.13    16    2
(relay)    38    43    3020.34    2    2931.29    121    2
(advertise)    20    3027.14    13    2
(relay)    7    35    3045.16    2    2985.33    124    2
(relay)    19    17    3046.96    2    2985.33    123    3
(advertise)    20    3048.16    43    2
(advertise)    20    3069.77    35    2
(relay)    7    15    3090.38    3    3017.34    124    2
(relay)    38    26    3091.98    3    3080.38    126    3
(advertise)    20    3092.78    17    2
(advertise)    20    3114.0    15    3
(relay)    7    29    3133.21    3    3047.37    124    2
(advertise)    20    3136.21    26    3
(relay)    7    25    3155.42    3    3065.78    125    2
(advertise)    20    3157.22    29    3
(relay)    38    5    3158.43    3    3072.58    125    2
(advertise)    20    3178.83    25    3
(relay)    31    42    3199.65    3    3148.41    123    2
(relay)    7    33    3200.05    3    3163.43    125    3
(advertise)    20    3201.85    5    3
(advertise)    20    3223.86    42    3
(relay)    7    3    3245.27    3    3210.46    126    2
(advertise)    20    3246.27    33    3
(advertise)    20    3267.69    3    3
(relay)    31    10    3269.1    3    3238.47    121    1
(advertise)    20    3290.1    10    3
(relay)    38    34    3292.51    3    3285.51    126    1
(advertise)    20    3311.31    34    3
(relay)    31    44    3313.53    3    3286.53    125    1
(advertise)    20    3334.53    44    3
(relay)    7    11    3336.34    3    3323.53    126    1
(relay)    19    8    3336.74    3    3288.31    122    2
(advertise)    20    3357.34    11    3
(advertise)    20    3379.55    8    3
(relay)    30    30    3393.56    3    3393.55    127    1
(advertise)    20    3401.56    30    3
(relay)    19    18    3404.58    3    3363.55    124    1
(advertise)    20    3424.18    18    3
(generate)    20    3434.39    [2]    3
(relay)    31    22    3445.8    3    3315.73    122    1
(advertise)    20    3446.6    22    3
(relay)    19    40    3448.22    3    3420.39    126    1
(relay)    38    32    3450.22    3    3346.53    124    2
(advertise)    20    3467.82    40    3
(advertise)    20    3489.83    32    3
(relay)    19    19    3510.04    3    3509.46    127    1
(advertise)    20    3512.44    19    3
(relay)    31    48    3533.46    3    3379.78    124    1
(relay)    19    23    3533.86    3    3306.49    120    2
(advertise)    20    3535.46    48    3
(advertise)    20    3557.27    23    3
(relay)    19    28    3577.08    3    3378.56    124    1
(advertise)    20    3579.08    28    3
(relay)    19    0    3599.29    3    3573.48    126    1
(advertise)    20    3600.09    0    3
(relay)    7    21    3603.91    3    3429.38    124    1
(relay)    19    27    3623.51    3    3515.46    124    2
(advertise)    20    3623.71    21    3
(relay)    7    9    3627.12    3    3552.47    126    2
(advertise)    20    3646.12    27    3
(relay)    19    41    3664.93    3    3596.51    125    2
(advertise)    20    3667.73    9    3
(advertise)    20    3689.35    41    3
(relay)    19    14    3710.36    3    3569.48    124    1
(advertise)    20    3712.36    14    3
(relay)    7    12    3716.57    3    3489.83    123    1
(relay)    7    7    3720.57    3    3719.57    127    2
(advertise)    20    3733.77    12    3
(relay)    19    36    3752.99    3    3516.43    122    2
(relay)    38    38    3754.59    3    3754.39    127    3
(advertise)    20    3755.99    7    3
(advertise)    20    3778.0    36    3
(relay)    7    45    3781.81    3    3665.73    125    2
(advertise)    20    3799.21    38    3
(advertise)    20    3822.62    45    3
(relay)    19    46    3842.84    3    3491.63    122    1
(advertise)    20    3844.24    46    3
(relay)    19    4    3867.05    3    3686.55    123    1
(advertise)    20    3867.25    4    3
(relay)    19    6    3890.46    3    3646.53    123    1
(advertise)    20    3891.06    6    3
(relay)    7    47    3895.08    3    3704.76    122    1
(advertise)    20    3912.08    47    3
(relay)    38    1    3940.69    3    3703.55    122    1
(advertise)    20    3940.89    1    3
(relay)    31    31    3943.1    3    3942.5    127    1
(advertise)    20    3962.7    31    3
(relay)    31    16    3980.92    3    3927.49    125    1
(advertise)    20    3984.12    16    3
(relay)    19    13    3988.53    3    3926.49    124    1
(advertise)    20    4006.13    13    3
(relay)    31    37    4027.14    3    3758.39    121    1
(advertise)    20    4028.34    37    3
(relay)    31    39    4049.95    3    3819.4    121    1
(advertise)    20    4053.35    39    3
(relay)    31    35    4072.17    3    3985.53    124    1
(advertise)    20    4075.57    35    3
(relay)    31    26    4094.58    4    4080.58    126    1
(relay)    7    17    4095.58    3    3985.53    123    2
(advertise)    20    4097.58    26    4
(relay)    7    29    4118.59    4    4047.57    125    2
(advertise)    20    4118.99    17    3
(advertise)    20    4140.01    29    4
(relay)    38    25    4142.42    4    4065.98    125    1
(advertise)    20    4162.02    25    4
(relay)    7    43    4184.23    3    3931.49    119    1
(advertise)    20    4185.03    43    3
(relay)    7    15    4207.05    4    4017.54    123    1
(advertise)    20    4207.25    15    4
(relay)    7    5    4229.46    4    4072.78    125    1
(advertise)    20    4230.46    5    4
(relay)    7    33    4251.07    4    4163.63    125    1
(heartbeat)    2    1    4162.2    20    4251.67    127    0
(advertise)    20    4251.87    33    4
(advertise)    20    4273.28    2    1
(relay)    19    42    4294.7    4    4148.61    123    1
(advertise)    20    4295.5    42    4
(relay)    30    3    4310.91    4    4210.66    125    1
(advertise)    20    4316.91    3    4
(relay)    19    10    4340.92    4    4238.67    1    1
(relay)    31    34    4342.92    4    4285.7    2    1
(advertise)    20    4343.12    34    4
(relay)    19    44    4383.54    4    4286.72    3    1
(advertise)    20    4383.74    44    4
(relay)    31    11    4385.15    4    4324.34    3    1
(relay)    30    30    4394.35    4    4393.75    5    2
(advertise)    20    4405.35    11    4
(advertise)    20    4427.56    30    4
(relay)    38    18    4432.58    4    4363.75    3    1
(generate)    20    4434.58    [2]    4
(relay)    19    28    4448.19    4    4378.58    2    2
(advertise)    20    4449.39    18    4
(relay)    31    32    4451.2    4    4346.72    3    2
(advertise)    20    4470.4    28    4
(relay)    7    48    4473.01    4    4379.98    1    2
(advertise)    20    4492.61    32    4
(relay)    19    40    4494.03    4    4420.59    3    1
(relay)    19    19    4510.63    4    4509.65    4    2
(advertise)    20    4516.63    40    4
(advertise)    20    4541.24    19    4
(relay)    38    22    4568.45    4    4316.72    1    1
(relay)    19    27    4574.65    4    4516.25    1    1
(relay)    7    21    4583.85    4    4429.58    1    1
(relay)    19    41    4620.45    4    4596.71    2    1
(advertise)    20    4620.65    41    4
(relay)    7    9    4627.07    4    4552.67    3    1
(relay)    38    0    4631.27    4    4573.68    3    2
(advertise)    20    4642.07    9    4
(advertise)    20    4664.68    0    4
(relay)    7    12    4693.09    4    4490.03    1    1
(relay)    38    14    4719.09    4    4569.68    1    1
(relay)    7    7    4719.89    4    4719.76    4    1
(advertise)    20    4720.09    7    4
(relay)    38    46    4741.11    4    4492.23    2    1
(advertise)    20    4741.31    46    4
(relay)    38    38    4755.12    4    4754.58    4    1
(advertise)    20    4762.32    38    4
(relay)    7    45    4779.13    4    4665.74    2    1
(advertise)    20    4784.53    45    4
(relay)    31    31    4943.14    4    4942.65    4    1
(advertise)    20    4943.34    31    4
(relay)    7    35    4987.36    4    4985.6    1    1
(relay)    38    17    4988.36    4    4985.64    1    1
(relay)    38    29    5050.76    5    5047.71    1    1
(relay)    7    25    5071.56    5    5066.06    3    1
(advertise)    20    5071.76    25    5
(relay)    31    26    5093.17    5    5080.65    4    1
(advertise)    20    5094.37    26    5
(relay)    19    5    5115.58    5    5073.14    2    1
(advertise)    20    5117.78    5    5
(relay)    19    42    5152.4    5    5148.62    2    1
(advertise)    20    5152.6    42    5
(relay)    7    33    5165.61    5    5163.87    2    1
(advertise)    20    5175.81    33    5
(relay)    7    3    5212.42    5    5210.69    3    1
(advertise)    20    5212.62    3    5
(relay)    38    10    5242.24    5    5238.73    2    1
(advertise)    20    5242.44    10    5
(relay)    38    34    5286.85    5    5285.79    2    1
(advertise)    20    5287.05    34    5
(relay)    31    44    5308.06    5    5287.37    3    1
(advertise)    20    5310.06    44    5
(relay)    31    11    5329.67    5    5324.39    3    1
(advertise)    20    5333.67    11    5
(relay)    38    32    5353.89    5    5346.87    3    1
(advertise)    20    5356.09    32    5
(relay)    31    18    5376.5    5    5363.93    2    1
(advertise)    20    5380.1    18    5
(relay)    30    30    5394.31    5    5393.85    5    1
(relay)    7    22    5398.51    5    5316.8    1    2
(relay)    19    28    5400.91    5    5378.67    1    3
(advertise)    20    5402.91    30    5
(generate)    20    5434.73    [2]    5
(relay)    31    40    5465.14    5    5420.66    3    1
(advertise)    20    5465.34    40    5
(relay)    7    21    5508.95    5    5429.77    1    1
(relay)    19    19    5510.75    5    5509.79    4    1
(advertise)    20    5510.95    19    5
(relay)    7    12    5529.77    5    5490.07    1    1
(relay)    38    0    5575.17    5    5573.73    3    1
(advertise)    20    5575.37    0    5
(relay)    7    9    5598.78    5    5552.75    3    1
(advertise)    20    5598.98    9    5
(relay)    19    41    5600.79    5    5596.77    2    1
(relay)    7    46    5620.19    5    5492.26    1    2
(advertise)    20    5620.59    41    5
(relay)    7    45    5690.4    5    5665.85    2    1
(advertise)    20    5690.6    45    5
(relay)    7    7    5720.02    5    5719.95    4    1
(advertise)    20    5720.42    7    5
(relay)    38    38    5755.23    5    5754.61    4    1
(advertise)    20    5755.43    38    5
(relay)    31    31    5943.24    5    5942.77    4    1
(advertise)    20    5943.44    31    5
(relay)    19    29    6050.26    6    6047.82    1    1
(relay)    30    25    6072.46    6    6066.21    2    1
(advertise)    20    6072.66    25    6
(relay)    19    26    6093.67    6    6080.76    4    1
(advertise)    20    6095.67    26    6
(relay)    38    5    6116.48    6    6073.39    2    1
(advertise)    20    6118.48    5    6
(relay)    19    42    6151.1    6    6148.73    1    1
(relay)    7    33    6172.3    6    6164.04    2    1
(advertise)    20    6172.5    33    6
(relay)    7    3    6212.71    6    6210.86    3    1
(advertise)    20    6212.91    3    6
(relay)    19    10    6241.72    6    6238.9    1    1
(relay)    38    44    6308.12    6    6287.94    4    1
(advertise)    20    6308.32    44    6
(relay)    38    11    6329.53    6    6324.45    3    1
(advertise)    20    6331.13    11    6
(relay)    7    32    6352.35    6    6346.97    2    1
(advertise)    20    6352.75    32    6
(relay)    38    18    6375.96    6    6364.05    3    1
(advertise)    20    6376.96    18    6
(relay)    30    30    6394.37    6    6393.9    5    1
(relay)    38    28    6397.97    6    6378.74    2    2
(advertise)    20    6398.97    30    6
(relay)    7    22    6400.19    6    6316.83    1    2
(advertise)    20    6421.79    28    6
(generate)    20    6434.8    [2]    6
(relay)    31    48    6442.41    6    6381.38    1    1
(relay)    19    40    6443.81    6    6420.79    3    1
(advertise)    20    6444.81    40    6
(relay)    38    21    6487.43    6    6429.77    1    1
(relay)    19    19    6510.83    6    6509.9    4    1
(advertise)    20    6511.03    19    6
(relay)    7    12    6530.64    6    6490.1    1    1
(relay)    31    27    6533.24    6    6517.65    1    1
(relay)    7    46    6574.64    6    6492.5    1    1
(relay)    38    0    6575.24    6    6573.9    3    1
(advertise)    20    6575.44    0    6
(relay)    7    9    6597.85    6    6552.92    2    1
(advertise)    20    6598.45    9    6
(relay)    38    41    6600.86    6    6596.83    2    1
(advertise)    20    6620.46    41    6
(relay)    7    45    6671.08    6    6665.92    2    1
(advertise)    20    6671.28    45    6
(relay)    7    7    6720.29    6    6720.12    4    1
(advertise)    20    6720.49    7    6
(relay)    38    38    6755.3    6    6754.75    4    1
(advertise)    20    6755.5    38    6
(relay)    38    16    6930.72    6    6928.85    1    1
(relay)    31    31    6943.52    6    6942.94    4    1
(advertise)    20    6943.72    31    6
(relay)    38    17    6987.33    6    6985.99    1    1
(relay)    7    35    6993.93    6    6985.82    1    1
(relay)    38    29    7050.33    7    7047.93    1    1
(relay)    7    25    7070.93    7    7066.39    3    1
(advertise)    20    7071.13    25    7
(relay)    31    26    7092.54    7    7080.92    4    1
(advertise)    20    7093.34    26    7
(relay)    31    5    7116.96    7    7073.45    1    1
(relay)    30    42    7151.96    7    7148.86    1    1
(relay)    7    33    7164.76    7    7164.15    2    1
(advertise)    20    7164.96    33    7
(relay)    7    3    7212.77    7    7211.02    3    1
(advertise)    20    7212.97    3    7
(relay)    7    34    7287.58    7    7285.94    2    1
(advertise)    20    7287.78    34    7
(relay)    38    44    7308.99    7    7288.12    4    1
(advertise)    20    7309.19    44    7
(relay)    7    11    7330.81    7    7324.48    3    1
(advertise)    20    7331.21    11    7
(relay)    38    32    7361.42    7    7347.09    3    1
(advertise)    20    7361.62    32    7
(relay)    38    28    7384.43    7    7378.78    2    1
(advertise)    20    7385.03    28    7
(relay)    30    30    7394.45    7    7393.96    5    1
(relay)    38    18    7406.25    7    7364.22    3    2
(advertise)    20    7408.25    30    7
(advertise)    20    7430.46    18    7
(generate)    20    7434.87    [2]    7
(relay)    19    40    7448.69    7    7420.93    3    1
(advertise)    20    7452.69    40    7
(relay)    19    19    7510.9    7    7509.99    4    1
(advertise)    20    7511.1    19    7
(relay)    7    12    7534.51    7    7490.13    1    1
(relay)    38    27    7535.11    7    7517.76    1    1
(relay)    7    46    7556.71    7    7492.53    2    1
(advertise)    20    7556.91    46    7
(relay)    19    0    7575.72    7    7574.04    3    1
(advertise)    20    7578.12    0    7
(relay)    7    9    7580.54    7    7552.93    3    1
(advertise)    20    7599.14    9    7
(relay)    19    41    7618.95    7    7596.9    2    1
(advertise)    20    7622.15    41    7
(relay)    7    7    7720.36    7    7720.25    4    1
(advertise)    20    7720.56    7    7
(relay)    38    38    7755.38    7    7754.9    4    1
(advertise)    20    7755.58    38    7
(relay)    31    31    7943.99    7    7943.06    4    1
(advertise)    20    7944.19    31    7
(relay)    7    16    7967.2    7    7928.93    1    1
(relay)    38    17    7988.0    7    7985.99    1    1
(relay)    7    35    7996.4    7    7985.99    1    1
(relay)    7    29    8049.6    8    8048.05    1    1
(relay)    38    25    8067.2    8    8066.55    3    1
(advertise)    20    8067.4    25    8
(relay)    38    26    8090.02    8    8081.09    4    1
(advertise)    20    8090.22    26    8
(relay)    38    5    8112.03    8    8073.48    2    1
(advertise)    20    8114.23    5    8
(relay)    19    42    8150.44    8    8148.96    2    1
(advertise)    20    8150.64    42    8
(heartbeat)    2    2    8162.21    20    8163.65    3    3
(advertise)    20    8172.85    2    2
(relay)    7    33    8196.47    8    8164.3    1    1
(relay)    7    3    8218.07    8    8211.19    3    1
(advertise)    20    8218.27    3    8
(relay)    31    10    8240.68    8    8239.07    1    1
(relay)    38    34    8287.48    8    8286.05    2    1
(advertise)    20    8287.68    34    8
(relay)    7    44    8309.69    8    8288.14    1    1
(relay)    31    11    8329.69    8    8324.49    3    1
(advertise)    20    8330.09    11    8
(relay)    30    18    8367.31    8    8364.37    2    1
(advertise)    20    8367.51    18    8
(relay)    19    32    8389.32    8    8347.21    1    1
(relay)    30    30    8394.92    8    8394.0    5    1
(advertise)    20    8395.12    30    8
(relay)    7    28    8397.53    8    8378.81    2    1
(advertise)    20    8417.13    28    8
(generate)    20    8434.95    [2]    8
(relay)    7    40    8442.56    8    8421.1    3    1
(advertise)    20    8442.76    40    8
(relay)    19    19    8510.17    8    8510.13    4    1
(advertise)    20    8510.37    19    8
(relay)    38    12    8531.78    8    8490.32    1    1
(relay)    31    27    8557.38    8    8517.89    1    1
(relay)    7    46    8557.58    8    8492.71    2    1
(advertise)    20    8557.78    46    8
(relay)    19    0    8576.4    8    8574.2    3    1
(advertise)    20    8579.4    0    8
(relay)    19    41    8599.61    8    8597.04    1    1
(relay)    7    9    8602.01    8    8552.94    3    1
(advertise)    20    8603.41    9    8
(relay)    38    14    8645.82    8    8570.22    1    1
(relay)    7    45    8671.22    8    8666.52    2    1
(advertise)    20    8671.42    45    8
(relay)    7    7    8721.04    8    8720.43    4    1
(advertise)    20    8721.24    7    8
(relay)    38    38    8756.05    8    8755.09    4    1
(advertise)    20    8756.25    38    8
(relay)    31    31    8944.26    8    8943.23    4    1
(advertise)    20    8944.46    31    8
(relay)    7    29    9062.48    9    9048.19    1    1
(relay)    19    25    9072.48    9    9066.69    2    1
(advertise)    20    9072.68    25    9
(relay)    38    26    9094.29    9    9081.28    3    1
(advertise)    20    9094.69    26    9
(relay)    31    42    9149.9    9    9149.08    2    1
(advertise)    20    9150.1    42    9
(relay)    38    33    9173.31    9    9164.35    1    1
(relay)    7    3    9212.91    9    9211.32    2    1
(advertise)    20    9213.11    3    9
(relay)    38    10    9239.93    9    9239.23    2    1
(advertise)    20    9240.13    10    9
(relay)    31    44    9309.74    9    9288.31    1    1
(relay)    38    11    9330.74    9    9324.51    3    1
(advertise)    20    9330.94    11    9
(relay)    38    22    9353.15    9    9316.88    1    1
(relay)    19    18    9366.95    9    9364.5    3    1
(advertise)    20    9367.15    18    9
(relay)    19    32    9390.77    9    9347.28    1    1
(relay)    30    30    9394.97    9    9394.02    5    1
(advertise)    20    9395.17    30    9
(relay)    7    48    9424.58    9    9381.67    1    1
(relay)    19    28    9431.78    9    9378.81    2    1
(advertise)    20    9431.98    28    9
(generate)    20    9434.99    [2]    9
(relay)    7    40    9446.61    9    9421.26    3    1
(advertise)    20    9454.81    40    9
(relay)    19    19    9510.22    9    9510.17    4    1
(advertise)    20    9510.42    19    9
(relay)    7    12    9532.83    9    9490.36    1    1
(relay)    38    27    9548.83    9    9517.98    1    1
(relay)    7    9    9555.63    9    9553.09    3    1
(advertise)    20    9555.83    9    9
(relay)    7    0    9578.04    9    9574.38    3    1
(advertise)    20    9578.44    0    9
(relay)    38    46    9592.26    9    9492.75    1    1
(relay)    7    41    9600.06    9    9597.1    1    1
(relay)    7    45    9668.26    9    9666.58    2    1
(advertise)    20    9668.46    45    9
(relay)    7    7    9721.07    9    9720.55    4    1
(advertise)    20    9721.27    7    9
(relay)    38    38    9756.28    9    9755.27    4    1
(advertise)    20    9756.48    38    9
(relay)    31    31    9944.3    9    9943.37    4    1
(advertise)    20    9944.5    31    9
(relay)    31    16    9952.51    9    9929.24    1    1
(relay)    38    35    9996.11    9    9986.28    1    1
(relay)    38    29    10048.91    10    10048.26    1    1
(relay)    7    25    10072.51    10    10066.88    2    1
(advertise)    20    10072.71    25    10
(relay)    19    26    10093.72    10    10081.47    3    1
(advertise)    20    10094.52    26    10
(relay)    19    5    10115.94    10    10073.56    1    1
(relay)    38    42    10150.14    10    10149.18    2    1
(advertise)    20    10150.34    42    10
(relay)    7    3    10212.75    10    10211.46    3    1
(advertise)    20    10212.95    3    10
(relay)    38    10    10240.16    10    10239.41    2    1
(advertise)    20    10240.56    10    10
(relay)    38    44    10309.78    10    10288.73    2    1
(advertise)    20    10309.98    44    10
(relay)    7    11    10330.59    10    10324.58    3    1
(advertise)    20    10331.79    11    10
(relay)    7    22    10352.4    10    10316.9    1    1
(relay)    38    32    10359.0    10    10347.37    2    1
(advertise)    20    10359.2    32    10
(relay)    19    18    10382.21    10    10364.67    2    1
(advertise)    20    10383.81    18    10
(relay)    30    30    10395.23    10    10394.21    5    1
(relay)    38    28    10405.23    10    10378.87    2    2
(advertise)    20    10405.63    30    10
(advertise)    20    10428.24    28    10
(generate)    20    10435.05    [2]    10
(relay)    38    40    10449.07    10    10421.44    3    1
(advertise)    20    10449.27    40    10
(relay)    31    21    10493.08    10    10430.39    1    1
(relay)    19    19    10510.28    10    10510.25    4    1
(advertise)    20    10510.48    19    10
(relay)    38    12    10535.69    10    10490.39    1    1
(relay)    7    9    10555.49    10    10553.26    3    1
(advertise)    20    10555.69    9    10
(relay)    38    27    10557.71    10    10518.11    1    1
(relay)    7    0    10578.71    10    10574.54    3    1
(advertise)    20    10578.91    0    10
(relay)    19    41    10605.72    10    10597.18    1    1
(relay)    31    46    10606.12    10    10492.77    1    1
(relay)    31    45    10668.32    10    10666.64    2    1
(advertise)    20    10668.52    45    10
(relay)    7    7    10721.13    10    10720.68    4    1
(advertise)    20    10721.33    7    10
(relay)    38    38    10756.54    10    10755.46    4    1
(advertise)    20    10756.74    38    10
(relay)    38    16    10932.96    10    10929.5    1    1
(relay)    31    31    10943.56    10    10943.56    4    1
(advertise)    20    10943.76    31    10
(relay)    38    35    10988.97    10    10986.43    1    1
(relay)    7    29    11049.37    11    11048.36    1    1
(relay)    38    25    11070.77    11    11066.89    2    1
(advertise)    20    11070.97    25    11
(relay)    19    26    11094.58    11    11081.47    3    1
(advertise)    20    11095.98    26    11
(relay)    31    5    11119.0    11    11073.82    1    1
(relay)    30    42    11152.8    11    11149.24    1    1
(relay)    7    33    11167.2    11    11164.61    2    1
(advertise)    20    11167.4    33    11
(relay)    7    3    11212.01    11    11211.59    3    1
(advertise)    20    11212.21    3    11
(relay)    38    10    11240.82    11    11239.6    2    1
(advertise)    20    11241.02    10    11
(relay)    31    34    11287.84    11    11286.32    2    1
(advertise)    20    11288.04    34    11
(relay)    7    44    11307.65    11    11288.73    1    1
(relay)    7    11    11329.65    11    11324.77    3    1
(advertise)    20    11329.85    11    11
(relay)    38    32    11355.86    11    11347.66    2    1
(advertise)    20    11356.06    32    11
(relay)    31    18    11379.67    11    11364.83    2    1
(advertise)    20    11380.07    18    11
(relay)    30    30    11394.29    11    11394.23    5    1
(relay)    38    28    11400.09    11    11378.92    1    2
(advertise)    20    11402.49    30    11
(relay)    19    40    11426.3    11    11421.44    3    1
(advertise)    20    11426.5    40    11
(generate)    20    11435.11    [2]    11
(relay)    19    19    11510.33    11    11510.3    4    1
(advertise)    20    11510.53    19    11
(relay)    38    27    11535.54    11    11518.27    1    1
(relay)    7    12    11537.14    11    11490.4    1    1
(relay)    31    9    11556.34    11    11553.37    2    1
(advertise)    20    11556.54    9    11
(relay)    19    0    11576.75    11    11574.55    3    1
(advertise)    20    11578.55    0    11
(relay)    7    46    11601.97    11    11492.79    1    1
(relay)    31    41    11604.37    11    11597.25    1    1
(relay)    30    45    11667.57    11    11666.7    1    1
(relay)    7    7    11721.37    11    11720.82    4    1
(advertise)    20    11721.57    7    11
(relay)    38    38    11755.78    11    11755.64    4    1
(advertise)    20    11755.98    38    11
(relay)    7    16    11931.19    11    11929.59    1    1
(relay)    31    31    11943.79    11    11943.68    4    1
(advertise)    20    11943.99    31    11
(relay)    7    17    11994.4    11    11986.57    1    1
(relay)    31    35    12011.6    11    11986.55    1    1
(relay)    19    29    12049.8    12    12048.42    1    1
(relay)    38    25    12069.2    12    12067.06    2    1
(advertise)    20    12069.4    25    12
(relay)    38    26    12090.82    12    12081.65    3    1
(advertise)    20    12093.02    26    12
(relay)    19    5    12116.83    12    12073.83    1    1
(relay)    31    42    12152.03    12    12149.34    2    1
(advertise)    20    12152.23    42    12
(heartbeat)    2    3    12162.23    20    12176.64    3    4
(advertise)    20    12176.84    2    3
(relay)    30    33    12178.66    12    12164.75    1    1
(relay)    38    3    12219.86    12    12211.73    2    1
(advertise)    20    12220.06    3    12
(relay)    38    10    12242.47    12    12239.79    2    1
(advertise)    20    12242.67    10    12
(relay)    19    34    12287.68    12    12286.42    2    1
(advertise)    20    12287.88    34    12
(relay)    38    44    12308.9    12    12288.94    2    1
(advertise)    20    12310.9    44    12
(relay)    7    11    12331.11    12    12324.78    3    1
(advertise)    20    12332.91    11    12
(relay)    19    32    12357.92    12    12347.74    2    1
(advertise)    20    12358.12    32    12
(relay)    31    18    12379.53    12    12365.0    3    1
(advertise)    20    12380.93    18    12
(relay)    30    30    12394.35    12    12394.27    5    1
(relay)    38    28    12402.15    12    12378.93    2    2
(advertise)    20    12403.55    30    12
(advertise)    20    12425.76    28    12
(generate)    20    12435.17    [2]    12
(relay)    31    48    12444.19    12    12381.9    1    1
(relay)    38    40    12447.19    12    12421.61    3    1
(advertise)    20    12448.79    40    12
(relay)    7    12    12506.0    12    12490.47    1    1
(relay)    19    19    12511.0    12    12510.42    4    1
(advertise)    20    12511.2    19    12
(relay)    7    46    12550.81    12    12492.86    1    1
(relay)    7    9    12572.21    12    12553.52    3    1
(advertise)    20    12572.41    9    12
(relay)    19    0    12575.23    12    12574.71    3    1
(advertise)    20    12594.23    0    12
(relay)    19    41    12600.64    12    12598.37    1    1
(relay)    7    45    12667.64    12    12666.72    2    1
(advertise)    20    12667.84    45    12
(relay)    7    7    12721.85    12    12720.82    4    1
(advertise)    20    12722.05    7    12
(relay)    38    38    12755.86    12    12755.77    4    1
(advertise)    20    12756.06    38    12
(relay)    31    16    12930.28    12    12929.63    1    1
(relay)    31    31    12943.88    12    12943.86    4    1
(advertise)    20    12944.08    31    12
(relay)    38    17    12990.89    12    12986.73    1    1
(relay)    38    29    13050.49    13    13048.54    1    1
(relay)    31    25    13074.29    13    13067.07    2    1
(advertise)    20    13074.49    25    13
(relay)    31    26    13095.5    13    13081.8    3    1
(advertise)    20    13095.7    26    13
(relay)    31    5    13116.32    13    13073.9    1    1
(relay)    38    42    13152.32    13    13149.45    2    1
(advertise)    20    13152.52    42    13
(relay)    7    33    13176.73    13    13164.89    2    1
(advertise)    20    13176.93    33    13
(relay)    38    3    13212.54    13    13211.84    2    1
(advertise)    20    13212.74    3    13
(relay)    38    10    13242.16    13    13239.92    2    1
(advertise)    20    13242.56    10    13
(relay)    38    34    13286.77    13    13286.48    2    1
(advertise)    20    13286.97    34    13
(relay)    38    44    13308.18    13    13288.99    2    1
(advertise)    20    13308.58    44    13
(relay)    7    11    13331.39    13    13324.79    3    1
(advertise)    20    13331.99    11    13
(relay)    7    22    13360.01    13    13317.06    1    1
(relay)    7    32    13383.01    13    13347.8    1    1
(relay)    30    30    13394.61    13    13394.5    5    1
(advertise)    20    13394.81    30    13
(relay)    30    18    13396.82    13    13365.16    1    1
(relay)    31    28    13417.62    13    13378.99    2    1
(advertise)    20    13418.22    28    13
(generate)    20    13435.23    [2]    13
(relay)    31    40    13439.25    13    13421.77    3    1
(advertise)    20    13439.65    40    13
(relay)    19    19    13511.06    13    13510.51    4    1
(advertise)    20    13511.26    19    13
(relay)    19    27    13535.27    13    13518.44    1    1
(relay)    7    12    13536.67    13    13490.53    1    1
(relay)    38    0    13575.07    13    13574.83    3    1
(advertise)    20    13575.27    0    13
(relay)    7    9    13578.09    13    13553.66    3    1
(advertise)    20    13596.69    9    13
(relay)    19    41    13620.9    13    13598.47    1    1
(relay)    31    46    13642.3    13    13492.92    1    1
(relay)    38    14    13664.9    13    13570.76    1    1
(relay)    7    45    13668.7    13    13666.91    2    1
(advertise)    20    13668.9    45    13
(relay)    7    7    13722.11    13    13721.01    4    1
(advertise)    20    13722.31    7    13
(relay)    38    38    13756.12    13    13755.95    4    1
(advertise)    20    13756.32    38    13
(relay)    38    16    13930.54    13    13929.77    1    1
(relay)    31    31    13944.54    13    13944.02    4    1
(advertise)    20    13944.74    31    13
(relay)    7    35    13989.75    13    13986.83    1    1
(relay)    38    29    14050.75    14    14048.65    1    1
(relay)    38    25    14074.55    14    14067.22    2    1
(advertise)    20    14074.75    25    14
(relay)    38    26    14095.36    14    14081.98    3    1
(advertise)    20    14095.96    26    14
(relay)    19    5    14117.98    14    14073.96    1    1
(relay)    38    42    14153.18    14    14149.51    2    1
(advertise)    20    14153.38    42    14
(relay)    7    33    14177.39    14    14165.01    2    1
(advertise)    20    14177.79    33    14
(relay)    7    3    14212.8    14    14211.96    3    1
(advertise)    20    14213.0    3    14
(relay)    38    10    14242.62    14    14240.07    2    1
(advertise)    20    14242.82    10    14
(relay)    7    34    14286.83    14    14286.51    2    1
(advertise)    20    14287.03    34    14
(relay)    31    44    14309.44    14    14289.02    1    1
(relay)    19    11    14330.84    14    14324.8    2    1
(advertise)    20    14331.04    11    14
(relay)    19    32    14360.65    14    14347.9    1    1
(relay)    19    28    14382.25    14    14379.02    2    1
(advertise)    20    14382.45    28    14
(relay)    30    30    14395.07    14    14394.54    5    1
(advertise)    20    14403.87    30    14
(relay)    19    18    14405.08    14    14365.27    3    1
(relay)    7    48    14421.88    14    14381.97    1    2
(advertise)    20    14426.08    18    14
(generate)    20    14435.29    [2]    14
(relay)    19    40    14449.71    14    14421.92    3    1
(advertise)    20    14450.71    40    14
(relay)    7    21    14510.32    14    14430.83    1    1
(relay)    19    19    14511.12    14    14510.62    4    1
(advertise)    20    14511.32    19    14
(relay)    38    27    14535.33    14    14518.56    1    1
(relay)    7    12    14573.13    14    14490.59    1    1
(relay)    30    0    14576.93    14    14575.0    2    1
(advertise)    20    14577.13    0    14
(relay)    38    41    14600.55    14    14598.58    2    1
(advertise)    20    14600.95    41    14
(relay)    7    9    14616.96    14    14553.79    3    1
(advertise)    20    14623.36    9    14
(relay)    7    46    14638.37    14    14492.98    1    1
(relay)    38    14    14685.37    14    14570.89    1    1
(relay)    7    45    14706.97    14    14666.93    2    1
(advertise)    20    14707.17    45    14
(relay)    7    7    14721.98    14    14721.01    4    1
(advertise)    20    14728.98    7    14
(relay)    38    38    14756.6    14    14756.12    4    1
(advertise)    20    14757.0    38    14
(relay)    31    31    14944.81    14    14944.16    4    1
(advertise)    20    14945.01    31    14
(relay)    31    16    14952.02    14    14929.84    1    1
(relay)    31    17    14989.82    14    14987.11    1    1
(relay)    7    35    14998.02    14    14986.97    1    1
(relay)    38    29    15051.02    15    15048.78    1    1
(relay)    38    25    15072.62    15    15067.39    2    1
(advertise)    20    15072.82    25    15
(relay)    38    26    15092.64    15    15082.02    3    1
(advertise)    20    15096.64    26    15
(relay)    38    5    15115.25    15    15073.99    1    1
(relay)    38    42    15154.05    15    15149.63    2    1
(advertise)    20    15154.25    42    15
(relay)    7    33    15176.26    15    15165.15    2    1
(advertise)    20    15176.66    33    15
(relay)    7    3    15213.28    15    15212.09    3    1
(advertise)    20    15213.48    3    15
(relay)    38    10    15243.69    15    15240.26    2    1
(advertise)    20    15243.89    10    15
(relay)    38    34    15286.9    15    15286.6    2    1
(advertise)    20    15287.1    34    15
(relay)    7    44    15308.91    15    15289.04    1    1
(relay)    7    11    15332.31    15    15324.84    3    1
(advertise)    20    15332.51    11    15
(relay)    38    32    15355.13    15    15348.0    2    1
(advertise)    20    15356.53    32    15
(relay)    38    22    15377.34    15    15318.34    1    1
(relay)    19    18    15378.34    15    15365.44    3    1
(advertise)    20    15379.54    18    15
(relay)    30    30    15395.15    15    15394.56    5    1
(advertise)    20    15400.55    30    15
(relay)    38    28    15422.77    15    15379.05    1    1
(generate)    20    15435.37    [2]    15
(relay)    19    40    15444.78    15    15422.52    3    1
(advertise)    20    15444.98    40    15
(relay)    31    48    15466.39    15    15382.0    1    1
(relay)    19    19    15511.79    15    15510.73    4    1
(advertise)    20    15511.99    19    15
(relay)    38    12    15534.41    15    15490.64    1    1
(relay)    7    27    15557.01    15    15518.66    1    1
(relay)    19    0    15576.21    15    15575.0    3    1
(advertise)    20    15576.41    0    15
(relay)    7    9    15578.82    15    15554.58    3    1
(advertise)    20    15597.42    9    15
(relay)    7    46    15602.63    15    15493.04    1    1
(relay)    38    41    15643.23    15    15598.7    2    1
(advertise)    20    15643.43    41    15
(relay)    38    14    15667.44    15    15571.03    1    1
(relay)    7    45    15670.64    15    15666.99    2    1
(advertise)    20    15670.84    45    15
(relay)    7    7    15721.06    15    15721.01    4    1
(advertise)    20    15721.26    7    15
(relay)    38    38    15756.87    15    15756.29    4    1
(advertise)    20    15757.07    38    15
(relay)    31    31    15944.88    15    15944.35    4    1
(advertise)    20    15945.08    31    15
(relay)    31    16    15953.7    15    15929.92    1    1
(relay)    19    17    15988.3    15    15987.11    1    1
(relay)    7    35    15996.7    15    15987.08    1    1
(relay)    19    29    16061.7    16    16048.9    1    1
(relay)    7    26    16083.1    16    16082.16    1    1
(relay)    31    25    16103.5    16    16067.54    2    1
(advertise)    20    16103.7    25    16
(relay)    31    5    16126.31    16    16073.99    1    1
(relay)    19    42    16153.31    16    16149.7    2    1
(advertise)    20    16153.51    42    16
(heartbeat)    2    4    16162.24    20    16163.92    3    4
(advertise)    20    16175.12    2    4
(relay)    7    33    16185.54    16    16165.26    2    1
(advertise)    20    16197.74    33    16
(relay)    7    3    16214.15    16    16212.22    3    1
(advertise)    20    16220.55    3    16
(relay)    19    10    16243.36    16    16240.26    1    1
(relay)    30    34    16288.96    16    16286.67    1    1
(relay)    38    44    16309.16    16    16289.04    2    1
(advertise)    20    16309.36    44    16
(relay)    38    11    16330.57    16    16324.86    3    1
(advertise)    20    16330.77    11    16
(relay)    7    22    16354.59    16    16318.38    1    1
(relay)    38    32    16374.59    16    16348.1    1    1
(relay)    30    30    16395.19    16    16394.61    5    1
(advertise)    20    16395.39    30    16
(relay)    7    48    16399.6    16    16382.04    1    1
(relay)    38    28    16421.2    16    16379.11    2    1
(advertise)    20    16421.6    28    16
(generate)    20    16435.41    [2]    16
(relay)    38    18    16442.03    16    16365.56    3    1
(relay)    31    40    16442.83    16    16422.54    3    2
(advertise)    20    16443.23    18    16
(advertise)    20    16468.04    40    16
(relay)    7    21    16507.85    16    16431.12    1    1
(relay)    19    19    16511.85    16    16510.86    4    1
(advertise)    20    16512.05    19    16
(relay)    31    27    16534.47    16    16518.79    1    1
(relay)    7    12    16571.67    16    16490.69    1    1
(relay)    38    0    16576.27    16    16575.0    3    1
(advertise)    20    16576.47    0    16
(relay)    19    41    16600.88    16    16598.83    1    1
(relay)    30    9    16616.88    16    16554.73    2    1
(advertise)    20    16617.08    9    16
(relay)    7    46    16638.29    16    16493.08    1    1
(relay)    7    45    16707.09    16    16667.02    2    1
(advertise)    20    16707.29    45    16
(relay)    7    7    16721.1    16    16721.02    4    1
(advertise)    20    16728.7    7    16
(relay)    38    38    16757.12    16    16756.47    4    1
(advertise)    20    16757.32    38    16
(relay)    7    16    16932.13    16    16929.96    1    1
(relay)    31    31    16945.13    16    16944.53    4    1
(advertise)    20    16945.33    31    16
(relay)    7    35    16988.34    16    16987.25    1    1
(relay)    38    17    16995.54    16    16987.29    1    1
(relay)    31    29    17050.54    17    17048.97    1    1
(relay)    7    25    17072.94    17    17067.73    1    1
(relay)    19    26    17094.14    17    17082.23    3    1
(advertise)    20    17094.34    26    17
(relay)    38    42    17152.76    17    17149.82    1    1
(relay)    7    33    17173.36    17    17165.32    2    1
(advertise)    20    17173.56    33    17
(relay)    7    3    17214.17    17    17212.32    3    1
(advertise)    20    17214.37    3    17
(relay)    38    10    17243.58    17    17240.44    1    1
(relay)    31    34    17287.98    17    17286.76    2    1
(advertise)    20    17288.18    34    17
(relay)    19    44    17309.8    17    17289.08    1    1
(relay)    30    11    17333.2    17    17324.89    2    1
(advertise)    20    17333.4    11    17
(relay)    7    22    17363.01    17    17318.44    1    1
(relay)    38    32    17374.01    17    17348.19    2    1
(advertise)    20    17374.21    32    17
(relay)    7    48    17387.22    17    17382.14    1    1
(relay)    30    30    17395.22    17    17394.62    5    1
(relay)    38    18    17397.22    17    17365.73    3    2
(advertise)    20    17397.42    30    17
(relay)    38    28    17419.43    17    17379.16    2    2
(advertise)    20    17421.23    18    17
(generate)    20    17435.45    [2]    17
(advertise)    20    17442.26    28    17
(relay)    31    40    17460.67    17    17422.68    3    1
(advertise)    20    17464.07    40    17
(relay)    38    21    17507.09    17    17431.21    1    1
(relay)    19    19    17511.89    17    17510.92    4    1
(advertise)    20    17512.09    19    17
(relay)    7    27    17565.7    17    17518.91    1    1
(relay)    30    0    17578.5    17    17575.14    2    1
(advertise)    20    17578.7    0    17
(relay)    7    9    17587.51    17    17554.73    3    1
(advertise)    20    17599.91    9    17
(relay)    7    12    17608.73    17    17490.74    1    1
(relay)    38    41    17619.93    17    17598.9    2    1
(advertise)    20    17623.13    41    17
(relay)    38    14    17641.34    17    17571.24    1    1
(relay)    7    45    17675.74    17    17667.03    2    1
(advertise)    20    17675.94    45    17
(relay)    7    7    17721.15    17    17721.02    4    1
(advertise)    20    17721.35    7    17
(relay)    38    38    17757.56    17    17756.62    4    1
(advertise)    20    17757.76    38    17
(relay)    31    31    17945.58    17    17944.65    4    1
(advertise)    20    17945.78    31    17
(relay)    38    16    17967.19    17    17930.06    1    1
(relay)    31    17    17989.19    17    17987.31    1    1
(relay)    7    35    17996.79    17    17987.37    1    1
(relay)    7    29    18050.79    18    18049.08    1    1
(relay)    38    25    18078.99    18    18067.76    2    1
(advertise)    20    18079.19    25    18
(relay)    38    5    18102.2    18    18074.14    1    1
(relay)    31    26    18103.2    18    18082.23    3    1
(advertise)    20    18103.6    26    18
(relay)    38    42    18150.82    18    18149.94    2    1
(advertise)    20    18151.02    42    18
(relay)    7    33    18166.63    18    18165.47    2    1
(advertise)    20    18173.23    33    18
(relay)    7    3    18214.84    18    18212.46    3    1
(advertise)    20    18215.04    3    18
(relay)    7    10    18242.66    18    18240.63    1    1
(relay)    38    34    18288.06    18    18286.82    2    1
(advertise)    20    18288.26    34    18
(relay)    38    44    18309.67    18    18289.12    2    1
(advertise)    20    18310.27    44    18
(relay)    7    11    18330.88    18    18324.94    3    1
(advertise)    20    18332.68    11    18
(relay)    31    22    18359.89    18    18318.47    1    1
(relay)    7    32    18377.89    18    18348.32    2    1
(advertise)    20    18378.09    32    18
(relay)    30    30    18395.71    18    18394.64    5    1
(advertise)    20    18400.31    30    18
(relay)    7    28    18422.32    18    18379.24    2    1
(advertise)    20    18422.52    28    18
(relay)    31    48    18427.73    18    18382.15    1    1
(relay)    38    18    18428.13    18    18365.73    3    1
(generate)    20    18435.53    [2]    18
(advertise)    20    18444.15    18    18
(relay)    19    40    18449.36    18    18422.85    3    1
(advertise)    20    18466.96    40    18
(relay)    19    19    18511.17    18    18511.0    4    1
(advertise)    20    18511.37    19    18
(relay)    7    12    18541.39    18    18490.74    1    1
(relay)    38    27    18561.99    18    18519.07    1    1
(relay)    7    9    18563.59    18    18554.73    3    1
(advertise)    20    18563.79    9    18
(relay)    7    0    18587.2    18    18575.15    3    1
(advertise)    20    18588.0    0    18
(relay)    31    41    18607.41    18    18599.37    1    1
(relay)    7    7    18721.81    18    18721.16    4    1
(advertise)    20    18722.01    7    18
(relay)    38    38    18757.82    18    18756.78    4    1
(advertise)    20    18758.02    38    18
(relay)    31    31    18945.84    18    18944.8    4    1
(advertise)    20    18946.04    31    18
(relay)    31    16    18953.65    18    18930.22    1    1
(relay)    19    17    18989.25    18    18987.47    1    1
(relay)    7    35    18996.45    18    18987.5    1    1
(relay)    38    29    19049.85    19    19049.17    1    1
(relay)    19    25    19069.05    19    19067.93    2    1
(advertise)    20    19069.25    25    19
(relay)    19    26    19092.26    19    19082.23    3    1
(advertise)    20    19093.66    26    19
(relay)    19    5    19114.88    19    19074.18    1    1
(relay)    38    42    19152.68    19    19150.02    1    1
(relay)    7    33    19173.68    19    19165.56    2    1
(advertise)    20    19173.88    33    19
(relay)    31    3    19215.09    19    19212.61    2    1
(advertise)    20    19215.29    3    19
(relay)    38    10    19241.3    19    19240.63    2    1
(advertise)    20    19242.3    10    19
(relay)    30    34    19290.32    19    19286.95    1    1
(relay)    19    44    19310.52    19    19289.13    1    1
(relay)    19    11    19331.72    19    19324.96    2    1
(advertise)    20    19331.92    11    19
(relay)    19    32    19355.13    19    19348.41    1    1
(relay)    7    22    19355.93    19    19318.5    1    1
(relay)    19    18    19376.93    19    19365.91    2    1
(advertise)    20    19377.13    18    19
(relay)    30    30    19395.74    19    19394.65    5    1
(advertise)    20    19399.74    30    19
(relay)    38    28    19406.35    19    19379.28    2    1
(advertise)    20    19421.15    28    19
(relay)    7    48    19422.57    19    19382.34    1    1
(generate)    20    19435.57    [2]    19
(relay)    19    40    19443.58    19    19422.86    3    1
(advertise)    20    19443.78    40    19
(relay)    7    21    19488.59    19    19431.42    1    1
(relay)    19    19    19511.19    19    19511.09    4    1
(advertise)    20    19511.39    19    19
(relay)    38    14    19574.61    19    19571.48    1    1
(relay)    7    12    19577.21    19    19490.94    1    1
(relay)    30    0    19578.01    19    19575.34    2    1
(advertise)    20    19578.21    0    19
(relay)    31    9    19599.82    19    19554.84    2    1
(advertise)    20    19601.22    9    19
(relay)    38    41    19618.23    19    19599.48    2    1
(advertise)    20    19624.03    41    19
(relay)    7    45    19668.65    19    19667.29    2    1
(advertise)    20    19668.85    45    19
(relay)    7    7    19721.86    19    19721.34    4    1
(advertise)    20    19722.06    7    19
(relay)    38    38    19757.87    19    19756.79    4    1
(advertise)    20    19758.07    38    19
(relay)    31    31    19946.08    19    19944.98    4    1
(advertise)    20    19946.28    31    19
(relay)    7    35    19990.5    19    19987.62    1    1
(relay)    19    29    20050.1    20    20049.31    1    1
(relay)    19    25    20073.3    20    20068.1    2    1
(advertise)    20    20073.5    25    20
(relay)    38    26    20094.11    20    20082.23    3    1
(advertise)    20    20095.91    26    20
(relay)    38    5    20116.12    20    20074.22    1    1
(relay)    38    42    20151.12    20    20150.11    2    1
(advertise)    20    20151.32    42    20
(heartbeat)    2    5    20162.25    20    20173.74    3    4
(advertise)    20    20174.34    2    5
(relay)    7    33    20196.75    20    20165.66    2    1
(advertise)    20    20197.15    33    20
(relay)    7    3    20217.76    20    20212.72    3    1
(advertise)    20    20218.96    3    20
(relay)    7    10    20242.78    20    20240.81    1    1
(relay)    38    34    20289.18    20    20286.99    2    1
(advertise)    20    20289.38    34    20
(relay)    38    44    20310.39    20    20289.14    2    1
(advertise)    20    20311.99    44    20
(relay)    38    11    20331.6    20    20324.99    3    1
(relay)    7    22    20332.2    20    20318.52    1    2
(advertise)    20    20333.4    11    20
(relay)    38    18    20379.61    20    20366.06    3    1
(advertise)    20    20379.81    18    20
(relay)    30    30    20395.63    20    20394.67    5    1
(relay)    38    28    20399.83    20    20379.35    2    2
(advertise)    20    20401.63    30    20
(relay)    38    48    20421.84    20    20382.43    1    2
(advertise)    20    20424.04    28    20
(generate)    20    20435.65    [2]    20
(relay)    7    12    20493.67    20    20490.97    1    1
(relay)    19    19    20511.27    20    20511.17    4    1
(advertise)    20    20511.47    19    20
(relay)    38    27    20534.88    20    20519.3    1    1
(relay)    7    9    20562.08    20    20555.01    3    1
(advertise)    20    20562.28    9    20
(relay)    7    0    20583.89    20    20575.46    3    1
(advertise)    20    20584.29    0    20
(relay)    7    41    20606.31    20    20599.55    1    1
(relay)    7    7    20722.11    20    20721.49    4    1
(advertise)    20    20722.31    7    20
(relay)    38    38    20757.92    20    20756.91    4    1
(advertise)    20    20758.12    38    20
(relay)    31    31    20945.13    20    20945.09    4    1
(advertise)    20    20945.33    31    20
(relay)    31    16    20954.94    20    20930.66    1    1
(relay)    38    17    20992.14    20    20987.8    1    1
(relay)    7    35    20996.14    20    20987.76    1    1
(relay)    31    29    21050.34    21    21049.41    1    1
(relay)    19    25    21073.54    21    21068.28    2    1
(advertise)    20    21073.74    25    21
(relay)    31    26    21094.76    21    21082.25    3    1
(advertise)    20    21098.56    26    21
(relay)    38    5    21117.17    21    21074.25    1    1
(relay)    30    42    21153.57    21    21150.21    1    1
(relay)    38    33    21174.77    21    21165.73    1    1
(relay)    7    3    21213.17    21    21212.81    3    1
(advertise)    20    21213.37    3    21
(relay)    38    10    21243.18    21    21240.97    2    1
(advertise)    20    21243.38    10    21
(relay)    38    34    21289.2    21    21287.09    2    1
(advertise)    20    21289.4    34    21
(relay)    19    44    21308.61    21    21289.54    1    1
(relay)    19    11    21330.81    21    21325.17    2    1
(advertise)    20    21331.01    11    21
(relay)    19    32    21356.82    21    21348.58    2    1
(advertise)    20    21357.22    32    21
(relay)    31    18    21379.24    21    21366.2    2    1
(advertise)    20    21380.04    18    21
(relay)    30    30    21395.05    21    21394.86    5    1
(advertise)    20    21402.45    30    21
(relay)    31    28    21423.26    21    21379.39    2    1
(advertise)    20    21423.86    28    21
(generate)    20    21435.67    [2]    21
(relay)    38    48    21446.49    21    21382.45    1    1
(relay)    30    40    21468.69    21    21424.79    2    1
(advertise)    20    21468.89    40    21
(relay)    19    19    21511.7    21    21511.23    4    1
(advertise)    20    21511.9    19    21
(relay)    7    12    21536.51    21    21491.02    1    1
(relay)    19    0    21575.91    21    21575.61    3    1
(advertise)    20    21576.11    0    21
(relay)    7    27    21580.33    21    21519.39    1    1
(relay)    31    46    21597.13    21    21493.41    1    1
(relay)    19    41    21601.33    21    21599.63    1    1
(relay)    7    9    21623.73    21    21555.17    3    1
(advertise)    20    21623.93    9    21
(relay)    31    45    21668.74    21    21667.39    1    1
(relay)    7    7    21722.74    21    21721.66    4    1
(advertise)    20    21722.94    7    21
(relay)    38    38    21757.15    21    21757.08    4    1
(advertise)    20    21757.35    38    21
(relay)    7    16    21931.37    21    21930.71    1    1
(relay)    31    31    21945.37    21    21945.23    4    1
(advertise)    20    21945.57    31    21
(relay)    7    35    21992.58    21    21987.9    1    1
(relay)    38    29    22050.98    22    22049.51    1    1
(relay)    31    25    22072.98    22    22068.47    2    1
(advertise)    20    22073.18    25    22
(relay)    38    26    22084.59    22    22082.25    3    1
(advertise)    20    22095.99    26    22
(relay)    38    5    22105.6    22    22074.28    1    1
(relay)    31    42    22153.4    22    22150.32    2    1
(advertise)    20    22153.6    42    22
(relay)    7    33    22169.02    22    22165.84    2    1
(advertise)    20    22175.02    33    22
(relay)    7    3    22213.23    22    22212.93    3    1
(advertise)    20    22213.43    3    22
(relay)    38    10    22242.64    22    22240.98    2    1
(advertise)    20    22242.84    10    22
(relay)    30    34    22288.86    22    22287.17    1    1
(relay)    38    44    22290.06    22    22289.73    2    1
(advertise)    20    22290.26    44    22
(relay)    31    11    22326.47    22    22325.18    3    1
(advertise)    20    22326.67    11    22
(relay)    7    22    22350.28    22    22318.58    1    1
(relay)    31    32    22355.08    22    22348.65    2    1
(advertise)    20    22355.28    32    22
(relay)    19    18    22377.7    22    22366.39    2    1
(advertise)    20    22378.5    18    22
(relay)    30    30    22394.91    22    22394.9    5    1
(relay)    19    28    22398.51    22    22379.45    2    2
(advertise)    20    22400.71    30    22
(advertise)    20    22422.72    28    22
(generate)    20    22435.73    [2]    22
(relay)    19    40    22442.15    22    22424.94    3    1
(relay)    31    48    22443.35    22    22382.55    1    2
(advertise)    20    22445.75    40    22
(relay)    19    19    22511.76    22    22511.31    4    1
(advertise)    20    22511.96    19    22
(relay)    31    27    22536.77    22    22519.47    1    1
(relay)    7    9    22559.77    22    22555.36    3    1
(advertise)    20    22560.17    9    22
(relay)    30    0    22584.19    22    22575.79    2    1
(advertise)    20    22584.39    0    22
(relay)    38    41    22603.4    22    22599.69    2    1
(relay)    7    46    22604.2    22    22493.44    1    2
(advertise)    20    22605.6    41    22
(relay)    38    14    22626.81    22    22571.81    1    1
(relay)    38    45    22668.01    22    22667.43    2    1
(advertise)    20    22668.21    45    22
(relay)    7    7    22722.83    22    22721.81    4    1
(advertise)    20    22723.03    7    22
(relay)    38    38    22757.24    22    22757.23    4    1
(advertise)    20    22757.44    38    22
(relay)    31    31    22945.45    22    22945.34    4    1
(advertise)    20    22945.65    31    22
(relay)    31    16    22951.06    22    22930.79    1    1
(relay)    38    17    22992.46    22    22988.14    1    1
(relay)    7    35    22997.66    22    22988.02    1    1
(relay)    38    29    23051.26    23    23049.63    1    1
(relay)    7    25    23075.66    23    23068.62    2    1
(advertise)    20    23075.86    25    23
(relay)    38    26    23095.68    23    23082.26    3    1
(advertise)    20    23098.48    26    23
(relay)    7    42    23154.29    23    23150.39    1    1
(relay)    38    33    23177.49    23    23166.0    1    1
(relay)    38    3    23213.69    23    23213.08    2    1
(advertise)    20    23213.89    3    23
(relay)    38    10    23243.1    23    23240.98    2    1
(advertise)    20    23243.3    10    23
(relay)    30    34    23287.92    23    23287.21    1    1
(relay)    38    44    23309.12    23    23289.92    2    1
(advertise)    20    23309.32    44    23
(relay)    19    11    23331.33    23    23325.2    2    1
(advertise)    20    23333.33    11    23
(relay)    38    32    23354.14    23    23348.78    2    1
(advertise)    20    23355.54    32    23
(relay)    38    18    23376.96    23    23366.54    3    1
(relay)    7    22    23377.16    23    23318.61    1    2
(advertise)    20    23378.76    18    23
(relay)    30    30    23394.97    23    23394.93    5    1
(relay)    38    28    23399.97    23    23379.45    2    2
(advertise)    20    23400.57    30    23
(relay)    7    48    23420.98    23    23382.62    1    2
(advertise)    20    23423.58    28    23
(generate)    20    23435.79    [2]    23
(relay)    38    40    23445.21    23    23425.14    3    1
(advertise)    20    23446.21    40    23
(relay)    7    21    23509.42    23    23431.84    1    1
(relay)    19    19    23512.02    23    23511.42    4    1
(advertise)    20    23512.22    19    23
(relay)    38    27    23536.83    23    23519.62    1    1
(relay)    7    12    23575.63    23    23491.11    1    1
(relay)    38    0    23576.43    23    23575.97    3    1
(advertise)    20    23576.63    0    23
(relay)    38    14    23597.85    23    23571.9    1    1
(relay)    7    9    23598.65    23    23555.53    3    1
(advertise)    20    23599.05    9    23
(relay)    7    46    23623.46    23    23493.5    1    1
(relay)    38    45    23668.26    23    23667.5    2    1
(advertise)    20    23668.46    45    23
(relay)    7    7    23723.07    23    23722.0    4    1
(advertise)    20    23723.27    7    23
(relay)    38    38    23757.49    23    23757.39    4    1
(advertise)    20    23757.69    38    23
(relay)    31    31    23946.1    23    23945.48    4    1
(advertise)    20    23946.3    31    23
(relay)    31    16    23951.91    23    23930.84    1    1
(relay)    38    17    23993.11    23    23988.28    1    1
(relay)    7    35    23997.51    23    23988.15    1    1
(relay)    38    29    24051.71    24    24049.67    1    1
(relay)    30    25    24081.71    24    24068.75    1    1
(relay)    7    5    24091.91    24    24075.11    1    1
(relay)    19    26    24101.91    24    24082.43    3    1
(advertise)    20    24102.11    26    24
(relay)    31    42    24154.32    24    24150.45    2    1
(advertise)    20    24154.52    42    24
(relay)    7    33    24169.74    24    24166.08    2    1
(advertise)    20    24176.14    33    24
(heartbeat)    2    6    24162.27    20    24178.95    3    4
(advertise)    20    24198.15    2    6
(relay)    7    3    24214.56    24    24213.23    3    1
(advertise)    20    24219.56    3    24
(relay)    38    10    24244.58    24    24241.17    2    1
(advertise)    20    24244.78    10    24
(relay)    30    34    24287.99    24    24287.29    1    1
(relay)    7    44    24309.59    24    24290.09    1    1
(relay)    19    11    24330.99    24    24325.23    2    1
(advertise)    20    24331.19    11    24
(relay)    19    32    24354.6    24    24348.85    2    1
(advertise)    20    24354.8    32    24
(relay)    7    18    24375.82    24    24366.66    1    1
(relay)    30    30    24395.62    24    24394.98    5    1
(advertise)    20    24395.82    30    24
(relay)    38    28    24398.63    24    24379.49    2    1
(relay)    7    22    24399.23    24    24318.67    1    2
(advertise)    20    24418.03    28    24
(generate)    20    24435.84    [2]    24
(relay)    19    40    24441.25    24    24425.32    3    1
(advertise)    20    24441.65    40    24
(relay)    7    48    24445.07    24    24383.31    1    1
(relay)    38    21    24489.47    24    24432.03    1    1
(relay)    19    19    24512.07    24    24511.53    4    1
(advertise)    20    24512.27    19    24
(relay)    38    12    24534.88    24    24491.17    1    1
(relay)    38    27    24556.28    24    24519.76    1    1
(relay)    31    46    24575.28    24    24493.56    1    1
(relay)    19    0    24577.28    24    24575.98    3    1
(advertise)    20    24577.48    0    24
(relay)    19    41    24602.69    24    24599.83    1    1
(relay)    7    9    24622.29    24    24555.7    3    1
(advertise)    20    24622.49    9    24
(relay)    31    45    24684.91    24    24667.55    2    1
(advertise)    20    24685.11    45    24
(relay)    7    7    24722.92    24    24722.01    4    1
(advertise)    20    24723.12    7    24
(relay)    38    38    24757.93    24    24757.43    4    1
(advertise)    20    24758.13    38    24
(relay)    31    31    24946.15    24    24945.5    4    1
(advertise)    20    24946.35    31    24
(relay)    31    16    24953.96    24    24930.87    1    1
(relay)    19    17    24991.96    24    24988.45    1    1
(relay)    7    35    24996.56    24    24988.3    1    1
(relay)    38    29    25051.76    25    25049.74    1    1
(relay)    19    25    25071.36    25    25068.9    2    1
(advertise)    20    25071.56    25    25
(relay)    19    26    25091.57    25    25082.6    3    1
(advertise)    20    25093.77    26    25
(relay)    19    5    25113.58    25    25075.21    1    1
(relay)    30    42    25156.18    25    25150.58    1    1
(relay)    30    33    25177.38    25    25166.22    1    1
(relay)    7    3    25214.58    25    25213.32    3    1
(advertise)    20    25214.78    3    25
(relay)    38    10    25244.4    25    25241.33    2    1
(advertise)    20    25244.6    10    25
(relay)    38    34    25287.81    25    25287.39    2    1
(advertise)    20    25288.01    34    25
(relay)    19    44    25309.62    25    25290.27    1    1
(relay)    31    11    25331.22    25    25325.24    3    1
(advertise)    20    25331.42    11    25
(relay)    7    22    25356.44    25    25318.73    1    1
(relay)    38    32    25364.04    25    25348.91    2    1
(advertise)    20    25364.24    32    25
(relay)    31    48    25385.45    25    25383.39    1    1
(relay)    19    28    25386.45    25    25379.55    2    1
(advertise)    20    25386.65    28    25
(relay)    30    30    25395.66    25    25395.16    5    1
(advertise)    20    25408.66    30    25
(relay)    19    40    25427.68    25    25425.51    3    1
(relay)    38    18    25430.48    25    25366.77    2    2
(advertise)    20    25431.08    40    25
(generate)    20    25435.89    [2]    25
(advertise)    20    25453.5    18    25
(relay)    19    19    25512.71    25    25511.62    4    1
(advertise)    20    25512.91    19    25
(relay)    31    21    25518.53    25    25432.76    1    1
(relay)    7    12    25535.93    25    25491.23    1    1
(relay)    38    27    25542.33    25    25519.88    1    1
(relay)    7    9    25557.33    25    25555.87    3    1
(advertise)    20    25557.53    9    25
(relay)    19    0    25580.14    25    25576.17    3    1
(advertise)    20    25580.34    0    25
(relay)    19    41    25603.75    25    25599.91    1    1
(relay)    38    14    25640.95    25    25572.1    1    1
(relay)    31    45    25671.75    25    25667.62    2    1
(advertise)    20    25671.95    45    25
(relay)    7    7    25722.17    25    25722.16    4    1
(advertise)    20    25722.37    7    25
(relay)    38    38    25758.18    25    25757.6    4    1
(advertise)    20    25758.38    38    25
(relay)    31    31    25946.19    25    25945.65    4    1
(advertise)    20    25946.39    31    25
(relay)    31    16    25954.01    25    25930.91    1    1
(relay)    38    17    25993.01    25    25988.63    1    1
(relay)    7    35    25995.61    25    25988.43    1    1
(relay)    19    29    26069.61    26    26049.84    1    1
(relay)    30    26    26083.81    26    26082.74    1    1
(relay)    31    25    26105.01    26    26069.7    2    1
(advertise)    20    26105.21    25    26
(relay)    38    5    26126.62    26    26075.24    1    1
(relay)    19    42    26154.42    26    26150.69    2    1
(advertise)    20    26154.62    42    26
(relay)    7    33    26178.03    26    26166.33    2    1
(advertise)    20    26178.83    33    26
(relay)    7    3    26215.24    26    26213.46    3    1
(advertise)    20    26215.44    3    26
(relay)    7    10    26244.46    26    26241.5    1    1
(relay)    30    34    26289.66    26    26287.47    1    1
(relay)    19    44    26309.86    26    26290.32    1    1
(relay)    19    11    26331.66    26    26325.25    2    1
(advertise)    20    26331.86    11    26
(relay)    7    32    26355.07    26    26349.02    2    1
(advertise)    20    26355.47    32    26
(relay)    38    18    26376.88    26    26366.92    2    1
(advertise)    20    26378.48    18    26
(relay)    30    30    26395.7    26    26395.17    5    1
(relay)    38    28    26398.9    26    26379.57    2    2
(advertise)    20    26400.7    30    26
(relay)    7    22    26402.11    26    26318.79    1    2
(advertise)    20    26422.11    28    26
(generate)    20    26435.92    [2]    26
(relay)    38    48    26441.74    26    26383.43    1    1
(relay)    19    40    26444.54    26    26425.54    3    1
(advertise)    20    26445.54    40    26
(relay)    19    19    26512.75    26    26511.7    4    1
(advertise)    20    26512.95    19    26
(relay)    7    21    26532.76    26    26432.91    1    1
(relay)    38    27    26537.16    26    26520.03    1    1
(relay)    31    12    26558.56    26    26491.28    1    1
(relay)    19    0    26577.96    26    26576.17    3    1
(advertise)    20    26578.16    0    26
(relay)    19    41    26602.97    26    26600.02    1    1
(relay)    19    9    26624.37    26    26556.02    1    1
(relay)    7    45    26670.97    26    26667.75    2    1
(advertise)    20    26671.17    45    26
(relay)    7    7    26722.39    26    26722.35    4    1
(advertise)    20    26722.59    7    26
(relay)    38    38    26758.4    26    26757.79    4    1
(advertise)    20    26758.6    38    26
(relay)    31    31    26946.81    26    26945.82    4    1
(advertise)    20    26947.01    31    26
(relay)    31    16    26954.23    26    26931.1    1    1
(relay)    38    17    26990.63    26    26988.8    1    1
(relay)    7    35    26995.63    26    26988.55    1    1
(relay)    38    29    27052.83    27    27049.93    1    1
(relay)    19    25    27073.23    27    27069.87    2    1
(advertise)    20    27073.43    25    27
(relay)    19    26    27096.24    27    27082.89    3    1
(advertise)    20    27097.04    26    27
(relay)    31    5    27117.25    27    27075.28    1    1
(relay)    31    42    27152.85    27    27150.84    1    1
(relay)    7    33    27173.85    27    27166.44    2    1
(advertise)    20    27174.05    33    27
(relay)    7    3    27215.67    27    27213.54    3    1
(advertise)    20    27215.87    3    27
(relay)    31    10    27243.88    27    27241.69    1    1
(relay)    30    34    27289.48    27    27287.52    1    1
(relay)    7    44    27310.48    27    27290.32    1    1
(relay)    7    11    27332.48    27    27325.25    3    1
(advertise)    20    27332.68    11    27
(relay)    38    32    27356.09    27    27349.14    1    1
(relay)    7    22    27376.69    27    27318.85    1    1
(relay)    30    18    27379.89    27    27367.08    1    1
(relay)    30    30    27396.29    27    27395.19    5    1
(advertise)    20    27396.49    30    27
(relay)    38    28    27423.7    27    27379.62    1    1
(relay)    19    40    27427.3    27    27426.94    3    1
(advertise)    20    27427.5    40    27
(generate)    20    27436.12    [2]    27
(relay)    7    48    27443.13    27    27383.45    1    1
(relay)    31    21    27494.73    27    27433.02    1    1
(relay)    19    19    27512.73    27    27511.78    4    1
(advertise)    20    27512.93    19    27
(relay)    7    12    27533.74    27    27491.34    1    1
(relay)    38    27    27577.34    27    27520.12    1    1
(relay)    19    0    27578.54    27    27576.18    3    1
(advertise)    20    27578.74    0    27
(relay)    7    9    27600.36    27    27556.17    3    1
(advertise)    20    27600.96    9    27
(relay)    19    41    27623.57    27    27600.1    1    1
(relay)    30    45    27672.37    27    27667.79    1    1
(relay)    7    7    27722.57    27    27722.51    4    1
(advertise)    20    27722.77    7    27
(relay)    38    38    27758.78    27    27757.8    4    1
(advertise)    20    27758.98    38    27
(relay)    7    16    27934.0    27    27931.13    1    1
(relay)    31    31    27947.0    27    27945.97    4    1
(advertise)    20    27947.2    31    27
(relay)    38    17    27990.21    27    27988.99    1    1
(relay)    7    35    27990.61    27    27988.7    1    1
(relay)    19    29    28051.81    28    28050.02    1    1
(relay)    7    25    28073.01    28    28070.03    1    1
(relay)    7    26    28095.41    28    28083.04    2    1
(advertise)    20    28095.61    26    28
(relay)    31    42    28152.02    28    28150.9    2    1
(advertise)    20    28152.22    42    28
(heartbeat)    2    7    28162.28    20    28163.23    3    5
(advertise)    20    28173.43    2    7
(relay)    7    33    28186.05    28    28166.58    2    1
(advertise)    20    28196.25    33    28
(relay)    7    3    28216.06    28    28213.64    3    1
(advertise)    20    28219.46    3    28
(relay)    31    10    28243.07    28    28241.84    1    1
(relay)    38    34    28288.87    28    28287.58    2    1
(advertise)    20    28289.07    34    28
(relay)    19    44    28310.69    28    28290.35    1    1
(relay)    19    11    28332.09    28    28325.44    2    1
(advertise)    20    28332.29    11    28
(relay)    38    32    28363.5    28    28349.22    2    1
(advertise)    20    28363.7    32    28
(relay)    31    22    28384.91    28    28318.91    1    1
(relay)    30    30    28396.11    28    28395.2    5    1
(advertise)    20    28396.31    30    28
(relay)    31    18    28408.13    28    28367.24    2    1
(relay)    7    48    28411.53    28    28383.52    1    2
(advertise)    20    28420.53    18    28
(relay)    19    40    28432.14    28    28427.1    3    1
(generate)    20    28436.14    [2]    28
(advertise)    20    28441.75    40    28
(relay)    7    28    28454.36    28    28379.65    1    1
(relay)    19    19    28511.96    28    28511.87    4    1
(advertise)    20    28512.16    19    28
(relay)    7    12    28542.18    28    28491.4    1    1
(relay)    7    9    28564.18    28    28556.33    3    1
(advertise)    20    28564.38    9    28
(relay)    7    46    28586.59    28    28493.76    1    1
(relay)    31    0    28587.39    28    28576.35    3    1
(advertise)    20    28587.79    0    28
(relay)    31    41    28608.0    28    28600.17    1    1
(relay)    7    45    28671.2    28    28667.82    2    1
(advertise)    20    28671.4    45    28
(relay)    7    7    28723.22    28    28722.66    4    1
(advertise)    20    28723.42    7    28
(relay)    38    38    28759.03    28    28757.97    4    1
(advertise)    20    28759.23    38    28
(relay)    31    31    28947.04    28    28946.13    4    1
(advertise)    20    28947.24    31    28
(relay)    7    16    28952.66    28    28931.16    1    1
(relay)    38    17    28991.46    28    28989.16    1    1
(relay)    38    29    29050.86    29    29050.13    1    1
(relay)    19    25    29071.46    29    29070.22    2    1
(advertise)    20    29071.66    25    29
(relay)    19    26    29094.27    29    29083.2    3    1
(advertise)    20    29094.87    26    29
(relay)    38    5    29116.88    29    29075.37    1    1
(relay)    38    42    29151.88    29    29151.06    2    1
(advertise)    20    29152.08    42    29
(relay)    31    33    29173.89    29    29166.68    1    1
(relay)    7    3    29216.09    29    29213.75    3    1
(advertise)    20    29216.29    3    29
(relay)    38    10    29242.91    29    29242.03    1    1
(relay)    38    34    29290.11    29    29287.66    2    1
(advertise)    20    29290.31    34    29
(relay)    38    44    29311.12    29    29290.54    2    1
(advertise)    20    29313.52    44    29
(relay)    7    11    29333.53    29    29325.45    3    1
(advertise)    20    29334.73    11    29
(relay)    38    22    29355.95    29    29318.92    1    1
(relay)    19    32    29358.35    29    29349.32    2    1
(advertise)    20    29358.75    32    29
(relay)    19    18    29381.36    29    29367.4    2    1
(advertise)    20    29381.56    18    29
(relay)    7    48    29387.17    29    29383.53    1    1
(relay)    30    30    29396.37    29    29395.38    5    1
(advertise)    20    29402.97    30    29
(relay)    38    28    29419.19    29    29379.72    2    1
(advertise)    20    29424.99    28    29
(generate)    20    29436.2    [2]    29
(relay)    7    40    29455.21    29    29427.28    3    1
(advertise)    20    29455.41    40    29
(relay)    19    19    29512.02    29    29511.93    4    1
(advertise)    20    29512.22    19    29
(relay)    19    27    29535.04    29    29520.32    1    1
(relay)    7    46    29536.24    29    29493.77    1    1
(relay)    30    0    29578.04    29    29576.48    2    1
(advertise)    20    29578.24    0    29
(relay)    7    9    29582.05    29    29556.46    3    1
(advertise)    20    29600.25    9    29
(relay)    38    14    29658.66    29    29572.56    1    1
(relay)    31    45    29670.46    29    29668.0    2    1
(advertise)    20    29670.66    45    29
(relay)    7    7    29723.28    29    29722.8    4    1
(advertise)    20    29723.48    7    29
(relay)    38    38    29759.09    29    29758.12    4    1
(advertise)    20    29759.29    38    29
(relay)    31    31    29946.3    29    29946.28    4    1
(advertise)    20    29946.5    31    29
(relay)    31    16    29952.72    29    29931.35    1    1
(relay)    19    17    29991.52    29    29989.17    1    1
