(relay)    47    15    1017.4    1    1017.0    126    1
(advertise)    24    1017.6    15    1
(relay)    8    29    1048.81    1    1047.01    125    1
(advertise)    24    1049.01    29    1
(relay)    47    25    1074.23    1    1065.03    123    1
(advertise)    24    1074.43    25    1
(relay)    47    5    1096.24    1    1072.24    125    1
(advertise)    24    1097.84    5    1
(relay)    21    26    1117.25    1    1080.04    123    1
(advertise)    24    1119.05    26    1
(relay)    47    42    1151.47    1    1148.07    124    1
(advertise)    24    1151.67    42    1
(relay)    47    33    1176.88    1    1163.08    123    1
(advertise)    24    1177.08    33    1
(relay)    21    3    1211.49    1    1210.09    124    1
(advertise)    24    1211.69    3    1
(generate)    24    1225.1    [2]    1
(relay)    47    10    1258.72    1    1238.12    125    1
(advertise)    24    1258.92    10    1
(relay)    21    34    1286.53    1    1285.13    124    1
(advertise)    24    1286.73    34    1
(relay)    8    8    1287.94    1    1287.94    127    1
(relay)    37    23    1308.74    1    1306.12    126    2
(advertise)    24    1309.94    8    1
(relay)    21    22    1330.56    1    1315.16    126    2
(advertise)    24    1332.56    23    1
(relay)    21    11    1352.17    1    1323.16    125    2
(advertise)    24    1353.97    22    1
(advertise)    24    1375.38    11    1
(relay)    21    48    1397.8    1    1378.2    126    1
(relay)    47    32    1398.4    1    1346.16    123    2
(advertise)    24    1398.6    48    1
(relay)    47    18    1420.41    1    1363.18    123    2
(advertise)    24    1421.21    32    1
(relay)    21    21    1429.62    1    1429.01    127    2
(advertise)    24    1443.22    18    1
(relay)    47    28    1463.03    1    1378.2    124    2
(advertise)    24    1464.63    21    1
(advertise)    24    1486.65    28    1
(relay)    21    40    1488.46    1    1420.01    124    1
(advertise)    24    1508.06    40    1
(relay)    21    46    1510.27    1    1491.26    126    1
(relay)    47    36    1528.27    1    1516.06    126    2
(advertise)    24    1530.67    46    1
(relay)    21    12    1539.69    1    1489.05    125    2
(advertise)    24    1552.89    36    1
(relay)    21    30    1561.3    1    1393.2    122    2
(relay)    47    27    1573.1    1    1515.07    125    3
(advertise)    24    1574.3    12    1
(advertise)    24    1598.71    30    1
(relay)    21    20    1604.93    1    1434.02    123    2
(advertise)    24    1620.53    27    1
(advertise)    24    1642.34    20    1
(relay)    8    14    1646.55    1    1569.1    126    1
(relay)    21    9    1647.35    1    1552.09    124    2
(relay)    47    6    1659.55    1    1646.15    126    3
(advertise)    24    1664.55    14    1
(advertise)    24    1686.76    9    1
(relay)    21    0    1692.98    1    1573.1    124    2
(relay)    47    4    1704.18    1    1686.16    126    3
(relay)    47    47    1705.38    1    1704.39    127    4
(advertise)    24    1709.38    6    1
(advertise)    24    1732.99    0    1
(relay)    21    45    1736.2    1    1665.15    125    3
(advertise)    24    1755.0    4    1
(relay)    37    37    1758.22    1    1758.02    127    3
(advertise)    24    1776.62    47    1
(advertise)    24    1797.83    45    1
(relay)    21    7    1805.24    1    1719.19    124    2
(relay)    47    1    1814.04    1    1703.16    124    3
(advertise)    24    1820.64    37    1
(relay)    21    38    1826.26    1    1754.02    122    3
(relay)    37    39    1838.86    1    1819.02    126    4
(advertise)    24    1843.06    7    1
(advertise)    24    1864.07    1    1
(advertise)    24    1885.68    38    1
(advertise)    24    1906.89    39    1
(relay)    21    13    1926.51    1    1926.11    126    1
(advertise)    24    1928.11    13    1
(relay)    21    16    1949.32    1    1927.11    124    1
(relay)    47    43    1950.92    1    1931.11    126    2
(advertise)    24    1951.92    16    1
(advertise)    24    1974.13    43    1
(relay)    47    31    1997.35    1    1942.12    122    1
(relay)    37    17    1998.95    1    1985.15    124    2
(advertise)    24    1999.35    31    1
(relay)    21    35    2017.36    1    1985.15    126    2
(advertise)    24    2021.56    17    1
(relay)    47    15    2041.77    2    2017.16    126    2
(advertise)    24    2043.57    35    1
(advertise)    24    2066.39    15    2
(relay)    47    5    2085.4    2    2072.4    125    1
(advertise)    24    2088.8    5    2
(relay)    8    29    2092.21    2    2047.19    125    1
(advertise)    24    2110.01    29    2
(relay)    47    25    2128.82    2    2065.2    124    1
(relay)    21    26    2130.22    2    2080.2    123    2
(advertise)    24    2131.02    25    2
(advertise)    24    2153.64    26    2
(relay)    47    42    2172.45    2    2148.22    124    1
(advertise)    24    2176.05    42    2
(relay)    47    33    2193.66    2    2163.25    122    1
(advertise)    24    2197.26    33    2
(relay)    47    3    2220.68    2    2210.28    122    1
(advertise)    24    2221.08    3    2
(generate)    24    2225.29    [2]    2
(relay)    47    10    2265.5    2    2238.29    125    1
(advertise)    24    2265.7    10    2
(relay)    47    44    2287.92    2    2286.33    124    1
(advertise)    24    2288.32    44    2
(relay)    37    23    2311.33    2    2306.3    126    1
(advertise)    24    2311.93    23    2
(relay)    47    34    2334.34    2    2285.32    122    1
(advertise)    24    2334.54    34    2
(relay)    8    22    2343.35    2    2315.54    125    1
(advertise)    24    2357.55    22    2
(relay)    21    11    2373.17    2    2323.34    125    1
(advertise)    24    2380.17    11    2
(relay)    21    48    2397.18    2    2378.78    126    1
(relay)    47    32    2401.18    2    2346.33    124    2
(advertise)    24    2402.58    48    2
(advertise)    24    2425.79    32    2
(relay)    47    18    2449.21    2    2363.37    124    1
(advertise)    24    2450.81    18    2
(relay)    47    28    2470.02    2    2378.38    124    1
(advertise)    24    2473.02    28    2
(relay)    21    40    2475.03    2    2420.19    122    1
(relay)    47    21    2492.23    2    2429.19    123    2
(advertise)    24    2494.63    40    2
(relay)    37    30    2498.64    2    2393.37    120    2
(advertise)    24    2515.84    21    2
(relay)    21    12    2519.26    2    2489.64    126    2
(advertise)    24    2538.46    30    2
(relay)    21    46    2540.27    2    2491.44    126    2
(relay)    47    36    2558.47    2    2516.24    126    3
(advertise)    24    2560.67    12    2
(relay)    8    27    2583.48    2    2515.26    125    3
(advertise)    24    2584.28    46    2
(relay)    21    20    2600.3    2    2434.21    122    3
(advertise)    24    2607.3    36    2
(relay)    21    14    2623.51    2    2569.28    125    3
(advertise)    24    2629.91    27    2
(advertise)    24    2652.52    20    2
(advertise)    24    2676.34    14    2
(relay)    47    6    2689.35    2    2646.34    126    1
(relay)    21    19    2689.95    2    2509.26    123    2
(advertise)    24    2698.15    6    2
(relay)    8    41    2700.76    2    2596.31    125    2
(relay)    47    47    2705.56    2    2704.56    127    3
(relay)    47    4    2710.96    2    2686.35    126    4
(relay)    21    9    2711.36    2    2552.27    123    5
(advertise)    24    2719.76    19    2
(relay)    37    1    2723.77    2    2703.35    126    5
(advertise)    24    2741.37    41    2
(relay)    37    37    2758.79    2    2758.19    127    5
(advertise)    24    2763.39    47    2
(relay)    21    45    2778.4    2    2665.55    125    5
(advertise)    24    2785.6    4    2
(relay)    47    0    2799.61    2    2573.28    122    5
(advertise)    24    2807.61    9    2
(advertise)    24    2830.43    1    2
(advertise)    24    2853.44    37    2
(relay)    47    39    2864.65    2    2819.2    126    3
(relay)    21    7    2865.25    2    2719.37    124    4
(advertise)    24    2874.65    45    2
(advertise)    24    2896.87    0    2
(advertise)    24    2917.88    39    2
(relay)    21    38    2930.69    2    2754.2    124    2
(relay)    47    43    2933.29    2    2931.29    126    3
(advertise)    24    2938.89    7    2
(advertise)    24    2960.1    38    2
(relay)    21    13    2974.32    2    2926.29    126    2
(relay)    47    31    2980.12    2    2942.3    122    3
(advertise)    24    2983.32    43    2
(relay)    21    16    2995.73    2    2927.29    125    3
(advertise)    24    3004.73    13    2
(relay)    37    17    3015.54    2    2985.33    124    3
(advertise)    24    3026.14    31    2
(relay)    21    35    3041.76    2    2985.33    126    3
(relay)    47    15    3044.96    3    3017.34    126    4
(advertise)    24    3047.56    16    2
(advertise)    24    3069.17    17    2
(relay)    21    29    3085.58    3    3047.37    125    3
(advertise)    24    3091.38    35    2
(relay)    47    5    3110.8    3    3072.58    124    3
(advertise)    24    3112.4    15    3
(advertise)    24    3134.81    29    3
(relay)    37    25    3148.02    3    3065.78    122    2
(advertise)    24    3156.62    5    3
(relay)    21    26    3173.83    3    3080.38    123    2
(advertise)    24    3178.83    25    3
(advertise)    24    3200.25    26    3
(relay)    47    42    3201.46    3    3148.41    124    1
(relay)    21    33    3218.46    3    3163.43    124    2
(advertise)    24    3222.26    42    3
(generate)    24    3225.47    [2]    3
(relay)    21    3    3240.89    3    3210.46    124    2
(advertise)    24    3243.29    33    3
(relay)    47    10    3247.1    3    3238.47    125    2
(advertise)    24    3264.5    3    3
(advertise)    24    3285.71    10    3
(relay)    8    8    3288.33    3    3288.31    127    1
(advertise)    24    3307.13    8    3
(relay)    37    23    3325.94    3    3306.49    126    1
(relay)    21    34    3329.14    3    3285.51    124    2
(advertise)    24    3330.14    23    3
(relay)    47    44    3335.35    3    3286.53    123    2
(relay)    21    22    3350.95    3    3315.73    126    3
(advertise)    24    3352.15    34    3
(advertise)    24    3374.16    44    3
(advertise)    24    3395.98    22    3
(relay)    21    11    3419.39    3    3323.53    125    1
(advertise)    24    3420.39    11    3
(relay)    47    32    3422.0    3    3346.53    123    1
(relay)    21    21    3430.4    3    3429.38    127    2
(advertise)    24    3442.0    32    3
(relay)    21    48    3462.22    3    3379.78    126    2
(advertise)    24    3463.62    21    3
(relay)    47    28    3464.83    3    3378.56    125    2
(relay)    47    18    3487.03    3    3363.55    124    3
(advertise)    24    3487.23    48    3
(relay)    21    30    3505.64    3    3393.55    123    3
(advertise)    24    3509.24    28    3
(advertise)    24    3531.26    18    3
(relay)    21    12    3549.07    3    3489.83    126    2
(relay)    47    40    3551.67    3    3420.39    123    3
(advertise)    24    3553.67    30    3
(relay)    37    36    3569.08    3    3516.43    126    3
(relay)    21    46    3571.68    3    3491.63    126    4
(advertise)    24    3577.68    12    3
(advertise)    24    3599.89    40    3
(relay)    47    27    3618.31    3    3515.46    125    3
(advertise)    24    3621.11    36    3
(relay)    8    14    3627.92    3    3569.48    126    3
(relay)    21    20    3640.32    3    3434.39    123    4
(advertise)    24    3643.12    46    3
(advertise)    24    3664.33    27    3
(advertise)    24    3685.95    14    3
(relay)    47    47    3705.76    3    3704.76    127    2
(relay)    47    6    3707.96    3    3646.53    126    3
(advertise)    24    3708.16    20    3
(relay)    21    9    3725.37    3    3552.47    124    3
(advertise)    24    3730.37    47    3
(relay)    8    41    3737.79    3    3596.51    125    3
(relay)    37    1    3745.19    3    3703.55    126    4
(relay)    47    4    3752.59    3    3686.55    126    5
(advertise)    24    3754.39    6    3
(relay)    37    37    3759.0    3    3758.39    127    5
(advertise)    24    3775.6    9    3
(relay)    21    19    3792.61    3    3509.46    123    5
(advertise)    24    3798.61    41    3
(relay)    21    45    3813.62    3    3665.73    125    5
(relay)    47    0    3820.42    3    3573.48    123    6
(advertise)    24    3821.22    1    3
(advertise)    24    3843.84    4    3
(relay)    37    39    3853.65    3    3819.4    126    5
(advertise)    24    3866.05    37    3
(advertise)    24    3888.86    19    3
(advertise)    24    3909.88    45    3
(relay)    21    7    3926.69    3    3719.57    124    3
(advertise)    24    3930.89    0    3
(relay)    8    38    3932.9    3    3754.39    124    3
(advertise)    24    3952.9    39    3
(advertise)    24    3973.92    7    3
(relay)    8    13    3975.93    3    3926.49    126    2
(relay)    47    43    3996.33    3    3931.49    125    3
(advertise)    24    3996.53    38    3
(relay)    21    16    4015.34    3    3927.49    125    3
(advertise)    24    4018.54    13    3
(relay)    21    35    4037.75    3    3985.53    126    3
(relay)    47    17    4040.95    3    3985.53    125    4
(advertise)    24    4041.15    43    3
(advertise)    24    4062.37    16    3
(advertise)    24    4084.78    35    3
(relay)    37    15    4096.99    4    4017.54    125    2
(relay)    21    31    4103.19    3    3942.5    123    3
(advertise)    24    4107.19    17    3
(advertise)    24    4128.81    15    4
(relay)    21    29    4149.62    4    4047.57    124    2
(advertise)    24    4151.02    31    3
(relay)    37    5    4165.43    4    4072.78    124    2
(advertise)    24    4172.43    29    4
(advertise)    24    4193.65    5    4
(relay)    21    26    4194.86    4    4080.58    122    1
(relay)    47    25    4195.46    4    4065.98    124    2
(advertise)    24    4215.86    26    4
(heartbeat)    2    1    4162.2    24    4219.07    127    0
(generate)    24    4225.67    [2]    4
(advertise)    24    4237.48    25    4
(relay)    21    33    4259.1    4    4163.63    125    2
(advertise)    24    4259.3    2    1
(advertise)    24    4280.91    33    4
(relay)    47    42    4284.32    4    4148.61    124    1
(relay)    8    8    4288.92    4    4288.32    3    2
(advertise)    24    4302.72    42    4
(advertise)    24    4324.54    8    4
(relay)    21    3    4326.75    4    4210.66    124    1
(advertise)    24    4347.15    3    4
(relay)    47    10    4349.16    4    4238.67    2    1
(relay)    37    23    4366.16    4    4306.68    4    2
(advertise)    24    4368.36    10    4
(advertise)    24    4391.18    23    4
(relay)    47    44    4414.59    4    4286.72    2    1
(advertise)    24    4414.79    44    4
(relay)    8    22    4418.0    4    4316.72    3    1
(relay)    21    21    4430.6    4    4429.58    4    2
(relay)    21    48    4436.0    4    4379.98    2    3
(advertise)    24    4438.4    22    4
(relay)    8    11    4441.41    4    4324.34    1    3
(relay)    47    32    4456.41    4    4346.72    2    4
(advertise)    24    4460.41    21    4
(advertise)    24    4481.63    48    4
(relay)    21    12    4491.44    4    4490.03    4    2
(relay)    47    28    4500.64    4    4378.58    2    3
(advertise)    24    4503.24    32    4
(relay)    21    46    4514.05    4    4492.23    5    3
(relay)    47    18    4522.85    4    4363.75    2    4
(advertise)    24    4527.25    12    4
(relay)    21    30    4535.27    4    4393.75    1    4
(relay)    37    36    4542.87    4    4516.63    4    5
(advertise)    24    4548.27    28    4
(advertise)    24    4569.48    46    4
(relay)    21    9    4585.49    4    4552.67    1    4
(relay)    47    27    4589.09    4    4516.25    1    5
(advertise)    24    4590.89    18    4
(advertise)    24    4614.31    36    4
(relay)    21    14    4637.32    4    4569.68    1    1
(relay)    47    6    4647.72    4    4646.72    3    1
(advertise)    24    4647.92    6    4
(relay)    21    45    4683.53    4    4665.74    2    1
(advertise)    24    4683.73    45    4
(relay)    47    4    4692.74    4    4686.74    2    1
(advertise)    24    4705.34    4    4
(relay)    8    40    4710.76    4    4420.59    1    1
(relay)    47    1    4713.96    4    4703.71    4    1
(advertise)    24    4727.56    1    4
(relay)    37    47    4738.37    4    4704.96    3    1
(advertise)    24    4750.97    47    4
(relay)    37    37    4759.18    4    4758.56    5    1
(advertise)    24    4772.38    37    4
(relay)    21    41    4775.4    4    4596.71    1    1
(relay)    47    39    4820.0    4    4819.54    4    1
(advertise)    24    4820.2    39    4
(relay)    21    38    4845.41    4    4754.58    1    1
(relay)    8    13    4928.21    4    4926.65    2    1
(advertise)    24    4928.41    13    4
(relay)    37    43    4933.82    4    4931.61    2    1
(advertise)    24    4950.02    43    4
(relay)    21    35    4985.84    4    4985.6    3    1
(advertise)    24    4986.04    35    4
(relay)    47    15    5019.05    5    5017.69    2    1
(advertise)    24    5019.25    15    5
(relay)    8    29    5051.06    5    5047.71    1    1
(relay)    21    25    5070.86    5    5066.06    1    1
(relay)    8    17    5071.26    4    4985.64    1    1
(relay)    47    5    5108.46    5    5073.14    1    1
(relay)    21    26    5117.66    5    5080.65    1    1
(relay)    47    42    5152.46    5    5148.62    2    1
(advertise)    24    5152.66    42    5
(relay)    21    33    5164.47    5    5163.87    2    1
(advertise)    24    5176.07    33    5
(relay)    21    3    5213.69    5    5210.69    1    1
(generate)    24    5225.69    [2]    5
(relay)    8    8    5288.9    5    5288.43    3    1
(advertise)    24    5289.1    8    5
(relay)    37    23    5309.11    5    5306.84    5    1
(advertise)    24    5310.71    23    5
(relay)    47    44    5334.53    5    5287.37    1    1
(relay)    8    11    5336.93    5    5324.39    1    1
(relay)    21    22    5355.53    5    5316.8    4    1
(advertise)    24    5355.73    22    5
(relay)    47    32    5380.14    5    5346.87    1    1
(relay)    21    48    5382.74    5    5381.3    2    1
(advertise)    24    5383.14    48    5
(relay)    47    18    5421.15    5    5363.93    1    1
(relay)    21    21    5429.95    5    5429.77    4    1
(advertise)    24    5430.15    21    5
(relay)    21    40    5469.37    5    5420.66    1    1
(relay)    21    12    5492.77    5    5490.07    4    1
(advertise)    24    5492.97    12    5
(relay)    21    46    5515.18    5    5492.26    5    1
(advertise)    24    5517.58    46    5
(relay)    21    20    5535.79    5    5434.73    1    1
(relay)    47    36    5537.79    5    5516.71    4    1
(advertise)    24    5539.39    36    5
(relay)    8    14    5571.6    5    5569.88    2    1
(advertise)    24    5571.8    14    5
(relay)    21    9    5580.02    5    5552.75    2    1
(advertise)    24    5594.42    9    5
(relay)    8    27    5614.43    5    5517.59    2    1
(advertise)    24    5617.63    27    5
(relay)    8    41    5643.44    5    5596.77    2    1
(advertise)    24    5643.64    41    5
(relay)    47    6    5648.26    5    5646.83    3    1
(advertise)    24    5665.66    6    5
(relay)    21    0    5688.67    5    5573.73    1    1
(relay)    47    4    5689.07    5    5686.83    2    1
(advertise)    24    5689.67    4    5
(relay)    47    47    5705.08    5    5705.07    4    1
(relay)    47    1    5710.28    5    5703.73    4    2
(relay)    21    45    5710.68    5    5665.85    2    3
(advertise)    24    5711.28    47    5
(advertise)    24    5734.3    1    5
(advertise)    24    5756.31    45    5
(relay)    37    37    5759.52    5    5758.58    5    1
(advertise)    24    5777.72    37    5
(relay)    47    39    5820.53    5    5819.57    4    1
(advertise)    24    5820.73    39    5
(relay)    21    38    5822.75    5    5754.61    1    1
(relay)    21    13    5927.95    5    5926.69    2    1
(advertise)    24    5928.15    13    5
(relay)    37    43    5934.36    5    5931.73    2    1
(relay)    21    16    5949.36    5    5928.76    1    2
(advertise)    24    5951.16    43    5
(relay)    21    31    5971.37    5    5942.77    1    1
(relay)    37    17    5986.77    5    5985.83    1    1
(relay)    21    35    5992.57    5    5985.64    3    1
(advertise)    24    5992.77    35    5
(relay)    47    15    6019.19    6    6017.72    2    1
(advertise)    24    6019.39    15    6
(relay)    47    25    6072.8    6    6066.21    2    1
(advertise)    24    6073.0    25    6
(relay)    47    5    6095.81    6    6073.39    1    1
(relay)    47    26    6118.01    6    6080.76    1    1
(relay)    47    42    6150.81    6    6148.73    2    1
(advertise)    24    6151.01    42    6
(relay)    21    33    6164.83    6    6164.04    2    1
(advertise)    24    6175.03    33    6
(relay)    21    3    6215.24    6    6210.86    1    1
(generate)    24    6225.84    [2]    6
(relay)    47    10    6251.05    6    6238.9    2    1
(advertise)    24    6251.25    10    6
(relay)    8    8    6289.06    6    6288.45    3    1
(advertise)    24    6289.26    8    6
(relay)    37    23    6309.28    6    6307.02    5    1
(advertise)    24    6311.28    23    6
(relay)    21    44    6312.49    6    6287.94    1    1
(relay)    21    22    6355.29    6    6316.83    4    1
(advertise)    24    6355.49    22    6
(relay)    47    32    6357.7    6    6346.97    3    1
(advertise)    24    6376.9    32    6
(relay)    8    48    6399.92    6    6381.38    1    1
(relay)    47    18    6404.92    6    6364.05    2    1
(advertise)    24    6405.12    18    6
(relay)    47    28    6427.13    6    6378.74    2    1
(advertise)    24    6428.13    28    6
(relay)    21    21    6429.94    6    6429.77    4    1
(advertise)    24    6449.94    21    6
(relay)    21    12    6492.36    6    6490.1    4    1
(advertise)    24    6492.56    12    6
(relay)    8    46    6513.37    6    6492.5    3    1
(advertise)    24    6514.57    46    6
(relay)    47    36    6539.78    6    6516.8    4    1
(advertise)    24    6541.38    36    6
(relay)    8    27    6562.79    6    6517.65    2    1
(advertise)    24    6563.39    27    6
(relay)    8    14    6584.41    6    6570.04    2    1
(advertise)    24    6585.41    14    6
(relay)    8    40    6606.62    6    6420.79    1    1
(relay)    21    9    6610.42    6    6552.92    2    1
(advertise)    24    6610.82    9    6
(relay)    47    6    6648.43    6    6646.99    3    1
(advertise)    24    6648.63    6    6
(relay)    8    41    6653.45    6    6596.83    2    1
(advertise)    24    6669.85    41    6
(relay)    47    45    6687.46    6    6665.92    1    1
(relay)    37    1    6704.06    6    6703.81    4    1
(advertise)    24    6704.26    1    6
(relay)    47    47    6705.47    6    6705.26    4    1
(relay)    47    4    6707.87    6    6686.91    2    2
(advertise)    24    6728.07    47    6
(advertise)    24    6750.09    4    6
(relay)    37    37    6759.7    6    6758.66    5    1
(advertise)    24    6772.3    37    6
(relay)    21    38    6807.31    6    6754.75    1    1
(relay)    8    39    6821.91    6    6819.68    3    1
(advertise)    24    6822.11    39    6
(relay)    21    13    6928.12    6    6926.75    2    1
(advertise)    24    6928.32    13    6
(relay)    37    43    6934.94    6    6931.9    2    1
(advertise)    24    6949.34    43    6
(relay)    21    16    6951.15    6    6928.85    1    1
(relay)    21    31    6972.75    6    6942.94    1    1
(relay)    37    17    6986.95    6    6985.99    1    1
(relay)    21    35    6995.75    6    6985.82    3    1
(advertise)    24    6995.95    35    6
(relay)    47    15    7019.76    7    7017.75    2    1
(advertise)    24    7019.96    15    7
(relay)    8    29    7049.58    7    7047.93    1    1
(relay)    21    25    7072.58    7    7066.39    1    1
(relay)    47    5    7106.38    7    7073.45    2    1
(advertise)    24    7106.58    5    7
(relay)    21    26    7118.19    7    7080.92    1    1
(relay)    47    42    7151.19    7    7148.86    2    1
(advertise)    24    7151.39    42    7
(relay)    21    33    7165.0    7    7164.15    1    1
(relay)    8    3    7214.8    7    7211.02    1    1
(generate)    24    7226.0    [2]    7
(relay)    47    10    7251.02    7    7239.07    1    1
(relay)    8    8    7289.02    7    7288.46    3    1
(advertise)    24    7289.22    8    7
(relay)    37    23    7309.43    7    7307.17    5    1
(advertise)    24    7312.23    23    7
(relay)    47    44    7332.44    7    7288.12    1    1
(relay)    47    32    7355.64    7    7347.09    3    1
(advertise)    24    7355.84    32    7
(relay)    47    18    7376.85    7    7364.22    2    1
(advertise)    24    7377.25    18    7
(relay)    8    22    7379.47    7    7316.84    3    1
(relay)    21    11    7382.67    7    7324.48    1    2
(advertise)    24    7400.67    22    7
(relay)    21    48    7404.28    7    7381.47    2    1
(advertise)    24    7422.28    48    7
(relay)    21    21    7430.09    7    7429.96    4    1
(advertise)    24    7443.89    21    7
(relay)    21    12    7492.31    7    7490.13    4    1
(advertise)    24    7492.51    12    7
(relay)    21    46    7513.32    7    7492.53    4    1
(advertise)    24    7513.92    46    7
(relay)    47    36    7539.73    7    7517.27    3    1
(advertise)    24    7539.93    36    7
(relay)    47    27    7563.95    7    7517.76    1    1
(relay)    8    14    7591.35    7    7570.17    2    1
(advertise)    24    7591.55    14    7
(relay)    8    41    7622.76    7    7596.9    1    1
(relay)    47    6    7648.56    7    7647.17    3    1
(advertise)    24    7648.76    6    7
(relay)    21    0    7671.57    7    7574.04    1    1
(relay)    8    45    7675.17    7    7666.01    2    1
(advertise)    24    7675.37    45    7
(relay)    47    4    7697.38    7    7687.03    2    1
(advertise)    24    7697.98    4    7
(relay)    37    1    7704.4    7    7703.91    4    1
(relay)    47    47    7705.6    7    7705.45    4    2
(advertise)    24    7719.6    1    7
(advertise)    24    7743.01    47    7
(relay)    37    37    7759.82    7    7758.74    5    1
(advertise)    24    7767.02    37    7
(relay)    21    38    7798.24    7    7754.9    1    1
(relay)    8    39    7821.84    7    7819.75    3    1
(advertise)    24    7822.04    39    7
(relay)    8    13    7928.85    7    7926.77    2    1
(advertise)    24    7929.05    13    7
(relay)    37    43    7935.46    7    7932.04    2    1
(relay)    8    16    7950.66    7    7928.93    1    2
(advertise)    24    7951.26    43    7
(relay)    47    35    7987.68    7    7985.99    2    1
(advertise)    24    7987.88    35    7
(relay)    47    17    8008.89    7    7985.99    2    1
(relay)    21    31    8010.49    7    7943.06    1    2
(advertise)    24    8011.29    17    7
(relay)    47    15    8030.5    8    8018.01    2    1
(advertise)    24    8034.5    15    8
(relay)    21    29    8048.91    8    8048.05    1    1
(relay)    47    25    8067.51    8    8066.55    2    1
(advertise)    24    8067.71    25    8
(relay)    47    5    8089.93    8    8073.48    2    1
(advertise)    24    8091.53    5    8
(relay)    47    26    8114.14    8    8081.09    1    1
(relay)    47    42    8150.54    8    8148.96    1    1
(heartbeat)    2    2    8162.21    24    8163.14    2    2
(advertise)    24    8163.34    2    2
(relay)    21    33    8187.75    8    8164.3    1    1
(relay)    8    3    8215.35    8    8211.19    1    1
(generate)    24    8226.15    [2]    8
(relay)    47    10    8250.77    8    8239.07    2    1
(advertise)    24    8250.97    10    8
(relay)    8    8    8289.58    8    8288.48    3    1
(advertise)    24    8289.78    8    8
(relay)    8    23    8313.79    8    8307.35    2    1
(advertise)    24    8314.19    23    8
(relay)    21    22    8317.41    8    8316.85    4    1
(advertise)    24    8336.61    22    8
(relay)    47    32    8375.22    8    8347.21    1    1
(relay)    8    18    8378.22    8    8364.37    1    1
(relay)    21    48    8383.82    8    8381.59    2    1
(advertise)    24    8384.02    48    8
(relay)    47    28    8420.03    8    8378.81    1    1
(relay)    21    21    8430.23    8    8430.11    4    1
(advertise)    24    8430.43    21    8
(relay)    21    30    8454.64    8    8394.0    1    1
(relay)    8    12    8491.84    8    8490.32    3    1
(advertise)    24    8492.04    12    8
(relay)    21    46    8512.66    8    8492.71    5    1
(advertise)    24    8513.06    46    8
(relay)    47    36    8535.47    8    8517.38    4    1
(advertise)    24    8536.27    36    8
(relay)    8    27    8560.28    8    8517.89    1    1
(relay)    21    14    8582.48    8    8570.22    1    1
(relay)    21    9    8603.08    8    8552.94    1    1
(relay)    8    41    8604.08    8    8597.04    1    1
(relay)    47    6    8649.08    8    8647.3    3    1
(advertise)    24    8649.28    6    8
(relay)    8    45    8672.7    8    8666.52    2    1
(advertise)    24    8672.9    45    8
(relay)    47    4    8694.11    8    8687.15    2    1
(advertise)    24    8695.11    4    8
(relay)    47    47    8705.72    8    8705.63    4    1
(relay)    47    1    8715.92    8    8704.02    4    2
(advertise)    24    8716.52    47    8
(advertise)    24    8737.54    1    8
(relay)    37    37    8759.75    8    8758.8    5    1
(advertise)    24    8760.15    37    8
(relay)    8    39    8822.56    8    8819.85    3    1
(advertise)    24    8822.76    39    8
(relay)    21    13    8929.17    8    8926.79    2    1
(advertise)    24    8929.37    13    8
(relay)    37    43    8935.59    8    8932.19    2    1
(relay)    8    16    8948.99    8    8929.2    1    2
(advertise)    24    8950.99    43    8
(relay)    47    17    8987.6    8    8986.03    2    1
(advertise)    24    8987.8    17    8
(relay)    8    35    8995.21    8    8986.16    3    1
(advertise)    24    9009.41    35    8
(relay)    47    15    9031.03    9    9018.08    2    1
(advertise)    24    9031.43    15    9
(relay)    21    29    9049.04    9    9048.19    1    1
(relay)    47    25    9067.64    9    9066.69    1    1
(relay)    47    42    9150.04    9    9149.08    2    1
(advertise)    24    9150.24    42    9
(relay)    21    33    9166.45    9    9164.35    2    1
(advertise)    24    9172.85    33    9
(relay)    8    3    9213.07    9    9211.32    1    1
(generate)    24    9226.27    [2]    9
(relay)    47    10    9250.68    9    9239.23    2    1
(advertise)    24    9250.88    10    9
(relay)    8    8    9289.49    9    9288.48    3    1
(advertise)    24    9289.69    8    9
(relay)    8    23    9313.7    9    9307.48    3    1
(advertise)    24    9313.9    23    9
(relay)    21    22    9335.32    9    9316.88    4    1
(advertise)    24    9335.52    22    9
(relay)    21    11    9358.33    9    9324.51    1    1
(relay)    21    48    9383.73    9    9381.67    2    1
(advertise)    24    9383.93    48    9
(relay)    47    32    9401.54    9    9347.28    1    1
(relay)    21    30    9419.74    9    9394.02    1    1
(relay)    47    28    9422.74    9    9378.81    1    1
(relay)    21    21    9430.74    9    9430.25    4    1
(advertise)    24    9430.94    21    9
(relay)    47    18    9444.16    9    9364.5    1    1
(relay)    21    40    9466.16    9    9421.26    1    1
(relay)    21    12    9490.76    9    9490.36    4    1
(advertise)    24    9490.96    12    9
(relay)    21    46    9513.77    9    9492.75    5    1
(advertise)    24    9513.97    46    9
(relay)    8    14    9571.58    9    9570.34    2    1
(advertise)    24    9571.78    14    9
(relay)    21    9    9592.8    9    9553.09    2    1
(advertise)    24    9594.0    9    9
(relay)    8    27    9616.61    9    9517.98    1    1
(relay)    8    41    9645.61    9    9597.1    1    1
(relay)    47    6    9649.81    9    9647.41    3    1
(advertise)    24    9650.01    6    9
(relay)    21    45    9672.62    9    9666.58    2    1
(advertise)    24    9672.82    45    9
(relay)    47    4    9687.64    9    9687.25    2    1
(advertise)    24    9694.24    4    9
(relay)    47    47    9706.25    9    9705.74    4    1
(relay)    37    1    9709.85    9    9704.07    4    2
(advertise)    24    9716.25    47    9
(advertise)    24    9738.46    1    9
(relay)    37    37    9759.07    9    9758.82    5    1
(advertise)    24    9760.67    37    9
(relay)    21    7    9762.69    9    9720.55    1    1
(relay)    47    39    9821.49    9    9819.91    4    1
(advertise)    24    9821.69    39    9
(relay)    8    13    9928.1    9    9926.83    2    1
(advertise)    24    9928.3    13    9
(relay)    37    43    9935.71    9    9932.29    2    1
(relay)    8    16    9949.31    9    9929.24    1    2
(advertise)    24    9951.11    43    9
(relay)    47    17    9988.53    9    9986.23    2    1
(advertise)    24    9988.73    17    9
(relay)    8    35    9993.94    9    9986.28    3    1
(advertise)    24    10011.74    35    9
(relay)    47    15    10033.95    10    10018.1    2    1
(advertise)    24    10034.35    15    10
(relay)    21    29    10049.17    10    10048.26    1    1
(relay)    47    25    10069.57    10    10066.88    1    1
(relay)    47    5    10092.57    10    10073.56    1    1
(relay)    47    42    10157.17    10    10149.18    2    1
(advertise)    24    10157.37    42    10
(relay)    21    33    10166.78    10    10164.46    2    1
(advertise)    24    10179.58    33    10
(relay)    8    3    10213.39    10    10211.46    1    1
(generate)    24    10226.39    [2]    10
(relay)    8    8    10289.6    10    10288.66    3    1
(advertise)    24    10289.8    8    10
(relay)    37    23    10312.22    10    10307.61    5    1
(advertise)    24    10314.42    23    10
(relay)    21    22    10336.83    10    10316.9    4    1
(advertise)    24    10337.43    22    10
(relay)    21    11    10358.84    10    10324.58    2    1
(advertise)    24    10359.04    11    10
(relay)    47    32    10362.86    10    10347.37    2    1
(advertise)    24    10380.06    32    10
(relay)    21    48    10384.07    10    10381.75    2    1
(advertise)    24    10402.47    48    10
(relay)    47    28    10405.88    10    10378.87    2    1
(advertise)    24    10425.88    28    10
(relay)    21    30    10428.9    10    10394.21    1    1
(relay)    21    21    10430.9    10    10430.39    4    1
(advertise)    24    10449.5    21    10
(relay)    21    12    10490.71    10    10490.39    4    1
(advertise)    24    10490.91    12    10
(relay)    21    46    10514.32    10    10492.77    5    1
(advertise)    24    10514.52    46    10
(relay)    21    20    10535.93    10    10435.05    1    1
(relay)    47    36    10536.53    10    10517.52    4    1
(advertise)    24    10536.93    36    10
(relay)    8    9    10564.35    10    10553.26    1    1
(relay)    8    14    10586.55    10    10570.43    2    1
(advertise)    24    10586.75    14    10
(relay)    8    27    10609.36    10    10518.11    1    1
(relay)    47    6    10649.76    10    10647.55    3    1
(advertise)    24    10649.96    6    10
(relay)    8    45    10672.57    10    10666.64    2    1
(advertise)    24    10673.97    45    10
(relay)    47    4    10699.59    10    10687.34    2    1
(advertise)    24    10699.79    4    10
(relay)    47    47    10706.4    10    10705.9    4    1
(relay)    47    1    10721.6    10    10704.14    4    2
(advertise)    24    10722.0    47    10
(advertise)    24    10745.21    1    10
(relay)    37    37    10759.03    10    10758.87    5    1
(advertise)    24    10767.43    37    10
(relay)    8    38    10789.24    10    10755.46    1    1
(relay)    37    39    10822.44    10    10819.98    4    1
(advertise)    24    10822.64    39    10
(relay)    8    13    10928.45    10    10927.02    2    1
(advertise)    24    10928.65    13    10
(relay)    37    43    10934.06    10    10932.41    2    1
(relay)    8    16    10948.86    10    10929.5    1    2
(advertise)    24    10950.46    43    10
(relay)    21    35    10987.68    10    10986.43    3    1
(advertise)    24    10987.88    35    10
(relay)    37    17    10989.49    10    10986.4    1    1
(relay)    47    15    11020.49    11    11018.1    2    1
(advertise)    24    11020.69    15    11
(relay)    8    29    11060.3    11    11048.36    1    1
(relay)    47    25    11069.7    11    11066.89    1    1
(relay)    47    5    11091.5    11    11073.82    1    1
(relay)    47    26    11111.9    11    11081.47    1    1
(relay)    37    42    11152.7    11    11149.24    1    1
(relay)    21    33    11167.1    11    11164.61    2    1
(advertise)    24    11167.3    33    11
(relay)    8    3    11213.32    11    11211.59    1    1
(generate)    24    11226.52    [2]    11
(relay)    47    10    11251.33    11    11239.6    2    1
(advertise)    24    11251.53    10    11
(relay)    8    8    11289.74    11    11288.68    3    1
(advertise)    24    11289.94    8    11
(relay)    37    23    11308.16    11    11307.76    5    1
(advertise)    24    11311.16    23    11
(relay)    21    22    11334.17    11    11316.94    4    1
(advertise)    24    11334.37    22    11
(relay)    21    11    11357.58    11    11324.77    1    1
(relay)    8    48    11382.78    11    11381.85    1    1
(relay)    47    28    11399.98    11    11378.92    1    1
(relay)    8    32    11404.38    11    11347.66    1    1
(relay)    47    18    11423.18    11    11364.83    1    1
(relay)    21    40    11425.98    11    11421.44    1    1
(relay)    21    21    11430.98    11    11430.47    4    1
(advertise)    24    11431.18    21    11
(relay)    21    12    11490.79    11    11490.4    4    1
(advertise)    24    11490.99    12    11
(relay)    21    46    11513.81    11    11492.79    5    1
(advertise)    24    11514.01    46    11
(relay)    47    36    11537.42    11    11517.58    4    1
(advertise)    24    11537.62    36    11
(relay)    8    14    11570.83    11    11570.52    2    1
(advertise)    24    11571.03    14    11
(relay)    47    27    11578.25    11    11518.27    1    1
(relay)    21    9    11593.65    11    11553.37    1    1
(relay)    8    41    11646.65    11    11597.25    1    1
(relay)    47    6    11649.85    11    11647.65    3    1
(advertise)    24    11650.05    6    11
(relay)    21    45    11686.06    11    11666.7    2    1
(advertise)    24    11686.26    45    11
(relay)    47    4    11703.07    11    11687.44    2    1
(relay)    47    47    11706.67    11    11706.05    4    2
(advertise)    24    11708.87    4    11
(relay)    37    1    11725.49    11    11704.38    4    2
(advertise)    24    11731.89    47    11
(advertise)    24    11755.1    1    11
(relay)    37    37    11758.91    11    11758.9    5    1
(advertise)    24    11777.91    37    11
(relay)    8    39    11822.72    11    11820.06    3    1
(advertise)    24    11822.92    39    11
(relay)    8    13    11927.34    11    11927.1    2    1
(advertise)    24    11927.54    13    11
(relay)    47    43    11932.95    11    11932.52    3    1
(relay)    21    16    11948.75    11    11929.59    1    2
(advertise)    24    11949.95    43    11
(relay)    47    17    11989.56    11    11986.57    2    1
(advertise)    24    11989.76    17    11
(relay)    8    35    11993.58    11    11986.55    3    1
(advertise)    24    12010.78    35    11
(relay)    47    15    12033.99    12    12018.13    2    1
(advertise)    24    12034.79    15    12
(relay)    8    29    12060.8    12    12048.42    1    1
(relay)    47    25    12075.0    12    12067.06    1    1
(relay)    47    5    12097.4    12    12073.83    1    1
(relay)    47    26    12119.2    12    12081.65    1    1
(relay)    47    42    12152.6    12    12149.34    2    1
(advertise)    24    12152.8    42    12
(relay)    21    33    12168.02    12    12164.75    2    1
(heartbeat)    2    3    12162.23    24    12175.82    2    2
(advertise)    24    12176.22    33    12
(advertise)    24    12197.23    2    3
(relay)    21    3    12213.84    12    12211.73    1    1
(generate)    24    12226.64    [2]    12
(relay)    47    10    12252.65    12    12239.79    2    1
(advertise)    24    12252.85    10    12
(relay)    8    8    12288.87    12    12288.69    3    1
(advertise)    24    12289.07    8    12
(relay)    37    23    12308.68    12    12307.96    5    1
(advertise)    24    12310.28    23    12
(relay)    21    22    12334.29    12    12317.0    4    1
(advertise)    24    12335.49    22    12
(relay)    21    11    12356.71    12    12324.78    2    1
(advertise)    24    12358.11    11    12
(relay)    47    32    12361.92    12    12347.74    1    1
(relay)    47    28    12382.12    12    12378.93    1    1
(relay)    21    48    12382.72    12    12381.9    2    1
(advertise)    24    12382.92    48    12
(relay)    47    18    12405.53    12    12365.0    1    1
(relay)    21    21    12431.13    12    12430.6    4    1
(advertise)    24    12431.33    21    12
(relay)    21    12    12490.95    12    12490.47    4    1
(advertise)    24    12491.15    12    12
(relay)    21    46    12513.36    12    12492.86    4    1
(advertise)    24    12515.56    46    12
(relay)    47    36    12537.57    12    12517.64    4    1
(advertise)    24    12539.17    36    12
(relay)    47    27    12559.18    12    12518.39    1    1
(relay)    21    14    12571.38    12    12570.64    1    1
(relay)    21    9    12592.78    12    12553.52    1    1
(relay)    8    41    12645.58    12    12598.37    1    1
(relay)    37    6    12648.38    12    12647.82    2    1
(advertise)    24    12648.58    6    12
(relay)    21    45    12668.6    12    12666.72    1    1
(relay)    47    4    12689.0    12    12687.58    2    1
(advertise)    24    12689.2    4    12
(relay)    47    47    12707.21    12    12706.22    4    1
(advertise)    24    12710.41    47    12
(relay)    37    1    12711.62    12    12704.46    4    1
(advertise)    24    12731.42    1    12
(relay)    21    38    12756.84    12    12755.77    1    1
(relay)    37    37    12759.04    12    12758.95    5    1
(advertise)    24    12759.44    37    12
(relay)    37    39    12821.45    12    12820.13    4    1
(advertise)    24    12821.65    39    12
(relay)    47    13    12928.06    12    12927.28    1    1
(relay)    37    43    12933.26    12    12932.69    2    1
(advertise)    24    12933.46    43    12
(relay)    21    16    12950.08    12    12929.63    1    1
(relay)    8    35    12988.88    12    12986.71    3    1
(advertise)    24    12989.08    35    12
(relay)    47    17    12994.09    12    12986.73    2    1
(advertise)    24    13010.69    17    12
(relay)    47    15    13018.9    13    13018.17    2    1
(advertise)    24    13034.5    15    13
(relay)    21    29    13050.71    13    13048.54    1    1
(relay)    47    25    13087.51    13    13067.07    1    1
(relay)    47    5    13109.71    13    13073.9    1    1
(relay)    47    26    13134.11    13    13081.8    1    1
(relay)    47    42    13156.71    13    13149.45    2    1
(advertise)    24    13156.91    42    13
(relay)    47    33    13178.93    13    13164.89    1    1
(relay)    8    3    13213.73    13    13211.84    1    1
(generate)    24    13226.73    [2]    13
(relay)    47    10    13252.54    13    13239.92    2    1
(advertise)    24    13252.74    10    13
(relay)    8    8    13288.95    13    13288.82    3    1
(advertise)    24    13289.15    8    13
(relay)    37    23    13309.37    13    13308.12    5    1
(advertise)    24    13311.57    23    13
(relay)    21    22    13335.38    13    13317.06    4    1
(advertise)    24    13335.78    22    13
(relay)    21    11    13357.59    13    13324.79    2    1
(advertise)    24    13359.59    11    13
(relay)    47    32    13377.01    13    13347.8    1    1
(relay)    21    48    13382.61    13    13381.94    2    1
(advertise)    24    13383.21    48    13
(relay)    47    28    13401.62    13    13378.99    2    1
(advertise)    24    13404.22    28    13
(relay)    47    18    13423.83    13    13365.16    2    1
(advertise)    24    13427.23    18    13
(relay)    21    21    13431.64    13    13430.71    4    1
(advertise)    24    13450.04    21    13
(relay)    21    40    13472.66    13    13421.77    1    1
(relay)    8    12    13495.06    13    13490.53    3    1
(advertise)    24    13495.26    12    13
(relay)    37    36    13519.87    13    13517.69    4    1
(advertise)    24    13520.27    36    13
(relay)    47    46    13540.48    13    13492.92    2    1
(advertise)    24    13541.88    46    13
(relay)    21    9    13563.3    13    13553.66    2    1
(advertise)    24    13564.5    9    13
(relay)    21    14    13585.91    13    13570.76    1    1
(relay)    47    6    13648.31    13    13647.95    3    1
(advertise)    24    13648.51    6    13
(relay)    21    45    13671.32    13    13666.91    2    1
(advertise)    24    13671.72    45    13
(relay)    47    4    13688.94    13    13687.68    2    1
(advertise)    24    13692.74    4    13
(relay)    47    47    13707.35    13    13706.38    4    1
(relay)    47    1    13710.95    13    13704.5    4    2
(advertise)    24    13715.75    47    13
(advertise)    24    13739.16    1    13
(relay)    37    37    13759.57    13    13758.98    5    1
(advertise)    24    13761.37    37    13
(relay)    37    39    13820.59    13    13820.18    4    1
(advertise)    24    13820.79    39    13
(relay)    21    13    13927.8    13    13927.46    2    1
(advertise)    24    13928.0    13    13
(relay)    47    43    13933.41    13    13932.84    3    1
(advertise)    24    13949.21    43    13
(relay)    47    35    13994.43    13    13986.83    2    1
(advertise)    24    13994.63    35    13
(relay)    47    17    14015.64    13    13986.92    2    1
(advertise)    24    14017.24    17    13
(relay)    47    15    14037.05    14    14018.23    2    1
(advertise)    24    14039.25    15    14
(relay)    21    29    14064.67    14    14048.65    1    1
(relay)    47    25    14074.27    14    14067.22    1    1
(relay)    47    5    14095.27    14    14073.96    1    1
(relay)    47    42    14153.67    14    14149.51    2    1
(advertise)    24    14153.87    42    14
(relay)    21    33    14167.68    14    14165.01    2    1
(advertise)    24    14176.88    33    14
(relay)    8    3    14213.89    14    14211.96    1    1
(generate)    24    14226.89    [2]    14
(relay)    47    10    14253.7    14    14240.07    2    1
(advertise)    24    14253.9    10    14
(relay)    8    8    14288.92    14    14288.83    3    1
(advertise)    24    14289.12    8    14
(relay)    37    23    14309.53    14    14308.23    5    1
(advertise)    24    14310.53    23    14
(relay)    21    22    14337.34    14    14317.12    4    1
(advertise)    24    14337.54    22    14
(relay)    21    11    14357.96    14    14324.8    2    1
(advertise)    24    14359.16    11    14
(relay)    47    32    14362.57    14    14347.9    1    1
(relay)    21    48    14382.57    14    14381.97    2    1
(advertise)    24    14382.77    48    14
(relay)    47    18    14384.98    14    14365.27    1    1
(relay)    47    28    14407.38    14    14379.02    1    1
(relay)    21    21    14431.78    14    14430.83    4    1
(advertise)    24    14431.98    21    14
(relay)    21    30    14455.2    14    14394.54    1    1
(relay)    21    12    14491.8    14    14490.59    4    1
(advertise)    24    14492.0    12    14
(relay)    21    46    14513.41    14    14492.98    4    1
(advertise)    24    14514.21    46    14
(relay)    21    40    14534.62    14    14421.92    1    1
(relay)    37    36    14537.22    14    14518.18    4    1
(advertise)    24    14538.22    36    14
(relay)    8    14    14572.03    14    14570.89    2    1
(advertise)    24    14572.23    14    14
(relay)    21    9    14599.25    14    14553.79    2    1
(advertise)    24    14599.45    9    14
(relay)    8    27    14623.86    14    14518.56    1    1
(relay)    47    6    14648.46    14    14648.1    3    1
(advertise)    24    14648.66    6    14
(relay)    21    45    14671.07    14    14666.93    2    1
(advertise)    24    14671.47    45    14
(relay)    47    4    14694.69    14    14687.82    2    1
(advertise)    24    14696.49    4    14
(relay)    37    1    14706.7    14    14704.6    4    1
(relay)    47    47    14707.5    14    14706.55    4    2
(advertise)    24    14718.1    1    14
(advertise)    24    14739.11    47    14
(relay)    37    37    14759.53    14    14758.99    5    1
(advertise)    24    14762.33    37    14
(relay)    8    39    14820.94    14    14820.26    3    1
(advertise)    24    14821.14    39    14
(relay)    47    13    14929.15    14    14927.51    1    1
(relay)    37    43    14934.95    14    14932.98    2    1
(advertise)    24    14935.15    43    14
(relay)    8    16    14949.96    14    14929.84    1    1
(relay)    8    35    14987.56    14    14986.97    3    1
(advertise)    24    14987.76    35    14
(relay)    47    17    14989.78    14    14987.11    2    1
(advertise)    24    15008.78    17    14
(relay)    47    15    15019.19    15    15018.27    2    1
(advertise)    24    15029.79    15    15
(relay)    21    29    15052.4    15    15048.78    1    1
(relay)    47    5    15095.6    15    15073.99    1    1
(relay)    47    26    15118.8    15    15082.02    1    1
(relay)    47    42    15154.0    15    15149.63    2    1
(advertise)    24    15154.2    42    15
(relay)    8    33    15166.02    15    15165.15    2    1
(advertise)    24    15176.82    33    15
(generate)    24    15227.03    [2]    15
(relay)    47    10    15253.64    15    15240.26    1    1
(relay)    8    8    15289.64    15    15289.0    3    1
(advertise)    24    15289.84    8    15
(relay)    37    23    15312.86    15    15308.41    5    1
(advertise)    24    15313.86    23    15
(relay)    8    22    15338.07    15    15318.34    3    1
(advertise)    24    15338.27    22    15
(relay)    21    11    15360.08    15    15324.84    2    1
(advertise)    24    15360.28    11    15
(relay)    8    48    15384.29    15    15382.0    1    1
(relay)    47    28    15400.09    15    15379.05    2    1
(advertise)    24    15400.29    28    15
(relay)    21    21    15431.91    15    15430.97    4    1
(advertise)    24    15432.11    21    15
(relay)    21    40    15465.92    15    15422.52    1    1
(relay)    21    12    15492.92    15    15490.64    4    1
(advertise)    24    15493.12    12    15
(relay)    21    46    15515.33    15    15493.04    4    1
(advertise)    24    15515.93    46    15
(relay)    21    20    15537.95    15    15435.37    1    1
(relay)    37    36    15540.35    15    15518.21    4    1
(advertise)    24    15540.75    36    15
(relay)    8    14    15572.36    15    15571.03    2    1
(advertise)    24    15572.56    14    15
(relay)    8    9    15595.57    15    15554.58    1    1
(relay)    8    41    15635.17    15    15598.7    1    1
(relay)    47    6    15648.97    15    15648.24    3    1
(advertise)    24    15649.17    6    15
(relay)    21    45    15673.59    15    15666.99    2    1
(advertise)    24    15673.79    45    15
(relay)    47    4    15690.0    15    15687.91    2    1
(advertise)    24    15694.8    4    15
(relay)    47    47    15706.81    15    15706.67    4    1
(relay)    47    1    15712.01    15    15704.64    4    2
(advertise)    24    15717.61    47    15
(advertise)    24    15739.42    1    15
(relay)    37    37    15759.64    15    15759.04    5    1
(advertise)    24    15761.44    37    15
(relay)    21    7    15763.25    15    15721.01    1    1
(relay)    37    39    15820.85    15    15820.28    4    1
(advertise)    24    15821.05    39    15
(relay)    21    13    15928.86    15    15927.69    2    1
(advertise)    24    15929.06    13    15
(relay)    37    43    15935.28    15    15933.13    2    1
(relay)    21    16    15950.68    15    15929.92    1    2
(advertise)    24    15950.88    43    15
(relay)    8    17    16017.29    15    15987.11    1    1
(relay)    47    15    16019.69    16    16018.35    2    1
(advertise)    24    16019.89    15    16
(relay)    8    29    16062.3    16    16048.9    1    1
(relay)    47    5    16082.7    16    16073.99    1    1
(relay)    8    25    16106.5    16    16067.54    1    1
(relay)    47    42    16152.5    16    16149.7    2    1
(advertise)    24    16152.7    42    16
(heartbeat)    2    4    16162.24    24    16164.12    2    2
(advertise)    24    16176.52    2    4
(relay)    21    33    16187.33    16    16165.26    2    1
(advertise)    24    16197.73    33    16
(relay)    21    3    16216.34    16    16212.22    1    1
(generate)    24    16227.14    [2]    16
(relay)    47    10    16253.15    16    16240.26    1    1
(relay)    8    8    16289.55    16    16289.01    3    1
(advertise)    24    16289.75    8    16
(relay)    37    23    16313.97    16    16308.56    5    1
(advertise)    24    16314.37    23    16
(relay)    8    22    16337.98    16    16318.38    3    1
(advertise)    24    16338.18    22    16
(relay)    8    11    16360.59    16    16324.86    1    1
(relay)    47    32    16362.99    16    16348.1    1    1
(relay)    21    48    16384.99    16    16382.04    2    1
(advertise)    24    16385.19    48    16
(relay)    47    18    16407.41    16    16365.56    2    1
(advertise)    24    16409.81    18    16
(relay)    21    21    16431.22    16    16431.12    4    1
(advertise)    24    16431.62    21    16
(relay)    8    28    16464.43    16    16379.11    1    1
(relay)    21    12    16493.03    16    16490.69    4    1
(advertise)    24    16493.23    12    16
(relay)    21    46    16515.25    16    16493.08    3    1
(advertise)    24    16516.05    46    16
(relay)    8    40    16539.06    16    16422.54    1    1
(relay)    37    36    16539.46    16    16518.25    4    1
(advertise)    24    16540.06    36    16
(relay)    47    27    16562.07    16    16518.79    1    1
(relay)    8    14    16584.47    16    16571.12    2    1
(advertise)    24    16584.67    14    16
(relay)    8    0    16642.08    16    16575.0    1    1
(relay)    47    6    16649.48    16    16648.34    3    1
(advertise)    24    16649.68    6    16
(relay)    21    45    16672.7    16    16667.02    2    1
(advertise)    24    16673.1    45    16
(relay)    8    41    16687.91    16    16598.83    1    1
(relay)    47    4    16690.31    16    16687.98    2    1
(advertise)    24    16695.51    4    16
(relay)    47    47    16706.92    16    16706.82    4    1
(relay)    47    1    16710.52    16    16704.69    4    2
(advertise)    24    16716.72    47    16
(advertise)    24    16738.54    1    16
(relay)    37    37    16760.15    16    16759.08    5    1
(advertise)    24    16760.55    37    16
(relay)    47    39    16821.16    16    16820.33    4    1
(advertise)    24    16821.36    39    16
(relay)    21    13    16928.98    16    16927.77    2    1
(advertise)    24    16929.18    13    16
(relay)    37    43    16935.59    16    16933.23    2    1
(advertise)    24    16950.19    43    16
(relay)    8    16    16952.0    16    16929.96    1    1
(relay)    21    35    16987.6    16    16987.25    3    1
(advertise)    24    16987.8    35    16
(relay)    47    17    16994.61    16    16987.29    2    1
(advertise)    24    17008.81    17    16
(relay)    47    15    17020.03    17    17018.53    2    1
(advertise)    24    17030.23    15    17
(relay)    21    29    17051.64    17    17048.97    1    1
(relay)    47    25    17068.84    17    17067.73    1    1
(relay)    47    5    17090.64    17    17074.08    1    1
(relay)    47    26    17112.64    17    17082.23    1    1
(relay)    47    42    17151.64    17    17149.82    2    1
(advertise)    24    17151.84    42    17
(relay)    21    33    17166.05    17    17165.32    2    1
(advertise)    24    17174.05    33    17
(relay)    8    3    17216.07    17    17212.32    1    1
(generate)    24    17227.27    [2]    17
(relay)    47    10    17251.88    17    17240.44    1    1
(relay)    8    8    17289.68    17    17289.04    3    1
(advertise)    24    17289.88    8    17
(relay)    37    23    17310.89    17    17308.71    5    1
(advertise)    24    17312.29    23    17
(relay)    21    22    17335.31    17    17318.44    4    1
(advertise)    24    17335.51    22    17
(relay)    21    11    17356.52    17    17324.89    2    1
(advertise)    24    17356.92    11    17
(relay)    21    48    17383.53    17    17382.14    2    1
(advertise)    24    17383.93    48    17
(relay)    47    28    17405.74    17    17379.16    1    1
(relay)    47    18    17426.94    17    17365.73    1    1
(relay)    21    21    17431.34    17    17431.21    4    1
(advertise)    24    17431.54    21    17
(relay)    21    12    17492.96    17    17490.74    4    1
(advertise)    24    17493.16    12    17
(relay)    21    46    17514.97    17    17493.14    3    1
(advertise)    24    17517.57    46    17
(relay)    37    36    17541.18    17    17518.3    3    1
(advertise)    24    17541.58    36    17
(relay)    21    9    17565.6    17    17554.73    2    1
(advertise)    24    17566.0    9    17
(relay)    8    14    17589.61    17    17571.24    2    1
(advertise)    24    17590.81    14    17
(relay)    8    27    17609.82    17    17518.91    1    1
(relay)    47    6    17649.62    17    17648.44    3    1
(advertise)    24    17649.82    6    17
(relay)    47    4    17689.44    17    17688.07    2    1
(advertise)    24    17689.64    4    17
(relay)    47    47    17707.05    17    17706.99    4    1
(relay)    47    1    17711.45    17    17704.74    4    2
(advertise)    24    17712.05    47    17
(relay)    21    7    17734.26    17    17721.02    1    2
(advertise)    24    17734.66    1    17
(relay)    37    37    17760.07    17    17759.1    5    1
(advertise)    24    17760.27    37    17
(relay)    47    39    17821.89    17    17820.39    4    1
(advertise)    24    17822.09    39    17
(relay)    21    13    17930.1    17    17927.77    2    1
(advertise)    24    17930.3    13    17
(relay)    37    43    17936.71    17    17933.31    2    1
(relay)    8    16    17951.11    17    17930.06    1    2
(advertise)    24    17952.31    43    17
(relay)    47    17    17988.13    17    17987.31    1    1
(relay)    21    35    17988.93    17    17987.37    3    1
(advertise)    24    17989.13    35    17
(relay)    47    15    18033.14    18    18018.54    2    1
(advertise)    24    18033.34    15    18
(relay)    8    29    18057.55    18    18049.08    1    1
(relay)    47    25    18068.75    18    18067.76    1    1
(relay)    47    5    18092.75    18    18074.14    1    1
(relay)    47    26    18115.55    18    18082.23    1    1
(relay)    47    42    18151.15    18    18149.94    1    1
(relay)    21    33    18166.55    18    18165.47    2    1
(advertise)    24    18166.75    33    18
(relay)    8    3    18216.17    18    18212.46    1    1
(generate)    24    18227.37    [2]    18
(relay)    47    10    18252.78    18    18240.63    1    1
(relay)    8    8    18290.18    18    18289.21    3    1
(advertise)    24    18290.38    8    18
(relay)    37    23    18314.59    18    18308.86    5    1
(advertise)    24    18315.39    23    18
(relay)    47    22    18338.2    18    18318.47    2    1
(advertise)    24    18340.8    22    18
(relay)    21    11    18358.42    18    18324.94    1    1
(relay)    21    48    18384.62    18    18382.15    2    1
(advertise)    24    18384.82    48    18
(relay)    47    32    18404.43    18    18348.32    1    1
(relay)    21    30    18424.23    18    18394.64    1    1
(relay)    47    28    18425.83    18    18379.24    2    1
(advertise)    24    18426.03    28    18
(relay)    21    21    18431.44    18    18431.32    4    1
(advertise)    24    18449.04    21    18
(relay)    21    40    18470.06    18    18422.85    1    1
(relay)    8    12    18492.46    18    18490.74    3    1
(advertise)    24    18492.66    12    18
(relay)    21    46    18514.47    18    18493.14    3    1
(advertise)    24    18515.67    46    18
(relay)    21    20    18536.88    18    18435.53    1    1
(relay)    37    36    18537.68    18    18518.35    4    1
(advertise)    24    18538.08    36    18
(relay)    8    14    18573.5    18    18571.37    2    1
(advertise)    24    18573.7    14    18
(relay)    8    9    18594.91    18    18554.73    1    1
(relay)    8    27    18619.11    18    18519.07    1    1
(relay)    47    6    18650.31    18    18648.55    3    1
(advertise)    24    18650.51    6    18
(relay)    8    45    18675.12    18    18667.1    2    1
(advertise)    24    18676.12    45    18
(relay)    8    41    18696.73    18    18599.37    1    1
(relay)    47    4    18698.13    18    18688.14    2    1
(advertise)    24    18700.13    4    18
(relay)    37    1    18705.55    18    18704.76    4    1
(relay)    47    47    18707.35    18    18707.15    4    2
(advertise)    24    18721.75    1    18
(advertise)    24    18743.16    47    18
(relay)    37    37    18760.17    18    18759.11    5    1
(advertise)    24    18765.77    37    18
(relay)    37    39    18821.59    18    18820.45    4    1
(advertise)    24    18821.79    39    18
(relay)    8    13    18930.0    18    18927.8    2    1
(advertise)    24    18930.2    13    18
(relay)    37    43    18936.81    18    18933.43    2    1
(relay)    21    16    18950.21    18    18930.22    1    2
(advertise)    24    18951.81    43    18
(relay)    47    17    18989.23    18    18987.47    2    1
(advertise)    24    18989.43    17    18
(relay)    47    15    19020.84    19    19018.72    2    1
(advertise)    24    19021.04    15    19
(relay)    8    29    19049.85    19    19049.17    1    1
(relay)    47    25    19083.85    19    19067.93    1    1
(relay)    47    5    19108.25    19    19074.18    1    1
(relay)    47    42    19151.05    19    19150.02    2    1
(advertise)    24    19151.25    42    19
(relay)    21    33    19167.66    19    19165.56    2    1
(advertise)    24    19173.86    33    19
(relay)    8    3    19215.48    19    19212.61    1    1
(generate)    24    19227.48    [2]    19
(relay)    47    10    19252.09    19    19240.63    2    1
(advertise)    24    19252.29    10    19
(relay)    8    8    19290.3    19    19289.22    3    1
(advertise)    24    19290.5    8    19
(relay)    47    23    19312.92    19    19308.99    4    1
(advertise)    24    19313.52    23    19
(relay)    21    22    19335.13    19    19318.5    4    1
(advertise)    24    19335.53    22    19
(relay)    47    32    19359.54    19    19348.41    1    1
(relay)    47    18    19382.14    19    19365.91    1    1
(relay)    21    48    19384.54    19    19382.34    2    1
(advertise)    24    19384.74    48    19
(relay)    47    28    19402.96    19    19379.28    1    1
(relay)    21    21    19431.96    19    19431.42    4    1
(advertise)    24    19432.16    21    19
(relay)    21    30    19466.57    19    19394.65    1    1
(relay)    21    12    19492.57    19    19490.94    4    1
(advertise)    24    19492.77    12    19
(relay)    21    46    19514.18    19    19493.34    3    1
(advertise)    24    19514.98    46    19
(relay)    8    36    19540.99    19    19518.38    3    1
(advertise)    24    19541.19    36    19
(relay)    8    14    19572.81    19    19571.48    2    1
(advertise)    24    19573.01    14    19
(relay)    8    27    19593.62    19    19519.18    1    1
(relay)    8    41    19643.82    19    19599.48    1    1
(relay)    47    6    19650.82    19    19648.62    3    1
(advertise)    24    19651.02    6    19
(relay)    21    45    19673.63    19    19667.29    2    1
(advertise)    24    19674.83    45    19
(relay)    47    4    19688.65    19    19688.23    2    1
(advertise)    24    19695.85    4    19
(relay)    47    47    19707.86    19    19707.3    4    1
(relay)    47    1    19710.06    19    19704.79    4    2
(advertise)    24    19717.26    47    19
(advertise)    24    19739.47    1    19
(relay)    37    37    19759.29    19    19759.15    5    1
(advertise)    24    19762.49    37    19
(relay)    47    39    19822.1    19    19820.47    4    1
(advertise)    24    19822.3    39    19
(relay)    8    38    19846.11    19    19756.79    1    1
(relay)    8    13    19929.71    19    19927.97    2    1
(advertise)    24    19929.91    13    19
(relay)    37    43    19935.92    19    19933.52    2    1
(relay)    8    16    19951.12    19    19930.45    1    2
(advertise)    24    19951.52    43    19
(relay)    21    35    19988.94    19    19987.62    3    1
(advertise)    24    19989.14    35    19
(relay)    8    17    20021.15    19    19987.63    1    1
(relay)    47    15    20043.15    20    20018.74    2    1
(advertise)    24    20043.35    15    20
(relay)    8    29    20065.56    20    20049.31    1    1
(relay)    47    25    20073.76    20    20068.1    1    1
(relay)    47    5    20097.56    20    20074.22    1    1
(relay)    47    26    20119.56    20    20082.23    1    1
(relay)    47    42    20151.36    20    20150.11    2    1
(advertise)    24    20151.56    42    20
(heartbeat)    2    5    20162.25    24    20164.18    2    7
(advertise)    24    20174.38    2    5
(relay)    21    33    20188.19    20    20165.66    2    1
(advertise)    24    20195.39    33    20
(relay)    8    3    20219.8    20    20212.72    1    1
(generate)    24    20227.6    [2]    20
(relay)    47    10    20252.42    20    20240.81    2    1
(advertise)    24    20252.62    10    20
(relay)    8    8    20290.23    20    20289.24    3    1
(advertise)    24    20290.43    8    20
(relay)    8    23    20312.44    20    20309.14    1    1
(relay)    21    22    20319.04    20    20318.52    4    1
(advertise)    24    20319.24    22    20
(relay)    47    32    20359.85    20    20348.51    1    1
(relay)    47    18    20381.25    20    20366.06    1    1
(relay)    21    48    20384.65    20    20382.43    2    1
(advertise)    24    20384.85    48    20
(relay)    47    28    20402.47    20    20379.35    1    1
(relay)    21    30    20426.87    20    20394.67    1    1
(relay)    21    21    20432.07    20    20431.51    4    1
(advertise)    24    20432.27    21    20
(relay)    21    20    20471.88    20    20435.65    1    1
(relay)    8    12    20493.08    20    20490.97    3    1
(advertise)    24    20493.28    12    20
(relay)    21    46    20515.49    20    20493.37    3    1
(advertise)    24    20516.29    46    20
(relay)    47    36    20538.91    20    20518.44    4    1
(advertise)    24    20540.11    36    20
(relay)    47    27    20562.12    20    20519.3    1    1
(relay)    21    9    20565.52    20    20555.01    2    1
(advertise)    24    20566.12    9    20
(relay)    8    14    20605.93    20    20571.61    2    1
(advertise)    24    20606.13    14    20
(relay)    8    41    20628.55    20    20599.55    1    1
(relay)    47    6    20651.15    20    20648.75    3    1
(advertise)    24    20651.35    6    20
(relay)    8    45    20675.76    20    20667.35    2    1
(advertise)    24    20676.36    45    20
(relay)    47    4    20697.77    20    20688.31    2    1
(advertise)    24    20699.57    4    20
(relay)    37    1    20705.98    20    20704.84    4    1
(relay)    47    47    20707.98    20    20707.49    4    2
(advertise)    24    20720.78    1    20
(advertise)    24    20742.0    47    20
(relay)    37    37    20759.21    20    20759.15    5    1
(advertise)    24    20763.21    37    20
(relay)    8    39    20823.82    20    20820.53    3    1
(advertise)    24    20824.02    39    20
(relay)    21    13    20929.64    20    20928.16    2    1
(advertise)    24    20929.84    13    20
(relay)    8    16    20950.65    20    20930.66    1    1
(relay)    47    43    20952.05    20    20933.64    3    1
(advertise)    24    20952.85    43    20
(relay)    8    35    20996.26    20    20987.76    3    1
(advertise)    24    20996.46    35    20
(relay)    8    17    21020.28    20    20987.8    1    1
(relay)    47    15    21021.48    21    21018.77    2    1
(advertise)    24    21021.68    15    21
(relay)    21    29    21050.49    21    21049.41    1    1
(relay)    47    25    21071.09    21    21068.28    1    1
(relay)    47    5    21094.29    21    21074.25    1    1
(relay)    47    26    21115.69    21    21082.25    1    1
(relay)    47    42    21152.29    21    21150.21    2    1
(advertise)    24    21152.49    42    21
(relay)    21    33    21168.3    21    21165.73    2    1
(advertise)    24    21173.9    33    21
(generate)    24    21227.71    [2]    21
(relay)    8    8    21289.53    21    21289.4    3    1
(advertise)    24    21289.93    8    21
(relay)    37    23    21311.74    21    21309.29    5    1
(advertise)    24    21312.74    23    21
(relay)    21    22    21336.95    21    21318.54    4    1
(advertise)    24    21337.35    22    21
(relay)    21    11    21359.17    21    21325.17    2    1
(advertise)    24    21360.77    11    21
(relay)    47    32    21364.38    21    21348.58    1    1
(relay)    47    18    21385.58    21    21366.2    1    1
(relay)    47    28    21408.18    21    21379.39    1    1
(relay)    21    21    21432.18    21    21431.63    4    1
(advertise)    24    21432.38    21    21
(relay)    21    12    21491.39    21    21491.02    4    1
(advertise)    24    21491.59    12    21
(relay)    21    46    21515.41    21    21493.41    4    1
(advertise)    24    21516.81    46    21
(relay)    8    40    21538.42    21    21424.79    1    1
(relay)    37    36    21540.42    21    21518.49    4    1
(advertise)    24    21541.02    36    21
(relay)    21    20    21565.43    21    21435.67    1    1
(relay)    8    14    21605.03    21    21571.72    2    1
(advertise)    24    21605.23    14    21
(relay)    8    27    21627.04    21    21519.39    1    1
(relay)    8    9    21648.64    21    21555.17    1    1
(relay)    47    6    21650.04    21    21648.88    3    1
(advertise)    24    21650.24    6    21
(relay)    21    45    21674.06    21    21667.39    2    1
(advertise)    24    21674.26    45    21
(relay)    47    4    21689.87    21    21688.4    2    1
(advertise)    24    21696.27    4    21
(relay)    47    47    21708.28    21    21707.64    4    1
(relay)    37    1    21712.28    21    21704.87    4    2
(advertise)    24    21718.28    47    21
(advertise)    24    21741.3    1    21
(relay)    37    37    21759.31    21    21759.18    5    1
(advertise)    24    21764.51    37    21
(relay)    37    39    21822.72    21    21820.58    4    1
(advertise)    24    21822.92    39    21
(relay)    47    13    21928.94    21    21928.16    1    1
(relay)    37    43    21934.54    21    21933.76    2    1
(advertise)    24    21934.74    43    21
(relay)    21    16    21950.95    21    21930.71    1    1
(relay)    21    35    21989.95    21    21987.9    3    1
(advertise)    24    21990.15    35    21
(relay)    47    15    22019.56    22    22018.82    2    1
(advertise)    24    22019.76    15    22
(relay)    8    29    22051.37    22    22049.51    1    1
(relay)    47    25    22071.77    22    22068.47    1    1
(relay)    47    5    22094.17    22    22074.28    1    1
(relay)    21    33    22169.17    22    22165.84    2    1
(advertise)    24    22169.37    33    22
(generate)    24    22227.79    [2]    22
(relay)    47    10    22253.2    22    22240.98    2    1
(advertise)    24    22253.4    10    22
(relay)    8    8    22289.61    22    22289.58    3    1
(advertise)    24    22289.81    8    22
(relay)    37    23    22310.83    22    22309.44    5    1
(advertise)    24    22312.63    23    22
(relay)    21    22    22336.44    22    22318.58    4    1
(advertise)    24    22336.84    22    22
(relay)    21    11    22359.85    22    22325.18    2    1
(advertise)    24    22360.05    11    22
(relay)    47    32    22362.07    22    22348.65    1    1
(relay)    21    48    22383.47    22    22382.55    2    1
(advertise)    24    22383.67    48    22
(relay)    47    18    22384.88    22    22366.39    1    1
(relay)    47    28    22407.48    22    22379.45    1    1
(relay)    21    21    22432.68    22    22431.73    4    1
(advertise)    24    22432.88    21    22
(relay)    21    40    22488.89    22    22424.94    1    1
(relay)    8    12    22493.69    22    22491.07    2    1
(advertise)    24    22493.89    12    22
(relay)    8    46    22515.1    22    22493.44    3    1
(advertise)    24    22516.5    46    22
(relay)    47    36    22539.52    22    22518.55    4    1
(advertise)    24    22539.92    36    22
(relay)    8    14    22572.13    22    22571.81    2    1
(advertise)    24    22572.33    14    22
(relay)    8    27    22594.94    22    22519.47    1    1
(relay)    21    9    22602.54    22    22555.36    1    1
(relay)    47    6    22649.54    22    22648.96    3    1
(advertise)    24    22649.74    6    22
(relay)    21    45    22672.36    22    22667.43    2    1
(advertise)    24    22672.96    45    22
(relay)    47    4    22696.97    22    22688.44    2    1
(advertise)    24    22697.97    4    22
(relay)    47    47    22708.78    22    22707.79    4    1
(relay)    47    1    22718.78    22    22704.92    4    2
(advertise)    24    22718.98    47    22
(advertise)    24    22740.2    1    22
(relay)    37    37    22759.41    22    22759.36    5    1
(advertise)    24    22761.21    37    22
(relay)    21    7    22764.02    22    22721.81    1    1
(relay)    8    38    22788.42    22    22757.23    1    1
(relay)    37    39    22821.02    22    22820.64    4    1
(advertise)    24    22821.22    39    22
(relay)    47    13    22928.83    22    22928.18    1    1
(relay)    37    43    22934.43    22    22933.83    2    1
(advertise)    24    22934.63    43    22
(relay)    21    16    22951.45    22    22930.79    1    1
(relay)    21    31    22974.65    22    22945.34    1    1
(relay)    8    35    22990.25    22    22988.02    3    1
(advertise)    24    22990.45    35    22
(relay)    47    17    22992.86    22    22988.14    1    1
(relay)    47    15    23019.26    23    23018.82    2    1
(advertise)    24    23019.86    15    23
(relay)    8    29    23051.27    23    23049.63    1    1
(relay)    47    25    23072.87    23    23068.62    1    1
(relay)    47    5    23094.07    23    23075.11    1    1
(relay)    47    26    23115.27    23    23082.26    1    1
(relay)    47    42    23153.47    23    23150.39    2    1
(advertise)    24    23153.67    42    23
(relay)    21    33    23169.49    23    23166.0    2    1
(advertise)    24    23177.69    33    23
(relay)    21    3    23214.9    23    23213.08    1    1
(generate)    24    23227.9    [2]    23
(relay)    47    10    23253.11    23    23240.98    1    1
(relay)    8    8    23289.91    23    23289.74    3    1
(advertise)    24    23290.11    8    23
(relay)    37    23    23312.33    23    23309.61    5    1
(advertise)    24    23313.73    23    23
(relay)    21    22    23338.14    23    23318.61    4    1
(advertise)    24    23338.34    22    23
(relay)    21    11    23359.95    23    23325.2    1    1
(relay)    47    32    23363.55    23    23348.78    1    1
(relay)    21    48    23383.35    23    23382.62    2    1
(advertise)    24    23383.55    48    23
(relay)    47    18    23385.96    23    23366.54    1    1
(relay)    21    21    23432.76    23    23431.84    4    1
(advertise)    24    23432.96    21    23
(relay)    47    28    23457.18    23    23379.45    2    1
(advertise)    24    23457.38    28    23
(relay)    21    12    23492.39    23    23491.11    4    1
(advertise)    24    23492.59    12    23
(relay)    47    36    23520.2    23    23518.59    4    1
(advertise)    24    23520.4    36    23
(relay)    21    40    23535.82    23    23425.14    1    1
(relay)    8    46    23536.82    23    23493.5    3    1
(advertise)    24    23541.62    46    23
(relay)    21    20    23580.23    23    23435.79    1    1
(relay)    8    14    23580.83    23    23571.9    2    1
(advertise)    24    23581.03    14    23
(relay)    8    27    23602.84    23    23519.62    1    1
(relay)    21    9    23625.24    23    23555.53    2    1
(advertise)    24    23625.44    9    23
(relay)    47    6    23649.46    23    23649.06    3    1
(advertise)    24    23649.66    6    23
(relay)    21    45    23672.27    23    23667.5    2    1
(advertise)    24    23673.67    45    23
(relay)    8    41    23695.88    23    23599.72    1    1
(relay)    47    4    23696.28    23    23688.54    2    1
(advertise)    24    23696.68    4    23
(relay)    47    47    23708.89    23    23707.97    4    1
(advertise)    24    23717.69    47    23
(relay)    47    1    23719.11    23    23704.96    4    1
(advertise)    24    23740.91    1    23
(relay)    37    37    23759.92    23    23759.39    5    1
(advertise)    24    23763.52    37    23
(relay)    37    39    23821.13    23    23820.69    4    1
(advertise)    24    23821.33    39    23
(relay)    21    38    23844.75    23    23757.39    1    1
(relay)    21    13    23928.75    23    23928.26    2    1
(advertise)    24    23928.95    13    23
(relay)    47    43    23934.96    23    23934.12    3    1
(advertise)    24    23951.76    43    23
(relay)    47    17    23990.77    23    23988.28    2    1
(advertise)    24    23990.97    17    23
(relay)    8    35    23994.39    23    23988.15    3    1
(advertise)    24    24013.99    35    23
(relay)    47    15    24036.2    24    24018.84    2    1
(advertise)    24    24038.2    15    24
(relay)    21    29    24052.01    24    24049.67    1    1
(relay)    47    25    24073.21    24    24068.75    1    1
(relay)    47    5    24095.21    24    24075.11    1    1
(relay)    8    26    24128.01    24    24082.43    1    1
(relay)    47    42    24154.01    24    24150.45    2    1
(advertise)    24    24154.21    42    24
(relay)    21    33    24168.42    24    24166.08    2    1
(heartbeat)    2    6    24162.27    24    24176.82    2    7
(advertise)    24    24178.22    33    24
(advertise)    24    24199.84    2    6
(relay)    21    3    24217.05    24    24213.23    1    1
(generate)    24    24228.05    [2]    24
(relay)    47    10    24253.66    24    24241.17    2    1
(advertise)    24    24253.86    10    24
(relay)    8    8    24289.88    24    24289.81    3    1
(advertise)    24    24290.08    8    24
(relay)    37    23    24311.09    24    24309.77    5    1
(advertise)    24    24311.69    23    24
(relay)    21    22    24334.5    24    24318.67    4    1
(advertise)    24    24334.7    22    24
(relay)    21    11    24354.72    24    24325.23    2    1
(advertise)    24    24355.72    11    24
(relay)    47    32    24358.73    24    24348.85    1    1
(relay)    21    48    24384.13    24    24383.31    2    1
(advertise)    24    24384.33    48    24
(relay)    21    30    24426.54    24    24394.98    1    1
(relay)    21    21    24432.94    24    24432.03    4    1
(advertise)    24    24433.14    21    24
(relay)    47    28    24457.95    24    24379.49    2    1
(advertise)    24    24458.15    28    24
(relay)    21    40    24467.17    24    24425.32    1    1
(relay)    21    12    24492.57    24    24491.17    4    1
(advertise)    24    24492.77    12    24
(relay)    21    46    24514.18    24    24493.56    4    1
(advertise)    24    24515.18    46    24
(relay)    47    36    24537.79    24    24518.91    4    1
(advertise)    24    24537.99    36    24
(relay)    47    27    24560.81    24    24519.76    1    1
(relay)    8    14    24586.21    24    24571.95    2    1
(advertise)    24    24586.41    14    24
(relay)    47    6    24649.62    24    24649.19    3    1
(advertise)    24    24649.82    6    24
(relay)    21    45    24673.03    24    24667.55    2    1
(advertise)    24    24673.23    45    24
(relay)    47    4    24690.25    24    24688.64    2    1
(advertise)    24    24695.25    4    24
(relay)    47    47    24709.06    24    24708.12    4    1
(relay)    47    1    24711.46    24    24705.04    4    2
(advertise)    24    24717.06    47    24
(advertise)    24    24738.27    1    24
(relay)    37    37    24759.88    24    24759.43    5    1
(advertise)    24    24760.28    37    24
(relay)    37    39    24821.1    24    24820.78    4    1
(advertise)    24    24821.3    39    24
(relay)    21    13    24929.11    24    24928.34    2    1
(advertise)    24    24929.31    13    24
(relay)    47    43    24950.92    24    24934.27    3    1
(advertise)    24    24951.12    43    24
(relay)    21    16    24952.34    24    24930.87    1    1
(relay)    37    17    24989.74    24    24988.45    1    1
(relay)    8    35    24998.94    24    24988.3    3    1
(advertise)    24    24999.14    35    24
(relay)    47    15    25034.35    25    25018.92    2    1
(advertise)    24    25034.55    15    25
(relay)    21    29    25053.16    25    25049.74    1    1
(relay)    47    25    25072.76    25    25068.9    1    1
(relay)    47    5    25093.96    25    25075.21    1    1
(relay)    47    26    25117.96    25    25082.6    1    1
(relay)    8    42    25155.96    25    25150.58    1    1
(relay)    21    33    25167.76    25    25166.22    2    1
(advertise)    24    25167.96    33    25
(relay)    8    3    25215.18    25    25213.32    1    1
(generate)    24    25228.18    [2]    25
(relay)    47    10    25253.59    25    25241.33    2    1
(advertise)    24    25253.79    10    25
(relay)    8    8    25290.4    25    25289.81    3    1
(advertise)    24    25290.6    8    25
(relay)    47    23    25315.01    25    25309.94    4    1
(advertise)    24    25315.21    23    25
(relay)    21    22    25339.23    25    25318.73    4    1
(advertise)    24    25339.83    22    25
(relay)    8    11    25360.84    25    25325.24    1    1
(relay)    47    32    25363.84    25    25348.91    1    1
(relay)    21    48    25385.24    25    25383.39    2    1
(advertise)    24    25385.44    48    25
(relay)    47    28    25425.25    25    25379.55    2    1
(advertise)    24    25425.45    28    25
(relay)    21    21    25432.87    25    25432.76    4    1
(advertise)    24    25446.87    21    25
(relay)    21    40    25475.88    25    25425.51    1    1
(relay)    8    12    25494.68    25    25491.23    3    1
(advertise)    24    25494.88    12    25
(relay)    8    46    25518.29    25    25493.62    2    1
(advertise)    24    25518.69    46    25
(relay)    37    36    25520.71    25    25518.98    3    1
(advertise)    24    25539.71    36    25
(relay)    8    27    25562.72    25    25519.88    1    1
(relay)    21    9    25565.92    25    25555.87    1    1
(relay)    8    14    25608.52    25    25572.1    2    1
(advertise)    24    25608.72    14    25
(relay)    8    41    25628.93    25    25599.91    1    1
(relay)    47    6    25650.13    25    25649.34    3    1
(advertise)    24    25650.33    6    25
(relay)    21    0    25674.74    25    25576.17    1    1
(relay)    47    4    25691.14    25    25688.75    2    1
(advertise)    24    25691.34    4    25
(relay)    21    45    25697.36    25    25667.62    2    1
(relay)    47    47    25708.36    25    25708.26    4    2
(relay)    47    1    25711.96    25    25705.09    4    3
(advertise)    24    25713.36    45    25
(advertise)    24    25735.77    47    25
(advertise)    24    25757.98    1    25
(relay)    37    37    25760.0    25    25759.47    5    1
(advertise)    24    25779.4    37    25
(relay)    47    39    25821.21    25    25820.86    4    1
(advertise)    24    25821.41    39    25
(relay)    47    13    25930.42    25    25928.38    1    1
(relay)    37    43    25936.42    25    25934.41    2    1
(advertise)    24    25936.62    43    25
(relay)    8    16    25951.04    25    25930.91    1    1
(relay)    47    35    25989.24    25    25988.43    2    1
(advertise)    24    25989.44    35    25
(relay)    47    17    26018.05    25    25988.63    2    1
(advertise)    24    26018.45    17    25
(relay)    47    15    26039.66    26    26018.96    2    1
(advertise)    24    26042.26    15    26
(relay)    21    29    26053.27    26    26049.84    1    1
(relay)    47    5    26076.67    26    26075.24    1    1
(relay)    47    26    26115.07    26    26082.74    1    1
(relay)    47    33    26167.47    26    26166.33    1    1
(relay)    21    3    26217.07    26    26213.46    1    1
(generate)    24    26228.27    [2]    26
(relay)    47    10    26253.49    26    26241.5    2    1
(advertise)    24    26253.69    10    26
(relay)    8    8    26290.3    26    26289.82    3    1
(advertise)    24    26290.5    8    26
(relay)    37    23    26314.71    26    26310.07    5    1
(advertise)    24    26315.51    23    26
(relay)    21    22    26337.53    26    26318.79    4    1
(advertise)    24    26338.53    22    26
(relay)    8    11    26360.74    26    26325.25    1    1
(relay)    21    48    26384.74    26    26383.43    2    1
(advertise)    24    26384.94    48    26
(relay)    8    32    26408.15    26    26349.02    1    1
(relay)    21    30    26425.75    26    26395.17    1    1
(relay)    21    21    26432.95    26    26432.91    4    1
(advertise)    24    26433.15    21    26
(relay)    21    12    26493.17    26    26491.28    4    1
(advertise)    24    26493.37    12    26
(relay)    21    46    26515.38    26    26493.65    4    1
(advertise)    24    26515.78    46    26
(relay)    47    36    26538.79    26    26519.01    4    1
(advertise)    24    26539.39    36    26
(relay)    8    40    26562.6    26    26425.54    1    1
(relay)    47    27    26579.2    26    26520.03    1    1
(relay)    8    14    26585.4    26    26572.19    2    1
(advertise)    24    26585.6    14    26
(relay)    21    9    26605.62    26    26556.02    2    1
(advertise)    24    26606.82    9    26
(relay)    47    6    26650.63    26    26649.42    3    1
(advertise)    24    26650.83    6    26
(relay)    8    45    26673.44    26    26667.75    2    1
(advertise)    24    26674.44    45    26
(relay)    8    41    26694.06    26    26600.02    1    1
(relay)    47    4    26695.46    26    26688.83    2    1
(advertise)    24    26696.86    4    26
(relay)    47    47    26708.47    26    26708.4    4    1
(relay)    47    1    26717.27    26    26705.12    3    2
(advertise)    24    26719.67    47    26
(advertise)    24    26741.88    1    26
(relay)    37    37    26760.5    26    26759.51    5    1
(advertise)    24    26764.3    37    26
(relay)    47    39    26821.71    26    26820.9    4    1
(advertise)    24    26821.91    39    26
(relay)    21    13    26929.52    26    26928.38    2    1
(advertise)    24    26929.72    13    26
(relay)    37    43    26937.33    26    26934.48    2    1
(relay)    8    16    26951.73    26    26931.1    1    2
(advertise)    24    26952.33    43    26
(relay)    8    35    26993.95    26    26988.55    3    1
(advertise)    24    26994.15    35    26
(relay)    47    17    27017.76    26    26988.8    2    1
(advertise)    24    27018.16    17    26
(relay)    8    29    27052.57    27    27049.93    1    1
(relay)    47    25    27088.17    27    27069.87    1    1
(relay)    8    26    27133.37    27    27082.89    1    1
(relay)    37    42    27155.37    27    27150.84    1    1
(relay)    21    33    27167.17    27    27166.44    2    1
(advertise)    24    27167.37    33    27
(relay)    8    3    27217.39    27    27213.54    1    1
(generate)    24    27228.39    [2]    27
(relay)    47    10    27252.8    27    27241.69    2    1
(advertise)    24    27253.0    10    27
(relay)    8    8    27290.41    27    27289.85    3    1
(advertise)    24    27290.61    8    27
(relay)    37    23    27314.23    27    27310.23    5    1
(advertise)    24    27314.43    23    27
(relay)    8    22    27338.44    27    27318.85    3    1
(advertise)    24    27338.84    22    27
(relay)    21    11    27361.25    27    27325.25    2    1
(advertise)    24    27361.45    11    27
(relay)    21    48    27385.26    27    27383.45    2    1
(advertise)    24    27385.46    48    27
(relay)    8    32    27409.88    27    27349.14    1    1
(relay)    47    28    27424.68    27    27379.62    2    1
(advertise)    24    27424.88    28    27
(relay)    21    21    27433.09    27    27433.02    4    1
(relay)    47    18    27447.49    27    27367.08    1    2
(advertise)    24    27449.09    21    27
(relay)    21    40    27488.3    27    27426.94    1    1
(relay)    8    12    27494.7    27    27491.34    3    1
(advertise)    24    27494.9    12    27
(relay)    8    46    27516.92    27    27493.71    2    1
(advertise)    24    27517.12    46    27
(relay)    37    36    27519.73    27    27519.06    4    1
(advertise)    24    27541.13    36    27
(relay)    21    20    27552.94    27    27436.12    1    1
(relay)    47    27    27561.94    27    27520.12    1    1
(relay)    8    14    27574.54    27    27572.34    2    1
(advertise)    24    27574.74    14    27
(relay)    8    9    27596.16    27    27556.17    1    1
(relay)    47    6    27650.96    27    27649.53    3    1
(advertise)    24    27651.16    6    27
(relay)    8    45    27678.17    27    27667.79    2    1
(advertise)    24    27678.37    45    27
(relay)    47    4    27700.38    27    27688.95    2    1
(advertise)    24    27700.78    4    27
(relay)    47    47    27708.59    27    27708.55    4    1
(advertise)    24    27721.79    47    27
(relay)    47    1    27723.01    27    27705.16    4    1
(relay)    8    41    27724.61    27    27600.1    1    2
(advertise)    24    27745.81    1    27
(relay)    37    37    27760.62    27    27759.55    5    1
(advertise)    24    27768.82    37    27
(relay)    8    0    27790.03    27    27576.18    1    1
(relay)    21    38    27797.43    27    27757.8    1    1
(relay)    37    39    27822.23    27    27820.95    4    1
(advertise)    24    27822.43    39    27
(relay)    21    13    27930.25    27    27928.4    2    1
(advertise)    24    27930.45    13    27
(relay)    37    43    27938.06    27    27934.59    2    1
(advertise)    24    27952.26    43    27
(relay)    47    17    27990.47    27    27988.99    1    1
(relay)    8    35    27996.67    27    27988.7    3    1
(advertise)    24    27996.87    35    27
(relay)    47    15    28034.09    28    28019.03    2    1
(advertise)    24    28034.29    15    28
(relay)    21    29    28051.5    28    28050.02    1    1
(relay)    47    25    28084.5    28    28070.03    1    1
(relay)    8    26    28097.7    28    28083.04    1    1
(relay)    47    42    28152.5    28    28150.9    2    1
(advertise)    24    28152.7    42    28
(heartbeat)    2    7    28162.28    24    28163.11    2    7
(advertise)    24    28174.31    2    7
(relay)    21    33    28186.92    28    28166.58    2    1
(advertise)    24    28196.92    33    28
(relay)    21    3    28217.74    28    28213.64    1    1
(generate)    24    28228.54    [2]    28
(relay)    47    10    28252.95    28    28241.84    1    1
(relay)    8    8    28290.95    28    28289.89    3    1
(advertise)    24    28291.15    8    28
(relay)    37    23    28313.56    28    28310.39    5    1
(advertise)    24    28314.16    23    28
(relay)    8    11    28335.78    28    28325.44    1    1
(relay)    21    22    28337.38    28    28318.91    4    1
(advertise)    24    28338.18    22    28
(relay)    47    32    28380.39    28    28349.22    1    1
(relay)    21    48    28385.79    28    28383.52    2    1
(advertise)    24    28385.99    48    28
(relay)    47    28    28422.6    28    28379.65    1    1
(relay)    21    30    28432.6    28    28395.2    1    1
(relay)    21    21    28434.4    28    28433.8    4    1
(advertise)    24    28434.6    21    28
(relay)    47    12    28494.42    28    28491.4    2    1
(advertise)    24    28494.62    12    28
(relay)    8    46    28514.23    28    28493.76    3    1
(advertise)    24    28518.83    46    28
(relay)    21    20    28537.44    28    28436.14    1    1
(relay)    47    36    28538.44    28    28519.12    4    1
(advertise)    24    28540.04    36    28
(relay)    8    14    28574.65    28    28572.5    2    1
(advertise)    24    28574.85    14    28
(relay)    8    27    28604.67    28    28520.22    1    1
(relay)    21    9    28631.67    28    28556.33    1    1
(relay)    47    6    28651.47    28    28649.64    3    1
(advertise)    24    28651.67    6    28
(relay)    21    45    28676.08    28    28667.82    2    1
(advertise)    24    28677.08    45    28
(relay)    47    4    28689.49    28    28689.08    2    1
(advertise)    24    28698.69    4    28
(relay)    47    47    28709.31    28    28708.69    4    1
(relay)    37    1    28712.11    28    28705.23    4    2
(advertise)    24    28720.91    47    28
(advertise)    24    28742.72    1    28
(relay)    37    37    28760.53    28    28759.6    5    1
(advertise)    24    28763.73    37    28
(relay)    8    38    28787.35    28    28757.97    1    1
(relay)    47    39    28822.35    28    28821.01    4    1
(advertise)    24    28822.55    39    28
(relay)    47    13    28931.96    28    28928.59    1    1
(relay)    37    43    28937.96    28    28934.72    2    1
(advertise)    24    28938.16    43    28
(relay)    21    16    28951.17    28    28931.16    1    1
(relay)    21    31    28976.17    28    28946.13    1    1
(relay)    8    35    28990.17    28    28988.83    3    1
(advertise)    24    28990.37    35    28
(relay)    37    17    28991.58    28    28989.16    1    1
(relay)    47    15    29021.18    29    29019.08    2    1
(advertise)    24    29021.38    15    29
(relay)    8    29    29054.8    29    29050.13    1    1
(relay)    47    25    29075.4    29    29070.22    1    1
(relay)    47    26    29101.6    29    29083.2    1    1
(relay)    47    42    29152.8    29    29151.06    1    1
(relay)    47    33    29174.4    29    29166.68    1    1
(relay)    8    3    29216.8    29    29213.75    1    1
(generate)    24    29228.6    [2]    29
(relay)    47    10    29254.01    29    29242.03    2    1
(advertise)    24    29254.21    10    29
(relay)    8    8    29291.02    29    29290.08    3    1
(advertise)    24    29291.22    8    29
(relay)    47    23    29314.84    29    29310.53    4    1
(advertise)    24    29315.44    23    29
(relay)    21    22    29338.25    29    29318.92    4    1
(relay)    8    11    29338.65    29    29325.45    1    2
(advertise)    24    29339.25    22    29
(relay)    47    32    29378.46    29    29349.32    1    1
(relay)    21    48    29385.66    29    29383.53    2    1
(advertise)    24    29385.86    48    29
(relay)    47    28    29400.88    29    29379.72    1    1
(relay)    21    30    29410.28    29    29395.38    1    1
(relay)    47    18    29422.48    29    29367.4    1    1
(relay)    21    21    29434.48    29    29433.94    4    1
(advertise)    24    29434.68    21    29
(relay)    21    12    29492.69    29    29491.41    4    1
(advertise)    24    29492.89    12    29
(relay)    21    46    29516.1    29    29493.77    4    1
(advertise)    24    29516.3    46    29
(relay)    37    36    29538.71    29    29519.17    4    1
(advertise)    24    29539.91    36    29
(relay)    8    14    29584.53    29    29572.56    2    1
(advertise)    24    29584.73    14    29
(relay)    47    6    29651.94    29    29649.74    3    1
(advertise)    24    29652.14    6    29
(relay)    8    45    29674.95    29    29668.0    2    1
(advertise)    24    29675.35    45    29
(relay)    47    4    29698.77    29    29689.17    2    1
(advertise)    24    29699.17    4    29
(relay)    37    1    29706.58    29    29705.28    4    1
(relay)    47    47    29709.38    29    29708.86    4    2
(advertise)    24    29720.98    1    29
(advertise)    24    29741.99    47    29
(relay)    37    37    29759.81    29    29759.61    5    1
(advertise)    24    29764.41    37    29
(relay)    47    39    29822.82    29    29821.08    4    1
(advertise)    24    29823.02    39    29
(relay)    47    13    29932.03    29    29928.74    1    1
(relay)    37    43    29936.63    29    29934.83    2    1
(advertise)    24    29936.83    43    29
(relay)    21    16    29952.04    29    29931.35    1    1
(relay)    21    31    29975.04    29    29946.28    1    1
(relay)    8    35    29990.24    29    29988.91    3    1
(advertise)    24    29990.44    35    29
(relay)    37    17    29992.66    29    29989.17    1    1
