(relay)    6    15    1017.6    1    1017.0    126    1
(advertise)    36    1017.8    15    1
(relay)    6    25    1072.81    1    1065.03    124    1
(advertise)    36    1073.01    25    1
(relay)    6    5    1095.43    1    1072.24    125    1
(advertise)    36    1096.43    5    1
(relay)    6    26    1118.04    1    1080.04    124    1
(advertise)    36    1118.84    26    1
(relay)    6    42    1150.25    1    1148.07    125    1
(advertise)    36    1150.45    42    1
(relay)    37    33    1178.07    1    1163.08    122    1
(advertise)    36    1178.27    33    1
(relay)    47    3    1212.08    1    1210.09    122    1
(advertise)    36    1212.28    3    1
(relay)    47    24    1233.69    1    1225.1    126    1
(advertise)    36    1235.29    24    1
(relay)    47    10    1258.7    1    1238.12    125    1
(advertise)    36    1259.5    10    1
(relay)    47    34    1286.32    1    1285.13    124    1
(advertise)    36    1286.52    34    1
(relay)    23    23    1306.13    1    1306.12    127    1
(advertise)    36    1308.73    23    1
(relay)    37    8    1331.14    1    1287.94    125    1
(advertise)    36    1332.14    8    1
(relay)    47    22    1354.16    1    1315.16    123    1
(advertise)    36    1355.96    22    1
(relay)    39    11    1377.17    1    1323.16    122    1
(advertise)    36    1377.57    11    1
(relay)    47    32    1398.38    1    1346.16    123    1
(relay)    6    18    1399.58    1    1363.18    124    2
(advertise)    36    1401.78    32    1
(advertise)    36    1423.8    18    1
(relay)    47    48    1441.81    1    1378.2    124    1
(advertise)    36    1446.21    48    1
(relay)    47    28    1463.82    1    1378.2    124    1
(advertise)    36    1468.22    28    1
(relay)    47    21    1484.23    1    1429.01    125    1
(relay)    6    40    1489.83    1    1420.01    123    2
(advertise)    36    1490.63    21    1
(advertise)    36    1512.25    40    1
(generate)    36    1516.06    [2]    1
(relay)    47    46    1551.47    1    1491.26    124    1
(advertise)    36    1551.67    46    1
(relay)    6    27    1556.09    1    1515.07    125    1
(advertise)    36    1573.49    27    1
(relay)    47    12    1595.3    1    1489.05    123    1
(advertise)    36    1595.7    12    1
(relay)    47    20    1617.71    1    1434.02    122    1
(advertise)    36    1617.91    20    1
(relay)    37    30    1621.73    1    1393.2    120    1
(advertise)    36    1640.33    30    1
(relay)    6    6    1646.34    1    1646.15    127    1
(advertise)    36    1661.94    6    1
(relay)    6    14    1667.15    1    1569.1    123    1
(advertise)    36    1685.55    14    1
(relay)    6    4    1690.16    1    1686.16    126    1
(relay)    47    47    1704.96    1    1704.39    127    2
(advertise)    36    1706.96    4    1
(relay)    37    9    1708.18    1    1552.09    122    2
(relay)    6    0    1712.78    1    1573.1    122    3
(relay)    23    1    1721.38    1    1703.16    126    4
(advertise)    36    1728.38    47    1
(advertise)    36    1749.99    9    1
(relay)    37    37    1758.2    1    1758.02    127    3
(advertise)    36    1771.6    0    1
(relay)    47    45    1792.62    1    1665.15    124    3
(advertise)    36    1793.82    1    1
(advertise)    36    1815.03    37    1
(relay)    39    39    1820.04    1    1819.02    127    2
(relay)    47    7    1834.44    1    1719.19    122    3
(advertise)    36    1837.04    45    1
(advertise)    36    1859.06    39    1
(relay)    47    38    1878.07    1    1754.02    123    2
(advertise)    36    1881.87    7    1
(advertise)    36    1903.28    38    1
(relay)    37    13    1927.89    1    1926.11    123    1
(advertise)    36    1928.49    13    1
(relay)    6    43    1951.91    1    1931.11    126    1
(advertise)    36    1952.11    43    1
(relay)    37    16    1953.32    1    1927.11    122    1
(advertise)    36    1973.52    16    1
(relay)    1    17    1995.53    1    1985.15    125    1
(advertise)    36    1996.13    17    1
(relay)    47    31    1997.35    1    1942.12    122    1
(advertise)    36    2018.75    31    1
(relay)    1    15    2039.96    2    2017.16    125    1
(advertise)    36    2040.96    15    2
(relay)    1    35    2062.17    1    1985.15    121    1
(advertise)    36    2063.17    35    1
(relay)    1    5    2084.19    2    2072.4    124    1
(advertise)    36    2084.79    5    2
(relay)    1    29    2106.6    2    2047.19    123    1
(advertise)    36    2107.4    29    2
(relay)    1    25    2128.21    2    2065.2    123    1
(advertise)    36    2129.61    25    2
(relay)    47    26    2150.02    2    2080.2    121    1
(advertise)    36    2150.62    26    2
(relay)    47    42    2172.44    2    2148.22    124    1
(advertise)    36    2173.04    42    2
(relay)    47    33    2193.65    2    2163.25    122    1
(advertise)    36    2194.25    33    2
(relay)    47    3    2220.66    2    2210.28    122    1
(advertise)    36    2220.86    3    2
(relay)    47    24    2243.08    2    2225.29    126    1
(advertise)    36    2243.28    24    2
(relay)    47    10    2265.49    2    2238.29    125    1
(advertise)    36    2265.89    10    2
(relay)    47    44    2287.9    2    2286.33    124    1
(advertise)    36    2288.9    44    2
(relay)    23    23    2306.92    2    2306.3    127    1
(advertise)    36    2310.92    23    2
(relay)    47    34    2333.93    2    2285.32    122    1
(advertise)    36    2334.33    34    2
(relay)    47    22    2356.14    2    2315.54    124    1
(advertise)    36    2356.74    22    2
(relay)    47    11    2379.35    2    2323.34    122    1
(advertise)    36    2379.75    11    2
(relay)    47    32    2401.17    2    2346.33    124    1
(advertise)    36    2401.37    32    2
(relay)    6    18    2424.18    2    2363.37    124    1
(advertise)    36    2424.78    18    2
(relay)    37    48    2428.39    2    2378.78    123    1
(advertise)    36    2445.79    48    2
(relay)    39    28    2469.41    2    2378.38    123    1
(advertise)    36    2469.81    28    2
(relay)    6    30    2490.22    2    2393.37    122    1
(advertise)    36    2491.02    30    2
(relay)    47    21    2492.23    2    2429.19    123    1
(advertise)    36    2513.43    21    2
(generate)    36    2516.24    [2]    2
(relay)    6    40    2534.26    2    2420.19    121    1
(advertise)    36    2535.46    40    2
(relay)    6    27    2576.07    2    2515.26    125    1
(advertise)    36    2576.27    27    2
(relay)    47    12    2580.48    2    2489.64    124    1
(advertise)    36    2597.28    12    2
(relay)    6    20    2620.1    2    2434.21    121    1
(advertise)    36    2621.9    20    2
(relay)    47    46    2624.71    2    2491.44    124    1
(relay)    6    14    2641.91    2    2569.28    125    2
(advertise)    36    2643.91    46    2
(relay)    6    6    2646.52    2    2646.34    127    2
(advertise)    36    2665.32    14    2
(relay)    6    4    2688.54    2    2686.35    126    2
(advertise)    36    2688.74    6    2
(relay)    1    1    2704.35    2    2703.35    127    2
(relay)    47    47    2705.55    2    2704.56    127    3
(relay)    6    41    2711.35    2    2596.31    124    4
(advertise)    36    2713.15    4    2
(advertise)    36    2734.96    1    2
(advertise)    36    2757.17    47    2
(relay)    37    37    2758.79    2    2758.19    127    2
(relay)    47    19    2776.19    2    2509.26    121    3
(advertise)    36    2778.99    41    2
(advertise)    36    2800.8    37    2
(relay)    39    39    2819.21    2    2819.2    127    2
(advertise)    36    2823.41    19    2
(relay)    37    0    2834.63    2    2573.28    121    2
(relay)    47    9    2842.63    2    2552.27    122    3
(advertise)    36    2844.83    39    2
(advertise)    36    2865.84    0    2
(relay)    47    7    2886.65    2    2719.37    123    2
(advertise)    36    2887.05    9    2
(relay)    37    45    2904.47    2    2665.55    123    2
(advertise)    36    2908.27    7    2
(advertise)    36    2929.88    45    2
(relay)    47    43    2932.89    2    2931.29    126    1
(advertise)    36    2950.89    43    2
(relay)    47    38    2955.7    2    2754.2    123    1
(advertise)    36    2972.5    38    2
(relay)    6    31    2979.32    2    2942.3    122    1
(advertise)    36    2994.72    31    2
(relay)    6    17    2999.53    2    2985.33    126    1
(relay)    47    13    3001.33    2    2926.29    125    2
(advertise)    36    3015.93    17    2
(advertise)    36    3037.74    13    2
(relay)    6    15    3043.16    3    3017.34    126    1
(advertise)    36    3059.36    15    3
(relay)    47    16    3066.77    2    2927.29    124    1
(advertise)    36    3080.37    16    2
(relay)    47    35    3088.58    2    2985.33    123    1
(advertise)    36    3102.98    35    2
(relay)    6    5    3110.4    3    3072.58    125    1
(advertise)    36    3124.6    5    3
(relay)    6    25    3134.01    3    3065.78    124    1
(advertise)    36    3147.61    25    3
(relay)    6    29    3157.42    3    3047.37    124    1
(advertise)    36    3169.62    29    3
(relay)    6    26    3178.43    3    3080.38    124    1
(advertise)    36    3191.63    26    3
(relay)    6    42    3198.65    3    3148.41    125    1
(advertise)    36    3214.85    42    3
(relay)    6    33    3223.46    3    3163.43    121    1
(advertise)    36    3237.86    33    3
(relay)    47    10    3247.07    3    3238.47    125    1
(relay)    37    24    3256.47    3    3225.47    126    2
(advertise)    36    3260.27    10    3
(relay)    6    3    3268.49    3    3210.46    121    2
(advertise)    36    3281.29    24    3
(advertise)    36    3302.9    3    3
(relay)    23    23    3307.11    3    3306.49    127    1
(relay)    6    44    3312.11    3    3286.53    124    2
(relay)    47    8    3312.91    3    3288.31    126    3
(advertise)    36    3324.91    23    3
(advertise)    36    3349.13    44    3
(advertise)    36    3370.14    8    3
(relay)    47    34    3376.75    3    3285.51    124    1
(advertise)    36    3391.55    34    3
(relay)    47    22    3400.56    3    3315.73    124    1
(relay)    6    32    3400.96    3    3346.53    124    2
(advertise)    36    3415.16    22    3
(relay)    6    11    3422.98    3    3323.53    123    2
(advertise)    36    3437.78    32    3
(advertise)    36    3459.99    11    3
(relay)    47    28    3465.0    3    3378.56    125    1
(relay)    6    18    3465.2    3    3363.55    124    2
(relay)    37    21    3479.0    3    3429.38    125    3
(advertise)    36    3483.2    28    3
(advertise)    36    3504.62    18    3
(generate)    36    3516.43    [2]    3
(advertise)    36    3527.04    21    3
(relay)    47    48    3530.46    3    3379.78    124    1
(relay)    6    40    3533.86    3    3420.39    123    2
(advertise)    36    3548.26    48    3
(advertise)    36    3570.67    40    3
(relay)    47    30    3596.08    3    3393.55    121    1
(advertise)    36    3597.08    30    3
(relay)    47    27    3618.09    3    3515.46    125    1
(advertise)    36    3620.29    27    3
(relay)    37    12    3636.71    3    3489.83    124    1
(advertise)    36    3641.91    12    3
(relay)    6    6    3646.72    3    3646.53    127    1
(relay)    47    14    3662.52    3    3569.48    125    2
(advertise)    36    3665.32    6    3
(relay)    37    46    3679.33    3    3491.63    124    2
(advertise)    36    3687.33    14    3
(relay)    6    20    3689.35    3    3434.39    122    2
(relay)    1    1    3704.55    3    3703.55    127    3
(relay)    47    47    3705.75    3    3704.76    127    4
(advertise)    36    3709.55    46    3
(relay)    6    4    3731.56    3    3686.55    126    4
(advertise)    36    3732.16    20    3
(advertise)    36    3753.17    1    3
(relay)    37    37    3758.99    3    3758.39    127    3
(advertise)    36    3775.59    47    3
(advertise)    36    3797.4    4    3
(relay)    1    41    3807.61    3    3596.51    123    2
(relay)    6    0    3818.41    3    3573.48    123    3
(relay)    39    39    3819.41    3    3819.4    127    4
(advertise)    36    3819.81    37    3
(relay)    6    19    3839.62    3    3509.46    122    4
(advertise)    36    3842.02    41    3
(advertise)    36    3864.44    0    3
(relay)    47    9    3867.25    3    3552.47    123    3
(advertise)    36    3886.25    39    3
(relay)    6    45    3905.06    3    3665.73    124    3
(advertise)    36    3908.86    19    3
(advertise)    36    3931.88    9    3
(relay)    6    7    3949.69    3    3719.57    122    2
(relay)    47    38    3953.29    3    3754.39    123    3
(advertise)    36    3954.49    45    3
(relay)    1    43    3963.1    3    3931.49    126    3
(advertise)    36    3976.9    7    3
(advertise)    36    3998.72    38    3
(relay)    6    17    4014.93    3    3985.53    126    2
(relay)    47    13    4018.33    3    3926.49    125    3
(advertise)    36    4022.93    43    3
(advertise)    36    4044.14    17    3
(relay)    6    15    4059.95    4    4017.54    126    2
(advertise)    36    4065.15    13    3
(relay)    37    16    4075.37    3    3927.49    123    2
(relay)    6    31    4082.17    3    3942.5    123    3
(relay)    47    35    4085.17    3    3985.53    125    4
(advertise)    36    4086.17    15    4
(advertise)    36    4108.38    16    3
(advertise)    36    4130.39    31    3
(relay)    6    5    4150.41    4    4072.78    125    2
(advertise)    36    4154.01    35    3
(relay)    6    25    4173.42    4    4065.98    124    2
(advertise)    36    4176.02    5    4
(relay)    37    29    4186.63    4    4047.57    122    2
(advertise)    36    4198.23    25    4
(relay)    47    26    4218.45    4    4080.58    124    2
(advertise)    36    4221.45    29    4
(heartbeat)    2    1    4162.2    36    4240.66    127    0
(relay)    6    42    4243.66    4    4148.61    124    3
(advertise)    36    4244.86    26    4
(relay)    37    24    4253.67    4    4225.67    3    3
(advertise)    36    4267.87    2    1
(advertise)    36    4289.28    42    4
(relay)    47    33    4307.1    4    4163.63    123    2
(relay)    23    23    4307.3    4    4306.68    6    3
(relay)    6    10    4311.9    4    4238.67    2    4
(advertise)    36    4314.3    24    4
(relay)    47    8    4328.91    4    4288.32    2    4
(advertise)    36    4336.51    33    4
(advertise)    36    4360.32    23    4
(advertise)    36    4382.34    10    4
(relay)    37    3    4387.75    4    4210.66    122    2
(relay)    6    44    4398.55    4    4286.72    2    3
(advertise)    36    4404.35    8    4
(advertise)    36    4426.36    3    4
(relay)    47    22    4435.78    4    4316.72    2    2
(relay)    6    32    4444.18    4    4346.72    3    3
(advertise)    36    4449.38    44    4
(advertise)    36    4471.99    22    4
(relay)    47    21    4478.8    4    4429.58    2    2
(relay)    6    28    4486.2    4    4378.58    2    3
(advertise)    36    4493.2    32    4
(advertise)    36    4514.21    21    4
(generate)    36    4516.63    [2]    4
(relay)    47    18    4522.84    4    4363.75    2    2
(advertise)    36    4535.44    28    4
(advertise)    36    4557.45    18    4
(relay)    47    12    4567.47    4    4490.03    2    1
(relay)    6    27    4574.47    4    4516.25    1    2
(advertise)    36    4579.87    12    4
(relay)    23    46    4611.88    4    4492.23    2    1
(advertise)    36    4612.08    46    4
(relay)    6    6    4646.89    4    4646.72    4    1
(advertise)    36    4647.09    6    4
(relay)    47    14    4671.11    4    4569.68    1    1
(relay)    6    4    4688.91    4    4686.74    2    1
(advertise)    36    4689.11    4    4
(relay)    1    1    4704.72    4    4703.71    5    1
(relay)    47    47    4705.92    4    4704.96    4    2
(advertise)    36    4710.92    1    4
(advertise)    36    4733.13    47    4
(relay)    37    37    4759.14    4    4758.56    5    1
(advertise)    36    4759.94    37    4
(relay)    39    39    4819.56    4    4819.54    5    1
(advertise)    36    4819.76    39    4
(relay)    6    45    4841.57    4    4665.74    1    1
(relay)    47    13    4928.77    4    4926.65    1    1
(relay)    23    43    4933.57    4    4931.61    2    1
(advertise)    36    4933.77    43    4
(relay)    6    17    4986.18    4    4985.64    3    1
(advertise)    36    4986.38    17    4
(relay)    37    15    5019.8    5    5017.69    1    1
(relay)    6    25    5083.4    5    5066.06    2    1
(advertise)    36    5083.6    25    5
(relay)    6    5    5108.21    5    5073.14    2    1
(advertise)    36    5108.41    5    5
(relay)    1    26    5130.22    5    5080.65    1    1
(relay)    47    42    5152.42    5    5148.62    2    1
(advertise)    36    5152.62    42    5
(relay)    47    33    5173.24    5    5163.87    1    1
(relay)    6    10    5252.04    5    5238.73    1    1
(relay)    47    8    5289.64    5    5288.43    2    1
(advertise)    36    5289.84    8    5
(relay)    23    23    5307.45    5    5306.84    6    1
(advertise)    36    5311.05    23    5
(relay)    47    44    5334.46    5    5287.37    1    1
(relay)    37    22    5356.26    5    5316.8    2    1
(advertise)    36    5356.46    22    5
(relay)    6    18    5379.67    5    5363.93    2    1
(relay)    47    32    5380.07    5    5346.87    1    2
(advertise)    36    5380.67    18    5
(relay)    37    21    5431.49    5    5429.77    2    1
(advertise)    36    5431.69    21    5
(relay)    47    12    5494.1    5    5490.07    2    1
(advertise)    36    5494.3    12    5
(generate)    36    5516.71    [2]    5
(relay)    6    46    5518.33    5    5492.26    2    1
(advertise)    36    5518.53    46    5
(relay)    47    14    5572.34    5    5569.88    1    1
(relay)    6    6    5646.94    5    5646.83    4    1
(advertise)    36    5647.14    6    5
(relay)    6    4    5688.95    5    5686.83    2    1
(advertise)    36    5689.15    4    5
(relay)    1    1    5704.77    5    5703.73    5    1
(relay)    47    47    5706.17    5    5705.07    4    2
(advertise)    36    5710.17    1    5
(relay)    47    45    5731.78    5    5665.85    1    2
(advertise)    36    5732.38    47    5
(relay)    37    37    5759.19    5    5758.58    5    1
(advertise)    36    5759.59    37    5
(relay)    39    39    5819.6    5    5819.57    5    1
(advertise)    36    5819.8    39    5
(relay)    47    13    5929.22    5    5926.69    1    1
(relay)    6    43    5933.02    5    5931.73    3    1
(advertise)    36    5933.22    43    5
(relay)    6    17    5986.23    5    5985.83    3    1
(advertise)    36    5986.43    17    5
(relay)    47    35    5993.24    5    5985.64    1    1
(relay)    39    15    6019.84    6    6017.72    1    1
(relay)    6    25    6071.64    6    6066.21    2    1
(advertise)    36    6071.84    25    6
(relay)    6    5    6092.86    6    6073.39    2    1
(advertise)    36    6093.66    5    6
(relay)    6    26    6115.47    6    6080.76    2    1
(advertise)    36    6117.67    26    6
(relay)    6    42    6151.48    6    6148.73    3    1
(advertise)    36    6151.68    42    6
(relay)    47    33    6173.5    6    6164.04    1    1
(relay)    39    24    6229.5    6    6225.84    2    1
(advertise)    36    6229.7    24    6
(relay)    47    10    6250.91    6    6238.9    2    1
(advertise)    36    6252.91    10    6
(relay)    47    8    6289.92    6    6288.45    2    1
(advertise)    36    6290.12    8    6
(relay)    23    23    6307.53    6    6307.02    6    1
(advertise)    36    6311.93    23    6
(relay)    47    44    6314.35    6    6287.94    1    1
(relay)    1    32    6354.75    6    6346.97    2    1
(advertise)    36    6354.95    32    6
(relay)    1    18    6377.76    6    6364.05    1    1
(relay)    47    22    6381.96    6    6316.83    2    1
(advertise)    36    6382.16    22    6
(relay)    6    28    6421.97    6    6378.74    2    1
(advertise)    36    6422.17    28    6
(relay)    47    12    6494.59    6    6490.1    2    1
(advertise)    36    6494.79    12    6
(generate)    36    6516.8    [2]    6
(relay)    6    27    6562.61    6    6517.65    2    1
(advertise)    36    6562.81    27    6
(relay)    6    6    6647.63    6    6646.99    4    1
(advertise)    36    6647.83    6    6
(relay)    47    45    6687.64    6    6665.92    1    1
(relay)    1    1    6703.84    6    6703.81    5    1
(advertise)    36    6704.04    1    6
(relay)    47    47    6705.45    6    6705.26    4    1
(relay)    47    4    6707.85    6    6686.91    2    2
(advertise)    36    6726.05    47    6
(advertise)    36    6747.86    4    6
(relay)    37    37    6759.28    6    6758.66    5    1
(advertise)    36    6770.88    37    6
(relay)    39    39    6819.69    6    6819.68    5    1
(advertise)    36    6819.89    39    6
(relay)    47    13    6929.3    6    6926.75    1    1
(relay)    39    43    6935.5    6    6931.9    1    1
(relay)    6    17    6986.3    6    6985.99    3    1
(advertise)    36    6986.5    17    6
(relay)    47    35    6996.32    6    6985.82    1    1
(relay)    6    15    7019.12    7    7017.75    2    1
(advertise)    36    7019.32    15    7
(relay)    1    25    7082.73    7    7066.39    1    1
(relay)    47    5    7106.33    7    7073.45    2    1
(advertise)    36    7106.53    5    7
(relay)    6    26    7128.74    7    7080.92    2    1
(advertise)    36    7128.94    26    7
(relay)    47    42    7151.96    7    7148.86    2    1
(advertise)    36    7152.16    42    7
(relay)    6    24    7229.57    7    7226.0    2    1
(advertise)    36    7229.77    24    7
(relay)    1    10    7250.78    7    7239.07    1    1
(relay)    47    8    7289.78    7    7288.46    2    1
(advertise)    36    7289.98    8    7
(relay)    23    23    7308.19    7    7307.17    6    1
(advertise)    36    7312.99    23    7
(relay)    47    44    7333.21    7    7288.12    1    1
(relay)    47    32    7355.21    7    7347.09    3    1
(advertise)    36    7355.41    32    7
(relay)    47    18    7376.82    7    7364.22    2    1
(advertise)    36    7377.02    18    7
(relay)    37    22    7402.43    7    7316.84    1    1
(relay)    1    28    7402.83    7    7378.78    1    1
(relay)    37    21    7444.83    7    7429.96    2    1
(advertise)    36    7445.03    21    7
(relay)    37    12    7494.65    7    7490.13    2    1
(advertise)    36    7494.85    12    7
(relay)    47    46    7515.06    7    7492.53    2    1
(advertise)    36    7516.06    46    7
(generate)    36    7517.27    [2]    7
(relay)    6    27    7561.69    7    7517.76    2    1
(advertise)    36    7561.89    27    7
(relay)    47    14    7592.7    7    7570.17    1    1
(relay)    6    41    7624.5    7    7596.9    1    1
(relay)    6    6    7647.7    7    7647.17    4    1
(advertise)    36    7647.9    6    7
(relay)    47    45    7676.51    7    7666.01    1    1
(relay)    6    4    7689.11    7    7687.03    2    1
(advertise)    36    7689.31    4    7
(relay)    1    1    7703.92    7    7703.91    5    1
(relay)    47    47    7705.52    7    7705.45    4    2
(advertise)    36    7711.72    1    7
(advertise)    36    7733.74    47    7
(relay)    37    37    7759.75    7    7758.74    5    1
(advertise)    36    7760.35    37    7
(relay)    39    39    7820.36    7    7819.75    5    1
(advertise)    36    7820.56    39    7
(relay)    47    13    7929.18    7    7926.77    1    1
(relay)    6    43    7933.38    7    7932.04    3    1
(advertise)    36    7933.58    43    7
(relay)    6    17    7986.39    7    7985.99    3    1
(advertise)    36    7986.59    17    7
(relay)    37    35    7988.0    7    7985.99    1    1
(relay)    6    15    8019.2    8    8018.01    2    1
(advertise)    36    8019.4    15    8
(relay)    47    25    8067.42    8    8066.55    2    1
(advertise)    36    8067.62    25    8
(relay)    47    5    8090.03    8    8073.48    2    1
(advertise)    36    8090.23    5    8
(relay)    6    26    8113.04    8    8081.09    1    1
(relay)    6    42    8149.64    8    8148.96    3    1
(advertise)    36    8149.84    42    8
(heartbeat)    2    2    8162.21    36    8164.05    3    3
(advertise)    36    8170.85    2    2
(relay)    37    24    8227.47    8    8226.15    3    1
(advertise)    36    8227.67    24    8
(relay)    6    10    8250.28    8    8239.07    2    1
(advertise)    36    8251.28    10    8
(relay)    47    8    8291.09    8    8288.48    1    1
(relay)    23    23    8308.29    8    8307.35    6    1
(advertise)    36    8308.49    23    8
(relay)    47    22    8336.71    8    8316.85    2    1
(advertise)    36    8336.91    22    8
(relay)    6    32    8374.52    8    8347.21    2    1
(advertise)    36    8374.72    32    8
(relay)    6    18    8398.73    8    8364.37    2    1
(advertise)    36    8398.93    18    8
(relay)    47    28    8419.95    8    8378.81    1    1
(relay)    37    21    8430.75    8    8430.11    2    1
(advertise)    36    8430.95    21    8
(relay)    47    12    8492.96    8    8490.32    2    1
(advertise)    36    8493.16    12    8
(relay)    47    46    8513.97    8    8492.71    3    1
(advertise)    36    8515.17    46    8
(generate)    36    8517.38    [2]    8
(relay)    6    27    8561.6    8    8517.89    1    1
(relay)    47    14    8583.4    8    8570.22    1    1
(relay)    6    6    8647.8    8    8647.3    4    1
(advertise)    36    8648.0    6    8
(relay)    47    45    8673.81    8    8666.52    1    1
(relay)    6    4    8687.61    8    8687.15    2    1
(advertise)    36    8687.81    4    8
(relay)    1    1    8704.02    8    8704.02    5    1
(relay)    47    47    8705.82    8    8705.63    4    2
(advertise)    36    8710.42    1    8
(advertise)    36    8733.24    47    8
(relay)    37    37    8759.85    8    8758.8    5    1
(advertise)    36    8760.05    37    8
(relay)    39    39    8820.46    8    8819.85    5    1
(advertise)    36    8820.66    39    8
(relay)    47    13    8930.08    8    8926.79    1    1
(relay)    1    43    8934.68    8    8932.19    3    1
(advertise)    36    8934.88    43    8
(relay)    6    17    8986.89    8    8986.03    3    1
(advertise)    36    8987.09    17    8
(relay)    47    35    9009.3    8    8986.16    2    1
(advertise)    36    9010.7    35    8
(relay)    6    15    9020.31    9    9018.08    2    1
(advertise)    36    9033.11    15    9
(relay)    6    25    9067.93    9    9066.69    1    1
(relay)    6    5    9107.53    9    9073.52    1    1
(relay)    37    42    9150.53    9    9149.08    1    1
(relay)    37    24    9226.53    9    9226.27    3    1
(advertise)    36    9226.93    24    9
(relay)    1    10    9250.14    9    9239.23    1    1
(relay)    47    8    9290.54    9    9288.48    2    1
(advertise)    36    9290.74    8    9
(relay)    23    23    9308.55    9    9307.48    6    1
(advertise)    36    9312.55    23    9
(relay)    47    22    9336.17    9    9316.88    2    1
(advertise)    36    9336.57    22    9
(relay)    6    32    9382.58    9    9347.28    2    1
(advertise)    36    9382.78    32    9
(relay)    6    28    9405.99    9    9378.81    2    1
(advertise)    36    9406.39    28    9
(relay)    6    18    9427.01    9    9364.5    2    1
(advertise)    36    9428.21    18    9
(relay)    37    21    9431.82    9    9430.25    2    1
(advertise)    36    9449.22    21    9
(relay)    37    12    9492.43    9    9490.36    2    1
(advertise)    36    9492.63    12    9
(relay)    37    46    9515.44    9    9492.75    3    1
(advertise)    36    9515.64    46    9
(generate)    36    9517.46    [2]    9
(relay)    6    27    9538.07    9    9517.98    1    1
(relay)    6    14    9572.87    9    9570.34    1    1
(relay)    6    6    9648.47    9    9647.41    4    1
(advertise)    36    9648.67    6    9
(relay)    37    4    9688.08    9    9687.25    1    1
(relay)    1    1    9704.08    9    9704.07    5    1
(advertise)    36    9704.28    1    9
(relay)    47    47    9705.9    9    9705.74    4    1
(relay)    6    45    9709.5    9    9666.58    1    2
(advertise)    36    9726.7    47    9
(relay)    37    37    9759.91    9    9758.82    5    1
(advertise)    36    9760.11    37    9
(relay)    39    39    9820.52    9    9819.91    5    1
(advertise)    36    9820.72    39    9
(relay)    47    13    9929.34    9    9926.83    1    1
(relay)    47    43    9950.54    9    9932.29    3    1
(advertise)    36    9950.74    43    9
(relay)    6    17    9987.55    9    9986.23    3    1
(advertise)    36    9987.75    17    9
(relay)    47    35    10012.76    9    9986.28    2    1
(advertise)    36    10013.16    35    9
(relay)    47    15    10034.78    10    10018.1    2    1
(advertise)    36    10035.58    15    10
(relay)    47    25    10069.59    10    10066.88    1    1
(relay)    6    5    10091.79    10    10073.56    1    1
(relay)    6    26    10132.79    10    10081.47    1    1
(relay)    6    42    10156.19    10    10149.18    3    1
(advertise)    36    10156.39    42    10
(relay)    47    33    10178.6    10    10164.46    1    1
(relay)    1    10    10249.6    10    10239.41    1    1
(relay)    47    8    10291.0    10    10288.66    2    1
(advertise)    36    10291.2    8    10
(relay)    23    23    10307.81    10    10307.61    6    1
(advertise)    36    10313.21    23    10
(relay)    37    22    10338.63    10    10316.9    2    1
(advertise)    36    10339.23    22    10
(relay)    6    32    10358.44    10    10347.37    2    1
(advertise)    36    10363.04    32    10
(relay)    6    18    10381.05    10    10364.67    2    1
(advertise)    36    10385.25    18    10
(relay)    6    28    10401.27    10    10378.87    2    1
(advertise)    36    10407.27    28    10
(relay)    47    21    10450.68    10    10430.39    2    1
(advertise)    36    10450.88    21    10
(relay)    37    12    10491.29    10    10490.39    2    1
(advertise)    36    10491.49    12    10
(relay)    47    46    10514.91    10    10492.77    3    1
(advertise)    36    10515.11    46    10
(generate)    36    10517.52    [2]    10
(relay)    6    27    10561.53    10    10518.11    1    1
(relay)    47    14    10586.73    10    10570.43    1    1
(relay)    6    6    10648.53    10    10647.55    4    1
(advertise)    36    10648.73    6    10
(relay)    47    45    10673.34    10    10666.64    1    1
(relay)    6    4    10687.74    10    10687.34    2    1
(advertise)    36    10687.94    4    10
(relay)    1    1    10704.76    10    10704.14    5    1
(relay)    47    47    10706.36    10    10705.9    4    2
(advertise)    36    10712.16    1    10
(advertise)    36    10733.57    47    10
(relay)    37    37    10758.98    10    10758.87    5    1
(advertise)    36    10759.18    37    10
(relay)    39    39    10821.0    10    10819.98    5    1
(advertise)    36    10821.2    39    10
(relay)    47    13    10929.61    10    10927.02    1    1
(relay)    47    43    10950.61    10    10932.41    3    1
(advertise)    36    10950.81    43    10
(relay)    6    17    10987.82    10    10986.4    3    1
(advertise)    36    10988.02    17    10
(relay)    6    15    11020.24    11    11018.1    2    1
(advertise)    36    11020.44    15    11
(relay)    47    25    11069.85    11    11066.89    1    1
(relay)    47    5    11091.45    11    11073.82    1    1
(relay)    47    26    11112.65    11    11081.47    1    1
(relay)    6    42    11151.45    11    11149.24    3    1
(advertise)    36    11151.65    42    11
(relay)    47    24    11226.86    11    11226.52    3    1
(advertise)    36    11227.06    24    11
(relay)    6    10    11251.67    11    11239.6    2    1
(advertise)    36    11252.67    10    11
(relay)    47    8    11290.89    11    11288.68    2    1
(advertise)    36    11291.09    8    11
(relay)    23    23    11307.9    11    11307.76    6    1
(advertise)    36    11312.5    23    11
(relay)    37    22    11335.71    11    11316.94    2    1
(advertise)    36    11336.11    22    11
(relay)    6    28    11399.73    11    11378.92    2    1
(advertise)    36    11399.93    28    11
(relay)    6    18    11421.94    11    11364.83    2    1
(advertise)    36    11422.74    18    11
(relay)    37    21    11432.55    11    11430.47    2    1
(advertise)    36    11446.75    21    11
(relay)    47    46    11515.37    11    11492.79    3    1
(advertise)    36    11515.57    46    11
(generate)    36    11517.58    [2]    11
(relay)    6    6    11648.59    11    11647.65    4    1
(advertise)    36    11648.79    6    11
(relay)    6    14    11680.8    11    11570.52    1    1
(relay)    47    4    11703.0    11    11687.44    2    1
(advertise)    36    11703.2    4    11
(relay)    1    1    11705.02    11    11704.38    5    1
(relay)    47    47    11706.62    11    11706.05    4    2
(advertise)    36    11726.42    1    11
(advertise)    36    11749.43    47    11
(relay)    37    37    11759.04    11    11758.9    5    1
(advertise)    36    11771.84    37    11
(relay)    39    39    11821.06    11    11820.06    5    1
(advertise)    36    11821.26    39    11
(relay)    23    43    11933.27    11    11932.52    2    1
(advertise)    36    11933.47    43    11
(relay)    6    17    11987.88    11    11986.57    3    1
(advertise)    36    11988.08    17    11
(relay)    47    35    12011.9    11    11986.55    2    1
(advertise)    36    12012.1    35    11
(relay)    47    15    12034.11    12    12018.13    2    1
(advertise)    36    12034.31    15    12
(relay)    6    25    12073.12    12    12067.06    1    1
(relay)    6    5    12096.12    12    12073.83    1    1
(relay)    6    26    12117.52    12    12081.65    1    1
(relay)    6    42    12151.32    12    12149.34    3    1
(advertise)    36    12151.52    42    12
(heartbeat)    2    3    12162.23    36    12175.53    3    4
(advertise)    36    12175.73    2    3
(relay)    47    24    12227.15    12    12226.64    3    1
(advertise)    36    12227.35    24    12
(relay)    47    10    12252.16    12    12239.79    2    1
(advertise)    36    12252.36    10    12
(relay)    39    8    12289.37    12    12288.69    1    1
(relay)    23    23    12307.97    12    12307.96    6    1
(advertise)    36    12308.17    23    12
(relay)    47    22    12336.39    12    12317.0    2    1
(advertise)    36    12336.59    22    12
(relay)    47    32    12361.8    12    12347.74    1    1
(relay)    47    28    12382.2    12    12378.93    1    1
(relay)    47    18    12405.0    12    12365.0    1    1
(relay)    47    21    12432.6    12    12430.6    2    1
(advertise)    36    12432.8    21    12
(relay)    47    12    12491.61    12    12490.47    2    1
(advertise)    36    12491.81    12    12
(relay)    47    46    12515.83    12    12492.86    2    1
(advertise)    36    12516.23    46    12
(generate)    36    12517.64    [2]    12
(relay)    47    27    12559.45    12    12518.39    1    1
(relay)    47    14    12580.85    12    12570.64    1    1
(relay)    6    6    12648.85    12    12647.82    4    1
(advertise)    36    12649.05    6    12
(relay)    47    4    12689.06    12    12687.58    2    1
(advertise)    36    12689.26    4    12
(relay)    1    1    12705.08    12    12704.46    5    1
(relay)    47    47    12706.68    12    12706.22    4    2
(advertise)    36    12712.68    1    12
(advertise)    36    12734.29    47    12
(relay)    37    37    12759.1    12    12758.95    5    1
(advertise)    36    12759.3    37    12
(relay)    39    39    12821.12    12    12820.13    5    1
(advertise)    36    12821.32    39    12
(relay)    47    13    12927.93    12    12927.28    1    1
(relay)    23    43    12933.53    12    12932.69    2    1
(advertise)    36    12933.73    43    12
(relay)    6    17    12988.94    12    12986.73    3    1
(advertise)    36    12989.14    17    12
(relay)    37    35    12991.16    12    12986.71    1    1
(relay)    6    15    13018.56    13    13018.17    2    1
(advertise)    36    13018.76    15    13
(relay)    47    5    13109.57    13    13073.9    1    1
(relay)    47    26    13134.17    13    13081.8    1    1
(relay)    6    42    13152.97    13    13149.45    2    1
(advertise)    36    13153.17    42    13
(relay)    47    33    13178.98    13    13164.89    1    1
(relay)    37    24    13228.18    13    13226.73    3    1
(advertise)    36    13228.38    24    13
(relay)    47    10    13252.59    13    13239.92    2    1
(advertise)    36    13253.59    10    13
(relay)    47    8    13289.41    13    13288.82    2    1
(advertise)    36    13289.61    8    13
(relay)    23    23    13308.22    13    13308.12    6    1
(advertise)    36    13311.62    23    13
(relay)    47    22    13336.03    13    13317.06    2    1
(advertise)    36    13336.23    22    13
(relay)    6    32    13376.85    13    13347.8    1    1
(relay)    6    28    13401.25    13    13378.99    2    1
(advertise)    36    13401.45    28    13
(relay)    47    18    13423.46    13    13365.16    2    1
(advertise)    36    13424.06    18    13
(relay)    47    12    13495.87    13    13490.53    2    1
(advertise)    36    13496.07    12    13
(generate)    36    13517.69    [2]    13
(relay)    47    46    13540.5    13    13492.92    2    1
(advertise)    36    13540.7    46    13
(relay)    6    27    13542.91    13    13518.44    1    1
(relay)    47    14    13587.51    13    13570.76    1    1
(relay)    6    6    13648.11    13    13647.95    4    1
(advertise)    36    13648.31    6    13
(relay)    47    4    13689.12    13    13687.68    2    1
(advertise)    36    13689.32    4    13
(relay)    1    1    13705.54    13    13704.5    5    1
(relay)    47    47    13707.34    13    13706.38    4    2
(advertise)    36    13711.54    1    13
(advertise)    36    13732.55    47    13
(relay)    37    37    13759.16    13    13758.98    5    1
(advertise)    36    13759.96    37    13
(relay)    6    45    13804.98    13    13666.91    1    1
(relay)    1    39    13821.18    13    13820.18    2    1
(advertise)    36    13821.58    39    13
(relay)    6    17    13988.99    13    13986.92    3    1
(advertise)    36    13989.19    17    13
(relay)    47    35    13995.2    13    13986.83    2    1
(advertise)    36    14010.6    35    13
(relay)    6    15    14031.62    14    14018.23    2    1
(advertise)    36    14033.82    15    14
(relay)    47    5    14095.23    14    14073.96    1    1
(relay)    6    26    14097.23    14    14081.98    1    1
(relay)    6    42    14152.43    14    14149.51    3    1
(advertise)    36    14152.63    42    14
(relay)    47    33    14177.44    14    14165.01    1    1
(relay)    47    24    14228.44    14    14226.89    3    1
(advertise)    36    14228.64    24    14
(relay)    6    10    14254.05    14    14240.07    2    1
(advertise)    36    14254.25    10    14
(relay)    47    8    14289.27    14    14288.83    2    1
(advertise)    36    14289.47    8    14
(relay)    23    23    14308.88    14    14308.23    6    1
(advertise)    36    14311.28    23    14
(relay)    47    22    14338.89    14    14317.12    2    1
(advertise)    36    14339.29    22    14
(relay)    6    32    14362.31    14    14347.9    2    1
(advertise)    36    14363.51    32    14
(relay)    6    18    14383.52    14    14365.27    2    1
(advertise)    36    14385.72    18    14
(relay)    6    28    14404.93    14    14379.02    2    1
(advertise)    36    14408.13    28    14
(relay)    47    21    14433.35    14    14430.83    2    1
(advertise)    36    14433.75    21    14
(relay)    47    12    14493.56    14    14490.59    2    1
(advertise)    36    14493.76    12    14
(relay)    37    46    14516.37    14    14492.98    2    1
(advertise)    36    14516.97    46    14
(generate)    36    14518.18    [2]    14
(relay)    6    27    14562.0    14    14518.56    1    1
(relay)    47    14    14572.8    14    14570.89    1    1
(relay)    6    6    14648.2    14    14648.1    4    1
(advertise)    36    14648.4    6    14
(relay)    47    45    14672.01    14    14666.93    1    1
(relay)    6    4    14689.01    14    14687.82    2    1
(advertise)    36    14689.21    4    14
(relay)    1    1    14705.62    14    14704.6    5    1
(relay)    47    47    14707.62    14    14706.55    4    2
(advertise)    36    14711.62    1    14
(advertise)    36    14733.44    47    14
(relay)    37    37    14759.45    14    14758.99    5    1
(advertise)    36    14759.85    37    14
(relay)    39    39    14820.26    14    14820.26    5    1
(advertise)    36    14820.46    39    14
(relay)    47    13    14928.68    14    14927.51    1    1
(relay)    6    43    14933.68    14    14932.98    3    1
(advertise)    36    14933.88    43    14
(relay)    37    35    14989.09    14    14986.97    1    1
(relay)    6    17    14989.49    14    14987.11    3    1
(advertise)    36    14989.69    17    14
(relay)    1    15    15019.3    15    15018.27    1    1
(relay)    6    25    15074.9    15    15067.39    1    1
(relay)    47    5    15095.5    15    15073.99    1    1
(relay)    47    26    15118.9    15    15082.02    1    1
(relay)    6    42    15153.1    15    15149.63    3    1
(advertise)    36    15153.3    42    15
(relay)    47    33    15175.91    15    15165.15    1    1
(relay)    47    24    15228.31    15    15227.03    3    1
(advertise)    36    15228.51    24    15
(relay)    47    10    15253.73    15    15240.26    1    1
(relay)    47    8    15289.53    15    15289.0    2    1
(advertise)    36    15289.73    8    15
(relay)    23    23    15308.94    15    15308.41    6    1
(advertise)    36    15310.74    23    15
(relay)    47    22    15339.35    15    15318.34    2    1
(advertise)    36    15339.55    22    15
(relay)    6    32    15376.17    15    15348.0    1    1
(relay)    6    28    15399.97    15    15379.05    2    1
(advertise)    36    15400.17    28    15
(relay)    37    21    15433.38    15    15430.97    2    1
(advertise)    36    15433.58    21    15
(relay)    6    18    15454.99    15    15365.44    1    1
(relay)    47    12    15494.39    15    15490.64    2    1
(advertise)    36    15494.59    12    15
(generate)    36    15518.21    [2]    15
(relay)    1    46    15519.82    15    15493.04    1    1
(relay)    6    27    15540.02    15    15518.66    1    1
(relay)    47    14    15573.02    15    15571.03    1    1
(relay)    6    6    15648.42    15    15648.24    4    1
(advertise)    36    15648.62    6    15
(relay)    37    4    15691.23    15    15687.91    1    1
(relay)    1    1    15705.63    15    15704.64    5    1
(advertise)    36    15705.83    1    15
(relay)    47    47    15707.64    15    15706.67    4    1
(relay)    6    45    15711.84    15    15666.99    1    2
(advertise)    36    15727.44    47    15
(relay)    37    37    15759.66    15    15759.04    5    1
(advertise)    36    15759.86    37    15
(relay)    39    39    15820.47    15    15820.28    5    1
(advertise)    36    15820.67    39    15
(relay)    47    13    15929.68    15    15927.69    1    1
(relay)    6    43    15934.68    15    15933.13    3    1
(advertise)    36    15934.88    43    15
(relay)    6    17    15987.5    15    15987.11    3    1
(advertise)    36    15987.7    17    15
(relay)    6    15    16019.91    16    16018.35    2    1
(advertise)    36    16020.11    15    16
(relay)    6    42    16152.12    16    16149.7    3    1
(advertise)    36    16152.32    42    16
(heartbeat)    2    4    16162.24    36    16172.74    3    4
(advertise)    36    16174.34    2    4
(relay)    47    33    16197.15    16    16165.26    1    1
(relay)    47    24    16229.55    16    16227.14    3    1
(advertise)    36    16229.75    24    16
(relay)    6    10    16251.76    16    16240.26    2    1
(advertise)    36    16252.76    10    16
(relay)    47    8    16290.37    16    16289.01    2    1
(advertise)    36    16290.57    8    16
(relay)    23    23    16309.19    16    16308.56    6    1
(advertise)    36    16312.39    23    16
(relay)    37    22    16339.8    16    16318.38    1    1
(relay)    1    32    16361.6    16    16348.1    1    1
(relay)    47    28    16384.6    16    16379.11    2    1
(advertise)    36    16384.8    28    16
(relay)    47    18    16407.21    16    16365.56    2    1
(advertise)    36    16407.81    18    16
(relay)    37    21    16432.43    16    16431.12    2    1
(advertise)    36    16432.83    21    16
(relay)    37    12    16495.44    16    16490.69    2    1
(advertise)    36    16495.64    12    16
(generate)    36    16518.25    [2]    16
(relay)    6    27    16540.87    16    16518.79    1    1
(relay)    47    14    16587.07    16    16571.12    1    1
(relay)    6    6    16648.87    16    16648.34    4    1
(advertise)    36    16649.07    6    16
(relay)    6    4    16690.08    16    16687.98    2    1
(advertise)    36    16690.28    4    16
(relay)    1    1    16704.69    16    16704.69    5    1
(relay)    47    47    16706.89    16    16706.82    4    2
(advertise)    36    16715.09    1    16
(relay)    6    45    16736.5    16    16667.02    1    2
(advertise)    36    16737.7    47    16
(relay)    37    37    16759.72    16    16759.08    5    1
(advertise)    36    16759.92    37    16
(relay)    39    39    16820.33    16    16820.33    5    1
(advertise)    36    16820.53    39    16
(relay)    47    13    16930.14    16    16927.77    1    1
(relay)    6    43    16934.74    16    16933.23    3    1
(advertise)    36    16934.94    43    16
(relay)    6    17    16987.76    16    16987.29    3    1
(advertise)    36    16987.96    17    16
(relay)    37    15    17032.37    17    17018.53    1    1
(relay)    47    25    17068.77    17    17067.73    1    1
(relay)    6    5    17083.97    17    17074.08    1    1
(relay)    6    26    17108.17    17    17082.23    1    1
(relay)    23    42    17152.17    17    17149.82    1    1
(relay)    47    33    17173.97    17    17165.32    1    1
(relay)    47    24    17229.37    17    17227.27    3    1
(advertise)    36    17229.57    24    17
(relay)    6    10    17251.58    17    17240.44    2    1
(advertise)    36    17252.98    10    17
(relay)    47    8    17290.4    17    17289.04    2    1
(advertise)    36    17290.6    8    17
(relay)    23    23    17309.81    17    17308.71    6    1
(advertise)    36    17311.81    23    17
(relay)    47    22    17336.02    17    17318.44    2    1
(advertise)    36    17337.02    22    17
(relay)    6    32    17381.63    17    17348.19    2    1
(advertise)    36    17381.83    32    17
(relay)    6    28    17404.45    17    17379.16    2    1
(advertise)    36    17404.85    28    17
(relay)    6    18    17425.86    17    17365.73    2    1
(advertise)    36    17426.86    18    17
(relay)    37    21    17431.87    17    17431.21    2    1
(advertise)    36    17451.07    21    17
(relay)    37    12    17495.49    17    17490.74    2    1
(advertise)    36    17495.69    12    17
(relay)    37    46    17517.9    17    17493.14    1    1
(generate)    36    17518.3    [2]    17
(relay)    6    27    17555.71    17    17518.91    1    1
(relay)    47    14    17590.91    17    17571.24    1    1
(relay)    6    6    17648.91    17    17648.44    4    1
(advertise)    36    17649.11    6    17
(relay)    1    4    17690.93    17    17688.07    1    1
(relay)    1    1    17704.93    17    17704.74    5    1
(advertise)    36    17705.13    1    17
(relay)    47    47    17707.14    17    17706.99    4    1
(advertise)    36    17727.34    47    17
(relay)    37    37    17760.15    17    17759.1    5    1
(advertise)    36    17760.35    37    17
(relay)    39    39    17820.96    17    17820.39    5    1
(advertise)    36    17821.16    39    17
(relay)    47    13    17930.18    17    17927.77    1    1
(relay)    6    43    17935.18    17    17933.31    3    1
(advertise)    36    17935.38    43    17
(relay)    6    17    17987.59    17    17987.31    3    1
(advertise)    36    17987.79    17    17
(relay)    37    35    18010.4    17    17987.37    1    1
(relay)    6    15    18019.8    18    18018.54    2    1
(advertise)    36    18020.0    15    18
(relay)    6    25    18068.62    18    18067.76    1    1
(relay)    47    5    18092.62    18    18074.14    1    1
(relay)    6    26    18114.62    18    18082.23    1    1
(relay)    6    42    18150.42    18    18149.94    3    1
(advertise)    36    18150.62    42    18
(relay)    37    24    18228.63    18    18227.37    3    1
(advertise)    36    18228.83    24    18
(relay)    6    10    18251.64    18    18240.63    2    1
(advertise)    36    18252.04    10    18
(relay)    47    8    18290.46    18    18289.21    2    1
(advertise)    36    18290.66    8    18
(relay)    23    23    18309.87    18    18308.86    6    1
(advertise)    36    18313.67    23    18
(relay)    47    22    18338.08    18    18318.47    2    1
(advertise)    36    18338.28    22    18
(relay)    6    32    18375.89    18    18348.32    2    1
(advertise)    36    18376.09    32    18
(relay)    6    18    18402.91    18    18365.73    2    1
(advertise)    36    18403.51    18    18
(relay)    6    28    18424.92    18    18379.24    1    1
(relay)    37    21    18450.52    18    18431.32    2    1
(advertise)    36    18450.72    21    18
(relay)    47    12    18493.73    18    18490.74    2    1
(advertise)    36    18493.93    12    18
(generate)    36    18518.35    [2]    18
(relay)    47    14    18574.76    18    18571.37    1    1
(relay)    6    6    18649.16    18    18648.55    4    1
(advertise)    36    18649.36    6    18
(relay)    47    45    18676.37    18    18667.1    1    1
(relay)    6    4    18688.37    18    18688.14    2    1
(advertise)    36    18688.57    4    18
(relay)    1    1    18704.79    18    18704.76    5    1
(relay)    47    47    18707.19    18    18707.15    4    2
(advertise)    36    18710.79    1    18
(advertise)    36    18732.8    47    18
(relay)    37    37    18760.21    18    18759.11    5    1
(advertise)    36    18760.41    37    18
(relay)    39    39    18821.02    18    18820.45    5    1
(advertise)    36    18821.22    39    18
(relay)    47    13    18931.24    18    18927.8    1    1
(relay)    39    43    18937.84    18    18933.43    1    1
(relay)    6    17    18988.44    18    18987.47    3    1
(advertise)    36    18988.64    17    18
(relay)    37    15    19022.05    19    19018.72    1    1
(relay)    6    5    19106.85    19    19074.18    1    1
(relay)    6    42    19150.85    19    19150.02    3    1
(advertise)    36    19151.05    42    19
(relay)    47    33    19174.46    19    19165.56    1    1
(relay)    37    24    19228.06    19    19227.48    3    1
(advertise)    36    19228.26    24    19
(relay)    47    10    19251.68    19    19240.63    2    1
(advertise)    36    19252.68    10    19
(relay)    47    8    19292.69    19    19289.22    1    1
(relay)    23    23    19310.09    19    19308.99    6    1
(advertise)    36    19310.29    23    19
(relay)    47    22    19336.1    19    19318.5    2    1
(advertise)    36    19336.3    22    19
(relay)    6    32    19358.72    19    19348.41    2    1
(advertise)    36    19359.52    32    19
(relay)    6    18    19380.33    19    19365.91    2    1
(advertise)    36    19380.73    18    19
(relay)    6    28    19401.94    19    19379.28    2    1
(advertise)    36    19405.74    28    19
(relay)    47    21    19432.55    19    19431.42    2    1
(advertise)    36    19432.75    21    19
(relay)    47    12    19493.97    19    19490.94    2    1
(advertise)    36    19494.37    12    19
(relay)    47    46    19515.98    19    19493.34    1    1
(generate)    36    19518.38    [2]    19
(relay)    47    14    19573.79    19    19571.48    1    1
(relay)    6    6    19649.59    19    19648.62    4    1
(advertise)    36    19649.79    6    19
(relay)    37    4    19688.81    19    19688.23    1    1
(relay)    1    1    19705.41    19    19704.79    5    1
(advertise)    36    19705.61    1    19
(relay)    47    47    19707.82    19    19707.3    4    1
(advertise)    36    19727.82    47    19
(relay)    6    45    19755.23    19    19667.29    1    1
(relay)    37    37    19760.23    19    19759.15    5    1
(advertise)    36    19760.43    37    19
(relay)    39    39    19821.05    19    19820.47    5    1
(advertise)    36    19821.25    39    19
(relay)    47    13    19931.06    19    19927.97    1    1
(relay)    47    43    19951.66    19    19933.52    3    1
(advertise)    36    19951.86    43    19
(relay)    6    17    19988.87    19    19987.63    3    1
(advertise)    36    19989.07    17    19
(relay)    47    35    19999.28    19    19987.62    2    1
(advertise)    36    20010.68    35    19
(relay)    6    15    20033.5    20    20018.74    2    1
(advertise)    36    20034.7    15    20
(relay)    6    5    20096.31    20    20074.22    1    1
(relay)    6    26    20120.31    20    20082.23    1    1
(relay)    47    42    20151.11    20    20150.11    2    1
(advertise)    36    20151.31    42    20
(heartbeat)    2    5    20162.25    36    20173.92    3    4
(advertise)    36    20174.32    2    5
(relay)    6    10    20251.94    20    20240.81    2    1
(advertise)    36    20252.14    10    20
(relay)    23    23    20309.15    20    20309.14    6    1
(advertise)    36    20309.35    23    20
(relay)    37    22    20335.56    20    20318.52    2    1
(advertise)    36    20336.16    22    20
(relay)    6    32    20355.18    20    20348.51    2    1
(advertise)    36    20357.38    32    20
(relay)    6    18    20377.99    20    20366.06    2    1
(advertise)    36    20379.39    18    20
(relay)    6    28    20400.8    20    20379.35    2    1
(advertise)    36    20402.6    28    20
(relay)    37    21    20433.61    20    20431.51    2    1
(advertise)    36    20433.81    21    20
(relay)    47    12    20493.23    20    20490.97    2    1
(advertise)    36    20493.43    12    20
(relay)    37    46    20517.84    20    20493.37    1    1
(generate)    36    20518.44    [2]    20
(relay)    6    27    20558.05    20    20519.3    1    1
(relay)    6    6    20649.65    20    20648.75    4    1
(advertise)    36    20649.85    6    20
(relay)    47    45    20675.87    20    20667.35    1    1
(relay)    6    4    20688.67    20    20688.31    2    1
(advertise)    36    20688.87    4    20
(relay)    1    1    20705.48    20    20704.84    5    1
(relay)    47    47    20708.08    20    20707.49    4    2
(advertise)    36    20711.28    1    20
(advertise)    36    20734.09    47    20
(relay)    37    37    20759.31    20    20759.15    5    1
(advertise)    36    20759.51    37    20
(relay)    39    39    20821.52    20    20820.53    5    1
(advertise)    36    20821.72    39    20
(relay)    47    13    20930.73    20    20928.16    1    1
(relay)    6    43    20934.93    20    20933.64    3    1
(advertise)    36    20935.13    43    20
(relay)    6    17    20989.14    20    20987.8    3    1
(advertise)    36    20989.34    17    20
(relay)    37    35    20998.56    20    20987.76    1    1
(relay)    6    15    21020.96    21    21018.77    2    1
(advertise)    36    21021.16    15    21
(relay)    6    25    21070.97    21    21068.28    1    1
(relay)    6    5    21093.97    21    21074.25    1    1
(relay)    6    26    21115.17    21    21082.25    1    1
(relay)    6    42    21151.57    21    21150.21    3    1
(advertise)    36    21151.77    42    21
(relay)    47    33    21174.98    21    21165.73    1    1
(relay)    47    24    21228.18    21    21227.71    3    1
(advertise)    36    21228.38    24    21
(relay)    6    10    21250.2    21    21240.97    2    1
(advertise)    36    21250.4    10    21
(relay)    37    8    21291.21    21    21289.4    1    1
(relay)    23    23    21309.41    21    21309.29    6    1
(advertise)    36    21309.61    23    21
(relay)    47    22    21338.82    21    21318.54    2    1
(advertise)    36    21339.02    22    21
(relay)    1    32    21363.24    21    21348.58    1    1
(relay)    1    18    21384.44    21    21366.2    1    1
(relay)    6    28    21406.24    21    21379.39    2    1
(advertise)    36    21406.44    28    21
(relay)    47    21    21433.85    21    21431.63    2    1
(advertise)    36    21434.85    21    21
(relay)    47    12    21491.86    21    21491.02    2    1
(advertise)    36    21492.06    12    21
(relay)    47    46    21517.07    21    21493.41    2    1
(advertise)    36    21517.27    46    21
(generate)    36    21518.49    [2]    21
(relay)    6    27    21561.5    21    21519.39    1    1
(relay)    47    14    21605.7    21    21571.72    1    1
(relay)    6    6    21649.9    21    21648.88    4    1
(advertise)    36    21650.1    6    21
(relay)    6    4    21689.31    21    21688.4    2    1
(advertise)    36    21689.51    4    21
(relay)    1    1    21705.53    21    21704.87    5    1
(relay)    47    47    21708.13    21    21707.64    4    2
(advertise)    36    21712.33    1    21
(advertise)    36    21734.34    47    21
(relay)    37    37    21759.35    21    21759.18    5    1
(advertise)    36    21759.75    37    21
(relay)    6    45    21781.97    21    21667.39    1    1
(relay)    39    39    21821.57    21    21820.58    5    1
(advertise)    36    21821.77    39    21
(relay)    47    13    21928.78    21    21928.16    1    1
(relay)    1    43    21934.18    21    21933.76    3    1
(advertise)    36    21934.38    43    21
(relay)    6    17    21989.79    21    21987.98    3    1
(advertise)    36    21989.99    17    21
(relay)    6    15    22020.0    22    22018.82    2    1
(advertise)    36    22020.2    15    22
(relay)    47    25    22071.22    22    22068.47    1    1
(relay)    47    5    22094.22    22    22074.28    1    1
(relay)    6    42    22152.42    22    22150.32    3    1
(advertise)    36    22152.62    42    22
(relay)    47    33    22170.63    22    22165.84    1    1
(relay)    6    24    22229.43    22    22227.79    2    1
(advertise)    36    22229.63    24    22
(relay)    6    10    22252.24    22    22240.98    2    1
(advertise)    36    22252.64    10    22
(relay)    47    8    22289.86    22    22289.58    2    1
(advertise)    36    22290.06    8    22
(relay)    23    23    22309.47    22    22309.44    6    1
(advertise)    36    22311.47    23    22
(relay)    47    22    22338.68    22    22318.58    2    1
(advertise)    36    22338.88    22    22
(relay)    6    32    22360.9    22    22348.65    2    1
(advertise)    36    22361.1    32    22
(relay)    6    18    22382.71    22    22366.39    2    1
(advertise)    36    22384.51    18    22
(relay)    6    28    22403.92    22    22379.45    2    1
(advertise)    36    22407.72    28    22
(relay)    37    21    22434.53    22    22431.73    2    1
(advertise)    36    22434.73    21    22
(relay)    47    12    22493.35    22    22491.07    1    1
(relay)    47    46    22517.95    22    22493.44    1    1
(generate)    36    22518.55    [2]    22
(relay)    47    14    22572.36    22    22571.81    1    1
(relay)    6    6    22648.96    22    22648.96    4    1
(advertise)    36    22649.16    6    22
(relay)    47    45    22672.77    22    22667.43    1    1
(relay)    6    4    22689.77    22    22688.44    2    1
(advertise)    36    22689.97    4    22
(relay)    1    1    22705.39    22    22704.92    5    1
(relay)    47    47    22708.79    22    22707.79    4    2
(advertise)    36    22711.19    1    22
(advertise)    36    22733.2    47    22
(relay)    37    37    22759.41    22    22759.36    5    1
(advertise)    36    22759.81    37    22
(relay)    39    39    22821.63    22    22820.64    5    1
(advertise)    36    22821.83    39    22
(relay)    47    13    22928.84    22    22928.18    1    1
(relay)    6    43    22934.04    22    22933.83    3    1
(advertise)    36    22934.24    43    22
(relay)    6    17    22990.25    22    22988.14    3    1
(advertise)    36    22990.45    17    22
(relay)    6    15    23019.06    23    23018.82    2    1
(advertise)    36    23019.26    15    23
(relay)    6    25    23072.48    23    23068.62    1    1
(relay)    47    5    23094.88    23    23075.11    1    1
(relay)    47    26    23115.28    23    23082.26    1    1
(relay)    6    42    23152.88    23    23150.39    3    1
(advertise)    36    23153.08    42    23
(relay)    47    33    23178.09    23    23166.0    1    1
(relay)    23    24    23230.09    23    23227.9    2    1
(advertise)    36    23230.29    24    23
(relay)    1    10    23252.7    23    23240.98    1    1
(relay)    47    8    23290.1    23    23289.74    2    1
(advertise)    36    23290.3    8    23
(relay)    23    23    23310.12    23    23309.61    6    1
(advertise)    36    23313.92    23    23
(relay)    47    22    23339.93    23    23318.61    2    1
(advertise)    36    23340.33    22    23
(relay)    6    32    23362.94    23    23348.78    2    1
(advertise)    36    23363.14    32    23
(relay)    6    18    23383.36    23    23366.54    2    1
(advertise)    36    23385.76    18    23
(relay)    37    21    23435.17    23    23431.84    2    1
(advertise)    36    23435.37    21    23
(relay)    47    28    23457.18    23    23379.45    2    1
(advertise)    36    23457.98    28    23
(relay)    6    12    23494.19    23    23491.11    1    1
(generate)    36    23518.59    [2]    23
(relay)    47    46    23541.41    23    23493.5    2    1
(advertise)    36    23541.61    46    23
(relay)    47    14    23581.02    23    23571.9    1    1
(relay)    6    6    23649.22    23    23649.06    4    1
(advertise)    36    23649.42    6    23
(relay)    47    45    23674.83    23    23667.5    1    1
(relay)    6    4    23689.83    23    23688.54    2    1
(advertise)    36    23690.03    4    23
(relay)    1    1    23706.05    23    23704.96    5    1
(relay)    47    47    23709.05    23    23707.97    4    2
(advertise)    36    23711.65    1    23
(advertise)    36    23733.66    47    23
(relay)    37    37    23759.87    23    23759.39    5    1
(advertise)    36    23760.07    37    23
(relay)    39    39    23820.69    23    23820.69    5    1
(advertise)    36    23820.89    39    23
(relay)    23    43    23935.3    23    23934.12    2    1
(advertise)    36    23935.5    43    23
(relay)    6    17    23990.51    23    23988.28    3    1
(advertise)    36    23990.71    17    23
(relay)    47    35    24013.92    23    23988.15    2    1
(advertise)    36    24014.92    35    23
(relay)    47    15    24036.14    24    24018.84    2    1
(advertise)    36    24037.14    15    24
(relay)    6    25    24073.15    24    24068.75    1    1
(relay)    6    5    24094.35    24    24075.11    1    1
(relay)    6    42    24153.35    24    24150.45    3    1
(advertise)    36    24153.55    42    24
(heartbeat)    2    6    24162.27    36    24176.16    3    4
(advertise)    36    24177.56    2    6
(relay)    47    24    24229.38    24    24228.05    3    1
(advertise)    36    24229.58    24    24
(relay)    47    10    24253.79    24    24241.17    2    1
(advertise)    36    24254.79    10    24
(relay)    47    8    24290.2    24    24289.81    2    1
(advertise)    36    24290.4    8    24
(relay)    23    23    24310.42    24    24309.77    6    1
(advertise)    36    24312.02    23    24
(relay)    37    22    24336.83    24    24318.67    2    1
(advertise)    36    24337.23    22    24
(relay)    6    32    24358.44    24    24348.85    2    1
(advertise)    36    24358.84    32    24
(relay)    6    18    24380.25    24    24366.66    1    1
(relay)    37    21    24435.25    24    24432.03    2    1
(advertise)    36    24435.45    21    24
(relay)    47    28    24458.07    24    24379.49    2    1
(advertise)    36    24458.27    28    24
(relay)    37    12    24494.28    24    24491.17    2    1
(advertise)    36    24494.48    12    24
(relay)    47    46    24517.49    24    24493.56    2    1
(advertise)    36    24517.69    46    24
(generate)    36    24518.91    [2]    24
(relay)    47    27    24560.72    24    24519.76    1    1
(relay)    47    14    24586.92    24    24571.95    1    1
(relay)    6    6    24649.32    24    24649.19    4    1
(advertise)    36    24649.52    6    24
(relay)    6    4    24690.53    24    24688.64    2    1
(advertise)    36    24690.73    4    24
(relay)    1    1    24706.15    24    24705.04    5    1
(relay)    47    47    24709.15    24    24708.12    4    2
(advertise)    36    24712.95    1    24
(advertise)    36    24735.16    47    24
(relay)    6    45    24756.97    24    24667.55    1    1
(relay)    37    37    24759.97    24    24759.43    5    1
(advertise)    36    24760.37    37    24
(relay)    39    39    24820.78    24    24820.78    5    1
(advertise)    36    24820.98    39    24
(relay)    47    13    24930.0    24    24928.34    1    1
(relay)    6    43    24935.0    24    24934.27    3    1
(advertise)    36    24935.2    43    24
(relay)    1    17    24989.21    24    24988.45    2    1
(advertise)    36    24989.41    17    24
(relay)    47    35    25012.42    24    24988.3    2    1
(advertise)    36    25013.02    35    24
(relay)    6    15    25034.24    25    25018.92    2    1
(advertise)    36    25035.24    15    25
(relay)    6    25    25073.45    25    25068.9    1    1
(relay)    6    5    25093.85    25    25075.21    1    1
(relay)    6    26    25117.25    25    25082.6    1    1
(relay)    6    42    25154.25    25    25150.58    3    1
(advertise)    36    25154.45    42    25
(relay)    47    24    25229.86    25    25228.18    3    1
(advertise)    36    25230.06    24    25
(relay)    6    10    25253.88    25    25241.33    2    1
(advertise)    36    25254.08    10    25
(relay)    47    8    25290.69    25    25289.81    2    1
(advertise)    36    25290.89    8    25
(relay)    23    23    25310.5    25    25309.94    6    1
(advertise)    36    25312.3    23    25
(relay)    37    22    25341.11    25    25318.73    2    1
(advertise)    36    25341.31    22    25
(relay)    6    32    25363.33    25    25348.91    2    1
(advertise)    36    25363.53    32    25
(relay)    6    18    25385.34    25    25366.77    1    1
(relay)    6    28    25408.54    25    25379.55    2    1
(advertise)    36    25408.74    28    25
(relay)    47    21    25447.75    25    25432.76    2    1
(advertise)    36    25447.95    21    25
(relay)    47    12    25494.97    25    25491.23    2    1
(advertise)    36    25495.17    12    25
(generate)    36    25518.98    [2]    25
(relay)    47    46    25520.19    25    25493.62    1    1
(relay)    6    27    25578.99    25    25519.88    1    1
(relay)    47    14    25609.79    25    25572.1    1    1
(relay)    6    6    25649.99    25    25649.34    4    1
(advertise)    36    25650.19    6    25
(relay)    47    4    25691.21    25    25688.75    2    1
(advertise)    36    25691.41    4    25
(relay)    1    1    25706.02    25    25705.09    5    1
(relay)    47    47    25708.42    25    25708.26    4    2
(advertise)    36    25714.62    1    25
(advertise)    36    25736.63    47    25
(relay)    37    37    25760.04    25    25759.47    5    1
(advertise)    36    25761.64    37    25
(relay)    39    39    25820.86    25    25820.86    5    1
(advertise)    36    25821.06    39    25
(relay)    47    13    25930.47    25    25928.38    1    1
(relay)    1    43    25935.67    25    25934.41    3    1
(advertise)    36    25935.87    43    25
(relay)    6    17    25988.88    25    25988.63    3    1
(advertise)    36    25989.08    17    25
(relay)    6    15    26020.3    26    26018.96    2    1
(advertise)    36    26020.5    15    26
(relay)    6    5    26076.91    26    26075.24    1    1
(relay)    47    26    26115.31    26    26082.74    1    1
(relay)    6    42    26154.11    26    26150.69    3    1
(advertise)    36    26154.31    42    26
(relay)    47    33    26167.32    26    26166.33    1    1
(relay)    37    24    26230.72    26    26228.27    3    1
(advertise)    36    26230.92    24    26
(relay)    47    10    26253.54    26    26241.5    2    1
(advertise)    36    26254.94    10    26
(relay)    47    8    26291.15    26    26289.82    2    1
(advertise)    36    26291.35    8    26
(relay)    23    23    26311.16    26    26310.07    6    1
(advertise)    36    26312.36    23    26
(relay)    37    22    26339.37    26    26318.79    2    1
(advertise)    36    26340.37    22    26
(relay)    6    18    26404.59    26    26366.92    1    1
(relay)    37    21    26433.59    26    26432.91    2    1
(advertise)    36    26433.79    21    26
(relay)    47    12    26495.4    26    26491.28    2    1
(advertise)    36    26495.6    12    26
(relay)    23    46    26518.41    26    26493.65    1    1
(generate)    36    26519.01    [2]    26
(relay)    47    27    26579.23    26    26520.03    1    1
(relay)    47    14    26600.83    26    26572.19    1    1
(relay)    6    6    26650.03    26    26649.42    4    1
(advertise)    36    26650.23    6    26
(relay)    47    45    26674.44    26    26667.75    1    1
(relay)    6    4    26691.04    26    26688.83    2    1
(advertise)    36    26691.24    4    26
(relay)    1    1    26705.25    26    26705.12    5    1
(relay)    47    47    26708.45    26    26708.4    4    2
(advertise)    36    26712.85    1    26
(advertise)    36    26734.27    47    26
(relay)    37    37    26760.48    26    26759.51    5    1
(advertise)    36    26761.08    37    26
(relay)    39    39    26821.49    26    26820.9    5    1
(advertise)    36    26821.69    39    26
(relay)    47    13    26930.3    26    26928.38    1    1
(relay)    1    43    26935.7    26    26934.48    3    1
(advertise)    36    26935.9    43    26
(relay)    6    17    26989.12    26    26988.8    3    1
(advertise)    36    26989.32    17    26
(relay)    47    35    26993.73    26    26988.55    2    1
(advertise)    36    27012.33    35    26
(relay)    6    15    27033.94    27    27018.98    1    1
(relay)    6    25    27086.74    27    27069.87    1    1
(relay)    6    5    27110.34    27    27075.28    1    1
(relay)    6    26    27132.74    27    27082.89    1    1
(relay)    1    42    27155.14    27    27150.84    2    1
(advertise)    36    27155.34    42    27
(relay)    37    24    27229.76    27    27228.39    3    1
(advertise)    36    27229.96    24    27
(relay)    47    10    27252.77    27    27241.69    2    1
(advertise)    36    27254.37    10    27
(relay)    47    8    27291.18    27    27289.85    2    1
(advertise)    36    27291.38    8    27
(relay)    23    23    27311.2    27    27310.23    6    1
(advertise)    36    27314.2    23    27
(relay)    47    22    27339.01    27    27318.85    2    1
(advertise)    36    27339.41    22    27
(relay)    6    18    27404.22    27    27367.08    1    1
(relay)    47    28    27424.62    27    27379.62    2    1
(advertise)    36    27424.82    28    27
(relay)    37    21    27450.43    27    27433.02    2    1
(advertise)    36    27450.63    21    27
(relay)    47    12    27495.85    27    27491.34    2    1
(advertise)    36    27496.05    12    27
(relay)    47    46    27517.26    27    27493.71    1    1
(generate)    36    27519.06    [2]    27
(relay)    6    27    27556.47    27    27520.12    1    1
(relay)    47    14    27584.67    27    27572.34    1    1
(relay)    6    6    27650.07    27    27649.53    4    1
(advertise)    36    27650.27    6    27
(relay)    47    45    27679.49    27    27667.79    1    1
(relay)    6    4    27690.29    27    27688.95    2    1
(advertise)    36    27690.49    4    27
(relay)    1    1    27705.3    27    27705.16    5    1
(relay)    47    47    27708.7    27    27708.55    4    2
(advertise)    36    27713.7    1    27
(advertise)    36    27734.91    47    27
(relay)    37    37    27760.53    27    27759.55    5    1
(advertise)    36    27761.33    37    27
(relay)    39    39    27821.54    27    27820.95    5    1
(advertise)    36    27821.74    39    27
(relay)    47    13    27931.15    27    27928.4    1    1
(relay)    6    43    27936.35    27    27934.59    3    1
(advertise)    36    27936.55    43    27
(relay)    6    17    27989.76    27    27988.99    3    1
(advertise)    36    27989.96    17    27
(relay)    47    35    28012.58    27    27988.7    2    1
(advertise)    36    28012.98    35    27
(relay)    47    15    28033.99    28    28019.03    2    1
(advertise)    36    28034.99    15    28
(relay)    6    42    28151.6    28    28150.9    3    1
(advertise)    36    28151.8    42    28
(heartbeat)    2    7    28162.28    36    28175.42    3    4
(advertise)    36    28175.62    2    7
(relay)    37    24    28229.03    28    28228.54    3    1
(advertise)    36    28229.23    24    28
(relay)    1    10    28252.44    28    28241.84    1    1
(relay)    47    8    28291.64    28    28289.89    2    1
(advertise)    36    28291.84    8    28
(relay)    23    23    28311.46    28    28310.39    6    1
(advertise)    36    28312.86    23    28
(relay)    47    22    28338.67    28    28318.91    2    1
(advertise)    36    28338.87    22    28
(relay)    1    32    28405.68    28    28349.22    1    1
(relay)    47    28    28422.88    28    28379.65    1    1
(relay)    37    21    28435.48    28    28433.8    2    1
(advertise)    36    28435.68    21    28
(relay)    47    12    28495.49    28    28491.4    2    1
(advertise)    36    28495.69    12    28
(relay)    47    46    28515.91    28    28493.76    2    1
(advertise)    36    28517.31    46    28
(generate)    36    28519.12    [2]    28
(relay)    6    27    28562.53    28    28520.22    1    1
(relay)    47    14    28575.93    28    28572.5    1    1
(relay)    6    6    28650.73    28    28649.64    4    1
(advertise)    36    28650.93    6    28
(relay)    37    4    28689.95    28    28689.08    1    1
(relay)    1    1    28705.35    28    28705.23    5    1
(advertise)    36    28705.55    1    28
(relay)    47    47    28709.16    28    28708.69    4    1
(relay)    47    45    28710.96    28    28667.82    1    2
(advertise)    36    28727.16    47    28
(relay)    37    37    28760.57    28    28759.6    5    1
(advertise)    36    28760.77    37    28
(relay)    39    39    28821.59    28    28821.01    5    1
(advertise)    36    28821.79    39    28
(relay)    47    13    28932.0    28    28928.59    1    1
(relay)    1    43    28936.8    28    28934.72    3    1
(advertise)    36    28937.0    43    28
(relay)    6    17    28990.41    28    28989.16    3    1
(advertise)    36    28990.61    17    28
(relay)    47    15    29021.22    29    29019.08    2    1
(advertise)    36    29021.42    15    29
(relay)    47    25    29075.44    29    29070.22    1    1
(relay)    6    5    29076.44    29    29075.37    1    1
(relay)    6    26    29101.44    29    29083.2    1    1
(relay)    6    42    29151.84    29    29151.06    3    1
(advertise)    36    29152.04    42    29
(relay)    47    33    29174.45    29    29166.68    1    1
(relay)    6    24    29229.45    29    29228.6    2    1
(advertise)    36    29229.65    24    29
(relay)    1    10    29253.46    29    29242.03    1    1
(relay)    47    8    29292.26    29    29290.08    2    1
(advertise)    36    29292.46    8    29
(relay)    23    23    29310.68    29    29310.53    6    1
(advertise)    36    29313.48    23    29
(relay)    47    22    29341.69    29    29318.92    2    1
(advertise)    36    29341.89    22    29
(relay)    6    32    29377.9    29    29349.32    2    1
(advertise)    36    29378.1    32    29
(relay)    6    28    29399.32    29    29379.72    2    1
(advertise)    36    29401.12    28    29
(relay)    47    18    29422.53    29    29367.4    1    1
(relay)    37    21    29436.13    29    29433.94    2    1
(advertise)    36    29436.33    21    29
(relay)    37    12    29493.14    29    29491.41    2    1
(advertise)    36    29493.34    12    29
(relay)    37    46    29517.15    29    29493.77    2    1
(advertise)    36    29517.55    46    29
(generate)    36    29519.17    [2]    29
(relay)    6    27    29559.98    29    29520.32    1    1
(relay)    47    14    29585.78    29    29572.56    1    1
(relay)    6    6    29650.78    29    29649.74    4    1
(advertise)    36    29650.98    6    29
(relay)    47    45    29676.39    29    29668.0    1    1
(relay)    6    4    29689.59    29    29689.17    2    1
(advertise)    36    29689.79    4    29
(relay)    1    1    29705.81    29    29705.28    5    1
(relay)    47    47    29709.41    29    29708.86    4    2
(advertise)    36    29711.61    1    29
(advertise)    36    29734.02    47    29
(relay)    37    37    29759.63    29    29759.61    5    1
(advertise)    36    29759.83    37    29
(relay)    39    39    29822.05    29    29821.08    5    1
(advertise)    36    29822.25    39    29
(relay)    47    13    29932.06    29    29928.74    1    1
(relay)    1    43    29937.26    29    29934.83    3    1
(advertise)    36    29937.46    43    29
(relay)    6    17    29990.47    29    29989.17    3    1
(advertise)    36    29990.67    17    29
(relay)    47    35    29991.88    29    29988.91    1    1
