(relay)    47    15    1017.4    1    1017.0    126    1
(advertise)    37    1017.6    15    1
(relay)    24    29    1049.61    1    1047.01    124    1
(advertise)    37    1049.81    29    1
(relay)    36    25    1074.03    1    1065.03    123    1
(advertise)    37    1074.23    25    1
(relay)    47    5    1095.44    1    1072.24    125    1
(advertise)    37    1096.64    5    1
(relay)    47    26    1118.45    1    1080.04    124    1
(advertise)    37    1120.65    26    1
(relay)    47    42    1151.87    1    1148.07    124    1
(advertise)    37    1152.07    42    1
(relay)    47    33    1176.88    1    1163.08    123    1
(advertise)    37    1177.08    33    1
(relay)    24    3    1212.29    1    1210.09    123    1
(advertise)    37    1212.49    3    1
(relay)    24    24    1225.7    1    1225.1    127    1
(advertise)    37    1234.3    24    1
(relay)    47    10    1258.72    1    1238.12    125    1
(advertise)    37    1258.92    10    1
(relay)    47    34    1286.33    1    1285.13    124    1
(advertise)    37    1286.53    34    1
(relay)    23    23    1306.74    1    1306.12    127    1
(advertise)    37    1308.54    23    1
(relay)    24    8    1310.56    1    1287.94    126    1
(advertise)    37    1330.56    8    1
(relay)    47    22    1354.17    1    1315.16    123    1
(advertise)    37    1354.37    22    1
(relay)    47    11    1374.98    1    1323.16    123    1
(advertise)    37    1375.38    11    1
(relay)    47    32    1398.8    1    1346.16    123    1
(advertise)    37    1399.0    32    1
(relay)    47    18    1420.81    1    1363.18    123    1
(advertise)    37    1422.41    18    1
(relay)    47    48    1441.82    1    1378.2    124    1
(advertise)    37    1443.42    48    1
(relay)    47    28    1463.03    1    1378.2    124    1
(relay)    24    21    1464.63    1    1429.01    126    2
(advertise)    37    1465.63    28    1
(advertise)    37    1487.85    21    1
(relay)    47    40    1506.66    1    1420.01    122    1
(advertise)    37    1509.86    40    1
(relay)    36    36    1517.07    1    1516.06    127    1
(advertise)    37    1530.87    36    1
(relay)    47    46    1550.69    1    1491.26    124    1
(advertise)    37    1552.09    46    1
(relay)    47    27    1573.5    1    1515.07    125    1
(relay)    24    12    1574.9    1    1489.05    124    2
(advertise)    37    1576.1    27    1
(relay)    24    30    1599.31    1    1393.2    121    2
(advertise)    37    1599.51    12    1
(relay)    47    20    1617.73    1    1434.02    122    2
(advertise)    37    1620.73    30    1
(advertise)    37    1642.34    20    1
(relay)    47    6    1659.55    1    1646.15    126    1
(advertise)    37    1664.35    6    1
(relay)    47    14    1682.16    1    1569.1    125    1
(advertise)    37    1685.36    14    1
(relay)    24    9    1687.38    1    1552.09    123    1
(relay)    47    4    1704.38    1    1686.16    126    2
(relay)    47    47    1705.38    1    1704.39    127    3
(advertise)    37    1707.18    9    1
(advertise)    37    1728.59    4    1
(relay)    24    0    1733.0    1    1573.1    123    2
(advertise)    37    1750.6    47    1
(generate)    37    1758.02    [2]    1
(advertise)    37    1773.43    0    1
(relay)    47    45    1793.04    1    1665.15    124    1
(advertise)    37    1794.44    45    1
(relay)    39    1    1800.66    1    1703.16    125    1
(advertise)    37    1816.86    1    1
(relay)    39    39    1819.07    1    1819.02    127    1
(relay)    47    7    1834.47    1    1719.19    122    2
(advertise)    37    1838.67    39    1
(advertise)    37    1860.48    7    1
(relay)    47    38    1878.49    1    1754.02    123    1
(advertise)    37    1882.49    38    1
(relay)    47    13    1927.51    1    1926.11    124    1
(advertise)    37    1927.71    13    1
(relay)    24    16    1952.52    1    1927.11    123    1
(advertise)    37    1952.72    16    1
(relay)    23    43    1962.33    1    1931.11    125    1
(advertise)    37    1974.73    43    1
(relay)    1    17    1994.55    1    1985.15    125    1
(relay)    47    31    1996.55    1    1942.12    122    2
(advertise)    37    1997.95    17    1
(advertise)    37    2018.96    31    1
(relay)    1    15    2039.97    2    2017.16    125    1
(advertise)    37    2041.57    15    2
(relay)    24    35    2044.19    1    1985.15    125    1
(advertise)    37    2063.79    35    1
(relay)    1    5    2083.2    2    2072.4    124    1
(advertise)    37    2086.0    5    2
(relay)    1    29    2106.61    2    2047.19    123    1
(advertise)    37    2108.41    29    2
(relay)    1    25    2128.22    2    2065.2    123    1
(advertise)    37    2131.02    25    2
(relay)    47    26    2150.44    2    2080.2    121    1
(advertise)    37    2153.04    26    2
(relay)    36    42    2173.05    2    2148.22    123    1
(advertise)    37    2174.25    42    2
(relay)    47    33    2193.66    2    2163.25    122    1
(advertise)    37    2196.66    33    2
(relay)    47    3    2220.68    2    2210.28    122    1
(advertise)    37    2220.88    3    2
(relay)    24    24    2225.89    2    2225.29    127    1
(advertise)    37    2244.69    24    2
(relay)    47    10    2264.7    2    2238.29    125    1
(advertise)    37    2268.7    10    2
(relay)    47    44    2287.92    2    2286.33    124    1
(advertise)    37    2289.72    44    2
(relay)    23    23    2306.93    2    2306.3    127    1
(advertise)    37    2310.73    23    2
(relay)    47    34    2334.34    2    2285.32    122    1
(advertise)    37    2334.74    34    2
(relay)    47    22    2355.35    2    2315.54    124    1
(advertise)    37    2356.75    22    2
(relay)    47    11    2379.37    2    2323.34    122    1
(advertise)    37    2379.57    11    2
(relay)    47    32    2401.18    2    2346.33    124    1
(advertise)    37    2405.78    32    2
(relay)    47    48    2425.99    2    2378.78    124    1
(relay)    23    18    2427.19    2    2363.37    122    2
(advertise)    37    2427.39    48    2
(advertise)    37    2452.41    18    2
(relay)    39    28    2469.42    2    2378.38    123    1
(advertise)    37    2474.62    28    2
(relay)    39    30    2491.43    2    2393.37    121    1
(relay)    47    21    2492.23    2    2429.19    123    2
(relay)    24    40    2495.23    2    2420.19    121    3
(advertise)    37    2498.03    30    2
(relay)    36    36    2517.24    2    2516.24    127    3
(advertise)    37    2521.24    21    2
(advertise)    37    2544.06    40    2
(advertise)    37    2567.07    36    2
(relay)    36    27    2576.88    2    2515.26    124    1
(relay)    47    12    2580.48    2    2489.64    124    2
(relay)    24    46    2584.88    2    2491.44    125    3
(advertise)    37    2589.48    27    2
(advertise)    37    2610.5    12    2
(relay)    39    20    2625.71    2    2434.21    120    2
(advertise)    37    2633.51    46    2
(advertise)    37    2656.52    20    2
(relay)    36    14    2665.94    2    2569.28    124    1
(advertise)    37    2679.54    14    2
(relay)    47    6    2689.95    2    2646.34    126    1
(advertise)    37    2700.75    6    2
(relay)    1    1    2704.36    2    2703.35    127    1
(relay)    47    47    2705.56    2    2704.56    127    2
(relay)    47    4    2710.96    2    2686.35    126    3
(relay)    24    19    2719.76    2    2509.26    122    4
(advertise)    37    2723.76    1    2
(relay)    47    41    2731.37    2    2596.31    124    4
(advertise)    37    2745.77    47    2
(generate)    37    2758.19    [2]    2
(advertise)    37    2767.8    4    2
(advertise)    37    2789.81    19    2
(relay)    47    0    2799.63    2    2573.28    122    2
(relay)    24    9    2807.63    2    2552.27    122    3
(advertise)    37    2812.63    41    2
(relay)    39    39    2819.24    2    2819.2    127    3
(advertise)    37    2834.44    0    2
(advertise)    37    2857.25    9    2
(relay)    24    45    2875.67    2    2665.55    124    2
(advertise)    37    2880.87    39    2
(relay)    47    7    2886.68    2    2719.37    123    2
(advertise)    37    2903.48    45    2
(advertise)    37    2926.69    7    2
(relay)    47    43    2933.3    2    2931.29    126    1
(advertise)    37    2947.7    43    2
(relay)    47    38    2956.12    2    2754.2    123    1
(advertise)    37    2969.92    38    2
(relay)    47    31    2980.13    2    2942.3    122    1
(advertise)    37    2992.53    31    2
(relay)    1    17    3000.74    2    2985.33    125    1
(relay)    47    13    3001.34    2    2926.29    125    2
(advertise)    37    3015.34    17    2
(advertise)    37    3038.56    13    2
(relay)    47    15    3045.37    3    3017.34    126    1
(relay)    24    16    3048.57    2    2927.29    124    2
(advertise)    37    3060.77    15    3
(advertise)    37    3082.38    16    2
(relay)    47    35    3087.8    2    2985.33    123    1
(advertise)    37    3104.6    35    2
(relay)    47    5    3111.21    3    3072.58    124    1
(advertise)    37    3125.81    5    3
(relay)    39    25    3135.42    3    3065.78    123    1
(relay)    24    29    3135.82    3    3047.37    124    2
(advertise)    37    3147.02    25    3
(advertise)    37    3168.63    29    3
(relay)    1    26    3183.05    3    3080.38    123    1
(advertise)    37    3190.25    26    3
(relay)    39    42    3201.66    3    3148.41    124    1
(advertise)    37    3211.66    42    3
(relay)    47    33    3224.87    3    3163.43    121    1
(relay)    24    24    3226.67    3    3225.47    127    2
(advertise)    37    3233.87    33    3
(relay)    47    10    3247.09    3    3238.47    125    2
(advertise)    37    3255.49    24    3
(relay)    24    3    3264.5    3    3210.46    123    2
(advertise)    37    3278.3    10    3
(advertise)    37    3301.71    3    3
(relay)    23    23    3307.13    3    3306.49    127    1
(relay)    24    8    3307.73    3    3288.31    126    2
(advertise)    37    3324.93    23    3
(relay)    47    44    3335.34    3    3286.53    123    2
(advertise)    37    3348.54    8    3
(relay)    24    34    3352.15    3    3285.51    123    2
(advertise)    37    3371.95    44    3
(advertise)    37    3392.96    34    3
(relay)    24    22    3396.58    3    3315.73    125    1
(advertise)    37    3414.18    22    3
(relay)    24    11    3421.39    3    3323.53    124    1
(relay)    47    32    3421.99    3    3346.53    123    2
(advertise)    37    3435.39    11    3
(advertise)    37    3457.8    32    3
(relay)    24    21    3464.22    3    3429.38    126    1
(relay)    47    28    3465.42    3    3378.56    125    2
(advertise)    37    3478.82    21    3
(relay)    47    18    3487.03    3    3363.55    124    2
(relay)    24    48    3487.83    3    3379.78    125    3
(advertise)    37    3500.83    28    3
(relay)    36    36    3517.44    3    3516.43    127    3
(advertise)    37    3523.24    18    3
(advertise)    37    3546.86    48    3
(relay)    47    40    3551.67    3    3420.39    123    2
(relay)    24    30    3553.67    3    3393.55    122    3
(advertise)    37    3568.47    36    3
(relay)    24    12    3578.28    3    3489.83    125    3
(advertise)    37    3591.88    40    3
(advertise)    37    3614.09    30    3
(relay)    47    27    3617.31    3    3515.46    125    2
(advertise)    37    3636.71    12    3
(relay)    24    46    3643.12    3    3491.63    125    2
(advertise)    37    3657.72    27    3
(relay)    47    14    3662.53    3    3569.48    125    2
(relay)    36    6    3665.93    3    3646.53    126    3
(advertise)    37    3678.73    46    3
(advertise)    37    3701.15    14    3
(relay)    1    1    3704.56    3    3703.55    127    2
(relay)    24    20    3708.16    3    3434.39    122    3
(advertise)    37    3722.96    6    3
(relay)    24    47    3730.57    3    3704.76    126    3
(advertise)    37    3744.57    1    3
(relay)    47    4    3752.59    3    3686.55    126    3
(generate)    37    3758.39    [2]    3
(advertise)    37    3766.0    20    3
(relay)    47    41    3776.01    3    3596.51    124    3
(advertise)    37    3787.61    47    3
(advertise)    37    3809.82    4    3
(relay)    39    39    3819.44    3    3819.4    127    2
(relay)    47    0    3820.44    3    3573.48    123    3
(advertise)    37    3831.84    41    3
(advertise)    37    3853.05    39    3
(relay)    47    9    3867.66    3    3552.47    123    2
(advertise)    37    3876.06    0    3
(relay)    24    19    3888.88    3    3509.46    122    2
(advertise)    37    3897.28    9    3
(relay)    24    45    3909.89    3    3665.73    124    2
(advertise)    37    3919.69    19    3
(advertise)    37    3942.3    45    3
(relay)    47    38    3953.72    3    3754.39    123    1
(relay)    39    7    3960.72    3    3719.57    121    2
(advertise)    37    3963.52    38    3
(advertise)    37    3984.53    7    3
(relay)    47    43    3996.34    3    3931.49    125    1
(advertise)    37    4007.14    43    3
(relay)    47    13    4018.75    3    3926.49    125    1
(relay)    39    17    4026.95    3    3985.53    125    2
(advertise)    37    4030.55    13    3
(advertise)    37    4053.17    17    3
(relay)    24    16    4063.38    3    3927.49    124    1
(relay)    47    15    4064.38    4    4017.54    126    2
(advertise)    37    4074.38    16    3
(relay)    24    35    4084.79    3    3985.53    125    2
(advertise)    37    4096.79    15    4
(relay)    39    31    4115.01    3    3942.5    122    2
(advertise)    37    4119.41    35    3
(advertise)    37    4143.22    31    3
(relay)    47    5    4151.03    4    4072.78    125    1
(advertise)    37    4165.23    5    4
(relay)    24    29    4172.45    4    4047.57    123    1
(relay)    39    25    4180.45    4    4065.98    123    2
(advertise)    37    4186.45    29    4
(advertise)    37    4207.46    25    4
(relay)    24    26    4216.87    4    4080.58    121    1
(relay)    24    24    4226.67    4    4225.67    4    2
(advertise)    37    4229.07    26    4
(heartbeat)    2    1    4162.2    37    4240.68    127    0
(advertise)    37    4252.68    24    4
(relay)    39    42    4267.3    4    4148.61    123    2
(advertise)    37    4273.7    2    1
(relay)    24    33    4281.51    4    4163.63    124    2
(advertise)    37    4296.51    42    4
(advertise)    37    4321.52    33    4
(relay)    24    8    4325.54    4    4288.32    2    1
(relay)    39    23    4334.54    4    4306.68    5    2
(advertise)    37    4344.94    8    4
(relay)    24    3    4347.15    4    4210.66    123    2
(relay)    47    10    4349.35    4    4238.67    2    3
(advertise)    37    4366.15    23    4
(advertise)    37    4387.16    3    4
(advertise)    37    4408.18    10    4
(relay)    47    44    4414.59    4    4286.72    2    1
(advertise)    37    4431.39    44    4
(relay)    47    22    4435.0    4    4316.72    2    1
(advertise)    37    4452.6    22    4
(relay)    47    32    4456.81    4    4346.72    2    1
(relay)    24    21    4461.01    4    4429.58    3    2
(advertise)    37    4474.41    32    4
(relay)    24    48    4482.23    4    4379.98    1    2
(advertise)    37    4496.63    21    4
(relay)    47    28    4500.64    4    4378.58    2    1
(relay)    36    36    4516.64    4    4516.63    5    2
(advertise)    37    4520.84    28    4
(relay)    47    18    4522.05    4    4363.75    2    2
(relay)    24    12    4527.25    4    4490.03    3    3
(advertise)    37    4542.85    36    4
(advertise)    37    4564.87    18    4
(relay)    24    46    4570.08    4    4492.23    4    2
(advertise)    37    4586.88    12    4
(relay)    47    27    4589.09    4    4516.25    1    2
(advertise)    37    4609.69    46    4
(relay)    24    6    4648.51    4    4646.72    2    1
(advertise)    37    4648.71    6    4
(relay)    47    14    4671.52    4    4569.68    1    1
(relay)    24    45    4684.72    4    4665.74    1    1
(relay)    47    4    4692.72    4    4686.74    2    1
(advertise)    37    4692.92    4    4
(relay)    1    1    4703.73    4    4703.71    5    1
(relay)    47    47    4705.13    4    4704.96    4    2
(advertise)    37    4716.73    1    4
(advertise)    37    4737.74    47    4
(generate)    37    4758.56    [2]    4
(relay)    39    39    4820.17    4    4819.54    5    1
(advertise)    37    4820.37    39    4
(relay)    47    13    4928.78    4    4926.65    1    1
(relay)    1    43    4932.98    4    4931.61    3    1
(advertise)    37    4933.18    43    4
(relay)    24    35    4986.2    4    4985.6    2    1
(advertise)    37    4986.4    35    4
(relay)    47    15    5019.01    5    5017.69    2    1
(advertise)    37    5019.21    15    5
(relay)    36    5    5109.02    5    5073.14    1    1
(relay)    1    26    5130.62    5    5080.65    1    1
(relay)    47    42    5151.62    5    5148.62    2    1
(advertise)    37    5151.82    42    5
(relay)    47    33    5173.24    5    5163.87    1    1
(relay)    24    24    5226.64    5    5225.69    4    1
(advertise)    37    5226.84    24    5
(relay)    23    23    5307.85    5    5306.84    6    1
(advertise)    37    5308.05    23    5
(relay)    47    44    5333.66    5    5287.37    1    1
(relay)    24    22    5355.86    5    5316.8    3    1
(advertise)    37    5356.06    22    5
(relay)    47    32    5380.07    5    5346.87    1    1
(relay)    39    18    5380.47    5    5363.93    1    1
(relay)    24    48    5383.67    5    5381.3    1    1
(relay)    24    21    5430.27    5    5429.77    3    1
(advertise)    37    5430.47    21    5
(relay)    24    12    5493.89    5    5490.07    3    1
(advertise)    37    5494.09    12    5
(relay)    47    46    5516.1    5    5492.26    3    1
(advertise)    37    5516.3    46    5
(relay)    47    36    5537.71    5    5516.71    4    1
(advertise)    37    5538.31    36    5
(relay)    24    14    5572.73    5    5569.88    1    1
(relay)    24    9    5595.33    5    5552.75    1    1
(relay)    24    27    5617.73    5    5517.59    1    1
(relay)    24    41    5644.13    5    5596.77    1    1
(relay)    36    6    5647.73    5    5646.83    3    1
(advertise)    37    5647.93    6    5
(relay)    47    4    5689.14    5    5686.83    2    1
(advertise)    37    5689.34    4    5
(relay)    1    1    5703.75    5    5703.73    5    1
(relay)    47    47    5705.15    5    5705.07    4    2
(advertise)    37    5713.55    1    5
(relay)    47    45    5732.17    5    5665.85    1    2
(advertise)    37    5734.77    47    5
(generate)    37    5758.58    [2]    5
(relay)    39    39    5820.19    5    5819.57    5    1
(advertise)    37    5820.39    39    5
(relay)    24    13    5928.6    5    5926.69    1    1
(relay)    1    43    5933.6    5    5931.73    3    1
(advertise)    37    5933.8    43    5
(relay)    39    17    5986.42    5    5985.83    2    1
(advertise)    37    5986.62    17    5
(relay)    24    35    5993.23    5    5985.64    2    1
(advertise)    37    6009.03    35    5
(relay)    47    15    6019.04    6    6017.72    2    1
(advertise)    37    6031.04    15    6
(relay)    47    25    6072.86    6    6066.21    2    1
(advertise)    37    6073.06    25    6
(relay)    39    5    6094.07    6    6073.39    1    1
(relay)    39    26    6117.67    6    6080.76    1    1
(relay)    47    42    6150.67    6    6148.73    2    1
(advertise)    37    6150.87    42    6
(relay)    47    33    6174.08    6    6164.04    1    1
(relay)    24    24    6226.88    6    6225.84    4    1
(advertise)    37    6227.08    24    6
(relay)    47    10    6250.9    6    6238.9    2    1
(advertise)    37    6252.1    10    6
(relay)    23    23    6308.11    6    6307.02    6    1
(advertise)    37    6308.31    23    6
(relay)    47    44    6314.32    6    6287.94    1    1
(relay)    1    32    6355.32    6    6346.97    2    1
(advertise)    37    6355.52    32    6
(relay)    1    18    6377.73    6    6364.05    1    1
(relay)    47    22    6381.93    6    6316.83    2    1
(advertise)    37    6382.13    22    6
(relay)    1    28    6423.75    6    6378.74    1    1
(relay)    24    21    6450.55    6    6429.77    3    1
(advertise)    37    6450.75    21    6
(relay)    24    12    6493.56    6    6490.1    3    1
(advertise)    37    6493.76    12    6
(relay)    24    46    6514.57    6    6492.5    2    1
(advertise)    37    6516.57    46    6
(relay)    47    36    6540.19    6    6516.8    4    1
(advertise)    37    6540.59    36    6
(relay)    47    27    6563.6    6    6517.65    2    1
(advertise)    37    6563.8    27    6
(relay)    24    14    6586.41    6    6570.04    1    1
(relay)    24    9    6611.01    6    6552.92    1    1
(relay)    24    6    6649.21    6    6646.99    2    1
(advertise)    37    6649.41    6    6
(relay)    24    41    6670.83    6    6596.83    1    1
(relay)    47    45    6686.63    6    6665.92    1    1
(relay)    1    1    6703.83    6    6703.81    5    1
(advertise)    37    6704.03    1    6
(relay)    47    47    6705.44    6    6705.26    4    1
(relay)    47    4    6707.84    6    6686.91    2    2
(advertise)    37    6725.04    47    6
(advertise)    37    6746.45    4    6
(generate)    37    6758.66    [2]    6
(relay)    39    39    6820.28    6    6819.68    5    1
(advertise)    37    6820.48    39    6
(relay)    24    13    6929.29    6    6926.75    1    1
(relay)    1    43    6933.69    6    6931.9    3    1
(advertise)    37    6933.89    43    6
(relay)    36    17    6986.5    6    6985.99    2    1
(advertise)    37    6986.7    17    6
(relay)    24    35    6996.52    6    6985.82    2    1
(advertise)    37    7007.72    35    6
(relay)    47    15    7020.13    7    7017.75    2    1
(advertise)    37    7029.93    15    7
(relay)    47    25    7082.74    7    7066.39    2    1
(advertise)    37    7082.94    25    7
(relay)    47    5    7106.36    7    7073.45    2    1
(advertise)    37    7106.56    5    7
(relay)    36    26    7129.97    7    7080.92    1    1
(relay)    47    42    7151.17    7    7148.86    2    1
(advertise)    37    7151.37    42    7
(relay)    24    24    7226.98    7    7226.0    4    1
(advertise)    37    7227.18    24    7
(relay)    1    10    7250.79    7    7239.07    1    1
(relay)    23    23    7308.19    7    7307.17    6    1
(advertise)    37    7308.39    23    7
(relay)    47    44    7332.41    7    7288.12    1    1
(relay)    47    32    7355.61    7    7347.09    3    1
(advertise)    37    7355.81    32    7
(relay)    47    18    7376.82    7    7364.22    2    1
(advertise)    37    7377.02    18    7
(relay)    47    22    7401.03    7    7316.84    2    1
(advertise)    37    7401.43    22    7
(relay)    1    28    7402.85    7    7378.78    1    1
(relay)    24    48    7422.45    7    7381.47    1    1
(relay)    24    21    7444.45    7    7429.96    3    1
(advertise)    37    7444.65    21    7
(relay)    24    12    7493.46    7    7490.13    3    1
(advertise)    37    7493.66    12    7
(relay)    24    46    7514.07    7    7492.53    3    1
(advertise)    37    7515.47    46    7
(relay)    47    36    7539.69    7    7517.27    3    1
(advertise)    37    7540.29    36    7
(relay)    36    27    7562.9    7    7517.76    1    1
(relay)    47    14    7591.9    7    7570.17    1    1
(relay)    47    6    7648.7    7    7647.17    3    1
(advertise)    37    7648.9    6    7
(relay)    24    45    7676.31    7    7666.01    1    1
(relay)    1    4    7688.71    7    7687.03    1    1
(relay)    1    1    7704.11    7    7703.91    5    1
(advertise)    37    7704.31    1    7
(relay)    47    47    7705.52    7    7705.45    4    1
(advertise)    37    7726.92    47    7
(generate)    37    7758.74    [2]    7
(relay)    39    39    7820.35    7    7819.75    5    1
(advertise)    37    7820.55    39    7
(relay)    47    13    7929.76    7    7926.77    1    1
(relay)    1    43    7934.16    7    7932.04    3    1
(advertise)    37    7934.36    43    7
(relay)    47    35    7987.78    7    7985.99    2    1
(advertise)    37    7987.98    35    7
(relay)    47    17    8008.99    7    7985.99    2    1
(advertise)    37    8011.19    17    7
(relay)    36    15    8020.6    8    8018.01    1    1
(relay)    47    25    8067.4    8    8066.55    2    1
(advertise)    37    8067.6    25    8
(relay)    47    5    8090.02    8    8073.48    2    1
(advertise)    37    8090.62    5    8
(relay)    47    26    8114.23    8    8081.09    1    1
(relay)    47    42    8150.43    8    8148.96    1    1
(heartbeat)    2    2    8162.21    37    8163.83    3    3
(advertise)    37    8164.03    2    2
(relay)    24    24    8226.24    8    8226.15    4    1
(advertise)    37    8226.44    24    8
(relay)    47    10    8250.65    8    8239.07    2    1
(advertise)    37    8251.05    10    8
(relay)    24    8    8290.87    8    8288.48    2    1
(advertise)    37    8291.07    8    8
(relay)    23    23    8308.28    8    8307.35    6    1
(advertise)    37    8312.28    23    8
(relay)    24    48    8385.09    8    8381.59    1    1
(relay)    1    18    8399.69    8    8364.37    1    1
(relay)    47    28    8420.09    8    8378.81    1    1
(relay)    24    21    8430.49    8    8430.11    3    1
(advertise)    37    8430.69    21    8
(relay)    47    12    8492.91    8    8490.32    2    1
(advertise)    37    8493.11    12    8
(relay)    24    46    8513.12    8    8492.71    4    1
(advertise)    37    8514.92    46    8
(relay)    36    36    8517.53    8    8517.38    5    1
(advertise)    37    8537.93    36    8
(relay)    47    14    8583.35    8    8570.22    1    1
(relay)    24    6    8650.35    8    8647.3    2    1
(advertise)    37    8650.55    6    8
(relay)    47    45    8673.76    8    8666.52    1    1
(relay)    47    4    8694.16    8    8687.15    2    1
(advertise)    37    8694.36    4    8
(relay)    1    1    8704.17    8    8704.02    5    1
(relay)    47    47    8706.17    8    8705.63    4    2
(advertise)    37    8718.37    1    8
(advertise)    37    8741.58    47    8
(generate)    37    8758.8    [2]    8
(relay)    39    39    8820.41    8    8819.85    5    1
(advertise)    37    8820.61    39    8
(relay)    47    13    8930.02    8    8926.79    1    1
(relay)    1    43    8934.42    8    8932.19    3    1
(advertise)    37    8934.62    43    8
(relay)    24    17    8988.44    8    8986.03    1    1
(relay)    47    35    9009.64    8    8986.16    2    1
(advertise)    37    9009.84    35    8
(relay)    47    15    9030.85    9    9018.08    2    1
(advertise)    37    9031.05    15    9
(relay)    47    25    9068.06    9    9066.69    1    1
(relay)    47    42    9150.06    9    9149.08    2    1
(advertise)    37    9150.26    42    9
(relay)    24    33    9173.48    9    9164.35    1    1
(relay)    24    24    9226.28    9    9226.27    4    1
(advertise)    37    9226.48    24    9
(relay)    24    10    9251.49    9    9239.23    1    1
(relay)    24    8    9290.89    9    9288.48    2    1
(advertise)    37    9291.09    8    9
(relay)    23    23    9307.5    9    9307.48    6    1
(advertise)    37    9313.3    23    9
(relay)    24    22    9336.11    9    9316.88    3    1
(advertise)    37    9336.51    22    9
(relay)    24    48    9384.93    9    9381.67    1    1
(relay)    47    32    9401.53    9    9347.28    1    1
(relay)    1    28    9405.33    9    9378.81    1    1
(relay)    1    18    9427.73    9    9364.5    1    1
(relay)    24    21    9431.53    9    9430.25    3    1
(advertise)    37    9431.73    21    9
(relay)    24    12    9491.14    9    9490.36    3    1
(advertise)    37    9491.34    12    9
(relay)    24    46    9514.15    9    9492.75    4    1
(advertise)    37    9515.35    46    9
(relay)    24    14    9572.77    9    9570.34    1    1
(relay)    24    9    9594.17    9    9553.09    1    1
(relay)    24    6    9650.97    9    9647.41    2    1
(advertise)    37    9651.17    6    9
(relay)    24    45    9672.98    9    9666.58    1    1
(relay)    47    4    9687.58    9    9687.25    2    1
(advertise)    37    9687.78    4    9
(relay)    1    1    9704.59    9    9704.07    5    1
(relay)    47    47    9706.19    9    9705.74    4    2
(advertise)    37    9709.39    1    9
(advertise)    37    9731.81    47    9
(generate)    37    9758.82    [2]    9
(relay)    39    39    9820.83    9    9819.91    5    1
(advertise)    37    9821.03    39    9
(relay)    24    13    9929.25    9    9926.83    1    1
(relay)    1    43    9934.45    9    9932.29    3    1
(advertise)    37    9934.65    43    9
(relay)    47    17    9988.66    9    9986.23    2    1
(advertise)    37    9988.86    17    9
(relay)    24    35    10012.67    9    9986.28    2    1
(advertise)    37    10013.07    35    9
(relay)    47    15    10033.88    10    10018.1    2    1
(advertise)    37    10034.08    15    10
(relay)    47    25    10069.7    10    10066.88    1    1
(relay)    47    5    10092.5    10    10073.56    1    1
(relay)    39    42    10157.5    10    10149.18    2    1
(advertise)    37    10157.7    42    10
(relay)    47    33    10179.11    10    10164.46    1    1
(relay)    24    24    10226.51    10    10226.39    4    1
(advertise)    37    10226.71    24    10
(relay)    1    10    10249.52    10    10239.41    1    1
(relay)    24    8    10290.72    10    10288.66    2    1
(advertise)    37    10290.92    8    10
(relay)    23    23    10307.74    10    10307.61    6    1
(advertise)    37    10312.14    23    10
(relay)    24    22    10337.95    10    10316.9    3    1
(advertise)    37    10338.15    22    10
(relay)    24    11    10359.96    10    10324.58    1    1
(relay)    39    32    10361.96    10    10347.37    1    1
(relay)    1    18    10382.16    10    10364.67    1    1
(relay)    24    48    10402.56    10    10381.75    1    1
(relay)    1    28    10403.36    10    10378.87    1    1
(relay)    24    21    10450.56    10    10430.39    3    1
(advertise)    37    10450.76    21    10
(relay)    24    12    10490.98    10    10490.39    3    1
(advertise)    37    10491.18    12    10
(relay)    24    46    10514.99    10    10492.77    4    1
(advertise)    37    10515.39    46    10
(relay)    36    36    10518.0    10    10517.52    5    1
(advertise)    37    10537.0    36    10
(relay)    24    14    10587.01    10    10570.43    1    1
(relay)    47    6    10649.61    10    10647.55    3    1
(advertise)    37    10649.81    6    10
(relay)    47    45    10673.43    10    10666.64    1    1
(relay)    47    4    10699.63    10    10687.34    2    1
(advertise)    37    10699.83    4    10
(relay)    1    1    10704.64    10    10704.14    5    1
(relay)    47    47    10706.44    10    10705.9    4    2
(advertise)    37    10721.24    1    10
(advertise)    37    10742.65    47    10
(generate)    37    10758.87    [2]    10
(relay)    39    39    10821.08    10    10819.98    5    1
(advertise)    37    10821.28    39    10
(relay)    24    13    10928.89    10    10927.02    1    1
(relay)    1    43    10933.69    10    10932.41    3    1
(advertise)    37    10933.89    43    10
(relay)    47    17    10988.71    10    10986.4    2    1
(advertise)    37    10988.91    17    10
(relay)    47    15    11019.52    11    11018.1    2    1
(advertise)    37    11019.72    15    11
(relay)    47    25    11069.73    11    11066.89    1    1
(relay)    47    5    11091.33    11    11073.82    1    1
(relay)    47    26    11111.73    11    11081.47    1    1
(relay)    47    42    11151.93    11    11149.24    2    1
(advertise)    37    11152.13    42    11
(relay)    24    33    11168.34    11    11164.61    1    1
(relay)    24    24    11227.14    11    11226.52    4    1
(advertise)    37    11227.34    24    11
(relay)    47    10    11251.36    11    11239.6    2    1
(advertise)    37    11251.76    10    11
(relay)    23    23    11307.77    11    11307.76    6    1
(advertise)    37    11307.97    23    11
(relay)    24    22    11334.98    11    11316.94    3    1
(advertise)    37    11335.18    22    11
(relay)    39    18    11422.8    11    11364.83    1    1
(relay)    24    21    11431.8    11    11430.47    3    1
(advertise)    37    11432.0    21    11
(relay)    24    12    11491.01    11    11490.4    3    1
(advertise)    37    11491.21    12    11
(relay)    24    46    11514.62    11    11492.79    4    1
(advertise)    37    11515.02    46    11
(relay)    36    36    11518.04    11    11517.58    5    1
(advertise)    37    11537.24    36    11
(relay)    24    14    11571.05    11    11570.52    1    1
(relay)    47    27    11578.25    11    11518.27    1    1
(relay)    1    6    11649.25    11    11647.65    3    1
(advertise)    37    11649.45    6    11
(relay)    24    45    11686.86    11    11666.7    1    1
(relay)    47    4    11703.06    11    11687.44    2    1
(advertise)    37    11703.26    4    11
(relay)    1    1    11704.87    11    11704.38    5    1
(relay)    47    47    11707.07    11    11706.05    4    2
(advertise)    37    11724.47    1    11
(advertise)    37    11746.69    47    11
(generate)    37    11758.9    [2]    11
(relay)    39    39    11821.11    11    11820.06    5    1
(advertise)    37    11821.31    39    11
(relay)    24    13    11927.73    11    11927.1    1    1
(relay)    23    43    11933.33    11    11932.52    2    1
(advertise)    37    11933.53    43    11
(relay)    24    17    11990.94    11    11986.57    1    1
(relay)    47    35    12011.14    11    11986.55    2    1
(advertise)    37    12011.34    35    11
(relay)    47    15    12033.95    12    12018.13    2    1
(advertise)    37    12035.35    15    12
(relay)    47    25    12074.97    12    12067.06    1    1
(relay)    47    5    12096.57    12    12073.83    1    1
(relay)    47    26    12119.37    12    12081.65    1    1
(relay)    47    42    12152.57    12    12149.34    2    1
(advertise)    37    12152.77    42    12
(relay)    24    33    12177.18    12    12164.75    1    1
(heartbeat)    2    3    12162.23    37    12177.58    3    3
(advertise)    37    12177.98    2    3
(relay)    24    24    12227.19    12    12226.64    4    1
(advertise)    37    12227.39    24    12
(relay)    47    10    12252.6    12    12239.79    2    1
(advertise)    37    12252.8    10    12
(relay)    39    8    12289.42    12    12288.69    1    1
(relay)    23    23    12308.42    12    12307.96    6    1
(advertise)    37    12308.62    23    12
(relay)    24    22    12336.03    12    12317.0    3    1
(advertise)    37    12336.23    22    12
(relay)    24    11    12359.04    12    12324.78    1    1
(relay)    47    32    12361.84    12    12347.74    1    1
(relay)    47    28    12382.24    12    12378.93    1    1
(relay)    47    18    12405.44    12    12365.0    1    1
(relay)    24    21    12432.24    12    12430.6    3    1
(advertise)    37    12432.44    21    12
(relay)    24    12    12491.66    12    12490.47    3    1
(advertise)    37    12491.86    12    12
(relay)    47    46    12515.87    12    12492.86    2    1
(advertise)    37    12516.27    46    12
(relay)    36    36    12518.68    12    12517.64    5    1
(advertise)    37    12537.28    36    12
(relay)    47    27    12559.3    12    12518.39    1    1
(relay)    47    14    12581.3    12    12570.64    1    1
(relay)    39    6    12648.1    12    12647.82    3    1
(advertise)    37    12648.3    6    12
(relay)    47    4    12688.91    12    12687.58    2    1
(advertise)    37    12689.11    4    12
(relay)    1    1    12705.52    12    12704.46    5    1
(relay)    47    47    12707.32    12    12706.22    4    2
(advertise)    37    12710.52    1    12
(advertise)    37    12732.53    47    12
(generate)    37    12758.95    [2]    12
(relay)    39    39    12820.16    12    12820.13    5    1
(advertise)    37    12820.36    39    12
(relay)    47    13    12927.97    12    12927.28    1    1
(relay)    1    43    12932.97    12    12932.69    3    1
(advertise)    37    12933.17    43    12
(relay)    24    35    12989.99    12    12986.71    2    1
(advertise)    37    12990.19    35    12
(relay)    47    17    12994.2    12    12986.73    2    1
(advertise)    37    13012.4    17    12
(relay)    24    15    13035.01    13    13018.17    1    1
(relay)    47    5    13109.61    13    13073.9    1    1
(relay)    47    26    13134.01    13    13081.8    1    1
(relay)    47    42    13156.81    13    13149.45    2    1
(advertise)    37    13157.01    42    13
(relay)    47    33    13178.03    13    13164.89    1    1
(relay)    24    24    13227.23    13    13226.73    4    1
(advertise)    37    13227.43    24    13
(relay)    47    10    13252.64    13    13239.92    2    1
(advertise)    37    13252.84    10    13
(relay)    23    23    13308.65    13    13308.12    6    1
(advertise)    37    13308.85    23    13
(relay)    47    22    13336.46    13    13317.06    2    1
(advertise)    37    13336.66    22    13
(relay)    24    11    13359.68    13    13324.79    1    1
(relay)    47    32    13376.88    13    13347.8    1    1
(relay)    24    48    13383.28    13    13381.94    1    1
(relay)    1    28    13401.88    13    13378.99    1    1
(relay)    47    18    13423.88    13    13365.16    2    1
(advertise)    37    13424.08    18    13
(relay)    24    21    13450.09    13    13430.71    3    1
(advertise)    37    13450.69    21    13
(relay)    1    12    13496.5    13    13490.53    1    1
(relay)    36    36    13518.7    13    13517.69    5    1
(advertise)    37    13518.9    36    13
(relay)    47    46    13539.72    13    13492.92    2    1
(advertise)    37    13540.52    46    13
(relay)    24    9    13564.53    13    13553.66    1    1
(relay)    47    14    13587.53    13    13570.76    1    1
(relay)    24    6    13648.73    13    13647.95    2    1
(advertise)    37    13648.93    6    13
(relay)    24    45    13672.34    13    13666.91    1    1
(relay)    47    4    13689.34    13    13687.68    2    1
(advertise)    37    13689.54    4    13
(relay)    1    1    13705.56    13    13704.5    5    1
(relay)    47    47    13707.36    13    13706.38    4    2
(advertise)    37    13712.36    1    13
(advertise)    37    13735.57    47    13
(generate)    37    13758.98    [2]    13
(relay)    39    39    13820.19    13    13820.18    5    1
(advertise)    37    13820.39    39    13
(relay)    24    13    13928.61    13    13927.46    1    1
(relay)    1    43    13933.61    13    13932.84    3    1
(advertise)    37    13933.81    43    13
(relay)    47    35    13994.42    13    13986.83    2    1
(advertise)    37    13994.62    35    13
(relay)    47    17    14015.63    13    13986.92    2    1
(advertise)    37    14017.43    17    13
(relay)    36    15    14034.45    14    14018.23    1    1
(relay)    47    25    14074.25    14    14067.22    1    1
(relay)    47    5    14095.25    14    14073.96    1    1
(relay)    24    42    14154.85    14    14149.51    1    1
(relay)    47    33    14176.65    14    14165.01    1    1
(relay)    24    24    14227.45    14    14226.89    4    1
(advertise)    37    14227.65    24    14
(relay)    47    10    14253.66    14    14240.07    2    1
(advertise)    37    14253.86    10    14
(relay)    23    23    14308.87    14    14308.23    6    1
(advertise)    37    14309.07    23    14
(relay)    24    22    14338.49    14    14317.12    3    1
(advertise)    37    14338.69    22    14
(relay)    24    11    14359.3    14    14324.8    1    1
(relay)    47    32    14362.5    14    14347.9    1    1
(relay)    24    48    14383.3    14    14381.97    1    1
(relay)    39    18    14384.7    14    14365.27    1    1
(relay)    39    28    14406.9    14    14379.02    1    1
(relay)    24    21    14432.9    14    14430.83    3    1
(advertise)    37    14433.1    21    14
(relay)    24    12    14492.51    14    14490.59    3    1
(advertise)    37    14492.71    12    14
(relay)    24    46    14515.12    14    14492.98    3    1
(advertise)    37    14515.32    46    14
(relay)    36    36    14519.14    14    14518.18    5    1
(advertise)    37    14537.14    36    14
(relay)    24    9    14600.55    14    14553.79    1    1
(relay)    47    6    14648.35    14    14648.1    3    1
(advertise)    37    14648.55    6    14
(relay)    24    45    14671.96    14    14666.93    1    1
(relay)    39    4    14690.76    14    14687.82    1    1
(relay)    1    1    14705.56    14    14704.6    5    1
(advertise)    37    14705.76    1    14
(relay)    47    47    14707.58    14    14706.55    4    1
(advertise)    37    14728.58    47    14
(generate)    37    14758.99    [2]    14
(relay)    39    39    14820.4    14    14820.26    5    1
(advertise)    37    14820.6    39    14
(relay)    47    13    14929.22    14    14927.51    1    1
(relay)    1    43    14934.22    14    14932.98    3    1
(advertise)    37    14934.42    43    14
(relay)    24    35    14987.83    14    14986.97    2    1
(advertise)    37    14988.03    35    14
(relay)    23    17    14989.24    14    14987.11    1    1
(relay)    47    15    15019.24    15    15018.27    2    1
(advertise)    37    15019.44    15    15
(relay)    47    5    15095.45    15    15073.99    1    1
(relay)    47    26    15118.85    15    15082.02    1    1
(relay)    47    42    15154.05    15    15149.63    2    1
(advertise)    37    15154.25    42    15
(relay)    47    33    15176.07    15    15165.15    1    1
(relay)    24    24    15228.07    15    15227.03    4    1
(advertise)    37    15228.27    24    15
(relay)    47    10    15252.88    15    15240.26    1    1
(relay)    47    8    15289.88    15    15289.0    2    1
(advertise)    37    15290.08    8    15
(relay)    23    23    15308.89    15    15308.41    6    1
(advertise)    37    15312.29    23    15
(relay)    47    22    15339.51    15    15318.34    2    1
(advertise)    37    15339.71    22    15
(relay)    24    11    15360.32    15    15324.84    1    1
(relay)    47    28    15400.12    15    15379.05    2    1
(advertise)    37    15400.32    28    15
(relay)    24    21    15432.13    15    15430.97    3    1
(advertise)    37    15432.33    21    15
(relay)    24    12    15494.15    15    15490.64    3    1
(advertise)    37    15494.35    12    15
(relay)    24    46    15516.96    15    15493.04    3    1
(advertise)    37    15518.16    46    15
(relay)    36    36    15519.37    15    15518.21    5    1
(advertise)    37    15540.17    36    15
(relay)    47    14    15572.98    15    15571.03    1    1
(relay)    47    6    15648.98    15    15648.24    3    1
(advertise)    37    15649.18    6    15
(relay)    24    45    15674.8    15    15666.99    1    1
(relay)    47    4    15690.0    15    15687.91    2    1
(advertise)    37    15690.2    4    15
(relay)    1    1    15704.81    15    15704.64    5    1
(relay)    47    47    15706.81    15    15706.67    4    2
(advertise)    37    15714.21    1    15
(advertise)    37    15737.22    47    15
(generate)    37    15759.04    [2]    15
(relay)    39    39    15820.45    15    15820.28    5    1
(advertise)    37    15820.65    39    15
(relay)    47    13    15929.86    15    15927.69    1    1
(relay)    1    43    15934.46    15    15933.13    3    1
(advertise)    37    15934.66    43    15
(relay)    1    17    15988.08    15    15987.11    1    1
(relay)    47    15    16019.68    16    16018.35    2    1
(advertise)    37    16019.88    15    16
(relay)    47    5    16082.69    16    16073.99    1    1
(heartbeat)    2    4    16162.24    37    16172.69    3    3
(advertise)    37    16172.89    2    4
(relay)    47    33    16197.1    16    16165.26    1    1
(relay)    24    24    16228.1    16    16227.14    4    1
(advertise)    37    16228.3    24    16
(relay)    1    10    16252.11    16    16240.26    1    1
(relay)    47    8    16290.51    16    16289.01    2    1
(advertise)    37    16290.71    8    16
(relay)    23    23    16309.53    16    16308.56    6    1
(advertise)    37    16312.93    23    16
(relay)    24    22    16338.34    16    16318.38    2    1
(advertise)    37    16338.74    22    16
(relay)    1    32    16361.75    16    16348.1    1    1
(relay)    47    28    16384.55    16    16379.11    2    1
(advertise)    37    16384.75    28    16
(relay)    47    18    16407.37    16    16365.56    2    1
(advertise)    37    16408.17    18    16
(relay)    24    21    16431.78    16    16431.12    3    1
(advertise)    37    16432.38    21    16
(relay)    24    12    16494.19    16    16490.69    3    1
(advertise)    37    16494.39    12    16
(relay)    24    46    16516.21    16    16493.08    2    1
(advertise)    37    16517.21    46    16
(relay)    36    36    16518.42    16    16518.25    5    1
(advertise)    37    16539.42    36    16
(relay)    47    27    16562.03    16    16518.79    1    1
(relay)    24    14    16585.63    16    16571.12    1    1
(relay)    1    6    16649.83    16    16648.34    3    1
(advertise)    37    16650.03    6    16
(relay)    24    45    16674.04    16    16667.02    1    1
(relay)    47    4    16690.24    16    16687.98    2    1
(advertise)    37    16690.44    4    16
(relay)    1    1    16704.86    16    16704.69    5    1
(relay)    47    47    16706.86    16    16706.82    4    2
(advertise)    37    16712.46    1    16
(advertise)    37    16733.47    47    16
(generate)    37    16759.08    [2]    16
(relay)    39    39    16820.9    16    16820.33    5    1
(advertise)    37    16821.1    39    16
(relay)    24    13    16929.71    16    16927.77    1    1
(relay)    1    43    16934.91    16    16933.23    3    1
(advertise)    37    16935.11    43    16
(relay)    24    35    16987.92    16    16987.25    2    1
(advertise)    37    16988.12    35    16
(relay)    47    17    16995.14    16    16987.29    2    1
(advertise)    37    17009.74    17    16
(relay)    47    15    17020.15    17    17018.53    2    1
(advertise)    37    17031.35    15    17
(relay)    47    25    17068.76    17    17067.73    1    1
(relay)    47    5    17090.76    17    17074.08    1    1
(relay)    47    26    17113.16    17    17082.23    1    1
(relay)    23    42    17152.16    17    17149.82    1    1
(relay)    47    33    17174.36    17    17165.32    1    1
(relay)    24    24    17228.36    17    17227.27    4    1
(advertise)    37    17228.56    24    17
(relay)    47    10    17251.97    17    17240.44    1    1
(relay)    23    23    17309.77    17    17308.71    6    1
(advertise)    37    17309.97    23    17
(relay)    24    22    17335.59    17    17318.44    3    1
(advertise)    37    17336.19    22    17
(relay)    24    11    17357.4    17    17324.89    1    1
(relay)    24    48    17385.0    17    17382.14    1    1
(relay)    39    18    17427.4    17    17365.73    1    1
(relay)    24    21    17431.6    17    17431.21    3    1
(advertise)    37    17431.8    21    17
(relay)    24    12    17494.21    17    17490.74    3    1
(advertise)    37    17494.41    12    17
(relay)    24    46    17517.63    17    17493.14    2    1
(advertise)    37    17517.83    46    17
(relay)    1    36    17519.04    17    17518.3    4    1
(advertise)    37    17540.64    36    17
(relay)    47    27    17566.65    17    17518.91    1    1
(relay)    24    9    17567.05    17    17554.73    1    1
(relay)    47    14    17591.05    17    17571.24    1    1
(relay)    24    6    17650.45    17    17648.44    2    1
(advertise)    37    17650.65    6    17
(relay)    47    4    17689.47    17    17688.07    2    1
(advertise)    37    17689.67    4    17
(relay)    1    1    17704.88    17    17704.74    5    1
(relay)    47    47    17707.08    17    17706.99    4    2
(advertise)    37    17711.68    1    17
(advertise)    37    17734.69    47    17
(generate)    37    17759.1    [2]    17
(relay)    39    39    17820.92    17    17820.39    5    1
(advertise)    37    17821.12    39    17
(relay)    47    13    17930.73    17    17927.77    1    1
(relay)    1    43    17935.53    17    17933.31    3    1
(advertise)    37    17935.73    43    17
(relay)    36    17    17988.34    17    17987.31    2    1
(advertise)    37    17988.54    17    17
(relay)    24    35    17989.76    17    17987.37    2    1
(advertise)    37    18009.76    35    17
(relay)    39    15    18021.57    18    18018.54    1    1
(relay)    47    25    18068.77    18    18067.76    1    1
(relay)    47    5    18092.77    18    18074.14    1    1
(relay)    47    26    18115.57    18    18082.23    1    1
(relay)    47    42    18151.17    18    18149.94    1    1
(relay)    24    33    18167.37    18    18165.47    1    1
(relay)    24    24    18227.37    18    18227.37    4    1
(advertise)    37    18227.57    24    18
(relay)    39    10    18251.98    18    18240.63    1    1
(relay)    47    8    18290.98    18    18289.21    2    1
(advertise)    37    18291.18    8    18
(relay)    23    23    18309.8    18    18308.86    6    1
(advertise)    37    18313.6    23    18
(relay)    47    22    18338.01    18    18318.47    2    1
(advertise)    37    18338.41    22    18
(relay)    36    32    18377.02    18    18348.32    1    1
(relay)    24    48    18385.82    18    18382.15    1    1
(relay)    39    18    18403.22    18    18365.73    1    1
(relay)    47    28    18425.82    18    18379.24    2    1
(advertise)    37    18426.02    28    18
(relay)    24    21    18449.63    18    18431.32    3    1
(advertise)    37    18450.03    21    18
(relay)    39    12    18494.25    18    18490.74    1    1
(relay)    24    46    18515.85    18    18493.14    2    1
(advertise)    37    18516.05    46    18
(relay)    36    36    18518.46    18    18518.35    5    1
(advertise)    37    18537.06    36    18
(relay)    39    6    18650.87    18    18648.55    3    1
(advertise)    37    18651.07    6    18
(relay)    47    45    18675.49    18    18667.1    1    1
(relay)    39    4    18688.89    18    18688.14    1    1
(relay)    1    1    18705.29    18    18704.76    5    1
(advertise)    37    18705.49    1    18
(relay)    47    47    18707.7    18    18707.15    4    1
(advertise)    37    18727.5    47    18
(generate)    37    18759.11    [2]    18
(relay)    39    39    18820.93    18    18820.45    5    1
(advertise)    37    18821.13    39    18
(relay)    1    43    18935.54    18    18933.43    3    1
(advertise)    37    18935.74    43    18
(relay)    24    17    18989.95    18    18987.47    1    1
(relay)    47    15    19020.75    19    19018.72    2    1
(advertise)    37    19020.95    15    19
(relay)    47    25    19083.76    19    19067.93    1    1
(relay)    47    5    19108.36    19    19074.18    1    1
(relay)    47    42    19150.96    19    19150.02    2    1
(advertise)    37    19151.16    42    19
(relay)    24    24    19227.58    19    19227.48    4    1
(advertise)    37    19227.78    24    19
(relay)    47    10    19251.99    19    19240.63    2    1
(advertise)    37    19252.39    10    19
(relay)    24    8    19291.6    19    19289.22    2    1
(advertise)    37    19291.8    8    19
(relay)    23    23    19309.02    19    19308.99    6    1
(advertise)    37    19315.82    23    19
(relay)    24    22    19336.03    19    19318.5    3    1
(advertise)    37    19340.03    22    19
(relay)    47    32    19359.44    19    19348.41    1    1
(relay)    36    18    19381.64    19    19365.91    1    1
(relay)    24    48    19385.84    19    19382.34    1    1
(relay)    39    28    19402.44    19    19379.28    1    1
(relay)    24    21    19432.64    19    19431.42    3    1
(advertise)    37    19432.84    21    19
(relay)    24    12    19492.86    19    19490.94    3    1
(advertise)    37    19493.06    12    19
(relay)    24    46    19515.47    19    19493.34    2    1
(advertise)    37    19516.27    46    19
(relay)    36    36    19518.88    19    19518.38    5    1
(advertise)    37    19538.88    36    19
(relay)    24    14    19573.29    19    19571.48    1    1
(relay)    1    6    19650.69    19    19648.62    3    1
(advertise)    37    19650.89    6    19
(relay)    24    45    19674.91    19    19667.29    1    1
(relay)    47    4    19688.51    19    19688.23    2    1
(advertise)    37    19688.71    4    19
(relay)    1    1    19705.32    19    19704.79    5    1
(relay)    47    47    19707.92    19    19707.3    4    2
(advertise)    37    19711.32    1    19
(advertise)    37    19733.53    47    19
(generate)    37    19759.15    [2]    19
(relay)    39    39    19821.56    19    19820.47    5    1
(advertise)    37    19821.76    39    19
(relay)    1    43    19934.77    19    19933.52    3    1
(advertise)    37    19934.97    43    19
(relay)    47    35    19999.79    19    19987.62    2    1
(advertise)    37    19999.99    35    19
(relay)    47    17    20022.2    19    19987.63    2    1
(advertise)    37    20022.4    17    19
(relay)    39    15    20034.01    20    20018.74    1    1
(relay)    47    25    20073.81    20    20068.1    1    1
(relay)    47    5    20097.61    20    20074.22    1    1
(relay)    47    26    20119.61    20    20082.23    1    1
(relay)    47    42    20151.41    20    20150.11    2    1
(advertise)    37    20151.61    42    20
(heartbeat)    2    5    20162.25    37    20174.82    3    3
(advertise)    37    20176.62    2    5
(relay)    24    33    20196.44    20    20165.66    1    1
(relay)    24    24    20227.64    20    20227.6    4    1
(advertise)    37    20227.84    24    20
(relay)    1    10    20252.25    20    20240.81    1    1
(relay)    24    8    20291.45    20    20289.24    2    1
(advertise)    37    20291.65    8    20
(relay)    23    23    20309.26    20    20309.14    6    1
(advertise)    37    20313.66    23    20
(relay)    24    22    20319.28    20    20318.52    3    1
(advertise)    37    20335.08    22    20
(relay)    36    32    20358.29    20    20348.51    1    1
(relay)    1    18    20379.29    20    20366.06    1    1
(relay)    24    48    20384.89    20    20382.43    1    1
(relay)    1    28    20402.29    20    20379.35    1    1
(relay)    24    21    20432.89    20    20431.51    3    1
(advertise)    37    20433.09    21    20
(relay)    24    46    20516.9    20    20493.37    2    1
(advertise)    37    20517.1    46    20
(relay)    36    36    20518.92    20    20518.44    5    1
(advertise)    37    20538.72    36    20
(relay)    47    27    20562.13    20    20519.3    1    1
(relay)    24    9    20566.13    20    20555.01    1    1
(relay)    24    14    20606.73    20    20571.61    1    1
(relay)    47    45    20675.93    20    20667.35    1    1
(relay)    36    4    20689.33    20    20688.31    1    1
(relay)    1    1    20705.33    20    20704.84    5    1
(advertise)    37    20705.53    1    20
(relay)    47    47    20708.14    20    20707.49    4    1
(advertise)    37    20729.14    47    20
(generate)    37    20759.15    [2]    20
(relay)    39    39    20821.57    20    20820.53    5    1
(advertise)    37    20821.77    39    20
(relay)    47    13    20929.78    20    20928.16    1    1
(relay)    47    43    20951.98    20    20933.64    3    1
(advertise)    37    20952.18    43    20
(relay)    1    17    20991.39    20    20987.8    1    1
(relay)    24    35    20997.39    20    20987.76    2    1
(advertise)    37    20997.59    35    20
(relay)    36    15    21021.21    21    21018.77    1    1
(relay)    47    25    21071.21    21    21068.28    1    1
(relay)    47    5    21094.21    21    21074.25    1    1
(relay)    47    26    21115.81    21    21082.25    1    1
(relay)    1    42    21152.61    21    21150.21    2    1
(advertise)    37    21152.81    42    21
(relay)    24    33    21174.82    21    21165.73    1    1
(relay)    24    24    21228.22    21    21227.71    4    1
(advertise)    37    21228.42    24    21
(relay)    36    10    21251.03    21    21240.97    1    1
(relay)    24    8    21290.03    21    21289.4    2    1
(advertise)    37    21290.23    8    21
(relay)    23    23    21309.45    21    21309.29    6    1
(advertise)    37    21311.65    23    21
(relay)    24    22    21337.86    21    21318.54    3    1
(advertise)    37    21338.06    22    21
(relay)    24    11    21361.87    21    21325.17    1    1
(relay)    1    32    21363.07    21    21348.58    1    1
(relay)    39    18    21384.07    21    21366.2    1    1
(relay)    36    28    21407.07    21    21379.39    1    1
(relay)    24    21    21432.87    21    21431.63    3    1
(advertise)    37    21433.07    21    21
(relay)    24    12    21491.68    21    21491.02    3    1
(advertise)    37    21491.88    12    21
(relay)    47    46    21517.1    21    21493.41    2    1
(advertise)    37    21517.3    46    21
(relay)    36    36    21519.11    21    21518.49    5    1
(advertise)    37    21539.31    36    21
(relay)    24    6    21650.52    21    21648.88    2    1
(advertise)    37    21650.72    6    21
(relay)    24    45    21674.74    21    21667.39    1    1
(relay)    47    4    21689.74    21    21688.4    2    1
(advertise)    37    21689.94    4    21
(relay)    1    1    21705.95    21    21704.87    5    1
(relay)    47    47    21708.75    21    21707.64    4    2
(advertise)    37    21711.35    1    21
(advertise)    37    21734.16    47    21
(generate)    37    21759.18    [2]    21
(relay)    39    39    21821.59    21    21820.58    5    1
(advertise)    37    21821.79    39    21
(relay)    47    13    21928.8    21    21928.16    1    1
(relay)    1    43    21934.2    21    21933.76    3    1
(advertise)    37    21934.4    43    21
(relay)    23    17    21992.41    21    21987.98    1    1
(relay)    24    15    22020.01    22    22018.82    1    1
(relay)    47    25    22071.81    22    22068.47    1    1
(relay)    47    5    22094.21    22    22074.28    1    1
(relay)    24    33    22170.41    22    22165.84    1    1
(relay)    24    24    22228.41    22    22227.79    4    1
(advertise)    37    22228.61    24    22
(relay)    47    10    22253.23    22    22240.98    2    1
(advertise)    37    22253.63    10    22
(relay)    1    8    22290.44    22    22289.58    1    1
(relay)    23    23    22310.04    22    22309.44    6    1
(advertise)    37    22310.24    23    22
(relay)    24    22    22337.85    22    22318.58    3    1
(advertise)    37    22338.25    22    22
(relay)    24    11    22361.07    22    22325.18    1    1
(relay)    36    32    22362.27    22    22348.65    1    1
(relay)    24    48    22383.67    22    22382.55    1    1
(relay)    1    18    22384.07    22    22366.39    1    1
(relay)    39    28    22406.67    22    22379.45    1    1
(relay)    24    21    22433.87    22    22431.73    3    1
(advertise)    37    22434.07    21    22
(relay)    47    12    22493.88    22    22491.07    1    1
(relay)    24    46    22517.48    22    22493.44    2    1
(advertise)    37    22517.68    46    22
(relay)    36    36    22519.49    22    22518.55    5    1
(advertise)    37    22538.69    36    22
(relay)    23    6    22649.71    22    22648.96    2    1
(advertise)    37    22649.91    6    22
(relay)    47    45    22673.32    22    22667.43    1    1
(relay)    47    4    22697.32    22    22688.44    2    1
(advertise)    37    22697.52    4    22
(relay)    1    1    22705.93    22    22704.92    5    1
(relay)    47    47    22708.73    22    22707.79    4    2
(advertise)    37    22719.53    1    22
(advertise)    37    22740.94    47    22
(generate)    37    22759.36    [2]    22
(relay)    39    39    22820.77    22    22820.64    5    1
(advertise)    37    22820.97    39    22
(relay)    47    13    22928.78    22    22928.18    1    1
(relay)    1    43    22934.18    22    22933.83    3    1
(advertise)    37    22934.38    43    22
(relay)    23    17    22992.6    22    22988.14    1    1
(relay)    47    15    23019.2    23    23018.82    2    1
(advertise)    37    23019.4    15    23
(relay)    47    25    23072.81    23    23068.62    1    1
(relay)    47    5    23094.01    23    23075.11    1    1
(relay)    47    26    23115.21    23    23082.26    1    1
(relay)    47    42    23153.61    23    23150.39    2    1
(advertise)    37    23153.81    42    23
(relay)    47    33    23177.22    23    23166.0    1    1
(relay)    24    24    23228.42    23    23227.9    4    1
(advertise)    37    23228.62    24    23
(relay)    1    10    23252.64    23    23240.98    1    1
(relay)    47    8    23290.04    23    23289.74    2    1
(advertise)    37    23290.24    8    23
(relay)    23    23    23310.25    23    23309.61    6    1
(advertise)    37    23311.85    23    23
(relay)    24    22    23339.26    23    23318.61    3    1
(advertise)    37    23339.46    22    23
(relay)    36    32    23363.27    23    23348.78    1    1
(relay)    36    18    23386.27    23    23366.54    1    1
(relay)    24    21    23433.87    23    23431.84    3    1
(advertise)    37    23434.07    21    23
(relay)    47    28    23457.09    23    23379.45    2    1
(advertise)    37    23458.89    28    23
(relay)    24    12    23493.1    23    23491.11    3    1
(advertise)    37    23493.3    12    23
(relay)    36    36    23519.51    23    23518.59    5    1
(advertise)    37    23519.71    36    23
(relay)    47    46    23540.33    23    23493.5    2    1
(advertise)    37    23541.33    46    23
(relay)    47    14    23581.14    23    23571.9    1    1
(relay)    24    9    23625.74    23    23555.53    1    1
(relay)    24    6    23649.74    23    23649.06    2    1
(advertise)    37    23649.94    6    23
(relay)    24    45    23674.15    23    23667.5    1    1
(relay)    47    4    23696.35    23    23688.54    2    1
(advertise)    37    23696.55    4    23
(relay)    1    1    23705.97    23    23704.96    5    1
(relay)    47    47    23708.97    23    23707.97    4    2
(advertise)    37    23717.77    1    23
(advertise)    37    23738.98    47    23
(generate)    37    23759.39    [2]    23
(relay)    39    39    23820.8    23    23820.69    5    1
(advertise)    37    23821.0    39    23
(relay)    24    13    23929.42    23    23928.26    1    1
(relay)    23    43    23935.62    23    23934.12    2    1
(advertise)    37    23935.82    43    23
(relay)    24    17    23991.03    23    23988.28    1    1
(relay)    36    35    24015.03    23    23988.15    1    1
(relay)    47    15    24036.23    24    24018.84    2    1
(advertise)    37    24036.43    15    24
(relay)    47    25    24073.24    24    24068.75    1    1
(relay)    47    5    24095.24    24    24075.11    1    1
(relay)    47    42    24154.04    24    24150.45    2    1
(advertise)    37    24154.24    42    24
(heartbeat)    2    6    24162.27    37    24175.66    3    3
(advertise)    37    24176.86    2    6
(relay)    24    33    24178.27    24    24166.08    1    1
(relay)    24    24    24229.07    24    24228.05    4    1
(advertise)    37    24229.27    24    24
(relay)    47    10    24253.68    24    24241.17    2    1
(advertise)    37    24254.08    10    24
(relay)    23    23    24310.3    24    24309.77    6    1
(advertise)    37    24310.5    23    24
(relay)    24    22    24335.71    24    24318.67    3    1
(advertise)    37    24335.91    22    24
(relay)    24    11    24355.72    24    24325.23    1    1
(relay)    47    32    24358.72    24    24348.85    1    1
(relay)    24    48    24384.92    24    24383.31    1    1
(relay)    24    21    24434.12    24    24432.03    3    1
(advertise)    37    24434.32    21    24
(relay)    39    28    24458.73    24    24379.49    1    1
(relay)    24    12    24493.33    24    24491.17    3    1
(advertise)    37    24493.53    12    24
(relay)    24    46    24516.15    24    24493.56    3    1
(advertise)    37    24516.95    46    24
(relay)    36    36    24519.96    24    24518.91    5    1
(advertise)    37    24538.96    36    24
(relay)    47    27    24561.17    24    24519.76    1    1
(relay)    24    14    24587.57    24    24571.95    1    1
(relay)    24    6    24650.37    24    24649.19    2    1
(advertise)    37    24650.57    6    24
(relay)    24    45    24673.79    24    24667.55    1    1
(relay)    47    4    24690.39    24    24688.64    2    1
(advertise)    37    24690.59    4    24
(relay)    23    1    24706.4    24    24705.04    4    1
(relay)    47    47    24708.2    24    24708.12    4    2
(advertise)    37    24713.0    1    24
(advertise)    37    24735.81    47    24
(generate)    37    24759.43    [2]    24
(relay)    39    39    24820.84    24    24820.78    5    1
(advertise)    37    24821.04    39    24
(relay)    47    43    24951.45    24    24934.27    3    1
(advertise)    37    24951.65    43    24
(relay)    1    17    24989.26    24    24988.45    2    1
(advertise)    37    24989.46    17    24
(relay)    24    35    24999.28    24    24988.3    2    1
(advertise)    37    25013.68    35    24
(relay)    47    15    25034.29    25    25018.92    2    1
(advertise)    37    25035.89    15    25
(relay)    47    25    25072.7    25    25068.9    1    1
(relay)    47    5    25093.9    25    25075.21    1    1
(relay)    47    26    25118.1    25    25082.6    1    1
(relay)    24    33    25168.1    25    25166.22    1    1
(relay)    24    24    25229.1    25    25228.18    4    1
(advertise)    37    25229.3    24    25
(relay)    47    10    25253.52    25    25241.33    2    1
(advertise)    37    25254.12    10    25
(relay)    47    8    25290.73    25    25289.81    2    1
(advertise)    37    25290.93    8    25
(relay)    23    23    25310.94    25    25309.94    6    1
(advertise)    37    25314.14    23    25
(relay)    24    22    25339.96    25    25318.73    3    1
(advertise)    37    25340.16    22    25
(relay)    36    32    25363.57    25    25348.91    1    1
(relay)    24    48    25385.97    25    25383.39    1    1
(relay)    47    28    25425.17    25    25379.55    2    1
(advertise)    37    25425.37    28    25
(relay)    24    21    25446.98    25    25432.76    3    1
(advertise)    37    25447.98    21    25
(relay)    47    12    25495.39    25    25491.23    2    1
(advertise)    37    25495.59    12    25
(relay)    24    46    25518.81    25    25493.62    1    1
(relay)    23    36    25519.41    25    25518.98    4    1
(advertise)    37    25519.61    36    25
(relay)    47    6    25650.22    25    25649.34    3    1
(advertise)    37    25650.42    6    25
(relay)    47    4    25691.03    25    25688.75    2    1
(advertise)    37    25691.23    4    25
(relay)    1    1    25705.25    25    25705.09    5    1
(relay)    47    47    25708.45    25    25708.26    4    2
(relay)    24    45    25713.45    25    25667.62    1    3
(advertise)    37    25714.05    1    25
(advertise)    37    25737.06    47    25
(generate)    37    25759.47    [2]    25
(relay)    39    39    25821.49    25    25820.86    5    1
(advertise)    37    25821.69    39    25
(relay)    47    13    25930.5    25    25928.38    1    1
(relay)    1    43    25935.7    25    25934.41    3    1
(advertise)    37    25935.9    43    25
(relay)    24    35    25989.51    25    25988.43    1    1
(relay)    47    17    26018.11    25    25988.63    2    1
(advertise)    37    26018.31    17    25
(relay)    47    15    26039.52    26    26018.96    2    1
(advertise)    37    26040.12    15    26
(relay)    47    5    26076.74    26    26075.24    1    1
(relay)    47    26    26115.14    26    26082.74    1    1
(relay)    47    33    26167.34    26    26166.33    1    1
(relay)    24    24    26229.34    26    26228.27    4    1
(advertise)    37    26229.54    24    26
(relay)    47    10    26253.55    26    26241.5    2    1
(advertise)    37    26253.75    10    26
(relay)    24    8    26290.96    26    26289.82    2    1
(advertise)    37    26291.16    8    26
(relay)    23    23    26310.98    26    26310.07    6    1
(advertise)    37    26313.58    23    26
(relay)    24    22    26338.59    26    26318.79    3    1
(advertise)    37    26339.19    22    26
(relay)    24    48    26385.4    26    26383.43    1    1
(relay)    24    21    26433.2    26    26432.91    3    1
(advertise)    37    26433.4    21    26
(relay)    24    12    26494.42    26    26491.28    3    1
(advertise)    37    26494.62    12    26
(relay)    24    46    26515.83    26    26493.65    3    1
(advertise)    37    26517.03    46    26
(relay)    36    36    26519.04    26    26519.01    5    1
(advertise)    37    26539.24    36    26
(relay)    47    27    26579.05    26    26520.03    1    1
(relay)    24    14    26586.65    26    26572.19    1    1
(relay)    24    9    26606.85    26    26556.02    1    1
(relay)    24    6    26651.45    26    26649.42    2    1
(advertise)    37    26651.65    6    26
(relay)    47    45    26674.47    26    26667.75    1    1
(relay)    47    4    26695.47    26    26688.83    2    1
(advertise)    37    26695.67    4    26
(relay)    1    1    26705.28    26    26705.12    5    1
(relay)    47    47    26708.48    26    26708.4    4    2
(advertise)    37    26717.88    1    26
(advertise)    37    26740.09    47    26
(generate)    37    26759.51    [2]    26
(relay)    39    39    26821.52    26    26820.9    5    1
(advertise)    37    26821.72    39    26
(relay)    24    13    26930.73    26    26928.38    1    1
(relay)    1    43    26936.13    26    26934.48    3    1
(advertise)    37    26936.33    43    26
(relay)    47    35    26994.15    26    26988.55    2    1
(advertise)    37    26994.35    35    26
(relay)    47    17    27018.36    26    26988.8    2    1
(advertise)    37    27018.76    17    26
(relay)    47    25    27088.17    27    27069.87    1    1
(relay)    47    26    27133.77    27    27082.89    1    1
(relay)    1    42    27155.17    27    27150.84    2    1
(advertise)    37    27155.37    42    27
(relay)    24    33    27167.38    27    27166.44    1    1
(relay)    24    24    27228.58    27    27228.39    4    1
(advertise)    37    27228.78    24    27
(relay)    47    10    27252.8    27    27241.69    2    1
(advertise)    37    27253.2    10    27
(relay)    24    8    27291.81    27    27289.85    2    1
(advertise)    37    27292.01    8    27
(relay)    23    23    27311.22    27    27310.23    6    1
(advertise)    37    27313.22    23    27
(relay)    47    22    27339.24    27    27318.85    2    1
(advertise)    37    27339.44    22    27
(relay)    24    11    27362.05    27    27325.25    1    1
(relay)    24    48    27386.45    27    27383.45    1    1
(relay)    47    28    27424.65    27    27379.62    2    1
(advertise)    37    27424.85    28    27
(relay)    47    18    27447.66    27    27367.08    1    1
(relay)    24    21    27449.66    27    27433.02    3    1
(advertise)    37    27449.86    21    27
(relay)    24    12    27496.08    27    27491.34    2    1
(advertise)    37    27496.28    12    27
(relay)    47    46    27517.49    27    27493.71    1    1
(relay)    36    36    27519.09    27    27519.06    5    1
(advertise)    37    27519.69    36    27
(relay)    47    27    27562.5    27    27520.12    1    1
(relay)    24    14    27575.7    27    27572.34    1    1
(relay)    24    6    27652.1    27    27649.53    2    1
(advertise)    37    27652.3    6    27
(relay)    24    45    27678.51    27    27667.79    1    1
(relay)    47    4    27700.51    27    27688.95    2    1
(advertise)    37    27700.71    4    27
(relay)    1    1    27705.33    27    27705.16    5    1
(relay)    47    47    27709.13    27    27708.55    4    2
(advertise)    37    27722.13    1    27
(advertise)    37    27744.74    47    27
(generate)    37    27759.55    [2]    27
(relay)    39    39    27821.57    27    27820.95    5    1
(advertise)    37    27821.77    39    27
(relay)    47    13    27931.18    27    27928.4    1    1
(relay)    1    43    27936.78    27    27934.59    3    1
(advertise)    37    27936.98    43    27
(relay)    1    17    27989.99    27    27988.99    2    1
(advertise)    37    27990.19    17    27
(relay)    24    35    27997.41    27    27988.7    2    1
(advertise)    37    28012.41    35    27
(relay)    47    15    28034.02    28    28019.03    2    1
(advertise)    37    28034.42    15    28
(relay)    47    25    28084.43    28    28070.03    1    1
(relay)    23    42    28152.23    28    28150.9    1    1
(heartbeat)    2    7    28162.28    37    28174.83    3    4
(advertise)    37    28175.03    2    7
(relay)    24    33    28197.84    28    28166.58    1    1
(relay)    24    24    28228.64    28    28228.54    4    1
(advertise)    37    28228.84    24    28
(relay)    1    10    28252.86    28    28241.84    1    1
(relay)    47    8    28291.66    28    28289.89    2    1
(advertise)    37    28291.86    8    28
(relay)    23    23    28310.47    28    28310.39    6    1
(advertise)    37    28313.47    23    28
(relay)    24    22    28338.68    28    28318.91    3    1
(advertise)    37    28338.88    22    28
(relay)    47    32    28380.3    28    28349.22    1    1
(relay)    24    48    28387.1    28    28383.52    1    1
(relay)    47    28    28422.7    28    28379.65    1    1
(relay)    24    21    28435.1    28    28433.8    3    1
(advertise)    37    28435.3    21    28
(relay)    47    12    28494.51    28    28491.4    2    1
(advertise)    37    28494.71    12    28
(relay)    47    46    28515.92    28    28493.76    2    1
(advertise)    37    28516.32    46    28
(relay)    36    36    28519.74    28    28519.12    5    1
(advertise)    37    28538.34    36    28
(relay)    1    6    28651.35    28    28649.64    3    1
(advertise)    37    28651.55    6    28
(relay)    24    45    28677.16    28    28667.82    1    1
(relay)    47    4    28689.56    28    28689.08    2    1
(advertise)    37    28689.76    4    28
(relay)    1    1    28705.77    28    28705.23    5    1
(relay)    47    47    28709.17    28    28708.69    4    2
(advertise)    37    28711.57    1    28
(advertise)    37    28734.79    47    28
(generate)    37    28759.6    [2]    28
(relay)    39    39    28822.01    28    28821.01    5    1
(advertise)    37    28822.21    39    28
(relay)    47    13    28932.03    28    28928.59    1    1
(relay)    1    43    28936.83    28    28934.72    3    1
(advertise)    37    28937.03    43    28
(relay)    47    17    28990.64    28    28989.16    2    1
(advertise)    37    28990.84    17    28
(relay)    47    15    29021.25    29    29019.08    2    1
(advertise)    37    29021.45    15    29
(relay)    47    25    29075.27    29    29070.22    1    1
(relay)    47    26    29101.67    29    29083.2    1    1
(relay)    23    42    29153.47    29    29151.06    1    1
(relay)    47    33    29174.47    29    29166.68    1    1
(relay)    24    24    29228.67    29    29228.6    4    1
(advertise)    37    29228.87    24    29
(relay)    1    10    29253.48    29    29242.03    1    1
(relay)    47    8    29292.48    29    29290.08    2    1
(advertise)    37    29292.68    8    29
(relay)    23    23    29310.69    29    29310.53    6    1
(advertise)    37    29315.69    23    29
(relay)    24    22    29339.7    29    29318.92    3    1
(advertise)    37    29341.3    22    29
(relay)    47    32    29378.52    29    29349.32    1    1
(relay)    24    48    29386.92    29    29383.53    1    1
(relay)    1    28    29400.72    29    29379.72    1    1
(relay)    47    18    29422.92    29    29367.4    1    1
(relay)    24    21    29435.32    29    29433.94    3    1
(advertise)    37    29435.52    21    29
(relay)    24    12    29492.93    29    29491.41    3    1
(advertise)    37    29493.13    12    29
(relay)    24    46    29516.94    29    29493.77    3    1
(advertise)    37    29517.14    46    29
(relay)    36    36    29519.76    29    29519.17    5    1
(advertise)    37    29538.16    36    29
(relay)    24    14    29584.77    29    29572.56    1    1
(relay)    1    6    29651.77    29    29649.74    3    1
(advertise)    37    29651.97    6    29
(relay)    24    45    29675.38    29    29668.0    1    1
(relay)    39    4    29690.58    29    29689.17    1    1
(relay)    1    1    29705.78    29    29705.28    5    1
(advertise)    37    29705.98    1    29
(relay)    47    47    29709.4    29    29708.86    4    1
(advertise)    37    29728.2    47    29
(generate)    37    29759.61    [2]    29
(relay)    39    39    29822.02    29    29821.08    5    1
(advertise)    37    29822.22    39    29
(relay)    47    13    29931.23    29    29928.74    1    1
(relay)    1    43    29936.23    29    29934.83    3    1
(advertise)    37    29936.43    43    29
(relay)    36    17    29991.85    29    29989.17    2    1
(advertise)    37    29992.05    17    29
