(relay)    22    15    1018.2    1    1017.0    123    1
(advertise)    46    1018.4    15    1
(relay)    35    29    1048.81    1    1047.01    125    1
(advertise)    46    1049.01    29    1
(relay)    35    25    1074.63    1    1065.03    123    1
(advertise)    46    1075.63    25    1
(relay)    35    5    1096.24    1    1072.24    123    1
(advertise)    46    1097.44    5    1
(relay)    21    26    1117.25    1    1080.04    123    1
(advertise)    46    1119.85    26    1
(relay)    21    42    1152.67    1    1148.07    122    1
(advertise)    46    1152.87    42    1
(relay)    35    33    1175.68    1    1163.08    126    1
(advertise)    46    1176.28    33    1
(relay)    21    3    1211.49    1    1210.09    124    1
(advertise)    46    1211.69    3    1
(relay)    21    24    1234.9    1    1225.1    126    1
(advertise)    46    1235.3    24    1
(relay)    21    10    1260.92    1    1238.12    122    1
(advertise)    46    1261.12    10    1
(relay)    35    34    1286.13    1    1285.13    124    1
(advertise)    46    1286.73    34    1
(relay)    21    8    1307.34    1    1287.94    126    1
(advertise)    46    1307.74    8    1
(relay)    22    22    1315.76    1    1315.16    127    1
(advertise)    46    1329.56    22    1
(relay)    21    11    1352.17    1    1323.16    125    1
(advertise)    46    1352.77    11    1
(relay)    35    23    1373.98    1    1306.12    121    1
(advertise)    46    1374.38    23    1
(relay)    21    48    1397.8    1    1378.2    126    1
(advertise)    46    1398.0    48    1
(relay)    21    28    1422.01    1    1378.2    122    1
(advertise)    46    1423.01    28    1
(relay)    21    21    1429.62    1    1429.01    127    1
(relay)    21    18    1444.02    1    1363.18    122    2
(advertise)    46    1445.02    21    1
(relay)    21    32    1465.83    1    1346.16    121    2
(advertise)    46    1466.43    18    1
(advertise)    46    1488.25    32    1
(generate)    46    1491.26    [2]    1
(relay)    35    40    1510.67    1    1420.01    124    1
(advertise)    46    1512.87    40    1
(relay)    22    12    1538.49    1    1489.05    126    1
(advertise)    46    1538.89    12    1
(relay)    35    30    1554.9    1    1393.2    123    1
(advertise)    46    1560.9    30    1
(relay)    21    36    1583.91    1    1516.06    124    1
(advertise)    46    1584.11    36    1
(relay)    21    20    1604.93    1    1434.02    123    1
(advertise)    46    1605.73    20    1
(relay)    35    9    1623.34    1    1552.09    125    1
(relay)    21    27    1626.34    1    1515.07    124    2
(advertise)    46    1627.74    9    1
(advertise)    46    1651.35    27    1
(relay)    35    14    1689.56    1    1569.1    125    1
(advertise)    46    1689.76    14    1
(relay)    21    0    1692.98    1    1573.1    124    1
(advertise)    46    1711.98    0    1
(relay)    21    6    1715.79    1    1646.15    124    1
(relay)    35    45    1733.79    1    1665.15    126    2
(advertise)    46    1734.19    6    1
(advertise)    46    1757.2    45    1
(relay)    21    4    1759.62    1    1686.16    124    1
(advertise)    46    1780.22    4    1
(relay)    21    47    1782.03    1    1704.39    125    1
(relay)    35    7    1800.63    1    1719.19    124    2
(advertise)    46    1802.23    47    1
(advertise)    46    1824.24    7    1
(relay)    21    38    1826.46    1    1754.02    122    1
(advertise)    46    1846.26    38    1
(relay)    21    37    1848.47    1    1758.02    125    1
(advertise)    46    1868.87    37    1
(relay)    21    1    1870.28    1    1703.16    122    1
(advertise)    46    1891.48    1    1
(relay)    21    39    1898.29    1    1819.02    122    1
(advertise)    46    1913.49    39    1
(relay)    21    13    1926.51    1    1926.11    126    1
(advertise)    46    1935.51    13    1
(relay)    21    16    1949.32    1    1927.11    124    1
(advertise)    46    1957.92    16    1
(relay)    35    31    1974.33    1    1942.12    122    1
(advertise)    46    1979.93    31    1
(relay)    35    35    1986.15    1    1985.15    127    1
(relay)    35    43    1996.95    1    1931.11    124    2
(advertise)    46    2002.55    35    1
(advertise)    46    2024.56    43    1
(relay)    21    17    2039.37    1    1985.15    122    1
(advertise)    46    2047.17    17    1
(relay)    35    29    2064.59    2    2047.19    125    1
(advertise)    46    2069.99    29    2
(relay)    21    15    2085.8    2    2017.16    124    1
(advertise)    46    2091.2    15    2
(relay)    35    5    2107.81    2    2072.4    123    1
(advertise)    46    2113.41    5    2
(relay)    35    26    2129.82    2    2080.2    123    1
(advertise)    46    2135.62    26    2
(relay)    35    25    2152.24    2    2065.2    123    1
(advertise)    46    2158.04    25    2
(relay)    35    33    2176.65    2    2163.25    126    1
(advertise)    46    2179.05    33    2
(relay)    35    42    2197.66    2    2148.22    122    1
(advertise)    46    2201.06    42    2
(relay)    35    3    2219.48    2    2210.28    125    1
(advertise)    46    2223.08    3    2
(relay)    21    24    2242.89    2    2225.29    126    1
(advertise)    46    2245.49    24    2
(relay)    35    10    2265.1    2    2238.29    122    1
(advertise)    46    2267.5    10    2
(relay)    35    34    2288.32    2    2285.32    124    1
(advertise)    46    2289.52    34    2
(relay)    35    44    2309.93    2    2286.33    122    1
(advertise)    46    2313.13    44    2
(relay)    22    22    2316.14    2    2315.54    127    1
(relay)    21    23    2331.54    2    2306.3    124    2
(advertise)    46    2336.14    22    2
(advertise)    46    2357.35    23    2
(relay)    21    11    2373.17    2    2323.34    125    1
(advertise)    46    2379.97    11    2
(relay)    21    48    2397.18    2    2378.78    126    1
(advertise)    46    2401.18    48    2
(relay)    21    32    2418.59    2    2346.33    121    1
(advertise)    46    2422.59    32    2
(relay)    21    21    2430.21    2    2429.19    127    1
(advertise)    46    2444.41    21    2
(relay)    21    18    2452.02    2    2363.37    122    1
(relay)    35    40    2462.42    2    2420.19    123    2
(advertise)    46    2466.62    18    2
(advertise)    46    2489.43    40    2
(generate)    46    2491.44    [2]    2
(relay)    21    28    2496.46    2    2378.38    122    1
(relay)    22    12    2507.26    2    2489.64    126    2
(advertise)    46    2511.46    28    2
(advertise)    46    2533.47    12    2
(relay)    35    30    2553.28    2    2393.37    123    1
(advertise)    46    2556.08    30    2
(relay)    35    20    2599.5    2    2434.21    123    1
(advertise)    46    2599.7    20    2
(relay)    35    27    2621.91    2    2515.26    124    1
(advertise)    46    2622.31    27    2
(relay)    21    14    2623.52    2    2569.28    125    1
(advertise)    46    2643.32    14    2
(relay)    21    36    2645.54    2    2516.24    124    1
(advertise)    46    2665.14    36    2
(relay)    35    19    2688.55    2    2509.26    123    1
(advertise)    46    2688.75    19    2
(relay)    35    9    2710.36    2    2552.27    124    1
(advertise)    46    2711.36    9    2
(relay)    35    41    2731.57    2    2596.31    124    1
(relay)    21    6    2732.77    2    2646.34    124    2
(advertise)    46    2733.37    41    2
(relay)    35    0    2754.59    2    2573.28    124    2
(advertise)    46    2757.79    6    2
(relay)    35    45    2778.0    2    2665.55    125    2
(advertise)    46    2779.4    0    2
(advertise)    46    2800.61    45    2
(relay)    21    47    2820.03    2    2704.56    125    1
(advertise)    46    2821.83    47    2
(relay)    35    7    2841.84    2    2719.37    124    1
(relay)    21    4    2842.24    2    2686.35    124    2
(advertise)    46    2844.04    7    2
(advertise)    46    2868.65    4    2
(relay)    35    1    2887.47    2    2703.35    124    1
(advertise)    46    2890.07    1    2
(relay)    35    38    2908.68    2    2754.2    124    1
(relay)    21    37    2909.28    2    2758.19    125    2
(advertise)    46    2912.88    38    2
(advertise)    46    2935.29    37    2
(relay)    22    13    2957.9    2    2926.29    125    1
(advertise)    46    2958.5    13    2
(relay)    35    16    2973.92    2    2927.29    126    1
(advertise)    46    2981.52    16    2
(relay)    35    35    2986.33    2    2985.33    127    1
(relay)    35    39    2996.13    2    2819.2    124    2
(advertise)    46    3003.13    35    2
(relay)    21    43    3017.14    2    2931.29    124    2
(advertise)    46    3024.14    39    2
(relay)    35    31    3041.36    2    2942.3    122    2
(advertise)    46    3047.16    43    2
(relay)    35    29    3065.17    3    3047.37    125    2
(advertise)    46    3068.77    31    2
(relay)    35    17    3087.58    2    2985.33    123    2
(advertise)    46    3090.98    29    3
(advertise)    46    3113.2    17    2
(relay)    21    15    3129.81    3    3017.34    123    1
(relay)    35    5    3133.01    3    3072.58    123    2
(advertise)    46    3135.61    15    3
(relay)    35    26    3157.62    3    3080.38    123    2
(advertise)    46    3157.82    5    3
(relay)    35    33    3178.83    3    3163.43    126    2
(advertise)    46    3181.23    26    3
(relay)    21    25    3195.85    3    3065.78    122    2
(advertise)    46    3203.85    33    3
(relay)    35    3    3226.06    3    3210.46    124    2
(advertise)    46    3226.86    25    3
(advertise)    46    3248.07    3    3
(relay)    35    42    3249.49    3    3148.41    121    1
(advertise)    46    3269.09    42    3
(relay)    35    10    3270.5    3    3238.47    121    1
(advertise)    46    3290.5    10    3
(relay)    35    8    3292.71    3    3288.31    126    1
(advertise)    46    3311.51    8    3
(relay)    22    22    3316.33    3    3315.73    127    1
(relay)    35    34    3316.53    3    3285.51    124    2
(advertise)    46    3332.53    22    3
(relay)    35    24    3337.94    3    3225.47    123    2
(advertise)    46    3353.94    34    3
(advertise)    46    3375.95    24    3
(relay)    35    11    3383.16    3    3323.53    125    1
(relay)    21    23    3396.36    3    3306.49    124    2
(advertise)    46    3398.36    11    3
(advertise)    46    3420.78    23    3
(relay)    35    44    3429.19    3    3286.53    120    1
(advertise)    46    3443.59    44    3
(relay)    35    48    3450.6    3    3379.78    126    1
(advertise)    46    3466.6    48    3
(relay)    35    30    3472.62    3    3393.55    123    1
(relay)    21    32    3484.22    3    3346.53    121    2
(advertise)    46    3488.42    30    3
(relay)    12    12    3490.43    3    3489.83    127    2
(generate)    46    3491.63    [2]    3
(advertise)    46    3509.64    32    3
(relay)    35    18    3520.26    3    3363.55    122    2
(advertise)    46    3532.66    12    3
(relay)    35    21    3543.07    3    3429.38    125    2
(advertise)    46    3555.67    18    3
(advertise)    46    3578.88    21    3
(relay)    21    28    3595.29    3    3378.56    123    1
(advertise)    46    3601.69    28    3
(relay)    35    40    3608.71    3    3420.39    124    1
(advertise)    46    3622.71    40    3
(relay)    21    20    3640.32    3    3434.39    123    1
(advertise)    46    3645.52    20    3
(relay)    21    36    3661.93    3    3516.43    124    1
(advertise)    46    3669.13    36    3
(relay)    35    9    3677.15    3    3552.47    125    1
(relay)    21    14    3682.95    3    3569.48    125    2
(advertise)    46    3691.95    9    3
(relay)    21    27    3704.56    3    3515.46    123    2
(advertise)    46    3713.16    14    3
(advertise)    46    3734.17    27    3
(relay)    35    45    3742.19    3    3665.73    126    1
(relay)    21    41    3746.59    3    3596.51    124    2
(advertise)    46    3756.99    45    3
(relay)    21    47    3770.0    3    3704.76    125    2
(advertise)    46    3779.0    41    3
(relay)    21    19    3792.61    3    3509.46    123    2
(advertise)    46    3803.21    47    3
(advertise)    46    3825.22    19    3
(relay)    21    6    3838.44    3    3646.53    124    1
(advertise)    46    3848.44    6    3
(relay)    35    0    3850.05    3    3573.48    123    1
(advertise)    46    3873.05    0    3
(relay)    21    1    3883.06    3    3703.55    124    1
(relay)    35    4    3893.26    3    3686.55    124    2
(advertise)    46    3895.26    1    3
(relay)    35    7    3915.68    3    3719.57    124    2
(advertise)    46    3916.48    4    3
(advertise)    46    3938.69    7    3
(relay)    21    37    3948.9    3    3758.39    125    1
(relay)    35    38    3959.9    3    3754.39    123    2
(advertise)    46    3960.9    37    3
(relay)    35    13    3982.92    3    3926.49    126    2
(advertise)    46    3984.72    38    3
(relay)    35    35    3986.53    3    3985.53    127    2
(relay)    35    16    4003.33    3    3927.49    126    3
(advertise)    46    4007.33    13    3
(advertise)    46    4029.74    35    3
(relay)    35    39    4048.55    3    3819.4    122    2
(advertise)    46    4051.35    16    3
(relay)    35    31    4070.37    3    3942.5    123    2
(advertise)    46    4072.57    39    3
(relay)    21    43    4081.38    3    3931.49    123    2
(advertise)    46    4094.58    31    3
(relay)    35    17    4113.39    3    3985.53    123    2
(advertise)    46    4115.59    43    3
(relay)    35    29    4135.41    4    4047.57    124    2
(advertise)    46    4137.61    17    3
(relay)    35    15    4158.22    4    4017.54    122    2
(advertise)    46    4160.62    29    4
(relay)    35    26    4179.03    4    4080.58    123    2
(advertise)    46    4182.43    15    4
(relay)    35    33    4202.25    4    4163.63    126    2
(advertise)    46    4204.05    26    4
(relay)    21    25    4216.46    4    4065.98    123    2
(advertise)    46    4225.26    33    4
(relay)    21    5    4238.07    4    4072.78    122    2
(advertise)    46    4246.47    25    4
(advertise)    46    4267.88    5    4
(heartbeat)    2    1    4162.2    46    4280.3    127    0
(advertise)    46    4289.3    2    1
(relay)    12    3    4301.91    4    4210.66    124    1
(relay)    21    24    4303.31    4    4225.67    3    2
(advertise)    46    4310.71    3    4
(relay)    35    8    4312.12    4    4288.32    2    2
(relay)    22    22    4317.72    4    4316.72    5    3
(advertise)    46    4333.12    24    4
(advertise)    46    4355.94    8    4
(relay)    21    42    4369.95    4    4148.61    122    2
(advertise)    46    4377.15    22    4
(advertise)    46    4398.16    42    4
(relay)    35    11    4399.78    4    4324.34    2    1
(advertise)    46    4420.98    11    4
(relay)    21    21    4430.59    4    4429.58    4    1
(relay)    12    48    4436.59    4    4379.98    1    2
(advertise)    46    4442.79    21    4
(relay)    35    23    4444.4    4    4306.68    2    1
(advertise)    46    4464.2    23    4
(relay)    35    44    4487.61    4    4286.72    1    1
(relay)    12    12    4490.61    4    4490.03    5    1
(advertise)    46    4491.01    12    4
(generate)    46    4492.23    [2]    4
(relay)    21    30    4535.24    4    4393.75    1    1
(relay)    35    9    4584.24    4    4552.67    2    1
(advertise)    46    4584.44    9    4
(relay)    21    36    4616.45    4    4516.63    2    1
(advertise)    46    4616.65    36    4
(relay)    35    14    4637.27    4    4569.68    1    1
(relay)    21    6    4658.87    4    4646.72    1    1
(relay)    35    40    4659.87    4    4420.59    1    1
(relay)    35    45    4681.67    4    4665.74    3    1
(advertise)    46    4681.87    45    4
(relay)    21    27    4705.88    4    4516.25    1    1
(relay)    21    1    4728.68    4    4703.71    2    1
(advertise)    46    4728.88    1    4
(relay)    21    47    4752.69    4    4704.96    1    1
(relay)    21    41    4775.29    4    4596.71    1    1
(relay)    21    37    4796.29    4    4758.56    3    1
(advertise)    46    4796.49    37    4
(relay)    21    39    4821.31    4    4819.54    2    1
(advertise)    46    4821.51    39    4
(relay)    21    38    4845.32    4    4754.58    1    1
(relay)    12    13    4928.92    4    4926.65    1    1
(relay)    35    43    4953.52    4    4931.61    1    1
(relay)    35    35    4985.72    4    4985.6    4    1
(advertise)    46    4985.92    35    4
(relay)    35    29    5050.93    5    5047.71    1    1
(relay)    21    25    5070.93    5    5066.06    1    1
(relay)    21    26    5117.53    5    5080.65    1    1
(relay)    35    33    5164.33    5    5163.87    3    1
(advertise)    46    5164.53    33    5
(relay)    35    3    5213.34    5    5210.69    2    1
(advertise)    46    5213.54    3    5
(relay)    21    24    5236.36    5    5225.69    3    1
(advertise)    46    5236.76    24    5
(relay)    21    8    5289.57    5    5288.43    2    1
(advertise)    46    5289.77    8    5
(relay)    35    44    5312.38    5    5287.37    1    1
(relay)    21    23    5313.18    5    5306.84    3    1
(advertise)    46    5313.98    23    5
(relay)    22    22    5317.8    5    5316.8    5    1
(advertise)    46    5335.0    22    5
(relay)    35    11    5378.81    5    5324.39    2    1
(advertise)    46    5379.01    11    5
(relay)    21    48    5382.62    5    5381.3    2    1
(advertise)    46    5401.22    48    5
(relay)    21    21    5430.84    5    5429.77    4    1
(advertise)    46    5431.04    21    5
(relay)    35    30    5454.05    5    5393.85    1    1
(relay)    21    40    5469.25    5    5420.66    1    1
(relay)    12    12    5490.65    5    5490.07    5    1
(advertise)    46    5490.85    12    5
(generate)    46    5492.26    [2]    5
(relay)    21    20    5535.67    5    5434.73    1    1
(relay)    21    36    5558.67    5    5516.71    2    1
(advertise)    46    5558.87    36    5
(relay)    21    9    5579.69    5    5552.75    2    1
(advertise)    46    5582.29    9    5
(relay)    21    14    5602.9    5    5569.88    1    1
(relay)    21    27    5623.9    5    5517.59    1    1
(relay)    35    41    5657.3    5    5596.77    1    1
(relay)    21    6    5665.5    5    5646.83    1    1
(relay)    35    0    5678.9    5    5573.73    1    1
(relay)    21    45    5710.7    5    5665.85    2    1
(advertise)    46    5710.9    45    5
(relay)    21    7    5735.51    5    5719.95    1    1
(relay)    21    47    5757.71    5    5705.07    2    1
(advertise)    46    5757.91    47    5
(relay)    21    1    5780.33    5    5703.73    2    1
(advertise)    46    5780.93    1    5
(relay)    21    37    5801.34    5    5758.58    3    1
(advertise)    46    5803.34    37    5
(relay)    21    38    5822.35    5    5754.61    1    1
(relay)    35    39    5834.95    5    5819.57    2    1
(advertise)    46    5835.15    39    5
(relay)    21    16    5949.37    5    5928.76    1    1
(relay)    21    31    5972.17    5    5942.77    1    1
(relay)    35    43    5973.97    5    5931.73    1    1
(relay)    35    35    5985.77    5    5985.64    4    1
(advertise)    46    5985.97    35    5
(relay)    35    29    6050.58    6    6047.82    1    1
(relay)    35    26    6120.58    6    6080.76    1    1
(relay)    35    33    6164.38    6    6164.04    3    1
(advertise)    46    6164.58    33    6
(relay)    35    3    6213.59    6    6210.86    2    1
(advertise)    46    6213.79    3    6
(relay)    35    24    6237.6    6    6225.84    2    1
(advertise)    46    6238.0    24    6
(relay)    35    8    6289.62    6    6288.45    2    1
(advertise)    46    6289.82    8    6
(relay)    21    44    6312.43    6    6287.94    1    1
(relay)    22    22    6317.83    6    6316.83    5    1
(advertise)    46    6318.03    22    6
(relay)    21    23    6333.64    6    6307.02    2    1
(advertise)    46    6339.04    23    6
(relay)    35    11    6355.66    6    6324.45    1    1
(relay)    35    48    6383.06    6    6381.38    2    1
(advertise)    46    6383.26    48    6
(relay)    21    21    6429.87    6    6429.77    4    1
(advertise)    46    6430.07    21    6
(relay)    35    30    6452.28    6    6393.9    1    1
(relay)    12    12    6491.08    6    6490.1    5    1
(advertise)    46    6491.28    12    6
(generate)    46    6492.5    [2]    6
(relay)    21    36    6540.71    6    6516.8    2    1
(advertise)    46    6540.91    36    6
(relay)    21    27    6564.12    6    6517.65    1    1
(relay)    21    14    6587.92    6    6570.04    1    1
(relay)    35    9    6589.32    6    6552.92    2    1
(advertise)    46    6589.52    9    6
(relay)    21    6    6649.93    6    6646.99    1    1
(relay)    35    41    6654.73    6    6596.83    1    1
(relay)    35    45    6676.33    6    6665.92    3    1
(advertise)    46    6676.53    45    6
(relay)    21    1    6715.75    6    6703.81    2    1
(advertise)    46    6715.95    1    6
(relay)    21    47    6737.56    6    6705.26    2    1
(advertise)    46    6738.76    47    6
(relay)    35    7    6740.57    6    6720.12    1    1
(relay)    21    37    6774.57    6    6758.66    3    1
(advertise)    46    6774.77    37    6
(relay)    21    38    6807.19    6    6754.75    1    1
(relay)    35    39    6822.79    6    6819.68    2    1
(advertise)    46    6822.99    39    6
(relay)    21    13    6928.2    6    6926.75    2    1
(advertise)    46    6928.4    13    6
(relay)    35    16    6950.01    6    6928.85    1    1
(relay)    35    35    6986.01    6    6985.82    4    1
(advertise)    46    6986.21    35    6
(relay)    35    29    7049.43    7    7047.93    1    1
(relay)    35    25    7071.83    7    7066.39    1    1
(relay)    21    26    7117.83    7    7080.92    1    1
(relay)    35    3    7214.03    7    7211.02    2    1
(advertise)    46    7214.23    3    7
(relay)    21    24    7228.24    7    7226.0    3    1
(advertise)    46    7235.44    24    7
(relay)    21    8    7290.45    7    7288.46    1    1
(relay)    22    22    7317.85    7    7316.84    5    1
(advertise)    46    7318.05    22    7
(relay)    21    23    7334.06    7    7307.17    3    1
(advertise)    46    7339.66    23    7
(relay)    35    11    7381.48    7    7324.48    2    1
(advertise)    46    7381.68    11    7
(relay)    21    48    7404.29    7    7381.47    2    1
(advertise)    46    7405.89    48    7
(relay)    35    30    7426.7    7    7393.96    1    1
(relay)    21    21    7430.1    7    7429.96    4    1
(advertise)    46    7430.9    21    7
(relay)    12    12    7491.12    7    7490.13    5    1
(advertise)    46    7491.32    12    7
(generate)    46    7492.53    [2]    7
(relay)    35    20    7534.14    7    7434.87    1    1
(relay)    21    36    7540.74    7    7517.27    1    1
(relay)    35    9    7568.14    7    7552.93    2    1
(advertise)    46    7568.34    9    7
(relay)    35    14    7590.96    7    7570.17    1    1
(relay)    35    27    7612.36    7    7517.76    1    1
(relay)    21    6    7649.96    7    7647.17    1    1
(relay)    21    0    7671.76    7    7574.04    1    1
(relay)    35    45    7673.36    7    7666.01    3    1
(advertise)    46    7673.56    45    7
(relay)    21    1    7743.57    7    7703.91    2    1
(advertise)    46    7743.77    1    7
(relay)    35    7    7766.58    7    7720.25    1    1
(relay)    21    37    7768.58    7    7758.74    2    1
(advertise)    46    7769.38    37    7
(relay)    21    38    7798.19    7    7754.9    1    1
(relay)    21    39    7823.19    7    7819.75    2    1
(advertise)    46    7823.39    39    7
(relay)    12    13    7929.21    7    7926.77    1    1
(relay)    21    16    7950.81    7    7928.93    1    1
(relay)    35    35    7986.01    7    7985.99    4    1
(advertise)    46    7986.21    35    7
(relay)    21    31    8010.62    7    7943.06    1    1
(relay)    35    33    8185.62    8    8164.3    3    1
(advertise)    46    8185.82    33    8
(relay)    35    3    8214.43    8    8211.19    2    1
(advertise)    46    8214.63    3    8
(relay)    21    24    8236.85    8    8226.15    3    1
(advertise)    46    8237.25    24    8
(relay)    21    8    8291.66    8    8288.48    1    1
(relay)    22    22    8317.86    8    8316.85    5    1
(advertise)    46    8318.06    22    8
(relay)    35    11    8342.27    8    8324.49    1    1
(relay)    21    48    8383.47    8    8381.59    2    1
(advertise)    46    8383.67    48    8
(relay)    21    21    8430.29    8    8430.11    4    1
(advertise)    46    8430.49    21    8
(relay)    35    30    8454.5    8    8394.0    1    1
(relay)    12    12    8491.3    8    8490.32    5    1
(advertise)    46    8491.5    12    8
(generate)    46    8492.71    [2]    8
(relay)    35    14    8581.52    8    8570.22    1    1
(relay)    35    9    8601.72    8    8552.94    2    1
(advertise)    46    8601.92    9    8
(relay)    35    6    8650.94    8    8647.3    1    1
(relay)    35    45    8672.34    8    8666.52    3    1
(advertise)    46    8672.54    45    8
(relay)    35    0    8711.55    8    8574.2    1    1
(relay)    21    47    8717.75    8    8705.63    2    1
(advertise)    46    8717.95    47    8
(relay)    21    1    8740.76    8    8704.02    2    1
(advertise)    46    8741.36    1    8
(relay)    21    37    8763.58    8    8758.8    3    1
(advertise)    46    8763.78    37    8
(relay)    35    7    8775.79    8    8720.43    1    1
(relay)    35    38    8818.79    8    8755.09    1    1
(relay)    21    39    8823.19    8    8819.85    2    1
(advertise)    46    8823.39    39    8
(relay)    21    13    8929.2    8    8926.79    2    1
(advertise)    46    8929.4    13    8
(relay)    35    16    8951.02    8    8929.2    1    1
(relay)    21    43    8972.62    8    8932.19    1    1
(relay)    35    35    8986.62    8    8986.16    4    1
(advertise)    46    8986.82    35    8
(relay)    21    29    9049.03    9    9048.19    1    1
(relay)    35    33    9165.63    9    9164.35    3    1
(advertise)    46    9165.83    33    9
(relay)    35    3    9212.84    9    9211.32    2    1
(advertise)    46    9213.04    3    9
(relay)    35    24    9234.45    9    9226.27    2    1
(advertise)    46    9236.45    24    9
(relay)    35    8    9290.67    9    9288.48    2    1
(advertise)    46    9290.87    8    9
(relay)    21    23    9314.88    9    9307.48    2    1
(advertise)    46    9315.08    23    9
(relay)    22    22    9316.89    9    9316.88    5    1
(advertise)    46    9337.89    22    9
(relay)    21    11    9358.31    9    9324.51    1    1
(relay)    21    48    9383.91    9    9381.67    2    1
(advertise)    46    9384.11    48    9
(relay)    21    21    9430.32    9    9430.25    4    1
(advertise)    46    9430.52    21    9
(relay)    21    40    9465.53    9    9421.26    1    1
(relay)    12    12    9491.33    9    9490.36    5    1
(advertise)    46    9491.53    12    9
(generate)    46    9492.75    [2]    9
(relay)    35    14    9572.36    9    9570.34    1    1
(relay)    21    9    9592.76    9    9553.09    2    1
(advertise)    46    9592.96    9    9
(relay)    21    6    9652.17    9    9647.41    1    1
(relay)    35    45    9667.97    9    9666.58    3    1
(advertise)    46    9668.17    45    9
(relay)    21    47    9717.59    9    9705.74    2    1
(advertise)    46    9717.79    47    9
(relay)    35    7    9740.4    9    9720.55    1    1
(relay)    21    1    9740.8    9    9704.07    2    1
(advertise)    46    9741.2    1    9
(relay)    35    37    9783.01    9    9758.82    2    1
(advertise)    46    9783.21    37    9
(relay)    12    13    9930.42    9    9926.83    1    1
(relay)    35    16    9949.22    9    9929.24    2    1
(advertise)    46    9949.42    16    9
(relay)    35    35    9986.84    9    9986.28    4    1
(advertise)    46    9987.04    35    9
(relay)    21    29    10049.25    10    10048.26    1    1
(relay)    35    33    10165.85    10    10164.46    3    1
(advertise)    46    10166.05    33    10
(relay)    35    3    10213.06    10    10211.46    2    1
(advertise)    46    10213.26    3    10
(relay)    21    24    10226.88    10    10226.39    3    1
(advertise)    46    10235.28    24    10
(relay)    21    8    10290.89    10    10288.66    2    1
(advertise)    46    10291.09    8    10
(relay)    21    23    10315.3    10    10307.61    2    1
(advertise)    46    10315.5    23    10
(relay)    22    22    10316.92    10    10316.9    5    1
(advertise)    46    10337.92    22    10
(relay)    21    11    10358.93    10    10324.58    2    1
(advertise)    46    10359.33    11    10
(relay)    35    48    10383.94    10    10381.75    1    1
(relay)    35    30    10428.54    10    10394.21    1    1
(relay)    21    21    10430.94    10    10430.39    4    1
(advertise)    46    10431.14    21    10
(relay)    35    40    10473.95    10    10421.44    1    1
(relay)    12    12    10490.55    10    10490.39    5    1
(advertise)    46    10490.75    12    10
(generate)    46    10492.77    [2]    10
(relay)    21    20    10535.98    10    10435.05    1    1
(relay)    21    36    10557.58    10    10517.52    2    1
(advertise)    46    10557.78    36    10
(relay)    35    9    10586.39    10    10553.26    2    1
(advertise)    46    10586.79    9    10
(relay)    21    14    10607.21    10    10570.43    1    1
(relay)    21    6    10651.21    10    10647.55    1    1
(relay)    35    45    10672.01    10    10666.64    3    1
(advertise)    46    10672.21    45    10
(relay)    21    47    10723.82    10    10705.9    2    1
(advertise)    46    10724.02    47    10
(relay)    21    1    10747.23    10    10704.14    2    1
(advertise)    46    10748.03    1    10
(relay)    35    37    10767.65    10    10758.87    2    1
(advertise)    46    10770.45    37    10
(relay)    21    39    10824.46    10    10819.98    2    1
(advertise)    46    10824.66    39    10
(relay)    35    13    10928.47    10    10927.02    2    1
(advertise)    46    10928.67    13    10
(relay)    21    16    10931.08    10    10929.5    1    1
(relay)    35    31    10970.88    10    10943.56    1    1
(relay)    35    35    10987.08    10    10986.43    4    1
(advertise)    46    10987.28    35    10
(relay)    35    29    11049.5    11    11048.36    1    1
(relay)    35    33    11166.5    11    11164.61    3    1
(advertise)    46    11166.7    33    11
(relay)    21    24    11226.91    11    11226.52    3    1
(advertise)    46    11227.11    24    11
(relay)    21    23    11311.72    11    11307.76    3    1
(advertise)    46    11311.92    23    11
(relay)    22    22    11316.94    11    11316.94    5    1
(advertise)    46    11332.94    22    11
(relay)    21    11    11357.55    11    11324.77    1    1
(relay)    35    48    11383.15    11    11381.85    2    1
(advertise)    46    11383.35    48    11
(relay)    21    40    11426.16    11    11421.44    1    1
(relay)    21    21    11430.96    11    11430.47    4    1
(advertise)    46    11431.16    21    11
(relay)    12    12    11490.58    11    11490.4    5    1
(advertise)    46    11490.78    12    11
(generate)    46    11492.79    [2]    11
(relay)    35    20    11534.6    11    11435.11    1    1
(relay)    21    36    11540.6    11    11517.58    2    1
(advertise)    46    11540.8    36    11
(relay)    21    14    11571.21    11    11570.52    1    1
(relay)    35    9    11577.41    11    11553.37    2    1
(advertise)    46    11577.61    9    11
(relay)    21    6    11651.43    11    11647.65    1    1
(relay)    35    45    11667.63    11    11666.7    2    1
(advertise)    46    11667.83    45    11
(relay)    21    47    11734.24    11    11706.05    2    1
(advertise)    46    11734.44    47    11
(relay)    21    1    11756.25    11    11704.38    2    1
(advertise)    46    11756.85    1    11
(relay)    35    38    11778.67    11    11755.64    1    1
(relay)    21    37    11780.27    11    11758.9    3    1
(advertise)    46    11780.87    37    11
(relay)    21    39    11823.88    11    11820.06    2    1
(advertise)    46    11824.08    39    11
(relay)    21    13    11927.69    11    11927.1    2    1
(advertise)    46    11927.89    13    11
(relay)    21    16    11948.71    11    11929.59    1    1
(relay)    21    43    11970.71    11    11932.52    1    1
(relay)    35    35    11987.51    11    11986.55    4    1
(advertise)    46    11987.71    35    11
(relay)    35    29    12049.92    12    12048.42    1    1
(relay)    35    33    12166.52    12    12164.75    3    1
(advertise)    46    12166.72    33    12
(heartbeat)    2    3    12162.23    46    12188.53    4    4
(advertise)    46    12188.73    2    3
(relay)    35    3    12212.54    12    12211.73    2    1
(advertise)    46    12213.14    3    12
(relay)    21    24    12236.76    12    12226.64    3    1
(advertise)    46    12237.16    24    12
(relay)    21    8    12288.97    12    12288.69    2    1
(advertise)    46    12289.17    8    12
(relay)    35    23    12312.18    12    12307.96    2    1
(advertise)    46    12312.58    23    12
(relay)    22    22    12317.0    12    12317.0    5    1
(advertise)    46    12335.6    22    12
(relay)    21    11    12356.81    12    12324.78    2    1
(advertise)    46    12359.61    11    12
(relay)    21    48    12382.82    12    12381.9    2    1
(advertise)    46    12383.02    48    12
(relay)    35    30    12405.84    12    12394.27    1    1
(relay)    21    21    12431.24    12    12430.6    4    1
(advertise)    46    12431.44    21    12
(relay)    35    20    12481.05    12    12435.17    1    1
(relay)    12    12    12490.65    12    12490.47    5    1
(advertise)    46    12490.85    12    12
(generate)    46    12492.86    [2]    12
(relay)    21    36    12541.07    12    12517.64    2    1
(advertise)    46    12541.27    36    12
(relay)    21    14    12571.29    12    12570.64    1    1
(relay)    35    9    12572.29    12    12553.52    2    1
(advertise)    46    12572.49    9    12
(relay)    35    45    12667.5    12    12666.72    3    1
(advertise)    46    12667.7    45    12
(relay)    35    47    12709.51    12    12706.22    2    1
(advertise)    46    12709.71    47    12
(relay)    21    1    12731.33    12    12704.46    2    1
(advertise)    46    12731.73    1    12
(relay)    21    38    12756.74    12    12755.77    1    1
(relay)    21    37    12779.14    12    12758.95    3    1
(advertise)    46    12779.34    37    12
(relay)    35    39    12822.95    12    12820.13    2    1
(advertise)    46    12823.15    39    12
(relay)    21    13    12927.57    12    12927.28    2    1
(advertise)    46    12927.77    13    12
(relay)    35    16    12950.38    12    12929.63    2    1
(advertise)    46    12950.98    16    12
(relay)    35    31    12973.39    12    12943.86    1    1
(relay)    35    35    12987.79    12    12986.71    4    1
(advertise)    46    12987.99    35    12
(relay)    21    29    13050.8    13    13048.54    1    1
(relay)    35    33    13167.2    13    13164.89    3    1
(advertise)    46    13167.4    33    13
(relay)    35    3    13213.62    13    13211.84    2    1
(advertise)    46    13213.82    3    13
(relay)    21    24    13237.43    13    13226.73    3    1
(advertise)    46    13238.03    24    13
(relay)    35    23    13313.04    13    13308.12    2    1
(advertise)    46    13313.24    23    13
(relay)    22    22    13317.66    13    13317.06    5    1
(advertise)    46    13335.06    22    13
(relay)    35    11    13357.07    13    13324.79    2    1
(advertise)    46    13357.47    11    13
(relay)    35    48    13382.28    13    13381.94    2    1
(advertise)    46    13382.48    48    13
(relay)    21    21    13431.7    13    13430.71    4    1
(advertise)    46    13431.9    21    13
(relay)    35    40    13472.51    13    13421.77    1    1
(relay)    12    12    13491.11    13    13490.53    5    1
(advertise)    46    13491.31    12    13
(generate)    46    13492.92    [2]    13
(relay)    35    20    13540.93    13    13435.23    1    1
(relay)    21    36    13541.33    13    13517.69    2    1
(advertise)    46    13541.53    36    13
(relay)    35    9    13563.15    13    13553.66    2    1
(advertise)    46    13565.35    9    13
(relay)    21    14    13585.96    13    13570.76    1    1
(relay)    35    6    13648.96    13    13647.95    1    1
(relay)    21    45    13671.36    13    13666.91    2    1
(advertise)    46    13671.56    45    13
(relay)    35    47    13717.77    13    13706.38    2    1
(advertise)    46    13717.97    47    13
(relay)    35    7    13737.99    13    13721.01    1    1
(relay)    21    1    13741.19    13    13704.5    2    1
(advertise)    46    13741.79    1    13
(relay)    35    37    13763.6    13    13758.98    2    1
(advertise)    46    13764.6    37    13
(relay)    21    39    13821.21    13    13820.18    2    1
(advertise)    46    13821.41    39    13
(relay)    21    13    13927.83    13    13927.46    2    1
(advertise)    46    13928.03    13    13
(relay)    21    16    13949.24    13    13929.77    1    1
(relay)    35    31    13972.44    13    13944.02    1    1
(relay)    21    43    13973.84    13    13932.84    1    1
(relay)    35    35    13987.84    13    13986.83    4    1
(advertise)    46    13988.04    35    13
(relay)    21    29    14064.65    14    14048.65    1    1
(relay)    35    33    14166.45    14    14165.01    3    1
(advertise)    46    14166.65    33    14
(relay)    35    3    14213.66    14    14211.96    2    1
(advertise)    46    14213.86    3    14
(relay)    21    24    14228.08    14    14226.89    3    1
(advertise)    46    14237.08    24    14
(relay)    21    8    14289.29    14    14288.83    2    1
(advertise)    46    14289.49    8    14
(relay)    35    23    14313.1    14    14308.23    2    1
(advertise)    46    14313.3    23    14
(relay)    22    22    14317.72    14    14317.12    5    1
(advertise)    46    14334.32    22    14
(relay)    35    11    14357.13    14    14324.8    2    1
(advertise)    46    14357.33    11    14
(relay)    21    48    14382.54    14    14381.97    2    1
(advertise)    46    14382.74    48    14
(relay)    21    21    14431.76    14    14430.83    4    1
(advertise)    46    14431.96    21    14
(relay)    21    30    14455.17    14    14394.54    1    1
(relay)    12    12    14491.17    14    14490.59    5    1
(advertise)    46    14491.37    12    14
(generate)    46    14492.98    [2]    14
(relay)    21    40    14535.39    14    14421.92    1    1
(relay)    21    36    14556.39    14    14518.18    2    1
(advertise)    46    14556.59    36    14
(relay)    21    14    14577.81    14    14570.89    1    1
(relay)    21    9    14599.41    14    14553.79    2    1
(advertise)    46    14599.61    9    14
(relay)    21    6    14649.02    14    14648.1    1    1
(relay)    35    45    14668.22    14    14666.93    3    1
(advertise)    46    14668.42    45    14
(relay)    35    47    14718.23    14    14706.55    2    1
(advertise)    46    14718.43    47    14
(relay)    21    7    14739.65    14    14721.01    1    1
(relay)    12    37    14765.05    14    14758.99    2    1
(advertise)    46    14765.25    37    14
(relay)    21    1    14787.66    14    14704.6    2    1
(advertise)    46    14789.06    1    14
(relay)    21    39    14821.47    14    14820.26    2    1
(advertise)    46    14821.67    39    14
(relay)    21    13    14928.29    14    14927.51    2    1
(advertise)    46    14928.49    13    14
(relay)    35    16    14951.1    14    14929.84    2    1
(advertise)    46    14953.1    16    14
(relay)    35    35    14987.91    14    14986.97    4    1
(advertise)    46    14988.11    35    14
(relay)    35    29    15051.72    15    15048.78    1    1
(relay)    35    33    15166.32    15    15165.15    3    1
(advertise)    46    15166.52    33    15
(relay)    21    24    15228.94    15    15227.03    3    1
(advertise)    46    15229.14    24    15
(relay)    21    8    15289.75    15    15289.0    2    1
(advertise)    46    15289.95    8    15
(relay)    35    23    15316.16    15    15308.41    2    1
(advertise)    46    15316.36    23    15
(relay)    22    22    15318.98    15    15318.34    5    1
(advertise)    46    15338.38    22    15
(relay)    21    11    15359.99    15    15324.84    2    1
(advertise)    46    15360.39    11    15
(relay)    35    48    15384.8    15    15382.0    2    1
(advertise)    46    15385.2    48    15
(relay)    35    30    15426.42    15    15394.56    1    1
(relay)    21    21    15432.02    15    15430.97    4    1
(advertise)    46    15432.22    21    15
(relay)    21    40    15465.43    15    15422.52    1    1
(relay)    12    12    15491.23    15    15490.64    5    1
(advertise)    46    15491.43    12    15
(generate)    46    15493.04    [2]    15
(relay)    35    20    15535.45    15    15435.37    1    1
(relay)    35    36    15556.65    15    15518.21    1    1
(relay)    35    9    15578.85    15    15554.58    2    1
(advertise)    46    15579.05    9    15
(relay)    21    14    15582.27    15    15571.03    1    1
(relay)    21    6    15650.07    15    15648.24    1    1
(relay)    35    45    15668.67    15    15666.99    3    1
(advertise)    46    15668.87    45    15
(relay)    21    47    15718.08    15    15706.67    2    1
(advertise)    46    15718.28    47    15
(relay)    35    7    15741.09    15    15721.01    1    1
(relay)    22    1    15742.09    15    15704.64    1    1
(relay)    35    37    15768.49    15    15759.04    2    1
(advertise)    46    15768.69    37    15
(relay)    21    39    15821.51    15    15820.28    2    1
(advertise)    46    15821.71    39    15
(relay)    22    13    15929.72    15    15927.69    1    1
(relay)    21    16    15950.12    15    15929.92    1    1
(relay)    35    35    15987.12    15    15987.08    4    1
(advertise)    46    15987.32    35    15
(relay)    35    29    16051.73    16    16048.9    1    1
(heartbeat)    2    4    16162.24    46    16163.73    3    4
(advertise)    46    16163.93    2    4
(relay)    35    33    16186.15    16    16165.26    3    1
(advertise)    46    16187.95    33    16
(relay)    35    3    16214.76    16    16212.22    2    1
(advertise)    46    16214.96    3    16
(relay)    21    24    16237.37    16    16227.14    3    1
(advertise)    46    16237.57    24    16
(relay)    21    8    16290.58    16    16289.01    2    1
(advertise)    46    16290.78    8    16
(relay)    21    23    16317.0    16    16308.56    3    1
(advertise)    46    16317.2    23    16
(relay)    22    22    16319.41    16    16318.38    5    1
(advertise)    46    16338.81    22    16
(relay)    35    11    16360.62    16    16324.86    2    1
(advertise)    46    16360.82    11    16
(relay)    35    48    16383.44    16    16382.04    2    1
(advertise)    46    16384.04    48    16
(relay)    35    30    16423.05    16    16394.61    1    1
(relay)    22    21    16431.45    16    16431.12    3    1
(advertise)    46    16431.85    21    16
(relay)    35    20    16490.26    16    16435.41    1    1
(relay)    12    12    16491.26    16    16490.69    5    1
(advertise)    46    16491.46    12    16
(generate)    46    16493.08    [2]    16
(relay)    21    36    16540.69    16    16518.25    2    1
(advertise)    46    16540.89    36    16
(relay)    35    9    16607.9    16    16554.73    1    1
(relay)    21    6    16650.9    16    16648.34    1    1
(relay)    35    45    16668.7    16    16667.02    3    1
(advertise)    46    16668.9    45    16
(relay)    21    47    16717.11    16    16706.82    2    1
(advertise)    46    16717.31    47    16
(relay)    35    7    16739.53    16    16721.02    1    1
(relay)    21    1    16742.13    16    16704.69    2    1
(advertise)    46    16742.53    1    16
(relay)    21    37    16764.74    16    16759.08    3    1
(advertise)    46    16764.94    37    16
(relay)    21    39    16822.15    16    16820.33    2    1
(advertise)    46    16822.35    39    16
(relay)    21    13    16928.97    16    16927.77    2    1
(advertise)    46    16929.17    13    16
(relay)    35    16    16950.98    16    16929.96    2    1
(advertise)    46    16953.18    16    16
(relay)    35    43    16974.59    16    16933.23    1    1
(relay)    35    35    16987.39    16    16987.25    4    1
(advertise)    46    16987.59    35    16
(relay)    35    29    17050.61    17    17048.97    1    1
(relay)    35    33    17165.81    17    17165.32    3    1
(advertise)    46    17166.01    33    17
(relay)    35    3    17215.22    17    17212.32    2    1
(advertise)    46    17215.42    3    17
(relay)    21    24    17229.63    17    17227.27    3    1
(advertise)    46    17236.83    24    17
(relay)    21    8    17290.44    17    17289.04    2    1
(advertise)    46    17290.64    8    17
(relay)    21    23    17314.66    17    17308.71    3    1
(advertise)    46    17315.06    23    17
(relay)    22    22    17319.47    17    17318.44    5    1
(advertise)    46    17338.27    22    17
(relay)    21    11    17356.48    17    17324.89    2    1
(advertise)    46    17359.68    11    17
(relay)    21    48    17383.5    17    17382.14    2    1
(advertise)    46    17385.1    48    17
(relay)    35    30    17412.71    17    17394.62    1    1
(relay)    21    21    17431.31    17    17431.21    4    1
(advertise)    46    17431.51    21    17
(relay)    12    12    17491.72    17    17490.74    5    1
(advertise)    46    17491.92    12    17
(generate)    46    17493.14    [2]    17
(relay)    21    36    17542.35    17    17518.3    1    1
(relay)    35    9    17562.35    17    17554.73    2    1
(advertise)    46    17562.55    9    17
(relay)    35    14    17589.96    17    17571.24    1    1
(relay)    21    6    17650.96    17    17648.44    1    1
(relay)    35    45    17669.36    17    17667.03    3    1
(advertise)    46    17669.56    45    17
(relay)    35    7    17722.77    17    17721.02    1    1
(relay)    35    47    17745.57    17    17706.99    2    1
(advertise)    46    17745.77    47    17
(relay)    35    1    17767.19    17    17704.74    1    1
(relay)    35    37    17789.79    17    17759.1    2    1
(advertise)    46    17789.99    37    17
(relay)    35    39    17823.4    17    17820.39    2    1
(advertise)    46    17823.6    39    17
(relay)    35    13    17929.41    17    17927.77    2    1
(advertise)    46    17929.61    13    17
(relay)    21    16    17952.63    17    17930.06    1    1
(relay)    35    43    17974.63    17    17933.31    1    1
(relay)    35    35    17987.43    17    17987.37    4    1
(advertise)    46    17987.63    35    17
(relay)    35    29    18051.64    18    18049.08    1    1
(relay)    35    33    18166.24    18    18165.47    3    1
(advertise)    46    18166.44    33    18
(relay)    35    3    18215.45    18    18212.46    2    1
(advertise)    46    18215.65    3    18
(relay)    21    24    18229.07    18    18227.37    3    1
(advertise)    46    18236.87    24    18
(relay)    21    8    18292.28    18    18289.21    1    1
(relay)    35    23    18315.68    18    18308.86    2    1
(advertise)    46    18315.88    23    18
(relay)    22    22    18319.49    18    18318.47    5    1
(advertise)    46    18336.89    22    18
(relay)    21    48    18384.7    18    18382.15    2    1
(advertise)    46    18384.9    48    18
(relay)    21    30    18424.12    18    18394.64    1    1
(relay)    21    21    18431.52    18    18431.32    4    1
(advertise)    46    18431.72    21    18
(relay)    12    12    18491.73    18    18490.74    5    1
(advertise)    46    18491.93    12    18
(generate)    46    18493.14    [2]    18
(relay)    35    20    18536.56    18    18435.53    1    1
(relay)    35    36    18557.96    18    18518.35    1    1
(relay)    35    9    18579.96    18    18554.73    2    1
(advertise)    46    18580.16    9    18
(relay)    35    14    18602.17    18    18571.37    1    1
(relay)    21    6    18652.17    18    18648.55    1    1
(relay)    35    45    18674.37    18    18667.1    3    1
(advertise)    46    18674.57    45    18
(relay)    21    1    18722.98    18    18704.76    2    1
(advertise)    46    18723.18    1    18
(relay)    22    47    18748.4    18    18707.15    1    1
(relay)    21    37    18769.8    18    18759.11    3    1
(advertise)    46    18770.0    37    18
(relay)    21    39    18823.01    18    18820.45    2    1
(advertise)    46    18823.21    39    18
(relay)    22    13    18931.22    18    18927.8    1    1
(relay)    21    16    18951.22    18    18930.22    1    1
(relay)    35    35    18988.02    18    18987.5    4    1
(advertise)    46    18988.22    35    18
(relay)    35    33    19166.83    19    19165.56    3    1
(advertise)    46    19167.03    33    19
(relay)    35    3    19214.05    19    19212.61    2    1
(advertise)    46    19214.25    3    19
(relay)    21    24    19227.86    19    19227.48    3    1
(advertise)    46    19236.46    24    19
(relay)    35    8    19291.27    19    19289.22    2    1
(advertise)    46    19291.47    8    19
(relay)    12    23    19314.09    19    19308.99    1    1
(relay)    22    22    19318.69    19    19318.5    5    1
(advertise)    46    19319.29    22    19
(relay)    35    11    19357.3    19    19324.96    1    1
(relay)    21    48    19384.7    19    19382.34    2    1
(advertise)    46    19384.9    48    19
(relay)    21    21    19431.51    19    19431.42    4    1
(advertise)    46    19431.71    21    19
(relay)    35    30    19466.53    19    19394.65    1    1
(relay)    35    40    19489.33    19    19422.86    1    1
(relay)    12    12    19491.93    19    19490.94    5    1
(advertise)    46    19492.13    12    19
(generate)    46    19493.34    [2]    19
(relay)    21    36    19541.95    19    19518.38    2    1
(advertise)    46    19542.15    36    19
(relay)    35    20    19558.96    19    19435.57    1    1
(relay)    21    14    19573.96    19    19571.48    1    1
(relay)    35    9    19624.96    19    19554.84    1    1
(relay)    21    6    19653.36    19    19648.62    1    1
(relay)    35    45    19668.56    19    19667.29    3    1
(advertise)    46    19668.76    45    19
(relay)    21    47    19718.58    19    19707.3    2    1
(advertise)    46    19718.78    47    19
(relay)    21    1    19741.79    19    19704.79    2    1
(advertise)    46    19742.19    1    19
(relay)    21    37    19782.0    19    19759.15    2    1
(advertise)    46    19782.2    37    19
(relay)    21    39    19823.62    19    19820.47    2    1
(advertise)    46    19823.82    39    19
(relay)    35    16    19950.23    19    19930.45    2    1
(advertise)    46    19950.43    16    19
(relay)    35    35    19988.24    19    19987.62    4    1
(advertise)    46    19988.44    35    19
(relay)    35    29    20049.86    20    20049.31    1    1
(heartbeat)    2    5    20162.25    46    20163.86    3    6
(advertise)    46    20164.06    2    5
(relay)    35    33    20186.47    20    20165.66    3    1
(advertise)    46    20188.07    33    20
(relay)    35    3    20214.28    20    20212.72    2    1
(advertise)    46    20214.68    3    20
(relay)    21    24    20227.89    20    20227.6    3    1
(advertise)    46    20236.89    24    20
(relay)    21    8    20291.51    20    20289.24    2    1
(advertise)    46    20291.71    8    20
(relay)    22    22    20318.72    20    20318.52    5    1
(advertise)    46    20318.92    22    20
(relay)    35    11    20343.33    20    20324.99    1    1
(relay)    35    48    20383.73    20    20382.43    2    1
(advertise)    46    20383.93    48    20
(relay)    35    30    20426.55    20    20394.67    1    1
(relay)    21    21    20432.15    20    20431.51    4    1
(advertise)    46    20432.35    21    20
(relay)    35    20    20470.96    20    20435.65    1    1
(relay)    12    12    20491.16    20    20490.97    5    1
(advertise)    46    20491.36    12    20
(generate)    46    20493.37    [2]    20
(relay)    21    36    20541.39    20    20518.44    2    1
(advertise)    46    20541.59    36    20
(relay)    21    9    20565.6    20    20555.01    2    1
(advertise)    46    20566.8    9    20
(relay)    21    14    20605.61    20    20571.61    1    1
(relay)    21    6    20653.61    20    20648.75    1    1
(relay)    35    45    20667.81    20    20667.35    3    1
(advertise)    46    20668.01    45    20
(relay)    21    1    20722.22    20    20704.84    2    1
(advertise)    46    20722.42    1    20
(relay)    35    7    20746.24    20    20721.49    1    1
(relay)    21    37    20763.44    20    20759.15    3    1
(advertise)    46    20763.64    37    20
(relay)    35    38    20766.85    20    20756.91    1    1
(relay)    12    39    20826.45    20    20820.53    1    1
(relay)    35    13    20929.45    20    20928.16    2    1
(advertise)    46    20929.65    13    20
(relay)    35    16    20949.66    20    20930.66    2    1
(advertise)    46    20952.46    16    20
(relay)    35    43    20975.88    20    20933.64    1    1
(relay)    35    35    20988.28    20    20987.76    4    1
(advertise)    46    20988.48    35    20
(relay)    21    29    21050.09    21    21049.41    1    1
(relay)    35    33    21167.49    21    21165.73    3    1
(advertise)    46    21167.69    33    21
(relay)    21    24    21235.5    21    21227.71    3    1
(advertise)    46    21235.7    24    21
(relay)    35    8    21290.72    21    21289.4    2    1
(advertise)    46    21290.92    8    21
(relay)    21    23    21314.33    21    21309.29    3    1
(advertise)    46    21314.53    23    21
(relay)    22    22    21318.74    21    21318.54    5    1
(advertise)    46    21337.54    22    21
(relay)    21    11    21359.15    21    21325.17    2    1
(advertise)    46    21359.95    11    21
(relay)    35    48    21384.37    21    21382.45    2    1
(advertise)    46    21384.77    48    21
(relay)    35    30    21427.78    21    21394.86    1    1
(relay)    21    21    21432.18    21    21431.63    4    1
(advertise)    46    21432.38    21    21
(relay)    12    12    21491.19    21    21491.02    5    1
(advertise)    46    21491.39    12    21
(generate)    46    21493.41    [2]    21
(relay)    21    36    21543.82    21    21518.49    2    1
(advertise)    46    21544.02    36    21
(relay)    21    20    21566.23    21    21435.67    1    1
(relay)    35    9    21589.23    21    21555.17    2    1
(advertise)    46    21589.43    9    21
(relay)    21    14    21605.85    21    21571.72    1    1
(relay)    21    6    21652.45    21    21648.88    1    1
(relay)    35    45    21667.85    21    21667.39    3    1
(advertise)    46    21668.05    45    21
(relay)    21    0    21696.86    21    21575.61    1    1
(relay)    21    47    21720.86    21    21707.64    2    1
(advertise)    46    21721.06    47    21
(relay)    21    1    21743.87    21    21704.87    2    1
(advertise)    46    21744.27    1    21
(relay)    21    37    21765.48    21    21759.18    3    1
(advertise)    46    21766.28    37    21
(relay)    35    38    21811.3    21    21757.08    1    1
(relay)    21    39    21825.3    21    21820.58    2    1
(advertise)    46    21825.5    39    21
(relay)    35    13    21928.71    21    21928.16    2    1
(advertise)    46    21928.91    13    21
(relay)    21    16    21950.52    21    21930.71    1    1
(relay)    35    35    21988.92    21    21987.9    4    1
(advertise)    46    21989.12    35    21
(relay)    35    29    22051.14    22    22049.51    1    1
(relay)    35    33    22168.14    22    22165.84    3    1
(advertise)    46    22168.34    33    22
(relay)    21    24    22228.95    22    22227.79    3    1
(advertise)    46    22229.15    24    22
(relay)    12    8    22290.56    22    22289.58    1    1
(relay)    35    23    22313.56    22    22309.44    2    1
(advertise)    46    22313.76    23    22
(relay)    22    22    22319.18    22    22318.58    5    1
(advertise)    46    22337.18    22    22
(relay)    35    11    22359.39    22    22325.18    2    1
(advertise)    46    22359.79    11    22
(relay)    21    48    22383.6    22    22382.55    2    1
(advertise)    46    22383.8    48    22
(relay)    35    30    22419.21    22    22394.9    1    1
(relay)    21    21    22432.21    22    22431.73    4    1
(advertise)    46    22432.41    21    22
(relay)    21    40    22488.83    22    22424.94    1    1
(relay)    12    12    22491.23    22    22491.07    5    1
(advertise)    46    22491.43    12    22
(generate)    46    22493.44    [2]    22
(relay)    35    20    22536.05    22    22435.73    1    1
(relay)    35    36    22557.65    22    22518.55    2    1
(advertise)    46    22557.85    36    22
(relay)    35    14    22580.47    22    22571.81    1    1
(relay)    35    9    22601.87    22    22555.36    2    1
(advertise)    46    22602.07    9    22
(relay)    35    6    22650.28    22    22648.96    1    1
(relay)    35    45    22671.68    22    22667.43    3    1
(advertise)    46    22671.88    45    22
(relay)    21    47    22721.29    22    22707.79    2    1
(advertise)    46    22721.49    47    22
(relay)    21    1    22742.31    22    22704.92    2    1
(advertise)    46    22743.51    1    22
(relay)    21    7    22763.52    22    22721.81    1    1
(relay)    21    37    22786.32    22    22759.36    3    1
(advertise)    46    22786.52    37    22
(relay)    35    39    22822.73    22    22820.64    1    1
(relay)    21    13    22928.73    22    22928.18    2    1
(advertise)    46    22928.93    13    22
(relay)    35    16    22951.74    22    22930.79    2    1
(advertise)    46    22952.34    16    22
(relay)    21    31    22974.36    22    22945.34    1    1
(relay)    35    35    22988.96    22    22988.02    4    1
(advertise)    46    22989.16    35    22
(relay)    35    29    23051.17    23    23049.63    1    1
(relay)    35    33    23168.17    23    23166.0    3    1
(advertise)    46    23168.37    33    23
(relay)    35    3    23214.18    23    23213.08    2    1
(advertise)    46    23214.38    3    23
(relay)    21    24    23237.8    23    23227.9    3    1
(advertise)    46    23240.2    24    23
(relay)    21    8    23290.01    23    23289.74    2    1
(advertise)    46    23290.21    8    23
(relay)    35    23    23314.82    23    23309.61    2    1
(advertise)    46    23315.42    23    23
(relay)    22    22    23319.24    23    23318.61    5    1
(advertise)    46    23336.44    22    23
(relay)    35    11    23358.25    23    23325.2    2    1
(advertise)    46    23359.85    11    23
(relay)    21    48    23383.46    23    23382.62    2    1
(advertise)    46    23383.86    48    23
(relay)    21    21    23432.87    23    23431.84    4    1
(advertise)    46    23433.07    21    23
(relay)    12    12    23491.69    23    23491.11    5    1
(advertise)    46    23491.89    12    23
(generate)    46    23493.5    [2]    23
(relay)    35    40    23536.11    23    23425.14    1    1
(relay)    21    36    23558.11    23    23518.59    2    1
(advertise)    46    23558.31    36    23
(relay)    21    20    23580.33    23    23435.79    1    1
(relay)    21    14    23602.13    23    23571.9    1    1
(relay)    21    9    23625.33    23    23555.53    2    1
(advertise)    46    23625.53    9    23
(relay)    21    6    23650.14    23    23649.06    1    1
(relay)    35    45    23668.74    23    23667.5    3    1
(advertise)    46    23668.94    45    23
(relay)    21    0    23696.35    23    23575.97    1    1
(relay)    35    7    23723.95    23    23722.0    1    1
(relay)    21    47    23740.95    23    23707.97    2    1
(advertise)    46    23741.15    47    23
(relay)    21    37    23764.77    23    23759.39    3    1
(advertise)    46    23765.17    37    23
(relay)    21    39    23821.78    23    23820.69    2    1
(advertise)    46    23821.98    39    23
(relay)    21    38    23844.39    23    23757.39    1    1
(relay)    21    13    23928.79    23    23928.26    2    1
(advertise)    46    23928.99    13    23
(relay)    21    16    23951.6    23    23930.84    1    1
(relay)    21    43    23975.4    23    23934.12    1    1
(relay)    35    35    23989.2    23    23988.15    4    1
(advertise)    46    23989.4    35    23
(relay)    21    29    24051.62    24    24049.67    1    1
(relay)    35    33    24167.42    24    24166.08    3    1
(advertise)    46    24167.62    33    24
(heartbeat)    2    6    24162.27    46    24189.03    3    6
(advertise)    46    24189.83    2    6
(relay)    35    3    24216.04    24    24213.23    2    1
(advertise)    46    24216.44    3    24
(relay)    21    24    24240.26    24    24228.05    3    1
(advertise)    46    24240.66    24    24
(relay)    21    8    24290.27    24    24289.81    2    1
(advertise)    46    24290.47    8    24
(relay)    21    23    24313.08    24    24309.77    3    1
(advertise)    46    24313.68    23    24
(relay)    22    22    24319.3    24    24318.67    5    1
(advertise)    46    24335.5    22    24
(relay)    21    11    24355.51    24    24325.23    2    1
(advertise)    46    24357.31    11    24
(relay)    21    48    24383.72    24    24383.31    2    1
(advertise)    46    24384.32    48    24
(relay)    21    30    24426.73    24    24394.98    1    1
(relay)    21    21    24433.13    24    24432.03    4    1
(advertise)    46    24433.33    21    24
(relay)    21    40    24467.15    24    24425.32    1    1
(relay)    12    12    24491.75    24    24491.17    5    1
(advertise)    46    24491.95    12    24
(generate)    46    24493.56    [2]    24
(relay)    22    36    24540.17    24    24518.91    1    1
(relay)    35    9    24562.77    24    24555.7    2    1
(advertise)    46    24562.97    9    24
(relay)    21    14    24586.79    24    24571.95    1    1
(relay)    21    6    24650.19    24    24649.19    1    1
(relay)    35    45    24668.99    24    24667.55    3    1
(advertise)    46    24669.19    45    24
(relay)    35    47    24717.8    24    24708.12    2    1
(advertise)    46    24718.0    47    24
(relay)    21    1    24738.81    24    24705.04    2    1
(advertise)    46    24739.61    1    24
(relay)    21    37    24761.83    24    24759.43    3    1
(advertise)    46    24763.03    37    24
(relay)    21    39    24821.64    24    24820.78    2    1
(advertise)    46    24821.84    39    24
(relay)    21    13    24928.65    24    24928.34    2    1
(advertise)    46    24928.85    13    24
(relay)    35    16    24950.66    24    24930.87    2    1
(advertise)    46    24951.86    16    24
(relay)    35    35    24989.28    24    24988.3    4    1
(advertise)    46    24989.48    35    24
(relay)    35    29    25052.69    25    25049.74    1    1
(relay)    35    33    25167.49    25    25166.22    3    1
(advertise)    46    25167.69    33    25
(relay)    35    3    25214.9    25    25213.32    2    1
(advertise)    46    25215.1    3    25
(relay)    21    24    25229.52    25    25228.18    3    1
(advertise)    46    25236.52    24    25
(relay)    21    8    25290.13    25    25289.81    2    1
(advertise)    46    25290.33    8    25
(relay)    21    23    25316.34    25    25309.94    2    1
(advertise)    46    25316.74    23    25
(relay)    22    22    25319.36    25    25318.73    5    1
(advertise)    46    25338.36    22    25
(relay)    35    11    25359.97    25    25325.24    2    1
(advertise)    46    25360.57    11    25
(relay)    21    48    25385.38    25    25383.39    2    1
(advertise)    46    25385.58    48    25
(relay)    35    30    25431.59    25    25395.16    1    1
(relay)    21    21    25433.79    25    25432.76    4    1
(advertise)    46    25433.99    21    25
(relay)    21    40    25476.01    25    25425.51    1    1
(relay)    12    12    25491.81    25    25491.23    5    1
(advertise)    46    25492.01    12    25
(generate)    46    25493.62    [2]    25
(relay)    35    20    25539.03    25    25435.89    1    1
(relay)    21    36    25540.63    25    25518.98    1    1
(relay)    35    9    25565.23    25    25555.87    2    1
(advertise)    46    25565.43    9    25
(relay)    21    6    25651.05    25    25649.34    1    1
(relay)    35    45    25674.45    25    25667.62    3    1
(advertise)    46    25674.65    45    25
(relay)    21    47    25736.26    25    25708.26    2    1
(advertise)    46    25736.46    47    25
(relay)    21    1    25759.07    25    25705.09    2    1
(advertise)    46    25759.67    1    25
(relay)    35    37    25782.29    25    25759.47    2    1
(advertise)    46    25782.89    37    25
(relay)    21    39    25821.9    25    25820.86    2    1
(advertise)    46    25822.1    39    25
(relay)    35    13    25929.91    25    25928.38    2    1
(advertise)    46    25930.11    13    25
(relay)    35    16    25950.72    25    25930.91    2    1
(advertise)    46    25951.72    16    25
(relay)    35    35    25988.54    25    25988.43    4    1
(advertise)    46    25988.74    35    25
(relay)    35    29    26052.75    26    26049.84    1    1
(relay)    35    33    26166.75    26    26166.33    3    1
(advertise)    46    26166.95    33    26
(relay)    35    3    26215.76    26    26213.46    2    1
(advertise)    46    26215.96    3    26
(relay)    12    24    26242.38    26    26228.27    1    1
(relay)    35    8    26290.98    26    26289.82    2    1
(advertise)    46    26291.18    8    26
(relay)    21    23    26316.79    26    26310.07    2    1
(advertise)    46    26317.19    23    26
(relay)    22    22    26319.8    26    26318.79    5    1
(advertise)    46    26339.4    22    26
(relay)    35    11    26359.62    26    26325.25    2    1
(advertise)    46    26360.42    11    26
(relay)    12    48    26385.83    26    26383.43    1    1
(relay)    21    30    26426.63    26    26395.17    1    1
(relay)    21    21    26433.03    26    26432.91    4    1
(advertise)    46    26433.43    21    26
(relay)    12    12    26491.84    26    26491.28    5    1
(advertise)    46    26492.04    12    26
(generate)    46    26493.65    [2]    26
(relay)    35    20    26538.47    26    26435.92    1    1
(relay)    21    36    26539.87    26    26519.01    2    1
(advertise)    46    26540.07    36    26
(relay)    35    14    26574.68    26    26572.19    1    1
(relay)    35    9    26605.68    26    26556.02    2    1
(advertise)    46    26605.88    9    26
(relay)    21    6    26652.09    26    26649.42    1    1
(relay)    35    45    26669.49    26    26667.75    3    1
(advertise)    46    26669.69    45    26
(relay)    21    47    26720.11    26    26708.4    2    1
(advertise)    46    26720.31    47    26
(relay)    21    1    26743.12    26    26705.12    1    1
(relay)    35    7    26744.12    26    26722.35    1    1
(relay)    35    38    26765.92    26    26757.79    1    1
(relay)    21    37    26767.32    26    26759.51    3    1
(advertise)    46    26767.52    37    26
(relay)    21    39    26822.33    26    26820.9    2    1
(advertise)    46    26822.53    39    26
(relay)    21    13    26929.55    26    26928.38    2    1
(advertise)    46    26929.75    13    26
(relay)    35    16    26951.76    26    26931.1    2    1
(advertise)    46    26951.96    16    26
(relay)    35    43    26973.77    26    26934.48    1    1
(relay)    35    35    26988.57    26    26988.55    4    1
(advertise)    46    26988.77    35    26
(relay)    21    29    27053.58    27    27049.93    1    1
(relay)    35    33    27166.78    27    27166.44    3    1
(advertise)    46    27166.98    33    27
(relay)    35    3    27216.6    27    27213.54    2    1
(advertise)    46    27216.8    3    27
(relay)    21    24    27239.81    27    27228.39    3    1
(advertise)    46    27240.21    24    27
(relay)    21    8    27291.02    27    27289.85    2    1
(advertise)    46    27291.22    8    27
(relay)    21    23    27317.24    27    27310.23    3    1
(advertise)    46    27317.64    23    27
(relay)    22    22    27319.85    27    27318.85    5    1
(advertise)    46    27339.25    22    27
(relay)    35    11    27360.46    27    27325.25    2    1
(advertise)    46    27362.46    11    27
(relay)    21    48    27384.68    27    27383.45    2    1
(advertise)    46    27386.08    48    27
(relay)    35    30    27423.29    27    27395.19    1    1
(relay)    21    21    27433.09    27    27433.02    4    1
(advertise)    46    27433.29    21    27
(relay)    21    40    27488.3    27    27426.94    1    1
(relay)    12    12    27492.3    27    27491.34    5    1
(advertise)    46    27492.5    12    27
(generate)    46    27493.71    [2]    27
(relay)    35    20    27537.73    27    27436.12    1    1
(relay)    35    36    27562.13    27    27519.06    2    1
(advertise)    46    27562.33    36    27
(relay)    35    9    27585.34    27    27556.17    2    1
(advertise)    46    27585.54    9    27
(relay)    35    14    27606.15    27    27572.34    1    1
(relay)    21    6    27652.35    27    27649.53    1    1
(relay)    35    45    27676.95    27    27667.79    3    1
(advertise)    46    27677.15    45    27
(relay)    21    47    27722.17    27    27708.55    2    1
(advertise)    46    27722.37    47    27
(relay)    35    7    27744.78    27    27722.51    1    1
(relay)    21    1    27747.38    27    27705.16    2    1
(advertise)    46    27747.78    1    27
(relay)    21    37    27771.19    27    27759.55    3    1
(advertise)    46    27771.99    37    27
(relay)    21    38    27797.41    27    27757.8    1    1
(relay)    21    39    27823.81    27    27820.95    2    1
(advertise)    46    27824.01    39    27
(relay)    21    13    27929.82    27    27928.4    2    1
(advertise)    46    27930.02    13    27
(relay)    21    16    27953.43    27    27931.13    1    1
(relay)    21    43    27975.83    27    27934.59    1    1
(relay)    35    35    27988.83    27    27988.7    4    1
(advertise)    46    27989.03    35    27
(relay)    35    29    28051.44    28    28050.02    1    1
(heartbeat)    2    7    28162.28    46    28163.24    3    6
(advertise)    46    28163.44    2    7
(relay)    35    33    28185.86    28    28166.58    3    1
(advertise)    46    28187.26    33    28
(relay)    35    3    28216.47    28    28213.64    2    1
(advertise)    46    28216.67    3    28
(relay)    21    24    28237.88    28    28228.54    3    1
(advertise)    46    28239.08    24    28
(relay)    21    8    28291.3    28    28289.89    2    1
(advertise)    46    28291.5    8    28
(relay)    12    23    28317.71    28    28310.39    1    1
(relay)    22    22    28319.91    28    28318.91    5    1
(advertise)    46    28320.31    22    28
(relay)    35    11    28358.92    28    28325.44    1    1
(relay)    21    48    28385.72    28    28383.52    2    1
(advertise)    46    28385.92    48    28
(relay)    21    30    28432.74    28    28395.2    1    1
(relay)    21    21    28433.94    28    28433.8    4    1
(advertise)    46    28434.14    21    28
(relay)    35    40    28470.35    28    28427.1    1    1
(relay)    12    12    28492.35    28    28491.4    5    1
(advertise)    46    28492.55    12    28
(generate)    46    28493.76    [2]    28
(relay)    35    20    28534.57    28    28436.14    1    1
(relay)    35    36    28556.77    28    28519.12    2    1
(advertise)    46    28556.97    36    28
(relay)    35    14    28579.59    28    28572.5    1    1
(relay)    21    9    28631.59    28    28556.33    1    1
(relay)    21    6    28655.19    28    28649.64    1    1
(relay)    35    45    28669.99    28    28667.82    3    1
(advertise)    46    28670.19    45    28
(relay)    21    47    28722.2    28    28708.69    2    1
(advertise)    46    28722.4    47    28
(relay)    35    7    28725.61    28    28722.66    1    1
(relay)    21    1    28747.21    28    28705.23    2    1
(advertise)    46    28747.41    1    28
(relay)    21    37    28770.83    28    28759.6    3    1
(advertise)    46    28771.03    37    28
(relay)    21    39    28823.84    28    28821.01    2    1
(advertise)    46    28824.04    39    28
(relay)    12    13    28931.85    28    28928.59    1    1
(relay)    35    16    28951.85    28    28931.16    2    1
(advertise)    46    28952.05    16    28
(relay)    21    31    28975.67    28    28946.13    1    1
(relay)    35    35    28989.47    28    28988.83    4    1
(advertise)    46    28989.67    35    28
(relay)    35    33    29168.08    29    29166.68    3    1
(advertise)    46    29168.28    33    29
(relay)    35    3    29217.49    29    29213.75    1    1
(relay)    21    24    29239.69    29    29228.6    3    1
(advertise)    46    29239.89    24    29
(relay)    21    8    29293.5    29    29290.08    1    1
(relay)    35    23    29315.5    29    29310.53    2    1
(advertise)    46    29315.7    23    29
(relay)    22    22    29319.12    29    29318.92    5    1
(advertise)    46    29337.72    22    29
(relay)    21    11    29360.13    29    29325.45    1    1
(relay)    21    48    29385.73    29    29383.53    2    1
(advertise)    46    29385.93    48    29
(relay)    35    30    29409.74    29    29395.38    1    1
(relay)    21    21    29433.94    29    29433.94    4    1
(advertise)    46    29434.14    21    29
(relay)    35    20    29483.56    29    29436.2    1    1
(relay)    12    12    29492.36    29    29491.41    5    1
(advertise)    46    29492.56    12    29
(generate)    46    29493.77    [2]    29
(relay)    21    36    29541.18    29    29519.17    2    1
(advertise)    46    29541.38    36    29
(relay)    35    9    29574.4    29    29556.46    2    1
(advertise)    46    29574.6    9    29
(relay)    35    14    29595.21    29    29572.56    1    1
(relay)    21    6    29654.61    29    29649.74    1    1
(relay)    35    45    29669.21    29    29668.0    3    1
(advertise)    46    29669.41    45    29
(relay)    21    0    29699.22    29    29576.48    1    1
(relay)    35    7    29726.22    29    29722.8    1    1
(relay)    35    39    29824.82    29    29821.08    2    1
(advertise)    46    29825.02    39    29
(relay)    12    13    29932.23    29    29928.74    1    1
(relay)    35    16    29951.43    29    29931.35    1    1
(relay)    21    31    29974.63    29    29946.28    1    1
(relay)    35    35    29989.43    29    29988.91    4    1
(advertise)    46    29989.63    35    29
