(relay)    11    41    33.4    1    9    121    1
(advertise)    10    42.2    41    1
(relay)    9    23    58.61    1    6    119    1
(advertise)    10    63.21    23    1
(relay)    9    0    434.43    1    431    124    1
(advertise)    10    434.63    0    1
(relay)    17    6    567.64    1    564    122    1
(advertise)    10    567.84    6    1
(relay)    17    23    1008.45    2    1006.05    125    1
(advertise)    10    1008.65    23    2
(relay)    17    26    1031.67    1    1028.07    124    1
(relay)    9    47    1032.27    1    1007.05    119    2
(advertise)    10    1032.47    26    1
(advertise)    10    1055.68    47    1
(relay)    9    39    1057.89    1    1025.07    121    1
(advertise)    10    1077.09    39    1
(relay)    9    31    1083.7    1    1057.09    123    1
(advertise)    10    1099.5    31    1
(relay)    9    41    1105.72    2    1009.47    117    1
(advertise)    10    1121.92    41    2
(relay)    11    4    1151.53    1    1150.12    126    1
(advertise)    10    1151.73    4    1
(relay)    11    20    1178.14    1    1154.54    124    1
(advertise)    10    1178.54    20    1
(relay)    11    27    1199.56    1    1169.14    123    1
(advertise)    10    1200.76    27    1
(relay)    9    14    1225.17    1    1191.16    124    1
(relay)    3    19    1225.57    1    1193.16    123    2
(advertise)    10    1225.77    14    1
(advertise)    10    1247.98    19    1
(relay)    11    32    1298.6    1    1297.2    124    1
(advertise)    10    1298.8    32    1
(relay)    11    13    1339.21    1    1337.01    125    1
(advertise)    10    1339.41    13    1
(relay)    9    8    1363.62    1    1343.02    126    1
(advertise)    10    1364.02    8    1
(relay)    9    9    1368.03    1    1367.02    127    1
(relay)    3    2    1385.43    1    1383.03    126    2
(advertise)    10    1386.03    9    1
(relay)    11    11    1392.25    1    1392.05    127    2
(generate)    10    1405.05    [24]    1
(relay)    17    35    1409.66    1    1338.01    117    3
(advertise)    10    1409.86    2    1
(advertise)    10    1430.87    11    1
(advertise)    10    1453.69    35    1
(relay)    3    0    1473.9    2    1431    124    1
(advertise)    10    1475.3    0    2
(relay)    17    25    1518.51    1    1450.07    125    1
(advertise)    10    1518.71    25    1
(relay)    17    5    1540.53    1    1388.0    123    1
(advertise)    10    1541.13    5    1
(relay)    11    18    1542.94    1    1531.13    126    1
(advertise)    10    1563.94    18    1
(relay)    9    28    1565.15    1    1485.1    122    1
(relay)    11    6    1580.95    2    1564    122    2
(advertise)    10    1586.95    28    1
(advertise)    10    1609.16    6    2
(relay)    11    37    1626.58    1    1478.09    121    1
(advertise)    10    1631.58    37    1
(relay)    11    45    1647.99    1    1512.11    121    1
(advertise)    10    1653.59    45    1
(relay)    17    21    1673.6    1    1505.11    123    1
(advertise)    10    1675.4    21    1
(relay)    17    17    1680.62    1    1680.02    127    1
(advertise)    10    1697.82    17    1
(relay)    17    22    1720.23    1    1608.16    124    1
(advertise)    10    1720.63    22    1
(relay)    3    48    1723.84    1    1486.03    118    1
(relay)    17    42    1740.44    1    1461.09    118    2
(advertise)    10    1742.44    48    1
(advertise)    10    1764.46    42    1
(relay)    17    15    1785.27    1    1701.02    125    1
(advertise)    10    1785.67    15    1
(relay)    11    33    1787.68    1    1633.16    123    1
(relay)    17    12    1807.68    1    1681.02    124    2
(advertise)    10    1807.88    33    1
(advertise)    10    1831.29    12    1
(relay)    17    38    1850.91    1    1617.18    122    1
(relay)    9    36    1852.11    1    1727.04    122    2
(advertise)    10    1852.31    38    1
(advertise)    10    1873.72    36    1
(relay)    11    44    1876.33    1    1690.02    116    1
(relay)    3    3    1891.13    1    1890.13    127    2
(advertise)    10    1895.73    44    1
(relay)    17    30    1897.95    1    1801.08    124    2
(advertise)    10    1916.95    3    1
(advertise)    10    1939.56    30    1
(relay)    9    29    1941.17    1    1832.11    123    1
(advertise)    10    1960.77    29    1
(relay)    3    1    1962.39    1    1938.11    125    1
(advertise)    10    1981.99    1    1
(relay)    17    34    1989.0    1    1862.91    122    1
(advertise)    10    2004.6    34    1
(relay)    17    43    2031.41    1    1818.09    119    1
(advertise)    10    2031.61    43    1
(relay)    17    23    2053.82    3    2006.2    125    1
(advertise)    10    2056.02    23    3
(relay)    9    16    2074.24    1    1919.16    124    1
(relay)    17    26    2075.44    2    2028.2    124    2
(advertise)    10    2079.04    16    1
(advertise)    10    2101.65    26    2
(relay)    17    46    2121.26    1    1951.16    120    1
(advertise)    10    2124.46    46    1
(relay)    17    39    2144.08    2    2025.2    123    1
(advertise)    10    2146.68    39    2
(relay)    3    4    2171.09    2    2151.08    126    1
(advertise)    10    2172.69    4    2
(relay)    9    31    2184.3    2    2057.22    119    1
(relay)    11    20    2194.5    2    2154.68    124    2
(advertise)    10    2196.3    31    2
(advertise)    10    2217.52    20    2
(relay)    9    14    2228.93    2    2191.32    124    1
(relay)    11    19    2238.33    2    2193.3    125    2
(advertise)    10    2239.93    14    2
(relay)    9    41    2250.74    3    2009.57    119    2
(advertise)    10    2260.94    19    2
(relay)    17    47    2262.75    2    2007.19    119    2
(advertise)    10    2282.35    41    3
(advertise)    10    2303.77    47    2
(relay)    17    27    2326.58    2    2169.28    123    1
(advertise)    10    2327.58    27    2
(relay)    17    32    2348.99    2    2297.37    124    1
(advertise)    10    2350.19    32    2
(relay)    9    8    2363.81    2    2343.21    126    1
(relay)    9    9    2367.41    2    2367.21    127    2
(advertise)    10    2372.21    8    2
(relay)    11    11    2392.42    2    2392.22    127    2
(advertise)    10    2393.82    9    2
(relay)    3    13    2396.83    2    2337.19    123    2
(generate)    10    2405.23    [24]    2
(relay)    9    2    2409.25    2    2383.22    126    3
(advertise)    10    2414.85    11    2
(relay)    11    5    2417.66    2    2388.01    125    3
(advertise)    10    2438.46    13    2
(advertise)    10    2459.67    2    2
(relay)    9    35    2474.08    2    2338.19    121    2
(relay)    11    25    2481.68    2    2450.26    125    3
(advertise)    10    2483.68    5    2
(relay)    9    0    2496.5    3    2431    124    3
(advertise)    10    2504.9    35    2
(advertise)    10    2526.71    25    2
(relay)    11    18    2533.52    2    2531.31    126    2
(relay)    9    7    2543.32    2    2453.24    125    3
(advertise)    10    2549.72    0    3
(relay)    11    40    2554.14    2    2433.03    122    3
(advertise)    10    2571.54    18    2
(advertise)    10    2592.75    7    2
(advertise)    10    2614.16    40    2
(relay)    9    37    2633.57    2    2478.27    123    1
(advertise)    10    2636.37    37    2
(relay)    11    6    2640.99    3    2564    124    1
(advertise)    10    2657.39    6    3
(relay)    9    28    2678.8    2    2485.28    122    1
(advertise)    10    2679.4    28    2
(relay)    17    17    2680.81    2    2680.19    127    1
(advertise)    10    2700.41    17    2
(relay)    9    21    2701.83    2    2505.3    123    1
(relay)    11    12    2707.83    2    2681.19    126    2
(advertise)    10    2722.43    21    2
(advertise)    10    2744.84    12    2
(relay)    17    48    2748.25    2    2486.18    120    1
(advertise)    10    2766.85    48    2
(relay)    9    22    2790.47    2    2608.36    124    1
(advertise)    10    2790.67    22    2
(relay)    3    42    2794.28    2    2461.26    118    1
(advertise)    10    2812.68    42    2
(relay)    9    15    2835.29    2    2701.2    125    1
(advertise)    10    2835.49    15    2
(relay)    9    45    2858.7    2    2512.3    121    1
(advertise)    10    2859.1    45    2
(relay)    17    33    2864.52    2    2633.35    121    1
(advertise)    10    2880.72    33    2
(relay)    3    3    2891.33    2    2890.3    127    1
(advertise)    10    2902.53    3    2
(relay)    17    38    2906.94    2    2617.36    122    1
(advertise)    10    2923.94    38    2
(relay)    9    36    2926.56    2    2727.23    120    1
(advertise)    10    2944.96    36    2
(relay)    9    16    2972.57    2    2919.34    126    1
(advertise)    10    2972.77    16    2
(relay)    11    34    2995.78    2    2863.09    122    1
(advertise)    10    2996.78    34    2
(relay)    3    1    2998.0    2    2938.68    125    1
(relay)    9    30    3015.4    2    2801.28    124    2
(relay)    17    44    3017.4    2    2690.2    118    3
(advertise)    10    3019.0    1    2
(advertise)    10    3040.41    30    2
(advertise)    10    3062.42    44    2
(relay)    17    29    3083.63    2    2832.29    123    1
(advertise)    10    3085.03    29    2
(relay)    17    23    3105.05    4    3006.4    125    1
(advertise)    10    3106.85    23    4
(relay)    17    26    3127.26    3    3028.4    124    1
(relay)    11    46    3130.66    2    2951.34    120    2
(advertise)    10    3131.06    26    3
(relay)    17    43    3149.27    2    2818.28    119    2
(advertise)    10    3153.07    46    2
(relay)    3    4    3154.69    3    3151.25    126    2
(advertise)    10    3174.49    43    2
(relay)    17    14    3193.1    3    3191.5    124    2
(advertise)    10    3195.7    4    3
(advertise)    10    3218.11    14    3
(relay)    11    20    3220.33    3    3154.86    124    1
(relay)    17    31    3236.13    3    3057.42    121    2
(advertise)    10    3241.33    20    3
(relay)    11    39    3243.94    3    3025.4    123    2
(advertise)    10    3263.34    31    3
(relay)    17    41    3279.75    4    3009.77    121    2
(advertise)    10    3285.35    39    3
(relay)    9    47    3301.56    3    3007.37    119    2
(advertise)    10    3308.56    41    4
(relay)    11    27    3330.98    3    3169.47    123    2
(advertise)    10    3331.38    47    3
(advertise)    10    3354.79    27    3
(relay)    9    9    3367.4    3    3367.39    127    1
(relay)    9    32    3369.0    3    3297.55    122    2
(advertise)    10    3376.6    9    3
(relay)    3    8    3388.02    3    3343.39    124    2
(relay)    11    11    3393.02    3    3392.42    127    3
(advertise)    10    3397.82    32    3
(generate)    10    3405.43    [24]    3
(relay)    9    2    3413.04    3    3383.42    126    3
(advertise)    10    3420.64    8    3
(relay)    11    13    3423.26    3    3337.38    125    3
(advertise)    10    3441.66    11    3
(advertise)    10    3462.67    2    3
(advertise)    10    3485.88    13    3
(relay)    11    5    3490.09    3    3388.03    125    1
(relay)    9    35    3503.89    3    3338.39    121    2
(advertise)    10    3508.89    5    3
(advertise)    10    3529.91    35    3
(relay)    11    19    3535.12    3    3193.49    121    1
(relay)    3    0    3541.12    4    3431    124    2
(relay)    9    7    3548.72    3    3453.44    125    3
(advertise)    10    3552.52    19    3
(advertise)    10    3574.13    0    4
(relay)    11    18    3578.95    3    3531.49    126    2
(advertise)    10    3596.15    7    3
(relay)    11    25    3601.36    3    3450.44    125    2
(advertise)    10    3618.36    18    3
(relay)    9    28    3638.37    3    3485.47    122    2
(advertise)    10    3641.37    25    3
(relay)    9    21    3661.99    3    3505.48    123    2
(advertise)    10    3663.79    28    3
(relay)    11    40    3665.2    3    3433.23    122    2
(relay)    17    17    3681.0    3    3680.39    127    3
(relay)    11    37    3686.4    3    3478.47    121    4
(advertise)    10    3686.8    21    3
(advertise)    10    3710.01    40    3
(relay)    9    42    3729.62    3    3461.46    120    3
(relay)    11    12    3730.02    3    3682.59    126    4
(advertise)    10    3732.82    17    3
(advertise)    10    3754.24    37    3
(advertise)    10    3776.25    42    3
(advertise)    10    3797.86    12    3
(relay)    17    6    3799.68    4    3564    122    1
(relay)    11    48    3818.28    3    3486.36    120    2
(advertise)    10    3820.48    6    4
(relay)    3    15    3834.49    3    3701.4    123    2
(relay)    9    22    3840.49    3    3608.56    124    3
(advertise)    10    3843.49    48    3
(relay)    11    33    3862.1    3    3633.55    123    3
(advertise)    10    3865.3    15    3
(relay)    11    45    3885.32    3    3512.48    121    3
(advertise)    10    3887.32    22    3
(relay)    3    3    3891.53    3    3890.49    127    3
(advertise)    10    3909.33    33    3
(advertise)    10    3933.14    45    3
(relay)    17    38    3934.35    3    3617.56    122    2
(advertise)    10    3954.15    3    3
(relay)    9    16    3972.97    3    3919.54    126    2
(advertise)    10    3977.57    38    3
(relay)    11    44    3992.78    3    3690.4    120    2
(advertise)    10    3999.58    16    3
(relay)    3    1    4009.39    3    3938.86    125    2
(advertise)    10    4021.59    44    3
(relay)    11    34    4035.41    3    3863.29    122    2
(relay)    9    30    4039.01    3    3801.45    124    3
(advertise)    10    4043.01    1    3
(relay)    3    29    4053.82    3    3832.49    121    3
(advertise)    10    4064.42    34    3
(relay)    17    36    4067.23    3    3727.42    120    3
(advertise)    10    4087.83    30    3
(advertise)    10    4109.65    29    3
(advertise)    10    4131.66    36    3
(relay)    11    46    4147.47    3    3951.54    122    1
(relay)    17    23    4154.07    5    4006.99    125    2
(advertise)    10    4155.67    46    3
(relay)    3    4    4163.68    4    4151.45    126    2
(advertise)    10    4178.48    23    5
(relay)    9    43    4191.9    3    3818.48    121    2
(relay)    17    26    4199.5    4    4028.59    124    3
(advertise)    10    4200.9    4    4
(advertise)    10    4221.91    43    3
(relay)    11    39    4233.92    4    4025.58    123    2
(relay)    9    31    4237.92    4    4057.62    123    3
(advertise)    10    4242.92    26    4
(relay)    11    41    4256.94    5    4009.97    121    3
(advertise)    10    4266.34    39    4
(advertise)    10    4288.35    31    4
(relay)    11    19    4299.16    4    4193.68    125    2
(advertise)    10    4310.76    41    5
(relay)    9    14    4324.78    4    4191.68    124    2
(advertise)    10    4333.98    19    4
(relay)    11    20    4343.79    4    4155.06    124    2
(advertise)    10    4355.19    14    4
(relay)    11    47    4364.0    4    4007.57    119    2
(relay)    9    9    4367.6    4    4367.59    127    3
(advertise)    10    4376.6    20    4
(relay)    11    11    4393.01    4    4392.43    127    3
(advertise)    10    4397.61    47    4
(generate)    10    4405.63    [24]    4
(relay)    3    2    4406.84    4    4383.61    126    3
(relay)    11    27    4407.04    4    4169.67    123    4
(relay)    9    8    4417.84    4    4343.59    126    5
(advertise)    10    4419.84    9    4
(heartbeat)    24    1    4361.4    10    4423.05    127    0
(advertise)    10    4440.85    11    4
(advertise)    10    4464.07    2    4
(advertise)    10    4486.68    27    4
(relay)    3    5    4496.09    4    4388.04    125    3
(relay)    9    32    4505.49    4    4297.75    120    4
(advertise)    10    4508.69    8    4
(advertise)    10    4532.31    24    1
(relay)    11    13    4545.92    4    4337.58    123    3
(advertise)    10    4553.52    5    4
(advertise)    10    4577.53    32    4
(relay)    3    0    4581.94    5    4431    124    2
(relay)    11    18    4588.34    4    4531.69    3    3
(advertise)    10    4598.74    13    4
(relay)    9    7    4615.16    4    4453.64    125    3
(advertise)    10    4622.36    0    5
(relay)    11    35    4633.17    4    4338.58    119    3
(advertise)    10    4643.57    18    4
(advertise)    10    4664.98    7    4
(relay)    11    40    4678.8    4    4433.43    122    2
(relay)    17    17    4681.6    4    4680.58    3    3
(advertise)    10    4688.2    35    4
(relay)    11    6    4701.81    5    4564    124    3
(advertise)    10    4709.61    40    4
(advertise)    10    4730.82    17    4
(relay)    3    21    4738.64    4    4505.68    1    2
(relay)    11    12    4746.24    4    4682.78    5    3
(advertise)    10    4752.64    6    5
(relay)    9    28    4774.85    4    4485.67    1    2
(advertise)    10    4776.45    12    4
(relay)    11    48    4791.46    4    4486.55    120    1
(relay)    17    42    4796.46    4    4461.61    120    2
(advertise)    10    4798.46    48    4
(relay)    9    15    4817.27    4    4701.6    3    2
(advertise)    10    4820.07    42    4
(relay)    11    33    4838.49    4    4633.74    1    2
(advertise)    10    4842.49    15    4
(relay)    17    22    4859.5    4    4608.76    3    1
(advertise)    10    4864.5    22    4
(relay)    3    3    4890.91    4    4890.69    5    1
(advertise)    10    4891.51    3    4
(relay)    17    16    4947.73    4    4919.74    3    1
(advertise)    10    4947.93    16    4
(relay)    9    36    4955.14    4    4728.64    1    1
(relay)    3    1    4973.14    4    4939.05    5    1
(advertise)    10    4973.34    1    4
(relay)    17    29    4990.15    4    4832.67    1    1
(relay)    11    26    5031.55    5    5028.73    1    1
(relay)    17    30    5034.95    4    4801.65    1    1
(relay)    17    44    5057.15    4    4690.6    1    1
(relay)    17    23    5098.95    6    5007.17    1    1
(relay)    17    41    5121.35    6    5010.17    1    1
(relay)    3    4    5152.75    5    5151.49    5    1
(advertise)    10    5152.95    4    5
(relay)    17    20    5176.37    5    5155.14    3    1
(advertise)    10    5177.17    20    5
(relay)    11    27    5198.98    5    5169.79    1    1
(relay)    3    14    5201.38    5    5191.75    1    1
(relay)    11    19    5220.98    5    5193.8    3    1
(advertise)    10    5221.18    19    5
(relay)    11    32    5328.19    5    5297.87    1    1
(relay)    9    35    5341.39    5    5338.66    1    1
(relay)    3    8    5345.39    5    5343.62    3    1
(advertise)    10    5345.59    8    5
(relay)    11    13    5351.0    5    5337.6    5    1
(advertise)    10    5366.8    13    5
(relay)    9    9    5368.02    5    5367.72    5    1
(advertise)    10    5387.82    9    5
(relay)    11    11    5393.03    5    5392.48    5    1
(generate)    10    5405.63    [24]    5
(relay)    9    2    5409.44    5    5383.79    5    2
(advertise)    10    5409.84    11    5
(relay)    11    5    5418.46    5    5388.05    5    2
(advertise)    10    5431.46    2    5
(advertise)    10    5453.87    5    5
(relay)    11    25    5483.08    5    5450.83    1    1
(relay)    9    0    5498.08    6    5431    124    1
(advertise)    10    5498.28    0    6
(relay)    9    7    5519.7    5    5453.68    5    1
(advertise)    10    5521.1    7    5
(relay)    9    28    5540.31    5    5485.86    1    1
(relay)    11    48    5551.91    5    5486.73    1    1
(relay)    9    21    5561.91    5    5505.73    3    1
(advertise)    10    5562.11    21    5
(relay)    9    42    5584.92    5    5461.79    1    1
(relay)    17    18    5595.32    5    5531.73    3    1
(advertise)    10    5595.52    18    5
(relay)    9    37    5605.93    5    5478.8    1    1
(relay)    11    6    5621.33    6    5564    122    1
(advertise)    10    5621.73    6    6
(relay)    11    33    5643.35    5    5633.9    1    1
(relay)    9    22    5648.55    5    5608.77    1    1
(relay)    17    17    5681.75    5    5680.74    3    1
(advertise)    10    5681.95    17    5
(relay)    3    15    5704.96    5    5701.7    1    1
(relay)    11    12    5706.56    5    5682.95    5    1
(advertise)    10    5706.96    12    5
(relay)    17    43    5828.37    5    5818.86    1    1
(relay)    17    29    5853.57    5    5832.78    1    1
(relay)    11    34    5869.77    5    5863.51    1    1
(relay)    3    3    5890.97    5    5890.8    5    1
(advertise)    10    5891.17    3    5
(relay)    17    16    5920.99    5    5919.74    3    1
(advertise)    10    5921.19    16    5
(relay)    9    1    5942.2    5    5939.17    5    1
(advertise)    10    5942.8    1    5
(relay)    17    46    5969.21    5    5951.8    1    1
(relay)    17    23    6009.21    7    6007.31    1    1
(relay)    11    47    6012.01    6    6007.84    1    1
(relay)    11    26    6036.41    6    6028.8    1    1
(relay)    11    41    6059.41    7    6010.24    1    1
(relay)    3    4    6152.81    6    6151.5    5    1
(advertise)    10    6153.01    4    6
(relay)    11    27    6177.43    6    6169.85    1    1
(relay)    9    14    6194.63    6    6191.77    3    1
(advertise)    10    6194.83    14    6
(relay)    11    19    6222.64    6    6193.98    3    1
(advertise)    10    6222.84    19    6
(relay)    11    32    6301.25    6    6297.98    1    1
(relay)    11    13    6340.25    6    6337.68    5    1
(advertise)    10    6340.45    13    6
(relay)    9    8    6361.86    6    6343.66    5    1
(advertise)    10    6362.86    8    6
(relay)    9    9    6368.48    6    6367.9    5    1
(advertise)    10    6385.48    9    6
(relay)    11    11    6393.09    6    6392.5    5    1
(generate)    10    6405.69    [24]    6
(advertise)    10    6408.7    11    6
(relay)    11    2    6410.92    6    6383.83    3    1
(advertise)    10    6429.92    2    6
(relay)    9    0    6449.73    7    6431    124    1
(advertise)    10    6451.93    0    7
(relay)    9    7    6494.14    6    6453.77    5    1
(advertise)    10    6494.34    7    6
(relay)    9    28    6515.56    6    6485.89    1    1
(relay)    11    25    6520.36    6    6450.88    1    1
(relay)    9    21    6536.36    6    6505.82    3    1
(advertise)    10    6536.56    21    6
(relay)    11    18    6542.17    6    6531.91    3    1
(advertise)    10    6558.37    18    6
(relay)    17    48    6566.98    6    6486.91    1    1
(relay)    9    37    6581.98    6    6478.98    1    1
(relay)    11    6    6608.98    7    6564    124    1
(advertise)    10    6609.18    6    7
(relay)    3    22    6632.99    6    6608.86    1    1
(relay)    17    17    6681.79    6    6680.81    3    1
(advertise)    10    6681.99    17    6
(relay)    11    12    6685.21    6    6683.01    5    1
(advertise)    10    6705.61    12    6
(relay)    3    15    6727.02    6    6701.87    1    1
(relay)    9    44    6750.82    6    6690.83    1    1
(relay)    9    36    6772.82    6    6728.71    1    1
(relay)    17    43    6830.02    6    6818.98    1    1
(relay)    9    29    6854.62    6    6832.96    1    1
(relay)    11    34    6870.02    6    6863.54    1    1
(relay)    3    3    6891.02    6    6890.87    5    1
(advertise)    10    6891.22    3    6
(relay)    9    16    6921.03    6    6919.88    3    1
(advertise)    10    6921.23    16    6
(relay)    9    1    6943.05    6    6939.29    5    1
(advertise)    10    6943.45    1    6
(relay)    17    46    6971.46    6    6951.82    1    1
(relay)    11    47    7012.66    7    7007.91    1    1
(relay)    11    26    7037.06    7    7028.85    1    1
(relay)    17    39    7074.06    7    7025.85    1    1
(relay)    11    41    7081.06    8    7010.27    1    1
(relay)    3    4    7151.86    7    7151.5    5    1
(advertise)    10    7152.06    4    7
(relay)    11    20    7175.67    7    7155.37    3    1
(advertise)    10    7176.07    20    7
(relay)    11    19    7198.49    7    7194.0    3    1
(advertise)    10    7199.09    19    7
(relay)    11    27    7221.7    7    7169.9    1    1
(relay)    11    32    7301.7    7    7298.15    1    1
(relay)    11    13    7338.9    7    7337.78    3    1
(advertise)    10    7339.1    13    7
(relay)    9    8    7361.71    7    7343.7    5    1
(advertise)    10    7362.11    8    7
(relay)    9    9    7368.52    7    7368.06    5    1
(advertise)    10    7384.12    9    7
(relay)    11    11    7393.54    7    7392.5    5    1
(generate)    10    7405.74    [24]    7
(advertise)    10    7407.35    11    7
(relay)    11    5    7431.96    7    7388.08    5    1
(advertise)    10    7432.76    5    7
(relay)    3    0    7474.38    8    7431    124    1
(advertise)    10    7474.58    0    8
(relay)    17    40    7499.39    7    7433.54    1    1
(relay)    9    7    7501.19    7    7454.63    3    1
(advertise)    10    7501.59    7    7
(relay)    9    28    7540.4    7    7485.92    1    1
(relay)    11    48    7542.0    7    7486.92    1    1
(relay)    11    18    7564.0    7    7531.91    3    1
(advertise)    10    7564.2    18    7
(relay)    9    21    7590.02    7    7505.89    1    1
(relay)    11    6    7592.42    8    7564    120    1
(advertise)    10    7592.62    6    8
(relay)    9    22    7632.63    7    7608.93    1    1
(relay)    11    33    7637.03    7    7634.24    1    1
(relay)    17    17    7681.83    7    7680.92    3    1
(advertise)    10    7682.03    17    7
(relay)    17    15    7702.84    7    7701.87    3    1
(advertise)    10    7703.84    15    7
(relay)    17    12    7725.45    7    7683.07    1    1
(relay)    9    43    7829.45    7    7819.1    1    1
(relay)    9    29    7854.25    7    7833.15    1    1
(relay)    11    34    7868.65    7    7863.55    1    1
(relay)    3    3    7891.05    7    7890.91    5    1
(advertise)    10    7891.25    3    7
(relay)    9    16    7921.27    7    7919.99    3    1
(advertise)    10    7921.47    16    7
(relay)    3    1    7947.88    7    7939.38    5    1
(advertise)    10    7948.28    1    7
(relay)    17    46    7975.89    7    7951.85    1    1
(relay)    9    23    8009.69    9    8007.67    1    1
(relay)    11    47    8012.89    8    8007.96    1    1
(relay)    11    26    8036.49    8    8028.92    1    1
(relay)    11    39    8058.89    8    8025.85    1    1
(relay)    11    41    8080.69    9    8010.55    1    1
(relay)    11    27    8176.29    8    8169.97    1    1
(relay)    9    14    8195.09    8    8191.84    3    1
(advertise)    10    8195.29    14    8
(relay)    11    20    8220.31    8    8155.39    3    1
(advertise)    10    8220.91    20    8
(relay)    11    19    8241.72    8    8194.19    3    1
(advertise)    10    8242.32    19    8
(relay)    17    32    8302.93    8    8298.31    1    1
(relay)    11    13    8338.53    8    8337.82    5    1
(advertise)    10    8338.73    13    8
(relay)    9    8    8362.15    8    8343.77    5    1
(advertise)    10    8362.55    8    8
(relay)    9    9    8368.76    8    8368.2    5    1
(advertise)    10    8383.96    9    8
(relay)    9    2    8388.37    8    8385.65    5    1
(relay)    11    11    8393.57    8    8392.5    5    2
(generate)    10    8405.77    [24]    8
(advertise)    10    8406.98    2    8
(advertise)    10    8429.2    11    8
(relay)    3    5    8452.41    8    8388.17    5    1
(advertise)    10    8452.61    5    8
(heartbeat)    24    2    8361.41    10    8474.22    2    2
(advertise)    10    8474.42    24    2
(relay)    9    0    8495.64    9    8431    120    1
(advertise)    10    8498.04    0    9
(relay)    11    25    8500.05    8    8451.06    1    1
(relay)    9    42    8519.05    8    8462.19    1    1
(relay)    3    7    8541.65    8    8454.73    3    1
(advertise)    10    8541.85    7    8
(relay)    11    18    8544.46    8    8532.1    3    1
(advertise)    10    8562.86    18    8
(relay)    9    37    8586.48    8    8479.16    1    1
(relay)    11    48    8589.28    8    8486.96    1    1
(relay)    11    6    8610.08    9    8564    124    1
(advertise)    10    8610.28    6    9
(relay)    11    33    8639.09    8    8634.43    1    1
(relay)    9    28    8656.89    8    8485.97    1    1
(relay)    17    17    8682.09    8    8681.01    3    1
(advertise)    10    8682.29    17    8
(relay)    3    15    8704.3    8    8702.06    1    1
(relay)    11    12    8706.9    8    8683.14    1    1
(relay)    9    29    8855.7    8    8833.19    1    1
(relay)    11    34    8867.1    8    8863.57    1    1
(relay)    3    3    8891.1    8    8890.98    5    1
(advertise)    10    8891.3    3    8
(relay)    9    16    8921.71    8    8920.12    3    1
(advertise)    10    8921.91    16    8
(relay)    3    1    8947.13    8    8939.47    5    1
(advertise)    10    8947.33    1    8
(relay)    11    46    8971.14    8    8951.9    1    1
(relay)    9    23    9010.14    10    9007.75    1    1
(relay)    11    47    9013.34    9    9008.02    1    1
(relay)    11    26    9037.34    9    9029.01    1    1
(relay)    11    39    9058.74    9    9025.89    1    1
(relay)    11    4    9152.14    9    9151.71    5    1
(advertise)    10    9152.34    4    9
(relay)    11    20    9176.95    9    9155.58    3    1
(advertise)    10    9177.35    20    9
(relay)    11    19    9199.97    9    9194.36    3    1
(advertise)    10    9200.37    19    9
(relay)    17    14    9201.78    9    9191.88    3    1
(advertise)    10    9223.58    14    9
(relay)    11    32    9301.99    9    9298.4    1    1
(relay)    11    13    9338.59    9    9337.88    5    1
(advertise)    10    9338.79    13    9
(relay)    9    8    9362.21    9    9343.82    5    1
(advertise)    10    9362.41    8    9
(relay)    9    9    9368.82    9    9368.36    5    1
(advertise)    10    9384.42    9    9
(relay)    9    2    9388.43    9    9385.69    5    1
(relay)    11    11    9393.63    9    9392.69    5    2
(advertise)    10    9405.63    2    9
(generate)    10    9406.84    [24]    9
(advertise)    10    9428.26    11    9
(relay)    11    5    9451.47    9    9388.18    5    1
(advertise)    10    9451.67    5    9
(relay)    9    0    9476.08    10    9431    124    1
(advertise)    10    9476.68    0    10
(relay)    9    7    9500.1    9    9454.79    5    1
(relay)    11    25    9500.5    9    9451.1    1    2
(advertise)    10    9500.7    7    9
(relay)    9    28    9521.31    9    9485.99    1    1
(relay)    11    48    9543.31    9    9486.97    1    1
(relay)    17    18    9543.91    9    9532.27    3    1
(advertise)    10    9544.11    18    9
(relay)    3    21    9568.32    9    9506.03    1    1
(relay)    17    37    9588.32    9    9479.17    1    1
(relay)    11    6    9608.72    10    9564    124    1
(advertise)    10    9608.92    6    10
(relay)    9    22    9636.94    9    9609.09    3    1
(advertise)    10    9637.14    22    9
(relay)    17    17    9681.15    9    9681.03    3    1
(advertise)    10    9681.35    17    9
(relay)    9    15    9704.16    9    9702.23    3    1
(advertise)    10    9704.56    15    9
(relay)    9    12    9744.18    9    9683.19    1    1
(relay)    9    36    9775.18    9    9728.89    1    1
(relay)    17    43    9832.78    9    9819.31    1    1
(relay)    9    29    9855.38    9    9833.38    1    1
(relay)    11    34    9865.18    9    9863.58    1    1
(relay)    3    3    9891.58    9    9891.07    5    1
(advertise)    10    9891.78    3    9
(relay)    9    16    9922.99    9    9920.27    3    1
(advertise)    10    9923.19    16    9
(relay)    9    1    9946.4    9    9939.54    5    1
(advertise)    10    9946.8    1    9
(relay)    17    46    9972.81    9    9951.94    1    1
(relay)    9    23    10011.21    11    10007.82    1    1
(relay)    11    47    10016.41    10    10008.11    1    1
(relay)    11    26    10040.21    10    10029.04    1    1
(relay)    11    41    10063.61    11    10011.68    1    1
(relay)    11    39    10087.21    10    10026.11    1    1
(relay)    11    4    10152.01    10    10151.72    5    1
(advertise)    10    10152.21    4    10
(relay)    11    20    10176.03    10    10155.59    3    1
(advertise)    10    10176.43    20    10
(relay)    17    19    10198.24    10    10194.37    3    1
(relay)    9    14    10199.24    10    10191.9    3    2
(advertise)    10    10199.84    19    10
(relay)    11    27    10218.85    10    10170.09    1    2
(advertise)    10    10221.85    14    10
(relay)    17    32    10301.47    10    10298.56    1    1
(relay)    11    13    10339.27    10    10337.97    5    1
(advertise)    10    10339.47    13    10
(relay)    9    8    10364.88    10    10343.91    5    1
(advertise)    10    10365.28    8    10
(relay)    9    9    10369.49    10    10368.53    5    1
(advertise)    10    10386.29    9    10
(relay)    11    11    10393.71    10    10392.72    5    1
(generate)    10    10406.91    [24]    10
(advertise)    10    10408.52    11    10
(relay)    11    5    10431.73    10    10388.2    5    1
(advertise)    10    10431.93    5    10
(relay)    17    2    10476.74    10    10385.71    1    1
(relay)    9    0    10479.14    11    10431    124    1
(advertise)    10    10479.34    0    11
(relay)    9    7    10500.16    10    10454.89    5    1
(advertise)    10    10501.56    7    10
(relay)    11    25    10504.37    10    10451.21    1    1
(relay)    9    28    10526.77    10    10486.01    1    1
(relay)    9    21    10550.37    10    10506.09    3    1
(advertise)    10    10550.57    21    10
(relay)    17    18    10562.58    10    10532.27    3    1
(advertise)    10    10573.38    18    10
(relay)    9    42    10596.4    10    10462.22    1    1
(relay)    17    48    10607.0    10    10487.15    1    1
(relay)    11    6    10616.0    11    10564    124    1
(advertise)    10    10616.2    6    11
(relay)    9    37    10618.21    10    10479.34    1    1
(relay)    11    33    10639.21    10    10634.59    1    1
(relay)    9    22    10642.01    10    10609.18    1    1
(relay)    17    17    10681.21    10    10681.12    3    1
(advertise)    10    10681.41    17    10
(relay)    11    12    10704.82    10    10683.26    5    1
(advertise)    10    10705.22    12    10
(relay)    3    15    10706.64    10    10702.23    1    1
(relay)    17    43    10834.44    10    10819.41    1    1
(relay)    11    34    10865.04    10    10863.6    1    1
(relay)    3    3    10891.64    10    10891.14    5    1
(advertise)    10    10891.84    3    10
(relay)    11    16    10925.05    10    10920.41    1    1
(relay)    9    1    10943.85    10    10939.63    5    1
(advertise)    10    10944.05    1    10
(relay)    11    47    11015.66    11    11008.18    1    1
(relay)    17    26    11035.66    11    11029.11    1    1
(relay)    11    39    11057.86    11    11026.26    1    1
(relay)    11    41    11080.46    12    11011.74    1    1
(relay)    11    4    11152.66    11    11151.74    5    1
(advertise)    10    11152.86    4    11
(relay)    11    20    11178.27    11    11155.79    3    1
(advertise)    10    11178.47    20    11
(relay)    11    19    11200.49    11    11194.56    3    1
(advertise)    10    11201.49    19    11
(relay)    3    14    11203.1    11    11191.93    1    1
(relay)    11    27    11220.7    11    11170.15    1    1
(relay)    17    32    11299.7    11    11298.71    1    1
(relay)    11    13    11340.1    11    11338.07    5    1
(advertise)    10    11340.3    13    11
(relay)    9    8    11363.91    11    11343.98    5    1
(advertise)    10    11365.11    8    11
(relay)    9    9    11369.73    11    11368.69    5    1
(relay)    9    2    11387.33    11    11385.74    5    2
(advertise)    10    11388.13    9    11
(relay)    11    11    11392.74    11    11392.73    5    2
(generate)    10    11406.94    [24]    11
(advertise)    10    11409.15    2    11
(relay)    11    5    11413.97    11    11388.21    5    2
(advertise)    10    11430.57    11    11
(advertise)    10    11452.58    5    11
(relay)    17    25    11477.39    11    11451.29    1    1
(relay)    9    7    11479.79    11    11454.97    1    1
(relay)    9    37    11503.79    11    11479.53    1    1
(relay)    11    48    11504.79    11    11487.35    1    1
(relay)    9    42    11526.39    11    11462.24    1    1
(relay)    11    18    11533.79    11    11532.45    3    1
(advertise)    10    11533.99    18    11
(relay)    9    28    11548.8    11    11486.02    1    1
(relay)    11    6    11568.4    12    11564    124    1
(advertise)    10    11568.6    6    12
(relay)    3    21    11593.62    11    11506.15    1    1
(relay)    17    22    11634.62    11    11609.25    3    1
(advertise)    10    11634.82    22    11
(relay)    17    17    11681.23    11    11681.15    3    1
(advertise)    10    11681.43    17    11
(relay)    11    12    11704.44    11    11683.32    5    1
(advertise)    10    11705.44    12    11
(relay)    3    15    11706.86    11    11702.23    1    1
(relay)    17    44    11729.86    11    11691.08    1    1
(relay)    17    43    11832.06    11    11819.52    1    1
(relay)    17    29    11854.26    11    11833.59    1    1
(relay)    11    34    11865.86    11    11863.62    1    1
(relay)    3    3    11891.66    11    11891.19    5    1
(advertise)    10    11891.86    3    11
(relay)    17    16    11921.87    11    11920.55    3    1
(advertise)    10    11922.07    16    11
(relay)    3    1    11943.48    11    11939.73    5    1
(advertise)    10    11944.08    1    11
(relay)    17    23    12009.7    13    12008.02    1    1
(relay)    11    26    12032.5    12    12029.13    1    1
(relay)    11    39    12056.5    12    12026.27    1    1
(relay)    11    41    12077.9    13    12012.64    1    1
(relay)    17    4    12154.7    12    12151.93    3    1
(advertise)    10    12154.9    4    12
(relay)    11    20    12179.91    12    12156.0    3    1
(advertise)    10    12180.71    20    12
(relay)    11    19    12202.32    12    12194.56    3    1
(advertise)    10    12202.92    19    12
(relay)    3    14    12204.13    12    12191.94    1    1
(relay)    11    27    12224.73    12    12170.23    1    1
(relay)    11    32    12300.13    12    12298.86    1    1
(relay)    11    13    12340.13    12    12338.16    5    1
(advertise)    10    12340.33    13    12
(relay)    9    8    12364.15    12    12344.04    5    1
(advertise)    10    12365.15    8    12
(relay)    9    9    12369.96    12    12368.87    5    1
(advertise)    10    12386.36    9    12
(relay)    9    35    12387.57    12    12339.26    1    1
(relay)    11    11    12392.97    12    12392.89    5    1
(generate)    10    12406.97    [24]    12
(advertise)    10    12408.19    11    12
(relay)    11    5    12409.6    12    12388.22    5    1
(advertise)    10    12429.4    5    12
(heartbeat)    24    3    12361.43    10    12455.61    2    10
(advertise)    10    12456.01    24    3
(relay)    17    40    12497.63    12    12433.83    1    1
(relay)    3    0    12498.63    13    12431    124    1
(advertise)    10    12498.83    0    13
(relay)    17    48    12519.64    12    12487.51    1    1
(relay)    9    7    12521.24    12    12455.05    3    1
(advertise)    10    12521.44    7    12
(relay)    9    42    12542.85    12    12462.42    1    1
(relay)    9    28    12563.25    12    12486.06    1    1
(relay)    9    21    12587.25    12    12506.21    3    1
(advertise)    10    12587.45    21    12
(relay)    11    18    12591.86    12    12532.59    3    1
(advertise)    10    12609.06    18    12
(relay)    9    22    12634.68    12    12609.34    1    1
(relay)    11    6    12635.88    13    12564    124    1
(advertise)    10    12636.28    6    13
(relay)    11    33    12656.89    12    12634.77    1    1
(relay)    17    17    12681.69    12    12681.21    3    1
(advertise)    10    12681.89    17    12
(relay)    17    15    12705.9    12    12702.23    3    1
(advertise)    10    12707.1    15    12
(relay)    3    12    12728.72    12    12683.36    1    1
(relay)    17    36    12747.72    12    12729.12    1    1
(relay)    9    29    12851.92    12    12833.76    1    1
(relay)    11    34    12867.92    12    12863.64    1    1
(relay)    3    3    12892.32    12    12891.26    5    1
(advertise)    10    12892.52    3    12
(relay)    3    16    12921.73    12    12920.68    1    1
(relay)    9    1    12942.33    12    12939.83    5    1
(advertise)    10    12942.53    1    12
(relay)    11    46    12968.14    12    12952.03    1    1
(relay)    9    23    13009.74    14    13008.11    1    1
(relay)    11    47    13012.34    13    13008.35    1    1
(relay)    11    26    13034.74    13    13029.21    1    1
(relay)    11    41    13057.14    14    13012.74    1    1
(relay)    11    4    13153.34    13    13151.94    5    1
(advertise)    10    13153.54    4    13
(relay)    11    20    13179.36    13    13156.42    3    1
(advertise)    10    13179.56    20    13
(relay)    9    14    13192.97    13    13191.96    3    1
(relay)    17    19    13200.37    13    13194.74    3    2
(advertise)    10    13200.77    14    13
(advertise)    10    13222.38    19    13
(relay)    17    27    13245.39    13    13170.32    1    1
(relay)    11    32    13300.39    13    13299.01    1    1
(relay)    11    13    13340.59    13    13338.22    5    1
(advertise)    10    13340.79    13    13
(relay)    9    8    13364.61    13    13344.32    5    1
(advertise)    10    13365.01    8    13
(relay)    9    9    13370.02    13    13369.02    5    1
(advertise)    10    13387.42    9    13
(relay)    11    11    13393.03    13    13392.91    5    1
(generate)    10    13407.03    [24]    13
(advertise)    10    13410.65    11    13
(relay)    11    5    13434.06    13    13388.25    3    1
(advertise)    10    13434.26    5    13
(relay)    3    0    13476.27    14    13431    124    1
(advertise)    10    13476.47    0    14
(relay)    11    25    13477.89    13    13451.46    1    1
(relay)    11    48    13499.49    13    13487.69    1    1
(relay)    17    7    13500.69    13    13455.15    3    1
(advertise)    10    13501.29    7    13
(relay)    9    28    13520.7    13    13486.08    1    1
(relay)    3    21    13534.1    13    13506.28    1    1
(relay)    17    18    13534.9    13    13532.73    3    1
(advertise)    10    13535.1    18    13
(relay)    9    42    13563.91    13    13463.63    1    1
(relay)    11    6    13568.51    14    13564    124    1
(advertise)    10    13568.71    6    14
(relay)    9    22    13618.32    13    13609.42    1    1
(relay)    17    33    13639.12    13    13634.93    1    1
(relay)    17    17    13681.92    13    13681.4    3    1
(advertise)    10    13682.12    17    13
(relay)    11    12    13704.94    13    13683.39    5    1
(advertise)    10    13705.14    12    13
(relay)    3    15    13707.95    13    13702.41    1    1
(relay)    9    29    13854.35    13    13833.77    1    1
(relay)    11    34    13867.95    13    13863.68    1    1
(relay)    3    3    13892.35    13    13891.33    5    1
(advertise)    10    13892.55    3    13
(relay)    9    16    13921.16    13    13920.8    3    1
(advertise)    10    13921.76    16    13
(relay)    9    1    13943.78    13    13939.88    5    1
(advertise)    10    13943.98    1    13
(relay)    17    23    14008.99    15    14008.21    1    1
(relay)    11    47    14010.39    14    14008.4    1    1
(relay)    11    26    14032.19    14    14029.47    1    1
(relay)    11    41    14057.59    15    14012.82    1    1
(relay)    11    4    14153.99    14    14152.13    5    1
(advertise)    10    14154.19    4    14
(relay)    11    20    14180.6    14    14157.24    3    1
(advertise)    10    14180.8    20    14
(relay)    17    19    14201.62    14    14194.92    3    1
(advertise)    10    14203.82    19    14
(relay)    17    27    14225.83    14    14170.41    1    1
(relay)    11    32    14301.03    14    14299.19    1    1
(relay)    11    13    14341.83    14    14338.26    5    1
(advertise)    10    14342.03    13    14
(relay)    3    8    14367.64    14    14344.37    3    1
(advertise)    10    14367.84    8    14
(relay)    9    9    14369.25    14    14369.16    5    1
(relay)    9    35    14387.25    14    14339.48    1    2
(advertise)    10    14390.25    9    14
(relay)    3    2    14391.47    14    14387.59    5    1
(relay)    11    5    14392.07    14    14388.26    5    2
(relay)    11    11    14393.67    14    14393.05    5    3
(generate)    10    14407.07    [24]    14
(advertise)    10    14411.48    2    14
(advertise)    10    14433.09    5    14
(advertise)    10    14454.11    11    14
(relay)    9    0    14476.92    15    14431    124    1
(advertise)    10    14477.32    0    15
(relay)    3    7    14499.13    14    14455.22    3    1
(advertise)    10    14499.93    7    14
(relay)    11    25    14502.15    14    14451.54    1    1
(relay)    3    21    14529.95    14    14506.35    1    1
(relay)    9    42    14543.95    14    14463.66    1    1
(relay)    11    18    14548.95    14    14532.85    3    1
(advertise)    10    14549.15    18    14
(relay)    11    48    14570.36    14    14487.7    1    1
(relay)    11    6    14592.76    15    14564    124    1
(advertise)    10    14592.96    6    15
(relay)    9    28    14609.57    14    14486.11    1    1
(relay)    11    33    14637.77    14    14634.98    1    1
(relay)    9    22    14654.17    14    14609.52    1    1
(relay)    17    17    14681.97    14    14681.41    3    1
(advertise)    10    14682.17    17    14
(relay)    11    12    14705.98    14    14683.44    5    1
(advertise)    10    14706.18    12    14
(relay)    11    15    14728.0    14    14702.6    1    1
(relay)    9    36    14754.0    14    14729.47    1    1
(relay)    17    29    14854.8    14    14833.77    1    1
(relay)    11    34    14868.6    14    14863.7    1    1
(relay)    3    3    14892.4    14    14891.39    5    1
(advertise)    10    14892.6    3    14
(relay)    9    16    14921.41    14    14920.91    3    1
(advertise)    10    14921.81    16    14
(relay)    9    1    14945.02    14    14939.95    5    1
(advertise)    10    14945.22    1    14
(relay)    11    47    15010.64    15    15008.47    1    1
(relay)    11    26    15035.84    15    15029.54    1    1
(relay)    17    41    15078.84    16    15012.88    1    1
(relay)    11    4    15154.44    15    15152.33    5    1
(advertise)    10    15154.64    4    15
(relay)    11    20    15179.85    15    15157.43    3    1
(advertise)    10    15180.25    20    15
(relay)    17    14    15194.06    15    15192.03    3    1
(advertise)    10    15201.46    14    15
(relay)    17    19    15225.48    15    15195.08    3    1
(advertise)    10    15225.88    19    15
(relay)    11    27    15249.49    15    15170.48    1    1
(relay)    11    13    15341.89    15    15338.34    5    1
(advertise)    10    15342.09    13    15
(relay)    9    35    15364.7    15    15339.57    1    1
(relay)    9    9    15369.5    15    15369.34    5    1
(advertise)    10    15369.9    9    15
(relay)    17    8    15386.71    15    15344.86    3    1
(advertise)    10    15392.91    8    15
(relay)    11    11    15394.73    15    15394.24    5    1
(generate)    10    15407.13    [24]    15
(relay)    9    2    15408.34    15    15387.63    5    2
(advertise)    10    15415.14    11    15
(advertise)    10    15436.35    2    15
(relay)    9    0    15474.97    16    15431    124    1
(advertise)    10    15475.17    0    16
(relay)    9    7    15497.18    15    15455.28    5    1
(advertise)    10    15497.78    7    15
(relay)    17    5    15499.59    15    15388.27    1    1
(relay)    11    25    15506.79    15    15451.61    1    1
(relay)    9    28    15519.19    15    15486.13    1    1
(relay)    3    21    15540.19    15    15506.43    1    1
(relay)    9    37    15566.19    15    15479.87    1    1
(relay)    11    48    15576.79    15    15487.88    1    1
(relay)    17    18    15587.39    15    15533.01    3    1
(advertise)    10    15587.59    18    15
(relay)    9    42    15611.61    15    15463.86    1    1
(relay)    11    6    15622.01    16    15564    124    1
(advertise)    10    15622.21    6    16
(relay)    11    33    15642.42    15    15635.15    1    1
(relay)    3    22    15646.82    15    15609.6    1    1
(relay)    17    17    15682.02    15    15681.45    3    1
(advertise)    10    15682.22    17    15
(relay)    9    15    15706.63    15    15702.78    3    1
(advertise)    10    15706.83    15    15
(relay)    17    12    15740.04    15    15683.5    1    1
(relay)    17    36    15762.84    15    15729.57    1    1
(relay)    9    43    15831.84    15    15819.89    1    1
(relay)    17    34    15871.04    15    15863.89    1    1
(relay)    3    3    15892.44    15    15891.47    5    1
(advertise)    10    15892.64    3    15
(relay)    11    16    15922.46    15    15921.03    1    1
(relay)    9    1    15945.46    15    15940.01    5    1
(advertise)    10    15945.66    1    15
(relay)    9    23    16009.67    17    16008.45    1    1
(relay)    11    47    16010.87    16    16008.54    1    1
(relay)    11    26    16035.27    16    16029.61    1    1
(relay)    11    41    16059.67    17    16012.93    1    1
(relay)    11    39    16080.07    16    16026.48    1    1
(relay)    3    4    16153.87    16    16152.52    5    1
(advertise)    10    16154.07    4    16
(relay)    11    20    16179.28    16    16158.65    3    1
(advertise)    10    16179.68    20    16
(relay)    11    19    16202.3    16    16195.1    3    1
(advertise)    10    16202.7    19    16
(relay)    11    27    16225.31    16    16170.54    1    1
(relay)    11    32    16302.31    16    16299.43    1    1
(relay)    11    13    16341.71    16    16338.43    5    1
(advertise)    10    16341.91    13    16
(heartbeat)    24    4    16361.44    10    16364.92    2    10
(advertise)    10    16366.12    24    4
(relay)    3    8    16367.54    16    16344.89    3    1
(relay)    9    9    16369.54    16    16369.47    5    2
(advertise)    10    16389.14    8    16
(relay)    11    11    16394.95    16    16394.43    5    2
(generate)    10    16407.15    [24]    16
(advertise)    10    16412.36    9    16
(relay)    11    5    16414.17    16    16388.29    5    2
(relay)    9    2    16430.97    16    16388.46    5    3
(advertise)    10    16433.97    11    16
(advertise)    10    16456.79    5    16
(advertise)    10    16478.8    2    16
(relay)    11    25    16480.01    16    16451.93    1    1
(relay)    9    0    16517.41    17    16431    124    1
(advertise)    10    16517.61    0    17
(relay)    11    48    16522.63    16    16488.06    1    1
(relay)    9    7    16539.03    16    16455.31    3    1
(advertise)    10    16539.83    7    16
(relay)    9    42    16561.84    16    16463.91    1    1
(relay)    11    18    16566.44    16    16533.19    3    1
(advertise)    10    16566.84    18    16
(relay)    9    28    16606.05    16    16486.18    1    1
(relay)    3    21    16615.45    16    16507.5    1    1
(relay)    9    37    16627.25    16    16480.06    1    1
(relay)    11    33    16636.45    16    16635.33    1    1
(relay)    9    22    16677.45    16    16609.67    1    1
(relay)    17    17    16682.45    16    16681.52    3    1
(advertise)    10    16682.65    17    16
(relay)    11    12    16685.87    16    16683.56    5    1
(advertise)    10    16704.27    12    16
(relay)    9    15    16722.08    16    16702.94    3    1
(advertise)    10    16726.48    15    16
(relay)    17    43    16832.69    16    16819.97    1    1
(relay)    9    29    16856.89    16    16833.82    1    1
(relay)    11    34    16870.09    16    16863.93    1    1
(relay)    3    3    16891.69    16    16891.55    5    1
(advertise)    10    16891.89    3    16
(relay)    9    16    16922.5    16    16921.18    3    1
(advertise)    10    16922.7    16    16
(relay)    9    1    16946.92    16    16940.09    5    1
(advertise)    10    16947.52    1    16
(relay)    9    23    17010.93    18    17008.56    1    1
(relay)    11    47    17013.53    17    17008.6    1    1
(relay)    17    26    17036.53    17    17029.69    1    1
(relay)    11    39    17058.93    17    17026.67    1    1
(relay)    11    41    17079.13    18    17013.03    1    1
(relay)    3    4    17153.93    17    17152.72    5    1
(advertise)    10    17154.13    4    17
(relay)    11    20    17178.94    17    17158.68    3    1
(advertise)    10    17179.14    20    17
(relay)    9    14    17201.36    17    17192.1    3    1
(relay)    11    19    17201.56    17    17195.26    3    2
(advertise)    10    17203.16    14    17
(advertise)    10    17226.37    19    17
(relay)    11    32    17302.78    17    17299.55    1    1
(relay)    11    13    17339.18    17    17338.49    5    1
(advertise)    10    17339.38    13    17
(relay)    9    8    17362.6    17    17344.96    5    1
(advertise)    10    17362.8    8    17
(relay)    9    9    17370.21    17    17369.66    5    1
(advertise)    10    17384.81    9    17
(relay)    9    2    17389.82    17    17388.48    5    1
(relay)    11    11    17395.22    17    17394.62    5    2
(advertise)    10    17406.02    2    17
(generate)    10    17407.23    [24]    17
(advertise)    10    17427.05    11    17
(relay)    3    5    17457.46    17    17388.31    5    1
(advertise)    10    17457.66    5    17
(relay)    9    0    17458.87    18    17431    124    1
(advertise)    10    17479.47    0    18
(relay)    17    25    17517.29    17    17451.95    1    1
(relay)    11    40    17525.09    17    17434.03    1    1
(relay)    3    7    17526.29    17    17455.4    3    1
(advertise)    10    17526.49    7    17
(relay)    9    28    17544.5    17    17486.37    1    1
(relay)    11    18    17547.1    17    17533.32    3    1
(advertise)    10    17548.5    18    17
(relay)    11    48    17569.71    17    17488.07    1    1
(relay)    9    21    17588.51    17    17507.57    3    1
(advertise)    10    17588.71    21    17
(relay)    11    6    17592.13    18    17564    124    1
(relay)    9    42    17608.93    17    17464.09    1    2
(advertise)    10    17610.53    6    18
(relay)    9    22    17655.94    17    17609.72    1    1
(relay)    17    17    17682.54    17    17681.6    3    1
(advertise)    10    17682.74    17    17
(relay)    3    15    17705.15    17    17703.12    1    1
(relay)    17    33    17740.15    17    17635.45    1    1
(relay)    17    43    17831.35    17    17820.07    1    1
(relay)    17    29    17856.75    17    17833.98    1    1
(relay)    17    34    17877.75    17    17863.95    1    1
(relay)    3    3    17891.75    17    17891.62    5    1
(advertise)    10    17891.95    3    17
(relay)    9    16    17922.56    17    17921.31    3    1
(advertise)    10    17922.76    16    17
(relay)    9    1    17947.58    17    17940.17    5    1
(advertise)    10    17947.98    1    17
(relay)    9    23    18010.59    19    18008.67    1    1
(relay)    11    47    18013.79    18    18008.66    1    1
(relay)    17    26    18038.19    18    18029.77    1    1
(relay)    17    41    18060.19    19    18013.72    1    1
(relay)    17    4    18153.59    18    18152.73    3    1
(advertise)    10    18153.79    4    18
(relay)    11    20    18177.2    18    18158.68    3    1
(advertise)    10    18178.0    20    18
(relay)    11    19    18199.62    18    18195.44    3    1
(advertise)    10    18200.02    19    18
(relay)    9    14    18201.23    18    18192.13    3    1
(advertise)    10    18221.23    14    18
(relay)    11    27    18222.64    18    18170.72    1    1
(relay)    11    32    18304.24    18    18299.66    1    1
(relay)    11    13    18339.44    18    18338.55    5    1
(advertise)    10    18339.64    13    18
(relay)    9    8    18362.46    18    18345.04    5    1
(advertise)    10    18362.66    8    18
(relay)    9    9    18370.27    18    18369.8    5    1
(advertise)    10    18384.87    9    18
(relay)    9    2    18390.88    18    18388.7    5    1
(relay)    11    11    18395.68    18    18394.77    5    2
(advertise)    10    18406.48    2    18
(generate)    10    18407.69    [24]    18
(advertise)    10    18428.11    11    18
(relay)    11    5    18430.32    18    18388.33    5    1
(advertise)    10    18449.72    5    18
(relay)    9    0    18478.33    19    18431    124    1
(advertise)    10    18478.73    0    19
(relay)    9    7    18500.15    18    18455.5    5    1
(advertise)    10    18502.15    7    18
(relay)    17    48    18524.56    18    18488.08    1    1
(relay)    9    37    18525.16    18    18480.27    1    1
(relay)    11    18    18542.16    18    18533.48    3    1
(advertise)    10    18542.36    18    18
(relay)    9    28    18549.57    18    18486.4    1    1
(relay)    3    21    18566.57    18    18507.65    1    1
(relay)    11    6    18570.97    19    18564    124    1
(advertise)    10    18571.17    6    19
(relay)    9    42    18614.79    18    18464.28    1    1
(relay)    11    33    18640.19    18    18635.61    1    1
(relay)    17    17    18682.59    18    18681.63    3    1
(advertise)    10    18682.79    17    18
(relay)    9    15    18704.2    18    18703.28    3    1
(advertise)    10    18704.6    15    18
(relay)    17    12    18706.21    18    18683.69    1    1
(relay)    9    36    18750.61    18    18729.71    1    1
(relay)    17    43    18832.61    18    18820.13    1    1
(relay)    9    29    18855.41    18    18834.0    1    1
(relay)    11    34    18867.61    18    18863.96    1    1
(relay)    3    3    18891.81    18    18891.7    5    1
(advertise)    10    18892.01    3    18
(relay)    9    16    18922.82    18    18921.43    3    1
(advertise)    10    18923.02    16    18
(relay)    9    1    18947.44    18    18940.21    5    1
(advertise)    10    18948.24    1    18
(relay)    11    46    18973.25    18    18952.19    1    1
(relay)    9    23    19011.25    20    19008.75    1    1
(relay)    11    47    19013.45    19    19008.75    1    1
(relay)    11    26    19037.45    19    19029.85    1    1
(relay)    11    41    19058.45    20    19013.78    1    1
(relay)    11    4    19153.05    19    19152.74    5    1
(advertise)    10    19153.25    4    19
(relay)    17    20    19179.46    19    19158.69    3    1
(advertise)    10    19180.86    20    19
(relay)    17    19    19203.28    19    19195.61    3    1
(advertise)    10    19203.48    19    19
(relay)    9    14    19205.89    19    19192.15    3    1
(advertise)    10    19224.89    14    19
(relay)    11    27    19226.3    19    19170.8    1    1
(relay)    11    32    19304.5    19    19299.79    1    1
(relay)    11    13    19339.3    19    19338.61    5    1
(advertise)    10    19339.5    13    19
(relay)    9    8    19361.92    19    19345.1    5    1
(advertise)    10    19362.32    8    19
(relay)    9    9    19370.53    19    19369.95    5    1
(advertise)    10    19384.53    9    19
(relay)    17    35    19387.34    19    19339.91    1    1
(relay)    11    11    19395.94    19    19394.94    5    1
(advertise)    10    19407.54    11    19
(generate)    10    19408.75    [24]    19
(relay)    11    5    19410.77    19    19388.34    5    1
(advertise)    10    19431.97    5    19
(relay)    11    25    19454.78    19    19452.06    1    1
(relay)    17    2    19474.98    19    19388.73    3    1
(advertise)    10    19475.18    2    19
(relay)    9    0    19497.79    20    19431    124    1
(advertise)    10    19498.19    0    20
(relay)    17    40    19519.61    19    19434.15    1    1
(relay)    3    7    19523.61    19    19455.6    3    1
(advertise)    10    19523.81    7    19
(relay)    9    28    19541.62    19    19486.43    1    1
(relay)    11    48    19568.22    19    19488.26    1    1
(relay)    17    18    19606.42    19    19533.62    3    1
(advertise)    10    19606.62    18    19
(relay)    17    21    19630.43    19    19507.73    1    1
(relay)    9    22    19632.03    19    19609.85    1    1
(relay)    11    6    19637.23    20    19564    122    1
(advertise)    10    19637.43    6    20
(relay)    11    33    19658.85    19    19635.8    1    1
(relay)    17    17    19681.85    19    19681.69    3    1
(advertise)    10    19682.05    17    19
(relay)    11    12    19684.46    19    19683.76    5    1
(advertise)    10    19703.46    12    19
(relay)    9    30    19806.87    19    19803.8    1    1
(relay)    9    29    19855.47    19    19834.16    1    1
(relay)    11    34    19865.27    19    19863.96    1    1
(relay)    3    3    19892.27    19    19891.76    5    1
(advertise)    10    19892.47    3    19
(relay)    9    16    19923.88    19    19921.56    3    1
(advertise)    10    19924.08    16    19
(relay)    3    1    19946.9    19    19940.26    5    1
(advertise)    10    19947.3    1    19
(relay)    11    47    20017.11    20    20008.85    1    1
(relay)    17    26    20036.71    20    20029.91    1    1
(relay)    17    41    20059.51    21    20013.86    1    1
(relay)    17    39    20082.11    20    20027.01    1    1
(relay)    11    4    20153.31    20    20152.92    5    1
(advertise)    10    20153.51    4    20
(relay)    11    20    20178.12    20    20158.7    3    1
(advertise)    10    20178.32    20    20
(relay)    17    27    20179.54    20    20170.87    1    1
(relay)    11    19    20200.94    20    20195.8    3    1
(advertise)    10    20201.54    19    20
(relay)    17    14    20202.95    20    20192.16    3    1
(advertise)    10    20223.75    14    20
(relay)    17    32    20302.76    20    20299.93    1    1
(relay)    11    13    20339.56    20    20338.65    5    1
(advertise)    10    20339.76    13    20
(relay)    9    8    20362.18    20    20345.16    5    1
(advertise)    10    20362.38    8    20
(heartbeat)    24    5    20361.45    10    20363.99    2    10
(relay)    9    9    20371.19    20    20370.12    5    2
(advertise)    10    20385.19    24    5
(relay)    11    11    20396.2    20    20395.13    5    2
(advertise)    10    20406.2    9    20
(generate)    10    20408.81    [24]    20
(advertise)    10    20428.23    11    20
(relay)    11    5    20429.44    20    20388.35    5    1
(relay)    9    35    20430.84    20    20340.0    1    2
(relay)    3    2    20432.04    20    20388.92    5    3
(advertise)    10    20449.44    5    20
(relay)    11    40    20465.25    20    20434.21    1    2
(advertise)    10    20471.85    2    20
(relay)    9    0    20476.87    21    20431    124    1
(advertise)    10    20494.47    0    21
(relay)    11    25    20507.88    20    20452.12    1    1
(relay)    9    7    20521.68    20    20456.48    5    1
(advertise)    10    20521.88    7    20
(relay)    9    28    20565.69    20    20486.49    1    1
(relay)    9    42    20588.29    20    20465.14    1    1
(relay)    11    18    20620.09    20    20533.77    3    1
(advertise)    10    20620.29    18    20
(relay)    11    6    20643.11    21    20564    124    1
(advertise)    10    20644.71    6    21
(relay)    17    48    20648.32    20    20488.44    1    1
(relay)    9    22    20670.92    20    20609.91    1    1
(relay)    17    17    20681.92    20    20681.73    3    1
(advertise)    10    20682.12    17    20
(relay)    17    33    20693.13    20    20635.97    1    1
(relay)    3    15    20708.13    20    20703.61    1    1
(relay)    11    12    20709.73    20    20683.85    5    1
(advertise)    10    20710.13    12    20
(relay)    9    36    20771.14    20    20730.26    1    1
(relay)    17    43    20834.34    20    20820.34    1    1
(relay)    9    29    20854.74    20    20834.18    1    1
(relay)    11    34    20865.34    20    20864.0    1    1
(relay)    3    3    20892.34    20    20891.83    5    1
(advertise)    10    20892.54    3    20
(relay)    9    16    20924.16    20    20921.72    3    1
(advertise)    10    20924.36    16    20
(relay)    3    1    20945.77    20    20940.32    5    1
(advertise)    10    20947.97    1    20
(relay)    17    46    20973.18    20    20952.27    1    1
(relay)    9    23    21012.58    22    21008.88    1    1
(relay)    11    47    21016.18    21    21008.92    1    1
(relay)    11    26    21037.38    21    21030.0    1    1
(relay)    11    39    21058.78    21    21027.05    1    1
(relay)    11    41    21081.78    22    21013.92    1    1
(relay)    17    4    21155.78    21    21152.94    3    1
(advertise)    10    21155.98    4    21
(relay)    11    20    21180.0    21    21158.75    3    1
(advertise)    10    21180.2    20    21
(relay)    11    19    21201.61    21    21195.81    3    1
(advertise)    10    21203.41    19    21
(relay)    9    14    21206.62    21    21192.18    3    1
(relay)    11    27    21223.02    21    21170.97    1    2
(advertise)    10    21225.82    14    21
(relay)    11    13    21340.84    21    21338.72    5    1
(advertise)    10    21341.04    13    21
(relay)    9    8    21366.85    21    21345.2    5    1
(advertise)    10    21367.05    8    21
(relay)    9    9    21371.26    21    21370.29    5    1
(advertise)    10    21389.26    9    21
(relay)    11    11    21395.27    21    21395.14    5    1
(generate)    10    21408.87    [24]    21
(relay)    3    2    21411.49    21    21388.93    5    2
(relay)    11    5    21412.09    21    21388.38    5    3
(advertise)    10    21412.29    11    21
(advertise)    10    21434.9    2    21
(advertise)    10    21457.91    5    21
(relay)    11    25    21481.53    21    21452.22    1    1
(relay)    17    0    21502.13    22    21431    122    1
(advertise)    10    21502.33    0    22
(relay)    11    18    21535.34    21    21533.77    3    1
(advertise)    10    21535.54    18    21
(relay)    9    28    21548.15    21    21486.51    1    1
(relay)    11    48    21556.95    21    21488.63    1    1
(relay)    11    6    21581.15    22    21564    124    1
(advertise)    10    21581.35    6    22
(relay)    9    21    21593.17    21    21507.92    3    1
(advertise)    10    21604.37    21    21
(relay)    17    42    21622.38    21    21465.32    1    1
(relay)    17    22    21643.78    21    21609.99    1    1
(relay)    11    33    21644.78    21    21635.99    1    1
(relay)    17    17    21681.98    21    21681.8    3    1
(advertise)    10    21682.18    17    21
(relay)    11    12    21703.99    21    21683.9    5    1
(advertise)    10    21704.59    12    21
(relay)    9    15    21706.4    21    21703.79    3    1
(advertise)    10    21725.8    15    21
(relay)    17    36    21753.22    21    21730.33    1    1
(relay)    17    43    21834.62    21    21820.44    1    1
(relay)    17    29    21856.62    21    21834.2    1    1
(relay)    11    34    21865.82    21    21864.01    1    1
(relay)    3    3    21892.42    21    21891.9    5    1
(advertise)    10    21892.62    3    21
(relay)    9    16    21924.23    21    21921.89    3    1
(advertise)    10    21924.43    16    21
(relay)    9    1    21945.44    21    21940.41    5    1
(advertise)    10    21946.64    1    21
(relay)    17    23    22011.46    23    22009.03    1    1
(relay)    11    26    22035.26    22    22030.09    1    1
(relay)    11    39    22083.06    22    22027.06    1    1
(relay)    11    4    22154.26    22    22152.95    5    1
(advertise)    10    22154.46    4    22
(relay)    11    20    22180.47    22    22158.75    3    1
(advertise)    10    22181.27    20    22
(relay)    11    19    22202.08    22    22195.81    3    1
(advertise)    10    22204.48    19    22
(relay)    11    27    22223.3    22    22171.06    1    1
(relay)    11    13    22341.1    22    22338.78    5    1
(advertise)    10    22341.3    13    22
(relay)    9    8    22365.71    22    22345.28    5    1
(advertise)    10    22365.91    8    22
(relay)    9    9    22371.52    22    22370.47    5    1
(relay)    9    35    22386.52    22    22340.2    1    2
(advertise)    10    22387.12    9    22
(relay)    11    11    22395.33    22    22395.31    5    1
(generate)    10    22408.93    [24]    22
(advertise)    10    22410.95    11    22
(relay)    11    5    22438.96    22    22388.39    3    1
(advertise)    10    22439.16    5    22
(relay)    9    0    22458.37    23    22431    124    1
(advertise)    10    22460.97    0    23
(relay)    11    25    22462.39    22    22452.33    1    1
(relay)    11    48    22509.19    22    22488.82    1    1
(relay)    3    7    22521.39    22    22456.59    3    1
(advertise)    10    22521.59    7    22
(relay)    9    28    22544.0    22    22486.53    1    1
(relay)    11    18    22553.0    22    22533.92    3    1
(advertise)    10    22553.2    18    22
(relay)    9    21    22564.01    22    22508.96    3    1
(advertise)    10    22576.41    21    22
(relay)    9    37    22585.03    22    22480.68    1    1
(relay)    3    6    22595.43    23    22564    120    1
(advertise)    10    22600.23    6    23
(relay)    9    42    22629.24    22    22465.49    1    1
(relay)    9    22    22674.84    22    22610.08    1    1
(relay)    17    17    22682.84    22    22682.25    3    1
(advertise)    10    22683.04    17    22
(relay)    11    12    22707.05    22    22683.94    5    1
(advertise)    10    22707.25    12    22
(relay)    3    15    22709.46    22    22703.94    1    1
(relay)    17    36    22772.86    22    22730.42    1    1
(relay)    17    43    22832.66    22    22820.56    1    1
(relay)    9    29    22855.06    22    22834.39    1    1
(relay)    11    34    22868.66    22    22864.2    1    1
(relay)    3    3    22893.06    22    22891.96    5    1
(advertise)    10    22893.26    3    22
(relay)    17    16    22922.48    22    22922.06    3    1
(advertise)    10    22922.68    16    22
(relay)    9    1    22944.89    22    22940.45    5    1
(advertise)    10    22946.29    1    22
(relay)    17    23    23009.9    24    23009.1    1    1
(relay)    11    47    23012.9    23    23009.08    1    1
(relay)    11    26    23035.7    23    23030.15    1    1
(relay)    11    41    23059.9    24    23014.08    1    1
(relay)    11    4    23154.3    23    23152.95    5    1
(advertise)    10    23154.5    4    23
(relay)    11    20    23181.12    23    23158.76    3    1
(advertise)    10    23181.52    20    23
(relay)    9    14    23193.33    23    23192.24    3    1
(advertise)    10    23202.53    14    23
(relay)    11    27    23224.94    23    23171.13    1    1
(relay)    17    19    23225.54    23    23195.99    3    1
(advertise)    10    23225.94    19    23
(relay)    17    32    23301.76    23    23300.39    1    1
(relay)    11    13    23341.36    23    23338.87    5    1
(advertise)    10    23341.56    13    23
(relay)    9    8    23367.57    23    23345.3    5    1
(advertise)    10    23367.77    8    23
(relay)    9    9    23370.58    23    23370.47    5    1
(relay)    9    2    23389.38    23    23388.94    5    2
(advertise)    10    23389.98    9    23
(relay)    11    11    23395.59    23    23395.48    5    2
(generate)    10    23408.99    [24]    23
(advertise)    10    23413.41    2    23
(advertise)    10    23434.42    11    23
(relay)    9    0    23456.23    24    23431    124    1
(advertise)    10    23457.03    0    24
(relay)    9    7    23477.65    23    23456.62    5    1
(advertise)    10    23481.25    7    23
(relay)    11    25    23500.86    23    23452.42    1    1
(relay)    9    21    23522.86    23    23509.04    3    1
(advertise)    10    23523.06    21    23
(relay)    17    48    23544.47    23    23488.82    1    1
(relay)    9    42    23575.07    23    23465.87    1    1
(relay)    11    18    23589.27    23    23534.05    3    1
(advertise)    10    23589.47    18    23
(relay)    11    6    23611.09    24    23564    124    1
(advertise)    10    23612.09    6    24
(relay)    11    33    23639.5    23    23636.17    1    1
(relay)    17    22    23680.1    23    23610.14    1    1
(relay)    17    17    23682.9    23    23682.32    3    1
(advertise)    10    23683.1    17    23
(relay)    11    12    23685.31    23    23683.99    5    1
(advertise)    10    23705.91    12    23
(relay)    9    15    23707.72    23    23704.13    3    1
(advertise)    10    23728.92    15    23
(relay)    9    36    23754.14    23    23730.5    1    1
(relay)    9    43    23830.94    23    23820.66    1    1
(relay)    9    29    23855.74    23    23834.57    1    1
(relay)    11    34    23868.54    23    23864.24    1    1
(relay)    3    3    23892.94    23    23892.02    5    1
(advertise)    10    23893.14    3    23
(relay)    9    16    23922.55    23    23922.23    3    1
(advertise)    10    23922.75    16    23
(relay)    11    1    23947.76    23    23940.49    3    1
(advertise)    10    23948.16    1    23
(relay)    9    23    24009.78    25    24009.18    1    1
(relay)    11    47    24011.18    24    24009.15    1    1
(relay)    17    26    24033.58    24    24030.24    1    1
(relay)    17    41    24057.78    25    24014.15    1    1
(relay)    11    4    24154.98    24    24153.15    5    1
(advertise)    10    24155.18    4    24
(relay)    11    20    24180.19    24    24158.77    3    1
(advertise)    10    24180.79    20    24
(relay)    17    14    24202.8    24    24192.27    3    1
(relay)    11    19    24203.2    24    24196.16    3    2
(advertise)    10    24204.4    14    24
(advertise)    10    24225.62    19    24
(relay)    17    27    24246.63    24    24171.22    1    1
(relay)    11    32    24302.43    24    24300.47    1    1
(relay)    11    13    24342.43    24    24338.94    5    1
(advertise)    10    24342.63    13    24
(relay)    17    35    24365.04    24    24340.41    1    1
(heartbeat)    24    6    24361.47    10    24367.44    2    10
(advertise)    10    24367.64    24    6
(relay)    9    9    24370.65    24    24370.61    5    1
(advertise)    10    24389.25    9    24
(relay)    9    8    24390.47    24    24346.31    5    1
(relay)    11    11    24396.27    24    24395.65    5    2
(generate)    10    24409.07    [24]    24
(relay)    17    5    24410.68    24    24388.42    3    3
(advertise)    10    24412.28    8    24
(relay)    9    2    24433.29    24    24389.13    5    3
(advertise)    10    24434.69    11    24
(advertise)    10    24457.91    5    24
(relay)    11    25    24479.92    24    24452.46    1    2
(advertise)    10    24480.92    2    24
(relay)    9    0    24522.53    25    24431    124    1
(advertise)    10    24522.73    0    25
(relay)    9    7    24542.55    24    24456.66    3    1
(advertise)    10    24543.75    7    24
(relay)    11    18    24544.96    24    24534.17    3    1
(relay)    17    40    24563.56    24    24434.35    1    2
(relay)    9    21    24563.96    24    24509.14    3    3
(advertise)    10    24564.96    18    24
(relay)    11    48    24572.97    24    24488.83    1    2
(advertise)    10    24585.97    21    24
(relay)    9    42    24587.58    24    24465.88    1    1
(relay)    9    28    24632.58    24    24487.0    1    1
(relay)    11    33    24638.58    24    24636.36    1    1
(relay)    9    22    24653.58    24    24610.24    1    1
(relay)    9    6    24676.98    25    24564    110    1
(advertise)    10    24677.18    6    25
(relay)    17    17    24683.0    24    24682.36    3    1
(advertise)    10    24698.4    17    24
(relay)    11    12    24721.81    24    24684.08    5    1
(relay)    3    15    24722.21    24    24704.32    1    2
(advertise)    10    24722.81    12    24
(relay)    9    36    24771.02    24    24730.61    1    1
(relay)    9    44    24854.22    24    24691.68    1    1
(relay)    17    34    24878.02    24    24864.28    1    1
(relay)    3    3    24893.22    24    24892.12    5    1
(advertise)    10    24893.42    3    24
(relay)    9    16    24922.84    24    24922.4    3    1
(advertise)    10    24923.24    16    24
(relay)    9    1    24947.05    24    24940.52    5    1
(advertise)    10    24947.25    1    24
(relay)    11    47    25011.26    25    25009.24    1    1
(relay)    11    26    25034.26    25    25030.31    1    1
(relay)    11    39    25058.86    25    25027.43    1    1
(relay)    17    41    25081.86    26    25014.24    1    1
(relay)    3    4    25154.66    25    25153.17    5    1
(advertise)    10    25154.86    4    25
(relay)    11    20    25180.08    25    25159.2    3    1
(advertise)    10    25180.28    20    25
(relay)    11    19    25202.69    25    25196.31    3    1
(relay)    17    14    25203.09    25    25192.32    3    2
(advertise)    10    25203.49    19    25
(relay)    11    27    25226.3    25    25171.29    1    2
(advertise)    10    25228.9    14    25
(relay)    11    13    25342.51    25    25339.04    5    1
(advertise)    10    25342.71    13    25
(relay)    9    35    25364.93    25    25340.51    1    1
(relay)    3    8    25367.73    25    25346.49    3    1
(advertise)    10    25368.13    8    25
(relay)    9    9    25370.74    25    25370.62    5    1
(relay)    11    5    25390.74    25    25388.44    5    2
(advertise)    10    25391.94    9    25
(relay)    11    11    25396.15    25    25395.66    5    2
(relay)    9    2    25408.15    25    25389.39    5    3
(generate)    10    25409.15    [24]    25
(advertise)    10    25416.57    5    25
(advertise)    10    25437.58    11    25
(advertise)    10    25458.99    2    25
(relay)    11    25    25483.61    25    25452.52    1    1
(relay)    9    0    25498.41    26    25431    122    1
(advertise)    10    25498.61    0    26
(relay)    9    7    25523.02    25    25456.74    3    1
(advertise)    10    25523.22    7    25
(relay)    11    48    25527.43    25    25488.84    1    1
(relay)    9    42    25546.83    25    25466.06    1    1
(relay)    9    28    25568.43    25    25487.03    1    1
(relay)    11    18    25569.23    25    25534.31    3    1
(advertise)    10    25569.43    18    25
(relay)    3    21    25592.64    25    25509.21    1    1
(relay)    11    6    25593.04    26    25564    124    1
(advertise)    10    25593.44    6    26
(relay)    9    37    25636.26    25    25482.28    1    1
(relay)    9    22    25680.26    25    25610.31    1    1
(relay)    17    17    25683.46    25    25682.46    3    1
(advertise)    10    25683.66    17    25
(relay)    3    15    25708.67    25    25704.5    1    1
(relay)    11    12    25710.07    25    25684.15    1    1
(relay)    17    33    25743.47    25    25636.51    1    1
(relay)    9    44    25751.87    25    25691.74    1    1
(relay)    9    29    25854.27    25    25834.76    1    1
(relay)    17    43    25855.47    25    25820.87    1    1
(relay)    11    34    25870.87    25    25864.3    1    1
(relay)    3    3    25892.27    25    25892.2    5    1
(advertise)    10    25892.47    3    25
(relay)    9    16    25924.08    25    25922.57    3    1
(advertise)    10    25924.28    16    25
(relay)    3    1    25948.7    25    25940.6    5    1
(advertise)    10    25948.9    1    25
(relay)    11    47    26012.31    26    26009.3    1    1
(relay)    11    26    26036.91    26    26030.36    1    1
(relay)    11    39    26061.31    26    26027.6    1    1
(relay)    3    4    26154.71    26    26153.37    5    1
(advertise)    10    26154.91    4    26
(relay)    11    20    26179.92    26    26159.4    3    1
(advertise)    10    26180.12    20    26
(relay)    3    14    26202.34    26    26192.35    1    1
(relay)    11    19    26202.94    26    26196.5    3    1
(advertise)    10    26203.14    19    26
(relay)    11    27    26228.55    26    26171.35    1    1
(relay)    11    13    26341.75    26    26339.1    5    1
(advertise)    10    26341.95    13    26
(relay)    9    35    26343.56    26    26340.59    1    1
(relay)    17    8    26365.16    26    26346.54    3    1
(advertise)    10    26365.96    8    26
(relay)    9    9    26371.37    26    26370.79    5    1
(advertise)    10    26388.57    9    26
(relay)    9    2    26390.79    26    26389.41    5    1
(relay)    11    11    26396.39    26    26395.82    5    2
(generate)    10    26409.19    [24]    26
(advertise)    10    26411.8    2    26
(relay)    3    5    26431.61    26    26388.46    5    2
(advertise)    10    26434.81    11    26
(advertise)    10    26458.03    5    26
(relay)    11    25    26480.24    26    26452.64    1    1
(relay)    3    0    26498.24    27    26431    124    1
(advertise)    10    26498.44    0    27
(relay)    9    7    26505.65    26    26456.8    5    1
(advertise)    10    26522.05    7    26
(relay)    11    48    26524.47    26    26489.01    1    1
(relay)    9    28    26539.07    26    26487.07    1    1
(relay)    17    18    26563.67    26    26534.48    3    1
(advertise)    10    26563.87    18    26
(relay)    3    21    26565.08    26    26509.28    1    1
(relay)    11    6    26611.28    27    26564    120    1
(advertise)    10    26611.48    6    27
(relay)    9    22    26635.09    26    26610.37    1    1
(relay)    11    33    26658.29    26    26636.69    1    1
(relay)    17    17    26683.49    26    26682.56    3    1
(advertise)    10    26683.69    17    26
(relay)    11    12    26686.5    26    26684.21    5    1
(advertise)    10    26705.3    12    26
(relay)    9    15    26706.52    26    26704.66    3    1
(advertise)    10    26727.72    15    26
(relay)    9    43    26832.13    26    26820.98    1    1
(relay)    17    29    26855.93    26    26834.77    1    1
(relay)    11    34    26870.33    26    26864.32    1    1
(relay)    3    3    26892.33    26    26892.27    5    1
(advertise)    10    26892.53    3    26
(relay)    11    16    26925.54    26    26922.69    1    1
(relay)    9    1    26946.94    26    26940.64    5    1
(advertise)    10    26947.14    1    26
(relay)    17    46    26974.36    26    26952.48    1    1
(relay)    9    23    27011.36    28    27009.36    1    1
(relay)    11    47    27013.96    27    27009.37    1    1
(relay)    11    26    27037.96    27    27030.38    1    1
(relay)    11    41    27060.76    28    27014.39    1    1
(relay)    3    4    27153.76    27    27153.39    5    1
(advertise)    10    27153.96    4    27
(relay)    17    20    27178.77    27    27159.59    3    1
(advertise)    10    27179.17    20    27
(relay)    11    19    27201.98    27    27196.51    3    1
(advertise)    10    27202.18    19    27
(relay)    9    14    27203.4    27    27192.38    3    1
(relay)    11    27    27223.8    27    27171.42    1    2
(advertise)    10    27224.6    14    27
(relay)    17    32    27304.01    27    27300.92    1    1
(relay)    11    13    27340.81    27    27339.16    5    1
(advertise)    10    27341.01    13    27
(relay)    9    8    27362.82    27    27346.56    5    1
(advertise)    10    27363.62    8    27
(relay)    9    9    27371.43    27    27370.93    5    1
(advertise)    10    27384.63    9    27
(relay)    9    2    27390.65    27    27389.43    5    1
(relay)    11    11    27396.85    27    27395.82    5    2
(advertise)    10    27406.65    2    27
(generate)    10    27409.26    [24]    27
(advertise)    10    27430.27    11    27
(relay)    11    5    27452.09    27    27388.47    5    1
(advertise)    10    27452.69    5    27
(relay)    9    0    27478.7    28    27431    124    1
(advertise)    10    27479.1    0    28
(relay)    9    7    27507.91    27    27456.86    5    1
(advertise)    10    27508.11    7    27
(relay)    17    40    27522.33    27    27434.54    1    1
(relay)    9    21    27531.13    27    27509.35    3    1
(advertise)    10    27531.33    21    27
(relay)    9    28    27554.54    27    27487.1    1    1
(relay)    11    18    27569.34    27    27534.67    3    1
(advertise)    10    27569.54    18    27
(relay)    9    37    27576.55    27    27482.5    1    1
(relay)    11    48    27592.75    27    27490.03    1    1
(relay)    11    6    27613.75    28    27564    124    1
(advertise)    10    27613.95    6    28
(relay)    9    22    27650.16    27    27610.46    1    1
(relay)    17    17    27683.56    27    27682.64    3    1
(advertise)    10    27683.76    17    27
(relay)    17    33    27699.58    27    27636.69    1    1
(relay)    3    15    27707.18    27    27704.85    1    1
(relay)    11    12    27709.78    27    27684.31    1    1
(relay)    11    34    27870.58    27    27864.35    1    1
(relay)    3    3    27892.38    27    27892.34    5    1
(advertise)    10    27892.58    3    27
(relay)    17    16    27923.99    27    27922.81    3    1
(advertise)    10    27924.19    16    27
(relay)    9    1    27946.8    27    27940.66    5    1
(advertise)    10    27947.6    1    27
(relay)    17    23    28011.42    29    28009.45    1    1
(relay)    11    47    28014.62    28    28009.48    1    1
(relay)    17    26    28038.22    28    28030.44    1    1
(relay)    17    41    28060.42    29    28014.66    1    1
(relay)    11    39    28083.02    28    28027.94    1    1
(relay)    3    4    28154.22    28    28153.39    5    1
(advertise)    10    28154.42    4    28
(relay)    11    20    28178.23    28    28159.62    3    1
(advertise)    10    28178.63    20    28
(relay)    17    27    28200.64    28    28171.47    1    1
(relay)    3    14    28202.44    28    28192.42    1    1
(relay)    11    19    28223.44    28    28196.51    3    1
(advertise)    10    28223.64    19    28
(relay)    11    32    28304.86    28    28301.04    1    1
(relay)    11    13    28339.86    28    28339.23    5    1
(advertise)    10    28340.06    13    28
(heartbeat)    24    7    28361.48    10    28362.87    2    10
(advertise)    10    28363.07    24    7
(relay)    9    9    28371.68    28    28371.06    5    1
(relay)    9    35    28384.88    28    28340.74    1    2
(advertise)    10    28386.08    9    28
(relay)    17    8    28387.49    28    28346.58    3    1
(relay)    11    11    28397.29    28    28396.21    5    2
(advertise)    10    28407.69    8    28
(generate)    10    28409.31    [24]    28
(relay)    3    2    28410.92    28    28389.45    5    2
(advertise)    10    28428.72    11    28
(advertise)    10    28450.13    2    28
(relay)    11    5    28456.35    28    28388.48    5    1
(advertise)    10    28471.15    5    28
(relay)    11    40    28499.56    28    28434.62    1    1
(relay)    9    7    28519.36    28    28456.92    5    1
(advertise)    10    28519.56    7    28
(relay)    9    21    28541.17    28    28509.44    3    1
(advertise)    10    28542.57    21    28
(relay)    9    28    28563.19    28    28487.14    1    1
(relay)    17    42    28566.19    28    28467.26    1    1
(relay)    11    6    28567.79    29    28564    124    1
(advertise)    10    28567.99    6    29
(relay)    17    0    28609.4    29    28431    122    1
(advertise)    10    28609.6    0    29
(relay)    9    18    28651.41    28    28534.83    1    1
(relay)    17    33    28679.01    28    28636.71    1    1
(relay)    17    17    28682.81    28    28682.67    3    1
(advertise)    10    28683.01    17    28
(relay)    9    15    28706.02    28    28705.03    3    1
(advertise)    10    28706.42    15    28
(relay)    17    12    28722.44    28    28684.39    3    1
(advertise)    10    28727.44    12    28
(relay)    17    22    28744.45    28    28610.54    1    1
(relay)    9    36    28813.45    28    28730.88    1    1
(relay)    11    34    28867.65    28    28864.38    1    1
(relay)    9    29    28878.45    28    28834.99    1    1
(relay)    3    3    28893.05    28    28892.41    5    1
(advertise)    10    28893.25    3    28
(relay)    17    16    28925.06    28    28922.96    3    1
(advertise)    10    28925.26    16    28
(relay)    3    1    28949.68    28    28940.76    5    1
(advertise)    10    28949.88    1    28
(relay)    11    46    28989.49    28    28952.57    1    1
(relay)    9    23    29012.69    30    29009.73    1    1
(relay)    11    47    29016.29    29    29009.56    1    1
(relay)    17    26    29056.49    29    29030.52    1    1
(relay)    11    41    29059.09    30    29014.76    1    1
(relay)    11    39    29082.29    29    29027.95    1    1
(relay)    11    4    29153.89    29    29153.42    5    1
(advertise)    10    29154.09    4    29
(relay)    11    20    29177.9    29    29159.65    3    1
(advertise)    10    29178.7    20    29
(relay)    11    19    29201.12    29    29196.7    3    1
(advertise)    10    29201.32    19    29
(relay)    9    14    29202.73    29    29192.45    3    1
(advertise)    10    29223.53    14    29
(relay)    11    32    29306.14    29    29301.21    1    1
(relay)    11    13    29339.94    29    29339.33    5    1
(advertise)    10    29340.14    13    29
(relay)    9    8    29362.55    29    29346.65    5    1
(advertise)    10    29363.75    8    29
(relay)    17    35    29365.37    29    29340.86    1    1
(relay)    9    9    29371.57    29    29371.06    5    1
(advertise)    10    29385.77    9    29
(relay)    11    11    29397.18    29    29396.22    5    1
(relay)    9    2    29405.98    29    29389.5    5    2
(advertise)    10    29406.78    11    29
(generate)    10    29409.39    [24]    29
(advertise)    10    29431.01    2    29
(relay)    11    5    29453.82    29    29388.51    3    1
(advertise)    10    29456.02    5    29
(relay)    9    0    29479.83    30    29431    124    1
(advertise)    10    29480.43    0    30
(relay)    9    28    29524.45    29    29487.18    1    1
(relay)    3    21    29531.65    29    29509.53    1    1
(relay)    11    18    29535.85    29    29534.98    3    1
(advertise)    10    29536.05    18    29
(relay)    11    48    29563.46    29    29490.19    1    1
(relay)    17    37    29564.46    29    29482.84    1    1
(relay)    11    6    29586.86    30    29564    124    1
(advertise)    10    29587.06    6    30
(relay)    9    22    29636.67    29    29610.63    1    1
(relay)    17    33    29671.67    29    29637.11    1    1
(relay)    17    17    29682.87    29    29682.74    3    1
(advertise)    10    29683.07    17    29
(relay)    11    12    29706.08    29    29684.45    5    1
(advertise)    10    29706.68    12    29
(relay)    9    15    29709.1    29    29705.46    3    1
(advertise)    10    29727.7    15    29
(relay)    17    36    29758.71    29    29730.95    1    1
(relay)    17    43    29836.51    29    29821.24    1    1
(relay)    11    34    29867.51    29    29864.41    1    1
(relay)    3    3    29893.11    29    29892.49    5    1
(advertise)    10    29893.31    3    29
(relay)    3    16    29926.12    29    29923.09    1    1
(relay)    9    1    29948.12    29    29940.81    5    1
(advertise)    10    29948.32    1    29
(relay)    11    46    29975.54    29    29952.6    1    1
