(relay)    12    41    32.6    1    9    122    1
(advertise)    11    33.2    41    1
(relay)    18    23    61.41    1    6    120    1
(advertise)    11    61.61    23    1
(relay)    10    0    435.23    1    431    123    1
(advertise)    11    435.43    0    1
(relay)    12    6    567.44    1    564    125    1
(advertise)    11    567.64    6    1
(relay)    18    23    1009.25    2    1006.05    122    1
(advertise)    11    1009.45    23    2
(relay)    18    26    1030.67    1    1028.07    125    1
(advertise)    11    1033.07    26    1
(relay)    10    47    1056.28    1    1007.05    118    1
(advertise)    11    1056.88    47    1
(relay)    10    39    1077.69    1    1025.07    120    1
(advertise)    11    1079.09    39    1
(relay)    10    31    1100.5    1    1057.09    122    1
(advertise)    11    1100.9    31    1
(relay)    12    41    1105.92    2    1009.47    122    1
(advertise)    11    1122.32    41    2
(relay)    4    4    1150.73    1    1150.12    127    1
(advertise)    11    1150.93    4    1
(relay)    12    20    1175.74    1    1154.54    125    1
(advertise)    11    1177.14    20    1
(relay)    18    27    1178.96    1    1169.14    124    1
(advertise)    11    1199.36    27    1
(relay)    18    19    1200.57    1    1193.16    126    1
(advertise)    11    1222.17    19    1
(relay)    10    14    1225.78    1    1191.16    123    1
(advertise)    11    1243.38    14    1
(relay)    18    32    1298.2    1    1297.2    125    1
(advertise)    11    1298.4    32    1
(relay)    12    13    1338.41    1    1337.01    126    1
(advertise)    11    1338.61    13    1
(relay)    10    8    1365.02    1    1343.02    125    1
(advertise)    11    1365.22    8    1
(relay)    10    9    1386.03    1    1367.02    126    1
(relay)    4    2    1386.63    1    1383.03    125    2
(advertise)    11    1387.63    9    1
(relay)    12    35    1389.05    1    1338.01    118    2
(generate)    11    1392.05    [24]    1
(relay)    10    10    1405.06    1    1405.05    127    3
(advertise)    11    1408.86    2    1
(advertise)    11    1432.47    35    1
(relay)    12    5    1433.69    1    1388.0    126    2
(advertise)    11    1454.09    10    1
(relay)    10    0    1475.3    2    1431    123    2
(advertise)    11    1475.7    5    1
(advertise)    11    1498.11    0    2
(relay)    18    25    1502.53    1    1450.07    126    1
(advertise)    11    1519.73    25    1
(relay)    18    18    1532.14    1    1531.13    127    1
(advertise)    11    1541.94    18    1
(relay)    18    6    1580.55    2    1564    123    1
(advertise)    11    1580.75    6    2
(relay)    10    28    1586.96    1    1485.1    121    1
(advertise)    11    1602.76    28    1
(relay)    18    37    1625.38    1    1478.09    122    1
(advertise)    11    1625.58    37    1
(relay)    18    45    1647.39    1    1512.11    122    1
(advertise)    11    1647.79    45    1
(relay)    18    21    1673.4    1    1505.11    122    1
(advertise)    11    1673.6    21    1
(relay)    18    48    1696.82    1    1486.03    121    1
(advertise)    11    1697.62    48    1
(relay)    18    17    1718.23    1    1680.02    126    1
(advertise)    11    1719.43    17    1
(relay)    10    22    1721.64    1    1608.16    123    1
(advertise)    11    1741.84    22    1
(relay)    10    42    1764.46    1    1461.09    117    1
(advertise)    11    1764.86    42    1
(relay)    12    33    1766.67    1    1633.16    124    1
(relay)    18    12    1785.87    1    1681.02    125    2
(relay)    10    15    1786.27    1    1701.02    124    3
(advertise)    11    1787.07    33    1
(advertise)    11    1809.08    12    1
(relay)    18    38    1828.69    1    1617.18    123    2
(advertise)    11    1830.89    15    1
(advertise)    11    1853.91    38    1
(relay)    18    44    1873.32    1    1690.02    117    1
(relay)    10    36    1874.32    1    1727.04    121    2
(advertise)    11    1875.72    44    1
(advertise)    11    1897.93    36    1
(relay)    18    30    1899.55    1    1801.08    123    1
(relay)    10    3    1917.95    1    1890.13    126    2
(advertise)    11    1920.15    30    1
(relay)    18    34    1926.76    1    1862.91    123    2
(advertise)    11    1943.96    3    1
(relay)    10    29    1961.37    1    1832.11    122    2
(advertise)    11    1965.97    34    1
(relay)    4    1    1969.19    1    1938.11    124    2
(advertise)    11    1988.19    29    1
(relay)    18    43    1992.0    1    1818.09    120    2
(advertise)    11    2012.0    1    1
(advertise)    11    2033.21    43    1
(relay)    10    23    2056.62    3    2006.2    124    1
(advertise)    11    2056.82    23    3
(relay)    10    16    2080.04    1    1919.16    123    1
(relay)    12    26    2080.44    2    2028.2    125    2
(advertise)    11    2080.64    16    1
(advertise)    11    2102.45    26    2
(relay)    10    46    2124.46    1    1951.16    119    1
(relay)    18    39    2126.06    2    2025.2    124    2
(advertise)    11    2126.26    46    1
(advertise)    11    2148.48    39    2
(relay)    4    4    2151.69    2    2151.08    127    1
(advertise)    11    2170.49    4    2
(relay)    12    20    2193.3    2    2154.68    125    1
(advertise)    11    2194.3    20    2
(relay)    10    31    2196.32    2    2057.22    118    1
(relay)    12    19    2213.52    2    2193.3    126    2
(advertise)    11    2216.32    31    2
(relay)    12    47    2236.73    2    2007.19    120    2
(advertise)    11    2237.73    19    2
(relay)    10    14    2240.54    2    2191.32    123    2
(advertise)    11    2260.94    47    2
(advertise)    11    2283.35    14    2
(relay)    4    41    2305.77    3    2009.57    116    1
(advertise)    11    2306.37    41    3
(relay)    18    27    2325.38    2    2169.28    124    1
(advertise)    11    2328.38    27    2
(relay)    18    32    2347.59    2    2297.37    125    1
(advertise)    11    2350.39    32    2
(relay)    12    13    2352.21    2    2337.19    126    1
(advertise)    11    2372.41    13    2
(generate)    11    2392.22    [24]    2
(relay)    10    9    2393.83    2    2367.21    126    1
(advertise)    11    2394.23    9    2
(relay)    12    5    2395.85    2    2388.01    126    1
(relay)    4    8    2396.85    2    2343.21    123    2
(relay)    10    10    2405.85    2    2405.23    127    3
(advertise)    11    2417.05    5    2
(advertise)    11    2439.06    8    2
(advertise)    11    2460.47    10    2
(relay)    18    25    2480.48    2    2450.26    126    1
(advertise)    11    2481.48    25    2
(relay)    4    2    2485.9    2    2383.22    125    1
(advertise)    11    2505.1    2    2
(relay)    18    18    2532.31    2    2531.31    127    1
(advertise)    11    2532.51    18    2
(relay)    18    40    2547.52    2    2433.03    123    1
(relay)    10    0    2550.72    3    2431    123    2
(advertise)    11    2554.12    40    2
(relay)    18    35    2567.94    2    2338.19    120    2
(advertise)    11    2575.74    0    3
(relay)    10    7    2593.35    2    2453.24    124    2
(advertise)    11    2597.15    35    2
(relay)    12    6    2618.16    3    2564    125    2
(advertise)    11    2618.56    7    2
(relay)    10    37    2637.37    2    2478.27    122    2
(advertise)    11    2640.97    6    3
(advertise)    11    2663.39    37    2
(relay)    10    28    2680.0    2    2485.28    121    1
(relay)    12    12    2681.8    2    2681.19    127    2
(relay)    12    48    2684.2    2    2486.18    121    3
(advertise)    11    2685.2    28    2
(relay)    10    17    2701.01    2    2680.19    126    3
(advertise)    11    2706.81    12    2
(relay)    10    21    2723.43    2    2505.3    122    3
(advertise)    11    2728.03    48    2
(advertise)    11    2752.04    17    2
(advertise)    11    2774.25    21    2
(relay)    10    22    2791.27    2    2608.36    123    1
(advertise)    11    2796.27    22    2
(relay)    12    33    2798.68    2    2633.35    122    1
(relay)    4    42    2800.68    2    2461.26    117    2
(advertise)    11    2818.28    33    2
(relay)    18    45    2819.69    2    2512.3    122    2
(relay)    10    15    2835.49    2    2701.2    124    3
(advertise)    11    2841.09    42    2
(advertise)    11    2862.5    45    2
(relay)    18    38    2884.32    2    2617.36    123    2
(advertise)    11    2885.52    15    2
(relay)    10    3    2903.53    2    2890.3    126    2
(advertise)    11    2908.73    38    2
(advertise)    11    2929.74    3    2
(relay)    10    36    2944.96    2    2727.23    119    1
(advertise)    11    2951.56    36    2
(relay)    10    16    2973.37    2    2919.34    125    1
(advertise)    11    2973.57    16    2
(relay)    12    34    2978.78    2    2863.09    123    1
(relay)    18    44    2994.78    2    2690.2    119    2
(advertise)    11    2995.58    34    2
(advertise)    11    3017.6    44    2
(relay)    10    1    3019.01    2    2938.68    124    1
(advertise)    11    3039.01    1    2
(relay)    10    30    3041.02    2    2801.28    123    1
(advertise)    11    3060.62    30    2
(relay)    18    29    3084.03    2    2832.29    122    1
(advertise)    11    3084.23    29    2
(relay)    12    26    3086.25    3    3028.4    125    1
(advertise)    11    3106.85    26    3
(relay)    18    46    3129.86    2    2951.34    121    1
(advertise)    11    3130.06    46    2
(relay)    18    23    3150.87    4    3006.4    124    1
(relay)    4    4    3151.87    3    3151.25    127    2
(advertise)    11    3152.27    23    4
(advertise)    11    3173.69    4    3
(relay)    10    43    3175.5    2    2818.28    118    1
(advertise)    11    3196.1    43    2
(relay)    12    20    3197.71    3    3154.86    125    1
(relay)    18    39    3217.51    3    3025.4    124    2
(relay)    10    14    3218.71    3    3191.5    123    3
(advertise)    11    3219.71    20    3
(relay)    18    41    3239.33    4    3009.77    122    3
(advertise)    11    3242.93    39    3
(relay)    10    31    3264.34    3    3057.42    120    3
(advertise)    11    3264.74    14    3
(advertise)    11    3286.55    41    4
(advertise)    11    3307.76    31    3
(relay)    12    27    3329.38    3    3169.47    124    1
(advertise)    11    3329.98    27    3
(relay)    10    47    3331.99    3    3007.37    118    1
(advertise)    11    3351.59    47    3
(relay)    10    9    3376.6    3    3367.39    126    1
(advertise)    11    3376.8    9    3
(relay)    18    32    3391.02    3    3297.55    121    1
(generate)    11    3392.42    [24]    3
(relay)    12    13    3393.63    3    3337.38    126    2
(advertise)    11    3398.83    32    3
(relay)    10    10    3406.04    3    3405.43    127    2
(relay)    4    8    3411.44    3    3343.39    123    3
(advertise)    11    3422.24    13    3
(advertise)    11    3444.26    10    3
(relay)    12    5    3460.27    3    3388.03    126    2
(relay)    10    2    3462.67    3    3383.42    125    3
(advertise)    11    3467.47    8    3
(advertise)    11    3489.48    5    3
(relay)    18    19    3502.89    3    3193.49    122    2
(advertise)    11    3511.89    2    3
(relay)    10    35    3530.91    3    3338.39    120    2
(relay)    18    18    3532.51    3    3531.49    127    3
(advertise)    11    3534.11    19    3
(relay)    18    25    3548.32    3    3450.44    126    3
(advertise)    11    3556.52    35    3
(relay)    10    0    3574.13    4    3431    123    3
(advertise)    11    3578.33    18    3
(relay)    10    7    3596.75    3    3453.44    124    3
(advertise)    11    3600.35    25    3
(advertise)    11    3621.56    0    4
(relay)    18    40    3638.77    3    3433.23    123    2
(advertise)    11    3642.57    7    3
(relay)    18    37    3660.99    3    3478.47    122    2
(relay)    10    28    3663.79    3    3485.47    121    3
(advertise)    11    3664.59    40    3
(relay)    12    12    3683.2    3    3682.59    127    3
(advertise)    11    3685.8    37    3
(relay)    10    21    3687.41    3    3505.48    122    3
(advertise)    11    3708.81    28    3
(relay)    18    6    3727.42    4    3564    123    3
(advertise)    11    3729.82    12    3
(relay)    10    17    3732.84    3    3680.39    126    3
(relay)    12    48    3746.64    3    3486.36    121    4
(advertise)    11    3752.44    21    3
(advertise)    11    3773.45    6    4
(relay)    10    42    3776.86    3    3461.46    119    3
(advertise)    11    3796.26    17    3
(relay)    12    33    3814.48    3    3633.55    124    3
(advertise)    11    3818.08    48    3
(relay)    18    45    3836.89    3    3512.48    122    3
(advertise)    11    3840.09    42    3
(advertise)    11    3861.5    33    3
(relay)    10    15    3865.92    3    3701.4    122    2
(advertise)    11    3884.32    45    3
(relay)    10    22    3888.33    3    3608.56    123    2
(relay)    18    38    3903.93    3    3617.56    123    3
(advertise)    11    3906.13    15    3
(advertise)    11    3927.14    22    3
(advertise)    11    3949.55    38    3
(relay)    10    3    3954.77    3    3890.49    126    1
(relay)    18    44    3968.57    3    3690.4    121    2
(advertise)    11    3970.57    3    3
(advertise)    11    3992.58    44    3
(relay)    10    16    3999.59    3    3919.54    125    1
(advertise)    11    4013.79    16    3
(relay)    12    34    4033.01    3    3863.29    123    1
(advertise)    11    4034.81    34    3
(relay)    10    1    4043.62    3    3938.86    124    1
(relay)    18    30    4056.02    3    3801.45    123    2
(advertise)    11    4056.22    1    3
(advertise)    11    4077.23    30    3
(relay)    18    36    4097.65    3    3727.42    119    1
(advertise)    11    4100.25    36    3
(relay)    4    29    4103.46    3    3832.49    120    1
(relay)    18    46    4119.46    3    3951.54    123    2
(relay)    12    26    4120.66    4    4028.59    123    3
(advertise)    11    4122.86    29    3
(advertise)    11    4146.47    46    3
(relay)    4    4    4152.48    4    4151.45    127    2
(advertise)    11    4167.68    26    4
(relay)    10    23    4178.5    5    4006.99    124    2
(relay)    18    39    4183.9    4    4025.58    124    3
(relay)    12    41    4186.3    5    4009.97    122    4
(advertise)    11    4189.5    4    4
(advertise)    11    4210.71    23    5
(relay)    10    43    4222.52    3    3818.48    120    3
(advertise)    11    4232.92    39    4
(relay)    12    19    4253.14    4    4193.68    126    3
(advertise)    11    4255.94    41    5
(advertise)    11    4276.95    43    3
(relay)    10    31    4288.36    4    4057.62    122    2
(relay)    18    20    4293.76    4    4155.06    125    3
(advertise)    11    4298.56    19    4
(advertise)    11    4320.78    31    4
(relay)    12    47    4341.39    4    4007.57    120    2
(advertise)    11    4342.79    20    4
(relay)    10    14    4356.2    4    4191.68    123    2
(relay)    12    27    4362.4    4    4169.67    124    3
(advertise)    11    4363.8    47    4
(advertise)    11    4385.41    14    4
(generate)    11    4392.43    [24]    4
(relay)    10    10    4406.24    4    4405.63    127    2
(advertise)    11    4406.44    27    4
(relay)    10    9    4420.85    4    4367.59    126    2
(advertise)    11    4428.65    10    4
(relay)    4    5    4435.87    4    4388.04    126    2
(heartbeat)    24    1    4361.4    11    4449.67    127    0
(advertise)    11    4450.67    9    4
(relay)    10    2    4464.08    4    4383.61    125    3
(advertise)    11    4473.68    5    4
(relay)    18    13    4493.09    4    4337.58    124    3
(advertise)    11    4497.29    24    1
(relay)    10    8    4509.71    4    4343.59    125    3
(advertise)    11    4522.51    2    4
(relay)    18    18    4532.72    4    4531.69    4    3
(relay)    18    32    4537.72    4    4297.75    123    4
(advertise)    11    4545.72    13    4
(relay)    18    35    4558.13    4    4338.58    120    4
(advertise)    11    4566.73    8    4
(advertise)    11    4587.74    18    4
(advertise)    11    4611.36    32    4
(relay)    10    0    4623.37    5    4431    123    2
(relay)    18    40    4627.77    4    4433.43    123    3
(relay)    12    6    4627.97    5    4564    125    4
(advertise)    11    4632.97    35    4
(advertise)    11    4654.38    0    5
(relay)    10    7    4665.6    4    4453.64    124    3
(advertise)    11    4678.2    40    4
(relay)    12    12    4683.41    4    4682.78    6    3
(advertise)    11    4700.81    6    5
(relay)    18    17    4713.02    4    4680.58    2    3
(advertise)    11    4723.02    7    4
(advertise)    11    4745.64    12    4
(relay)    18    48    4760.05    4    4486.55    121    2
(advertise)    11    4767.45    17    4
(advertise)    11    4790.46    48    4
(relay)    18    42    4805.27    4    4461.61    119    1
(advertise)    11    4813.67    42    4
(relay)    18    33    4837.49    4    4633.74    2    1
(advertise)    11    4837.89    33    4
(relay)    10    15    4843.1    4    4701.6    2    1
(relay)    18    22    4860.9    4    4608.76    2    2
(advertise)    11    4862.5    15    4
(advertise)    11    4885.51    22    4
(relay)    12    34    4891.73    4    4863.46    2    1
(relay)    4    3    4892.13    4    4890.69    4    2
(advertise)    11    4907.53    34    4
(advertise)    11    4929.14    3    4
(relay)    10    16    4948.55    4    4919.74    2    1
(advertise)    11    4950.75    16    4
(relay)    4    1    4973.57    4    4939.05    4    1
(advertise)    11    4973.77    1    4
(relay)    12    26    5030.78    5    5028.73    2    1
(advertise)    11    5030.98    26    5
(relay)    4    4    5152.59    5    5151.49    6    1
(advertise)    11    5152.79    4    5
(relay)    18    20    5175.0    5    5155.14    4    1
(advertise)    11    5176.0    20    5
(relay)    18    27    5197.22    5    5169.79    2    1
(advertise)    11    5198.42    27    5
(relay)    18    19    5219.23    5    5193.8    4    1
(advertise)    11    5220.43    19    5
(relay)    18    32    5326.84    5    5297.87    2    1
(advertise)    11    5327.04    32    5
(relay)    12    13    5339.86    5    5337.6    6    1
(relay)    4    8    5346.46    5    5343.62    2    2
(advertise)    11    5350.86    13    5
(advertise)    11    5372.27    8    5
(relay)    10    9    5388.28    5    5367.72    4    1
(relay)    12    5    5389.28    5    5388.05    6    2
(generate)    11    5392.48    [24]    5
(advertise)    11    5395.1    9    5
(relay)    10    10    5406.11    5    5405.63    4    2
(advertise)    11    5417.51    5    5
(relay)    10    2    5432.52    5    5383.79    4    2
(advertise)    11    5438.52    10    5
(advertise)    11    5460.33    2    5
(relay)    18    25    5481.75    5    5450.83    2    1
(advertise)    11    5482.55    25    5
(relay)    10    0    5498.76    6    5431    123    1
(advertise)    11    5505.56    0    6
(relay)    10    7    5522.17    5    5453.68    4    1
(advertise)    11    5527.77    7    5
(relay)    12    48    5551.59    5    5486.73    2    1
(advertise)    11    5551.79    48    5
(relay)    10    21    5562.6    5    5505.73    2    1
(advertise)    11    5575.6    21    5
(relay)    10    18    5596.61    5    5531.73    2    1
(advertise)    11    5598.61    18    5
(relay)    18    6    5612.63    6    5564    123    1
(advertise)    11    5621.23    6    6
(relay)    12    33    5635.24    5    5633.9    2    1
(advertise)    11    5643.24    33    5
(relay)    10    17    5682.45    5    5680.74    2    1
(advertise)    11    5682.65    17    5
(relay)    12    12    5683.86    5    5682.95    6    1
(advertise)    11    5706.46    12    5
(relay)    18    15    5769.88    5    5701.7    2    1
(advertise)    11    5770.08    15    5
(relay)    18    34    5868.49    5    5863.51    2    1
(advertise)    11    5868.69    34    5
(relay)    10    3    5892.3    5    5890.8    4    1
(advertise)    11    5893.1    3    5
(relay)    18    16    5921.52    5    5919.74    2    1
(advertise)    11    5921.72    16    5
(relay)    10    1    5943.33    5    5939.17    4    1
(advertise)    11    5944.33    1    5
(relay)    18    46    5969.14    5    5951.8    2    1
(advertise)    11    5969.34    46    5
(relay)    12    47    6011.36    6    6007.84    2    1
(advertise)    11    6011.56    47    6
(relay)    12    26    6035.17    6    6028.8    2    1
(advertise)    11    6035.37    26    6
(relay)    12    41    6058.18    7    6010.24    2    1
(advertise)    11    6058.38    41    7
(relay)    4    4    6152.59    6    6151.5    6    1
(advertise)    11    6152.79    4    6
(relay)    12    27    6177.01    6    6169.85    2    1
(advertise)    11    6177.41    27    6
(relay)    10    14    6195.02    6    6191.77    2    1
(relay)    12    19    6198.42    6    6193.98    4    2
(advertise)    11    6200.62    14    6
(advertise)    11    6221.63    19    6
(relay)    18    32    6300.45    6    6297.98    2    1
(advertise)    11    6300.65    32    6
(relay)    12    13    6339.86    6    6337.68    6    1
(advertise)    11    6340.06    13    6
(relay)    10    8    6362.87    6    6343.66    4    1
(advertise)    11    6363.27    8    6
(relay)    10    9    6386.09    6    6367.9    4    1
(relay)    4    2    6386.89    6    6383.83    4    2
(advertise)    11    6387.89    9    6
(generate)    11    6392.5    [24]    6
(relay)    10    10    6406.71    6    6405.69    4    2
(advertise)    11    6409.91    2    6
(relay)    12    5    6411.72    6    6388.06    6    2
(advertise)    11    6430.92    10    6
(relay)    10    0    6451.94    7    6431    123    2
(advertise)    11    6452.34    5    6
(advertise)    11    6476.35    0    7
(relay)    10    7    6494.96    6    6453.77    4    1
(advertise)    11    6497.36    7    6
(relay)    18    25    6499.58    6    6450.88    2    1
(advertise)    11    6520.18    25    6
(relay)    18    18    6531.99    6    6531.91    4    1
(relay)    10    21    6536.59    6    6505.82    2    2
(advertise)    11    6541.99    18    6
(relay)    18    48    6563.6    6    6486.91    2    2
(advertise)    11    6564.0    21    6
(relay)    12    6    6569.82    7    6564    125    2
(advertise)    11    6586.42    48    6
(advertise)    11    6608.83    6    7
(relay)    18    22    6634.04    6    6608.86    2    1
(advertise)    11    6634.44    22    6
(relay)    12    12    6684.05    6    6683.01    6    1
(advertise)    11    6684.25    12    6
(relay)    18    15    6728.07    6    6701.87    2    1
(advertise)    11    6728.27    15    6
(relay)    18    34    6868.88    6    6863.54    2    1
(advertise)    11    6869.08    34    6
(relay)    4    3    6891.09    6    6890.87    4    1
(advertise)    11    6891.69    3    6
(relay)    10    16    6921.71    6    6919.88    2    1
(advertise)    11    6921.91    16    6
(relay)    10    1    6943.92    6    6939.29    4    1
(advertise)    11    6945.12    1    6
(relay)    18    46    6971.53    6    6951.82    2    1
(advertise)    11    6972.13    46    6
(relay)    12    47    7011.95    7    7007.91    2    1
(advertise)    11    7012.15    47    7
(relay)    18    26    7035.56    7    7028.85    2    1
(advertise)    11    7035.96    26    7
(relay)    18    39    7058.37    7    7025.85    2    1
(advertise)    11    7058.97    39    7
(relay)    18    41    7080.58    8    7010.27    2    1
(advertise)    11    7080.98    41    8
(relay)    4    4    7152.6    7    7151.5    6    1
(advertise)    11    7152.8    4    7
(relay)    12    20    7175.41    7    7155.37    4    1
(advertise)    11    7175.61    20    7
(relay)    12    19    7197.82    7    7194.0    4    1
(advertise)    11    7198.02    19    7
(relay)    12    27    7220.04    7    7169.9    2    1
(advertise)    11    7220.64    27    7
(relay)    18    32    7300.45    7    7298.15    2    1
(advertise)    11    7300.65    32    7
(relay)    18    13    7338.66    7    7337.78    4    1
(advertise)    11    7338.86    13    7
(relay)    10    8    7362.28    7    7343.7    4    1
(advertise)    11    7362.48    8    7
(relay)    10    9    7384.69    7    7368.06    4    1
(advertise)    11    7386.09    9    7
(generate)    11    7392.5    [24]    7
(relay)    10    10    7406.71    7    7405.74    4    1
(relay)    4    5    7408.71    7    7388.08    6    2
(advertise)    11    7408.91    10    7
(advertise)    11    7431.93    5    7
(relay)    18    25    7474.14    7    7450.99    2    1
(advertise)    11    7474.34    25    7
(relay)    4    0    7476.35    8    7431    123    1
(advertise)    11    7496.55    0    8
(relay)    10    7    7502.57    7    7454.63    2    1
(advertise)    11    7518.57    7    7
(relay)    12    48    7526.78    7    7486.92    2    1
(relay)    18    18    7531.98    7    7531.91    4    2
(advertise)    11    7541.38    48    7
(advertise)    11    7563.39    18    7
(relay)    12    6    7591.21    8    7564    121    1
(advertise)    11    7591.41    6    8
(relay)    12    33    7636.22    7    7634.24    2    1
(advertise)    11    7636.42    33    7
(relay)    10    17    7683.03    7    7680.92    2    1
(advertise)    11    7683.23    17    7
(relay)    18    15    7703.24    7    7701.87    2    1
(advertise)    11    7705.24    15    7
(relay)    18    12    7724.26    7    7683.07    2    1
(advertise)    11    7727.46    12    7
(relay)    18    34    7867.47    7    7863.55    2    1
(advertise)    11    7867.67    34    7
(relay)    18    3    7898.68    7    7890.91    2    1
(advertise)    11    7898.88    3    7
(relay)    10    16    7922.1    7    7919.99    2    1
(advertise)    11    7922.3    16    7
(relay)    4    1    7949.11    7    7939.38    4    1
(advertise)    11    7949.31    1    7
(relay)    18    46    7975.32    7    7951.85    2    1
(advertise)    11    7975.52    46    7
(relay)    18    47    8012.14    8    8007.96    2    1
(advertise)    11    8012.34    47    8
(relay)    18    26    8035.35    8    8028.92    2    1
(advertise)    11    8035.55    26    8
(relay)    18    39    8058.36    8    8025.85    2    1
(advertise)    11    8058.76    39    8
(relay)    18    41    8078.57    9    8010.55    2    1
(advertise)    11    8080.57    41    9
(relay)    4    4    8151.79    8    8151.69    6    1
(advertise)    11    8151.99    4    8
(relay)    18    27    8175.2    8    8169.97    2    1
(advertise)    11    8175.8    27    8
(relay)    10    14    8195.81    8    8191.84    2    1
(relay)    18    20    8197.41    8    8155.39    4    2
(advertise)    11    8198.21    14    8
(relay)    12    19    8199.63    8    8194.19    4    2
(advertise)    11    8219.23    20    8
(advertise)    11    8241.64    19    8
(relay)    18    32    8301.85    8    8298.31    2    1
(advertise)    11    8302.05    32    8
(relay)    12    13    8338.27    8    8337.82    6    1
(advertise)    11    8338.47    13    8
(relay)    10    8    8363.08    8    8343.77    4    1
(advertise)    11    8363.68    8    8
(relay)    10    9    8384.49    8    8368.2    4    1
(advertise)    11    8386.89    9    8
(generate)    11    8392.5    [24]    8
(relay)    10    10    8406.72    8    8405.77    4    1
(relay)    10    2    8407.92    8    8385.65    4    2
(advertise)    11    8408.72    10    8
(advertise)    11    8432.13    2    8
(relay)    10    5    8453.14    8    8388.17    4    1
(advertise)    11    8455.34    5    8
(heartbeat)    24    2    8361.41    11    8474.96    3    3
(relay)    18    25    8476.36    8    8451.06    2    2
(advertise)    11    8477.96    24    2
(advertise)    11    8498.97    25    8
(relay)    4    0    8519.58    9    8431    117    1
(advertise)    11    8522.98    0    9
(relay)    18    18    8532.2    8    8532.1    4    1
(relay)    10    7    8542.4    8    8454.73    2    2
(advertise)    11    8544.0    18    8
(relay)    18    48    8563.21    8    8486.96    2    2
(advertise)    11    8566.21    7    8
(relay)    12    6    8576.42    9    8564    125    2
(advertise)    11    8588.22    48    8
(advertise)    11    8610.03    6    9
(relay)    12    33    8637.65    8    8634.43    2    1
(advertise)    11    8638.45    33    8
(relay)    10    17    8683.46    8    8681.01    2    1
(advertise)    11    8683.66    17    8
(relay)    18    12    8705.47    8    8683.14    2    1
(advertise)    11    8706.87    12    8
(relay)    18    34    8866.89    8    8863.57    2    1
(advertise)    11    8867.09    34    8
(relay)    10    3    8891.5    8    8890.98    4    1
(advertise)    11    8891.7    3    8
(relay)    10    16    8922.51    8    8920.12    2    1
(advertise)    11    8922.71    16    8
(relay)    10    1    8948.33    8    8939.47    4    1
(advertise)    11    8948.73    1    8
(relay)    18    46    8970.74    8    8951.9    2    1
(advertise)    11    8971.14    46    8
(relay)    18    47    9012.55    9    9008.02    2    1
(advertise)    11    9012.75    47    9
(relay)    18    26    9035.96    9    9029.01    2    1
(advertise)    11    9036.36    26    9
(relay)    18    39    9057.98    9    9025.89    2    1
(advertise)    11    9058.58    39    9
(relay)    4    4    9151.79    9    9151.71    6    1
(advertise)    11    9151.99    4    9
(relay)    12    20    9176.2    9    9155.58    4    1
(advertise)    11    9176.4    20    9
(relay)    12    19    9197.82    9    9194.36    4    1
(advertise)    11    9199.02    19    9
(relay)    18    14    9222.83    9    9191.88    2    1
(advertise)    11    9223.83    14    9
(relay)    18    32    9300.84    9    9298.4    2    1
(advertise)    11    9301.04    32    9
(relay)    12    13    9338.26    9    9337.88    6    1
(advertise)    11    9338.46    13    9
(relay)    10    8    9362.87    9    9343.82    4    1
(advertise)    11    9363.47    8    9
(relay)    10    9    9385.48    9    9368.36    4    1
(advertise)    11    9386.08    9    9
(generate)    11    9392.69    [24]    9
(relay)    10    2    9406.71    9    9385.69    4    1
(relay)    10    10    9407.91    9    9406.84    4    2
(advertise)    11    9408.11    2    9
(relay)    12    5    9410.52    9    9388.18    6    2
(advertise)    11    9429.52    10    9
(advertise)    11    9450.93    5    9
(relay)    18    25    9500.15    9    9451.1    2    1
(advertise)    11    9500.35    25    9
(relay)    4    0    9501.76    10    9431    123    1
(advertise)    11    9521.36    0    10
(relay)    12    48    9523.17    9    9486.97    2    1
(relay)    4    7    9524.77    9    9454.79    2    2
(relay)    18    18    9532.77    9    9532.27    4    3
(advertise)    11    9542.77    48    9
(advertise)    11    9564.79    7    9
(relay)    12    6    9567.4    10    9564    125    2
(advertise)    11    9587.6    18    9
(advertise)    11    9608.61    6    10
(relay)    18    21    9632.43    9    9506.03    2    1
(advertise)    11    9632.63    21    9
(relay)    10    22    9637.64    9    9609.09    2    1
(advertise)    11    9656.44    22    9
(relay)    18    17    9681.85    9    9681.03    2    1
(advertise)    11    9682.45    17    9
(relay)    18    12    9704.06    9    9683.19    4    1
(advertise)    11    9704.66    12    9
(relay)    18    15    9728.48    9    9702.23    2    1
(advertise)    11    9728.88    15    9
(relay)    18    34    9864.89    9    9863.58    2    1
(advertise)    11    9865.09    34    9
(relay)    10    3    9892.3    9    9891.07    4    1
(advertise)    11    9892.5    3    9
(relay)    10    16    9924.32    9    9920.27    2    1
(advertise)    11    9924.52    16    9
(relay)    4    1    9947.53    9    9939.54    4    1
(advertise)    11    9948.33    1    9
(relay)    18    46    9972.14    9    9951.94    2    1
(advertise)    11    9973.34    46    9
(relay)    12    47    10015.16    10    10008.11    2    1
(advertise)    11    10015.36    47    10
(relay)    18    26    10037.97    10    10029.04    2    1
(advertise)    11    10040.17    26    10
(relay)    18    41    10059.38    11    10011.68    2    1
(advertise)    11    10063.58    41    11
(relay)    18    39    10081.59    10    10026.11    2    1
(advertise)    11    10086.59    39    10
(relay)    4    4    10151.81    10    10151.72    6    1
(advertise)    11    10152.01    4    10
(relay)    18    20    10175.22    10    10155.59    4    1
(advertise)    11    10175.42    20    10
(relay)    18    19    10197.03    10    10194.37    4    1
(advertise)    11    10197.83    19    10
(relay)    18    27    10218.45    10    10170.09    2    1
(advertise)    11    10218.85    27    10
(relay)    10    14    10221.86    10    10191.9    2    1
(advertise)    11    10239.86    14    10
(relay)    18    32    10301.07    10    10298.56    2    1
(advertise)    11    10301.27    32    10
(relay)    12    13    10338.49    10    10337.97    6    1
(advertise)    11    10338.69    13    10
(relay)    10    8    10365.9    10    10343.91    4    1
(advertise)    11    10366.1    8    10
(relay)    10    9    10387.31    10    10368.53    4    1
(advertise)    11    10388.71    9    10
(relay)    4    2    10389.92    10    10385.71    4    1
(relay)    12    5    10391.12    10    10388.2    6    2
(generate)    11    10392.72    [24]    10
(relay)    10    10    10406.94    10    10406.91    4    3
(advertise)    11    10409.94    2    10
(advertise)    11    10431.15    5    10
(advertise)    11    10452.36    10    10
(relay)    10    0    10480.38    11    10431    123    1
(advertise)    11    10480.58    0    11
(relay)    18    25    10501.19    10    10451.21    2    1
(relay)    10    7    10501.59    10    10454.89    4    2
(advertise)    11    10504.19    25    10
(relay)    12    48    10523.2    10    10487.15    2    2
(advertise)    11    10526.8    7    10
(relay)    18    18    10532.82    10    10532.27    4    2
(advertise)    11    10549.62    48    10
(relay)    10    21    10551.03    10    10506.09    2    2
(relay)    12    6    10567.43    11    10564    125    3
(advertise)    11    10572.43    18    10
(advertise)    11    10593.84    21    10
(advertise)    11    10615.45    6    11
(relay)    12    33    10637.67    10    10634.59    2    1
(advertise)    11    10638.27    33    10
(relay)    10    17    10681.68    10    10681.12    2    1
(advertise)    11    10681.88    17    10
(relay)    12    12    10683.29    10    10683.26    6    1
(advertise)    11    10704.29    12    10
(relay)    18    15    10727.51    10    10702.23    2    1
(advertise)    11    10727.71    15    10
(relay)    12    34    10864.72    10    10863.6    2    1
(advertise)    11    10864.92    34    10
(relay)    10    3    10892.33    10    10891.14    4    1
(advertise)    11    10892.73    3    10
(relay)    18    16    10923.75    10    10920.41    2    1
(advertise)    11    10923.95    16    10
(relay)    10    1    10944.16    10    10939.63    4    1
(advertise)    11    10945.76    1    10
(relay)    18    47    11014.37    11    11008.18    2    1
(advertise)    11    11014.57    47    11
(relay)    18    26    11035.58    11    11029.11    2    1
(advertise)    11    11036.18    26    11
(relay)    18    39    11057.6    11    11026.26    2    1
(advertise)    11    11057.8    39    11
(relay)    12    41    11059.21    12    11011.74    2    1
(advertise)    11    11079.81    41    12
(relay)    4    4    11151.82    11    11151.74    6    1
(advertise)    11    11152.02    4    11
(relay)    12    20    11177.04    11    11155.79    4    1
(advertise)    11    11177.64    20    11
(relay)    12    19    11199.25    11    11194.56    4    1
(advertise)    11    11199.45    19    11
(relay)    12    27    11220.26    11    11170.15    2    1
(advertise)    11    11220.66    27    11
(relay)    18    32    11300.28    11    11298.71    2    1
(advertise)    11    11300.48    32    11
(relay)    12    13    11339.29    11    11338.07    6    1
(advertise)    11    11339.49    13    11
(relay)    10    8    11366.1    11    11343.98    4    1
(advertise)    11    11366.3    8    11
(relay)    10    9    11389.11    11    11368.69    4    1
(advertise)    11    11389.71    9    11
(relay)    12    5    11391.53    11    11388.21    6    1
(generate)    11    11392.73    [24]    11
(relay)    10    10    11406.94    11    11406.94    4    2
(relay)    10    2    11409.34    11    11385.74    4    3
(advertise)    11    11413.94    5    11
(advertise)    11    11436.35    10    11
(advertise)    11    11457.77    2    11
(relay)    18    25    11476.58    11    11451.29    2    1
(advertise)    11    11480.38    25    11
(relay)    12    48    11504.19    11    11487.35    2    1
(advertise)    11    11504.59    48    11
(relay)    18    18    11533.01    11    11532.45    4    1
(advertise)    11    11533.21    18    11
(relay)    12    6    11567.22    12    11564    125    1
(advertise)    11    11567.42    6    12
(relay)    18    21    11609.63    11    11506.15    2    1
(advertise)    11    11609.83    21    11
(relay)    18    22    11635.64    11    11609.25    2    1
(advertise)    11    11635.84    22    11
(relay)    10    17    11681.46    11    11681.15    2    1
(advertise)    11    11681.66    17    11
(relay)    12    12    11683.47    11    11683.32    6    1
(advertise)    11    11703.87    12    11
(relay)    18    15    11728.08    11    11702.23    2    1
(advertise)    11    11728.48    15    11
(relay)    12    34    11865.5    11    11863.62    2    1
(advertise)    11    11865.7    34    11
(relay)    10    3    11892.51    11    11891.19    4    1
(advertise)    11    11892.71    3    11
(relay)    18    16    11922.92    11    11920.55    2    1
(advertise)    11    11923.12    16    11
(relay)    4    1    11943.74    11    11939.73    4    1
(advertise)    11    11945.54    1    11
(relay)    18    26    12032.15    12    12029.13    2    1
(advertise)    11    12032.35    26    12
(relay)    18    39    12055.76    12    12026.27    2    1
(advertise)    11    12055.96    39    12
(relay)    12    41    12061.97    13    12012.64    2    1
(advertise)    11    12077.37    41    13
(relay)    4    4    12152.39    12    12151.93    6    1
(advertise)    11    12152.59    4    12
(relay)    12    20    12178.6    12    12156.0    4    1
(advertise)    11    12179.0    20    12
(relay)    12    19    12200.41    12    12194.56    4    1
(advertise)    11    12202.21    19    12
(relay)    12    27    12221.23    12    12170.23    2    1
(advertise)    11    12224.63    27    12
(relay)    18    32    12299.64    12    12298.86    2    1
(advertise)    11    12299.84    32    12
(relay)    12    13    12339.45    12    12338.16    6    1
(advertise)    11    12339.65    13    12
(relay)    10    8    12366.07    12    12344.04    4    1
(advertise)    11    12366.27    8    12
(relay)    10    9    12386.48    12    12368.87    4    1
(advertise)    11    12388.48    9    12
(relay)    12    5    12390.49    12    12388.22    6    1
(generate)    11    12392.89    [24]    12
(relay)    10    10    12407.1    12    12406.97    4    2
(advertise)    11    12409.5    5    12
(advertise)    11    12432.12    10    12
(relay)    18    25    12454.73    12    12451.39    2    1
(advertise)    11    12455.53    25    12
(heartbeat)    24    3    12361.43    11    12456.94    3    11
(relay)    18    40    12475.74    12    12433.83    2    2
(advertise)    11    12476.54    24    3
(relay)    18    48    12498.76    12    12487.51    2    2
(relay)    10    0    12498.96    13    12431    123    3
(advertise)    11    12500.36    40    12
(relay)    10    7    12521.97    12    12455.05    2    3
(advertise)    11    12522.57    48    12
(relay)    18    18    12533.18    12    12532.59    4    3
(advertise)    11    12546.38    0    13
(advertise)    11    12568.0    7    12
(relay)    10    21    12587.61    12    12506.21    2    2
(relay)    12    6    12587.81    13    12564    125    3
(advertise)    11    12591.41    18    12
(advertise)    11    12612.42    21    12
(advertise)    11    12634.83    6    13
(relay)    18    33    12639.65    12    12634.77    2    1
(advertise)    11    12656.85    33    12
(relay)    18    17    12682.26    12    12681.21    2    1
(advertise)    11    12682.46    17    12
(relay)    18    12    12705.47    12    12683.36    4    1
(advertise)    11    12705.67    12    12
(relay)    10    15    12707.69    12    12702.23    2    1
(advertise)    11    12726.69    15    12
(relay)    12    34    12867.1    12    12863.64    2    1
(advertise)    11    12867.3    34    12
(relay)    18    3    12895.91    12    12891.26    2    1
(advertise)    11    12896.11    3    12
(relay)    10    1    12942.73    12    12939.83    4    1
(advertise)    11    12942.93    1    12
(relay)    18    46    12967.14    12    12952.03    2    1
(advertise)    11    12967.54    46    12
(relay)    18    47    13011.95    13    13008.35    2    1
(advertise)    11    13012.15    47    13
(relay)    12    26    13033.76    13    13029.21    2    1
(advertise)    11    13034.56    26    13
(relay)    12    41    13056.18    14    13012.74    2    1
(advertise)    11    13056.58    41    14
(relay)    4    4    13152.59    13    13151.94    6    1
(advertise)    11    13152.79    4    13
(relay)    18    20    13178.2    13    13156.42    4    1
(advertise)    11    13178.4    20    13
(relay)    18    19    13200.02    13    13194.74    4    1
(relay)    10    14    13200.82    13    13191.96    2    2
(advertise)    11    13201.42    19    13
(relay)    18    27    13221.03    13    13170.32    2    2
(advertise)    11    13222.43    14    13
(advertise)    11    13245.44    27    13
(relay)    18    32    13300.06    13    13299.01    2    1
(advertise)    11    13300.26    32    13
(relay)    12    13    13339.47    13    13338.22    6    1
(advertise)    11    13339.67    13    13
(relay)    10    8    13366.08    13    13344.32    4    1
(advertise)    11    13366.48    8    13
(relay)    10    9    13387.49    13    13369.02    4    1
(advertise)    11    13389.49    9    13
(generate)    11    13392.91    [24]    13
(relay)    10    10    13407.52    13    13407.03    4    1
(advertise)    11    13410.92    10    13
(relay)    18    5    13432.73    13    13388.25    4    1
(advertise)    11    13432.93    5    13
(relay)    18    25    13477.55    13    13451.46    2    1
(advertise)    11    13477.75    25    13
(relay)    12    48    13491.56    13    13487.69    2    1
(advertise)    11    13498.96    48    13
(relay)    10    7    13501.77    13    13455.15    2    1
(advertise)    11    13520.97    7    13
(relay)    18    18    13533.79    13    13532.73    4    1
(advertise)    11    13542.59    18    13
(relay)    12    6    13567.4    14    13564    125    1
(advertise)    11    13568.4    6    14
(relay)    12    0    13591.61    14    13431    115    1
(advertise)    11    13592.21    0    14
(relay)    10    17    13682.62    13    13681.4    2    1
(advertise)    11    13682.82    17    13
(relay)    12    12    13684.04    13    13683.39    6    1
(advertise)    11    13703.84    12    13
(relay)    18    34    13867.25    13    13863.68    2    1
(advertise)    11    13867.45    34    13
(relay)    18    3    13902.26    13    13891.33    2    1
(advertise)    11    13902.46    3    13
(relay)    10    16    13921.88    13    13920.8    2    1
(advertise)    11    13925.88    16    13
(relay)    10    1    13944.09    13    13939.88    4    1
(advertise)    11    13947.89    1    13
(relay)    12    47    14010.1    14    14008.4    2    1
(advertise)    11    14010.3    47    14
(relay)    18    26    14031.12    14    14029.47    2    1
(advertise)    11    14031.72    26    14
(relay)    12    41    14056.93    15    14012.82    2    1
(advertise)    11    14057.13    41    15
(relay)    4    4    14152.74    14    14152.13    6    1
(advertise)    11    14152.94    4    14
(relay)    18    20    14179.55    14    14157.24    4    1
(advertise)    11    14180.55    20    14
(relay)    18    19    14200.57    14    14194.92    4    1
(advertise)    11    14203.37    19    14
(relay)    18    27    14223.18    14    14170.41    2    1
(advertise)    11    14226.78    27    14
(relay)    18    32    14300.19    14    14299.19    2    1
(advertise)    11    14300.39    32    14
(relay)    12    13    14340.61    14    14338.26    6    1
(advertise)    11    14340.81    13    14
(relay)    4    8    14368.22    14    14344.37    2    1
(advertise)    11    14368.42    8    14
(relay)    12    5    14388.63    14    14388.26    6    1
(relay)    10    9    14390.43    14    14369.16    4    2
(advertise)    11    14391.43    5    14
(generate)    11    14393.05    [24]    14
(relay)    10    10    14407.66    14    14407.07    4    2
(relay)    10    2    14412.06    14    14387.59    4    3
(advertise)    11    14412.46    9    14
(advertise)    11    14434.87    10    14
(advertise)    11    14456.68    2    14
(relay)    10    0    14477.5    15    14431    123    1
(relay)    18    25    14478.9    14    14451.54    2    2
(advertise)    11    14479.9    0    15
(relay)    10    7    14500.51    14    14455.22    2    2
(advertise)    11    14501.51    25    14
(advertise)    11    14524.32    7    14
(relay)    18    18    14533.94    14    14532.85    4    1
(relay)    18    48    14546.74    14    14487.7    2    2
(advertise)    11    14548.94    18    14
(advertise)    11    14570.35    48    14
(relay)    12    6    14571.56    15    14564    125    1
(advertise)    11    14592.16    6    15
(relay)    18    33    14637.38    14    14634.98    2    1
(advertise)    11    14637.58    33    14
(relay)    18    17    14682.59    14    14681.41    2    1
(advertise)    11    14682.79    17    14
(relay)    12    12    14684.0    14    14683.44    6    1
(advertise)    11    14705.0    12    14
(relay)    18    15    14727.61    14    14702.6    2    1
(advertise)    11    14727.81    15    14
(relay)    12    34    14867.83    14    14863.7    2    1
(advertise)    11    14868.03    34    14
(relay)    4    3    14892.64    14    14891.39    4    1
(advertise)    11    14893.04    3    14
(relay)    10    16    14921.85    14    14920.91    2    1
(advertise)    11    14922.05    16    14
(relay)    10    1    14945.87    14    14939.95    4    1
(advertise)    11    14946.07    1    14
(relay)    18    47    15010.28    15    15008.47    2    1
(advertise)    11    15010.48    47    15
(relay)    12    26    15032.89    15    15029.54    2    1
(advertise)    11    15035.29    26    15
(relay)    18    41    15078.51    16    15012.88    2    1
(advertise)    11    15078.71    41    16
(relay)    4    4    15153.32    15    15152.33    6    1
(advertise)    11    15153.52    4    15
(relay)    12    20    15179.53    15    15157.43    4    1
(advertise)    11    15179.73    20    15
(relay)    18    14    15201.34    15    15192.03    2    1
(advertise)    11    15201.94    14    15
(relay)    18    19    15224.36    15    15195.08    4    1
(relay)    12    27    15225.36    15    15170.48    2    2
(advertise)    11    15226.96    19    15
(advertise)    11    15248.57    27    15
(relay)    18    32    15301.38    15    15299.29    2    1
(advertise)    11    15301.58    32    15
(relay)    12    13    15340.6    15    15338.34    6    1
(advertise)    11    15340.8    13    15
(relay)    10    9    15370.01    15    15369.34    4    1
(advertise)    11    15370.21    9    15
(relay)    12    5    15392.62    15    15388.27    6    1
(advertise)    11    15393.02    5    15
(generate)    11    15394.24    [24]    15
(relay)    10    10    15407.65    15    15407.13    4    1
(advertise)    11    15416.45    10    15
(relay)    4    8    15460.26    15    15344.86    2    1
(advertise)    11    15460.46    8    15
(relay)    10    0    15475.27    16    15431    123    1
(relay)    18    25    15480.87    15    15451.61    2    2
(advertise)    11    15483.47    0    16
(relay)    10    7    15498.29    15    15455.28    4    2
(relay)    18    2    15503.09    15    15387.63    2    3
(advertise)    11    15505.69    25    15
(relay)    12    48    15507.7    15    15487.88    2    3
(advertise)    11    15528.9    7    15
(relay)    18    18    15534.11    15    15533.01    4    3
(advertise)    11    15553.71    2    15
(relay)    12    6    15565.13    16    15564    125    3
(advertise)    11    15576.33    48    15
(advertise)    11    15598.74    18    15
(advertise)    11    15620.95    6    16
(relay)    18    33    15638.97    15    15635.15    2    1
(advertise)    11    15642.37    33    15
(relay)    18    17    15682.98    15    15681.45    2    1
(advertise)    11    15683.18    17    15
(relay)    18    22    15704.79    15    15609.6    2    1
(advertise)    11    15704.99    22    15
(relay)    10    15    15707.8    15    15702.78    2    1
(advertise)    11    15726.8    15    15
(relay)    12    34    15869.62    15    15863.89    2    1
(advertise)    11    15869.82    34    15
(relay)    4    3    15892.63    15    15891.47    4    1
(advertise)    11    15892.83    3    15
(relay)    18    16    15922.24    15    15921.03    2    1
(advertise)    11    15922.44    16    15
(relay)    10    1    15946.26    15    15940.01    4    1
(advertise)    11    15947.06    1    15
(relay)    18    47    16010.67    16    16008.54    2    1
(advertise)    11    16010.87    47    16
(relay)    18    26    16034.08    16    16029.61    2    1
(advertise)    11    16034.68    26    16
(relay)    12    41    16058.5    17    16012.93    2    1
(advertise)    11    16058.7    41    17
(relay)    18    39    16079.31    16    16026.48    2    1
(advertise)    11    16079.91    39    16
(relay)    4    4    16153.52    16    16152.52    6    1
(advertise)    11    16153.72    4    16
(relay)    12    20    16178.53    16    16158.65    4    1
(advertise)    11    16179.13    20    16
(relay)    12    19    16200.35    16    16195.1    4    1
(advertise)    11    16201.55    19    16
(relay)    12    27    16222.56    16    16170.54    2    1
(advertise)    11    16224.36    27    16
(relay)    18    32    16301.57    16    16299.43    2    1
(advertise)    11    16301.77    32    16
(relay)    12    13    16340.59    16    16338.43    6    1
(advertise)    11    16340.79    13    16
(heartbeat)    24    4    16361.44    11    16365.6    3    11
(advertise)    11    16365.8    24    4
(relay)    4    8    16388.21    16    16344.89    2    1
(relay)    12    5    16390.01    16    16388.29    6    2
(advertise)    11    16390.21    8    16
(generate)    11    16394.43    [24]    16
(relay)    10    10    16408.24    16    16407.15    4    2
(advertise)    11    16413.24    5    16
(advertise)    11    16435.25    10    16
(relay)    4    9    16453.46    16    16369.47    2    1
(relay)    18    25    16455.46    16    16451.93    2    2
(advertise)    11    16457.66    9    16
(relay)    4    2    16476.28    16    16388.46    4    2
(advertise)    11    16479.48    25    16
(relay)    12    48    16496.69    16    16488.06    2    2
(advertise)    11    16500.69    2    16
(advertise)    11    16521.7    48    16
(relay)    4    0    16524.52    17    16431    123    1
(relay)    18    18    16533.32    16    16533.19    4    2
(relay)    10    7    16539.92    16    16455.31    2    3
(advertise)    11    16544.32    0    17
(advertise)    11    16565.93    18    16
(advertise)    11    16587.74    7    16
(relay)    12    33    16636.16    16    16635.33    2    1
(advertise)    11    16636.36    33    16
(relay)    12    12    16684.57    16    16683.56    6    1
(advertise)    11    16684.77    12    16
(relay)    10    15    16726.58    16    16702.94    2    1
(advertise)    11    16726.78    15    16
(relay)    18    34    16868.79    16    16863.93    2    1
(advertise)    11    16868.99    34    16
(relay)    18    3    16900.61    16    16891.55    2    1
(advertise)    11    16900.81    3    16
(relay)    10    16    16923.22    16    16921.18    2    1
(advertise)    11    16923.82    16    16
(relay)    10    1    16948.43    16    16940.09    4    1
(advertise)    11    16948.63    1    16
(relay)    18    46    16974.85    16    16952.14    2    1
(advertise)    11    16975.05    46    16
(relay)    12    47    17012.86    17    17008.6    2    1
(advertise)    11    17013.06    47    17
(relay)    18    26    17033.87    17    17029.69    2    1
(advertise)    11    17035.87    26    17
(relay)    18    39    17056.29    17    17026.67    2    1
(advertise)    11    17057.89    39    17
(relay)    12    41    17060.7    18    17013.03    2    1
(advertise)    11    17079.1    41    18
(relay)    4    4    17153.71    17    17152.72    6    1
(advertise)    11    17153.91    4    17
(relay)    12    20    17178.72    17    17158.68    4    1
(advertise)    11    17178.92    20    17
(relay)    18    19    17200.34    17    17195.26    4    1
(advertise)    11    17200.94    19    17
(relay)    10    14    17203.75    17    17192.1    2    1
(advertise)    11    17222.95    14    17
(relay)    18    32    17301.96    17    17299.55    2    1
(advertise)    11    17302.16    32    17
(relay)    12    13    17338.98    17    17338.49    6    1
(advertise)    11    17339.18    13    17
(relay)    10    8    17362.99    17    17344.96    4    1
(advertise)    11    17363.39    8    17
(relay)    10    9    17385.4    17    17369.66    4    1
(advertise)    11    17385.6    9    17
(generate)    11    17394.62    [24]    17
(relay)    10    2    17407.03    17    17388.48    4    1
(relay)    10    10    17408.23    17    17407.23    4    2
(advertise)    11    17409.23    2    17
(advertise)    11    17432.44    10    17
(relay)    18    5    17456.65    17    17388.31    4    1
(advertise)    11    17457.05    5    17
(relay)    10    0    17480.07    18    17431    123    1
(advertise)    11    17480.27    0    18
(relay)    18    25    17500.48    17    17451.95    2    1
(advertise)    11    17501.68    25    17
(relay)    18    40    17522.09    17    17434.03    2    1
(advertise)    11    17524.89    40    17
(relay)    18    18    17533.51    17    17533.32    4    1
(advertise)    11    17546.51    18    17
(relay)    18    48    17568.12    17    17488.07    2    1
(advertise)    11    17569.12    48    17
(relay)    12    6    17572.53    18    17564    125    1
(relay)    10    21    17589.73    17    17507.57    2    2
(advertise)    11    17591.13    6    18
(advertise)    11    17613.15    21    17
(relay)    18    17    17683.96    17    17681.6    2    1
(advertise)    11    17684.16    17    17
(relay)    18    15    17764.57    17    17703.12    2    1
(advertise)    11    17764.77    15    17
(relay)    18    3    17900.38    17    17891.62    2    1
(advertise)    11    17900.58    3    17
(relay)    10    16    17923.4    17    17921.31    2    1
(advertise)    11    17924.0    16    17
(relay)    10    1    17949.01    17    17940.17    4    1
(advertise)    11    17949.21    1    17
(relay)    12    47    18013.02    18    18008.66    2    1
(advertise)    11    18013.22    47    18
(relay)    18    26    18036.84    18    18029.77    2    1
(advertise)    11    18037.84    26    18
(relay)    4    4    18152.85    18    18152.73    6    1
(advertise)    11    18153.05    4    18
(relay)    12    20    18176.26    18    18158.68    4    1
(advertise)    11    18176.66    20    18
(relay)    12    19    18198.28    18    18195.44    4    1
(advertise)    11    18199.08    19    18
(relay)    12    27    18220.49    18    18170.72    2    1
(advertise)    11    18221.69    27    18
(relay)    18    14    18247.3    18    18192.13    2    1
(advertise)    11    18247.5    14    18
(relay)    18    32    18303.11    18    18299.66    2    1
(advertise)    11    18303.31    32    18
(relay)    12    13    18339.13    18    18338.55    6    1
(advertise)    11    18339.33    13    18
(relay)    10    8    18363.14    18    18345.04    4    1
(advertise)    11    18363.34    8    18
(relay)    10    9    18385.35    18    18369.8    4    1
(advertise)    11    18385.95    9    18
(generate)    11    18394.77    [24]    18
(relay)    10    2    18407.58    18    18388.7    4    1
(advertise)    11    18407.98    2    18
(relay)    12    5    18410.39    18    18388.33    6    1
(advertise)    11    18430.19    5    18
(relay)    4    10    18476.21    18    18407.69    2    1
(advertise)    11    18476.41    10    18
(relay)    10    0    18479.82    19    18431    123    1
(advertise)    11    18498.62    0    19
(relay)    10    7    18503.23    18    18455.5    4    1
(advertise)    11    18520.23    7    18
(relay)    18    18    18533.64    18    18533.48    4    1
(advertise)    11    18541.64    18    18
(relay)    12    6    18569.86    19    18564    125    1
(advertise)    11    18570.06    6    19
(relay)    18    21    18615.67    18    18507.65    2    1
(advertise)    11    18615.87    21    18
(relay)    18    33    18639.28    18    18635.61    2    1
(advertise)    11    18639.68    33    18
(relay)    10    17    18683.7    18    18681.63    2    1
(advertise)    11    18683.9    17    18
(relay)    10    15    18704.71    18    18703.28    2    1
(advertise)    11    18705.51    15    18
(relay)    18    34    18867.32    18    18863.96    2    1
(advertise)    11    18867.52    34    18
(relay)    10    3    18892.14    18    18891.7    4    1
(advertise)    11    18892.34    3    18
(relay)    10    16    18923.55    18    18921.43    2    1
(advertise)    11    18923.75    16    18
(relay)    4    1    18948.16    18    18940.21    4    1
(advertise)    11    18949.16    1    18
(relay)    18    46    18972.77    18    18952.19    2    1
(advertise)    11    18973.17    46    18
(relay)    18    47    19012.79    19    19008.75    2    1
(advertise)    11    19012.99    47    19
(relay)    18    26    19036.2    19    19029.85    2    1
(advertise)    11    19036.4    26    19
(relay)    12    41    19058.21    20    19013.78    2    1
(advertise)    11    19058.41    41    20
(relay)    4    4    19152.83    19    19152.74    6    1
(advertise)    11    19153.03    4    19
(relay)    10    20    19181.44    19    19158.69    2    1
(advertise)    11    19181.64    20    19
(relay)    18    19    19201.85    19    19195.61    4    1
(advertise)    11    19204.25    19    19
(relay)    12    27    19223.47    19    19170.8    2    1
(relay)    10    14    19225.87    19    19192.15    2    2
(advertise)    11    19226.27    27    19
(advertise)    11    19250.48    14    19
(relay)    18    32    19303.09    19    19299.79    2    1
(advertise)    11    19303.29    32    19
(relay)    12    13    19338.9    19    19338.61    6    1
(advertise)    11    19339.1    13    19
(relay)    10    8    19362.92    19    19345.1    4    1
(advertise)    11    19363.32    8    19
(relay)    10    9    19385.53    19    19369.95    4    1
(advertise)    11    19385.73    9    19
(generate)    11    19394.94    [24]    19
(relay)    4    5    19410.36    19    19388.34    6    1
(advertise)    11    19410.56    5    19
(relay)    18    25    19453.97    19    19452.06    2    1
(advertise)    11    19454.17    25    19
(relay)    4    10    19456.78    19    19408.75    2    1
(relay)    10    2    19476.18    19    19388.73    2    2
(relay)    18    40    19476.58    19    19434.15    2    3
(advertise)    11    19476.78    10    19
(advertise)    11    19499.8    2    19
(relay)    4    0    19501.21    20    19431    123    2
(relay)    12    48    19508.81    19    19488.26    2    3
(advertise)    11    19520.81    40    19
(relay)    10    7    19523.82    19    19455.6    2    3
(relay)    18    18    19534.22    19    19533.62    4    4
(advertise)    11    19543.42    0    20
(advertise)    11    19567.23    48    19
(advertise)    11    19591.45    7    19
(relay)    18    6    19611.26    20    19564    123    2
(advertise)    11    19614.06    18    19
(advertise)    11    19636.67    6    20
(relay)    12    33    19638.89    19    19635.8    2    1
(advertise)    11    19657.89    33    19
(relay)    12    12    19683.9    19    19683.76    6    1
(advertise)    11    19684.3    12    19
(relay)    18    34    19864.91    19    19863.96    2    1
(advertise)    11    19865.11    34    19
(relay)    18    3    19901.13    19    19891.76    2    1
(advertise)    11    19901.33    3    19
(relay)    10    16    19925.14    19    19921.56    2    1
(advertise)    11    19926.94    16    19
(relay)    4    1    19948.15    19    19940.26    4    1
(advertise)    11    19949.95    1    19
(relay)    12    47    20015.96    20    20008.85    2    1
(advertise)    11    20016.16    47    20
(relay)    18    26    20036.98    20    20029.91    2    1
(advertise)    11    20038.18    26    20
(relay)    18    41    20058.79    21    20013.86    2    1
(advertise)    11    20060.59    41    21
(relay)    18    39    20080.4    20    20027.01    2    1
(advertise)    11    20082.2    39    20
(relay)    4    4    20153.02    20    20152.92    6    1
(advertise)    11    20153.22    4    20
(relay)    12    20    20177.23    20    20158.7    4    1
(advertise)    11    20177.63    20    20
(relay)    12    19    20199.44    20    20195.8    4    1
(advertise)    11    20199.84    19    20
(relay)    12    27    20220.66    20    20170.87    2    1
(advertise)    11    20222.06    27    20
(relay)    10    14    20223.87    20    20192.16    2    1
(advertise)    11    20244.07    14    20
(relay)    18    32    20302.48    20    20299.93    2    1
(advertise)    11    20302.68    32    20
(relay)    12    13    20338.89    20    20338.65    6    1
(advertise)    11    20339.09    13    20
(relay)    10    8    20362.91    20    20345.16    4    1
(advertise)    11    20363.11    8    20
(heartbeat)    24    5    20361.45    11    20364.32    3    11
(advertise)    11    20384.92    24    5
(generate)    11    20395.13    [24]    20
(relay)    10    9    20406.35    20    20370.12    4    1
(advertise)    11    20407.15    9    20
(relay)    12    5    20409.16    20    20388.35    6    1
(advertise)    11    20428.96    5    20
(relay)    18    40    20463.97    20    20434.21    2    1
(advertise)    11    20464.17    40    20
(relay)    10    2    20472.79    20    20388.92    4    1
(relay)    18    25    20484.99    20    20452.12    2    2
(advertise)    11    20486.79    2    20
(relay)    10    0    20494.6    21    20431    123    2
(relay)    18    10    20505.8    20    20408.81    2    3
(advertise)    11    20507.8    25    20
(relay)    12    48    20522.01    20    20488.44    2    3
(relay)    10    7    20522.41    20    20456.48    4    4
(advertise)    11    20531.21    0    21
(relay)    18    18    20534.22    20    20533.77    4    4
(advertise)    11    20553.42    10    20
(relay)    12    6    20570.64    21    20564    125    4
(advertise)    11    20575.64    48    20
(advertise)    11    20597.45    7    20
(advertise)    11    20619.46    18    20
(advertise)    11    20642.08    6    21
(relay)    18    33    20645.29    20    20635.97    2    1
(advertise)    11    20666.09    33    20
(relay)    18    17    20682.1    20    20681.73    2    1
(relay)    12    12    20683.9    20    20683.85    6    2
(advertise)    11    20687.9    17    20
(advertise)    11    20709.12    12    20
(relay)    18    34    20865.13    20    20864.0    2    1
(advertise)    11    20865.33    34    20
(relay)    18    3    20901.74    20    20891.83    2    1
(advertise)    11    20901.94    3    20
(relay)    10    16    20925.55    20    20921.72    2    1
(advertise)    11    20925.95    16    20
(relay)    4    1    20945.97    20    20940.32    4    1
(advertise)    11    20948.97    1    20
(relay)    18    46    20972.58    20    20952.27    2    1
(advertise)    11    20972.98    46    20
(relay)    18    47    21014.99    21    21008.92    2    1
(advertise)    11    21015.19    47    21
(relay)    18    26    21035.41    21    21030.0    2    1
(advertise)    11    21037.21    26    21
(relay)    18    39    21057.02    21    21027.05    2    1
(advertise)    11    21058.22    39    21
(relay)    12    41    21060.03    22    21013.92    2    1
(advertise)    11    21081.23    41    22
(relay)    4    4    21153.45    21    21152.94    6    1
(advertise)    11    21153.65    4    21
(relay)    12    20    21178.66    21    21158.75    4    1
(advertise)    11    21179.06    20    21
(relay)    18    19    21200.47    21    21195.81    4    1
(advertise)    11    21200.67    19    21
(relay)    12    27    21222.28    21    21170.97    2    1
(advertise)    11    21222.88    27    21
(relay)    12    13    21340.1    21    21338.72    6    1
(advertise)    11    21340.3    13    21
(relay)    10    8    21368.11    21    21345.2    4    1
(advertise)    11    21368.51    8    21
(relay)    10    9    21390.32    21    21370.29    4    1
(advertise)    11    21390.72    9    21
(relay)    4    5    21392.14    21    21388.38    6    1
(generate)    11    21395.14    [24]    21
(relay)    10    10    21408.95    21    21408.87    4    2
(advertise)    11    21411.95    5    21
(advertise)    11    21433.16    10    21
(relay)    10    2    21435.38    21    21388.93    4    1
(advertise)    11    21455.38    2    21
(relay)    18    25    21481.19    21    21452.22    2    1
(advertise)    11    21481.39    25    21
(relay)    12    0    21487.2    22    21431    109    1
(advertise)    11    21504.0    0    22
(relay)    18    18    21534.41    21    21533.77    4    1
(advertise)    11    21534.61    18    21
(relay)    18    48    21553.63    21    21488.63    2    1
(advertise)    11    21556.03    48    21
(relay)    12    6    21580.84    22    21564    125    1
(advertise)    11    21581.04    6    22
(relay)    10    21    21604.85    21    21507.92    2    1
(advertise)    11    21606.05    21    21
(relay)    12    33    21643.67    21    21635.99    2    1
(advertise)    11    21643.87    33    21
(relay)    18    17    21682.08    21    21681.8    2    1
(advertise)    11    21682.28    17    21
(relay)    12    12    21684.09    21    21683.9    6    1
(advertise)    11    21703.49    12    21
(relay)    10    15    21726.91    21    21703.79    2    1
(advertise)    11    21727.11    15    21
(relay)    12    34    21865.52    21    21864.01    2    1
(advertise)    11    21865.72    34    21
(relay)    10    3    21893.13    21    21891.9    4    1
(advertise)    11    21893.33    3    21
(relay)    10    16    21925.34    21    21921.89    2    1
(advertise)    11    21925.54    16    21
(relay)    4    1    21946.36    21    21940.41    4    1
(advertise)    11    21947.36    1    21
(relay)    12    26    22034.97    22    22030.09    2    1
(advertise)    11    22035.17    26    22
(relay)    18    41    22059.38    23    22014.01    2    1
(advertise)    11    22059.58    41    23
(relay)    18    39    22081.4    22    22027.06    2    1
(advertise)    11    22082.0    39    22
(relay)    4    4    22153.41    22    22152.95    6    1
(advertise)    11    22153.61    4    22
(relay)    12    20    22179.22    22    22158.75    4    1
(advertise)    11    22179.42    20    22
(relay)    18    19    22201.24    22    22195.81    4    1
(advertise)    11    22202.04    19    22
(relay)    18    27    22222.45    22    22171.06    2    1
(advertise)    11    22223.25    27    22
(relay)    18    32    22300.86    22    22300.22    2    1
(advertise)    11    22301.06    32    22
(relay)    12    13    22340.27    22    22338.78    6    1
(advertise)    11    22340.47    13    22
(relay)    10    8    22366.89    22    22345.28    4    1
(advertise)    11    22367.09    8    22
(relay)    10    9    22387.3    22    22370.47    4    1
(advertise)    11    22388.1    9    22
(generate)    11    22395.31    [24]    22
(relay)    10    10    22409.13    22    22408.93    4    1
(advertise)    11    22411.33    10    22
(relay)    18    5    22437.54    22    22388.39    4    1
(advertise)    11    22437.94    5    22
(relay)    18    25    22460.75    22    22452.33    2    1
(advertise)    11    22461.35    25    22
(relay)    4    0    22479.37    23    22431    121    1
(advertise)    11    22483.57    0    23
(relay)    18    48    22507.98    22    22488.82    2    1
(advertise)    11    22508.58    48    22
(relay)    10    7    22522.19    22    22456.59    2    1
(advertise)    11    22529.79    7    22
(relay)    18    18    22535.0    22    22533.92    4    1
(advertise)    11    22552.0    18    22
(relay)    18    6    22591.42    23    22564    123    1
(advertise)    11    22591.62    6    23
(relay)    18    21    22638.43    22    22508.96    2    1
(advertise)    11    22638.63    21    22
(relay)    18    17    22682.64    22    22682.25    2    1
(advertise)    11    22682.84    17    22
(relay)    12    12    22684.46    22    22683.94    6    1
(advertise)    11    22706.46    12    22
(relay)    18    15    22727.87    22    22703.94    2    1
(advertise)    11    22730.47    15    22
(relay)    12    34    22867.88    22    22864.2    2    1
(advertise)    11    22868.08    34    22
(relay)    4    3    22893.7    22    22891.96    4    1
(advertise)    11    22894.5    3    22
(relay)    10    16    22923.71    22    22922.06    2    1
(advertise)    11    22924.11    16    22
(relay)    10    1    22946.32    22    22940.45    4    1
(advertise)    11    22946.72    1    22
(relay)    18    47    23012.53    23    23009.08    2    1
(advertise)    11    23012.73    47    23
(relay)    18    26    23035.35    23    23030.15    2    1
(advertise)    11    23035.55    26    23
(relay)    18    41    23056.76    24    23014.08    2    1
(advertise)    11    23059.36    41    24
(relay)    4    4    23153.57    23    23152.95    6    1
(advertise)    11    23153.77    4    23
(relay)    18    20    23179.99    23    23158.76    4    1
(advertise)    11    23180.19    20    23
(relay)    12    19    23201.2    23    23195.99    4    1
(relay)    18    27    23201.6    23    23171.13    2    2
(advertise)    11    23202.4    19    23
(advertise)    11    23224.41    27    23
(relay)    18    32    23301.23    23    23300.39    2    1
(advertise)    11    23301.43    32    23
(relay)    12    13    23340.24    23    23338.87    6    1
(advertise)    11    23340.44    13    23
(relay)    4    8    23368.45    23    23345.3    2    1
(advertise)    11    23368.65    8    23
(relay)    12    5    23388.86    23    23388.4    6    1
(advertise)    11    23390.06    5    23
(generate)    11    23395.48    [24]    23
(relay)    10    10    23409.49    23    23408.99    4    1
(advertise)    11    23413.29    10    23
(relay)    18    9    23414.5    23    23370.47    2    1
(advertise)    11    23435.1    9    23
(relay)    4    2    23456.12    23    23388.94    2    1
(advertise)    11    23456.92    2    23
(relay)    10    0    23458.13    24    23431    123    1
(relay)    18    25    23477.13    23    23452.42    2    2
(advertise)    11    23479.13    0    24
(relay)    10    7    23481.34    23    23456.62    4    2
(advertise)    11    23500.34    25    23
(relay)    12    48    23510.96    23    23488.82    2    2
(advertise)    11    23521.36    7    23
(relay)    10    21    23523.57    23    23509.04    2    2
(relay)    18    18    23534.97    23    23534.05    4    3
(advertise)    11    23543.77    48    23
(relay)    12    6    23564.78    24    23564    125    3
(advertise)    11    23566.78    21    23
(advertise)    11    23588.79    18    23
(advertise)    11    23610.01    6    24
(relay)    18    33    23639.22    23    23636.17    2    1
(advertise)    11    23639.42    33    23
(relay)    12    12    23684.63    23    23683.99    6    1
(advertise)    11    23684.83    12    23
(relay)    10    15    23729.85    23    23704.13    2    1
(advertise)    11    23730.05    15    23
(relay)    12    34    23867.86    23    23864.24    2    1
(advertise)    11    23868.06    34    23
(relay)    10    3    23894.07    23    23892.02    4    1
(advertise)    11    23894.27    3    23
(relay)    10    16    23922.89    23    23922.23    2    1
(advertise)    11    23923.29    16    23
(relay)    4    1    23946.3    23    23940.49    4    1
(advertise)    11    23947.3    1    23
(relay)    12    47    24010.91    24    24009.15    2    1
(advertise)    11    24011.11    47    24
(relay)    18    26    24032.52    24    24030.24    2    1
(advertise)    11    24034.32    26    24
(relay)    12    41    24056.94    25    24014.15    2    1
(advertise)    11    24057.74    41    25
(relay)    4    4    24153.75    24    24153.15    6    1
(advertise)    11    24153.95    4    24
(relay)    12    20    24179.36    24    24158.77    4    1
(advertise)    11    24180.16    20    24
(relay)    12    19    24200.38    24    24196.16    4    1
(advertise)    11    24203.18    19    24
(relay)    10    14    24204.59    24    24192.27    2    1
(advertise)    11    24225.79    14    24
(relay)    18    32    24301.6    24    24300.47    2    1
(advertise)    11    24301.8    32    24
(relay)    12    13    24341.22    24    24338.94    6    1
(advertise)    11    24341.42    13    24
(heartbeat)    24    6    24361.47    11    24367.03    3    11
(advertise)    11    24367.43    24    6
(relay)    12    5    24389.04    24    24388.42    6    1
(advertise)    11    24389.44    5    24
(generate)    11    24395.65    [24]    24
(relay)    10    10    24409.67    24    24409.07    4    1
(advertise)    11    24411.67    10    24
(relay)    10    8    24412.88    24    24346.31    4    1
(relay)    4    9    24413.08    24    24370.61    2    2
(advertise)    11    24435.08    8    24
(advertise)    11    24456.89    9    24
(relay)    18    25    24479.71    24    24452.46    2    1
(advertise)    11    24479.91    25    24
(relay)    10    2    24481.12    24    24389.13    4    1
(advertise)    11    24500.92    2    24
(relay)    18    0    24522.93    25    24431    115    1
(advertise)    11    24523.13    0    25
(relay)    18    18    24535.15    24    24534.17    4    1
(advertise)    11    24544.75    18    24
(relay)    18    48    24571.76    24    24488.83    2    1
(advertise)    11    24572.36    48    24
(relay)    10    21    24586.57    24    24509.14    2    1
(advertise)    11    24593.57    21    24
(relay)    18    33    24638.38    24    24636.36    2    1
(advertise)    11    24638.58    33    24
(relay)    10    6    24677.8    25    24564    109    1
(advertise)    11    24678.0    6    25
(relay)    18    17    24683.61    24    24682.36    2    1
(relay)    12    12    24684.61    24    24684.08    6    2
(advertise)    11    24699.01    17    24
(advertise)    11    24721.62    12    24
(relay)    18    15    24780.24    24    24704.32    2    1
(advertise)    11    24780.44    15    24
(relay)    4    3    24893.45    24    24892.12    4    1
(advertise)    11    24893.65    3    24
(relay)    10    16    24923.26    24    24922.4    2    1
(advertise)    11    24923.46    16    24
(relay)    10    1    24947.88    24    24940.52    4    1
(advertise)    11    24948.68    1    24
(relay)    12    47    25010.89    25    25009.24    2    1
(advertise)    11    25011.09    47    25
(relay)    12    26    25033.1    25    25030.31    2    1
(advertise)    11    25033.7    26    25
(relay)    18    39    25057.71    25    25027.43    2    1
(advertise)    11    25057.91    39    25
(relay)    12    41    25060.73    26    25014.24    2    1
(advertise)    11    25080.13    41    26
(relay)    4    4    25154.14    25    25153.17    6    1
(advertise)    11    25154.34    4    25
(relay)    12    20    25179.75    25    25159.2    4    1
(advertise)    11    25179.95    20    25
(relay)    12    19    25201.17    25    25196.31    4    1
(advertise)    11    25202.17    19    25
(relay)    12    27    25224.58    25    25171.29    2    1
(advertise)    11    25225.78    27    25
(relay)    10    14    25229.39    25    25192.32    2    1
(advertise)    11    25247.59    14    25
(relay)    18    32    25302.81    25    25300.66    2    1
(advertise)    11    25303.01    32    25
(relay)    12    13    25341.22    25    25339.04    6    1
(advertise)    11    25341.42    13    25
(relay)    4    8    25368.03    25    25346.49    2    1
(advertise)    11    25368.83    8    25
(relay)    12    5    25389.84    25    25388.44    6    1
(advertise)    11    25390.04    5    25
(relay)    10    9    25392.46    25    25370.62    4    1
(generate)    11    25395.66    [24]    25
(relay)    10    10    25409.67    25    25409.15    4    2
(advertise)    11    25411.27    9    25
(advertise)    11    25432.68    10    25
(relay)    10    2    25459.1    25    25389.39    4    1
(advertise)    11    25459.5    2    25
(relay)    18    25    25482.71    25    25452.52    2    1
(advertise)    11    25483.11    25    25
(relay)    12    0    25487.32    26    25431    111    1
(advertise)    11    25504.72    0    26
(relay)    12    48    25516.54    25    25488.84    2    1
(relay)    10    7    25524.14    25    25456.74    2    2
(advertise)    11    25526.34    48    25
(relay)    18    18    25535.35    25    25534.31    4    2
(advertise)    11    25547.55    7    25
(relay)    12    6    25565.16    26    25564    125    2
(advertise)    11    25568.76    18    25
(advertise)    11    25591.97    6    26
(relay)    18    17    25683.79    25    25682.46    2    1
(advertise)    11    25683.99    17    25
(relay)    18    12    25708.8    25    25684.15    2    1
(advertise)    11    25709.0    12    25
(relay)    18    21    25731.01    25    25509.21    2    1
(advertise)    11    25731.21    21    25
(relay)    18    15    25811.23    25    25704.5    2    1
(advertise)    11    25811.43    15    25
(relay)    12    34    25869.64    25    25864.3    2    1
(advertise)    11    25869.84    34    25
(relay)    18    16    25924.05    25    25922.57    2    1
(advertise)    11    25924.25    16    25
(relay)    10    1    25949.47    25    25940.6    4    1
(advertise)    11    25949.67    1    25
(relay)    18    47    26011.48    26    26009.3    2    1
(advertise)    11    26011.68    47    26
(relay)    12    26    26036.09    26    26030.36    2    1
(advertise)    11    26036.29    26    26
(relay)    18    39    26059.7    26    26027.6    2    1
(advertise)    11    26060.3    39    26
(relay)    4    4    26154.32    26    26153.37    6    1
(advertise)    11    26154.52    4    26
(relay)    18    20    26179.53    26    26159.4    4    1
(advertise)    11    26179.73    20    26
(relay)    12    19    26201.74    26    26196.5    4    1
(advertise)    11    26202.34    19    26
(relay)    12    27    26224.76    26    26171.35    2    1
(advertise)    11    26227.56    27    26
(relay)    18    32    26302.97    26    26300.77    2    1
(advertise)    11    26303.17    32    26
(relay)    12    13    26341.38    26    26339.1    6    1
(advertise)    11    26341.58    13    26
(relay)    10    8    26366.0    26    26346.54    2    1
(advertise)    11    26366.4    8    26
(relay)    18    9    26387.81    26    26370.79    2    1
(advertise)    11    26389.41    9    26
(relay)    4    5    26390.82    26    26388.46    6    1
(generate)    11    26395.82    [24]    26
(relay)    10    10    26409.83    26    26409.19    4    2
(advertise)    11    26411.03    5    26
(relay)    10    2    26412.85    26    26389.41    4    2
(advertise)    11    26434.45    10    26
(advertise)    11    26455.66    2    26
(relay)    18    25    26478.87    26    26452.64    2    1
(advertise)    11    26479.67    25    26
(relay)    12    0    26484.49    27    26431    109    1
(advertise)    11    26501.29    0    27
(relay)    12    48    26509.3    26    26489.01    2    1
(relay)    10    7    26523.1    26    26456.8    4    2
(advertise)    11    26524.3    48    26
(relay)    18    18    26534.51    26    26534.48    4    2
(advertise)    11    26545.71    7    26
(advertise)    11    26567.33    18    26
(relay)    18    6    26610.94    27    26564    121    1
(advertise)    11    26611.14    6    27
(relay)    18    21    26632.35    26    26509.28    2    1
(advertise)    11    26633.35    21    26
(relay)    18    33    26657.56    26    26636.69    2    1
(advertise)    11    26657.76    33    26
(relay)    12    12    26685.18    26    26684.21    6    1
(advertise)    11    26685.38    12    26
(relay)    10    15    26727.79    26    26704.66    2    1
(advertise)    11    26727.99    15    26
(relay)    12    34    26869.2    26    26864.32    2    1
(advertise)    11    26869.4    34    26
(relay)    18    3    26893.22    26    26892.27    2    1
(advertise)    11    26893.42    3    26
(relay)    18    16    26924.83    26    26922.69    2    1
(advertise)    11    26925.03    16    26
(relay)    10    1    26947.64    26    26940.64    4    1
(advertise)    11    26949.04    1    26
(relay)    18    46    26974.66    26    26952.48    2    1
(advertise)    11    26974.86    46    26
(relay)    12    47    27013.27    27    27009.37    2    1
(advertise)    11    27013.47    47    27
(relay)    12    26    27036.08    27    27030.38    2    1
(advertise)    11    27036.88    26    27
(relay)    12    41    27059.49    28    27014.39    2    1
(advertise)    11    27059.69    41    28
(relay)    4    4    27154.31    27    27153.39    6    1
(advertise)    11    27154.51    4    27
(relay)    18    20    27178.32    27    27159.59    4    1
(advertise)    11    27179.12    20    27
(relay)    18    19    27200.13    27    27196.51    4    1
(advertise)    11    27201.33    19    27
(relay)    18    27    27221.15    27    27171.42    2    1
(advertise)    11    27222.75    27    27
(relay)    10    14    27225.56    27    27192.38    2    1
(advertise)    11    27245.16    14    27
(relay)    18    32    27302.97    27    27300.92    2    1
(advertise)    11    27303.17    32    27
(relay)    12    13    27340.59    27    27339.16    6    1
(advertise)    11    27340.79    13    27
(relay)    10    8    27363.8    27    27346.56    4    1
(advertise)    11    27364.0    8    27
(relay)    10    9    27385.21    27    27370.93    4    1
(advertise)    11    27386.01    9    27
(generate)    11    27395.82    [24]    27
(relay)    10    2    27407.64    27    27389.43    4    1
(advertise)    11    27408.24    2    27
(relay)    10    10    27410.25    27    27409.26    4    1
(relay)    4    5    27410.85    27    27388.47    6    2
(advertise)    11    27430.25    10    27
(advertise)    11    27451.46    5    27
(relay)    18    40    27478.88    27    27434.54    2    1
(advertise)    11    27479.08    40    27
(relay)    4    0    27502.29    28    27431    123    1
(advertise)    11    27503.69    0    28
(relay)    10    7    27509.1    27    27456.86    4    1
(advertise)    11    27524.9    7    27
(relay)    10    21    27531.52    27    27509.35    2    1
(relay)    18    18    27534.72    27    27534.67    4    2
(advertise)    11    27546.92    21    27
(relay)    18    48    27548.33    27    27490.03    2    2
(advertise)    11    27568.73    18    27
(relay)    12    6    27571.74    28    27564    125    2
(advertise)    11    27591.74    48    27
(advertise)    11    27613.55    6    28
(relay)    10    17    27684.77    27    27682.64    2    1
(advertise)    11    27684.97    17    27
(relay)    18    12    27708.78    27    27684.31    2    1
(advertise)    11    27709.58    12    27
(relay)    18    15    27745.59    27    27704.85    2    1
(advertise)    11    27745.79    15    27
(relay)    18    34    27869.21    27    27864.35    2    1
(advertise)    11    27869.41    34    27
(relay)    10    3    27892.62    27    27892.34    4    1
(advertise)    11    27892.82    3    27
(relay)    10    16    27924.83    27    27922.81    2    1
(advertise)    11    27925.03    16    27
(relay)    10    1    27948.65    27    27940.66    4    1
(advertise)    11    27949.25    1    27
(relay)    12    47    28013.86    28    28009.48    2    1
(advertise)    11    28014.06    47    28
(relay)    18    26    28037.07    28    28030.44    2    1
(advertise)    11    28037.87    26    28
(relay)    12    41    28059.88    29    28014.66    2    1
(advertise)    11    28060.08    41    29
(relay)    18    39    28081.5    28    28027.94    2    1
(advertise)    11    28082.3    39    28
(relay)    4    4    28154.31    28    28153.39    6    1
(advertise)    11    28154.51    4    28
(relay)    12    20    28176.72    28    28159.62    4    1
(advertise)    11    28177.72    20    28
(relay)    18    27    28199.74    28    28171.47    2    1
(advertise)    11    28200.34    27    28
(relay)    18    19    28221.35    28    28196.51    4    1
(advertise)    11    28222.35    19    28
(relay)    18    32    28303.56    28    28301.04    2    1
(advertise)    11    28303.76    32    28
(relay)    12    13    28339.58    28    28339.23    6    1
(advertise)    11    28339.78    13    28
(heartbeat)    24    7    28361.48    11    28363.19    3    11
(advertise)    11    28363.59    24    7
(relay)    10    9    28386.6    28    28371.06    4    1
(advertise)    11    28387.0    9    28
(generate)    11    28396.21    [24]    28
(relay)    10    8    28408.63    28    28346.58    2    1
(relay)    10    10    28410.23    28    28409.31    4    2
(advertise)    11    28410.43    8    28
(relay)    4    5    28411.64    28    28388.48    6    2
(advertise)    11    28433.04    10    28
(relay)    10    2    28450.25    28    28389.45    4    2
(advertise)    11    28455.85    5    28
(relay)    18    40    28474.67    28    28434.62    2    2
(advertise)    11    28476.87    2    28
(advertise)    11    28498.48    40    28
(relay)    10    7    28519.69    28    28456.92    4    1
(advertise)    11    28520.69    7    28
(relay)    18    18    28534.91    28    28534.83    4    1
(advertise)    11    28542.71    18    28
(relay)    12    6    28566.52    29    28564    125    1
(advertise)    11    28566.72    6    29
(relay)    18    0    28609.53    29    28431    121    1
(advertise)    11    28609.73    0    29
(relay)    18    33    28677.94    28    28636.71    2    1
(advertise)    11    28678.14    33    28
(relay)    10    17    28683.96    28    28682.67    2    1
(relay)    12    12    28685.36    28    28684.39    6    2
(advertise)    11    28701.16    17    28
(relay)    10    15    28706.57    28    28705.03    2    2
(advertise)    11    28722.17    12    28
(advertise)    11    28744.18    15    28
(relay)    12    34    28867.4    28    28864.38    2    1
(advertise)    11    28867.6    34    28
(relay)    4    3    28893.21    28    28892.41    4    1
(advertise)    11    28894.21    3    28
(relay)    18    16    28925.22    28    28922.96    2    1
(advertise)    11    28925.42    16    28
(relay)    4    1    28950.04    28    28940.76    4    1
(advertise)    11    28950.24    1    28
(relay)    18    46    28988.65    28    28952.57    2    1
(advertise)    11    28988.85    46    28
(relay)    18    47    29015.06    29    29009.56    2    1
(advertise)    11    29015.26    47    29
(relay)    12    41    29058.87    30    29014.76    2    1
(advertise)    11    29059.07    41    30
(relay)    18    39    29080.49    29    29027.95    2    1
(advertise)    11    29081.69    39    29
(relay)    4    4    29153.5    29    29153.42    6    1
(advertise)    11    29153.7    4    29
(relay)    12    20    29176.31    29    29159.65    4    1
(advertise)    11    29177.31    20    29
(relay)    12    19    29198.33    29    29196.7    4    1
(advertise)    11    29200.13    19    29
(relay)    12    27    29222.54    29    29171.57    2    1
(advertise)    11    29223.14    27    29
(relay)    10    14    29224.55    29    29192.45    2    1
(advertise)    11    29245.15    14    29
(relay)    18    32    29304.77    29    29301.21    2    1
(advertise)    11    29304.97    32    29
(relay)    12    13    29339.58    29    29339.33    6    1
(advertise)    11    29339.78    13    29
(relay)    10    8    29364.39    29    29346.65    4    1
(advertise)    11    29364.59    8    29
(relay)    10    9    29386.4    29    29371.06    4    1
(advertise)    11    29386.6    9    29
(generate)    11    29396.22    [24]    29
(relay)    10    2    29431.03    29    29389.5    4    1
(advertise)    11    29431.23    2    29
(relay)    18    5    29432.84    29    29388.51    4    1
(advertise)    11    29453.24    5    29
(relay)    18    10    29454.46    29    29409.39    2    1
(advertise)    11    29475.66    10    29
(relay)    10    0    29481.47    30    29431    123    1
(advertise)    11    29497.07    0    30
(relay)    18    18    29535.08    29    29534.98    4    1
(advertise)    11    29535.28    18    29
(relay)    18    48    29562.3    29    29490.19    2    1
(advertise)    11    29562.5    48    29
(relay)    12    6    29566.91    30    29564    125    1
(advertise)    11    29586.71    6    30
(relay)    10    17    29684.12    29    29682.74    2    1
(advertise)    11    29684.32    17    29
(relay)    12    12    29685.53    29    29684.45    6    1
(advertise)    11    29705.53    12    29
(relay)    18    15    29707.15    29    29705.46    2    1
(advertise)    11    29726.55    15    29
(relay)    12    34    29867.16    29    29864.41    2    1
(advertise)    11    29867.36    34    29
(relay)    10    3    29893.57    29    29892.49    4    1
(advertise)    11    29894.37    3    29
(relay)    18    16    29925.59    29    29923.09    2    1
(advertise)    11    29925.79    16    29
(relay)    10    1    29949.4    29    29940.81    4    1
(advertise)    11    29949.6    1    29
(relay)    18    46    29974.61    29    29952.6    2    1
(advertise)    11    29975.01    46    29
