(relay)    33    41    26.6    1    9    125    1
(advertise)    26    31.8    41    1
(relay)    27    23    64.01    1    6    117    1
(advertise)    26    64.21    23    1
(relay)    19    0    437.63    1    431    120    1
(advertise)    26    437.83    0    1
(relay)    19    6    566.64    1    564    124    1
(advertise)    26    566.84    6    1
(relay)    25    23    1008.05    2    1006.05    123    1
(advertise)    26    1008.25    23    2
(generate)    26    1028.07    [24]    1
(relay)    33    47    1051.68    1    1007.05    123    1
(advertise)    26    1051.88    47    1
(relay)    33    41    1074.49    2    1009.47    125    1
(advertise)    26    1075.29    41    2
(relay)    33    39    1096.3    1    1025.07    125    1
(advertise)    26    1096.5    39    1
(relay)    33    31    1118.92    1    1057.09    123    1
(advertise)    26    1119.12    31    1
(relay)    25    4    1153.53    1    1150.12    124    1
(advertise)    26    1153.73    4    1
(relay)    27    27    1170.14    1    1169.14    127    1
(advertise)    26    1174.74    27    1
(relay)    27    20    1177.76    1    1154.54    126    1
(relay)    19    19    1193.16    1    1193.16    127    2
(advertise)    26    1197.96    20    1
(advertise)    26    1219.17    19    1
(relay)    19    14    1245.78    1    1191.16    120    1
(advertise)    26    1245.98    14    1
(relay)    19    32    1298.2    1    1297.2    124    1
(advertise)    26    1298.4    32    1
(relay)    27    13    1339.61    1    1337.01    125    1
(advertise)    26    1339.81    13    1
(relay)    33    35    1365.82    1    1338.01    121    1
(advertise)    26    1366.02    35    1
(relay)    25    8    1367.83    1    1343.02    122    1
(advertise)    26    1389.83    8    1
(relay)    25    9    1411.65    1    1367.02    123    1
(advertise)    26    1411.85    9    1
(relay)    25    11    1434.46    1    1392.05    125    1
(advertise)    26    1436.06    11    1
(relay)    25    25    1451.07    1    1450.07    127    1
(relay)    25    2    1457.47    1    1383.03    122    2
(advertise)    26    1457.87    25    1
(advertise)    26    1479.69    2    1
(relay)    25    5    1525.7    1    1388.0    123    1
(advertise)    26    1525.9    5    1
(relay)    19    18    1533.31    1    1531.13    126    1
(relay)    25    0    1546.71    2    1431    118    2
(advertise)    26    1548.31    18    1
(advertise)    26    1571.53    0    2
(relay)    19    6    1580.14    2    1564    124    1
(relay)    25    37    1591.54    1    1478.09    123    2
(advertise)    26    1592.74    6    2
(relay)    19    28    1604.55    1    1485.1    120    2
(advertise)    26    1615.15    37    1
(relay)    33    48    1617.96    1    1486.03    122    2
(relay)    19    10    1626.76    1    1405.05    110    3
(relay)    33    33    1634.16    1    1633.16    127    4
(relay)    25    45    1636.56    1    1512.11    123    5
(advertise)    26    1639.36    28    1
(advertise)    26    1661.58    48    1
(advertise)    26    1682.99    10    1
(relay)    25    42    1702.6    1    1461.09    120    3
(advertise)    26    1705.2    33    1
(relay)    33    38    1708.82    1    1617.18    124    3
(relay)    19    21    1714.42    1    1505.11    121    4
(advertise)    26    1728.22    45    1
(relay)    19    12    1735.03    1    1681.02    126    4
(advertise)    26    1749.23    42    1
(advertise)    26    1772.84    38    1
(relay)    33    44    1774.46    1    1690.02    120    3
(relay)    19    17    1779.66    1    1680.02    125    4
(advertise)    26    1795.26    21    1
(relay)    25    22    1812.07    1    1608.16    122    4
(advertise)    26    1818.87    12    1
(advertise)    26    1840.88    44    1
(advertise)    26    1862.29    17    1
(relay)    19    15    1868.51    1    1701.02    121    2
(relay)    27    34    1883.11    1    1862.91    126    3
(advertise)    26    1883.91    22    1
(relay)    25    30    1898.72    1    1801.08    124    3
(advertise)    26    1905.12    15    1
(advertise)    26    1926.13    34    1
(relay)    19    36    1932.75    1    1727.04    118    2
(advertise)    26    1948.95    30    1
(advertise)    26    1970.36    36    1
(relay)    25    43    1972.17    1    1818.09    121    1
(relay)    19    3    1977.77    1    1890.13    123    2
(advertise)    26    1992.57    43    1
(relay)    19    29    1998.99    1    1832.11    119    2
(advertise)    26    2013.79    3    1
(generate)    26    2028.2    [24]    2
(advertise)    26    2036.61    29    1
(relay)    19    1    2041.82    1    1938.11    121    1
(advertise)    26    2058.42    1    1
(relay)    27    41    2060.44    3    2009.57    125    1
(advertise)    26    2080.84    41    3
(relay)    25    39    2084.65    2    2025.2    125    1
(relay)    19    23    2086.65    3    2006.2    121    2
(relay)    33    46    2102.05    1    1951.16    124    3
(advertise)    26    2103.85    39    2
(advertise)    26    2125.26    23    3
(relay)    19    16    2129.08    1    1919.16    120    2
(relay)    27    47    2129.88    2    2007.19    123    3
(relay)    33    31    2145.08    2    2057.22    125    4
(advertise)    26    2146.68    46    1
(advertise)    26    2167.69    16    1
(relay)    27    27    2170.3    2    2169.28    127    3
(advertise)    26    2190.1    47    2
(relay)    19    19    2193.32    2    2193.3    127    3
(relay)    19    20    2194.92    2    2154.68    126    4
(advertise)    26    2212.92    31    2
(relay)    25    4    2219.73    2    2151.08    124    4
(advertise)    26    2235.93    27    2
(advertise)    26    2258.74    19    2
(advertise)    26    2280.75    20    2
(advertise)    26    2301.77    4    2
(relay)    19    14    2307.18    2    2191.32    120    1
(relay)    33    32    2311.58    2    2297.37    126    2
(advertise)    26    2323.58    14    2
(relay)    19    13    2343.79    2    2337.19    125    2
(advertise)    26    2346.79    32    2
(advertise)    26    2367.81    13    2
(relay)    19    11    2394.22    2    2392.22    125    1
(advertise)    26    2394.62    11    2
(relay)    19    5    2415.63    2    2388.01    125    1
(advertise)    26    2418.23    5    2
(relay)    19    9    2439.45    2    2367.21    123    1
(advertise)    26    2440.05    9    2
(relay)    25    25    2451.26    2    2450.26    127    1
(relay)    19    8    2461.26    2    2343.21    120    2
(advertise)    26    2462.06    25    2
(advertise)    26    2483.07    8    2
(relay)    33    40    2487.28    2    2433.03    126    1
(relay)    25    10    2503.28    2    2405.23    124    2
(advertise)    26    2504.08    40    2
(relay)    33    35    2508.7    2    2338.19    121    2
(advertise)    26    2526.5    10    2
(relay)    25    2    2546.71    2    2383.22    122    2
(advertise)    26    2548.51    35    2
(relay)    25    18    2567.72    2    2531.31    126    2
(advertise)    26    2570.52    2    2
(advertise)    26    2592.54    18    2
(relay)    33    48    2597.95    2    2486.18    124    1
(relay)    25    0    2613.95    3    2431    120    2
(advertise)    26    2614.95    48    2
(relay)    25    37    2635.96    2    2478.27    123    2
(advertise)    26    2638.56    0    3
(relay)    27    6    2644.77    3    2564    124    2
(advertise)    26    2659.97    37    2
(advertise)    26    2681.99    6    3
(relay)    19    7    2688.2    2    2453.24    121    1
(relay)    33    42    2688.6    2    2461.26    120    2
(advertise)    26    2704.4    7    2
(relay)    33    45    2711.01    2    2512.3    123    2
(relay)    27    33    2712.41    2    2633.35    125    3
(advertise)    26    2727.01    42    2
(relay)    19    12    2731.63    2    2681.19    126    3
(advertise)    26    2748.43    45    2
(relay)    25    17    2749.64    2    2680.19    125    3
(relay)    19    28    2753.04    2    2485.28    118    4
(advertise)    26    2770.64    33    2
(relay)    25    21    2774.05    2    2505.3    121    4
(advertise)    26    2792.65    12    2
(relay)    33    38    2799.67    2    2617.36    124    4
(advertise)    26    2814.87    17    2
(advertise)    26    2837.28    28    2
(advertise)    26    2859.29    21    2
(advertise)    26    2880.9    38    2
(relay)    33    44    2891.32    2    2690.2    122    1
(relay)    19    22    2895.12    2    2608.36    120    2
(advertise)    26    2902.92    44    2
(relay)    27    34    2908.73    2    2863.09    126    2
(advertise)    26    2925.33    22    2
(relay)    25    15    2926.54    2    2701.2    121    2
(advertise)    26    2946.34    34    2
(advertise)    26    2967.56    15    2
(relay)    25    36    2992.77    2    2727.23    122    1
(advertise)    26    2992.97    36    2
(relay)    27    3    2999.38    2    2890.3    121    1
(advertise)    26    3017.18    3    2
(relay)    33    46    3023.8    2    2951.34    124    1
(generate)    26    3028.4    [24]    3
(relay)    25    29    3037.61    2    2832.29    123    2
(advertise)    26    3040.41    46    2
(relay)    19    16    3044.62    2    2919.34    122    2
(advertise)    26    3061.62    29    2
(advertise)    26    3083.83    16    2
(relay)    27    41    3086.85    4    3009.77    125    1
(relay)    33    30    3090.25    2    2801.28    122    2
(advertise)    26    3106.25    41    4
(relay)    19    1    3116.26    2    2938.68    121    2
(advertise)    26    3127.46    30    2
(advertise)    26    3148.67    1    2
(relay)    25    39    3149.89    3    3025.4    125    1
(relay)    33    47    3156.69    3    3007.37    125    2
(relay)    27    27    3170.49    3    3169.47    127    3
(advertise)    26    3170.89    39    3
(advertise)    26    3192.1    47    3
(relay)    19    19    3193.51    3    3193.49    127    2
(relay)    25    43    3194.31    2    2818.28    121    3
(relay)    27    20    3199.31    3    3154.86    126    4
(relay)    19    23    3204.91    4    3006.4    123    5
(advertise)    26    3214.91    27    3
(advertise)    26    3237.33    19    3
(relay)    25    31    3239.14    3    3057.42    125    4
(advertise)    26    3260.54    43    2
(advertise)    26    3282.75    20    3
(relay)    25    4    3303.56    3    3151.25    124    3
(advertise)    26    3305.36    23    4
(relay)    25    14    3326.18    3    3191.5    122    3
(advertise)    26    3326.98    31    3
(advertise)    26    3349.59    4    3
(relay)    25    32    3369.6    3    3297.55    126    2
(advertise)    26    3371.2    14    3
(advertise)    26    3394.22    32    3
(relay)    27    13    3398.43    3    3337.38    125    1
(advertise)    26    3417.03    13    3
(relay)    25    9    3435.04    3    3367.39    123    1
(advertise)    26    3438.44    9    3
(relay)    25    25    3450.46    3    3450.44    127    1
(advertise)    26    3460.86    25    3
(relay)    33    35    3464.07    3    3338.39    121    1
(relay)    19    11    3477.47    3    3392.42    125    2
(advertise)    26    3483.07    35    3
(relay)    33    40    3485.88    3    3433.23    126    2
(relay)    19    8    3498.88    3    3343.39    122    3
(advertise)    26    3505.28    11    3
(relay)    19    5    3521.29    3    3388.03    125    3
(advertise)    26    3526.29    40    3
(advertise)    26    3547.71    8    3
(relay)    25    10    3567.72    3    3405.43    124    2
(advertise)    26    3569.92    5    3
(relay)    33    48    3572.93    3    3486.36    124    2
(relay)    25    18    3588.93    3    3531.49    126    3
(advertise)    26    3590.93    10    3
(relay)    25    37    3611.55    3    3478.47    123    3
(advertise)    26    3614.15    48    3
(relay)    33    33    3633.56    3    3633.55    127    3
(advertise)    26    3637.36    18    3
(relay)    27    6    3643.77    4    3564    124    3
(relay)    25    2    3653.97    3    3383.42    122    4
(advertise)    26    3658.57    37    3
(relay)    25    28    3676.99    3    3485.47    122    4
(advertise)    26    3681.59    33    3
(advertise)    26    3702.6    6    4
(relay)    33    45    3709.41    3    3512.48    123    3
(advertise)    26    3725.21    2    3
(advertise)    26    3746.62    28    3
(relay)    19    12    3763.04    3    3682.59    126    2
(relay)    25    0    3768.24    4    3431    120    3
(advertise)    26    3768.64    45    3
(relay)    33    42    3775.85    3    3461.46    120    3
(advertise)    26    3790.65    12    3
(relay)    19    7    3807.86    3    3453.44    121    3
(advertise)    26    3812.86    0    4
(relay)    33    38    3821.68    3    3617.56    124    3
(advertise)    26    3837.28    42    3
(relay)    25    17    3857.29    3    3680.39    125    3
(advertise)    26    3860.09    7    3
(relay)    33    21    3866.3    3    3505.48    121    3
(advertise)    26    3882.1    38    3
(advertise)    26    3904.12    17    3
(advertise)    26    3925.93    21    3
(relay)    33    34    3933.14    3    3863.29    126    1
(relay)    25    44    3946.14    3    3690.4    122    2
(advertise)    26    3947.94    34    3
(relay)    27    15    3954.95    3    3701.4    117    2
(relay)    25    22    3968.15    3    3608.56    122    3
(advertise)    26    3971.55    44    3
(advertise)    26    3993.57    15    3
(advertise)    26    4015.58    22    3
(generate)    26    4028.59    [24]    4
(relay)    25    3    4032.61    3    3890.49    123    1
(advertise)    26    4038.81    3    3
(relay)    33    46    4044.02    3    3951.54    124    1
(relay)    25    16    4055.02    3    3919.54    124    2
(advertise)    26    4061.42    46    3
(relay)    27    41    4066.23    5    4009.97    125    2
(relay)    33    36    4067.23    3    3727.42    122    3
(advertise)    26    4082.43    16    3
(advertise)    26    4105.85    41    5
(relay)    25    1    4120.46    3    3938.86    121    2
(relay)    19    30    4121.26    3    3801.45    122    3
(advertise)    26    4128.46    36    3
(relay)    27    47    4132.27    4    4007.57    123    3
(relay)    25    39    4144.87    4    4025.58    125    4
(advertise)    26    4152.07    1    3
(relay)    33    43    4157.88    3    3818.48    121    4
(relay)    27    27    4169.68    4    4169.67    127    5
(advertise)    26    4174.08    30    3
(relay)    19    19    4193.7    4    4193.68    127    5
(advertise)    26    4195.1    47    4
(relay)    25    29    4210.31    3    3832.49    117    5
(advertise)    26    4218.71    39    4
(relay)    27    20    4221.32    4    4155.06    126    5
(relay)    25    31    4233.52    4    4057.62    125    6
(advertise)    26    4243.12    43    3
(advertise)    26    4265.14    27    4
(advertise)    26    4286.95    19    4
(relay)    25    23    4300.36    5    4006.99    123    4
(advertise)    26    4309.56    29    3
(advertise)    26    4331.58    20    4
(relay)    25    4    4345.19    4    4151.45    124    3
(advertise)    26    4353.39    31    4
(advertise)    26    4375.6    23    5
(advertise)    26    4398.01    4    4
(relay)    33    14    4399.43    4    4191.68    120    1
(advertise)    26    4419.23    14    4
(relay)    33    32    4421.24    4    4297.75    126    1
(relay)    19    11    4434.04    4    4392.43    125    2
(heartbeat)    24    1    4361.4    26    4435.44    127    0
(advertise)    26    4440.84    32    4
(relay)    25    25    4450.65    4    4450.64    3    3
(relay)    19    13    4454.65    4    4337.58    125    4
(advertise)    26    4462.85    11    4
(relay)    25    35    4480.67    4    4338.58    121    4
(advertise)    26    4485.07    24    1
(relay)    25    10    4503.88    4    4405.63    124    4
(advertise)    26    4506.68    25    4
(relay)    33    40    4510.89    4    4433.43    126    4
(advertise)    26    4528.69    13    4
(advertise)    26    4549.71    35    4
(relay)    19    5    4565.92    4    4388.04    123    3
(advertise)    26    4573.72    10    4
(relay)    19    18    4588.93    4    4531.69    3    3
(advertise)    26    4596.53    40    4
(relay)    25    8    4612.14    4    4343.59    120    3
(advertise)    26    4619.94    5    4
(relay)    27    48    4621.36    4    4486.55    124    3
(relay)    19    9    4631.16    4    4367.59    123    4
(relay)    33    33    4633.76    4    4633.74    5    5
(advertise)    26    4642.96    18    4
(relay)    19    2    4653.37    4    4383.61    122    5
(advertise)    26    4665.17    8    4
(relay)    27    6    4666.38    5    4564    124    5
(relay)    25    37    4676.38    4    4478.65    1    6
(advertise)    26    4687.58    48    4
(relay)    25    45    4699.0    4    4512.68    1    6
(advertise)    26    4708.6    9    4
(advertise)    26    4729.81    33    4
(relay)    19    0    4744.02    5    4431    120    5
(advertise)    26    4752.02    2    4
(advertise)    26    4774.04    6    5
(relay)    33    42    4775.65    4    4461.61    120    2
(relay)    25    28    4789.05    4    4485.67    1    3
(relay)    19    12    4791.05    4    4682.78    5    4
(advertise)    26    4797.05    0    5
(relay)    25    17    4811.26    4    4680.58    1    4
(advertise)    26    4819.46    42    4
(advertise)    26    4841.47    12    4
(relay)    19    7    4859.29    4    4453.64    121    1
(advertise)    26    4863.09    7    4
(relay)    25    38    4901.1    4    4617.76    1    1
(relay)    19    22    4904.9    4    4608.76    1    1
(relay)    19    34    4929.5    4    4863.46    3    1
(advertise)    26    4929.7    34    4
(relay)    25    21    4945.31    4    4505.68    1    1
(relay)    19    3    4953.71    4    4890.69    1    1
(relay)    27    46    4971.71    4    4951.74    1    1
(relay)    19    16    4976.51    4    4919.74    1    1
(relay)    33    44    4997.11    4    4690.6    1    1
(relay)    27    47    5010.51    5    5007.77    3    1
(advertise)    26    5010.71    47    5
(generate)    26    5028.73    [24]    5
(relay)    25    30    5034.34    4    4801.65    1    1
(relay)    27    41    5055.34    6    5010.17    5    1
(advertise)    26    5055.54    41    6
(relay)    33    43    5068.95    4    4818.67    1    1
(relay)    27    39    5080.55    5    5025.78    1    1
(relay)    25    36    5099.15    4    4728.64    1    1
(relay)    27    20    5156.35    5    5155.14    5    1
(advertise)    26    5156.55    20    5
(relay)    27    27    5169.97    5    5169.79    5    1
(relay)    33    31    5175.17    5    5057.82    1    2
(advertise)    26    5177.97    27    5
(relay)    19    19    5194.38    5    5193.8    5    1
(advertise)    26    5199.18    19    5
(relay)    25    4    5210.79    5    5151.49    3    1
(advertise)    26    5220.99    4    5
(relay)    33    32    5299.0    5    5297.87    3    1
(advertise)    26    5299.2    32    5
(relay)    27    13    5340.02    5    5337.6    5    1
(advertise)    26    5340.22    13    5
(relay)    19    5    5390.23    5    5388.05    5    1
(advertise)    26    5390.43    5    5
(relay)    19    11    5413.44    5    5392.48    3    1
(advertise)    26    5413.64    11    5
(relay)    19    9    5434.66    5    5367.72    1    1
(relay)    33    40    5436.46    5    5433.46    3    1
(advertise)    26    5437.46    40    5
(relay)    25    25    5450.87    5    5450.83    3    1
(relay)    19    10    5456.07    5    5405.63    1    2
(advertise)    26    5459.67    25    5
(relay)    33    0    5480.48    6    5431    114    1
(advertise)    26    5482.48    0    6
(relay)    19    2    5500.7    5    5383.79    1    1
(relay)    33    48    5503.1    5    5486.73    5    1
(advertise)    26    5503.7    48    5
(relay)    33    42    5531.31    5    5461.79    1    1
(relay)    25    18    5550.11    5    5531.73    3    1
(advertise)    26    5550.31    18    5
(relay)    33    28    5552.92    5    5485.86    1    1
(relay)    19    7    5566.72    5    5453.68    1    1
(relay)    27    6    5576.52    6    5564    124    1
(advertise)    26    5577.32    6    6
(relay)    33    45    5598.13    5    5512.77    1    1
(relay)    33    33    5633.93    5    5633.9    5    1
(advertise)    26    5634.13    33    5
(relay)    33    38    5661.95    5    5617.81    1    1
(relay)    19    17    5684.15    5    5680.74    1    1
(relay)    27    12    5687.55    5    5682.95    3    1
(advertise)    26    5687.75    12    5
(relay)    33    44    5710.16    5    5690.79    1    1
(relay)    25    43    5827.76    5    5818.86    1    1
(relay)    25    34    5867.16    5    5863.51    3    1
(advertise)    26    5867.36    34    5
(relay)    19    3    5893.97    5    5890.8    1    1
(relay)    25    1    5946.97    5    5939.17    1    1
(relay)    33    46    5955.77    5    5951.8    3    1
(advertise)    26    5955.97    46    5
(relay)    33    47    6009.99    6    6007.84    5    1
(advertise)    26    6010.19    47    6
(generate)    26    6028.8    [24]    6
(relay)    33    41    6054.21    7    6010.24    5    1
(advertise)    26    6054.41    41    7
(relay)    25    31    6075.03    6    6057.96    1    1
(relay)    27    39    6080.63    6    6025.83    1    1
(relay)    33    4    6155.83    6    6151.5    1    1
(relay)    27    27    6170.03    6    6169.85    5    1
(advertise)    26    6170.23    27    6
(relay)    19    20    6177.64    6    6155.15    5    1
(advertise)    26    6193.24    20    6
(relay)    19    19    6194.45    6    6193.98    5    1
(advertise)    26    6215.25    19    6
(relay)    33    32    6299.26    6    6297.98    3    1
(advertise)    26    6299.46    32    6
(relay)    19    13    6339.08    6    6337.68    5    1
(advertise)    26    6339.28    13    6
(relay)    25    8    6364.89    6    6343.66    1    1
(relay)    25    9    6390.29    6    6367.9    1    1
(relay)    19    11    6413.49    6    6392.5    3    1
(advertise)    26    6413.69    11    6
(relay)    25    10    6433.7    6    6405.69    1    1
(relay)    27    40    6434.5    6    6433.5    3    1
(advertise)    26    6435.1    40    6
(relay)    19    5    6436.72    6    6388.06    5    1
(relay)    25    25    6450.92    6    6450.88    3    2
(advertise)    26    6456.52    5    6
(relay)    25    2    6476.73    6    6383.83    1    2
(advertise)    26    6478.33    25    6
(relay)    33    0    6503.74    7    6431    118    1
(advertise)    26    6503.94    0    7
(relay)    33    48    6524.16    6    6486.91    5    1
(advertise)    26    6525.96    48    6
(relay)    33    45    6546.57    6    6512.87    1    1
(relay)    25    18    6565.37    6    6531.91    3    1
(advertise)    26    6565.57    18    6
(relay)    19    7    6569.18    6    6453.77    1    1
(relay)    27    6    6589.58    7    6564    124    1
(advertise)    26    6589.98    6    7
(relay)    25    42    6609.39    6    6461.99    1    1
(relay)    33    37    6613.99    6    6478.98    1    1
(relay)    27    33    6635.79    6    6634.07    3    1
(advertise)    26    6635.99    33    6
(relay)    33    38    6661.81    6    6617.89    1    1
(relay)    25    22    6676.21    6    6608.86    1    1
(relay)    19    17    6684.21    6    6680.81    1    1
(relay)    27    12    6686.81    6    6683.01    3    1
(advertise)    26    6687.01    12    6
(relay)    33    44    6709.42    6    6690.83    1    1
(relay)    19    15    6730.42    6    6701.87    1    1
(relay)    33    36    6753.42    6    6728.71    1    1
(relay)    33    43    6828.22    6    6818.98    1    1
(relay)    27    34    6866.02    6    6863.54    5    1
(advertise)    26    6866.22    34    6
(relay)    19    3    6892.83    6    6890.87    1    1
(relay)    19    16    6922.83    6    6919.88    1    1
(relay)    19    1    6948.03    6    6939.29    1    1
(relay)    19    46    6971.43    6    6951.82    1    1
(relay)    33    47    7009.83    7    7007.91    5    1
(advertise)    26    7010.03    47    7
(generate)    26    7028.85    [24]    7
(relay)    33    41    7054.26    8    7010.27    5    1
(advertise)    26    7054.46    41    8
(relay)    33    39    7075.27    7    7025.85    3    1
(advertise)    26    7075.47    39    7
(relay)    33    31    7103.69    7    7058.06    1    1
(relay)    25    4    7153.89    7    7151.5    3    1
(advertise)    26    7154.09    4    7
(relay)    27    27    7170.1    7    7169.9    5    1
(relay)    19    20    7175.1    7    7155.37    5    2
(advertise)    26    7177.3    27    7
(relay)    19    19    7194.51    7    7194.0    5    2
(advertise)    26    7199.71    20    7
(advertise)    26    7220.92    19    7
(relay)    33    32    7299.54    7    7298.15    3    1
(advertise)    26    7299.74    32    7
(relay)    19    13    7338.35    7    7337.78    5    1
(advertise)    26    7338.55    13    7
(relay)    19    8    7364.36    7    7343.7    1    1
(relay)    25    9    7387.36    7    7368.06    1    1
(relay)    19    11    7410.76    7    7392.5    3    1
(advertise)    26    7410.96    11    7
(relay)    33    40    7434.18    7    7433.54    5    1
(advertise)    26    7434.38    40    7
(relay)    25    25    7450.99    7    7450.99    3    1
(relay)    19    5    7454.39    7    7388.08    1    2
(advertise)    26    7456.39    25    7
(relay)    25    37    7485.4    7    7479.15    1    1
(relay)    27    0    7501.6    8    7431    118    1
(advertise)    26    7501.8    0    8
(relay)    27    48    7525.02    7    7486.92    5    1
(advertise)    26    7525.42    48    7
(relay)    25    18    7549.23    7    7531.91    3    1
(advertise)    26    7549.43    18    7
(relay)    25    45    7573.04    7    7512.95    1    1
(relay)    27    6    7574.44    8    7564    124    1
(advertise)    26    7574.64    6    8
(relay)    25    28    7618.45    7    7485.92    1    1
(relay)    33    33    7634.85    7    7634.24    5    1
(advertise)    26    7635.05    33    7
(relay)    25    17    7683.47    7    7680.92    1    1
(relay)    27    12    7686.87    7    7683.07    3    1
(advertise)    26    7687.07    12    7
(relay)    25    38    7704.68    7    7617.97    1    1
(relay)    33    44    7710.88    7    7690.87    1    1
(relay)    19    15    7727.48    7    7701.87    1    1
(relay)    33    22    7734.48    7    7608.93    1    1
(relay)    33    30    7804.08    7    7802.02    1    1
(relay)    33    43    7829.28    7    7819.1    1    1
(relay)    27    34    7864.88    7    7863.55    5    1
(advertise)    26    7865.08    34    7
(relay)    19    16    7923.69    7    7919.99    1    1
(relay)    25    1    7951.09    7    7939.38    1    1
(relay)    33    46    7955.69    7    7951.85    3    1
(advertise)    26    7955.89    46    7
(relay)    33    47    8009.91    8    8007.96    5    1
(advertise)    26    8010.11    47    8
(generate)    26    8028.92    [24]    8
(relay)    33    41    8032.13    9    8010.55    5    1
(advertise)    26    8032.33    41    9
(relay)    25    39    8054.55    8    8025.85    3    1
(advertise)    26    8055.95    39    8
(relay)    33    31    8101.56    8    8058.11    1    1
(relay)    25    4    8152.56    8    8151.69    3    1
(advertise)    26    8152.76    4    8
(relay)    27    27    8170.17    8    8169.97    5    1
(advertise)    26    8173.77    27    8
(relay)    27    20    8177.38    8    8155.39    5    1
(relay)    19    19    8194.78    8    8194.19    5    2
(advertise)    26    8197.38    20    8
(advertise)    26    8219.6    19    8
(relay)    33    32    8300.41    8    8298.31    3    1
(advertise)    26    8300.61    32    8
(relay)    27    13    8338.42    8    8337.82    5    1
(advertise)    26    8338.62    13    8
(heartbeat)    24    2    8361.41    26    8363.04    2    2
(advertise)    26    8363.64    24    2
(relay)    19    9    8390.45    8    8368.2    1    1
(relay)    19    11    8412.25    8    8392.5    3    1
(advertise)    26    8412.45    11    8
(relay)    19    2    8433.66    8    8385.65    1    1
(relay)    25    10    8435.46    8    8405.77    1    1
(relay)    27    40    8435.66    8    8433.6    3    1
(advertise)    26    8436.26    40    8
(relay)    25    25    8451.68    8    8451.06    3    1
(advertise)    26    8458.48    25    8
(relay)    33    0    8480.89    9    8431    114    1
(advertise)    26    8481.09    0    9
(relay)    33    48    8501.9    8    8486.96    5    1
(advertise)    26    8503.5    48    8
(relay)    25    5    8521.51    8    8388.17    1    1
(relay)    33    42    8533.11    8    8462.19    1    1
(relay)    33    45    8556.31    8    8513.08    1    1
(relay)    25    18    8565.91    8    8532.1    3    1
(advertise)    26    8566.11    18    8
(relay)    27    6    8590.53    9    8564    124    1
(advertise)    26    8590.73    6    9
(relay)    33    33    8634.94    8    8634.43    5    1
(advertise)    26    8635.14    33    8
(relay)    25    38    8662.55    8    8618.07    1    1
(relay)    19    17    8683.35    8    8681.01    1    1
(relay)    27    12    8685.75    8    8683.14    3    1
(advertise)    26    8685.95    12    8
(relay)    33    44    8710.57    8    8690.95    1    1
(relay)    33    43    8831.77    8    8819.21    1    1
(relay)    19    34    8865.57    8    8863.57    3    1
(advertise)    26    8865.77    34    8
(relay)    25    3    8892.78    8    8890.98    1    1
(relay)    33    46    8953.98    8    8951.9    3    1
(advertise)    26    8954.18    46    8
(relay)    33    47    9009.99    9    9008.02    5    1
(advertise)    26    9010.19    47    9
(generate)    26    9029.01    [24]    9
(relay)    33    39    9055.62    9    9025.89    3    1
(advertise)    26    9055.82    39    9
(relay)    33    31    9078.23    9    9058.23    1    1
(relay)    19    4    9152.83    9    9151.71    3    1
(advertise)    26    9153.03    4    9
(relay)    27    27    9170.64    9    9170.03    5    1
(advertise)    26    9175.24    27    9
(relay)    19    19    9194.86    9    9194.36    5    1
(relay)    25    20    9198.06    9    9155.58    1    2
(advertise)    26    9198.26    19    9
(relay)    19    14    9223.07    9    9191.88    1    1
(relay)    25    32    9299.67    9    9298.4    3    1
(advertise)    26    9299.87    32    9
(relay)    27    13    9339.08    9    9337.88    5    1
(advertise)    26    9339.28    13    9
(relay)    19    8    9365.5    9    9343.82    1    1
(relay)    25    9    9389.5    9    9368.36    1    1
(relay)    25    11    9410.5    9    9392.69    3    1
(advertise)    26    9410.7    11    9
(relay)    19    5    9412.31    9    9388.18    5    1
(advertise)    26    9432.71    5    9
(relay)    25    25    9451.72    9    9451.1    3    1
(advertise)    26    9455.32    25    9
(relay)    19    2    9457.34    9    9385.69    1    1
(relay)    27    0    9478.54    10    9431    112    1
(advertise)    26    9479.54    0    10
(relay)    33    48    9499.75    9    9486.97    5    1
(relay)    19    10    9501.15    9    9406.84    1    2
(advertise)    26    9502.35    48    9
(relay)    33    37    9521.96    9    9479.17    1    1
(relay)    33    18    9548.36    9    9532.27    1    1
(relay)    25    7    9568.16    9    9454.79    1    1
(relay)    27    6    9568.96    10    9564    124    1
(advertise)    26    9569.16    6    10
(relay)    25    45    9588.37    9    9513.17    1    1
(relay)    33    28    9612.98    9    9485.99    1    1
(relay)    33    33    9635.18    9    9634.59    5    1
(advertise)    26    9635.38    33    9
(relay)    25    42    9655.19    9    9462.2    1    1
(relay)    33    38    9666.59    9    9618.38    1    1
(relay)    19    22    9680.99    9    9609.09    1    1
(relay)    27    12    9684.19    9    9683.19    3    1
(advertise)    26    9684.39    12    9
(relay)    33    21    9688.2    9    9506.03    1    1
(relay)    33    44    9718.2    9    9691.01    1    1
(relay)    25    17    9718.8    9    9681.03    1    1
(relay)    19    15    9729.8    9    9702.23    1    1
(relay)    33    30    9805.8    9    9802.36    1    1
(relay)    33    43    9831.8    9    9819.31    1    1
(relay)    19    34    9864.6    9    9863.58    3    1
(advertise)    26    9864.8    34    9
(relay)    25    3    9894.81    9    9891.07    1    1
(relay)    19    16    9925.41    9    9920.27    1    1
(relay)    19    1    9948.41    9    9939.54    1    1
(relay)    33    46    9953.41    9    9951.94    3    1
(advertise)    26    9953.61    46    9
(relay)    33    47    10011.63    10    10008.11    5    1
(advertise)    26    10011.83    47    10
(generate)    26    10029.04    [24]    10
(relay)    33    41    10056.45    11    10011.68    5    1
(advertise)    26    10056.65    41    11
(relay)    25    39    10058.67    10    10026.11    3    1
(advertise)    26    10077.67    39    10
(relay)    33    31    10102.88    10    10058.26    1    1
(relay)    25    4    10153.28    10    10151.72    3    1
(advertise)    26    10153.48    4    10
(relay)    27    27    10170.69    10    10170.09    5    1
(relay)    19    20    10174.49    10    10155.59    5    2
(advertise)    26    10175.09    27    10
(relay)    19    19    10195.31    10    10194.37    5    2
(advertise)    26    10196.51    20    10
(advertise)    26    10218.32    19    10
(relay)    25    32    10299.93    10    10298.56    3    1
(advertise)    26    10300.13    32    10
(relay)    27    13    10339.54    10    10337.97    5    1
(advertise)    26    10339.74    13    10
(relay)    33    35    10364.16    10    10339.1    1    1
(relay)    19    8    10369.16    10    10343.91    1    1
(relay)    25    9    10390.36    10    10368.53    1    1
(relay)    27    5    10393.96    10    10388.2    3    1
(advertise)    26    10394.16    5    10
(relay)    33    40    10434.97    10    10433.72    5    1
(advertise)    26    10435.17    40    10
(relay)    27    11    10436.98    10    10392.72    1    1
(relay)    25    25    10451.78    10    10451.21    3    1
(advertise)    26    10457.18    25    10
(relay)    19    2    10460.4    10    10385.71    1    1
(relay)    33    0    10483.8    11    10431    114    1
(advertise)    26    10484.0    0    11
(relay)    19    10    10505.01    10    10406.91    1    1
(relay)    33    48    10506.61    10    10487.15    5    1
(advertise)    26    10507.01    48    10
(relay)    33    45    10531.82    10    10513.28    1    1
(relay)    25    18    10555.82    10    10532.27    3    1
(advertise)    26    10556.02    18    10
(relay)    25    7    10578.04    10    10454.89    1    1
(relay)    27    6    10578.64    11    10564    124    1
(advertise)    26    10578.84    6    11
(relay)    33    38    10622.85    10    10618.43    1    1
(relay)    33    33    10635.05    10    10634.59    5    1
(advertise)    26    10635.25    33    10
(relay)    33    22    10666.86    10    10609.18    1    1
(relay)    19    17    10681.66    10    10681.12    1    1
(relay)    27    12    10684.66    10    10683.26    3    1
(advertise)    26    10684.86    12    10
(relay)    33    44    10712.67    10    10691.04    1    1
(relay)    19    15    10729.27    10    10702.23    1    1
(relay)    33    30    10806.27    10    10802.51    1    1
(relay)    25    43    10831.67    10    10819.41    1    1
(relay)    33    34    10863.87    10    10863.6    5    1
(advertise)    26    10864.07    34    10
(relay)    19    3    10894.69    10    10891.14    1    1
(relay)    25    16    10924.09    10    10920.41    1    1
(relay)    25    1    10945.49    10    10939.63    1    1
(relay)    33    46    10952.69    10    10951.96    3    1
(advertise)    26    10952.89    46    10
(relay)    33    47    11011.7    11    11008.18    5    1
(advertise)    26    11011.9    47    11
(generate)    26    11029.11    [24]    11
(relay)    33    41    11053.93    12    11011.74    5    1
(advertise)    26    11054.13    41    12
(relay)    25    39    11055.94    11    11026.26    3    1
(advertise)    26    11077.14    39    11
(relay)    25    31    11101.55    11    11058.29    1    1
(relay)    19    4    11153.75    11    11151.74    3    1
(advertise)    26    11153.95    4    11
(relay)    27    27    11170.77    11    11170.15    5    1
(advertise)    26    11175.97    27    11
(relay)    19    19    11195.58    11    11194.56    5    1
(advertise)    26    11199.38    19    11
(relay)    19    32    11299.59    11    11298.71    1    1
(relay)    27    13    11340.19    11    11338.07    5    1
(advertise)    26    11340.39    13    11
(relay)    33    35    11365.4    11    11339.17    1    1
(relay)    19    8    11370.0    11    11343.98    1    1
(relay)    19    9    11390.8    11    11368.69    1    1
(relay)    27    5    11392.6    11    11388.21    3    1
(advertise)    26    11392.8    5    11
(relay)    27    11    11416.62    11    11392.73    1    1
(relay)    33    40    11435.02    11    11433.77    5    1
(advertise)    26    11435.22    40    11
(relay)    25    25    11452.23    11    11451.29    3    1
(relay)    19    10    11457.83    11    11406.94    1    2
(advertise)    26    11458.03    25    11
(relay)    27    48    11488.44    11    11487.35    5    1
(advertise)    26    11488.64    48    11
(relay)    19    2    11521.66    11    11385.74    1    1
(relay)    33    37    11525.26    11    11479.53    1    1
(relay)    33    45    11548.06    11    11513.37    1    1
(relay)    19    18    11565.46    11    11532.45    3    1
(advertise)    26    11565.66    18    11
(relay)    33    42    11568.67    11    11462.24    1    1
(relay)    19    6    11586.67    12    11564    124    1
(advertise)    26    11587.67    6    12
(relay)    19    21    11611.48    11    11506.15    1    1
(relay)    33    33    11635.68    11    11634.75    5    1
(advertise)    26    11635.88    33    11
(relay)    25    22    11657.5    11    11609.25    1    1
(relay)    33    38    11663.9    11    11618.53    1    1
(relay)    19    17    11682.7    11    11681.15    1    1
(relay)    27    12    11684.9    11    11683.32    3    1
(advertise)    26    11685.1    12    11
(relay)    33    44    11710.91    11    11691.08    1    1
(relay)    19    15    11729.51    11    11702.23    1    1
(relay)    25    36    11766.31    11    11729.04    1    1
(relay)    33    30    11806.31    11    11802.68    1    1
(relay)    25    43    11831.71    11    11819.52    1    1
(relay)    33    29    11854.91    11    11833.59    1    1
(relay)    27    34    11864.51    11    11863.62    5    1
(advertise)    26    11864.71    34    11
(relay)    25    3    11899.32    11    11891.19    1    1
(relay)    19    16    11923.32    11    11920.55    1    1
(relay)    19    1    11946.92    11    11939.73    1    1
(relay)    33    46    11953.72    11    11951.98    3    1
(advertise)    26    11953.92    46    11
(relay)    25    47    12011.13    12    12008.26    1    1
(generate)    26    12029.13    [24]    12
(relay)    25    39    12053.15    12    12026.27    3    1
(advertise)    26    12053.35    39    12
(relay)    33    41    12055.96    13    12012.64    5    1
(advertise)    26    12075.76    41    13
(relay)    25    31    12101.17    12    12058.55    1    1
(relay)    25    4    12155.17    12    12151.93    3    1
(advertise)    26    12155.37    4    12
(relay)    27    27    12171.19    12    12170.23    5    1
(advertise)    26    12178.19    27    12
(relay)    25    20    12181.6    12    12156.0    3    1
(relay)    19    19    12195.6    12    12194.56    5    2
(advertise)    26    12199.8    20    12
(advertise)    26    12221.01    19    12
(relay)    33    32    12299.43    12    12298.86    3    1
(advertise)    26    12299.63    32    12
(relay)    27    13    12340.64    12    12338.16    5    1
(advertise)    26    12340.84    13    12
(heartbeat)    24    3    12361.43    26    12365.65    2    2
(advertise)    26    12366.05    24    3
(relay)    25    8    12388.26    12    12344.04    1    1
(relay)    27    5    12393.06    12    12388.22    3    1
(advertise)    26    12393.26    5    12
(relay)    27    11    12417.48    12    12392.89    1    1
(relay)    33    40    12435.48    12    12433.83    5    1
(advertise)    26    12435.68    40    12
(relay)    25    25    12452.49    12    12451.39    3    1
(relay)    19    10    12455.29    12    12406.97    1    2
(advertise)    26    12456.69    25    12
(relay)    33    48    12488.7    12    12487.51    5    1
(advertise)    26    12488.9    48    12
(relay)    33    42    12510.52    12    12462.42    1    1
(relay)    33    37    12532.32    12    12479.53    1    1
(relay)    25    18    12535.12    12    12532.59    3    1
(advertise)    26    12535.32    18    12
(relay)    33    0    12553.33    13    12431    114    1
(advertise)    26    12557.53    0    13
(relay)    19    6    12589.34    13    12564    124    1
(advertise)    26    12589.54    6    13
(relay)    33    45    12595.56    12    12513.48    1    1
(relay)    25    7    12601.16    12    12455.05    1    1
(relay)    33    33    12635.76    12    12634.77    5    1
(advertise)    26    12635.96    33    12
(relay)    33    38    12680.77    12    12618.62    1    1
(relay)    19    17    12683.37    12    12681.21    1    1
(relay)    27    12    12685.97    12    12683.36    3    1
(advertise)    26    12686.17    12    12
(relay)    33    44    12702.98    12    12691.14    1    1
(relay)    19    15    12729.38    12    12702.23    1    1
(relay)    33    36    12748.98    12    12729.12    1    1
(relay)    33    43    12829.98    12    12819.61    1    1
(relay)    25    1    12944.18    12    12939.83    1    1
(relay)    33    46    12954.78    12    12952.03    3    1
(advertise)    26    12954.98    46    12
(relay)    25    47    13009.79    13    13008.35    3    1
(advertise)    26    13009.99    47    13
(generate)    26    13029.21    [24]    13
(relay)    33    41    13052.82    14    13012.74    5    1
(advertise)    26    13053.02    41    14
(relay)    33    39    13076.43    13    13026.27    3    1
(advertise)    26    13076.63    39    13
(relay)    25    31    13099.45    13    13058.65    1    1
(relay)    27    4    13157.05    13    13151.94    1    1
(relay)    27    27    13171.25    13    13170.32    5    1
(advertise)    26    13171.45    27    13
(relay)    19    20    13176.66    13    13156.42    5    1
(advertise)    26    13194.06    20    13
(relay)    27    19    13218.07    13    13194.74    3    1
(advertise)    26    13219.47    19    13
(relay)    33    32    13299.49    13    13299.01    3    1
(advertise)    26    13299.69    32    13
(relay)    27    13    13341.1    13    13338.22    5    1
(advertise)    26    13341.3    13    13
(relay)    19    8    13367.51    13    13344.32    1    1
(relay)    19    9    13389.71    13    13369.02    1    1
(relay)    27    5    13391.71    13    13388.25    3    1
(advertise)    26    13391.91    5    13
(relay)    27    11    13416.72    13    13392.91    1    1
(relay)    33    40    13435.92    13    13433.85    5    1
(advertise)    26    13436.12    40    13
(relay)    25    25    13452.54    13    13451.46    3    1
(advertise)    26    13457.14    25    13
(relay)    19    10    13476.95    13    13407.03    1    1
(relay)    27    48    13490.75    13    13487.69    5    1
(advertise)    26    13490.95    48    13
(relay)    25    37    13524.36    13    13479.53    1    1
(relay)    19    7    13542.16    13    13455.15    1    1
(relay)    25    18    13547.56    13    13532.73    3    1
(advertise)    26    13547.76    18    13
(relay)    25    0    13568.18    14    13431    118    1
(relay)    33    45    13570.18    13    13513.58    1    2
(advertise)    26    13571.78    0    14
(relay)    25    42    13591.19    13    13463.63    1    1
(relay)    19    6    13610.79    14    13564    120    1
(advertise)    26    13610.99    6    14
(relay)    33    33    13636.0    13    13634.93    5    1
(advertise)    26    13636.4    33    13
(relay)    19    17    13683.42    13    13681.4    1    1
(relay)    27    12    13686.62    13    13683.39    3    1
(advertise)    26    13686.82    12    13
(relay)    33    38    13710.63    13    13619.1    1    1
(relay)    25    21    13726.63    13    13506.28    1    1
(relay)    33    44    13753.23    13    13691.18    1    1
(relay)    33    22    13776.23    13    13609.42    1    1
(relay)    33    30    13805.63    13    13802.84    1    1
(relay)    33    43    13830.03    13    13819.68    1    1
(relay)    33    34    13865.03    13    13863.68    5    1
(advertise)    26    13865.23    34    13
(relay)    25    3    13902.44    13    13891.33    1    1
(relay)    25    16    13924.04    13    13920.8    1    1
(relay)    19    1    13947.24    13    13939.88    1    1
(relay)    33    46    13954.84    13    13952.06    3    1
(advertise)    26    13955.04    46    13
(relay)    33    47    14009.05    14    14008.4    5    1
(advertise)    26    14009.25    47    14
(generate)    26    14029.47    [24]    14
(relay)    33    41    14054.08    15    14012.82    5    1
(advertise)    26    14054.28    41    15
(relay)    33    39    14077.89    14    14026.3    1    1
(relay)    25    31    14080.89    14    14058.71    1    1
(relay)    25    4    14155.89    14    14152.13    3    1
(advertise)    26    14156.09    4    14
(relay)    27    27    14171.51    14    14170.41    5    1
(relay)    19    20    14177.31    14    14157.24    5    2
(advertise)    26    14180.31    27    14
(relay)    19    19    14194.92    14    14194.92    5    2
(advertise)    26    14201.92    20    14
(advertise)    26    14222.93    19    14
(relay)    33    32    14299.95    14    14299.19    3    1
(advertise)    26    14300.15    32    14
(relay)    27    13    14341.56    14    14338.26    5    1
(advertise)    26    14341.76    13    14
(relay)    33    35    14344.97    14    14339.48    1    1
(relay)    19    5    14389.97    14    14388.26    5    1
(advertise)    26    14390.17    5    14
(relay)    25    11    14413.78    14    14393.05    3    1
(advertise)    26    14414.78    11    14
(relay)    25    9    14437.0    14    14369.16    1    1
(relay)    27    40    14439.6    14    14433.92    3    1
(advertise)    26    14440.0    40    14
(relay)    25    25    14451.61    14    14451.54    3    1
(relay)    25    0    14458.61    15    14431    118    2
(advertise)    26    14462.81    25    14
(relay)    19    10    14480.82    14    14407.07    1    2
(advertise)    26    14485.02    0    15
(relay)    33    48    14506.84    14    14487.7    5    1
(advertise)    26    14507.24    48    14
(relay)    25    42    14525.25    14    14463.66    1    1
(relay)    33    37    14531.05    14    14479.71    1    1
(relay)    19    2    14546.05    14    14387.59    1    1
(relay)    27    6    14571.25    15    14564    124    1
(advertise)    26    14571.45    6    15
(relay)    33    45    14573.46    14    14513.72    1    1
(relay)    25    18    14591.06    14    14532.85    3    1
(advertise)    26    14595.26    18    14
(relay)    33    33    14635.08    14    14634.98    5    1
(advertise)    26    14635.28    33    14
(relay)    19    17    14683.49    14    14681.41    1    1
(relay)    27    12    14686.69    14    14683.44    3    1
(advertise)    26    14686.89    12    14
(relay)    33    44    14710.9    14    14691.24    1    1
(relay)    25    15    14728.1    14    14702.6    1    1
(relay)    33    43    14822.1    14    14819.78    1    1
(relay)    25    30    14835.3    14    14803.01    1    1
(relay)    33    34    14865.1    14    14863.7    5    1
(advertise)    26    14865.3    34    14
(relay)    25    3    14895.51    14    14891.39    1    1
(relay)    19    16    14922.71    14    14920.91    1    1
(relay)    25    1    14948.11    14    14939.95    1    1
(relay)    33    46    14955.51    14    14952.08    3    1
(advertise)    26    14955.71    46    14
(relay)    33    47    15009.13    15    15008.47    5    1
(advertise)    26    15009.33    47    15
(generate)    26    15029.54    [24]    15
(relay)    25    39    15033.75    15    15026.3    3    1
(advertise)    26    15034.35    39    15
(relay)    25    41    15077.17    16    15012.88    3    1
(advertise)    26    15077.37    41    16
(relay)    33    31    15099.18    15    15058.78    1    1
(relay)    19    4    15156.78    15    15152.33    3    1
(advertise)    26    15156.98    4    15
(relay)    27    27    15170.59    15    15170.48    5    1
(advertise)    26    15179.39    27    15
(relay)    25    20    15180.61    15    15157.43    1    1
(relay)    19    19    15195.21    15    15195.08    5    1
(advertise)    26    15201.61    19    15
(relay)    25    14    15203.02    15    15192.03    1    1
(relay)    25    32    15300.82    15    15299.29    3    1
(advertise)    26    15301.02    32    15
(relay)    27    13    15340.63    15    15338.34    5    1
(advertise)    26    15340.83    13    15
(relay)    25    35    15363.04    15    15339.57    1    1
(relay)    19    9    15370.84    15    15369.34    1    1
(relay)    19    5    15393.44    15    15388.27    5    1
(advertise)    26    15393.64    5    15
(relay)    25    8    15408.46    15    15344.86    1    1
(relay)    19    11    15415.26    15    15394.24    3    1
(advertise)    26    15417.26    11    15
(relay)    19    10    15437.07    15    15407.13    1    1
(relay)    27    40    15441.47    15    15433.94    3    1
(advertise)    26    15442.27    40    15
(relay)    25    25    15451.68    15    15451.61    3    1
(advertise)    26    15464.88    25    15
(relay)    33    0    15485.9    16    15431    114    1
(advertise)    26    15486.5    0    16
(relay)    27    48    15491.91    15    15487.88    5    1
(advertise)    26    15507.91    48    15
(relay)    33    37    15533.12    15    15479.87    1    1
(relay)    25    2    15540.92    15    15387.63    1    1
(relay)    33    45    15554.52    15    15513.8    1    1
(relay)    27    6    15566.92    16    15564    124    1
(advertise)    26    15567.12    6    16
(relay)    19    7    15569.74    15    15455.28    1    1
(relay)    19    18    15593.14    15    15533.01    3    1
(advertise)    26    15593.34    18    15
(relay)    33    42    15599.55    15    15463.86    1    1
(relay)    33    33    15635.35    15    15635.15    5    1
(advertise)    26    15635.55    33    15
(relay)    33    38    15663.16    15    15619.27    1    1
(relay)    19    17    15684.56    15    15681.45    1    1
(relay)    27    12    15688.16    15    15683.5    3    1
(advertise)    26    15688.36    12    15
(relay)    19    22    15726.97    15    15609.6    1    1
(relay)    33    36    15731.37    15    15729.57    1    1
(relay)    19    15    15752.17    15    15702.78    1    1
(relay)    33    43    15828.97    15    15819.89    1    1
(relay)    19    34    15868.57    15    15863.89    3    1
(advertise)    26    15868.77    34    15
(relay)    19    3    15894.59    15    15891.47    1    1
(relay)    25    16    15923.39    15    15921.03    1    1
(relay)    25    1    15949.39    15    15940.01    1    1
(relay)    33    46    15956.59    15    15952.11    3    1
(advertise)    26    15956.79    46    15
(relay)    33    47    16009.4    16    16008.54    5    1
(advertise)    26    16009.6    47    16
(generate)    26    16029.61    [24]    16
(relay)    33    41    16053.43    17    16012.93    5    1
(advertise)    26    16053.63    41    17
(relay)    25    39    16057.44    16    16026.48    3    1
(advertise)    26    16075.64    39    16
(relay)    33    31    16097.45    16    16058.82    1    1
(relay)    25    4    16156.45    16    16152.52    3    1
(advertise)    26    16156.65    4    16
(relay)    27    27    16170.67    16    16170.54    5    1
(relay)    19    20    16178.47    16    16158.65    5    2
(advertise)    26    16180.07    27    16
(relay)    19    19    16195.68    16    16195.1    5    2
(advertise)    26    16203.28    20    16
(advertise)    26    16225.69    19    16
(relay)    33    32    16300.7    16    16299.43    3    1
(advertise)    26    16300.9    32    16
(relay)    33    13    16341.52    16    16338.43    3    1
(advertise)    26    16341.72    13    16
(heartbeat)    24    4    16361.44    26    16364.93    2    2
(advertise)    26    16365.13    24    4
(relay)    19    9    16390.54    16    16369.47    1    1
(relay)    27    5    16393.54    16    16388.29    3    1
(advertise)    26    16393.74    5    16
(relay)    27    11    16416.96    16    16394.43    1    1
(relay)    33    40    16435.16    16    16433.97    3    1
(advertise)    26    16435.36    40    16
(relay)    25    25    16451.97    16    16451.93    3    1
(relay)    25    10    16455.17    16    16407.15    1    2
(advertise)    26    16456.77    25    16
(relay)    33    42    16478.58    16    16463.91    1    1
(relay)    27    48    16494.38    16    16488.06    5    1
(advertise)    26    16494.58    48    16
(relay)    25    2    16498.6    16    16388.46    1    1
(relay)    33    37    16525.2    16    16480.06    1    1
(relay)    27    0    16546.2    17    16431    118    1
(advertise)    26    16546.4    0    17
(relay)    25    18    16565.81    16    16533.19    3    1
(advertise)    26    16568.81    18    16
(relay)    33    38    16621.62    16    16619.35    1    1
(relay)    33    33    16635.42    16    16635.33    5    1
(advertise)    26    16635.62    33    16
(relay)    33    21    16675.03    16    16507.5    1    1
(relay)    19    17    16684.83    16    16681.52    1    1
(relay)    27    12    16687.23    16    16683.56    3    1
(advertise)    26    16687.43    12    16
(relay)    33    44    16718.45    16    16691.3    1    1
(relay)    33    43    16829.25    16    16819.97    1    1
(relay)    27    34    16865.45    16    16863.93    5    1
(advertise)    26    16865.65    34    16
(relay)    25    1    16952.26    16    16940.09    1    1
(relay)    33    46    16955.86    16    16952.14    3    1
(advertise)    26    16956.06    46    16
(relay)    33    47    17010.67    17    17008.6    5    1
(advertise)    26    17010.87    47    17
(generate)    26    17029.69    [24]    17
(relay)    25    39    17054.5    17    17026.67    3    1
(advertise)    26    17054.7    39    17
(relay)    33    41    17056.51    18    17013.03    5    1
(advertise)    26    17075.71    41    18
(relay)    25    4    17155.53    17    17152.72    3    1
(advertise)    26    17155.73    4    17
(relay)    27    27    17170.74    17    17170.63    5    1
(relay)    27    20    17177.34    17    17158.68    5    2
(advertise)    26    17180.34    27    17
(relay)    19    19    17195.75    17    17195.26    5    2
(advertise)    26    17201.75    20    17
(advertise)    26    17222.96    19    17
(relay)    33    32    17300.78    17    17299.55    3    1
(advertise)    26    17300.98    32    17
(relay)    27    13    17339.19    17    17338.49    5    1
(advertise)    26    17339.39    13    17
(relay)    25    9    17388.6    17    17369.66    1    1
(relay)    19    5    17411.8    17    17388.31    5    1
(advertise)    26    17412.0    5    17
(relay)    19    11    17433.82    17    17394.62    3    1
(relay)    25    2    17434.42    17    17388.48    1    2
(advertise)    26    17436.02    11    17
(relay)    25    25    17452.03    17    17451.95    3    1
(relay)    25    40    17456.23    17    17434.03    3    2
(advertise)    26    17457.03    25    17
(advertise)    26    17478.64    40    17
(relay)    33    0    17480.26    18    17431    116    1
(advertise)    26    17501.86    0    18
(relay)    25    48    17525.67    17    17488.07    3    1
(advertise)    26    17525.87    48    17
(relay)    33    42    17531.48    17    17464.09    1    1
(relay)    19    18    17548.48    17    17533.32    3    1
(advertise)    26    17549.88    18    17
(relay)    19    6    17574.69    18    17564    124    1
(advertise)    26    17574.89    6    18
(relay)    33    45    17576.51    17    17514.4    1    1
(relay)    33    33    17636.11    17    17635.45    5    1
(advertise)    26    17636.31    33    17
(relay)    25    38    17668.92    17    17620.43    1    1
(relay)    19    17    17685.12    17    17681.6    1    1
(relay)    27    12    17687.12    17    17683.62    3    1
(advertise)    26    17687.32    12    17
(relay)    33    44    17712.33    17    17691.35    1    1
(relay)    33    43    17830.53    17    17820.07    1    1
(relay)    27    34    17865.13    17    17863.95    5    1
(advertise)    26    17865.33    34    17
(relay)    19    16    17926.35    17    17921.31    1    1
(relay)    25    1    17951.95    17    17940.17    1    1
(relay)    33    46    17955.75    17    17952.17    3    1
(advertise)    26    17955.95    46    17
(relay)    33    47    18010.76    18    18008.66    5    1
(advertise)    26    18010.96    47    18
(generate)    26    18029.77    [24]    18
(relay)    33    41    18054.19    19    18013.72    5    1
(advertise)    26    18054.39    41    19
(relay)    25    39    18058.8    18    18026.86    3    1
(advertise)    26    18075.4    39    18
(relay)    33    31    18101.21    18    18058.98    1    1
(relay)    25    4    18153.81    18    18152.73    3    1
(advertise)    26    18154.01    4    18
(relay)    27    27    18170.82    18    18170.72    5    1
(advertise)    26    18175.42    27    18
(relay)    27    20    18176.64    18    18158.68    5    1
(relay)    19    19    18196.04    18    18195.44    5    2
(advertise)    26    18197.64    20    18
(advertise)    26    18220.05    19    18
(relay)    19    14    18247.46    18    18192.13    1    1
(relay)    25    32    18302.06    18    18299.66    3    1
(advertise)    26    18302.26    32    18
(relay)    27    13    18339.88    18    18338.55    5    1
(advertise)    26    18340.08    13    18
(relay)    33    35    18364.09    18    18339.81    1    1
(relay)    19    8    18365.69    18    18345.04    1    1
(relay)    19    9    18389.09    18    18369.8    1    1
(relay)    25    11    18410.49    18    18394.77    3    1
(advertise)    26    18410.69    11    18
(relay)    19    2    18431.3    18    18388.7    1    1
(relay)    27    5    18434.5    18    18388.33    3    1
(advertise)    26    18434.7    5    18
(relay)    25    25    18452.52    18    18451.99    3    1
(advertise)    26    18458.32    25    18
(relay)    25    40    18475.73    18    18434.09    3    1
(advertise)    26    18481.73    40    18
(relay)    25    0    18499.14    19    18431    114    1
(advertise)    26    18504.34    0    19
(relay)    33    48    18507.55    18    18488.08    5    1
(advertise)    26    18525.35    48    18
(relay)    25    18    18542.77    18    18533.48    3    1
(advertise)    26    18547.77    18    18
(relay)    25    42    18567.78    18    18464.28    1    1
(relay)    27    6    18575.18    19    18564    124    1
(advertise)    26    18575.38    6    19
(relay)    25    28    18611.79    18    18486.4    1    1
(relay)    19    21    18615.99    18    18507.65    1    1
(relay)    33    33    18636.19    18    18635.61    5    1
(advertise)    26    18636.39    33    18
(relay)    25    17    18683.61    18    18681.63    1    1
(relay)    27    12    18685.61    18    18683.69    3    1
(advertise)    26    18685.81    12    18
(relay)    25    38    18706.82    18    18621.54    1    1
(relay)    33    44    18710.22    18    18691.37    1    1
(relay)    33    36    18766.02    18    18729.71    1    1
(relay)    33    43    18832.42    18    18820.13    1    1
(relay)    25    29    18855.62    18    18834.0    1    1
(relay)    27    34    18864.42    18    18863.96    5    1
(advertise)    26    18864.62    34    18
(relay)    19    3    18894.03    18    18891.7    1    1
(relay)    25    1    18951.63    18    18940.21    1    1
(relay)    27    46    18953.83    18    18952.19    1    1
(relay)    33    47    19010.63    19    19008.75    5    1
(advertise)    26    19010.83    47    19
(generate)    26    19029.85    [24]    19
(relay)    27    41    19056.06    20    19013.78    5    1
(advertise)    26    19056.26    41    20
(relay)    33    39    19078.07    19    19026.86    3    1
(advertise)    26    19079.27    39    19
(relay)    33    31    19102.08    19    19059.06    1    1
(relay)    25    4    19153.68    19    19152.74    3    1
(advertise)    26    19153.88    4    19
(relay)    27    27    19171.3    19    19170.8    5    1
(relay)    19    20    19176.7    19    19158.69    5    2
(advertise)    26    19177.3    27    19
(relay)    19    19    19196.71    19    19195.61    5    2
(advertise)    26    19200.11    20    19
(advertise)    26    19223.72    19    19
(relay)    25    32    19301.94    19    19299.79    3    1
(advertise)    26    19302.14    32    19
(relay)    19    13    19339.15    19    19338.61    5    1
(advertise)    26    19339.35    13    19
(relay)    19    8    19365.56    19    19345.1    1    1
(relay)    19    9    19389.76    19    19369.95    1    1
(relay)    33    5    19410.96    19    19388.34    1    1
(relay)    25    11    19412.36    19    19394.94    3    1
(advertise)    26    19412.56    11    19
(relay)    25    25    19452.58    19    19452.06    3    1
(advertise)    26    19452.78    25    19
(relay)    19    40    19478.19    19    19434.15    1    1
(relay)    25    37    19485.59    19    19480.46    1    1
(relay)    19    2    19500.59    19    19388.73    1    1
(relay)    27    48    19507.99    19    19488.26    5    1
(advertise)    26    19508.19    48    19
(relay)    19    18    19545.4    19    19533.62    3    1
(advertise)    26    19545.6    18    19
(relay)    19    7    19568.21    19    19455.6    1    1
(relay)    33    45    19571.01    19    19514.57    1    1
(relay)    27    6    19572.41    20    19564    124    1
(advertise)    26    19572.61    6    20
(relay)    19    0    19589.23    20    19431    120    1
(relay)    25    42    19593.43    19    19464.29    1    2
(advertise)    26    19593.83    0    20
(relay)    33    33    19636.44    19    19635.8    5    1
(advertise)    26    19636.64    33    19
(relay)    33    38    19637.85    19    19621.6    1    1
(relay)    19    17    19682.45    19    19681.69    1    1
(relay)    27    12    19684.85    19    19683.76    3    1
(advertise)    26    19685.05    12    19
(relay)    33    44    19709.27    19    19691.42    1    1
(relay)    33    43    19834.07    19    19820.24    1    1
(relay)    27    34    19864.27    19    19863.96    5    1
(advertise)    26    19864.47    34    19
(relay)    19    1    19951.08    19    19940.26    1    1
(relay)    33    46    19953.28    19    19952.24    3    1
(advertise)    26    19953.48    46    19
(relay)    33    47    20012.29    20    20008.85    5    1
(advertise)    26    20012.49    47    20
(generate)    26    20029.91    [24]    20
(relay)    33    41    20053.72    21    20013.86    5    1
(advertise)    26    20053.92    41    21
(relay)    25    39    20057.93    20    20027.01    3    1
(advertise)    26    20076.33    39    20
(relay)    25    31    20106.14    20    20059.12    1    1
(relay)    19    4    20154.34    20    20152.92    3    1
(advertise)    26    20154.54    4    20
(relay)    27    27    20171.36    20    20170.87    5    1
(advertise)    26    20175.56    27    20
(relay)    19    20    20177.77    20    20158.7    5    1
(relay)    19    19    20196.77    20    20195.8    5    2
(advertise)    26    20197.17    20    20
(advertise)    26    20219.18    19    20
(relay)    25    32    20301.2    20    20299.93    3    1
(advertise)    26    20301.4    32    20
(relay)    19    13    20340.21    20    20338.65    5    1
(advertise)    26    20340.41    13    20
(heartbeat)    24    5    20361.45    26    20363.62    2    2
(advertise)    26    20363.82    24    5
(relay)    25    11    20396.64    20    20395.13    3    1
(advertise)    26    20396.84    11    20
(relay)    27    5    20418.45    20    20388.35    3    1
(advertise)    26    20419.85    5    20
(relay)    33    40    20441.86    20    20434.21    5    1
(advertise)    26    20442.06    40    20
(relay)    25    25    20452.67    20    20452.12    3    1
(advertise)    26    20464.87    25    20
(relay)    19    9    20466.29    20    20370.12    1    1
(relay)    33    42    20485.29    20    20465.14    1    1
(relay)    27    48    20505.69    20    20488.44    5    1
(advertise)    26    20505.89    48    20
(relay)    19    2    20509.5    20    20388.92    1    1
(relay)    33    0    20529.7    21    20431    114    1
(advertise)    26    20530.1    0    21
(relay)    33    37    20568.71    20    20480.49    1    1
(relay)    27    6    20570.71    21    20564    124    1
(advertise)    26    20570.91    6    21
(relay)    19    18    20574.53    20    20533.77    3    1
(advertise)    26    20592.93    18    20
(relay)    19    7    20619.14    20    20456.48    1    1
(relay)    33    33    20636.94    20    20635.97    5    1
(advertise)    26    20637.14    33    20
(relay)    33    45    20639.55    20    20514.9    1    1
(relay)    33    21    20679.15    20    20507.83    1    1
(relay)    19    17    20682.55    20    20681.73    1    1
(relay)    27    12    20685.35    20    20683.85    3    1
(advertise)    26    20685.55    12    20
(relay)    33    44    20721.77    20    20691.49    1    1
(relay)    33    38    20744.17    20    20621.69    1    1
(relay)    19    15    20760.17    20    20703.61    1    1
(relay)    33    43    20833.57    20    20820.34    1    1
(relay)    33    34    20864.37    20    20864.0    5    1
(advertise)    26    20864.57    34    20
(relay)    19    3    20902.38    20    20891.83    1    1
(relay)    19    16    20926.58    20    20921.72    1    1
(relay)    19    1    20949.18    20    20940.32    1    1
(relay)    33    46    20953.38    20    20952.27    3    1
(advertise)    26    20953.58    46    20
(relay)    33    47    21012.39    21    21008.92    5    1
(advertise)    26    21012.59    47    21
(generate)    26    21030.0    [24]    21
(relay)    27    41    21055.02    22    21013.92    5    1
(advertise)    26    21055.22    41    22
(relay)    33    39    21056.43    21    21027.05    3    1
(advertise)    26    21078.63    39    21
(relay)    33    31    21103.24    21    21059.26    1    1
(relay)    19    4    21155.44    21    21152.94    3    1
(advertise)    26    21155.64    4    21
(relay)    27    27    21171.46    21    21170.97    5    1
(relay)    19    20    21178.06    21    21158.75    5    2
(advertise)    26    21178.86    27    21
(relay)    19    19    21196.87    21    21195.81    5    2
(advertise)    26    21200.07    20    21
(advertise)    26    21223.68    19    21
(relay)    19    14    21226.9    21    21192.18    1    1
(relay)    25    32    21300.5    21    21300.08    3    1
(advertise)    26    21300.7    32    21
(relay)    19    13    21340.71    21    21338.72    5    1
(advertise)    26    21340.91    13    21
(relay)    25    35    21366.92    21    21340.1    1    1
(relay)    19    8    21371.92    21    21345.2    1    1
(relay)    19    5    21392.92    21    21388.38    5    1
(advertise)    26    21393.12    5    21
(relay)    19    11    21417.33    21    21395.14    3    1
(advertise)    26    21417.93    11    21
(relay)    25    9    21433.55    21    21370.29    1    1
(relay)    19    10    21439.35    21    21408.87    1    1
(relay)    27    40    21441.15    21    21434.26    3    1
(advertise)    26    21442.55    40    21
(relay)    25    25    21453.16    21    21452.22    3    1
(advertise)    26    21463.56    25    21
(relay)    27    0    21485.97    22    21431    112    1
(advertise)    26    21486.57    0    22
(relay)    27    48    21507.59    21    21488.63    5    1
(advertise)    26    21508.99    48    21
(relay)    19    2    21529.6    21    21388.93    1    1
(relay)    33    37    21532.6    21    21480.51    1    1
(relay)    33    45    21555.0    21    21514.98    1    1
(relay)    19    18    21574.4    21    21533.77    3    1
(advertise)    26    21574.6    18    21
(relay)    33    42    21578.61    21    21465.32    1    1
(relay)    19    6    21597.01    22    21564    124    1
(advertise)    26    21597.81    6    22
(relay)    19    21    21619.03    21    21507.92    1    1
(relay)    33    33    21637.03    21    21635.99    5    1
(advertise)    26    21637.23    33    21
(relay)    19    17    21682.44    21    21681.8    1    1
(relay)    27    12    21686.04    21    21683.9    3    1
(advertise)    26    21686.24    12    21
(relay)    25    38    21693.25    21    21621.78    1    1
(relay)    33    44    21715.05    21    21691.54    1    1
(relay)    33    30    21808.25    21    21803.99    1    1
(relay)    25    43    21832.05    21    21820.44    1    1
(relay)    33    34    21864.85    21    21864.01    5    1
(advertise)    26    21865.05    34    21
(relay)    19    3    21896.06    21    21891.9    1    1
(relay)    25    16    21925.86    21    21921.89    1    1
(relay)    25    1    21950.26    21    21940.41    1    1
(relay)    33    46    21954.66    21    21952.31    3    1
(advertise)    26    21954.86    46    21
(relay)    27    47    22012.08    22    22009.02    3    1
(advertise)    26    22012.28    47    22
(generate)    26    22030.09    [24]    22
(relay)    33    41    22055.9    23    22014.01    5    1
(advertise)    26    22056.1    41    23
(relay)    27    39    22057.32    22    22027.06    1    1
(relay)    25    31    22102.12    22    22059.3    1    1
(relay)    25    4    22155.72    22    22152.95    3    1
(advertise)    26    22155.92    4    22
(relay)    27    27    22172.13    22    22171.06    5    1
(relay)    19    20    22178.73    22    22158.75    5    2
(advertise)    26    22179.53    27    22
(relay)    19    19    22195.94    22    22195.81    5    2
(advertise)    26    22201.74    20    22
(advertise)    26    22224.96    19    22
(relay)    25    32    22300.57    22    22300.22    3    1
(advertise)    26    22300.77    32    22
(relay)    27    13    22341.18    22    22338.78    5    1
(advertise)    26    22341.38    13    22
(relay)    33    35    22367.19    22    22340.2    1    1
(relay)    19    8    22370.39    22    22345.28    1    1
(relay)    25    9    22389.19    22    22370.47    1    1
(relay)    25    11    22412.79    22    22395.31    3    1
(advertise)    26    22412.99    11    22
(relay)    33    40    22436.21    22    22434.3    5    1
(advertise)    26    22436.41    40    22
(relay)    25    25    22453.42    22    22452.33    3    1
(advertise)    26    22458.22    25    22
(relay)    19    10    22461.03    22    22408.93    1    1
(relay)    33    0    22482.03    23    22431    112    1
(advertise)    26    22482.63    0    23
(relay)    27    48    22505.65    22    22488.82    5    1
(advertise)    26    22505.85    48    22
(relay)    33    37    22530.46    22    22480.68    1    1
(relay)    25    7    22532.06    22    22456.59    1    1
(relay)    33    42    22553.06    22    22465.49    1    1
(relay)    19    18    22568.86    22    22533.92    3    1
(advertise)    26    22569.06    18    22
(relay)    19    6    22591.47    23    22564    124    1
(advertise)    26    22592.67    6    23
(relay)    25    45    22619.89    22    22515.08    1    1
(relay)    33    33    22637.09    22    22636.15    5    1
(advertise)    26    22637.29    33    22
(relay)    33    21    22661.5    22    22508.96    1    1
(relay)    19    17    22683.9    22    22682.25    1    1
(relay)    33    38    22686.1    22    22621.85    1    1
(relay)    27    12    22686.7    22    22683.94    3    1
(advertise)    26    22686.9    12    22
(relay)    33    44    22733.31    22    22691.59    1    1
(relay)    33    36    22754.11    22    22730.42    1    1
(relay)    25    15    22772.51    22    22703.94    1    1
(relay)    33    30    22808.91    22    22804.14    1    1
(relay)    33    43    22831.31    22    22820.56    1    1
(relay)    33    29    22853.51    22    22834.39    1    1
(relay)    27    34    22865.51    22    22864.2    5    1
(advertise)    26    22865.71    34    22
(relay)    19    3    22898.32    22    22891.96    1    1
(relay)    19    16    22923.92    22    22922.06    1    1
(relay)    19    1    22948.52    22    22940.45    1    1
(relay)    33    46    22954.72    22    22952.34    3    1
(advertise)    26    22954.92    46    22
(relay)    25    47    23010.34    23    23009.08    3    1
(advertise)    26    23010.54    47    23
(generate)    26    23030.15    [24]    23
(relay)    27    41    23054.16    24    23014.08    5    1
(advertise)    26    23054.36    41    24
(relay)    33    39    23076.38    23    23027.25    3    1
(advertise)    26    23076.58    39    23
(relay)    33    31    23097.19    23    23059.37    1    1
(relay)    19    4    23156.19    23    23152.95    3    1
(advertise)    26    23156.39    4    23
(relay)    27    27    23172.2    23    23171.13    5    1
(advertise)    26    23177.8    27    23
(relay)    19    19    23196.02    23    23195.99    5    1
(advertise)    26    23199.82    19    23
(relay)    33    20    23201.43    23    23158.76    3    1
(advertise)    26    23222.03    20    23
(relay)    33    32    23300.64    23    23300.39    3    1
(advertise)    26    23300.84    32    23
(relay)    19    13    23341.85    23    23338.87    5    1
(advertise)    26    23342.05    13    23
(relay)    27    5    23390.07    23    23388.4    3    1
(advertise)    26    23390.27    5    23
(relay)    19    11    23414.68    23    23395.48    3    1
(advertise)    26    23415.08    11    23
(relay)    25    9    23416.29    23    23370.47    1    1
(relay)    19    10    23437.89    23    23408.99    1    1
(relay)    27    40    23439.89    23    23434.33    3    1
(advertise)    26    23440.09    40    23
(relay)    25    25    23453.51    23    23452.42    3    1
(advertise)    26    23462.11    25    23
(relay)    33    0    23482.92    24    23431    112    1
(advertise)    26    23483.72    0    24
(relay)    33    48    23507.73    23    23488.82    5    1
(advertise)    26    23508.53    48    23
(relay)    33    45    23534.95    23    23515.18    1    1
(relay)    25    18    23537.15    23    23534.05    3    1
(advertise)    26    23537.55    18    23
(relay)    19    7    23546.36    23    23456.62    1    1
(relay)    27    6    23565.56    24    23564    124    1
(advertise)    26    23565.76    6    24
(relay)    33    42    23604.17    23    23465.87    1    1
(relay)    33    33    23636.17    23    23636.17    5    1
(advertise)    26    23636.37    33    23
(relay)    33    38    23657.78    23    23621.91    1    1
(relay)    19    17    23684.38    23    23682.32    1    1
(relay)    27    12    23687.18    23    23683.99    3    1
(advertise)    26    23687.38    12    23
(relay)    33    44    23713.2    23    23691.63    1    1
(relay)    33    43    23832.2    23    23820.66    1    1
(relay)    33    34    23865.6    23    23864.24    5    1
(advertise)    26    23865.8    34    23
(relay)    19    3    23897.61    23    23892.02    1    1
(relay)    25    1    23949.41    23    23940.49    1    1
(relay)    33    46    23955.21    23    23952.37    3    1
(advertise)    26    23955.41    46    23
(relay)    33    47    24010.02    24    24009.15    5    1
(advertise)    26    24010.22    47    24
(generate)    26    24030.24    [24]    24
(relay)    33    41    24054.25    25    24014.15    5    1
(advertise)    26    24054.45    41    25
(relay)    33    39    24075.66    24    24027.41    3    1
(advertise)    26    24077.46    39    24
(relay)    33    31    24096.88    24    24059.43    1    1
(relay)    25    4    24156.88    24    24153.15    3    1
(advertise)    26    24157.08    4    24
(relay)    27    27    24172.29    24    24171.22    5    1
(advertise)    26    24179.29    27    24
(relay)    27    20    24180.7    24    24158.77    5    1
(relay)    19    19    24196.3    24    24196.16    5    2
(advertise)    26    24203.7    20    24
(advertise)    26    24227.31    19    24
(relay)    33    32    24301.33    24    24300.47    3    1
(advertise)    26    24301.53    32    24
(relay)    27    13    24341.74    24    24338.94    5    1
(advertise)    26    24341.94    13    24
(heartbeat)    24    6    24361.47    26    24364.95    2    2
(advertise)    26    24365.35    24    6
(relay)    19    5    24389.77    24    24388.42    5    1
(advertise)    26    24390.17    5    24
(relay)    27    11    24417.58    24    24395.65    1    1
(relay)    33    40    24436.78    24    24434.35    5    1
(advertise)    26    24436.98    40    24
(relay)    25    10    24439.19    24    24409.07    1    1
(relay)    25    25    24452.59    24    24452.46    3    1
(advertise)    26    24458.79    25    24
(relay)    19    8    24481.01    24    24346.31    1    1
(relay)    33    0    24481.41    25    24431    114    1
(advertise)    26    24481.81    0    25
(relay)    33    48    24502.82    24    24488.83    5    1
(advertise)    26    24503.82    48    24
(relay)    33    18    24537.03    24    24534.17    1    1
(relay)    19    2    24549.23    24    24389.13    1    1
(relay)    25    42    24559.63    24    24465.88    1    1
(relay)    33    45    24583.03    24    24515.31    1    1
(relay)    27    6    24595.03    25    24564    124    1
(advertise)    26    24595.23    6    25
(relay)    33    28    24631.44    24    24487.0    1    1
(relay)    33    33    24636.44    24    24636.36    5    1
(advertise)    26    24636.64    33    24
(relay)    33    21    24652.86    24    24509.14    1    1
(relay)    19    17    24684.26    24    24682.36    1    1
(relay)    27    12    24688.46    24    24684.08    3    1
(advertise)    26    24688.66    12    24
(relay)    33    44    24723.47    24    24691.68    1    1
(relay)    33    36    24753.67    24    24730.61    1    1
(relay)    25    38    24763.07    24    24622.02    1    1
(relay)    19    15    24781.47    24    24704.32    1    1
(relay)    33    43    24829.67    24    24820.76    1    1
(relay)    33    34    24865.67    24    24864.28    5    1
(advertise)    26    24865.87    34    24
(relay)    19    1    24950.28    24    24940.52    1    1
(relay)    33    46    24955.28    24    24952.43    3    1
(advertise)    26    24955.48    46    24
(relay)    33    47    25009.9    25    25009.24    5    1
(advertise)    26    25010.1    47    25
(generate)    26    25030.31    [24]    25
(relay)    27    41    25056.52    26    25014.24    5    1
(advertise)    26    25056.72    41    26
(relay)    27    39    25077.54    25    25027.43    1    1
(relay)    33    31    25100.14    25    25059.48    1    1
(relay)    25    4    25157.74    25    25153.17    3    1
(advertise)    26    25157.94    4    25
(relay)    27    27    25171.35    25    25171.29    5    1
(advertise)    26    25179.95    27    25
(relay)    19    19    25196.36    25    25196.31    5    1
(advertise)    26    25200.96    19    25
(relay)    25    32    25302.17    25    25300.66    3    1
(advertise)    26    25302.37    32    25
(relay)    27    13    25341.59    25    25339.04    5    1
(advertise)    26    25341.79    13    25
(relay)    19    5    25390.6    25    25388.44    5    1
(advertise)    26    25390.8    5    25
(relay)    19    11    25413.01    25    25395.66    3    1
(advertise)    26    25414.21    11    25
(relay)    19    10    25436.03    25    25409.15    1    1
(relay)    25    40    25437.83    25    25434.41    1    1
(relay)    25    25    25452.63    25    25452.52    3    1
(advertise)    26    25452.83    25    25
(relay)    19    9    25456.04    25    25370.62    1    1
(relay)    33    0    25482.44    26    25431    116    1
(advertise)    26    25482.84    0    26
(relay)    33    42    25504.65    25    25466.06    1    1
(relay)    27    48    25512.65    25    25488.84    5    1
(advertise)    26    25512.85    48    25
(relay)    19    2    25525.87    25    25389.39    1    1
(relay)    33    45    25552.67    25    25515.38    1    1
(relay)    27    6    25566.87    26    25564    124    1
(advertise)    26    25567.07    6    26
(relay)    25    37    25590.48    25    25482.28    1    1
(relay)    19    18    25592.48    25    25534.31    3    1
(advertise)    26    25593.08    18    25
(relay)    33    33    25636.69    25    25636.51    5    1
(advertise)    26    25636.89    33    25
(relay)    33    38    25658.7    25    25622.72    1    1
(relay)    19    17    25685.3    25    25682.46    1    1
(relay)    27    12    25688.7    25    25684.15    3    1
(advertise)    26    25688.9    12    25
(relay)    33    44    25704.12    25    25691.74    1    1
(relay)    19    21    25731.52    25    25509.21    1    1
(relay)    25    30    25805.72    25    25804.61    1    1
(relay)    19    15    25811.72    25    25704.5    1    1
(relay)    33    43    25831.32    25    25820.87    1    1
(relay)    33    29    25854.32    25    25834.76    1    1
(relay)    27    34    25866.52    25    25864.3    5    1
(advertise)    26    25866.72    34    25
(relay)    19    3    25900.73    25    25892.2    1    1
(relay)    19    16    25925.73    25    25922.57    1    1
(relay)    33    46    25956.73    25    25952.47    3    1
(advertise)    26    25956.93    46    25
(relay)    25    1    25959.94    25    25940.6    1    1
(relay)    33    47    26010.74    26    26009.3    5    1
(advertise)    26    26010.94    47    26
(generate)    26    26030.36    [24]    26
(relay)    33    41    26055.97    27    26014.29    5    1
(advertise)    26    26056.17    41    27
(relay)    25    39    26058.18    26    26027.6    3    1
(advertise)    26    26077.98    39    26
(relay)    25    31    26081.8    26    26059.51    1    1
(relay)    27    4    26157.4    26    26153.37    1    1
(relay)    27    27    26171.4    26    26171.35    5    1
(advertise)    26    26171.6    27    26
(relay)    19    20    26178.21    26    26159.4    5    1
(advertise)    26    26192.81    20    26
(relay)    19    19    26197.02    26    26196.5    5    1
(advertise)    26    26213.82    19    26
(relay)    19    32    26303.63    26    26300.77    1    1
(relay)    27    13    26340.63    26    26339.1    5    1
(advertise)    26    26340.83    13    26
(relay)    25    35    26342.25    26    26340.59    1    1
(relay)    25    9    26389.25    26    26370.79    1    1
(relay)    27    5    26392.65    26    26388.46    3    1
(advertise)    26    26392.85    5    26
(relay)    27    11    26417.06    26    26395.82    1    1
(relay)    25    25    26452.66    26    26452.64    3    1
(advertise)    26    26452.86    25    26
(relay)    25    10    26455.27    26    26409.19    1    1
(relay)    27    0    26476.87    27    26431    112    1
(advertise)    26    26477.07    0    27
(relay)    19    2    26499.49    26    26389.41    1    1
(relay)    27    48    26500.29    26    26489.01    5    1
(advertise)    26    26500.49    48    26
(relay)    33    42    26503.1    26    26466.08    1    1
(relay)    25    18    26543.5    26    26534.48    3    1
(advertise)    26    26543.7    18    26
(relay)    25    7    26565.71    26    26456.8    1    1
(relay)    33    45    26569.51    26    26515.65    1    1
(relay)    27    6    26570.71    27    26564    124    1
(advertise)    26    26570.91    6    27
(relay)    33    38    26623.73    26    26622.78    1    1
(relay)    19    21    26634.93    26    26509.28    1    1
(relay)    33    33    26636.73    26    26636.69    5    1
(advertise)    26    26636.93    33    26
(relay)    19    17    26685.94    26    26682.56    1    1
(relay)    27    12    26688.14    26    26684.21    3    1
(advertise)    26    26688.34    12    26
(relay)    33    44    26715.95    26    26691.79    1    1
(relay)    33    36    26744.15    26    26730.73    1    1
(relay)    33    30    26806.35    26    26804.75    1    1
(relay)    33    43    26831.75    26    26820.98    1    1
(relay)    33    29    26856.75    26    26834.77    1    1
(relay)    27    34    26865.55    26    26864.32    5    1
(advertise)    26    26865.75    34    26
(relay)    19    3    26894.56    26    26892.27    1    1
(relay)    19    16    26925.56    26    26922.69    1    1
(relay)    25    1    26951.16    26    26940.64    1    1
(relay)    27    46    26957.16    26    26952.48    1    1
(relay)    33    47    27010.96    27    27009.37    5    1
(advertise)    26    27011.16    47    27
(generate)    26    27030.38    [24]    27
(relay)    33    41    27054.99    28    27014.39    5    1
(advertise)    26    27055.19    41    28
(relay)    33    39    27076.4    27    27027.77    3    1
(advertise)    26    27077.4    39    27
(relay)    33    31    27100.22    27    27059.55    1    1
(relay)    25    4    27155.82    27    27153.39    1    1
(relay)    27    20    27159.82    27    27159.59    5    1
(advertise)    26    27160.02    20    27
(relay)    27    27    27171.43    27    27171.42    5    1
(advertise)    26    27181.03    27    27
(relay)    19    19    27197.04    27    27196.51    5    1
(advertise)    26    27202.84    19    27
(relay)    19    14    27244.26    27    27192.38    1    1
(relay)    19    32    27304.06    27    27300.92    1    1
(relay)    27    13    27339.86    27    27339.16    5    1
(advertise)    26    27340.06    13    27
(relay)    25    35    27363.87    27    27340.68    1    1
(relay)    19    8    27366.87    27    27346.56    1    1
(relay)    19    9    27391.07    27    27370.93    1    1
(relay)    19    11    27413.67    27    27395.82    3    1
(advertise)    26    27413.87    11    27
(relay)    19    2    27433.88    27    27389.43    1    1
(relay)    27    40    27436.08    27    27434.54    3    1
(advertise)    26    27436.68    40    27
(relay)    25    25    27453.29    27    27452.73    3    1
(relay)    19    5    27456.69    27    27388.47    3    2
(advertise)    26    27460.69    25    27
(relay)    33    0    27482.51    28    27431    114    2
(advertise)    26    27483.31    5    27
(advertise)    26    27505.52    0    28
(relay)    27    48    27513.13    27    27490.03    5    1
(relay)    33    42    27526.33    27    27467.08    1    2
(advertise)    26    27527.13    48    27
(relay)    25    37    27545.55    27    27482.5    1    1
(relay)    27    6    27567.35    28    27564    124    1
(advertise)    26    27567.55    6    28
(relay)    19    7    27569.56    27    27456.86    1    1
(relay)    19    18    27590.76    27    27534.67    3    1
(advertise)    26    27591.96    18    27
(relay)    33    45    27594.77    27    27515.74    1    1
(relay)    33    33    27637.17    27    27636.69    5    1
(advertise)    26    27637.37    33    27
(relay)    33    38    27662.39    27    27622.85    1    1
(relay)    19    17    27686.19    27    27682.64    1    1
(relay)    27    12    27687.99    27    27684.31    3    1
(advertise)    26    27688.19    12    27
(relay)    33    44    27710.4    27    27691.82    1    1
(relay)    19    15    27746.4    27    27704.85    1    1
(relay)    33    43    27834.4    27    27821.06    1    1
(relay)    27    34    27865.6    27    27864.35    5    1
(advertise)    26    27865.8    34    27
(relay)    19    3    27893.81    27    27892.34    1    1
(relay)    25    1    27952.81    27    27940.66    1    1
(relay)    33    46    27956.21    27    27952.52    3    1
(advertise)    26    27956.41    46    27
(relay)    33    47    28011.62    28    28009.48    5    1
(advertise)    26    28011.82    47    28
(generate)    26    28030.44    [24]    28
(relay)    27    41    28036.45    29    28014.66    5    1
(advertise)    26    28036.85    41    29
(relay)    33    39    28054.26    28    28027.94    3    1
(advertise)    26    28060.86    39    28
(relay)    33    31    28099.68    28    28059.61    1    1
(relay)    25    4    28155.28    28    28153.39    3    1
(advertise)    26    28155.48    4    28
(relay)    19    20    28159.89    28    28159.62    5    1
(relay)    27    27    28172.09    28    28171.47    5    2
(advertise)    26    28177.09    20    28
(relay)    19    19    28197.1    28    28196.51    5    2
(advertise)    26    28198.3    27    28
(advertise)    26    28219.32    19    28
(relay)    33    32    28302.73    28    28301.04    3    1
(advertise)    26    28302.93    32    28
(relay)    27    13    28340.14    28    28339.23    5    1
(advertise)    26    28340.34    13    28
(heartbeat)    24    7    28361.48    26    28363.55    2    2
(advertise)    26    28363.75    24    7
(relay)    33    35    28389.37    28    28340.74    1    1
(relay)    19    9    28410.77    28    28371.06    1    1
(relay)    25    11    28411.37    28    28396.21    3    1
(advertise)    26    28411.57    11    28
(relay)    27    40    28436.78    28    28434.62    3    1
(advertise)    26    28436.98    40    28
(relay)    25    25    28453.39    28    28452.81    3    1
(relay)    19    10    28454.19    28    28409.31    1    2
(advertise)    26    28459.79    25    28
(relay)    33    42    28484.61    28    28467.26    1    1
(relay)    19    5    28499.41    28    28388.48    3    1
(advertise)    26    28499.61    5    28
(relay)    27    48    28521.02    28    28490.04    3    1
(advertise)    26    28523.22    48    28
(relay)    19    2    28543.23    28    28389.45    1    1
(relay)    33    45    28550.43    28    28515.84    1    1
(relay)    27    6    28568.63    29    28564    124    1
(advertise)    26    28568.83    6    29
(relay)    19    18    28589.25    28    28534.83    3    1
(advertise)    26    28589.85    18    28
(relay)    19    7    28610.46    28    28456.92    1    1
(relay)    27    0    28611.26    29    28431    114    1
(advertise)    26    28611.46    0    29
(relay)    33    33    28637.27    28    28636.71    5    1
(advertise)    26    28637.47    33    28
(relay)    33    38    28660.88    28    28622.94    1    1
(relay)    25    28    28681.48    28    28487.14    1    1
(relay)    27    12    28685.48    28    28684.39    3    1
(advertise)    26    28685.68    12    28
(relay)    33    44    28718.5    28    28692.48    1    1
(relay)    25    17    28793.1    28    28682.67    1    1
(relay)    33    30    28807.3    28    28805.09    1    1
(relay)    33    43    28833.5    28    28821.13    1    1
(relay)    33    29    28856.5    28    28834.99    1    1
(relay)    27    34    28864.7    28    28864.38    5    1
(advertise)    26    28864.9    34    28
(relay)    19    3    28895.71    28    28892.41    1    1
(relay)    19    16    28926.51    28    28922.96    1    1
(relay)    19    1    28952.91    28    28940.76    1    1
(relay)    27    46    28954.11    28    28952.57    1    1
(relay)    33    47    29012.51    29    29009.56    5    1
(advertise)    26    29012.71    47    29
(generate)    26    29030.52    [24]    29
(relay)    33    41    29056.34    30    29014.76    5    1
(advertise)    26    29056.54    41    30
(relay)    25    39    29060.15    29    29027.95    3    1
(advertise)    26    29078.15    39    29
(relay)    19    4    29154.36    29    29153.42    3    1
(advertise)    26    29154.56    4    29
(relay)    27    27    29172.18    29    29171.57    5    1
(relay)    19    20    29175.98    29    29159.65    5    2
(advertise)    26    29176.78    27    29
(relay)    19    19    29197.79    29    29196.7    5    2
(advertise)    26    29198.99    20    29
(advertise)    26    29221.2    19    29
(relay)    25    32    29303.61    29    29301.21    3    1
(advertise)    26    29303.81    32    29
(relay)    19    13    29339.83    29    29339.33    5    1
(advertise)    26    29340.03    13    29
(relay)    25    35    29362.04    29    29340.86    1    1
(relay)    19    8    29366.44    29    29346.65    1    1
(relay)    19    9    29390.84    29    29371.06    1    1
(relay)    19    5    29412.84    29    29388.51    5    1
(advertise)    26    29413.04    5    29
(relay)    25    11    29428.05    29    29396.22    3    1
(advertise)    26    29434.25    11    29
(relay)    25    25    29453.47    29    29452.94    3    1
(advertise)    26    29456.67    25    29
(relay)    33    40    29458.68    29    29434.68    5    1
(relay)    25    10    29472.88    29    29409.39    1    2
(advertise)    26    29478.28    40    29
(relay)    27    48    29492.09    29    29490.19    5    1
(relay)    25    2    29494.09    29    29389.5    1    2
(advertise)    26    29500.29    48    29
(relay)    27    0    29513.11    30    29431    118    1
(advertise)    26    29521.31    0    30
(relay)    33    37    29523.72    29    29482.84    1    1
(relay)    19    18    29545.12    29    29534.98    3    1
(advertise)    26    29545.72    18    29
(relay)    27    6    29569.13    30    29564    124    1
(advertise)    26    29570.33    6    30
(relay)    33    45    29591.94    29    29515.95    1    1
(relay)    25    42    29627.94    29    29467.28    1    1
(relay)    33    33    29637.74    29    29637.11    5    1
(advertise)    26    29637.94    33    29
(relay)    33    38    29661.36    29    29623.01    1    1
(relay)    19    17    29684.36    29    29682.74    1    1
(relay)    27    12    29685.76    29    29684.45    3    1
(advertise)    26    29685.96    12    29
(relay)    33    21    29701.57    29    29509.53    1    1
(relay)    33    44    29724.17    29    29692.54    1    1
(relay)    19    15    29727.57    29    29705.46    1    1
(relay)    33    43    29835.17    29    29821.24    1    1
(relay)    27    34    29865.17    29    29864.41    5    1
(advertise)    26    29865.37    34    29
(relay)    25    16    29927.18    29    29923.09    1    1
(relay)    19    1    29950.38    29    29940.81    1    1
(relay)    27    46    29954.38    29    29952.6    1    1
