(relay)    4    41    33.8    1    9    120    1
(advertise)    3    34.0    41    1
(relay)    2    23    59.81    1    6    118    1
(advertise)    3    60.21    23    1
(relay)    2    0    434.03    1    431    125    1
(advertise)    3    434.23    0    1
(relay)    10    6    568.04    1    564    121    1
(advertise)    3    568.24    6    1
(relay)    2    23    1008.65    2    1006.05    124    1
(advertise)    3    1008.85    23    2
(relay)    10    26    1033.07    1    1028.07    123    1
(advertise)    3    1033.27    26    1
(relay)    10    47    1056.28    1    1007.05    118    1
(advertise)    3    1057.08    47    1
(relay)    2    39    1061.69    1    1025.07    118    1
(advertise)    3    1079.09    39    1
(relay)    10    31    1099.7    1    1057.09    122    1
(advertise)    3    1100.1    31    1
(relay)    4    41    1123.92    2    1009.47    120    1
(advertise)    3    1124.52    41    2
(relay)    4    4    1151.13    1    1150.12    127    1
(advertise)    3    1151.93    4    1
(relay)    4    20    1178.34    1    1154.54    123    1
(advertise)    3    1179.14    20    1
(relay)    4    27    1201.16    1    1169.14    122    1
(advertise)    3    1201.56    27    1
(relay)    4    19    1223.77    1    1193.16    124    1
(advertise)    3    1224.97    19    1
(relay)    10    14    1226.38    1    1191.16    123    1
(advertise)    3    1245.98    14    1
(relay)    2    32    1300.6    1    1297.2    121    1
(advertise)    3    1300.8    32    1
(relay)    10    13    1340.41    1    1337.01    124    1
(advertise)    3    1340.61    13    1
(relay)    10    8    1364.22    1    1343.02    125    1
(advertise)    3    1364.42    8    1
(relay)    2    2    1383.03    1    1383.03    127    1
(advertise)    3    1385.43    2    1
(relay)    2    9    1387.85    1    1367.02    126    1
(relay)    10    10    1405.65    1    1405.05    127    2
(advertise)    3    1408.05    9    1
(advertise)    3    1430.66    10    1
(relay)    10    11    1432.07    1    1392.05    126    1
(advertise)    3    1451.67    11    1
(relay)    2    0    1453.69    2    1431    125    1
(advertise)    3    1473.89    0    2
(relay)    4    35    1476.9    1    1338.01    116    1
(advertise)    3    1495.1    35    1
(relay)    10    25    1519.71    1    1450.07    124    1
(advertise)    3    1520.11    25    1
(relay)    10    5    1541.33    1    1388.0    122    1
(advertise)    3    1542.53    5    1
(relay)    10    18    1564.14    1    1531.13    125    1
(advertise)    3    1564.34    18    1
(relay)    2    28    1567.95    1    1485.1    121    1
(advertise)    3    1586.35    28    1
(relay)    4    6    1589.36    2    1564    121    1
(advertise)    3    1608.76    6    2
(relay)    10    37    1631.78    1    1478.09    120    1
(advertise)    3    1632.38    37    1
(relay)    10    45    1653.79    1    1512.11    120    1
(advertise)    3    1654.79    45    1
(relay)    10    21    1676.0    1    1505.11    122    1
(advertise)    3    1678.4    21    1
(relay)    10    17    1698.82    1    1680.02    126    1
(advertise)    3    1700.22    17    1
(relay)    4    48    1704.43    1    1486.03    119    1
(relay)    10    22    1720.83    1    1608.16    123    2
(advertise)    3    1722.83    48    1
(advertise)    3    1744.84    22    1
(relay)    10    42    1765.06    1    1461.09    117    1
(relay)    2    15    1765.86    1    1701.02    124    2
(advertise)    3    1766.86    42    1
(advertise)    3    1788.27    15    1
(relay)    4    33    1792.48    1    1633.16    122    1
(advertise)    3    1810.08    33    1
(relay)    10    12    1831.49    1    1681.02    123    1
(advertise)    3    1831.89    12    1
(relay)    10    38    1852.91    1    1617.18    121    1
(advertise)    3    1855.11    38    1
(relay)    10    36    1874.72    1    1727.04    121    1
(advertise)    3    1877.52    36    1
(relay)    4    44    1880.93    1    1690.02    115    1
(generate)    3    1890.13    [24]    1
(advertise)    3    1898.75    44    1
(relay)    10    30    1940.16    1    1801.08    123    1
(advertise)    3    1940.36    30    1
(relay)    2    1    1944.97    1    1938.11    126    1
(advertise)    3    1961.77    1    1
(relay)    4    34    1990.59    1    1862.91    121    1
(advertise)    3    1990.79    34    1
(relay)    4    29    2012.4    1    1832.11    120    1
(advertise)    3    2012.8    29    1
(relay)    10    43    2032.21    1    1818.09    118    1
(advertise)    3    2034.81    43    1
(relay)    10    23    2057.02    3    2006.2    124    1
(advertise)    3    2057.42    23    3
(relay)    2    16    2060.04    1    1919.16    123    1
(advertise)    3    2078.84    16    1
(relay)    10    26    2101.85    2    2028.2    123    1
(advertise)    3    2102.65    26    2
(relay)    10    46    2125.06    1    1951.16    119    1
(advertise)    3    2126.06    46    1
(relay)    10    39    2147.68    2    2025.2    122    1
(advertise)    3    2147.88    39    2
(relay)    4    4    2152.09    2    2151.08    127    1
(advertise)    3    2170.09    4    2
(relay)    4    20    2194.7    2    2154.68    123    1
(advertise)    3    2194.9    20    2
(relay)    10    31    2196.32    2    2057.22    118    1
(advertise)    3    2216.52    31    2
(relay)    10    14    2240.93    2    2191.32    123    1
(advertise)    3    2241.13    14    2
(relay)    2    41    2278.94    3    2009.57    118    1
(advertise)    3    2279.14    41    3
(relay)    4    47    2284.15    2    2007.19    118    1
(advertise)    3    2301.35    47    2
(relay)    10    27    2328.57    2    2169.28    122    1
(advertise)    3    2328.77    27    2
(relay)    10    32    2351.18    2    2297.37    123    1
(advertise)    3    2351.38    32    2
(relay)    10    8    2372.39    2    2343.21    125    1
(advertise)    3    2374.19    8    2
(relay)    4    13    2375.41    2    2337.19    124    1
(relay)    2    2    2383.81    2    2383.22    127    2
(relay)    10    9    2394.41    2    2367.21    126    3
(advertise)    3    2396.21    13    2
(relay)    10    10    2405.82    2    2405.23    127    3
(relay)    10    11    2415.82    2    2392.22    126    4
(advertise)    3    2417.22    2    2
(relay)    4    5    2419.63    2    2388.01    126    4
(advertise)    3    2439.43    9    2
(advertise)    3    2461.44    10    2
(relay)    2    0    2480.46    3    2431    125    3
(advertise)    3    2483.86    11    2
(relay)    2    35    2503.27    2    2338.19    120    3
(advertise)    3    2505.87    5    2
(advertise)    3    2527.48    0    3
(relay)    4    25    2531.3    2    2450.26    124    2
(advertise)    3    2548.5    35    2
(relay)    2    7    2568.31    2    2453.24    124    2
(advertise)    3    2571.31    25    2
(relay)    4    18    2576.52    2    2531.31    125    2
(advertise)    3    2592.32    7    2
(advertise)    3    2614.54    18    2
(relay)    2    37    2633.15    2    2478.27    122    1
(advertise)    3    2635.75    37    2
(relay)    2    40    2657.76    2    2433.03    119    1
(relay)    10    6    2657.96    3    2564    123    2
(advertise)    3    2659.16    40    2
(advertise)    3    2681.57    6    3
(relay)    10    17    2701.39    2    2680.19    126    1
(advertise)    3    2704.59    17    2
(relay)    4    28    2707.8    2    2485.28    119    1
(relay)    10    21    2722.6    2    2505.3    122    2
(advertise)    3    2728.0    28    2
(relay)    10    12    2745.41    2    2681.19    125    2
(relay)    2    42    2747.21    2    2461.26    119    3
(advertise)    3    2750.01    21    2
(relay)    10    48    2767.43    2    2486.18    119    3
(advertise)    3    2771.83    12    2
(relay)    10    22    2791.64    2    2608.36    123    3
(advertise)    3    2793.24    42    2
(advertise)    3    2814.85    48    2
(relay)    10    15    2836.07    2    2701.2    124    2
(advertise)    3    2836.27    22    2
(advertise)    3    2857.88    15    2
(relay)    10    45    2859.69    2    2512.3    120    1
(relay)    4    33    2867.29    2    2633.35    120    2
(advertise)    3    2879.69    45    2
(generate)    3    2890.3    [24]    2
(advertise)    3    2900.72    33    2
(relay)    10    38    2924.53    2    2617.36    121    1
(advertise)    3    2925.33    38    2
(relay)    10    36    2945.54    2    2727.23    119    1
(advertise)    3    2947.34    36    2
(relay)    10    16    2973.76    2    2919.34    125    1
(advertise)    3    2973.96    16    2
(relay)    2    1    2992.97    2    2938.68    126    1
(relay)    10    34    2996.97    2    2863.09    121    2
(advertise)    3    2997.97    1    2
(advertise)    3    3019.78    34    2
(relay)    2    30    3035.4    2    2801.28    123    1
(advertise)    3    3042.2    30    2
(relay)    10    44    3063.41    2    2690.2    117    1
(advertise)    3    3064.21    44    2
(relay)    10    29    3085.22    2    2832.29    122    1
(advertise)    3    3087.02    29    2
(relay)    10    23    3107.43    4    3006.4    124    1
(advertise)    3    3109.43    23    4
(relay)    4    26    3131.05    3    3028.4    123    1
(advertise)    3    3131.85    26    3
(relay)    4    4    3152.26    3    3151.25    127    1
(advertise)    3    3153.66    4    3
(relay)    2    43    3165.07    2    2818.28    118    1
(advertise)    3    3175.47    43    2
(relay)    2    46    3210.69    2    2951.34    117    1
(advertise)    3    3210.89    46    2
(relay)    10    14    3218.7    3    3191.5    123    1
(advertise)    3    3232.9    14    3
(relay)    4    20    3235.51    3    3154.86    123    1
(advertise)    3    3255.71    20    3
(relay)    10    31    3263.53    3    3057.42    120    1
(advertise)    3    3277.13    31    3
(relay)    4    39    3279.54    3    3025.4    122    1
(advertise)    3    3299.54    39    3
(relay)    10    41    3309.15    4    3009.77    120    1
(advertise)    3    3322.55    41    4
(relay)    10    47    3332.36    3    3007.37    118    1
(advertise)    3    3343.76    47    3
(relay)    4    27    3345.78    3    3169.47    122    1
(advertise)    3    3364.78    27    3
(relay)    2    8    3365.99    3    3343.39    125    1
(relay)    10    9    3377.19    3    3367.39    126    2
(relay)    2    2    3383.99    3    3383.42    127    3
(advertise)    3    3387.39    8    3
(relay)    10    32    3398.4    3    3297.55    121    3
(relay)    10    10    3406.4    3    3405.43    127    4
(advertise)    3    3408.6    9    3
(advertise)    3    3429.62    2    3
(relay)    4    11    3434.03    3    3392.42    126    3
(advertise)    3    3450.83    32    3
(advertise)    3    3473.84    10    3
(relay)    4    13    3479.06    3    3337.38    124    2
(advertise)    3    3496.46    11    3
(relay)    2    0    3507.07    4    3431    125    2
(relay)    10    5    3509.87    3    3388.03    124    3
(advertise)    3    3519.27    13    3
(relay)    2    35    3527.28    3    3338.39    120    3
(advertise)    3    3541.08    0    4
(relay)    10    19    3552.69    3    3193.49    120    3
(advertise)    3    3562.89    5    3
(relay)    2    7    3573.51    3    3453.44    124    3
(advertise)    3    3584.51    35    3
(advertise)    3    3608.32    19    3
(relay)    10    18    3618.53    3    3531.49    125    2
(advertise)    3    3631.53    7    3
(relay)    2    28    3638.75    3    3485.47    121    2
(relay)    10    25    3641.55    3    3450.44    124    3
(advertise)    3    3652.75    18    3
(advertise)    3    3676.96    28    3
(relay)    2    21    3682.37    3    3505.48    122    2
(advertise)    3    3699.17    25    3
(relay)    4    40    3700.99    3    3433.23    121    2
(relay)    2    42    3703.99    3    3461.46    119    3
(advertise)    3    3721.79    21    3
(relay)    10    17    3733.0    3    3680.39    126    3
(relay)    4    37    3743.2    3    3478.47    120    4
(advertise)    3    3745.0    40    3
(relay)    2    15    3746.61    3    3701.4    124    4
(relay)    4    12    3766.81    3    3682.59    125    5
(advertise)    3    3768.41    42    3
(advertise)    3    3791.42    17    3
(advertise)    3    3813.44    37    3
(relay)    10    6    3820.65    4    3564    121    3
(advertise)    3    3834.45    15    3
(relay)    2    22    3841.46    3    3608.56    123    3
(relay)    10    48    3844.06    3    3486.36    119    4
(advertise)    3    3856.26    12    3
(advertise)    3    3878.08    6    4
(relay)    2    45    3886.89    3    3512.48    116    3
(generate)    3    3890.49    [24]    3
(advertise)    3    3900.1    22    3
(relay)    10    33    3909.52    3    3633.55    122    3
(advertise)    3    3922.52    48    3
(advertise)    3    3943.73    45    3
(advertise)    3    3965.94    33    3
(relay)    10    38    3977.75    3    3617.56    121    1
(advertise)    3    3987.75    38    3
(relay)    2    1    3995.17    3    3938.86    126    1
(relay)    10    16    3999.77    3    3919.54    125    2
(advertise)    3    4009.37    1    3
(relay)    2    29    4016.78    3    3832.49    122    2
(relay)    10    44    4022.18    3    3690.4    119    3
(advertise)    3    4030.78    16    3
(advertise)    3    4052.79    29    3
(relay)    2    36    4063.41    3    3727.42    119    2
(relay)    10    34    4065.41    3    3863.29    121    3
(advertise)    3    4074.41    44    3
(relay)    10    30    4088.02    3    3801.45    123    3
(advertise)    3    4096.62    36    3
(advertise)    3    4119.43    34    3
(advertise)    3    4141.05    30    3
(relay)    4    4    4152.46    4    4151.45    127    1
(advertise)    3    4162.66    4    4
(relay)    10    23    4178.67    5    4006.99    124    1
(advertise)    3    4184.67    23    5
(relay)    4    46    4192.68    3    3951.54    121    1
(advertise)    3    4207.48    46    3
(relay)    4    26    4214.3    4    4028.59    121    1
(relay)    2    43    4218.1    3    3818.48    120    2
(advertise)    3    4230.7    26    4
(advertise)    3    4251.91    43    3
(relay)    4    39    4256.12    4    4025.58    122    1
(relay)    2    31    4260.92    4    4057.62    120    2
(advertise)    3    4272.92    39    4
(advertise)    3    4296.14    31    4
(relay)    10    41    4311.75    5    4009.97    120    1
(advertise)    3    4319.55    41    5
(relay)    4    19    4322.96    4    4193.68    124    1
(advertise)    3    4342.16    19    4
(relay)    2    14    4349.18    4    4191.68    123    1
(advertise)    3    4363.38    14    4
(relay)    4    20    4367.79    4    4155.06    123    1
(relay)    2    2    4384.19    4    4383.61    127    2
(advertise)    3    4384.99    20    4
(relay)    2    8    4393.0    4    4343.59    125    2
(relay)    10    47    4398.6    4    4007.57    118    3
(advertise)    3    4406.2    2    4
(relay)    2    9    4414.41    4    4367.59    126    3
(advertise)    3    4428.21    8    4
(relay)    4    5    4434.83    4    4388.04    126    3
(relay)    10    11    4441.03    4    4392.43    126    4
(advertise)    3    4451.63    47    4
(advertise)    3    4473.64    9    4
(relay)    2    10    4484.25    4    4405.63    125    3
(relay)    10    27    4487.65    4    4169.67    122    4
(advertise)    3    4495.45    5    4
(relay)    2    0    4505.67    5    4431    125    4
(advertise)    3    4516.87    11    4
(heartbeat)    24    1    4361.4    3    4532.48    127    0
(advertise)    3    4538.48    10    4
(advertise)    3    4559.69    27    4
(relay)    2    32    4569.91    4    4297.75    119    3
(advertise)    3    4581.31    0    5
(relay)    10    13    4599.72    4    4337.58    122    3
(advertise)    3    4603.32    24    1
(advertise)    3    4625.73    32    4
(relay)    2    7    4635.54    4    4453.64    124    2
(relay)    10    18    4644.14    4    4531.69    2    3
(advertise)    3    4647.14    13    4
(relay)    2    35    4657.56    4    4338.58    120    3
(advertise)    3    4668.76    7    4
(advertise)    3    4690.37    18    4
(relay)    2    21    4701.58    4    4505.68    2    2
(relay)    10    40    4709.78    4    4433.43    121    3
(advertise)    3    4714.78    35    4
(relay)    10    17    4731.4    4    4680.58    2    3
(advertise)    3    4738.6    21    4
(relay)    4    6    4740.01    5    4564    123    3
(advertise)    3    4760.41    40    4
(relay)    10    12    4777.42    4    4682.78    4    3
(advertise)    3    4783.42    17    4
(relay)    10    48    4798.64    4    4486.55    119    3
(relay)    2    15    4801.24    4    4701.6    2    4
(advertise)    3    4805.44    6    5
(relay)    10    42    4820.65    4    4461.61    119    4
(advertise)    3    4828.45    12    4
(relay)    2    22    4845.26    4    4608.76    2    4
(advertise)    3    4850.86    48    4
(advertise)    3    4872.07    15    4
(generate)    3    4890.69    [24]    4
(advertise)    3    4893.9    42    4
(advertise)    3    4916.51    22    4
(relay)    10    16    4948.93    4    4919.74    2    1
(advertise)    3    4949.13    16    4
(relay)    2    1    4957.94    4    4939.05    6    1
(advertise)    3    4972.14    1    4
(relay)    4    4    5151.55    5    5151.49    6    1
(advertise)    3    5151.75    4    5
(relay)    4    20    5176.37    5    5155.14    2    1
(advertise)    3    5177.57    20    5
(relay)    2    14    5194.58    5    5191.75    2    1
(advertise)    3    5200.78    14    5
(relay)    10    19    5222.19    5    5193.8    2    1
(advertise)    3    5223.39    19    5
(relay)    2    8    5345.0    5    5343.62    4    1
(advertise)    3    5345.2    8    5
(relay)    10    13    5367.42    5    5337.6    4    1
(advertise)    3    5368.82    13    5
(relay)    2    9    5370.23    5    5367.72    4    1
(relay)    2    2    5384.43    5    5383.79    6    2
(relay)    4    5    5391.03    5    5388.05    6    3
(advertise)    3    5393.03    9    5
(relay)    10    10    5406.64    5    5405.63    4    3
(relay)    10    11    5410.84    5    5392.48    4    4
(advertise)    3    5415.44    2    5
(advertise)    3    5437.06    5    5
(advertise)    3    5459.07    10    5
(advertise)    3    5480.68    11    5
(relay)    4    0    5507.9    6    5431    121    1
(advertise)    3    5508.1    0    6
(relay)    2    7    5519.51    5    5453.68    4    1
(advertise)    3    5529.91    7    5
(relay)    10    21    5562.72    5    5505.73    2    1
(advertise)    3    5562.92    21    5
(relay)    10    18    5596.53    5    5531.73    2    1
(advertise)    3    5596.73    18    5
(relay)    4    6    5621.55    6    5564    121    1
(advertise)    3    5622.15    6    6
(relay)    10    17    5682.96    5    5680.74    2    1
(advertise)    3    5683.16    17    5
(relay)    2    15    5703.37    5    5701.7    2    1
(advertise)    3    5704.77    15    5
(relay)    10    12    5707.19    5    5682.95    4    1
(advertise)    3    5726.99    12    5
(generate)    3    5890.8    [24]    5
(relay)    2    16    5922.01    5    5919.74    2    1
(advertise)    3    5922.21    16    5
(relay)    2    1    5943.63    5    5939.17    6    1
(advertise)    3    5944.43    1    5
(relay)    4    4    6151.64    6    6151.5    6    1
(advertise)    3    6151.84    4    6
(relay)    2    14    6195.25    6    6191.77    2    1
(advertise)    3    6195.45    14    6
(relay)    4    19    6224.06    6    6193.98    2    1
(advertise)    3    6224.26    19    6
(relay)    10    13    6340.68    6    6337.68    4    1
(advertise)    3    6340.88    13    6
(relay)    10    8    6363.49    6    6343.66    4    1
(advertise)    3    6363.89    8    6
(relay)    2    2    6384.9    6    6383.83    6    1
(advertise)    3    6385.5    2    6
(relay)    10    10    6406.72    6    6405.69    4    1
(advertise)    3    6407.12    10    6
(relay)    4    9    6409.93    6    6367.9    2    1
(advertise)    3    6430.93    9    6
(relay)    2    0    6450.74    7    6431    123    1
(advertise)    3    6451.94    0    7
(relay)    4    11    6454.36    6    6392.5    4    1
(advertise)    3    6473.96    11    6
(relay)    10    7    6495.37    6    6453.77    4    1
(advertise)    3    6496.17    7    6
(relay)    10    21    6537.18    6    6505.82    2    1
(advertise)    3    6537.38    21    6
(relay)    4    18    6543.79    6    6531.91    2    1
(advertise)    3    6558.79    18    6
(relay)    10    6    6609.41    7    6564    123    1
(advertise)    3    6609.61    6    7
(relay)    2    22    6632.22    6    6608.86    2    1
(advertise)    3    6632.82    22    6
(relay)    10    17    6683.03    6    6680.81    2    1
(advertise)    3    6683.23    17    6
(relay)    4    12    6685.65    6    6683.01    4    1
(relay)    2    15    6703.25    6    6701.87    2    2
(advertise)    3    6705.45    12    6
(advertise)    3    6726.86    15    6
(generate)    3    6890.87    [24]    6
(relay)    2    16    6922.09    6    6919.88    2    1
(advertise)    3    6922.29    16    6
(relay)    2    1    6944.1    6    6939.29    6    1
(advertise)    3    6944.5    1    6
(relay)    4    4    7151.51    7    7151.5    6    1
(advertise)    3    7151.71    4    7
(relay)    10    20    7176.72    7    7155.37    2    1
(advertise)    3    7176.92    20    7
(relay)    2    14    7195.74    7    7191.81    2    1
(advertise)    3    7199.34    14    7
(relay)    4    19    7200.95    7    7194.0    2    1
(advertise)    3    7223.75    19    7
(relay)    2    8    7362.56    7    7343.7    4    1
(advertise)    3    7362.76    8    7
(relay)    2    9    7383.98    7    7368.06    4    1
(advertise)    3    7384.78    9    7
(relay)    10    10    7406.79    7    7405.74    4    1
(relay)    10    11    7407.39    7    7392.5    4    2
(relay)    4    5    7407.79    7    7388.08    6    3
(advertise)    3    7408.19    10    7
(advertise)    3    7429.6    11    7
(advertise)    3    7451.62    5    7
(relay)    2    0    7453.43    8    7431    125    1
(advertise)    3    7473.83    0    8
(relay)    2    7    7500.64    7    7454.63    2    1
(advertise)    3    7500.84    7    7
(relay)    10    18    7565.25    7    7531.91    2    1
(advertise)    3    7565.45    18    7
(relay)    10    6    7592.67    8    7564    119    1
(advertise)    3    7592.87    6    8
(relay)    10    17    7682.08    7    7680.92    2    1
(advertise)    3    7682.28    17    7
(relay)    2    15    7702.89    7    7701.87    2    1
(advertise)    3    7703.89    15    7
(generate)    3    7890.91    [24]    7
(relay)    10    16    7922.52    7    7919.99    2    1
(advertise)    3    7922.72    16    7
(relay)    2    1    7946.13    7    7939.38    6    1
(advertise)    3    7946.93    1    7
(relay)    4    4    8151.75    8    8151.69    6    1
(advertise)    3    8151.95    4    8
(relay)    10    14    8196.36    8    8191.84    2    1
(advertise)    3    8196.56    14    8
(relay)    4    20    8220.77    8    8155.39    2    1
(advertise)    3    8221.37    20    8
(relay)    4    19    8241.98    8    8194.19    2    1
(advertise)    3    8243.98    19    8
(relay)    2    13    8340.0    8    8337.82    2    1
(advertise)    3    8340.2    13    8
(relay)    10    8    8363.01    8    8343.77    4    1
(advertise)    3    8364.01    8    8
(relay)    10    9    8385.02    8    8368.2    4    1
(advertise)    3    8385.82    9    8
(relay)    10    10    8405.84    8    8405.77    4    1
(relay)    10    2    8407.04    8    8385.65    4    2
(advertise)    3    8407.24    10    8
(relay)    4    5    8408.45    8    8388.17    6    2
(advertise)    3    8429.45    2    8
(heartbeat)    24    2    8361.41    3    8432.26    3    3
(advertise)    3    8451.66    5    8
(relay)    2    11    8454.48    8    8392.5    2    2
(advertise)    3    8473.48    24    2
(advertise)    3    8496.69    11    8
(relay)    10    0    8498.1    9    8431    119    1
(advertise)    3    8518.7    0    9
(relay)    2    7    8521.31    8    8454.73    4    1
(advertise)    3    8541.11    7    8
(relay)    10    18    8563.93    8    8532.1    2    1
(advertise)    3    8564.53    18    8
(relay)    2    6    8634.54    9    8564    121    1
(advertise)    3    8634.74    6    9
(relay)    10    17    8682.35    8    8681.01    2    1
(advertise)    3    8682.55    17    8
(relay)    2    15    8703.97    8    8702.06    2    1
(advertise)    3    8704.17    15    8
(generate)    3    8890.98    [24]    8
(relay)    10    16    8922.99    8    8920.12    2    1
(advertise)    3    8923.19    16    8
(relay)    2    1    8944.01    8    8939.47    6    1
(advertise)    3    8946.01    1    8
(relay)    4    4    9152.22    9    9151.71    6    1
(advertise)    3    9152.42    4    9
(relay)    4    20    9177.63    9    9155.58    2    1
(advertise)    3    9178.03    20    9
(relay)    2    14    9196.84    9    9191.88    2    1
(advertise)    3    9199.44    14    9
(relay)    4    19    9201.06    9    9194.36    2    1
(advertise)    3    9220.46    19    9
(relay)    10    13    9339.27    9    9337.88    4    1
(advertise)    3    9339.47    13    9
(relay)    4    8    9365.68    9    9343.82    2    1
(advertise)    3    9365.88    8    9
(relay)    2    9    9385.1    9    9368.36    4    1
(relay)    2    2    9386.7    9    9385.69    6    2
(advertise)    3    9389.7    9    9
(relay)    10    10    9406.91    9    9406.84    4    2
(relay)    4    5    9410.51    9    9388.18    6    3
(advertise)    3    9413.31    2    9
(relay)    10    11    9428.72    9    9392.69    4    3
(advertise)    3    9435.32    10    9
(relay)    2    0    9455.34    10    9431    125    3
(advertise)    3    9456.54    5    9
(advertise)    3    9477.55    11    9
(advertise)    3    9499.36    0    10
(relay)    2    7    9500.57    9    9454.79    4    1
(advertise)    3    9522.57    7    9
(relay)    10    18    9545.19    9    9532.27    2    1
(advertise)    3    9545.59    18    9
(relay)    2    21    9548.6    9    9506.03    2    1
(advertise)    3    9567.4    21    9
(relay)    10    6    9609.41    10    9564    123    1
(advertise)    3    9609.61    6    10
(relay)    10    22    9638.23    9    9609.09    2    1
(advertise)    3    9638.43    22    9
(relay)    10    17    9681.44    9    9681.03    2    1
(advertise)    3    9681.64    17    9
(relay)    2    15    9704.65    9    9702.23    2    1
(advertise)    3    9705.65    15    9
(generate)    3    9891.07    [24]    9
(relay)    2    16    9924.08    9    9920.27    2    1
(advertise)    3    9924.28    16    9
(relay)    2    1    9944.09    9    9939.54    6    1
(advertise)    3    9946.29    1    9
(relay)    4    4    10152.31    10    10151.72    6    1
(advertise)    3    10152.51    4    10
(relay)    4    20    10177.12    10    10155.59    2    1
(advertise)    3    10177.32    20    10
(relay)    2    14    10198.13    10    10191.9    2    1
(relay)    4    19    10200.13    10    10194.37    2    2
(advertise)    3    10200.53    14    10
(advertise)    3    10222.14    19    10
(relay)    10    13    10340.16    10    10337.97    4    1
(advertise)    3    10340.36    13    10
(relay)    2    8    10365.97    10    10343.91    4    1
(advertise)    3    10366.37    8    10
(relay)    2    2    10385.78    10    10385.71    6    1
(relay)    10    9    10386.38    10    10368.53    4    2
(advertise)    3    10387.78    2    10
(relay)    10    10    10407.0    10    10406.91    4    2
(relay)    10    11    10408.6    10    10392.72    4    3
(advertise)    3    10410.0    9    10
(relay)    4    5    10411.21    10    10388.2    6    3
(advertise)    3    10432.21    10    10
(advertise)    3    10456.62    11    10
(relay)    2    0    10458.84    11    10431    125    2
(advertise)    3    10477.84    5    10
(advertise)    3    10499.05    0    11
(relay)    10    7    10501.66    10    10454.89    4    1
(advertise)    3    10520.66    7    10
(relay)    4    18    10572.67    10    10532.27    2    1
(advertise)    3    10572.87    18    10
(relay)    10    6    10616.69    11    10564    123    1
(advertise)    3    10616.89    6    11
(relay)    10    17    10681.5    10    10681.12    2    1
(advertise)    3    10681.7    17    10
(relay)    2    15    10704.91    10    10702.23    2    1
(relay)    10    12    10705.91    10    10683.26    4    2
(advertise)    3    10706.11    15    10
(advertise)    3    10728.93    12    10
(generate)    3    10891.14    [24]    10
(relay)    10    1    10944.15    10    10939.63    4    1
(advertise)    3    10944.35    1    10
(relay)    4    4    11152.37    11    11151.74    6    1
(advertise)    3    11152.57    4    11
(relay)    10    20    11179.58    11    11155.79    2    1
(advertise)    3    11179.98    20    11
(relay)    2    14    11195.99    11    11191.93    2    1
(relay)    4    19    11200.79    11    11194.56    2    2
(advertise)    3    11202.19    14    11
(advertise)    3    11225.2    19    11
(relay)    10    13    11341.02    11    11338.07    4    1
(advertise)    3    11341.22    13    11
(relay)    2    8    11365.63    11    11343.98    4    1
(advertise)    3    11365.83    8    11
(relay)    2    2    11385.84    11    11385.74    6    1
(relay)    2    9    11388.04    11    11368.69    2    2
(advertise)    3    11389.04    2    11
(relay)    4    5    11391.06    11    11388.21    6    2
(relay)    10    10    11407.46    11    11406.94    4    3
(advertise)    3    11411.26    9    11
(relay)    10    11    11431.07    11    11392.73    4    3
(advertise)    3    11433.07    5    11
(advertise)    3    11454.28    10    11
(advertise)    3    11475.5    11    11
(relay)    10    18    11534.91    11    11532.45    2    1
(advertise)    3    11535.11    18    11
(relay)    4    6    11567.72    12    11564    123    1
(advertise)    3    11567.92    6    12
(relay)    2    21    11592.73    11    11506.15    2    1
(advertise)    3    11593.53    21    11
(relay)    10    22    11635.75    11    11609.25    2    1
(advertise)    3    11635.95    22    11
(relay)    10    17    11681.96    11    11681.15    2    1
(advertise)    3    11682.16    17    11
(relay)    2    15    11705.97    11    11702.23    2    1
(advertise)    3    11706.37    15    11
(generate)    3    11891.19    [24]    11
(relay)    2    1    11943.2    11    11939.73    6    1
(advertise)    3    11943.4    1    11
(relay)    4    4    12152.41    12    12151.93    6    1
(advertise)    3    12152.61    4    12
(relay)    4    20    12181.23    12    12156.0    2    1
(advertise)    3    12181.43    20    12
(relay)    2    14    12195.04    12    12191.94    2    1
(relay)    10    19    12203.04    12    12194.56    2    2
(advertise)    3    12204.04    14    12
(advertise)    3    12225.25    19    12
(relay)    10    13    12341.26    12    12338.16    4    1
(advertise)    3    12341.46    13    12
(relay)    2    8    12364.48    12    12344.04    4    1
(advertise)    3    12365.28    8    12
(relay)    2    9    12385.29    12    12368.87    4    1
(advertise)    3    12386.49    9    12
(relay)    10    10    12407.5    12    12406.97    4    1
(relay)    10    11    12408.7    12    12392.89    4    2
(advertise)    3    12408.9    10    12
(relay)    4    5    12413.72    12    12388.22    6    2
(advertise)    3    12430.52    11    12
(advertise)    3    12451.53    5    12
(heartbeat)    24    3    12361.43    3    12456.14    3    9
(advertise)    3    12472.94    24    3
(relay)    2    0    12498.36    13    12431    125    1
(advertise)    3    12498.56    0    13
(relay)    10    7    12522.37    12    12455.05    2    1
(advertise)    3    12522.77    7    12
(relay)    10    21    12587.98    12    12506.21    2    1
(advertise)    3    12588.18    21    12
(relay)    4    18    12592.59    12    12532.59    2    1
(advertise)    3    12609.59    18    12
(relay)    4    6    12636.21    13    12564    123    1
(advertise)    3    12636.41    6    13
(relay)    10    17    12682.42    12    12681.21    2    1
(advertise)    3    12682.62    17    12
(relay)    2    15    12706.43    12    12702.23    2    1
(advertise)    3    12706.63    15    12
(relay)    4    12    12707.85    12    12683.36    2    1
(advertise)    3    12727.65    12    12
(generate)    3    12891.26    [24]    12
(relay)    2    16    12921.47    12    12920.68    2    1
(advertise)    3    12921.67    16    12
(relay)    10    1    12943.09    12    12939.83    4    1
(advertise)    3    12943.69    1    12
(relay)    4    4    13152.9    13    13151.94    6    1
(advertise)    3    13153.1    4    13
(relay)    4    20    13179.11    13    13156.42    2    1
(advertise)    3    13179.31    20    13
(relay)    2    14    13193.32    13    13191.96    2    1
(relay)    4    19    13201.92    13    13194.74    2    2
(advertise)    3    13202.12    14    13
(advertise)    3    13223.94    19    13
(relay)    2    13    13344.15    13    13338.22    2    1
(advertise)    3    13344.35    13    13
(relay)    2    8    13365.36    13    13344.32    4    1
(advertise)    3    13366.36    8    13
(relay)    2    9    13386.98    13    13369.02    4    1
(advertise)    3    13389.18    9    13
(relay)    10    10    13407.59    13    13407.03    4    1
(advertise)    3    13411.19    10    13
(relay)    4    11    13433.6    13    13392.91    4    1
(advertise)    3    13434.0    11    13
(relay)    10    5    13435.22    13    13388.25    2    1
(advertise)    3    13455.22    5    13
(relay)    2    0    13457.03    14    13431    125    1
(advertise)    3    13476.23    0    14
(relay)    2    7    13486.24    13    13455.15    4    1
(advertise)    3    13497.44    7    13
(relay)    2    21    13532.85    13    13506.28    2    1
(advertise)    3    13533.05    21    13
(relay)    10    18    13535.27    13    13532.73    2    1
(advertise)    3    13554.07    18    13
(relay)    2    6    13587.48    14    13564    121    1
(advertise)    3    13587.68    6    14
(relay)    10    17    13682.69    13    13681.4    2    1
(advertise)    3    13682.89    17    13
(relay)    2    15    13706.71    13    13702.41    2    1
(advertise)    3    13706.91    15    13
(relay)    2    12    13729.12    13    13683.39    2    1
(advertise)    3    13729.92    12    13
(generate)    3    13891.33    [24]    13
(relay)    2    16    13921.75    13    13920.8    2    1
(advertise)    3    13921.95    16    13
(relay)    2    1    13943.96    13    13939.88    6    1
(advertise)    3    13944.36    1    13
(relay)    4    4    14153.17    14    14152.13    6    1
(advertise)    3    14153.37    4    14
(relay)    4    20    14181.18    14    14157.24    2    1
(advertise)    3    14181.38    20    14
(relay)    2    14    14193.6    14    14191.99    2    1
(advertise)    3    14203.4    14    14
(relay)    10    13    14343.21    14    14338.26    4    1
(advertise)    3    14343.41    13    14
(relay)    2    8    14366.02    14    14344.37    4    1
(advertise)    3    14367.62    8    14
(relay)    2    2    14388.24    14    14387.59    6    1
(relay)    4    5    14389.84    14    14388.26    6    2
(relay)    2    9    14390.04    14    14369.16    4    3
(advertise)    3    14390.84    2    14
(relay)    10    10    14408.05    14    14407.07    4    3
(advertise)    3    14412.05    5    14
(advertise)    3    14433.66    9    14
(relay)    4    11    14436.28    14    14393.05    4    2
(advertise)    3    14455.28    10    14
(advertise)    3    14477.09    11    14
(relay)    2    7    14479.1    14    14455.22    4    1
(advertise)    3    14498.5    7    14
(relay)    2    21    14528.71    14    14506.35    2    1
(advertise)    3    14528.91    21    14
(relay)    4    18    14549.53    14    14532.85    2    1
(advertise)    3    14550.73    18    14
(relay)    10    6    14593.94    15    14564    123    1
(advertise)    3    14594.14    6    15
(relay)    10    17    14683.15    14    14681.41    2    1
(advertise)    3    14683.35    17    14
(relay)    2    15    14705.37    14    14702.6    2    1
(advertise)    3    14705.97    15    14
(relay)    2    12    14729.18    14    14683.44    2    1
(advertise)    3    14729.78    12    14
(generate)    3    14891.39    [24]    14
(relay)    2    16    14922.61    14    14920.91    2    1
(advertise)    3    14922.81    16    14
(relay)    10    1    14946.22    14    14939.95    4    1
(advertise)    3    14946.42    1    14
(relay)    4    4    15153.43    15    15152.33    6    1
(advertise)    3    15153.63    4    15
(relay)    4    20    15180.04    15    15157.43    2    1
(advertise)    3    15180.64    20    15
(relay)    10    14    15202.06    15    15192.03    2    1
(advertise)    3    15202.26    14    15
(relay)    10    19    15226.87    15    15195.08    2    1
(advertise)    3    15227.27    19    15
(relay)    4    13    15341.28    15    15338.34    4    1
(advertise)    3    15341.48    13    15
(relay)    2    9    15370.7    15    15369.34    4    1
(advertise)    3    15370.9    9    15
(relay)    2    2    15388.11    15    15387.63    6    1
(relay)    2    8    15391.91    15    15344.86    4    2
(advertise)    3    15393.11    2    15
(relay)    10    10    15408.12    15    15407.13    4    2
(advertise)    3    15415.12    8    15
(relay)    10    11    15416.34    15    15394.24    4    2
(advertise)    3    15437.14    10    15
(advertise)    3    15458.55    11    15
(relay)    10    0    15475.76    16    15431    123    1
(advertise)    3    15480.56    0    16
(relay)    10    7    15498.97    15    15455.28    4    1
(advertise)    3    15502.37    7    15
(relay)    2    21    15539.99    15    15506.43    2    1
(advertise)    3    15540.19    21    15
(relay)    10    18    15588.6    15    15533.01    2    1
(advertise)    3    15588.8    18    15
(relay)    4    6    15621.41    16    15564    123    1
(advertise)    3    15621.61    6    16
(relay)    2    22    15646.43    15    15609.6    2    1
(advertise)    3    15646.63    22    15
(relay)    10    17    15683.24    15    15681.45    2    1
(advertise)    3    15683.44    17    15
(relay)    2    15    15705.65    15    15702.78    2    1
(advertise)    3    15706.45    15    15
(generate)    3    15891.47    [24]    15
(relay)    2    16    15923.08    15    15921.03    2    1
(advertise)    3    15923.28    16    15
(relay)    2    1    15945.69    15    15940.01    6    1
(advertise)    3    15946.29    1    15
(relay)    4    4    16152.7    16    16152.52    6    1
(advertise)    3    16152.9    4    16
(relay)    4    20    16179.92    16    16158.65    2    1
(advertise)    3    16180.12    20    16
(relay)    2    14    16195.33    16    16192.06    2    1
(advertise)    3    16201.53    14    16
(relay)    10    19    16203.34    16    16195.1    2    1
(advertise)    3    16222.74    19    16
(relay)    4    13    16341.16    16    16338.43    4    1
(advertise)    3    16341.36    13    16
(relay)    2    8    16365.57    16    16344.89    4    1
(heartbeat)    24    4    16361.44    3    16366.77    3    9
(advertise)    3    16367.37    8    16
(relay)    2    9    16388.18    16    16369.47    4    2
(relay)    2    2    16389.38    16    16388.46    6    3
(advertise)    3    16389.58    24    4
(relay)    10    10    16408.2    16    16407.15    4    3
(relay)    4    5    16410.4    16    16388.29    6    4
(advertise)    3    16412.0    9    16
(relay)    4    11    16432.01    16    16394.43    4    4
(advertise)    3    16434.01    2    16
(advertise)    3    16456.62    10    16
(relay)    2    0    16477.03    17    16431    125    3
(advertise)    3    16478.63    5    16
(advertise)    3    16500.65    11    16
(advertise)    3    16523.06    0    17
(relay)    10    7    16540.47    16    16455.31    2    1
(advertise)    3    16546.47    7    16
(relay)    4    18    16567.69    16    16533.19    2    1
(advertise)    3    16568.49    18    16
(relay)    2    21    16615.1    16    16507.5    2    1
(advertise)    3    16615.3    21    16
(relay)    10    17    16683.71    16    16681.52    2    1
(advertise)    3    16683.91    17    16
(relay)    4    12    16685.93    16    16683.56    4    1
(relay)    2    15    16704.93    16    16702.94    2    2
(advertise)    3    16707.13    12    16
(advertise)    3    16728.14    15    16
(generate)    3    16891.55    [24]    16
(relay)    10    16    16923.16    16    16921.18    2    1
(advertise)    3    16923.36    16    16
(relay)    2    1    16947.18    16    16940.09    6    1
(advertise)    3    16947.58    1    16
(relay)    4    4    17152.79    17    17152.72    6    1
(advertise)    3    17152.99    4    17
(relay)    10    20    17179.6    17    17158.68    2    1
(advertise)    3    17179.8    20    17
(relay)    2    14    17196.62    17    17192.1    2    1
(advertise)    3    17202.42    14    17
(relay)    4    19    17204.03    17    17195.26    2    1
(advertise)    3    17225.03    19    17
(relay)    10    13    17339.44    17    17338.49    4    1
(advertise)    3    17339.64    13    17
(relay)    10    8    17363.46    17    17344.96    4    1
(advertise)    3    17364.06    8    17
(relay)    2    9    17385.27    17    17369.66    4    1
(advertise)    3    17387.27    9    17
(relay)    2    2    17389.48    17    17388.48    6    1
(relay)    10    10    17407.28    17    17407.23    4    2
(relay)    4    5    17409.08    17    17388.31    6    3
(advertise)    3    17410.68    2    17
(relay)    10    11    17427.09    17    17394.62    4    3
(advertise)    3    17433.89    10    17
(relay)    2    0    17456.71    18    17431    125    3
(advertise)    3    17456.91    5    17
(advertise)    3    17480.52    11    17
(relay)    2    7    17502.33    17    17455.4    4    2
(advertise)    3    17502.93    0    18
(advertise)    3    17526.15    7    17
(relay)    10    18    17548.96    17    17533.32    2    1
(advertise)    3    17549.36    18    17
(relay)    2    21    17587.97    17    17507.57    2    1
(advertise)    3    17588.17    21    17
(relay)    10    6    17610.59    18    17564    123    1
(advertise)    3    17610.79    6    18
(relay)    10    17    17682.8    17    17681.6    2    1
(advertise)    3    17683.0    17    17
(relay)    2    15    17704.41    17    17703.12    2    1
(advertise)    3    17705.01    15    17
(generate)    3    17891.62    [24]    17
(relay)    10    16    17923.84    17    17921.31    2    1
(advertise)    3    17924.04    16    17
(relay)    2    1    17947.25    17    17940.17    6    1
(advertise)    3    17947.85    1    17
(relay)    4    4    18152.86    18    18152.73    6    1
(advertise)    3    18153.06    4    18
(relay)    4    20    18177.88    18    18158.68    2    1
(advertise)    3    18178.08    20    18
(relay)    10    19    18201.09    18    18195.44    2    1
(advertise)    3    18201.29    19    18
(relay)    2    14    18203.1    18    18192.13    2    1
(advertise)    3    18223.1    14    18
(relay)    2    13    18341.32    18    18338.55    2    1
(advertise)    3    18341.52    13    18
(relay)    10    8    18363.13    18    18345.04    4    1
(advertise)    3    18363.73    8    18
(relay)    10    9    18385.94    18    18369.8    4    1
(advertise)    3    18387.74    9    18
(relay)    2    2    18389.75    18    18388.7    6    1
(relay)    10    10    18407.75    18    18407.69    4    2
(advertise)    3    18409.95    2    18
(relay)    10    11    18428.57    18    18394.77    4    2
(advertise)    3    18431.17    10    18
(relay)    10    5    18450.18    18    18388.33    4    2
(advertise)    3    18453.58    11    18
(relay)    2    0    18458.79    19    18431    125    2
(advertise)    3    18476.39    5    18
(advertise)    3    18497.81    0    19
(relay)    2    7    18499.82    18    18455.5    4    1
(advertise)    3    18520.02    7    18
(relay)    10    18    18542.83    18    18533.48    2    1
(advertise)    3    18543.03    18    18
(relay)    2    21    18563.85    18    18507.65    2    1
(advertise)    3    18565.65    21    18
(relay)    4    6    18572.46    19    18564    123    1
(advertise)    3    18587.26    6    19
(relay)    10    17    18682.87    18    18681.63    2    1
(advertise)    3    18683.07    17    18
(relay)    10    15    18705.08    18    18703.28    2    1
(advertise)    3    18706.28    15    18
(generate)    3    18891.7    [24]    18
(relay)    10    16    18924.11    18    18921.43    2    1
(advertise)    3    18924.31    16    18
(relay)    2    1    18945.12    18    18940.21    6    1
(advertise)    3    18946.72    1    18
(relay)    4    4    19153.34    19    19152.74    6    1
(advertise)    3    19153.54    4    19
(relay)    10    20    19181.95    19    19158.69    2    1
(advertise)    3    19182.15    20    19
(relay)    2    14    19197.16    19    19192.15    2    1
(advertise)    3    19203.36    14    19
(relay)    10    19    19204.58    19    19195.61    2    1
(advertise)    3    19224.98    19    19
(relay)    10    13    19339.99    19    19338.61    4    1
(advertise)    3    19340.19    13    19
(relay)    10    8    19363.4    19    19345.1    4    1
(advertise)    3    19364.4    8    19
(relay)    10    9    19385.61    19    19369.95    4    1
(advertise)    3    19387.61    9    19
(relay)    2    2    19388.83    19    19388.73    6    1
(relay)    10    11    19407.63    19    19394.94    4    2
(relay)    10    10    19408.83    19    19408.75    4    3
(relay)    4    5    19410.23    19    19388.34    6    4
(advertise)    3    19410.43    2    19
(advertise)    3    19432.64    11    19
(advertise)    3    19455.05    10    19
(advertise)    3    19477.27    5    19
(relay)    2    0    19478.48    20    19431    125    1
(advertise)    3    19500.68    0    20
(relay)    2    7    19523.09    19    19455.6    4    1
(advertise)    3    19523.49    7    19
(relay)    10    18    19607.11    19    19533.62    2    1
(advertise)    3    19607.31    18    19
(relay)    10    6    19638.52    20    19564    121    1
(advertise)    3    19638.72    6    20
(relay)    10    17    19682.13    19    19681.69    2    1
(advertise)    3    19682.33    17    19
(relay)    4    12    19684.74    19    19683.76    4    1
(advertise)    3    19704.34    12    19
(generate)    3    19891.76    [24]    19
(relay)    10    16    19925.17    19    19921.56    2    1
(advertise)    3    19925.37    16    19
(relay)    2    1    19940.78    19    19940.26    6    1
(advertise)    3    19946.78    1    19
(relay)    4    4    20153.4    20    20152.92    6    1
(advertise)    3    20153.6    4    20
(relay)    10    20    20179.41    20    20158.7    2    1
(advertise)    3    20179.81    20    20
(relay)    4    19    20201.22    20    20195.8    2    1
(relay)    2    14    20202.82    20    20192.16    2    2
(advertise)    3    20203.22    19    20
(advertise)    3    20225.04    14    20
(relay)    2    13    20341.85    20    20338.65    2    1
(advertise)    3    20342.05    13    20
(relay)    10    8    20363.46    20    20345.16    4    1
(advertise)    3    20365.66    8    20
(heartbeat)    24    5    20361.45    3    20385.27    3    9
(relay)    2    9    20386.47    20    20370.12    4    2
(advertise)    3    20386.67    24    5
(relay)    2    2    20389.09    20    20388.92    6    2
(relay)    10    10    20408.89    20    20408.81    4    3
(advertise)    3    20409.49    9    20
(relay)    4    11    20411.5    20    20395.13    4    3
(advertise)    3    20431.5    2    20
(relay)    2    0    20433.51    21    20431    125    3
(relay)    10    5    20450.51    20    20388.35    4    4
(advertise)    3    20454.11    10    20
(advertise)    3    20475.53    11    20
(relay)    2    7    20480.34    20    20456.48    4    3
(advertise)    3    20497.34    0    21
(advertise)    3    20519.95    5    20
(advertise)    3    20541.97    7    20
(relay)    4    6    20644.58    21    20564    123    1
(advertise)    3    20644.78    6    21
(relay)    10    17    20682.59    20    20681.73    2    1
(advertise)    3    20682.79    17    20
(relay)    2    15    20706.8    20    20703.61    2    1
(advertise)    3    20707.6    15    20
(relay)    4    12    20710.82    20    20683.85    4    1
(advertise)    3    20729.22    12    20
(generate)    3    20891.83    [24]    20
(relay)    2    16    20923.24    20    20921.72    2    1
(advertise)    3    20923.44    16    20
(relay)    2    1    20945.46    20    20940.32    6    1
(advertise)    3    20945.66    1    20
(relay)    4    4    21153.47    21    21152.94    6    1
(advertise)    3    21153.67    4    21
(relay)    4    20    21181.48    21    21158.75    2    1
(advertise)    3    21181.68    20    21
(relay)    2    14    21196.1    21    21192.18    2    1
(relay)    4    19    21202.1    21    21195.81    2    2
(advertise)    3    21203.3    14    21
(advertise)    3    21225.31    19    21
(relay)    4    13    21341.92    21    21338.72    4    1
(advertise)    3    21342.12    13    21
(relay)    2    8    21367.13    21    21345.2    4    1
(advertise)    3    21367.33    8    21
(relay)    2    9    21387.35    21    21370.29    4    1
(relay)    2    2    21388.95    21    21388.93    6    2
(advertise)    3    21390.15    9    21
(relay)    4    5    21392.16    21    21388.38    6    2
(relay)    10    10    21409.36    21    21408.87    4    3
(advertise)    3    21411.36    2    21
(relay)    10    11    21412.77    21    21395.14    4    3
(advertise)    3    21433.77    5    21
(advertise)    3    21456.19    10    21
(advertise)    3    21477.2    11    21
(relay)    10    0    21502.81    22    21431    121    1
(advertise)    3    21503.21    0    22
(relay)    10    18    21536.63    21    21533.77    2    1
(advertise)    3    21536.83    18    21
(relay)    2    21    21594.44    21    21507.92    2    1
(advertise)    3    21594.64    21    21
(relay)    2    6    21617.85    22    21564    121    1
(advertise)    3    21618.05    6    22
(relay)    10    17    21682.66    21    21681.8    2    1
(advertise)    3    21682.86    17    21
(relay)    4    12    21705.28    21    21683.9    4    1
(advertise)    3    21705.48    12    21
(relay)    10    15    21726.89    21    21703.79    2    1
(advertise)    3    21728.29    15    21
(generate)    3    21891.9    [24]    21
(relay)    2    16    21923.52    21    21921.89    2    1
(advertise)    3    21923.72    16    21
(relay)    2    1    21944.93    21    21940.41    6    1
(advertise)    3    21946.13    1    21
(relay)    4    4    22153.94    22    22152.95    6    1
(advertise)    3    22154.14    4    22
(relay)    4    20    22180.76    22    22158.75    2    1
(advertise)    3    22180.96    20    22
(relay)    2    14    22195.37    22    22192.21    2    1
(advertise)    3    22202.37    14    22
(relay)    4    19    22203.58    22    22195.81    2    1
(advertise)    3    22224.38    19    22
(relay)    10    13    22342.39    22    22338.78    4    1
(advertise)    3    22342.59    13    22
(relay)    2    8    22365.01    22    22345.28    4    1
(advertise)    3    22365.41    8    22
(relay)    2    9    22386.42    22    22370.47    4    1
(advertise)    3    22388.22    9    22
(relay)    10    10    22409.43    22    22408.93    4    1
(advertise)    3    22410.03    10    22
(relay)    4    11    22432.45    22    22395.31    4    1
(advertise)    3    22433.25    11    22
(relay)    10    5    22440.26    22    22388.39    2    1
(advertise)    3    22455.66    5    22
(relay)    2    0    22458.07    23    22431    123    1
(advertise)    3    22478.07    0    23
(relay)    2    7    22520.69    22    22456.59    4    1
(advertise)    3    22520.89    7    22
(relay)    4    18    22552.3    22    22533.92    2    1
(advertise)    3    22552.5    18    22
(relay)    2    21    22562.31    22    22508.96    2    1
(advertise)    3    22573.51    21    22
(relay)    4    6    22592.92    23    22564    121    1
(advertise)    3    22594.92    6    23
(relay)    10    17    22683.54    22    22682.25    2    1
(advertise)    3    22683.74    17    22
(relay)    2    15    22708.15    22    22703.94    2    1
(advertise)    3    22708.55    15    22
(generate)    3    22891.96    [24]    22
(relay)    10    16    22922.78    22    22922.06    2    1
(advertise)    3    22922.98    16    22
(relay)    2    1    22944.79    22    22940.45    6    1
(advertise)    3    22946.59    1    22
(relay)    4    4    23154.0    23    23152.95    6    1
(advertise)    3    23154.2    4    23
(relay)    4    20    23180.62    23    23158.76    2    1
(advertise)    3    23180.82    20    23
(relay)    2    14    23193.43    23    23192.24    2    1
(advertise)    3    23202.43    14    23
(relay)    10    19    23226.44    23    23195.99    2    1
(advertise)    3    23226.64    19    23
(relay)    2    13    23345.05    23    23338.87    2    1
(advertise)    3    23345.25    13    23
(relay)    2    8    23365.67    23    23345.3    4    1
(advertise)    3    23366.87    8    23
(relay)    2    9    23387.48    23    23370.47    4    1
(advertise)    3    23389.48    9    23
(relay)    10    10    23409.49    23    23408.99    4    1
(advertise)    3    23410.89    10    23
(relay)    4    11    23412.51    23    23395.48    4    1
(relay)    10    2    23414.51    23    23388.94    4    2
(advertise)    3    23433.11    11    23
(advertise)    3    23454.12    2    23
(relay)    10    0    23457.13    24    23431    123    1
(advertise)    3    23475.13    0    24
(relay)    2    7    23478.95    23    23456.62    4    1
(advertise)    3    23496.55    7    23
(relay)    2    21    23522.96    23    23509.04    2    1
(advertise)    3    23523.16    21    23
(relay)    4    6    23612.77    24    23564    123    1
(advertise)    3    23612.97    6    24
(relay)    10    17    23684.18    23    23682.32    2    1
(advertise)    3    23684.38    17    23
(relay)    4    12    23686.6    23    23683.99    4    1
(advertise)    3    23705.8    12    23
(relay)    10    15    23729.01    23    23704.13    2    1
(advertise)    3    23729.81    15    23
(generate)    3    23892.02    [24]    23
(relay)    10    16    23923.24    23    23922.23    2    1
(advertise)    3    23923.44    16    23
(relay)    2    1    23944.85    23    23940.49    6    1
(advertise)    3    23945.45    1    23
(relay)    4    4    24154.06    24    24153.15    6    1
(advertise)    3    24154.26    4    24
(relay)    4    20    24180.68    24    24158.77    2    1
(advertise)    3    24180.88    20    24
(relay)    2    14    24194.69    24    24192.27    2    1
(advertise)    3    24203.49    14    24
(relay)    4    19    24204.7    24    24196.16    2    1
(advertise)    3    24224.7    19    24
(relay)    10    13    24342.91    24    24338.94    4    1
(advertise)    3    24343.11    13    24
(heartbeat)    24    6    24361.47    3    24367.73    3    9
(advertise)    3    24368.13    24    6
(relay)    10    9    24389.94    24    24370.61    4    1
(relay)    4    5    24390.34    24    24388.42    6    2
(advertise)    3    24390.74    9    24
(relay)    10    10    24410.15    24    24409.07    4    2
(advertise)    3    24412.75    5    24
(advertise)    3    24434.77    10    24
(relay)    4    8    24479.18    24    24346.31    2    1
(advertise)    3    24479.38    8    24
(relay)    10    2    24481.39    24    24389.13    4    1
(relay)    2    0    24483.59    25    24431    125    2
(advertise)    3    24500.79    2    24
(relay)    2    11    24506.01    24    24395.65    2    2
(advertise)    3    24522.81    0    25
(relay)    2    7    24542.82    24    24456.66    2    2
(advertise)    3    24544.22    11    24
(relay)    4    18    24546.23    24    24534.17    2    2
(advertise)    3    24566.43    7    24
(relay)    10    21    24587.04    24    24509.14    2    2
(advertise)    3    24587.84    18    24
(advertise)    3    24609.06    21    24
(relay)    2    6    24676.87    25    24564    109    1
(advertise)    3    24677.07    6    25
(relay)    10    17    24699.48    24    24682.36    2    1
(advertise)    3    24700.68    17    24
(relay)    2    15    24707.3    24    24704.32    2    1
(advertise)    3    24722.1    15    24
(relay)    2    12    24745.31    24    24684.08    2    1
(advertise)    3    24745.51    12    24
(generate)    3    24892.12    [24]    24
(relay)    10    16    24923.74    24    24922.4    2    1
(advertise)    3    24923.94    16    24
(relay)    10    1    24948.35    24    24940.52    4    1
(advertise)    3    24949.15    1    24
(relay)    4    4    25153.36    25    25153.17    6    1
(advertise)    3    25153.56    4    25
(relay)    10    20    25180.97    25    25159.2    2    1
(advertise)    3    25181.17    20    25
(relay)    4    19    25203.79    25    25196.31    2    1
(advertise)    3    25204.79    19    25
(relay)    10    14    25230.0    25    25192.32    2    1
(advertise)    3    25230.2    14    25
(relay)    4    13    25341.81    25    25339.04    4    1
(advertise)    3    25342.01    13    25
(relay)    2    8    25367.43    25    25346.49    4    1
(advertise)    3    25367.63    8    25
(relay)    2    9    25388.64    25    25370.62    4    1
(advertise)    3    25389.84    9    25
(relay)    4    5    25391.05    25    25388.44    6    1
(relay)    10    10    25410.25    25    25409.15    4    2
(advertise)    3    25411.65    5    25
(relay)    4    11    25413.07    25    25395.66    4    2
(advertise)    3    25433.47    10    25
(advertise)    3    25456.88    11    25
(relay)    10    2    25459.49    25    25389.39    4    1
(advertise)    3    25478.89    2    25
(relay)    10    0    25499.7    26    25431    121    1
(advertise)    3    25501.9    0    26
(relay)    2    7    25520.52    25    25456.74    4    1
(advertise)    3    25523.52    7    25
(relay)    10    18    25569.93    25    25534.31    2    1
(advertise)    3    25570.13    18    25
(relay)    2    21    25591.34    25    25509.21    2    1
(advertise)    3    25591.54    21    25
(relay)    4    6    25594.16    26    25564    123    1
(advertise)    3    25612.96    6    26
(relay)    10    17    25684.57    25    25682.46    2    1
(advertise)    3    25684.77    17    25
(relay)    2    15    25706.78    25    25704.5    2    1
(advertise)    3    25707.58    15    25
(generate)    3    25892.2    [24]    25
(relay)    2    1    25948.01    25    25940.6    6    1
(advertise)    3    25948.21    1    25
(relay)    4    4    26153.42    26    26153.37    6    1
(advertise)    3    26153.62    4    26
(relay)    10    20    26180.63    26    26159.4    2    1
(advertise)    3    26180.83    20    26
(relay)    2    14    26195.65    26    26192.35    2    1
(advertise)    3    26201.85    14    26
(relay)    10    19    26204.06    26    26196.5    2    1
(advertise)    3    26223.46    19    26
(relay)    4    13    26341.87    26    26339.1    4    1
(advertise)    3    26342.07    13    26
(relay)    2    8    26365.09    26    26346.54    4    1
(advertise)    3    26365.29    8    26
(relay)    2    9    26387.9    26    26370.79    4    1
(advertise)    3    26389.1    9    26
(relay)    2    2    26390.51    26    26389.41    6    1
(relay)    4    5    26391.31    26    26388.46    6    2
(advertise)    3    26410.11    2    26
(relay)    2    10    26412.33    26    26409.19    2    2
(advertise)    3    26431.53    5    26
(relay)    10    11    26434.94    26    26395.82    4    2
(advertise)    3    26452.94    10    26
(relay)    2    0    26457.35    27    26431    125    2
(advertise)    3    26474.95    11    26
(advertise)    3    26497.16    0    27
(relay)    2    7    26505.58    26    26456.8    4    1
(advertise)    3    26519.18    7    26
(relay)    2    21    26564.39    26    26509.28    2    1
(advertise)    3    26564.59    21    26
(relay)    4    18    26569.2    26    26534.48    2    1
(advertise)    3    26586.0    18    26
(relay)    4    6    26611.82    27    26564    119    1
(advertise)    3    26612.02    6    27
(relay)    10    17    26683.83    26    26682.56    2    1
(advertise)    3    26684.03    17    26
(relay)    4    12    26686.64    26    26684.21    4    1
(relay)    2    15    26705.64    26    26704.66    2    2
(advertise)    3    26706.04    12    26
(advertise)    3    26728.86    15    26
(generate)    3    26892.27    [24]    26
(relay)    2    16    26925.48    26    26922.69    2    1
(advertise)    3    26925.68    16    26
(relay)    2    1    26947.89    26    26940.64    6    1
(advertise)    3    26948.09    1    26
(relay)    4    4    27153.51    27    27153.39    6    1
(advertise)    3    27153.71    4    27
(relay)    10    20    27179.72    27    27159.59    2    1
(advertise)    3    27179.92    20    27
(relay)    2    14    27196.73    27    27192.38    2    1
(relay)    10    19    27203.13    27    27196.51    2    2
(advertise)    3    27203.53    14    27
(advertise)    3    27225.75    19    27
(relay)    2    13    27342.56    27    27339.16    2    1
(advertise)    3    27342.76    13    27
(relay)    10    8    27364.17    27    27346.56    4    1
(advertise)    3    27364.97    8    27
(relay)    10    9    27385.59    27    27370.93    4    1
(advertise)    3    27388.19    9    27
(relay)    2    2    27390.4    27    27389.43    6    1
(relay)    10    10    27409.4    27    27409.26    4    2
(relay)    4    5    27409.8    27    27388.47    6    3
(advertise)    3    27410.0    2    27
(relay)    10    11    27430.41    27    27395.82    4    3
(advertise)    3    27432.61    10    27
(advertise)    3    27453.62    5    27
(relay)    2    0    27460.04    28    27431    125    2
(advertise)    3    27476.64    11    27
(advertise)    3    27500.65    0    28
(relay)    2    7    27507.46    27    27456.86    4    1
(advertise)    3    27522.66    7    27
(relay)    10    21    27531.88    27    27509.35    2    1
(advertise)    3    27544.68    21    27
(relay)    10    18    27570.49    27    27534.67    2    1
(advertise)    3    27570.69    18    27
(relay)    4    6    27614.3    28    27564    123    1
(advertise)    3    27614.5    6    28
(relay)    10    17    27683.92    27    27682.64    2    1
(advertise)    3    27684.12    17    27
(relay)    2    15    27706.73    27    27704.85    2    1
(advertise)    3    27707.13    15    27
(generate)    3    27892.34    [24]    27
(relay)    10    16    27925.15    27    27922.81    2    1
(advertise)    3    27925.35    16    27
(relay)    2    1    27946.37    27    27940.66    6    1
(advertise)    3    27947.57    1    27
(relay)    4    4    28153.98    28    28153.39    6    1
(advertise)    3    28154.18    4    28
(relay)    4    20    28178.99    28    28159.62    2    1
(advertise)    3    28179.19    20    28
(relay)    2    14    28197.01    28    28192.42    2    1
(advertise)    3    28201.41    14    28
(relay)    4    19    28222.82    28    28196.51    2    1
(advertise)    3    28224.62    19    28
(relay)    2    13    28341.83    28    28339.23    2    1
(advertise)    3    28342.03    13    28
(heartbeat)    24    7    28361.48    3    28364.05    3    9
(advertise)    3    28366.05    24    7
(relay)    10    9    28387.06    28    28371.06    4    1
(advertise)    3    28387.66    9    28
(relay)    2    2    28390.47    28    28389.45    6    1
(relay)    10    8    28407.87    28    28346.58    2    2
(relay)    10    10    28409.47    28    28409.31    4    3
(advertise)    3    28409.87    2    28
(relay)    10    11    28429.28    28    28396.21    4    3
(advertise)    3    28431.08    8    28
(advertise)    3    28452.1    10    28
(relay)    10    5    28472.11    28    28388.48    4    2
(advertise)    3    28473.11    11    28
(advertise)    3    28494.12    5    28
(relay)    10    7    28520.14    28    28456.92    4    1
(advertise)    3    28520.34    7    28
(relay)    10    21    28543.15    28    28509.44    2    1
(advertise)    3    28544.55    21    28
(relay)    2    6    28607.56    29    28564    121    1
(advertise)    3    28607.76    6    29
(relay)    10    0    28610.18    29    28431    121    1
(advertise)    3    28629.78    0    29
(relay)    10    17    28683.19    28    28682.67    2    1
(advertise)    3    28683.39    17    28
(relay)    4    12    28724.0    28    28684.39    4    1
(advertise)    3    28724.2    12    28
(generate)    3    28892.41    [24]    28
(relay)    10    16    28926.23    28    28922.96    2    1
(advertise)    3    28926.43    16    28
(relay)    2    1    28948.24    28    28940.76    6    1
(advertise)    3    28948.64    1    28
(relay)    4    4    29154.05    29    29153.42    6    1
(advertise)    3    29154.25    4    29
(relay)    4    20    29179.07    29    29159.65    2    1
(advertise)    3    29179.27    20    29
(relay)    2    14    29197.48    29    29192.45    2    1
(advertise)    3    29200.88    14    29
(relay)    10    19    29202.29    29    29196.7    2    1
(advertise)    3    29223.29    19    29
(relay)    10    13    29340.71    29    29339.33    4    1
(advertise)    3    29340.91    13    29
(relay)    2    8    29363.52    29    29346.65    4    1
(advertise)    3    29363.92    8    29
(relay)    10    9    29385.93    29    29371.06    4    1
(advertise)    3    29386.33    9    29
(relay)    2    2    29389.54    29    29389.5    6    1
(relay)    10    11    29406.94    29    29396.22    4    2
(advertise)    3    29407.94    2    29
(relay)    10    10    29409.56    29    29409.39    4    2
(advertise)    3    29430.16    11    29
(advertise)    3    29451.37    10    29
(relay)    10    5    29456.98    29    29388.51    2    1
(relay)    2    0    29471.98    30    29431    125    2
(advertise)    3    29474.38    5    29
(advertise)    3    29496.2    0    30
(relay)    2    21    29530.81    29    29509.53    2    1
(advertise)    3    29531.01    21    29
(relay)    10    18    29537.22    29    29534.98    2    1
(advertise)    3    29553.42    18    29
(relay)    4    6    29587.04    30    29564    123    1
(advertise)    3    29587.24    6    30
(relay)    10    17    29683.25    29    29682.74    2    1
(advertise)    3    29683.45    17    29
(relay)    4    12    29706.86    29    29684.45    4    1
(relay)    2    15    29707.86    29    29705.46    2    2
(advertise)    3    29708.86    12    29
(advertise)    3    29732.07    15    29
(generate)    3    29892.49    [24]    29
(relay)    2    16    29924.7    29    29923.09    2    1
(advertise)    3    29925.1    16    29
(relay)    2    1    29946.91    29    29940.81    6    1
(advertise)    3    29948.51    1    29
