(relay)    34    41    26    1    9    126    1
(advertise)    33    26.4    41    1
(relay)    32    23    63.41    1    6    118    1
(advertise)    33    63.61    23    1
(relay)    26    0    438.43    1    431    119    1
(advertise)    33    438.63    0    1
(relay)    32    23    1007.64    2    1006.05    124    1
(advertise)    33    1007.84    23    2
(relay)    26    26    1028.25    1    1028.07    127    1
(relay)    32    47    1029.05    1    1007.05    124    2
(advertise)    33    1029.85    26    1
(relay)    40    41    1031.67    2    1009.47    126    2
(advertise)    33    1051.07    47    1
(relay)    40    39    1054.48    1    1025.07    126    2
(advertise)    33    1073.48    41    2
(advertise)    33    1095.29    39    1
(relay)    40    31    1102.1    1    1057.09    124    1
(advertise)    33    1118.9    31    1
(relay)    26    4    1154.32    1    1150.12    123    1
(advertise)    33    1154.52    4    1
(relay)    26    27    1175.73    1    1169.14    126    1
(advertise)    33    1179.53    27    1
(relay)    32    20    1199.54    1    1154.54    123    1
(advertise)    33    1201.14    20    1
(relay)    26    19    1219.36    1    1193.16    126    1
(advertise)    33    1223.56    19    1
(relay)    26    14    1246.57    1    1191.16    119    1
(advertise)    33    1247.37    14    1
(relay)    32    32    1297.38    1    1297.2    127    1
(advertise)    33    1297.58    32    1
(relay)    26    13    1340.4    1    1337.01    124    1
(advertise)    33    1340.6    13    1
(relay)    40    35    1364.61    1    1338.01    122    1
(advertise)    33    1364.81    35    1
(relay)    32    8    1368.22    1    1343.02    121    1
(advertise)    33    1388.22    8    1
(relay)    26    9    1412.43    1    1367.02    122    1
(advertise)    33    1412.63    9    1
(relay)    40    40    1432.65    1    1432.05    127    1
(advertise)    33    1435.05    40    1
(relay)    32    11    1436.26    1    1392.05    124    1
(relay)    26    25    1458.86    1    1450.07    126    2
(advertise)    33    1459.06    11    1
(relay)    26    2    1479.87    1    1383.03    121    2
(advertise)    33    1481.27    25    1
(advertise)    33    1502.69    2    1
(relay)    32    0    1525.5    2    1431    119    1
(advertise)    33    1525.7    0    2
(relay)    26    18    1549.31    1    1531.13    125    1
(relay)    40    10    1549.91    1    1405.05    115    2
(advertise)    33    1550.71    18    1
(relay)    40    37    1570.93    1    1478.09    124    2
(advertise)    33    1572.13    10    1
(advertise)    33    1593.94    37    1
(relay)    40    48    1614.55    1    1486.03    123    1
(advertise)    33    1616.95    48    1
(relay)    34    6    1619.76    2    1564    123    1
(generate)    33    1633.16    [24]    1
(advertise)    33    1639.58    6    2
(relay)    32    42    1660.19    1    1461.09    121    1
(advertise)    33    1661.99    42    1
(relay)    34    28    1684.8    1    1485.1    117    1
(advertise)    33    1685.0    28    1
(relay)    32    38    1704.22    1    1617.18    125    1
(advertise)    33    1707.82    38    1
(relay)    26    45    1729.23    1    1512.11    122    1
(advertise)    33    1731.43    45    1
(relay)    32    21    1748.64    1    1505.11    120    1
(relay)    34    44    1749.84    1    1690.02    121    2
(advertise)    33    1752.64    21    1
(advertise)    33    1773.86    44    1
(relay)    32    17    1815.27    1    1680.02    124    1
(advertise)    33    1815.47    17    1
(relay)    26    12    1819.88    1    1681.02    125    1
(advertise)    33    1837.48    12    1
(relay)    40    5    1857.89    1    1388.0    114    1
(advertise)    33    1859.89    5    1
(relay)    34    34    1863.51    1    1862.91    127    1
(relay)    32    30    1880.51    1    1801.08    125    2
(advertise)    33    1882.31    34    1
(relay)    26    22    1884.52    1    1608.16    121    2
(relay)    32    36    1902.52    1    1727.04    121    3
(advertise)    33    1904.52    30    1
(relay)    26    15    1906.13    1    1701.02    120    3
(advertise)    33    1925.53    22    1
(advertise)    33    1946.75    36    1
(relay)    32    43    1968.96    1    1818.09    122    2
(advertise)    33    1970.56    15    1
(advertise)    33    1992.57    43    1
(relay)    32    29    1994.39    1    1832.11    124    1
(advertise)    33    2013.99    29    1
(relay)    32    3    2016.0    1    1890.13    122    1
(relay)    34    41    2018.8    3    2009.57    126    2
(relay)    26    26    2028.2    2    2028.2    127    3
(advertise)    33    2035.4    3    1
(relay)    32    46    2040.01    1    1951.16    125    3
(advertise)    33    2058.01    41    3
(relay)    32    39    2061.02    2    2025.2    126    3
(advertise)    33    2080.02    26    2
(relay)    32    31    2082.84    2    2057.22    126    3
(relay)    34    47    2087.24    2    2007.19    124    4
(advertise)    33    2102.04    46    1
(advertise)    33    2123.05    39    2
(relay)    26    23    2125.46    3    2006.2    120    3
(advertise)    33    2144.46    31    2
(relay)    40    16    2147.48    1    1919.16    117    3
(relay)    32    1    2148.48    1    1938.11    120    4
(advertise)    33    2167.08    47    2
(advertise)    33    2189.89    23    3
(advertise)    33    2213.3    16    1
(relay)    34    27    2219.92    2    2169.28    126    2
(advertise)    33    2236.92    1    1
(advertise)    33    2258.53    27    2
(relay)    34    20    2287.34    2    2154.68    125    1
(advertise)    33    2287.54    20    2
(relay)    32    32    2297.55    2    2297.37    127    1
(relay)    40    4    2299.95    2    2151.08    121    2
(relay)    32    14    2303.35    2    2191.32    117    3
(advertise)    33    2310.95    32    2
(relay)    32    19    2326.57    2    2193.3    122    3
(advertise)    33    2333.37    4    2
(advertise)    33    2354.98    14    2
(relay)    26    13    2368.79    2    2337.19    124    2
(advertise)    33    2376.59    19    2
(relay)    26    11    2394.81    2    2392.22    124    2
(advertise)    33    2400.01    13    2
(relay)    26    5    2418.82    2    2388.01    124    2
(relay)    32    9    2421.02    2    2367.21    122    3
(advertise)    33    2422.02    11    2
(relay)    40    40    2434.03    2    2433.03    127    3
(relay)    32    35    2443.83    2    2338.19    122    4
(advertise)    33    2444.43    5    2
(relay)    26    25    2462.24    2    2450.26    126    4
(advertise)    33    2465.64    9    2
(relay)    26    8    2483.26    2    2343.21    119    4
(advertise)    33    2486.66    40    2
(advertise)    33    2508.07    35    2
(relay)    26    10    2527.48    2    2405.23    123    3
(advertise)    33    2529.08    25    2
(advertise)    33    2552.7    8    2
(relay)    40    48    2560.31    2    2486.18    125    2
(relay)    26    2    2570.71    2    2383.22    121    3
(advertise)    33    2574.31    10    2
(relay)    40    37    2583.72    2    2478.27    124    3
(relay)    26    18    2593.12    2    2531.31    125    4
(advertise)    33    2597.32    48    2
(advertise)    33    2619.54    2    2
(relay)    40    42    2628.35    2    2461.26    121    3
(generate)    33    2633.35    [24]    2
(advertise)    33    2642.96    37    2
(relay)    40    45    2648.77    2    2512.3    124    3
(advertise)    33    2664.97    18    2
(relay)    26    6    2682.59    3    2564    123    3
(advertise)    33    2687.99    42    2
(relay)    32    0    2691.4    3    2431    119    3
(relay)    26    7    2705.4    2    2453.24    120    4
(advertise)    33    2710.0    45    2
(advertise)    33    2732.21    6    3
(relay)    40    38    2735.63    2    2617.36    125    3
(advertise)    33    2753.43    0    3
(relay)    40    28    2758.24    2    2485.28    121    3
(advertise)    33    2776.04    7    2
(relay)    26    12    2793.65    2    2681.19    125    3
(advertise)    33    2798.65    38    2
(relay)    26    17    2815.87    2    2680.19    124    3
(advertise)    33    2821.87    28    2
(advertise)    33    2844.48    12    2
(relay)    40    44    2845.89    2    2690.2    123    2
(relay)    26    21    2859.89    2    2505.3    120    3
(relay)    34    34    2863.69    2    2863.09    127    4
(advertise)    33    2865.89    17    2
(advertise)    33    2890.3    44    2
(relay)    32    22    2911.52    2    2608.36    123    3
(advertise)    33    2914.32    21    2
(advertise)    33    2935.33    34    2
(relay)    40    36    2955.34    2    2727.23    123    2
(advertise)    33    2957.54    22    2
(relay)    26    15    2968.16    2    2701.2    120    2
(advertise)    33    2980.16    36    2
(relay)    40    46    2999.17    2    2951.34    125    2
(advertise)    33    3001.57    15    2
(relay)    26    3    3017.18    2    2890.3    120    2
(relay)    32    29    3019.78    2    2832.29    124    3
(relay)    40    30    3020.18    2    2801.28    123    4
(advertise)    33    3023.78    46    2
(relay)    26    26    3028.4    3    3028.4    127    4
(relay)    34    41    3044.4    4    3009.77    126    5
(advertise)    33    3045.8    3    2
(relay)    40    47    3065.61    3    3007.37    126    5
(advertise)    33    3068.81    29    2
(relay)    26    16    3084.82    2    2919.34    121    5
(advertise)    33    3090.22    30    2
(relay)    32    39    3105.03    3    3025.4    126    5
(relay)    40    43    3107.43    2    2818.28    122    6
(advertise)    33    3111.23    26    3
(advertise)    33    3132.25    41    4
(relay)    26    1    3149.26    2    2938.68    120    5
(relay)    32    31    3152.66    3    3057.42    126    6
(advertise)    33    3155.66    47    3
(advertise)    33    3176.87    16    2
(advertise)    33    3198.89    39    3
(relay)    26    27    3215.5    3    3169.47    126    4
(relay)    40    23    3216.3    4    3006.4    122    5
(advertise)    33    3220.1    43    2
(relay)    26    19    3237.91    3    3193.49    126    5
(advertise)    33    3243.71    1    2
(advertise)    33    3266.13    31    3
(relay)    26    20    3282.94    3    3154.86    125    4
(advertise)    33    3290.74    27    3
(relay)    32    32    3297.55    3    3297.55    127    4
(relay)    32    14    3306.35    3    3191.5    121    5
(advertise)    33    3312.95    23    4
(advertise)    33    3334.36    19    3
(relay)    26    4    3350.58    3    3151.25    123    4
(advertise)    33    3355.98    20    3
(advertise)    33    3377.59    32    3
(advertise)    33    3399.0    14    3
(relay)    26    13    3417.62    3    3337.38    124    2
(advertise)    33    3420.42    4    3
(relay)    32    35    3424.23    3    3338.39    122    2
(relay)    40    40    3434.23    3    3433.23    127    3
(relay)    26    9    3439.63    3    3367.39    122    4
(advertise)    33    3442.63    13    3
(relay)    26    25    3461.04    3    3450.44    126    4
(advertise)    33    3464.04    35    3
(advertise)    33    3485.26    40    3
(relay)    26    11    3505.87    3    3392.42    124    3
(advertise)    33    3508.07    9    3
(relay)    40    48    3514.28    3    3486.36    125    3
(advertise)    33    3529.28    25    3
(relay)    40    8    3535.69    3    3343.39    119    3
(advertise)    33    3550.89    11    3
(relay)    32    37    3553.31    3    3478.47    124    3
(relay)    26    5    3570.51    3    3388.03    124    4
(advertise)    33    3572.31    48    3
(relay)    26    10    3591.52    3    3405.43    123    4
(advertise)    33    3594.32    8    3
(relay)    32    28    3596.13    3    3485.47    123    4
(relay)    40    45    3604.33    3    3512.48    124    5
(advertise)    33    3618.13    37    3
(generate)    33    3633.55    [24]    3
(relay)    26    18    3637.36    3    3531.49    125    5
(advertise)    33    3641.16    5    3
(advertise)    33    3662.97    10    3
(advertise)    33    3683.99    28    3
(relay)    26    6    3703.6    4    3564    123    3
(advertise)    33    3708.4    45    3
(relay)    40    42    3713.61    3    3461.46    121    3
(relay)    26    2    3725.21    3    3383.42    121    4
(advertise)    33    3729.61    18    3
(advertise)    33    3751.82    6    4
(relay)    40    38    3758.24    3    3617.56    125    3
(advertise)    33    3775.24    42    3
(relay)    26    12    3791.65    3    3682.59    125    3
(relay)    32    21    3792.85    3    3505.48    122    4
(advertise)    33    3796.45    2    3
(relay)    26    0    3812.86    4    3431    119    4
(advertise)    33    3821.66    38    3
(advertise)    33    3843.28    12    3
(relay)    40    7    3845.49    3    3453.44    118    3
(relay)    34    34    3863.89    3    3863.29    127    4
(advertise)    33    3865.69    21    3
(advertise)    33    3889.5    0    4
(relay)    40    44    3891.32    3    3690.4    123    3
(relay)    26    17    3904.12    3    3680.39    124    4
(advertise)    33    3910.52    7    3
(advertise)    33    3932.53    34    3
(advertise)    33    3954.74    44    3
(relay)    32    22    3965.35    3    3608.56    123    2
(advertise)    33    3976.95    17    3
(relay)    34    15    3991.97    3    3701.4    116    2
(advertise)    33    3998.97    22    3
(relay)    40    46    4001.38    3    3951.54    125    2
(relay)    32    36    4010.58    3    3727.42    123    3
(advertise)    33    4020.98    15    3
(relay)    26    26    4029.19    4    4028.59    127    3
(relay)    34    41    4037.79    5    4009.97    126    4
(relay)    26    3    4039.39    3    3890.49    122    5
(advertise)    33    4043.39    46    3
(relay)    32    43    4056.41    3    3818.48    122    5
(advertise)    33    4066.21    36    3
(relay)    40    47    4070.22    4    4007.57    126    5
(relay)    26    16    4082.62    3    3919.54    123    6
(advertise)    33    4088.42    26    4
(relay)    32    39    4101.03    4    4025.58    126    6
(advertise)    33    4110.83    41    5
(advertise)    33    4133.85    3    3
(relay)    26    1    4153.06    3    3938.86    120    5
(advertise)    33    4156.86    43    3
(relay)    32    31    4168.87    4    4057.62    126    5
(relay)    26    30    4174.27    3    3801.45    121    6
(advertise)    33    4179.27    47    4
(relay)    40    29    4181.28    3    3832.49    122    6
(advertise)    33    4201.88    16    3
(advertise)    33    4223.7    39    4
(advertise)    33    4246.11    1    3
(relay)    26    27    4265.32    4    4169.67    126    4
(advertise)    33    4267.92    31    4
(relay)    34    20    4279.34    4    4155.06    125    4
(relay)    26    19    4287.14    4    4193.68    126    5
(advertise)    33    4290.54    30    3
(relay)    32    14    4294.15    4    4191.68    121    5
(relay)    32    32    4298.35    4    4297.75    127    6
(advertise)    33    4311.95    29    3
(advertise)    33    4333.16    27    4
(relay)    40    23    4335.78    5    4006.99    122    5
(advertise)    33    4354.18    20    4
(relay)    32    4    4355.39    4    4151.45    123    5
(advertise)    33    4375.99    19    4
(advertise)    33    4398.8    14    4
(advertise)    33    4420.21    32    4
(heartbeat)    24    1    4361.4    33    4425.43    127    0
(relay)    40    40    4434.43    4    4433.43    127    4
(advertise)    33    4443.83    23    5
(relay)    32    35    4447.44    4    4338.58    122    4
(relay)    26    11    4463.04    4    4392.43    124    5
(advertise)    33    4465.84    4    4
(relay)    32    25    4468.85    4    4450.64    2    5
(advertise)    33    4487.65    24    1
(advertise)    33    4509.87    40    4
(relay)    26    13    4529.68    4    4337.58    124    4
(advertise)    33    4531.48    35    4
(relay)    32    8    4536.09    4    4343.59    121    4
(advertise)    33    4553.29    11    4
(relay)    32    10    4558.71    4    4405.63    123    4
(relay)    34    48    4565.11    4    4486.55    125    5
(advertise)    33    4577.31    25    4
(relay)    40    45    4588.32    4    4512.68    2    5
(advertise)    33    4599.12    13    4
(relay)    32    37    4606.33    4    4478.65    2    5
(relay)    26    5    4620.93    4    4388.04    122    6
(advertise)    33    4621.53    8    4
(generate)    33    4633.74    [24]    4
(relay)    26    18    4642.96    4    4531.69    2    6
(advertise)    33    4643.56    10    4
(relay)    40    42    4656.37    4    4461.61    121    6
(advertise)    33    4664.77    48    4
(advertise)    33    4686.98    45    4
(relay)    34    6    4695.2    5    4564    123    5
(relay)    32    28    4696.8    4    4485.67    2    6
(advertise)    33    4709.0    37    4
(advertise)    33    4731.01    5    4
(relay)    32    9    4742.22    4    4367.59    122    5
(advertise)    33    4752.42    18    4
(relay)    34    2    4754.64    4    4383.61    119    5
(relay)    40    38    4764.84    4    4617.76    2    6
(advertise)    33    4774.64    42    4
(advertise)    33    4797.45    6    5
(advertise)    33    4819.06    28    4
(relay)    34    12    4823.27    4    4682.78    2    4
(relay)    32    0    4829.67    5    4431    119    5
(advertise)    33    4841.27    9    4
(relay)    26    7    4864.09    4    4453.64    120    5
(advertise)    33    4864.29    2    4
(relay)    32    21    4874.9    4    4505.68    2    5
(relay)    40    44    4878.1    4    4690.6    2    6
(advertise)    33    4887.1    38    4
(relay)    40    34    4899.11    4    4863.46    4    6
(advertise)    33    4908.71    12    4
(advertise)    33    4930.73    0    5
(relay)    32    22    4942.14    4    4608.76    2    5
(relay)    40    43    4948.14    4    4818.67    2    6
(advertise)    33    4951.94    7    4
(relay)    32    30    4965.55    4    4801.65    2    6
(advertise)    33    4973.95    21    4
(advertise)    33    4996.97    44    4
(relay)    34    47    5009.58    5    5007.77    4    5
(advertise)    33    5019.58    34    4
(relay)    26    26    5029.19    5    5028.73    4    5
(relay)    32    39    5031.79    5    5025.78    4    6
(advertise)    33    5042.59    22    4
(relay)    32    31    5059.2    5    5057.82    2    6
(advertise)    33    5068.0    43    4
(advertise)    33    5090.22    30    4
(advertise)    33    5111.23    47    5
(advertise)    33    5132.64    26    5
(advertise)    33    5153.66    39    5
(relay)    34    20    5156.67    5    5155.14    4    2
(advertise)    33    5175.07    31    5
(relay)    26    27    5178.08    5    5169.79    4    2
(advertise)    33    5197.48    20    5
(relay)    26    19    5199.7    5    5193.8    4    2
(relay)    32    4    5212.3    5    5151.49    2    3
(advertise)    33    5220.5    27    5
(advertise)    33    5241.71    19    5
(advertise)    33    5263.32    4    5
(relay)    32    32    5298.33    5    5297.87    4    1
(advertise)    33    5298.53    32    5
(relay)    34    13    5340.35    5    5337.6    4    1
(advertise)    33    5340.55    13    5
(relay)    26    5    5390.96    5    5388.05    4    1
(advertise)    33    5391.16    5    5
(relay)    26    11    5414.57    5    5392.48    2    1
(advertise)    33    5414.77    11    5
(relay)    32    40    5434.39    5    5433.46    4    1
(advertise)    33    5436.39    40    5
(relay)    32    25    5455.2    5    5450.83    2    1
(advertise)    33    5458.8    25    5
(relay)    40    0    5464.61    6    5431    115    1
(advertise)    33    5480.01    0    6
(relay)    40    48    5490.23    5    5486.73    6    1
(advertise)    33    5502.03    48    5
(relay)    40    42    5531.04    5    5461.79    2    1
(advertise)    33    5531.24    42    5
(relay)    32    28    5549.25    5    5485.86    2    1
(relay)    26    18    5550.45    5    5531.73    2    2
(advertise)    33    5552.85    28    5
(relay)    40    45    5555.66    5    5512.77    2    2
(advertise)    33    5575.26    18    5
(relay)    34    6    5577.68    6    5564    123    2
(advertise)    33    5597.08    45    5
(advertise)    33    5619.69    6    6
(generate)    33    5633.9    [24]    5
(relay)    32    38    5661.12    5    5617.81    2    1
(advertise)    33    5661.32    38    5
(relay)    26    12    5688.93    5    5682.95    2    1
(advertise)    33    5689.13    12    5
(relay)    40    44    5707.34    5    5690.79    2    1
(advertise)    33    5710.14    44    5
(relay)    32    43    5826.76    5    5818.86    2    1
(advertise)    33    5826.96    43    5
(relay)    34    34    5864.57    5    5863.51    6    1
(advertise)    33    5864.77    34    5
(relay)    32    46    5954.58    5    5951.8    4    1
(advertise)    33    5954.78    46    5
(relay)    40    47    6009.19    6    6007.84    6    1
(advertise)    33    6009.39    47    6
(relay)    26    26    6029.41    6    6028.8    4    1
(relay)    40    41    6031.21    7    6010.24    6    2
(advertise)    33    6032.21    26    6
(advertise)    33    6053.22    41    7
(relay)    32    31    6074.63    6    6057.96    2    1
(advertise)    33    6075.83    31    6
(relay)    34    39    6077.05    6    6025.83    2    1
(advertise)    33    6098.05    39    6
(relay)    32    4    6155.46    6    6151.5    2    1
(advertise)    33    6155.66    4    6
(relay)    26    27    6170.27    6    6169.85    4    1
(advertise)    33    6179.07    27    6
(relay)    26    20    6193.89    6    6155.15    4    1
(relay)    34    19    6199.69    6    6193.98    2    2
(advertise)    33    6200.89    20    6
(advertise)    33    6223.5    19    6
(relay)    32    32    6298.51    6    6297.98    4    1
(advertise)    33    6298.71    32    6
(relay)    26    13    6339.32    6    6337.68    4    1
(advertise)    33    6339.52    13    6
(relay)    32    11    6413.94    6    6392.5    2    1
(advertise)    33    6414.14    11    6
(relay)    40    40    6433.55    6    6433.5    6    1
(advertise)    33    6436.35    40    6
(relay)    26    5    6456.56    6    6388.06    4    1
(advertise)    33    6459.36    5    6
(relay)    32    25    6461.18    6    6450.88    2    1
(advertise)    33    6481.18    25    6
(relay)    32    0    6482.39    7    6431    119    1
(relay)    34    48    6490.19    6    6486.91    6    2
(advertise)    33    6502.79    0    7
(advertise)    33    6524.0    48    6
(relay)    40    45    6533.22    6    6512.87    2    1
(advertise)    33    6546.42    45    6
(relay)    26    18    6566.03    6    6531.91    2    1
(advertise)    33    6569.63    18    6
(relay)    34    6    6590.64    7    6564    123    1
(advertise)    33    6591.84    6    7
(relay)    32    37    6593.65    6    6478.98    2    1
(advertise)    33    6613.85    37    6
(generate)    33    6634.07    [24]    6
(relay)    32    38    6661.08    6    6617.89    2    1
(advertise)    33    6661.28    38    6
(relay)    34    12    6687.09    6    6683.01    2    1
(advertise)    33    6687.89    12    6
(relay)    40    44    6693.71    6    6690.83    2    1
(advertise)    33    6709.31    44    6
(relay)    32    22    6723.92    6    6608.86    2    1
(advertise)    33    6730.32    22    6
(relay)    32    36    6749.73    6    6728.71    2    1
(advertise)    33    6752.93    36    6
(relay)    40    43    6827.55    6    6818.98    2    1
(advertise)    33    6827.75    43    6
(relay)    34    34    6864.56    6    6863.54    6    1
(advertise)    33    6864.76    34    6
(relay)    40    47    7009.17    7    7007.91    6    1
(advertise)    33    7009.37    47    7
(relay)    26    26    7029.78    7    7028.85    4    1
(advertise)    33    7030.98    26    7
(relay)    40    41    7032.2    8    7010.27    6    1
(relay)    32    39    7034.4    7    7025.85    4    2
(advertise)    33    7053.2    41    8
(advertise)    33    7075.21    39    7
(relay)    32    31    7102.42    7    7058.06    2    1
(advertise)    33    7103.22    31    7
(relay)    32    4    7154.04    7    7151.5    2    1
(advertise)    33    7154.24    4    7
(relay)    34    27    7170.65    7    7169.9    4    1
(advertise)    33    7176.45    27    7
(relay)    32    20    7178.06    7    7155.37    2    1
(advertise)    33    7198.66    20    7
(relay)    32    19    7202.28    7    7194.0    2    1
(advertise)    33    7221.28    19    7
(relay)    32    32    7298.69    7    7298.15    4    1
(advertise)    33    7298.89    32    7
(relay)    34    13    7338.9    7    7337.78    4    1
(advertise)    33    7339.1    13    7
(relay)    32    11    7411.11    7    7392.5    2    1
(advertise)    33    7411.31    11    7
(relay)    40    40    7433.73    7    7433.54    6    1
(advertise)    33    7434.13    40    7
(relay)    26    25    7456.94    7    7450.99    2    1
(advertise)    33    7457.34    25    7
(relay)    40    37    7483.95    7    7479.15    2    1
(advertise)    33    7484.55    37    7
(relay)    34    0    7501.97    8    7431    117    1
(relay)    40    48    7506.17    7    7486.92    6    2
(advertise)    33    7506.77    0    8
(relay)    40    42    7527.18    7    7462.18    2    2
(advertise)    33    7528.58    48    7
(relay)    26    18    7549.99    7    7531.91    2    2
(advertise)    33    7550.59    42    7
(relay)    40    45    7571.21    7    7512.95    2    2
(advertise)    33    7573.21    18    7
(relay)    26    6    7575.62    8    7564    123    2
(advertise)    33    7595.22    45    7
(relay)    32    28    7616.23    7    7485.92    2    2
(advertise)    33    7616.63    6    8
(generate)    33    7634.24    [24]    7
(advertise)    33    7639.06    28    7
(relay)    26    12    7688.07    7    7683.07    2    1
(advertise)    33    7688.27    12    7
(relay)    40    44    7706.28    7    7690.87    2    1
(advertise)    33    7710.68    44    7
(relay)    32    22    7733.5    7    7608.93    2    1
(advertise)    33    7733.9    22    7
(relay)    32    30    7803.71    7    7802.02    2    1
(advertise)    33    7803.91    30    7
(relay)    40    43    7828.52    7    7819.1    2    1
(advertise)    33    7828.72    43    7
(relay)    34    34    7864.54    7    7863.55    6    1
(advertise)    33    7864.74    34    7
(relay)    32    46    7954.55    7    7951.85    4    1
(advertise)    33    7954.75    46    7
(relay)    40    47    8009.16    8    8007.96    6    1
(advertise)    33    8009.36    47    8
(relay)    34    41    8011.97    9    8010.55    6    1
(relay)    26    26    8029.97    8    8028.92    4    2
(advertise)    33    8031.17    41    9
(relay)    32    39    8034.19    8    8025.85    4    2
(advertise)    33    8053.19    26    8
(advertise)    33    8075.4    39    8
(relay)    32    31    8100.81    8    8058.11    2    1
(advertise)    33    8101.01    31    8
(relay)    26    4    8152.83    8    8151.69    2    1
(advertise)    33    8153.03    4    8
(relay)    34    27    8170.84    8    8169.97    4    1
(advertise)    33    8176.24    27    8
(relay)    34    20    8192.65    8    8155.39    4    1
(advertise)    33    8198.85    20    8
(relay)    34    19    8215.87    8    8194.19    2    1
(advertise)    33    8222.07    19    8
(relay)    32    32    8299.28    8    8298.31    4    1
(advertise)    33    8299.48    32    8
(relay)    40    13    8339.49    8    8337.82    2    1
(advertise)    33    8339.69    13    8
(heartbeat)    24    2    8361.41    33    8364.1    3    3
(advertise)    33    8364.3    24    2
(relay)    26    11    8412.52    8    8392.5    2    1
(advertise)    33    8412.72    11    8
(relay)    40    40    8433.73    8    8433.6    6    1
(advertise)    33    8435.13    40    8
(relay)    32    25    8458.14    8    8451.06    2    1
(advertise)    33    8458.74    25    8
(relay)    40    0    8464.96    9    8431    115    1
(advertise)    33    8479.96    0    9
(relay)    40    48    8489.57    8    8486.96    6    1
(advertise)    33    8500.97    48    8
(relay)    40    42    8532.78    8    8462.19    2    1
(advertise)    33    8532.98    42    8
(relay)    32    45    8551.0    8    8513.08    2    1
(advertise)    33    8555.8    45    8
(relay)    26    18    8567.21    8    8532.1    2    1
(advertise)    33    8578.61    18    8
(relay)    34    6    8590.82    9    8564    123    1
(advertise)    33    8600.62    6    9
(generate)    33    8634.43    [24]    8
(relay)    32    38    8661.05    8    8618.07    2    1
(advertise)    33    8661.25    38    8
(relay)    34    12    8686.26    8    8683.14    2    1
(advertise)    33    8686.46    12    8
(relay)    40    44    8709.87    8    8690.95    2    1
(advertise)    33    8710.47    44    8
(relay)    40    43    8831.09    8    8819.21    2    1
(advertise)    33    8831.29    43    8
(relay)    34    34    8863.7    8    8863.57    6    1
(advertise)    33    8863.9    34    8
(relay)    32    46    8952.51    8    8951.9    4    1
(advertise)    33    8952.91    46    8
(relay)    40    47    9009.33    9    9008.02    6    1
(advertise)    33    9009.53    47    9
(relay)    26    26    9029.94    9    9029.01    4    1
(advertise)    33    9031.14    26    9
(relay)    32    39    9033.55    9    9025.89    4    1
(advertise)    33    9055.55    39    9
(relay)    32    31    9075.76    9    9058.23    2    1
(advertise)    33    9077.76    31    9
(relay)    26    4    9153.18    9    9151.71    2    1
(advertise)    33    9153.38    4    9
(relay)    34    27    9171.39    9    9170.03    4    1
(advertise)    33    9175.39    27    9
(relay)    34    20    9194.0    9    9155.58    4    1
(advertise)    33    9197.6    20    9
(relay)    26    19    9199.22    9    9194.36    4    1
(advertise)    33    9220.62    19    9
(relay)    32    32    9299.43    9    9298.4    4    1
(advertise)    33    9299.63    32    9
(relay)    26    13    9339.44    9    9337.88    4    1
(advertise)    33    9339.64    13    9
(relay)    32    11    9411.06    9    9392.69    2    1
(advertise)    33    9411.26    11    9
(relay)    26    5    9433.27    9    9388.18    4    1
(advertise)    33    9433.67    5    9
(relay)    26    25    9455.88    9    9451.1    2    1
(advertise)    33    9456.88    25    9
(relay)    40    0    9467.89    10    9431    115    1
(advertise)    33    9478.69    0    10
(relay)    40    48    9489.91    9    9486.97    6    1
(advertise)    33    9499.71    48    9
(relay)    40    37    9513.72    9    9479.17    2    1
(advertise)    33    9521.92    37    9
(relay)    32    18    9547.13    9    9532.27    2    1
(advertise)    33    9547.73    18    9
(relay)    40    45    9550.55    9    9513.17    2    1
(advertise)    33    9568.75    45    9
(relay)    34    6    9569.96    10    9564    123    1
(relay)    32    28    9590.96    9    9485.99    2    2
(advertise)    33    9591.16    6    10
(advertise)    33    9612.97    28    9
(generate)    33    9634.59    [24]    9
(relay)    40    38    9665.4    9    9618.38    2    1
(advertise)    33    9665.6    38    9
(relay)    32    21    9678.61    9    9506.03    2    1
(advertise)    33    9688.01    21    9
(relay)    40    44    9717.43    9    9691.01    2    1
(advertise)    33    9717.63    44    9
(relay)    32    22    9724.84    9    9609.09    2    1
(advertise)    33    9738.84    22    9
(relay)    32    30    9805.05    9    9802.36    2    1
(advertise)    33    9805.25    30    9
(relay)    40    43    9830.46    9    9819.31    2    1
(advertise)    33    9830.86    43    9
(relay)    34    34    9863.68    9    9863.58    6    1
(advertise)    33    9863.88    34    9
(relay)    32    46    9953.09    9    9951.94    4    1
(advertise)    33    9953.29    46    9
(relay)    40    47    10010.5    10    10008.11    6    1
(advertise)    33    10010.7    47    10
(relay)    26    26    10030.12    10    10029.04    4    1
(relay)    40    41    10031.52    11    10011.68    6    2
(advertise)    33    10033.52    26    10
(relay)    40    39    10052.73    10    10026.11    4    2
(advertise)    33    10056.33    41    11
(relay)    32    31    10078.94    10    10058.26    2    2
(advertise)    33    10079.54    39    10
(advertise)    33    10101.96    31    10
(relay)    26    4    10153.57    10    10151.72    2    1
(advertise)    33    10153.77    4    10
(relay)    34    27    10171.38    10    10170.09    4    1
(advertise)    33    10176.38    27    10
(relay)    32    20    10178.79    10    10155.59    2    1
(advertise)    33    10198.39    20    10
(relay)    34    19    10216.61    10    10194.37    2    1
(advertise)    33    10220.41    19    10
(relay)    32    32    10299.62    10    10298.56    4    1
(advertise)    33    10299.82    32    10
(relay)    32    13    10341.43    10    10337.97    2    1
(advertise)    33    10341.63    13    10
(relay)    40    35    10363.25    10    10339.1    2    1
(advertise)    33    10363.65    35    10
(relay)    34    5    10394.26    10    10388.2    2    1
(advertise)    33    10394.46    5    10
(relay)    40    40    10434.27    10    10433.72    6    1
(advertise)    33    10434.47    40    10
(relay)    26    25    10458.29    10    10451.21    2    1
(advertise)    33    10459.69    25    10
(relay)    40    0    10467.9    11    10431    115    1
(advertise)    33    10482.7    0    11
(relay)    40    48    10506.31    10    10487.15    6    1
(advertise)    33    10506.51    48    10
(relay)    32    45    10530.92    10    10513.28    2    1
(advertise)    33    10531.32    45    10
(relay)    32    28    10555.14    10    10486.01    2    1
(advertise)    33    10555.94    28    10
(relay)    26    18    10557.15    10    10532.27    2    1
(advertise)    33    10577.35    18    10
(relay)    34    6    10579.16    11    10564    123    1
(advertise)    33    10599.56    6    11
(relay)    40    38    10620.58    10    10618.43    2    1
(advertise)    33    10622.38    38    10
(generate)    33    10634.59    [24]    10
(relay)    32    22    10666.6    10    10609.18    2    1
(advertise)    33    10666.8    22    10
(relay)    26    12    10685.02    10    10683.26    2    1
(advertise)    33    10689.42    12    10
(relay)    40    44    10711.03    10    10691.04    2    1
(advertise)    33    10712.03    44    10
(relay)    32    30    10805.44    10    10802.51    2    1
(advertise)    33    10805.64    30    10
(relay)    34    34    10863.65    10    10863.6    6    1
(advertise)    33    10863.85    34    10
(relay)    40    46    10952.47    10    10951.96    4    1
(advertise)    33    10952.67    46    10
(relay)    40    47    11010.48    11    11008.18    6    1
(advertise)    33    11010.68    47    11
(relay)    26    26    11029.29    11    11029.11    4    1
(relay)    40    41    11030.89    12    11011.74    6    2
(advertise)    33    11032.09    26    11
(relay)    32    39    11033.31    11    11026.26    4    2
(advertise)    33    11053.91    41    12
(advertise)    33    11075.12    39    11
(relay)    32    31    11100.53    11    11058.29    2    1
(advertise)    33    11100.93    31    11
(relay)    32    4    11154.75    11    11151.74    2    1
(advertise)    33    11154.95    4    11
(relay)    34    27    11171.76    11    11170.15    4    1
(advertise)    33    11175.96    27    11
(relay)    34    20    11193.57    11    11155.79    4    1
(advertise)    33    11198.57    20    11
(relay)    26    19    11200.38    11    11194.56    4    1
(advertise)    33    11220.78    19    11
(relay)    32    32    11298.8    11    11298.71    4    1
(advertise)    33    11299.0    32    11
(relay)    34    13    11340.81    11    11338.07    4    1
(advertise)    33    11341.01    13    11
(relay)    40    35    11343.42    11    11339.17    2    1
(advertise)    33    11364.42    35    11
(relay)    40    40    11434.24    11    11433.77    6    1
(advertise)    33    11434.44    40    11
(relay)    26    25    11459.05    11    11451.29    2    1
(relay)    32    11    11459.25    11    11392.73    2    2
(advertise)    33    11459.65    25    11
(advertise)    33    11481.26    11    11
(relay)    40    48    11488.28    11    11487.35    6    1
(advertise)    33    11503.68    48    11
(relay)    32    37    11505.69    11    11479.53    2    1
(advertise)    33    11524.69    37    11
(relay)    40    45    11527.1    11    11513.37    2    1
(advertise)    33    11547.1    45    11
(relay)    40    42    11550.91    11    11462.24    2    1
(relay)    26    18    11566.71    11    11532.45    2    2
(advertise)    33    11568.51    42    11
(relay)    26    6    11587.73    12    11564    123    2
(advertise)    33    11591.13    18    11
(advertise)    33    11612.34    6    12
(generate)    33    11634.75    [24]    11
(relay)    32    38    11663.57    11    11618.53    2    1
(advertise)    33    11663.77    38    11
(relay)    26    12    11685.18    11    11683.32    2    1
(advertise)    33    11685.98    12    11
(relay)    40    44    11709.99    11    11691.08    2    1
(advertise)    33    11710.39    44    11
(relay)    32    30    11805.61    11    11802.68    2    1
(advertise)    33    11805.81    30    11
(relay)    32    43    11831.22    11    11819.52    2    1
(advertise)    33    11831.42    43    11
(relay)    32    29    11853.63    11    11833.59    2    1
(advertise)    33    11854.83    29    11
(relay)    34    34    11863.64    11    11863.62    6    1
(advertise)    33    11876.24    34    11
(relay)    32    46    11953.46    11    11951.98    4    1
(advertise)    33    11953.66    46    11
(relay)    40    47    12010.47    12    12008.26    6    1
(advertise)    33    12010.67    47    12
(relay)    26    26    12029.28    12    12029.13    4    1
(relay)    34    41    12032.48    13    12012.64    6    2
(advertise)    33    12033.88    26    12
(relay)    26    39    12053.9    12    12026.27    2    2
(advertise)    33    12055.5    41    13
(advertise)    33    12079.71    39    12
(relay)    32    31    12100.12    12    12058.55    2    1
(advertise)    33    12101.72    31    12
(relay)    26    4    12155.94    12    12151.93    2    1
(advertise)    33    12156.14    4    12
(relay)    34    27    12172.55    12    12170.23    4    1
(advertise)    33    12177.95    27    12
(relay)    26    20    12199.96    12    12156.0    2    1
(advertise)    33    12200.56    20    12
(relay)    32    19    12202.37    12    12194.56    2    1
(advertise)    33    12222.37    19    12
(relay)    32    32    12298.99    12    12298.86    4    1
(advertise)    33    12299.19    32    12
(relay)    26    13    12341.4    12    12338.16    4    1
(advertise)    33    12341.6    13    12
(relay)    40    35    12364.61    12    12339.26    2    1
(advertise)    33    12365.01    35    12
(heartbeat)    24    3    12361.43    33    12366.23    3    3
(advertise)    33    12386.63    24    3
(relay)    34    5    12393.64    12    12388.22    2    1
(advertise)    33    12408.84    5    12
(relay)    40    40    12434.45    12    12433.83    6    1
(advertise)    33    12434.85    40    12
(relay)    26    25    12457.67    12    12451.39    2    1
(advertise)    33    12458.07    25    12
(relay)    40    48    12488.48    12    12487.51    6    1
(advertise)    33    12488.68    48    12
(relay)    32    42    12502.89    12    12462.42    2    1
(advertise)    33    12509.89    42    12
(relay)    40    37    12511.1    12    12479.53    2    1
(advertise)    33    12531.3    37    12
(relay)    40    0    12535.52    13    12431    115    1
(relay)    26    18    12536.32    12    12532.59    2    2
(advertise)    33    12552.32    0    13
(relay)    40    45    12557.33    12    12513.48    2    2
(advertise)    33    12573.73    18    12
(relay)    26    6    12590.14    13    12564    123    2
(advertise)    33    12594.94    45    12
(advertise)    33    12615.96    6    13
(generate)    33    12634.77    [24]    12
(relay)    32    38    12679.98    12    12618.62    2    1
(advertise)    33    12680.18    38    12
(relay)    40    44    12695.2    12    12691.14    2    1
(advertise)    33    12702.4    44    12
(relay)    40    36    12748.61    12    12729.12    2    1
(advertise)    33    12748.81    36    12
(relay)    40    43    12829.62    12    12819.61    2    1
(advertise)    33    12829.82    43    12
(relay)    34    34    12864.23    12    12863.64    6    1
(advertise)    33    12864.43    34    12
(relay)    32    46    12954.05    12    12952.03    4    1
(advertise)    33    12954.25    46    12
(relay)    40    47    13009.66    13    13008.35    4    1
(advertise)    33    13009.86    47    13
(relay)    26    26    13029.27    13    13029.21    4    1
(advertise)    33    13030.87    26    13
(relay)    34    41    13032.09    14    13012.74    6    1
(relay)    32    39    13032.89    13    13026.27    4    2
(advertise)    33    13052.29    41    14
(advertise)    33    13075.5    39    13
(relay)    32    31    13098.91    13    13058.65    2    1
(advertise)    33    13099.51    31    13
(relay)    32    4    13156.53    13    13151.94    2    1
(advertise)    33    13156.73    4    13
(relay)    40    27    13174.94    13    13170.32    2    1
(advertise)    33    13180.14    27    13
(relay)    26    20    13194.15    13    13156.42    4    1
(advertise)    33    13202.95    20    13
(relay)    34    19    13219.36    13    13194.74    2    1
(advertise)    33    13225.16    19    13
(relay)    32    32    13299.18    13    13299.01    4    1
(advertise)    33    13299.38    32    13
(relay)    32    13    13343.79    13    13338.22    2    1
(advertise)    33    13343.99    13    13
(relay)    26    5    13392.0    13    13388.25    2    1
(advertise)    33    13392.2    5    13
(relay)    40    40    13434.82    13    13433.85    6    1
(advertise)    33    13435.02    40    13
(relay)    32    11    13436.23    13    13392.91    2    1
(advertise)    33    13457.03    11    13
(relay)    32    25    13459.44    13    13451.46    2    1
(advertise)    33    13478.44    25    13
(relay)    40    48    13489.46    13    13487.69    6    1
(advertise)    33    13500.46    48    13
(relay)    32    37    13504.07    13    13479.53    2    1
(advertise)    33    13523.47    37    13
(relay)    40    42    13530.88    13    13463.63    2    1
(advertise)    33    13547.88    42    13
(relay)    40    45    13550.89    13    13513.58    2    1
(advertise)    33    13570.09    45    13
(relay)    40    0    13572.11    14    13431    117    1
(relay)    34    6    13572.91    14    13564    123    2
(relay)    32    18    13592.31    13    13532.73    2    3
(advertise)    33    13592.91    0    14
(advertise)    33    13614.52    6    14
(generate)    33    13634.93    [24]    13
(advertise)    33    13636.15    18    13
(relay)    32    28    13637.76    13    13486.08    2    1
(advertise)    33    13658.76    28    13
(relay)    26    12    13687.37    13    13683.39    2    1
(advertise)    33    13687.57    12    13
(relay)    40    38    13696.59    13    13619.1    2    1
(relay)    32    21    13703.39    13    13506.28    2    2
(advertise)    33    13709.59    38    13
(relay)    40    44    13721.6    13    13691.18    2    2
(advertise)    33    13731.0    21    13
(advertise)    33    13753.21    44    13
(relay)    32    22    13773.62    13    13609.42    2    1
(advertise)    33    13775.62    22    13
(relay)    32    30    13804.44    13    13802.84    2    1
(advertise)    33    13804.64    30    13
(relay)    40    43    13829.25    13    13819.68    2    1
(advertise)    33    13829.85    43    13
(relay)    34    34    13864.26    13    13863.68    6    1
(advertise)    33    13864.46    34    13
(relay)    40    46    13954.08    13    13952.06    4    1
(advertise)    33    13954.28    46    13
(relay)    40    47    14008.69    14    14008.4    6    1
(advertise)    33    14008.89    47    14
(relay)    26    26    14030.1    14    14029.47    4    1
(relay)    40    41    14031.1    15    14012.82    6    2
(advertise)    33    14031.7    26    14
(advertise)    33    14053.52    41    15
(relay)    34    39    14056.53    14    14026.3    2    1
(advertise)    33    14076.93    39    14
(relay)    32    31    14079.34    14    14058.71    2    1
(advertise)    33    14100.34    31    14
(relay)    32    4    14156.95    14    14152.13    2    1
(advertise)    33    14157.15    4    14
(relay)    34    27    14171.77    14    14170.41    4    1
(relay)    32    20    14179.37    14    14157.24    2    2
(advertise)    33    14180.77    27    14
(advertise)    33    14202.38    20    14
(relay)    34    19    14214.79    14    14194.92    2    1
(advertise)    33    14223.39    19    14
(relay)    32    32    14299.21    14    14299.19    4    1
(advertise)    33    14299.41    32    14
(relay)    32    35    14343.82    14    14339.48    2    1
(advertise)    33    14344.02    35    14
(relay)    40    13    14345.23    14    14338.26    2    1
(advertise)    33    14366.23    13    14
(relay)    26    5    14390.25    14    14388.26    4    1
(advertise)    33    14390.45    5    14
(relay)    26    11    14415.26    14    14393.05    2    1
(advertise)    33    14415.86    11    14
(relay)    40    40    14434.87    14    14433.92    6    1
(advertise)    33    14438.87    40    14
(relay)    32    0    14440.28    15    14431    119    1
(advertise)    33    14461.88    0    15
(relay)    26    25    14463.1    14    14451.54    2    1
(advertise)    33    14483.3    25    14
(relay)    40    48    14505.51    14    14487.7    6    1
(advertise)    33    14506.31    48    14
(relay)    32    37    14529.12    14    14479.71    2    1
(advertise)    33    14530.12    37    14
(relay)    32    45    14572.74    14    14513.72    2    1
(advertise)    33    14572.94    45    14
(relay)    26    18    14595.75    14    14532.85    2    1
(advertise)    33    14595.95    18    14
(relay)    32    6    14618.56    15    14564    119    1
(advertise)    33    14619.16    6    15
(generate)    33    14634.98    [24]    14
(relay)    26    12    14687.39    14    14683.44    2    1
(advertise)    33    14687.59    12    14
(relay)    40    44    14697.0    14    14691.24    2    1
(advertise)    33    14709.8    44    14
(relay)    40    43    14821.81    14    14819.78    2    1
(advertise)    33    14822.01    43    14
(relay)    32    30    14834.43    14    14803.01    2    1
(advertise)    33    14843.23    30    14
(relay)    34    34    14864.24    14    14863.7    6    1
(advertise)    33    14864.64    34    14
(relay)    32    46    14954.85    14    14952.08    4    1
(advertise)    33    14955.05    46    14
(relay)    40    47    15008.87    15    15008.47    6    1
(advertise)    33    15009.07    47    15
(relay)    32    39    15027.48    15    15026.3    4    1
(relay)    26    26    15030.08    15    15029.54    4    2
(advertise)    33    15031.68    39    15
(relay)    32    41    15048.69    16    15012.88    4    2
(advertise)    33    15054.49    26    15
(advertise)    33    15076.71    41    16
(relay)    32    31    15091.52    15    15058.78    2    1
(advertise)    33    15099.12    31    15
(relay)    32    4    15157.53    15    15152.33    2    1
(advertise)    33    15157.73    4    15
(relay)    34    27    15171.74    15    15170.48    4    1
(advertise)    33    15178.74    27    15
(relay)    34    19    15197.36    15    15195.08    2    1
(advertise)    33    15199.76    19    15
(relay)    32    32    15299.77    15    15299.29    4    1
(advertise)    33    15299.97    32    15
(relay)    34    13    15340.98    15    15338.34    4    1
(advertise)    33    15341.18    13    15
(relay)    32    35    15344.0    15    15339.57    2    1
(advertise)    33    15363.2    35    15
(relay)    26    5    15394.21    15    15388.27    4    1
(advertise)    33    15394.41    5    15
(relay)    26    11    15418.22    15    15394.24    2    1
(advertise)    33    15418.42    11    15
(relay)    40    40    15435.04    15    15433.94    6    1
(advertise)    33    15441.84    40    15
(relay)    32    25    15457.85    15    15451.61    2    1
(relay)    40    0    15462.05    16    15431    115    2
(advertise)    33    15464.25    25    15
(advertise)    33    15485.26    0    16
(relay)    40    48    15490.27    15    15487.88    6    1
(relay)    32    37    15504.67    15    15479.87    2    2
(advertise)    33    15509.87    48    15
(advertise)    33    15533.09    37    15
(relay)    32    45    15549.1    15    15513.8    2    1
(advertise)    33    15554.5    45    15
(relay)    34    6    15567.51    16    15564    123    1
(relay)    32    42    15571.11    15    15463.86    2    2
(advertise)    33    15575.91    6    16
(relay)    26    18    15593.93    15    15533.01    2    2
(advertise)    33    15598.53    42    15
(advertise)    33    15621.54    18    15
(generate)    33    15635.15    [24]    15
(relay)    32    38    15662.37    15    15619.27    2    1
(advertise)    33    15662.57    38    15
(relay)    26    12    15689.38    15    15683.5    2    1
(advertise)    33    15689.58    12    15
(relay)    40    36    15730.99    15    15729.57    2    1
(advertise)    33    15731.19    36    15
(relay)    40    43    15828.6    15    15819.89    2    1
(advertise)    33    15828.8    43    15
(relay)    34    34    15864.82    15    15863.89    6    1
(advertise)    33    15865.02    34    15
(relay)    32    46    15955.43    15    15952.11    4    1
(advertise)    33    15955.63    46    15
(relay)    40    47    16009.04    16    16008.54    6    1
(advertise)    33    16009.24    47    16
(relay)    26    26    16030.26    16    16029.61    4    1
(relay)    40    41    16030.66    17    16012.93    6    2
(advertise)    33    16031.26    26    16
(relay)    40    39    16052.27    16    16026.48    4    2
(advertise)    33    16052.47    41    17
(advertise)    33    16075.08    39    16
(relay)    32    31    16095.1    16    16058.82    2    1
(advertise)    33    16097.3    31    16
(relay)    32    4    16156.71    16    16152.52    2    1
(advertise)    33    16156.91    4    16
(relay)    34    27    16170.92    16    16170.54    4    1
(advertise)    33    16178.92    27    16
(relay)    32    20    16181.93    16    16158.65    2    1
(advertise)    33    16203.13    20    16
(relay)    32    19    16205.55    16    16195.1    2    1
(advertise)    33    16225.75    19    16
(relay)    32    32    16299.96    16    16299.43    4    1
(advertise)    33    16300.16    32    16
(relay)    34    13    16341.17    16    16338.43    4    1
(advertise)    33    16341.37    13    16
(heartbeat)    24    4    16361.44    33    16365.19    3    3
(advertise)    33    16365.59    24    4
(relay)    26    5    16394.2    16    16388.29    2    1
(advertise)    33    16394.4    5    16
(relay)    34    40    16434.61    16    16433.97    4    1
(advertise)    33    16435.01    40    16
(relay)    26    25    16456.83    16    16451.93    2    1
(advertise)    33    16457.03    25    16
(relay)    40    42    16468.44    16    16463.91    2    1
(advertise)    33    16478.04    42    16
(relay)    40    48    16491.05    16    16488.06    6    1
(advertise)    33    16502.05    48    16
(relay)    40    37    16514.06    16    16480.06    2    1
(advertise)    33    16525.06    37    16
(relay)    40    45    16536.08    16    16514.32    2    1
(relay)    26    0    16546.48    17    16431    117    2
(advertise)    33    16547.28    45    16
(relay)    32    18    16567.29    16    16533.19    2    2
(advertise)    33    16568.49    0    17
(advertise)    33    16589.9    18    16
(relay)    40    38    16621.32    16    16619.35    2    1
(advertise)    33    16621.52    38    16
(generate)    33    16635.33    [24]    16
(relay)    32    21    16673.74    16    16507.5    2    1
(advertise)    33    16673.94    21    16
(relay)    26    12    16688.36    16    16683.56    2    1
(relay)    40    44    16695.36    16    16691.3    2    2
(advertise)    33    16696.36    12    16
(advertise)    33    16718.37    44    16
(relay)    40    43    16828.58    16    16819.97    2    1
(advertise)    33    16828.78    43    16
(relay)    34    34    16864.99    16    16863.93    6    1
(advertise)    33    16865.19    34    16
(relay)    32    46    16954.61    16    16952.14    4    1
(advertise)    33    16954.81    46    16
(relay)    40    47    17009.82    17    17008.6    6    1
(advertise)    33    17010.02    47    17
(relay)    26    26    17030.23    17    17029.69    4    1
(relay)    40    41    17031.03    18    17013.03    6    2
(advertise)    33    17033.03    26    17
(relay)    32    39    17037.05    17    17026.67    4    2
(advertise)    33    17055.45    41    18
(advertise)    33    17077.86    39    17
(relay)    34    27    17171.47    17    17170.63    4    1
(advertise)    33    17171.67    27    17
(relay)    34    20    17195.29    17    17158.68    4    1
(advertise)    33    17196.49    20    17
(relay)    34    19    17217.1    17    17195.26    2    1
(advertise)    33    17219.3    19    17
(relay)    32    32    17300.11    17    17299.55    4    1
(advertise)    33    17300.31    32    17
(relay)    34    13    17339.72    17    17338.49    4    1
(advertise)    33    17339.92    13    17
(relay)    26    5    17412.94    17    17388.31    4    1
(advertise)    33    17413.14    5    17
(relay)    40    40    17434.15    17    17434.03    6    1
(advertise)    33    17435.95    40    17
(relay)    26    25    17457.56    17    17451.95    2    1
(advertise)    33    17457.96    25    17
(relay)    40    0    17459.78    18    17431    117    1
(advertise)    33    17479.78    0    18
(relay)    40    48    17491.99    17    17488.07    6    1
(advertise)    33    17501.79    48    17
(relay)    40    42    17531.2    17    17464.09    2    1
(advertise)    33    17531.4    42    17
(relay)    26    18    17550.62    17    17533.32    2    1
(advertise)    33    17553.42    18    17
(relay)    40    45    17554.63    17    17514.4    2    1
(advertise)    33    17575.43    45    17
(relay)    34    6    17577.84    18    17564    123    1
(advertise)    33    17597.24    6    18
(generate)    33    17635.45    [24]    17
(relay)    34    12    17687.47    17    17683.62    2    1
(advertise)    33    17687.67    12    17
(relay)    40    44    17712.08    17    17691.35    2    1
(advertise)    33    17712.28    44    17
(relay)    40    43    17829.69    17    17820.07    2    1
(advertise)    33    17829.89    43    17
(relay)    34    34    17864.91    17    17863.95    6    1
(advertise)    33    17865.11    34    17
(relay)    40    46    17954.52    17    17952.17    4    1
(advertise)    33    17954.72    46    17
(relay)    40    47    18009.93    18    18008.66    6    1
(advertise)    33    18010.13    47    18
(relay)    26    26    18030.75    18    18029.77    4    1
(advertise)    33    18031.95    26    18
(relay)    34    41    18033.76    19    18013.72    6    1
(relay)    32    39    18034.16    18    18026.86    4    2
(advertise)    33    18054.16    41    19
(advertise)    33    18075.57    39    18
(relay)    32    31    18099.58    18    18058.98    2    1
(advertise)    33    18100.58    31    18
(relay)    26    4    18154.2    18    18152.73    2    1
(advertise)    33    18154.4    4    18
(relay)    34    27    18171.61    18    18170.72    4    1
(advertise)    33    18175.41    27    18
(relay)    34    20    18194.02    18    18158.68    4    1
(advertise)    33    18198.02    20    18
(relay)    34    19    18215.44    18    18195.44    2    1
(advertise)    33    18219.24    19    18
(relay)    32    32    18300.65    18    18299.66    4    1
(advertise)    33    18300.85    32    18
(relay)    26    13    18340.26    18    18338.55    4    1
(advertise)    33    18340.46    13    18
(relay)    32    35    18363.28    18    18339.81    2    1
(advertise)    33    18363.48    35    18
(relay)    32    11    18410.89    18    18394.77    2    1
(advertise)    33    18411.09    11    18
(relay)    40    40    18434.1    18    18434.09    6    1
(relay)    26    5    18434.9    18    18388.33    2    2
(advertise)    33    18435.1    40    18
(advertise)    33    18457.91    5    18
(relay)    40    0    18465.53    19    18431    115    1
(advertise)    33    18480.93    0    19
(relay)    34    48    18506.94    18    18488.08    6    1
(advertise)    33    18507.54    48    18
(relay)    32    18    18543.95    18    18533.48    2    1
(advertise)    33    18544.15    18    18
(relay)    40    45    18552.97    18    18514.5    2    1
(relay)    32    42    18565.57    18    18464.28    2    2
(advertise)    33    18567.57    45    18
(relay)    26    6    18576.38    19    18564    123    2
(advertise)    33    18591.18    42    18
(relay)    32    28    18610.39    18    18486.4    2    2
(advertise)    33    18613.39    6    19
(generate)    33    18635.61    [24]    18
(advertise)    33    18637.22    28    18
(relay)    32    38    18685.83    18    18621.54    2    1
(advertise)    33    18686.03    38    18
(relay)    40    44    18709.84    18    18691.37    2    1
(advertise)    33    18710.04    44    18
(relay)    32    36    18764.66    18    18729.71    2    1
(advertise)    33    18764.86    36    18
(relay)    32    43    18831.67    18    18820.13    2    1
(advertise)    33    18831.87    43    18
(relay)    32    29    18854.08    18    18834.0    2    1
(advertise)    33    18855.08    29    18
(relay)    34    34    18864.9    18    18863.96    6    1
(advertise)    33    18876.5    34    18
(relay)    32    46    18953.71    18    18952.19    4    1
(advertise)    33    18953.91    46    18
(relay)    40    47    19009.92    19    19008.75    6    1
(advertise)    33    19010.12    47    19
(relay)    26    26    19030.94    19    19029.85    4    1
(relay)    40    41    19031.74    20    19013.78    6    2
(advertise)    33    19033.74    26    19
(relay)    32    39    19035.55    19    19026.86    4    2
(advertise)    33    19055.75    41    20
(advertise)    33    19077.36    39    19
(relay)    32    31    19100.77    19    19059.06    2    1
(advertise)    33    19101.37    31    19
(relay)    26    4    19153.99    19    19152.74    2    1
(advertise)    33    19154.19    4    19
(relay)    34    27    19172.2    19    19170.8    4    1
(advertise)    33    19176.6    27    19
(relay)    34    20    19193.41    19    19158.69    4    1
(advertise)    33    19198.61    20    19
(relay)    34    19    19215.83    19    19195.61    2    1
(advertise)    33    19221.23    19    19
(relay)    32    32    19300.84    19    19299.79    4    1
(advertise)    33    19301.04    32    19
(relay)    26    13    19339.45    19    19338.61    4    1
(advertise)    33    19339.65    13    19
(relay)    34    5    19410.67    19    19388.34    2    1
(advertise)    33    19410.87    5    19
(relay)    26    11    19412.68    19    19394.94    2    1
(relay)    40    40    19434.28    19    19434.15    6    2
(advertise)    33    19434.48    11    19
(relay)    26    25    19453.29    19    19452.06    2    2
(advertise)    33    19457.29    40    19
(advertise)    33    19478.3    25    19
(relay)    32    37    19484.32    19    19480.46    2    1
(advertise)    33    19501.52    37    19
(relay)    34    48    19507.13    19    19488.26    6    1
(advertise)    33    19525.13    48    19
(relay)    26    18    19546.14    19    19533.62    2    1
(advertise)    33    19547.94    18    19
(relay)    40    45    19554.76    19    19514.57    2    1
(advertise)    33    19569.96    45    19
(relay)    34    6    19572.77    20    19564    123    1
(relay)    40    0    19577.57    20    19431    117    2
(advertise)    33    19592.37    6    20
(advertise)    33    19614.78    0    20
(relay)    40    38    19623.6    19    19621.6    2    1
(generate)    33    19635.8    [24]    19
(advertise)    33    19637.21    38    19
(relay)    34    12    19685.42    19    19683.76    2    1
(advertise)    33    19685.62    12    19
(relay)    40    44    19707.63    19    19691.42    2    1
(advertise)    33    19708.63    44    19
(relay)    32    30    19806.25    19    19803.8    2    1
(advertise)    33    19806.45    30    19
(relay)    40    43    19832.66    19    19820.24    2    1
(advertise)    33    19833.06    43    19
(relay)    34    34    19864.07    19    19863.96    6    1
(advertise)    33    19864.27    34    19
(relay)    32    46    19952.89    19    19952.24    4    1
(advertise)    33    19953.09    46    19
(relay)    40    47    20011.1    20    20008.85    6    1
(advertise)    33    20011.3    47    20
(relay)    26    26    20030.91    20    20029.91    4    1
(advertise)    33    20032.31    26    20
(relay)    40    41    20034.13    21    20013.86    6    1
(relay)    32    39    20037.53    20    20027.01    4    2
(advertise)    33    20053.53    41    21
(advertise)    33    20075.14    39    20
(relay)    32    31    20105.15    20    20059.12    2    1
(advertise)    33    20105.35    31    20
(relay)    26    4    20154.56    20    20152.92    2    1
(advertise)    33    20154.76    4    20
(relay)    34    27    20172.58    20    20170.87    4    1
(advertise)    33    20176.38    27    20
(relay)    34    20    20194.99    20    20158.7    4    1
(advertise)    33    20197.59    20    20
(relay)    32    19    20226.2    20    20195.8    2    1
(advertise)    33    20226.4    19    20
(relay)    32    32    20301.02    20    20299.93    4    1
(advertise)    33    20301.22    32    20
(relay)    26    13    20341.03    20    20338.65    4    1
(advertise)    33    20341.23    13    20
(heartbeat)    24    5    20361.45    33    20364.64    3    3
(advertise)    33    20364.84    24    5
(relay)    34    5    20419.26    20    20388.35    2    1
(advertise)    33    20419.46    5    20
(relay)    40    40    20434.87    20    20434.21    6    1
(advertise)    33    20441.27    40    20
(relay)    32    25    20458.28    20    20452.12    2    1
(advertise)    33    20463.08    25    20
(relay)    40    42    20482.29    20    20465.14    2    1
(advertise)    33    20485.09    42    20
(relay)    40    48    20504.11    20    20488.44    6    1
(advertise)    33    20507.31    48    20
(relay)    40    0    20527.32    21    20431    115    1
(advertise)    33    20529.12    0    21
(relay)    32    37    20567.53    20    20480.49    2    1
(advertise)    33    20567.73    37    20
(relay)    34    6    20570.95    21    20564    123    1
(advertise)    33    20590.75    6    21
(relay)    26    18    20592.96    20    20533.77    2    1
(advertise)    33    20613.16    18    20
(relay)    32    45    20635.77    20    20514.9    2    1
(generate)    33    20635.97    [24]    20
(advertise)    33    20638.39    45    20
(relay)    32    21    20678.8    20    20507.83    2    1
(advertise)    33    20679.0    21    20
(relay)    26    12    20685.61    20    20683.85    2    1
(relay)    40    44    20694.01    20    20691.49    2    2
(advertise)    33    20700.01    12    20
(relay)    32    38    20708.42    20    20621.69    2    2
(advertise)    33    20721.22    44    20
(advertise)    33    20743.24    38    20
(relay)    32    43    20832.45    20    20820.34    2    1
(advertise)    33    20832.65    43    20
(relay)    34    34    20864.06    20    20864.0    6    1
(advertise)    33    20864.26    34    20
(relay)    40    46    20953.08    20    20952.27    4    1
(advertise)    33    20953.28    46    20
(relay)    40    47    21011.09    21    21008.92    6    1
(advertise)    33    21011.29    47    21
(relay)    26    26    21031.1    21    21030.0    4    1
(relay)    32    39    21033.5    21    21027.05    4    2
(advertise)    33    21033.9    26    21
(relay)    34    41    21035.32    22    21013.92    6    2
(advertise)    33    21055.92    39    21
(advertise)    33    21078.33    41    22
(relay)    32    31    21101.54    21    21059.26    2    1
(advertise)    33    21102.14    31    21
(relay)    26    4    21156.15    21    21152.94    2    1
(advertise)    33    21156.35    4    21
(relay)    34    27    21172.77    21    21170.97    4    1
(advertise)    33    21178.97    27    21
(relay)    32    20    21181.18    21    21158.75    2    1
(advertise)    33    21202.98    20    21
(relay)    34    19    21215.59    21    21195.81    2    1
(advertise)    33    21224.99    19    21
(relay)    32    32    21301.01    21    21300.08    4    1
(advertise)    33    21301.21    32    21
(relay)    26    13    21341.42    21    21338.72    4    1
(advertise)    33    21341.62    13    21
(relay)    32    35    21365.63    21    21340.1    2    1
(advertise)    33    21366.03    35    21
(relay)    26    5    21393.25    21    21388.38    4    1
(advertise)    33    21393.65    5    21
(relay)    26    11    21418.06    21    21395.14    2    1
(advertise)    33    21418.26    11    21
(relay)    40    40    21434.87    21    21434.26    6    1
(advertise)    33    21441.67    40    21
(relay)    32    25    21458.08    21    21452.22    2    1
(advertise)    33    21465.08    25    21
(relay)    40    0    21467.1    22    21431    115    1
(advertise)    33    21487.1    0    22
(relay)    34    48    21489.91    21    21488.63    6    1
(relay)    32    37    21506.11    21    21480.51    2    2
(advertise)    33    21509.51    48    21
(advertise)    33    21532.12    37    21
(relay)    40    45    21536.74    21    21514.98    2    1
(relay)    32    42    21552.54    21    21465.32    2    2
(advertise)    33    21553.94    45    21
(relay)    26    18    21574.75    21    21533.77    2    2
(advertise)    33    21578.55    42    21
(relay)    40    6    21599.36    22    21564    121    2
(advertise)    33    21602.16    18    21
(advertise)    33    21624.38    6    22
(generate)    33    21635.99    [24]    21
(relay)    32    21    21671.4    21    21507.92    2    1
(advertise)    33    21671.6    21    21
(relay)    34    12    21686.61    21    21683.9    2    1
(advertise)    33    21692.81    12    21
(relay)    32    44    21695.83    21    21691.54    2    1
(advertise)    33    21714.03    44    21
(relay)    32    30    21807.04    21    21803.99    2    1
(advertise)    33    21807.24    30    21
(relay)    32    43    21831.85    21    21820.44    2    1
(advertise)    33    21832.05    43    21
(relay)    34    34    21864.07    21    21864.01    6    1
(advertise)    33    21864.27    34    21
(relay)    32    46    21953.88    21    21952.31    4    1
(advertise)    33    21954.08    46    21
(relay)    40    47    22011.29    22    22009.02    6    1
(advertise)    33    22011.49    47    22
(relay)    26    26    22030.11    22    22030.09    4    1
(relay)    40    41    22031.51    23    22014.01    6    2
(advertise)    33    22032.71    26    22
(relay)    40    39    22052.52    22    22027.06    4    2
(advertise)    33    22055.32    41    23
(advertise)    33    22076.73    39    22
(relay)    26    4    22156.54    22    22152.95    2    1
(advertise)    33    22156.74    4    22
(relay)    34    27    22172.76    22    22171.06    4    1
(advertise)    33    22179.56    27    22
(relay)    32    20    22183.57    22    22158.75    2    1
(advertise)    33    22200.97    20    22
(relay)    34    19    22203.78    22    22195.81    2    1
(advertise)    33    22224.18    19    22
(relay)    32    32    22300.4    22    22300.22    4    1
(advertise)    33    22300.6    32    22
(relay)    26    13    22342.01    22    22338.78    4    1
(advertise)    33    22342.21    13    22
(relay)    32    35    22365.82    22    22340.2    2    1
(advertise)    33    22366.22    35    22
(relay)    26    11    22413.04    22    22395.31    2    1
(advertise)    33    22413.24    11    22
(relay)    40    40    22434.85    22    22434.3    6    1
(advertise)    33    22435.25    40    22
(relay)    32    25    22458.86    22    22452.33    2    1
(advertise)    33    22459.46    25    22
(relay)    34    0    22466.67    23    22431    113    1
(advertise)    33    22481.87    0    23
(relay)    40    48    22490.89    22    22488.82    6    1
(advertise)    33    22504.09    48    22
(relay)    32    37    22529.3    22    22480.68    2    1
(advertise)    33    22529.5    37    22
(relay)    40    42    22535.71    22    22465.49    2    1
(advertise)    33    22552.11    42    22
(relay)    26    18    22569.13    22    22533.92    2    1
(advertise)    33    22573.33    18    22
(relay)    26    6    22592.74    23    22564    123    1
(advertise)    33    22594.34    6    23
(generate)    33    22636.15    [24]    22
(relay)    32    21    22661.17    22    22508.96    2    1
(advertise)    33    22661.37    21    22
(relay)    32    38    22685.18    22    22621.85    2    1
(advertise)    33    22685.58    38    22
(relay)    26    12    22687.39    22    22683.94    2    1
(relay)    40    44    22696.99    22    22691.59    2    2
(advertise)    33    22709.79    12    22
(advertise)    33    22732.2    44    22
(relay)    32    36    22735.82    22    22730.42    2    1
(advertise)    33    22754.02    36    22
(relay)    32    30    22807.63    22    22804.14    2    1
(advertise)    33    22807.83    30    22
(relay)    32    43    22830.44    22    22820.56    2    1
(advertise)    33    22831.24    43    22
(relay)    32    29    22853.06    22    22834.39    2    1
(advertise)    33    22853.46    29    22
(relay)    34    34    22864.27    22    22864.2    6    1
(advertise)    33    22876.87    34    22
(relay)    32    46    22953.88    22    22952.34    4    1
(advertise)    33    22954.08    46    22
(relay)    40    47    23010.5    23    23009.08    6    1
(advertise)    33    23010.7    47    23
(relay)    26    26    23030.31    23    23030.15    4    1
(relay)    40    41    23031.11    24    23014.08    6    2
(advertise)    33    23032.91    26    23
(relay)    40    39    23052.52    23    23027.25    4    2
(advertise)    33    23054.32    41    24
(advertise)    33    23075.33    39    23
(relay)    32    31    23080.95    23    23059.37    2    1
(advertise)    33    23097.15    31    23
(relay)    26    4    23156.96    23    23152.95    2    1
(advertise)    33    23157.16    4    23
(relay)    34    27    23173.37    23    23171.13    4    1
(advertise)    33    23179.97    27    23
(relay)    34    20    23196.19    23    23158.76    4    1
(relay)    26    19    23199.99    23    23195.99    4    2
(advertise)    33    23201.39    20    23
(advertise)    33    23223.4    19    23
(relay)    32    32    23300.41    23    23300.39    4    1
(advertise)    33    23300.61    32    23
(relay)    26    13    23342.63    23    23338.87    4    1
(advertise)    33    23342.83    13    23
(relay)    26    5    23390.44    23    23388.4    2    1
(advertise)    33    23390.64    5    23
(relay)    26    11    23415.65    23    23395.48    2    1
(advertise)    33    23416.25    11    23
(relay)    40    40    23434.86    23    23434.33    6    1
(advertise)    33    23440.26    40    23
(relay)    32    25    23458.88    23    23452.42    2    1
(advertise)    33    23461.48    25    23
(relay)    34    0    23467.29    24    23431    113    1
(advertise)    33    23482.89    0    24
(relay)    34    48    23491.3    23    23488.82    6    1
(advertise)    33    23507.1    48    23
(relay)    40    45    23533.72    23    23515.18    2    1
(advertise)    33    23533.92    45    23
(relay)    32    18    23537.33    23    23534.05    2    1
(advertise)    33    23554.93    18    23
(relay)    26    6    23565.94    24    23564    123    1
(advertise)    33    23578.94    6    24
(relay)    32    42    23601.76    23    23465.87    2    1
(advertise)    33    23603.56    42    23
(generate)    33    23636.17    [24]    23
(relay)    32    38    23657.58    23    23621.91    2    1
(advertise)    33    23657.78    38    23
(relay)    26    12    23687.99    23    23683.99    2    1
(advertise)    33    23688.19    12    23
(relay)    40    44    23712.01    23    23691.63    2    1
(advertise)    33    23712.21    44    23
(relay)    40    43    23831.82    23    23820.66    2    1
(advertise)    33    23832.02    43    23
(relay)    34    34    23864.83    23    23864.24    6    1
(advertise)    33    23865.03    34    23
(relay)    40    46    23954.45    23    23952.37    4    1
(advertise)    33    23954.65    46    23
(relay)    40    47    24009.66    24    24009.15    6    1
(advertise)    33    24009.86    47    24
(relay)    26    26    24030.27    24    24030.24    4    1
(advertise)    33    24031.67    26    24
(relay)    34    41    24032.89    25    24014.15    6    1
(advertise)    33    24053.69    41    25
(relay)    40    39    24055.7    24    24027.41    4    1
(advertise)    33    24074.7    39    24
(relay)    32    31    24079.11    24    24059.43    2    1
(advertise)    33    24096.71    31    24
(relay)    32    4    24157.52    24    24153.15    2    1
(advertise)    33    24157.72    4    24
(relay)    34    27    24172.54    24    24171.22    4    1
(advertise)    33    24181.34    27    24
(relay)    34    20    24193.75    24    24158.77    4    1
(advertise)    33    24203.55    20    24
(relay)    34    19    24216.36    24    24196.16    2    1
(advertise)    33    24225.56    19    24
(relay)    32    32    24300.58    24    24300.47    4    1
(advertise)    33    24300.78    32    24
(relay)    34    13    24342.79    24    24338.94    4    1
(advertise)    33    24342.99    13    24
(relay)    32    35    24365.6    24    24340.41    2    1
(advertise)    33    24366.2    35    24
(heartbeat)    24    6    24361.47    33    24368.22    3    3
(advertise)    33    24387.22    24    6
(relay)    26    5    24390.23    24    24388.42    4    1
(advertise)    33    24409.23    5    24
(relay)    40    40    24435.44    24    24434.35    6    1
(advertise)    33    24435.84    40    24
(relay)    32    25    24458.05    24    24452.46    2    1
(advertise)    33    24458.85    25    24
(relay)    40    0    24465.87    25    24431    115    1
(advertise)    33    24480.87    0    25
(relay)    40    48    24491.88    24    24488.83    6    1
(advertise)    33    24502.28    48    24
(relay)    32    18    24536.69    24    24534.17    2    1
(advertise)    33    24536.89    18    24
(relay)    32    42    24557.91    24    24465.88    2    1
(relay)    40    45    24559.51    24    24515.31    2    2
(advertise)    33    24560.31    42    24
(advertise)    33    24582.32    45    24
(relay)    26    6    24595.73    25    24564    123    1
(advertise)    33    24605.33    6    25
(relay)    32    28    24630.95    24    24487.0    2    1
(advertise)    33    24631.35    28    24
(generate)    33    24636.36    [24]    24
(relay)    32    21    24651.97    24    24509.14    2    1
(advertise)    33    24652.77    21    24
(relay)    32    44    24723.18    24    24691.68    2    1
(advertise)    33    24723.38    44    24
(relay)    32    36    24753.0    24    24730.61    2    1
(advertise)    33    24753.2    36    24
(relay)    40    43    24829.41    24    24820.76    2    1
(advertise)    33    24829.61    43    24
(relay)    34    34    24864.82    24    24864.28    6    1
(advertise)    33    24865.02    34    24
(relay)    40    46    24954.44    24    24952.43    4    1
(advertise)    33    24954.64    46    24
(relay)    40    47    25009.65    25    25009.24    6    1
(advertise)    33    25009.85    47    25
(relay)    26    26    25030.86    25    25030.31    4    1
(advertise)    33    25033.26    26    25
(relay)    34    41    25034.48    26    25014.24    6    1
(advertise)    33    25055.68    41    26
(relay)    34    39    25077.89    25    25027.43    2    1
(advertise)    33    25078.49    39    25
(relay)    32    31    25099.9    25    25059.48    2    1
(advertise)    33    25100.1    31    25
(relay)    32    4    25158.11    25    25153.17    2    1
(advertise)    33    25158.31    4    25
(relay)    34    27    25172.53    25    25171.29    4    1
(advertise)    33    25181.13    27    25
(relay)    26    19    25201.14    25    25196.31    4    1
(advertise)    33    25202.14    19    25
(relay)    32    32    25301.15    25    25300.66    4    1
(advertise)    33    25301.35    32    25
(relay)    34    13    25341.77    25    25339.04    4    1
(advertise)    33    25341.97    13    25
(relay)    26    5    25391.38    25    25388.44    4    1
(advertise)    33    25391.58    5    25
(relay)    26    11    25414.79    25    25395.66    2    1
(advertise)    33    25416.39    11    25
(relay)    40    40    25435.41    25    25434.41    6    1
(advertise)    33    25438.41    40    25
(relay)    26    25    25453.02    25    25452.52    2    1
(relay)    40    0    25459.02    26    25431    117    2
(advertise)    33    25460.82    25    25
(advertise)    33    25481.83    0    26
(relay)    40    42    25485.84    25    25466.06    2    1
(advertise)    33    25503.64    42    25
(relay)    40    48    25508.26    25    25488.84    6    1
(advertise)    33    25526.86    48    25
(relay)    40    45    25552.27    25    25515.38    2    1
(advertise)    33    25552.47    45    25
(relay)    40    6    25574.68    26    25564    121    1
(advertise)    33    25575.68    6    26
(relay)    26    18    25593.7    25    25534.31    2    1
(advertise)    33    25598.9    18    25
(generate)    33    25636.51    [24]    25
(relay)    40    38    25657.92    25    25622.72    2    1
(advertise)    33    25658.12    38    25
(relay)    32    44    25702.94    25    25691.74    2    1
(advertise)    33    25703.14    44    25
(relay)    32    30    25806.15    25    25804.61    2    1
(advertise)    33    25806.35    30    25
(relay)    40    43    25830.36    25    25820.87    2    1
(advertise)    33    25830.76    43    25
(relay)    32    29    25853.37    25    25834.76    2    1
(advertise)    33    25853.77    29    25
(relay)    34    34    25864.79    25    25864.3    6    1
(advertise)    33    25876.19    34    25
(relay)    32    46    25955.6    25    25952.47    4    1
(advertise)    33    25955.8    46    25
(relay)    40    47    26010.01    26    26009.3    6    1
(advertise)    33    26010.21    47    26
(relay)    26    26    26030.83    26    26030.36    4    1
(relay)    40    41    26032.23    27    26014.29    6    2
(advertise)    33    26033.03    26    26
(relay)    32    39    26035.64    26    26027.6    4    2
(advertise)    33    26055.04    41    27
(advertise)    33    26077.85    39    26
(relay)    32    31    26080.87    26    26059.51    2    1
(advertise)    33    26099.27    31    26
(relay)    32    4    26158.08    26    26153.37    2    1
(advertise)    33    26158.28    4    26
(relay)    26    27    26171.89    26    26171.35    4    1
(advertise)    33    26181.69    27    26
(relay)    26    20    26192.9    26    26159.4    4    1
(advertise)    33    26202.9    20    26
(relay)    26    19    26214.32    26    26196.5    4    1
(advertise)    33    26224.72    19    26
(relay)    32    32    26301.33    26    26300.77    4    1
(advertise)    33    26301.53    32    26
(relay)    40    13    26342.54    26    26339.1    2    1
(advertise)    33    26342.74    13    26
(relay)    26    5    26393.36    26    26388.46    2    1
(advertise)    33    26393.56    5    26
(relay)    32    11    26434.57    26    26395.82    2    1
(advertise)    33    26434.77    11    26
(relay)    26    25    26452.98    26    26452.64    2    1
(advertise)    33    26456.98    25    26
(relay)    40    0    26461.6    27    26431    115    1
(advertise)    33    26479.6    0    27
(relay)    32    42    26501.21    26    26466.08    2    1
(relay)    26    48    26501.61    26    26489.01    4    2
(advertise)    33    26502.01    42    26
(advertise)    33    26526.22    48    26
(relay)    26    18    26543.83    26    26534.48    2    1
(advertise)    33    26548.03    18    26
(relay)    32    45    26568.85    26    26515.65    2    1
(advertise)    33    26569.05    45    26
(relay)    26    6    26571.46    27    26564    123    1
(advertise)    33    26590.86    6    27
(relay)    40    38    26623.47    26    26622.78    2    1
(advertise)    33    26623.67    38    26
(generate)    33    26636.69    [24]    26
(relay)    32    21    26669.9    26    26509.28    2    1
(advertise)    33    26670.1    21    26
(relay)    34    12    26688.51    26    26684.21    2    1
(advertise)    33    26693.91    12    26
(relay)    40    44    26695.73    26    26691.79    2    1
(advertise)    33    26715.93    44    26
(relay)    40    36    26743.34    26    26730.73    2    1
(advertise)    33    26743.54    36    26
(relay)    32    30    26805.95    26    26804.75    2    1
(advertise)    33    26806.15    30    26
(relay)    40    43    26830.36    26    26820.98    2    1
(advertise)    33    26831.16    43    26
(relay)    32    29    26855.58    26    26834.77    2    1
(advertise)    33    26855.78    29    26
(relay)    34    34    26865.39    26    26864.32    6    1
(advertise)    33    26877.39    34    26
(relay)    34    46    26957.0    26    26952.48    2    1
(advertise)    33    26957.2    46    26
(relay)    40    47    27010.22    27    27009.37    6    1
(advertise)    33    27010.42    47    27
(relay)    26    26    27031.03    27    27030.38    4    1
(advertise)    33    27032.83    26    27
(relay)    34    41    27034.04    28    27014.39    6    1
(advertise)    33    27054.04    41    28
(relay)    40    39    27055.46    27    27027.77    4    1
(advertise)    33    27076.26    39    27
(relay)    32    31    27099.47    27    27059.55    2    1
(advertise)    33    27099.67    31    27
(relay)    26    20    27161.08    27    27159.59    4    1
(advertise)    33    27161.28    20    27
(relay)    26    27    27181.09    27    27171.42    4    1
(advertise)    33    27183.49    27    27
(relay)    26    19    27203.31    27    27196.51    4    1
(advertise)    33    27205.11    19    27
(relay)    32    32    27301.52    27    27300.92    4    1
(advertise)    33    27301.72    32    27
(relay)    32    13    27341.73    27    27339.16    2    1
(advertise)    33    27341.93    13    27
(relay)    32    35    27362.15    27    27340.68    2    1
(advertise)    33    27363.75    35    27
(relay)    26    11    27414.96    27    27395.82    2    1
(advertise)    33    27415.16    11    27
(relay)    40    40    27434.57    27    27434.54    6    1
(advertise)    33    27437.17    40    27
(relay)    32    25    27458.39    27    27452.73    2    1
(advertise)    33    27459.99    25    27
(relay)    40    0    27462.4    28    27431    115    1
(advertise)    33    27481.6    0    28
(relay)    26    5    27483.81    27    27388.47    2    1
(relay)    40    42    27489.21    27    27467.08    2    2
(advertise)    33    27504.81    5    27
(relay)    40    37    27511.82    27    27482.5    2    2
(relay)    34    48    27513.82    27    27490.03    6    3
(advertise)    33    27526.22    42    27
(advertise)    33    27549.44    37    27
(relay)    40    45    27555.65    27    27515.74    2    2
(relay)    26    6    27568.05    28    27564    123    3
(advertise)    33    27571.45    48    27
(relay)    26    18    27593.06    27    27534.67    2    3
(advertise)    33    27593.86    45    27
(advertise)    33    27615.48    6    28
(generate)    33    27636.69    [24]    27
(advertise)    33    27638.1    18    27
(relay)    32    38    27660.92    27    27622.85    2    1
(advertise)    33    27661.32    38    27
(relay)    34    12    27688.33    27    27684.31    2    1
(advertise)    33    27688.53    12    27
(relay)    40    44    27693.94    27    27691.82    2    1
(advertise)    33    27710.34    44    27
(relay)    32    30    27806.55    27    27804.94    2    1
(advertise)    33    27806.75    30    27
(relay)    40    43    27833.57    27    27821.06    2    1
(advertise)    33    27833.77    43    27
(relay)    34    34    27865.38    27    27864.35    6    1
(advertise)    33    27865.58    34    27
(relay)    32    46    27954.99    27    27952.52    4    1
(advertise)    33    27955.19    46    27
(relay)    40    47    28010.81    28    28009.48    6    1
(advertise)    33    28011.01    47    28
(relay)    26    26    28031.02    28    28030.44    4    1
(advertise)    33    28032.02    26    28
(relay)    32    39    28034.23    28    28027.94    4    1
(relay)    34    41    28036.23    29    28014.66    6    2
(advertise)    33    28054.23    39    28
(advertise)    33    28075.25    41    29
(relay)    32    31    28097.86    28    28059.61    2    1
(advertise)    33    28099.06    31    28
(relay)    26    4    28155.67    28    28153.39    2    1
(advertise)    33    28155.87    4    28
(relay)    34    27    28172.28    28    28171.47    4    1
(relay)    26    20    28177.28    28    28159.62    4    2
(advertise)    33    28177.88    27    28
(advertise)    33    28200.1    20    28
(relay)    34    19    28217.51    28    28196.51    2    1
(advertise)    33    28221.31    19    28
(relay)    32    32    28301.52    28    28301.04    4    1
(advertise)    33    28301.72    32    28
(relay)    26    13    28340.54    28    28339.23    4    1
(advertise)    33    28340.74    13    28
(heartbeat)    24    7    28361.48    33    28364.35    3    7
(advertise)    33    28364.75    24    7
(relay)    32    35    28388.16    28    28340.74    2    1
(advertise)    33    28388.36    35    28
(relay)    26    11    28412.78    28    28396.21    2    1
(advertise)    33    28413.18    11    28
(relay)    40    40    28434.79    28    28434.62    6    1
(advertise)    33    28436.79    40    28
(relay)    32    25    28459.6    28    28452.81    2    1
(advertise)    33    28459.8    25    28
(relay)    32    42    28482.81    28    28467.26    2    1
(advertise)    33    28483.61    42    28
(relay)    26    5    28500.63    28    28388.48    2    1
(relay)    40    48    28504.03    28    28490.04    6    2
(advertise)    33    28505.83    5    28
(relay)    32    45    28525.44    28    28515.84    2    2
(advertise)    33    28528.44    48    28
(advertise)    33    28549.85    45    28
(relay)    34    6    28569.27    29    28564    123    1
(advertise)    33    28571.07    6    29
(relay)    26    18    28590.88    28    28534.83    2    1
(relay)    32    0    28593.28    29    28431    119    2
(advertise)    33    28594.28    18    28
(advertise)    33    28615.49    0    29
(generate)    33    28636.71    [24]    28
(relay)    40    38    28659.72    28    28622.94    2    1
(advertise)    33    28659.92    38    28
(relay)    34    12    28686.93    28    28684.39    2    1
(advertise)    33    28687.13    12    28
(relay)    40    44    28717.74    28    28692.48    2    1
(advertise)    33    28717.94    44    28
(relay)    32    30    28806.56    28    28805.09    2    1
(advertise)    33    28806.76    30    28
(relay)    32    43    28831.97    28    28821.13    2    1
(advertise)    33    28832.57    43    28
(relay)    32    29    28854.58    28    28834.99    2    1
(advertise)    33    28855.58    29    28
(relay)    34    34    28865.4    28    28864.38    6    1
(advertise)    33    28877.8    34    28
(relay)    32    46    28954.41    28    28952.57    4    1
(advertise)    33    28954.61    46    28
(relay)    40    47    29011.22    29    29009.56    6    1
(advertise)    33    29011.42    47    29
(relay)    26    26    29031.44    29    29030.52    4    1
(advertise)    33    29033.04    26    29
(relay)    34    41    29034.65    30    29014.76    6    1
(relay)    32    39    29036.85    29    29027.95    4    2
(advertise)    33    29056.25    41    30
(advertise)    33    29077.86    39    29
(relay)    26    4    29154.67    29    29153.42    2    1
(advertise)    33    29154.87    4    29
(relay)    34    27    29172.29    29    29171.57    4    1
(advertise)    33    29176.69    27    29
(relay)    34    20    29195.5    29    29159.65    4    1
(advertise)    33    29198.7    20    29
(relay)    34    19    29219.11    29    29196.7    2    1
(advertise)    33    29220.71    19    29
(relay)    32    32    29302.13    29    29301.21    4    1
(advertise)    33    29302.33    32    29
(relay)    26    13    29340.14    29    29339.33    4    1
(advertise)    33    29340.34    13    29
(relay)    32    35    29343.55    29    29340.86    2    1
(advertise)    33    29361.95    35    29
(relay)    26    5    29413.97    29    29388.51    4    1
(advertise)    33    29414.17    5    29
(relay)    26    11    29434.38    29    29396.22    2    1
(relay)    40    40    29434.78    29    29434.68    6    2
(advertise)    33    29436.38    11    29
(relay)    26    25    29457.19    29    29452.94    2    2
(advertise)    33    29458.19    40    29
(advertise)    33    29479.6    25    29
(relay)    40    48    29491.62    29    29490.19    6    1
(advertise)    33    29500.62    48    29
(relay)    32    37    29503.43    29    29482.84    2    1
(relay)    34    0    29514.23    30    29431    117    2
(advertise)    33    29523.23    37    29
(relay)    26    18    29546.24    29    29534.98    2    2
(advertise)    33    29548.24    0    30
(relay)    40    45    29555.26    29    29515.95    2    2
(advertise)    33    29570.26    18    29
(relay)    26    6    29571.47    30    29564    123    2
(relay)    40    42    29578.67    29    29467.28    2    3
(advertise)    33    29591.87    45    29
(advertise)    33    29613.88    6    30
(advertise)    33    29635.9    42    29
(generate)    33    29637.11    [24]    29
(relay)    40    38    29659.92    29    29623.01    2    1
(advertise)    33    29660.32    38    29
(relay)    32    21    29701.33    29    29509.53    2    1
(advertise)    33    29701.53    21    29
(relay)    40    44    29706.15    29    29692.54    2    1
(advertise)    33    29723.55    44    29
(relay)    40    43    29833.96    29    29821.24    2    1
(advertise)    33    29834.16    43    29
(relay)    34    34    29865.37    29    29864.41    6    1
(advertise)    33    29865.57    34    29
(relay)    32    46    29954.19    29    29952.6    4    1
(advertise)    33    29954.39    46    29
