(relay)    29    23    31.6    1    6    125    1
(advertise)    36    36.6    23    1
(relay)    37    41    40.01    1    9    121    1
(advertise)    36    57.81    41    1
(relay)    29    0    435.63    1    431    122    1
(advertise)    36    435.83    0    1
(relay)    29    6    568.84    1    564    118    1
(advertise)    36    569.04    6    1
(relay)    43    23    1009.45    2    1006.05    121    1
(advertise)    36    1009.65    23    2
(relay)    37    47    1029.67    1    1007.05    123    1
(advertise)    36    1032.07    47    1
(relay)    37    39    1052.88    1    1025.07    125    1
(advertise)    36    1055.08    39    1
(relay)    37    41    1075.29    2    1009.47    123    1
(advertise)    36    1077.09    41    2
(relay)    29    31    1078.5    1    1057.09    125    1
(advertise)    36    1099.5    31    1
(relay)    37    26    1119.92    1    1028.07    122    1
(advertise)    36    1122.32    26    1
(relay)    29    4    1156.93    1    1150.12    120    1
(advertise)    36    1157.13    4    1
(relay)    37    27    1182.94    1    1169.14    121    1
(advertise)    36    1183.54    27    1
(relay)    29    20    1203.96    1    1154.54    118    1
(advertise)    36    1204.96    20    1
(relay)    29    14    1226.97    1    1191.16    124    1
(advertise)    36    1227.57    14    1
(relay)    29    19    1251.78    1    1193.16    119    1
(advertise)    36    1251.98    19    1
(relay)    29    32    1299.0    1    1297.2    124    1
(advertise)    36    1299.2    32    1
(relay)    35    35    1338.61    1    1338.01    127    1
(advertise)    36    1338.81    35    1
(relay)    29    8    1366.62    1    1343.02    124    1
(advertise)    36    1366.82    8    1
(relay)    37    13    1368.23    1    1337.01    119    1
(advertise)    36    1388.43    13    1
(relay)    29    9    1409.25    1    1367.02    123    1
(advertise)    36    1410.45    9    1
(relay)    29    2    1431.26    1    1383.03    122    1
(advertise)    36    1432.06    2    1
(relay)    29    10    1455.67    1    1405.05    122    1
(advertise)    36    1456.07    10    1
(relay)    29    0    1475.69    2    1431    122    1
(relay)    37    37    1478.29    1    1478.09    127    2
(advertise)    36    1478.69    0    2
(relay)    37    11    1481.9    1    1392.05    121    2
(advertise)    36    1503.3    37    1
(relay)    29    28    1519.91    1    1485.1    126    2
(advertise)    36    1524.71    11    1
(relay)    29    42    1541.33    1    1461.09    124    2
(advertise)    36    1545.93    28    1
(advertise)    36    1567.74    42    1
(relay)    35    40    1573.55    1    1432.05    120    1
(advertise)    36    1589.55    40    1
(relay)    37    45    1595.36    1    1512.11    125    1
(relay)    29    21    1607.56    1    1505.11    125    2
(advertise)    36    1610.96    45    1
(relay)    37    48    1618.98    1    1486.03    122    2
(relay)    29    25    1628.98    1    1450.07    121    3
(advertise)    36    1632.38    21    1
(relay)    29    22    1648.99    1    1608.16    126    3
(advertise)    36    1655.79    48    1
(advertise)    36    1676.8    25    1
(relay)    37    18    1683.62    1    1531.13    122    2
(relay)    29    5    1693.82    1    1388.0    119    3
(advertise)    36    1700.82    22    1
(advertise)    36    1722.03    18    1
(generate)    36    1727.04    [24]    1
(relay)    37    38    1728.86    1    1617.18    124    2
(advertise)    36    1743.06    5    1
(relay)    43    44    1746.27    1    1690.02    126    2
(relay)    29    15    1759.47    1    1701.02    125    3
(advertise)    36    1764.87    38    1
(advertise)    36    1786.68    44    1
(relay)    37    6    1793.69    2    1564    118    2
(advertise)    36    1808.29    15    1
(relay)    43    43    1819.11    1    1818.09    127    2
(advertise)    36    1829.91    6    2
(relay)    29    29    1832.12    1    1832.11    127    2
(relay)    37    33    1838.52    1    1633.16    123    3
(advertise)    36    1850.92    43    1
(relay)    29    17    1869.53    1    1680.02    123    3
(advertise)    36    1873.33    29    1
(relay)    37    30    1882.15    1    1801.08    126    3
(advertise)    36    1895.55    33    1
(advertise)    36    1918.56    17    1
(advertise)    36    1940.17    30    1
(relay)    29    16    1971.39    1    1919.16    124    1
(advertise)    36    1971.59    16    1
(relay)    37    12    1992.0    1    1681.02    120    1
(advertise)    36    1993.6    12    1
(relay)    29    23    2015.61    3    2006.2    125    1
(advertise)    36    2017.81    23    3
(relay)    37    46    2037.22    1    1951.16    124    1
(relay)    29    3    2039.02    1    1890.13    121    2
(advertise)    36    2039.22    46    1
(relay)    29    34    2061.04    1    1862.91    122    2
(advertise)    36    2063.84    3    1
(relay)    29    1    2083.05    1    1938.11    123    2
(advertise)    36    2086.05    34    1
(advertise)    36    2107.06    1    1
(relay)    43    47    2117.08    2    2007.19    123    1
(advertise)    36    2128.48    47    2
(relay)    29    26    2130.29    2    2028.2    120    1
(relay)    37    39    2131.69    2    2025.2    125    2
(advertise)    36    2151.49    26    2
(relay)    37    31    2153.1    2    2057.22    125    2
(advertise)    36    2173.3    39    2
(advertise)    36    2194.32    31    2
(relay)    43    41    2204.13    3    2009.57    121    1
(advertise)    36    2217.33    41    3
(relay)    29    14    2239.54    2    2191.32    124    1
(advertise)    36    2240.14    14    2
(relay)    29    4    2261.55    2    2151.08    120    1
(advertise)    36    2263.55    4    2
(relay)    43    27    2272.17    2    2169.28    119    1
(relay)    29    20    2284.77    2    2154.68    118    2
(advertise)    36    2284.97    27    2
(advertise)    36    2306.78    20    2
(relay)    29    19    2332.59    2    2193.3    119    1
(advertise)    36    2332.79    19    2
(relay)    35    35    2339.21    2    2338.19    127    1
(advertise)    36    2354.01    35    2
(relay)    29    8    2356.42    2    2343.21    124    1
(advertise)    36    2377.02    8    2
(relay)    43    32    2380.23    2    2297.37    122    1
(advertise)    36    2399.43    32    2
(relay)    37    13    2420.45    2    2337.19    117    1
(advertise)    36    2423.45    13    2
(relay)    37    11    2443.86    2    2392.22    121    1
(advertise)    36    2445.86    11    2
(relay)    35    9    2449.07    2    2367.21    121    1
(advertise)    36    2468.07    9    2
(relay)    43    42    2470.28    2    2461.26    126    1
(relay)    37    37    2478.28    2    2478.27    127    2
(advertise)    36    2491.68    42    2
(relay)    29    28    2511.1    2    2485.28    126    2
(advertise)    36    2512.7    37    2
(relay)    35    2    2517.11    2    2383.22    120    2
(advertise)    36    2535.71    28    2
(relay)    37    40    2554.52    2    2433.03    124    2
(relay)    29    10    2555.72    2    2405.23    122    3
(advertise)    36    2557.52    2    2
(advertise)    36    2578.54    40    2
(relay)    43    45    2581.35    2    2512.3    125    2
(relay)    35    7    2584.75    2    2453.24    123    3
(relay)    37    5    2599.55    2    2388.01    119    4
(advertise)    36    2601.35    10    2
(relay)    35    21    2606.76    2    2505.3    125    4
(advertise)    36    2624.76    45    2
(advertise)    36    2647.77    7    2
(relay)    29    25    2664.79    2    2450.26    123    3
(advertise)    36    2670.19    5    2
(relay)    37    38    2688.0    2    2617.36    126    3
(advertise)    36    2691.6    21    2
(relay)    35    22    2694.41    2    2608.36    124    3
(relay)    43    48    2696.01    2    2486.18    122    4
(advertise)    36    2713.81    25    2
(generate)    36    2727.23    [24]    2
(advertise)    36    2736.84    38    2
(relay)    43    44    2740.65    2    2690.2    126    3
(relay)    29    0    2754.45    3    2431    120    4
(advertise)    36    2761.05    22    2
(advertise)    36    2783.07    48    2
(relay)    37    18    2797.28    2    2531.31    122    3
(relay)    29    15    2800.28    2    2701.2    125    4
(advertise)    36    2805.08    44    2
(relay)    43    43    2818.29    2    2818.28    127    4
(advertise)    36    2826.49    0    3
(relay)    29    29    2832.3    2    2832.29    127    4
(advertise)    36    2849.7    18    2
(relay)    43    33    2852.52    2    2633.35    121    4
(advertise)    36    2872.52    15    2
(relay)    29    17    2887.93    2    2680.19    123    4
(advertise)    36    2894.13    43    2
(relay)    37    30    2906.94    2    2801.28    126    4
(advertise)    36    2915.14    29    2
(relay)    35    6    2935.36    3    2564    114    4
(advertise)    36    2937.16    33    2
(advertise)    36    2959.77    17    2
(advertise)    36    2980.78    30    2
(advertise)    36    3003.8    6    3
(relay)    37    12    3017.21    2    2681.19    120    1
(relay)    29    16    3019.21    2    2919.34    124    2
(advertise)    36    3025.61    12    2
(relay)    37    23    3042.22    4    3006.4    125    2
(advertise)    36    3046.82    16    2
(advertise)    36    3070.23    23    4
(relay)    43    46    3076.45    2    2951.34    124    1
(relay)    37    34    3086.05    2    2863.09    122    2
(relay)    29    3    3086.65    2    2890.3    121    3
(advertise)    36    3091.65    46    2
(advertise)    36    3112.66    34    2
(relay)    37    39    3130.47    3    3025.4    125    2
(relay)    29    1    3131.07    2    2938.68    121    3
(advertise)    36    3135.87    3    2
(relay)    37    31    3151.89    3    3057.42    125    3
(advertise)    36    3158.49    39    3
(relay)    43    47    3164.1    3    3007.37    123    3
(advertise)    36    3181.7    1    2
(advertise)    36    3205.51    31    3
(advertise)    36    3227.73    47    3
(relay)    29    14    3241.14    3    3191.5    124    1
(relay)    37    41    3242.74    4    3009.77    121    2
(advertise)    36    3248.74    14    3
(relay)    35    26    3265.55    3    3028.4    118    2
(advertise)    36    3269.75    41    4
(advertise)    36    3290.76    26    3
(relay)    37    32    3310.38    3    3297.55    124    1
(advertise)    36    3312.78    32    3
(relay)    35    4    3332.19    3    3151.25    118    1
(relay)    37    27    3335.19    3    3169.47    121    2
(advertise)    36    3335.99    4    3
(relay)    35    35    3339.4    3    3338.39    127    2
(relay)    29    20    3352.4    3    3154.86    118    3
(advertise)    36    3357.0    27    3
(advertise)    36    3381.22    35    3
(advertise)    36    3404.23    20    3
(relay)    29    19    3417.44    3    3193.49    121    1
(advertise)    36    3425.24    19    3
(relay)    29    9    3438.86    3    3367.39    123    1
(relay)    37    8    3444.46    3    3343.39    122    2
(advertise)    36    3448.86    9    3
(advertise)    36    3470.07    8    3
(relay)    37    37    3479.08    3    3478.47    127    1
(relay)    29    28    3487.28    3    3485.47    126    2
(advertise)    36    3491.88    37    3
(relay)    29    2    3510.89    3    3383.42    122    2
(advertise)    36    3513.89    28    3
(advertise)    36    3536.71    2    3
(relay)    29    42    3555.92    3    3461.46    124    1
(advertise)    36    3558.92    42    3
(relay)    29    21    3577.93    3    3505.48    125    1
(advertise)    36    3581.33    21    3
(relay)    29    7    3601.55    3    3453.44    123    1
(relay)    37    45    3603.15    3    3512.48    125    2
(advertise)    36    3603.55    7    3
(relay)    43    13    3604.76    3    3337.38    117    2
(relay)    35    0    3605.76    4    3431    122    3
(relay)    29    25    3623.96    3    3450.44    121    4
(advertise)    36    3626.36    45    3
(advertise)    36    3648.57    13    3
(relay)    29    11    3669.19    3    3392.42    121    3
(advertise)    36    3669.59    0    4
(advertise)    36    3691.4    25    3
(advertise)    36    3713.41    11    3
(relay)    43    44    3716.22    3    3690.4    126    1
(relay)    37    40    3716.82    3    3433.23    122    2
(generate)    36    3727.42    [24]    3
(advertise)    36    3734.44    44    3
(relay)    37    38    3738.85    3    3617.56    126    2
(advertise)    36    3756.65    40    3
(relay)    35    48    3762.26    3    3486.36    120    2
(advertise)    36    3777.86    38    3
(relay)    35    22    3784.48    3    3608.56    124    2
(advertise)    36    3799.88    48    3
(relay)    43    43    3818.49    3    3818.48    127    2
(advertise)    36    3823.29    22    3
(relay)    29    29    3832.5    3    3832.49    127    2
(advertise)    36    3846.7    43    3
(relay)    37    10    3850.92    3    3405.43    120    2
(advertise)    36    3870.52    29    3
(advertise)    36    3892.13    10    3
(relay)    37    30    3895.54    3    3801.45    126    1
(advertise)    36    3914.14    30    3
(relay)    29    18    3915.55    3    3531.49    122    1
(advertise)    36    3935.95    18    3
(relay)    37    5    3939.17    3    3388.03    119    1
(relay)    29    17    3939.37    3    3680.39    123    2
(advertise)    36    3958.57    5    3
(relay)    35    15    3961.18    3    3701.4    123    2
(advertise)    36    3981.78    17    3
(relay)    29    33    3985.99    3    3633.55    123    2
(advertise)    36    4002.99    15    3
(relay)    37    6    4005.81    4    3564    118    2
(advertise)    36    4027.01    33    3
(relay)    29    12    4029.22    3    3682.59    120    2
(advertise)    36    4048.82    6    4
(relay)    29    23    4051.43    5    4006.99    125    2
(advertise)    36    4070.83    12    3
(relay)    29    16    4072.65    3    3919.54    124    2
(advertise)    36    4092.05    23    5
(relay)    37    46    4094.06    3    3951.54    124    2
(relay)    29    31    4111.46    4    4057.62    125    3
(advertise)    36    4114.06    16    3
(relay)    29    1    4134.07    3    3938.86    123    3
(advertise)    36    4138.07    46    3
(relay)    29    3    4155.48    3    3890.49    121    3
(advertise)    36    4160.28    31    4
(relay)    43    47    4172.5    4    4007.57    123    3
(relay)    37    39    4180.1    4    4025.58    125    4
(advertise)    36    4182.5    1    3
(advertise)    36    4203.51    3    3
(relay)    29    34    4222.52    3    3863.29    118    3
(advertise)    36    4225.92    47    4
(advertise)    36    4248.54    39    4
(relay)    29    14    4265.55    4    4191.68    124    2
(advertise)    36    4269.95    34    3
(relay)    29    41    4288.96    5    4009.97    121    2
(advertise)    36    4292.16    14    4
(advertise)    36    4313.18    41    5
(relay)    29    32    4317.99    4    4297.75    124    1
(advertise)    36    4334.19    32    4
(relay)    35    35    4339.6    4    4338.58    127    1
(relay)    29    4    4340.8    4    4151.45    120    2
(advertise)    36    4355.2    35    4
(relay)    37    26    4356.41    4    4028.59    122    2
(advertise)    36    4377.41    4    4
(advertise)    36    4398.63    26    4
(relay)    29    27    4407.44    4    4169.67    121    1
(advertise)    36    4421.04    27    4
(relay)    29    8    4429.25    4    4343.59    124    1
(advertise)    36    4442.05    8    4
(heartbeat)    24    1    4361.4    36    4444.07    127    0
(relay)    43    20    4458.47    4    4155.06    118    2
(advertise)    36    4463.47    24    1
(relay)    35    42    4469.08    4    4461.61    126    2
(relay)    29    19    4472.28    4    4193.68    121    3
(relay)    37    37    4479.28    4    4478.65    5    4
(advertise)    36    4486.08    20    4
(relay)    29    9    4494.29    4    4367.59    123    4
(advertise)    36    4508.09    42    4
(relay)    35    28    4514.51    4    4485.67    5    4
(advertise)    36    4529.71    19    4
(advertise)    36    4551.52    37    4
(relay)    37    40    4555.93    4    4433.43    124    3
(advertise)    36    4572.93    9    4
(advertise)    36    4595.14    28    4
(advertise)    36    4616.16    40    4
(relay)    37    2    4622.77    4    4383.61    122    1
(relay)    35    21    4626.37    4    4505.68    5    2
(advertise)    36    4638.17    2    4
(relay)    37    38    4645.18    4    4617.76    3    2
(advertise)    36    4659.98    21    4
(relay)    37    11    4667.2    4    4392.43    121    2
(advertise)    36    4682.6    38    4
(relay)    37    10    4688.81    4    4405.63    120    2
(relay)    29    22    4697.21    4    4608.76    5    3
(relay)    43    48    4702.61    4    4486.55    122    4
(advertise)    36    4704.41    11    4
(relay)    43    7    4724.62    4    4453.64    121    4
(advertise)    36    4727.42    10    4
(generate)    36    4728.64    [24]    4
(relay)    35    0    4742.65    5    4431    122    4
(advertise)    36    4752.25    22    4
(relay)    37    45    4758.26    4    4512.68    1    4
(relay)    29    13    4764.26    4    4337.58    119    5
(relay)    43    44    4768.66    4    4690.6    5    6
(advertise)    36    4773.26    48    4
(advertise)    36    4795.87    7    4
(advertise)    36    4817.89    0    5
(relay)    29    29    4833.3    4    4832.67    5    3
(advertise)    36    4841.1    13    4
(advertise)    36    4864.91    44    4
(relay)    29    15    4873.73    4    4701.6    3    2
(advertise)    36    4885.93    29    4
(relay)    29    5    4896.14    4    4388.04    119    2
(advertise)    36    4907.34    15    4
(relay)    29    30    4918.95    4    4801.65    3    2
(advertise)    36    4930.35    5    4
(advertise)    36    4952.57    30    4
(relay)    37    43    4959.58    4    4818.67    5    1
(relay)    29    6    4963.18    5    4564    118    2
(advertise)    36    4974.78    43    4
(relay)    37    33    4980.59    4    4633.74    1    2
(advertise)    36    4998.39    6    5
(relay)    29    16    5007.6    4    4919.74    1    1
(relay)    29    1    5053.2    4    4939.05    1    1
(relay)    37    23    5068.2    6    5007.17    1    1
(relay)    43    46    5070.2    4    4951.74    3    1
(advertise)    36    5070.4    46    4
(relay)    29    31    5074.82    5    5057.82    1    1
(relay)    37    34    5089.82    4    4863.46    1    1
(relay)    43    47    5091.82    5    5007.77    3    1
(advertise)    36    5093.62    47    5
(relay)    43    39    5134.63    5    5025.78    1    1
(relay)    35    14    5194.63    5    5191.75    3    1
(advertise)    36    5194.83    14    5
(relay)    37    41    5202.24    6    5010.17    3    1
(advertise)    36    5216.44    41    6
(relay)    37    32    5300.66    5    5297.87    1    1
(relay)    35    35    5339.66    5    5338.66    7    1
(advertise)    36    5339.86    35    5
(relay)    29    8    5364.47    5    5343.62    3    1
(advertise)    36    5364.87    8    5
(relay)    29    9    5387.88    5    5367.72    1    1
(relay)    37    2    5414.48    5    5383.79    1    1
(relay)    37    40    5434.88    5    5433.46    3    1
(advertise)    36    5435.08    40    5
(relay)    29    0    5459.1    6    5431    122    1
(advertise)    36    5459.7    0    6
(relay)    37    37    5479.31    5    5478.8    5    1
(advertise)    36    5480.71    37    5
(relay)    35    42    5483.32    5    5461.79    7    1
(advertise)    36    5502.32    42    5
(relay)    29    28    5503.93    5    5485.86    5    1
(relay)    35    7    5506.73    5    5453.68    3    2
(advertise)    36    5525.93    28    5
(relay)    29    21    5546.15    5    5505.73    5    2
(relay)    37    45    5546.95    5    5512.77    3    3
(advertise)    36    5547.75    7    5
(advertise)    36    5569.56    21    5
(advertise)    36    5591.17    45    5
(relay)    43    6    5613.99    6    5564    116    1
(advertise)    36    5614.59    6    6
(relay)    35    22    5616.4    5    5608.77    3    1
(advertise)    36    5637.0    22    5
(relay)    37    38    5660.21    5    5617.81    3    1
(advertise)    36    5661.41    38    5
(relay)    35    15    5704.03    5    5701.7    1    1
(relay)    37    44    5705.03    5    5690.79    5    1
(advertise)    36    5705.23    44    5
(generate)    36    5728.64    [24]    5
(relay)    29    33    5773.45    5    5633.9    1    1
(relay)    43    43    5819.05    5    5818.86    7    1
(advertise)    36    5819.25    43    5
(relay)    29    29    5833.26    5    5832.78    5    1
(advertise)    36    5842.06    29    5
(relay)    29    16    5922.48    5    5919.74    1    1
(relay)    29    1    5946.68    5    5939.17    3    1
(advertise)    36    5946.88    1    5
(relay)    43    46    5971.89    5    5951.8    3    1
(advertise)    36    5972.29    46    5
(relay)    37    23    6009.3    7    6007.31    1    1
(relay)    43    47    6011.5    6    6007.84    3    1
(advertise)    36    6011.7    47    6
(relay)    43    39    6037.32    6    6025.83    1    1
(relay)    37    31    6075.92    6    6057.96    1    1
(relay)    37    41    6097.52    7    6010.24    1    1
(relay)    35    14    6194.52    6    6191.77    3    1
(advertise)    36    6194.72    14    6
(relay)    29    32    6301.93    6    6297.98    1    1
(relay)    35    35    6338.93    6    6338.74    7    1
(advertise)    36    6339.13    35    6
(relay)    29    8    6363.34    6    6343.66    3    1
(advertise)    36    6364.34    8    6
(relay)    29    9    6388.76    6    6367.9    1    1
(relay)    29    2    6413.16    6    6383.83    1    1
(relay)    37    40    6434.96    6    6433.5    1    1
(relay)    29    0    6450.76    7    6431    122    1
(advertise)    36    6450.96    0    7
(relay)    35    42    6472.97    6    6461.99    7    1
(advertise)    36    6473.97    42    6
(relay)    37    37    6479.58    6    6478.98    5    1
(relay)    35    28    6495.18    6    6485.89    5    2
(advertise)    36    6496.98    37    6
(relay)    37    7    6499.39    6    6453.77    1    2
(advertise)    36    6518.59    28    6
(relay)    37    48    6520.21    6    6486.91    3    1
(relay)    35    21    6536.41    6    6505.82    5    2
(advertise)    36    6540.41    48    6
(advertise)    36    6561.42    21    6
(relay)    37    45    6566.23    6    6512.87    3    1
(advertise)    36    6582.63    45    6
(relay)    35    22    6610.05    6    6608.86    3    1
(advertise)    36    6610.45    22    6
(relay)    37    38    6632.86    6    6617.89    3    1
(advertise)    36    6633.46    38    6
(relay)    37    6    6654.87    7    6564    118    1
(advertise)    36    6655.67    6    7
(relay)    37    44    6692.29    6    6690.83    5    1
(advertise)    36    6692.49    44    6
(relay)    29    15    6716.3    6    6701.87    3    1
(advertise)    36    6716.5    15    6
(generate)    36    6728.71    [24]    6
(relay)    43    43    6819.52    6    6818.98    7    1
(advertise)    36    6819.72    43    6
(relay)    29    29    6833.54    6    6832.96    5    1
(advertise)    36    6842.74    29    6
(relay)    37    34    6872.95    6    6863.54    1    1
(relay)    29    16    6922.75    6    6919.88    1    1
(relay)    29    1    6946.75    6    6939.29    3    1
(advertise)    36    6946.95    1    6
(relay)    37    46    6969.16    6    6951.82    3    1
(advertise)    36    6970.16    46    6
(relay)    37    23    7009.38    8    7007.39    1    1
(relay)    43    47    7011.38    7    7007.91    3    1
(advertise)    36    7011.58    47    7
(relay)    43    39    7036.19    7    7025.85    1    1
(relay)    37    41    7074.79    8    7010.27    1    1
(relay)    29    31    7077.39    7    7058.06    1    1
(relay)    29    14    7194.79    7    7191.81    3    1
(advertise)    36    7194.99    14    7
(relay)    37    32    7302.6    7    7298.15    1    1
(relay)    35    35    7339.0    7    7338.83    7    1
(advertise)    36    7339.2    35    7
(relay)    29    8    7362.42    7    7343.7    3    1
(advertise)    36    7363.42    8    7
(relay)    29    9    7386.23    7    7368.06    1    1
(relay)    29    2    7411.43    7    7384.25    1    1
(relay)    37    40    7434.83    7    7433.54    3    1
(advertise)    36    7435.03    40    7
(relay)    35    7    7458.84    7    7454.63    3    1
(advertise)    36    7459.44    7    7
(relay)    37    37    7479.65    7    7479.15    5    1
(relay)    35    42    7481.25    7    7462.18    7    2
(advertise)    36    7482.65    37    7
(advertise)    36    7504.47    42    7
(relay)    35    28    7524.08    7    7485.92    5    1
(relay)    43    45    7525.68    7    7512.95    3    2
(advertise)    36    7527.08    28    7
(relay)    35    0    7548.29    8    7431    118    2
(advertise)    36    7549.49    45    7
(relay)    43    48    7572.51    7    7486.92    3    2
(advertise)    36    7572.91    0    8
(advertise)    36    7595.32    48    7
(relay)    35    21    7614.73    7    7505.89    1    1
(relay)    37    6    7615.73    8    7564    118    1
(advertise)    36    7617.53    6    8
(relay)    37    38    7638.35    7    7617.97    3    1
(advertise)    36    7639.55    38    7
(relay)    29    22    7643.16    7    7608.93    5    1
(relay)    37    33    7660.16    7    7634.24    1    2
(advertise)    36    7660.56    22    7
(relay)    43    44    7692.17    7    7690.87    5    1
(advertise)    36    7692.37    44    7
(relay)    29    15    7714.38    7    7701.87    3    1
(advertise)    36    7715.38    15    7
(generate)    36    7728.8    [24]    7
(relay)    35    30    7803.01    7    7802.02    1    1
(relay)    43    43    7819.61    7    7819.1    7    1
(advertise)    36    7819.81    43    7
(relay)    29    29    7833.62    7    7833.15    5    1
(advertise)    36    7842.82    29    7
(relay)    29    16    7922.64    7    7919.99    1    1
(relay)    29    1    7950.04    7    7939.38    3    1
(advertise)    36    7950.24    1    7
(relay)    29    46    7973.25    7    7951.85    1    1
(relay)    29    23    8009.85    9    8007.67    1    1
(relay)    43    47    8011.45    8    8007.96    3    1
(advertise)    36    8011.65    47    8
(relay)    43    39    8036.06    8    8025.85    1    1
(relay)    43    41    8057.46    9    8010.55    1    1
(relay)    29    31    8077.46    8    8058.11    1    1
(relay)    43    14    8196.26    8    8191.84    1    1
(relay)    35    35    8339.06    8    8338.91    7    1
(advertise)    36    8339.26    35    8
(heartbeat)    24    2    8361.41    36    8364.28    4    4
(advertise)    36    8365.08    24    2
(relay)    29    2    8435.09    8    8385.65    1    1
(relay)    43    40    8436.49    8    8433.6    1    1
(relay)    35    0    8456.09    9    8431    122    1
(advertise)    36    8456.29    0    9
(relay)    35    42    8477.9    8    8462.19    7    1
(advertise)    36    8478.9    42    8
(relay)    37    37    8480.11    8    8479.16    5    1
(advertise)    36    8500.31    37    8
(relay)    29    28    8526.53    8    8485.97    5    1
(advertise)    36    8526.73    28    8
(relay)    35    21    8546.94    8    8505.99    5    1
(relay)    29    7    8548.94    8    8454.73    1    2
(advertise)    36    8549.34    21    8
(relay)    43    45    8552.35    8    8513.08    3    1
(advertise)    36    8570.55    45    8
(relay)    43    48    8574.17    8    8486.96    3    1
(advertise)    36    8593.17    48    8
(relay)    35    22    8614.98    8    8609.02    3    1
(advertise)    36    8617.18    22    8
(relay)    43    6    8642.99    9    8564    114    1
(advertise)    36    8643.59    6    9
(relay)    37    38    8662.21    8    8618.07    3    1
(advertise)    36    8667.21    38    8
(relay)    43    44    8691.42    8    8690.95    5    1
(advertise)    36    8693.02    44    8
(generate)    36    8728.83    [24]    8
(relay)    29    15    8775.24    8    8702.06    1    1
(relay)    37    30    8803.04    8    8802.2    3    1
(advertise)    36    8803.24    30    8
(relay)    43    43    8819.86    8    8819.21    7    1
(advertise)    36    8825.66    43    8
(relay)    29    29    8833.67    8    8833.19    5    1
(advertise)    36    8847.87    29    8
(relay)    37    34    8876.08    8    8863.57    1    1
(relay)    29    16    8924.28    8    8920.12    1    1
(relay)    35    1    8950.68    8    8939.47    1    1
(relay)    35    46    8971.28    8    8951.9    1    1
(relay)    29    23    9009.88    10    9007.75    1    1
(relay)    43    47    9013.08    9    9008.02    3    1
(advertise)    36    9013.28    47    9
(relay)    43    39    9037.1    9    9025.89    1    1
(relay)    43    41    9058.1    10    9011.39    1    1
(relay)    29    31    9077.7    9    9058.23    1    1
(relay)    35    14    9195.9    9    9191.88    3    1
(advertise)    36    9196.1    14    9
(relay)    29    32    9301.31    9    9298.4    1    1
(relay)    35    35    9339.11    9    9339.0    7    1
(advertise)    36    9339.31    35    9
(relay)    29    9    9390.12    9    9368.36    1    1
(relay)    37    2    9410.12    9    9385.69    1    1
(relay)    37    40    9437.32    9    9433.64    3    1
(advertise)    36    9437.52    40    9
(relay)    29    0    9454.74    10    9431    122    1
(advertise)    36    9461.94    0    10
(relay)    29    7    9479.15    9    9454.79    3    1
(relay)    37    37    9480.15    9    9479.17    5    2
(advertise)    36    9483.35    7    9
(relay)    35    42    9484.56    9    9462.2    7    2
(relay)    29    28    9499.76    9    9485.99    5    3
(advertise)    36    9507.16    37    9
(advertise)    36    9529.97    42    9
(relay)    43    45    9533.19    9    9513.17    3    2
(advertise)    36    9551.59    28    9
(relay)    29    21    9566.2    9    9506.03    5    2
(relay)    37    48    9571.2    9    9486.97    3    3
(advertise)    36    9572.8    45    9
(advertise)    36    9594.81    21    9
(relay)    35    22    9616.03    9    9609.09    3    2
(advertise)    36    9616.83    48    9
(advertise)    36    9640.04    22    9
(relay)    29    6    9658.65    10    9564    116    1
(relay)    37    38    9659.25    9    9618.38    3    2
(advertise)    36    9661.65    6    10
(advertise)    36    9685.87    38    9
(relay)    37    44    9702.88    9    9691.01    5    1
(relay)    29    15    9704.08    9    9702.23    3    2
(advertise)    36    9708.08    44    9
(generate)    36    9728.89    [24]    9
(advertise)    36    9730.51    15    9
(relay)    35    30    9805.32    9    9802.36    1    1
(relay)    43    43    9819.92    9    9819.31    7    1
(advertise)    36    9820.12    43    9
(relay)    29    29    9834.33    9    9833.38    5    1
(advertise)    36    9841.73    29    9
(relay)    29    16    9924.94    9    9920.27    1    1
(relay)    29    1    9947.94    9    9939.54    1    1
(relay)    43    46    9952.74    9    9951.94    3    1
(advertise)    36    9952.94    46    9
(relay)    37    23    10011.16    11    10007.82    1    1
(relay)    43    47    10013.96    10    10008.11    3    1
(advertise)    36    10014.16    47    10
(relay)    43    39    10036.17    10    10026.11    1    1
(relay)    37    31    10077.37    10    10058.26    1    1
(relay)    43    14    10198.97    10    10191.9    1    1
(relay)    37    32    10300.57    10    10298.56    1    1
(relay)    35    35    10339.57    10    10339.1    7    1
(advertise)    36    10339.77    35    10
(relay)    29    8    10365.78    10    10343.91    3    1
(advertise)    36    10365.98    8    10
(relay)    29    9    10388.2    10    10368.53    1    1
(relay)    29    2    10409.0    10    10385.71    1    1
(relay)    37    40    10436.4    10    10433.72    3    1
(advertise)    36    10436.6    40    10
(relay)    29    0    10459.41    11    10431    122    1
(advertise)    36    10460.21    0    11
(relay)    35    42    10484.22    10    10462.22    7    1
(advertise)    36    10484.82    42    10
(relay)    29    37    10500.44    10    10479.34    3    1
(relay)    35    7    10504.84    10    10454.89    3    2
(advertise)    36    10507.84    37    10
(relay)    35    28    10526.25    10    10486.01    5    2
(relay)    37    45    10528.65    10    10513.28    3    3
(advertise)    36    10529.65    7    10
(advertise)    36    10551.66    28    10
(relay)    29    21    10567.07    10    10506.09    5    2
(advertise)    36    10574.27    45    10
(advertise)    36    10596.29    21    10
(relay)    29    22    10610.7    10    10609.18    5    1
(advertise)    36    10619.5    22    10
(relay)    29    6    10631.91    11    10564    116    1
(advertise)    36    10640.91    6    11
(relay)    43    38    10642.53    10    10618.43    1    1
(relay)    29    33    10688.53    10    10634.59    1    1
(relay)    43    44    10691.53    10    10691.04    5    1
(advertise)    36    10691.73    44    10
(generate)    36    10728.94    [24]    10
(relay)    29    15    10736.75    10    10702.23    3    1
(advertise)    36    10736.95    15    10
(relay)    37    30    10803.77    10    10802.51    3    1
(advertise)    36    10803.97    30    10
(relay)    43    43    10820.38    10    10819.41    7    1
(advertise)    36    10825.78    43    10
(relay)    29    29    10834.59    10    10833.57    5    1
(advertise)    36    10847.99    29    10
(relay)    37    34    10876.2    10    10863.6    1    1
(relay)    29    16    10924.8    10    10920.41    1    1
(relay)    29    1    10946.0    10    10939.63    3    1
(advertise)    36    10946.2    1    10
(relay)    37    46    10952.82    10    10951.96    3    1
(advertise)    36    10969.02    46    10
(relay)    29    23    11010.63    12    11007.93    1    1
(relay)    43    47    11014.03    11    11008.18    3    1
(advertise)    36    11014.23    47    11
(relay)    43    39    11036.24    11    11026.26    1    1
(relay)    43    41    11060.04    12    11011.74    1    1
(relay)    29    14    11196.24    11    11191.93    3    1
(advertise)    36    11196.44    14    11
(relay)    37    32    11299.86    11    11298.71    1    1
(relay)    35    35    11339.66    11    11339.17    7    1
(advertise)    36    11339.86    35    11
(relay)    29    8    11367.67    11    11343.98    3    1
(advertise)    36    11368.07    8    11
(relay)    29    9    11388.68    11    11368.69    1    1
(relay)    29    2    11411.48    11    11385.74    1    1
(relay)    37    40    11436.68    11    11433.77    3    1
(advertise)    36    11436.88    40    11
(relay)    35    7    11460.9    11    11454.97    3    1
(advertise)    36    11461.5    7    11
(relay)    37    37    11479.71    11    11479.53    5    1
(relay)    35    42    11481.51    11    11462.24    7    2
(advertise)    36    11483.51    37    11
(relay)    37    48    11504.92    11    11487.35    3    2
(advertise)    36    11506.32    42    11
(relay)    35    28    11525.73    11    11486.02    5    2
(advertise)    36    11527.53    48    11
(relay)    37    45    11547.95    11    11513.37    3    2
(advertise)    36    11550.15    28    11
(relay)    29    21    11572.36    11    11506.15    5    2
(advertise)    36    11574.16    45    11
(advertise)    36    11596.57    21    11
(relay)    29    22    11617.39    11    11609.25    5    1
(relay)    37    6    11618.79    12    11564    114    2
(advertise)    36    11619.39    22    11
(advertise)    36    11641.6    6    12
(relay)    29    38    11661.01    11    11618.53    1    1
(relay)    43    44    11692.01    11    11691.08    5    1
(advertise)    36    11692.21    44    11
(relay)    29    15    11717.03    11    11702.23    3    1
(advertise)    36    11717.23    15    11
(generate)    36    11729.04    [24]    11
(relay)    29    30    11804.65    11    11802.68    3    1
(advertise)    36    11804.85    30    11
(relay)    43    43    11820.46    11    11819.52    7    1
(advertise)    36    11827.66    43    11
(relay)    29    29    11834.68    11    11833.59    5    1
(advertise)    36    11848.88    29    11
(relay)    37    34    11877.49    11    11863.62    1    1
(relay)    37    16    11922.49    11    11920.55    1    1
(relay)    35    1    11945.49    11    11939.73    1    1
(relay)    43    46    11953.89    11    11951.98    3    1
(advertise)    36    11954.09    46    11
(relay)    37    23    12010.5    13    12008.02    1    1
(relay)    43    47    12011.9    12    12008.26    3    1
(advertise)    36    12012.1    47    12
(relay)    43    39    12033.92    12    12026.27    1    1
(relay)    43    41    12060.52    13    12012.64    1    1
(relay)    29    31    12079.92    12    12058.55    1    1
(relay)    29    14    12194.72    12    12191.94    3    1
(advertise)    36    12194.92    14    12
(relay)    37    32    12299.93    12    12298.86    1    1
(relay)    35    35    12339.73    12    12339.26    7    1
(advertise)    36    12339.93    35    12
(relay)    29    8    12367.34    12    12344.04    3    1
(heartbeat)    24    3    12361.43    36    12367.54    4    4
(advertise)    36    12367.74    8    12
(advertise)    36    12388.76    24    3
(relay)    37    9    12413.57    12    12368.87    1    1
(relay)    37    40    12439.17    12    12433.83    3    1
(advertise)    36    12439.37    40    12
(relay)    43    42    12464.58    12    12462.42    7    1
(advertise)    36    12464.98    42    12
(relay)    37    37    12479.59    12    12479.53    5    1
(advertise)    36    12485.99    37    12
(relay)    29    0    12487.61    13    12431    120    1
(relay)    35    21    12508.21    12    12506.21    5    2
(advertise)    36    12509.61    0    13
(relay)    29    7    12532.42    12    12455.05    3    2
(relay)    37    45    12532.82    12    12513.48    3    3
(advertise)    36    12534.42    21    12
(advertise)    36    12555.43    7    12
(relay)    37    48    12575.65    12    12487.51    1    2
(advertise)    36    12578.25    45    12
(relay)    35    22    12612.46    12    12609.34    3    1
(advertise)    36    12612.66    22    12
(relay)    37    38    12645.47    12    12618.62    3    1
(advertise)    36    12645.67    38    12
(relay)    29    6    12656.69    13    12564    116    1
(advertise)    36    12667.29    6    13
(relay)    43    44    12693.1    12    12691.14    5    1
(advertise)    36    12693.5    44    12
(relay)    29    15    12724.91    12    12702.23    3    1
(advertise)    36    12725.11    15    12
(generate)    36    12729.12    [24]    12
(relay)    29    33    12777.94    12    12634.77    1    1
(relay)    37    30    12804.94    12    12802.68    3    1
(advertise)    36    12805.14    30    12
(relay)    43    43    12820.55    12    12819.61    7    1
(advertise)    36    12826.35    43    12
(relay)    29    29    12833.96    12    12833.76    5    1
(advertise)    36    12848.56    29    12
(relay)    37    16    12921.58    12    12920.68    1    1
(relay)    37    34    12944.38    12    12863.64    1    1
(relay)    35    1    12944.78    12    12939.83    1    1
(relay)    43    46    12954.98    12    12952.03    3    1
(advertise)    36    12955.18    46    12
(relay)    37    23    13008.79    14    13008.11    1    1
(relay)    43    47    13010.59    13    13008.35    3    1
(advertise)    36    13010.79    47    13
(relay)    37    39    13052.4    13    13026.27    3    1
(advertise)    36    13052.6    39    13
(relay)    37    41    13076.42    14    13012.74    3    1
(advertise)    36    13076.62    41    14
(relay)    37    31    13098.43    13    13058.65    1    1
(relay)    35    14    13192.83    13    13191.96    3    1
(advertise)    36    13193.03    14    13
(relay)    37    32    13300.04    13    13299.01    1    1
(relay)    35    35    13340.44    13    13339.38    7    1
(advertise)    36    13340.64    35    13
(relay)    37    8    13367.45    13    13344.32    1    1
(relay)    29    9    13389.05    13    13369.02    1    1
(relay)    29    2    13412.65    13    13387.59    1    1
(relay)    37    40    13438.25    13    13433.85    3    1
(advertise)    36    13438.45    40    13
(relay)    35    7    13461.27    13    13455.15    3    1
(advertise)    36    13461.47    7    13
(relay)    37    37    13479.68    13    13479.53    5    1
(relay)    35    42    13482.68    13    13463.63    7    2
(advertise)    36    13482.88    37    13
(advertise)    36    13504.09    42    13
(relay)    35    0    13505.31    14    13431    122    1
(relay)    37    45    13526.31    13    13513.58    3    2
(advertise)    36    13527.51    0    14
(relay)    35    28    13528.72    13    13486.08    5    2
(relay)    35    21    13548.92    13    13506.28    5    3
(advertise)    36    13549.32    45    13
(advertise)    36    13571.93    28    13
(relay)    43    48    13573.15    13    13487.69    3    2
(advertise)    36    13594.55    21    13
(advertise)    36    13615.76    48    13
(relay)    35    6    13618.37    14    13564    116    1
(advertise)    36    13637.77    6    14
(relay)    35    22    13640.18    13    13609.42    3    1
(advertise)    36    13660.78    22    13
(relay)    35    44    13694.0    13    13691.18    3    1
(advertise)    36    13694.2    44    13
(relay)    37    33    13718.21    13    13634.93    1    1
(relay)    35    15    13722.01    13    13702.41    1    1
(generate)    36    13729.41    [24]    13
(relay)    37    30    13805.02    13    13802.84    3    1
(advertise)    36    13805.22    30    13
(relay)    43    43    13819.84    13    13819.68    7    1
(advertise)    36    13827.04    43    13
(relay)    29    29    13833.85    13    13833.77    5    1
(advertise)    36    13850.25    29    13
(relay)    37    34    13877.66    13    13863.68    1    1
(relay)    29    16    13921.86    13    13920.8    1    1
(relay)    29    1    13946.26    13    13939.88    3    1
(advertise)    36    13946.46    1    13
(relay)    37    46    13954.68    13    13952.06    3    1
(advertise)    36    13968.88    46    13
(relay)    37    23    14008.89    15    14008.21    1    1
(relay)    43    47    14009.89    14    14008.4    3    1
(advertise)    36    14010.09    47    14
(relay)    43    39    14034.5    14    14026.3    1    1
(relay)    43    41    14057.5    15    14012.82    1    1
(relay)    37    31    14099.3    14    14058.71    1    1
(relay)    35    14    14192.9    14    14191.99    3    1
(advertise)    36    14193.1    14    14
(relay)    37    32    14301.91    14    14299.19    1    1
(relay)    35    35    14340.51    14    14339.48    7    1
(advertise)    36    14340.71    35    14
(relay)    35    8    14367.93    14    14344.37    1    1
(relay)    37    9    14391.93    14    14369.16    1    1
(relay)    35    0    14438.13    15    14431    122    1
(advertise)    36    14438.33    0    15
(relay)    43    40    14440.14    14    14433.92    1    1
(relay)    29    2    14459.14    14    14387.59    1    1
(relay)    35    42    14463.94    14    14463.66    7    1
(advertise)    36    14464.14    42    14
(relay)    37    37    14479.75    14    14479.71    5    1
(advertise)    36    14485.55    37    14
(relay)    35    28    14509.97    14    14486.11    5    1
(advertise)    36    14510.57    28    14
(relay)    35    21    14534.38    14    14506.35    5    1
(advertise)    36    14534.58    21    14
(relay)    29    7    14549.79    14    14455.22    3    1
(relay)    37    45    14556.59    14    14513.72    3    2
(advertise)    36    14557.19    7    14
(advertise)    36    14578.41    45    14
(relay)    37    6    14602.42    15    14564    118    1
(advertise)    36    14602.62    6    15
(relay)    37    38    14624.83    14    14619.2    3    1
(advertise)    36    14625.23    38    14
(relay)    29    22    14639.64    14    14609.52    5    1
(advertise)    36    14647.04    22    14
(relay)    43    44    14692.86    14    14691.24    5    1
(advertise)    36    14693.06    44    14
(relay)    35    15    14720.27    14    14702.6    1    1
(generate)    36    14729.47    [24]    14
(relay)    37    33    14767.28    14    14634.98    1    1
(relay)    29    30    14805.08    14    14803.01    3    1
(advertise)    36    14805.28    30    14
(relay)    43    43    14819.9    14    14819.78    7    1
(advertise)    36    14829.5    43    14
(relay)    29    29    14833.91    14    14833.77    5    1
(advertise)    36    14851.71    29    14
(relay)    37    34    14900.32    14    14863.7    1    1
(relay)    29    16    14922.52    14    14920.91    1    1
(relay)    29    1    14947.52    14    14939.95    3    1
(advertise)    36    14947.72    1    14
(relay)    43    46    14972.54    14    14952.08    3    1
(advertise)    36    14973.54    46    14
(relay)    29    23    15009.15    16    15008.36    1    1
(relay)    37    39    15033.55    15    15026.3    3    1
(advertise)    36    15033.75    39    15
(relay)    43    41    15060.16    16    15012.88    1    1
(relay)    29    31    15082.16    15    15058.78    1    1
(relay)    29    14    15192.96    15    15192.03    3    1
(advertise)    36    15193.16    14    15
(relay)    37    32    15302.17    15    15299.29    1    1
(relay)    35    35    15340.57    15    15339.57    7    1
(advertise)    36    15340.77    35    15
(relay)    29    8    15367.79    15    15344.86    3    1
(advertise)    36    15367.99    8    15
(relay)    29    9    15392.6    15    15369.34    1    1
(relay)    29    2    15414.6    15    15387.63    1    1
(relay)    37    40    15436.0    15    15433.94    3    1
(advertise)    36    15436.2    40    15
(relay)    35    0    15458.41    16    15431    122    1
(advertise)    36    15460.01    0    16
(relay)    37    37    15480.63    15    15479.87    5    1
(relay)    43    42    15481.03    15    15463.86    7    2
(advertise)    36    15481.63    37    15
(relay)    29    7    15483.04    15    15455.28    3    2
(advertise)    36    15504.64    42    15
(advertise)    36    15525.65    7    15
(relay)    29    28    15529.27    15    15486.13    5    1
(advertise)    36    15546.87    28    15
(relay)    37    48    15548.08    15    15487.88    3    1
(advertise)    36    15568.88    48    15
(relay)    37    45    15570.09    15    15513.8    3    1
(relay)    29    21    15571.89    15    15506.43    5    2
(advertise)    36    15591.09    45    15
(advertise)    36    15615.1    21    15
(relay)    29    22    15637.32    15    15609.6    5    1
(advertise)    36    15638.12    22    15
(relay)    29    6    15659.33    16    15564    118    1
(advertise)    36    15660.13    6    16
(relay)    43    44    15693.54    15    15691.27    5    1
(advertise)    36    15693.74    44    15
(relay)    29    15    15718.16    15    15702.78    3    1
(advertise)    36    15718.36    15    15
(generate)    36    15729.57    [24]    15
(relay)    37    33    15753.78    15    15635.15    1    1
(relay)    29    30    15803.78    15    15803.17    3    1
(advertise)    36    15803.98    30    15
(relay)    43    43    15820.0    15    15819.89    7    1
(advertise)    36    15827.0    43    15
(relay)    29    29    15834.41    15    15833.79    5    1
(advertise)    36    15850.01    29    15
(relay)    37    34    15877.82    15    15863.89    1    1
(relay)    29    16    15924.02    15    15921.03    1    1
(relay)    35    1    15951.02    15    15940.01    1    1
(relay)    37    46    15956.62    15    15952.11    3    1
(advertise)    36    15956.82    46    15
(relay)    29    23    16009.83    17    16008.45    1    1
(relay)    43    47    16011.83    16    16008.54    3    1
(advertise)    36    16012.03    47    16
(relay)    43    39    16037.45    16    16026.48    1    1
(relay)    43    41    16062.05    17    16012.93    1    1
(relay)    29    31    16080.65    16    16058.82    1    1
(relay)    35    14    16194.45    16    16192.06    3    1
(advertise)    36    16194.65    14    16
(relay)    37    32    16302.06    16    16299.43    1    1
(relay)    37    35    16341.66    16    16339.66    1    1
(relay)    35    8    16365.06    16    16344.89    1    1
(heartbeat)    24    4    16361.44    36    16367.86    4    4
(advertise)    36    16368.06    24    4
(relay)    37    9    16428.47    16    16369.47    1    1
(relay)    43    40    16436.47    16    16433.97    1    1
(relay)    29    2    16451.07    16    16388.46    1    1
(relay)    35    7    16459.27    16    16455.31    3    1
(advertise)    36    16459.47    7    16
(relay)    43    42    16464.69    16    16463.91    7    1
(advertise)    36    16482.69    42    16
(relay)    43    37    16487.7    16    16480.06    3    1
(relay)    35    28    16502.7    16    16486.18    5    2
(advertise)    36    16504.1    37    16
(advertise)    36    16526.51    28    16
(relay)    43    45    16534.93    16    16514.32    3    1
(advertise)    36    16548.33    45    16
(relay)    43    48    16557.34    16    16488.06    1    1
(relay)    43    21    16581.14    16    16507.5    3    1
(advertise)    36    16581.34    21    16
(relay)    37    0    16586.15    17    16431    110    1
(advertise)    36    16602.75    0    17
(relay)    35    22    16614.56    16    16609.67    1    1
(relay)    37    38    16628.76    16    16619.35    3    1
(advertise)    36    16628.96    38    16
(relay)    43    44    16693.58    16    16691.3    5    1
(advertise)    36    16693.78    44    16
(relay)    35    15    16705.39    16    16702.94    1    1
(relay)    37    33    16719.79    16    16635.33    1    1
(generate)    36    16729.59    [24]    16
(relay)    37    30    16803.8    16    16803.32    3    1
(advertise)    36    16804.0    30    16
(relay)    43    43    16820.02    16    16819.97    7    1
(advertise)    36    16826.42    43    16
(relay)    29    29    16834.43    16    16833.82    5    1
(advertise)    36    16847.83    29    16
(relay)    29    34    16896.84    16    16863.93    1    1
(relay)    29    16    16924.24    16    16921.18    1    1
(relay)    29    1    16950.04    16    16940.09    3    1
(advertise)    36    16950.24    1    16
(relay)    37    46    16972.66    16    16952.14    3    1
(advertise)    36    16973.46    46    16
(relay)    37    23    17010.67    18    17008.56    1    1
(relay)    37    47    17032.67    17    17008.6    1    1
(relay)    43    39    17035.27    17    17026.67    1    1
(relay)    43    41    17058.07    18    17013.03    1    1
(relay)    37    31    17097.27    17    17058.87    1    1
(relay)    29    14    17194.87    17    17192.1    3    1
(advertise)    36    17195.07    14    17
(relay)    29    32    17304.48    17    17299.55    1    1
(relay)    35    35    17339.88    17    17339.73    7    1
(advertise)    36    17340.08    35    17
(relay)    29    8    17364.89    17    17344.96    3    1
(advertise)    36    17365.09    8    17
(relay)    29    9    17390.11    17    17369.66    1    1
(relay)    29    2    17411.91    17    17388.48    1    1
(relay)    43    40    17435.51    17    17434.03    1    1
(relay)    35    0    17455.91    18    17431    122    1
(advertise)    36    17456.11    0    18
(relay)    35    42    17478.52    17    17464.09    7    1
(advertise)    36    17479.72    42    17
(relay)    29    7    17480.93    17    17455.4    3    1
(advertise)    36    17501.13    7    17
(relay)    29    28    17503.55    17    17486.37    5    1
(relay)    43    37    17505.95    17    17480.08    3    2
(advertise)    36    17523.55    28    17
(advertise)    36    17546.36    37    17
(relay)    29    21    17567.17    17    17507.57    5    1
(advertise)    36    17567.77    21    17
(relay)    37    48    17570.59    17    17488.07    3    1
(relay)    43    45    17572.59    17    17514.4    3    2
(advertise)    36    17591.39    48    17
(advertise)    36    17615.0    45    17
(relay)    37    6    17636.41    18    17564    116    1
(relay)    35    22    17637.21    17    17609.72    1    2
(advertise)    36    17637.81    6    18
(relay)    37    38    17657.62    17    17620.43    3    1
(advertise)    36    17659.02    38    17
(relay)    43    44    17692.64    17    17691.35    5    1
(advertise)    36    17692.84    44    17
(relay)    37    33    17701.25    17    17635.45    1    1
(relay)    35    15    17718.25    17    17703.12    1    1
(generate)    36    17729.65    [24]    17
(relay)    37    30    17804.06    17    17803.49    3    1
(advertise)    36    17804.26    30    17
(relay)    43    43    17820.68    17    17820.07    7    1
(advertise)    36    17825.48    43    17
(relay)    29    29    17834.49    17    17833.98    5    1
(advertise)    36    17847.49    29    17
(relay)    37    34    17918.5    17    17863.95    1    1
(relay)    29    16    17940.5    17    17921.31    1    1
(relay)    35    1    17952.5    17    17940.17    1    1
(relay)    35    46    17973.7    17    17952.17    1    1
(relay)    29    23    18010.9    19    18008.67    1    1
(relay)    37    39    18035.7    18    18026.86    3    1
(advertise)    36    18035.9    39    18
(relay)    37    31    18059.92    18    18058.98    1    1
(relay)    37    41    18082.92    19    18013.72    1    1
(relay)    35    14    18194.92    18    18192.13    3    1
(advertise)    36    18195.12    14    18
(relay)    29    32    18304.33    18    18299.66    1    1
(relay)    35    35    18339.93    18    18339.81    7    1
(advertise)    36    18340.13    35    18
(relay)    29    8    18365.74    18    18345.04    1    1
(relay)    37    9    18392.74    18    18369.8    1    1
(relay)    37    2    18413.34    18    18388.7    1    1
(relay)    37    40    18435.94    18    18434.09    3    1
(advertise)    36    18436.14    40    18
(relay)    35    0    18458.15    19    18431    122    1
(advertise)    36    18459.75    0    19
(relay)    29    7    18480.77    18    18455.5    3    1
(advertise)    36    18481.37    7    18
(relay)    43    42    18482.58    18    18464.28    7    1
(relay)    29    37    18501.78    18    18480.27    3    2
(advertise)    36    18503.58    42    18
(relay)    35    28    18523.39    18    18486.4    5    2
(advertise)    36    18525.19    37    18
(relay)    43    45    18529.01    18    18514.5    3    2
(advertise)    36    18547.81    28    18
(relay)    29    21    18567.82    18    18507.65    5    2
(advertise)    36    18570.02    45    18
(relay)    37    48    18574.63    18    18488.08    1    2
(advertise)    36    18591.23    21    18
(relay)    29    6    18610.65    19    18564    114    1
(advertise)    36    18613.65    6    19
(relay)    29    22    18632.86    18    18609.78    3    1
(advertise)    36    18635.66    22    18
(relay)    37    38    18642.07    18    18621.54    3    1
(advertise)    36    18657.87    38    18
(relay)    37    44    18692.08    18    18691.37    5    1
(advertise)    36    18692.28    44    18
(relay)    37    33    18716.1    18    18635.61    1    1
(relay)    29    15    18716.5    18    18703.28    3    1
(advertise)    36    18716.7    15    18
(generate)    36    18729.71    [24]    18
(relay)    35    30    18805.92    18    18803.66    1    1
(relay)    43    43    18820.72    18    18820.13    7    1
(advertise)    36    18820.92    43    18
(relay)    29    29    18834.94    18    18834.0    5    1
(advertise)    36    18843.54    29    18
(relay)    37    16    18926.15    18    18921.43    1    1
(relay)    37    1    18950.75    18    18940.21    1    1
(relay)    43    46    18954.15    18    18952.19    3    1
(advertise)    36    18954.35    46    18
(relay)    37    23    19011.76    20    19008.75    1    1
(relay)    43    47    19014.36    19    19008.75    3    1
(advertise)    36    19014.56    47    19
(relay)    43    39    19038.18    19    19026.86    1    1
(relay)    37    31    19079.98    19    19059.06    1    1
(relay)    35    14    19196.38    19    19192.15    3    1
(advertise)    36    19196.58    14    19
(relay)    37    32    19302.59    19    19299.79    1    1
(relay)    35    35    19339.99    19    19339.91    7    1
(advertise)    36    19340.19    35    19
(relay)    29    8    19368.0    19    19345.1    3    1
(advertise)    36    19368.2    8    19
(relay)    29    9    19393.01    19    19369.95    1    1
(relay)    29    2    19414.61    19    19388.73    1    1
(relay)    37    40    19437.41    19    19434.15    3    1
(advertise)    36    19437.61    40    19
(relay)    29    7    19459.63    19    19455.6    3    1
(advertise)    36    19461.43    7    19
(relay)    37    37    19481.44    19    19480.46    5    1
(relay)    35    42    19482.44    19    19464.29    7    2
(advertise)    36    19483.44    37    19
(advertise)    36    19504.45    42    19
(relay)    29    28    19506.07    19    19486.43    5    1
(advertise)    36    19527.67    28    19
(relay)    29    21    19550.48    19    19507.73    5    1
(advertise)    36    19550.88    21    19
(relay)    35    45    19570.69    19    19514.57    1    1
(relay)    43    48    19574.09    19    19488.26    3    1
(advertise)    36    19574.49    48    19
(relay)    29    22    19616.31    19    19609.85    3    1
(advertise)    36    19616.51    22    19
(relay)    37    0    19617.92    20    19431    118    1
(advertise)    36    19638.52    0    20
(relay)    29    6    19639.73    20    19564    116    1
(advertise)    36    19659.53    6    20
(relay)    29    38    19678.94    19    19621.6    1    1
(relay)    29    15    19705.74    19    19703.45    3    1
(advertise)    36    19705.94    15    19
(relay)    37    33    19708.96    19    19635.8    1    1
(relay)    43    44    19710.36    19    19691.42    5    1
(advertise)    36    19728.96    44    19
(generate)    36    19730.17    [24]    19
(relay)    37    30    19805.38    19    19803.8    3    1
(advertise)    36    19805.58    30    19
(relay)    43    43    19820.8    19    19820.24    7    1
(advertise)    36    19826.8    43    19
(relay)    29    29    19835.21    19    19834.16    5    1
(advertise)    36    19847.81    29    19
(relay)    29    34    19878.02    19    19863.96    1    1
(relay)    37    16    19926.42    19    19921.56    1    1
(relay)    37    1    19947.62    19    19940.26    1    1
(relay)    43    46    19954.22    19    19952.24    3    1
(advertise)    36    19954.42    46    19
(relay)    29    23    20012.64    21    20008.79    1    1
(relay)    43    47    20014.04    20    20008.85    3    1
(advertise)    36    20014.24    47    20
(relay)    43    39    20035.65    20    20027.01    1    1
(relay)    37    41    20054.85    21    20013.86    3    1
(advertise)    36    20055.05    41    21
(relay)    37    31    20076.46    20    20059.12    1    1
(relay)    35    14    20196.86    20    20192.16    3    1
(advertise)    36    20197.06    14    20
(relay)    37    32    20301.87    20    20299.93    1    1
(relay)    35    35    20340.47    20    20340.0    7    1
(advertise)    36    20340.67    35    20
(heartbeat)    24    5    20361.45    36    20366.69    4    6
(advertise)    36    20366.89    24    5
(relay)    29    8    20389.9    20    20345.16    3    1
(advertise)    36    20390.5    8    20
(relay)    37    9    20432.91    20    20370.12    1    1
(relay)    35    0    20436.71    21    20431    122    1
(advertise)    36    20436.91    0    21
(relay)    43    40    20438.53    20    20434.21    1    1
(relay)    35    7    20463.73    20    20456.48    3    1
(advertise)    36    20463.93    7    20
(relay)    43    42    20467.34    20    20465.14    7    1
(relay)    37    37    20481.54    20    20480.49    5    2
(advertise)    36    20487.74    42    20
(relay)    35    28    20505.95    20    20486.49    5    2
(advertise)    36    20508.95    37    20
(relay)    35    21    20528.77    20    20507.83    5    2
(advertise)    36    20531.37    28    20
(advertise)    36    20555.38    21    20
(relay)    37    48    20565.59    20    20488.44    3    1
(advertise)    36    20579.59    48    20
(relay)    43    45    20581.4    20    20514.9    3    1
(relay)    29    2    20585.6    20    20388.92    1    2
(advertise)    36    20602.2    45    20
(relay)    35    22    20626.22    20    20609.91    1    1
(relay)    37    38    20632.02    20    20621.69    3    1
(advertise)    36    20632.22    38    20
(relay)    37    6    20655.43    21    20564    118    1
(advertise)    36    20655.63    6    21
(relay)    43    44    20692.04    20    20691.49    5    1
(advertise)    36    20692.24    44    20
(generate)    36    20730.26    [24]    20
(relay)    29    15    20743.07    20    20703.61    3    1
(advertise)    36    20743.27    15    20
(relay)    29    30    20805.48    20    20803.99    3    1
(advertise)    36    20805.68    30    20
(relay)    43    43    20821.3    20    20820.34    7    1
(advertise)    36    20826.7    43    20
(relay)    29    29    20835.11    20    20834.18    5    1
(advertise)    36    20849.71    29    20
(relay)    29    16    20926.12    20    20921.72    1    1
(relay)    37    34    20943.72    20    20864.0    1    1
(relay)    35    1    20949.32    20    20940.32    1    1
(relay)    43    46    20953.32    20    20952.27    3    1
(advertise)    36    20953.52    46    20
(relay)    37    23    21012.53    22    21008.88    1    1
(relay)    43    47    21016.33    21    21008.92    1    1
(relay)    43    39    21037.93    21    21027.05    1    1
(relay)    43    41    21059.93    22    21013.92    1    1
(relay)    29    31    21079.33    21    21059.26    1    1
(relay)    35    14    21196.93    21    21192.18    3    1
(advertise)    36    21197.13    14    21
(relay)    29    32    21301.15    21    21300.08    1    1
(relay)    35    35    21340.75    21    21340.1    7    1
(advertise)    36    21340.95    35    21
(relay)    29    8    21369.56    21    21345.2    3    1
(advertise)    36    21369.76    8    21
(relay)    29    9    21391.57    21    21370.29    1    1
(relay)    37    2    21415.97    21    21388.93    1    1
(relay)    37    40    21437.57    21    21434.26    3    1
(advertise)    36    21437.77    40    21
(relay)    35    0    21460.79    22    21431    122    1
(advertise)    36    21461.19    0    22
(relay)    37    37    21480.6    21    21480.51    5    1
(relay)    35    42    21481.4    21    21465.32    7    2
(advertise)    36    21483.2    37    21
(relay)    35    7    21503.41    21    21456.53    3    2
(advertise)    36    21504.61    42    21
(advertise)    36    21527.83    7    21
(relay)    37    45    21551.04    21    21514.98    3    1
(advertise)    36    21551.24    45    21
(relay)    29    21    21572.05    21    21507.92    5    1
(relay)    37    48    21572.85    21    21488.63    3    2
(advertise)    36    21575.65    21    21
(advertise)    36    21597.66    48    21
(relay)    37    6    21615.48    22    21564    118    1
(advertise)    36    21620.88    6    22
(relay)    37    38    21637.49    21    21621.78    3    1
(relay)    29    22    21637.89    21    21609.99    3    2
(advertise)    36    21643.89    38    21
(advertise)    36    21666.7    22    21
(relay)    29    33    21704.12    21    21635.99    1    1
(relay)    35    44    21704.32    21    21691.54    3    1
(advertise)    36    21704.52    44    21
(generate)    36    21730.33    [24]    21
(relay)    29    15    21772.34    21    21703.79    1    1
(relay)    29    30    21806.14    21    21803.99    3    1
(advertise)    36    21806.34    30    21
(relay)    43    43    21821.36    21    21820.44    7    1
(advertise)    36    21827.56    43    21
(relay)    29    29    21834.37    21    21834.2    5    1
(advertise)    36    21850.77    29    21
(relay)    37    34    21879.18    21    21864.01    1    1
(relay)    29    16    21924.58    21    21921.89    1    1
(relay)    35    1    21946.58    21    21940.41    1    1
(relay)    43    46    21954.58    21    21952.31    3    1
(advertise)    36    21954.78    46    21
(relay)    37    47    22011.99    22    22009.02    3    1
(advertise)    36    22012.19    47    22
(relay)    37    39    22033.61    22    22027.06    3    1
(advertise)    36    22034.61    39    22
(relay)    43    41    22058.42    23    22014.01    1    1
(relay)    29    31    22076.62    22    22059.3    1    1
(relay)    29    14    22194.02    22    22192.21    3    1
(advertise)    36    22194.22    14    22
(relay)    37    32    22301.63    22    22300.22    1    1
(relay)    35    35    22340.83    22    22340.2    7    1
(advertise)    36    22341.03    35    22
(relay)    29    8    22369.45    22    22345.28    3    1
(advertise)    36    22369.65    8    22
(relay)    29    9    22389.46    22    22370.47    1    1
(relay)    29    2    22414.66    22    22388.94    1    1
(relay)    37    40    22439.26    22    22434.3    3    1
(advertise)    36    22439.46    40    22
(relay)    29    0    22463.67    23    22431    122    1
(advertise)    36    22464.47    0    23
(relay)    37    37    22480.69    22    22480.68    5    1
(relay)    29    7    22485.69    22    22456.59    3    2
(advertise)    36    22485.89    37    22
(advertise)    36    22507.7    7    22
(relay)    29    28    22508.91    22    22486.53    5    1
(advertise)    36    22530.91    28    22
(relay)    37    42    22532.52    22    22465.49    5    1
(advertise)    36    22552.72    42    22
(relay)    37    45    22556.74    22    22515.08    3    1
(advertise)    36    22573.74    45    22
(relay)    43    48    22597.15    22    22488.82    1    1
(relay)    35    6    22602.35    23    22564    112    1
(advertise)    36    22602.55    6    23
(relay)    37    21    22626.16    22    22508.96    3    1
(advertise)    36    22626.36    21    22
(relay)    43    38    22642.78    22    22621.85    1    1
(relay)    29    22    22643.18    22    22610.08    3    1
(advertise)    36    22648.38    22    22
(relay)    29    15    22706.99    22    22703.94    3    1
(advertise)    36    22707.19    15    22
(relay)    43    44    22710.4    22    22691.59    5    1
(advertise)    36    22728.6    44    22
(generate)    36    22730.42    [24]    22
(relay)    37    30    22806.63    22    22804.14    3    1
(advertise)    36    22806.83    30    22
(relay)    43    43    22821.64    22    22820.56    7    1
(advertise)    36    22827.84    43    22
(relay)    29    29    22834.45    22    22834.39    5    1
(advertise)    36    22848.85    29    22
(relay)    37    34    22876.67    22    22864.2    1    1
(relay)    29    16    22923.07    22    22922.06    1    1
(relay)    35    1    22949.87    22    22940.45    1    1
(relay)    43    46    22954.67    22    22952.34    3    1
(advertise)    36    22954.87    46    22
(relay)    37    23    23009.88    24    23009.1    1    1
(relay)    37    39    23031.88    23    23027.25    3    1
(advertise)    36    23032.08    39    23
(relay)    37    41    23054.69    24    23014.08    3    1
(advertise)    36    23055.69    41    24
(relay)    37    31    23076.91    23    23059.37    1    1
(relay)    29    14    23193.11    23    23192.24    3    1
(advertise)    36    23193.31    14    23
(relay)    37    32    23301.72    23    23300.39    1    1
(relay)    35    35    23341.32    23    23340.3    7    1
(advertise)    36    23341.52    35    23
(relay)    29    8    23368.33    23    23345.3    3    1
(advertise)    36    23368.53    8    23
(relay)    29    9    23392.35    23    23370.47    1    1
(relay)    29    2    23416.35    23    23388.94    1    1
(relay)    37    40    23440.75    23    23434.33    3    1
(advertise)    36    23440.95    40    23
(relay)    29    0    23462.96    24    23431    122    1
(advertise)    36    23463.76    0    24
(relay)    37    37    23480.97    23    23480.87    5    1
(relay)    29    7    23484.57    23    23456.62    3    2
(advertise)    36    23485.17    37    23
(relay)    35    42    23486.78    23    23465.87    7    2
(advertise)    36    23508.38    7    23
(relay)    29    28    23528.0    23    23486.57    5    2
(relay)    37    48    23531.6    23    23488.82    1    3
(advertise)    36    23532.0    42    23
(relay)    29    21    23549.01    23    23509.04    5    3
(advertise)    36    23553.01    28    23
(relay)    43    45    23556.22    23    23515.18    3    2
(advertise)    36    23576.02    21    23
(advertise)    36    23597.84    45    23
(relay)    29    22    23615.65    23    23610.14    3    1
(advertise)    36    23621.65    22    23
(relay)    29    6    23639.86    24    23564    114    1
(advertise)    36    23644.66    6    24
(relay)    43    38    23646.08    23    23621.91    1    1
(relay)    43    44    23692.88    23    23691.63    5    1
(advertise)    36    23693.08    44    23
(relay)    37    33    23703.69    23    23636.17    1    1
(relay)    29    15    23718.49    23    23704.13    3    1
(advertise)    36    23718.69    15    23
(generate)    36    23730.5    [24]    23
(relay)    29    30    23806.71    23    23804.31    3    1
(advertise)    36    23806.91    30    23
(relay)    43    43    23820.73    23    23820.66    7    1
(advertise)    36    23828.13    43    23
(relay)    29    29    23834.74    23    23834.57    5    1
(advertise)    36    23850.14    29    23
(relay)    37    34    23879.95    23    23864.24    1    1
(relay)    29    16    23923.15    23    23922.23    1    1
(relay)    29    1    23948.75    23    23940.49    3    1
(advertise)    36    23948.95    1    23
(relay)    37    46    23971.37    23    23952.37    3    1
(advertise)    36    23973.37    46    23
(relay)    29    23    24009.98    25    24009.18    1    1
(relay)    37    47    24010.18    24    24009.15    3    1
(advertise)    36    24010.38    47    24
(relay)    37    39    24032.99    24    24027.41    3    1
(advertise)    36    24033.19    39    24
(relay)    37    41    24057.61    25    24014.15    3    1
(advertise)    36    24057.81    41    25
(relay)    37    31    24082.62    24    24059.43    1    1
(relay)    35    14    24193.22    24    24192.27    3    1
(advertise)    36    24193.42    14    24
(relay)    29    32    24303.63    24    24300.47    1    1
(relay)    35    35    24341.43    24    24340.41    7    1
(advertise)    36    24341.63    35    24
(heartbeat)    24    6    24361.47    36    24367.24    4    6
(advertise)    36    24367.44    24    6
(relay)    29    9    24391.66    24    24370.61    1    1
(relay)    29    8    24416.06    24    24346.31    1    1
(relay)    37    40    24439.06    24    24434.35    3    1
(advertise)    36    24439.26    40    24
(relay)    35    0    24462.47    25    24431    122    1
(advertise)    36    24462.67    0    25
(relay)    37    37    24481.48    24    24480.9    5    1
(advertise)    36    24485.08    37    24
(relay)    43    42    24486.5    24    24465.88    7    1
(relay)    29    7    24505.9    24    24456.66    3    2
(advertise)    36    24507.7    42    24
(relay)    35    28    24509.71    24    24487.0    5    2
(advertise)    36    24529.71    7    24
(advertise)    36    24551.52    28    24
(relay)    37    45    24554.14    24    24515.31    3    1
(advertise)    36    24574.34    45    24
(relay)    29    21    24592.95    24    24509.14    5    1
(advertise)    36    24595.55    21    24
(relay)    35    22    24620.16    24    24610.24    1    1
(relay)    37    38    24624.36    24    24622.02    3    1
(advertise)    36    24624.56    38    24
(relay)    37    6    24669.37    25    24564    118    1
(advertise)    36    24669.57    6    25
(relay)    43    44    24693.59    24    24691.68    5    1
(advertise)    36    24694.59    44    24
(relay)    29    15    24727.0    24    24704.32    3    1
(advertise)    36    24727.2    15    24
(generate)    36    24730.61    [24]    24
(relay)    29    33    24771.03    24    24636.36    1    1
(relay)    29    30    24806.03    24    24804.5    3    1
(advertise)    36    24806.23    30    24
(relay)    43    43    24820.84    24    24820.76    7    1
(advertise)    36    24828.44    43    24
(relay)    29    29    24834.65    24    24834.59    5    1
(advertise)    36    24850.05    29    24
(relay)    29    16    24923.67    24    24922.4    1    1
(relay)    29    1    24948.87    24    24940.52    3    1
(advertise)    36    24949.07    1    24
(relay)    43    46    24973.08    24    24952.43    3    1
(advertise)    36    24973.68    46    24
(relay)    37    23    25010.49    26    25009.26    1    1
(relay)    43    47    25011.29    25    25009.24    3    1
(advertise)    36    25011.49    47    25
(relay)    43    39    25035.5    25    25027.43    1    1
(relay)    43    41    25059.7    26    25014.24    1    1
(relay)    29    31    25062.1    25    25059.48    1    1
(relay)    43    14    25193.9    25    25192.32    1    1
(relay)    37    32    25303.3    25    25300.66    1    1
(relay)    35    35    25341.5    25    25340.51    7    1
(advertise)    36    25341.7    35    25
(relay)    29    8    25366.52    25    25346.49    3    1
(advertise)    36    25366.72    8    25
(relay)    29    9    25392.13    25    25370.62    1    1
(relay)    29    2    25416.13    25    25389.39    1    1
(relay)    43    40    25436.93    25    25434.41    1    1
(relay)    29    0    25455.53    26    25431    122    1
(advertise)    36    25455.73    0    26
(relay)    35    42    25478.94    25    25466.06    7    1
(relay)    29    7    25479.54    25    25456.74    3    2
(advertise)    36    25480.54    42    25
(relay)    37    37    25482.76    25    25482.28    5    2
(advertise)    36    25501.56    7    25
(relay)    35    28    25522.77    25    25487.03    5    2
(advertise)    36    25525.57    37    25
(relay)    37    45    25527.18    25    25515.38    3    2
(relay)    35    21    25544.18    25    25509.21    5    3
(advertise)    36    25547.58    28    25
(advertise)    36    25569.4    45    25
(relay)    37    48    25571.21    25    25488.84    3    2
(advertise)    36    25592.81    21    25
(relay)    37    6    25614.62    26    25564    116    2
(relay)    35    22    25615.22    25    25610.31    1    3
(advertise)    36    25616.02    48    25
(relay)    43    38    25636.63    25    25622.72    1    3
(advertise)    36    25637.63    6    26
(relay)    35    44    25696.45    25    25691.74    3    1
(advertise)    36    25696.65    44    25
(relay)    35    15    25720.46    25    25704.5    1    1
(relay)    37    33    25725.66    25    25636.51    1    1
(generate)    36    25730.66    [24]    25
(relay)    37    30    25804.87    25    25804.61    3    1
(advertise)    36    25805.07    30    25
(relay)    43    43    25820.89    25    25820.87    7    1
(advertise)    36    25827.09    43    25
(relay)    29    29    25835.3    25    25834.76    5    1
(advertise)    36    25849.1    29    25
(relay)    37    34    25877.11    25    25864.3    1    1
(relay)    29    16    25925.71    25    25922.57    1    1
(relay)    29    1    25951.91    25    25940.6    3    1
(advertise)    36    25952.11    1    25
(relay)    43    46    25975.53    25    25952.47    3    1
(advertise)    36    25975.93    46    25
(relay)    29    23    26011.74    27    26009.34    1    1
(relay)    43    47    26012.34    26    26009.3    3    1
(advertise)    36    26012.54    47    26
(relay)    43    39    26036.75    26    26027.6    1    1
(relay)    43    41    26061.15    27    26014.29    1    1
(relay)    29    31    26080.55    26    26059.51    1    1
(relay)    35    14    26194.95    26    26192.35    3    1
(advertise)    36    26195.15    14    26
(relay)    37    32    26303.96    26    26300.77    1    1
(relay)    35    35    26340.76    26    26340.59    7    1
(advertise)    36    26340.96    35    26
(relay)    29    8    26364.38    26    26346.54    3    1
(advertise)    36    26366.38    8    26
(relay)    29    9    26388.59    26    26370.79    1    1
(relay)    29    2    26411.59    26    26389.41    1    1
(relay)    43    40    26436.99    26    26434.46    1    1
(relay)    29    0    26451.99    27    26431    122    1
(advertise)    36    26452.19    0    27
(relay)    35    42    26474.8    26    26466.08    7    1
(advertise)    36    26475.2    42    26
(relay)    37    37    26483.22    26    26482.47    5    1
(relay)    35    28    26497.22    26    26487.07    5    2
(advertise)    36    26497.62    37    26
(relay)    37    7    26501.03    26    26456.8    1    2
(advertise)    36    26520.03    28    26
(relay)    29    21    26541.44    26    26509.28    5    1
(advertise)    36    26543.04    21    26
(relay)    43    45    26550.26    26    26515.65    3    1
(relay)    37    48    26565.26    26    26489.01    3    2
(advertise)    36    26565.66    45    26
(advertise)    36    26586.67    48    26
(relay)    37    6    26609.08    27    26564    118    1
(advertise)    36    26609.28    6    27
(relay)    37    38    26630.09    26    26622.78    3    1
(advertise)    36    26631.09    38    26
(relay)    35    22    26635.31    26    26610.37    1    1
(relay)    37    33    26652.91    26    26636.69    1    1
(relay)    29    44    26695.51    26    26691.79    3    1
(advertise)    36    26695.71    44    26
(relay)    29    15    26718.32    26    26704.66    3    1
(advertise)    36    26719.72    15    26
(generate)    36    26730.73    [24]    26
(relay)    29    30    26805.35    26    26804.75    3    1
(advertise)    36    26805.55    30    26
(relay)    43    43    26821.56    26    26820.98    7    1
(advertise)    36    26827.16    43    26
(relay)    29    29    26835.37    26    26834.77    5    1
(advertise)    36    26848.57    29    26
(relay)    29    34    26880.19    26    26864.32    1    1
(relay)    29    16    26925.39    26    26922.69    1    1
(relay)    29    1    26948.79    26    26940.64    3    1
(advertise)    36    26948.99    1    26
(relay)    43    46    26971.4    26    26952.48    3    1
(advertise)    36    26971.8    46    26
(relay)    37    23    27011.21    28    27009.36    1    1
(relay)    37    39    27034.01    27    27027.77    3    1
(advertise)    36    27034.21    39    27
(relay)    37    47    27056.02    27    27009.37    1    1
(relay)    43    41    27059.62    28    27014.39    1    1
(relay)    29    31    27079.42    27    27059.55    1    1
(relay)    29    14    27195.42    27    27192.38    3    1
(advertise)    36    27195.62    14    27
(relay)    29    32    27305.84    27    27300.92    1    1
(relay)    35    35    27340.84    27    27340.68    7    1
(advertise)    36    27341.04    35    27
(relay)    35    8    27366.25    27    27346.56    1    1
(relay)    37    9    27389.25    27    27370.93    1    1
(relay)    37    2    27413.85    27    27389.43    1    1
(relay)    29    40    27436.85    27    27434.54    1    1
(relay)    35    0    27440.05    28    27431    122    1
(advertise)    36    27440.25    0    28
(relay)    35    7    27465.66    27    27456.86    3    1
(advertise)    36    27465.86    7    27
(relay)    43    42    27481.88    27    27467.08    7    1
(relay)    37    37    27483.48    27    27482.5    5    2
(advertise)    36    27488.68    42    27
(advertise)    36    27510.69    37    27
(relay)    29    28    27524.5    27    27487.1    5    1
(advertise)    36    27532.5    28    27
(relay)    43    45    27535.72    27    27515.74    3    1
(relay)    35    21    27552.52    27    27509.35    5    2
(advertise)    36    27554.52    45    27
(relay)    43    48    27559.73    27    27490.03    3    2
(advertise)    36    27575.53    21    27
(advertise)    36    27597.94    48    27
(relay)    43    6    27604.75    28    27564    116    1
(advertise)    36    27619.55    6    28
(relay)    43    38    27630.77    27    27622.85    1    1
(relay)    29    22    27633.17    27    27610.46    3    1
(advertise)    36    27641.37    22    27
(relay)    37    44    27692.38    27    27691.82    5    1
(advertise)    36    27692.58    44    27
(relay)    35    15    27717.99    27    27704.85    1    1
(generate)    36    27730.79    [24]    27
(relay)    29    30    27805.21    27    27804.94    3    1
(advertise)    36    27805.41    30    27
(relay)    43    43    27821.62    27    27821.06    7    1
(advertise)    36    27827.42    43    27
(relay)    29    29    27835.43    27    27834.8    5    1
(advertise)    36    27848.83    29    27
(relay)    37    34    27876.65    27    27864.35    1    1
(relay)    29    16    27926.05    27    27922.81    1    1
(relay)    29    1    27949.65    27    27940.66    3    1
(advertise)    36    27949.85    1    27
(relay)    37    46    27972.06    27    27952.52    3    1
(advertise)    36    27973.06    46    27
(relay)    37    23    28011.87    29    28009.45    1    1
(relay)    43    47    28014.27    28    28009.48    3    1
(advertise)    36    28014.47    47    28
(relay)    43    39    28039.28    28    28027.94    1    1
(relay)    43    41    28059.48    29    28014.66    1    1
(relay)    29    31    28078.88    28    28059.61    1    1
(relay)    35    14    28195.08    28    28192.42    3    1
(advertise)    36    28195.28    14    28
(relay)    35    35    28340.9    28    28340.74    7    1
(advertise)    36    28341.1    35    28
(heartbeat)    24    7    28361.48    36    28366.71    4    6
(advertise)    36    28367.11    24    7
(relay)    35    8    28368.32    28    28346.58    1    1
(relay)    29    9    28432.12    28    28371.06    1    1
(relay)    37    40    28454.12    28    28434.62    3    1
(advertise)    36    28454.32    40    28
(relay)    29    2    28455.94    28    28389.45    1    1
(relay)    43    42    28468.54    28    28467.26    7    1
(advertise)    36    28477.54    42    28
(relay)    37    37    28483.75    28    28482.67    5    1
(advertise)    36    28499.95    37    28
(relay)    35    7    28501.36    28    28456.92    3    1
(relay)    37    45    28519.56    28    28515.84    3    2
(advertise)    36    28523.36    7    28
(relay)    37    48    28542.38    28    28490.04    3    2
(advertise)    36    28546.78    45    28
(advertise)    36    28567.79    48    28
(relay)    37    28    28573.6    28    28487.14    1    1
(relay)    35    21    28590.6    28    28509.44    5    1
(advertise)    36    28591.2    21    28
(relay)    37    0    28595.41    29    28431    120    1
(advertise)    36    28612.61    0    29
(relay)    37    38    28639.63    28    28622.94    3    1
(advertise)    36    28639.83    38    28
(relay)    29    22    28660.44    28    28610.54    3    1
(advertise)    36    28662.04    22    28
(relay)    37    6    28691.05    29    28564    118    1
(advertise)    36    28691.25    6    29
(relay)    37    44    28715.27    28    28692.48    5    1
(advertise)    36    28715.47    44    28
(relay)    35    15    28724.88    28    28705.03    1    1
(relay)    29    33    28728.48    28    28636.71    1    1
(generate)    36    28730.88    [24]    28
(relay)    35    30    28807.49    28    28805.09    1    1
(relay)    43    43    28821.69    28    28821.13    7    1
(advertise)    36    28821.89    43    28
(relay)    29    29    28835.91    28    28834.99    5    1
(advertise)    36    28845.11    29    28
(relay)    29    16    28930.12    28    28922.96    1    1
(relay)    37    1    28953.12    28    28940.76    1    1
(relay)    43    46    28954.52    28    28952.57    3    1
(advertise)    36    28954.72    46    28
(relay)    37    23    29012.73    30    29009.73    1    1
(relay)    43    47    29014.93    29    29009.56    3    1
(advertise)    36    29015.13    47    29
(relay)    43    39    29038.94    29    29027.95    1    1
(relay)    43    41    29060.34    30    29014.76    1    1
(relay)    29    31    29080.34    29    29059.68    1    1
(relay)    35    14    29196.74    29    29192.45    3    1
(advertise)    36    29196.94    14    29
(relay)    37    32    29304.16    29    29301.21    1    1
(relay)    35    35    29340.96    29    29340.86    7    1
(advertise)    36    29341.16    35    29
(relay)    29    8    29368.57    29    29346.65    3    1
(advertise)    36    29368.97    8    29
(relay)    29    9    29390.98    29    29371.06    1    1
(relay)    29    2    29413.38    29    29389.5    1    1
(relay)    37    40    29438.38    29    29434.68    3    1
(advertise)    36    29438.58    40    29
(relay)    35    7    29461.6    29    29457.0    3    1
(advertise)    36    29462.0    7    29
(relay)    29    0    29463.41    30    29431    122    1
(advertise)    36    29483.01    0    30
(relay)    35    42    29485.22    29    29467.28    7    1
(advertise)    36    29505.42    42    29
(relay)    35    28    29528.84    29    29487.18    5    1
(advertise)    36    29529.04    28    29
(relay)    43    37    29530.45    29    29482.84    3    1
(relay)    35    21    29551.05    29    29509.53    5    2
(advertise)    36    29552.45    37    29
(relay)    37    45    29554.86    29    29515.95    3    2
(advertise)    36    29573.46    21    29
(relay)    37    48    29578.47    29    29490.19    3    2
(advertise)    36    29595.87    45    29
(relay)    35    22    29616.09    29    29610.63    1    2
(advertise)    36    29617.29    48    29
(relay)    37    38    29636.5    29    29623.01    3    1
(advertise)    36    29639.5    38    29
(relay)    37    6    29658.91    30    29564    116    1
(advertise)    36    29661.31    6    30
(relay)    43    44    29692.93    29    29692.54    5    1
(advertise)    36    29693.13    44    29
(relay)    37    33    29701.14    29    29637.11    1    1
(relay)    29    15    29717.54    29    29705.46    3    1
(advertise)    36    29717.94    15    29
(generate)    36    29730.95    [24]    29
(relay)    37    30    29806.77    29    29805.23    3    1
(advertise)    36    29806.97    30    29
(relay)    43    43    29821.78    29    29821.24    7    1
(advertise)    36    29828.18    43    29
(relay)    29    29    29835.99    29    29834.99    5    1
(advertise)    36    29849.59    29    29
(relay)    37    34    29884.6    29    29864.41    1    1
(relay)    29    16    29928.0    29    29923.09    1    1
(relay)    29    1    29949.6    29    29940.81    3    1
(advertise)    36    29949.8    1    29
(relay)    37    46    29973.02    29    29952.6    3    1
(advertise)    36    29973.22    46    29
