(relay)    38    41    28.2    1    9    122    1
(relay)    30    23    31.2    1    6    126    2
(advertise)    37    40.0    41    1
(advertise)    37    61.21    23    1
(relay)    36    0    436.43    1    431    121    1
(advertise)    37    436.63    0    1
(relay)    30    6    568.24    1    564    119    1
(advertise)    37    568.44    6    1
(relay)    30    23    1007.25    2    1006.05    126    1
(advertise)    37    1007.45    23    2
(relay)    38    47    1028.87    1    1007.05    124    1
(advertise)    37    1029.47    47    1
(relay)    38    39    1051.28    1    1025.07    126    1
(advertise)    37    1052.28    39    1
(relay)    38    41    1072.69    2    1009.47    124    1
(advertise)    37    1074.29    41    2
(relay)    30    31    1075.9    1    1057.09    126    1
(advertise)    37    1097.1    31    1
(relay)    38    26    1117.12    1    1028.07    123    1
(advertise)    37    1119.72    26    1
(relay)    38    4    1156.33    1    1150.12    121    1
(advertise)    37    1156.53    4    1
(relay)    38    27    1181.14    1    1169.14    122    1
(advertise)    37    1181.94    27    1
(relay)    38    20    1202.56    1    1154.54    121    1
(advertise)    37    1204.36    20    1
(relay)    38    19    1227.57    1    1193.16    122    1
(advertise)    37    1227.77    19    1
(relay)    38    14    1251.58    1    1191.16    117    1
(advertise)    37    1251.98    14    1
(relay)    30    32    1298.4    1    1297.2    125    1
(advertise)    37    1298.6    32    1
(relay)    36    35    1339.41    1    1338.01    126    1
(advertise)    37    1339.61    35    1
(relay)    38    13    1367.02    1    1337.01    120    1
(advertise)    37    1367.22    13    1
(relay)    38    8    1389.83    1    1343.02    117    1
(advertise)    37    1390.43    8    1
(relay)    44    9    1413.45    1    1367.02    120    1
(advertise)    37    1413.65    9    1
(relay)    36    2    1433.06    1    1383.03    121    1
(advertise)    37    1436.26    2    1
(relay)    36    10    1457.07    1    1405.05    121    1
(advertise)    37    1458.27    10    1
(relay)    38    11    1459.89    1    1392.05    122    1
(generate)    37    1478.09    [24]    1
(advertise)    37    1481.7    11    1
(relay)    44    40    1483.11    1    1432.05    123    1
(relay)    30    0    1501.51    2    1431    121    2
(advertise)    37    1502.91    40    1
(advertise)    37    1524.93    0    2
(relay)    44    42    1528.14    1    1461.09    125    1
(advertise)    37    1547.94    42    1
(relay)    44    45    1594.55    1    1512.11    126    1
(advertise)    37    1594.75    45    1
(relay)    38    48    1613.36    1    1486.03    123    1
(relay)    44    28    1616.56    1    1485.1    123    2
(advertise)    37    1617.96    48    1
(relay)    36    21    1633.38    1    1505.11    124    2
(relay)    38    18    1635.18    1    1531.13    123    3
(advertise)    37    1639.58    28    1
(advertise)    37    1661.99    21    1
(relay)    36    25    1677.4    1    1450.07    120    2
(relay)    44    38    1680.4    1    1617.18    125    3
(relay)    30    5    1681.4    1    1388.0    120    4
(advertise)    37    1683.0    18    1
(relay)    44    44    1690.62    1    1690.02    127    4
(relay)    38    6    1701.42    2    1564    119    5
(relay)    36    22    1701.82    1    1608.16    125    6
(advertise)    37    1704.62    25    1
(advertise)    37    1727.83    38    1
(advertise)    37    1749.84    5    1
(relay)    38    33    1767.26    1    1633.16    124    4
(advertise)    37    1772.06    44    1
(relay)    44    36    1792.27    1    1727.04    125    4
(advertise)    37    1793.07    6    2
(relay)    30    30    1802.08    1    1801.08    127    4
(relay)    36    15    1809.28    1    1701.02    124    5
(advertise)    37    1815.88    22    1
(advertise)    37    1838.49    33    1
(relay)    36    43    1851.51    1    1818.09    126    4
(advertise)    37    1860.31    36    1
(relay)    38    17    1864.12    1    1680.02    122    4
(relay)    36    29    1873.92    1    1832.11    126    5
(advertise)    37    1881.52    30    1
(advertise)    37    1903.53    15    1
(advertise)    37    1924.95    43    1
(advertise)    37    1946.96    17    1
(relay)    38    12    1953.97    1    1681.02    121    2
(advertise)    37    1969.57    29    1
(relay)    30    16    1971.19    1    1919.16    125    2
(advertise)    37    1990.99    12    1
(relay)    38    46    1999.6    1    1951.16    125    2
(relay)    30    23    2013.6    3    2006.2    126    3
(advertise)    37    2015.2    16    1
(relay)    38    34    2020.61    1    1862.91    123    3
(advertise)    37    2036.61    46    1
(advertise)    37    2060.22    23    3
(relay)    36    3    2064.84    1    1890.13    120    2
(relay)    38    39    2066.64    2    2025.2    126    3
(advertise)    37    2085.04    34    1
(relay)    38    31    2087.85    2    2057.22    126    3
(relay)    44    47    2097.85    2    2007.19    124    4
(relay)    30    1    2103.45    1    1938.11    122    5
(advertise)    37    2108.05    3    1
(relay)    30    26    2126.26    2    2028.2    121    5
(advertise)    37    2131.06    39    2
(advertise)    37    2152.48    31    2
(relay)    38    41    2172.49    3    2009.57    124    4
(advertise)    37    2174.69    47    2
(advertise)    37    2195.7    1    1
(advertise)    37    2217.52    26    2
(relay)    30    4    2236.53    2    2151.08    121    2
(advertise)    37    2239.73    41    3
(relay)    44    27    2252.54    2    2169.28    120    2
(relay)    30    14    2259.54    2    2191.32    123    3
(advertise)    37    2261.74    4    2
(advertise)    37    2285.75    27    2
(relay)    30    20    2302.37    2    2154.68    119    2
(advertise)    37    2310.17    14    2
(advertise)    37    2332.38    20    2
(relay)    36    19    2333.79    2    2193.3    118    1
(relay)    38    32    2334.19    2    2297.37    125    2
(relay)    36    35    2354.99    2    2338.19    126    3
(advertise)    37    2355.19    19    2
(advertise)    37    2377.21    32    2
(advertise)    37    2398.22    35    2
(relay)    44    13    2406.63    2    2337.19    118    1
(advertise)    37    2419.83    13    2
(relay)    38    11    2422.05    2    2392.22    122    1
(relay)    44    8    2429.05    2    2343.21    121    2
(advertise)    37    2442.85    11    2
(relay)    30    9    2445.86    2    2367.21    124    2
(advertise)    37    2464.86    8    2
(relay)    44    42    2472.47    2    2461.26    125    2
(generate)    37    2478.27    [24]    2
(advertise)    37    2485.88    9    2
(relay)    30    2    2490.1    2    2383.22    121    2
(relay)    38    40    2492.9    2    2433.03    125    3
(advertise)    37    2508.1    42    2
(advertise)    37    2531.11    2    2
(relay)    36    28    2536.72    2    2485.28    125    2
(relay)    38    5    2537.12    2    2388.01    120    3
(relay)    44    45    2540.92    2    2512.3    126    4
(advertise)    37    2554.32    40    2
(relay)    30    10    2556.74    2    2405.23    121    4
(advertise)    37    2575.54    28    2
(relay)    30    25    2579.75    2    2450.26    124    4
(advertise)    37    2598.95    5    2
(relay)    38    38    2618.36    2    2617.36    127    4
(advertise)    37    2619.96    45    2
(advertise)    37    2640.97    10    2
(relay)    36    7    2647.79    2    2453.24    122    3
(relay)    44    48    2653.59    2    2486.18    123    4
(advertise)    37    2664.39    25    2
(advertise)    37    2687.4    38    2
(relay)    44    44    2690.81    2    2690.2    127    3
(relay)    36    21    2692.61    2    2505.3    124    4
(advertise)    37    2709.21    7    2
(relay)    38    18    2716.43    2    2531.31    123    4
(relay)    36    36    2727.23    2    2727.23    127    5
(advertise)    37    2731.63    48    2
(advertise)    37    2754.04    44    2
(relay)    36    22    2761.65    2    2608.36    123    4
(relay)    38    33    2762.85    2    2633.35    122    5
(advertise)    37    2775.25    21    2
(relay)    38    0    2786.67    3    2431    117    5
(advertise)    37    2796.27    18    2
(relay)    30    30    2802.28    2    2801.28    127    5
(advertise)    37    2818.68    36    2
(relay)    30    17    2839.89    2    2680.19    124    5
(advertise)    37    2840.89    22    2
(relay)    30    29    2861.3    2    2832.29    126    5
(advertise)    37    2863.7    33    2
(relay)    36    15    2873.52    2    2701.2    124    5
(relay)    38    6    2875.52    3    2564    119    6
(advertise)    37    2885.92    0    3
(advertise)    37    2906.93    30    2
(advertise)    37    2930.94    17    2
(advertise)    37    2952.36    29    2
(advertise)    37    2973.97    15    2
(advertise)    37    2994.98    6    3
(relay)    38    12    3009.0    2    2681.19    121    1
(advertise)    37    3017.2    12    2
(relay)    30    23    3019.01    4    3006.4    126    1
(advertise)    37    3041.61    23    4
(relay)    36    16    3047.42    2    2919.34    123    1
(relay)    38    34    3054.62    2    2863.09    123    2
(relay)    44    46    3057.02    2    2951.34    125    3
(advertise)    37    3063.22    16    2
(advertise)    37    3085.03    34    2
(relay)    38    39    3096.45    3    3025.4    126    2
(relay)    30    31    3107.25    3    3057.42    126    3
(advertise)    37    3108.05    46    2
(advertise)    37    3129.86    39    3
(relay)    36    3    3136.47    2    2890.3    120    2
(relay)    44    47    3146.87    3    3007.37    124    3
(advertise)    37    3150.87    31    3
(advertise)    37    3172.89    3    2
(relay)    36    1    3181.7    2    2938.68    120    2
(advertise)    37    3194.5    47    3
(relay)    38    41    3210.11    4    3009.77    122    2
(advertise)    37    3218.31    1    2
(advertise)    37    3241.73    41    4
(relay)    36    14    3249.74    3    3191.5    123    1
(relay)    38    26    3253.74    3    3028.4    123    2
(advertise)    37    3262.74    14    3
(advertise)    37    3285.35    26    3
(relay)    30    32    3309.36    3    3297.55    125    1
(advertise)    37    3309.76    32    3
(relay)    30    27    3333.98    3    3169.47    122    1
(advertise)    37    3334.18    27    3
(relay)    36    4    3336.99    3    3151.25    117    1
(relay)    30    20    3355.79    3    3154.86    119    2
(advertise)    37    3357.59    4    3
(advertise)    37    3378.6    20    3
(relay)    36    35    3381.22    3    3338.39    126    1
(relay)    38    19    3386.42    3    3193.49    122    2
(advertise)    37    3400.02    35    3
(advertise)    37    3422.03    19    3
(relay)    30    8    3442.44    3    3343.39    123    1
(advertise)    37    3443.44    8    3
(relay)    36    9    3448.86    3    3367.39    122    1
(advertise)    37    3465.06    9    3
(generate)    37    3478.47    [24]    3
(relay)    30    28    3512.88    3    3485.47    125    1
(advertise)    37    3513.08    28    3
(relay)    38    25    3519.49    3    3450.44    124    1
(relay)    44    42    3526.29    3    3461.46    125    2
(relay)    30    2    3534.49    3    3383.42    123    3
(advertise)    37    3535.89    25    3
(relay)    38    45    3540.51    3    3512.48    126    3
(advertise)    37    3557.91    42    3
(relay)    30    11    3578.72    3    3392.42    122    3
(advertise)    37    3579.72    2    3
(relay)    36    21    3581.93    3    3505.48    124    3
(relay)    38    13    3585.93    3    3337.38    118    4
(advertise)    37    3602.13    45    3
(relay)    36    7    3604.55    3    3453.44    122    4
(relay)    38    40    3608.95    3    3433.23    123    5
(relay)    38    38    3618.55    3    3617.56    127    6
(advertise)    37    3625.95    11    3
(advertise)    37    3647.96    21    3
(relay)    38    48    3652.17    3    3486.36    123    5
(relay)    36    0    3670.17    4    3431    121    6
(advertise)    37    3670.37    13    3
(relay)    44    44    3691.39    3    3690.4    127    6
(advertise)    37    3693.19    7    3
(advertise)    37    3715.8    40    3
(relay)    36    36    3727.61    3    3727.42    127    5
(advertise)    37    3738.81    38    3
(advertise)    37    3761.82    48    3
(relay)    38    10    3766.64    3    3405.43    121    4
(relay)    30    22    3779.24    3    3608.56    125    5
(advertise)    37    3784.24    0    4
(relay)    30    30    3802.45    3    3801.45    127    5
(advertise)    37    3806.25    44    3
(relay)    38    33    3810.86    3    3633.55    124    5
(relay)    30    5    3824.06    3    3388.03    120    6
(advertise)    37    3827.46    36    3
(relay)    38    18    3833.88    3    3531.49    123    6
(advertise)    37    3850.28    10    3
(relay)    36    29    3871.49    3    3832.49    126    6
(advertise)    37    3872.49    22    3
(advertise)    37    3894.5    30    3
(advertise)    37    3916.52    33    3
(advertise)    37    3938.53    5    3
(relay)    38    6    3943.34    4    3564    119    3
(relay)    30    15    3957.34    3    3701.4    124    4
(advertise)    37    3960.74    18    3
(relay)    30    17    3978.55    3    3680.39    124    4
(advertise)    37    3984.55    29    3
(relay)    38    12    3986.17    3    3682.59    121    4
(advertise)    37    4005.77    6    4
(advertise)    37    4028.18    15    3
(relay)    38    46    4031.79    3    3951.54    125    3
(relay)    30    23    4044.79    5    4006.99    126    4
(advertise)    37    4049.39    17    3
(advertise)    37    4070.81    12    3
(relay)    30    16    4087.42    3    3919.54    125    3
(advertise)    37    4094.02    46    3
(relay)    30    31    4111.03    4    4057.62    126    3
(advertise)    37    4115.23    23    5
(relay)    38    39    4121.25    4    4025.58    126    3
(relay)    30    3    4132.65    3    3890.49    122    4
(advertise)    37    4136.85    16    3
(relay)    38    34    4143.06    3    3863.29    123    4
(relay)    44    47    4150.86    4    4007.57    124    5
(advertise)    37    4158.66    31    4
(relay)    30    1    4176.87    3    3938.86    122    5
(advertise)    37    4180.07    39    4
(advertise)    37    4201.28    3    3
(advertise)    37    4224.5    34    3
(advertise)    37    4247.31    47    4
(relay)    30    14    4266.92    4    4191.68    123    2
(advertise)    37    4268.92    1    3
(relay)    44    41    4281.14    5    4009.97    122    2
(advertise)    37    4290.54    14    4
(advertise)    37    4312.75    41    5
(relay)    30    32    4317.56    4    4297.75    125    1
(relay)    38    26    4319.96    4    4028.59    123    2
(advertise)    37    4334.96    32    4
(relay)    36    35    4355.38    4    4338.58    126    2
(advertise)    37    4356.18    26    4
(relay)    30    4    4363.79    4    4151.45    119    2
(advertise)    37    4377.99    35    4
(relay)    38    27    4386.0    4    4169.67    122    2
(advertise)    37    4401.0    4    4
(advertise)    37    4423.01    27    4
(heartbeat)    24    1    4361.4    37    4435.43    127    0
(relay)    44    20    4438.63    4    4155.06    119    2
(relay)    36    8    4442.23    4    4343.59    123    3
(advertise)    37    4444.03    24    1
(relay)    30    19    4456.84    4    4193.68    122    3
(advertise)    37    4465.64    20    4
(generate)    37    4478.65    [24]    4
(advertise)    37    4489.87    8    4
(relay)    36    42    4509.08    4    4461.61    125    2
(advertise)    37    4512.68    19    4
(relay)    38    40    4517.89    4    4433.43    125    2
(relay)    30    9    4523.89    4    4367.59    122    3
(advertise)    37    4533.89    42    4
(advertise)    37    4555.91    40    4
(relay)    30    28    4567.12    4    4485.67    4    2
(advertise)    37    4578.72    9    4
(advertise)    37    4601.33    28    4
(relay)    30    2    4610.34    4    4383.61    123    1
(relay)    38    38    4617.94    4    4617.76    4    2
(advertise)    37    4622.74    2    4
(relay)    38    11    4626.56    4    4392.43    122    2
(advertise)    37    4645.16    38    4
(relay)    38    10    4649.37    4    4405.63    121    2
(relay)    36    21    4660.57    4    4505.68    4    3
(relay)    44    48    4665.77    4    4486.55    123    4
(advertise)    37    4666.57    11    4
(relay)    38    45    4671.18    4    4512.68    2    4
(advertise)    37    4687.78    10    4
(relay)    44    44    4691.6    4    4690.6    6    4
(relay)    30    13    4698.2    4    4337.58    120    5
(advertise)    37    4709.6    21    4
(relay)    36    36    4728.81    4    4728.64    6    5
(advertise)    37    4733.21    48    4
(relay)    30    7    4745.42    4    4453.64    122    5
(relay)    36    22    4752.82    4    4608.76    4    6
(advertise)    37    4757.62    45    4
(advertise)    37    4780.04    44    4
(relay)    30    30    4801.65    4    4801.65    4    5
(advertise)    37    4802.45    13    4
(relay)    38    5    4804.06    4    4388.04    120    5
(relay)    36    0    4818.06    5    4431    121    6
(advertise)    37    4823.66    36    4
(relay)    44    43    4843.67    4    4818.67    6    6
(advertise)    37    4846.27    7    4
(relay)    38    33    4850.29    4    4633.74    2    6
(advertise)    37    4868.49    22    4
(relay)    36    29    4886.1    4    4832.67    4    6
(advertise)    37    4890.7    30    4
(relay)    36    15    4907.51    4    4701.6    2    6
(advertise)    37    4912.31    5    4
(advertise)    37    4936.13    0    5
(advertise)    37    4958.54    43    4
(relay)    38    6    4960.75    5    4564    119    4
(advertise)    37    4979.55    33    4
(advertise)    37    5000.77    29    4
(advertise)    37    5022.18    15    4
(relay)    30    23    5031.19    6    5007.17    2    2
(advertise)    37    5044.79    6    5
(relay)    38    34    5048.6    4    4863.46    2    2
(relay)    30    31    5059.2    5    5057.82    2    3
(advertise)    37    5067.2    23    6
(relay)    36    46    5070.42    4    4951.74    2    3
(advertise)    37    5089.62    34    4
(relay)    36    47    5093.63    5    5007.77    2    3
(advertise)    37    5112.83    31    5
(relay)    44    39    5133.84    5    5025.78    2    3
(relay)    38    41    5135.64    6    5010.17    4    4
(advertise)    37    5136.24    46    4
(advertise)    37    5159.26    47    5
(advertise)    37    5180.47    39    5
(relay)    36    14    5195.48    5    5191.75    2    2
(advertise)    37    5201.68    41    6
(advertise)    37    5224.5    14    5
(relay)    38    32    5299.91    5    5297.87    2    1
(advertise)    37    5300.11    32    5
(relay)    36    35    5339.92    5    5338.66    6    1
(advertise)    37    5340.12    35    5
(relay)    36    8    5364.93    5    5343.62    2    1
(advertise)    37    5365.13    8    5
(relay)    30    9    5389.55    5    5367.72    2    1
(advertise)    37    5389.75    9    5
(relay)    30    2    5412.96    5    5383.79    2    1
(advertise)    37    5413.56    2    5
(relay)    38    40    5434.17    5    5433.46    4    1
(advertise)    37    5434.77    40    5
(relay)    36    0    5460.19    6    5431    121    1
(advertise)    37    5461.39    0    6
(generate)    37    5478.8    [24]    5
(relay)    36    42    5503.41    5    5461.79    6    1
(advertise)    37    5503.61    42    5
(relay)    30    28    5507.43    5    5485.86    4    1
(relay)    44    45    5525.23    5    5512.77    4    2
(advertise)    37    5525.63    28    5
(advertise)    37    5546.84    45    5
(relay)    44    48    5548.05    5    5486.73    2    1
(relay)    36    7    5548.45    5    5453.68    2    2
(advertise)    37    5569.85    48    5
(relay)    30    21    5572.66    5    5505.73    4    2
(relay)    44    6    5585.86    6    5564    117    3
(advertise)    37    5593.86    7    5
(advertise)    37    5615.88    21    5
(relay)    38    38    5617.89    5    5617.81    4    2
(advertise)    37    5637.09    6    6
(relay)    30    22    5638.7    5    5608.77    4    2
(advertise)    37    5659.7    38    5
(advertise)    37    5681.72    22    5
(relay)    44    44    5691.73    5    5690.79    6    1
(advertise)    37    5704.93    44    5
(relay)    30    15    5706.34    5    5701.7    2    1
(advertise)    37    5726.54    15    5
(relay)    36    36    5729.16    5    5728.64    6    1
(advertise)    37    5749.16    36    5
(relay)    30    30    5801.77    5    5801.72    4    1
(advertise)    37    5801.97    30    5
(relay)    36    43    5819.78    5    5818.86    6    1
(advertise)    37    5823.18    43    5
(relay)    36    29    5842.59    5    5832.78    4    1
(advertise)    37    5845.19    29    5
(relay)    36    1    5948.01    5    5939.17    2    1
(advertise)    37    5948.21    1    5
(relay)    30    46    5970.42    5    5951.8    2    1
(advertise)    37    5971.02    46    5
(relay)    30    23    6008.63    7    6007.31    2    1
(advertise)    37    6008.83    23    7
(relay)    38    47    6010.85    6    6007.84    4    1
(advertise)    37    6030.65    47    6
(relay)    38    39    6033.26    6    6025.83    4    1
(advertise)    37    6054.66    39    6
(relay)    38    31    6058.67    6    6057.96    2    1
(advertise)    37    6075.87    31    6
(relay)    38    41    6080.29    7    6010.24    2    1
(advertise)    37    6096.89    41    7
(relay)    38    32    6301.7    6    6297.98    2    1
(advertise)    37    6301.9    32    6
(relay)    36    35    6339.31    6    6338.74    6    1
(advertise)    37    6339.51    35    6
(relay)    30    9    6388.92    6    6367.9    2    1
(advertise)    37    6389.12    9    6
(relay)    44    40    6434.74    6    6433.5    2    1
(advertise)    37    6434.94    40    6
(relay)    36    0    6451.55    7    6431    121    1
(advertise)    37    6456.15    0    7
(relay)    36    42    6474.56    6    6461.99    6    1
(relay)    30    7    6475.76    6    6453.77    2    2
(advertise)    37    6477.16    42    6
(generate)    37    6478.98    [24]    6
(advertise)    37    6498.39    7    6
(relay)    38    48    6505.6    6    6486.91    4    1
(advertise)    37    6520.2    48    6
(relay)    44    28    6526.62    6    6485.89    2    1
(advertise)    37    6543.22    28    6
(relay)    38    45    6549.43    6    6512.87    4    1
(relay)    36    21    6562.03    6    6505.82    4    2
(advertise)    37    6565.63    45    6
(advertise)    37    6587.84    21    6
(relay)    36    22    6610.45    6    6608.86    2    1
(advertise)    37    6611.05    22    6
(relay)    38    38    6618.07    6    6617.89    4    1
(advertise)    37    6632.67    38    6
(relay)    38    6    6635.68    7    6564    119    1
(advertise)    37    6654.28    6    7
(relay)    44    44    6690.89    6    6690.83    6    1
(advertise)    37    6691.29    44    6
(relay)    36    15    6716.51    6    6701.87    2    1
(advertise)    37    6716.71    15    6
(relay)    36    36    6729.32    6    6728.71    6    1
(advertise)    37    6740.32    36    6
(relay)    30    30    6801.93    6    6801.88    4    1
(advertise)    37    6802.13    30    6
(relay)    36    43    6820.35    6    6818.98    6    1
(advertise)    37    6824.15    43    6
(relay)    36    29    6843.76    6    6832.96    4    1
(advertise)    37    6845.76    29    6
(relay)    38    34    6871.57    6    6863.54    2    1
(advertise)    37    6871.97    34    6
(relay)    30    16    6922.98    6    6919.88    2    1
(advertise)    37    6923.18    16    6
(relay)    30    1    6947.2    6    6939.29    2    1
(advertise)    37    6947.4    1    6
(relay)    44    46    6955.21    6    6951.82    4    1
(advertise)    37    6969.01    46    6
(relay)    30    23    7008.62    8    7007.39    2    1
(advertise)    37    7008.82    23    8
(relay)    44    47    7010.64    7    7007.91    4    1
(advertise)    37    7030.84    47    7
(relay)    38    39    7033.25    7    7025.85    4    1
(advertise)    37    7053.65    39    7
(relay)    44    41    7056.26    8    7010.27    2    1
(advertise)    37    7074.66    41    8
(relay)    36    14    7195.48    7    7191.81    2    1
(advertise)    37    7195.68    14    7
(relay)    38    32    7301.49    7    7298.15    2    1
(advertise)    37    7301.69    32    7
(relay)    36    35    7339.3    7    7338.83    6    1
(advertise)    37    7339.5    35    7
(relay)    30    8    7363.11    7    7343.7    2    1
(advertise)    37    7363.51    8    7
(relay)    38    40    7434.53    7    7433.54    4    1
(advertise)    37    7434.73    40    7
(relay)    36    7    7459.94    7    7454.63    2    1
(advertise)    37    7460.14    7    7
(generate)    37    7479.15    [24]    7
(relay)    38    42    7504.37    7    7462.18    4    1
(advertise)    37    7504.57    42    7
(relay)    44    45    7525.38    7    7512.95    4    1
(advertise)    37    7527.98    45    7
(relay)    38    48    7548.19    7    7486.92    4    1
(relay)    30    28    7548.59    7    7485.92    4    2
(advertise)    37    7548.99    48    7
(advertise)    37    7571.01    28    7
(relay)    36    0    7573.82    8    7431    117    1
(advertise)    37    7593.82    0    8
(relay)    38    6    7595.63    8    7564    119    1
(advertise)    37    7615.63    6    8
(relay)    38    38    7618.04    7    7617.97    4    1
(advertise)    37    7637.84    38    7
(relay)    38    33    7640.46    7    7634.24    2    1
(advertise)    37    7659.66    33    7
(relay)    36    22    7661.67    7    7608.93    4    1
(advertise)    37    7681.87    22    7
(relay)    44    44    7690.88    7    7690.87    6    1
(advertise)    37    7703.28    44    7
(relay)    36    15    7715.9    7    7701.87    2    1
(advertise)    37    7726.1    15    7
(relay)    36    36    7729.31    7    7728.8    6    1
(advertise)    37    7748.11    36    7
(relay)    30    30    7802.12    7    7802.02    4    1
(advertise)    37    7802.32    30    7
(relay)    36    43    7820.34    7    7819.1    6    1
(advertise)    37    7824.94    43    7
(relay)    36    29    7843.75    7    7833.15    4    1
(advertise)    37    7846.15    29    7
(relay)    30    34    7872.96    7    7863.55    2    1
(advertise)    37    7873.16    34    7
(relay)    30    1    7950.37    7    7939.38    2    1
(advertise)    37    7950.57    1    7
(relay)    44    46    7954.79    7    7951.85    2    1
(advertise)    37    7973.39    46    7
(relay)    30    23    8009.4    9    8007.67    2    1
(advertise)    37    8009.6    23    9
(relay)    36    47    8012.21    8    8007.96    2    1
(advertise)    37    8031.21    47    8
(relay)    38    39    8032.43    8    8025.85    4    1
(advertise)    37    8053.23    39    8
(relay)    44    41    8056.24    9    8010.55    2    1
(advertise)    37    8074.84    41    9
(relay)    38    31    8076.25    8    8058.11    2    1
(advertise)    37    8096.65    31    8
(relay)    30    14    8196.47    8    8191.84    2    1
(advertise)    37    8196.67    14    8
(relay)    30    32    8301.68    8    8298.31    2    1
(advertise)    37    8301.88    32    8
(relay)    36    35    8339.29    8    8338.91    6    1
(advertise)    37    8339.49    35    8
(heartbeat)    24    2    8361.41    37    8363.5    3    3
(advertise)    37    8363.7    24    2
(relay)    30    8    8389.92    8    8343.77    2    1
(advertise)    37    8390.12    8    8
(relay)    44    40    8436.73    8    8433.6    2    1
(advertise)    37    8436.93    40    8
(relay)    36    0    8456.74    9    8431    121    1
(advertise)    37    8459.54    0    9
(generate)    37    8479.16    [24]    8
(relay)    44    42    8502.97    8    8462.19    6    1
(advertise)    37    8503.17    42    8
(relay)    44    45    8524.98    8    8513.08    4    1
(relay)    30    7    8525.98    8    8454.73    2    2
(relay)    36    28    8527.18    8    8485.97    4    3
(advertise)    37    8527.38    45    8
(relay)    44    48    8547.6    8    8486.96    4    3
(advertise)    37    8548.8    7    8
(relay)    36    21    8550.01    8    8505.99    4    3
(advertise)    37    8571.21    28    8
(relay)    44    6    8593.62    9    8564    117    3
(advertise)    37    8594.22    48    8
(advertise)    37    8617.23    21    8
(relay)    38    38    8618.65    8    8618.07    4    2
(advertise)    37    8639.25    6    9
(relay)    30    22    8641.26    8    8609.02    4    2
(advertise)    37    8661.26    38    8
(advertise)    37    8682.67    22    8
(relay)    44    44    8691.09    8    8690.95    6    1
(advertise)    37    8704.69    44    8
(relay)    30    33    8728.5    8    8634.43    2    1
(advertise)    37    8728.7    33    8
(relay)    44    36    8730.91    8    8728.83    4    1
(advertise)    37    8750.11    36    8
(relay)    30    15    8773.93    8    8702.06    2    1
(advertise)    37    8774.13    15    8
(relay)    30    30    8802.74    8    8802.2    4    1
(advertise)    37    8802.94    30    8
(relay)    36    43    8826.75    8    8819.21    6    1
(advertise)    37    8827.15    43    8
(relay)    36    29    8848.96    8    8833.19    4    1
(advertise)    37    8849.16    29    8
(relay)    38    34    8875.78    8    8863.57    2    1
(advertise)    37    8875.98    34    8
(relay)    30    1    8950.39    8    8939.47    2    1
(advertise)    37    8950.59    1    8
(relay)    44    46    8952.8    8    8951.9    4    1
(advertise)    37    8972.6    46    8
(relay)    30    23    9010.02    10    9007.75    2    1
(advertise)    37    9010.22    23    10
(relay)    38    47    9012.03    9    9008.02    4    1
(advertise)    37    9032.23    47    9
(relay)    38    39    9034.84    9    9025.89    4    1
(advertise)    37    9053.44    39    9
(relay)    44    41    9057.86    10    9011.39    2    1
(advertise)    37    9075.66    41    10
(relay)    38    31    9082.67    9    9058.23    2    1
(advertise)    37    9097.87    31    9
(relay)    36    14    9197.08    9    9191.88    2    1
(advertise)    37    9197.28    14    9
(relay)    30    32    9299.89    9    9298.4    2    1
(advertise)    37    9300.09    32    9
(relay)    36    35    9339.91    9    9339.0    6    1
(advertise)    37    9340.11    35    9
(relay)    30    8    9365.92    9    9343.82    2    1
(advertise)    37    9366.12    8    9
(relay)    30    2    9409.73    9    9385.69    2    1
(advertise)    37    9409.93    2    9
(relay)    38    40    9436.35    9    9433.64    4    1
(advertise)    37    9436.75    40    9
(relay)    30    0    9460.76    10    9431    121    1
(advertise)    37    9461.36    0    10
(generate)    37    9479.17    [24]    9
(relay)    30    7    9481.99    9    9454.79    2    1
(advertise)    37    9484.39    7    9
(relay)    30    28    9526.6    9    9485.99    4    1
(advertise)    37    9526.8    28    9
(relay)    36    42    9530.61    9    9462.2    6    1
(relay)    38    48    9536.21    9    9486.97    4    2
(advertise)    37    9548.21    42    9
(advertise)    37    9570.22    48    9
(relay)    36    45    9573.84    9    9513.17    2    1
(advertise)    37    9592.64    45    9
(relay)    36    21    9594.85    9    9506.03    4    1
(advertise)    37    9613.65    21    9
(relay)    38    6    9617.66    10    9564    119    1
(relay)    38    38    9618.86    9    9618.38    4    2
(relay)    30    22    9634.06    9    9609.09    4    3
(advertise)    37    9636.66    6    10
(advertise)    37    9658.28    38    9
(advertise)    37    9680.49    22    9
(relay)    44    44    9691.1    9    9691.01    6    1
(advertise)    37    9702.7    44    9
(relay)    30    33    9728.72    9    9634.59    2    1
(advertise)    37    9729.32    33    9
(relay)    36    15    9731.53    9    9702.23    2    1
(relay)    44    36    9733.33    9    9728.89    4    2
(advertise)    37    9753.53    15    9
(advertise)    37    9775.54    36    9
(relay)    30    30    9802.96    9    9802.36    4    1
(advertise)    37    9803.16    30    9
(relay)    36    43    9821.17    9    9819.31    6    1
(advertise)    37    9825.37    43    9
(relay)    36    29    9842.78    9    9833.38    4    1
(advertise)    37    9848.38    29    9
(relay)    30    34    9876.19    9    9863.58    2    1
(advertise)    37    9876.39    34    9
(relay)    36    46    9953.01    9    9951.94    2    1
(advertise)    37    9953.21    46    9
(relay)    30    23    10010.02    11    10007.82    2    1
(advertise)    37    10010.22    23    11
(relay)    44    47    10012.63    10    10008.11    4    1
(advertise)    37    10032.03    47    10
(relay)    38    39    10033.25    10    10026.11    4    1
(advertise)    37    10055.05    39    10
(relay)    38    31    10060.06    10    10058.26    2    1
(advertise)    37    10076.86    31    10
(relay)    30    14    10203.27    10    10191.9    2    1
(advertise)    37    10203.47    14    10
(relay)    38    32    10299.29    10    10298.56    2    1
(advertise)    37    10299.49    32    10
(relay)    36    35    10340.3    10    10339.1    6    1
(advertise)    37    10340.5    35    10
(relay)    38    40    10435.71    10    10433.72    4    1
(advertise)    37    10435.91    40    10
(relay)    30    0    10460.52    11    10431    121    1
(advertise)    37    10460.92    0    11
(generate)    37    10479.34    [24]    10
(relay)    36    42    10484.95    10    10462.22    6    1
(advertise)    37    10485.95    42    10
(relay)    38    45    10527.96    10    10513.28    4    1
(advertise)    37    10528.16    45    10
(relay)    36    7    10530.18    10    10454.89    2    1
(advertise)    37    10549.18    7    10
(relay)    36    28    10552.59    10    10486.01    4    1
(advertise)    37    10571.79    28    10
(relay)    44    21    10595.4    10    10506.09    2    1
(advertise)    37    10595.8    21    10
(relay)    38    38    10619.02    10    10618.43    4    1
(advertise)    37    10619.42    38    10
(relay)    30    22    10641.63    10    10609.18    4    1
(relay)    36    6    10642.03    11    10564    115    2
(advertise)    37    10642.43    22    10
(advertise)    37    10665.04    6    11
(relay)    30    33    10688.85    10    10634.59    2    1
(advertise)    37    10689.25    33    10
(relay)    44    44    10691.67    10    10691.04    6    1
(advertise)    37    10710.27    44    10
(relay)    36    36    10729.88    10    10728.94    6    1
(advertise)    37    10733.48    36    10
(relay)    36    15    10737.89    10    10702.23    2    1
(advertise)    37    10756.29    15    10
(relay)    30    30    10803.11    10    10802.51    4    1
(advertise)    37    10803.31    30    10
(relay)    44    43    10826.52    10    10819.41    6    1
(advertise)    37    10827.52    43    10
(relay)    36    29    10848.13    10    10833.57    4    1
(advertise)    37    10850.33    29    10
(relay)    30    34    10875.55    10    10863.6    2    1
(advertise)    37    10875.75    34    10
(relay)    44    46    10952.56    10    10951.96    4    1
(advertise)    37    10952.76    46    10
(relay)    30    23    11009.17    12    11007.93    2    1
(advertise)    37    11009.37    23    12
(relay)    38    47    11012.78    11    11008.18    4    1
(advertise)    37    11031.78    47    11
(relay)    38    39    11033.6    11    11026.26    4    1
(advertise)    37    11055.2    39    11
(relay)    44    41    11057.21    12    11011.74    2    1
(relay)    30    31    11075.81    11    11058.29    2    2
(advertise)    37    11077.81    41    12
(advertise)    37    11100.02    31    11
(relay)    30    14    11196.64    11    11191.93    2    1
(advertise)    37    11196.84    14    11
(relay)    30    32    11299.45    11    11298.71    2    1
(advertise)    37    11299.65    32    11
(relay)    36    35    11340.46    11    11339.17    6    1
(advertise)    37    11340.66    35    11
(relay)    36    8    11369.08    11    11343.98    2    1
(advertise)    37    11369.28    8    11
(relay)    30    9    11388.49    11    11368.69    2    1
(advertise)    37    11392.29    9    11
(relay)    38    40    11435.9    11    11433.77    4    1
(advertise)    37    11436.1    40    11
(relay)    36    7    11462.51    11    11454.97    2    1
(advertise)    37    11462.71    7    11
(generate)    37    11479.53    [24]    11
(relay)    38    48    11504.54    11    11487.35    4    1
(advertise)    37    11504.74    48    11
(relay)    36    42    11506.95    11    11462.24    6    1
(relay)    38    45    11525.55    11    11513.37    4    2
(advertise)    37    11525.95    42    11
(advertise)    37    11546.97    45    11
(relay)    36    28    11551.18    11    11486.02    4    1
(advertise)    37    11569.58    28    11
(relay)    30    21    11593.79    11    11506.15    4    1
(advertise)    37    11593.99    21    11
(relay)    38    6    11617.41    12    11564    115    1
(advertise)    37    11618.21    6    12
(relay)    38    38    11619.62    11    11618.53    4    1
(relay)    36    22    11620.42    11    11609.25    4    2
(advertise)    37    11641.02    38    11
(advertise)    37    11663.03    22    11
(relay)    44    44    11691.64    11    11691.08    6    1
(advertise)    37    11691.84    44    11
(relay)    36    15    11718.26    11    11702.23    2    1
(advertise)    37    11718.46    15    11
(relay)    36    36    11730.07    11    11729.04    6    1
(advertise)    37    11740.67    36    11
(relay)    30    30    11803.68    11    11802.68    4    1
(advertise)    37    11803.88    30    11
(relay)    36    43    11828.7    11    11819.52    6    1
(advertise)    37    11829.3    43    11
(relay)    36    29    11848.91    11    11833.59    4    1
(advertise)    37    11851.31    29    11
(relay)    38    34    11876.52    11    11863.62    2    1
(advertise)    37    11876.92    34    11
(relay)    30    16    11921.34    11    11920.55    2    1
(advertise)    37    11921.54    16    11
(relay)    30    1    11945.75    11    11939.73    2    1
(advertise)    37    11945.95    1    11
(relay)    38    46    11954.36    11    11951.98    4    1
(advertise)    37    11967.76    46    11
(relay)    30    23    12009.37    13    12008.02    2    1
(advertise)    37    12009.57    23    13
(relay)    36    47    12012.19    12    12008.26    2    1
(relay)    38    39    12030.59    12    12026.27    4    2
(advertise)    37    12030.79    47    12
(advertise)    37    12053.0    39    12
(relay)    38    41    12060.01    13    12012.64    2    1
(advertise)    37    12075.01    41    13
(relay)    30    14    12194.03    12    12191.94    2    1
(advertise)    37    12194.23    14    12
(relay)    38    32    12299.64    12    12298.86    2    1
(advertise)    37    12299.84    32    12
(relay)    36    35    12340.45    12    12339.26    6    1
(advertise)    37    12340.65    35    12
(heartbeat)    24    3    12361.43    37    12366.07    3    3
(advertise)    37    12366.47    24    3
(relay)    36    8    12368.68    12    12344.04    2    1
(advertise)    37    12387.88    8    12
(relay)    30    9    12412.69    12    12368.87    2    1
(advertise)    37    12413.09    9    12
(relay)    38    40    12437.1    12    12433.83    4    1
(advertise)    37    12438.1    40    12
(relay)    44    42    12464.32    12    12462.42    6    1
(advertise)    37    12464.52    42    12
(generate)    37    12479.53    [24]    12
(relay)    30    0    12486.34    13    12431    121    1
(advertise)    37    12486.74    0    13
(relay)    38    45    12531.56    12    12513.48    4    1
(advertise)    37    12531.76    45    12
(relay)    30    21    12532.97    12    12506.21    4    1
(advertise)    37    12552.77    21    12
(relay)    44    48    12554.18    12    12487.51    2    1
(relay)    36    7    12555.58    12    12455.05    2    2
(advertise)    37    12575.58    48    12
(advertise)    37    12597.8    7    12
(relay)    36    22    12613.61    12    12609.34    2    1
(relay)    38    38    12619.61    12    12618.62    4    2
(advertise)    37    12621.21    22    12
(relay)    38    6    12622.42    13    12564    119    2
(advertise)    37    12644.42    38    12
(advertise)    37    12666.03    6    13
(relay)    44    44    12691.65    12    12691.14    6    1
(advertise)    37    12692.65    44    12
(relay)    36    15    12726.06    12    12702.23    2    1
(advertise)    37    12726.26    15    12
(relay)    36    36    12730.07    12    12729.12    6    1
(advertise)    37    12747.47    36    12
(relay)    30    33    12777.29    12    12634.77    2    1
(advertise)    37    12777.49    33    12
(relay)    30    30    12803.7    12    12802.68    4    1
(advertise)    37    12803.9    30    12
(relay)    44    43    12826.31    12    12819.61    6    1
(advertise)    37    12826.71    43    12
(relay)    30    29    12848.53    12    12833.76    4    1
(advertise)    37    12849.13    29    12
(relay)    30    16    12921.34    12    12920.68    2    1
(advertise)    37    12921.54    16    12
(relay)    30    34    12944.15    12    12863.64    2    1
(advertise)    37    12944.35    34    12
(relay)    44    46    12954.16    12    12952.03    4    1
(advertise)    37    12968.16    46    12
(relay)    30    23    13008.38    14    13008.11    2    1
(advertise)    37    13008.58    23    14
(relay)    36    47    13010.79    13    13008.35    2    1
(relay)    38    39    13026.59    13    13026.27    4    2
(advertise)    37    13029.79    47    13
(relay)    38    41    13049.8    14    13012.74    4    2
(advertise)    37    13051.8    39    13
(relay)    38    31    13071.62    13    13058.65    2    2
(advertise)    37    13075.42    41    14
(advertise)    37    13097.43    31    13
(relay)    36    14    13193.04    13    13191.96    2    1
(advertise)    37    13193.24    14    13
(relay)    38    32    13299.66    13    13299.01    2    1
(advertise)    37    13299.86    32    13
(relay)    36    35    13341.67    13    13339.38    6    1
(advertise)    37    13341.87    35    13
(relay)    30    8    13366.08    13    13344.32    2    1
(advertise)    37    13366.48    8    13
(relay)    30    9    13388.69    13    13369.02    2    1
(advertise)    37    13389.09    9    13
(relay)    38    40    13437.11    13    13433.85    4    1
(advertise)    37    13437.31    40    13
(relay)    36    7    13461.52    13    13455.15    2    1
(advertise)    37    13461.72    7    13
(generate)    37    13479.53    [24]    13
(relay)    44    42    13502.35    13    13463.63    6    1
(advertise)    37    13502.55    42    13
(relay)    44    45    13524.96    13    13513.58    4    1
(advertise)    37    13525.36    45    13
(relay)    38    0    13526.57    14    13431    119    1
(advertise)    37    13547.37    0    14
(relay)    30    28    13566.59    13    13486.08    4    1
(relay)    38    48    13569.19    13    13487.69    4    2
(advertise)    37    13571.39    28    13
(advertise)    37    13593.8    48    13
(relay)    36    21    13595.01    13    13506.28    4    1
(advertise)    37    13616.41    21    13
(relay)    38    38    13620.02    13    13619.1    4    1
(relay)    36    6    13637.82    14    13564    115    2
(advertise)    37    13639.02    38    13
(advertise)    37    13661.04    6    14
(relay)    44    44    13691.65    13    13691.18    6    1
(advertise)    37    13691.85    44    13
(relay)    30    33    13717.06    13    13634.93    2    1
(advertise)    37    13717.26    33    13
(relay)    36    36    13729.48    13    13729.41    6    1
(relay)    30    22    13737.48    13    13609.42    4    2
(advertise)    37    13741.28    36    13
(advertise)    37    13762.89    22    13
(relay)    30    30    13803.9    13    13802.84    4    1
(advertise)    37    13804.1    30    13
(relay)    36    43    13827.12    13    13819.68    6    1
(advertise)    37    13828.12    43    13
(relay)    36    29    13850.73    13    13833.77    4    1
(advertise)    37    13851.13    29    13
(relay)    38    34    13876.94    13    13863.68    2    1
(advertise)    37    13877.14    34    13
(relay)    44    46    13953.95    13    13952.06    4    1
(advertise)    37    13954.15    46    13
(relay)    30    23    14008.57    15    14008.21    2    1
(advertise)    37    14008.77    23    15
(relay)    36    47    14010.18    14    14008.4    2    1
(relay)    38    39    14031.98    14    14026.3    4    2
(advertise)    37    14032.18    47    14
(advertise)    37    14053.79    39    14
(relay)    38    41    14056.21    15    14012.82    4    1
(relay)    38    31    14077.01    14    14058.71    2    2
(advertise)    37    14077.21    41    15
(advertise)    37    14099.22    31    14
(relay)    36    14    14193.23    14    14191.99    2    1
(advertise)    37    14193.43    14    14
(relay)    30    32    14301.25    14    14299.19    2    1
(advertise)    37    14301.45    32    14
(relay)    36    35    14341.66    14    14339.48    6    1
(advertise)    37    14341.86    35    14
(relay)    30    9    14391.27    14    14369.16    2    1
(advertise)    37    14391.47    9    14
(relay)    30    0    14438.68    15    14431    121    1
(advertise)    37    14438.88    0    15
(relay)    36    42    14464.3    14    14463.66    6    1
(advertise)    37    14464.5    42    14
(generate)    37    14479.71    [24]    14
(relay)    36    28    14511.52    14    14486.11    4    1
(advertise)    37    14511.72    28    14
(relay)    36    21    14534.74    14    14506.35    4    1
(advertise)    37    14534.94    21    14
(relay)    44    45    14546.95    14    14513.72    4    1
(advertise)    37    14556.55    45    14
(relay)    30    7    14558.16    14    14455.22    2    1
(advertise)    37    14578.36    7    14
(relay)    38    6    14599.18    15    14564    119    1
(advertise)    37    14601.38    6    15
(relay)    38    38    14620.19    14    14619.2    4    1
(advertise)    37    14623.79    38    14
(relay)    36    22    14647.2    14    14609.52    4    1
(advertise)    37    14647.6    22    14
(relay)    44    44    14692.21    14    14691.24    6    1
(advertise)    37    14692.41    44    14
(relay)    30    15    14720.63    14    14702.6    2    1
(advertise)    37    14720.83    15    14
(relay)    36    36    14729.64    14    14729.47    6    1
(relay)    30    33    14742.84    14    14634.98    2    2
(advertise)    37    14744.04    36    14
(advertise)    37    14766.65    33    14
(relay)    36    30    14805.47    14    14803.01    2    1
(advertise)    37    14805.67    30    14
(relay)    44    43    14820.08    14    14819.78    6    1
(advertise)    37    14827.68    43    14
(relay)    36    29    14852.29    14    14833.77    4    1
(advertise)    37    14852.69    29    14
(relay)    30    34    14900.11    14    14863.7    2    1
(advertise)    37    14900.31    34    14
(relay)    36    1    14948.32    14    14939.95    2    1
(advertise)    37    14948.52    1    14
(relay)    44    46    14955.53    14    14952.08    4    1
(advertise)    37    14971.93    46    14
(relay)    30    23    15009.14    16    15008.36    2    1
(advertise)    37    15009.34    23    16
(relay)    38    39    15032.36    15    15026.3    4    1
(advertise)    37    15032.96    39    15
(relay)    38    41    15058.97    16    15012.88    2    1
(advertise)    37    15059.37    41    16
(relay)    38    31    15080.18    15    15058.78    2    1
(advertise)    37    15083.38    31    15
(relay)    36    14    15193.2    15    15192.03    2    1
(advertise)    37    15193.4    14    15
(relay)    38    32    15301.41    15    15299.29    2    1
(advertise)    37    15301.61    32    15
(relay)    36    35    15341.82    15    15339.57    6    1
(advertise)    37    15342.02    35    15
(relay)    36    8    15368.04    15    15344.86    2    1
(advertise)    37    15368.84    8    15
(relay)    38    40    15434.65    15    15433.94    4    1
(advertise)    37    15435.05    40    15
(relay)    44    0    15459.66    16    15431    119    1
(advertise)    37    15460.06    0    16
(generate)    37    15479.87    [24]    15
(relay)    30    7    15504.09    15    15455.28    2    1
(advertise)    37    15504.29    7    15
(relay)    36    42    15505.7    15    15463.86    6    1
(relay)    44    48    15512.3    15    15487.88    4    2
(advertise)    37    15526.5    42    15
(relay)    38    45    15532.91    15    15513.8    4    2
(relay)    36    28    15546.91    15    15486.13    4    3
(advertise)    37    15547.91    48    15
(advertise)    37    15569.53    45    15
(advertise)    37    15590.74    28    15
(relay)    36    21    15615.15    15    15506.43    4    1
(advertise)    37    15615.55    21    15
(relay)    38    38    15619.37    15    15619.27    4    1
(relay)    30    6    15636.57    16    15564    119    2
(advertise)    37    15638.17    38    15
(advertise)    37    15659.78    6    16
(relay)    44    22    15663.59    15    15609.6    2    1
(advertise)    37    15682.39    22    15
(relay)    44    44    15692.2    15    15691.27    6    1
(advertise)    37    15705.6    44    15
(relay)    36    36    15729.62    15    15729.57    6    1
(advertise)    37    15729.82    36    15
(relay)    30    33    15740.63    15    15635.15    2    1
(advertise)    37    15753.23    33    15
(relay)    30    30    15803.24    15    15803.17    4    1
(advertise)    37    15803.44    30    15
(relay)    44    43    15826.26    15    15819.89    6    1
(advertise)    37    15826.46    43    15
(relay)    36    29    15850.47    15    15833.79    4    1
(advertise)    37    15850.67    29    15
(relay)    38    34    15876.68    15    15863.89    2    1
(advertise)    37    15876.88    34    15
(relay)    38    46    15955.3    15    15952.11    4    1
(advertise)    37    15955.5    46    15
(relay)    30    23    16009.71    17    16008.45    2    1
(advertise)    37    16009.91    23    17
(relay)    38    47    16011.12    16    16008.54    4    1
(advertise)    37    16031.12    47    16
(relay)    38    39    16033.53    16    16026.48    4    1
(advertise)    37    16054.33    39    16
(relay)    38    41    16055.75    17    16012.93    4    1
(relay)    38    31    16076.55    16    16058.82    2    2
(advertise)    37    16077.15    41    17
(advertise)    37    16098.36    31    16
(relay)    36    14    16195.17    16    16192.06    2    1
(advertise)    37    16195.37    14    16
(relay)    38    32    16301.39    16    16299.43    2    1
(advertise)    37    16301.59    32    16
(relay)    30    35    16341.2    16    16339.66    2    1
(advertise)    37    16341.4    35    16
(heartbeat)    24    4    16361.44    37    16368.01    3    3
(advertise)    37    16368.21    24    4
(relay)    30    9    16427.23    16    16369.47    2    1
(advertise)    37    16427.43    9    16
(relay)    38    40    16434.64    16    16433.97    4    1
(advertise)    37    16449.64    40    16
(relay)    36    7    16460.05    16    16455.31    2    1
(relay)    44    42    16465.65    16    16463.91    6    2
(advertise)    37    16472.65    7    16
(generate)    37    16480.06    [24]    16
(advertise)    37    16495.08    42    16
(relay)    44    28    16512.49    16    16486.18    2    1
(advertise)    37    16518.69    28    16
(relay)    44    45    16534.3    16    16514.32    4    1
(relay)    38    48    16537.1    16    16488.06    4    2
(advertise)    37    16540.1    45    16
(advertise)    37    16561.32    48    16
(relay)    38    0    16563.13    17    16431    111    1
(relay)    36    21    16582.33    16    16507.5    2    2
(advertise)    37    16585.13    0    17
(advertise)    37    16607.54    21    16
(relay)    38    38    16619.36    16    16619.35    4    1
(advertise)    37    16628.76    38    16
(relay)    30    22    16674.57    16    16609.67    2    1
(advertise)    37    16674.77    22    16
(relay)    44    44    16692.38    16    16691.3    6    1
(advertise)    37    16696.78    44    16
(relay)    38    33    16718.19    16    16635.33    2    1
(advertise)    37    16719.59    33    16
(relay)    36    36    16730.21    16    16729.59    6    1
(advertise)    37    16741.01    36    16
(relay)    30    15    16745.62    16    16702.94    2    1
(advertise)    37    16763.02    15    16
(relay)    30    30    16803.43    16    16803.32    4    1
(advertise)    37    16803.63    30    16
(relay)    44    43    16825.85    16    16819.97    6    1
(advertise)    37    16826.65    43    16
(relay)    36    29    16848.86    16    16833.82    4    1
(advertise)    37    16850.26    29    16
(relay)    30    34    16896.67    16    16863.93    2    1
(advertise)    37    16896.87    34    16
(relay)    30    1    16951.09    16    16940.09    2    1
(advertise)    37    16951.29    1    16
(relay)    44    46    16955.3    16    16952.14    4    1
(advertise)    37    16972.5    46    16
(relay)    30    23    17009.91    18    17008.56    2    1
(advertise)    37    17010.11    23    18
(relay)    38    47    17013.32    17    17008.6    2    1
(advertise)    37    17031.72    47    17
(relay)    44    39    17034.34    17    17026.67    2    1
(advertise)    37    17053.74    39    17
(relay)    44    41    17055.55    18    17013.03    2    1
(relay)    30    31    17060.35    17    17058.87    2    2
(advertise)    37    17074.95    41    18
(advertise)    37    17096.76    31    17
(relay)    36    14    17195.58    17    17192.1    2    1
(advertise)    37    17195.78    14    17
(relay)    30    32    17302.99    17    17299.55    2    1
(advertise)    37    17303.19    32    17
(relay)    36    35    17340.2    17    17339.73    6    1
(advertise)    37    17340.4    35    17
(relay)    30    8    17364.82    17    17344.96    2    1
(advertise)    37    17365.42    8    17
(relay)    30    9    17389.43    17    17369.66    2    1
(advertise)    37    17389.83    9    17
(relay)    30    2    17410.84    17    17388.48    2    1
(advertise)    37    17412.44    2    17
(relay)    44    40    17435.25    17    17434.03    2    1
(advertise)    37    17435.85    40    17
(relay)    36    0    17456.67    18    17431    121    1
(advertise)    37    17457.07    0    18
(generate)    37    17480.08    [24]    17
(relay)    36    7    17502.09    17    17455.4    2    1
(advertise)    37    17502.29    7    17
(relay)    44    42    17504.71    17    17464.09    6    1
(relay)    36    28    17523.71    17    17486.37    4    2
(advertise)    37    17524.51    42    17
(relay)    38    48    17529.12    17    17488.07    4    2
(advertise)    37    17546.72    28    17
(relay)    38    45    17551.53    17    17514.4    4    2
(relay)    36    21    17568.73    17    17507.57    4    3
(advertise)    37    17569.93    48    17
(advertise)    37    17592.15    45    17
(relay)    38    6    17595.56    18    17564    117    2
(advertise)    37    17613.56    21    17
(relay)    38    38    17620.57    17    17620.43    4    2
(advertise)    37    17635.77    6    18
(relay)    30    22    17650.38    17    17609.72    2    2
(advertise)    37    17656.98    38    17
(advertise)    37    17679.2    22    17
(relay)    38    33    17688.01    17    17635.45    2    1
(relay)    44    44    17691.41    17    17691.35    6    2
(advertise)    37    17701.21    33    17
(advertise)    37    17723.82    44    17
(relay)    36    36    17730.24    17    17729.65    6    1
(relay)    30    15    17737.64    17    17703.12    2    2
(advertise)    37    17745.64    36    17
(advertise)    37    17766.65    15    17
(relay)    30    30    17803.66    17    17803.49    4    1
(advertise)    37    17803.86    30    17
(relay)    36    43    17826.08    17    17820.07    6    1
(advertise)    37    17826.48    43    17
(relay)    36    29    17848.49    17    17833.98    4    1
(advertise)    37    17848.89    29    17
(relay)    38    34    17917.7    17    17863.95    2    1
(advertise)    37    17917.9    34    17
(relay)    44    46    17954.91    17    17952.17    4    1
(advertise)    37    17955.11    46    17
(relay)    30    1    17976.33    17    17940.17    2    1
(advertise)    37    17976.93    1    17
(relay)    30    23    18010.54    19    18008.67    2    1
(advertise)    37    18010.74    23    19
(relay)    38    39    18033.55    18    18026.86    4    1
(advertise)    37    18034.75    39    18
(relay)    38    31    18059.57    18    18058.98    2    1
(advertise)    37    18059.77    31    18
(relay)    38    41    18081.78    19    18013.72    2    1
(advertise)    37    18082.38    41    19
(relay)    36    14    18195.59    18    18192.13    2    1
(advertise)    37    18195.79    14    18
(relay)    36    35    18340.21    18    18339.81    6    1
(advertise)    37    18340.41    35    18
(relay)    30    9    18391.62    18    18369.8    2    1
(advertise)    37    18391.82    9    18
(relay)    30    2    18412.03    18    18388.7    2    1
(advertise)    37    18413.23    2    18
(relay)    38    40    18435.44    18    18434.09    4    1
(advertise)    37    18435.84    40    18
(relay)    36    0    18460.26    19    18431    121    1
(advertise)    37    18460.86    0    19
(generate)    37    18480.27    [24]    18
(relay)    36    7    18482.28    18    18455.5    2    1
(advertise)    37    18484.68    7    18
(relay)    36    42    18503.7    18    18464.28    6    1
(advertise)    37    18506.7    42    18
(relay)    44    45    18529.31    18    18514.5    4    1
(advertise)    37    18529.71    45    18
(relay)    30    28    18531.92    18    18486.4    4    1
(relay)    38    48    18550.92    18    18488.08    2    2
(advertise)    37    18551.32    28    18
(advertise)    37    18573.54    48    18
(relay)    30    21    18576.35    18    18507.65    4    1
(advertise)    37    18595.75    21    18
(relay)    30    6    18611.36    19    18564    113    1
(advertise)    37    18618.76    6    19
(relay)    38    38    18622.17    18    18621.54    4    1
(relay)    30    22    18634.97    18    18609.78    2    2
(advertise)    37    18641.57    38    18
(advertise)    37    18664.99    22    18
(relay)    44    44    18691.4    18    18691.37    6    1
(advertise)    37    18692.0    44    18
(relay)    38    33    18713.81    18    18635.61    2    1
(advertise)    37    18715.61    33    18
(relay)    36    15    18717.23    18    18703.28    2    1
(relay)    36    36    18730.23    18    18729.71    6    2
(advertise)    37    18738.43    15    18
(advertise)    37    18761.04    36    18
(relay)    30    30    18804.25    18    18803.66    4    1
(advertise)    37    18804.45    30    18
(relay)    36    43    18821.47    18    18820.13    6    1
(advertise)    37    18828.27    43    18
(relay)    36    29    18844.48    18    18834.0    4    1
(advertise)    37    18850.28    29    18
(relay)    30    16    18924.89    18    18921.43    2    1
(advertise)    37    18925.09    16    18
(relay)    30    1    18949.5    18    18940.21    2    1
(advertise)    37    18949.7    1    18
(relay)    38    46    18952.72    18    18952.19    4    1
(advertise)    37    18972.12    46    18
(relay)    30    23    19010.93    20    19008.75    2    1
(advertise)    37    19011.13    23    20
(relay)    38    47    19012.94    19    19008.75    4    1
(advertise)    37    19033.34    47    19
(relay)    44    39    19035.96    19    19026.86    2    1
(advertise)    37    19057.56    39    19
(relay)    38    31    19059.77    19    19059.06    2    1
(advertise)    37    19079.37    31    19
(relay)    36    14    19197.58    19    19192.15    2    1
(advertise)    37    19197.78    14    19
(relay)    30    32    19301.4    19    19299.79    2    1
(advertise)    37    19301.6    32    19
(relay)    36    35    19340.81    19    19339.91    6    1
(advertise)    37    19341.01    35    19
(relay)    36    8    19369.22    19    19345.1    2    1
(advertise)    37    19369.42    8    19
(relay)    38    40    19436.63    19    19434.15    4    1
(advertise)    37    19436.83    40    19
(relay)    30    7    19461.65    19    19455.6    2    1
(advertise)    37    19462.65    7    19
(generate)    37    19480.46    [24]    19
(relay)    44    42    19503.87    19    19464.29    6    1
(advertise)    37    19504.07    42    19
(relay)    44    45    19527.49    19    19514.57    4    1
(advertise)    37    19527.69    45    19
(relay)    44    48    19549.9    19    19488.26    4    1
(advertise)    37    19550.1    48    19
(relay)    36    21    19551.91    19    19507.73    4    1
(advertise)    37    19572.11    21    19
(relay)    44    28    19573.33    19    19486.43    2    1
(relay)    38    0    19573.73    20    19431    119    2
(advertise)    37    19594.33    28    19
(relay)    38    6    19600.34    20    19564    119    2
(relay)    30    22    19616.94    19    19609.85    2    3
(advertise)    37    19617.34    0    20
(relay)    38    38    19622.15    19    19621.6    4    3
(advertise)    37    19639.35    6    20
(relay)    38    33    19648.76    19    19635.8    2    3
(advertise)    37    19664.16    22    19
(advertise)    37    19686.78    38    19
(relay)    44    44    19691.59    19    19691.42    6    2
(relay)    30    15    19706.39    19    19703.45    2    3
(advertise)    37    19708.39    33    19
(advertise)    37    19731.2    44    19
(advertise)    37    19753.62    15    19
(relay)    44    36    19756.63    19    19730.17    4    1
(advertise)    37    19777.43    36    19
(relay)    30    30    19804.44    19    19803.8    4    1
(advertise)    37    19804.64    30    19
(relay)    44    43    19827.46    19    19820.24    6    1
(advertise)    37    19827.66    43    19
(relay)    36    29    19847.87    19    19834.16    4    1
(advertise)    37    19849.87    29    19
(relay)    30    34    19878.28    19    19863.96    2    1
(advertise)    37    19878.48    34    19
(relay)    30    16    19925.09    19    19921.56    2    1
(advertise)    37    19925.29    16    19
(relay)    30    1    19947.31    19    19940.26    2    1
(advertise)    37    19947.51    1    19
(relay)    44    46    19952.92    19    19952.24    4    1
(advertise)    37    19970.52    46    19
(relay)    30    23    20011.13    21    20008.79    2    1
(advertise)    37    20011.33    23    21
(relay)    44    47    20013.35    20    20008.85    4    1
(advertise)    37    20032.95    47    20
(relay)    38    41    20048.36    21    20013.86    4    1
(advertise)    37    20054.76    41    21
(relay)    38    31    20070.77    20    20059.12    2    1
(advertise)    37    20075.97    31    20
(relay)    30    14    20197.19    20    20192.16    2    1
(advertise)    37    20197.39    14    20
(relay)    30    32    20300.6    20    20299.93    2    1
(advertise)    37    20300.8    32    20
(relay)    36    35    20341.21    20    20340.0    6    1
(advertise)    37    20341.41    35    20
(heartbeat)    24    5    20361.45    37    20365.22    3    5
(advertise)    37    20365.42    24    5
(relay)    30    8    20389.24    20    20345.16    2    1
(advertise)    37    20389.64    8    20
(relay)    30    9    20432.25    20    20370.12    2    1
(advertise)    37    20432.45    9    20
(relay)    38    40    20436.26    20    20434.21    4    1
(relay)    36    0    20437.46    21    20431    121    2
(advertise)    37    20453.46    40    20
(relay)    36    7    20464.88    20    20456.48    2    2
(relay)    44    42    20468.68    20    20465.14    6    3
(advertise)    37    20476.48    0    21
(generate)    37    20480.49    [24]    20
(advertise)    37    20498.5    7    20
(advertise)    37    20520.32    42    20
(relay)    36    28    20531.93    20    20486.49    4    1
(relay)    38    48    20541.13    20    20488.44    4    2
(advertise)    37    20541.33    28    20
(relay)    36    21    20556.34    20    20507.83    4    2
(relay)    44    45    20560.54    20    20514.9    4    3
(advertise)    37    20564.54    48    20
(advertise)    37    20587.95    21    20
(advertise)    37    20610.37    45    20
(relay)    38    38    20622.18    20    20621.69    4    1
(advertise)    37    20631.38    38    20
(relay)    38    6    20640.99    21    20564    119    1
(advertise)    37    20654.39    6    21
(relay)    30    22    20673.01    20    20609.91    2    1
(advertise)    37    20677.61    22    20
(relay)    44    44    20692.02    20    20691.49    6    1
(advertise)    37    20699.42    44    20
(relay)    38    33    20731.03    20    20635.97    2    1
(advertise)    37    20731.23    33    20
(relay)    30    15    20743.45    20    20703.61    2    1
(advertise)    37    20752.45    15    20
(relay)    30    36    20765.46    20    20730.26    4    1
(advertise)    37    20774.46    36    20
(relay)    30    30    20804.47    20    20803.99    4    1
(advertise)    37    20804.67    30    20
(relay)    36    43    20827.68    20    20820.34    6    1
(advertise)    37    20827.88    43    20
(relay)    30    29    20850.1    20    20834.18    4    1
(advertise)    37    20850.3    29    20
(relay)    30    34    20943.51    20    20864.0    2    1
(advertise)    37    20943.71    34    20
(relay)    44    46    20953.12    20    20952.27    4    1
(advertise)    37    20966.52    46    20
(relay)    30    1    20989.14    20    20940.32    2    1
(advertise)    37    20989.74    1    20
(relay)    30    23    21011.15    22    21008.88    2    1
(advertise)    37    21011.55    23    22
(relay)    38    47    21013.56    21    21008.92    4    1
(advertise)    37    21033.56    47    21
(relay)    38    39    21035.58    21    21027.05    4    1
(advertise)    37    21055.98    39    21
(relay)    38    41    21058.19    22    21013.92    4    1
(relay)    30    31    21078.99    21    21059.26    2    2
(advertise)    37    21079.59    41    22
(advertise)    37    21103.0    31    21
(relay)    30    32    21300.61    21    21300.08    2    1
(advertise)    37    21300.81    32    21
(relay)    36    35    21341.43    21    21340.1    6    1
(advertise)    37    21341.63    35    21
(relay)    30    8    21369.84    21    21345.2    2    1
(advertise)    37    21370.04    8    21
(relay)    30    9    21391.85    21    21370.29    2    1
(advertise)    37    21393.05    9    21
(relay)    30    2    21415.07    21    21388.93    2    1
(advertise)    37    21415.47    2    21
(relay)    38    40    21436.28    21    21434.26    4    1
(advertise)    37    21437.08    40    21
(relay)    36    0    21462.29    22    21431    121    1
(advertise)    37    21463.29    0    22
(generate)    37    21480.51    [24]    21
(relay)    36    42    21505.12    21    21465.32    6    1
(advertise)    37    21505.32    42    21
(relay)    30    7    21506.53    21    21456.53    2    1
(advertise)    37    21526.93    7    21
(relay)    38    45    21533.54    21    21514.98    4    1
(advertise)    37    21549.94    45    21
(relay)    38    48    21554.96    21    21488.63    4    1
(advertise)    37    21572.76    48    21
(relay)    36    21    21575.77    21    21507.92    4    1
(advertise)    37    21593.77    21    21
(relay)    38    6    21601.38    22    21564    119    1
(advertise)    37    21614.98    6    22
(relay)    38    38    21622.8    21    21621.78    4    1
(advertise)    37    21636.4    38    21
(relay)    30    22    21639.61    21    21609.99    2    1
(advertise)    37    21658.01    22    21
(relay)    44    44    21692.02    21    21691.54    6    1
(advertise)    37    21692.22    44    21
(relay)    30    33    21703.04    21    21635.99    2    1
(advertise)    37    21715.24    33    21
(relay)    36    36    21731.25    21    21730.33    6    1
(advertise)    37    21737.45    36    21
(relay)    30    15    21772.26    21    21703.79    2    1
(advertise)    37    21772.46    15    21
(relay)    30    30    21805.07    21    21803.99    4    1
(advertise)    37    21805.27    30    21
(relay)    30    43    21829.49    21    21820.44    4    1
(advertise)    37    21829.89    43    21
(relay)    36    29    21850.9    21    21834.2    4    1
(advertise)    37    21851.5    29    21
(relay)    30    34    21878.11    21    21864.01    2    1
(advertise)    37    21878.51    34    21
(relay)    30    1    21948.33    21    21940.41    2    1
(advertise)    37    21948.53    1    21
(relay)    44    46    21954.34    21    21952.31    4    1
(advertise)    37    21970.14    46    21
(relay)    38    47    22010.75    22    22009.02    4    1
(advertise)    37    22010.95    47    22
(relay)    38    39    22032.97    22    22027.06    4    1
(advertise)    37    22033.57    39    22
(relay)    38    41    22057.58    23    22014.01    2    1
(advertise)    37    22057.98    41    23
(relay)    30    31    22075.99    22    22059.3    2    1
(advertise)    37    22081.19    31    22
(relay)    30    14    22194.2    22    22192.21    2    1
(advertise)    37    22194.4    14    22
(relay)    30    32    22301.42    22    22300.22    2    1
(advertise)    37    22301.62    32    22
(relay)    36    35    22342.03    22    22340.2    6    1
(advertise)    37    22342.23    35    22
(relay)    36    8    22369.84    22    22345.28    2    1
(advertise)    37    22370.24    8    22
(relay)    38    40    22438.06    22    22434.3    4    1
(advertise)    37    22438.26    40    22
(relay)    30    0    22463.27    23    22431    121    1
(advertise)    37    22463.47    0    23
(generate)    37    22480.68    [24]    22
(relay)    36    7    22508.3    22    22456.59    2    1
(advertise)    37    22508.5    7    22
(relay)    44    42    22510.91    22    22465.49    6    1
(advertise)    37    22531.51    42    22
(relay)    44    45    22534.52    22    22515.08    4    1
(relay)    44    48    22555.52    22    22488.82    2    2
(relay)    30    28    22556.12    22    22486.53    2    3
(advertise)    37    22556.72    45    22
(relay)    30    21    22578.33    22    22508.96    4    3
(advertise)    37    22578.93    48    22
(relay)    38    6    22597.15    23    22564    119    3
(advertise)    37    22602.55    28    22
(relay)    38    38    22622.76    22    22621.85    4    3
(advertise)    37    22625.16    21    22
(relay)    30    22    22646.57    22    22610.08    2    3
(advertise)    37    22647.37    6    23
(advertise)    37    22669.19    38    22
(advertise)    37    22691.0    22    22
(relay)    44    44    22692.21    22    22691.59    6    1
(advertise)    37    22712.01    44    22
(relay)    36    36    22730.43    22    22730.42    6    1
(advertise)    37    22733.83    36    22
(relay)    30    30    22805.24    22    22804.14    4    1
(advertise)    37    22805.44    30    22
(relay)    36    43    22827.85    22    22820.56    6    1
(advertise)    37    22828.45    43    22
(relay)    36    29    22848.86    22    22834.39    4    1
(advertise)    37    22850.46    29    22
(relay)    38    34    22875.88    22    22864.2    2    1
(advertise)    37    22876.08    34    22
(relay)    30    16    22923.09    22    22922.06    2    1
(advertise)    37    22923.29    16    22
(relay)    30    1    22948.1    22    22940.45    2    1
(advertise)    37    22948.3    1    22
(relay)    44    46    22954.32    22    22952.34    4    1
(advertise)    37    22969.52    46    22
(relay)    30    23    23009.53    24    23009.1    2    1
(advertise)    37    23009.73    23    24
(relay)    38    39    23027.74    23    23027.25    4    1
(advertise)    37    23031.74    39    23
(relay)    38    41    23049.96    24    23014.08    4    1
(advertise)    37    23054.16    41    24
(relay)    38    31    23072.37    23    23059.37    2    1
(advertise)    37    23075.97    31    23
(relay)    36    14    23193.38    23    23192.24    2    1
(advertise)    37    23193.58    14    23
(relay)    38    32    23301.39    23    23300.39    2    1
(advertise)    37    23301.59    32    23
(relay)    36    35    23342.61    23    23340.3    6    1
(advertise)    37    23342.81    35    23
(relay)    36    8    23368.82    23    23345.3    2    1
(advertise)    37    23369.02    8    23
(relay)    30    2    23415.83    23    23388.94    2    1
(advertise)    37    23416.03    2    23
(relay)    38    40    23437.85    23    23434.33    4    1
(advertise)    37    23439.65    40    23
(relay)    30    0    23463.46    24    23431    121    1
(advertise)    37    23464.46    0    24
(generate)    37    23480.87    [24]    23
(relay)    36    7    23508.89    23    23456.62    2    1
(advertise)    37    23509.09    7    23
(relay)    44    48    23512.7    23    23488.82    2    1
(advertise)    37    23530.5    48    23
(relay)    36    42    23532.91    23    23465.87    6    1
(relay)    38    45    23534.91    23    23515.18    4    2
(relay)    30    21    23549.31    23    23509.04    4    3
(advertise)    37    23552.71    42    23
(advertise)    37    23573.72    45    23
(relay)    44    28    23580.94    23    23486.57    2    2
(advertise)    37    23594.74    21    23
(advertise)    37    23616.55    28    23
(relay)    36    22    23622.56    23    23610.14    2    1
(relay)    38    38    23622.96    23    23621.91    4    2
(advertise)    37    23637.56    22    23
(relay)    30    6    23640.18    24    23564    113    2
(advertise)    37    23659.58    38    23
(advertise)    37    23681.39    6    24
(relay)    38    33    23686.0    23    23636.17    2    1
(relay)    44    44    23692.2    23    23691.63    6    2
(advertise)    37    23702.6    33    23
(relay)    30    15    23718.82    23    23704.13    2    2
(advertise)    37    23727.02    44    23
(relay)    36    36    23730.63    23    23730.5    6    2
(advertise)    37    23748.03    15    23
(advertise)    37    23771.84    36    23
(relay)    30    30    23805.25    23    23804.31    4    1
(advertise)    37    23805.45    30    23
(relay)    36    43    23828.27    23    23820.66    6    1
(advertise)    37    23828.47    43    23
(relay)    36    29    23850.68    23    23834.57    4    1
(advertise)    37    23851.08    29    23
(relay)    38    34    23878.29    23    23864.24    2    1
(advertise)    37    23878.89    34    23
(relay)    30    16    23923.51    23    23922.23    2    1
(advertise)    37    23923.71    16    23
(relay)    30    1    23948.92    23    23940.49    2    1
(advertise)    37    23949.12    1    23
(relay)    38    46    23954.33    23    23952.37    4    1
(advertise)    37    23970.33    46    23
(relay)    38    47    24009.95    24    24009.15    4    1
(advertise)    37    24010.15    47    24
(relay)    38    39    24031.96    24    24027.41    4    1
(advertise)    37    24032.36    39    24
(relay)    38    41    24055.17    25    24014.15    4    1
(advertise)    37    24056.57    41    25
(relay)    38    31    24077.78    24    24059.43    2    1
(advertise)    37    24081.58    31    24
(relay)    36    14    24193.6    24    24192.27    2    1
(advertise)    37    24193.8    14    24
(relay)    30    32    24302.61    24    24300.47    2    1
(advertise)    37    24302.81    32    24
(relay)    36    35    24342.62    24    24340.41    6    1
(advertise)    37    24342.82    35    24
(heartbeat)    24    6    24361.47    37    24367.64    3    5
(advertise)    37    24367.84    24    6
(relay)    30    9    24391.65    24    24370.61    2    1
(advertise)    37    24391.85    9    24
(relay)    30    8    24415.66    24    24346.31    2    1
(advertise)    37    24417.06    8    24
(relay)    38    40    24437.68    24    24434.35    4    1
(advertise)    37    24438.08    40    24
(relay)    36    0    24462.69    25    24431    121    1
(advertise)    37    24463.29    0    25
(generate)    37    24480.9    [24]    24
(relay)    36    42    24508.71    24    24465.88    6    1
(advertise)    37    24508.91    42    24
(relay)    30    7    24510.13    24    24456.66    2    1
(relay)    44    45    24531.73    24    24515.31    4    2
(advertise)    37    24532.13    7    24
(relay)    36    28    24551.54    24    24487.0    4    2
(advertise)    37    24553.94    45    24
(advertise)    37    24575.55    28    24
(relay)    36    21    24596.57    24    24509.14    4    1
(advertise)    37    24598.97    21    24
(relay)    38    38    24622.98    24    24622.02    4    1
(advertise)    37    24623.38    38    24
(relay)    30    22    24645.79    24    24610.24    2    1
(advertise)    37    24645.99    22    24
(relay)    30    6    24668.21    25    24564    119    1
(advertise)    37    24668.81    6    25
(relay)    44    44    24692.62    24    24691.68    6    1
(advertise)    37    24693.02    44    24
(relay)    36    15    24727.23    24    24704.32    2    1
(advertise)    37    24727.43    15    24
(relay)    36    36    24730.64    24    24730.61    6    1
(relay)    30    33    24733.84    24    24636.36    2    2
(advertise)    37    24750.44    36    24
(advertise)    37    24774.66    33    24
(relay)    30    30    24805.47    24    24804.5    4    1
(advertise)    37    24805.67    30    24
(relay)    44    43    24827.08    24    24820.76    6    1
(advertise)    37    24828.08    43    24
(relay)    36    29    24850.7    24    24834.59    4    1
(advertise)    37    24850.9    29    24
(relay)    36    1    24949.71    24    24940.52    2    1
(advertise)    37    24949.91    1    24
(relay)    38    46    24954.92    24    24952.43    4    1
(advertise)    37    24972.72    46    24
(relay)    30    23    25010.14    26    25009.26    2    1
(advertise)    37    25010.34    23    26
(relay)    36    47    25011.55    25    25009.24    2    1
(advertise)    37    25032.35    47    25
(relay)    44    39    25034.76    25    25027.43    2    1
(advertise)    37    25054.56    39    25
(relay)    44    41    25057.57    26    25014.24    2    1
(relay)    30    31    25060.77    25    25059.48    2    2
(advertise)    37    25076.97    41    26
(advertise)    37    25098.19    31    25
(relay)    30    14    25194.0    25    25192.32    2    1
(advertise)    37    25194.2    14    25
(relay)    38    32    25302.61    25    25300.66    2    1
(advertise)    37    25302.81    32    25
(relay)    36    35    25342.63    25    25340.51    6    1
(advertise)    37    25342.83    35    25
(relay)    36    8    25366.84    25    25346.49    2    1
(advertise)    37    25367.04    8    25
(relay)    36    0    25455.85    26    25431    121    1
(advertise)    37    25456.05    0    26
(relay)    30    7    25480.87    25    25456.74    2    1
(advertise)    37    25481.07    7    25
(generate)    37    25482.28    [24]    25
(relay)    44    45    25526.89    25    25515.38    4    1
(advertise)    37    25527.09    45    25
(relay)    36    28    25547.7    25    25487.03    4    1
(advertise)    37    25549.1    28    25
(relay)    38    48    25550.32    25    25488.84    4    1
(advertise)    37    25570.72    48    25
(relay)    30    21    25571.93    25    25509.21    4    1
(advertise)    37    25591.93    21    25
(relay)    38    6    25596.54    26    25564    117    1
(advertise)    37    25613.54    6    26
(relay)    30    42    25614.76    25    25466.06    2    1
(relay)    38    38    25622.76    25    25622.72    4    2
(advertise)    37    25635.56    42    25
(advertise)    37    25657.37    38    25
(relay)    44    44    25692.78    25    25691.74    6    1
(advertise)    37    25692.98    44    25
(relay)    30    33    25725.4    25    25636.51    2    1
(advertise)    37    25725.6    33    25
(relay)    36    36    25730.81    25    25730.66    6    1
(advertise)    37    25747.81    36    25
(relay)    30    30    25804.62    25    25804.61    4    1
(advertise)    37    25804.82    30    25
(relay)    44    43    25827.43    25    25820.87    6    1
(advertise)    37    25827.63    43    25
(relay)    36    29    25849.65    25    25834.76    4    1
(advertise)    37    25850.05    29    25
(relay)    38    34    25875.86    25    25864.3    2    1
(advertise)    37    25876.06    34    25
(relay)    36    1    25953.07    25    25940.6    2    1
(advertise)    37    25953.27    1    25
(relay)    30    46    25975.69    25    25952.47    2    1
(advertise)    37    25975.89    46    25
(relay)    30    23    26010.7    27    26009.34    2    1
(advertise)    37    26010.9    23    27
(relay)    36    47    26013.11    26    26009.3    2    1
(advertise)    37    26033.31    47    26
(relay)    38    39    26034.53    26    26027.6    4    1
(advertise)    37    26057.33    39    26
(relay)    44    41    26059.74    27    26014.29    2    1
(relay)    38    31    26077.34    26    26059.51    2    2
(advertise)    37    26079.34    41    27
(advertise)    37    26101.15    31    26
(relay)    36    14    26195.76    26    26192.35    2    1
(advertise)    37    26195.96    14    26
(relay)    38    32    26303.18    26    26300.77    2    1
(advertise)    37    26303.38    32    26
(relay)    36    35    26340.99    26    26340.59    6    1
(advertise)    37    26341.19    35    26
(relay)    30    8    26366.2    26    26346.54    2    1
(advertise)    37    26366.6    8    26
(relay)    30    9    26390.22    26    26370.79    2    1
(advertise)    37    26390.42    9    26
(relay)    30    2    26411.63    26    26389.41    2    1
(advertise)    37    26412.63    2    26
(relay)    36    0    26452.24    27    26431    121    1
(advertise)    37    26452.44    0    27
(relay)    36    42    26475.86    26    26466.08    6    1
(advertise)    37    26476.06    42    26
(generate)    37    26482.47    [24]    26
(relay)    30    7    26499.48    26    26456.8    2    1
(advertise)    37    26500.08    7    26
(relay)    44    28    26507.29    26    26487.07    2    1
(relay)    38    45    26516.89    26    26515.65    4    2
(advertise)    37    26521.69    28    26
(relay)    38    48    26537.11    26    26489.01    4    2
(advertise)    37    26543.11    45    26
(advertise)    37    26564.72    48    26
(relay)    44    21    26574.13    26    26509.28    2    1
(advertise)    37    26587.53    21    26
(relay)    38    6    26589.55    27    26564    119    1
(advertise)    37    26608.95    6    27
(relay)    38    38    26622.96    26    26622.78    4    1
(advertise)    37    26629.96    38    26
(relay)    38    33    26647.97    26    26636.69    2    1
(advertise)    37    26652.37    33    26
(relay)    44    44    26692.79    26    26691.79    6    1
(advertise)    37    26692.99    44    26
(relay)    30    15    26719.4    26    26704.66    2    1
(advertise)    37    26719.6    15    26
(relay)    36    36    26731.21    26    26730.73    6    1
(advertise)    37    26740.61    36    26
(relay)    30    30    26804.82    26    26804.75    4    1
(advertise)    37    26805.02    30    26
(relay)    36    43    26827.64    26    26820.98    6    1
(advertise)    37    26828.04    43    26
(relay)    36    29    26849.05    26    26834.77    4    1
(advertise)    37    26849.45    29    26
(relay)    30    34    26880.06    26    26864.32    2    1
(advertise)    37    26880.26    34    26
(relay)    30    16    26925.28    26    26922.69    2    1
(advertise)    37    26925.48    16    26
(relay)    30    1    26949.89    26    26940.64    2    1
(advertise)    37    26950.69    1    26
(relay)    44    46    26955.9    26    26952.48    4    1
(advertise)    37    26972.5    46    26
(relay)    30    23    27010.52    28    27009.36    2    1
(advertise)    37    27010.72    23    28
(relay)    38    39    27029.53    27    27027.77    4    1
(advertise)    37    27032.93    39    27
(relay)    30    47    27034.94    27    27009.37    2    1
(advertise)    37    27054.94    47    27
(relay)    44    41    27058.15    28    27014.39    2    1
(advertise)    37    27077.15    41    28
(relay)    30    31    27078.57    27    27059.55    2    1
(advertise)    37    27100.37    31    27
(relay)    36    14    27196.18    27    27192.38    2    1
(advertise)    37    27196.38    14    27
(relay)    38    32    27304.39    27    27300.92    2    1
(advertise)    37    27304.59    32    27
(relay)    36    35    27341.21    27    27340.68    6    1
(advertise)    37    27341.41    35    27
(relay)    30    8    27366.02    27    27346.56    2    1
(advertise)    37    27366.62    8    27
(relay)    30    9    27388.43    27    27370.93    2    1
(advertise)    37    27388.63    9    27
(relay)    30    2    27411.65    27    27389.43    2    1
(advertise)    37    27412.85    2    27
(relay)    38    40    27435.26    27    27434.54    4    1
(advertise)    37    27436.06    40    27
(relay)    36    0    27440.27    28    27431    121    1
(advertise)    37    27457.47    0    28
(relay)    36    7    27466.48    27    27456.86    2    1
(advertise)    37    27478.48    7    27
(generate)    37    27482.5    [24]    27
(relay)    44    42    27483.91    27    27467.08    6    1
(advertise)    37    27500.91    42    27
(relay)    44    28    27511.72    27    27487.1    2    1
(advertise)    37    27524.12    28    27
(relay)    38    45    27528.14    27    27515.74    4    1
(advertise)    37    27546.14    45    27
(relay)    38    48    27552.35    27    27490.03    4    1
(advertise)    37    27568.35    48    27
(relay)    30    21    27569.56    27    27509.35    4    1
(relay)    38    6    27585.36    28    27564    117    2
(advertise)    37    27590.36    21    27
(advertise)    37    27613.98    6    28
(relay)    38    38    27622.99    27    27622.85    4    1
(advertise)    37    27635.99    38    27
(relay)    30    22    27639.4    27    27610.46    2    1
(advertise)    37    27658.8    22    27
(relay)    44    44    27692.01    27    27691.82    6    1
(advertise)    37    27692.21    44    27
(relay)    30    15    27721.43    27    27704.85    2    1
(advertise)    37    27721.63    15    27
(relay)    36    36    27731.44    27    27730.79    6    1
(advertise)    37    27743.64    36    27
(relay)    30    30    27805.05    27    27804.94    4    1
(advertise)    37    27805.25    30    27
(relay)    36    43    27828.07    27    27821.06    6    1
(advertise)    37    27828.27    43    27
(relay)    36    29    27849.88    27    27834.8    4    1
(advertise)    37    27850.28    29    27
(relay)    38    34    27876.29    27    27864.35    2    1
(advertise)    37    27876.49    34    27
(relay)    30    1    27949.91    27    27940.66    2    1
(advertise)    37    27950.11    1    27
(relay)    44    46    27955.12    27    27952.52    4    1
(advertise)    37    27971.92    46    27
(relay)    30    23    28011.13    29    28009.45    2    1
(advertise)    37    28011.33    23    29
(relay)    38    47    28012.94    28    28009.48    4    1
(advertise)    37    28033.14    47    28
(relay)    38    39    28037.16    28    28027.94    4    1
(advertise)    37    28055.36    39    28
(relay)    38    41    28057.37    29    28014.66    4    1
(advertise)    37    28077.57    41    29
(relay)    38    31    28080.38    28    28059.61    2    1
(advertise)    37    28098.78    31    28
(relay)    36    14    28195.8    28    28192.42    2    1
(advertise)    37    28196.0    14    28
(relay)    36    35    28341.21    28    28340.74    6    1
(advertise)    37    28341.41    35    28
(heartbeat)    24    7    28361.48    37    28365.82    3    5
(advertise)    37    28366.22    24    7
(relay)    30    9    28432.24    28    28371.06    2    1
(advertise)    37    28432.44    9    28
(relay)    38    40    28435.85    28    28434.62    4    1
(advertise)    37    28453.65    40    28
(relay)    44    42    28478.06    28    28467.26    6    1
(advertise)    37    28479.06    42    28
(generate)    37    28482.67    [24]    28
(relay)    44    45    28519.29    28    28515.84    4    1
(advertise)    37    28519.49    45    28
(relay)    44    48    28541.7    28    28490.04    4    1
(advertise)    37    28541.9    48    28
(relay)    38    28    28572.31    28    28487.14    2    1
(advertise)    37    28572.51    28    28
(relay)    30    0    28589.93    29    28431    121    1
(relay)    36    21    28592.13    28    28509.44    4    2
(advertise)    37    28595.33    0    29
(advertise)    37    28617.54    21    28
(relay)    38    38    28622.95    28    28622.94    4    1
(advertise)    37    28639.15    38    28
(relay)    36    22    28662.97    28    28610.54    2    1
(advertise)    37    28665.17    22    28
(relay)    38    6    28690.38    29    28564    119    1
(advertise)    37    28690.98    6    29
(relay)    44    44    28692.59    28    28692.48    6    1
(relay)    30    33    28698.39    28    28636.71    2    2
(advertise)    37    28714.79    44    28
(relay)    36    36    28731.4    28    28730.88    6    2
(advertise)    37    28737.0    33    28
(advertise)    37    28760.42    36    28
(relay)    30    30    28805.63    28    28805.09    4    1
(advertise)    37    28805.83    30    28
(relay)    36    43    28822.44    28    28821.13    6    1
(advertise)    37    28828.84    43    28
(relay)    36    29    28846.06    28    28834.99    4    1
(advertise)    37    28850.66    29    28
(relay)    30    1    28952.87    28    28940.76    2    1
(advertise)    37    28953.07    1    28
(relay)    36    46    28954.88    28    28952.57    2    1
(advertise)    37    28974.08    46    28
(relay)    30    23    29011.5    30    29009.73    2    1
(advertise)    37    29011.7    23    30
(relay)    36    47    29016.11    29    29009.56    2    1
(advertise)    37    29034.11    47    29
(relay)    38    39    29036.32    29    29027.95    4    1
(advertise)    37    29057.12    39    29
(relay)    38    41    29058.53    30    29014.76    4    1
(relay)    30    31    29079.73    29    29059.68    2    2
(advertise)    37    29080.33    41    30
(advertise)    37    29102.55    31    29
(relay)    36    14    29197.96    29    29192.45    2    1
(advertise)    37    29198.16    14    29
(relay)    30    32    29302.97    29    29301.21    2    1
(advertise)    37    29303.17    32    29
(relay)    36    35    29341.19    29    29340.86    6    1
(advertise)    37    29341.39    35    29
(relay)    36    8    29369.6    29    29346.65    2    1
(advertise)    37    29370.0    8    29
(relay)    38    40    29437.61    29    29434.68    4    1
(advertise)    37    29437.81    40    29
(relay)    36    7    29462.63    29    29457.0    2    1
(advertise)    37    29463.03    7    29
(relay)    30    0    29465.24    30    29431    121    1
(generate)    37    29482.84    [24]    29
(advertise)    37    29485.65    0    30
(relay)    44    42    29504.66    29    29467.28    6    1
(advertise)    37    29507.06    42    29
(relay)    36    28    29529.68    29    29487.18    4    1
(advertise)    37    29530.08    28    29
(relay)    44    45    29547.69    29    29515.95    4    1
(relay)    38    48    29549.29    29    29490.19    4    2
(advertise)    37    29553.89    45    29
(advertise)    37    29577.5    48    29
(relay)    44    21    29613.12    29    29509.53    2    1
(advertise)    37    29613.32    21    29
(relay)    38    38    29623.53    29    29623.01    4    1
(relay)    38    6    29627.93    30    29564    117    2
(advertise)    37    29635.93    38    29
(relay)    30    22    29641.54    29    29610.63    2    2
(advertise)    37    29657.94    6    30
(relay)    38    33    29673.96    29    29637.11    2    2
(advertise)    37    29679.36    22    29
(relay)    44    44    29692.57    29    29692.54    6    2
(advertise)    37    29700.97    33    29
(relay)    36    15    29718.58    29    29705.46    2    2
(advertise)    37    29724.58    44    29
(relay)    36    36    29731.59    29    29730.95    6    2
(advertise)    37    29745.79    15    29
(advertise)    37    29767.81    36    29
(relay)    30    30    29805.82    29    29805.23    4    1
(advertise)    37    29806.02    30    29
(relay)    36    43    29829.23    29    29821.24    6    1
(advertise)    37    29829.43    43    29
(relay)    36    29    29850.65    29    29834.99    4    1
(advertise)    37    29852.25    29    29
(relay)    30    34    29883.66    29    29864.41    2    1
(advertise)    37    29883.86    34    29
(relay)    36    1    29950.07    29    29940.81    2    1
(advertise)    37    29950.27    1    29
(relay)    44    46    29953.29    29    29952.6    4    1
(advertise)    37    29972.89    46    29
