(relay)    11    41    33.4    1    9    121    1
(advertise)    4    33.6    41    1
(relay)    3    23    60.81    1    6    117    1
(advertise)    4    61.21    23    1
(relay)    3    0    435.23    1    431    124    1
(advertise)    4    435.43    0    1
(relay)    11    6    567.84    1    564    124    1
(advertise)    4    568.04    6    1
(relay)    3    23    1008.85    2    1006.05    123    1
(advertise)    4    1009.05    23    2
(relay)    11    26    1033.67    1    1028.07    124    1
(advertise)    4    1033.87    26    1
(relay)    11    47    1057.48    1    1007.05    117    1
(advertise)    4    1058.48    47    1
(relay)    3    31    1100.29    1    1057.09    121    1
(advertise)    4    1100.49    31    1
(relay)    11    41    1122.9    2    1009.47    121    1
(advertise)    4    1123.3    41    2
(generate)    4    1150.12    [24]    1
(relay)    11    20    1178.13    1    1154.54    124    1
(advertise)    4    1178.33    20    1
(relay)    11    27    1199.54    1    1169.14    123    1
(advertise)    4    1200.94    27    1
(relay)    11    19    1222.76    1    1193.16    125    1
(advertise)    4    1223.16    19    1
(relay)    11    14    1244.37    1    1191.16    122    1
(advertise)    4    1246.37    14    1
(relay)    11    32    1298.58    1    1297.2    124    1
(advertise)    4    1298.78    32    1
(relay)    11    13    1339.6    1    1337.01    125    1
(advertise)    4    1339.8    13    1
(relay)    3    8    1364.61    1    1343.02    124    1
(advertise)    4    1365.21    8    1
(relay)    3    2    1385.62    1    1383.03    126    1
(advertise)    4    1386.62    2    1
(relay)    11    9    1387.83    1    1367.02    125    1
(relay)    5    5    1388.03    1    1388.0    127    2
(relay)    11    11    1392.23    1    1392.05    127    3
(advertise)    4    1408.63    9    1
(advertise)    4    1430.85    5    1
(relay)    11    35    1433.46    1    1338.01    117    2
(advertise)    4    1452.46    11    1
(relay)    11    10    1454.27    1    1405.05    126    2
(relay)    3    0    1474.07    2    1431    124    3
(advertise)    4    1476.87    35    1
(advertise)    4    1498.09    10    1
(advertise)    4    1519.9    0    2
(relay)    3    25    1521.11    1    1450.07    123    1
(advertise)    4    1542.31    25    1
(relay)    3    18    1564.53    1    1531.13    124    1
(advertise)    4    1565.33    18    1
(relay)    11    6    1581.34    2    1564    122    1
(relay)    3    28    1586.94    1    1485.1    120    2
(advertise)    4    1588.74    6    2
(advertise)    4    1611.15    28    1
(relay)    11    37    1626.56    1    1478.09    121    1
(advertise)    4    1635.36    37    1
(relay)    11    45    1647.98    1    1512.11    121    1
(advertise)    4    1658.98    45    1
(relay)    11    21    1674.19    1    1505.11    121    1
(advertise)    4    1680.99    21    1
(relay)    11    48    1698.6    1    1486.03    120    1
(relay)    3    17    1701.2    1    1680.02    125    2
(advertise)    4    1703.4    48    1
(advertise)    4    1724.82    17    1
(relay)    11    22    1742.03    1    1608.16    122    1
(advertise)    4    1747.43    22    1
(relay)    11    42    1765.44    1    1461.09    116    1
(advertise)    4    1770.44    42    1
(relay)    11    33    1788.06    1    1633.16    123    1
(relay)    3    15    1789.26    1    1701.02    123    2
(advertise)    4    1791.46    33    1
(relay)    11    12    1810.07    1    1681.02    124    2
(advertise)    4    1812.87    15    1
(advertise)    4    1836.68    12    1
(relay)    11    38    1854.49    1    1617.18    122    1
(advertise)    4    1857.89    38    1
(relay)    11    44    1876.71    1    1690.02    116    1
(relay)    3    36    1878.51    1    1727.04    120    2
(advertise)    4    1879.91    44    1
(relay)    3    3    1891.12    1    1890.13    127    2
(advertise)    4    1903.32    36    1
(relay)    11    30    1920.33    1    1801.08    122    2
(advertise)    4    1926.13    3    1
(advertise)    4    1947.35    30    1
(relay)    3    1    1962.36    1    1938.11    125    1
(relay)    11    34    1966.96    1    1862.91    122    2
(advertise)    4    1968.56    1    1
(relay)    11    29    1989.17    1    1832.11    121    2
(advertise)    4    1990.57    34    1
(advertise)    4    2012.39    29    1
(relay)    11    43    2033.8    1    1818.09    119    1
(advertise)    4    2034.4    43    1
(relay)    11    23    2057.81    3    2006.2    123    1
(advertise)    4    2058.01    23    3
(relay)    3    16    2079.82    1    1919.16    122    1
(advertise)    4    2080.42    16    1
(relay)    11    26    2102.64    2    2028.2    124    1
(advertise)    4    2104.64    26    2
(relay)    3    46    2126.65    1    1951.16    118    1
(advertise)    4    2127.25    46    1
(relay)    3    39    2148.86    2    2025.2    121    1
(advertise)    4    2149.86    39    2
(generate)    4    2151.08    [24]    2
(relay)    11    20    2194.49    2    2154.68    124    1
(advertise)    4    2194.69    20    2
(relay)    11    31    2216.9    2    2057.22    117    1
(advertise)    4    2217.3    31    2
(relay)    11    19    2238.72    2    2193.3    125    1
(advertise)    4    2240.52    19    2
(relay)    3    14    2242.13    2    2191.32    122    1
(relay)    11    47    2261.93    2    2007.19    119    2
(advertise)    4    2263.13    14    2
(relay)    3    41    2279.14    3    2009.57    117    2
(advertise)    4    2284.14    47    2
(advertise)    4    2305.75    41    3
(relay)    11    27    2329.37    2    2169.28    123    1
(advertise)    4    2330.57    27    2
(relay)    11    32    2351.38    2    2297.37    124    1
(advertise)    4    2351.78    32    2
(relay)    11    13    2372.59    2    2337.19    125    1
(relay)    3    8    2374.19    2    2343.21    124    2
(advertise)    4    2375.39    13    2
(relay)    5    5    2388.61    2    2388.01    127    2
(relay)    11    11    2392.81    2    2392.22    127    3
(relay)    11    9    2394.81    2    2367.21    125    4
(advertise)    4    2396.81    8    2
(relay)    3    2    2418.42    2    2383.22    126    4
(advertise)    4    2418.62    5    2
(advertise)    4    2440.43    11    2
(relay)    11    10    2460.64    2    2405.23    126    3
(advertise)    4    2463.44    9    2
(relay)    11    25    2482.06    2    2450.26    125    3
(advertise)    4    2485.86    2    2
(advertise)    4    2508.87    10    2
(relay)    3    0    2528.48    3    2431    124    2
(advertise)    4    2530.28    25    2
(relay)    11    18    2533.5    2    2531.31    126    2
(relay)    3    35    2548.5    2    2338.19    119    3
(advertise)    4    2553.9    0    3
(advertise)    4    2575.91    18    2
(relay)    3    7    2592.92    2    2453.24    123    2
(advertise)    4    2598.12    35    2
(advertise)    4    2619.34    7    2
(relay)    3    37    2635.75    2    2478.27    121    1
(advertise)    4    2640.75    37    2
(relay)    3    40    2659.76    2    2433.03    118    1
(advertise)    4    2661.76    40    2
(relay)    3    6    2682.17    3    2564    122    1
(advertise)    4    2684.17    6    3
(relay)    11    28    2686.19    2    2485.28    120    1
(relay)    3    17    2705.59    2    2680.19    125    2
(advertise)    4    2706.79    28    2
(relay)    11    12    2708.0    2    2681.19    126    2
(advertise)    4    2728.2    17    2
(advertise)    4    2750.41    12    2
(relay)    11    21    2774.83    2    2505.3    121    1
(advertise)    4    2775.43    21    2
(relay)    3    42    2794.24    2    2461.26    118    1
(relay)    11    22    2797.24    2    2608.36    122    2
(advertise)    4    2799.64    42    2
(relay)    3    48    2814.85    2    2486.18    118    2
(relay)    11    33    2818.45    2    2633.35    121    3
(advertise)    4    2822.05    22    2
(advertise)    4    2844.67    48    2
(relay)    3    15    2858.48    2    2701.2    123    2
(relay)    11    45    2863.08    2    2512.3    121    3
(advertise)    4    2866.28    33    2
(advertise)    4    2888.49    15    2
(relay)    3    3    2891.3    2    2890.3    127    2
(relay)    11    38    2908.9    2    2617.36    122    3
(advertise)    4    2909.7    45    2
(advertise)    4    2932.52    3    2
(relay)    3    36    2947.93    2    2727.23    118    2
(advertise)    4    2954.73    38    2
(relay)    11    16    2974.54    2    2919.34    124    2
(advertise)    4    2976.94    36    2
(relay)    11    34    2995.76    2    2863.09    122    2
(relay)    3    1    2998.16    2    2938.68    125    3
(advertise)    4    2999.56    16    2
(relay)    11    44    3018.17    2    2690.2    118    3
(advertise)    4    3021.57    34    2
(relay)    3    30    3042.78    2    2801.28    122    3
(advertise)    4    3043.58    1    2
(advertise)    4    3064.6    44    2
(relay)    11    29    3084.41    2    2832.29    121    2
(advertise)    4    3086.01    30    2
(relay)    11    26    3107.02    3    3028.4    124    2
(advertise)    4    3107.62    29    2
(relay)    3    23    3110.03    4    3006.4    123    2
(advertise)    4    3130.43    26    3
(generate)    4    3151.25    [24]    3
(advertise)    4    3153.46    23    4
(relay)    3    43    3175.47    2    2818.28    117    1
(advertise)    4    3176.47    43    2
(relay)    3    46    3211.49    2    2951.34    116    1
(advertise)    4    3211.69    46    2
(relay)    11    20    3220.3    3    3154.86    124    1
(relay)    3    14    3233.9    3    3191.5    122    2
(advertise)    4    3234.5    20    3
(relay)    11    39    3243.91    3    3025.4    123    2
(advertise)    4    3257.11    14    3
(relay)    3    31    3277.13    3    3057.42    119    2
(advertise)    4    3279.53    39    3
(relay)    11    41    3286.74    4    3009.77    121    2
(advertise)    4    3301.34    31    3
(advertise)    4    3323.95    41    4
(relay)    11    27    3330.96    3    3169.47    123    1
(relay)    3    47    3344.76    3    3007.37    117    2
(advertise)    4    3345.76    27    3
(advertise)    4    3367.38    47    3
(relay)    11    9    3376.99    3    3367.39    125    1
(relay)    3    8    3387.99    3    3343.39    124    2
(advertise)    4    3388.59    9    3
(relay)    11    11    3393.0    3    3392.42    127    2
(relay)    11    32    3399.4    3    3297.55    120    3
(advertise)    4    3410.8    8    3
(relay)    11    13    3423.22    3    3337.38    125    3
(relay)    3    2    3430.62    3    3383.42    126    4
(advertise)    4    3433.02    11    3
(relay)    11    10    3444.43    3    3405.43    126    4
(advertise)    4    3455.83    32    3
(advertise)    4    3478.44    13    3
(relay)    11    5    3490.06    3    3388.03    125    3
(advertise)    4    3499.66    2    3
(advertise)    4    3521.87    10    3
(relay)    11    19    3534.28    3    3193.49    121    2
(relay)    3    0    3541.08    4    3431    124    3
(advertise)    4    3542.88    5    3
(relay)    11    35    3556.69    3    3338.39    119    3
(advertise)    4    3564.69    19    3
(relay)    11    18    3578.91    3    3531.49    126    3
(advertise)    4    3585.91    0    4
(relay)    11    25    3601.32    3    3450.44    125    3
(advertise)    4    3610.12    35    3
(relay)    3    7    3631.53    3    3453.44    123    3
(advertise)    4    3632.13    18    3
(advertise)    4    3655.15    25    3
(relay)    11    40    3665.16    3    3433.23    122    2
(relay)    3    28    3677.56    3    3485.47    120    3
(advertise)    4    3677.76    7    3
(relay)    11    37    3686.77    3    3478.47    121    3
(advertise)    4    3699.97    40    3
(advertise)    4    3721.19    28    3
(relay)    11    12    3730.0    3    3682.59    126    2
(advertise)    4    3742.6    37    3
(relay)    11    21    3753.01    3    3505.48    121    2
(advertise)    4    3765.81    12    3
(relay)    3    42    3769.02    3    3461.46    118    2
(relay)    11    6    3774.42    4    3564    122    3
(advertise)    4    3787.82    21    3
(relay)    3    17    3792.44    3    3680.39    125    3
(advertise)    4    3809.64    42    3
(relay)    11    48    3818.25    3    3486.36    120    3
(advertise)    4    3830.85    6    4
(relay)    3    15    3835.06    3    3701.4    123    3
(advertise)    4    3853.86    17    3
(relay)    11    33    3862.48    3    3633.55    123    3
(advertise)    4    3876.48    48    3
(relay)    11    45    3885.29    3    3512.48    121    3
(relay)    3    3    3890.49    3    3890.49    127    4
(advertise)    4    3899.49    15    3
(advertise)    4    3923.5    33    3
(relay)    11    22    3927.72    3    3608.56    122    3
(advertise)    4    3945.32    45    3
(relay)    11    38    3950.53    3    3617.56    122    3
(advertise)    4    3966.53    3    3
(advertise)    4    3988.74    22    3
(relay)    11    44    3992.75    3    3690.4    120    2
(relay)    3    1    4009.95    3    3938.86    125    3
(advertise)    4    4012.75    38    3
(relay)    11    16    4014.37    3    3919.54    124    3
(advertise)    4    4034.37    44    3
(relay)    3    29    4053.78    3    3832.49    121    3
(advertise)    4    4056.98    1    3
(relay)    11    30    4077.39    3    3801.45    122    3
(advertise)    4    4078.99    16    3
(relay)    3    36    4096.81    3    3727.42    118    3
(advertise)    4    4103.41    29    3
(relay)    3    34    4120.02    3    3863.29    120    3
(advertise)    4    4125.82    30    3
(relay)    11    46    4147.43    3    3951.54    122    3
(advertise)    4    4148.23    36    3
(generate)    4    4151.45    [24]    4
(relay)    11    26    4167.86    4    4028.59    122    3
(advertise)    4    4170.66    34    3
(relay)    3    23    4184.67    5    4006.99    123    3
(advertise)    4    4192.07    46    3
(advertise)    4    4213.68    26    4
(relay)    11    39    4233.9    4    4025.58    123    2
(advertise)    4    4234.7    23    5
(relay)    3    43    4251.91    3    3818.48    119    2
(advertise)    4    4256.11    39    4
(advertise)    4    4277.72    43    3
(relay)    3    31    4296.74    4    4057.62    119    1
(relay)    11    19    4299.14    4    4193.68    125    2
(advertise)    4    4299.94    31    4
(relay)    3    41    4320.55    5    4009.97    119    2
(advertise)    4    4321.95    19    4
(relay)    11    20    4342.96    4    4155.06    124    2
(advertise)    4    4344.96    41    5
(relay)    3    14    4363.38    4    4191.68    122    2
(relay)    11    47    4363.98    4    4007.57    119    3
(advertise)    4    4367.18    20    4
(relay)    5    5    4388.59    4    4388.04    127    3
(advertise)    4    4390.39    14    4
(relay)    11    11    4393.0    4    4392.43    127    3
(relay)    3    2    4407.2    4    4383.61    126    4
(relay)    11    27    4407.6    4    4169.67    123    5
(advertise)    4    4413.0    47    4
(relay)    3    8    4429.21    4    4343.59    124    5
(advertise)    4    4434.81    5    4
(relay)    11    9    4450.83    4    4367.59    125    5
(advertise)    4    4456.83    11    4
(advertise)    4    4479.44    2    4
(heartbeat)    24    1    4361.4    4    4498.25    127    0
(advertise)    4    4501.85    27    4
(advertise)    4    4523.67    8    4
(relay)    3    10    4538.48    4    4405.63    124    3
(relay)    11    13    4545.88    4    4337.58    123    4
(advertise)    4    4546.28    9    4
(advertise)    4    4567.69    24    1
(relay)    3    0    4582.31    5    4431    124    3
(relay)    11    18    4588.71    4    4531.69    3    4
(advertise)    4    4589.11    10    4
(advertise)    4    4611.12    13    4
(relay)    3    32    4625.73    4    4297.75    118    3
(advertise)    4    4632.73    0    5
(advertise)    4    4653.94    18    4
(relay)    3    7    4669.36    4    4453.64    123    2
(advertise)    4    4675.56    32    4
(relay)    11    40    4679.17    4    4433.43    122    2
(advertise)    4    4696.77    7    4
(relay)    11    6    4700.98    5    4564    124    2
(relay)    3    35    4714.78    4    4338.58    119    3
(advertise)    4    4718.38    40    4
(relay)    3    21    4739.2    4    4505.68    1    3
(advertise)    4    4739.4    6    5
(relay)    11    12    4746.21    4    4682.78    5    3
(advertise)    4    4761.41    35    4
(relay)    11    17    4768.42    4    4680.58    1    2
(advertise)    4    4782.42    12    4
(relay)    11    48    4790.64    4    4486.55    120    1
(advertise)    4    4804.44    48    4
(relay)    11    42    4813.85    4    4461.61    118    1
(advertise)    4    4827.25    42    4
(relay)    11    33    4838.46    4    4633.74    1    1
(relay)    11    15    4863.46    4    4701.6    1    1
(relay)    11    22    4885.66    4    4608.76    1    1
(relay)    3    3    4890.86    4    4890.69    5    1
(advertise)    4    4891.06    3    4
(relay)    11    34    4907.67    4    4863.46    1    1
(relay)    3    16    4950.07    4    4919.74    1    1
(relay)    3    1    4972.27    4    4939.05    5    1
(advertise)    4    4972.47    1    4
(relay)    11    26    5031.89    5    5028.73    1    1
(generate)    4    5151.49    [24]    5
(relay)    11    20    5176.1    5    5155.14    3    1
(advertise)    4    5176.3    20    5
(relay)    11    27    5198.91    5    5169.79    1    1
(relay)    3    14    5201.31    5    5191.75    1    1
(relay)    11    19    5221.51    5    5193.8    3    1
(advertise)    4    5221.71    19    5
(relay)    11    32    5328.13    5    5297.87    1    1
(relay)    3    8    5345.33    5    5343.62    3    1
(advertise)    4    5345.53    8    5
(relay)    11    13    5350.94    5    5337.6    5    1
(advertise)    4    5367.34    13    5
(relay)    5    5    5388.55    5    5388.05    7    1
(advertise)    4    5389.95    5    5
(relay)    11    11    5392.97    5    5392.48    5    1
(relay)    3    9    5393.97    5    5367.72    3    2
(advertise)    4    5411.37    11    5
(relay)    3    2    5416.38    5    5383.79    5    2
(advertise)    4    5435.98    9    5
(relay)    11    10    5438.59    5    5405.63    3    2
(advertise)    4    5457.19    2    5
(advertise)    4    5478.8    10    5
(relay)    11    25    5483.02    5    5450.83    1    1
(relay)    11    0    5506.62    6    5431    122    1
(advertise)    4    5506.82    0    6
(relay)    11    7    5527.83    5    5453.68    3    1
(advertise)    4    5528.23    7    5
(relay)    11    48    5552.24    5    5486.73    1    1
(relay)    3    21    5563.44    5    5505.73    1    1
(relay)    3    18    5597.64    5    5531.73    1    1
(relay)    11    6    5621.24    6    5564    122    1
(advertise)    4    5621.44    6    6
(relay)    11    33    5643.86    5    5633.9    1    1
(relay)    11    17    5683.66    5    5680.74    1    1
(relay)    3    15    5704.86    5    5701.7    1    1
(relay)    11    12    5706.66    5    5682.95    5    1
(advertise)    4    5706.86    12    5
(relay)    11    34    5869.67    5    5863.51    1    1
(relay)    3    3    5890.87    5    5890.8    5    1
(advertise)    4    5891.07    3    5
(relay)    11    16    5922.28    5    5919.74    1    1
(relay)    11    1    5945.28    5    5939.17    3    1
(advertise)    4    5945.48    1    5
(relay)    11    46    5969.5    5    5951.8    1    1
(relay)    11    47    6012.1    6    6007.84    1    1
(relay)    11    26    6036.3    6    6028.8    1    1
(relay)    11    41    6058.5    7    6010.24    1    1
(generate)    4    6151.5    [24]    6
(relay)    11    27    6177.91    6    6169.85    1    1
(relay)    3    14    6195.91    6    6191.77    1    1
(relay)    11    19    6222.71    6    6193.98    3    1
(advertise)    4    6222.91    19    6
(relay)    11    32    6301.72    6    6297.98    1    1
(relay)    11    13    6340.12    6    6337.68    5    1
(advertise)    4    6340.32    13    6
(relay)    11    8    6363.73    6    6343.66    3    1
(advertise)    4    6363.93    8    6
(relay)    3    2    6386.15    6    6383.83    5    1
(advertise)    4    6386.35    2    6
(relay)    11    9    6388.96    6    6367.9    3    1
(relay)    5    5    6389.16    6    6388.06    7    2
(relay)    11    11    6393.56    6    6392.5    5    3
(relay)    3    10    6408.16    6    6405.69    3    4
(advertise)    4    6408.96    9    6
(advertise)    4    6431.37    5    6
(relay)    3    0    6452.59    7    6431    122    3
(advertise)    4    6453.79    11    6
(advertise)    4    6475.8    10    6
(advertise)    4    6497.01    0    7
(relay)    11    7    6498.43    6    6453.77    3    1
(advertise)    4    6518.63    7    6
(relay)    11    25    6520.24    6    6450.88    1    1
(relay)    3    21    6537.44    6    6505.82    1    1
(relay)    11    18    6542.64    6    6531.91    3    1
(advertise)    4    6543.24    18    6
(relay)    11    48    6587.45    6    6486.91    1    1
(relay)    11    6    6608.85    7    6564    124    1
(advertise)    4    6609.05    6    7
(relay)    3    22    6633.46    6    6608.86    1    1
(relay)    3    17    6684.26    6    6680.81    1    1
(relay)    11    12    6685.26    6    6683.01    5    1
(advertise)    4    6685.46    12    6
(relay)    3    15    6727.48    6    6701.87    1    1
(relay)    3    3    6890.88    6    6890.87    5    1
(advertise)    4    6891.08    3    6
(relay)    11    16    6922.49    6    6919.88    1    1
(relay)    3    1    6945.49    6    6939.29    5    1
(advertise)    4    6945.69    1    6
(relay)    11    46    6972.3    6    6951.82    1    1
(relay)    11    47    7012.7    7    7007.91    1    1
(relay)    11    26    7036.9    7    7028.85    1    1
(relay)    11    39    7059.1    7    7025.85    1    1
(relay)    11    41    7081.5    8    7010.27    1    1
(generate)    4    7151.5    [24]    7
(relay)    11    20    7176.12    7    7155.37    3    1
(advertise)    4    7176.32    20    7
(relay)    11    19    7198.53    7    7194.0    3    1
(advertise)    4    7199.93    19    7
(relay)    11    27    7221.74    7    7169.9    1    1
(relay)    11    32    7301.74    7    7298.15    1    1
(relay)    11    13    7338.94    7    7337.78    3    1
(advertise)    4    7339.14    13    7
(relay)    11    8    7362.96    7    7343.7    3    1
(advertise)    4    7363.16    8    7
(relay)    3    9    7385.77    7    7368.06    3    1
(advertise)    4    7386.17    9    7
(relay)    5    5    7389.18    7    7388.08    7    1
(relay)    11    11    7393.58    7    7392.5    5    2
(advertise)    4    7407.58    5    7
(relay)    3    10    7409.19    7    7405.74    3    2
(advertise)    4    7430.19    11    7
(advertise)    4    7453.61    10    7
(relay)    3    0    7474.82    8    7431    124    1
(relay)    11    25    7475.42    7    7450.99    1    2
(advertise)    4    7475.82    0    8
(relay)    3    7    7501.83    7    7454.63    1    1
(relay)    11    48    7542.03    7    7486.92    1    1
(relay)    11    18    7564.43    7    7531.91    3    1
(advertise)    4    7564.63    18    7
(relay)    3    6    7593.05    8    7564    118    1
(advertise)    4    7593.25    6    8
(relay)    11    33    7637.06    7    7634.24    1    1
(relay)    11    17    7683.26    7    7680.92    1    1
(relay)    3    15    7704.06    7    7701.87    1    1
(relay)    11    12    7728.06    7    7683.07    1    1
(relay)    11    34    7867.86    7    7863.55    1    1
(relay)    3    3    7891.06    7    7890.91    5    1
(advertise)    4    7891.26    3    7
(relay)    11    16    7922.87    7    7919.99    1    1
(relay)    3    1    7947.87    7    7939.38    5    1
(advertise)    4    7948.07    1    7
(relay)    11    46    7975.69    7    7951.85    1    1
(relay)    11    47    8012.89    8    8007.96    1    1
(relay)    11    26    8036.49    8    8028.92    1    1
(relay)    11    39    8058.89    8    8025.85    1    1
(relay)    11    41    8081.09    9    8010.55    1    1
(generate)    4    8151.69    [24]    8
(relay)    11    27    8176.3    8    8169.97    1    1
(relay)    3    14    8197.5    8    8191.84    1    1
(relay)    11    20    8220.3    8    8155.39    3    1
(advertise)    4    8220.5    20    8
(relay)    11    19    8241.71    8    8194.19    3    1
(advertise)    4    8241.91    19    8
(relay)    11    32    8303.12    8    8298.31    1    1
(relay)    11    13    8338.52    8    8337.82    5    1
(advertise)    4    8338.72    13    8
(relay)    11    8    8364.14    8    8343.77    3    1
(advertise)    4    8364.34    8    8
(relay)    3    9    8386.75    8    8368.2    3    1
(advertise)    4    8386.95    9    8
(relay)    5    5    8389.16    8    8388.17    7    1
(relay)    11    11    8393.56    8    8392.5    5    2
(relay)    3    10    8407.36    8    8405.77    3    3
(advertise)    4    8408.16    5    8
(advertise)    4    8429.18    11    8
(relay)    11    2    8432.19    8    8385.65    3    2
(advertise)    4    8450.39    10    8
(advertise)    4    8473.8    2    8
(heartbeat)    24    2    8361.41    4    8479.02    4    4
(advertise)    4    8495.82    24    2
(relay)    11    25    8499.03    8    8451.06    1    1
(relay)    3    0    8518.83    9    8431    118    1
(advertise)    4    8519.43    0    9
(relay)    3    7    8541.64    8    8454.73    3    1
(advertise)    4    8542.44    7    8
(relay)    11    18    8544.45    8    8532.1    3    1
(advertise)    4    8565.65    18    8
(relay)    11    48    8588.27    8    8486.96    1    1
(relay)    11    6    8610.07    9    8564    124    1
(advertise)    4    8610.27    6    9
(relay)    11    33    8639.08    8    8634.43    1    1
(relay)    3    17    8682.68    8    8681.01    1    1
(relay)    3    15    8704.28    8    8702.06    1    1
(relay)    11    12    8706.88    8    8683.14    1    1
(relay)    11    34    8867.28    8    8863.57    1    1
(relay)    3    3    8891.48    8    8890.98    5    1
(advertise)    4    8891.68    3    8
(relay)    11    16    8923.69    8    8920.12    1    1
(relay)    11    1    8948.89    8    8939.47    3    1
(advertise)    4    8949.09    1    8
(relay)    11    46    8971.31    8    8951.9    1    1
(relay)    11    47    9013.71    9    9008.02    1    1
(relay)    11    39    9058.71    9    9025.89    1    1
(generate)    4    9151.71    [24]    9
(relay)    11    20    9176.92    9    9155.58    3    1
(advertise)    4    9177.12    20    9
(relay)    11    19    9199.93    9    9194.36    3    1
(advertise)    4    9200.13    19    9
(relay)    11    14    9223.95    9    9191.88    1    1
(relay)    11    32    9302.15    9    9298.4    1    1
(relay)    11    13    9338.95    9    9337.88    5    1
(advertise)    4    9339.15    13    9
(relay)    11    8    9363.96    9    9343.82    3    1
(advertise)    4    9364.76    8    9
(relay)    11    9    9387.17    9    9368.36    3    1
(advertise)    4    9388.17    9    9
(relay)    5    5    9389.38    9    9388.18    7    1
(relay)    11    11    9393.78    9    9392.69    5    2
(relay)    11    2    9408.18    9    9385.69    3    3
(advertise)    4    9410.38    5    9
(relay)    11    10    9430.0    9    9406.84    3    3
(advertise)    4    9433.4    11    9
(advertise)    4    9455.81    2    9
(advertise)    4    9479.82    10    9
(relay)    3    0    9499.44    10    9431    124    1
(relay)    11    25    9500.44    9    9451.1    1    2
(advertise)    4    9501.64    0    10
(relay)    3    7    9523.05    9    9454.79    3    1
(advertise)    4    9524.65    7    9
(relay)    11    48    9543.26    9    9486.97    1    1
(relay)    3    18    9546.06    9    9532.27    1    1
(relay)    3    21    9568.46    9    9506.03    1    1
(relay)    11    6    9609.26    10    9564    124    1
(advertise)    4    9609.46    6    10
(relay)    3    22    9639.48    9    9609.09    1    1
(relay)    3    17    9681.68    9    9681.03    1    1
(relay)    11    12    9705.28    9    9683.19    3    1
(advertise)    4    9705.48    12    9
(relay)    11    15    9729.89    9    9702.23    1    1
(relay)    11    34    9865.29    9    9863.58    1    1
(relay)    3    3    9891.69    9    9891.07    5    1
(advertise)    4    9891.89    3    9
(relay)    3    16    9925.3    9    9920.27    1    1
(relay)    3    1    9946.3    9    9939.54    5    1
(advertise)    4    9946.5    1    9
(relay)    11    46    9973.92    9    9951.94    1    1
(relay)    11    47    10016.32    10    10008.11    1    1
(relay)    11    26    10040.32    10    10029.04    1    1
(relay)    11    41    10064.12    11    10011.68    1    1
(relay)    11    39    10087.12    10    10026.11    1    1
(generate)    4    10151.72    [24]    10
(relay)    11    20    10175.93    10    10155.59    3    1
(advertise)    4    10176.13    20    10
(relay)    11    19    10198.74    10    10194.37    3    1
(advertise)    4    10199.14    19    10
(relay)    3    14    10201.55    10    10191.9    1    1
(relay)    11    27    10218.95    10    10170.09    1    1
(relay)    11    32    10301.35    10    10298.56    1    1
(relay)    11    13    10339.15    10    10337.97    5    1
(advertise)    4    10339.35    13    10
(relay)    11    8    10367.17    10    10343.91    3    1
(advertise)    4    10367.97    8    10
(relay)    3    2    10387.98    10    10385.71    5    1
(relay)    5    5    10388.38    10    10388.2    7    2
(relay)    11    9    10388.78    10    10368.53    3    3
(advertise)    4    10388.98    2    10
(relay)    11    11    10392.79    10    10392.72    5    3
(advertise)    4    10411.19    5    10
(relay)    3    10    10432.81    10    10406.91    3    3
(advertise)    4    10433.61    9    10
(advertise)    4    10455.22    11    10
(advertise)    4    10478.63    10    10
(relay)    11    0    10480.65    11    10431    122    1
(advertise)    4    10500.45    0    11
(relay)    11    25    10504.26    10    10451.21    1    1
(relay)    3    7    10521.26    10    10454.89    3    1
(advertise)    4    10522.86    7    10
(relay)    11    48    10550.67    10    10487.15    1    1
(relay)    11    18    10572.47    10    10532.27    3    1
(advertise)    4    10572.67    18    10
(relay)    11    21    10593.88    10    10506.09    1    1
(relay)    11    6    10616.08    11    10564    124    1
(advertise)    4    10616.28    6    11
(relay)    11    33    10639.3    10    10634.59    1    1
(relay)    11    17    10682.1    10    10681.12    1    1
(relay)    11    12    10704.9    10    10683.26    5    1
(advertise)    4    10705.1    12    10
(relay)    3    15    10706.71    10    10702.23    1    1
(relay)    11    34    10865.11    10    10863.6    1    1
(relay)    3    3    10891.71    10    10891.14    5    1
(advertise)    4    10891.91    3    10
(relay)    11    16    10924.92    10    10920.41    1    1
(relay)    3    1    10944.52    10    10939.63    3    1
(advertise)    4    10944.72    1    10
(relay)    11    47    11015.54    11    11008.18    1    1
(relay)    11    26    11036.34    11    11029.11    1    1
(relay)    11    39    11058.34    11    11026.26    1    1
(relay)    11    41    11080.74    12    11011.74    1    1
(generate)    4    11151.74    [24]    11
(relay)    11    20    11178.55    11    11155.79    3    1
(advertise)    4    11178.75    20    11
(relay)    11    19    11199.56    11    11194.56    3    1
(advertise)    4    11200.76    19    11
(relay)    3    14    11202.38    11    11191.93    1    1
(relay)    11    27    11220.78    11    11170.15    1    1
(relay)    11    32    11300.58    11    11298.71    1    1
(relay)    11    13    11339.98    11    11338.07    5    1
(advertise)    4    11340.18    13    11
(relay)    3    8    11366.79    11    11343.98    3    1
(advertise)    4    11366.99    8    11
(relay)    5    5    11388.4    11    11388.21    7    1
(relay)    3    2    11389.2    11    11385.74    5    2
(relay)    11    9    11389.8    11    11368.69    3    3
(advertise)    4    11391.0    5    11
(relay)    11    11    11392.81    11    11392.73    5    3
(advertise)    4    11412.41    2    11
(advertise)    4    11435.23    9    11
(relay)    11    10    11436.84    11    11406.94    3    2
(advertise)    4    11457.24    11    11
(advertise)    4    11479.45    10    11
(relay)    11    25    11480.67    11    11451.29    1    1
(relay)    11    48    11505.07    11    11487.35    1    1
(relay)    11    18    11534.27    11    11532.45    3    1
(advertise)    4    11534.47    18    11
(relay)    11    6    11567.48    12    11564    124    1
(advertise)    4    11567.68    6    12
(relay)    3    21    11594.09    11    11506.15    1    1
(relay)    3    22    11637.09    11    11609.25    1    1
(relay)    11    17    11682.29    11    11681.15    1    1
(relay)    11    12    11704.49    11    11683.32    5    1
(advertise)    4    11704.69    12    11
(relay)    3    15    11706.91    11    11702.23    1    1
(relay)    11    34    11866.31    11    11863.62    1    1
(relay)    3    3    11892.11    11    11891.19    5    1
(advertise)    4    11892.31    3    11
(relay)    11    16    11923.32    11    11920.55    1    1
(relay)    3    1    11943.52    11    11939.73    5    1
(advertise)    4    11943.72    1    11
(relay)    11    26    12032.53    12    12029.13    1    1
(relay)    11    39    12056.53    12    12026.27    1    1
(relay)    11    41    12078.33    13    12012.64    1    1
(generate)    4    12151.93    [24]    12
(relay)    11    20    12179.94    12    12156.0    3    1
(advertise)    4    12180.14    20    12
(relay)    11    19    12202.36    12    12194.56    3    1
(advertise)    4    12203.16    19    12
(relay)    11    27    12225.17    12    12170.23    1    1
(relay)    11    32    12299.97    12    12298.86    1    1
(relay)    11    13    12340.57    12    12338.16    5    1
(advertise)    4    12340.77    13    12
(relay)    3    8    12366.38    12    12344.04    3    1
(advertise)    4    12366.58    8    12
(relay)    3    9    12386.6    12    12368.87    3    1
(relay)    5    5    12388.4    12    12388.22    7    2
(advertise)    4    12389.6    9    12
(relay)    11    11    12393.01    12    12392.89    5    2
(relay)    3    10    12409.41    12    12406.97    3    3
(advertise)    4    12413.21    5    12
(advertise)    4    12435.22    11    12
(relay)    11    25    12456.64    12    12451.39    1    2
(advertise)    4    12457.24    10    12
(heartbeat)    24    3    12361.43    4    12473.05    4    12
(advertise)    4    12481.85    24    3
(relay)    3    0    12499.06    13    12431    124    1
(relay)    11    40    12500.86    12    12433.83    1    2
(advertise)    4    12504.06    0    13
(relay)    11    48    12523.67    12    12487.51    1    1
(relay)    3    7    12523.87    12    12455.05    1    1
(relay)    3    21    12588.67    12    12506.21    1    1
(relay)    11    18    12591.87    12    12532.59    3    1
(advertise)    4    12592.07    18    12
(relay)    11    6    12635.89    13    12564    124    1
(advertise)    4    12636.09    6    13
(relay)    11    33    12656.9    12    12634.77    1    1
(relay)    3    17    12683.3    12    12681.21    1    1
(relay)    11    12    12706.7    12    12683.36    3    1
(advertise)    4    12706.9    12    12
(relay)    11    15    12727.71    12    12702.23    1    1
(relay)    11    34    12867.91    12    12863.64    1    1
(relay)    3    3    12892.31    12    12891.26    5    1
(advertise)    4    12892.51    3    12
(relay)    3    16    12921.73    12    12920.68    1    1
(relay)    11    1    12943.53    12    12939.83    3    1
(advertise)    4    12943.73    1    12
(relay)    11    46    12968.14    12    12952.03    1    1
(relay)    11    47    13012.34    13    13008.35    1    1
(relay)    11    26    13035.14    13    13029.21    1    1
(relay)    11    41    13057.14    14    13012.74    1    1
(generate)    4    13151.94    [24]    13
(relay)    11    20    13178.55    13    13156.42    3    1
(advertise)    4    13178.95    20    13
(relay)    11    19    13201.57    13    13194.74    3    1
(advertise)    4    13201.77    19    13
(relay)    11    14    13222.98    13    13191.96    1    1
(relay)    11    27    13246.38    13    13170.32    1    1
(relay)    11    32    13300.78    13    13299.01    1    1
(relay)    11    13    13340.58    13    13338.22    5    1
(advertise)    4    13340.78    13    13
(relay)    3    8    13366.39    13    13344.32    3    1
(advertise)    4    13366.59    8    13
(relay)    5    5    13388.4    13    13388.25    7    1
(advertise)    4    13389.0    5    13
(relay)    11    9    13390.22    13    13369.02    3    1
(relay)    11    11    13393.42    13    13392.91    5    2
(advertise)    4    13411.22    9    13
(advertise)    4    13432.63    11    13
(relay)    3    0    13476.24    14    13431    124    1
(advertise)    4    13476.44    0    14
(relay)    11    25    13477.86    13    13451.46    1    1
(relay)    3    7    13498.06    13    13455.15    3    1
(advertise)    4    13498.46    7    13
(relay)    11    48    13499.67    13    13487.69    1    1
(relay)    3    21    13534.07    13    13506.28    1    1
(relay)    11    18    13542.67    13    13532.73    3    1
(advertise)    4    13542.87    18    13
(relay)    11    6    13568.48    14    13564    124    1
(advertise)    4    13568.68    6    14
(relay)    11    17    13683.3    13    13681.4    1    1
(relay)    11    12    13704.9    13    13683.39    5    1
(advertise)    4    13705.1    12    13
(relay)    3    15    13707.91    13    13702.41    1    1
(relay)    11    34    13867.91    13    13863.68    1    1
(relay)    3    3    13892.31    13    13891.33    5    1
(advertise)    4    13892.51    3    13
(relay)    3    16    13922.12    13    13920.8    1    1
(relay)    3    1    13944.92    13    13939.88    5    1
(advertise)    4    13945.12    1    13
(relay)    11    47    14010.33    14    14008.4    1    1
(relay)    11    26    14032.33    14    14029.47    1    1
(relay)    11    41    14058.13    15    14012.82    1    1
(generate)    4    14152.13    [24]    14
(relay)    11    20    14180.75    14    14157.24    3    1
(advertise)    4    14180.95    20    14
(relay)    11    27    14227.36    14    14170.41    1    1
(relay)    11    32    14300.96    14    14299.19    1    1
(relay)    11    13    14341.76    14    14338.26    5    1
(advertise)    4    14341.96    13    14
(relay)    3    8    14367.77    14    14344.37    3    1
(advertise)    4    14367.97    8    14
(relay)    5    5    14388.79    14    14388.26    7    1
(advertise)    4    14389.19    5    14
(relay)    3    2    14391.4    14    14387.59    5    1
(relay)    11    11    14393.6    14    14393.05    5    2
(advertise)    4    14413.2    2    14
(relay)    3    9    14434.61    14    14369.16    3    2
(relay)    11    10    14435.81    14    14407.07    3    3
(advertise)    4    14436.21    11    14
(advertise)    4    14458.83    9    14
(advertise)    4    14479.84    10    14
(relay)    3    7    14499.05    14    14455.22    3    1
(advertise)    4    14501.05    7    14
(relay)    11    25    14502.46    14    14451.54    1    1
(relay)    3    21    14529.86    14    14506.35    1    1
(relay)    11    18    14549.06    14    14532.85    3    1
(advertise)    4    14549.26    18    14
(relay)    11    48    14570.88    14    14487.7    1    1
(relay)    11    6    14593.08    15    14564    124    1
(advertise)    4    14593.28    6    15
(relay)    11    33    14637.69    14    14634.98    1    1
(relay)    11    17    14683.89    14    14681.41    1    1
(relay)    11    12    14706.09    14    14683.44    5    1
(advertise)    4    14706.29    12    14
(relay)    11    15    14727.9    14    14702.6    1    1
(relay)    11    34    14869.1    14    14863.7    1    1
(relay)    3    3    14891.5    14    14891.39    5    1
(advertise)    4    14891.7    3    14
(relay)    11    16    14922.52    14    14920.91    1    1
(relay)    11    1    14946.72    14    14939.95    3    1
(advertise)    4    14946.92    1    14
(relay)    11    47    15011.13    15    15008.47    1    1
(relay)    11    26    15035.93    15    15029.54    1    1
(relay)    11    41    15078.73    16    15012.88    1    1
(generate)    4    15152.33    [24]    15
(relay)    11    20    15179.74    15    15157.43    3    1
(advertise)    4    15179.94    20    15
(relay)    11    14    15202.56    15    15192.03    1    1
(relay)    11    19    15227.96    15    15195.08    3    1
(advertise)    4    15228.16    19    15
(relay)    11    27    15249.57    15    15170.48    1    1
(relay)    11    32    15302.17    15    15299.29    1    1
(relay)    11    13    15340.97    15    15338.34    5    1
(advertise)    4    15341.17    13    15
(relay)    11    9    15370.78    15    15369.34    3    1
(advertise)    4    15370.98    9    15
(relay)    5    5    15388.79    15    15388.27    7    1
(advertise)    4    15392.59    5    15
(relay)    3    2    15393.81    15    15387.63    5    1
(relay)    11    11    15394.81    15    15394.24    5    2
(advertise)    4    15414.41    2    15
(relay)    3    8    15416.22    15    15344.86    3    2
(relay)    11    10    15417.42    15    15407.13    3    3
(advertise)    4    15437.42    11    15
(advertise)    4    15460.23    8    15
(relay)    3    0    15481.05    16    15431    122    2
(advertise)    4    15481.25    10    15
(relay)    3    7    15503.46    15    15455.28    3    2
(advertise)    4    15504.66    0    16
(relay)    11    25    15506.67    15    15451.61    1    2
(advertise)    4    15525.67    7    15
(relay)    3    21    15540.29    15    15506.43    1    1
(relay)    11    48    15576.89    15    15487.88    1    1
(relay)    3    18    15589.89    15    15533.01    1    1
(relay)    11    6    15621.09    16    15564    124    1
(advertise)    4    15621.29    6    16
(relay)    11    33    15642.9    15    15635.15    1    1
(relay)    3    22    15647.1    15    15609.6    1    1
(relay)    11    17    15684.1    15    15681.45    1    1
(relay)    3    15    15706.5    15    15702.78    1    1
(relay)    11    34    15870.9    15    15863.89    1    1
(relay)    3    3    15891.5    15    15891.47    5    1
(advertise)    4    15891.7    3    15
(relay)    11    16    15922.91    15    15921.03    1    1
(relay)    3    1    15947.31    15    15940.01    5    1
(advertise)    4    15947.51    1    15
(relay)    11    47    16011.32    16    16008.54    1    1
(relay)    11    26    16035.72    16    16029.61    1    1
(relay)    11    41    16059.72    17    16012.93    1    1
(relay)    11    39    16079.92    16    16026.48    1    1
(generate)    4    16152.52    [24]    16
(relay)    11    20    16179.14    16    16158.65    3    1
(advertise)    4    16179.34    20    16
(relay)    3    19    16223.75    16    16195.1    1    1
(relay)    11    27    16225.35    16    16170.54    1    1
(relay)    11    32    16302.75    16    16299.43    1    1
(relay)    11    13    16340.95    16    16338.43    5    1
(advertise)    4    16341.15    13    16
(heartbeat)    24    4    16361.44    4    16366.36    4    12
(advertise)    4    16366.56    24    4
(relay)    3    8    16367.98    16    16344.89    3    1
(advertise)    4    16387.58    8    16
(relay)    5    5    16388.79    16    16388.29    7    1
(relay)    11    11    16395.39    16    16394.43    5    2
(advertise)    4    16409.39    5    16
(relay)    3    9    16413.0    16    16369.47    3    2
(advertise)    4    16432.0    11    16
(relay)    3    2    16434.02    16    16388.46    5    2
(relay)    11    10    16435.42    16    16407.15    3    3
(advertise)    4    16453.42    9    16
(advertise)    4    16475.63    2    16
(relay)    11    25    16480.04    16    16451.93    1    2
(advertise)    4    16497.84    10    16
(relay)    11    48    16521.85    16    16488.06    1    1
(relay)    3    0    16523.25    17    16431    124    1
(advertise)    4    16523.45    0    17
(relay)    3    7    16547.07    16    16455.31    1    1
(relay)    11    18    16566.47    16    16533.19    3    1
(advertise)    4    16566.67    18    16
(relay)    3    21    16615.48    16    16507.5    1    1
(relay)    11    33    16636.88    16    16635.33    1    1
(relay)    3    17    16684.88    16    16681.52    1    1
(relay)    11    12    16685.68    16    16683.56    5    1
(advertise)    4    16685.88    12    16
(relay)    11    15    16727.29    16    16702.94    1    1
(relay)    11    34    16870.09    16    16863.93    1    1
(relay)    3    3    16891.69    16    16891.55    5    1
(advertise)    4    16891.89    3    16
(relay)    3    16    16923.91    16    16921.18    1    1
(relay)    3    1    16948.51    16    16940.09    5    1
(advertise)    4    16948.71    1    16
(relay)    11    46    16975.12    16    16952.14    1    1
(relay)    11    47    17013.52    17    17008.6    1    1
(relay)    11    26    17036.92    17    17029.69    1    1
(relay)    11    39    17057.92    17    17026.67    1    1
(relay)    11    41    17079.12    18    17013.03    1    1
(generate)    4    17152.72    [24]    17
(relay)    11    20    17179.53    17    17158.68    3    1
(advertise)    4    17179.73    20    17
(relay)    11    19    17201.55    17    17195.26    3    1
(advertise)    4    17202.95    19    17
(relay)    11    14    17223.96    17    17192.1    1    1
(relay)    11    32    17303.16    17    17299.55    1    1
(relay)    11    13    17339.36    17    17338.49    5    1
(advertise)    4    17339.56    13    17
(relay)    11    8    17363.97    17    17344.96    3    1
(advertise)    4    17364.17    8    17
(relay)    11    9    17386.58    17    17369.66    3    1
(advertise)    4    17387.18    9    17
(relay)    5    5    17389.4    17    17388.31    7    1
(relay)    11    11    17395.6    17    17394.62    5    2
(advertise)    4    17409.0    5    17
(relay)    11    2    17410.21    17    17388.48    3    2
(advertise)    4    17431.01    11    17
(relay)    11    10    17432.62    17    17407.23    3    2
(advertise)    4    17454.22    2    17
(advertise)    4    17475.44    10    17
(relay)    11    0    17481.25    18    17431    122    1
(advertise)    4    17497.65    0    18
(relay)    11    25    17501.86    17    17451.95    1    1
(relay)    11    40    17525.06    17    17434.03    1    1
(relay)    3    7    17526.26    17    17455.4    3    1
(advertise)    4    17526.46    7    17
(relay)    11    18    17547.08    17    17533.32    3    1
(advertise)    4    17549.48    18    17
(relay)    11    48    17570.09    17    17488.07    1    1
(relay)    3    21    17589.09    17    17507.57    1    1
(relay)    3    6    17610.89    18    17564    122    1
(advertise)    4    17611.09    6    18
(relay)    3    17    17683.1    17    17681.6    1    1
(relay)    3    15    17705.1    17    17703.12    1    1
(relay)    3    3    17891.7    17    17891.62    5    1
(advertise)    4    17891.9    3    17
(relay)    11    16    17924.91    17    17921.31    1    1
(relay)    3    1    17948.91    17    17940.17    5    1
(advertise)    4    17949.11    1    17
(relay)    11    47    18014.33    18    18008.66    1    1
(relay)    11    26    18038.93    18    18029.77    1    1
(generate)    4    18152.73    [24]    18
(relay)    11    20    18177.14    18    18158.68    3    1
(advertise)    4    18177.34    20    18
(relay)    11    19    18200.15    18    18195.44    3    1
(advertise)    4    18201.15    19    18
(relay)    11    27    18222.77    18    18170.72    1    1
(relay)    3    14    18223.17    18    18192.13    1    1
(relay)    11    32    18304.37    18    18299.66    1    1
(relay)    11    13    18339.37    18    18338.55    5    1
(advertise)    4    18339.57    13    18
(relay)    11    8    18363.98    18    18345.04    3    1
(advertise)    4    18364.58    8    18
(relay)    11    9    18386.99    18    18369.8    3    1
(advertise)    4    18387.99    9    18
(relay)    5    5    18389.41    18    18388.33    7    1
(relay)    11    11    18395.81    18    18394.77    5    2
(relay)    11    2    18408.01    18    18388.7    3    3
(advertise)    4    18410.41    5    18
(relay)    3    10    18431.22    18    18407.69    3    3
(advertise)    4    18432.62    11    18
(advertise)    4    18454.03    2    18
(advertise)    4    18475.64    10    18
(relay)    3    0    18497.86    19    18431    124    1
(advertise)    4    18499.06    0    19
(relay)    3    7    18520.07    18    18455.5    3    1
(advertise)    4    18521.47    7    18
(relay)    11    18    18542.28    18    18533.48    3    1
(advertise)    4    18542.48    18    18
(relay)    3    21    18566.7    18    18507.65    1    1
(relay)    11    6    18571.1    19    18564    124    1
(advertise)    4    18571.3    6    19
(relay)    11    33    18640.31    18    18635.61    1    1
(relay)    3    17    18683.11    18    18681.63    1    1
(relay)    11    15    18706.11    18    18703.28    1    1
(relay)    11    34    18867.71    18    18863.96    1    1
(relay)    3    3    18892.31    18    18891.7    5    1
(advertise)    4    18892.51    3    18
(relay)    11    16    18924.72    18    18921.43    1    1
(relay)    3    1    18946.92    18    18940.21    5    1
(advertise)    4    18947.12    1    18
(relay)    11    46    18973.34    18    18952.19    1    1
(relay)    11    47    19013.94    19    19008.75    1    1
(relay)    11    26    19036.54    19    19029.85    1    1
(relay)    11    41    19058.54    20    19013.78    1    1
(generate)    4    19152.74    [24]    19
(relay)    11    20    19182.15    19    19158.69    1    1
(relay)    3    14    19204.35    19    19192.15    1    1
(relay)    11    19    19205.35    19    19195.61    3    1
(advertise)    4    19205.55    19    19
(relay)    11    27    19226.36    19    19170.8    1    1
(relay)    11    13    19339.56    19    19338.61    5    1
(advertise)    4    19339.76    13    19
(relay)    11    8    19363.77    19    19345.1    3    1
(advertise)    4    19363.97    8    19
(relay)    11    9    19386.79    19    19369.95    3    1
(advertise)    4    19387.59    9    19
(relay)    5    5    19389.4    19    19388.34    7    1
(relay)    11    11    19395.2    19    19394.94    5    2
(advertise)    4    19410.2    5    19
(advertise)    4    19431.61    11    19
(relay)    11    25    19454.63    19    19452.06    1    1
(relay)    3    10    19456.03    19    19408.75    3    1
(advertise)    4    19456.23    10    19
(relay)    11    2    19499.84    19    19388.73    1    1
(relay)    3    0    19500.84    20    19431    124    1
(advertise)    4    19501.04    0    20
(relay)    11    40    19521.45    19    19434.15    1    1
(relay)    3    7    19524.05    19    19455.6    3    1
(advertise)    4    19524.25    7    19
(relay)    11    48    19568.27    19    19488.26    1    1
(relay)    3    18    19607.87    19    19533.62    1    1
(relay)    11    6    19637.67    20    19564    122    1
(advertise)    4    19637.87    6    20
(relay)    11    33    19658.88    19    19635.8    1    1
(relay)    3    17    19682.48    19    19681.69    1    1
(relay)    11    12    19684.48    19    19683.76    5    1
(advertise)    4    19684.68    12    19
(relay)    11    34    19865.29    19    19863.96    1    1
(relay)    3    3    19892.29    19    19891.76    5    1
(advertise)    4    19892.49    3    19
(relay)    3    16    19926.3    19    19921.56    1    1
(relay)    3    1    19946.9    19    19940.26    5    1
(advertise)    4    19947.1    1    19
(relay)    11    47    20017.12    20    20008.85    1    1
(relay)    11    26    20038.32    20    20029.91    1    1
(relay)    11    41    20061.12    21    20013.86    1    1
(relay)    11    39    20082.72    20    20027.01    1    1
(generate)    4    20152.92    [24]    20
(relay)    11    20    20178.73    20    20158.7    3    1
(advertise)    4    20178.93    20    20
(relay)    11    19    20200.94    20    20195.8    3    1
(advertise)    4    20201.14    19    20
(relay)    11    27    20222.16    20    20170.87    1    1
(relay)    3    14    20225.16    20    20192.16    1    1
(relay)    11    32    20302.76    20    20299.93    1    1
(relay)    11    13    20339.56    20    20338.65    5    1
(advertise)    4    20339.76    13    20
(relay)    11    8    20364.17    20    20345.16    3    1
(advertise)    4    20365.17    8    20
(heartbeat)    24    5    20361.45    4    20386.78    4    12
(advertise)    4    20388.18    24    5
(relay)    11    11    20395.2    20    20395.13    5    1
(relay)    11    9    20407.2    20    20370.12    3    2
(advertise)    4    20411.0    11    20
(relay)    11    5    20429.61    20    20388.35    5    2
(relay)    3    2    20432.01    20    20388.92    5    3
(advertise)    4    20432.61    9    20
(advertise)    4    20454.82    5    20
(relay)    11    40    20465.23    20    20434.21    1    2
(advertise)    4    20478.03    2    20
(relay)    3    0    20497.45    21    20431    124    1
(advertise)    4    20500.25    0    21
(relay)    11    25    20508.26    20    20452.12    1    1
(relay)    3    7    20543.06    20    20456.48    3    1
(advertise)    4    20543.26    7    20
(relay)    11    10    20554.47    20    20408.81    1    1
(relay)    11    48    20575.67    20    20488.44    1    1
(relay)    11    18    20620.07    20    20533.77    3    1
(advertise)    4    20620.27    18    20
(relay)    11    6    20643.09    21    20564    124    1
(advertise)    4    20643.49    6    21
(relay)    11    33    20666.1    20    20635.97    1    1
(relay)    3    17    20682.9    20    20681.73    1    1
(relay)    3    15    20708.1    20    20703.61    1    1
(relay)    11    12    20709.7    20    20683.85    5    1
(advertise)    4    20709.9    12    20
(relay)    11    34    20865.91    20    20864.0    1    1
(relay)    3    3    20892.31    20    20891.83    5    1
(advertise)    4    20892.51    3    20
(relay)    3    16    20924.53    20    20921.72    1    1
(relay)    3    1    20945.73    20    20940.32    5    1
(advertise)    4    20945.93    1    20
(relay)    11    46    20973.54    20    20952.27    1    1
(relay)    11    26    21037.34    21    21030.0    1    1
(relay)    11    39    21058.74    21    21027.05    1    1
(relay)    11    41    21082.34    22    21013.92    1    1
(generate)    4    21152.94    [24]    21
(relay)    11    20    21180.15    21    21158.75    3    1
(advertise)    4    21180.35    20    21
(relay)    11    19    21200.76    21    21195.81    3    1
(advertise)    4    21201.96    19    21
(relay)    3    14    21203.38    21    21192.18    1    1
(relay)    11    27    21222.98    21    21170.97    1    1
(relay)    11    13    21340.78    21    21338.72    5    1
(advertise)    4    21340.98    13    21
(relay)    3    8    21368.39    21    21345.2    3    1
(advertise)    4    21368.59    8    21
(relay)    5    5    21388.4    21    21388.38    7    1
(relay)    3    9    21390.2    21    21370.29    3    2
(advertise)    4    21392.0    5    21
(relay)    11    11    21395.22    21    21395.14    5    2
(relay)    3    2    21411.82    21    21388.93    5    3
(advertise)    4    21413.42    9    21
(relay)    11    10    21433.63    21    21408.87    3    3
(advertise)    4    21435.63    11    21
(advertise)    4    21456.64    2    21
(advertise)    4    21477.86    10    21
(relay)    11    25    21481.47    21    21452.22    1    1
(relay)    3    0    21503.67    22    21431    120    1
(advertise)    4    21504.07    0    22
(relay)    11    18    21535.68    21    21533.77    3    1
(advertise)    4    21535.88    18    21
(relay)    11    6    21581.09    22    21564    124    1
(advertise)    4    21581.29    6    22
(relay)    3    21    21595.11    21    21507.92    1    1
(relay)    11    33    21644.91    21    21635.99    1    1
(relay)    11    17    21682.91    21    21681.8    1    1
(relay)    11    12    21704.11    21    21683.9    5    1
(advertise)    4    21704.31    12    21
(relay)    11    15    21728.12    21    21703.79    1    1
(relay)    11    34    21866.32    21    21864.01    1    1
(relay)    3    3    21892.92    21    21891.9    5    1
(advertise)    4    21893.12    3    21
(relay)    3    16    21923.73    21    21921.89    1    1
(relay)    3    1    21946.13    21    21940.41    5    1
(advertise)    4    21946.33    1    21
(relay)    11    26    22035.35    22    22030.09    1    1
(relay)    11    41    22060.15    23    22014.01    1    1
(relay)    11    39    22082.95    22    22027.06    1    1
(generate)    4    22152.95    [24]    22
(relay)    11    20    22180.36    22    22158.75    3    1
(advertise)    4    22180.56    20    22
(relay)    11    19    22202.17    22    22195.81    3    1
(relay)    3    14    22202.37    22    22192.21    1    2
(advertise)    4    22203.57    19    22
(relay)    11    27    22223.79    22    22171.06    1    1
(relay)    11    32    22301.19    22    22300.22    1    1
(relay)    11    13    22341.39    22    22338.78    5    1
(advertise)    4    22341.59    13    22
(relay)    3    8    22366.4    22    22345.28    3    1
(advertise)    4    22366.6    8    22
(relay)    11    9    22388.21    22    22370.47    3    1
(relay)    5    5    22388.61    22    22388.39    7    2
(advertise)    4    22389.01    9    22
(relay)    11    11    22395.42    22    22395.31    5    2
(advertise)    4    22410.42    5    22
(relay)    11    10    22411.84    22    22408.93    3    2
(advertise)    4    22431.44    11    22
(advertise)    4    22453.85    10    22
(relay)    11    25    22461.46    22    22452.33    1    1
(relay)    3    0    22478.26    23    22431    122    1
(advertise)    4    22479.26    0    23
(relay)    11    48    22509.08    22    22488.82    1    1
(relay)    3    7    22521.88    22    22456.59    3    1
(advertise)    4    22522.08    7    22
(relay)    11    18    22552.09    22    22533.92    3    1
(advertise)    4    22552.29    18    22
(relay)    3    21    22573.7    22    22508.96    1    1
(relay)    11    6    22592.1    23    22564    122    1
(advertise)    4    22592.3    6    23
(relay)    11    17    22683.32    22    22682.25    1    1
(relay)    11    12    22707.52    22    22683.94    5    1
(advertise)    4    22707.72    12    22
(relay)    3    15    22709.53    22    22703.94    1    1
(relay)    11    34    22868.73    22    22864.2    1    1
(relay)    3    3    22892.93    22    22891.96    5    1
(advertise)    4    22893.13    3    22
(relay)    3    16    22923.14    22    22922.06    1    1
(relay)    3    1    22947.14    22    22940.45    5    1
(advertise)    4    22947.34    1    22
(relay)    11    47    23012.75    23    23009.08    1    1
(relay)    11    26    23036.15    23    23030.15    1    1
(relay)    11    41    23060.35    24    23014.08    1    1
(generate)    4    23152.95    [24]    23
(relay)    11    20    23180.37    23    23158.76    3    1
(advertise)    4    23180.57    20    23
(relay)    11    27    23224.98    23    23171.13    1    1
(relay)    3    19    23227.18    23    23195.99    1    1
(relay)    11    32    23301.98    23    23300.39    1    1
(relay)    11    13    23341.38    23    23338.87    5    1
(advertise)    4    23341.58    13    23
(relay)    3    8    23366.99    23    23345.3    3    1
(advertise)    4    23367.39    8    23
(relay)    5    5    23389.01    23    23388.4    7    1
(advertise)    4    23389.81    5    23
(relay)    11    11    23396.02    23    23395.48    5    1
(advertise)    4    23411.42    11    23
(relay)    11    10    23413.83    23    23408.99    3    1
(advertise)    4    23433.83    10    23
(relay)    11    9    23436.05    23    23370.47    1    1
(relay)    3    2    23454.25    23    23388.94    3    1
(advertise)    4    23455.05    2    23
(relay)    3    0    23475.26    24    23431    122    1
(advertise)    4    23476.46    0    24
(relay)    3    7    23497.07    23    23456.62    3    1
(advertise)    4    23498.27    7    23
(relay)    11    25    23500.88    23    23452.42    1    1
(relay)    3    21    23524.08    23    23509.04    1    1
(relay)    11    48    23543.88    23    23488.82    1    1
(relay)    11    18    23589.28    23    23534.05    3    1
(advertise)    4    23589.48    18    23
(relay)    11    6    23611.1    24    23564    124    1
(advertise)    4    23611.7    6    24
(relay)    11    33    23639.51    23    23636.17    1    1
(relay)    3    17    23684.91    23    23682.32    1    1
(relay)    11    12    23685.31    23    23683.99    5    1
(advertise)    4    23685.51    12    23
(relay)    3    15    23729.92    23    23704.13    1    1
(relay)    11    34    23869.12    23    23864.24    1    1
(relay)    3    3    23893.12    23    23892.02    5    1
(advertise)    4    23893.32    3    23
(relay)    11    16    23923.34    23    23922.23    1    1
(relay)    3    1    23945.94    23    23940.49    5    1
(advertise)    4    23946.14    1    23
(relay)    11    47    24011.15    24    24009.15    1    1
(relay)    11    26    24034.95    24    24030.24    1    1
(relay)    11    41    24058.75    25    24014.15    1    1
(generate)    4    24153.15    [24]    24
(relay)    11    20    24180.36    24    24158.77    3    1
(advertise)    4    24180.56    20    24
(relay)    11    19    24203.78    24    24196.16    3    1
(advertise)    4    24203.98    19    24
(relay)    11    14    24226.39    24    24192.27    1    1
(relay)    11    32    24302.39    24    24300.47    1    1
(relay)    11    13    24342.39    24    24338.94    5    1
(advertise)    4    24342.59    13    24
(heartbeat)    24    6    24361.47    4    24367.6    4    12
(advertise)    4    24367.8    24    6
(relay)    5    5    24389.01    24    24388.42    7    1
(advertise)    4    24389.81    5    24
(relay)    3    9    24391.23    24    24370.61    3    1
(relay)    11    11    24396.23    24    24395.65    5    2
(advertise)    4    24412.43    9    24
(relay)    3    10    24435.84    24    24409.07    3    2
(relay)    11    8    24436.04    24    24346.31    3    3
(advertise)    4    24436.44    11    24
(advertise)    4    24457.45    10    24
(advertise)    4    24478.67    8    24
(relay)    11    25    24480.48    24    24452.46    1    1
(relay)    11    2    24502.08    24    24389.13    3    1
(advertise)    4    24502.28    2    24
(relay)    3    0    24523.89    25    24431    124    1
(advertise)    4    24524.29    0    25
(relay)    11    18    24544.91    24    24534.17    3    1
(advertise)    4    24546.11    18    24
(relay)    3    7    24566.92    24    24456.66    1    1
(relay)    11    48    24572.92    24    24488.83    1    1
(relay)    11    21    24594.52    24    24509.14    1    1
(relay)    11    33    24638.72    24    24636.36    1    1
(relay)    3    6    24677.72    25    24564    108    1
(advertise)    4    24677.92    6    25
(relay)    11    17    24699.93    24    24682.36    1    1
(relay)    11    12    24721.73    24    24684.08    5    1
(advertise)    4    24721.93    12    24
(relay)    11    15    24781.34    24    24704.32    1    1
(relay)    3    3    24892.14    24    24892.12    5    1
(advertise)    4    24892.34    3    24
(relay)    11    16    24923.96    24    24922.4    1    1
(relay)    11    1    24949.76    24    24940.52    3    1
(advertise)    4    24949.96    1    24
(relay)    11    47    25011.57    25    25009.24    1    1
(relay)    11    26    25034.17    25    25030.31    1    1
(relay)    11    39    25058.97    25    25027.43    1    1
(relay)    11    41    25080.17    26    25014.24    1    1
(generate)    4    25153.17    [24]    25
(relay)    11    20    25179.98    25    25159.2    3    1
(advertise)    4    25180.18    20    25
(relay)    11    19    25202.8    25    25196.31    3    1
(advertise)    4    25203.2    19    25
(relay)    11    27    25226.81    25    25171.29    1    1
(relay)    3    14    25231.21    25    25192.32    1    1
(relay)    11    32    25303.61    25    25300.66    1    1
(relay)    11    13    25341.61    25    25339.04    5    1
(advertise)    4    25341.81    13    25
(relay)    3    8    25367.82    25    25346.49    3    1
(advertise)    4    25368.02    8    25
(relay)    5    5    25389.04    25    25388.44    7    1
(advertise)    4    25390.04    5    25
(relay)    11    11    25396.25    25    25395.66    5    1
(advertise)    4    25412.05    11    25
(relay)    11    10    25432.86    25    25409.15    3    1
(advertise)    4    25433.06    10    25
(relay)    11    2    25460.07    25    25389.39    3    1
(advertise)    4    25460.67    2    25
(relay)    11    25    25483.69    25    25452.52    1    1
(relay)    3    0    25502.89    26    25431    120    1
(advertise)    4    25503.09    0    26
(relay)    3    7    25523.7    25    25456.74    3    1
(advertise)    4    25525.5    7    25
(relay)    11    18    25569.31    25    25534.31    3    1
(advertise)    4    25569.51    18    25
(relay)    3    21    25592.53    25    25509.21    1    1
(relay)    11    6    25592.93    26    25564    124    1
(advertise)    4    25593.13    6    26
(relay)    11    17    25684.94    25    25682.46    1    1
(relay)    3    15    25707.74    25    25704.5    1    1
(relay)    11    12    25709.14    25    25684.15    1    1
(relay)    11    34    25870.94    25    25864.3    1    1
(relay)    3    3    25892.34    25    25892.2    5    1
(advertise)    4    25892.54    3    25
(relay)    11    16    25924.75    25    25922.57    1    1
(relay)    3    1    25949.15    25    25940.6    5    1
(advertise)    4    25949.35    1    25
(relay)    11    47    26012.17    26    26009.3    1    1
(relay)    11    26    26037.37    26    26030.36    1    1
(relay)    11    39    26060.37    26    26027.6    1    1
(generate)    4    26153.37    [24]    26
(relay)    11    20    26180.38    26    26159.4    3    1
(advertise)    4    26180.58    20    26
(relay)    3    14    26202.39    26    26192.35    1    1
(relay)    11    19    26202.99    26    26196.5    3    1
(advertise)    4    26203.99    19    26
(relay)    11    27    26228.6    26    26171.35    1    1
(relay)    11    32    26304.2    26    26300.77    1    1
(relay)    11    13    26341.6    26    26339.1    5    1
(advertise)    4    26341.8    13    26
(relay)    3    8    26365.82    26    26346.54    3    1
(advertise)    4    26366.02    8    26
(relay)    5    5    26389.03    26    26388.46    7    1
(relay)    3    9    26390.03    26    26370.79    3    2
(advertise)    4    26390.23    5    26
(relay)    11    11    26396.84    26    26395.82    5    2
(relay)    3    2    26411.04    26    26389.41    5    3
(advertise)    4    26413.44    9    26
(relay)    11    10    26434.46    26    26409.19    3    3
(advertise)    4    26435.66    11    26
(advertise)    4    26457.07    2    26
(advertise)    4    26480.48    10    26
(relay)    3    0    26498.1    27    26431    124    1
(advertise)    4    26503.3    0    27
(relay)    3    7    26519.31    26    26456.8    3    1
(relay)    11    48    26524.31    26    26489.01    1    2
(advertise)    4    26526.11    7    26
(relay)    3    21    26565.12    26    26509.28    1    1
(relay)    11    18    26567.92    26    26534.48    3    1
(advertise)    4    26568.12    18    26
(relay)    11    6    26611.33    27    26564    120    1
(advertise)    4    26611.53    6    27
(relay)    11    33    26658.35    26    26636.69    1    1
(relay)    3    17    26684.95    26    26682.56    1    1
(relay)    11    12    26686.35    26    26684.21    5    1
(advertise)    4    26686.55    12    26
(relay)    11    15    26728.56    26    26704.66    1    1
(relay)    11    34    26869.56    26    26864.32    1    1
(relay)    3    3    26892.36    26    26892.27    5    1
(advertise)    4    26892.56    3    26
(relay)    11    16    26925.57    26    26922.69    1    1
(relay)    3    1    26949.17    26    26940.64    5    1
(advertise)    4    26949.37    1    26
(relay)    11    46    26974.99    26    26952.48    1    1
(relay)    11    47    27013.99    27    27009.37    1    1
(relay)    11    26    27037.99    27    27030.38    1    1
(relay)    11    41    27059.79    28    27014.39    1    1
(generate)    4    27153.39    [24]    27
(relay)    11    20    27179.6    27    27159.59    3    1
(advertise)    4    27179.8    20    27
(relay)    11    19    27202.41    27    27196.51    3    1
(advertise)    4    27203.41    19    27
(relay)    3    14    27204.63    27    27192.38    1    1
(relay)    11    27    27223.83    27    27171.42    1    1
(relay)    11    32    27304.23    27    27300.92    1    1
(relay)    11    13    27340.83    27    27339.16    5    1
(advertise)    4    27341.03    13    27
(relay)    11    8    27364.64    27    27346.56    3    1
(advertise)    4    27364.84    8    27
(relay)    11    9    27387.05    27    27370.93    3    1
(advertise)    4    27387.85    9    27
(relay)    5    5    27389.46    27    27388.47    7    1
(relay)    11    11    27396.86    27    27395.82    5    2
(relay)    11    2    27409.26    27    27389.43    3    3
(advertise)    4    27409.66    5    27
(relay)    11    10    27430.28    27    27409.26    3    3
(advertise)    4    27432.08    11    27
(advertise)    4    27455.09    2    27
(advertise)    4    27476.1    10    27
(relay)    11    40    27480.12    27    27434.54    1    1
(relay)    3    0    27500.92    28    27431    124    1
(advertise)    4    27501.32    0    28
(relay)    3    7    27522.73    27    27456.86    3    1
(advertise)    4    27523.93    7    27
(relay)    3    21    27545.14    27    27509.35    1    1
(relay)    11    18    27569.74    27    27534.67    3    1
(advertise)    4    27569.94    18    27
(relay)    11    48    27591.76    27    27490.03    1    1
(relay)    11    6    27613.56    28    27564    124    1
(advertise)    4    27613.76    6    28
(relay)    3    17    27684.17    27    27682.64    1    1
(relay)    3    15    27707.17    27    27704.85    1    1
(relay)    11    12    27709.77    27    27684.31    1    1
(relay)    11    34    27869.57    27    27864.35    1    1
(relay)    3    3    27892.97    27    27892.34    5    1
(advertise)    4    27893.17    3    27
(relay)    11    16    27925.98    27    27922.81    1    1
(relay)    3    1    27948.58    27    27940.66    5    1
(advertise)    4    27948.78    1    27
(relay)    11    47    28014.99    28    28009.48    1    1
(relay)    11    26    28038.79    28    28030.44    1    1
(relay)    11    41    28060.19    29    28014.66    1    1
(relay)    11    39    28082.79    28    28027.94    1    1
(generate)    4    28153.39    [24]    28
(relay)    11    20    28178.21    28    28159.62    3    1
(advertise)    4    28178.41    20    28
(relay)    11    27    28201.42    28    28171.47    1    1
(relay)    3    14    28202.42    28    28192.42    1    1
(relay)    11    19    28222.42    28    28196.51    3    1
(advertise)    4    28222.62    19    28
(relay)    11    32    28304.83    28    28301.04    1    1
(relay)    11    13    28339.83    28    28339.23    5    1
(advertise)    4    28340.03    13    28
(heartbeat)    24    7    28361.48    4    28364.05    4    12
(advertise)    4    28364.25    24    7
(relay)    11    9    28388.06    28    28371.06    3    1
(advertise)    4    28388.26    9    28
(relay)    5    5    28389.47    28    28388.48    7    1
(relay)    11    11    28397.27    28    28396.21    5    2
(relay)    3    2    28409.87    28    28389.45    5    3
(relay)    11    8    28410.47    28    28346.58    1    4
(advertise)    4    28410.67    5    28
(advertise)    4    28432.89    11    28
(relay)    3    10    28452.7    28    28409.31    3    3
(advertise)    4    28453.9    2    28
(advertise)    4    28477.71    10    28
(relay)    11    40    28498.52    28    28434.62    1    1
(relay)    3    7    28520.52    28    28456.92    3    1
(advertise)    4    28520.72    7    28
(relay)    11    18    28543.34    28    28534.83    3    1
(advertise)    4    28543.54    18    28
(relay)    3    21    28545.15    28    28509.44    1    1
(relay)    11    6    28567.75    29    28564    124    1
(advertise)    4    28567.95    6    29
(relay)    11    0    28609.76    29    28431    120    1
(advertise)    4    28609.96    0    29
(relay)    11    33    28678.18    28    28636.71    1    1
(relay)    3    17    28683.58    28    28682.67    1    1
(relay)    11    12    28722.78    28    28684.39    5    1
(advertise)    4    28722.98    12    28
(relay)    11    15    28745.19    28    28705.03    1    1
(relay)    11    34    28867.79    28    28864.38    1    1
(relay)    3    3    28892.99    28    28892.41    5    1
(advertise)    4    28893.19    3    28
(relay)    11    16    28926.4    28    28922.96    1    1
(relay)    3    1    28948.8    28    28940.76    5    1
(advertise)    4    28949.0    1    28
(relay)    11    46    28989.42    28    28952.57    1    1
(relay)    11    47    29016.22    29    29009.56    1    1
(relay)    11    41    29059.22    30    29014.76    1    1
(relay)    11    39    29082.22    29    29027.95    1    1
(generate)    4    29153.42    [24]    29
(relay)    11    20    29177.83    29    29159.65    3    1
(advertise)    4    29178.03    20    29
(relay)    11    19    29201.04    29    29196.7    3    1
(relay)    3    14    29201.84    29    29192.45    1    2
(advertise)    4    29202.24    19    29
(relay)    11    27    29223.25    29    29171.57    1    1
(relay)    11    32    29305.05    29    29301.21    1    1
(relay)    11    13    29340.25    29    29339.33    5    1
(advertise)    4    29340.45    13    29
(relay)    3    8    29364.87    29    29346.65    3    1
(advertise)    4    29365.07    8    29
(relay)    3    9    29387.28    29    29371.06    3    1
(advertise)    4    29389.08    9    29
(relay)    11    11    29396.29    29    29396.22    5    1
(relay)    3    2    29408.09    29    29389.5    5    2
(advertise)    4    29410.29    11    29
(advertise)    4    29431.91    2    29
(relay)    3    10    29451.92    29    29409.39    3    1
(advertise)    4    29454.32    10    29
(relay)    3    5    29475.33    29    29388.51    1    1
(relay)    3    0    29496.33    30    29431    124    1
(advertise)    4    29496.53    0    30
(relay)    3    21    29531.55    29    29509.53    1    1
(relay)    11    18    29535.75    29    29534.98    3    1
(advertise)    4    29535.95    18    29
(relay)    11    48    29563.56    29    29490.19    1    1
(relay)    11    6    29586.76    30    29564    124    1
(advertise)    4    29586.96    6    30
(relay)    3    17    29683.57    29    29682.74    1    1
(relay)    11    12    29706.17    29    29684.45    5    1
(advertise)    4    29706.37    12    29
(relay)    11    15    29727.58    29    29705.46    1    1
(relay)    11    34    29867.38    29    29864.41    1    1
(relay)    3    3    29892.98    29    29892.49    5    1
(advertise)    4    29893.18    3    29
(relay)    3    16    29926.2    29    29923.09    1    1
(relay)    3    1    29948.6    29    29940.81    5    1
(advertise)    4    29948.8    1    29
(relay)    11    46    29975.61    29    29952.6    1    1
