(relay)    33    41    26.6    1    9    125    1
(advertise)    40    41.8    41    1
(relay)    39    23    63.41    1    6    123    1
(advertise)    40    64.21    23    1
(relay)    33    0    439.23    1    431    118    1
(advertise)    40    439.43    0    1
(relay)    41    6    567.24    1    564    122    1
(advertise)    40    567.44    6    1
(relay)    47    47    1008.05    1    1007.05    127    1
(advertise)    40    1008.25    47    1
(relay)    41    41    1010.47    2    1009.47    127    1
(relay)    39    39    1025.07    1    1025.07    127    2
(relay)    33    26    1029.87    1    1028.07    126    3
(advertise)    40    1031.67    41    2
(advertise)    40    1053.88    39    1
(advertise)    40    1077.09    26    1
(relay)    39    31    1100.1    1    1057.09    125    1
(advertise)    40    1101.1    31    1
(relay)    33    4    1155.12    1    1150.12    122    1
(advertise)    40    1155.32    4    1
(relay)    39    27    1179.73    1    1169.14    123    1
(advertise)    40    1180.33    27    1
(relay)    33    20    1201.34    1    1154.54    122    1
(advertise)    40    1203.54    20    1
(relay)    33    19    1223.76    1    1193.16    125    1
(advertise)    40    1224.56    19    1
(relay)    33    14    1247.97    1    1191.16    118    1
(advertise)    40    1248.77    14    1
(relay)    39    32    1297.58    1    1297.2    126    1
(advertise)    40    1297.78    32    1
(relay)    33    13    1341.2    1    1337.01    123    1
(advertise)    40    1341.4    13    1
(relay)    39    35    1342.61    1    1338.01    123    1
(advertise)    40    1363.61    35    1
(relay)    33    8    1388.42    1    1343.02    120    1
(advertise)    40    1388.82    8    1
(relay)    33    9    1413.23    1    1367.02    121    1
(advertise)    40    1413.43    9    1
(generate)    40    1432.05    [24]    1
(relay)    39    11    1459.06    1    1392.05    123    1
(advertise)    40    1459.26    11    1
(relay)    39    2    1479.27    1    1383.03    118    1
(advertise)    40    1481.27    2    1
(relay)    33    0    1526.69    2    1431    118    1
(advertise)    40    1526.89    0    2
(relay)    47    10    1528.1    1    1405.05    116    1
(advertise)    40    1548.9    10    1
(relay)    39    37    1550.31    1    1478.09    125    1
(relay)    47    45    1553.51    1    1512.11    125    2
(advertise)    40    1570.91    37    1
(relay)    39    48    1572.93    1    1486.03    124    2
(relay)    41    18    1573.73    1    1531.13    122    3
(advertise)    40    1592.73    45    1
(advertise)    40    1613.94    48    1
(relay)    47    42    1618.55    1    1461.09    122    2
(relay)    33    33    1634.15    1    1633.16    127    3
(advertise)    40    1638.35    18    1
(relay)    47    28    1639.76    1    1485.1    120    3
(relay)    33    6    1640.56    2    1564    122    4
(advertise)    40    1660.36    42    1
(advertise)    40    1681.78    33    1
(relay)    39    38    1685.99    1    1617.18    124    3
(advertise)    40    1705.59    28    1
(relay)    39    21    1709.4    1    1505.11    121    3
(relay)    47    44    1710.4    1    1690.02    124    4
(advertise)    40    1726.8    6    2
(advertise)    40    1748.82    38    1
(advertise)    40    1770.43    21    1
(relay)    39    25    1778.24    1    1450.07    117    2
(advertise)    40    1792.24    44    1
(advertise)    40    1813.86    25    1
(relay)    33    17    1816.47    1    1680.02    123    1
(relay)    39    5    1823.07    1    1388.0    115    2
(advertise)    40    1835.87    17    1
(relay)    33    12    1837.68    1    1681.02    124    2
(advertise)    40    1857.88    5    1
(relay)    39    36    1867.09    1    1727.04    122    2
(advertise)    40    1880.89    12    1
(relay)    33    34    1882.91    1    1862.91    126    2
(relay)    47    22    1885.51    1    1608.16    120    3
(advertise)    40    1901.91    36    1
(relay)    33    30    1905.52    1    1801.08    124    3
(advertise)    40    1923.52    34    1
(relay)    47    43    1929.53    1    1818.09    123    3
(advertise)    40    1944.93    22    1
(advertise)    40    1967.75    30    1
(relay)    41    15    1970.56    1    1701.02    117    2
(advertise)    40    1991.56    43    1
(relay)    47    47    2007.37    2    2007.19    127    2
(relay)    41    41    2009.57    3    2009.57    127    3
(advertise)    40    2013.77    15    1
(relay)    47    29    2017.19    1    1832.11    121    3
(relay)    39    46    2021.59    1    1951.16    126    4
(relay)    39    39    2025.39    2    2025.2    127    5
(advertise)    40    2035.39    47    2
(advertise)    40    2058.4    41    3
(relay)    47    16    2062.61    1    1919.16    118    4
(relay)    39    3    2067.81    1    1890.13    121    5
(advertise)    40    2080.01    29    1
(relay)    33    26    2081.22    2    2028.2    126    5
(advertise)    40    2102.22    46    1
(advertise)    40    2125.04    39    2
(relay)    33    31    2145.05    2    2057.22    125    4
(advertise)    40    2146.85    16    1
(relay)    47    23    2150.06    3    2006.2    119    4
(advertise)    40    2169.66    3    1
(advertise)    40    2191.68    26    2
(relay)    39    1    2197.89    1    1938.11    119    3
(advertise)    40    2213.69    31    2
(relay)    41    27    2235.3    2    2169.28    125    3
(advertise)    40    2235.5    23    3
(relay)    39    4    2242.12    2    2151.08    122    3
(advertise)    40    2256.52    1    1
(relay)    47    14    2276.13    2    2191.32    118    3
(advertise)    40    2278.73    27    2
(relay)    33    20    2287.54    2    2154.68    124    3
(advertise)    40    2299.94    4    2
(relay)    33    32    2311.55    2    2297.37    126    3
(advertise)    40    2322.95    14    2
(advertise)    40    2345.77    20    2
(relay)    41    19    2349.58    2    2193.3    123    2
(advertise)    40    2367.98    32    2
(relay)    39    13    2376.39    2    2337.19    121    2
(advertise)    40    2389.19    19    2
(relay)    39    11    2401.01    2    2392.22    123    2
(advertise)    40    2410.81    13    2
(relay)    39    35    2424.22    2    2338.19    123    2
(advertise)    40    2431.82    11    2
(generate)    40    2433.03    [24]    2
(relay)    33    5    2445.45    2    2388.01    123    2
(relay)    39    9    2446.85    2    2367.21    121    3
(advertise)    40    2452.84    35    2
(advertise)    40    2474.86    5    2
(advertise)    40    2495.87    9    2
(relay)    39    8    2510.68    2    2343.21    118    1
(advertise)    40    2517.88    8    2
(relay)    33    25    2530.1    2    2450.26    125    1
(relay)    41    48    2533.9    2    2486.18    126    2
(advertise)    40    2538.9    25    2
(relay)    39    37    2555.11    2    2478.27    125    2
(advertise)    40    2560.11    48    2
(relay)    33    10    2574.32    2    2405.23    122    2
(advertise)    40    2583.12    37    2
(relay)    47    42    2592.14    2    2461.26    122    2
(advertise)    40    2605.14    10    2
(relay)    47    45    2613.95    2    2512.3    125    2
(relay)    33    2    2620.55    2    2383.22    120    3
(advertise)    40    2627.35    42    2
(relay)    33    33    2634.36    2    2633.35    127    3
(advertise)    40    2648.76    45    2
(relay)    33    18    2664.97    2    2531.31    124    3
(advertise)    40    2669.77    2    2
(relay)    39    38    2686.99    2    2617.36    126    3
(advertise)    40    2692.19    33    2
(advertise)    40    2713.2    18    2
(relay)    39    28    2729.81    2    2485.28    122    2
(relay)    33    6    2732.21    3    2564    122    3
(advertise)    40    2735.61    38    2
(relay)    39    0    2753.23    3    2431    118    3
(advertise)    40    2758.23    28    2
(relay)    33    7    2776.64    2    2453.24    119    3
(advertise)    40    2780.44    6    3
(advertise)    40    2802.45    0    3
(relay)    47    44    2811.67    2    2690.2    124    2
(advertise)    40    2824.07    7    2
(relay)    33    12    2844.48    2    2681.19    124    2
(advertise)    40    2845.88    44    2
(relay)    39    21    2866.09    2    2505.3    121    2
(relay)    33    17    2866.49    2    2680.19    123    3
(advertise)    40    2868.89    12    2
(advertise)    40    2890.5    21    2
(relay)    41    34    2909.12    2    2863.09    126    2
(relay)    39    36    2909.92    2    2727.23    124    3
(advertise)    40    2911.52    17    2
(advertise)    40    2932.73    34    2
(relay)    39    22    2953.74    2    2608.36    122    2
(advertise)    40    2954.74    36    2
(advertise)    40    2975.96    22    2
(relay)    47    46    2989.97    2    2951.34    126    1
(relay)    39    30    2997.37    2    2801.28    124    2
(advertise)    40    2998.17    46    2
(relay)    33    15    3001.58    2    2701.2    119    2
(relay)    47    47    3007.38    3    3007.37    127    3
(relay)    41    41    3009.78    4    3009.77    127    4
(relay)    47    43    3011.18    2    2818.28    123    5
(advertise)    40    3019.98    30    2
(relay)    39    39    3025.4    3    3025.4    127    5
(advertise)    40    3042.2    15    2
(relay)    33    3    3046.41    2    2890.3    119    5
(advertise)    40    3064.61    47    3
(relay)    33    29    3069.82    2    2832.29    123    5
(advertise)    40    3085.62    41    4
(advertise)    40    3107.23    43    2
(relay)    33    26    3111.25    3    3028.4    126    4
(advertise)    40    3129.25    39    3
(advertise)    40    3150.66    3    2
(advertise)    40    3171.87    29    2
(relay)    39    23    3173.29    4    3006.4    123    2
(advertise)    40    3193.09    26    3
(relay)    39    31    3194.9    3    3057.42    125    2
(advertise)    40    3215.7    23    4
(relay)    41    16    3228.31    2    2919.34    118    2
(advertise)    40    3237.51    31    3
(relay)    33    1    3244.73    2    2938.68    119    2
(advertise)    40    3260.33    16    2
(relay)    41    27    3272.54    3    3169.47    125    2
(advertise)    40    3281.54    1    2
(relay)    39    14    3298.55    3    3191.5    120    2
(advertise)    40    3303.55    27    3
(relay)    39    32    3320.36    3    3297.55    126    2
(advertise)    40    3324.56    14    3
(relay)    33    19    3335.38    3    3193.49    125    2
(relay)    41    20    3337.98    3    3154.86    124    3
(advertise)    40    3348.18    32    3
(relay)    39    4    3364.59    3    3151.25    122    3
(advertise)    40    3369.59    19    3
(advertise)    40    3391.0    20    3
(advertise)    40    3413.22    4    3
(generate)    40    3433.23    [24]    3
(relay)    33    13    3443.64    3    3337.38    123    1
(advertise)    40    3443.84    13    3
(relay)    47    35    3460.46    3    3338.39    119    1
(advertise)    40    3466.46    35    3
(relay)    41    9    3490.47    3    3367.39    119    1
(advertise)    40    3491.87    9    3
(relay)    47    48    3507.48    3    3486.36    126    1
(advertise)    40    3513.28    48    3
(relay)    39    8    3522.09    3    3343.39    120    1
(relay)    33    25    3530.29    3    3450.44    125    2
(advertise)    40    3534.69    8    3
(relay)    33    11    3550.91    3    3392.42    123    2
(advertise)    40    3556.91    25    3
(advertise)    40    3580.32    11    3
(relay)    47    45    3596.13    3    3512.48    125    1
(advertise)    40    3603.33    45    3
(relay)    33    37    3619.15    3    3478.47    123    1
(advertise)    40    3624.35    37    3
(relay)    33    33    3633.56    3    3633.55    127    1
(relay)    33    5    3641.16    3    3388.03    123    2
(advertise)    40    3647.56    33    3
(relay)    39    28    3653.37    3    3485.47    122    2
(relay)    47    42    3661.37    3    3461.46    122    3
(relay)    33    10    3663.57    3    3405.43    122    4
(advertise)    40    3668.57    5    3
(relay)    39    38    3677.19    3    3617.56    126    4
(advertise)    40    3691.19    28    3
(advertise)    40    3712.6    42    3
(advertise)    40    3735.01    10    3
(advertise)    40    3757.62    38    3
(relay)    39    18    3764.44    3    3531.49    124    1
(relay)    47    2    3772.04    3    3383.42    118    2
(advertise)    40    3779.04    18    3
(advertise)    40    3801.25    2    3
(relay)    39    21    3809.06    3    3505.48    121    1
(advertise)    40    3822.86    21    3
(relay)    39    7    3830.28    3    3453.44    119    1
(relay)    33    12    3843.88    3    3682.59    124    2
(advertise)    40    3844.88    7    3
(relay)    39    44    3852.89    3    3690.4    124    2
(advertise)    40    3867.29    12    3
(relay)    39    6    3876.3    4    3564    120    2
(advertise)    40    3890.3    44    3
(relay)    39    0    3898.92    4    3431    118    2
(advertise)    40    3914.32    6    4
(relay)    41    34    3924.93    3    3863.29    126    2
(advertise)    40    3935.33    0    4
(relay)    39    22    3942.34    3    3608.56    122    2
(advertise)    40    3957.94    34    3
(relay)    39    46    3965.95    3    3951.54    126    2
(relay)    47    36    3972.55    3    3727.42    122    3
(relay)    33    17    3977.95    3    3680.39    123    4
(advertise)    40    3980.15    22    3
(advertise)    40    4001.37    46    3
(relay)    47    47    4007.58    4    4007.57    127    3
(relay)    39    43    4008.38    3    3818.48    123    4
(relay)    41    41    4009.98    5    4009.97    127    5
(relay)    33    15    4021.58    3    3701.4    115    6
(advertise)    40    4023.98    36    3
(relay)    39    39    4026.19    4    4025.58    127    6
(advertise)    40    4046.59    17    3
(advertise)    40    4069.21    47    4
(relay)    39    29    4075.22    3    3832.49    123    5
(relay)    33    26    4088.42    4    4028.59    126    6
(advertise)    40    4090.82    43    3
(advertise)    40    4113.63    41    5
(relay)    33    3    4134.45    3    3890.49    121    5
(advertise)    40    4137.85    15    3
(advertise)    40    4159.86    39    4
(advertise)    40    4181.27    29    3
(relay)    39    16    4186.48    3    3919.54    122    3
(relay)    47    30    4191.88    3    3801.45    122    4
(advertise)    40    4203.28    26    4
(relay)    39    31    4210.1    4    4057.62    125    4
(advertise)    40    4226.5    3    3
(relay)    33    1    4247.11    3    3938.86    119    4
(advertise)    40    4248.51    16    3
(relay)    39    23    4254.92    5    4006.99    123    4
(advertise)    40    4269.92    30    3
(advertise)    40    4291.74    31    4
(relay)    41    20    4300.55    4    4155.06    124    3
(advertise)    40    4313.15    1    3
(relay)    39    14    4321.56    4    4191.68    120    3
(relay)    33    27    4334.16    4    4169.67    125    4
(advertise)    40    4334.76    23    5
(relay)    39    32    4344.78    4    4297.75    126    4
(advertise)    40    4356.38    20    4
(relay)    41    19    4367.79    4    4193.68    123    4
(advertise)    40    4378.39    14    4
(relay)    39    4    4386.4    4    4151.45    122    4
(advertise)    40    4401.4    27    4
(advertise)    40    4423.61    32    4
(generate)    40    4433.43    [24]    4
(advertise)    40    4445.04    19    4
(heartbeat)    24    1    4361.4    40    4452.25    127    0
(advertise)    40    4467.45    4    4
(advertise)    40    4489.47    24    1
(relay)    39    35    4498.48    4    4338.58    121    1
(relay)    41    11    4502.68    4    4392.43    121    2
(advertise)    40    4510.68    35    4
(relay)    39    25    4520.89    4    4450.64    1    2
(advertise)    40    4533.89    11    4
(relay)    39    8    4565.71    4    4343.59    120    1
(advertise)    40    4565.91    8    4
(relay)    39    45    4587.12    4    4512.68    3    1
(advertise)    40    4587.72    45    4
(relay)    41    13    4591.93    4    4337.58    121    1
(relay)    39    37    4608.53    4    4478.65    3    2
(advertise)    40    4610.13    13    4
(relay)    39    42    4629.54    4    4461.61    122    2
(relay)    33    33    4633.74    4    4633.74    5    3
(advertise)    40    4634.14    37    4
(relay)    33    10    4643.56    4    4405.63    122    3
(advertise)    40    4655.76    42    4
(relay)    33    48    4665.37    4    4486.55    124    3
(relay)    39    9    4672.77    4    4367.59    119    4
(advertise)    40    4677.37    33    4
(relay)    39    38    4695.98    4    4617.76    3    4
(advertise)    40    4698.98    10    4
(relay)    39    5    4716.6    4    4388.04    121    4
(advertise)    40    4720.6    48    4
(advertise)    40    4743.21    9    4
(relay)    41    6    4747.02    5    4564    122    3
(relay)    33    18    4753.02    4    4531.69    1    4
(advertise)    40    4764.22    38    4
(advertise)    40    4786.64    5    4
(relay)    41    2    4790.45    4    4383.61    118    3
(relay)    39    28    4806.05    4    4485.67    1    4
(advertise)    40    4808.65    6    5
(advertise)    40    4831.66    2    4
(relay)    41    12    4833.27    4    4682.78    1    1
(relay)    41    0    4854.47    5    4431    116    1
(advertise)    40    4855.87    0    5
(relay)    47    44    4857.29    4    4690.6    3    1
(relay)    39    21    4873.69    4    4505.68    1    2
(relay)    41    34    4876.29    4    4863.46    5    3
(advertise)    40    4877.09    44    4
(advertise)    40    4899.1    34    4
(relay)    47    7    4922.71    4    4453.64    115    1
(advertise)    40    4923.31    7    4
(relay)    47    43    4946.53    4    4818.67    3    1
(advertise)    40    4947.53    43    4
(relay)    39    36    4964.34    4    4728.64    3    1
(relay)    47    46    4968.34    4    4951.74    5    2
(advertise)    40    4970.14    36    4
(advertise)    40    4992.15    46    4
(relay)    47    47    5007.77    5    5007.77    7    1
(relay)    41    41    5010.17    6    5010.17    7    2
(advertise)    40    5013.17    47    5
(relay)    39    39    5026.38    5    5025.78    5    2
(relay)    39    22    5029.58    4    4608.76    1    3
(advertise)    40    5036.58    41    6
(relay)    39    30    5051.39    4    4801.65    1    3
(relay)    41    26    5058.19    5    5028.73    1    4
(advertise)    40    5059.59    39    5
(relay)    39    31    5139.8    5    5057.82    1    1
(relay)    41    20    5157.0    5    5155.14    3    1
(advertise)    40    5157.2    20    5
(relay)    41    27    5178.62    5    5169.79    3    1
(advertise)    40    5179.82    27    5
(relay)    41    19    5202.23    5    5193.8    1    1
(relay)    39    4    5228.43    5    5151.49    1    1
(relay)    41    32    5300.63    5    5297.87    1    1
(relay)    41    13    5340.63    5    5337.6    3    1
(advertise)    40    5340.83    13    5
(relay)    33    5    5391.64    5    5388.05    3    1
(advertise)    40    5391.84    5    5
(relay)    33    11    5415.86    5    5392.48    1    1
(generate)    40    5433.46    [24]    5
(relay)    39    25    5456.87    5    5450.83    1    1
(relay)    47    0    5463.87    6    5431    116    1
(advertise)    40    5464.07    0    6
(relay)    47    37    5488.08    5    5478.8    1    1
(relay)    41    48    5488.88    5    5486.73    7    1
(advertise)    40    5489.48    48    5
(relay)    47    42    5530.7    5    5461.79    3    1
(advertise)    40    5530.9    42    5
(relay)    33    28    5553.31    5    5485.86    1    1
(relay)    47    45    5553.91    5    5512.77    3    1
(advertise)    40    5555.11    45    5
(relay)    33    18    5575.72    5    5531.73    1    1
(relay)    41    6    5579.32    6    5564    122    1
(advertise)    40    5579.72    6    6
(relay)    47    38    5630.73    5    5617.81    1    1
(relay)    33    33    5633.93    5    5633.9    5    1
(advertise)    40    5634.13    33    5
(relay)    41    12    5689.95    5    5682.95    1    1
(relay)    39    22    5701.95    5    5608.77    1    1
(relay)    47    44    5706.95    5    5690.79    3    1
(advertise)    40    5707.15    44    5
(relay)    47    36    5733.36    5    5728.64    1    1
(relay)    39    30    5802.76    5    5801.72    1    1
(relay)    39    43    5826.16    5    5818.86    3    1
(advertise)    40    5826.36    43    5
(relay)    39    29    5850.17    5    5832.78    1    1
(relay)    47    34    5867.17    5    5863.51    3    1
(advertise)    40    5867.37    34    5
(relay)    33    46    5955.79    5    5951.8    3    1
(advertise)    40    5955.99    46    5
(relay)    47    47    6008.4    6    6007.84    7    1
(advertise)    40    6008.6    47    6
(relay)    41    41    6010.81    7    6010.24    7    1
(relay)    39    39    6026.41    6    6025.83    5    2
(advertise)    40    6030.61    41    7
(relay)    33    26    6032.83    6    6028.8    3    2
(advertise)    40    6052.63    39    6
(relay)    39    31    6060.64    6    6057.96    1    2
(advertise)    40    6073.64    26    6
(relay)    33    4    6155.85    6    6151.5    1    1
(relay)    41    20    6156.25    6    6155.15    3    1
(advertise)    40    6156.45    20    6
(relay)    33    27    6179.26    6    6169.85    3    1
(advertise)    40    6179.46    27    6
(relay)    41    19    6203.48    6    6193.98    1    1
(relay)    33    32    6299.28    6    6297.98    3    1
(advertise)    40    6299.48    32    6
(relay)    33    13    6339.69    6    6337.68    3    1
(advertise)    40    6339.89    13    6
(generate)    40    6433.5    [24]    6
(relay)    33    5    6459.92    6    6388.06    3    1
(advertise)    40    6460.12    5    6
(relay)    47    42    6484.13    6    6461.99    1    1
(relay)    41    48    6489.13    6    6486.91    7    1
(advertise)    40    6489.33    48    6
(relay)    33    0    6503.94    7    6431    118    1
(advertise)    40    6511.54    0    7
(relay)    47    45    6530.76    6    6512.87    3    1
(advertise)    40    6533.16    45    6
(relay)    39    37    6568.57    6    6478.98    1    1
(relay)    33    18    6570.17    6    6531.91    1    1
(relay)    41    6    6591.97    7    6564    122    1
(advertise)    40    6592.17    6    7
(relay)    39    21    6611.78    6    6505.82    1    1
(relay)    47    38    6619.38    6    6617.89    1    1
(relay)    33    33    6634.18    6    6634.07    5    1
(advertise)    40    6634.38    33    6
(relay)    41    12    6688.39    6    6683.01    1    1
(relay)    47    44    6692.59    6    6690.83    3    1
(advertise)    40    6692.79    44    6
(relay)    39    22    6724.81    6    6608.86    1    1
(relay)    47    36    6743.41    6    6728.71    1    1
(relay)    39    30    6802.61    6    6801.88    1    1
(relay)    47    43    6826.81    6    6818.98    3    1
(advertise)    40    6827.01    43    6
(relay)    39    29    6849.82    6    6832.96    1    1
(relay)    41    34    6865.62    6    6863.54    5    1
(advertise)    40    6865.82    34    6
(relay)    47    46    6953.03    6    6951.82    5    1
(advertise)    40    6953.23    46    6
(relay)    47    47    7008.45    7    7007.91    7    1
(advertise)    40    7008.65    47    7
(relay)    41    41    7010.86    8    7010.27    7    1
(relay)    39    39    7026.46    7    7025.85    5    2
(advertise)    40    7031.06    41    8
(relay)    41    26    7035.47    7    7028.85    1    2
(advertise)    40    7053.47    39    7
(relay)    39    31    7080.29    7    7058.06    1    1
(relay)    33    4    7154.29    7    7151.5    1    1
(relay)    41    27    7171.09    7    7169.9    3    1
(advertise)    40    7171.29    27    7
(relay)    41    20    7194.3    7    7155.37    3    1
(advertise)    40    7194.5    20    7
(relay)    41    19    7216.51    7    7194.0    1    1
(relay)    33    32    7299.51    7    7298.15    3    1
(advertise)    40    7299.71    32    7
(relay)    33    13    7339.32    7    7337.78    3    1
(advertise)    40    7339.52    13    7
(relay)    47    35    7362.14    7    7338.83    1    1
(relay)    39    11    7412.54    7    7392.5    1    1
(generate)    40    7433.54    [24]    7
(relay)    33    25    7457.95    7    7450.99    1    1
(relay)    39    37    7482.75    7    7479.15    3    1
(advertise)    40    7482.95    37    7
(relay)    47    48    7489.16    7    7486.92    7    1
(advertise)    40    7505.16    48    7
(relay)    39    42    7506.38    7    7462.18    3    1
(relay)    33    0    7507.78    8    7431    116    2
(advertise)    40    7527.18    42    7
(advertise)    40    7549.19    0    8
(relay)    47    45    7552.0    7    7512.95    3    1
(advertise)    40    7570.2    45    7
(relay)    33    18    7574.22    7    7531.91    1    1
(relay)    39    6    7596.02    8    7564    120    1
(advertise)    40    7596.22    6    8
(relay)    39    28    7618.03    7    7485.92    1    1
(relay)    33    33    7634.83    7    7634.24    5    1
(advertise)    40    7635.03    33    7
(relay)    39    38    7687.24    7    7617.97    1    1
(relay)    41    12    7687.64    7    7683.07    1    1
(relay)    47    44    7706.04    7    7690.87    3    1
(advertise)    40    7706.24    44    7
(relay)    47    36    7742.85    7    7728.8    1    1
(relay)    39    30    7803.85    7    7802.02    1    1
(relay)    39    43    7827.85    7    7819.1    3    1
(advertise)    40    7828.05    43    7
(relay)    39    29    7852.27    7    7833.15    1    1
(relay)    33    34    7865.67    7    7863.55    5    1
(advertise)    40    7865.87    34    7
(relay)    47    46    7953.08    7    7951.85    5    1
(advertise)    40    7953.28    46    7
(relay)    47    47    8008.49    8    8007.96    7    1
(advertise)    40    8008.69    47    8
(relay)    41    41    8011.11    9    8010.55    7    1
(relay)    39    39    8026.91    8    8025.85    5    2
(advertise)    40    8031.71    41    9
(advertise)    40    8053.52    39    8
(relay)    39    31    8076.53    8    8058.11    1    1
(relay)    39    26    8100.13    8    8028.92    1    1
(relay)    33    4    8153.13    8    8151.69    1    1
(relay)    41    27    8171.73    8    8169.97    3    1
(advertise)    40    8171.93    27    8
(relay)    41    20    8194.35    8    8155.39    3    1
(advertise)    40    8194.75    20    8
(relay)    41    19    8216.96    8    8194.19    1    1
(relay)    39    32    8300.76    8    8298.31    3    1
(advertise)    40    8300.96    32    8
(relay)    41    13    8339.17    8    8337.82    3    1
(advertise)    40    8339.37    13    8
(heartbeat)    24    2    8361.41    40    8364.98    4    4
(advertise)    40    8365.18    24    2
(relay)    39    11    8414.0    8    8392.5    1    1
(generate)    40    8433.6    [24]    8
(relay)    33    25    8459.41    8    8451.06    1    1
(relay)    47    0    8464.21    9    8431    116    1
(advertise)    40    8464.41    0    9
(relay)    47    48    8488.22    8    8486.96    7    1
(advertise)    40    8488.62    48    8
(relay)    47    42    8532.04    8    8462.19    3    1
(advertise)    40    8532.24    42    8
(relay)    39    45    8549.85    8    8513.08    3    1
(advertise)    40    8553.65    45    8
(relay)    33    18    8579.66    8    8532.1    1    1
(relay)    41    6    8591.06    9    8564    122    1
(advertise)    40    8591.26    6    9
(relay)    47    38    8620.68    8    8618.07    1    1
(relay)    33    33    8635.08    8    8634.43    5    1
(advertise)    40    8635.28    33    8
(relay)    39    21    8680.09    8    8505.99    1    1
(relay)    33    12    8686.69    8    8683.14    1    1
(relay)    47    44    8709.49    8    8690.95    3    1
(advertise)    40    8709.69    44    8
(relay)    39    22    8722.9    8    8609.02    1    1
(relay)    47    36    8735.7    8    8728.83    1    1
(relay)    39    30    8804.5    8    8802.2    1    1
(relay)    39    43    8830.3    8    8819.21    3    1
(advertise)    40    8830.5    43    8
(relay)    39    29    8853.91    8    8833.19    1    1
(relay)    41    34    8865.11    8    8863.57    5    1
(advertise)    40    8865.31    34    8
(relay)    47    46    8953.13    8    8951.9    5    1
(advertise)    40    8953.33    46    8
(relay)    47    47    9008.54    9    9008.02    7    1
(advertise)    40    9008.74    47    9
(relay)    41    41    9011.95    10    9011.39    7    1
(relay)    39    39    9026.95    9    9025.89    5    2
(advertise)    40    9030.95    41    10
(relay)    33    26    9032.17    9    9029.01    3    2
(advertise)    40    9052.77    39    9
(advertise)    40    9075.58    26    9
(relay)    39    31    9077.39    9    9058.23    1    1
(relay)    33    4    9153.39    9    9151.71    1    1
(relay)    41    27    9172.19    9    9170.03    3    1
(advertise)    40    9172.39    27    9
(relay)    41    20    9195.21    9    9155.58    3    1
(advertise)    40    9195.61    20    9
(relay)    41    19    9218.62    9    9194.36    1    1
(relay)    33    32    9300.82    9    9298.4    3    1
(advertise)    40    9301.02    32    9
(relay)    33    13    9339.83    9    9337.88    3    1
(advertise)    40    9340.03    13    9
(relay)    39    11    9411.04    9    9392.69    1    1
(generate)    40    9433.64    [24]    9
(relay)    33    25    9457.46    9    9451.1    1    1
(relay)    47    0    9466.66    10    9431    116    1
(advertise)    40    9466.86    0    10
(relay)    47    48    9488.27    9    9486.97    7    1
(advertise)    40    9488.87    48    9
(relay)    39    37    9501.88    9    9479.17    3    1
(advertise)    40    9513.68    37    9
(relay)    33    18    9548.3    9    9532.27    1    1
(relay)    39    45    9549.7    9    9513.17    3    1
(advertise)    40    9549.9    45    9
(relay)    41    6    9575.11    10    9564    122    1
(advertise)    40    9575.31    6    10
(relay)    47    42    9582.92    9    9462.2    1    1
(relay)    39    28    9595.12    9    9485.99    1    1
(relay)    33    33    9635.12    9    9634.59    5    1
(advertise)    40    9635.32    33    9
(relay)    39    38    9664.14    9    9618.38    3    1
(advertise)    40    9664.34    38    9
(relay)    41    12    9687.15    9    9683.19    1    1
(relay)    33    21    9688.15    9    9506.03    1    1
(relay)    47    44    9716.75    9    9691.01    3    1
(advertise)    40    9716.95    44    9
(relay)    39    22    9731.36    9    9609.09    1    1
(relay)    47    36    9740.36    9    9728.89    1    1
(relay)    39    43    9829.16    9    9819.31    3    1
(advertise)    40    9829.36    43    9
(relay)    39    29    9851.18    9    9833.38    1    1
(relay)    33    34    9864.18    9    9863.58    5    1
(advertise)    40    9864.38    34    9
(relay)    41    46    9952.99    9    9951.94    3    1
(advertise)    40    9953.19    46    9
(relay)    47    47    10009.2    10    10008.11    7    1
(advertise)    40    10009.4    47    10
(relay)    41    41    10012.61    11    10011.68    7    1
(relay)    39    39    10027.21    10    10026.11    5    2
(advertise)    40    10030.41    41    11
(relay)    33    26    10034.43    10    10029.04    3    2
(advertise)    40    10052.63    39    10
(advertise)    40    10073.64    26    10
(relay)    39    31    10077.45    10    10058.26    1    1
(relay)    33    4    10153.85    10    10151.72    1    1
(relay)    41    27    10172.05    10    10170.09    3    1
(advertise)    40    10172.25    27    10
(relay)    41    20    10197.07    10    10155.59    3    1
(advertise)    40    10197.27    20    10
(relay)    41    19    10218.28    10    10194.37    1    1
(relay)    39    32    10299.88    10    10298.56    3    1
(advertise)    40    10300.08    32    10
(relay)    41    13    10340.89    10    10337.97    3    1
(advertise)    40    10341.09    13    10
(relay)    39    35    10342.71    10    10339.1    3    1
(advertise)    40    10362.71    35    10
(relay)    41    5    10394.52    10    10388.2    1    1
(generate)    40    10433.72    [24]    10
(relay)    33    25    10460.73    10    10451.21    1    1
(relay)    47    0    10466.73    11    10431    116    1
(advertise)    40    10466.93    0    11
(relay)    47    37    10488.94    10    10479.34    1    1
(relay)    41    48    10505.94    10    10487.15    7    1
(advertise)    40    10506.14    48    10
(relay)    39    42    10530.36    10    10462.22    3    1
(advertise)    40    10530.76    42    10
(relay)    47    45    10534.17    10    10513.28    3    1
(advertise)    40    10553.37    45    10
(relay)    39    28    10573.58    10    10486.01    1    1
(relay)    41    6    10579.58    11    10564    122    1
(advertise)    40    10579.78    6    11
(relay)    39    38    10619.8    10    10618.43    3    1
(advertise)    40    10620.0    38    10
(relay)    33    33    10635.21    10    10634.59    5    1
(advertise)    40    10644.01    33    10
(relay)    41    12    10685.82    10    10683.26    1    1
(relay)    47    44    10710.22    10    10691.04    3    1
(advertise)    40    10710.42    44    10
(relay)    47    36    10735.84    10    10728.94    1    1
(relay)    39    30    10805.44    10    10802.51    1    1
(relay)    47    43    10829.04    10    10819.41    3    1
(advertise)    40    10829.24    43    10
(relay)    39    29    10852.65    10    10833.57    1    1
(relay)    47    34    10865.05    10    10863.6    3    1
(advertise)    40    10865.25    34    10
(relay)    39    46    10952.26    10    10951.96    5    1
(advertise)    40    10952.46    46    10
(relay)    47    47    11009.27    11    11008.18    7    1
(advertise)    40    11009.47    47    11
(relay)    41    41    11012.69    12    11011.74    7    1
(relay)    39    39    11027.29    11    11026.26    5    2
(advertise)    40    11030.89    41    12
(relay)    33    26    11032.1    11    11029.11    3    2
(advertise)    40    11052.9    39    11
(advertise)    40    11075.51    26    11
(relay)    39    31    11098.93    11    11058.29    1    1
(relay)    39    4    11155.33    11    11151.74    1    1
(relay)    41    27    11172.93    11    11170.15    3    1
(advertise)    40    11173.13    27    11
(relay)    41    20    11195.14    11    11155.79    3    1
(advertise)    40    11195.94    20    11
(relay)    41    19    11218.75    11    11194.56    1    1
(relay)    47    32    11299.55    11    11298.71    1    1
(relay)    39    35    11342.75    11    11339.17    3    1
(advertise)    40    11342.95    35    11
(relay)    41    5    11393.17    11    11388.21    1    1
(generate)    40    11433.77    [24]    11
(relay)    39    11    11460.38    11    11392.73    1    1
(relay)    33    25    11460.78    11    11451.29    1    1
(relay)    47    37    11480.98    11    11479.53    1    1
(relay)    41    48    11487.78    11    11487.35    7    1
(advertise)    40    11487.98    48    11
(relay)    39    45    11526.39    11    11513.37    3    1
(advertise)    40    11526.59    45    11
(relay)    39    42    11549.8    11    11462.24    3    1
(advertise)    40    11550.0    42    11
(relay)    39    28    11570.82    11    11486.02    1    1
(relay)    41    6    11591.02    12    11564    120    1
(advertise)    40    11591.22    6    12
(relay)    39    18    11616.03    11    11532.45    1    1
(relay)    33    33    11635.83    11    11634.75    5    1
(advertise)    40    11636.03    33    11
(relay)    39    21    11640.04    11    11506.15    1    1
(relay)    47    38    11660.44    11    11618.53    1    1
(relay)    41    12    11686.44    11    11683.32    1    1
(relay)    39    22    11708.24    11    11609.25    1    1
(relay)    47    44    11709.24    11    11691.08    3    1
(advertise)    40    11709.44    44    11
(relay)    39    36    11753.26    11    11729.04    3    1
(advertise)    40    11753.46    36    11
(relay)    33    30    11806.27    11    11802.68    1    1
(relay)    39    43    11831.47    11    11819.52    3    1
(advertise)    40    11831.67    43    11
(relay)    39    29    11852.68    11    11833.59    1    1
(relay)    41    34    11864.48    11    11863.62    5    1
(advertise)    40    11864.68    34    11
(relay)    33    46    11953.7    11    11951.98    3    1
(advertise)    40    11953.9    46    11
(relay)    47    47    12009.31    12    12008.26    7    1
(advertise)    40    12009.51    47    12
(relay)    41    41    12013.72    13    12012.64    7    1
(relay)    39    39    12026.32    12    12026.27    5    2
(advertise)    40    12032.52    41    13
(relay)    33    26    12033.93    12    12029.13    3    2
(advertise)    40    12054.93    39    12
(advertise)    40    12075.95    26    12
(relay)    39    31    12101.16    12    12058.55    1    1
(relay)    33    4    12156.76    12    12151.93    1    1
(relay)    41    27    12173.76    12    12170.23    3    1
(advertise)    40    12173.96    27    12
(relay)    33    20    12200.57    12    12156.0    1    1
(relay)    39    19    12202.77    12    12194.56    1    1
(relay)    39    32    12299.17    12    12298.86    3    1
(advertise)    40    12299.37    32    12
(relay)    33    13    12342.19    12    12338.16    3    1
(advertise)    40    12342.39    13    12
(relay)    39    35    12343.8    12    12339.26    3    1
(advertise)    40    12363.6    35    12
(heartbeat)    24    3    12361.43    40    12368.41    4    4
(advertise)    40    12386.61    24    3
(relay)    33    5    12409.43    12    12388.22    1    1
(generate)    40    12433.83    [24]    12
(relay)    33    25    12459.04    12    12451.39    1    1
(relay)    41    42    12467.44    12    12462.42    1    1
(relay)    47    48    12488.24    12    12487.51    7    1
(advertise)    40    12488.44    48    12
(relay)    39    37    12508.85    12    12479.53    3    1
(advertise)    40    12510.45    37    12
(relay)    47    0    12534.06    13    12431    116    1
(advertise)    40    12534.46    0    13
(relay)    47    45    12555.88    12    12513.48    3    1
(advertise)    40    12556.28    45    12
(relay)    33    18    12573.89    12    12532.59    1    1
(relay)    41    6    12591.29    13    12564    122    1
(advertise)    40    12591.49    6    13
(relay)    39    21    12599.5    12    12506.21    1    1
(relay)    47    38    12623.3    12    12618.62    1    1
(relay)    33    33    12635.7    12    12634.77    5    1
(advertise)    40    12635.9    33    12
(relay)    41    12    12687.52    12    12683.36    1    1
(relay)    47    44    12694.52    12    12691.14    3    1
(advertise)    40    12694.72    44    12
(relay)    39    36    12748.33    12    12729.12    3    1
(advertise)    40    12748.53    36    12
(relay)    39    22    12772.74    12    12609.34    1    1
(relay)    39    30    12807.14    12    12802.68    1    1
(relay)    47    43    12829.34    12    12819.61    3    1
(advertise)    40    12829.54    43    12
(relay)    39    29    12854.36    12    12833.76    1    1
(relay)    41    34    12864.76    12    12863.64    5    1
(advertise)    40    12864.96    34    12
(relay)    39    46    12953.57    12    12952.03    5    1
(advertise)    40    12953.77    46    12
(relay)    39    47    13008.98    13    13008.35    5    1
(advertise)    40    13009.38    47    13
(relay)    41    41    13012.79    14    13012.74    7    1
(relay)    39    39    13026.39    13    13026.27    5    2
(advertise)    40    13030.99    41    14
(advertise)    40    13054.01    39    13
(relay)    39    26    13056.42    13    13029.21    1    1
(relay)    39    31    13078.02    13    13058.65    1    1
(relay)    33    4    13157.22    13    13151.94    1    1
(relay)    41    27    13173.82    13    13170.32    3    1
(advertise)    40    13174.02    27    13
(relay)    41    20    13196.03    13    13156.42    1    1
(relay)    41    19    13220.03    13    13194.74    1    1
(relay)    41    13    13343.63    13    13338.22    3    1
(advertise)    40    13343.83    13    13
(relay)    47    35    13346.65    13    13339.38    1    1
(relay)    33    5    13392.25    13    13388.25    1    1
(generate)    40    13433.85    [24]    13
(relay)    33    11    13458.06    13    13392.91    1    1
(relay)    33    25    13478.46    13    13451.46    1    1
(relay)    47    37    13481.66    13    13479.53    1    1
(relay)    41    48    13488.66    13    13487.69    7    1
(advertise)    40    13488.86    48    13
(relay)    47    42    13529.67    13    13463.63    3    1
(advertise)    40    13529.87    42    13
(relay)    47    45    13550.69    13    13513.58    3    1
(advertise)    40    13550.89    45    13
(relay)    39    0    13565.1    14    13431    118    1
(advertise)    40    13571.9    0    14
(relay)    39    18    13608.11    13    13532.73    1    1
(relay)    33    6    13615.51    14    13564    122    1
(advertise)    40    13615.71    6    14
(relay)    39    28    13630.12    13    13486.08    1    1
(relay)    33    33    13635.92    13    13634.93    5    1
(advertise)    40    13638.12    33    13
(relay)    39    21    13673.94    13    13506.28    1    1
(relay)    33    12    13688.14    13    13683.39    1    1
(relay)    39    38    13695.74    13    13619.1    3    1
(advertise)    40    13695.94    38    13
(relay)    47    44    13720.15    13    13691.18    3    1
(advertise)    40    13720.55    44    13
(relay)    47    36    13742.76    13    13729.41    1    1
(relay)    33    22    13776.16    13    13609.42    1    1
(relay)    33    30    13805.56    13    13802.84    1    1
(relay)    47    43    13828.96    13    13819.68    3    1
(advertise)    40    13829.16    43    13
(relay)    39    29    13853.38    13    13833.77    1    1
(relay)    33    34    13865.18    13    13863.68    5    1
(advertise)    40    13865.38    34    13
(relay)    39    46    13953.39    13    13952.06    5    1
(advertise)    40    13953.59    46    13
(relay)    47    47    14008.4    14    14008.4    7    1
(advertise)    40    14008.6    47    14
(relay)    41    41    14013.02    15    14012.82    7    1
(relay)    39    39    14026.42    14    14026.3    5    2
(advertise)    40    14030.62    41    15
(relay)    33    26    14032.23    14    14029.47    3    2
(advertise)    40    14053.23    39    14
(advertise)    40    14076.64    26    14
(relay)    39    31    14078.25    14    14058.71    1    1
(relay)    39    4    14158.05    14    14152.13    1    1
(relay)    41    27    14172.05    14    14170.41    3    1
(advertise)    40    14172.25    27    14
(relay)    41    20    14193.87    14    14157.24    3    1
(advertise)    40    14194.67    20    14
(relay)    41    19    14215.88    14    14194.92    1    1
(relay)    33    32    14299.48    14    14299.19    3    1
(advertise)    40    14299.68    32    14
(relay)    41    13    14343.89    14    14338.26    3    1
(advertise)    40    14344.09    13    14
(relay)    33    5    14390.51    14    14388.26    3    1
(advertise)    40    14390.71    5    14
(relay)    33    11    14416.32    14    14393.05    1    1
(generate)    40    14433.92    [24]    14
(relay)    39    0    14460.13    15    14431    118    1
(advertise)    40    14460.33    0    15
(relay)    39    42    14483.15    14    14463.66    3    1
(advertise)    40    14483.55    42    14
(relay)    47    48    14489.36    14    14487.7    7    1
(advertise)    40    14504.96    48    14
(relay)    41    45    14533.97    14    14513.72    1    1
(relay)    41    6    14572.77    15    14564    122    1
(advertise)    40    14572.97    6    15
(relay)    39    21    14574.38    14    14506.35    1    1
(relay)    33    18    14596.58    14    14532.85    1    1
(relay)    47    38    14626.78    14    14619.2    1    1
(relay)    33    33    14634.98    14    14634.98    5    1
(advertise)    40    14635.18    33    14
(relay)    39    22    14686.0    14    14609.52    1    1
(relay)    33    12    14688.2    14    14683.44    1    1
(relay)    47    44    14695.8    14    14691.24    3    1
(advertise)    40    14696.0    44    14
(relay)    39    36    14731.21    14    14729.47    1    1
(relay)    47    43    14821.61    14    14819.78    3    1
(advertise)    40    14821.81    43    14
(relay)    33    30    14843.82    14    14803.01    1    1
(relay)    33    34    14865.22    14    14863.7    5    1
(advertise)    40    14865.42    34    14
(relay)    33    46    14955.64    14    14952.08    3    1
(advertise)    40    14955.84    46    14
(relay)    47    47    15008.65    15    15008.47    7    1
(advertise)    40    15008.85    47    15
(relay)    41    41    15013.06    16    15012.88    7    1
(relay)    39    39    15026.86    15    15026.3    5    2
(advertise)    40    15031.06    41    16
(advertise)    40    15053.28    39    15
(relay)    39    26    15072.29    15    15029.54    1    1
(relay)    39    31    15092.49    15    15058.78    1    1
(relay)    33    27    15178.89    15    15170.48    3    1
(advertise)    40    15179.09    27    15
(relay)    41    19    15198.5    15    15195.08    1    1
(relay)    41    13    15341.3    15    15338.34    3    1
(advertise)    40    15341.5    13    15
(relay)    39    35    15343.91    15    15339.57    3    1
(advertise)    40    15363.51    35    15
(relay)    33    5    15394.93    15    15388.27    3    1
(advertise)    40    15395.13    5    15
(relay)    33    11    15419.34    15    15394.24    1    1
(generate)    40    15433.94    [24]    15
(relay)    39    25    15458.15    15    15451.61    1    1
(relay)    47    0    15461.75    16    15431    116    1
(advertise)    40    15461.95    0    16
(relay)    47    37    15486.17    15    15479.87    1    1
(relay)    41    48    15489.57    15    15487.88    7    1
(advertise)    40    15489.77    48    15
(relay)    47    45    15532.78    15    15513.8    3    1
(advertise)    40    15532.98    45    15
(relay)    47    42    15558.39    15    15463.86    1    1
(relay)    41    6    15568.39    16    15564    122    1
(advertise)    40    15568.59    6    16
(relay)    39    28    15594.81    15    15486.13    1    1
(relay)    39    18    15617.21    15    15533.01    1    1
(relay)    33    33    15635.21    15    15635.15    5    1
(advertise)    40    15635.41    33    15
(relay)    39    21    15638.62    15    15506.43    1    1
(relay)    47    38    15661.02    15    15619.27    1    1
(relay)    41    12    15690.82    15    15683.5    1    1
(relay)    39    36    15730.62    15    15729.57    3    1
(advertise)    40    15730.82    36    15
(relay)    39    30    15804.03    15    15803.17    1    1
(relay)    47    43    15828.23    15    15819.89    3    1
(advertise)    40    15828.43    43    15
(relay)    39    29    15853.44    15    15833.79    1    1
(relay)    41    34    15866.24    15    15863.89    5    1
(advertise)    40    15866.44    34    15
(relay)    41    46    15956.86    15    15952.11    3    1
(advertise)    40    15957.06    46    15
(relay)    47    47    16008.67    16    16008.54    7    1
(advertise)    40    16008.87    47    16
(relay)    41    41    16013.48    17    16012.93    7    1
(relay)    39    39    16027.08    16    16026.48    5    2
(advertise)    40    16030.08    41    17
(advertise)    40    16051.3    39    16
(relay)    39    26    16055.91    16    16029.61    1    1
(relay)    39    31    16077.71    16    16058.82    1    1
(relay)    39    4    16157.11    16    16152.52    1    1
(relay)    41    27    16171.31    16    16170.54    3    1
(advertise)    40    16171.51    27    16
(relay)    41    20    16195.32    16    16158.65    3    1
(advertise)    40    16196.12    20    16
(relay)    41    19    16217.74    16    16195.1    1    1
(relay)    39    32    16300.94    16    16299.43    3    1
(advertise)    40    16301.14    32    16
(relay)    41    13    16341.55    16    16338.43    3    1
(advertise)    40    16341.75    13    16
(heartbeat)    24    4    16361.44    40    16365.76    4    4
(advertise)    40    16365.96    24    4
(relay)    33    5    16394.97    16    16388.29    1    1
(generate)    40    16433.97    [24]    16
(relay)    33    25    16457.19    16    16451.93    1    1
(relay)    47    42    16467.59    16    16463.91    3    1
(advertise)    40    16467.79    42    16
(relay)    47    48    16490.2    16    16488.06    7    1
(advertise)    40    16490.4    48    16
(relay)    39    37    16510.81    16    16480.06    3    1
(advertise)    40    16513.01    37    16
(relay)    47    45    16533.83    16    16514.32    3    1
(advertise)    40    16536.03    45    16
(relay)    41    0    16558.44    17    16431    116    1
(advertise)    40    16560.84    0    17
(relay)    33    18    16590.85    16    16533.19    1    1
(relay)    39    38    16621.05    16    16619.35    3    1
(advertise)    40    16621.25    38    16
(relay)    33    33    16635.47    16    16635.33    5    1
(advertise)    40    16643.87    33    16
(relay)    33    21    16674.88    16    16507.5    1    1
(relay)    41    12    16689.68    16    16683.56    1    1
(relay)    47    44    16694.08    16    16691.3    3    1
(advertise)    40    16694.28    44    16
(relay)    47    36    16741.89    16    16729.59    1    1
(relay)    39    30    16804.49    16    16803.32    1    1
(relay)    47    43    16827.89    16    16819.97    3    1
(advertise)    40    16828.09    43    16
(relay)    39    29    16854.5    16    16833.82    1    1
(relay)    47    34    16867.5    16    16863.93    3    1
(advertise)    40    16867.7    34    16
(relay)    47    46    16954.32    16    16952.14    5    1
(advertise)    40    16954.52    46    16
(relay)    47    47    17009.13    17    17008.6    7    1
(advertise)    40    17009.33    47    17
(relay)    41    41    17013.54    18    17013.03    7    1
(relay)    39    39    17027.14    17    17026.67    5    2
(advertise)    40    17030.54    41    18
(relay)    33    26    17033.96    17    17029.69    3    2
(advertise)    40    17053.96    39    17
(advertise)    40    17078.37    26    17
(relay)    39    31    17081.38    17    17058.87    1    1
(relay)    39    4    17155.98    17    17152.72    1    1
(relay)    33    27    17171.78    17    17170.63    3    1
(advertise)    40    17171.98    27    17
(relay)    41    20    17196.2    17    17158.68    3    1
(advertise)    40    17197.2    20    17
(relay)    41    19    17218.41    17    17195.26    1    1
(relay)    33    32    17300.81    17    17299.55    3    1
(advertise)    40    17301.01    32    17
(relay)    41    13    17339.82    17    17338.49    3    1
(advertise)    40    17340.02    13    17
(relay)    47    35    17341.83    17    17339.73    1    1
(relay)    41    5    17413.83    17    17388.31    1    1
(relay)    39    11    17414.43    17    17394.62    1    1
(generate)    40    17434.03    [24]    17
(relay)    33    25    17458.45    17    17451.95    1    1
(relay)    39    0    17459.05    18    17431    118    1
(advertise)    40    17459.25    0    18
(relay)    47    37    17486.46    17    17480.08    1    1
(relay)    41    48    17490.66    17    17488.07    7    1
(advertise)    40    17490.86    48    17
(relay)    47    42    17530.87    17    17464.09    3    1
(advertise)    40    17531.07    42    17
(relay)    47    45    17553.09    17    17514.4    3    1
(advertise)    40    17553.89    45    17
(relay)    39    18    17575.3    17    17533.32    1    1
(relay)    41    6    17579.5    18    17564    122    1
(advertise)    40    17579.7    6    18
(relay)    39    28    17618.91    17    17486.37    1    1
(relay)    33    33    17635.91    17    17635.45    5    1
(advertise)    40    17636.11    33    17
(relay)    39    38    17666.53    17    17620.43    3    1
(advertise)    40    17666.73    38    17
(relay)    41    12    17690.94    17    17683.62    1    1
(relay)    39    44    17711.74    17    17691.35    3    1
(advertise)    40    17711.94    44    17
(relay)    39    36    17736.35    17    17729.65    1    1
(relay)    39    30    17805.15    17    17803.49    1    1
(relay)    39    43    17828.95    17    17820.07    3    1
(advertise)    40    17829.15    43    17
(relay)    39    29    17852.76    17    17833.98    1    1
(relay)    41    34    17865.36    17    17863.95    5    1
(advertise)    40    17865.56    34    17
(relay)    47    46    17953.38    17    17952.17    5    1
(advertise)    40    17953.58    46    17
(relay)    47    47    18009.19    18    18008.66    7    1
(advertise)    40    18009.39    47    18
(relay)    41    41    18014.2    19    18013.72    7    1
(relay)    39    39    18027.8    18    18026.86    5    2
(advertise)    40    18031.0    41    19
(relay)    33    26    18033.02    18    18029.77    3    2
(advertise)    40    18053.42    39    18
(advertise)    40    18074.43    26    18
(relay)    39    31    18080.64    18    18058.98    1    1
(relay)    33    4    18154.44    18    18152.73    1    1
(relay)    41    27    18172.24    18    18170.72    3    1
(advertise)    40    18172.44    27    18
(relay)    41    20    18195.26    18    18158.68    3    1
(advertise)    40    18195.66    20    18
(relay)    41    19    18218.07    18    18195.44    1    1
(relay)    39    32    18302.07    18    18299.66    3    1
(advertise)    40    18302.27    32    18
(relay)    33    13    18340.48    18    18338.55    3    1
(advertise)    40    18340.68    13    18
(relay)    39    35    18363.89    18    18339.81    1    1
(relay)    39    11    18411.09    18    18394.77    1    1
(generate)    40    18434.09    [24]    18
(relay)    33    5    18458.51    18    18388.33    1    1
(relay)    39    25    18459.51    18    18451.99    1    1
(relay)    47    0    18464.71    19    18431    116    1
(advertise)    40    18464.91    0    19
(relay)    47    37    18487.92    18    18480.27    1    1
(relay)    41    48    18505.92    18    18488.08    7    1
(advertise)    40    18506.12    48    18
(relay)    47    42    18530.53    18    18464.28    1    1
(relay)    33    18    18544.73    18    18533.48    1    1
(relay)    47    45    18552.13    18    18514.5    3    1
(advertise)    40    18552.33    45    18
(relay)    41    6    18577.75    19    18564    122    1
(advertise)    40    18577.95    6    19
(relay)    39    28    18615.96    18    18486.4    1    1
(relay)    33    33    18636.16    18    18635.61    5    1
(advertise)    40    18636.36    33    18
(relay)    39    21    18662.97    18    18507.65    1    1
(relay)    39    38    18684.77    18    18621.54    3    1
(advertise)    40    18685.17    38    18
(relay)    47    44    18709.59    18    18691.37    3    1
(advertise)    40    18709.79    44    18
(relay)    39    36    18764.4    18    18729.71    3    1
(advertise)    40    18764.6    36    18
(relay)    39    30    18806.61    18    18803.66    1    1
(relay)    39    43    18831.21    18    18820.13    3    1
(advertise)    40    18831.41    43    18
(relay)    39    29    18855.42    18    18834.0    1    1
(relay)    47    34    18865.02    18    18863.96    3    1
(advertise)    40    18865.22    34    18
(relay)    39    46    18953.44    18    18952.19    5    1
(advertise)    40    18953.64    46    18
(relay)    47    47    19009.25    19    19008.75    7    1
(advertise)    40    19009.45    47    19
(relay)    41    41    19014.26    20    19013.78    7    1
(relay)    39    39    19027.86    19    19026.86    5    2
(advertise)    40    19030.66    41    20
(relay)    33    26    19034.68    19    19029.85    3    2
(advertise)    40    19051.88    39    19
(relay)    39    31    19059.89    19    19059.06    1    2
(advertise)    40    19072.89    26    19
(relay)    33    4    19154.3    19    19152.74    1    1
(relay)    41    27    19172.9    19    19170.8    3    1
(advertise)    40    19173.1    27    19
(relay)    41    20    19196.52    19    19158.69    3    1
(advertise)    40    19196.72    20    19
(relay)    41    19    19217.73    19    19195.61    1    1
(relay)    39    32    19301.93    19    19299.79    3    1
(advertise)    40    19302.13    32    19
(relay)    33    13    19339.74    19    19338.61    3    1
(advertise)    40    19339.94    13    19
(relay)    47    35    19363.35    19    19339.91    1    1
(relay)    41    5    19410.75    19    19388.34    1    1
(relay)    39    11    19413.55    19    19394.94    1    1
(generate)    40    19434.15    [24]    19
(relay)    39    25    19460.57    19    19452.06    1    1
(relay)    39    37    19483.97    19    19480.46    3    1
(advertise)    40    19484.17    37    19
(relay)    47    48    19505.38    19    19488.26    7    1
(advertise)    40    19507.18    48    19
(relay)    47    42    19530.59    19    19464.29    1    1
(relay)    33    18    19548.59    19    19533.62    1    1
(relay)    47    45    19553.99    19    19514.57    3    1
(advertise)    40    19554.19    45    19
(relay)    39    0    19576.41    20    19431    118    1
(advertise)    40    19576.61    0    20
(relay)    33    6    19592.42    20    19564    122    1
(advertise)    40    19599.02    6    20
(relay)    39    38    19622.83    19    19621.6    3    1
(advertise)    40    19623.03    38    19
(relay)    33    33    19636.45    19    19635.8    5    1
(advertise)    40    19645.05    33    19
(relay)    41    12    19685.46    19    19683.76    1    1
(relay)    47    44    19707.26    19    19691.42    3    1
(advertise)    40    19707.46    44    19
(relay)    47    36    19758.67    19    19730.17    1    1
(relay)    39    30    19806.47    19    19803.8    1    1
(relay)    39    43    19831.47    19    19820.24    3    1
(advertise)    40    19831.67    43    19
(relay)    39    29    19854.48    19    19834.16    1    1
(relay)    47    34    19864.88    19    19863.96    3    1
(advertise)    40    19865.08    34    19
(relay)    47    46    19952.9    19    19952.24    5    1
(advertise)    40    19953.1    46    19
(relay)    47    47    20009.91    20    20008.85    7    1
(advertise)    40    20010.11    47    20
(relay)    41    41    20014.92    21    20013.86    7    1
(relay)    39    39    20027.92    20    20027.01    5    2
(advertise)    40    20033.12    41    21
(advertise)    40    20056.54    39    20
(relay)    39    26    20059.95    20    20029.91    1    1
(relay)    39    31    20082.15    20    20059.12    1    1
(relay)    33    4    20154.95    20    20152.92    1    1
(relay)    41    27    20173.95    20    20170.87    3    1
(advertise)    40    20174.15    27    20
(relay)    41    20    20197.36    20    20158.7    3    1
(advertise)    40    20197.76    20    20
(relay)    39    19    20226.78    20    20195.8    1    1
(relay)    39    32    20301.38    20    20299.93    3    1
(advertise)    40    20301.58    32    20
(relay)    33    13    20341.79    20    20338.65    3    1
(advertise)    40    20341.99    13    20
(heartbeat)    24    5    20361.45    40    20365.4    4    4
(advertise)    40    20365.8    24    5
(relay)    39    11    20397.21    20    20395.13    1    1
(relay)    33    5    20419.61    20    20388.35    1    1
(generate)    40    20434.21    [24]    20
(relay)    39    25    20460.03    20    20452.12    1    1
(relay)    39    42    20481.03    20    20465.14    3    1
(advertise)    40    20481.23    42    20
(relay)    47    48    20503.64    20    20488.44    7    1
(advertise)    40    20504.04    48    20
(relay)    47    0    20525.85    21    20431    116    1
(advertise)    40    20526.85    0    21
(relay)    47    37    20549.47    20    20480.49    1    1
(relay)    41    6    20571.27    21    20564    122    1
(advertise)    40    20571.47    6    21
(relay)    39    28    20592.68    20    20486.49    1    1
(relay)    41    45    20593.28    20    20514.9    1    1
(relay)    33    18    20613.68    20    20533.77    1    1
(relay)    47    38    20635.88    20    20621.69    1    1
(relay)    33    33    20636.48    20    20635.97    5    1
(advertise)    40    20636.68    33    20
(relay)    39    21    20661.69    20    20507.83    1    1
(relay)    41    12    20686.69    20    20683.85    1    1
(relay)    47    44    20693.69    20    20691.49    3    1
(advertise)    40    20693.89    44    20
(relay)    39    36    20775.11    20    20730.26    1    1
(relay)    39    30    20806.71    20    20803.99    1    1
(relay)    39    43    20832.11    20    20820.34    3    1
(advertise)    40    20832.31    43    20
(relay)    39    29    20852.92    20    20834.18    1    1
(relay)    33    34    20864.32    20    20864.0    5    1
(advertise)    40    20864.52    34    20
(relay)    39    46    20952.73    20    20952.27    5    1
(advertise)    40    20952.93    46    20
(relay)    47    47    21009.94    21    21008.92    7    1
(advertise)    40    21010.14    47    21
(relay)    41    41    21014.96    22    21013.92    7    1
(relay)    33    26    21033.96    21    21030.0    3    2
(advertise)    40    21034.16    41    22
(relay)    47    39    21053.77    21    21027.05    3    2
(advertise)    40    21055.37    26    21
(advertise)    40    21077.58    39    21
(relay)    39    31    21081.8    21    21059.26    1    1
(relay)    33    4    21157.0    21    21152.94    1    1
(relay)    41    27    21174.2    21    21170.97    3    1
(advertise)    40    21174.4    27    21
(relay)    41    20    21196.61    21    21158.75    3    1
(advertise)    40    21197.61    20    21
(relay)    41    19    21216.62    21    21195.81    1    1
(relay)    39    32    21300.42    21    21300.08    3    1
(advertise)    40    21300.62    32    21
(relay)    33    13    21342.24    21    21338.72    3    1
(advertise)    40    21342.44    13    21
(relay)    33    35    21367.05    21    21340.1    1    1
(relay)    33    5    21393.65    21    21388.38    3    1
(advertise)    40    21393.85    5    21
(relay)    33    11    21418.86    21    21395.14    1    1
(generate)    40    21434.26    [24]    21
(relay)    39    25    21460.67    21    21452.22    1    1
(relay)    47    0    21465.87    22    21431    116    1
(advertise)    40    21466.07    0    22
(relay)    47    37    21488.69    21    21480.51    1    1
(relay)    41    48    21489.49    21    21488.63    7    1
(advertise)    40    21490.09    48    21
(relay)    47    45    21535.9    21    21514.98    3    1
(advertise)    40    21536.1    45    21
(relay)    39    42    21548.71    21    21465.32    3    1
(advertise)    40    21558.31    42    21
(relay)    41    6    21599.13    22    21564    122    1
(advertise)    40    21599.33    6    22
(relay)    33    18    21602.74    21    21533.77    1    1
(relay)    39    38    21623.54    21    21621.78    3    1
(advertise)    40    21623.94    38    21
(relay)    33    33    21636.95    21    21635.99    5    1
(advertise)    40    21645.35    33    21
(relay)    39    21    21671.57    21    21507.92    1    1
(relay)    41    12    21687.17    21    21683.9    1    1
(relay)    41    44    21711.17    21    21691.54    1    1
(relay)    47    36    21735.57    21    21730.33    1    1
(relay)    33    30    21807.77    21    21803.99    1    1
(relay)    47    43    21830.37    21    21820.44    3    1
(advertise)    40    21830.57    43    21
(relay)    39    29    21856.98    21    21834.2    1    1
(relay)    33    34    21864.38    21    21864.01    5    1
(advertise)    40    21864.58    34    21
(relay)    33    46    21954.19    21    21952.31    3    1
(advertise)    40    21954.39    46    21
(relay)    47    47    22010.0    22    22009.02    7    1
(advertise)    40    22010.2    47    22
(relay)    41    41    22015.02    23    22014.01    7    1
(relay)    39    39    22027.22    22    22027.06    5    2
(advertise)    40    22031.42    41    23
(relay)    33    26    22032.83    22    22030.09    3    2
(advertise)    40    22052.43    39    22
(advertise)    40    22074.04    26    22
(relay)    39    31    22079.86    22    22059.3    1    1
(relay)    33    4    22157.26    22    22152.95    1    1
(relay)    41    27    22174.46    22    22171.06    3    1
(advertise)    40    22174.66    27    22
(relay)    33    20    22201.07    22    22158.75    1    1
(relay)    41    19    22203.07    22    22195.81    1    1
(relay)    33    32    22300.87    22    22300.22    3    1
(advertise)    40    22301.07    32    22
(relay)    33    13    22342.68    22    22338.78    3    1
(advertise)    40    22342.88    13    22
(relay)    33    35    22367.3    22    22340.2    1    1
(relay)    33    11    22413.7    22    22395.31    1    1
(generate)    40    22434.3    [24]    22
(relay)    33    25    22460.51    22    22452.33    1    1
(relay)    47    0    22465.91    23    22431    116    1
(advertise)    40    22466.11    0    23
(relay)    47    37    22489.52    22    22480.68    1    1
(relay)    41    48    22490.52    22    22488.82    7    1
(advertise)    40    22490.72    48    22
(relay)    47    42    22534.53    22    22465.49    3    1
(advertise)    40    22534.73    42    22
(relay)    41    45    22558.75    22    22515.08    1    1
(relay)    33    18    22573.35    22    22533.92    1    1
(relay)    41    6    22594.35    23    22564    122    1
(advertise)    40    22594.55    6    23
(relay)    47    38    22626.36    22    22621.85    1    1
(relay)    33    33    22637.16    22    22636.15    5    1
(advertise)    40    22637.36    33    22
(relay)    33    21    22661.37    22    22508.96    1    1
(relay)    41    12    22688.37    22    22683.94    1    1
(relay)    47    44    22696.17    22    22691.59    3    1
(advertise)    40    22696.37    44    22
(relay)    39    36    22735.59    22    22730.42    3    1
(advertise)    40    22735.79    36    22
(relay)    33    30    22809.0    22    22804.14    1    1
(relay)    39    43    22829.8    22    22820.56    3    1
(advertise)    40    22830.0    43    22
(relay)    33    29    22853.61    22    22834.39    1    1
(relay)    41    34    22865.61    22    22864.2    5    1
(advertise)    40    22865.81    34    22
(relay)    33    46    22954.63    22    22952.34    3    1
(advertise)    40    22954.83    46    22
(relay)    47    47    23009.24    23    23009.08    7    1
(advertise)    40    23009.44    47    23
(relay)    41    41    23014.25    24    23014.08    7    1
(relay)    39    39    23027.25    23    23027.25    5    2
(advertise)    40    23031.05    41    24
(advertise)    40    23052.06    39    23
(relay)    39    31    23073.68    23    23059.37    1    1
(relay)    41    26    23077.68    23    23030.15    1    1
(relay)    33    4    23157.68    23    23152.95    1    1
(relay)    41    27    23174.48    23    23171.13    3    1
(advertise)    40    23174.68    27    23
(relay)    41    20    23196.29    23    23158.76    3    1
(advertise)    40    23196.89    20    23
(relay)    41    19    23219.7    23    23195.99    1    1
(relay)    33    32    23300.7    23    23300.39    3    1
(advertise)    40    23300.9    32    23
(relay)    33    13    23343.92    23    23338.87    3    1
(advertise)    40    23344.12    13    23
(relay)    39    35    23368.13    23    23340.3    1    1
(relay)    33    5    23390.73    23    23388.4    1    1
(relay)    33    11    23416.73    23    23395.48    1    1
(generate)    40    23434.33    [24]    23
(relay)    39    25    23458.54    23    23452.42    1    1
(relay)    47    0    23466.34    24    23431    116    1
(advertise)    40    23466.54    0    24
(relay)    41    48    23490.16    23    23488.82    7    1
(advertise)    40    23491.76    48    23
(relay)    39    37    23503.57    23    23480.87    1    1
(relay)    47    45    23532.57    23    23515.18    3    1
(advertise)    40    23532.77    45    23
(relay)    33    18    23554.98    23    23534.05    1    1
(relay)    47    42    23556.78    23    23465.87    1    1
(relay)    41    6    23567.18    24    23564    122    1
(advertise)    40    23567.38    6    24
(relay)    47    38    23626.79    23    23621.91    1    1
(relay)    33    33    23637.19    23    23636.17    5    1
(advertise)    40    23637.39    33    23
(relay)    33    12    23688.81    23    23683.99    1    1
(relay)    47    44    23710.61    23    23691.63    3    1
(advertise)    40    23710.81    44    23
(relay)    39    36    23742.02    23    23730.5    1    1
(relay)    39    30    23808.82    23    23804.31    1    1
(relay)    39    43    23831.42    23    23820.66    3    1
(advertise)    40    23831.62    43    23
(relay)    39    29    23853.63    23    23834.57    1    1
(relay)    41    34    23865.43    23    23864.24    5    1
(advertise)    40    23865.63    34    23
(relay)    39    46    23953.65    23    23952.37    5    1
(advertise)    40    23953.85    46    23
(relay)    47    47    24009.26    24    24009.15    7    1
(advertise)    40    24009.46    47    24
(relay)    41    41    24014.27    25    24014.15    7    1
(relay)    39    39    24027.47    24    24027.41    5    2
(advertise)    40    24032.27    41    25
(advertise)    40    24055.09    39    24
(relay)    39    31    24078.9    24    24059.43    1    1
(relay)    33    4    24158.7    24    24153.15    1    1
(relay)    41    27    24172.7    24    24171.22    3    1
(advertise)    40    24172.9    27    24
(relay)    41    20    24194.11    24    24158.77    3    1
(advertise)    40    24195.11    20    24
(relay)    41    19    24217.92    24    24196.16    1    1
(relay)    33    32    24301.32    24    24300.47    3    1
(advertise)    40    24301.52    32    24
(relay)    47    13    24345.34    24    24338.94    1    1
(relay)    39    35    24366.54    24    24340.41    1    1
(heartbeat)    24    6    24361.47    40    24366.94    4    4
(advertise)    40    24367.14    24    6
(relay)    41    5    24392.55    24    24388.42    1    1
(generate)    40    24434.35    [24]    24
(relay)    39    25    24458.36    24    24452.46    1    1
(relay)    47    0    24465.56    25    24431    116    1
(advertise)    40    24465.76    0    25
(relay)    47    37    24490.38    24    24480.9    1    1
(relay)    41    48    24490.98    24    24488.83    7    1
(advertise)    40    24491.38    48    24
(relay)    47    42    24535.19    24    24465.88    3    1
(advertise)    40    24535.39    42    24
(relay)    33    18    24537.8    24    24534.17    1    1
(relay)    47    45    24557.8    24    24515.31    3    1
(advertise)    40    24559.4    45    24
(relay)    41    6    24597.62    25    24564    122    1
(advertise)    40    24597.82    6    25
(relay)    39    28    24617.03    24    24487.0    1    1
(relay)    47    38    24625.23    24    24622.02    1    1
(relay)    33    33    24636.43    24    24636.36    5    1
(advertise)    40    24636.63    33    24
(relay)    33    21    24652.84    24    24509.14    1    1
(relay)    41    12    24691.04    24    24684.08    1    1
(relay)    47    44    24696.44    24    24691.68    3    1
(advertise)    40    24696.64    44    24
(relay)    39    36    24752.45    24    24730.61    3    1
(advertise)    40    24752.65    36    24
(relay)    39    30    24807.07    24    24804.5    1    1
(relay)    47    43    24829.07    24    24820.76    3    1
(advertise)    40    24829.27    43    24
(relay)    39    29    24853.48    24    24834.59    1    1
(relay)    33    34    24865.48    24    24864.28    5    1
(advertise)    40    24865.68    34    24
(relay)    39    46    24953.69    24    24952.43    5    1
(advertise)    40    24953.89    46    24
(relay)    47    47    25009.31    25    25009.24    7    1
(advertise)    40    25009.51    47    25
(relay)    41    41    25014.32    26    25014.24    7    1
(relay)    39    39    25027.92    25    25027.43    5    2
(advertise)    40    25033.52    41    26
(advertise)    40    25055.13    39    25
(relay)    39    26    25057.15    25    25030.31    1    1
(relay)    33    31    25100.15    25    25059.48    1    1
(relay)    41    27    25171.95    25    25171.29    3    1
(advertise)    40    25172.15    27    25
(relay)    33    19    25202.76    25    25196.31    3    1
(advertise)    40    25202.96    19    25
(relay)    39    32    25301.77    25    25300.66    3    1
(advertise)    40    25301.97    32    25
(relay)    41    13    25342.18    25    25339.04    3    1
(advertise)    40    25342.38    13    25
(relay)    33    5    25392.2    25    25388.44    3    1
(advertise)    40    25392.4    5    25
(relay)    33    11    25417.41    25    25395.66    1    1
(generate)    40    25434.41    [24]    25
(relay)    39    0    25458.62    26    25431    118    1
(advertise)    40    25458.82    0    26
(relay)    33    25    25460.84    25    25452.52    1    1
(relay)    47    42    25485.04    25    25466.06    3    1
(advertise)    40    25485.24    42    25
(relay)    47    48    25507.25    25    25488.84    7    1
(advertise)    40    25507.65    48    25
(relay)    39    37    25526.26    25    25482.28    1    1
(relay)    47    45    25552.06    25    25515.38    3    1
(advertise)    40    25552.26    45    25
(relay)    41    6    25568.28    26    25564    122    1
(advertise)    40    25574.08    6    26
(relay)    39    28    25591.09    25    25487.03    1    1
(relay)    33    18    25599.89    25    25534.31    1    1
(relay)    39    21    25634.69    25    25509.21    1    1
(relay)    33    33    25636.69    25    25636.51    5    1
(advertise)    40    25636.89    33    25
(relay)    39    38    25657.7    25    25622.72    3    1
(advertise)    40    25657.9    38    25
(relay)    41    12    25691.11    25    25684.15    1    1
(relay)    39    44    25702.71    25    25691.74    3    1
(advertise)    40    25702.91    44    25
(relay)    39    36    25733.33    25    25730.66    1    1
(relay)    39    30    25805.73    25    25804.61    1    1
(relay)    47    43    25829.93    25    25820.87    3    1
(advertise)    40    25830.13    43    25
(relay)    39    29    25853.14    25    25834.76    1    1
(relay)    41    34    25866.54    25    25864.3    5    1
(advertise)    40    25866.74    34    25
(relay)    39    46    25954.55    25    25952.47    5    1
(advertise)    40    25954.75    46    25
(relay)    47    47    26009.77    26    26009.3    7    1
(advertise)    40    26009.97    47    26
(relay)    41    41    26014.78    27    26014.29    7    1
(relay)    39    39    26028.18    26    26027.6    5    2
(advertise)    40    26031.58    41    27
(relay)    33    26    26033.59    26    26030.36    3    2
(advertise)    40    26053.19    39    26
(advertise)    40    26076.01    26    26
(relay)    39    31    26081.62    26    26059.51    1    1
(relay)    39    4    26158.42    26    26153.37    1    1
(relay)    41    27    26172.02    26    26171.35    3    1
(advertise)    40    26172.22    27    26
(relay)    41    20    26195.83    26    26159.4    3    1
(advertise)    40    26196.23    20    26
(relay)    41    19    26220.04    26    26196.5    1    1
(relay)    41    13    26341.24    26    26339.1    3    1
(advertise)    40    26341.44    13    26
(relay)    33    5    26394.06    26    26388.46    1    1
(relay)    39    11    26434.06    26    26395.82    1    1
(generate)    40    26434.46    [24]    26
(relay)    33    25    26457.07    26    26452.64    1    1
(relay)    47    0    26461.27    27    26431    116    1
(advertise)    40    26461.47    0    27
(relay)    47    42    26484.48    26    26466.08    1    1
(relay)    41    48    26491.28    26    26489.01    7    1
(advertise)    40    26491.48    48    26
(relay)    47    45    26529.9    26    26515.65    3    1
(advertise)    40    26530.1    45    26
(relay)    33    18    26548.11    26    26534.48    1    1
(relay)    41    6    26572.91    27    26564    122    1
(advertise)    40    26573.11    6    27
(relay)    39    38    26623.12    26    26622.78    3    1
(advertise)    40    26623.32    38    26
(relay)    33    33    26636.74    26    26636.69    5    1
(advertise)    40    26645.94    33    26
(relay)    33    21    26671.15    26    26509.28    1    1
(relay)    41    12    26689.75    26    26684.21    1    1
(relay)    47    44    26694.55    26    26691.79    3    1
(advertise)    40    26694.75    44    26
(relay)    39    36    26742.56    26    26730.73    3    1
(advertise)    40    26742.76    36    26
(relay)    39    43    26829.97    26    26820.98    3    1
(advertise)    40    26830.17    43    26
(relay)    39    29    26855.19    26    26834.77    1    1
(relay)    41    34    26866.59    26    26864.32    5    1
(advertise)    40    26866.79    34    26
(relay)    47    46    26953.8    26    26952.48    5    1
(advertise)    40    26954.0    46    26
(relay)    47    47    27010.01    27    27009.37    7    1
(advertise)    40    27010.21    47    27
(relay)    41    41    27015.03    28    27014.39    7    1
(relay)    39    39    27028.23    27    27027.77    5    2
(advertise)    40    27032.43    41    28
(relay)    33    26    27033.84    27    27030.38    3    2
(advertise)    40    27054.44    39    27
(advertise)    40    27076.05    26    27
(relay)    39    31    27099.27    27    27059.55    1    1
(relay)    41    20    27160.47    27    27159.59    3    1
(advertise)    40    27160.67    20    27
(relay)    33    27    27184.08    27    27171.42    3    1
(advertise)    40    27185.28    27    27
(relay)    33    19    27205.69    27    27196.51    3    1
(advertise)    40    27207.29    19    27
(relay)    33    32    27302.7    27    27300.92    3    1
(advertise)    40    27302.9    32    27
(relay)    41    13    27340.32    27    27339.16    3    1
(advertise)    40    27340.52    13    27
(relay)    39    35    27342.33    27    27340.68    3    1
(advertise)    40    27362.33    35    27
(relay)    33    11    27416.14    27    27395.82    1    1
(generate)    40    27434.54    [24]    27
(relay)    39    25    27459.56    27    27452.73    1    1
(relay)    47    0    27462.16    28    27431    116    1
(advertise)    40    27462.36    0    28
(relay)    47    42    27488.37    27    27467.08    3    1
(advertise)    40    27488.57    42    27
(relay)    39    37    27505.58    27    27482.5    3    1
(relay)    33    5    27505.78    27    27388.47    1    2
(advertise)    40    27510.78    37    27
(relay)    41    48    27512.6    27    27490.03    7    1
(advertise)    40    27533.6    48    27
(relay)    39    45    27549.01    27    27515.74    3    1
(advertise)    40    27555.01    45    27
(relay)    41    6    27580.02    28    27564    122    1
(advertise)    40    27580.42    6    28
(relay)    39    21    27613.63    27    27509.35    1    1
(relay)    47    38    27630.83    27    27622.85    1    1
(relay)    39    18    27636.03    27    27534.67    1    1
(relay)    33    33    27637.23    27    27636.69    5    1
(advertise)    40    27637.43    33    27
(relay)    41    12    27688.65    27    27684.31    1    1
(relay)    47    44    27692.65    27    27691.82    3    1
(advertise)    40    27692.85    44    27
(relay)    39    36    27734.86    27    27730.79    1    1
(relay)    39    30    27806.66    27    27804.94    1    1
(relay)    47    43    27832.86    27    27821.06    3    1
(advertise)    40    27833.06    43    27
(relay)    39    29    27855.67    27    27834.8    1    1
(relay)    41    34    27865.67    27    27864.35    5    1
(advertise)    40    27865.87    34    27
(relay)    47    46    27953.89    27    27952.52    5    1
(advertise)    40    27954.09    46    27
(relay)    47    47    28010.1    28    28009.48    7    1
(advertise)    40    28010.3    47    28
(relay)    41    41    28015.11    29    28014.66    7    1
(relay)    39    39    28028.91    28    28027.94    5    2
(advertise)    40    28031.51    41    29
(relay)    33    26    28033.13    28    28030.44    3    2
(advertise)    40    28052.73    39    28
(advertise)    40    28074.94    26    28
(relay)    39    31    28081.75    28    28059.61    1    1
(relay)    33    4    28155.95    28    28153.39    1    1
(relay)    41    27    28173.35    28    28171.47    3    1
(advertise)    40    28173.55    27    28
(relay)    41    20    28197.56    28    28159.62    3    1
(advertise)    40    28198.36    20    28
(relay)    41    19    28219.18    28    28196.51    1    1
(relay)    33    32    28302.78    28    28301.04    3    1
(advertise)    40    28302.98    32    28
(relay)    33    13    28340.79    28    28339.23    3    1
(advertise)    40    28340.99    13    28
(relay)    47    35    28363.4    28    28340.74    1    1
(heartbeat)    24    7    28361.48    40    28365.2    4    6
(advertise)    40    28365.4    24    7
(relay)    39    11    28412.02    28    28396.21    1    1
(generate)    40    28434.62    [24]    28
(relay)    33    25    28460.43    28    28452.81    1    1
(relay)    47    48    28502.83    28    28490.04    7    1
(advertise)    40    28503.03    48    28
(relay)    33    5    28505.84    28    28388.48    1    1
(relay)    47    37    28524.84    28    28482.67    1    1
(relay)    39    45    28525.84    28    28515.84    3    1
(advertise)    40    28526.04    45    28
(relay)    41    6    28571.06    29    28564    122    1
(advertise)    40    28571.26    6    29
(relay)    39    0    28592.67    29    28431    118    1
(advertise)    40    28593.27    0    29
(relay)    33    18    28594.48    28    28534.83    1    1
(relay)    39    21    28620.48    28    28509.44    1    1
(relay)    33    33    28637.28    28    28636.71    5    1
(advertise)    40    28637.48    33    28
(relay)    39    38    28641.89    28    28622.94    3    1
(advertise)    40    28659.09    38    28
(relay)    41    12    28686.11    28    28684.39    1    1
(relay)    39    44    28717.51    28    28692.48    3    1
(advertise)    40    28717.71    44    28
(relay)    47    36    28749.92    28    28730.88    1    1
(relay)    33    30    28807.32    28    28805.09    1    1
(relay)    39    43    28832.72    28    28821.13    3    1
(advertise)    40    28832.92    43    28
(relay)    39    29    28854.93    28    28834.99    1    1
(relay)    41    34    28864.73    28    28864.38    5    1
(advertise)    40    28864.93    34    28
(relay)    41    46    28953.55    28    28952.57    3    1
(advertise)    40    28953.75    46    28
(relay)    47    47    29010.56    29    29009.56    7    1
(advertise)    40    29010.76    47    29
(relay)    41    41    29015.77    30    29014.76    7    1
(relay)    39    39    29028.97    29    29027.95    5    2
(advertise)    40    29032.77    41    30
(relay)    33    26    29033.99    29    29030.52    3    2
(advertise)    40    29056.19    39    29
(advertise)    40    29078.6    26    29
(relay)    39    31    29084.21    29    29059.68    1    1
(relay)    33    4    29155.01    29    29153.42    1    1
(relay)    41    27    29173.61    29    29171.57    3    1
(advertise)    40    29173.81    27    29
(relay)    41    20    29197.02    29    29159.65    3    1
(advertise)    40    29197.22    20    29
(relay)    41    19    29220.04    29    29196.7    1    1
(relay)    33    32    29303.24    29    29301.21    3    1
(advertise)    40    29303.44    32    29
(relay)    33    13    29340.85    29    29339.33    3    1
(advertise)    40    29341.05    13    29
(relay)    33    35    29362.46    29    29340.86    1    1
(relay)    33    5    29414.26    29    29388.51    3    1
(advertise)    40    29414.46    5    29
(generate)    40    29434.68    [24]    29
(relay)    33    11    29437.09    29    29396.22    1    1
(relay)    39    25    29461.09    29    29452.94    1    1
(relay)    47    37    29485.89    29    29482.84    1    1
(relay)    41    48    29490.49    29    29490.19    7    1
(advertise)    40    29490.69    48    29
(relay)    41    0    29515.5    30    29431    116    1
(advertise)    40    29516.3    0    30
(relay)    47    45    29554.52    29    29515.95    3    1
(advertise)    40    29554.72    45    29
(relay)    39    42    29556.13    29    29467.28    3    1
(relay)    33    18    29571.33    29    29534.98    1    2
(advertise)    40    29577.73    42    29
(relay)    39    28    29601.34    29    29487.18    1    1
(relay)    33    6    29614.34    30    29564    122    1
(advertise)    40    29614.54    6    30
(relay)    33    33    29637.75    29    29637.11    5    1
(advertise)    40    29637.95    33    29
(relay)    39    38    29651.17    29    29623.01    3    1
(advertise)    40    29658.97    38    29
(relay)    41    12    29686.58    29    29684.45    1    1
(relay)    33    21    29702.18    29    29509.53    1    1
(relay)    47    44    29705.78    29    29692.54    3    1
(advertise)    40    29705.98    44    29
(relay)    39    36    29748.19    29    29730.95    1    1
(relay)    39    30    29807.99    29    29805.23    1    1
(relay)    47    43    29833.19    29    29821.24    3    1
(advertise)    40    29833.39    43    29
(relay)    39    29    29855.01    29    29834.99    1    1
(relay)    41    34    29864.81    29    29864.41    5    1
(advertise)    40    29865.01    34    29
(relay)    39    46    29953.22    29    29952.6    5    1
(advertise)    40    29953.42    46    29
