(relay)    38    41    28.4    1    9    122    1
(relay)    44    23    35.6    1    6    120    2
(advertise)    45    39.0    41    1
(advertise)    45    62.01    23    1
(relay)    38    0    438.83    1    431    119    1
(advertise)    45    439.03    0    1
(relay)    38    6    568.24    1    564    119    1
(advertise)    45    568.44    6    1
(relay)    38    23    1006.65    2    1006.05    124    1
(advertise)    45    1006.85    23    2
(relay)    46    47    1028.27    1    1007.05    124    1
(advertise)    45    1028.87    47    1
(relay)    38    39    1051.28    1    1025.07    126    1
(advertise)    45    1052.08    39    1
(relay)    38    41    1072.69    2    1009.47    124    1
(advertise)    45    1074.29    41    2
(relay)    38    31    1095.3    1    1057.09    126    1
(relay)    46    26    1096.3    1    1028.07    123    2
(advertise)    45    1096.7    31    1
(advertise)    45    1119.12    26    1
(relay)    38    4    1156.73    1    1150.12    121    1
(advertise)    45    1156.93    4    1
(relay)    46    27    1180.94    1    1169.14    122    1
(advertise)    45    1181.54    27    1
(relay)    38    20    1202.56    1    1154.54    121    1
(advertise)    45    1204.76    20    1
(relay)    46    19    1226.57    1    1193.16    122    1
(advertise)    45    1227.37    19    1
(relay)    38    14    1251.38    1    1191.16    117    1
(advertise)    45    1251.78    14    1
(relay)    46    32    1298.0    1    1297.2    125    1
(advertise)    45    1298.2    32    1
(relay)    46    35    1344.21    1    1338.01    122    1
(advertise)    45    1344.41    35    1
(relay)    46    13    1365.82    1    1337.01    120    1
(advertise)    45    1368.42    13    1
(relay)    38    8    1389.63    1    1343.02    117    1
(advertise)    45    1391.23    8    1
(relay)    44    9    1413.45    1    1367.02    120    1
(advertise)    45    1413.65    9    1
(relay)    44    2    1436.66    1    1383.03    119    1
(advertise)    45    1437.06    2    1
(relay)    46    40    1439.47    1    1432.05    125    1
(relay)    38    11    1458.87    1    1392.05    122    2
(relay)    44    10    1459.27    1    1405.05    119    3
(advertise)    45    1461.67    40    1
(advertise)    45    1483.29    11    1
(advertise)    45    1504.3    10    1
(relay)    44    37    1506.31    1    1478.09    126    1
(generate)    45    1512.11    [24]    1
(advertise)    45    1526.13    37    1
(relay)    44    42    1528.14    1    1461.09    125    1
(relay)    46    48    1529.74    1    1486.03    125    2
(advertise)    45    1549.54    42    1
(relay)    38    0    1568.55    2    1431    119    2
(advertise)    45    1572.35    48    1
(advertise)    45    1594.36    0    2
(relay)    44    28    1616.38    1    1485.1    123    1
(advertise)    45    1616.58    28    1
(relay)    38    38    1618.19    1    1617.18    127    1
(relay)    38    18    1634.19    1    1531.13    123    2
(advertise)    45    1638.19    38    1
(relay)    44    21    1657.8    1    1505.11    122    2
(advertise)    45    1659.4    18    1
(advertise)    45    1683.02    21    1
(relay)    44    44    1690.63    1    1690.02    127    1
(relay)    38    6    1701.43    2    1564    119    2
(advertise)    45    1706.63    44    1
(relay)    38    25    1722.64    1    1450.07    118    2
(advertise)    45    1729.24    6    2
(advertise)    45    1750.86    25    1
(relay)    44    5    1766.87    1    1388.0    118    1
(relay)    38    33    1767.27    1    1633.16    124    2
(advertise)    45    1774.87    5    1
(relay)    44    36    1792.28    1    1727.04    125    2
(advertise)    45    1796.28    33    1
(relay)    38    22    1817.09    1    1608.16    123    2
(advertise)    45    1817.89    36    1
(advertise)    45    1839.11    22    1
(relay)    44    43    1859.52    1    1818.09    126    1
(advertise)    45    1862.32    43    1
(relay)    46    17    1863.73    1    1680.02    122    1
(relay)    44    15    1882.53    1    1701.02    122    2
(advertise)    45    1883.33    17    1
(relay)    38    30    1885.95    1    1801.08    125    2
(advertise)    45    1905.95    15    1
(relay)    44    29    1925.96    1    1832.11    124    2
(advertise)    45    1927.76    30    1
(relay)    46    12    1931.17    1    1681.02    121    2
(advertise)    45    1949.77    29    1
(relay)    46    46    1951.79    1    1951.16    127    2
(advertise)    45    1973.39    12    1
(advertise)    45    1995.6    46    1
(relay)    44    16    1996.81    1    1919.16    121    1
(relay)    46    34    1999.61    1    1862.91    123    2
(advertise)    45    2016.61    16    1
(relay)    46    47    2020.82    2    2007.19    126    2
(relay)    44    23    2031.22    3    2006.2    122    3
(advertise)    45    2039.62    34    1
(advertise)    45    2061.64    47    2
(relay)    46    39    2065.25    2    2025.2    126    2
(advertise)    45    2084.45    23    3
(advertise)    45    2105.86    39    2
(relay)    44    3    2119.48    1    1890.13    118    1
(advertise)    45    2128.48    3    1
(relay)    46    41    2133.69    3    2009.57    124    1
(advertise)    45    2150.29    41    3
(relay)    46    31    2156.3    2    2057.22    124    1
(relay)    44    1    2164.1    1    1938.11    120    2
(advertise)    45    2172.9    31    2
(relay)    46    26    2194.52    2    2028.2    121    2
(advertise)    45    2195.72    1    1
(advertise)    45    2217.33    26    2
(relay)    46    27    2242.54    2    2169.28    122    1
(advertise)    45    2243.54    27    2
(relay)    44    14    2274.35    2    2191.32    121    1
(advertise)    45    2274.55    14    2
(relay)    44    4    2296.37    2    2151.08    119    1
(advertise)    45    2296.77    4    2
(relay)    38    20    2310.58    2    2154.68    119    1
(advertise)    45    2317.78    20    2
(relay)    38    32    2333.99    2    2297.37    125    1
(relay)    44    19    2340.39    2    2193.3    116    2
(advertise)    45    2340.59    32    2
(advertise)    45    2363.61    19    2
(relay)    38    13    2377.02    2    2337.19    120    1
(relay)    44    35    2382.62    2    2338.19    124    2
(advertise)    45    2386.62    13    2
(advertise)    45    2410.03    35    2
(relay)    46    11    2412.05    2    2392.22    122    1
(relay)    44    8    2429.05    2    2343.21    121    2
(advertise)    45    2432.45    11    2
(relay)    38    9    2446.86    2    2367.21    122    2
(advertise)    45    2455.26    8    2
(relay)    44    42    2472.47    2    2461.26    125    2
(advertise)    45    2476.87    9    2
(relay)    38    40    2492.88    2    2433.03    125    2
(advertise)    45    2498.88    42    2
(generate)    45    2512.3    [24]    2
(relay)    38    37    2515.51    2    2478.27    126    2
(relay)    46    5    2519.91    2    2388.01    120    3
(advertise)    45    2520.11    40    2
(advertise)    45    2541.72    37    2
(advertise)    45    2564.14    5    2
(relay)    38    2    2580.55    2    2383.22    119    1
(advertise)    45    2585.35    2    2
(relay)    46    48    2587.96    2    2486.18    125    1
(relay)    38    25    2604.76    2    2450.26    124    2
(advertise)    45    2607.36    48    2
(relay)    38    38    2618.37    2    2617.36    127    2
(relay)    38    28    2626.37    2    2485.28    123    3
(advertise)    45    2629.97    25    2
(relay)    38    10    2649.59    2    2405.23    121    3
(advertise)    45    2651.39    38    2
(advertise)    45    2672.4    28    2
(relay)    44    44    2691.21    2    2690.2    127    2
(advertise)    45    2693.61    10    2
(advertise)    45    2714.83    44    2
(relay)    46    33    2738.04    2    2633.35    124    1
(advertise)    45    2738.64    33    2
(relay)    38    7    2739.85    2    2453.24    120    1
(advertise)    45    2760.25    7    2
(relay)    38    0    2786.67    3    2431    117    1
(advertise)    45    2786.87    0    3
(relay)    46    6    2827.28    3    2564    119    1
(advertise)    45    2827.48    6    3
(relay)    38    21    2829.69    2    2505.3    122    1
(relay)    44    18    2831.89    2    2531.31    121    2
(advertise)    45    2849.69    21    2
(relay)    38    36    2853.7    2    2727.23    125    2
(advertise)    45    2870.7    18    2
(relay)    44    43    2878.52    2    2818.28    126    2
(relay)    46    12    2892.32    2    2681.19    121    3
(advertise)    45    2892.52    36    2
(relay)    38    22    2896.73    2    2608.36    123    3
(relay)    46    17    2912.53    2    2680.19    122    4
(advertise)    45    2915.33    43    2
(advertise)    45    2937.54    12    2
(relay)    38    30    2941.56    2    2801.28    125    3
(relay)    46    46    2951.96    2    2951.34    127    4
(advertise)    45    2960.16    22    2
(relay)    38    15    2966.97    2    2701.2    122    4
(relay)    46    34    2978.77    2    2863.09    123    5
(advertise)    45    2982.37    17    2
(advertise)    45    3004.98    30    2
(advertise)    45    3028.2    46    2
(relay)    38    29    3033.01    2    2832.29    124    3
(relay)    46    47    3045.61    3    3007.37    126    4
(advertise)    45    3049.41    15    2
(relay)    46    39    3068.82    3    3025.4    126    4
(advertise)    45    3070.62    34    2
(relay)    44    23    3078.23    4    3006.4    124    4
(advertise)    45    3093.03    29    2
(relay)    44    16    3101.25    2    2919.34    121    4
(relay)    46    41    3112.45    4    3009.77    124    5
(advertise)    45    3115.05    47    3
(advertise)    45    3137.66    39    3
(relay)    38    31    3141.87    3    3057.42    126    4
(advertise)    45    3159.87    23    4
(advertise)    45    3181.69    16    2
(relay)    38    3    3186.9    2    2890.3    120    3
(advertise)    45    3205.1    41    4
(advertise)    45    3227.31    31    3
(advertise)    45    3249.13    3    2
(relay)    38    26    3253.74    3    3028.4    123    1
(relay)    44    1    3257.94    2    2938.68    118    2
(advertise)    45    3270.94    26    3
(relay)    44    14    3278.95    3    3191.5    121    2
(advertise)    45    3292.55    1    2
(advertise)    45    3315.16    14    3
(relay)    38    32    3319.98    3    3297.55    125    1
(advertise)    45    3338.18    32    3
(relay)    38    27    3342.59    3    3169.47    122    1
(advertise)    45    3361.79    27    3
(relay)    46    4    3365.2    3    3151.25    121    1
(advertise)    45    3386.2    4    3
(relay)    46    19    3388.82    3    3193.49    122    1
(relay)    44    20    3389.62    3    3154.86    117    2
(advertise)    45    3408.22    19    3
(relay)    44    35    3411.63    3    3338.39    124    2
(advertise)    45    3431.63    20    3
(relay)    38    8    3453.44    3    3343.39    121    2
(advertise)    45    3454.64    35    3
(advertise)    45    3476.06    8    3
(relay)    44    9    3478.07    3    3367.39    120    1
(relay)    46    13    3478.87    3    3337.38    120    2
(advertise)    45    3497.27    9    3
(relay)    38    37    3498.48    3    3478.47    126    2
(generate)    45    3512.48    [24]    3
(relay)    38    25    3519.49    3    3450.44    124    3
(advertise)    45    3519.69    13    3
(relay)    44    42    3526.31    3    3461.46    125    3
(advertise)    45    3541.31    37    3
(relay)    46    48    3544.72    3    3486.36    125    3
(advertise)    45    3562.52    25    3
(relay)    38    28    3563.73    3    3485.47    123    3
(advertise)    45    3586.13    42    3
(advertise)    45    3608.95    48    3
(relay)    38    38    3617.56    3    3617.56    127    2
(advertise)    45    3630.96    28    3
(relay)    44    2    3636.57    3    3383.42    121    2
(advertise)    45    3651.97    38    3
(relay)    46    11    3655.99    3    3392.42    122    2
(relay)    44    21    3659.39    3    3505.48    122    3
(advertise)    45    3674.19    2    3
(relay)    44    44    3691.4    3    3690.4    127    3
(advertise)    45    3695.8    11    3
(advertise)    45    3719.01    21    3
(advertise)    45    3740.42    44    3
(relay)    38    7    3743.84    3    3453.44    120    1
(relay)    46    33    3744.84    3    3633.55    124    2
(relay)    44    0    3752.24    4    3431    119    3
(advertise)    45    3763.64    7    3
(relay)    38    10    3766.65    3    3405.43    121    3
(relay)    46    5    3767.05    3    3388.03    120    4
(relay)    44    40    3774.85    3    3433.23    121    5
(advertise)    45    3785.45    33    3
(advertise)    45    3807.46    0    4
(relay)    44    36    3816.28    3    3727.42    125    4
(advertise)    45    3830.48    10    3
(relay)    38    18    3833.89    3    3531.49    123    4
(advertise)    45    3851.89    5    3
(relay)    44    43    3862.1    3    3818.48    126    4
(advertise)    45    3873.7    40    3
(advertise)    45    3895.12    36    3
(relay)    44    22    3905.13    3    3608.56    121    3
(advertise)    45    3916.93    18    3
(advertise)    45    3939.14    43    3
(relay)    46    12    3941.15    3    3682.59    121    2
(relay)    38    6    3943.35    4    3564    119    3
(relay)    44    29    3949.75    3    3832.49    124    4
(relay)    46    46    3952.55    3    3951.54    127    5
(advertise)    45    3960.55    22    3
(relay)    38    30    3965.37    3    3801.45    125    5
(advertise)    45    3983.57    12    3
(advertise)    45    4004.78    6    4
(advertise)    45    4027.79    29    3
(relay)    46    34    4030.41    3    3863.29    123    3
(advertise)    45    4049.81    46    3
(relay)    46    47    4052.62    4    4007.57    126    3
(relay)    44    15    4061.82    3    3701.4    122    4
(advertise)    45    4071.02    30    3
(relay)    46    39    4074.63    4    4025.58    126    4
(relay)    38    17    4076.83    3    3680.39    122    5
(advertise)    45    4094.03    34    3
(advertise)    45    4117.05    47    4
(relay)    44    23    4126.46    5    4006.99    122    4
(advertise)    45    4138.26    15    3
(advertise)    45    4161.07    39    4
(relay)    46    41    4163.08    5    4009.97    124    3
(relay)    38    31    4164.48    4    4057.62    126    4
(relay)    44    16    4171.08    3    3919.54    121    5
(advertise)    45    4184.48    17    3
(advertise)    45    4207.5    23    5
(advertise)    45    4230.71    41    5
(relay)    44    3    4237.92    3    3890.49    120    3
(advertise)    45    4252.52    31    4
(relay)    38    1    4274.34    3    3938.86    120    3
(relay)    46    26    4274.54    4    4028.59    123    4
(advertise)    45    4274.74    16    3
(advertise)    45    4297.75    3    3
(advertise)    45    4319.76    1    3
(relay)    44    14    4326.18    4    4191.68    121    2
(advertise)    45    4340.98    26    4
(relay)    44    32    4347.79    4    4297.75    123    2
(advertise)    45    4364.59    14    4
(relay)    46    20    4385.0    4    4155.06    121    2
(relay)    38    27    4386.0    4    4169.67    122    3
(advertise)    45    4389.8    32    4
(relay)    44    35    4394.61    4    4338.58    124    3
(advertise)    45    4412.01    20    4
(relay)    44    4    4418.23    4    4151.45    117    3
(advertise)    45    4435.23    27    4
(relay)    46    19    4448.44    4    4193.68    120    3
(heartbeat)    24    1    4361.4    45    4451.04    127    0
(advertise)    45    4457.24    35    4
(advertise)    45    4478.25    4    4
(advertise)    45    4499.47    19    4
(relay)    44    37    4505.48    4    4478.65    4    2
(generate)    45    4512.68    [24]    4
(relay)    46    40    4516.89    4    4433.43    125    3
(advertise)    45    4522.49    24    1
(relay)    44    8    4527.31    4    4343.59    121    3
(advertise)    45    4544.91    37    4
(relay)    46    48    4559.32    4    4486.55    125    3
(advertise)    45    4566.12    40    4
(relay)    44    42    4574.53    4    4461.61    123    3
(relay)    46    11    4581.93    4    4392.43    122    4
(advertise)    45    4587.33    8    4
(relay)    38    9    4606.34    4    4367.59    120    4
(advertise)    45    4608.34    48    4
(relay)    38    38    4617.76    4    4617.76    4    4
(advertise)    45    4629.96    42    4
(relay)    44    28    4643.37    4    4485.67    2    4
(relay)    38    10    4649.37    4    4405.63    121    5
(advertise)    45    4651.37    11    4
(relay)    46    13    4667.38    4    4337.58    120    5
(advertise)    45    4674.38    9    4
(relay)    44    2    4687.2    4    4383.61    121    5
(relay)    44    44    4691.6    4    4690.6    6    6
(advertise)    45    4696.6    38    4
(advertise)    45    4718.21    28    4
(advertise)    45    4740.22    10    4
(relay)    44    21    4754.24    4    4505.68    2    4
(relay)    46    5    4756.84    4    4388.04    120    5
(advertise)    45    4762.64    13    4
(relay)    46    33    4780.25    4    4633.74    2    5
(advertise)    45    4784.65    2    4
(relay)    44    7    4798.46    4    4453.64    120    5
(advertise)    45    4806.66    44    4
(advertise)    45    4828.47    21    4
(relay)    44    43    4843.69    4    4818.67    6    4
(relay)    46    6    4847.29    5    4564    119    5
(advertise)    45    4849.69    5    4
(relay)    44    36    4868.3    4    4728.64    4    5
(advertise)    45    4870.7    33    4
(relay)    46    0    4880.11    5    4431    113    5
(advertise)    45    4891.91    7    4
(advertise)    45    4913.13    43    4
(relay)    38    22    4916.74    4    4608.76    2    4
(relay)    46    34    4923.14    4    4863.46    2    5
(advertise)    45    4934.14    6    5
(relay)    38    30    4938.95    4    4801.65    2    5
(relay)    46    46    4952.75    4    4951.74    6    6
(advertise)    45    4956.55    36    4
(advertise)    45    4979.57    0    5
(advertise)    45    5001.78    22    4
(relay)    46    47    5009.19    5    5007.77    6    4
(advertise)    45    5023.59    34    4
(relay)    38    29    5026.4    4    4832.67    2    4
(relay)    46    39    5032.0    5    5025.78    4    5
(advertise)    45    5045.4    30    4
(relay)    46    41    5055.22    6    5010.17    4    5
(advertise)    45    5067.62    46    4
(relay)    38    31    5070.43    5    5057.82    2    5
(advertise)    45    5089.43    47    5
(advertise)    45    5110.44    29    4
(advertise)    45    5131.66    39    5
(advertise)    45    5152.67    41    6
(advertise)    45    5174.48    31    5
(relay)    46    32    5299.7    5    5297.87    2    1
(advertise)    45    5299.9    32    5
(relay)    46    35    5341.11    5    5338.66    2    1
(advertise)    45    5341.31    35    5
(relay)    44    40    5435.12    5    5433.46    2    1
(advertise)    45    5435.32    40    5
(relay)    44    0    5461.53    6    5431    119    1
(advertise)    45    5461.73    0    6
(relay)    44    37    5484.15    5    5478.8    4    1
(advertise)    45    5484.95    37    5
(relay)    44    42    5505.16    5    5461.79    6    1
(advertise)    45    5507.56    42    5
(generate)    45    5512.77    [24]    5
(relay)    46    48    5530.79    5    5486.73    4    1
(advertise)    45    5530.99    48    5
(relay)    46    6    5583.6    6    5564    119    1
(advertise)    45    5583.8    6    6
(relay)    44    21    5607.81    5    5505.73    2    1
(advertise)    45    5608.01    21    5
(relay)    38    38    5617.83    5    5617.81    4    1
(advertise)    45    5629.43    38    5
(relay)    46    33    5655.64    5    5633.9    2    1
(advertise)    45    5655.84    33    5
(relay)    38    22    5683.85    5    5608.77    2    1
(advertise)    45    5684.25    22    5
(relay)    44    44    5691.86    5    5690.79    6    1
(advertise)    45    5706.26    44    5
(relay)    44    36    5730.88    5    5728.64    4    1
(advertise)    45    5731.68    36    5
(relay)    38    43    5824.89    5    5818.86    4    1
(advertise)    45    5825.09    43    5
(relay)    38    29    5848.3    5    5832.78    2    1
(advertise)    45    5848.5    29    5
(relay)    46    34    5868.32    5    5863.51    2    1
(advertise)    45    5869.52    34    5
(relay)    46    46    5952.73    5    5951.8    6    1
(advertise)    45    5952.93    46    5
(relay)    46    47    6009.14    6    6007.84    6    1
(advertise)    45    6009.34    47    6
(relay)    38    39    6033.36    6    6025.83    4    1
(advertise)    45    6033.96    39    6
(relay)    38    31    6058.57    6    6057.96    2    1
(advertise)    45    6058.97    31    6
(relay)    38    41    6080.18    7    6010.24    2    1
(advertise)    45    6082.18    41    7
(relay)    46    32    6301.39    6    6297.98    2    1
(advertise)    45    6301.59    32    6
(relay)    38    35    6339.81    6    6338.74    4    1
(advertise)    45    6340.01    35    6
(relay)    46    40    6434.22    6    6433.5    4    1
(advertise)    45    6434.42    40    6
(relay)    44    0    6458.03    7    6431    119    1
(advertise)    45    6458.23    0    7
(relay)    38    42    6480.45    6    6461.99    4    1
(advertise)    45    6480.65    42    6
(relay)    44    37    6504.46    6    6478.98    4    1
(advertise)    45    6504.86    37    6
(generate)    45    6512.87    [24]    6
(relay)    44    48    6573.09    6    6486.91    2    1
(advertise)    45    6573.29    48    6
(relay)    38    21    6590.1    6    6505.82    2    1
(advertise)    45    6595.9    21    6
(relay)    38    38    6617.91    6    6617.89    4    1
(advertise)    45    6618.31    38    6
(relay)    38    6    6635.72    7    6564    119    1
(advertise)    45    6640.52    6    7
(relay)    46    33    6663.74    6    6634.07    2    1
(advertise)    45    6663.94    33    6
(relay)    44    44    6690.95    6    6690.83    6    1
(advertise)    45    6691.15    44    6
(relay)    44    36    6740.56    6    6728.71    4    1
(advertise)    45    6740.76    36    6
(relay)    38    30    6802.38    6    6801.88    2    1
(advertise)    45    6802.58    30    6
(relay)    44    43    6824.19    6    6818.98    6    1
(advertise)    45    6824.79    43    6
(relay)    44    29    6846.4    6    6832.96    2    1
(advertise)    45    6847.8    29    6
(relay)    46    34    6870.82    6    6863.54    2    1
(advertise)    45    6871.82    34    6
(relay)    46    46    6952.83    6    6951.82    6    1
(advertise)    45    6953.03    46    6
(relay)    46    47    7009.24    7    7007.91    6    1
(advertise)    45    7009.44    47    7
(relay)    46    39    7031.45    7    7025.85    4    1
(advertise)    45    7032.85    39    7
(relay)    46    41    7051.67    8    7010.27    4    1
(advertise)    45    7055.87    41    8
(relay)    38    31    7075.28    7    7058.06    2    1
(advertise)    45    7077.88    31    7
(relay)    38    35    7339.89    7    7338.83    4    1
(advertise)    45    7340.09    35    7
(relay)    38    40    7434.51    7    7433.54    4    1
(advertise)    45    7434.71    40    7
(relay)    44    37    7481.52    7    7479.15    4    1
(advertise)    45    7481.72    37    7
(relay)    44    42    7502.13    7    7462.18    6    1
(advertise)    45    7502.73    42    7
(relay)    46    48    7504.75    7    7486.92    6    1
(generate)    45    7512.95    [24]    7
(advertise)    45    7526.76    48    7
(relay)    44    28    7570.17    7    7485.92    2    1
(advertise)    45    7570.37    28    7
(relay)    46    0    7573.78    8    7431    113    1
(advertise)    45    7591.98    0    8
(relay)    38    6    7595.4    8    7564    119    1
(advertise)    45    7615.2    6    8
(relay)    38    38    7618.01    7    7617.97    4    1
(relay)    46    33    7637.21    7    7634.24    2    2
(advertise)    45    7638.81    38    7
(advertise)    45    7660.22    33    7
(relay)    38    22    7682.24    7    7608.93    2    1
(advertise)    45    7683.24    22    7
(relay)    44    44    7691.05    7    7690.87    6    1
(advertise)    45    7704.85    44    7
(relay)    44    36    7739.66    7    7728.8    4    1
(advertise)    45    7739.86    36    7
(relay)    44    30    7803.28    7    7802.02    2    1
(advertise)    45    7803.48    30    7
(relay)    44    43    7825.49    7    7819.1    6    1
(advertise)    45    7825.69    43    7
(relay)    44    29    7847.5    7    7833.15    2    1
(advertise)    45    7848.7    29    7
(relay)    46    34    7866.51    7    7863.55    2    1
(advertise)    45    7870.11    34    7
(relay)    38    46    7953.33    7    7951.85    4    1
(advertise)    45    7953.53    46    7
(relay)    46    47    8009.14    8    8007.96    6    1
(advertise)    45    8009.34    47    8
(relay)    46    39    8030.95    8    8025.85    4    1
(advertise)    45    8031.75    39    8
(relay)    46    41    8050.97    9    8010.55    4    1
(advertise)    45    8054.37    41    9
(relay)    38    31    8076.38    8    8058.11    2    1
(advertise)    45    8077.18    31    8
(relay)    46    32    8301.79    8    8298.31    2    1
(advertise)    45    8301.99    32    8
(relay)    38    35    8339.81    8    8338.91    4    1
(advertise)    45    8340.01    35    8
(heartbeat)    24    2    8361.41    45    8363.42    3    3
(advertise)    45    8363.82    24    2
(relay)    46    40    8435.63    8    8433.6    4    1
(advertise)    45    8435.83    40    8
(relay)    38    0    8461.04    9    8431    119    1
(advertise)    45    8461.24    0    9
(relay)    38    37    8482.46    8    8479.16    4    1
(advertise)    45    8483.06    37    8
(relay)    44    42    8502.87    8    8462.19    6    1
(advertise)    45    8504.67    42    8
(relay)    46    48    8508.48    8    8486.96    6    1
(generate)    45    8513.08    [24]    8
(advertise)    45    8528.3    48    8
(relay)    46    6    8592.11    9    8564    119    1
(advertise)    45    8592.31    6    9
(relay)    38    38    8618.72    8    8618.07    4    1
(advertise)    45    8618.92    38    8
(relay)    38    21    8620.54    8    8505.99    2    1
(advertise)    45    8640.94    21    8
(relay)    46    33    8646.35    8    8634.43    2    1
(advertise)    45    8663.75    33    8
(relay)    38    22    8682.96    8    8609.02    2    1
(advertise)    45    8685.96    22    8
(relay)    44    44    8690.97    8    8690.95    6    1
(advertise)    45    8707.97    44    8
(relay)    44    36    8730.99    8    8728.83    4    1
(advertise)    45    8731.79    36    8
(relay)    38    30    8804.2    8    8802.2    2    1
(advertise)    45    8804.4    30    8
(relay)    44    43    8828.21    8    8819.21    6    1
(advertise)    45    8829.41    43    8
(relay)    44    29    8851.83    8    8833.19    2    1
(advertise)    45    8854.43    29    8
(relay)    46    34    8866.24    8    8863.57    2    1
(advertise)    45    8875.44    34    8
(relay)    46    46    8952.05    8    8951.9    6    1
(advertise)    45    8952.25    46    8
(relay)    46    47    9010.27    9    9008.02    6    1
(advertise)    45    9010.47    47    9
(relay)    46    39    9032.88    9    9025.89    4    1
(advertise)    45    9033.48    39    9
(relay)    46    41    9053.49    10    9011.39    4    1
(advertise)    45    9056.09    41    10
(relay)    38    31    9082.5    9    9058.23    2    1
(advertise)    45    9082.9    31    9
(relay)    38    32    9300.92    9    9298.4    2    1
(advertise)    45    9301.12    32    9
(relay)    46    40    9435.73    9    9433.64    4    1
(advertise)    45    9435.93    40    9
(relay)    44    0    9463.54    10    9431    119    1
(advertise)    45    9463.74    0    10
(relay)    44    37    9484.56    9    9479.17    4    1
(advertise)    45    9486.96    37    9
(generate)    45    9513.17    [24]    9
(relay)    46    48    9535.98    9    9486.97    4    1
(advertise)    45    9536.18    48    9
(relay)    38    28    9559.0    9    9485.99    2    1
(advertise)    45    9559.4    28    9
(relay)    38    42    9579.41    9    9462.2    4    1
(advertise)    45    9581.41    42    9
(relay)    44    21    9603.82    9    9506.03    2    1
(advertise)    45    9604.62    21    9
(relay)    38    6    9617.84    10    9564    119    1
(relay)    38    38    9619.04    9    9618.38    4    2
(advertise)    45    9627.84    6    10
(relay)    46    33    9642.45    9    9634.59    2    2
(advertise)    45    9649.85    38    9
(advertise)    45    9670.86    33    9
(relay)    38    22    9680.87    9    9609.09    2    1
(relay)    44    44    9691.07    9    9691.01    6    2
(advertise)    45    9692.27    22    9
(advertise)    45    9714.29    44    9
(relay)    44    36    9733.3    9    9728.89    4    1
(advertise)    45    9735.7    36    9
(relay)    44    30    9804.31    9    9802.36    2    1
(advertise)    45    9804.51    30    9
(relay)    44    43    9826.13    9    9819.31    6    1
(advertise)    45    9827.33    43    9
(relay)    44    29    9846.14    9    9833.38    2    1
(advertise)    45    9849.94    29    9
(relay)    46    34    9864.75    9    9863.58    2    1
(advertise)    45    9871.75    34    9
(relay)    46    46    9951.97    9    9951.94    6    1
(advertise)    45    9952.17    46    9
(relay)    46    47    10010.38    10    10008.11    6    1
(advertise)    45    10010.58    47    10
(relay)    46    39    10030.39    10    10026.11    4    1
(advertise)    45    10032.59    39    10
(relay)    38    31    10060.0    10    10058.26    2    1
(advertise)    45    10060.2    31    10
(relay)    44    35    10341.02    10    10339.1    4    1
(advertise)    45    10341.22    35    10
(relay)    38    40    10435.63    10    10433.72    4    1
(advertise)    45    10435.83    40    10
(relay)    38    0    10463.24    11    10431    119    1
(advertise)    45    10463.44    0    11
(relay)    38    37    10483.26    10    10479.34    4    1
(advertise)    45    10485.26    37    10
(relay)    44    42    10505.67    10    10462.22    6    1
(advertise)    45    10508.27    42    10
(generate)    45    10513.28    [24]    10
(relay)    38    28    10556.1    10    10486.01    2    1
(advertise)    45    10556.3    28    10
(relay)    38    6    10595.71    11    10564    119    1
(advertise)    45    10595.91    6    11
(relay)    38    38    10618.92    10    10618.43    4    1
(advertise)    45    10619.12    38    10
(relay)    38    21    10620.93    10    10506.09    2    1
(advertise)    45    10640.13    21    10
(relay)    38    22    10644.75    10    10609.18    2    1
(relay)    46    33    10646.95    10    10634.59    2    2
(advertise)    45    10662.35    22    10
(advertise)    45    10684.36    33    10
(relay)    44    44    10691.57    10    10691.04    6    1
(advertise)    45    10707.77    44    10
(relay)    44    36    10731.99    10    10728.94    4    1
(advertise)    45    10732.19    36    10
(relay)    44    43    10826.4    10    10819.41    6    1
(advertise)    45    10826.6    43    10
(relay)    44    29    10849.81    10    10833.57    2    1
(advertise)    45    10850.81    29    10
(relay)    46    34    10865.83    10    10863.6    2    1
(advertise)    45    10873.23    34    10
(relay)    46    46    10952.04    10    10951.96    6    1
(advertise)    45    10952.24    46    10
(relay)    46    47    11010.45    11    11008.18    6    1
(advertise)    45    11010.65    47    11
(relay)    46    39    11031.66    11    11026.26    4    1
(advertise)    45    11032.26    39    11
(relay)    46    41    11054.88    12    11011.74    4    1
(advertise)    45    11055.68    41    12
(relay)    38    31    11080.89    11    11058.29    2    1
(advertise)    45    11081.09    31    11
(relay)    46    32    11299.3    11    11298.71    2    1
(advertise)    45    11299.5    32    11
(relay)    38    35    11341.92    11    11339.17    4    1
(advertise)    45    11342.12    35    11
(relay)    38    40    11435.93    11    11433.77    4    1
(advertise)    45    11436.13    40    11
(relay)    38    37    11480.14    11    11479.53    4    1
(advertise)    45    11480.34    37    11
(relay)    44    48    11506.36    11    11487.35    2    1
(advertise)    45    11506.56    48    11
(generate)    45    11513.37    [24]    11
(relay)    38    42    11548.58    11    11462.24    4    1
(advertise)    45    11548.78    42    11
(relay)    38    28    11570.19    11    11486.02    2    1
(advertise)    45    11570.79    28    11
(relay)    46    6    11593.41    12    11564    117    1
(advertise)    45    11594.21    6    12
(relay)    38    21    11595.82    11    11506.15    2    1
(advertise)    45    11617.42    21    11
(relay)    38    38    11619.63    11    11618.53    4    1
(relay)    46    33    11639.23    11    11634.75    2    2
(advertise)    45    11640.83    38    11
(relay)    44    22    11642.25    11    11609.25    2    2
(advertise)    45    11662.05    33    11
(advertise)    45    11683.46    22    11
(relay)    44    44    11691.67    11    11691.08    6    1
(advertise)    45    11706.07    44    11
(relay)    46    36    11753.69    11    11729.04    2    1
(advertise)    45    11753.89    36    11
(relay)    38    30    11805.9    11    11802.68    2    1
(advertise)    45    11806.1    30    11
(relay)    38    43    11829.71    11    11819.52    4    1
(advertise)    45    11830.11    43    11
(relay)    44    29    11850.72    11    11833.59    2    1
(advertise)    45    11853.92    29    11
(relay)    46    34    11866.94    11    11863.62    2    1
(advertise)    45    11875.34    34    11
(relay)    46    46    11952.55    11    11951.98    6    1
(advertise)    45    11952.75    46    11
(relay)    46    47    12008.76    12    12008.26    6    1
(advertise)    45    12009.16    47    12
(relay)    38    39    12030.58    12    12026.27    4    1
(advertise)    45    12031.18    39    12
(relay)    46    41    12057.59    13    12012.64    4    1
(advertise)    45    12058.39    41    13
(relay)    38    35    12343.0    12    12339.26    4    1
(advertise)    45    12343.2    35    12
(heartbeat)    24    3    12361.43    45    12368.22    3    3
(advertise)    45    12368.42    24    3
(relay)    38    40    12437.23    12    12433.83    4    1
(advertise)    45    12437.43    40    12
(relay)    44    42    12464.24    12    12462.42    6    1
(advertise)    45    12464.44    42    12
(relay)    44    37    12485.85    12    12479.53    4    1
(advertise)    45    12486.85    37    12
(relay)    38    0    12509.07    13    12431    119    1
(advertise)    45    12509.87    0    13
(generate)    45    12513.48    [24]    12
(relay)    38    48    12551.69    12    12487.51    4    1
(advertise)    45    12551.89    48    12
(relay)    38    21    12574.11    12    12506.21    2    1
(advertise)    45    12574.91    21    12
(relay)    38    38    12619.72    12    12618.62    4    1
(advertise)    45    12619.92    38    12
(relay)    38    6    12622.53    13    12564    119    1
(advertise)    45    12641.93    6    13
(relay)    46    33    12664.15    12    12634.77    2    1
(advertise)    45    12664.55    33    12
(relay)    44    44    12691.76    12    12691.14    6    1
(advertise)    45    12691.96    44    12
(relay)    44    36    12748.17    12    12729.12    4    1
(advertise)    45    12748.37    36    12
(relay)    38    22    12771.98    12    12609.34    2    1
(advertise)    45    12772.38    22    12
(relay)    38    30    12806.0    12    12802.68    2    1
(advertise)    45    12806.2    30    12
(relay)    44    43    12826.21    12    12819.61    6    1
(advertise)    45    12828.61    43    12
(relay)    44    29    12850.62    12    12833.76    2    1
(advertise)    45    12850.82    29    12
(relay)    46    34    12867.24    12    12863.64    2    1
(advertise)    45    12873.04    34    12
(relay)    46    46    12952.65    12    12952.03    6    1
(advertise)    45    12952.85    46    12
(relay)    46    47    13008.66    13    13008.35    6    1
(advertise)    45    13008.86    47    13
(relay)    38    39    13026.68    13    13026.27    4    1
(advertise)    45    13029.88    39    13
(relay)    38    41    13049.89    14    13012.74    4    1
(advertise)    45    13051.49    41    14
(relay)    38    31    13071.5    13    13058.65    2    1
(advertise)    45    13074.7    31    13
(relay)    38    32    13299.71    13    13299.01    2    1
(advertise)    45    13299.91    32    13
(relay)    44    35    13343.13    13    13339.38    4    1
(advertise)    45    13343.33    35    13
(relay)    38    40    13437.14    13    13433.85    4    1
(advertise)    45    13437.34    40    13
(relay)    38    37    13479.95    13    13479.53    4    1
(advertise)    45    13480.15    37    13
(relay)    44    42    13502.37    13    13463.63    6    1
(advertise)    45    13502.77    42    13
(generate)    45    13513.58    [24]    13
(relay)    46    48    13525.79    13    13487.69    6    1
(advertise)    45    13526.19    48    13
(relay)    46    0    13569.81    14    13431    117    1
(advertise)    45    13570.01    0    14
(relay)    44    28    13591.82    13    13486.08    2    1
(advertise)    45    13593.62    28    13
(relay)    44    21    13618.63    13    13506.28    2    1
(relay)    46    6    13619.23    14    13564    119    2
(advertise)    45    13619.83    21    13
(relay)    44    38    13639.84    13    13619.1    2    2
(relay)    46    33    13640.24    13    13634.93    2    3
(advertise)    45    13641.84    6    14
(advertise)    45    13663.86    38    13
(advertise)    45    13686.27    33    13
(relay)    44    44    13692.28    13    13691.18    6    1
(advertise)    45    13707.48    44    13
(relay)    44    36    13731.1    13    13729.41    4    1
(advertise)    45    13731.3    36    13
(relay)    38    22    13764.11    13    13609.42    2    1
(advertise)    45    13764.31    22    13
(relay)    38    30    13805.32    13    13802.84    2    1
(advertise)    45    13805.52    30    13
(relay)    44    43    13827.94    13    13819.68    6    1
(advertise)    45    13828.34    43    13
(relay)    44    29    13851.95    13    13833.77    2    1
(advertise)    45    13852.35    29    13
(relay)    46    34    13868.16    13    13863.68    2    1
(advertise)    45    13874.16    34    13
(relay)    46    46    13952.57    13    13952.06    6    1
(advertise)    45    13952.77    46    13
(relay)    46    47    14008.79    14    14008.4    6    1
(advertise)    45    14008.99    47    14
(relay)    46    39    14031.4    14    14026.3    4    1
(advertise)    45    14032.0    39    14
(relay)    46    41    14053.01    15    14012.82    4    1
(advertise)    45    14054.21    41    15
(relay)    38    31    14077.03    14    14058.71    2    1
(advertise)    45    14077.23    31    14
(relay)    46    32    14301.24    14    14299.19    2    1
(advertise)    45    14301.44    32    14
(relay)    38    35    14344.05    14    14339.48    4    1
(advertise)    45    14344.25    35    14
(relay)    46    40    14436.47    14    14433.92    4    1
(advertise)    45    14436.67    40    14
(relay)    38    0    14459.08    15    14431    119    1
(advertise)    45    14459.88    0    15
(relay)    46    42    14484.09    14    14463.66    2    1
(advertise)    45    14484.29    42    14
(relay)    44    37    14503.7    14    14479.71    4    1
(advertise)    45    14506.3    37    14
(relay)    46    48    14508.32    14    14487.7    6    1
(generate)    45    14513.72    [24]    14
(relay)    44    28    14526.53    14    14486.11    2    2
(advertise)    45    14529.13    48    14
(advertise)    45    14553.34    28    14
(relay)    44    21    14568.96    14    14506.35    2    1
(advertise)    45    14575.96    21    14
(relay)    44    6    14603.57    15    14564    117    1
(advertise)    45    14603.97    6    15
(relay)    38    38    14620.18    14    14619.2    4    1
(advertise)    45    14625.18    38    14
(relay)    46    33    14648.8    14    14634.98    2    1
(advertise)    45    14649.8    33    14
(relay)    44    44    14692.21    14    14691.24    6    1
(advertise)    45    14692.41    44    14
(relay)    44    36    14730.22    14    14729.47    4    1
(advertise)    45    14730.42    36    14
(relay)    44    43    14820.23    14    14819.78    6    1
(advertise)    45    14820.43    43    14
(relay)    38    29    14854.05    14    14833.77    2    1
(advertise)    45    14854.25    29    14
(relay)    46    34    14868.86    14    14863.7    2    1
(advertise)    45    14878.46    34    14
(relay)    46    46    14953.07    14    14952.08    6    1
(advertise)    45    14953.27    46    14
(relay)    38    39    15032.29    15    15026.3    4    1
(advertise)    45    15032.49    39    15
(relay)    46    41    15056.3    16    15012.88    4    1
(advertise)    45    15056.9    41    16
(relay)    38    31    15080.31    15    15058.78    2    1
(advertise)    45    15081.11    31    15
(relay)    46    32    15301.33    15    15299.29    2    1
(advertise)    45    15301.53    32    15
(relay)    44    35    15342.34    15    15339.57    4    1
(advertise)    45    15342.54    35    15
(relay)    38    40    15434.75    15    15433.94    4    1
(advertise)    45    15434.95    40    15
(relay)    44    0    15459.56    16    15431    119    1
(advertise)    45    15459.76    0    16
(relay)    44    37    15481.18    15    15479.87    4    1
(advertise)    45    15482.18    37    15
(relay)    46    48    15509.99    15    15487.88    6    1
(advertise)    45    15510.19    48    15
(generate)    45    15513.8    [24]    15
(relay)    38    42    15555.82    15    15463.86    4    1
(advertise)    45    15556.02    42    15
(relay)    38    28    15593.23    15    15486.13    2    1
(advertise)    45    15593.43    28    15
(relay)    38    21    15616.04    15    15506.43    2    1
(advertise)    45    15618.04    21    15
(relay)    38    38    15619.46    15    15619.27    4    1
(relay)    46    33    15636.66    15    15635.15    2    2
(relay)    38    6    15638.86    16    15564    119    3
(advertise)    45    15641.66    38    15
(relay)    44    22    15663.67    15    15609.6    2    3
(advertise)    45    15665.27    33    15
(advertise)    45    15687.08    6    16
(relay)    44    44    15692.29    15    15691.27    6    2
(advertise)    45    15709.49    22    15
(relay)    44    36    15730.11    15    15729.57    4    2
(advertise)    45    15731.31    44    15
(advertise)    45    15753.52    36    15
(relay)    44    43    15826.33    15    15819.89    6    1
(advertise)    45    15826.53    43    15
(relay)    38    29    15852.75    15    15833.79    2    1
(advertise)    45    15853.55    29    15
(relay)    46    34    15869.76    15    15863.89    2    1
(advertise)    45    15874.56    34    15
(relay)    46    46    15953.17    15    15952.11    6    1
(advertise)    45    15953.37    46    15
(relay)    46    47    16009.79    16    16008.54    6    1
(advertise)    45    16009.99    47    16
(relay)    46    39    16033.8    16    16026.48    4    1
(advertise)    45    16034.4    39    16
(relay)    46    41    16055.41    17    16012.93    4    1
(advertise)    45    16057.41    41    17
(relay)    38    31    16076.62    16    16058.82    2    1
(advertise)    45    16080.22    31    16
(relay)    38    32    16301.44    16    16299.43    2    1
(advertise)    45    16301.64    32    16
(heartbeat)    24    4    16361.44    45    16366.45    3    3
(advertise)    45    16366.65    24    4
(relay)    38    40    16434.66    16    16433.97    4    1
(advertise)    45    16434.86    40    16
(relay)    44    42    16465.48    16    16463.91    6    1
(advertise)    45    16465.68    42    16
(relay)    44    37    16487.29    16    16480.06    4    1
(advertise)    45    16487.69    37    16
(relay)    44    28    16512.5    16    16486.18    2    1
(advertise)    45    16513.1    28    16
(generate)    45    16514.32    [24]    16
(relay)    46    48    16536.33    16    16488.06    4    1
(advertise)    45    16536.93    48    16
(relay)    46    0    16561.34    17    16431    113    1
(advertise)    45    16561.74    0    17
(relay)    44    21    16604.15    16    16507.5    2    1
(advertise)    45    16604.35    21    16
(relay)    38    38    16619.37    16    16619.35    4    1
(advertise)    45    16627.57    38    16
(relay)    44    44    16692.38    16    16691.3    6    1
(advertise)    45    16692.58    44    16
(relay)    38    33    16718.19    16    16635.33    2    1
(advertise)    45    16718.39    33    16
(relay)    44    36    16731.21    16    16729.59    4    1
(advertise)    45    16740.01    36    16
(relay)    44    43    16825.82    16    16819.97    6    1
(advertise)    45    16826.02    43    16
(relay)    44    29    16851.03    16    16833.82    2    1
(advertise)    45    16851.43    29    16
(relay)    46    34    16868.65    16    16863.93    2    1
(advertise)    45    16874.05    34    16
(relay)    46    46    16953.06    16    16952.14    6    1
(advertise)    45    16953.26    46    16
(relay)    46    47    17009.87    17    17008.6    6    1
(advertise)    45    17010.07    47    17
(relay)    46    39    17031.88    17    17026.67    4    1
(advertise)    45    17032.08    39    17
(relay)    46    41    17054.3    18    17013.03    4    1
(advertise)    45    17054.9    41    18
(relay)    38    31    17078.11    17    17058.87    2    1
(advertise)    45    17078.31    31    17
(relay)    46    32    17302.92    17    17299.55    2    1
(advertise)    45    17303.12    32    17
(relay)    38    35    17340.94    17    17339.73    4    1
(advertise)    45    17341.14    35    17
(relay)    46    40    17434.75    17    17434.03    4    1
(advertise)    45    17434.95    40    17
(relay)    38    0    17458.36    18    17431    119    1
(advertise)    45    17458.56    0    18
(relay)    38    37    17482.38    17    17480.08    4    1
(advertise)    45    17482.98    37    17
(relay)    44    42    17504.59    17    17464.09    6    1
(advertise)    45    17505.39    42    17
(generate)    45    17514.4    [24]    17
(relay)    38    48    17529.01    17    17488.07    4    1
(advertise)    45    17530.21    48    17
(relay)    44    28    17568.83    17    17486.37    2    1
(advertise)    45    17569.03    28    17
(relay)    46    6    17583.24    18    17564    119    1
(advertise)    45    17590.64    6    18
(relay)    44    21    17614.85    17    17507.57    2    1
(advertise)    45    17615.05    21    17
(relay)    38    38    17620.47    17    17620.43    4    1
(advertise)    45    17637.67    38    17
(relay)    38    33    17687.88    17    17635.45    2    1
(advertise)    45    17688.08    33    17
(relay)    44    44    17691.49    17    17691.35    6    1
(advertise)    45    17710.49    44    17
(relay)    44    36    17731.31    17    17729.65    4    1
(advertise)    45    17733.71    36    17
(relay)    38    30    17804.92    17    17803.49    2    1
(advertise)    45    17805.12    30    17
(relay)    44    43    17826.33    17    17820.07    6    1
(advertise)    45    17826.73    43    17
(relay)    44    29    17850.94    17    17833.98    2    1
(advertise)    45    17851.34    29    17
(relay)    38    34    17917.76    17    17863.95    2    1
(advertise)    45    17917.96    34    17
(relay)    46    46    17953.17    17    17952.17    6    1
(advertise)    45    17953.37    46    17
(relay)    46    47    18010.38    18    18008.66    6    1
(advertise)    45    18010.58    47    18
(relay)    46    39    18031.8    18    18026.86    4    1
(advertise)    45    18032.6    39    18
(relay)    38    31    18059.41    18    18058.98    2    1
(advertise)    45    18059.61    31    18
(relay)    38    41    18081.82    19    18013.72    2    1
(advertise)    45    18082.22    41    19
(relay)    38    32    18303.04    18    18299.66    2    1
(advertise)    45    18303.24    32    18
(relay)    38    40    18435.45    18    18434.09    4    1
(advertise)    45    18435.65    40    18
(relay)    44    0    18460.46    19    18431    119    1
(advertise)    45    18460.66    0    19
(relay)    44    37    18483.07    18    18480.27    4    1
(advertise)    45    18483.47    37    18
(relay)    44    42    18507.29    18    18464.28    4    1
(advertise)    45    18507.69    42    18
(generate)    45    18514.5    [24]    18
(relay)    38    48    18550.91    18    18488.08    2    1
(advertise)    45    18551.11    48    18
(relay)    44    28    18553.13    18    18486.4    2    1
(advertise)    45    18574.93    28    18
(relay)    44    21    18592.74    18    18507.65    2    1
(advertise)    45    18596.34    21    18
(relay)    44    6    18615.75    19    18564    111    1
(advertise)    45    18619.35    6    19
(relay)    38    38    18622.17    18    18621.54    4    1
(advertise)    45    18642.77    38    18
(relay)    44    44    18691.38    18    18691.37    6    1
(advertise)    45    18691.58    44    18
(relay)    38    33    18713.79    18    18635.61    2    1
(advertise)    45    18714.79    33    18
(relay)    46    36    18764.8    18    18729.71    2    1
(advertise)    45    18765.0    36    18
(relay)    44    43    18828.62    18    18820.13    6    1
(advertise)    45    18828.82    43    18
(relay)    44    29    18850.83    18    18834.0    2    1
(advertise)    45    18851.03    29    18
(relay)    46    34    18865.24    18    18863.96    2    1
(advertise)    45    18873.84    34    18
(relay)    46    46    18952.26    18    18952.19    6    1
(advertise)    45    18952.46    46    18
(relay)    46    47    19011.07    19    19008.75    6    1
(advertise)    45    19011.27    47    19
(relay)    46    39    19034.08    19    19026.86    4    1
(advertise)    45    19034.28    39    19
(relay)    46    41    19054.9    20    19013.78    4    1
(advertise)    45    19057.5    41    20
(relay)    38    31    19059.71    19    19059.06    2    1
(advertise)    45    19078.91    31    19
(relay)    44    35    19341.72    19    19339.91    4    1
(advertise)    45    19341.92    35    19
(relay)    46    40    19436.13    19    19434.15    4    1
(advertise)    45    19436.33    40    19
(relay)    46    37    19484.35    19    19480.46    2    1
(advertise)    45    19484.55    37    19
(relay)    44    42    19503.76    19    19464.29    6    1
(relay)    46    48    19506.56    19    19488.26    6    2
(advertise)    45    19507.16    42    19
(generate)    45    19514.57    [24]    19
(advertise)    45    19529.99    48    19
(relay)    44    28    19573.2    19    19486.43    2    1
(advertise)    45    19573.4    28    19
(relay)    44    21    19595.81    19    19507.73    2    1
(advertise)    45    19596.01    21    19
(relay)    44    0    19619.03    20    19431    117    1
(advertise)    45    19619.23    0    20
(relay)    38    38    19622.24    19    19621.6    4    1
(advertise)    45    19640.24    38    19
(relay)    44    6    19642.25    20    19564    117    1
(relay)    38    33    19648.85    19    19635.8    2    2
(advertise)    45    19661.85    6    20
(advertise)    45    19682.86    33    19
(relay)    44    44    19691.48    19    19691.42    6    1
(advertise)    45    19705.28    44    19
(relay)    44    36    19756.69    19    19730.17    4    1
(advertise)    45    19756.89    36    19
(relay)    44    30    19806.1    19    19803.8    2    1
(advertise)    45    19806.3    30    19
(relay)    44    43    19827.52    19    19820.24    6    1
(advertise)    45    19828.72    43    19
(relay)    44    29    19850.73    19    19834.16    2    1
(advertise)    45    19850.93    29    19
(relay)    46    34    19865.14    19    19863.96    2    1
(advertise)    45    19873.94    34    19
(relay)    46    46    19952.36    19    19952.24    6    1
(advertise)    45    19952.56    46    19
(relay)    46    47    20010.97    20    20008.85    6    1
(advertise)    45    20011.17    47    20
(relay)    46    39    20031.78    20    20027.01    4    1
(advertise)    45    20032.38    39    20
(relay)    38    41    20048.39    21    20013.86    4    1
(advertise)    45    20053.79    41    21
(relay)    38    31    20070.61    20    20059.12    2    1
(advertise)    45    20077.21    31    20
(relay)    38    32    20301.02    20    20299.93    2    1
(advertise)    45    20301.22    32    20
(heartbeat)    24    5    20361.45    45    20365.23    3    3
(advertise)    45    20365.43    24    5
(relay)    38    40    20436.25    20    20434.21    4    1
(advertise)    45    20436.45    40    20
(relay)    44    42    20468.66    20    20465.14    6    1
(advertise)    45    20468.86    42    20
(relay)    44    0    20489.87    21    20431    119    1
(advertise)    45    20490.67    0    21
(relay)    44    37    20513.29    20    20480.49    4    1
(advertise)    45    20513.69    37    20
(generate)    45    20514.9    [24]    20
(relay)    46    48    20526.31    20    20488.44    6    1
(advertise)    45    20535.31    48    20
(relay)    44    28    20537.52    20    20486.49    2    1
(advertise)    45    20557.12    28    20
(relay)    38    21    20588.34    20    20507.83    2    1
(advertise)    45    20588.54    21    20
(relay)    46    6    20592.95    21    20564    119    1
(advertise)    45    20610.35    6    21
(relay)    38    38    20622.16    20    20621.69    4    1
(advertise)    45    20632.76    38    20
(relay)    44    44    20691.98    20    20691.49    6    1
(advertise)    45    20692.18    44    20
(relay)    38    33    20730.99    20    20635.97    2    1
(advertise)    45    20731.19    33    20
(relay)    38    36    20774.8    20    20730.26    2    1
(advertise)    45    20775.0    36    20
(relay)    38    30    20805.82    20    20803.99    2    1
(advertise)    45    20806.02    30    20
(relay)    44    43    20829.03    20    20820.34    6    1
(advertise)    45    20829.43    43    20
(relay)    46    34    20866.24    20    20864.0    2    1
(advertise)    45    20866.44    34    20
(relay)    46    46    20952.45    20    20952.27    6    1
(advertise)    45    20952.65    46    20
(relay)    46    47    21012.67    21    21008.92    4    1
(advertise)    45    21012.87    47    21
(relay)    46    39    21034.48    21    21027.05    4    1
(advertise)    45    21035.28    39    21
(relay)    46    41    21056.69    22    21013.92    4    1
(advertise)    45    21057.29    41    22
(relay)    38    31    21080.31    21    21059.26    2    1
(advertise)    45    21082.11    31    21
(relay)    38    32    21301.12    21    21300.08    2    1
(advertise)    45    21301.32    32    21
(relay)    38    40    21436.33    21    21434.26    4    1
(advertise)    45    21436.53    40    21
(relay)    44    0    21464.15    22    21431    119    1
(advertise)    45    21464.35    0    22
(relay)    38    37    21486.96    21    21480.51    4    1
(advertise)    45    21487.16    37    21
(relay)    44    42    21509.97    21    21465.32    6    1
(advertise)    45    21511.17    42    21
(generate)    45    21514.98    [24]    21
(relay)    38    48    21555.0    21    21488.63    4    1
(advertise)    45    21555.2    48    21
(relay)    44    21    21595.01    21    21507.92    2    1
(advertise)    45    21595.21    21    21
(relay)    38    6    21601.42    22    21564    119    1
(advertise)    45    21617.42    6    22
(relay)    38    38    21622.84    21    21621.78    4    1
(advertise)    45    21641.84    38    21
(relay)    46    33    21648.65    21    21635.99    2    1
(advertise)    45    21664.65    33    21
(relay)    44    44    21692.06    21    21691.54    6    1
(advertise)    45    21692.46    44    21
(relay)    44    36    21733.68    21    21730.33    4    1
(advertise)    45    21733.88    36    21
(relay)    44    30    21807.49    21    21803.99    2    1
(advertise)    45    21807.69    30    21
(relay)    44    43    21828.5    21    21820.44    6    1
(advertise)    45    21828.7    43    21
(relay)    44    29    21851.71    21    21834.2    2    1
(advertise)    45    21852.31    29    21
(relay)    46    34    21866.73    21    21864.01    2    1
(advertise)    45    21876.13    34    21
(relay)    46    46    21952.94    21    21952.31    6    1
(advertise)    45    21953.14    46    21
(relay)    38    47    22010.75    22    22009.02    4    1
(advertise)    45    22010.95    47    22
(relay)    46    39    22032.37    22    22027.06    4    1
(advertise)    45    22034.17    39    22
(relay)    46    41    22055.98    23    22014.01    4    1
(advertise)    45    22056.38    41    23
(relay)    38    31    22079.99    22    22059.3    2    1
(advertise)    45    22080.39    31    22
(relay)    46    32    22301.41    22    22300.22    2    1
(advertise)    45    22301.61    32    22
(relay)    44    35    22344.02    22    22340.2    4    1
(advertise)    45    22344.22    35    22
(relay)    46    40    22437.83    22    22434.3    4    1
(advertise)    45    22438.03    40    22
(relay)    44    0    22463.84    23    22431    119    1
(advertise)    45    22464.04    0    23
(relay)    38    37    22485.66    22    22480.68    4    1
(advertise)    45    22486.26    37    22
(relay)    44    42    22510.87    22    22465.49    6    1
(advertise)    45    22511.27    42    22
(generate)    45    22515.08    [24]    22
(relay)    46    48    22536.1    22    22488.82    4    1
(advertise)    45    22536.3    48    22
(relay)    44    28    22577.51    22    22486.53    2    1
(advertise)    45    22577.71    28    22
(relay)    46    6    22596.32    23    22564    119    1
(advertise)    45    22599.32    6    23
(relay)    38    38    22622.94    22    22621.85    4    1
(advertise)    45    22623.14    38    22
(relay)    38    21    22627.55    22    22508.96    2    1
(advertise)    45    22646.15    21    22
(relay)    46    33    22648.56    22    22636.15    2    1
(advertise)    45    22669.56    33    22
(relay)    44    44    22692.17    22    22691.59    6    1
(advertise)    45    22693.37    44    22
(relay)    38    36    22734.19    22    22730.42    4    1
(advertise)    45    22734.39    36    22
(relay)    44    30    22807.6    22    22804.14    2    1
(advertise)    45    22807.8    30    22
(relay)    44    43    22828.61    22    22820.56    6    1
(advertise)    45    22830.81    43    22
(relay)    44    29    22852.23    22    22834.39    2    1
(advertise)    45    22853.63    29    22
(relay)    46    34    22867.84    22    22864.2    2    1
(advertise)    45    22876.64    34    22
(relay)    46    46    22952.85    22    22952.34    6    1
(advertise)    45    22953.05    46    22
(relay)    46    47    23009.47    23    23009.08    6    1
(advertise)    45    23009.67    47    23
(relay)    38    39    23027.68    23    23027.25    4    1
(advertise)    45    23031.68    39    23
(relay)    38    41    23049.89    24    23014.08    4    1
(advertise)    45    23054.69    41    24
(relay)    38    31    23072.3    23    23059.37    2    1
(advertise)    45    23075.9    31    23
(relay)    44    35    23344.12    23    23340.3    4    1
(advertise)    45    23344.32    35    23
(relay)    38    40    23437.73    23    23434.33    4    1
(advertise)    45    23437.93    40    23
(relay)    44    0    23464.74    24    23431    119    1
(advertise)    45    23465.14    0    24
(relay)    44    37    23487.76    23    23480.87    4    1
(advertise)    45    23488.16    37    23
(relay)    46    48    23510.37    23    23488.82    4    1
(advertise)    45    23510.97    48    23
(generate)    45    23515.18    [24]    23
(relay)    38    42    23555.6    23    23465.87    4    1
(advertise)    45    23555.8    42    23
(relay)    44    28    23581.01    23    23486.57    2    1
(advertise)    45    23581.21    28    23
(relay)    38    21    23596.02    23    23509.04    2    1
(advertise)    45    23603.02    21    23
(relay)    38    38    23622.83    23    23621.91    4    1
(advertise)    45    23625.23    38    23
(relay)    38    6    23661.65    24    23564    119    1
(advertise)    45    23661.85    6    24
(relay)    38    33    23686.06    23    23636.17    2    1
(advertise)    45    23686.46    33    23
(relay)    44    44    23692.27    23    23691.63    6    1
(advertise)    45    23708.07    44    23
(relay)    44    36    23741.09    23    23730.5    4    1
(advertise)    45    23741.29    36    23
(relay)    38    30    23807.5    23    23804.31    2    1
(advertise)    45    23807.7    30    23
(relay)    38    43    23830.51    23    23820.66    4    1
(advertise)    45    23831.11    43    23
(relay)    38    29    23852.33    23    23834.57    2    1
(advertise)    45    23852.93    29    23
(relay)    46    34    23877.94    23    23864.24    2    1
(advertise)    45    23878.14    34    23
(relay)    46    46    23952.95    23    23952.37    6    1
(advertise)    45    23953.15    46    23
(relay)    46    47    24009.56    24    24009.15    6    1
(advertise)    45    24009.76    47    24
(relay)    46    39    24031.38    24    24027.41    4    1
(advertise)    45    24031.78    39    24
(relay)    46    41    24052.99    25    24014.15    4    1
(advertise)    45    24054.19    41    25
(relay)    38    31    24077.6    24    24059.43    2    1
(advertise)    45    24078.2    31    24
(relay)    46    32    24302.62    24    24300.47    2    1
(advertise)    45    24302.82    32    24
(relay)    38    35    24345.23    24    24340.41    4    1
(advertise)    45    24345.43    35    24
(heartbeat)    24    6    24361.47    45    24368.24    3    3
(advertise)    45    24368.44    24    6
(relay)    46    40    24435.86    24    24434.35    4    1
(advertise)    45    24436.06    40    24
(relay)    44    0    24463.67    25    24431    119    1
(advertise)    45    24463.87    0    25
(relay)    38    37    24486.88    24    24480.9    4    1
(advertise)    45    24487.08    37    24
(relay)    44    42    24509.69    24    24465.88    6    1
(advertise)    45    24510.09    42    24
(generate)    45    24515.31    [24]    24
(relay)    38    48    24554.92    24    24488.83    4    1
(advertise)    45    24555.12    48    24
(relay)    38    28    24577.33    24    24487.0    2    1
(advertise)    45    24577.73    28    24
(relay)    46    6    24601.35    25    24564    119    1
(advertise)    45    24601.95    6    25
(relay)    38    38    24622.96    24    24622.02    4    1
(advertise)    45    24623.36    38    24
(relay)    46    33    24647.57    24    24636.36    2    1
(advertise)    45    24647.97    33    24
(relay)    44    44    24692.79    24    24691.68    6    1
(advertise)    45    24692.99    44    24
(relay)    46    36    24753.2    24    24730.61    2    1
(advertise)    45    24753.4    36    24
(relay)    44    43    24827.01    24    24820.76    6    1
(advertise)    45    24827.21    43    24
(relay)    44    29    24852.22    24    24834.59    2    1
(advertise)    45    24852.42    29    24
(relay)    46    34    24869.04    24    24864.28    2    1
(advertise)    45    24875.44    34    24
(relay)    46    46    24953.05    24    24952.43    6    1
(advertise)    45    24953.25    46    24
(relay)    46    47    25010.06    25    25009.24    6    1
(advertise)    45    25010.26    47    25
(relay)    38    39    25032.28    25    25027.43    4    1
(advertise)    45    25033.28    39    25
(relay)    38    41    25054.89    26    25014.24    4    1
(advertise)    45    25055.29    41    26
(relay)    38    31    25076.9    25    25059.48    2    1
(advertise)    45    25077.5    31    25
(relay)    38    32    25302.52    25    25300.66    2    1
(advertise)    45    25302.72    32    25
(relay)    46    40    25435.13    25    25434.41    4    1
(advertise)    45    25435.33    40    25
(relay)    38    0    25456.74    26    25431    119    1
(advertise)    45    25458.74    0    26
(relay)    44    42    25481.35    25    25466.06    6    1
(advertise)    45    25481.95    42    25
(relay)    44    37    25503.57    25    25482.28    4    1
(advertise)    45    25504.57    37    25
(generate)    45    25515.38    [24]    25
(relay)    46    48    25527.79    25    25488.84    6    1
(advertise)    45    25528.59    48    25
(relay)    44    28    25548.21    25    25487.03    2    1
(advertise)    45    25550.41    28    25
(relay)    46    6    25577.02    26    25564    119    1
(advertise)    45    25577.62    6    26
(relay)    44    21    25613.63    25    25509.21    2    1
(advertise)    45    25613.83    21    25
(relay)    38    38    25622.85    25    25622.72    4    1
(advertise)    45    25635.65    38    25
(relay)    46    33    25680.86    25    25636.51    2    1
(advertise)    45    25681.06    33    25
(relay)    44    44    25692.67    25    25691.74    6    1
(advertise)    45    25702.67    44    25
(relay)    44    36    25731.88    25    25730.66    4    1
(advertise)    45    25732.08    36    25
(relay)    44    43    25827.7    25    25820.87    6    1
(advertise)    45    25827.9    43    25
(relay)    38    29    25851.71    25    25834.76    2    1
(advertise)    45    25852.31    29    25
(relay)    46    34    25874.92    25    25864.3    2    1
(advertise)    45    25875.32    34    25
(relay)    46    46    25953.54    25    25952.47    6    1
(advertise)    45    25953.74    46    25
(relay)    46    47    26010.55    26    26009.3    6    1
(advertise)    45    26010.75    47    26
(relay)    46    39    26032.56    26    26027.6    4    1
(advertise)    45    26032.96    39    26
(relay)    46    41    26054.18    27    26014.29    4    1
(advertise)    45    26055.38    41    27
(relay)    38    31    26077.39    26    26059.51    2    1
(advertise)    45    26077.59    31    26
(relay)    46    40    26435.2    26    26434.46    4    1
(advertise)    45    26435.4    40    26
(relay)    44    0    26458.21    27    26431    119    1
(advertise)    45    26459.01    0    27
(relay)    38    42    26479.43    26    26466.08    4    1
(advertise)    45    26480.83    42    26
(relay)    44    28    26507.24    26    26487.07    2    1
(advertise)    45    26507.44    28    26
(generate)    45    26515.65    [24]    26
(relay)    38    48    26537.07    26    26489.01    4    1
(advertise)    45    26537.47    48    26
(relay)    44    21    26574.08    26    26509.28    2    1
(advertise)    45    26574.28    21    26
(relay)    38    6    26589.49    27    26564    119    1
(advertise)    45    26596.09    6    27
(relay)    38    38    26622.91    26    26622.78    4    1
(advertise)    45    26623.11    38    26
(relay)    38    33    26647.92    26    26636.69    2    1
(advertise)    45    26648.12    33    26
(relay)    44    44    26692.73    26    26691.79    6    1
(advertise)    45    26692.93    44    26
(relay)    46    36    26743.74    26    26730.73    2    1
(advertise)    45    26743.94    36    26
(relay)    44    30    26805.56    26    26804.75    2    1
(advertise)    45    26805.76    30    26
(relay)    44    43    26827.77    26    26820.98    6    1
(advertise)    45    26828.37    43    26
(relay)    44    29    26851.78    26    26834.77    2    1
(advertise)    45    26851.98    29    26
(relay)    46    34    26868.2    26    26864.32    2    1
(advertise)    45    26875.6    34    26
(relay)    46    46    26953.41    26    26952.48    6    1
(advertise)    45    26953.61    46    26
(relay)    46    47    27010.62    27    27009.37    6    1
(advertise)    45    27010.82    47    27
(relay)    38    39    27030.04    27    27027.77    4    1
(advertise)    45    27033.84    39    27
(relay)    46    41    27054.85    28    27014.39    4    1
(advertise)    45    27056.05    41    28
(relay)    38    31    27097.66    27    27059.55    2    1
(advertise)    45    27097.86    31    27
(relay)    46    35    27342.87    27    27340.68    2    1
(advertise)    45    27343.07    35    27
(relay)    38    40    27435.29    27    27434.54    4    1
(advertise)    45    27435.49    40    27
(relay)    44    0    27459.5    28    27431    119    1
(advertise)    45    27459.7    0    28
(relay)    44    42    27483.91    27    27467.08    6    1
(advertise)    45    27484.71    42    27
(relay)    46    37    27507.53    27    27482.5    2    1
(advertise)    45    27507.73    37    27
(relay)    44    28    27511.74    27    27487.1    2    1
(generate)    45    27515.74    [24]    27
(relay)    46    48    27528.75    27    27490.03    6    2
(advertise)    45    27529.55    28    27
(advertise)    45    27550.97    48    27
(relay)    46    6    27582.98    28    27564    119    1
(advertise)    45    27583.18    6    28
(relay)    38    21    27606.79    27    27509.35    2    1
(advertise)    45    27606.99    21    27
(relay)    38    38    27623.0    27    27622.85    4    1
(advertise)    45    27628.6    38    27
(relay)    46    33    27653.22    27    27636.69    2    1
(advertise)    45    27653.42    33    27
(relay)    44    44    27691.83    27    27691.82    6    1
(advertise)    45    27692.03    44    27
(relay)    44    36    27732.44    27    27730.79    4    1
(advertise)    45    27732.64    36    27
(relay)    44    30    27806.06    27    27804.94    2    1
(advertise)    45    27806.26    30    27
(relay)    44    43    27829.67    27    27821.06    6    1
(advertise)    45    27829.87    43    27
(relay)    44    29    27852.28    27    27834.8    2    1
(advertise)    45    27852.48    29    27
(relay)    46    34    27876.1    27    27864.35    2    1
(advertise)    45    27876.5    34    27
(relay)    46    46    27953.51    27    27952.52    6    1
(advertise)    45    27953.71    46    27
(relay)    46    47    28011.32    28    28009.48    6    1
(advertise)    45    28011.52    47    28
(relay)    46    39    28032.73    28    28027.94    4    1
(advertise)    45    28034.93    39    28
(relay)    46    41    28052.95    29    28014.66    4    1
(advertise)    45    28057.35    41    29
(relay)    38    31    28080.76    28    28059.61    2    1
(advertise)    45    28081.16    31    28
(relay)    44    35    28342.17    28    28340.74    4    1
(advertise)    45    28342.37    35    28
(heartbeat)    24    7    28361.48    45    28365.79    3    7
(advertise)    45    28366.19    24    7
(relay)    44    40    28455.0    28    28434.62    2    1
(advertise)    45    28455.2    40    28
(relay)    44    42    28478.01    28    28467.26    6    1
(advertise)    45    28478.81    42    28
(relay)    44    37    28498.03    28    28482.67    4    1
(advertise)    45    28499.83    37    28
(generate)    45    28515.84    [24]    28
(relay)    46    48    28524.45    28    28490.04    6    1
(advertise)    45    28526.05    48    28
(relay)    38    28    28572.26    28    28487.14    2    1
(advertise)    45    28572.46    28    28
(relay)    44    0    28615.08    29    28431    119    1
(advertise)    45    28615.28    0    29
(relay)    38    21    28619.49    28    28509.44    2    1
(relay)    38    38    28623.49    28    28622.94    4    2
(advertise)    45    28637.29    21    28
(advertise)    45    28658.3    38    28
(relay)    38    33    28665.52    28    28636.71    2    1
(advertise)    45    28681.12    33    28
(relay)    46    6    28689.93    29    28564    119    1
(relay)    44    44    28692.53    28    28692.48    6    2
(advertise)    45    28702.33    6    29
(advertise)    45    28724.34    44    28
(relay)    44    36    28738.96    28    28730.88    4    1
(advertise)    45    28746.36    36    28
(relay)    44    30    28806.97    28    28805.09    2    1
(advertise)    45    28807.17    30    28
(relay)    44    43    28829.78    28    28821.13    6    1
(advertise)    45    28830.38    43    28
(relay)    44    29    28852.59    28    28834.99    2    1
(advertise)    45    28852.79    29    28
(relay)    46    34    28865.81    28    28864.38    2    1
(advertise)    45    28875.81    34    28
(relay)    46    46    28952.62    28    28952.57    6    1
(advertise)    45    28952.82    46    28
(relay)    46    47    29011.83    29    29009.56    6    1
(advertise)    45    29012.03    47    29
(relay)    46    39    29034.05    29    29027.95    4    1
(advertise)    45    29036.25    39    29
(relay)    46    41    29054.26    30    29014.76    4    1
(advertise)    45    29059.26    41    30
(relay)    38    31    29082.27    29    29059.68    2    1
(advertise)    45    29083.07    31    29
(relay)    38    32    29303.09    29    29301.21    2    1
(advertise)    45    29303.29    32    29
(relay)    38    35    29342.7    29    29340.86    4    1
(advertise)    45    29342.9    35    29
(relay)    46    40    29437.51    29    29434.68    4    1
(advertise)    45    29437.71    40    29
(relay)    38    37    29484.12    29    29482.84    4    1
(advertise)    45    29484.32    37    29
(relay)    44    42    29504.74    29    29467.28    6    1
(advertise)    45    29505.94    42    29
(generate)    45    29515.95    [24]    29
(relay)    44    0    29526.16    30    29431    119    1
(advertise)    45    29528.36    0    30
(relay)    38    48    29549.78    29    29490.19    4    1
(advertise)    45    29550.38    48    29
(relay)    44    28    29569.19    29    29487.18    2    1
(advertise)    45    29571.39    28    29
(relay)    44    21    29613.6    29    29509.53    2    1
(advertise)    45    29613.8    21    29
(relay)    46    6    29616.62    30    29564    119    1
(relay)    38    38    29623.62    29    29623.01    4    2
(advertise)    45    29636.22    6    30
(relay)    46    33    29642.43    29    29637.11    2    2
(advertise)    45    29658.83    38    29
(advertise)    45    29681.44    33    29
(relay)    44    44    29692.65    29    29692.54    6    1
(advertise)    45    29703.65    44    29
(relay)    44    36    29742.87    29    29730.95    4    1
(advertise)    45    29743.07    36    29
(relay)    44    30    29807.48    29    29805.23    2    1
(advertise)    45    29807.68    30    29
(relay)    44    43    29829.49    29    29821.24    6    1
(advertise)    45    29829.69    43    29
(relay)    44    29    29852.91    29    29834.99    2    1
(advertise)    45    29853.11    29    29
(relay)    46    34    29866.92    29    29864.41    2    1
(advertise)    45    29876.12    34    29
(relay)    46    46    29952.73    29    29952.6    6    1
(advertise)    45    29952.93    46    29
