(generate)    5    1388.0    [24]    1
(generate)    5    2388.01    [24]    2
(generate)    5    3388.03    [24]    3
(generate)    5    4388.04    [24]    4
(heartbeat)    24    1    4361.4    5    4560.45    127    0
(generate)    5    5388.05    [24]    5
(generate)    5    6388.06    [24]    6
(generate)    5    7388.08    [24]    7
(generate)    5    8388.17    [24]    8
(heartbeat)    24    2    8361.41    5    8480.18    5    5
(generate)    5    9388.18    [24]    9
(generate)    5    10388.2    [24]    10
(generate)    5    11388.21    [24]    11
(generate)    5    12388.22    [24]    12
(heartbeat)    24    3    12361.43    5    12482.85    5    13
(generate)    5    13388.25    [24]    13
(generate)    5    14388.26    [24]    14
(generate)    5    15388.27    [24]    15
(heartbeat)    24    4    16361.44    5    16366.09    5    13
(generate)    5    16388.29    [24]    16
(generate)    5    17388.31    [24]    17
(generate)    5    18388.33    [24]    18
(generate)    5    19388.34    [24]    19
(generate)    5    20388.35    [24]    20
(generate)    5    21388.38    [24]    21
(generate)    5    22388.39    [24]    22
(generate)    5    23388.4    [24]    23
(heartbeat)    24    6    24361.47    5    24367.02    5    13
(generate)    5    24388.42    [24]    24
(generate)    5    25388.44    [24]    25
(generate)    5    26388.46    [24]    26
(generate)    5    27388.47    [24]    27
(heartbeat)    24    7    28361.48    5    28364.88    5    13
(generate)    5    28388.48    [24]    28
(generate)    5    29388.51    [24]    29
