(generate)    6    564    [24]    1
(generate)    6    1564    [24]    2
(generate)    6    2564    [24]    3
(generate)    6    3564    [24]    4
(generate)    6    4564    [24]    5
(generate)    6    5564    [24]    6
(generate)    6    6564    [24]    7
(generate)    6    7564    [24]    8
(main)    17    1    1680.02    6    8004.25
(main)    17    2    2680.19    6    8119.66
(main)    17    3    3680.39    6    8262.88
(generate)    6    8564    [24]    9
(generate)    6    9564    [24]    10
(generate)    6    10564    [24]    11
(generate)    6    11564    [24]    12
(generate)    6    12564    [24]    13
(generate)    6    13564    [24]    14
(generate)    6    14564    [24]    15
(generate)    6    15564    [24]    16
(generate)    6    16564    [24]    17
(generate)    6    17564    [24]    18
(generate)    6    18564    [24]    19
(generate)    6    19564    [24]    20
(generate)    6    20564    [24]    21
(generate)    6    21564    [24]    22
(generate)    6    22564    [24]    23
(generate)    6    23564    [24]    24
(generate)    6    24564    [24]    25
(generate)    6    25564    [24]    26
(generate)    6    26564    [24]    27
(generate)    6    27564    [24]    28
(generate)    6    28564    [24]    29
(generate)    6    29564    [24]    30
