(relay)    7    23    35.4    1    6    121    1
(relay)    1    41    35.6    1    9    117    2
(advertise)    8    40.0    23    1
(advertise)    8    62.81    41    1
(relay)    15    0    434.43    1    431    124    1
(advertise)    8    434.63    0    1
(relay)    15    6    568.44    1    564    120    1
(advertise)    8    568.64    6    1
(relay)    9    23    1008.45    2    1006.05    125    1
(advertise)    8    1008.65    23    2
(relay)    9    47    1032.27    1    1007.05    119    1
(advertise)    8    1032.47    47    1
(relay)    15    39    1057.48    1    1025.07    121    1
(advertise)    8    1058.68    39    1
(relay)    15    31    1080.69    1    1057.09    123    1
(advertise)    8    1081.49    31    1
(relay)    15    41    1103.5    2    1009.47    119    1
(advertise)    8    1104.9    41    2
(relay)    15    26    1127.52    1    1028.07    118    1
(advertise)    8    1128.32    26    1
(relay)    9    4    1153.13    1    1150.12    124    1
(advertise)    8    1153.53    4    1
(relay)    9    20    1180.74    1    1154.54    122    1
(advertise)    8    1181.14    20    1
(relay)    7    14    1205.96    1    1191.16    126    1
(advertise)    8    1206.56    14    1
(relay)    1    27    1229.17    1    1169.14    119    1
(advertise)    8    1229.37    27    1
(relay)    9    19    1249.98    1    1193.16    121    1
(advertise)    8    1250.38    19    1
(relay)    9    32    1299.2    1    1297.2    122    1
(advertise)    8    1299.4    32    1
(relay)    9    13    1341.21    1    1337.01    123    1
(advertise)    8    1341.41    13    1
(relay)    15    35    1342.62    1    1338.01    123    1
(generate)    8    1343.02    [24]    1
(advertise)    8    1363.23    35    1
(relay)    9    9    1367.05    1    1367.02    127    1
(advertise)    8    1386.45    9    1
(relay)    9    2    1409.86    1    1383.03    126    1
(advertise)    8    1410.06    2    1
(relay)    9    10    1431.27    1    1405.05    126    1
(relay)    1    0    1432.87    2    1431    126    2
(advertise)    8    1433.27    10    1
(advertise)    8    1455.49    0    2
(relay)    1    11    1478.3    1    1392.05    123    1
(advertise)    8    1479.7    11    1
(relay)    9    25    1520.51    1    1450.07    123    1
(advertise)    8    1520.71    25    1
(relay)    15    28    1521.93    1    1485.1    124    1
(advertise)    8    1542.93    28    1
(relay)    7    21    1544.74    1    1505.11    125    1
(relay)    15    5    1564.54    1    1388.0    121    2
(advertise)    8    1565.94    21    1
(relay)    9    18    1586.75    1    1531.13    124    2
(relay)    15    42    1587.95    1    1461.09    122    3
(advertise)    8    1588.15    5    1
(advertise)    8    1609.16    18    1
(advertise)    8    1630.38    42    1
(relay)    9    40    1631.59    1    1432.05    118    1
(advertise)    8    1652.99    40    1
(relay)    15    22    1654.4    1    1608.16    126    1
(relay)    7    37    1656.2    1    1478.09    121    2
(advertise)    8    1674.2    22    1
(advertise)    8    1697.42    37    1
(relay)    9    6    1699.43    2    1564    118    1
(relay)    15    15    1702.03    1    1701.02    127    2
(advertise)    8    1719.23    6    2
(relay)    9    45    1721.04    1    1512.11    119    2
(advertise)    8    1741.24    15    1
(advertise)    8    1763.46    45    1
(relay)    9    17    1765.07    1    1680.02    125    1
(relay)    15    48    1787.07    1    1486.03    118    2
(advertise)    8    1787.47    17    1
(advertise)    8    1809.88    48    1
(relay)    9    33    1829.89    1    1633.16    121    1
(advertise)    8    1830.89    33    1
(relay)    9    36    1852.71    1    1727.04    122    1
(advertise)    8    1852.91    36    1
(relay)    15    38    1860.12    1    1617.18    120    1
(advertise)    8    1874.12    38    1
(relay)    1    12    1879.73    1    1681.02    120    1
(relay)    15    29    1883.13    1    1832.11    125    2
(advertise)    8    1898.13    12    1
(relay)    7    44    1902.55    1    1690.02    120    2
(relay)    9    3    1918.95    1    1890.13    125    3
(advertise)    8    1920.35    29    1
(relay)    15    30    1925.56    1    1801.08    124    3
(relay)    1    1    1938.76    1    1938.11    127    4
(advertise)    8    1942.16    44    1
(advertise)    8    1964.37    3    1
(relay)    15    16    1970.19    1    1919.16    126    3
(advertise)    8    1985.79    30    1
(relay)    7    43    1990.6    1    1818.09    121    3
(advertise)    8    2007.2    1    1
(advertise)    8    2028.21    16    1
(relay)    9    34    2030.22    1    1862.91    120    2
(advertise)    8    2049.22    43    1
(relay)    15    23    2059.44    3    2006.2    125    2
(advertise)    8    2071.44    34    1
(advertise)    8    2094.25    23    3
(relay)    15    26    2102.26    2    2028.2    122    1
(advertise)    8    2116.46    26    2
(relay)    15    46    2126.68    1    1951.16    120    1
(advertise)    8    2138.88    46    1
(relay)    15    39    2148.09    2    2025.2    121    1
(advertise)    8    2161.49    39    2
(relay)    15    31    2175.1    2    2057.22    121    1
(advertise)    8    2183.7    31    2
(relay)    15    14    2195.52    2    2191.32    126    1
(advertise)    8    2205.72    14    2
(relay)    1    4    2207.53    2    2151.08    124    1
(relay)    15    41    2217.33    3    2009.57    119    2
(advertise)    8    2229.13    4    2
(advertise)    8    2251.74    41    3
(relay)    15    20    2262.15    2    2154.68    120    1
(advertise)    8    2273.95    20    2
(relay)    15    47    2282.37    2    2007.19    119    1
(relay)    9    19    2293.17    2    2193.3    123    2
(advertise)    8    2296.77    47    2
(advertise)    8    2319.78    19    2
(relay)    15    27    2327.79    2    2169.28    117    1
(advertise)    8    2341.99    27    2
(generate)    8    2343.21    [24]    2
(relay)    9    9    2367.22    2    2367.21    127    1
(advertise)    8    2367.42    9    2
(relay)    15    32    2371.63    2    2297.37    122    1
(relay)    1    2    2383.63    2    2383.22    126    2
(advertise)    8    2390.83    32    2
(advertise)    8    2413.85    2    2
(relay)    15    35    2415.66    2    2338.19    123    1
(relay)    9    10    2430.86    2    2405.23    126    2
(advertise)    8    2435.66    35    2
(relay)    9    13    2451.47    2    2337.19    121    2
(relay)    7    7    2453.27    2    2453.24    127    3
(advertise)    8    2458.87    10    2
(relay)    1    0    2470.88    3    2431    126    3
(advertise)    8    2481.08    13    2
(advertise)    8    2503.3    7    2
(relay)    9    5    2519.91    2    2388.01    123    2
(advertise)    8    2524.71    0    3
(relay)    7    11    2543.12    2    2392.22    119    2
(advertise)    8    2545.92    5    2
(advertise)    8    2566.94    11    2
(relay)    7    21    2587.55    2    2505.3    125    1
(relay)    9    25    2588.95    2    2450.26    123    2
(advertise)    8    2589.75    21    2
(relay)    7    28    2610.16    2    2485.28    124    2
(relay)    9    18    2610.56    2    2531.31    124    3
(advertise)    8    2611.16    25    2
(relay)    9    37    2632.57    2    2478.27    123    3
(advertise)    8    2635.17    28    2
(relay)    7    42    2652.79    2    2461.26    122    3
(relay)    9    40    2656.19    2    2433.03    120    4
(advertise)    8    2657.59    18    2
(advertise)    8    2679.8    37    2
(relay)    15    22    2681.01    2    2608.36    126    3
(relay)    15    15    2702.21    2    2701.2    127    4
(advertise)    8    2703.01    42    2
(relay)    9    6    2723.43    3    2564    120    4
(advertise)    8    2725.83    40    2
(advertise)    8    2747.84    22    2
(relay)    9    12    2768.05    2    2681.19    124    3
(relay)    15    17    2771.65    2    2680.19    125    4
(advertise)    8    2771.85    15    2
(relay)    7    45    2785.87    2    2512.3    119    4
(advertise)    8    2794.87    6    3
(advertise)    8    2818.68    12    2
(advertise)    8    2840.29    17    2
(relay)    15    36    2861.5    2    2727.23    122    2
(advertise)    8    2863.3    45    2
(relay)    9    48    2882.92    2    2486.18    118    2
(advertise)    8    2884.52    36    2
(relay)    9    33    2905.13    2    2633.35    119    2
(relay)    15    44    2905.53    2    2690.2    120    3
(advertise)    8    2906.13    48    2
(advertise)    8    2927.14    33    2
(relay)    1    1    2939.16    2    2938.68    127    2
(relay)    9    3    2949.16    2    2890.3    125    3
(advertise)    8    2949.36    44    2
(advertise)    8    2970.37    1    2
(relay)    15    30    2971.98    2    2801.28    124    2
(relay)    9    16    2972.58    2    2919.34    126    3
(relay)    7    29    2974.78    2    2832.29    123    4
(advertise)    8    2992.78    3    2
(relay)    9    38    2994.0    2    2617.36    120    4
(advertise)    8    3014.0    30    2
(advertise)    8    3035.41    16    2
(advertise)    8    3058.02    29    2
(relay)    15    43    3059.63    2    2818.28    121    2
(advertise)    8    3079.63    38    2
(relay)    9    34    3081.05    2    2863.09    120    2
(advertise)    8    3102.65    43    2
(advertise)    8    3124.06    34    2
(relay)    15    46    3147.07    2    2951.34    120    1
(advertise)    8    3147.67    46    2
(relay)    9    26    3149.09    3    3028.4    122    1
(relay)    7    23    3154.69    4    3006.4    123    2
(advertise)    8    3170.89    26    3
(relay)    15    14    3192.1    3    3191.5    126    2
(advertise)    8    3193.7    23    4
(relay)    9    4    3214.91    3    3151.25    124    2
(advertise)    8    3216.11    14    3
(relay)    9    31    3236.73    3    3057.42    121    2
(advertise)    8    3238.53    4    3
(advertise)    8    3259.74    31    3
(relay)    15    39    3264.15    3    3025.4    119    1
(relay)    9    20    3278.55    3    3154.86    122    2
(advertise)    8    3281.55    39    3
(relay)    15    47    3285.96    3    3007.37    119    2
(advertise)    8    3303.16    20    3
(advertise)    8    3326.98    47    3
(relay)    15    41    3329.59    4    3009.77    117    1
(generate)    8    3343.39    [24]    3
(advertise)    8    3349.2    41    4
(relay)    9    9    3367.42    3    3367.39    127    1
(relay)    9    32    3368.82    3    3297.55    122    2
(advertise)    8    3371.42    9    3
(advertise)    8    3394.23    32    3
(relay)    9    2    3413.44    3    3383.42    126    1
(advertise)    8    3417.84    2    3
(relay)    15    27    3421.46    3    3169.47    119    1
(advertise)    8    3440.06    27    3
(relay)    15    35    3442.67    3    3338.39    123    1
(relay)    7    7    3453.47    3    3453.44    127    2
(relay)    9    10    3457.87    3    3405.43    126    3
(relay)    7    0    3461.67    4    3431    126    4
(advertise)    8    3462.87    35    3
(relay)    9    11    3481.08    3    3392.42    125    4
(advertise)    8    3486.28    7    3
(relay)    15    19    3487.49    3    3193.49    119    4
(advertise)    8    3508.49    10    3
(relay)    9    13    3525.71    3    3337.38    123    4
(advertise)    8    3530.31    0    4
(advertise)    8    3551.72    11    3
(relay)    7    21    3554.93    3    3505.48    125    3
(advertise)    8    3572.73    19    3
(relay)    15    28    3574.35    3    3485.47    124    3
(relay)    9    5    3594.95    3    3388.03    123    4
(advertise)    8    3596.15    13    3
(advertise)    8    3618.16    21    3
(advertise)    8    3640.17    28    3
(advertise)    8    3663.19    5    3
(relay)    7    42    3666.8    3    3461.46    122    1
(relay)    9    18    3684.6    3    3531.49    124    2
(advertise)    8    3686.0    42    3
(relay)    15    15    3702.41    3    3701.4    127    2
(relay)    9    25    3707.61    3    3450.44    123    3
(advertise)    8    3708.21    18    3
(advertise)    8    3730.82    15    3
(relay)    9    40    3751.64    3    3433.23    120    2
(advertise)    8    3753.04    25    3
(advertise)    8    3776.45    40    3
(relay)    9    17    3795.66    3    3680.39    125    1
(advertise)    8    3799.06    17    3
(relay)    9    37    3816.88    3    3478.47    119    1
(relay)    15    45    3817.28    3    3512.48    119    2
(advertise)    8    3822.48    37    3
(relay)    9    22    3840.49    3    3608.56    124    2
(advertise)    8    3843.49    45    3
(relay)    9    12    3863.1    3    3682.59    124    2
(relay)    15    48    3864.7    3    3486.36    118    3
(advertise)    8    3866.9    22    3
(relay)    9    6    3885.12    4    3564    120    3
(relay)    15    29    3888.12    3    3832.49    125    4
(advertise)    8    3888.32    12    3
(advertise)    8    3909.73    48    3
(relay)    9    33    3928.94    3    3633.55    121    3
(advertise)    8    3931.74    6    4
(relay)    1    1    3939.35    3    3938.86    127    3
(advertise)    8    3954.15    29    3
(relay)    15    36    3956.97    3    3727.42    122    3
(relay)    1    3    3963.17    3    3890.49    125    4
(relay)    9    16    3972.97    3    3919.54    126    5
(advertise)    8    3976.77    33    3
(advertise)    8    3998.98    1    3
(relay)    9    38    4016.39    3    3617.56    122    4
(advertise)    8    4020.59    36    3
(relay)    9    30    4039.01    3    3801.45    124    4
(advertise)    8    4042.21    3    3
(advertise)    8    4063.82    16    3
(advertise)    8    4085.63    38    3
(relay)    9    44    4105.65    3    3690.4    118    2
(advertise)    8    4108.25    30    3
(relay)    15    43    4111.26    3    3818.48    123    2
(advertise)    8    4131.66    44    3
(relay)    9    34    4149.47    3    3863.29    120    2
(advertise)    8    4155.67    43    3
(relay)    15    23    4158.68    5    4006.99    125    2
(advertise)    8    4177.88    34    3
(relay)    15    31    4180.1    4    4057.62    123    2
(advertise)    8    4200.5    23    5
(relay)    9    4    4216.11    4    4151.45    124    2
(advertise)    8    4221.51    31    4
(relay)    15    14    4225.12    4    4191.68    126    2
(advertise)    8    4243.72    4    4
(relay)    15    46    4247.54    3    3951.54    120    2
(advertise)    8    4266.34    14    4
(relay)    15    39    4270.55    4    4025.58    121    2
(relay)    9    26    4280.55    4    4028.59    122    3
(advertise)    8    4288.75    46    3
(advertise)    8    4310.76    39    4
(advertise)    8    4331.78    26    4
(relay)    1    41    4333.99    5    4009.97    117    1
(relay)    15    47    4339.59    4    4007.57    119    2
(generate)    8    4343.59    [24]    4
(advertise)    8    4352.8    41    5
(relay)    9    9    4367.61    4    4367.59    127    2
(advertise)    8    4374.01    47    4
(relay)    9    19    4395.43    4    4193.68    123    2
(advertise)    8    4396.03    9    4
(relay)    15    32    4405.24    4    4297.75    122    2
(advertise)    8    4418.04    19    4
(relay)    9    20    4438.45    4    4155.06    122    2
(advertise)    8    4439.85    32    4
(relay)    1    2    4444.27    4    4383.61    126    2
(relay)    7    7    4453.67    4    4453.64    127    3
(advertise)    8    4461.67    20    4
(relay)    9    10    4483.08    4    4405.63    126    3
(advertise)    8    4483.88    2    4
(relay)    1    0    4487.09    5    4431    126    3
(relay)    15    35    4494.29    4    4338.58    123    4
(advertise)    8    4504.89    7    4
(heartbeat)    24    1    4361.4    8    4515.71    127    0
(advertise)    8    4526.31    10    4
(advertise)    8    4547.32    0    5
(advertise)    8    4570.73    35    4
(relay)    15    27    4580.74    4    4169.67    119    2
(advertise)    8    4593.34    24    1
(relay)    1    5    4599.36    4    4388.04    123    2
(advertise)    8    4615.36    27    4
(relay)    7    21    4620.97    4    4505.68    5    2
(advertise)    8    4636.37    5    4
(relay)    15    28    4645.98    4    4485.67    3    2
(advertise)    8    4657.58    21    4
(advertise)    8    4678.6    28    4
(relay)    9    13    4685.21    4    4337.58    121    1
(relay)    15    11    4691.41    4    4392.43    123    2
(advertise)    8    4701.41    13    4
(relay)    15    15    4702.62    4    4701.6    5    2
(relay)    9    18    4706.62    4    4531.69    1    3
(relay)    15    22    4713.22    4    4608.76    5    4
(advertise)    8    4723.82    11    4
(relay)    9    40    4729.24    4    4433.43    120    4
(relay)    15    42    4735.04    4    4461.61    122    5
(advertise)    8    4747.24    15    4
(advertise)    8    4768.65    22    4
(relay)    15    37    4782.06    4    4478.65    1    3
(advertise)    8    4790.26    40    4
(relay)    9    17    4796.07    4    4680.58    1    3
(advertise)    8    4812.47    42    4
(relay)    9    6    4840.89    5    4564    122    1
(advertise)    8    4841.09    6    5
(relay)    15    36    4848.1    4    4728.64    3    1
(advertise)    8    4864.3    36    4
(relay)    15    29    4891.31    4    4832.67    3    1
(advertise)    8    4891.51    29    4
(relay)    7    48    4905.53    4    4486.55    116    1
(relay)    9    12    4907.73    4    4682.78    3    2
(advertise)    8    4913.33    48    4
(advertise)    8    4935.14    12    4
(relay)    1    1    4939.55    4    4939.05    7    1
(advertise)    8    4956.15    1    4
(relay)    15    16    4958.97    4    4919.74    3    1
(advertise)    8    4978.17    16    4
(relay)    15    30    4979.98    4    4801.65    1    1
(relay)    1    3    4981.78    4    4890.69    3    1
(advertise)    8    5000.38    3    4
(relay)    15    44    5002.99    4    4690.6    1    1
(relay)    15    23    5068.19    6    5007.17    1    1
(relay)    15    43    5089.19    4    4818.67    1    1
(relay)    9    4    5154.59    5    5151.49    3    1
(advertise)    8    5154.79    4    5
(relay)    15    20    5177.4    5    5155.14    1    1
(relay)    7    14    5192.6    5    5191.75    5    1
(advertise)    8    5192.8    14    5
(relay)    9    19    5223.82    5    5193.8    1    1
(relay)    9    35    5340.42    5    5338.66    1    1
(generate)    8    5343.62    [24]    5
(relay)    9    9    5368.23    5    5367.72    5    1
(advertise)    8    5368.43    9    5
(relay)    9    13    5385.44    5    5337.6    3    1
(relay)    1    2    5391.44    5    5383.79    5    2
(advertise)    8    5393.04    13    5
(advertise)    8    5415.26    2    5
(relay)    9    10    5430.47    5    5405.63    3    1
(advertise)    8    5437.67    10    5
(relay)    7    0    5450.88    6    5431    126    1
(relay)    9    11    5453.68    5    5392.48    3    2
(relay)    7    7    5453.88    5    5453.68    7    3
(advertise)    8    5458.68    0    6
(relay)    15    5    5473.9    5    5388.05    1    3
(advertise)    8    5479.7    11    5
(advertise)    8    5502.91    7    5
(relay)    7    28    5517.12    5    5485.86    3    1
(advertise)    8    5524.12    28    5
(relay)    7    21    5539.73    5    5505.73    5    1
(advertise)    8    5546.13    21    5
(relay)    7    42    5562.35    5    5461.79    3    1
(relay)    15    37    5562.75    5    5478.8    1    2
(advertise)    8    5569.75    42    5
(relay)    7    22    5611.96    5    5608.77    3    1
(advertise)    8    5612.16    22    5
(relay)    9    18    5627.17    5    5531.73    1    1
(relay)    1    6    5636.17    6    5564    118    1
(advertise)    8    5637.17    6    6
(relay)    9    17    5693.79    5    5680.74    1    1
(relay)    15    15    5701.79    5    5701.7    5    1
(advertise)    8    5701.99    15    5
(relay)    15    44    5729.4    5    5690.79    1    1
(relay)    1    12    5729.8    5    5682.95    1    1
(relay)    7    36    5752.8    5    5728.64    1    1
(relay)    15    30    5802.6    5    5801.72    1    1
(relay)    15    43    5827.0    5    5818.86    3    1
(advertise)    8    5827.2    43    5
(relay)    15    29    5851.41    5    5832.78    3    1
(advertise)    8    5851.61    29    5
(relay)    1    3    5891.43    5    5890.8    3    1
(advertise)    8    5891.63    3    5
(relay)    1    16    5922.84    5    5919.74    1    1
(relay)    1    1    5940.24    5    5939.17    7    1
(advertise)    8    5940.44    1    5
(relay)    15    23    6009.25    7    6007.31    1    1
(relay)    15    4    6153.85    6    6151.5    1    1
(relay)    9    14    6194.65    6    6191.77    3    1
(advertise)    8    6194.85    14    6
(relay)    9    19    6225.06    6    6193.98    1    1
(relay)    9    35    6340.66    6    6338.74    1    1
(relay)    1    13    6341.66    6    6337.68    1    1
(generate)    8    6343.66    [24]    6
(relay)    9    9    6368.48    6    6367.9    5    1
(advertise)    8    6368.68    9    6
(relay)    9    2    6386.29    6    6383.83    5    1
(advertise)    8    6390.29    2    6
(relay)    9    10    6409.1    6    6405.69    3    1
(advertise)    8    6411.7    10    6
(relay)    7    0    6449.12    7    6431    126    1
(advertise)    8    6449.32    0    7
(relay)    7    7    6454.33    6    6453.77    7    1
(advertise)    8    6470.33    7    6
(relay)    9    11    6472.74    6    6392.5    1    1
(relay)    7    28    6496.34    6    6485.89    3    1
(advertise)    8    6496.54    28    6
(relay)    7    21    6520.16    6    6505.82    5    1
(advertise)    8    6520.36    21    6
(relay)    15    42    6541.57    6    6461.99    3    1
(advertise)    8    6542.97    42    6
(relay)    9    37    6581.98    6    6478.98    1    1
(relay)    15    22    6609.38    6    6608.86    5    1
(advertise)    8    6609.58    22    6
(relay)    15    6    6658.59    7    6564    114    1
(advertise)    8    6658.79    6    7
(relay)    9    17    6684.21    6    6680.81    1    1
(relay)    15    15    6702.01    6    6701.87    5    1
(advertise)    8    6702.21    15    6
(relay)    1    12    6727.02    6    6683.01    1    1
(relay)    7    36    6741.22    6    6728.71    1    1
(relay)    9    44    6751.02    6    6690.83    1    1
(relay)    15    30    6803.02    6    6801.88    1    1
(relay)    15    43    6828.42    6    6818.98    3    1
(advertise)    8    6828.62    43    6
(relay)    15    29    6852.03    6    6832.96    3    1
(advertise)    8    6853.23    29    6
(relay)    1    3    6891.65    6    6890.87    3    1
(advertise)    8    6891.85    3    6
(relay)    7    16    6922.86    6    6919.88    1    1
(relay)    1    1    6940.26    6    6939.29    7    1
(advertise)    8    6940.46    1    6
(relay)    9    20    7177.07    7    7155.37    1    1
(relay)    7    14    7193.07    7    7191.81    5    1
(advertise)    8    7193.27    14    7
(relay)    15    19    7223.29    7    7194.0    1    1
(relay)    15    13    7339.49    7    7337.78    1    1
(relay)    7    35    7340.09    7    7338.83    3    1
(advertise)    8    7340.29    35    7
(generate)    8    7343.7    [24]    7
(relay)    9    9    7368.71    7    7368.06    5    1
(advertise)    8    7368.91    9    7
(relay)    1    2    7405.92    7    7384.25    5    1
(advertise)    8    7406.12    2    7
(relay)    9    10    7407.94    7    7405.74    3    1
(advertise)    8    7427.14    10    7
(relay)    9    11    7431.35    7    7392.5    3    1
(relay)    1    0    7449.95    8    7431    126    2
(advertise)    8    7450.55    11    7
(relay)    7    7    7455.16    7    7454.63    7    2
(relay)    9    5    7455.76    7    7388.08    3    3
(advertise)    8    7472.16    0    8
(advertise)    8    7494.18    7    7
(relay)    7    21    7508.39    7    7505.89    5    2
(advertise)    8    7516.19    5    7
(relay)    15    37    7518.0    7    7479.15    1    2
(advertise)    8    7539.8    21    7
(relay)    7    28    7553.62    7    7485.92    3    1
(advertise)    8    7563.22    28    7
(relay)    9    18    7566.23    7    7531.91    1    1
(relay)    7    42    7576.23    7    7462.18    1    1
(relay)    1    6    7595.23    8    7564    116    1
(advertise)    8    7595.43    6    8
(relay)    7    22    7623.24    7    7608.93    3    1
(advertise)    8    7623.64    22    7
(relay)    9    17    7683.65    7    7680.92    1    1
(relay)    15    15    7702.05    7    7701.87    5    1
(advertise)    8    7702.25    15    7
(relay)    15    44    7720.67    7    7690.87    1    1
(relay)    7    36    7740.87    7    7728.8    1    1
(relay)    15    30    7803.07    7    7802.02    1    1
(relay)    15    43    7827.67    7    7819.1    3    1
(advertise)    8    7827.87    43    7
(relay)    15    29    7851.48    7    7833.15    3    1
(advertise)    8    7851.88    29    7
(relay)    9    3    7891.49    7    7890.91    3    1
(advertise)    8    7891.69    3    7
(relay)    15    16    7921.51    7    7919.99    3    1
(advertise)    8    7921.71    16    7
(relay)    1    1    7940.32    7    7939.38    7    1
(advertise)    8    7945.12    1    7
(relay)    9    23    8009.73    9    8007.67    1    1
(relay)    9    4    8152.73    8    8151.69    3    1
(advertise)    8    8152.93    4    8
(relay)    9    14    8195.15    8    8191.84    3    1
(advertise)    8    8195.35    14    8
(relay)    9    20    8223.16    8    8155.39    1    1
(relay)    9    19    8244.16    8    8194.19    1    1
(relay)    9    13    8339.16    8    8337.82    3    1
(advertise)    8    8339.36    13    8
(generate)    8    8343.77    [24]    8
(relay)    9    9    8368.78    8    8368.2    5    1
(advertise)    8    8368.98    9    8
(relay)    9    2    8388.4    8    8385.65    5    1
(advertise)    8    8391.2    2    8
(heartbeat)    24    2    8361.41    8    8405.21    4    4
(advertise)    8    8414.21    24    2
(relay)    1    10    8431.22    8    8405.77    1    1
(relay)    7    0    8451.42    9    8431    126    1
(advertise)    8    8451.62    0    9
(relay)    7    7    8455.24    8    8454.73    7    1
(advertise)    8    8472.84    7    8
(relay)    9    5    8474.25    8    8388.17    3    1
(relay)    15    11    8493.05    8    8392.5    1    2
(advertise)    8    8495.25    5    8
(relay)    7    42    8517.66    8    8462.19    3    1
(advertise)    8    8518.06    42    8
(relay)    7    21    8539.88    8    8505.99    5    1
(advertise)    8    8540.28    21    8
(relay)    7    28    8561.49    8    8485.97    3    1
(advertise)    8    8561.89    28    8
(relay)    9    37    8586.5    8    8479.16    1    1
(relay)    7    22    8609.9    8    8609.02    3    1
(advertise)    8    8610.1    22    8
(relay)    9    6    8633.71    9    8564    122    1
(advertise)    8    8634.11    6    9
(relay)    15    18    8644.73    8    8532.1    1    1
(relay)    9    17    8682.13    8    8681.01    1    1
(relay)    15    15    8702.13    8    8702.06    5    1
(advertise)    8    8702.33    15    8
(relay)    7    36    8733.14    8    8728.83    1    1
(relay)    15    30    8805.34    8    8802.2    1    1
(relay)    7    43    8829.94    8    8819.21    1    1
(relay)    15    29    8853.14    8    8833.19    3    1
(advertise)    8    8853.34    29    8
(relay)    15    3    8894.15    8    8890.98    1    1
(relay)    15    16    8922.55    8    8920.12    3    1
(advertise)    8    8922.75    16    8
(relay)    1    1    8940.57    8    8939.47    7    1
(advertise)    8    8944.77    1    8
(relay)    15    23    9010.98    10    9007.75    1    1
(relay)    9    4    9152.78    9    9151.71    3    1
(advertise)    8    9152.98    4    9
(relay)    9    20    9178.99    9    9155.58    1    1
(relay)    7    14    9193.79    9    9191.88    5    1
(advertise)    8    9193.99    14    9
(relay)    9    19    9220.81    9    9194.36    1    1
(relay)    9    13    9339.61    9    9337.88    3    1
(advertise)    8    9339.81    13    9
(generate)    8    9343.82    [24]    9
(relay)    9    9    9368.83    9    9368.36    5    1
(advertise)    8    9369.03    9    9
(relay)    9    2    9388.44    9    9385.69    5    1
(advertise)    8    9390.04    2    9
(relay)    9    10    9409.46    9    9406.84    3    1
(advertise)    8    9412.66    10    9
(relay)    9    11    9431.27    9    9392.69    3    1
(advertise)    8    9434.67    11    9
(relay)    1    0    9438.68    10    9431    126    1
(relay)    9    5    9453.08    9    9388.18    3    2
(relay)    7    7    9455.28    9    9454.79    7    3
(advertise)    8    9456.68    0    10
(advertise)    8    9477.7    5    9
(advertise)    8    9499.71    7    9
(relay)    7    28    9518.32    9    9485.99    3    1
(advertise)    8    9520.92    28    9
(relay)    7    21    9541.14    9    9506.03    5    1
(advertise)    8    9544.54    21    9
(relay)    9    18    9545.75    9    9532.27    1    1
(relay)    7    42    9562.75    9    9462.2    3    1
(advertise)    8    9566.95    42    9
(relay)    9    37    9589.76    9    9479.17    1    1
(relay)    7    22    9610.96    9    9609.09    3    1
(advertise)    8    9611.16    22    9
(relay)    7    6    9663.78    10    9564    112    1
(advertise)    8    9663.98    6    10
(relay)    9    17    9681.79    9    9681.03    1    1
(relay)    15    15    9702.79    9    9702.23    5    1
(advertise)    8    9702.99    15    9
(relay)    15    44    9730.0    9    9691.01    1    1
(relay)    9    12    9744.2    9    9683.19    1    1
(relay)    7    36    9758.0    9    9728.89    1    1
(relay)    15    30    9805.2    9    9802.36    1    1
(relay)    15    43    9830.2    9    9819.31    3    1
(advertise)    8    9830.4    43    9
(relay)    15    29    9853.01    9    9833.38    3    1
(advertise)    8    9854.01    29    9
(relay)    1    3    9893.03    9    9891.07    3    1
(advertise)    8    9893.23    3    9
(relay)    15    16    9922.44    9    9920.27    3    1
(advertise)    8    9922.64    16    9
(relay)    9    1    9945.45    9    9939.54    5    1
(advertise)    8    9946.45    1    9
(relay)    15    23    10011.07    11    10007.82    1    1
(relay)    9    4    10153.07    10    10151.72    3    1
(advertise)    8    10153.27    4    10
(relay)    9    20    10177.88    10    10155.59    1    1
(relay)    7    14    10194.28    10    10191.9    5    1
(advertise)    8    10194.48    14    10
(relay)    9    19    10220.69    10    10194.37    1    1
(relay)    9    13    10340.89    10    10337.97    3    1
(advertise)    8    10341.09    13    10
(generate)    8    10343.91    [24]    10
(relay)    9    9    10369.52    10    10368.53    5    1
(advertise)    8    10369.72    9    10
(relay)    9    2    10388.73    10    10385.71    5    1
(advertise)    8    10392.33    2    10
(relay)    9    10    10411.74    10    10406.91    3    1
(advertise)    8    10415.54    10    10
(relay)    9    11    10435.76    10    10392.72    3    1
(advertise)    8    10438.16    11    10
(relay)    7    0    10451.17    11    10431    126    1
(relay)    7    7    10455.97    10    10454.89    7    2
(relay)    9    5    10457.77    10    10388.2    3    3
(advertise)    8    10459.37    0    11
(advertise)    8    10481.38    7    10
(relay)    7    28    10497.8    10    10486.01    3    2
(advertise)    8    10503.2    5    10
(advertise)    8    10525.41    28    10
(relay)    7    21    10542.42    10    10506.09    5    1
(advertise)    8    10547.82    21    10
(relay)    9    18    10573.84    10    10532.27    1    1
(relay)    15    42    10576.64    10    10462.22    3    1
(advertise)    8    10576.84    42    10
(relay)    15    37    10598.85    10    10479.34    1    1
(relay)    7    22    10611.85    10    10609.18    3    1
(advertise)    8    10612.05    22    10
(relay)    1    6    10635.06    11    10564    120    1
(advertise)    8    10635.26    6    11
(relay)    9    17    10685.07    10    10681.12    1    1
(relay)    15    15    10702.87    10    10702.23    5    1
(advertise)    8    10703.07    15    10
(relay)    15    44    10726.29    10    10691.04    1    1
(relay)    9    12    10729.69    10    10683.26    3    1
(advertise)    8    10729.89    12    10
(relay)    7    36    10752.7    10    10728.94    1    1
(relay)    15    30    10805.5    10    10802.51    1    1
(relay)    15    43    10832.9    10    10819.41    3    1
(advertise)    8    10833.1    43    10
(relay)    15    29    10853.51    10    10833.57    1    1
(relay)    9    3    10893.11    10    10891.14    3    1
(advertise)    8    10893.31    3    10
(relay)    1    16    10923.93    10    10920.41    1    1
(relay)    1    1    10939.73    10    10939.63    7    1
(advertise)    8    10939.93    1    10
(relay)    9    23    11011.34    12    11007.93    1    1
(relay)    9    4    11154.14    11    11151.74    3    1
(advertise)    8    11154.34    4    11
(relay)    9    20    11180.55    11    11155.79    1    1
(relay)    7    14    11194.15    11    11191.93    5    1
(advertise)    8    11194.35    14    11
(relay)    9    19    11224.17    11    11194.56    1    1
(relay)    9    13    11341.57    11    11338.07    3    1
(advertise)    8    11341.77    13    11
(generate)    8    11343.98    [24]    11
(relay)    9    9    11369.79    11    11368.69    5    1
(advertise)    8    11369.99    9    11
(relay)    9    2    11386.6    11    11385.74    5    1
(advertise)    8    11391.4    2    11
(relay)    9    10    11410.02    11    11406.94    3    1
(advertise)    8    11413.42    10    11
(relay)    9    11    11433.03    11    11392.73    3    1
(advertise)    8    11434.63    11    11
(relay)    9    5    11455.84    11    11388.21    3    1
(relay)    7    7    11456.04    11    11454.97    7    2
(advertise)    8    11457.84    5    11
(advertise)    8    11481.66    7    11
(relay)    7    42    11496.27    11    11462.24    3    1
(advertise)    8    11503.07    42    11
(relay)    9    37    11504.28    11    11479.53    1    1
(relay)    7    28    11518.88    11    11486.02    3    1
(advertise)    8    11524.08    28    11
(relay)    15    21    11584.5    11    11506.15    5    1
(advertise)    8    11584.7    21    11
(relay)    9    6    11592.31    12    11564    120    1
(relay)    15    18    11606.71    11    11532.45    1    2
(advertise)    8    11608.11    6    12
(relay)    9    22    11638.92    11    11609.25    3    1
(advertise)    8    11639.12    22    11
(relay)    9    17    11682.13    11    11681.15    1    1
(relay)    15    15    11702.73    11    11702.23    5    1
(advertise)    8    11702.93    15    11
(relay)    9    12    11729.35    11    11683.32    3    1
(advertise)    8    11730.15    12    11
(relay)    9    44    11751.56    11    11691.08    1    1
(relay)    15    36    11753.56    11    11729.04    1    1
(relay)    15    30    11807.36    11    11802.68    1    1
(relay)    15    43    11831.36    11    11819.52    3    1
(advertise)    8    11831.56    43    11
(relay)    9    29    11853.97    11    11833.59    1    1
(relay)    9    3    11893.57    11    11891.19    3    1
(advertise)    8    11893.77    3    11
(relay)    1    16    11923.39    11    11920.55    1    1
(relay)    1    1    11939.79    11    11939.73    7    1
(advertise)    8    11939.99    1    11
(relay)    1    4    12155.0    12    12151.93    3    1
(advertise)    8    12155.2    4    12
(relay)    9    20    12183.01    12    12156.0    1    1
(relay)    7    14    12193.21    12    12191.94    5    1
(advertise)    8    12193.41    14    12
(relay)    9    19    12229.03    12    12194.56    1    1
(relay)    9    13    12342.03    12    12338.16    3    1
(advertise)    8    12342.23    13    12
(relay)    15    35    12343.44    12    12339.26    3    1
(generate)    8    12344.04    [24]    12
(advertise)    8    12366.05    35    12
(relay)    9    9    12369.86    12    12368.87    5    1
(heartbeat)    24    3    12361.43    8    12388.06    4    6
(advertise)    8    12388.66    9    12
(relay)    9    10    12410.28    12    12406.97    3    2
(advertise)    8    12410.48    24    3
(advertise)    8    12432.69    10    12
(relay)    9    11    12434.1    12    12392.89    3    1
(relay)    7    0    12436.3    13    12431    126    2
(advertise)    8    12455.7    11    12
(relay)    9    5    12477.12    12    12388.22    3    2
(advertise)    8    12477.72    0    13
(advertise)    8    12499.13    5    12
(relay)    15    7    12501.74    12    12455.05    5    1
(relay)    7    42    12503.34    12    12462.42    3    2
(advertise)    8    12520.54    7    12
(advertise)    8    12542.56    42    12
(relay)    15    28    12546.97    12    12486.06    3    1
(advertise)    8    12564.57    28    12
(relay)    7    21    12569.78    12    12506.21    5    1
(advertise)    8    12585.78    21    12
(relay)    15    37    12611.39    12    12479.53    1    1
(relay)    9    18    12612.39    12    12532.59    1    1
(relay)    7    22    12612.99    12    12609.34    3    1
(advertise)    8    12613.19    22    12
(relay)    9    6    12654.81    13    12564    122    1
(advertise)    8    12655.01    6    13
(relay)    9    17    12683.22    12    12681.21    1    1
(relay)    15    15    12703.22    12    12702.23    5    1
(advertise)    8    12703.42    15    12
(relay)    15    44    12722.83    12    12691.14    1    1
(relay)    15    36    12747.23    12    12729.12    3    1
(advertise)    8    12747.43    36    12
(relay)    15    30    12807.85    12    12802.68    1    1
(relay)    7    43    12829.45    12    12819.61    1    1
(relay)    15    29    12851.05    12    12833.76    3    1
(advertise)    8    12851.25    29    12
(relay)    1    3    12894.26    12    12891.26    3    1
(advertise)    8    12894.46    3    12
(relay)    7    16    12921.47    12    12920.68    1    1
(relay)    1    1    12939.87    12    12939.83    7    1
(advertise)    8    12940.07    1    12
(relay)    9    4    13155.29    13    13151.94    3    1
(advertise)    8    13155.49    4    13
(relay)    15    20    13181.7    13    13156.42    1    1
(relay)    7    14    13192.3    13    13191.96    5    1
(advertise)    8    13192.5    14    13
(relay)    9    19    13223.71    13    13194.74    1    1
(relay)    9    13    13342.91    13    13338.22    3    1
(advertise)    8    13343.11    13    13
(generate)    8    13344.32    [24]    13
(relay)    9    9    13369.14    13    13369.02    5    1
(advertise)    8    13369.34    9    13
(relay)    1    2    13393.75    13    13387.59    5    1
(advertise)    8    13394.35    2    13
(relay)    9    10    13410.56    13    13407.03    3    1
(advertise)    8    13417.16    10    13
(relay)    9    11    13433.58    13    13392.91    3    1
(relay)    1    0    13438.78    14    13431    126    2
(advertise)    8    13439.58    11    13
(relay)    9    5    13454.39    13    13388.25    1    2
(relay)    7    7    13455.19    13    13455.15    7    3
(advertise)    8    13463.19    0    14
(advertise)    8    13484.6    7    13
(relay)    7    28    13503.62    13    13486.08    3    1
(advertise)    8    13506.42    28    13
(relay)    7    21    13527.23    13    13506.28    5    1
(advertise)    8    13527.63    21    13
(relay)    7    42    13548.04    13    13463.63    3    1
(advertise)    8    13549.24    42    13
(relay)    9    6    13586.65    14    13564    122    1
(advertise)    8    13586.85    6    14
(relay)    15    18    13589.67    13    13532.73    1    1
(relay)    7    22    13615.87    13    13609.42    3    1
(advertise)    8    13616.07    22    13
(relay)    15    15    13703.48    13    13702.41    5    1
(advertise)    8    13703.68    15    13
(relay)    15    44    13707.09    13    13691.18    1    1
(relay)    9    12    13727.09    13    13683.39    3    1
(advertise)    8    13727.89    12    13
(relay)    7    36    13754.31    13    13729.41    1    1
(relay)    15    30    13807.51    13    13802.84    1    1
(relay)    9    43    13831.11    13    13819.68    1    1
(relay)    15    29    13852.31    13    13833.77    3    1
(advertise)    8    13852.51    29    13
(relay)    15    3    13896.32    13    13891.33    1    1
(relay)    9    16    13921.12    13    13920.8    3    1
(advertise)    8    13921.32    16    13
(relay)    1    1    13940.33    13    13939.88    7    1
(advertise)    8    13942.53    1    13
(relay)    1    4    14156.35    14    14152.13    3    1
(advertise)    8    14156.55    4    14
(relay)    9    20    14181.36    14    14157.24    1    1
(relay)    7    14    14192.36    14    14191.99    5    1
(advertise)    8    14192.56    14    14
(relay)    15    19    14226.37    14    14194.92    1    1
(generate)    8    14344.37    [24]    14
(relay)    15    35    14345.58    14    14339.48    3    1
(advertise)    8    14345.78    35    14
(relay)    9    9    14369.2    14    14369.16    5    1
(advertise)    8    14370.6    9    14
(relay)    9    10    14409.01    14    14407.07    3    1
(advertise)    8    14409.21    10    14
(relay)    1    2    14411.22    14    14387.59    5    1
(advertise)    8    14431.22    2    14
(relay)    7    0    14433.24    15    14431    126    1
(relay)    9    5    14453.44    14    14388.26    1    2
(advertise)    8    14454.04    0    15
(relay)    7    7    14455.25    14    14455.22    7    1
(advertise)    8    14475.85    7    14
(relay)    7    42    14501.26    14    14463.66    3    1
(advertise)    8    14501.66    42    14
(relay)    9    11    14522.48    14    14393.05    1    1
(relay)    7    21    14526.68    14    14506.35    5    1
(advertise)    8    14527.28    21    14
(relay)    7    28    14546.69    14    14486.11    3    1
(advertise)    8    14549.29    28    14
(relay)    9    18    14587.7    14    14532.85    1    1
(relay)    15    37    14591.9    14    14479.71    1    1
(relay)    1    6    14597.1    15    14564    120    1
(advertise)    8    14597.3    6    15
(relay)    7    22    14624.71    14    14609.52    3    1
(advertise)    8    14624.91    22    14
(relay)    9    17    14683.93    14    14681.41    1    1
(relay)    15    15    14703.53    14    14702.6    5    1
(advertise)    8    14703.73    15    14
(relay)    15    44    14707.14    14    14691.24    1    1
(relay)    9    12    14727.54    14    14683.44    3    1
(advertise)    8    14727.74    12    14
(relay)    15    36    14750.35    14    14729.47    3    1
(advertise)    8    14752.75    36    14
(relay)    15    30    14805.77    14    14803.01    1    1
(relay)    7    43    14829.57    14    14819.78    1    1
(relay)    15    29    14853.17    14    14833.77    3    1
(advertise)    8    14853.37    29    14
(relay)    1    3    14892.98    14    14891.39    3    1
(advertise)    8    14893.38    3    14
(relay)    15    16    14921.59    14    14920.91    3    1
(advertise)    8    14921.79    16    14
(relay)    1    1    14940.41    14    14939.95    7    1
(advertise)    8    14943.01    1    14
(relay)    15    23    15009.02    16    15008.36    1    1
(relay)    9    4    15156.42    15    15152.33    3    1
(advertise)    8    15156.62    4    15
(relay)    9    20    15180.83    15    15157.43    1    1
(relay)    9    14    15202.63    15    15192.03    3    1
(advertise)    8    15202.83    14    15
(relay)    9    19    15227.84    15    15195.08    1    1
(relay)    1    13    15343.04    15    15338.34    1    1
(relay)    7    35    15343.44    15    15339.57    3    1
(advertise)    8    15343.64    35    15
(generate)    8    15344.86    [24]    15
(relay)    9    9    15369.47    15    15369.34    5    1
(advertise)    8    15369.67    9    15
(relay)    9    2    15408.68    15    15387.63    5    1
(advertise)    8    15408.88    2    15
(relay)    9    11    15431.3    15    15394.24    3    1
(advertise)    8    15433.1    11    15
(relay)    7    0    15435.11    16    15431    126    1
(relay)    7    7    15455.31    15    15455.28    7    2
(advertise)    8    15455.51    0    16
(advertise)    8    15479.12    7    15
(relay)    7    28    15488.94    15    15486.13    3    1
(advertise)    8    15500.14    28    15
(relay)    7    21    15511.95    15    15506.43    5    1
(advertise)    8    15521.35    21    15
(relay)    9    37    15566.16    15    15479.87    1    1
(relay)    9    18    15589.36    15    15533.01    1    1
(relay)    15    42    15592.16    15    15463.86    3    1
(advertise)    8    15592.36    42    15
(relay)    1    6    15623.17    16    15564    120    1
(advertise)    8    15623.37    6    16
(relay)    15    22    15637.79    15    15609.6    5    1
(advertise)    8    15644.39    22    15
(relay)    9    17    15684.6    15    15681.45    1    1
(relay)    15    15    15703.8    15    15702.78    5    1
(advertise)    8    15704.0    15    15
(relay)    15    44    15706.41    15    15691.27    1    1
(relay)    15    36    15743.41    15    15729.57    3    1
(advertise)    8    15743.61    36    15
(relay)    15    30    15804.23    15    15803.17    1    1
(relay)    7    43    15830.23    15    15819.89    1    1
(relay)    15    29    15853.43    15    15833.79    1    1
(relay)    9    3    15892.23    15    15891.47    3    1
(advertise)    8    15892.43    3    15
(relay)    9    16    15922.24    15    15921.03    3    1
(advertise)    8    15922.44    16    15
(relay)    1    1    15940.65    15    15940.01    7    1
(advertise)    8    15944.05    1    15
(relay)    9    23    16010.07    17    16008.45    1    1
(relay)    15    20    16180.27    16    16158.65    1    1
(relay)    7    14    16193.47    16    16192.06    5    1
(advertise)    8    16193.67    14    16
(relay)    15    35    16340.88    16    16339.66    3    1
(advertise)    8    16341.08    35    16
(generate)    8    16344.89    [24]    16
(relay)    15    13    16362.3    16    16338.43    1    1
(relay)    9    9    16370.1    16    16369.47    5    1
(advertise)    8    16370.3    9    16
(heartbeat)    24    4    16361.44    8    16406.52    4    6
(advertise)    8    16406.72    24    4
(relay)    1    2    16409.73    16    16388.46    5    1
(advertise)    8    16428.73    2    16
(relay)    9    10    16451.54    16    16407.15    3    1
(advertise)    8    16452.54    10    16
(relay)    7    7    16455.36    16    16455.31    7    1
(relay)    9    11    16474.16    16    16394.43    3    2
(advertise)    8    16476.56    7    16
(relay)    7    42    16486.97    16    16463.91    3    2
(relay)    9    5    16495.77    16    16388.29    3    3
(advertise)    8    16498.57    11    16
(relay)    9    0    16516.38    17    16431    124    3
(advertise)    8    16521.78    42    16
(relay)    7    28    16529.2    16    16486.18    3    3
(advertise)    8    16545.8    5    16
(advertise)    8    16568.21    0    17
(relay)    9    18    16584.02    16    16533.19    1    2
(advertise)    8    16589.22    28    16
(relay)    15    21    16604.23    16    16507.5    5    1
(advertise)    8    16613.43    21    16
(relay)    15    37    16625.85    16    16480.06    1    1
(relay)    7    22    16627.65    16    16609.67    1    1
(relay)    9    17    16698.85    16    16681.52    1    1
(relay)    15    15    16703.05    16    16702.94    5    1
(advertise)    8    16703.25    15    16
(relay)    1    12    16728.06    16    16683.56    1    1
(relay)    15    44    16738.46    16    16691.3    1    1
(relay)    7    36    16753.66    16    16729.59    1    1
(relay)    15    30    16806.46    16    16803.32    1    1
(relay)    15    43    16831.06    16    16819.97    3    1
(advertise)    8    16831.26    43    16
(relay)    15    29    16854.07    16    16833.82    3    1
(advertise)    8    16854.47    29    16
(relay)    9    3    16892.29    16    16891.55    3    1
(advertise)    8    16892.49    3    16
(relay)    9    16    16922.7    16    16921.18    3    1
(advertise)    8    16922.9    16    16
(relay)    1    1    16941.11    16    16940.09    7    1
(advertise)    8    16944.71    1    16
(relay)    9    23    17010.73    18    17008.56    1    1
(relay)    9    4    17153.73    17    17152.72    3    1
(advertise)    8    17153.93    4    17
(relay)    9    20    17180.14    17    17158.68    1    1
(relay)    7    14    17193.54    17    17192.1    5    1
(advertise)    8    17193.74    14    17
(relay)    9    19    17223.15    17    17195.26    1    1
(relay)    9    13    17339.75    17    17338.49    3    1
(advertise)    8    17339.95    13    17
(generate)    8    17344.96    [24]    17
(relay)    9    9    17370.18    17    17369.66    5    1
(advertise)    8    17370.38    9    17
(relay)    9    2    17390.19    17    17388.48    5    1
(advertise)    8    17392.19    2    17
(relay)    9    10    17412.4    17    17407.23    3    1
(advertise)    8    17414.4    10    17
(relay)    9    11    17434.22    17    17394.62    3    1
(advertise)    8    17437.02    11    17
(relay)    1    0    17449.23    18    17431    126    1
(relay)    7    7    17456.03    17    17455.4    7    2
(advertise)    8    17459.43    0    18
(advertise)    8    17480.44    7    17
(relay)    1    5    17493.46    17    17388.31    3    1
(advertise)    8    17502.86    5    17
(relay)    15    28    17544.07    17    17486.37    3    1
(advertise)    8    17544.27    28    17
(relay)    7    42    17547.88    17    17464.09    3    1
(relay)    15    21    17565.08    17    17507.57    5    2
(relay)    9    18    17566.48    17    17533.32    1    3
(advertise)    8    17567.08    42    17
(advertise)    8    17589.29    21    17
(relay)    7    22    17611.71    17    17609.72    1    1
(relay)    1    6    17612.11    18    17564    120    1
(advertise)    8    17612.31    6    18
(relay)    9    17    17685.12    17    17681.6    1    1
(relay)    15    15    17703.12    17    17703.12    5    1
(advertise)    8    17703.32    15    17
(relay)    15    30    17804.53    17    17803.49    1    1
(relay)    15    43    17829.93    17    17820.07    3    1
(advertise)    8    17830.13    43    17
(relay)    15    29    17853.35    17    17833.98    3    1
(advertise)    8    17853.55    29    17
(relay)    9    3    17892.36    17    17891.62    3    1
(advertise)    8    17892.56    3    17
(relay)    9    16    17922.57    17    17921.31    3    1
(advertise)    8    17922.77    16    17
(relay)    1    1    17941.19    17    17940.17    7    1
(advertise)    8    17944.79    1    17
(relay)    9    23    18010.8    19    18008.67    1    1
(relay)    1    4    18154.2    18    18152.73    3    1
(advertise)    8    18154.4    4    18
(relay)    9    20    18179.21    18    18158.68    1    1
(relay)    9    14    18201.81    18    18192.13    3    1
(advertise)    8    18202.01    14    18
(relay)    9    19    18224.22    18    18195.44    1    1
(relay)    9    13    18340.02    18    18338.55    3    1
(advertise)    8    18340.22    13    18
(generate)    8    18345.04    [24]    18
(relay)    9    9    18370.45    18    18369.8    5    1
(advertise)    8    18370.65    9    18
(relay)    9    2    18390.86    18    18388.7    5    1
(advertise)    8    18391.66    2    18
(relay)    9    10    18412.08    18    18407.69    3    1
(advertise)    8    18413.88    10    18
(relay)    9    11    18434.29    18    18394.77    3    1
(advertise)    8    18434.89    11    18
(relay)    1    0    18450.3    19    18431    126    1
(relay)    7    7    18456.1    18    18455.5    7    2
(relay)    9    5    18456.3    18    18388.33    3    3
(advertise)    8    18458.9    0    19
(advertise)    8    18481.52    7    18
(relay)    7    28    18501.33    18    18486.4    3    2
(advertise)    8    18504.13    5    18
(relay)    9    37    18525.14    18    18480.27    1    2
(advertise)    8    18526.34    28    18
(relay)    7    21    18547.75    18    18507.65    5    1
(advertise)    8    18548.95    21    18
(relay)    7    42    18570.57    18    18464.28    1    1
(relay)    9    18    18571.97    18    18533.48    1    1
(relay)    1    6    18588.97    19    18564    120    1
(advertise)    8    18589.17    6    19
(relay)    7    22    18615.18    18    18609.78    1    1
(relay)    9    17    18683.18    18    18681.63    1    1
(relay)    15    15    18703.38    18    18703.28    5    1
(advertise)    8    18703.58    15    18
(relay)    15    44    18719.79    18    18691.37    1    1
(relay)    7    36    18742.59    18    18729.71    1    1
(relay)    15    30    18806.19    18    18803.66    1    1
(relay)    15    43    18830.59    18    18820.13    3    1
(advertise)    8    18830.79    43    18
(relay)    15    29    18853.01    18    18834.0    3    1
(advertise)    8    18854.01    29    18
(relay)    9    3    18892.82    18    18891.7    3    1
(advertise)    8    18893.02    3    18
(relay)    9    16    18923.23    18    18921.43    3    1
(advertise)    8    18923.43    16    18
(relay)    1    1    18941.25    18    18940.21    7    1
(advertise)    8    18945.85    1    18
(relay)    9    23    19011.66    20    19008.75    1    1
(relay)    9    4    19153.66    19    19152.74    3    1
(advertise)    8    19153.86    4    19
(relay)    15    20    19181.07    19    19158.69    1    1
(relay)    7    14    19193.87    19    19192.15    5    1
(advertise)    8    19194.07    14    19
(relay)    15    19    19226.28    19    19195.61    1    1
(relay)    9    13    19340.28    19    19338.61    3    1
(advertise)    8    19340.48    13    19
(relay)    15    35    19342.7    19    19339.91    3    1
(generate)    8    19345.1    [24]    19
(advertise)    8    19361.71    35    19
(relay)    9    9    19370.92    19    19369.95    5    1
(advertise)    8    19384.72    9    19
(relay)    9    2    19406.14    19    19388.73    5    1
(advertise)    8    19408.74    2    19
(relay)    9    11    19428.35    19    19394.94    3    1
(advertise)    8    19429.75    11    19
(relay)    9    5    19451.96    19    19388.34    3    1
(advertise)    8    19452.16    5    19
(relay)    7    7    19456.18    19    19455.6    7    1
(relay)    7    0    19469.78    20    19431    126    2
(advertise)    8    19473.18    7    19
(advertise)    8    19495.19    0    20
(relay)    7    28    19513.6    19    19486.43    3    1
(advertise)    8    19517.6    28    19
(relay)    9    10    19519.81    19    19408.75    1    1
(relay)    7    21    19536.41    19    19507.73    5    1
(advertise)    8    19540.01    21    19
(relay)    7    42    19560.03    19    19464.29    1    1
(relay)    9    18    19607.03    19    19533.62    1    1
(relay)    7    22    19612.23    19    19609.85    1    1
(relay)    1    6    19641.83    20    19564    118    1
(advertise)    8    19642.03    6    20
(relay)    15    17    19682.44    19    19681.69    1    1
(relay)    15    15    19704.04    19    19703.45    5    1
(advertise)    8    19704.24    15    19
(relay)    15    44    19732.85    19    19691.42    1    1
(relay)    9    30    19806.85    19    19803.8    1    1
(relay)    15    43    19831.25    19    19820.24    3    1
(advertise)    8    19831.45    43    19
(relay)    15    29    19851.47    19    19834.16    3    1
(advertise)    8    19852.67    29    19
(relay)    1    3    19893.88    19    19891.76    3    1
(advertise)    8    19894.08    3    19
(relay)    15    16    19923.69    19    19921.56    3    1
(advertise)    8    19924.09    16    19
(relay)    1    1    19940.31    19    19940.26    7    1
(advertise)    8    19945.91    1    19
(relay)    9    23    20012.32    21    20008.79    1    1
(relay)    9    4    20154.32    20    20152.92    3    1
(advertise)    8    20154.52    4    20
(relay)    9    20    20180.53    20    20158.7    1    1
(relay)    9    14    20203.53    20    20192.16    3    1
(advertise)    8    20203.73    14    20
(relay)    9    19    20248.34    20    20195.8    1    1
(relay)    9    13    20341.14    20    20338.65    3    1
(advertise)    8    20341.34    13    20
(generate)    8    20345.16    [24]    20
(relay)    9    9    20371.17    20    20370.12    5    1
(advertise)    8    20371.37    9    20
(heartbeat)    24    5    20361.45    8    20408.38    4    6
(advertise)    8    20408.58    24    5
(relay)    15    35    20430.2    20    20340.0    1    1
(relay)    7    0    20433.0    21    20431    126    1
(advertise)    8    20433.2    0    21
(relay)    9    11    20453.21    20    20395.13    3    1
(advertise)    8    20454.41    11    20
(relay)    7    7    20457.42    20    20456.48    7    1
(advertise)    8    20478.42    7    20
(relay)    7    42    20486.44    20    20465.14    3    1
(relay)    9    5    20498.64    20    20388.35    3    2
(advertise)    8    20499.44    42    20
(relay)    7    28    20508.65    20    20486.49    3    2
(relay)    15    2    20517.65    20    20388.92    3    3
(advertise)    8    20521.65    5    20
(relay)    9    10    20543.26    20    20408.81    1    3
(advertise)    8    20544.06    28    20
(advertise)    8    20567.27    2    20
(relay)    7    22    20612.69    20    20609.91    1    1
(relay)    9    18    20621.69    20    20533.77    1    1
(relay)    15    37    20627.09    20    20480.49    1    1
(relay)    9    6    20647.09    21    20564    122    1
(advertise)    8    20647.29    6    21
(relay)    9    17    20695.3    20    20681.73    1    1
(relay)    15    15    20704.1    20    20703.61    5    1
(advertise)    8    20704.3    15    20
(relay)    15    44    20727.71    20    20691.49    1    1
(relay)    1    12    20733.11    20    20683.85    1    1
(relay)    7    36    20767.51    20    20730.26    1    1
(relay)    15    30    20806.91    20    20803.99    1    1
(relay)    15    43    20832.11    20    20820.34    3    1
(advertise)    8    20832.31    43    20
(relay)    15    29    20853.93    20    20834.18    3    1
(advertise)    8    20854.33    29    20
(relay)    9    3    20893.94    20    20891.83    3    1
(advertise)    8    20894.14    3    20
(relay)    9    16    20924.15    20    20921.72    3    1
(advertise)    8    20924.35    16    20
(relay)    1    1    20940.37    20    20940.32    7    1
(advertise)    8    20945.37    1    20
(relay)    9    23    21012.38    22    21008.88    1    1
(relay)    15    4    21157.38    21    21152.94    1    1
(relay)    9    20    21182.38    21    21158.75    1    1
(relay)    7    14    21194.38    21    21192.18    5    1
(advertise)    8    21194.58    14    21
(relay)    9    19    21227.19    21    21195.81    1    1
(relay)    9    13    21342.39    21    21338.72    3    1
(advertise)    8    21342.59    13    21
(relay)    7    35    21343.8    21    21340.1    3    1
(generate)    8    21345.2    [24]    21
(advertise)    8    21365.62    35    21
(relay)    9    9    21371.23    21    21370.29    5    1
(advertise)    8    21388.63    9    21
(relay)    9    10    21413.84    21    21408.87    3    1
(relay)    15    2    21414.24    21    21388.93    3    2
(advertise)    8    21414.84    10    21
(relay)    9    11    21436.06    21    21395.14    3    2
(advertise)    8    21437.26    2    21
(relay)    1    5    21453.27    21    21388.38    3    2
(relay)    7    7    21457.47    21    21456.53    7    3
(relay)    15    0    21459.47    22    21431    124    4
(advertise)    8    21459.87    11    21
(advertise)    8    21481.28    5    21
(advertise)    8    21503.1    7    21
(relay)    7    28    21507.51    21    21486.51    3    2
(advertise)    8    21525.91    0    22
(relay)    7    21    21532.52    21    21507.92    5    2
(advertise)    8    21547.72    28    21
(relay)    15    37    21565.33    21    21480.51    1    2
(advertise)    8    21570.33    21    21
(relay)    15    42    21586.75    21    21465.32    3    1
(advertise)    8    21592.35    42    21
(relay)    15    18    21609.96    21    21533.77    1    1
(relay)    7    22    21614.16    21    21609.99    1    1
(relay)    9    6    21614.76    22    21564    122    1
(advertise)    8    21615.36    6    22
(relay)    9    17    21683.17    21    21681.8    1    1
(relay)    15    15    21704.37    21    21703.79    5    1
(advertise)    8    21704.57    15    21
(relay)    1    12    21728.99    21    21683.9    1    1
(relay)    15    44    21731.39    21    21691.54    1    1
(relay)    15    36    21752.19    21    21730.33    3    1
(advertise)    8    21752.39    36    21
(relay)    15    30    21808.6    21    21803.99    1    1
(relay)    7    43    21831.6    21    21820.44    1    1
(relay)    7    29    21852.8    21    21834.2    1    1
(relay)    9    3    21894.4    21    21891.9    3    1
(advertise)    8    21894.6    3    21
(relay)    9    16    21923.41    21    21921.89    3    1
(advertise)    8    21923.61    16    21
(relay)    1    1    21940.43    21    21940.41    7    1
(advertise)    8    21945.03    1    21
(relay)    9    23    22010.64    23    22009.03    1    1
(relay)    9    4    22155.84    22    22152.95    3    1
(advertise)    8    22156.04    4    22
(relay)    9    20    22183.45    22    22158.75    1    1
(relay)    7    14    22193.65    22    22192.21    5    1
(advertise)    8    22193.85    14    22
(relay)    15    19    22227.46    22    22195.81    1    1
(relay)    9    13    22343.06    22    22338.78    3    1
(advertise)    8    22343.26    13    22
(relay)    15    35    22344.48    22    22340.2    3    1
(generate)    8    22345.28    [24]    22
(advertise)    8    22364.29    35    22
(relay)    9    9    22370.5    22    22370.47    5    1
(advertise)    8    22386.5    9    22
(relay)    9    2    22409.12    22    22388.94    5    1
(advertise)    8    22411.32    2    22
(relay)    9    11    22436.33    22    22395.31    1    1
(relay)    7    0    22436.93    23    22431    126    1
(advertise)    8    22437.73    0    23
(relay)    1    10    22453.14    22    22408.93    1    1
(relay)    7    7    22457.54    22    22456.59    7    1
(advertise)    8    22460.14    7    22
(relay)    9    5    22478.36    22    22388.39    1    1
(relay)    7    28    22509.76    22    22486.53    3    1
(advertise)    8    22509.96    28    22
(relay)    15    21    22532.17    22    22508.96    5    1
(advertise)    8    22532.37    21    22
(relay)    15    37    22553.58    22    22480.68    1    1
(relay)    15    42    22591.58    22    22465.49    1    1
(relay)    1    6    22597.58    23    22564    118    1
(advertise)    8    22597.78    6    23
(relay)    9    18    22606.79    22    22533.92    1    1
(relay)    7    22    22625.99    22    22610.08    1    1
(relay)    15    17    22684.19    22    22682.25    1    1
(relay)    15    15    22704.99    22    22703.94    5    1
(advertise)    8    22705.19    15    22
(relay)    15    44    22731.61    22    22691.59    1    1
(relay)    9    12    22748.41    22    22683.94    1    1
(relay)    7    36    22755.61    22    22730.42    1    1
(relay)    15    30    22808.81    22    22804.14    1    1
(relay)    7    43    22829.61    22    22820.56    1    1
(relay)    15    29    22852.41    22    22834.39    3    1
(advertise)    8    22852.61    29    22
(relay)    1    3    22895.62    22    22891.96    3    1
(advertise)    8    22895.82    3    22
(relay)    9    16    22922.83    22    22922.06    3    1
(advertise)    8    22923.63    16    22
(relay)    1    1    22940.65    22    22940.45    7    1
(advertise)    8    22945.25    1    22
(relay)    15    23    23009.86    24    23009.1    1    1
(relay)    9    4    23156.26    23    23152.95    3    1
(advertise)    8    23156.46    4    23
(relay)    15    20    23183.07    23    23158.76    1    1
(relay)    7    14    23192.67    23    23192.24    5    1
(advertise)    8    23192.87    14    23
(relay)    9    19    23227.29    23    23195.99    1    1
(relay)    9    13    23343.89    23    23338.87    3    1
(advertise)    8    23344.09    13    23
(generate)    8    23345.3    [24]    23
(relay)    9    9    23370.51    23    23370.47    5    1
(advertise)    8    23370.71    9    23
(relay)    9    2    23389.32    23    23388.94    5    1
(advertise)    8    23393.92    2    23
(relay)    9    10    23411.54    23    23408.99    3    1
(advertise)    8    23416.74    10    23
(relay)    1    0    23453.95    24    23431    126    1
(advertise)    8    23454.15    0    24
(relay)    7    7    23456.76    23    23456.62    7    1
(relay)    1    11    23475.96    23    23395.48    1    2
(advertise)    8    23477.16    7    23
(relay)    15    37    23507.58    23    23480.87    1    1
(relay)    7    21    23510.98    23    23509.04    5    1
(advertise)    8    23511.18    21    23
(relay)    7    28    23537.79    23    23486.57    3    1
(advertise)    8    23537.99    28    23
(relay)    7    42    23572.8    23    23465.87    1    1
(relay)    9    18    23596.6    23    23534.05    1    1
(relay)    7    22    23614.6    23    23610.14    1    1
(relay)    1    6    23616.4    24    23564    120    1
(advertise)    8    23616.6    6    24
(relay)    15    17    23684.42    23    23682.32    1    1
(relay)    15    15    23705.22    23    23704.13    5    1
(advertise)    8    23705.42    15    23
(relay)    15    12    23728.63    23    23683.99    1    1
(relay)    7    36    23743.23    23    23730.5    1    1
(relay)    15    30    23809.03    23    23804.31    1    1
(relay)    9    43    23831.03    23    23820.66    1    1
(relay)    15    29    23854.03    23    23834.57    3    1
(advertise)    8    23854.23    29    23
(relay)    15    3    23896.84    23    23892.02    1    1
(relay)    15    16    23922.44    23    23922.23    3    1
(advertise)    8    23922.64    16    23
(relay)    1    1    23941.05    23    23940.49    7    1
(advertise)    8    23945.05    1    23
(relay)    15    23    24009.67    25    24009.18    1    1
(relay)    9    4    24157.27    24    24153.15    3    1
(advertise)    8    24157.47    4    24
(relay)    9    20    24183.08    24    24158.77    1    1
(relay)    7    14    24192.88    24    24192.27    5    1
(advertise)    8    24193.08    14    24
(relay)    15    19    24225.89    24    24196.16    1    1
(relay)    9    13    24344.89    24    24338.94    3    1
(advertise)    8    24345.09    13    24
(generate)    8    24346.31    [24]    24
(relay)    9    35    24366.72    24    24340.41    1    1
(relay)    9    9    24370.72    24    24370.61    5    1
(advertise)    8    24370.92    9    24
(heartbeat)    24    6    24361.47    8    24387.73    4    6
(advertise)    8    24392.93    24    6
(relay)    9    2    24433.35    24    24389.13    5    1
(advertise)    8    24433.55    2    24
(relay)    7    0    24435.16    25    24431    126    1
(advertise)    8    24454.96    0    25
(relay)    7    7    24456.77    24    24456.66    7    1
(relay)    9    5    24477.57    24    24388.42    1    2
(advertise)    8    24477.97    7    24
(relay)    9    11    24499.58    24    24395.65    3    1
(advertise)    8    24500.98    11    24
(relay)    15    21    24532.6    24    24509.14    5    1
(advertise)    8    24533.0    21    24
(relay)    15    37    24554.81    24    24480.9    1    1
(relay)    7    42    24577.41    24    24465.88    1    1
(relay)    15    18    24609.41    24    24534.17    1    1
(relay)    7    22    24614.81    24    24610.24    1    1
(relay)    9    28    24632.61    24    24487.0    1    1
(relay)    7    6    24673.81    25    24564    112    1
(advertise)    8    24674.01    6    25
(relay)    9    17    24700.42    24    24682.36    1    1
(relay)    15    15    24705.42    24    24704.32    5    1
(advertise)    8    24705.62    15    24
(relay)    9    12    24744.44    24    24684.08    3    1
(advertise)    8    24744.64    12    24
(relay)    7    36    24766.85    24    24730.61    1    1
(relay)    15    30    24807.45    24    24804.5    1    1
(relay)    7    43    24830.65    24    24820.76    1    1
(relay)    15    44    24854.45    24    24691.68    1    1
(relay)    7    29    24856.65    24    24834.59    1    1
(relay)    15    3    24896.45    24    24892.12    1    1
(relay)    9    16    24923.45    24    24922.4    3    1
(advertise)    8    24923.65    16    24
(relay)    1    1    24941.06    24    24940.52    7    1
(advertise)    8    24945.26    1    24
(relay)    9    23    25010.48    26    25009.26    1    1
(relay)    15    4    25158.68    25    25153.17    1    1
(relay)    9    20    25181.28    25    25159.2    1    1
(relay)    9    14    25204.48    25    25192.32    3    1
(advertise)    8    25204.68    14    25
(relay)    15    19    25227.69    25    25196.31    1    1
(relay)    9    13    25343.89    25    25339.04    1    1
(generate)    8    25346.49    [24]    25
(relay)    9    35    25364.9    25    25340.51    1    1
(relay)    9    9    25370.7    25    25370.62    5    1
(advertise)    8    25370.9    9    25
(relay)    9    2    25408.71    25    25389.39    5    1
(advertise)    8    25408.91    2    25
(relay)    9    10    25431.33    25    25409.15    3    1
(relay)    1    5    25431.93    25    25388.44    3    2
(advertise)    8    25432.13    10    25
(advertise)    8    25453.94    5    25
(relay)    7    7    25456.75    25    25456.74    7    1
(advertise)    8    25475.55    7    25
(relay)    1    11    25477.97    25    25395.66    1    1
(relay)    9    0    25498.97    26    25431    122    1
(advertise)    8    25500.37    0    26
(relay)    7    28    25501.78    25    25487.03    3    1
(advertise)    8    25523.38    28    25
(relay)    15    42    25545.59    25    25466.06    3    1
(advertise)    8    25545.99    42    25
(relay)    15    21    25569.81    25    25509.21    5    1
(advertise)    8    25570.61    21    25
(relay)    9    18    25591.42    25    25534.31    1    1
(relay)    15    37    25593.42    25    25482.28    1    1
(relay)    15    22    25614.82    25    25610.31    3    1
(advertise)    8    25615.02    22    25
(relay)    15    6    25658.83    26    25564    112    1
(advertise)    8    25659.03    6    26
(relay)    9    17    25701.84    25    25682.46    1    1
(relay)    15    15    25704.64    25    25704.5    5    1
(advertise)    8    25705.04    15    25
(relay)    7    36    25746.26    25    25730.66    1    1
(relay)    9    44    25751.86    25    25691.74    1    1
(relay)    15    30    25805.66    25    25804.61    1    1
(relay)    15    43    25830.06    25    25820.87    3    1
(advertise)    8    25830.26    43    25
(relay)    15    29    25851.87    25    25834.76    3    1
(advertise)    8    25852.67    29    25
(relay)    9    3    25900.68    25    25892.2    1    1
(relay)    15    16    25924.28    25    25922.57    3    1
(advertise)    8    25924.48    16    25
(relay)    1    1    25941.1    25    25940.6    7    1
(advertise)    8    25946.9    1    25
(relay)    15    23    26010.71    27    26009.34    1    1
(relay)    1    4    26155.51    26    26153.37    3    1
(advertise)    8    26155.71    4    26
(relay)    9    20    26180.52    26    26159.4    1    1
(relay)    15    14    26193.52    26    26192.35    5    1
(advertise)    8    26193.72    14    26
(relay)    9    19    26225.14    26    26196.5    1    1
(relay)    9    35    26343.54    26    26340.59    1    1
(generate)    8    26346.54    [24]    26
(relay)    9    9    26371.35    26    26370.79    5    1
(advertise)    8    26371.55    9    26
(relay)    9    2    26390.76    26    26389.41    5    1
(advertise)    8    26393.96    2    26
(relay)    9    10    26412.77    26    26409.19    3    1
(advertise)    8    26416.37    10    26
(relay)    9    5    26435.59    26    26388.46    3    1
(relay)    1    0    26438.99    27    26431    126    2
(advertise)    8    26440.19    5    26
(relay)    7    7    26457.4    26    26456.8    7    2
(advertise)    8    26462.0    0    27
(relay)    9    11    26482.81    26    26395.82    1    2
(advertise)    8    26483.01    7    26
(relay)    7    28    26499.23    26    26487.07    3    1
(advertise)    8    26505.43    28    26
(relay)    7    42    26543.04    26    26466.08    1    1
(relay)    15    21    26561.24    26    26509.28    5    1
(advertise)    8    26561.44    21    26
(relay)    9    18    26588.45    26    26534.48    1    1
(relay)    7    22    26611.65    26    26610.37    1    1
(relay)    9    6    26613.05    27    26564    118    1
(advertise)    8    26613.25    6    27
(relay)    9    17    26686.27    26    26682.56    1    1
(relay)    15    15    26704.67    26    26704.66    5    1
(advertise)    8    26704.87    15    26
(relay)    15    44    26707.08    26    26691.79    1    1
(relay)    15    12    26730.08    26    26684.21    1    1
(relay)    7    36    26743.28    26    26730.73    1    1
(relay)    15    43    26830.68    26    26820.98    3    1
(advertise)    8    26830.88    43    26
(relay)    15    29    26853.09    26    26834.77    3    1
(advertise)    8    26853.69    29    26
(relay)    9    3    26892.9    26    26892.27    3    1
(advertise)    8    26893.1    3    26
(relay)    7    16    26925.52    26    26922.69    1    1
(relay)    1    1    26941.72    26    26940.64    7    1
(advertise)    8    26941.92    1    26
(relay)    9    23    27011.33    28    27009.36    1    1
(relay)    15    4    27154.93    27    27153.39    1    1
(relay)    15    20    27180.73    27    27159.59    1    1
(relay)    7    14    27193.73    27    27192.38    5    1
(advertise)    8    27193.93    14    27
(relay)    9    19    27225.94    27    27196.51    1    1
(relay)    9    13    27341.34    27    27339.16    3    1
(advertise)    8    27341.54    13    27
(generate)    8    27346.56    [24]    27
(relay)    9    9    27371.57    27    27370.93    5    1
(advertise)    8    27371.77    9    27
(relay)    9    2    27391.18    27    27389.43    5    1
(advertise)    8    27392.78    2    27
(relay)    9    10    27413.6    27    27409.26    3    1
(advertise)    8    27415.0    10    27
(relay)    9    11    27435.01    27    27395.82    3    1
(relay)    7    0    27438.81    28    27431    126    2
(advertise)    8    27439.21    11    27
(relay)    9    5    27456.62    27    27388.47    3    2
(relay)    7    7    27457.42    27    27456.86    7    3
(advertise)    8    27461.82    0    28
(advertise)    8    27483.23    5    27
(advertise)    8    27505.65    7    27
(relay)    7    21    27529.66    27    27509.35    5    1
(advertise)    8    27529.86    21    27
(relay)    15    28    27536.07    27    27487.1    3    1
(relay)    7    42    27552.07    27    27467.08    1    2
(advertise)    8    27552.87    28    27
(relay)    9    37    27576.49    27    27482.5    1    1
(relay)    9    18    27596.89    27    27534.67    1    1
(relay)    7    22    27611.49    27    27610.46    1    1
(relay)    1    6    27615.69    28    27564    120    1
(advertise)    8    27615.89    6    28
(relay)    9    17    27685.1    27    27682.64    1    1
(relay)    15    15    27704.9    27    27704.85    5    1
(advertise)    8    27705.1    15    27
(relay)    15    30    27806.31    27    27804.94    1    1
(relay)    7    43    27831.11    27    27821.06    1    1
(relay)    7    29    27854.71    27    27834.8    1    1
(relay)    9    3    27893.11    27    27892.34    3    1
(advertise)    8    27893.31    3    27
(relay)    7    16    27925.53    27    27922.81    1    1
(relay)    1    1    27941.73    27    27940.66    7    1
(advertise)    8    27941.93    1    27
(relay)    9    4    28154.94    28    28153.39    3    1
(advertise)    8    28155.14    4    28
(relay)    9    20    28179.95    28    28159.62    1    1
(relay)    7    14    28193.75    28    28192.42    5    1
(advertise)    8    28193.95    14    28
(relay)    9    19    28225.96    28    28196.51    1    1
(relay)    9    13    28340.56    28    28339.23    3    1
(advertise)    8    28340.76    13    28
(generate)    8    28346.58    [24]    28
(relay)    15    35    28363.59    28    28340.74    3    1
(advertise)    8    28363.79    35    28
(relay)    9    9    28371.6    28    28371.06    5    1
(advertise)    8    28384.8    9    28
(heartbeat)    24    7    28361.48    8    28406.82    4    6
(advertise)    8    28408.62    24    7
(relay)    1    2    28428.63    28    28389.45    5    1
(advertise)    8    28430.63    2    28
(relay)    9    10    28451.24    28    28409.31    3    1
(advertise)    8    28451.64    10    28
(relay)    7    7    28457.46    28    28456.92    7    1
(relay)    7    0    28458.86    29    28431    126    2
(advertise)    8    28472.66    7    28
(advertise)    8    28495.27    0    29
(relay)    7    21    28510.28    28    28509.44    5    1
(advertise)    8    28516.88    21    28
(relay)    15    11    28519.09    28    28396.21    1    1
(relay)    7    28    28532.89    28    28487.14    3    1
(advertise)    8    28538.89    28    28
(relay)    15    5    28564.71    28    28388.48    1    1
(relay)    9    42    28584.11    28    28467.26    1    1
(relay)    9    6    28606.31    29    28564    122    1
(advertise)    8    28606.51    6    29
(relay)    15    37    28651.12    28    28482.67    1    1
(relay)    9    18    28651.92    28    28534.83    1    1
(relay)    9    17    28684.52    28    28682.67    1    1
(relay)    15    15    28705.12    28    28705.03    5    1
(advertise)    8    28705.32    15    28
(relay)    15    22    28718.73    28    28610.54    3    1
(advertise)    8    28727.13    22    28
(relay)    1    12    28750.55    28    28684.39    1    1
(relay)    15    44    28788.35    28    28692.48    1    1
(relay)    15    36    28811.95    28    28730.88    3    1
(advertise)    8    28812.15    36    28
(relay)    15    30    28834.56    28    28805.09    1    1
(relay)    7    43    28835.56    28    28821.13    1    1
(relay)    15    29    28877.56    28    28834.99    3    1
(advertise)    8    28877.76    29    28
(relay)    1    3    28901.17    28    28892.41    3    1
(advertise)    8    28903.17    3    28
(relay)    9    16    28925.39    28    28922.96    3    1
(advertise)    8    28925.79    16    28
(relay)    1    1    28941.8    28    28940.76    7    1
(advertise)    8    28948.4    1    28
(relay)    15    23    29012.61    30    29009.73    1    1
(relay)    9    4    29154.41    29    29153.42    3    1
(advertise)    8    29154.61    4    29
(relay)    9    20    29180.22    29    29159.65    1    1
(relay)    7    14    29194.22    29    29192.45    5    1
(advertise)    8    29194.42    14    29
(relay)    9    19    29223.84    29    29196.7    1    1
(relay)    9    13    29341.04    29    29339.33    3    1
(advertise)    8    29341.24    13    29
(relay)    15    35    29343.85    29    29340.86    3    1
(generate)    8    29346.65    [24]    29
(advertise)    8    29363.26    35    29
(relay)    9    9    29372.08    29    29371.06    5    1
(advertise)    8    29385.48    9    29
(relay)    9    2    29405.89    29    29389.5    5    1
(advertise)    8    29406.69    2    29
(relay)    9    10    29427.9    29    29409.39    3    1
(advertise)    8    29428.1    10    29
(relay)    1    0    29456.52    30    29431    126    1
(advertise)    8    29456.72    0    30
(relay)    1    11    29478.33    29    29396.22    1    1
(relay)    15    7    29501.73    29    29457.0    1    1
(relay)    7    28    29504.93    29    29487.18    3    1
(advertise)    8    29505.13    28    29
(relay)    7    21    29527.74    29    29509.53    5    1
(advertise)    8    29528.14    21    29
(relay)    7    42    29560.55    29    29467.28    1    1
(relay)    9    18    29567.75    29    29534.98    1    1
(relay)    15    37    29570.35    29    29482.84    1    1
(relay)    9    6    29611.75    30    29564    122    1
(advertise)    8    29611.95    6    30
(relay)    15    22    29634.17    29    29610.63    3    1
(advertise)    8    29635.57    22    29
(relay)    15    44    29704.78    29    29692.54    1    1
(relay)    15    15    29705.98    29    29705.46    5    1
(advertise)    8    29706.18    15    29
(relay)    1    12    29730.39    29    29684.45    1    1
(relay)    7    36    29744.99    29    29730.95    1    1
(relay)    15    30    29807.99    29    29805.23    1    1
(relay)    15    43    29834.39    29    29821.24    3    1
(advertise)    8    29834.59    43    29
(relay)    15    29    29855.61    29    29834.99    1    1
(relay)    9    3    29894.61    29    29892.49    3    1
(advertise)    8    29894.81    3    29
(relay)    9    16    29925.22    29    29923.09    3    1
(advertise)    8    29925.42    16    29
(relay)    1    1    29940.83    29    29940.81    7    1
(advertise)    8    29948.23    1    29
